[93mWARNING [0m:   DEPRECATED FEATURE: flwr.client.start_client() is deprecated.
	Instead, use the `flower-supernode` CLI command to start a SuperNode as shown below:

		$ flower-supernode --insecure --superlink='<IP>:<PORT>'

	To view all available options, run:

		$ flower-supernode --help

	Using `start_client()` is deprecated.

            This is a deprecated feature. It will be removed
            entirely in future versions of Flower.
        
[92mINFO [0m:      
[92mINFO [0m:      Received: train message a5fb7f90-af03-4c2f-9ced-e22a8d4a75a5
[92mINFO [0m:      Sent reply
[92mINFO [0m:      
[92mINFO [0m:      Received: evaluate message 83fb5d66-66e8-4a71-8364-0a5354da82d2
[92mINFO [0m:      Sent reply
[92mINFO [0m:      
[92mINFO [0m:      Received: train message 14729e8a-b098-49c0-b2dd-2a0e74714b39
[92mINFO [0m:      Sent reply
[92mINFO [0m:      
[92mINFO [0m:      Received: evaluate message a43b6c62-4682-4e53-a2ae-359d7ce774ef
[92mINFO [0m:      Sent reply
[92mINFO [0m:      
[92mINFO [0m:      Received: train message a5f5be91-e369-4e7f-9b89-e7415678ba96
[92mINFO [0m:      Sent reply
[92mINFO [0m:      
[92mINFO [0m:      Received: evaluate message fafc5cbc-81c3-4e88-a857-cfa3a6cea21f
[92mINFO [0m:      Sent reply
[92mINFO [0m:      
[92mINFO [0m:      Received: train message 49013764-da73-4436-b5ea-8fa67524f4c7
[92mINFO [0m:      Sent reply
[92mINFO [0m:      
[92mINFO [0m:      Received: evaluate message cbd33665-0b6e-4a43-bb95-020e757c4337
[92mINFO [0m:      Sent reply
[92mINFO [0m:      
[92mINFO [0m:      Received: evaluate message 5548ece3-9c8b-413e-9fc1-6de4869fe6c0
[92mINFO [0m:      Sent reply
[92mINFO [0m:      
[92mINFO [0m:      Received: train message 589c7b20-f4b9-4e07-a133-a3cf499edde3
[92mINFO [0m:      Sent reply
[92mINFO [0m:      
[92mINFO [0m:      Received: evaluate message ec99da28-3bad-42e9-8243-c0a453771ad2
[92mINFO [0m:      Sent reply
[92mINFO [0m:      
[92mINFO [0m:      Received: train message 6b41bb2d-08e4-4429-b113-244b806ac581
[92mINFO [0m:      Sent reply
[92mINFO [0m:      
[92mINFO [0m:      Received: evaluate message 53f2af92-f680-41cb-a7f8-e5ddc2174c6b
[92mINFO [0m:      Sent reply
[92mINFO [0m:      
[92mINFO [0m:      Received: evaluate message 55384c8a-bf0d-492f-8bbc-8e1c40770fa4
[92mINFO [0m:      Sent reply
[92mINFO [0m:      
[92mINFO [0m:      Received: evaluate message 7ba8d9a4-a03c-425c-98cb-be59e2356da7
[92mINFO [0m:      Sent reply
[92mINFO [0m:      
[92mINFO [0m:      Received: evaluate message 95373e9a-2427-4deb-bbe8-b813558d4604
[92mINFO [0m:      Sent reply
[92mINFO [0m:      
[92mINFO [0m:      Received: train message 539ed84a-3c84-4e0a-b824-db235a8f944e
[92mINFO [0m:      Sent reply
[92mINFO [0m:      
[92mINFO [0m:      Received: evaluate message 0cbf44ae-08f4-4c69-8877-e5f766511b7a
[92mINFO [0m:      Sent reply
[92mINFO [0m:      
[92mINFO [0m:      Received: train message 84e1a0eb-5181-428a-a312-bf551f3ccca0
[92mINFO [0m:      Sent reply
[92mINFO [0m:      
[92mINFO [0m:      Received: train message 70aeb591-63ee-4d8f-b5c3-0afe9bdb5154
[92mINFO [0m:      Sent reply
[92mINFO [0m:      
[92mINFO [0m:      Received: train message 1903e3d3-5ba4-4cb3-b4ee-c9b72ee9601f
[92mINFO [0m:      Sent reply
[92mINFO [0m:      
[92mINFO [0m:      Received: evaluate message 55cf8c21-d8b7-4ee0-937c-331f1bb36d98
[92mINFO [0m:      Sent reply
[92mINFO [0m:      
[92mINFO [0m:      Received: evaluate message 78034eb1-80e1-4842-80c1-d6fd90894e6f
[92mINFO [0m:      Sent reply
[92mINFO [0m:      
[92mINFO [0m:      Received: train message e976d439-fac9-4acb-93e4-46004bc2c9fb
[92mINFO [0m:      Sent reply
[92mINFO [0m:      
[92mINFO [0m:      Received: evaluate message c5380d6b-0524-4970-a2b0-c6d37168df9e
[92mINFO [0m:      Sent reply
[92mINFO [0m:      
[92mINFO [0m:      Received: train message 4b28b935-5e2b-40f0-9b9a-fb50d9a1fe88
[92mINFO [0m:      Sent reply
[92mINFO [0m:      
[92mINFO [0m:      Received: evaluate message 3c12653e-d87c-4a49-9237-7b42ae1aac76
[92mINFO [0m:      Sent reply
[92mINFO [0m:      
[92mINFO [0m:      Received: train message f26cf24d-594b-4a41-9b02-55ef2b087ad4
[92mINFO [0m:      Sent reply
[92mINFO [0m:      
[92mINFO [0m:      Received: evaluate message b1f5ce24-45bd-495c-89a8-0e4ef69a7b70
[92mINFO [0m:      Sent reply
[92mINFO [0m:      
[92mINFO [0m:      Received: train message b1abfaa6-2eba-446f-844d-5e7b1108c685
[92mINFO [0m:      Sent reply
[92mINFO [0m:      
[92mINFO [0m:      Received: evaluate message 508f0940-991d-4ba5-8764-146fdfe826ee
[92mINFO [0m:      Sent reply
[92mINFO [0m:      
[92mINFO [0m:      Received: train message a6d08fbb-3f1f-4930-9011-11e2415ceed6
[92mINFO [0m:      Sent reply
[92mINFO [0m:      
[92mINFO [0m:      Received: evaluate message 5c7479ba-cf38-4cb1-ae97-76aa95dfa480
[92mINFO [0m:      Sent reply
[92mINFO [0m:      
[92mINFO [0m:      Received: train message 5da9e0d1-3023-4198-b926-7679f55fc669
[92mINFO [0m:      Sent reply
[92mINFO [0m:      
[92mINFO [0m:      Received: evaluate message dfe0d416-188b-4ba7-8671-27229d32297f
[92mINFO [0m:      Sent reply
[92mINFO [0m:      
[92mINFO [0m:      Received: train message 4d5d36da-988f-4c1c-b11a-148af17702e1
[92mINFO [0m:      Sent reply
[92mINFO [0m:      
[92mINFO [0m:      Received: evaluate message bf96e99b-ecde-4c1d-abe5-d00c963ace95
[92mINFO [0m:      Sent reply
[92mINFO [0m:      
[92mINFO [0m:      Received: train message e475e45c-e3fc-4994-9e63-8c2beb6fdb0c
[92mINFO [0m:      Sent reply
[92mINFO [0m:      
[92mINFO [0m:      Received: evaluate message 2a38e472-26dd-48ad-b908-17bffc552628
[92mINFO [0m:      Sent reply
[92mINFO [0m:      
[92mINFO [0m:      Received: train message 3e1105b1-0a77-4ac0-a8d5-075d8d14efc1
[92mINFO [0m:      Sent reply
[92mINFO [0m:      
[92mINFO [0m:      Received: train message 4c6415a8-6eb0-4c93-a40b-07adbfa1005e
[92mINFO [0m:      Sent reply
[92mINFO [0m:      
[92mINFO [0m:      Received: evaluate message 6aa1720c-71d2-4a1a-afc9-dee9d5b08ef1
[92mINFO [0m:      Sent reply
[92mINFO [0m:      
[92mINFO [0m:      Received: train message c85febd7-1632-4eed-a144-90ec7ee764f2
[92mINFO [0m:      Sent reply
[92mINFO [0m:      
[92mINFO [0m:      Received: evaluate message fd7c266c-4e20-4b1d-9f3d-c300186fe2d1
[92mINFO [0m:      Sent reply
[92mINFO [0m:      
[92mINFO [0m:      Received: train message bcc3258b-3ada-42aa-abe6-1202583a5127
[92mINFO [0m:      Sent reply
[92mINFO [0m:      
[92mINFO [0m:      Received: evaluate message 961fb0c9-2eee-4056-b950-3ce06ca56f0d
[92mINFO [0m:      Sent reply
[92mINFO [0m:      
[92mINFO [0m:      Received: train message 819721b3-6656-472f-90a2-4d60360d4412
[92mINFO [0m:      Sent reply
[92mINFO [0m:      
[92mINFO [0m:      Received: evaluate message 7055973d-e9a7-4eae-b444-bc87554f2069
[92mINFO [0m:      Sent reply
[92mINFO [0m:      
[92mINFO [0m:      Received: train message 727512fb-0f3e-4cf8-ab66-fba6025af56c
[92mINFO [0m:      Sent reply
[92mINFO [0m:      
[92mINFO [0m:      Received: evaluate message 750c6a5d-4403-45e0-82ed-0315b3d9a433
[92mINFO [0m:      Sent reply
[92mINFO [0m:      
[92mINFO [0m:      Received: train message 8097c48b-9e20-44dc-9891-3b9503cc3e22
[92mINFO [0m:      Sent reply
[92mINFO [0m:      
[92mINFO [0m:      Received: evaluate message b9f99808-2718-43c1-b201-236332730494
[92mINFO [0m:      Sent reply
[92mINFO [0m:      
[92mINFO [0m:      Received: evaluate message 5862f971-fbdb-4ea6-b7b4-1ec676dc00db
[92mINFO [0m:      Sent reply
[92mINFO [0m:      
[92mINFO [0m:      Received: evaluate message 8380fd57-d0ce-4857-b7e3-2a751a8eeb5d
[92mINFO [0m:      Sent reply
[92mINFO [0m:      
[92mINFO [0m:      Received: evaluate message 7b8d942f-ee89-40ec-8783-1570b24779df
[92mINFO [0m:      Sent reply
[92mINFO [0m:      
[92mINFO [0m:      Received: train message 95915268-bd67-484b-9e5b-318e438225f3
[92mINFO [0m:      Sent reply
[92mINFO [0m:      
[92mINFO [0m:      Received: evaluate message 83a4d959-b458-4636-a159-186636840a7d
[92mINFO [0m:      Sent reply
[92mINFO [0m:      
[92mINFO [0m:      Received: train message 78418f44-91b4-4e57-b6bf-e630e370b869
[92mINFO [0m:      Sent reply
[92mINFO [0m:      
[92mINFO [0m:      Received: train message f13bccb9-d088-47df-b938-85e7bc20a803
[92mINFO [0m:      Sent reply
[92mINFO [0m:      
[92mINFO [0m:      Received: evaluate message 3890dd7d-2cac-4011-9b97-4adffc90d13a
[92mINFO [0m:      Sent reply
[92mINFO [0m:      
[92mINFO [0m:      Received: train message 0bc1dfc0-aaf4-4242-ab11-ba679c027a63
[92mINFO [0m:      Sent reply
[92mINFO [0m:      
[92mINFO [0m:      Received: evaluate message f7538912-ef16-4739-8ae9-ab7f4ce05712
[92mINFO [0m:      Sent reply
[92mINFO [0m:      
[92mINFO [0m:      Received: evaluate message 42045547-86e9-418a-925b-22f13cff95a8
[92mINFO [0m:      Sent reply
[92mINFO [0m:      
[92mINFO [0m:      Received: evaluate message b4b9a3f7-4d7f-440f-853b-3dc46708c4bd
[92mINFO [0m:      Sent reply
[92mINFO [0m:      
[92mINFO [0m:      Received: train message 4c09fc79-9081-4500-8982-3913dc2d5f31
[92mINFO [0m:      Sent reply
[92mINFO [0m:      
[92mINFO [0m:      Received: evaluate message d8891249-0286-4048-814d-a0618aff37ba
[92mINFO [0m:      Sent reply
[92mINFO [0m:      
[92mINFO [0m:      Received: evaluate message c823a0fe-ac38-4559-b085-fdc0832aed2a
[92mINFO [0m:      Sent reply
[92mINFO [0m:      
[92mINFO [0m:      Received: train message 4aea4c16-111d-44e2-8916-9681dcf95a62
[92mINFO [0m:      Sent reply
[92mINFO [0m:      
[92mINFO [0m:      Received: evaluate message c146a278-d063-431a-af19-b3ca30f9fce3
[92mINFO [0m:      Sent reply
[92mINFO [0m:      
[92mINFO [0m:      Received: train message bbc6cad0-ea34-4536-b7c6-2035c652ef60
[92mINFO [0m:      Sent reply
[92mINFO [0m:      
[92mINFO [0m:      Received: evaluate message 46846dcd-8c76-4d33-81c7-942207142fa2
[92mINFO [0m:      Sent reply
[92mINFO [0m:      
[92mINFO [0m:      Received: train message 0b23a8cb-fd8f-4435-a0d6-42d289935e75
[92mINFO [0m:      Sent reply
[92mINFO [0m:      
[92mINFO [0m:      Received: train message fdb4ab0d-98c3-46c4-a8ff-5f635c33522d
[92mINFO [0m:      Sent reply
[92mINFO [0m:      
[92mINFO [0m:      Received: train message eed398a4-70b0-453d-b547-74078c7268c1
[92mINFO [0m:      Sent reply
[92mINFO [0m:      
[92mINFO [0m:      Received: evaluate message 390ba76d-2720-4b37-bf92-103bdb8ad78b
[92mINFO [0m:      Sent reply
[92mINFO [0m:      
[92mINFO [0m:      Received: train message a2f8f88d-9e32-458d-aefc-39e630ea53e5
[92mINFO [0m:      Sent reply
[92mINFO [0m:      
[92mINFO [0m:      Received: train message e9bd285d-e456-447e-8133-983268ed556a
[92mINFO [0m:      Sent reply
[92mINFO [0m:      
[92mINFO [0m:      Received: evaluate message 35c6d6b5-7a1d-4faa-b59f-bf8899d63497
[92mINFO [0m:      Sent reply
[92mINFO [0m:      
[92mINFO [0m:      Received: train message a6e1e573-0fa2-48bc-9a23-7cb29a08a227
[92mINFO [0m:      Sent reply
[92mINFO [0m:      
[92mINFO [0m:      Received: evaluate message 480fca3f-fdc6-4f22-89a6-9e539d689540
[92mINFO [0m:      Sent reply
[92mINFO [0m:      
[92mINFO [0m:      Received: train message eb9f53dc-1b3c-4f21-ae43-23249365046e
[92mINFO [0m:      Sent reply
[92mINFO [0m:      
[92mINFO [0m:      Received: evaluate message bacbb670-aab5-411d-a3fc-5bd9fb379f08
[92mINFO [0m:      Sent reply
[92mINFO [0m:      
[92mINFO [0m:      Received: evaluate message 3f24f1fc-5ac9-4fdd-8a46-7b2ba2eae957
[92mINFO [0m:      Sent reply
[92mINFO [0m:      
[92mINFO [0m:      Received: train message 2f6418ab-8f00-438e-ae17-4dd1d78d4a5f
[92mINFO [0m:      Sent reply
[92mINFO [0m:      
[92mINFO [0m:      Received: evaluate message 55f85f0d-d568-4069-90f4-d9db529ada37
[92mINFO [0m:      Sent reply
[92mINFO [0m:      
[92mINFO [0m:      Received: evaluate message 44fe5499-67c6-4ee8-b53c-f5d4665b1b39
[92mINFO [0m:      Sent reply
[92mINFO [0m:      
[92mINFO [0m:      Received: train message f48107b7-00cd-4859-b1e9-8143d1da732d
[92mINFO [0m:      Sent reply
[92mINFO [0m:      
[92mINFO [0m:      Received: evaluate message 22eb0496-bc90-4d05-b3fe-7ec4c69b701c
[92mINFO [0m:      Sent reply
[92mINFO [0m:      
[92mINFO [0m:      Received: evaluate message 9e97e6a3-399a-4ad9-b430-9a56aac83392
[92mINFO [0m:      Sent reply
[92mINFO [0m:      
[92mINFO [0m:      Received: train message cacd34cc-8710-4d55-b4e1-8976072240eb
[92mINFO [0m:      Sent reply
[92mINFO [0m:      
[92mINFO [0m:      Received: evaluate message 9de8a66d-5139-46ab-b944-8cdd6ae707d4
[92mINFO [0m:      Sent reply
[92mINFO [0m:      
[92mINFO [0m:      Received: train message 02b2c8bc-62d3-452b-8c5b-4e38551df597
[92mINFO [0m:      Sent reply
[92mINFO [0m:      
[92mINFO [0m:      Received: evaluate message 2642a846-cdda-4cd3-a70f-ff48d548f0fd
[92mINFO [0m:      Sent reply
[92mINFO [0m:      
[92mINFO [0m:      Received: train message 28c13775-f467-4d19-ac34-8b945b174cc0
[92mINFO [0m:      Sent reply
[92mINFO [0m:      
[92mINFO [0m:      Received: evaluate message 24010629-f2c9-47ca-8fb2-56b38d834e4f
[92mINFO [0m:      Sent reply
[92mINFO [0m:      
[92mINFO [0m:      Received: train message 16011732-5c87-47ec-b34f-bdefeb1bd0bb
[92mINFO [0m:      Sent reply
[92mINFO [0m:      
[92mINFO [0m:      Received: evaluate message b535519c-da55-4812-859f-078151641254
[92mINFO [0m:      Sent reply
[92mINFO [0m:      
[92mINFO [0m:      Received: evaluate message 2f041bc5-f03d-4c1b-ad6c-31bea792fdc3
[92mINFO [0m:      Sent reply
[92mINFO [0m:      
[92mINFO [0m:      Received: evaluate message 1fed1713-7ae2-402e-9b98-0602d321f6fa
[92mINFO [0m:      Sent reply
[92mINFO [0m:      
[92mINFO [0m:      Received: train message d567f6e9-5f92-49be-91ec-59766f6061a9
[92mINFO [0m:      Sent reply
[92mINFO [0m:      
[92mINFO [0m:      Received: evaluate message 4bca530c-7d55-428f-bdd5-74f9f3ef5c13
[92mINFO [0m:      Sent reply
[92mINFO [0m:      
[92mINFO [0m:      Received: train message a9797dd4-9622-4aa7-bc55-c00b44c87c22
[92mINFO [0m:      Sent reply
[92mINFO [0m:      
[92mINFO [0m:      Received: train message a1031dce-7894-4c3b-9309-c7fa7c491993
[92mINFO [0m:      Sent reply
[92mINFO [0m:      
[92mINFO [0m:      Received: evaluate message 4cda83e2-1339-406b-89c2-a33e179dd692
[92mINFO [0m:      Sent reply
[92mINFO [0m:      
[92mINFO [0m:      Received: evaluate message f201ac03-269a-40ea-86b6-ac1d1aae6d5a
[92mINFO [0m:      Sent reply
[92mINFO [0m:      
[92mINFO [0m:      Received: train message 09be90e8-0825-4fe1-a045-e921c0ddca5c
[92mINFO [0m:      Sent reply
[92mINFO [0m:      
[92mINFO [0m:      Received: train message 674af799-abc6-40f0-aa29-e332309d2500
[92mINFO [0m:      Sent reply
[92mINFO [0m:      
[92mINFO [0m:      Received: train message c11caef6-b660-49e1-8d6e-3efcb0d35fc0
[92mINFO [0m:      Sent reply
[92mINFO [0m:      
[92mINFO [0m:      Received: evaluate message 0f50dc93-ac48-4882-a8fc-ef32d0ea400c
[92mINFO [0m:      Sent reply
[92mINFO [0m:      
[92mINFO [0m:      Received: train message 9c83b0f3-627c-47bf-bc1a-5a27d8fb94c2
[92mINFO [0m:      Sent reply
[92mINFO [0m:      
[92mINFO [0m:      Received: train message b27b88cb-6e0a-4739-88be-d0134da6acb3
[92mINFO [0m:      Sent reply
[92mINFO [0m:      
[92mINFO [0m:      Received: evaluate message 9ba94172-1d89-45c6-90f1-85c41ce563b3
[92mINFO [0m:      Sent reply
[92mINFO [0m:      
[92mINFO [0m:      Received: evaluate message 0dc51bc5-c924-4a4a-8a1d-622380497449
[92mINFO [0m:      Sent reply
[92mINFO [0m:      
[92mINFO [0m:      Received: train message b0b3da24-8001-4c3f-b2cb-08cc85903bb6
[92mINFO [0m:      Sent reply
[92mINFO [0m:      
[92mINFO [0m:      Received: evaluate message 4fc29162-8253-4de0-8e60-56703fe5d313
[92mINFO [0m:      Sent reply
[92mINFO [0m:      
[92mINFO [0m:      Received: evaluate message 3032c1b2-c848-46ab-9f10-b0dfc1296c87
[92mINFO [0m:      Sent reply
[92mINFO [0m:      
[92mINFO [0m:      Received: train message b016af1b-e8b4-4e8d-9499-0791c7c8cce9
[92mINFO [0m:      Sent reply
[92mINFO [0m:      
[92mINFO [0m:      Received: evaluate message c2784380-0f08-492f-88f9-52640807928c
[92mINFO [0m:      Sent reply
[92mINFO [0m:      
[92mINFO [0m:      Received: evaluate message 1106d38c-d35d-41a2-8273-c596d223c416
[92mINFO [0m:      Sent reply
[92mINFO [0m:      
[92mINFO [0m:      Received: evaluate message ce5cf65d-57e8-4f4b-9c0f-b7171423b574
[92mINFO [0m:      Sent reply
[92mINFO [0m:      
[92mINFO [0m:      Received: train message 0937d4de-8d3d-4feb-925e-b199bb22e5ee
[92mINFO [0m:      Sent reply
[92mINFO [0m:      
[92mINFO [0m:      Received: train message 4e213152-f47a-4946-a2d3-bd4537fb28d5
[92mINFO [0m:      Sent reply
[92mINFO [0m:      
[92mINFO [0m:      Received: train message 3c160e0b-c94d-4e20-bc0f-624b508b5df6
[92mINFO [0m:      Sent reply
[92mINFO [0m:      
[92mINFO [0m:      Received: evaluate message 2ba95899-3a63-4e77-a087-c26cffc9f194
[92mINFO [0m:      Sent reply
[92mINFO [0m:      
[92mINFO [0m:      Received: train message e877c3dc-26ef-4157-8341-a7b9549ec74b
[92mINFO [0m:      Sent reply
[92mINFO [0m:      
[92mINFO [0m:      Received: train message f8825388-3759-451f-8066-749a13263ee8
[92mINFO [0m:      Sent reply
[92mINFO [0m:      
[92mINFO [0m:      Received: train message 0e9b2f9f-d9fd-4aa1-880d-61fa81527a07
[92mINFO [0m:      Sent reply
[92mINFO [0m:      
[92mINFO [0m:      Received: train message f0763ce7-25f9-4b0f-93c0-6b701c15111c
[92mINFO [0m:      Sent reply
[92mINFO [0m:      
[92mINFO [0m:      Received: evaluate message 5055aadf-640b-4cae-a3b8-d78e7ce16a2e
[92mINFO [0m:      Sent reply
[92mINFO [0m:      
[92mINFO [0m:      Received: reconnect message d28da265-737e-4736-b7e3-e8767d97a5dd
[92mINFO [0m:      Disconnect and shut down
