[93mWARNING [0m:   DEPRECATED FEATURE: flwr.client.start_client() is deprecated.
	Instead, use the `flower-supernode` CLI command to start a SuperNode as shown below:

		$ flower-supernode --insecure --superlink='<IP>:<PORT>'

	To view all available options, run:

		$ flower-supernode --help

	Using `start_client()` is deprecated.

            This is a deprecated feature. It will be removed
            entirely in future versions of Flower.
        
[92mINFO [0m:      
[92mINFO [0m:      Received: evaluate message 1db7dd4e-7bfd-47e5-920f-205c81148720
[92mINFO [0m:      Sent reply
[92mINFO [0m:      
[92mINFO [0m:      Received: evaluate message 42f429ce-e5ef-44f6-b890-0732a4ed4b10
[92mINFO [0m:      Sent reply
[92mINFO [0m:      
[92mINFO [0m:      Received: evaluate message bad54759-d592-4119-8e0c-ee9189b3dce3
[92mINFO [0m:      Sent reply
[92mINFO [0m:      
[92mINFO [0m:      Received: evaluate message f6d43ef1-d3ed-4245-8bef-532f2db2e58a
[92mINFO [0m:      Sent reply
[92mINFO [0m:      
[92mINFO [0m:      Received: train message 956f6b36-675b-4ca7-9ae0-f2e88164175c
[92mINFO [0m:      Sent reply
[92mINFO [0m:      
[92mINFO [0m:      Received: evaluate message 432c6efc-76de-4504-ab30-455507823990
[92mINFO [0m:      Sent reply
[92mINFO [0m:      
[92mINFO [0m:      Received: train message 02a4ddf9-5bb2-415c-b9fe-f07f36d3c79e
[92mINFO [0m:      Sent reply
[92mINFO [0m:      
[92mINFO [0m:      Received: train message 4661eeb5-ba45-46be-9dd9-6381c2a7273b
[92mINFO [0m:      Sent reply
[92mINFO [0m:      
[92mINFO [0m:      Received: train message b7fc7c49-533b-467f-af8b-5376cf0de8e0
[92mINFO [0m:      Sent reply
[92mINFO [0m:      
[92mINFO [0m:      Received: evaluate message caa4d7ab-f577-4f99-b23b-a712b34e6ecf
[92mINFO [0m:      Sent reply
[92mINFO [0m:      
[92mINFO [0m:      Received: evaluate message c38ab847-d1e1-416c-8f17-78da3cce02ca
[92mINFO [0m:      Sent reply
[92mINFO [0m:      
[92mINFO [0m:      Received: train message a192485c-428e-4cb2-ac08-cfa7c80a1852
[92mINFO [0m:      Sent reply
[92mINFO [0m:      
[92mINFO [0m:      Received: evaluate message 4c50b157-2496-4ab5-af27-dd1b0436d210
[92mINFO [0m:      Sent reply
[92mINFO [0m:      
[92mINFO [0m:      Received: evaluate message 05a26796-1de0-4d49-a72c-21fe5e92e366
[92mINFO [0m:      Sent reply
[92mINFO [0m:      
[92mINFO [0m:      Received: train message 059a8163-c8b7-4bb8-a126-976d99784009
[92mINFO [0m:      Sent reply
[92mINFO [0m:      
[92mINFO [0m:      Received: evaluate message 8273d66a-fd00-4f73-b112-659e1d0a8b61
[92mINFO [0m:      Sent reply
[92mINFO [0m:      
[92mINFO [0m:      Received: train message 192cc77b-c60c-4ee0-b81b-6e8d07343aed
[92mINFO [0m:      Sent reply
[92mINFO [0m:      
[92mINFO [0m:      Received: evaluate message 248d848c-eda1-4b29-a3ab-33d8c919cfd8
[92mINFO [0m:      Sent reply
[92mINFO [0m:      
[92mINFO [0m:      Received: evaluate message d958ee88-b31e-4094-832c-739f2c27261d
[92mINFO [0m:      Sent reply
[92mINFO [0m:      
[92mINFO [0m:      Received: train message d6e6c595-69df-4467-8d7c-e45980739faf
[92mINFO [0m:      Sent reply
[92mINFO [0m:      
[92mINFO [0m:      Received: train message 35aaf33c-3b20-4c74-b095-8a64487f45a8
[92mINFO [0m:      Sent reply
[92mINFO [0m:      
[92mINFO [0m:      Received: evaluate message 6b1a5f0d-6900-470b-ae5c-ab9b436ce18a
[92mINFO [0m:      Sent reply
[92mINFO [0m:      
[92mINFO [0m:      Received: train message 98dfd40a-65b1-420a-8712-da8cff9ffc43
[92mINFO [0m:      Sent reply
[92mINFO [0m:      
[92mINFO [0m:      Received: evaluate message 2d2e282a-6ad0-4168-a088-1a994d0bbf92
[92mINFO [0m:      Sent reply
[92mINFO [0m:      
[92mINFO [0m:      Received: train message 0e84ef5b-d499-464b-b307-35f6368c3ad9
[92mINFO [0m:      Sent reply
[92mINFO [0m:      
[92mINFO [0m:      Received: evaluate message 3ab625e0-bdfe-4692-a0f1-1a9337cbbf60
[92mINFO [0m:      Sent reply
[92mINFO [0m:      
[92mINFO [0m:      Received: train message 1d3539a2-beeb-40fe-8700-5c7fb06a5986
[92mINFO [0m:      Sent reply
[92mINFO [0m:      
[92mINFO [0m:      Received: train message 8f6a3446-bfdb-4729-bd75-9d6aca195436
[92mINFO [0m:      Sent reply
[92mINFO [0m:      
[92mINFO [0m:      Received: evaluate message 75d832ea-3129-4b84-a0cc-af7d77c5243d
[92mINFO [0m:      Sent reply
[92mINFO [0m:      
[92mINFO [0m:      Received: evaluate message 896eddf4-4bfc-4837-8dca-6e8ca1542cd4
[92mINFO [0m:      Sent reply
[92mINFO [0m:      
[92mINFO [0m:      Received: train message f1be921b-8150-40a2-8129-3bb136cbf90f
[92mINFO [0m:      Sent reply
[92mINFO [0m:      
[92mINFO [0m:      Received: evaluate message b2f02fe7-2ea7-41b9-ac69-eb70d6b93f4e
[92mINFO [0m:      Sent reply
[92mINFO [0m:      
[92mINFO [0m:      Received: train message d3ae6d91-a1f6-4d45-a0d7-c4f80113b177
[92mINFO [0m:      Sent reply
[92mINFO [0m:      
[92mINFO [0m:      Received: evaluate message 3bc9b92c-e274-4b12-9c92-506320995826
[92mINFO [0m:      Sent reply
[92mINFO [0m:      
[92mINFO [0m:      Received: train message 2d9a6de7-be5e-4d13-a3b9-68c4cc376c6d
[92mINFO [0m:      Sent reply
[92mINFO [0m:      
[92mINFO [0m:      Received: train message 834aa292-7841-4ee9-a71a-e7aebc214722
[92mINFO [0m:      Sent reply
[92mINFO [0m:      
[92mINFO [0m:      Received: train message 70f7bd30-3c98-4e5e-9ae7-582293618a6a
[92mINFO [0m:      Sent reply
[92mINFO [0m:      
[92mINFO [0m:      Received: train message a2cc67d9-a9d7-4464-876e-b9af8a7fe14c
[92mINFO [0m:      Sent reply
[92mINFO [0m:      
[92mINFO [0m:      Received: evaluate message 869c6181-a09c-42f3-8f65-66422c353304
[92mINFO [0m:      Sent reply
[92mINFO [0m:      
[92mINFO [0m:      Received: train message e739ab6a-9941-4676-b999-2fbfd41cb655
[92mINFO [0m:      Sent reply
[92mINFO [0m:      
[92mINFO [0m:      Received: train message b77d61dd-5736-48b4-bda2-988dd7eb428a
[92mINFO [0m:      Sent reply
[92mINFO [0m:      
[92mINFO [0m:      Received: evaluate message df994113-8bff-4f97-b441-0e16b39555d5
[92mINFO [0m:      Sent reply
[92mINFO [0m:      
[92mINFO [0m:      Received: train message 2ea94248-27b1-471b-a1a7-0d4db1ec4343
[92mINFO [0m:      Sent reply
[92mINFO [0m:      
[92mINFO [0m:      Received: evaluate message b06d9e15-f3ae-4ce9-acd3-4a0f9310579f
[92mINFO [0m:      Sent reply
[92mINFO [0m:      
[92mINFO [0m:      Received: train message 9f3b1c6c-114c-4407-82fc-8957c73c3e18
[92mINFO [0m:      Sent reply
[92mINFO [0m:      
[92mINFO [0m:      Received: evaluate message 1cc1337c-d478-4a6f-a2ff-af29b6c79fd0
[92mINFO [0m:      Sent reply
[92mINFO [0m:      
[92mINFO [0m:      Received: evaluate message e88ded37-2325-4070-a430-b7b43d99a5f3
[92mINFO [0m:      Sent reply
[92mINFO [0m:      
[92mINFO [0m:      Received: evaluate message 271a2106-962a-4b83-b3e3-a8249db5b948
[92mINFO [0m:      Sent reply
[92mINFO [0m:      
[92mINFO [0m:      Received: evaluate message c2a975b4-072e-42f5-afbc-cfd097358365
[92mINFO [0m:      Sent reply
[92mINFO [0m:      
[92mINFO [0m:      Received: train message 2ccd248f-3b7c-4756-a6af-2f4c1d0e9ec9
[92mINFO [0m:      Sent reply
[92mINFO [0m:      
[92mINFO [0m:      Received: train message 030b76bb-034b-42ea-bb1c-cc01c1f2a747
[92mINFO [0m:      Sent reply
[92mINFO [0m:      
[92mINFO [0m:      Received: train message aa213301-15f3-4522-9926-a45991c1f6a8
[92mINFO [0m:      Sent reply
[92mINFO [0m:      
[92mINFO [0m:      Received: train message 5fdb4344-b7ee-4ec9-bd35-36ddd8f91e98
[92mINFO [0m:      Sent reply
[92mINFO [0m:      
[92mINFO [0m:      Received: evaluate message cc3edf52-2a34-42fa-a1ac-50f7c7ddc417
[92mINFO [0m:      Sent reply
[92mINFO [0m:      
[92mINFO [0m:      Received: evaluate message 3dd2983c-d246-434e-a9f1-d864338ffdee
[92mINFO [0m:      Sent reply
[92mINFO [0m:      
[92mINFO [0m:      Received: evaluate message 214771de-13e5-4b22-b4f6-d03e4d17c527
[92mINFO [0m:      Sent reply
[92mINFO [0m:      
[92mINFO [0m:      Received: evaluate message 0fb3ff48-3264-4397-a821-aaf7346a4cc0
[92mINFO [0m:      Sent reply
[92mINFO [0m:      
[92mINFO [0m:      Received: train message 688a281c-2099-4111-858a-5a3aa0ee9d80
[92mINFO [0m:      Sent reply
[92mINFO [0m:      
[92mINFO [0m:      Received: evaluate message 92317cef-406a-485d-a754-0bc34adcdc12
[92mINFO [0m:      Sent reply
[92mINFO [0m:      
[92mINFO [0m:      Received: evaluate message f31bb95e-bcc0-4fb3-9163-dc0ff8263681
[92mINFO [0m:      Sent reply
[92mINFO [0m:      
[92mINFO [0m:      Received: evaluate message 5f98efbb-6c6d-451c-9d95-3df9bbc1c5d2
[92mINFO [0m:      Sent reply
[92mINFO [0m:      
[92mINFO [0m:      Received: train message 44935783-3b3c-4f5c-ab3a-a2f4e430fa8e
[92mINFO [0m:      Sent reply
[92mINFO [0m:      
[92mINFO [0m:      Received: evaluate message f3de402d-24b0-4a53-b5da-e5c8870864f0
[92mINFO [0m:      Sent reply
[92mINFO [0m:      
[92mINFO [0m:      Received: evaluate message 42b7cc87-26ef-4f4d-86dc-a8da3a430248
[92mINFO [0m:      Sent reply
[92mINFO [0m:      
[92mINFO [0m:      Received: train message 26656c13-1986-408b-a265-66228c224491
[92mINFO [0m:      Sent reply
[92mINFO [0m:      
[92mINFO [0m:      Received: train message a6119395-7d15-496d-923a-2aa11885e871
[92mINFO [0m:      Sent reply
[92mINFO [0m:      
[92mINFO [0m:      Received: evaluate message 91d67328-5e7f-4596-aa66-f6eb89e20dec
[92mINFO [0m:      Sent reply
[92mINFO [0m:      
[92mINFO [0m:      Received: train message 2a8d606b-93b6-4b22-bb58-906451ad6e96
[92mINFO [0m:      Sent reply
[92mINFO [0m:      
[92mINFO [0m:      Received: train message 9dbba7ce-6ac7-4928-8de1-64190454e7dc
[92mINFO [0m:      Sent reply
[92mINFO [0m:      
[92mINFO [0m:      Received: evaluate message ad64a791-6371-4f4f-8e21-c740e7cc6e0d
[92mINFO [0m:      Sent reply
[92mINFO [0m:      
[92mINFO [0m:      Received: evaluate message cc29d95c-b302-4901-b7cc-74fe3bf15414
[92mINFO [0m:      Sent reply
[92mINFO [0m:      
[92mINFO [0m:      Received: evaluate message 4e185a32-6676-4552-8ada-d0390e76719a
[92mINFO [0m:      Sent reply
[92mINFO [0m:      
[92mINFO [0m:      Received: train message 87791880-f7ed-4890-8645-aa426c9d089d
[92mINFO [0m:      Sent reply
[92mINFO [0m:      
[92mINFO [0m:      Received: evaluate message 2f54fdf7-d832-4f7a-b205-d12d58b67207
[92mINFO [0m:      Sent reply
[92mINFO [0m:      
[92mINFO [0m:      Received: train message 075273a9-631a-40cd-8645-13ec7c97b361
[92mINFO [0m:      Sent reply
[92mINFO [0m:      
[92mINFO [0m:      Received: evaluate message 0563a1f4-539e-4f7a-af37-641abf2da0aa
[92mINFO [0m:      Sent reply
[92mINFO [0m:      
[92mINFO [0m:      Received: train message 22ec215c-acc4-44ca-98ad-012099f90070
[92mINFO [0m:      Sent reply
[92mINFO [0m:      
[92mINFO [0m:      Received: train message 4d27a8ab-243a-407f-a4c2-e254e7459895
[92mINFO [0m:      Sent reply
[92mINFO [0m:      
[92mINFO [0m:      Received: evaluate message a8d84216-11d0-4015-85ef-5302cdd6d90d
[92mINFO [0m:      Sent reply
[92mINFO [0m:      
[92mINFO [0m:      Received: train message 1c45d2fa-0fe0-44ef-821c-e7ca48efa083
[92mINFO [0m:      Sent reply
[92mINFO [0m:      
[92mINFO [0m:      Received: train message 54505659-0661-4e21-af6b-6d427129de20
[92mINFO [0m:      Sent reply
[92mINFO [0m:      
[92mINFO [0m:      Received: evaluate message dd7b7a1e-75c2-448a-924e-f266113e9125
[92mINFO [0m:      Sent reply
[92mINFO [0m:      
[92mINFO [0m:      Received: evaluate message b88482bc-41e9-444b-8e31-d0b05e6d267e
[92mINFO [0m:      Sent reply
[92mINFO [0m:      
[92mINFO [0m:      Received: train message 99282d8c-3c63-4e26-9441-5c45acfab6e5
[92mINFO [0m:      Sent reply
[92mINFO [0m:      
[92mINFO [0m:      Received: evaluate message 255b8c0b-8ed1-40f8-8732-d919b1a94f36
[92mINFO [0m:      Sent reply
[92mINFO [0m:      
[92mINFO [0m:      Received: train message 5eb40091-d357-4748-9889-3b3d0378f300
[92mINFO [0m:      Sent reply
[92mINFO [0m:      
[92mINFO [0m:      Received: evaluate message d2d4c2e9-4ded-41a1-b3a1-2e21fb28fead
[92mINFO [0m:      Sent reply
[92mINFO [0m:      
[92mINFO [0m:      Received: train message 401110f3-bdbc-4ccc-b3f5-6233d5f62b7b
[92mINFO [0m:      Sent reply
[92mINFO [0m:      
[92mINFO [0m:      Received: evaluate message 0ca421bf-b349-4340-bb5f-85d7c068d59a
[92mINFO [0m:      Sent reply
[92mINFO [0m:      
[92mINFO [0m:      Received: train message fa29ab76-bc45-4736-a026-a1648f053712
[92mINFO [0m:      Sent reply
[92mINFO [0m:      
[92mINFO [0m:      Received: train message e7746bd7-d097-40e6-9118-1f064876a7db
[92mINFO [0m:      Sent reply
[92mINFO [0m:      
[92mINFO [0m:      Received: evaluate message c26648fa-1577-4436-9eb2-a0bc4a161502
[92mINFO [0m:      Sent reply
[92mINFO [0m:      
[92mINFO [0m:      Received: evaluate message c587c727-56db-4cd1-bc26-be599e5f111f
[92mINFO [0m:      Sent reply
[92mINFO [0m:      
[92mINFO [0m:      Received: evaluate message 365baeb2-3039-4cd8-9ea2-ea01873bfbd9
[92mINFO [0m:      Sent reply
[92mINFO [0m:      
[92mINFO [0m:      Received: evaluate message 9ee8d763-e752-4e49-a2b9-a8fc843350df
[92mINFO [0m:      Sent reply
[92mINFO [0m:      
[92mINFO [0m:      Received: train message 4d497c36-750c-4231-ad8f-938d731de639
[92mINFO [0m:      Sent reply
[92mINFO [0m:      
[92mINFO [0m:      Received: evaluate message 7f8fe42a-0e62-4536-86ae-6d04cc8d1fc7
[92mINFO [0m:      Sent reply
[92mINFO [0m:      
[92mINFO [0m:      Received: train message 64b79ac5-df50-43ae-8c23-62741ce30dfe
[92mINFO [0m:      Sent reply
[92mINFO [0m:      
[92mINFO [0m:      Received: evaluate message 291b48c8-5605-47bc-84d5-89c3ce40875b
[92mINFO [0m:      Sent reply
[92mINFO [0m:      
[92mINFO [0m:      Received: train message 109bde0b-c5b4-4b3a-af9b-a3a35290551a
[92mINFO [0m:      Sent reply
[92mINFO [0m:      
[92mINFO [0m:      Received: evaluate message fbcaa85c-905c-4b45-b112-9d2c7406c591
[92mINFO [0m:      Sent reply
[92mINFO [0m:      
[92mINFO [0m:      Received: train message f0c14388-8439-4d14-9abe-377b89eacca5
[92mINFO [0m:      Sent reply
[92mINFO [0m:      
[92mINFO [0m:      Received: train message af37d627-77fb-4e28-8994-831a0f7fb0e6
[92mINFO [0m:      Sent reply
[92mINFO [0m:      
[92mINFO [0m:      Received: train message f7c4dfed-e6ca-467f-9f40-b45001a133a6
[92mINFO [0m:      Sent reply
[92mINFO [0m:      
[92mINFO [0m:      Received: evaluate message 2a156be0-8605-42b7-be05-b341ea26cb04
[92mINFO [0m:      Sent reply
[92mINFO [0m:      
[92mINFO [0m:      Received: train message 1beec21c-1c15-412f-9045-321b6182fc5b
[92mINFO [0m:      Sent reply
[92mINFO [0m:      
[92mINFO [0m:      Received: train message fa6ef276-d84a-4ef8-8240-5ba2134d2c59
[92mINFO [0m:      Sent reply
[92mINFO [0m:      
[92mINFO [0m:      Received: evaluate message 2d94efa1-4a0c-4106-9761-49d35db494d2
[92mINFO [0m:      Sent reply
[92mINFO [0m:      
[92mINFO [0m:      Received: train message 70b209d6-cef0-40d6-8a0b-08e7369ef83f
[92mINFO [0m:      Sent reply
[92mINFO [0m:      
[92mINFO [0m:      Received: evaluate message e9f3558c-0597-4e8e-b521-155ad476d382
[92mINFO [0m:      Sent reply
[92mINFO [0m:      
[92mINFO [0m:      Received: evaluate message 8ca8948c-3f01-4e10-bc1f-be32ad5388a9
[92mINFO [0m:      Sent reply
[92mINFO [0m:      
[92mINFO [0m:      Received: train message 6af80887-3353-4d46-b2d1-76f642aef1fe
[92mINFO [0m:      Sent reply
[92mINFO [0m:      
[92mINFO [0m:      Received: evaluate message 637154f6-ca56-47a3-9c38-5eab08af72a6
[92mINFO [0m:      Sent reply
[92mINFO [0m:      
[92mINFO [0m:      Received: train message 38b73b74-158b-4ff9-8eb9-19a5e3899349
[92mINFO [0m:      Sent reply
[92mINFO [0m:      
[92mINFO [0m:      Received: evaluate message d4111716-3f72-4fff-be03-9ee7009fdb2c
[92mINFO [0m:      Sent reply
[92mINFO [0m:      
[92mINFO [0m:      Received: evaluate message 0914d42d-80e4-4e0d-84e0-9a7397763bc3
[92mINFO [0m:      Sent reply
[92mINFO [0m:      
[92mINFO [0m:      Received: evaluate message 6fa870ac-a60e-4450-82f8-d7a3e0e7aaed
[92mINFO [0m:      Sent reply
[92mINFO [0m:      
[92mINFO [0m:      Received: train message 94c0ad7d-2b0c-406e-acd1-4378c3580c5d
[92mINFO [0m:      Sent reply
[92mINFO [0m:      
[92mINFO [0m:      Received: evaluate message aaa2d84c-7c65-40a8-a016-6c71ffbd62f7
[92mINFO [0m:      Sent reply
[92mINFO [0m:      
[92mINFO [0m:      Received: reconnect message 2b6ef4a3-ea20-4967-8cf3-bbc3f9835bad
[92mINFO [0m:      Disconnect and shut down
