[93mWARNING [0m:   DEPRECATED FEATURE: flwr.client.start_client() is deprecated.
	Instead, use the `flower-supernode` CLI command to start a SuperNode as shown below:

		$ flower-supernode --insecure --superlink='<IP>:<PORT>'

	To view all available options, run:

		$ flower-supernode --help

	Using `start_client()` is deprecated.

            This is a deprecated feature. It will be removed
            entirely in future versions of Flower.
        
[92mINFO [0m:      
[92mINFO [0m:      Received: train message 37535ec3-da67-43c1-b609-5af8ef437439
[92mINFO [0m:      Sent reply
[92mINFO [0m:      
[92mINFO [0m:      Received: evaluate message 277d3704-095d-4a9c-a785-a1bc798e9a43
[92mINFO [0m:      Sent reply
[92mINFO [0m:      
[92mINFO [0m:      Received: train message e6efa892-2e3c-4e71-9ce8-de3ef1e4380c
[92mINFO [0m:      Sent reply
[92mINFO [0m:      
[92mINFO [0m:      Received: evaluate message 99171f31-2bf1-4192-a82e-c633c1718255
[92mINFO [0m:      Sent reply
[92mINFO [0m:      
[92mINFO [0m:      Received: train message a0aa7a35-2973-41bc-8e6a-0805e893fc82
[92mINFO [0m:      Sent reply
[92mINFO [0m:      
[92mINFO [0m:      Received: train message 5945a1bd-2a0a-4be9-86dd-d3c8a2ca8f4a
[92mINFO [0m:      Sent reply
[92mINFO [0m:      
[92mINFO [0m:      Received: evaluate message abbcf3de-bf14-492c-8387-34be7868ebd6
[92mINFO [0m:      Sent reply
[92mINFO [0m:      
[92mINFO [0m:      Received: evaluate message 06920287-b529-4151-a713-79ce5f36de7c
[92mINFO [0m:      Sent reply
[92mINFO [0m:      
[92mINFO [0m:      Received: train message 3ad598fa-e354-421a-addb-e7e5a1c7ea58
[92mINFO [0m:      Sent reply
[92mINFO [0m:      
[92mINFO [0m:      Received: evaluate message 84cd92b5-4943-47f0-aef2-eaa9f7fd168e
[92mINFO [0m:      Sent reply
[92mINFO [0m:      
[92mINFO [0m:      Received: evaluate message 483eeb36-0500-42a5-bbaa-e2f7637e371d
[92mINFO [0m:      Sent reply
[92mINFO [0m:      
[92mINFO [0m:      Received: train message f89fc9b4-d61b-470a-ad27-5bfcf7d12991
[92mINFO [0m:      Sent reply
[92mINFO [0m:      
[92mINFO [0m:      Received: evaluate message 83caa588-56d7-48dc-b28e-d1f35fdc8df5
[92mINFO [0m:      Sent reply
[92mINFO [0m:      
[92mINFO [0m:      Received: train message a6cbf2bb-a8ad-4e8f-a906-9554681304bb
[92mINFO [0m:      Sent reply
[92mINFO [0m:      
[92mINFO [0m:      Received: evaluate message 909448c7-5f2d-4afb-828a-6197e7f86027
[92mINFO [0m:      Sent reply
[92mINFO [0m:      
[92mINFO [0m:      Received: train message a62d2c6e-45ce-4e1d-8420-39274633553f
[92mINFO [0m:      Sent reply
[92mINFO [0m:      
[92mINFO [0m:      Received: train message 4aa67498-1b2c-4e73-bbe3-918369c9139d
[92mINFO [0m:      Sent reply
[92mINFO [0m:      
[92mINFO [0m:      Received: train message 54ea61bd-4bf7-4cc8-82c6-fac171f2209a
[92mINFO [0m:      Sent reply
[92mINFO [0m:      
[92mINFO [0m:      Received: train message ec5c5939-bc1d-4853-8e0d-1c8b9ab06ccf
[92mINFO [0m:      Sent reply
[92mINFO [0m:      
[92mINFO [0m:      Received: train message 9a75bf5d-1685-4576-ae52-a6ecccc5411c
[92mINFO [0m:      Sent reply
[92mINFO [0m:      
[92mINFO [0m:      Received: evaluate message 444d3d35-d897-4a4f-a83a-c0ccc8df5c42
[92mINFO [0m:      Sent reply
[92mINFO [0m:      
[92mINFO [0m:      Received: evaluate message b0428e71-5c00-4460-8b24-5bed50255201
[92mINFO [0m:      Sent reply
[92mINFO [0m:      
[92mINFO [0m:      Received: evaluate message bd1cc49d-5554-4217-8bde-594cc8a64dc6
[92mINFO [0m:      Sent reply
[92mINFO [0m:      
[92mINFO [0m:      Received: evaluate message e2af77dc-d4b1-4fab-839d-0830d38c4839
[92mINFO [0m:      Sent reply
[92mINFO [0m:      
[92mINFO [0m:      Received: evaluate message 39f2cde7-2254-4c21-ab1f-89d54ccbc5d1
[92mINFO [0m:      Sent reply
[92mINFO [0m:      
[92mINFO [0m:      Received: train message 6e65f175-5d9d-4959-8400-6d0e0a2c50cd
[92mINFO [0m:      Sent reply
[92mINFO [0m:      
[92mINFO [0m:      Received: evaluate message b622c1d7-6276-4d7b-91bf-f037d5cdda29
[92mINFO [0m:      Sent reply
[92mINFO [0m:      
[92mINFO [0m:      Received: train message 901abea1-20a0-4eea-af81-832e55fd1ee4
[92mINFO [0m:      Sent reply
[92mINFO [0m:      
[92mINFO [0m:      Received: train message 9ca44707-52e9-4583-b7fa-de25b26048b6
[92mINFO [0m:      Sent reply
[92mINFO [0m:      
[92mINFO [0m:      Received: evaluate message 5f2c4588-ae91-49ef-a2c2-2a4910b2fee2
[92mINFO [0m:      Sent reply
[92mINFO [0m:      
[92mINFO [0m:      Received: evaluate message eff95e53-a053-4f55-9e49-acef7ff59342
[92mINFO [0m:      Sent reply
[92mINFO [0m:      
[92mINFO [0m:      Received: evaluate message a8fe6a60-1e3e-4045-8de7-55de92974ce0
[92mINFO [0m:      Sent reply
[92mINFO [0m:      
[92mINFO [0m:      Received: train message ca44366c-d7b4-4705-bf5d-5ddb94f86967
[92mINFO [0m:      Sent reply
[92mINFO [0m:      
[92mINFO [0m:      Received: train message 5046edda-72d8-4743-ad21-0d615fc83296
[92mINFO [0m:      Sent reply
[92mINFO [0m:      
[92mINFO [0m:      Received: evaluate message 37c8f1a9-98e2-4c50-ba5b-ef7eaa60ac66
[92mINFO [0m:      Sent reply
[92mINFO [0m:      
[92mINFO [0m:      Received: train message 35e0d9bb-9c6d-4082-a108-7378b23eedf4
[92mINFO [0m:      Sent reply
[92mINFO [0m:      
[92mINFO [0m:      Received: evaluate message 2fe85d58-d2b9-4f4c-949e-2d18fb47d077
[92mINFO [0m:      Sent reply
[92mINFO [0m:      
[92mINFO [0m:      Received: evaluate message 78c0b466-b70e-4cbb-8bdb-e47a35243c06
[92mINFO [0m:      Sent reply
[92mINFO [0m:      
[92mINFO [0m:      Received: evaluate message 4584636f-6ca8-42af-9266-42de92e863a5
[92mINFO [0m:      Sent reply
[92mINFO [0m:      
[92mINFO [0m:      Received: train message 84f1c24f-f02c-4740-9f3e-693d0a6612f1
[92mINFO [0m:      Sent reply
[92mINFO [0m:      
[92mINFO [0m:      Received: evaluate message 8b4707ce-7c7b-4a49-aac6-895056f5a0e4
[92mINFO [0m:      Sent reply
[92mINFO [0m:      
[92mINFO [0m:      Received: train message 943cfd57-81f2-41a7-b618-d65c28eb421e
[92mINFO [0m:      Sent reply
[92mINFO [0m:      
[92mINFO [0m:      Received: evaluate message c34e4ab9-edde-4a9e-9fe9-56164f74312a
[92mINFO [0m:      Sent reply
[92mINFO [0m:      
[92mINFO [0m:      Received: evaluate message 295ddd8f-33b8-4d56-abea-baffd36d9d01
[92mINFO [0m:      Sent reply
[92mINFO [0m:      
[92mINFO [0m:      Received: train message 210660c8-5338-4931-9da2-2bb12dde6837
[92mINFO [0m:      Sent reply
[92mINFO [0m:      
[92mINFO [0m:      Received: evaluate message a4697242-b9fe-4c81-bf67-b70b3edd0b55
[92mINFO [0m:      Sent reply
[92mINFO [0m:      
[92mINFO [0m:      Received: evaluate message 722adbcd-dd2e-4892-99eb-67b637316b7e
[92mINFO [0m:      Sent reply
[92mINFO [0m:      
[92mINFO [0m:      Received: train message 3772330b-9903-4240-a5d1-995a8693172d
[92mINFO [0m:      Sent reply
[92mINFO [0m:      
[92mINFO [0m:      Received: evaluate message 9ddce76c-f0c9-482e-b4e3-13977d5bdc97
[92mINFO [0m:      Sent reply
[92mINFO [0m:      
[92mINFO [0m:      Received: train message 8ddcf4cd-842c-4e65-8298-df8739263520
[92mINFO [0m:      Sent reply
[92mINFO [0m:      
[92mINFO [0m:      Received: evaluate message bf8a4893-04e4-4200-ba78-fc68f7c7432a
[92mINFO [0m:      Sent reply
[92mINFO [0m:      
[92mINFO [0m:      Received: train message b5333c25-f107-481d-8482-07c6ab930f5d
[92mINFO [0m:      Sent reply
[92mINFO [0m:      
[92mINFO [0m:      Received: evaluate message d01eb2cf-9956-4f6e-9425-d58e49d93dca
[92mINFO [0m:      Sent reply
[92mINFO [0m:      
[92mINFO [0m:      Received: train message 653a8e0b-f44a-4873-ba36-86e5e84675fd
[92mINFO [0m:      Sent reply
[92mINFO [0m:      
[92mINFO [0m:      Received: train message 3ffe1d25-f568-4d5c-a04f-74873cbdd487
[92mINFO [0m:      Sent reply
[92mINFO [0m:      
[92mINFO [0m:      Received: train message 3599794d-ad20-47e6-a068-487562eeb314
[92mINFO [0m:      Sent reply
[92mINFO [0m:      
[92mINFO [0m:      Received: evaluate message 67c6aa10-4cca-42c9-91c1-e6a70072b66f
[92mINFO [0m:      Sent reply
[92mINFO [0m:      
[92mINFO [0m:      Received: train message 7ceb04a7-cba9-4a6d-a345-2557ca3c5495
[92mINFO [0m:      Sent reply
[92mINFO [0m:      
[92mINFO [0m:      Received: evaluate message be4dd6b7-4328-40d3-b1c2-e9a6c0130daf
[92mINFO [0m:      Sent reply
[92mINFO [0m:      
[92mINFO [0m:      Received: train message adfe251d-fee1-4a6d-ae49-848a0c6811a7
[92mINFO [0m:      Sent reply
[92mINFO [0m:      
[92mINFO [0m:      Received: train message e997c6c6-d515-4b9f-8394-15612687f93d
[92mINFO [0m:      Sent reply
[92mINFO [0m:      
[92mINFO [0m:      Received: train message bacfbe5c-1bd0-4471-8d5a-396034fa24bd
[92mINFO [0m:      Sent reply
[92mINFO [0m:      
[92mINFO [0m:      Received: evaluate message a75683bf-6731-445d-894d-5e1cabf4b5bd
[92mINFO [0m:      Sent reply
[92mINFO [0m:      
[92mINFO [0m:      Received: train message 6536e2a9-ca1a-4b8f-99a1-132652bf7cda
[92mINFO [0m:      Sent reply
[92mINFO [0m:      
[92mINFO [0m:      Received: evaluate message 15681768-a2a8-408e-a98f-c40722461a3b
[92mINFO [0m:      Sent reply
[92mINFO [0m:      
[92mINFO [0m:      Received: train message 7de17f73-0a20-47b4-801a-79cd1c79a946
[92mINFO [0m:      Sent reply
[92mINFO [0m:      
[92mINFO [0m:      Received: train message 7d82cc30-9789-4fa7-a592-c81010813819
[92mINFO [0m:      Sent reply
[92mINFO [0m:      
[92mINFO [0m:      Received: evaluate message 46e92d1b-18ca-4ce8-9caf-5f770ed04f54
[92mINFO [0m:      Sent reply
[92mINFO [0m:      
[92mINFO [0m:      Received: evaluate message 771e12f1-bf0a-4194-93d6-89f39569e422
[92mINFO [0m:      Sent reply
[92mINFO [0m:      
[92mINFO [0m:      Received: evaluate message 4dc07f3d-bc0e-4194-8f23-c677ead3f667
[92mINFO [0m:      Sent reply
[92mINFO [0m:      
[92mINFO [0m:      Received: train message aa269efa-5af8-46e3-8ced-dadb6bfc837b
[92mINFO [0m:      Sent reply
[92mINFO [0m:      
[92mINFO [0m:      Received: evaluate message 8585eabd-adee-4175-a874-4c95dbb46239
[92mINFO [0m:      Sent reply
[92mINFO [0m:      
[92mINFO [0m:      Received: train message 1107f934-11e8-434a-ab6d-23dc58b990b0
[92mINFO [0m:      Sent reply
[92mINFO [0m:      
[92mINFO [0m:      Received: evaluate message 8f95083a-a567-4b8f-8423-1a7cf1a752ff
[92mINFO [0m:      Sent reply
[92mINFO [0m:      
[92mINFO [0m:      Received: train message f32bb1f1-9646-48a1-b076-ec9da67deab4
[92mINFO [0m:      Sent reply
[92mINFO [0m:      
[92mINFO [0m:      Received: evaluate message 9f108eed-992c-408a-97d0-2e485456fdcf
[92mINFO [0m:      Sent reply
[92mINFO [0m:      
[92mINFO [0m:      Received: evaluate message f493bb7d-ccf7-4efc-9670-5a615fd8098d
[92mINFO [0m:      Sent reply
[92mINFO [0m:      
[92mINFO [0m:      Received: train message 666f68aa-8d90-460b-808f-fbd61c20b6b2
[92mINFO [0m:      Sent reply
[92mINFO [0m:      
[92mINFO [0m:      Received: evaluate message 8a424938-6110-436d-b4d2-3f31ad9076e1
[92mINFO [0m:      Sent reply
[92mINFO [0m:      
[92mINFO [0m:      Received: train message ddc98682-c694-4adc-b0c9-165209881621
[92mINFO [0m:      Sent reply
[92mINFO [0m:      
[92mINFO [0m:      Received: evaluate message d91c0d75-2dff-4045-88c6-3b272a0c514b
[92mINFO [0m:      Sent reply
[92mINFO [0m:      
[92mINFO [0m:      Received: train message 79a581d0-301d-4892-97a8-3eec0cdb3d30
[92mINFO [0m:      Sent reply
[92mINFO [0m:      
[92mINFO [0m:      Received: train message 8bb5e838-6da5-4440-b3fc-f57a2d3cbc21
[92mINFO [0m:      Sent reply
[92mINFO [0m:      
[92mINFO [0m:      Received: evaluate message 33ecfeff-d940-4d8a-b16e-64387eb64d30
[92mINFO [0m:      Sent reply
[92mINFO [0m:      
[92mINFO [0m:      Received: train message dc4e652f-ad17-4aa3-867b-2e8a3ac47c99
[92mINFO [0m:      Sent reply
[92mINFO [0m:      
[92mINFO [0m:      Received: train message d22c8809-faf9-47b0-86fa-7d9f32055d0e
[92mINFO [0m:      Sent reply
[92mINFO [0m:      
[92mINFO [0m:      Received: train message 088b86bf-a8e8-4917-aaed-71f0985d8d05
[92mINFO [0m:      Sent reply
[92mINFO [0m:      
[92mINFO [0m:      Received: evaluate message 8a8caa78-8a52-4541-984f-577f7217ca2c
[92mINFO [0m:      Sent reply
[92mINFO [0m:      
[92mINFO [0m:      Received: train message 7ab0caed-5018-44db-9e99-336d29d89dad
[92mINFO [0m:      Sent reply
[92mINFO [0m:      
[92mINFO [0m:      Received: train message 4f16d618-000e-4f2e-8f38-03814c21e0ed
[92mINFO [0m:      Sent reply
[92mINFO [0m:      
[92mINFO [0m:      Received: evaluate message e71080de-db52-4d2e-a8b6-51a9953f6ddb
[92mINFO [0m:      Sent reply
[92mINFO [0m:      
[92mINFO [0m:      Received: train message 7dd74ec0-fdd4-44c0-8337-4fb96eebda7b
[92mINFO [0m:      Sent reply
[92mINFO [0m:      
[92mINFO [0m:      Received: train message 2060ca51-535c-4f2c-a21b-61cd8990a0af
[92mINFO [0m:      Sent reply
[92mINFO [0m:      
[92mINFO [0m:      Received: train message f88be97f-0b13-4e96-83a0-d1cac1572e42
[92mINFO [0m:      Sent reply
[92mINFO [0m:      
[92mINFO [0m:      Received: evaluate message eb606fa9-71da-4942-a7f3-848a3a7525e4
[92mINFO [0m:      Sent reply
[92mINFO [0m:      
[92mINFO [0m:      Received: evaluate message 37e86bf5-85d6-421d-8414-6d250703e1fa
[92mINFO [0m:      Sent reply
[92mINFO [0m:      
[92mINFO [0m:      Received: train message 6b53c075-3324-4239-99a4-f650ba3ed986
[92mINFO [0m:      Sent reply
[92mINFO [0m:      
[92mINFO [0m:      Received: train message b53fbd61-3fd0-4d9c-8210-a7259ba55a55
[92mINFO [0m:      Sent reply
[92mINFO [0m:      
[92mINFO [0m:      Received: train message 4435e8bb-accd-48c8-bf60-a0e388a176de
[92mINFO [0m:      Sent reply
[92mINFO [0m:      
[92mINFO [0m:      Received: evaluate message 77cecea4-caec-4e43-9631-b68537c74308
[92mINFO [0m:      Sent reply
[92mINFO [0m:      
[92mINFO [0m:      Received: train message 0086c62f-5178-49d6-becc-3bd6ec488b27
[92mINFO [0m:      Sent reply
[92mINFO [0m:      
[92mINFO [0m:      Received: evaluate message b69d2745-9543-4182-aac1-6da4c58c1191
[92mINFO [0m:      Sent reply
[92mINFO [0m:      
[92mINFO [0m:      Received: train message 90d8c393-f5b9-4995-82e2-989171f5a321
[92mINFO [0m:      Sent reply
[92mINFO [0m:      
[92mINFO [0m:      Received: evaluate message 92c34240-49e8-4101-bff5-f034ee9eea53
[92mINFO [0m:      Sent reply
[92mINFO [0m:      
[92mINFO [0m:      Received: train message 754e0231-0271-45c4-b140-d4dd401b4d3c
[92mINFO [0m:      Sent reply
[92mINFO [0m:      
[92mINFO [0m:      Received: train message 9b6d2693-fe09-4bb8-b819-d30fe5f8529f
[92mINFO [0m:      Sent reply
[92mINFO [0m:      
[92mINFO [0m:      Received: train message 897da19c-532c-427e-bcc4-2e592545bf0e
[92mINFO [0m:      Sent reply
[92mINFO [0m:      
[92mINFO [0m:      Received: evaluate message 6ec7323c-e54b-435c-9b3e-a6bc4b4046a5
[92mINFO [0m:      Sent reply
[92mINFO [0m:      
[92mINFO [0m:      Received: evaluate message 1134f96d-a650-4fe3-81ec-919e712d56a2
[92mINFO [0m:      Sent reply
[92mINFO [0m:      
[92mINFO [0m:      Received: evaluate message f13aa29a-dc70-441f-8694-27fdeccb5954
[92mINFO [0m:      Sent reply
[92mINFO [0m:      
[92mINFO [0m:      Received: evaluate message fa8a7663-7581-4d1e-88f8-2e01b93acbcf
[92mINFO [0m:      Sent reply
[92mINFO [0m:      
[92mINFO [0m:      Received: evaluate message ba4cbd9e-163b-49ed-9595-dd279b95cc67
[92mINFO [0m:      Sent reply
[92mINFO [0m:      
[92mINFO [0m:      Received: evaluate message 2822c0f9-0487-42f1-826f-09d531cfad5d
[92mINFO [0m:      Sent reply
[92mINFO [0m:      
[92mINFO [0m:      Received: train message c59079cf-8b27-4865-9a01-d15c42cbfafb
[92mINFO [0m:      Sent reply
[92mINFO [0m:      
[92mINFO [0m:      Received: train message 5b5cdeb5-bb38-4d35-8f98-c70bafef2237
[92mINFO [0m:      Sent reply
[92mINFO [0m:      
[92mINFO [0m:      Received: evaluate message 487e2f1d-5707-4c12-9fd6-a39c2ae09c52
[92mINFO [0m:      Sent reply
[92mINFO [0m:      
[92mINFO [0m:      Received: train message c20278e9-ba73-4239-8659-97f18cd25760
[92mINFO [0m:      Sent reply
[92mINFO [0m:      
[92mINFO [0m:      Received: evaluate message 8957632d-9736-495f-8ffa-19e444b98ae1
[92mINFO [0m:      Sent reply
[92mINFO [0m:      
[92mINFO [0m:      Received: evaluate message 75ec475f-0ec9-46bf-893f-36714db9e9ee
[92mINFO [0m:      Sent reply
[92mINFO [0m:      
[92mINFO [0m:      Received: evaluate message 7b9761df-791c-4eb3-9673-b420c1ac2a4e
[92mINFO [0m:      Sent reply
[92mINFO [0m:      
[92mINFO [0m:      Received: train message 21ab3107-cf76-48f5-9956-32dabb4151fd
[92mINFO [0m:      Sent reply
[92mINFO [0m:      
[92mINFO [0m:      Received: evaluate message 29b97aa8-3dc0-4ca1-abb9-61c776c5baf6
[92mINFO [0m:      Sent reply
[92mINFO [0m:      
[92mINFO [0m:      Received: reconnect message 12dd9c98-c892-4086-876f-830f1752540c
[92mINFO [0m:      Disconnect and shut down
