[93mWARNING [0m:   DEPRECATED FEATURE: flwr.client.start_client() is deprecated.
	Instead, use the `flower-supernode` CLI command to start a SuperNode as shown below:

		$ flower-supernode --insecure --superlink='<IP>:<PORT>'

	To view all available options, run:

		$ flower-supernode --help

	Using `start_client()` is deprecated.

            This is a deprecated feature. It will be removed
            entirely in future versions of Flower.
        
[92mINFO [0m:      
[92mINFO [0m:      Received: train message fa70ae34-8b2e-4870-9d14-6cb252304404
[92mINFO [0m:      Sent reply
[92mINFO [0m:      
[92mINFO [0m:      Received: train message 7401a5f9-19f0-41a3-af05-9c72f2f705d8
[92mINFO [0m:      Sent reply
[92mINFO [0m:      
[92mINFO [0m:      Received: evaluate message d15f2d64-5ba6-4e6d-b0b0-cfb52c9a6d54
[92mINFO [0m:      Sent reply
[92mINFO [0m:      
[92mINFO [0m:      Received: evaluate message 00dbad96-29bf-42df-89b0-1cce74fd28a2
[92mINFO [0m:      Sent reply
[92mINFO [0m:      
[92mINFO [0m:      Received: train message ddc34cfd-ea83-4e3d-a76e-967e5402748c
[92mINFO [0m:      Sent reply
[92mINFO [0m:      
[92mINFO [0m:      Received: evaluate message b2f0b525-287d-44c0-9110-e73a90c4ac96
[92mINFO [0m:      Sent reply
[92mINFO [0m:      
[92mINFO [0m:      Received: evaluate message 6b19e542-8571-43d5-93e2-60874ae6e456
[92mINFO [0m:      Sent reply
[92mINFO [0m:      
[92mINFO [0m:      Received: evaluate message d2ae659a-5806-4ccd-95e5-c6106459d15d
[92mINFO [0m:      Sent reply
[92mINFO [0m:      
[92mINFO [0m:      Received: train message 04197196-19a4-41b0-887b-6f823ca7187d
[92mINFO [0m:      Sent reply
[92mINFO [0m:      
[92mINFO [0m:      Received: evaluate message a913acf5-f536-41f0-ab71-e0545adbdb13
[92mINFO [0m:      Sent reply
[92mINFO [0m:      
[92mINFO [0m:      Received: evaluate message bb297ad2-3f0c-43bd-97e5-1ca100bebe78
[92mINFO [0m:      Sent reply
[92mINFO [0m:      
[92mINFO [0m:      Received: train message 833313dd-2959-4c47-8fdd-36d8b79b54ff
[92mINFO [0m:      Sent reply
[92mINFO [0m:      
[92mINFO [0m:      Received: train message 76598be1-6a42-4895-9dc2-ca05f8ab0864
[92mINFO [0m:      Sent reply
[92mINFO [0m:      
[92mINFO [0m:      Received: train message 58620ef5-7ee4-4107-9cbf-d3757066c95d
[92mINFO [0m:      Sent reply
[92mINFO [0m:      
[92mINFO [0m:      Received: train message 41488553-b83d-48b3-ae86-0c9149b98fd1
[92mINFO [0m:      Sent reply
[92mINFO [0m:      
[92mINFO [0m:      Received: evaluate message 7fc3cf3f-ca3d-4a52-88d1-efe6e392504a
[92mINFO [0m:      Sent reply
[92mINFO [0m:      
[92mINFO [0m:      Received: evaluate message 0a4fbe87-b410-4f6b-9297-aca37885456c
[92mINFO [0m:      Sent reply
[92mINFO [0m:      
[92mINFO [0m:      Received: evaluate message 7dd0cf24-7239-45e7-be11-eb5c2a76d288
[92mINFO [0m:      Sent reply
[92mINFO [0m:      
[92mINFO [0m:      Received: evaluate message 69eb465c-0f66-4a39-a80d-62426194b9e9
[92mINFO [0m:      Sent reply
[92mINFO [0m:      
[92mINFO [0m:      Received: train message cc4a832b-218c-4a22-b4f1-1514727aaaf7
[92mINFO [0m:      Sent reply
[92mINFO [0m:      
[92mINFO [0m:      Received: evaluate message fff940e3-e622-4cdd-84c2-0348d2ff504e
[92mINFO [0m:      Sent reply
[92mINFO [0m:      
[92mINFO [0m:      Received: train message 6ece9d79-373d-4997-9b20-42b2e636e3cd
[92mINFO [0m:      Sent reply
[92mINFO [0m:      
[92mINFO [0m:      Received: evaluate message 05149cfb-9a71-4034-bef0-d428874e6160
[92mINFO [0m:      Sent reply
[92mINFO [0m:      
[92mINFO [0m:      Received: train message 1809258a-b468-407e-b611-388bdb71fa9b
[92mINFO [0m:      Sent reply
[92mINFO [0m:      
[92mINFO [0m:      Received: train message e8145ac0-e1a6-4fc6-a3a9-5674f5f933a3
[92mINFO [0m:      Sent reply
[92mINFO [0m:      
[92mINFO [0m:      Received: evaluate message abf34501-672d-422c-8c64-dad10e44c3a1
[92mINFO [0m:      Sent reply
[92mINFO [0m:      
[92mINFO [0m:      Received: train message c3cf6a40-9a89-4845-bd31-04f7417fd476
[92mINFO [0m:      Sent reply
[92mINFO [0m:      
[92mINFO [0m:      Received: train message 908d99a2-d11f-411d-a7b3-4012d9e4e19d
[92mINFO [0m:      Sent reply
[92mINFO [0m:      
[92mINFO [0m:      Received: evaluate message 3737923e-8f30-4605-995a-f8d1208d2d08
[92mINFO [0m:      Sent reply
[92mINFO [0m:      
[92mINFO [0m:      Received: train message 42c91ed5-c439-411e-b3f1-5c2da47263dc
[92mINFO [0m:      Sent reply
[92mINFO [0m:      
[92mINFO [0m:      Received: train message 3979558b-c4b2-435d-8796-45dfba28e56b
[92mINFO [0m:      Sent reply
[92mINFO [0m:      
[92mINFO [0m:      Received: evaluate message 5f81523f-6da4-4c63-b214-e611b3155d08
[92mINFO [0m:      Sent reply
[92mINFO [0m:      
[92mINFO [0m:      Received: train message 827c07a8-84a9-4916-ba69-5a85613f3fcc
[92mINFO [0m:      Sent reply
[92mINFO [0m:      
[92mINFO [0m:      Received: train message ceacd059-77c3-4d11-b097-9bfe4a4ae8b0
[92mINFO [0m:      Sent reply
[92mINFO [0m:      
[92mINFO [0m:      Received: evaluate message 5d063217-0f76-4bf8-895d-8a00e98a6012
[92mINFO [0m:      Sent reply
[92mINFO [0m:      
[92mINFO [0m:      Received: train message d36c8b22-3b57-42b5-931a-9294e376441e
[92mINFO [0m:      Sent reply
[92mINFO [0m:      
[92mINFO [0m:      Received: train message 07d5ecfd-c5e5-4c4e-b1b2-d7ba12c796b8
[92mINFO [0m:      Sent reply
[92mINFO [0m:      
[92mINFO [0m:      Received: evaluate message 7a1204b3-d5e3-4087-a512-4c90e1b23c28
[92mINFO [0m:      Sent reply
[92mINFO [0m:      
[92mINFO [0m:      Received: evaluate message 981d0fa0-0d36-40b8-95b5-b971abd90c17
[92mINFO [0m:      Sent reply
[92mINFO [0m:      
[92mINFO [0m:      Received: train message 792c7bf2-9f1f-4065-8d0f-dae37b28a970
[92mINFO [0m:      Sent reply
[92mINFO [0m:      
[92mINFO [0m:      Received: evaluate message f4174c15-d7e8-4fdf-ab8e-6a98817171a5
[92mINFO [0m:      Sent reply
[92mINFO [0m:      
[92mINFO [0m:      Received: evaluate message 25e64fab-2207-424f-a727-56b32200a888
[92mINFO [0m:      Sent reply
[92mINFO [0m:      
[92mINFO [0m:      Received: evaluate message 29f6f34d-d5c5-46cf-9de6-89815a39a51c
[92mINFO [0m:      Sent reply
[92mINFO [0m:      
[92mINFO [0m:      Received: evaluate message a803c258-fe6c-4e4d-a13b-80ec668aa613
[92mINFO [0m:      Sent reply
[92mINFO [0m:      
[92mINFO [0m:      Received: train message 39c16262-bbfe-4fbb-baca-047aa0cfd831
[92mINFO [0m:      Sent reply
[92mINFO [0m:      
[92mINFO [0m:      Received: evaluate message e6e39388-2e59-46cc-8a33-a40fd0968864
[92mINFO [0m:      Sent reply
[92mINFO [0m:      
[92mINFO [0m:      Received: evaluate message e552c194-293d-46b0-903d-d0e33666932a
[92mINFO [0m:      Sent reply
[92mINFO [0m:      
[92mINFO [0m:      Received: evaluate message b083385c-e446-4c9a-8bf2-150fccb44b59
[92mINFO [0m:      Sent reply
[92mINFO [0m:      
[92mINFO [0m:      Received: train message e686964f-c13b-4815-868d-eb93f90c1cfa
[92mINFO [0m:      Sent reply
[92mINFO [0m:      
[92mINFO [0m:      Received: evaluate message 65dc4eb5-6699-4da1-81f8-f78bce2e3184
[92mINFO [0m:      Sent reply
[92mINFO [0m:      
[92mINFO [0m:      Received: train message 590636c7-8e4d-4585-b97c-1235371f923f
[92mINFO [0m:      Sent reply
[92mINFO [0m:      
[92mINFO [0m:      Received: evaluate message 8bb9580a-26e8-4711-8f08-409e4790c946
[92mINFO [0m:      Sent reply
[92mINFO [0m:      
[92mINFO [0m:      Received: train message d171f596-4bbe-457b-a4bd-eee467fff44e
[92mINFO [0m:      Sent reply
[92mINFO [0m:      
[92mINFO [0m:      Received: evaluate message 38f81e0f-6b55-4295-abd9-b4715a6bdf81
[92mINFO [0m:      Sent reply
[92mINFO [0m:      
[92mINFO [0m:      Received: train message a6aa2d84-3570-4722-a7cf-a58181e26b0a
[92mINFO [0m:      Sent reply
[92mINFO [0m:      
[92mINFO [0m:      Received: evaluate message 1027d321-3d17-4718-8c31-fca69d712f3e
[92mINFO [0m:      Sent reply
[92mINFO [0m:      
[92mINFO [0m:      Received: train message 277233ec-9a74-4ef3-b2ad-9b2791b38be3
[92mINFO [0m:      Sent reply
[92mINFO [0m:      
[92mINFO [0m:      Received: train message c84a796d-e2a2-4f1f-8403-0a0d504b5905
[92mINFO [0m:      Sent reply
[92mINFO [0m:      
[92mINFO [0m:      Received: train message e7a2614b-2669-4aa5-865b-1eb43b29fbe3
[92mINFO [0m:      Sent reply
[92mINFO [0m:      
[92mINFO [0m:      Received: evaluate message febb29ad-7da7-46d0-99cd-e5d464e4a8f3
[92mINFO [0m:      Sent reply
[92mINFO [0m:      
[92mINFO [0m:      Received: train message 16189278-a802-45c6-8d6b-9859ec01b6d1
[92mINFO [0m:      Sent reply
[92mINFO [0m:      
[92mINFO [0m:      Received: evaluate message ad0cb5fb-6aad-475f-ab53-e26ef22340df
[92mINFO [0m:      Sent reply
[92mINFO [0m:      
[92mINFO [0m:      Received: train message 17be4dad-bc97-4952-9274-72101e2f484c
[92mINFO [0m:      Sent reply
[92mINFO [0m:      
[92mINFO [0m:      Received: evaluate message 86c64a07-1cb7-4bdd-8801-21c71e9cc0b2
[92mINFO [0m:      Sent reply
[92mINFO [0m:      
[92mINFO [0m:      Received: train message 4b332596-5123-46f6-ad50-57bbfb3065c9
[92mINFO [0m:      Sent reply
[92mINFO [0m:      
[92mINFO [0m:      Received: evaluate message 00b1c335-d7bb-4264-ae26-7ffa6c0b4863
[92mINFO [0m:      Sent reply
[92mINFO [0m:      
[92mINFO [0m:      Received: train message 877ce6ed-3a86-4cbd-b2ea-4f00f74a15c0
[92mINFO [0m:      Sent reply
[92mINFO [0m:      
[92mINFO [0m:      Received: evaluate message 91d5ae10-61c9-4fd7-995e-99b28a65452f
[92mINFO [0m:      Sent reply
[92mINFO [0m:      
[92mINFO [0m:      Received: train message 6cd3a620-f141-4fe1-b878-c23371ec23fa
[92mINFO [0m:      Sent reply
[92mINFO [0m:      
[92mINFO [0m:      Received: evaluate message 4edb1d9a-14be-4193-938e-14fab673d31a
[92mINFO [0m:      Sent reply
[92mINFO [0m:      
[92mINFO [0m:      Received: evaluate message 06f5abea-6118-4d23-ab94-c053fa088a5c
[92mINFO [0m:      Sent reply
[92mINFO [0m:      
[92mINFO [0m:      Received: train message c43e8ec1-e36d-4a1d-ab56-1e94098d85e0
[92mINFO [0m:      Sent reply
[92mINFO [0m:      
[92mINFO [0m:      Received: evaluate message d8afcff1-e5f2-47c6-9d14-df813eabf81e
[92mINFO [0m:      Sent reply
[92mINFO [0m:      
[92mINFO [0m:      Received: train message efea5d7f-e9af-4c52-ad29-b87698d3224e
[92mINFO [0m:      Sent reply
[92mINFO [0m:      
[92mINFO [0m:      Received: train message 83ebe2e5-026c-4b25-b9e4-867f3b952a45
[92mINFO [0m:      Sent reply
[92mINFO [0m:      
[92mINFO [0m:      Received: evaluate message d3a07ba2-e7ca-46bd-b463-dfaf3ef7906f
[92mINFO [0m:      Sent reply
[92mINFO [0m:      
[92mINFO [0m:      Received: evaluate message 80c73dee-7302-40f2-a6ee-66d165061ae0
[92mINFO [0m:      Sent reply
[92mINFO [0m:      
[92mINFO [0m:      Received: train message bc86da16-1e52-48df-b2ac-340a54e51b66
[92mINFO [0m:      Sent reply
[92mINFO [0m:      
[92mINFO [0m:      Received: train message 17a75594-630c-42d6-80bb-c7aa8b62232e
[92mINFO [0m:      Sent reply
[92mINFO [0m:      
[92mINFO [0m:      Received: evaluate message 9489cc59-dd84-4c3e-ad75-ad5a264f7f18
[92mINFO [0m:      Sent reply
[92mINFO [0m:      
[92mINFO [0m:      Received: train message 64433027-493f-41c5-afd9-7355da40e3ae
[92mINFO [0m:      Sent reply
[92mINFO [0m:      
[92mINFO [0m:      Received: evaluate message 89d05455-cd0e-44f6-9b40-537bed56fa82
[92mINFO [0m:      Sent reply
[92mINFO [0m:      
[92mINFO [0m:      Received: train message 094abbd3-c8f0-42f6-b9a7-1f51630b52b7
[92mINFO [0m:      Sent reply
[92mINFO [0m:      
[92mINFO [0m:      Received: evaluate message a07b3f23-a35a-4113-9340-d40ffdb52ccf
[92mINFO [0m:      Sent reply
[92mINFO [0m:      
[92mINFO [0m:      Received: train message cf9b9546-b0bb-4022-a790-78bfd2732a9a
[92mINFO [0m:      Sent reply
[92mINFO [0m:      
[92mINFO [0m:      Received: evaluate message 7f73b690-06a6-4e93-9019-66e5ebfc85de
[92mINFO [0m:      Sent reply
[92mINFO [0m:      
[92mINFO [0m:      Received: evaluate message 468d9f8b-8ff0-4f2e-960d-f8322b9acd2f
[92mINFO [0m:      Sent reply
[92mINFO [0m:      
[92mINFO [0m:      Received: evaluate message bf3589d5-ef92-462b-b5a3-5aed379cdcc6
[92mINFO [0m:      Sent reply
[92mINFO [0m:      
[92mINFO [0m:      Received: evaluate message 7f146c11-fa90-40fe-96fe-b5df689b5a86
[92mINFO [0m:      Sent reply
[92mINFO [0m:      
[92mINFO [0m:      Received: train message ee9c629d-f68e-4611-b054-d115a6665abc
[92mINFO [0m:      Sent reply
[92mINFO [0m:      
[92mINFO [0m:      Received: evaluate message 450eb452-f6e0-4087-ae2a-d2d42feba6e7
[92mINFO [0m:      Sent reply
[92mINFO [0m:      
[92mINFO [0m:      Received: train message cfbf9afc-4f0b-486a-ae47-725d180acaf8
[92mINFO [0m:      Sent reply
[92mINFO [0m:      
[92mINFO [0m:      Received: evaluate message a4dc670a-747d-46a3-902e-4afa3fe55e9a
[92mINFO [0m:      Sent reply
[92mINFO [0m:      
[92mINFO [0m:      Received: evaluate message 9850023e-6f3b-4f6d-87ea-226ba3ae4724
[92mINFO [0m:      Sent reply
[92mINFO [0m:      
[92mINFO [0m:      Received: train message 575261a1-d013-415e-a9d3-72ba008c8c44
[92mINFO [0m:      Sent reply
[92mINFO [0m:      
[92mINFO [0m:      Received: evaluate message 45372b82-aabb-42cf-bd08-2a1a638ec63f
[92mINFO [0m:      Sent reply
[92mINFO [0m:      
[92mINFO [0m:      Received: train message 1e4318b9-ae54-4926-82e8-5d808b99e692
[92mINFO [0m:      Sent reply
[92mINFO [0m:      
[92mINFO [0m:      Received: evaluate message 561a9fa3-cbe4-4f55-8bb3-8015101eeab4
[92mINFO [0m:      Sent reply
[92mINFO [0m:      
[92mINFO [0m:      Received: evaluate message 7b5c5db2-dc27-4280-baf5-97f493e416dc
[92mINFO [0m:      Sent reply
[92mINFO [0m:      
[92mINFO [0m:      Received: train message 8ecfe4c0-1cba-4081-aee1-4366496601fe
[92mINFO [0m:      Sent reply
[92mINFO [0m:      
[92mINFO [0m:      Received: evaluate message 317f9bba-a062-48f7-83d8-1bd525e67afe
[92mINFO [0m:      Sent reply
[92mINFO [0m:      
[92mINFO [0m:      Received: train message 82ef50fc-377d-426b-8d2f-3dd373b53d80
[92mINFO [0m:      Sent reply
[92mINFO [0m:      
[92mINFO [0m:      Received: evaluate message a2058a12-9f45-4ba6-9736-c1aa9da1c723
[92mINFO [0m:      Sent reply
[92mINFO [0m:      
[92mINFO [0m:      Received: evaluate message ac0cf2c6-2f5c-414b-ab0e-d8f6cbe3274c
[92mINFO [0m:      Sent reply
[92mINFO [0m:      
[92mINFO [0m:      Received: train message 0169b286-7726-4588-95d3-923f1a45a00a
[92mINFO [0m:      Sent reply
[92mINFO [0m:      
[92mINFO [0m:      Received: evaluate message 29303f80-7018-46d8-9b81-0971999e1b03
[92mINFO [0m:      Sent reply
[92mINFO [0m:      
[92mINFO [0m:      Received: evaluate message f03f5400-8690-4655-aedd-3647ba45b52d
[92mINFO [0m:      Sent reply
[92mINFO [0m:      
[92mINFO [0m:      Received: train message fbd732a0-1496-4c94-b6c3-f92e3a8f02a6
[92mINFO [0m:      Sent reply
[92mINFO [0m:      
[92mINFO [0m:      Received: train message 4ef9396b-680b-4597-aa7d-4a3d8eae86b6
[92mINFO [0m:      Sent reply
[92mINFO [0m:      
[92mINFO [0m:      Received: evaluate message 99d9800a-b37e-4fe2-81ed-dc483b95bf7f
[92mINFO [0m:      Sent reply
[92mINFO [0m:      
[92mINFO [0m:      Received: train message a62a8377-a27a-4b1d-bf65-10dec5cd0ce7
[92mINFO [0m:      Sent reply
[92mINFO [0m:      
[92mINFO [0m:      Received: evaluate message 715cf74a-86c6-41c8-96cd-6e7a9ddc323f
[92mINFO [0m:      Sent reply
[92mINFO [0m:      
[92mINFO [0m:      Received: train message 51d7dbde-50f1-45c9-863e-d819124c5cb3
[92mINFO [0m:      Sent reply
[92mINFO [0m:      
[92mINFO [0m:      Received: evaluate message 65c28c44-1003-47c5-811a-315c46c902bd
[92mINFO [0m:      Sent reply
[92mINFO [0m:      
[92mINFO [0m:      Received: train message 2766abea-4b4b-47ff-a064-5b72ba9bdb92
[92mINFO [0m:      Sent reply
[92mINFO [0m:      
[92mINFO [0m:      Received: evaluate message e27910f6-11d1-4052-95bc-169eb1b1eb2a
[92mINFO [0m:      Sent reply
[92mINFO [0m:      
[92mINFO [0m:      Received: train message 44e9e13e-d94a-49f5-b849-904c1e9d8a00
[92mINFO [0m:      Sent reply
[92mINFO [0m:      
[92mINFO [0m:      Received: train message e41d0ebe-dd86-400e-8df4-1e9f705db0cc
[92mINFO [0m:      Sent reply
[92mINFO [0m:      
[92mINFO [0m:      Received: train message e9ceff11-89ca-4b7e-821b-94395f2c5e47
[92mINFO [0m:      Sent reply
[92mINFO [0m:      
[92mINFO [0m:      Received: train message fb5958f3-29b8-48f6-bde6-fea6cd1ccbd8
[92mINFO [0m:      Sent reply
[92mINFO [0m:      
[92mINFO [0m:      Received: train message 7825b39f-de07-4b1b-a544-dbf404840973
[92mINFO [0m:      Sent reply
[92mINFO [0m:      
[92mINFO [0m:      Received: train message c2de50c5-8d67-4d7d-bd5a-b41dbcaaedcb
[92mINFO [0m:      Sent reply
[92mINFO [0m:      
[92mINFO [0m:      Received: evaluate message dbfd5dda-425e-43e6-8566-595d2bafa2ca
[92mINFO [0m:      Sent reply
[92mINFO [0m:      
[92mINFO [0m:      Received: evaluate message f0ad968c-de71-499d-8dbc-81e3042ed3b3
[92mINFO [0m:      Sent reply
[92mINFO [0m:      
[92mINFO [0m:      Received: train message de338de4-befe-40e5-84ae-8533a516384e
[92mINFO [0m:      Sent reply
[92mINFO [0m:      
[92mINFO [0m:      Received: train message d9cf9c4d-6272-485f-a81c-214349dc2666
[92mINFO [0m:      Sent reply
[92mINFO [0m:      
[92mINFO [0m:      Received: evaluate message d27053c9-caab-4cf9-bc97-e9bd4dd85419
[92mINFO [0m:      Sent reply
[92mINFO [0m:      
[92mINFO [0m:      Received: train message 738caf32-b1f1-41c6-9d48-3769b6121bb9
[92mINFO [0m:      Sent reply
[92mINFO [0m:      
[92mINFO [0m:      Received: reconnect message 8e0ecfa3-21c3-4711-b526-55f7e344e28c
[92mINFO [0m:      Disconnect and shut down
