[93mWARNING [0m:   DEPRECATED FEATURE: flwr.client.start_client() is deprecated.
	Instead, use the `flower-supernode` CLI command to start a SuperNode as shown below:

		$ flower-supernode --insecure --superlink='<IP>:<PORT>'

	To view all available options, run:

		$ flower-supernode --help

	Using `start_client()` is deprecated.

            This is a deprecated feature. It will be removed
            entirely in future versions of Flower.
        
[92mINFO [0m:      
[92mINFO [0m:      Received: train message 5d2e1879-b3a0-43c8-bd19-f171737e19cb
[92mINFO [0m:      Sent reply
[92mINFO [0m:      
[92mINFO [0m:      Received: train message 1b4c5abd-7cdf-44b1-be1e-f6d6db85e50c
[92mINFO [0m:      Sent reply
[92mINFO [0m:      
[92mINFO [0m:      Received: evaluate message 3a3271ab-83e1-4825-af7c-bf46ee793e3b
[92mINFO [0m:      Sent reply
[92mINFO [0m:      
[92mINFO [0m:      Received: evaluate message ced865e2-cf7d-41fe-8ffa-7350686d9702
[92mINFO [0m:      Sent reply
[92mINFO [0m:      
[92mINFO [0m:      Received: train message 9c5a452b-0704-4700-aab8-648b68374c41
[92mINFO [0m:      Sent reply
[92mINFO [0m:      
[92mINFO [0m:      Received: evaluate message 58a2a9a5-9574-488d-9757-253612a29f69
[92mINFO [0m:      Sent reply
[92mINFO [0m:      
[92mINFO [0m:      Received: train message 1dc37f27-cb5f-4bc5-aee3-a4a60fce8582
[92mINFO [0m:      Sent reply
[92mINFO [0m:      
[92mINFO [0m:      Received: train message a081c92c-21eb-41ee-a2b5-86541c66f8b2
[92mINFO [0m:      Sent reply
[92mINFO [0m:      
[92mINFO [0m:      Received: evaluate message 75ebb457-7c44-46bc-9840-b6af936c8d78
[92mINFO [0m:      Sent reply
[92mINFO [0m:      
[92mINFO [0m:      Received: train message a4a798aa-729e-4b56-a0f8-424d24e9bdf2
[92mINFO [0m:      Sent reply
[92mINFO [0m:      
[92mINFO [0m:      Received: evaluate message 97e57d3f-2b7b-48e4-9f98-384549a793f1
[92mINFO [0m:      Sent reply
[92mINFO [0m:      
[92mINFO [0m:      Received: train message 981d5f43-4679-4968-b7e7-7e62a5b8d49e
[92mINFO [0m:      Sent reply
[92mINFO [0m:      
[92mINFO [0m:      Received: train message da3acab8-8104-48b1-854e-c18618bdc15b
[92mINFO [0m:      Sent reply
[92mINFO [0m:      
[92mINFO [0m:      Received: evaluate message 20b7ac59-d837-4db6-bb05-4768ad9e2fae
[92mINFO [0m:      Sent reply
[92mINFO [0m:      
[92mINFO [0m:      Received: evaluate message 8888d695-f696-4405-aa88-6404bb0970c3
[92mINFO [0m:      Sent reply
[92mINFO [0m:      
[92mINFO [0m:      Received: train message 0b539d8a-8ac3-4bdb-b110-e16e906a462d
[92mINFO [0m:      Sent reply
[92mINFO [0m:      
[92mINFO [0m:      Received: evaluate message 1ea3b1cc-970f-4f5c-876d-07f66cd9642e
[92mINFO [0m:      Sent reply
[92mINFO [0m:      
[92mINFO [0m:      Received: evaluate message 82684ca6-7748-4b32-9322-ef17a499205a
[92mINFO [0m:      Sent reply
[92mINFO [0m:      
[92mINFO [0m:      Received: train message ead6ff2c-d077-47e0-99bf-4898ff612993
[92mINFO [0m:      Sent reply
[92mINFO [0m:      
[92mINFO [0m:      Received: evaluate message 95beaa0c-e28b-4554-881d-e99a2b581598
[92mINFO [0m:      Sent reply
[92mINFO [0m:      
[92mINFO [0m:      Received: evaluate message 7ab28c43-a4a4-4fe4-81c4-c56e62e0d42f
[92mINFO [0m:      Sent reply
[92mINFO [0m:      
[92mINFO [0m:      Received: train message 1a7fb4bc-de11-41df-a137-05441d8e6e82
[92mINFO [0m:      Sent reply
[92mINFO [0m:      
[92mINFO [0m:      Received: evaluate message 0e810fb8-7003-4de0-ab33-5ad3f6fea4b8
[92mINFO [0m:      Sent reply
[92mINFO [0m:      
[92mINFO [0m:      Received: train message 93283854-ce37-46a5-bd18-f88a0400302c
[92mINFO [0m:      Sent reply
[92mINFO [0m:      
[92mINFO [0m:      Received: evaluate message d4495b1a-6f2a-4005-9a72-55a69d84f665
[92mINFO [0m:      Sent reply
[92mINFO [0m:      
[92mINFO [0m:      Received: evaluate message 6e178538-3dd6-425e-9a08-4efe381fe994
[92mINFO [0m:      Sent reply
[92mINFO [0m:      
[92mINFO [0m:      Received: train message 9f7abf2f-1931-4e5e-bc89-0aadb640a33b
[92mINFO [0m:      Sent reply
[92mINFO [0m:      
[92mINFO [0m:      Received: evaluate message 31f37e6d-e572-4eb5-b026-0b77b8a87b5d
[92mINFO [0m:      Sent reply
[92mINFO [0m:      
[92mINFO [0m:      Received: train message ca97bcf6-ab9f-4dba-94ec-9126a613942f
[92mINFO [0m:      Sent reply
[92mINFO [0m:      
[92mINFO [0m:      Received: evaluate message 1434f800-5a09-4721-b274-0ecb1b9080ff
[92mINFO [0m:      Sent reply
[92mINFO [0m:      
[92mINFO [0m:      Received: evaluate message f0ccf9fe-0483-438a-9709-b4842bed4062
[92mINFO [0m:      Sent reply
[92mINFO [0m:      
[92mINFO [0m:      Received: train message c78e368b-92b2-455c-ac14-eb43703f98bb
[92mINFO [0m:      Sent reply
[92mINFO [0m:      
[92mINFO [0m:      Received: evaluate message ff3569bf-ee2e-4fe0-9958-0fca0fddb121
[92mINFO [0m:      Sent reply
[92mINFO [0m:      
[92mINFO [0m:      Received: train message 1a668b7e-84b5-4fd0-b3ee-61d3eb05d7ea
[92mINFO [0m:      Sent reply
[92mINFO [0m:      
[92mINFO [0m:      Received: evaluate message ef5c95ea-3569-4754-9b7e-e239e80271c5
[92mINFO [0m:      Sent reply
[92mINFO [0m:      
[92mINFO [0m:      Received: train message 03eefe16-9274-41b3-b9c9-35608b77574c
[92mINFO [0m:      Sent reply
[92mINFO [0m:      
[92mINFO [0m:      Received: train message c59e109e-859d-4b20-9653-105e81576604
[92mINFO [0m:      Sent reply
[92mINFO [0m:      
[92mINFO [0m:      Received: train message a136f2b9-9c71-4b69-a47e-85ea99b4daf0
[92mINFO [0m:      Sent reply
[92mINFO [0m:      
[92mINFO [0m:      Received: train message 616df780-8ff2-40a5-ab3a-06dc1d58a310
[92mINFO [0m:      Sent reply
[92mINFO [0m:      
[92mINFO [0m:      Received: train message 6e9585df-502c-4a39-b2e8-0ad24599c63f
[92mINFO [0m:      Sent reply
[92mINFO [0m:      
[92mINFO [0m:      Received: evaluate message e036bec7-23e9-40e2-8fb8-9a0bcec131d3
[92mINFO [0m:      Sent reply
[92mINFO [0m:      
[92mINFO [0m:      Received: train message 94868123-16d9-4678-9b73-205dfff9c82b
[92mINFO [0m:      Sent reply
[92mINFO [0m:      
[92mINFO [0m:      Received: evaluate message cfbc5664-6aad-4626-8d8f-f128745a4677
[92mINFO [0m:      Sent reply
[92mINFO [0m:      
[92mINFO [0m:      Received: train message 1eb3b14d-6a4a-4cd1-aca3-b5d7f81733ab
[92mINFO [0m:      Sent reply
[92mINFO [0m:      
[92mINFO [0m:      Received: evaluate message de13d7d0-921c-4550-a4b4-e51431911db3
[92mINFO [0m:      Sent reply
[92mINFO [0m:      
[92mINFO [0m:      Received: train message a7e9c436-414b-4d16-8a60-b912aed40a5b
[92mINFO [0m:      Sent reply
[92mINFO [0m:      
[92mINFO [0m:      Received: evaluate message 07acddfc-5d5d-405c-a1d9-5b42430c93f3
[92mINFO [0m:      Sent reply
[92mINFO [0m:      
[92mINFO [0m:      Received: train message 63c47cc4-9ad6-4a14-8e37-3d112c21cbb4
[92mINFO [0m:      Sent reply
[92mINFO [0m:      
[92mINFO [0m:      Received: train message 656d8ad3-7c0b-42f1-9824-7d3c4fbdf8c5
[92mINFO [0m:      Sent reply
[92mINFO [0m:      
[92mINFO [0m:      Received: evaluate message 966ced64-38c9-4168-940f-0f0fdd82acc4
[92mINFO [0m:      Sent reply
[92mINFO [0m:      
[92mINFO [0m:      Received: evaluate message e5d51eff-8c19-4448-a220-b40dc9952862
[92mINFO [0m:      Sent reply
[92mINFO [0m:      
[92mINFO [0m:      Received: train message 3c03eb4f-91ce-4c76-96e3-1cc3ddc03205
[92mINFO [0m:      Sent reply
[92mINFO [0m:      
[92mINFO [0m:      Received: train message 82d5550e-ef07-4e69-9a07-b9469a88c989
[92mINFO [0m:      Sent reply
[92mINFO [0m:      
[92mINFO [0m:      Received: evaluate message c400b043-50a4-49de-8adc-2c9c82ca86cd
[92mINFO [0m:      Sent reply
[92mINFO [0m:      
[92mINFO [0m:      Received: train message 1c368f58-0335-4246-bc65-8cdb2f893307
[92mINFO [0m:      Sent reply
[92mINFO [0m:      
[92mINFO [0m:      Received: evaluate message 87595fb4-5e34-48de-a91d-1cefb2f4b1a9
[92mINFO [0m:      Sent reply
[92mINFO [0m:      
[92mINFO [0m:      Received: evaluate message 5806547e-3ab6-4710-a57a-174b73038cd9
[92mINFO [0m:      Sent reply
[92mINFO [0m:      
[92mINFO [0m:      Received: evaluate message 0b1842de-16b7-4e86-aaf3-9a982759256b
[92mINFO [0m:      Sent reply
[92mINFO [0m:      
[92mINFO [0m:      Received: evaluate message 49ca6658-52c2-480b-80e4-b60a7869e9d8
[92mINFO [0m:      Sent reply
[92mINFO [0m:      
[92mINFO [0m:      Received: train message 8d6e39fb-10c2-4bb1-9740-1bd5bb5994c0
[92mINFO [0m:      Sent reply
[92mINFO [0m:      
[92mINFO [0m:      Received: train message d433e097-eac2-4640-b9df-776519d7f10d
[92mINFO [0m:      Sent reply
[92mINFO [0m:      
[92mINFO [0m:      Received: train message 20b1fd05-cc78-4e1b-9366-517e357bece9
[92mINFO [0m:      Sent reply
[92mINFO [0m:      
[92mINFO [0m:      Received: evaluate message 6311a0a9-b819-4956-a7ce-292c376bb599
[92mINFO [0m:      Sent reply
[92mINFO [0m:      
[92mINFO [0m:      Received: train message b69a2738-715b-486d-9686-ab3da72a15de
[92mINFO [0m:      Sent reply
[92mINFO [0m:      
[92mINFO [0m:      Received: train message 43e87ce9-182a-4b52-b378-a2a832ff4f40
[92mINFO [0m:      Sent reply
[92mINFO [0m:      
[92mINFO [0m:      Received: evaluate message 65b2553d-b34d-4d5b-bae2-7844d77f2066
[92mINFO [0m:      Sent reply
[92mINFO [0m:      
[92mINFO [0m:      Received: evaluate message 30df04b5-97ee-4cc4-85de-052c2d84959a
[92mINFO [0m:      Sent reply
[92mINFO [0m:      
[92mINFO [0m:      Received: evaluate message e6baa595-55dd-4c5e-9438-7d9c52d688d3
[92mINFO [0m:      Sent reply
[92mINFO [0m:      
[92mINFO [0m:      Received: evaluate message e90197e1-9e0d-4d22-a02d-6893b7314eda
[92mINFO [0m:      Sent reply
[92mINFO [0m:      
[92mINFO [0m:      Received: train message 4917230c-b50f-4038-82ac-8e80bc5de9fa
[92mINFO [0m:      Sent reply
[92mINFO [0m:      
[92mINFO [0m:      Received: train message aea74256-9e1c-4016-9853-e0a8c0e7a55a
[92mINFO [0m:      Sent reply
[92mINFO [0m:      
[92mINFO [0m:      Received: evaluate message 122e160e-677d-4c33-8e39-7c1373d266e0
[92mINFO [0m:      Sent reply
[92mINFO [0m:      
[92mINFO [0m:      Received: train message ed1a7a81-cc2d-463c-8732-f5c44a2c4cd2
[92mINFO [0m:      Sent reply
[92mINFO [0m:      
[92mINFO [0m:      Received: evaluate message a378200a-35de-43ec-8355-3e4857048b80
[92mINFO [0m:      Sent reply
[92mINFO [0m:      
[92mINFO [0m:      Received: train message 03a63ef1-9910-4344-82f2-c68ef8b1d0b2
[92mINFO [0m:      Sent reply
[92mINFO [0m:      
[92mINFO [0m:      Received: evaluate message 1165a5e1-c539-41a3-9943-99ef90c24fdd
[92mINFO [0m:      Sent reply
[92mINFO [0m:      
[92mINFO [0m:      Received: train message a31a864d-4840-46ca-b587-9f02b8019b5d
[92mINFO [0m:      Sent reply
[92mINFO [0m:      
[92mINFO [0m:      Received: evaluate message 51559468-ac4c-4f7d-ad59-b592c861e5f7
[92mINFO [0m:      Sent reply
[92mINFO [0m:      
[92mINFO [0m:      Received: train message a535fa75-ef4d-4aa9-a582-036cc2cfeed4
[92mINFO [0m:      Sent reply
[92mINFO [0m:      
[92mINFO [0m:      Received: evaluate message 00e1bb4e-f19c-4fe7-bd64-378f5e2b1aeb
[92mINFO [0m:      Sent reply
[92mINFO [0m:      
[92mINFO [0m:      Received: evaluate message 362b611a-bea8-4d9d-9cfe-6c41bd7ce897
[92mINFO [0m:      Sent reply
[92mINFO [0m:      
[92mINFO [0m:      Received: evaluate message 2b0ba011-7d9e-44af-91d6-f42a3e2d9090
[92mINFO [0m:      Sent reply
[92mINFO [0m:      
[92mINFO [0m:      Received: train message 1d60b003-b1f6-4932-beb7-4b85b2a9ad0a
[92mINFO [0m:      Sent reply
[92mINFO [0m:      
[92mINFO [0m:      Received: evaluate message 38962b89-f864-4ca9-b429-9763e3fe73f5
[92mINFO [0m:      Sent reply
[92mINFO [0m:      
[92mINFO [0m:      Received: train message c447a8b7-90f6-431c-8c15-5c175e4aaf34
[92mINFO [0m:      Sent reply
[92mINFO [0m:      
[92mINFO [0m:      Received: train message d87ddc85-9c3c-46cf-9b45-968be693a6bf
[92mINFO [0m:      Sent reply
[92mINFO [0m:      
[92mINFO [0m:      Received: train message 047af59f-946a-4b31-ab9c-e6babdf6dca6
[92mINFO [0m:      Sent reply
[92mINFO [0m:      
[92mINFO [0m:      Received: train message 2b03856d-9f2e-4e62-9ba0-d54f667aa7b2
[92mINFO [0m:      Sent reply
[92mINFO [0m:      
[92mINFO [0m:      Received: evaluate message fd6dcbe9-6c42-4cec-ac49-dac4caacfd96
[92mINFO [0m:      Sent reply
[92mINFO [0m:      
[92mINFO [0m:      Received: evaluate message 063fd8d7-530e-4996-9676-4f98b4f0ca37
[92mINFO [0m:      Sent reply
[92mINFO [0m:      
[92mINFO [0m:      Received: evaluate message 52a98b4a-d948-466e-a6fd-886f1bf9077d
[92mINFO [0m:      Sent reply
[92mINFO [0m:      
[92mINFO [0m:      Received: evaluate message 30ee29ea-8382-4b1c-a8b4-154e3eb276c9
[92mINFO [0m:      Sent reply
[92mINFO [0m:      
[92mINFO [0m:      Received: train message e8d2cb12-2427-4a8b-a8f0-fde2e833a96a
[92mINFO [0m:      Sent reply
[92mINFO [0m:      
[92mINFO [0m:      Received: evaluate message ce4cb02c-58bd-4583-a9cd-aa979a738f8a
[92mINFO [0m:      Sent reply
[92mINFO [0m:      
[92mINFO [0m:      Received: train message b7790377-ebc5-42f3-8631-4ef21aff3b3c
[92mINFO [0m:      Sent reply
[92mINFO [0m:      
[92mINFO [0m:      Received: evaluate message 5e199836-1f95-4467-a8ad-20032f2cf9c3
[92mINFO [0m:      Sent reply
[92mINFO [0m:      
[92mINFO [0m:      Received: train message e258361a-71bb-49cf-b8fb-75b741a0376a
[92mINFO [0m:      Sent reply
[92mINFO [0m:      
[92mINFO [0m:      Received: evaluate message df4cb23d-4d71-4785-8f5b-31a96f553fcf
[92mINFO [0m:      Sent reply
[92mINFO [0m:      
[92mINFO [0m:      Received: train message 728aa216-4b5a-457c-a493-b4b192d0f37c
[92mINFO [0m:      Sent reply
[92mINFO [0m:      
[92mINFO [0m:      Received: evaluate message b7318e21-9b52-4e70-96fb-819bcbe2d972
[92mINFO [0m:      Sent reply
[92mINFO [0m:      
[92mINFO [0m:      Received: train message 2b388709-8d21-4f37-955b-5066f5915467
[92mINFO [0m:      Sent reply
[92mINFO [0m:      
[92mINFO [0m:      Received: evaluate message 1bc28166-ec57-4150-bf58-973480909bba
[92mINFO [0m:      Sent reply
[92mINFO [0m:      
[92mINFO [0m:      Received: evaluate message 8b1fb39f-aad5-4b71-9fa8-cf90c42358db
[92mINFO [0m:      Sent reply
[92mINFO [0m:      
[92mINFO [0m:      Received: evaluate message 737a863a-ab84-43df-966d-5f73876f5b34
[92mINFO [0m:      Sent reply
[92mINFO [0m:      
[92mINFO [0m:      Received: evaluate message 7aa950ef-4d1a-4506-866c-6ec2977d5650
[92mINFO [0m:      Sent reply
[92mINFO [0m:      
[92mINFO [0m:      Received: train message e54915de-3422-4086-a3a9-bb80632b98b9
[92mINFO [0m:      Sent reply
[92mINFO [0m:      
[92mINFO [0m:      Received: train message 6ec2e1e9-2ce0-4f59-a1ac-3fb49debc2a6
[92mINFO [0m:      Sent reply
[92mINFO [0m:      
[92mINFO [0m:      Received: evaluate message 971695aa-e43e-49b1-b3bd-8850c8a1a4be
[92mINFO [0m:      Sent reply
[92mINFO [0m:      
[92mINFO [0m:      Received: train message 67253d80-4f6a-4519-97e9-1d4220de1f3c
[92mINFO [0m:      Sent reply
[92mINFO [0m:      
[92mINFO [0m:      Received: evaluate message 9adc7979-63ed-4c04-9636-bc88847baf5f
[92mINFO [0m:      Sent reply
[92mINFO [0m:      
[92mINFO [0m:      Received: train message 65e4a260-8f79-4ed9-b8be-b015f8eb59b8
[92mINFO [0m:      Sent reply
[92mINFO [0m:      
[92mINFO [0m:      Received: evaluate message 464af63b-8686-4c0c-9db5-6bc6616b7033
[92mINFO [0m:      Sent reply
[92mINFO [0m:      
[92mINFO [0m:      Received: train message 03beac17-2236-4dba-a8c7-0830b1dc2a61
[92mINFO [0m:      Sent reply
[92mINFO [0m:      
[92mINFO [0m:      Received: evaluate message 4a264809-afa5-4c28-b1a9-8ab8291cf318
[92mINFO [0m:      Sent reply
[92mINFO [0m:      
[92mINFO [0m:      Received: evaluate message c26c9253-ee71-4b50-aa85-aea5bf48afa7
[92mINFO [0m:      Sent reply
[92mINFO [0m:      
[92mINFO [0m:      Received: evaluate message c2ae6cb4-0b22-4dc6-b5f7-44eeb5634c5a
[92mINFO [0m:      Sent reply
[92mINFO [0m:      
[92mINFO [0m:      Received: evaluate message 39e87e67-d72c-47a1-a7f2-1618843f4ece
[92mINFO [0m:      Sent reply
[92mINFO [0m:      
[92mINFO [0m:      Received: evaluate message 486d600f-c9d2-490a-9453-4ea09d47c6f4
[92mINFO [0m:      Sent reply
[92mINFO [0m:      
[92mINFO [0m:      Received: train message 67536d07-ff9b-486f-b125-44ba7c9f4159
[92mINFO [0m:      Sent reply
[92mINFO [0m:      
[92mINFO [0m:      Received: train message 69185ae2-2127-473c-ba61-6d0c1eac80dd
[92mINFO [0m:      Sent reply
[92mINFO [0m:      
[92mINFO [0m:      Received: evaluate message 6e58f828-4904-4e0e-9c90-8278b430b551
[92mINFO [0m:      Sent reply
[92mINFO [0m:      
[92mINFO [0m:      Received: train message 17ae2bcd-16f7-4919-b25a-9e51b6fcbe78
[92mINFO [0m:      Sent reply
[92mINFO [0m:      
[92mINFO [0m:      Received: evaluate message e0b58143-281f-4425-bf7b-c014fb5b3bbf
[92mINFO [0m:      Sent reply
[92mINFO [0m:      
[92mINFO [0m:      Received: train message 7acd5c27-9844-4eac-93c5-cce07d91634c
[92mINFO [0m:      Sent reply
[92mINFO [0m:      
[92mINFO [0m:      Received: evaluate message f376312c-ef95-445a-b3f8-b94730ee3702
[92mINFO [0m:      Sent reply
[92mINFO [0m:      
[92mINFO [0m:      Received: reconnect message 3c304e99-add8-45c4-9783-95a80e3efbb1
[92mINFO [0m:      Disconnect and shut down
