[93mWARNING [0m:   DEPRECATED FEATURE: flwr.client.start_client() is deprecated.
	Instead, use the `flower-supernode` CLI command to start a SuperNode as shown below:

		$ flower-supernode --insecure --superlink='<IP>:<PORT>'

	To view all available options, run:

		$ flower-supernode --help

	Using `start_client()` is deprecated.

            This is a deprecated feature. It will be removed
            entirely in future versions of Flower.
        
[92mINFO [0m:      
[92mINFO [0m:      Received: evaluate message 479d2c38-a4af-4e4a-ae79-5ad661fe523c
[92mINFO [0m:      Sent reply
[92mINFO [0m:      
[92mINFO [0m:      Received: evaluate message ab47e127-bf8a-43d3-bfd2-973d8e163354
[92mINFO [0m:      Sent reply
[92mINFO [0m:      
[92mINFO [0m:      Received: train message a8728148-15dc-47f5-a0c0-37eb0e938e89
[92mINFO [0m:      Sent reply
[92mINFO [0m:      
[92mINFO [0m:      Received: evaluate message 89993fcd-1bdd-414b-9d08-4e1ca93f65d7
[92mINFO [0m:      Sent reply
[92mINFO [0m:      
[92mINFO [0m:      Received: evaluate message 655b2804-d957-4f3d-964d-8c0c66039523
[92mINFO [0m:      Sent reply
[92mINFO [0m:      
[92mINFO [0m:      Received: train message b87e4307-6023-4d7d-86d2-9813062e6982
[92mINFO [0m:      Sent reply
[92mINFO [0m:      
[92mINFO [0m:      Received: evaluate message fedb8d25-2e7d-4666-bf8b-eec8fcf46694
[92mINFO [0m:      Sent reply
[92mINFO [0m:      
[92mINFO [0m:      Received: train message a75bc119-9636-4a88-b3f5-a75505514b2a
[92mINFO [0m:      Sent reply
[92mINFO [0m:      
[92mINFO [0m:      Received: evaluate message e0dea857-595b-4d94-996c-5faf1cb2f9ff
[92mINFO [0m:      Sent reply
[92mINFO [0m:      
[92mINFO [0m:      Received: train message b877e545-935d-4bea-9f07-2c5fb77cc67a
[92mINFO [0m:      Sent reply
[92mINFO [0m:      
[92mINFO [0m:      Received: evaluate message 3fa90dd4-80a3-49ce-8114-a13b8e44ab35
[92mINFO [0m:      Sent reply
[92mINFO [0m:      
[92mINFO [0m:      Received: train message 80815252-7f8c-44dc-8fbe-5a240689f7b8
[92mINFO [0m:      Sent reply
[92mINFO [0m:      
[92mINFO [0m:      Received: train message 7568e007-756b-495a-b7b9-2544809fd012
[92mINFO [0m:      Sent reply
[92mINFO [0m:      
[92mINFO [0m:      Received: evaluate message 608c2bd8-c2be-49ef-b3eb-9046f8a649be
[92mINFO [0m:      Sent reply
[92mINFO [0m:      
[92mINFO [0m:      Received: evaluate message 06795808-6676-4229-bdaa-258c90a156bf
[92mINFO [0m:      Sent reply
[92mINFO [0m:      
[92mINFO [0m:      Received: evaluate message f1b0f1cf-ea2b-4a35-a972-d56f8cd1bb56
[92mINFO [0m:      Sent reply
[92mINFO [0m:      
[92mINFO [0m:      Received: train message 1bccf044-e739-41fb-b6bd-9a41a5b92b25
[92mINFO [0m:      Sent reply
[92mINFO [0m:      
[92mINFO [0m:      Received: evaluate message ac902112-f17f-4a8c-83db-36b94e22e477
[92mINFO [0m:      Sent reply
[92mINFO [0m:      
[92mINFO [0m:      Received: train message 55f445f5-f2e9-4cdb-9cb9-b6d7af06eb54
[92mINFO [0m:      Sent reply
[92mINFO [0m:      
[92mINFO [0m:      Received: train message 83453446-2c0a-41b7-a190-63ffb7d12a2e
[92mINFO [0m:      Sent reply
[92mINFO [0m:      
[92mINFO [0m:      Received: evaluate message 13792322-7575-4433-bb5b-957837e17dd7
[92mINFO [0m:      Sent reply
[92mINFO [0m:      
[92mINFO [0m:      Received: train message 23ab8449-4af0-4ff7-8461-8bdd9aab6aa3
[92mINFO [0m:      Sent reply
[92mINFO [0m:      
[92mINFO [0m:      Received: evaluate message d4bf2fdd-52d4-4f42-bc80-4b3a673ddb18
[92mINFO [0m:      Sent reply
[92mINFO [0m:      
[92mINFO [0m:      Received: evaluate message 75e36f0e-982e-4f06-a7c1-47be16213b12
[92mINFO [0m:      Sent reply
[92mINFO [0m:      
[92mINFO [0m:      Received: train message b9911355-826b-474f-b9d3-4b8636b6c6ed
[92mINFO [0m:      Sent reply
[92mINFO [0m:      
[92mINFO [0m:      Received: evaluate message 301e51ac-0a03-41e4-8931-483574754096
[92mINFO [0m:      Sent reply
[92mINFO [0m:      
[92mINFO [0m:      Received: train message a350bff8-3713-4496-a2c8-9e9ed6794ab0
[92mINFO [0m:      Sent reply
[92mINFO [0m:      
[92mINFO [0m:      Received: evaluate message b6b40e14-9e80-4fd0-b2bc-989fd8b95146
[92mINFO [0m:      Sent reply
[92mINFO [0m:      
[92mINFO [0m:      Received: train message 5d39bdd2-d6d6-49b4-a84a-d56f7838b90c
[92mINFO [0m:      Sent reply
[92mINFO [0m:      
[92mINFO [0m:      Received: evaluate message a95ddb17-b7c3-456c-aa8c-1664c23b2bfd
[92mINFO [0m:      Sent reply
[92mINFO [0m:      
[92mINFO [0m:      Received: train message ee0e2d5e-c260-4ad5-a165-39a581fae6ab
[92mINFO [0m:      Sent reply
[92mINFO [0m:      
[92mINFO [0m:      Received: train message e9b523db-6002-4a90-b772-334e7d2726bd
[92mINFO [0m:      Sent reply
[92mINFO [0m:      
[92mINFO [0m:      Received: evaluate message 80c1464b-2569-42fe-a6a0-7c61ebc9074b
[92mINFO [0m:      Sent reply
[92mINFO [0m:      
[92mINFO [0m:      Received: evaluate message 0144df7f-2cad-4191-aae2-cd30fd946cec
[92mINFO [0m:      Sent reply
[92mINFO [0m:      
[92mINFO [0m:      Received: train message 92ef080a-ae57-431d-9cd2-85a47f87e71d
[92mINFO [0m:      Sent reply
[92mINFO [0m:      
[92mINFO [0m:      Received: evaluate message f93e12ba-f8ce-42fd-9c81-a11ab853f04b
[92mINFO [0m:      Sent reply
[92mINFO [0m:      
[92mINFO [0m:      Received: train message 5ee54855-0ae1-4e71-a516-f6d82ddf581d
[92mINFO [0m:      Sent reply
[92mINFO [0m:      
[92mINFO [0m:      Received: evaluate message 0bee5b73-2a52-4f40-8524-035a10e988ff
[92mINFO [0m:      Sent reply
[92mINFO [0m:      
[92mINFO [0m:      Received: train message cdd321a5-053d-444d-8ac3-d892e5eb7e56
[92mINFO [0m:      Sent reply
[92mINFO [0m:      
[92mINFO [0m:      Received: evaluate message 663f3c78-2596-4716-8769-254b8174c475
[92mINFO [0m:      Sent reply
[92mINFO [0m:      
[92mINFO [0m:      Received: evaluate message 505f7530-4263-42d7-89f4-4bc2b8ae07b8
[92mINFO [0m:      Sent reply
[92mINFO [0m:      
[92mINFO [0m:      Received: train message 3388da79-c8b4-47cf-b6f2-dbadeb070955
[92mINFO [0m:      Sent reply
[92mINFO [0m:      
[92mINFO [0m:      Received: evaluate message 56218abf-bfcc-46ec-8346-c15171a87f89
[92mINFO [0m:      Sent reply
[92mINFO [0m:      
[92mINFO [0m:      Received: train message 513a965b-3a52-4ef1-bcca-204cc15c2b6f
[92mINFO [0m:      Sent reply
[92mINFO [0m:      
[92mINFO [0m:      Received: evaluate message 026d2bb8-3106-4ab3-a3f2-f82ba1ca3f20
[92mINFO [0m:      Sent reply
[92mINFO [0m:      
[92mINFO [0m:      Received: evaluate message b7697f6b-31ee-493c-a22f-77bac14fd5c1
[92mINFO [0m:      Sent reply
[92mINFO [0m:      
[92mINFO [0m:      Received: train message 8ea1f775-a89a-414d-98fc-73ff2a8c2235
[92mINFO [0m:      Sent reply
[92mINFO [0m:      
[92mINFO [0m:      Received: evaluate message 4abf38ba-f713-4601-b79a-3ab889628a49
[92mINFO [0m:      Sent reply
[92mINFO [0m:      
[92mINFO [0m:      Received: evaluate message 86a3ef77-f646-4626-b187-5cffe5c8121b
[92mINFO [0m:      Sent reply
[92mINFO [0m:      
[92mINFO [0m:      Received: evaluate message 8a425847-5f0a-4f3c-9fd1-0dc07ec4b02d
[92mINFO [0m:      Sent reply
[92mINFO [0m:      
[92mINFO [0m:      Received: train message fb328f18-31e0-46bd-9849-8dfeddda58d2
[92mINFO [0m:      Sent reply
[92mINFO [0m:      
[92mINFO [0m:      Received: evaluate message 7f68956b-387a-47da-ac46-24286288eed9
[92mINFO [0m:      Sent reply
[92mINFO [0m:      
[92mINFO [0m:      Received: train message b8a6c27a-aa24-4014-a7a6-80a219ae90cd
[92mINFO [0m:      Sent reply
[92mINFO [0m:      
[92mINFO [0m:      Received: train message a61fe8a2-96e6-4222-9b5c-a9701d26bad5
[92mINFO [0m:      Sent reply
[92mINFO [0m:      
[92mINFO [0m:      Received: evaluate message a360df15-ae9f-4508-ba8b-dd623b3f7db0
[92mINFO [0m:      Sent reply
[92mINFO [0m:      
[92mINFO [0m:      Received: train message aa541bb7-ae52-4989-b685-866931017872
[92mINFO [0m:      Sent reply
[92mINFO [0m:      
[92mINFO [0m:      Received: evaluate message 9f66d86d-a117-4b47-ad94-8127c6f8f9ab
[92mINFO [0m:      Sent reply
[92mINFO [0m:      
[92mINFO [0m:      Received: evaluate message 9aec7bab-8f35-464a-9d7d-d8987feb617b
[92mINFO [0m:      Sent reply
[92mINFO [0m:      
[92mINFO [0m:      Received: evaluate message 7a92753a-5c08-4805-a386-bff4988e2e2f
[92mINFO [0m:      Sent reply
[92mINFO [0m:      
[92mINFO [0m:      Received: train message 10e7f093-dfd8-4165-859c-d466ddebc246
[92mINFO [0m:      Sent reply
[92mINFO [0m:      
[92mINFO [0m:      Received: evaluate message 5684dfb6-1117-44b5-8d7c-d38408b06f58
[92mINFO [0m:      Sent reply
[92mINFO [0m:      
[92mINFO [0m:      Received: evaluate message 575d62e2-7944-4f2f-b255-397e5da65ebe
[92mINFO [0m:      Sent reply
[92mINFO [0m:      
[92mINFO [0m:      Received: evaluate message 12ef26b8-a6a5-47ff-8bd6-2bd5b23defad
[92mINFO [0m:      Sent reply
[92mINFO [0m:      
[92mINFO [0m:      Received: train message c4b12a79-63f4-4dfc-b16b-54a622f71af9
[92mINFO [0m:      Sent reply
[92mINFO [0m:      
[92mINFO [0m:      Received: evaluate message cc73392f-7fb8-4138-8950-3d4a24c216f9
[92mINFO [0m:      Sent reply
[92mINFO [0m:      
[92mINFO [0m:      Received: evaluate message 475f57de-c09a-4247-9126-eddc7fb4ac42
[92mINFO [0m:      Sent reply
[92mINFO [0m:      
[92mINFO [0m:      Received: train message 7c3ef468-69d2-4a21-9b09-af3b96e6adf7
[92mINFO [0m:      Sent reply
[92mINFO [0m:      
[92mINFO [0m:      Received: evaluate message 8106ee0e-c7b4-4bdc-9873-b93c39abe790
[92mINFO [0m:      Sent reply
[92mINFO [0m:      
[92mINFO [0m:      Received: evaluate message 72262321-534a-4bcf-9bd0-5b57977c09dd
[92mINFO [0m:      Sent reply
[92mINFO [0m:      
[92mINFO [0m:      Received: evaluate message 39635aa9-52d1-4b16-a0f6-6f148c20bb62
[92mINFO [0m:      Sent reply
[92mINFO [0m:      
[92mINFO [0m:      Received: evaluate message 1cb638d1-c901-4abf-a099-103fe32b29f2
[92mINFO [0m:      Sent reply
[92mINFO [0m:      
[92mINFO [0m:      Received: train message 09139ef6-7f6f-4023-a597-968343c2265c
[92mINFO [0m:      Sent reply
[92mINFO [0m:      
[92mINFO [0m:      Received: evaluate message 8408c552-cce4-4e1e-80c1-8e355da2225c
[92mINFO [0m:      Sent reply
[92mINFO [0m:      
[92mINFO [0m:      Received: train message 5e6e5b90-764b-4c08-a573-7d016ad105cd
[92mINFO [0m:      Sent reply
[92mINFO [0m:      
[92mINFO [0m:      Received: evaluate message f3bc2a1a-2bbe-46b8-8c49-41a6fb08b4c2
[92mINFO [0m:      Sent reply
[92mINFO [0m:      
[92mINFO [0m:      Received: train message 54c94dea-11b1-4a14-aff8-b0d8cbbb3bfd
[92mINFO [0m:      Sent reply
[92mINFO [0m:      
[92mINFO [0m:      Received: evaluate message ecc885cf-4f9f-4bd6-8500-df1e4308f316
[92mINFO [0m:      Sent reply
[92mINFO [0m:      
[92mINFO [0m:      Received: evaluate message 1939ff77-bf33-4a35-9b4d-85d69ae69acd
[92mINFO [0m:      Sent reply
[92mINFO [0m:      
[92mINFO [0m:      Received: train message fc754ef6-0beb-40e1-9d00-85618ad6afe6
[92mINFO [0m:      Sent reply
[92mINFO [0m:      
[92mINFO [0m:      Received: evaluate message 5e2ced7a-493b-40d7-a42a-aa1e93e2e66b
[92mINFO [0m:      Sent reply
[92mINFO [0m:      
[92mINFO [0m:      Received: evaluate message dbfccccf-16f1-4235-af0f-c82c84db81fe
[92mINFO [0m:      Sent reply
[92mINFO [0m:      
[92mINFO [0m:      Received: train message acace5e6-ec0a-4741-b634-866cc7f4438d
[92mINFO [0m:      Sent reply
[92mINFO [0m:      
[92mINFO [0m:      Received: train message 1701fd2c-f067-433b-bf45-b80af8ea4ff0
[92mINFO [0m:      Sent reply
[92mINFO [0m:      
[92mINFO [0m:      Received: evaluate message ccc7dc27-6821-401c-a052-260c12648d93
[92mINFO [0m:      Sent reply
[92mINFO [0m:      
[92mINFO [0m:      Received: train message 85dfe7ea-b32b-4617-ad55-2dcb569c8291
[92mINFO [0m:      Sent reply
[92mINFO [0m:      
[92mINFO [0m:      Received: train message d4512363-4435-431b-8dbc-f580a059d7f2
[92mINFO [0m:      Sent reply
[92mINFO [0m:      
[92mINFO [0m:      Received: evaluate message f3a5d3e9-83fd-4924-ba13-442da9d66d96
[92mINFO [0m:      Sent reply
[92mINFO [0m:      
[92mINFO [0m:      Received: train message 4ec917be-4cc1-40ce-80b5-862150f44410
[92mINFO [0m:      Sent reply
[92mINFO [0m:      
[92mINFO [0m:      Received: evaluate message 934760ed-1aab-4f9a-b2e2-82ae3118dadd
[92mINFO [0m:      Sent reply
[92mINFO [0m:      
[92mINFO [0m:      Received: evaluate message 46566957-9ace-458a-9c38-c4e1b7b276de
[92mINFO [0m:      Sent reply
[92mINFO [0m:      
[92mINFO [0m:      Received: train message 7ec58a63-15ea-443d-abc5-0c2dcf4e3dee
[92mINFO [0m:      Sent reply
[92mINFO [0m:      
[92mINFO [0m:      Received: evaluate message e230d1eb-70ec-4753-88c9-bec0bdd82192
[92mINFO [0m:      Sent reply
[92mINFO [0m:      
[92mINFO [0m:      Received: train message c7fcdd1a-2e35-4145-9c22-4fe6a2026006
[92mINFO [0m:      Sent reply
[92mINFO [0m:      
[92mINFO [0m:      Received: evaluate message ec28ec6a-2f7f-4db0-95e1-7aac261d6ecb
[92mINFO [0m:      Sent reply
[92mINFO [0m:      
[92mINFO [0m:      Received: train message e42103d2-62c3-4855-ad75-bd54c690df69
[92mINFO [0m:      Sent reply
[92mINFO [0m:      
[92mINFO [0m:      Received: evaluate message ae9f3866-00dc-4d8a-9727-c959de2f4db3
[92mINFO [0m:      Sent reply
[92mINFO [0m:      
[92mINFO [0m:      Received: evaluate message b3ac3819-bbe0-468a-83d7-b586af8b3eec
[92mINFO [0m:      Sent reply
[92mINFO [0m:      
[92mINFO [0m:      Received: train message d801c6c5-46a8-4725-9ca4-95c6e7e0f246
[92mINFO [0m:      Sent reply
[92mINFO [0m:      
[92mINFO [0m:      Received: evaluate message 41266e17-461a-4e61-ad6d-40641ff7a53e
[92mINFO [0m:      Sent reply
[92mINFO [0m:      
[92mINFO [0m:      Received: train message c96c1363-8f93-4543-970e-395b86253f7d
[92mINFO [0m:      Sent reply
[92mINFO [0m:      
[92mINFO [0m:      Received: evaluate message 6232efd5-504e-4a9b-b48b-78aba3bddec6
[92mINFO [0m:      Sent reply
[92mINFO [0m:      
[92mINFO [0m:      Received: train message b2ce0adc-cff9-4a13-a349-c9d1bbb1e8c0
[92mINFO [0m:      Sent reply
[92mINFO [0m:      
[92mINFO [0m:      Received: evaluate message 1f1609c2-0d6c-4bfd-afab-9d6f18d872d6
[92mINFO [0m:      Sent reply
[92mINFO [0m:      
[92mINFO [0m:      Received: train message c7843563-4b03-486b-9ff5-a1b9c8582672
[92mINFO [0m:      Sent reply
[92mINFO [0m:      
[92mINFO [0m:      Received: evaluate message fe483281-b0b3-4065-8451-ccc5e78bdff6
[92mINFO [0m:      Sent reply
[92mINFO [0m:      
[92mINFO [0m:      Received: train message b09d4357-4bc5-4d4a-ad56-ef1d96ca36a0
[92mINFO [0m:      Sent reply
[92mINFO [0m:      
[92mINFO [0m:      Received: train message 10577fe9-e50e-4a45-960a-06a9b9cf5b7a
[92mINFO [0m:      Sent reply
[92mINFO [0m:      
[92mINFO [0m:      Received: evaluate message 9787008d-09ba-4ea3-9568-18669fd2b8d2
[92mINFO [0m:      Sent reply
[92mINFO [0m:      
[92mINFO [0m:      Received: train message 0f2040f1-ebe4-4585-baad-f6c02520e6b5
[92mINFO [0m:      Sent reply
[92mINFO [0m:      
[92mINFO [0m:      Received: evaluate message 0f4336f0-b16a-4aaf-99ab-6f1c4464a9bb
[92mINFO [0m:      Sent reply
[92mINFO [0m:      
[92mINFO [0m:      Received: evaluate message 630001b3-16d3-48f6-a01b-d7e086f57e4a
[92mINFO [0m:      Sent reply
[92mINFO [0m:      
[92mINFO [0m:      Received: train message 3bd84a39-f6ec-4fda-a007-921a3baafc58
[92mINFO [0m:      Sent reply
[92mINFO [0m:      
[92mINFO [0m:      Received: train message a8e79e0e-7a03-4fb0-aa92-ef87bbef7d67
[92mINFO [0m:      Sent reply
[92mINFO [0m:      
[92mINFO [0m:      Received: train message fbbfceb7-de88-4c4a-8c44-3fb691910a87
[92mINFO [0m:      Sent reply
[92mINFO [0m:      
[92mINFO [0m:      Received: evaluate message ebaa7a43-446f-4d63-a07c-d8230c085018
[92mINFO [0m:      Sent reply
[92mINFO [0m:      
[92mINFO [0m:      Received: train message 0c81a95c-d740-474b-94dc-83a92ee8741d
[92mINFO [0m:      Sent reply
[92mINFO [0m:      
[92mINFO [0m:      Received: evaluate message 2e73b487-2222-429a-adc3-5bf9f86d96e9
[92mINFO [0m:      Sent reply
[92mINFO [0m:      
[92mINFO [0m:      Received: train message 1858a7ec-2f29-4abc-a697-bf61d787944d
[92mINFO [0m:      Sent reply
[92mINFO [0m:      
[92mINFO [0m:      Received: evaluate message 758fe875-736b-4513-990b-8c7772bc4013
[92mINFO [0m:      Sent reply
[92mINFO [0m:      
[92mINFO [0m:      Received: train message c3062926-a8b1-4053-86b8-8b2268a434bb
[92mINFO [0m:      Sent reply
[92mINFO [0m:      
[92mINFO [0m:      Received: evaluate message b79a204a-0aee-4e66-a062-69f864cb1dbe
[92mINFO [0m:      Sent reply
[92mINFO [0m:      
[92mINFO [0m:      Received: evaluate message 1b560602-ef0f-4f50-9a66-714ee5c5b854
[92mINFO [0m:      Sent reply
[92mINFO [0m:      
[92mINFO [0m:      Received: evaluate message 29d2f578-6ccb-4c15-8c15-5b6305b685fb
[92mINFO [0m:      Sent reply
[92mINFO [0m:      
[92mINFO [0m:      Received: evaluate message f8011c98-d022-4e98-9580-20eb0585bf33
[92mINFO [0m:      Sent reply
[92mINFO [0m:      
[92mINFO [0m:      Received: train message e8c718ef-af79-4d67-8c56-40a1cc99ab23
[92mINFO [0m:      Sent reply
[92mINFO [0m:      
[92mINFO [0m:      Received: evaluate message e5b433d7-38ea-4d7f-909d-3a4c5cdb2146
[92mINFO [0m:      Sent reply
[92mINFO [0m:      
[92mINFO [0m:      Received: evaluate message f3d80360-b0f2-4968-bbe4-7b78422ae384
[92mINFO [0m:      Sent reply
[92mINFO [0m:      
[92mINFO [0m:      Received: train message 771a0226-79fd-4ac3-af7b-175d96a86e27
[92mINFO [0m:      Sent reply
[92mINFO [0m:      
[92mINFO [0m:      Received: evaluate message f66962cc-2cb5-4feb-8282-63210118e5c8
[92mINFO [0m:      Sent reply
[92mINFO [0m:      
[92mINFO [0m:      Received: train message be5938e6-4176-4eb6-9859-a175b312f7d5
[92mINFO [0m:      Sent reply
[92mINFO [0m:      
[92mINFO [0m:      Received: evaluate message a71a036c-b451-4374-a165-962d2cff2644
[92mINFO [0m:      Sent reply
[92mINFO [0m:      
[92mINFO [0m:      Received: train message 91a367ea-bf61-4033-8296-4f1769f45212
[92mINFO [0m:      Sent reply
[92mINFO [0m:      
[92mINFO [0m:      Received: reconnect message cb6a4870-76f8-4e00-91f4-bbd6fd57b18c
[92mINFO [0m:      Disconnect and shut down
