[93mWARNING [0m:   DEPRECATED FEATURE: flwr.client.start_client() is deprecated.
	Instead, use the `flower-supernode` CLI command to start a SuperNode as shown below:

		$ flower-supernode --insecure --superlink='<IP>:<PORT>'

	To view all available options, run:

		$ flower-supernode --help

	Using `start_client()` is deprecated.

            This is a deprecated feature. It will be removed
            entirely in future versions of Flower.
        
[92mINFO [0m:      
[92mINFO [0m:      Received: evaluate message 7cd2524a-655c-4f41-b4c7-e713c9d30089
[92mINFO [0m:      Sent reply
[92mINFO [0m:      
[92mINFO [0m:      Received: evaluate message f33900e6-86e7-4ed6-bdf5-1a59d44916b7
[92mINFO [0m:      Sent reply
[92mINFO [0m:      
[92mINFO [0m:      Received: evaluate message a46b2ce2-1410-4429-acbf-98110744fc9f
[92mINFO [0m:      Sent reply
[92mINFO [0m:      
[92mINFO [0m:      Received: train message 3e0d6ff5-f169-47a6-bfc0-1b9a62bde355
[92mINFO [0m:      Sent reply
[92mINFO [0m:      
[92mINFO [0m:      Received: train message cd90a961-a904-4584-a142-e4549e2698b0
[92mINFO [0m:      Sent reply
[92mINFO [0m:      
[92mINFO [0m:      Received: train message b02baae3-9ea4-4739-88f8-e4bacaea36f1
[92mINFO [0m:      Sent reply
[92mINFO [0m:      
[92mINFO [0m:      Received: evaluate message 867fef27-564a-432d-a32a-b96eea9649bd
[92mINFO [0m:      Sent reply
[92mINFO [0m:      
[92mINFO [0m:      Received: train message c0fb2786-f5ad-4558-ab55-5a03e10cbe8d
[92mINFO [0m:      Sent reply
[92mINFO [0m:      
[92mINFO [0m:      Received: train message dad09beb-8003-4b9c-9e4c-b3a211c3c32c
[92mINFO [0m:      Sent reply
[92mINFO [0m:      
[92mINFO [0m:      Received: evaluate message 68e8a22d-f79f-4935-aeed-bb84471b7edb
[92mINFO [0m:      Sent reply
[92mINFO [0m:      
[92mINFO [0m:      Received: train message 8b099b33-ebd0-43eb-be1b-978de8bee99a
[92mINFO [0m:      Sent reply
[92mINFO [0m:      
[92mINFO [0m:      Received: train message e17c3cb4-51d5-4114-9b24-6a185a80305b
[92mINFO [0m:      Sent reply
[92mINFO [0m:      
[92mINFO [0m:      Received: evaluate message 7ba08480-bab7-4f9b-b388-5b6d896e0c87
[92mINFO [0m:      Sent reply
[92mINFO [0m:      
[92mINFO [0m:      Received: evaluate message c741fdda-d748-47ec-b86b-9fe0eb892f72
[92mINFO [0m:      Sent reply
[92mINFO [0m:      
[92mINFO [0m:      Received: train message 9e90cb8b-842c-453c-bdc6-e47a332a3b57
[92mINFO [0m:      Sent reply
[92mINFO [0m:      
[92mINFO [0m:      Received: evaluate message 6a8ca5ea-2e18-4757-bbfd-eb7c95bb90bd
[92mINFO [0m:      Sent reply
[92mINFO [0m:      
[92mINFO [0m:      Received: train message ecb1ee76-34b1-491d-ad86-950867e711dc
[92mINFO [0m:      Sent reply
[92mINFO [0m:      
[92mINFO [0m:      Received: evaluate message 37395e00-381f-43f0-989f-0204c1c9b2f1
[92mINFO [0m:      Sent reply
[92mINFO [0m:      
[92mINFO [0m:      Received: train message eb11ef52-4b06-4185-9f8c-474750ccdab8
[92mINFO [0m:      Sent reply
[92mINFO [0m:      
[92mINFO [0m:      Received: evaluate message 48c7b5ab-17d1-479c-b693-b21bf9c15f14
[92mINFO [0m:      Sent reply
[92mINFO [0m:      
[92mINFO [0m:      Received: evaluate message accd5644-d9b1-4425-a3f0-717051fbfd82
[92mINFO [0m:      Sent reply
[92mINFO [0m:      
[92mINFO [0m:      Received: evaluate message c06c19e2-6bc0-4324-a008-04c30ff6c7d8
[92mINFO [0m:      Sent reply
[92mINFO [0m:      
[92mINFO [0m:      Received: evaluate message e4705ada-d631-477d-b352-6c9cc87f0c42
[92mINFO [0m:      Sent reply
[92mINFO [0m:      
[92mINFO [0m:      Received: train message bbcd2280-b9b9-4874-93e3-34df38a76dd7
[92mINFO [0m:      Sent reply
[92mINFO [0m:      
[92mINFO [0m:      Received: evaluate message c271c71b-59cf-4328-a248-59da3cf5c517
[92mINFO [0m:      Sent reply
[92mINFO [0m:      
[92mINFO [0m:      Received: train message 4846d7ad-c261-448f-bc53-7afd88b39507
[92mINFO [0m:      Sent reply
[92mINFO [0m:      
[92mINFO [0m:      Received: train message 70ac566a-5c00-4e79-be94-0af8efb62943
[92mINFO [0m:      Sent reply
[92mINFO [0m:      
[92mINFO [0m:      Received: train message 8960aceb-6fdd-47a0-bdb8-1a402e3dda71
[92mINFO [0m:      Sent reply
[92mINFO [0m:      
[92mINFO [0m:      Received: evaluate message 6bbde9bb-f38c-4512-9184-04ae14589433
[92mINFO [0m:      Sent reply
[92mINFO [0m:      
[92mINFO [0m:      Received: train message 0e11d88d-10f3-4257-ad24-d14cc93bfd01
[92mINFO [0m:      Sent reply
[92mINFO [0m:      
[92mINFO [0m:      Received: evaluate message f2bcaa57-f91b-413f-ae0b-7f4435e05c3c
[92mINFO [0m:      Sent reply
[92mINFO [0m:      
[92mINFO [0m:      Received: evaluate message 9add559c-fb1f-4b4a-b5cb-ff1e7e5aba19
[92mINFO [0m:      Sent reply
[92mINFO [0m:      
[92mINFO [0m:      Received: train message 51397fc8-f997-473d-a3f2-31aea3213e30
[92mINFO [0m:      Sent reply
[92mINFO [0m:      
[92mINFO [0m:      Received: evaluate message 374f7e95-1ee6-4f54-bd8e-2dc256afac51
[92mINFO [0m:      Sent reply
[92mINFO [0m:      
[92mINFO [0m:      Received: evaluate message 681c8199-b4bd-40eb-8195-55c4273789bb
[92mINFO [0m:      Sent reply
[92mINFO [0m:      
[92mINFO [0m:      Received: train message 47342d3f-f3a5-44a1-b504-813550628b72
[92mINFO [0m:      Sent reply
[92mINFO [0m:      
[92mINFO [0m:      Received: evaluate message d860bfe0-f4ac-49eb-abef-8b6e7a9a58d2
[92mINFO [0m:      Sent reply
[92mINFO [0m:      
[92mINFO [0m:      Received: evaluate message 472df9c1-4182-414f-a08f-a0de28168e52
[92mINFO [0m:      Sent reply
[92mINFO [0m:      
[92mINFO [0m:      Received: train message 9d44a115-f1f1-4662-9fc0-b6db27648f1b
[92mINFO [0m:      Sent reply
[92mINFO [0m:      
[92mINFO [0m:      Received: evaluate message fdb0e8d6-21ee-4877-852d-34a3f0c8b6ce
[92mINFO [0m:      Sent reply
[92mINFO [0m:      
[92mINFO [0m:      Received: train message 1dec3f54-4b3c-4198-b3b2-9c893ca6bffc
[92mINFO [0m:      Sent reply
[92mINFO [0m:      
[92mINFO [0m:      Received: evaluate message ec1a2edf-b5d7-463c-a604-0e8759c965aa
[92mINFO [0m:      Sent reply
[92mINFO [0m:      
[92mINFO [0m:      Received: train message 72b118c4-8518-4a26-b050-362dfe491285
[92mINFO [0m:      Sent reply
[92mINFO [0m:      
[92mINFO [0m:      Received: evaluate message 65aad659-7575-4b1b-aed9-5fa6c4fd46f8
[92mINFO [0m:      Sent reply
[92mINFO [0m:      
[92mINFO [0m:      Received: train message d56c5091-477d-44f5-bdd0-fe3e2f18c46f
[92mINFO [0m:      Sent reply
[92mINFO [0m:      
[92mINFO [0m:      Received: evaluate message 5fc9c343-8a10-4307-8a2a-dba25c63aba5
[92mINFO [0m:      Sent reply
[92mINFO [0m:      
[92mINFO [0m:      Received: train message 31955a73-6810-49e9-9726-906b06f1bfdc
[92mINFO [0m:      Sent reply
[92mINFO [0m:      
[92mINFO [0m:      Received: train message 1672432f-45d9-400d-bf9c-c64bcee6198a
[92mINFO [0m:      Sent reply
[92mINFO [0m:      
[92mINFO [0m:      Received: evaluate message 618fee4a-0603-45eb-87a0-f3353ea7c42a
[92mINFO [0m:      Sent reply
[92mINFO [0m:      
[92mINFO [0m:      Received: evaluate message 0e39d8c5-e219-4dc5-9cea-d8a96cd24d07
[92mINFO [0m:      Sent reply
[92mINFO [0m:      
[92mINFO [0m:      Received: train message 8304a10c-16e9-4c68-a394-380e39de73b7
[92mINFO [0m:      Sent reply
[92mINFO [0m:      
[92mINFO [0m:      Received: evaluate message 3ef7f35c-af2f-4412-8a24-a04b9d2da58a
[92mINFO [0m:      Sent reply
[92mINFO [0m:      
[92mINFO [0m:      Received: evaluate message d1e30c1d-4998-4dad-a0f7-8c635476e955
[92mINFO [0m:      Sent reply
[92mINFO [0m:      
[92mINFO [0m:      Received: train message 975db9c4-e133-4342-b65f-61c64679673f
[92mINFO [0m:      Sent reply
[92mINFO [0m:      
[92mINFO [0m:      Received: evaluate message 1f96d440-b3f6-4284-8c32-271c81b987f6
[92mINFO [0m:      Sent reply
[92mINFO [0m:      
[92mINFO [0m:      Received: evaluate message a63384fe-2738-40e5-b8c8-89030e8087b1
[92mINFO [0m:      Sent reply
[92mINFO [0m:      
[92mINFO [0m:      Received: train message 028c40a9-3886-4221-badf-0992c0653f85
[92mINFO [0m:      Sent reply
[92mINFO [0m:      
[92mINFO [0m:      Received: evaluate message 293b58b6-1824-4a07-96d5-c32563cc92ff
[92mINFO [0m:      Sent reply
[92mINFO [0m:      
[92mINFO [0m:      Received: evaluate message 4fec8141-b3c6-4e24-81b8-fafeaa3d7e1a
[92mINFO [0m:      Sent reply
[92mINFO [0m:      
[92mINFO [0m:      Received: evaluate message 1326bdb4-286e-47a9-a65d-70ee044499f3
[92mINFO [0m:      Sent reply
[92mINFO [0m:      
[92mINFO [0m:      Received: evaluate message eddf36fe-598a-4fdf-8dc6-12fa24a37742
[92mINFO [0m:      Sent reply
[92mINFO [0m:      
[92mINFO [0m:      Received: train message 174629b4-f0b0-40a5-b56b-3a03cacbaa8d
[92mINFO [0m:      Sent reply
[92mINFO [0m:      
[92mINFO [0m:      Received: train message 275bf1a0-968a-492d-9adf-44ae05889d79
[92mINFO [0m:      Sent reply
[92mINFO [0m:      
[92mINFO [0m:      Received: train message ee970dd7-3304-4692-9cbc-be39b12defc1
[92mINFO [0m:      Sent reply
[92mINFO [0m:      
[92mINFO [0m:      Received: train message ea142fc4-5a28-44ba-938d-5ff48156a1ae
[92mINFO [0m:      Sent reply
[92mINFO [0m:      
[92mINFO [0m:      Received: train message 1837d77d-907f-474d-a1b9-759fa1a2daa1
[92mINFO [0m:      Sent reply
[92mINFO [0m:      
[92mINFO [0m:      Received: evaluate message b0708f47-96ec-4bcf-914f-b0f0cbd37d0f
[92mINFO [0m:      Sent reply
[92mINFO [0m:      
[92mINFO [0m:      Received: train message 79672b77-0b5c-4d34-93de-9940228a1081
[92mINFO [0m:      Sent reply
[92mINFO [0m:      
[92mINFO [0m:      Received: evaluate message 4b6817b9-e60f-450d-80a5-243e808cd00d
[92mINFO [0m:      Sent reply
[92mINFO [0m:      
[92mINFO [0m:      Received: train message fb1b14f0-b21a-4b46-b9d1-6bf03ff118ec
[92mINFO [0m:      Sent reply
[92mINFO [0m:      
[92mINFO [0m:      Received: evaluate message 799ecb83-b52d-4604-92ca-a41382b79c92
[92mINFO [0m:      Sent reply
[92mINFO [0m:      
[92mINFO [0m:      Received: train message 97c519d1-c80c-4b23-bb45-94c246b2b2fa
[92mINFO [0m:      Sent reply
[92mINFO [0m:      
[92mINFO [0m:      Received: train message cfd177ed-1c99-4706-badb-8d0756b07461
[92mINFO [0m:      Sent reply
[92mINFO [0m:      
[92mINFO [0m:      Received: train message c73ae417-05f4-4fcd-8408-eea0b036fbfd
[92mINFO [0m:      Sent reply
[92mINFO [0m:      
[92mINFO [0m:      Received: evaluate message 687cc26d-2fb3-4207-b6ea-2fbb3205ffd2
[92mINFO [0m:      Sent reply
[92mINFO [0m:      
[92mINFO [0m:      Received: train message 3feaf1ea-849e-4ae1-a979-6c3dbfc17fdf
[92mINFO [0m:      Sent reply
[92mINFO [0m:      
[92mINFO [0m:      Received: evaluate message 3609e926-9f77-4c77-8a18-137d14fd9836
[92mINFO [0m:      Sent reply
[92mINFO [0m:      
[92mINFO [0m:      Received: train message 760e738e-96b2-4906-b4ec-aa4a5d8531fc
[92mINFO [0m:      Sent reply
[92mINFO [0m:      
[92mINFO [0m:      Received: train message 4f0a286e-d965-4a3f-9a3d-82c819391df5
[92mINFO [0m:      Sent reply
[92mINFO [0m:      
[92mINFO [0m:      Received: evaluate message 4b773daa-d239-46a2-b6e7-ea2f12d88884
[92mINFO [0m:      Sent reply
[92mINFO [0m:      
[92mINFO [0m:      Received: train message b1b9e191-b8f8-489c-8bd1-4d38bc6c4bcd
[92mINFO [0m:      Sent reply
[92mINFO [0m:      
[92mINFO [0m:      Received: evaluate message 83782634-461c-462d-a331-ab7f6186cf62
[92mINFO [0m:      Sent reply
[92mINFO [0m:      
[92mINFO [0m:      Received: train message 5d2188e4-69fb-4918-a200-5c63cfa9d402
[92mINFO [0m:      Sent reply
[92mINFO [0m:      
[92mINFO [0m:      Received: evaluate message 0b302e81-3c6c-482f-b761-fdbfbc036170
[92mINFO [0m:      Sent reply
[92mINFO [0m:      
[92mINFO [0m:      Received: train message c7ea2cbb-43a7-457d-a404-212674fc8d94
[92mINFO [0m:      Sent reply
[92mINFO [0m:      
[92mINFO [0m:      Received: evaluate message f9c2a1cc-29b5-4f79-b4a1-03a0d56c7443
[92mINFO [0m:      Sent reply
[92mINFO [0m:      
[92mINFO [0m:      Received: evaluate message 16720c05-7af6-4cc8-ae81-34e46ce5b00c
[92mINFO [0m:      Sent reply
[92mINFO [0m:      
[92mINFO [0m:      Received: evaluate message 43994378-7f4a-40c8-8fdb-bece27d06979
[92mINFO [0m:      Sent reply
[92mINFO [0m:      
[92mINFO [0m:      Received: train message 6ea10ffd-0399-46ae-a62e-a0ace3617bea
[92mINFO [0m:      Sent reply
[92mINFO [0m:      
[92mINFO [0m:      Received: train message 74561d0e-3ece-4f87-a21a-7f8f52fcf1bd
[92mINFO [0m:      Sent reply
[92mINFO [0m:      
[92mINFO [0m:      Received: evaluate message 61fe7128-063d-4477-b214-046cb52b3654
[92mINFO [0m:      Sent reply
[92mINFO [0m:      
[92mINFO [0m:      Received: train message 85edd540-81a6-4560-85ab-23f92e881309
[92mINFO [0m:      Sent reply
[92mINFO [0m:      
[92mINFO [0m:      Received: train message 540a89d3-4ced-49c4-8585-7f183af32900
[92mINFO [0m:      Sent reply
[92mINFO [0m:      
[92mINFO [0m:      Received: evaluate message b4d1f784-76c7-4ce7-b247-bd192aff92d3
[92mINFO [0m:      Sent reply
[92mINFO [0m:      
[92mINFO [0m:      Received: train message 3363f8f7-f54f-4c09-ad1f-eacb810a2ebb
[92mINFO [0m:      Sent reply
[92mINFO [0m:      
[92mINFO [0m:      Received: evaluate message 4a690d5c-b3af-484d-803d-b97bf57431e5
[92mINFO [0m:      Sent reply
[92mINFO [0m:      
[92mINFO [0m:      Received: evaluate message 49d769a7-ba5e-42c7-ade8-7c04213d2d20
[92mINFO [0m:      Sent reply
[92mINFO [0m:      
[92mINFO [0m:      Received: train message 5faad17c-1ab9-452e-8214-0e33254ac3a8
[92mINFO [0m:      Sent reply
[92mINFO [0m:      
[92mINFO [0m:      Received: evaluate message fe1af169-2114-484e-855c-7b6950574bec
[92mINFO [0m:      Sent reply
[92mINFO [0m:      
[92mINFO [0m:      Received: train message a9e8ad01-63a1-4be6-9e8c-142e42fa45bd
[92mINFO [0m:      Sent reply
[92mINFO [0m:      
[92mINFO [0m:      Received: evaluate message 7ac32b4b-ccac-4b68-a191-e6f1863aa76d
[92mINFO [0m:      Sent reply
[92mINFO [0m:      
[92mINFO [0m:      Received: evaluate message 8ab48f04-44d6-4819-9aed-940dc89f4a4d
[92mINFO [0m:      Sent reply
[92mINFO [0m:      
[92mINFO [0m:      Received: evaluate message bbe83ed4-8e49-4a2d-b29c-13652e09444c
[92mINFO [0m:      Sent reply
[92mINFO [0m:      
[92mINFO [0m:      Received: evaluate message d322d6c3-0bfe-4035-a6da-4f1226e122b2
[92mINFO [0m:      Sent reply
[92mINFO [0m:      
[92mINFO [0m:      Received: train message 67d2c101-943e-44c3-ae79-f52136fbee9c
[92mINFO [0m:      Sent reply
[92mINFO [0m:      
[92mINFO [0m:      Received: evaluate message 0b8a4bfe-9631-458d-b109-13d606835aa1
[92mINFO [0m:      Sent reply
[92mINFO [0m:      
[92mINFO [0m:      Received: train message 6469cc0d-03dc-4637-ac98-bcfb5e298008
[92mINFO [0m:      Sent reply
[92mINFO [0m:      
[92mINFO [0m:      Received: evaluate message ba9a1148-0cd2-489e-a7a9-c5aeeda22195
[92mINFO [0m:      Sent reply
[92mINFO [0m:      
[92mINFO [0m:      Received: evaluate message f8a95713-f574-4136-a322-442252b6fbfb
[92mINFO [0m:      Sent reply
[92mINFO [0m:      
[92mINFO [0m:      Received: train message 39984fd1-fbe6-4d07-b63b-2fb42a118e30
[92mINFO [0m:      Sent reply
[92mINFO [0m:      
[92mINFO [0m:      Received: train message 440995ae-ca1d-4720-8e69-399550bbb3b5
[92mINFO [0m:      Sent reply
[92mINFO [0m:      
[92mINFO [0m:      Received: train message c24287b4-bdd3-4ad9-9a9c-7e34e9240bff
[92mINFO [0m:      Sent reply
[92mINFO [0m:      
[92mINFO [0m:      Received: evaluate message b7f7c677-a988-4161-8fa7-1fddbc2a0e05
[92mINFO [0m:      Sent reply
[92mINFO [0m:      
[92mINFO [0m:      Received: train message 7922ce06-77c3-4e50-ad72-b1b579538a81
[92mINFO [0m:      Sent reply
[92mINFO [0m:      
[92mINFO [0m:      Received: evaluate message 492fa63e-1e1c-42b4-8cf1-46ab459bb6be
[92mINFO [0m:      Sent reply
[92mINFO [0m:      
[92mINFO [0m:      Received: train message ec8a89bc-cabf-4a1c-8b57-25b3cef6ffb2
[92mINFO [0m:      Sent reply
[92mINFO [0m:      
[92mINFO [0m:      Received: evaluate message 7a251c87-f0c2-4412-88f8-43d089e472d9
[92mINFO [0m:      Sent reply
[92mINFO [0m:      
[92mINFO [0m:      Received: train message f91a504d-1814-4857-bf4c-67d06dd58d30
[92mINFO [0m:      Sent reply
[92mINFO [0m:      
[92mINFO [0m:      Received: evaluate message add87ff2-c3a1-4d02-9bdf-be349d1b65e8
[92mINFO [0m:      Sent reply
[92mINFO [0m:      
[92mINFO [0m:      Received: train message b775f221-f7cf-4c45-bbb9-7fce67126837
[92mINFO [0m:      Sent reply
[92mINFO [0m:      
[92mINFO [0m:      Received: evaluate message da04c00b-51ee-4573-9b59-7cd78c975a16
[92mINFO [0m:      Sent reply
[92mINFO [0m:      
[92mINFO [0m:      Received: train message d1b3b4df-8b03-4463-b0aa-f46f9f117749
[92mINFO [0m:      Sent reply
[92mINFO [0m:      
[92mINFO [0m:      Received: train message 48bdd235-88b8-4327-83d1-6d7738b09293
[92mINFO [0m:      Sent reply
[92mINFO [0m:      
[92mINFO [0m:      Received: evaluate message 2268a4b1-a6cf-40d5-9de6-32c5f90e01c9
[92mINFO [0m:      Sent reply
[92mINFO [0m:      
[92mINFO [0m:      Received: reconnect message 8be1ee67-6c05-430d-88cd-f6d37f67b7ec
[92mINFO [0m:      Disconnect and shut down
