[93mWARNING [0m:   DEPRECATED FEATURE: flwr.client.start_client() is deprecated.
	Instead, use the `flower-supernode` CLI command to start a SuperNode as shown below:

		$ flower-supernode --insecure --superlink='<IP>:<PORT>'

	To view all available options, run:

		$ flower-supernode --help

	Using `start_client()` is deprecated.

            This is a deprecated feature. It will be removed
            entirely in future versions of Flower.
        
[92mINFO [0m:      
[92mINFO [0m:      Received: train message 45c50ad5-1f5e-43e3-8500-fd230660d708
[92mINFO [0m:      Sent reply
[92mINFO [0m:      
[92mINFO [0m:      Received: train message 1c7c4fe5-c6e4-4b0f-9cea-cf2aa60fd8b7
[92mINFO [0m:      Sent reply
[92mINFO [0m:      
[92mINFO [0m:      Received: train message 07341cc2-9fdd-4e8c-acba-70d7606eb1ed
[92mINFO [0m:      Sent reply
[92mINFO [0m:      
[92mINFO [0m:      Received: train message a476265d-374e-4610-bb16-ba75e488d850
[92mINFO [0m:      Sent reply
[92mINFO [0m:      
[92mINFO [0m:      Received: train message d9f1032f-5377-446e-b778-3dcadbae47c7
[92mINFO [0m:      Sent reply
[92mINFO [0m:      
[92mINFO [0m:      Received: evaluate message 87b46285-3582-421d-8404-121becf992a7
[92mINFO [0m:      Sent reply
[92mINFO [0m:      
[92mINFO [0m:      Received: train message 13eea374-930c-41f1-8f81-2ea39231662b
[92mINFO [0m:      Sent reply
[92mINFO [0m:      
[92mINFO [0m:      Received: evaluate message 2acbdad5-1677-422f-93b7-04fdb05f1794
[92mINFO [0m:      Sent reply
[92mINFO [0m:      
[92mINFO [0m:      Received: evaluate message 5f27c7f8-0314-4e1f-96ed-22423cdd6ad9
[92mINFO [0m:      Sent reply
[92mINFO [0m:      
[92mINFO [0m:      Received: train message 579cd392-231f-43ec-8093-0aa1a96b36cd
[92mINFO [0m:      Sent reply
[92mINFO [0m:      
[92mINFO [0m:      Received: train message 38c4f54d-4936-4138-8c4f-86d84727fd8a
[92mINFO [0m:      Sent reply
[92mINFO [0m:      
[92mINFO [0m:      Received: evaluate message 11ab059e-6117-4955-8b3b-cea3af06c59c
[92mINFO [0m:      Sent reply
[92mINFO [0m:      
[92mINFO [0m:      Received: evaluate message d05239b1-2c96-4346-ac7a-40b4417c5810
[92mINFO [0m:      Sent reply
[92mINFO [0m:      
[92mINFO [0m:      Received: evaluate message b3192715-adba-402d-a706-ad7816d36b47
[92mINFO [0m:      Sent reply
[92mINFO [0m:      
[92mINFO [0m:      Received: train message 11f3b80a-0544-4ff9-a6ec-7259250e7710
[92mINFO [0m:      Sent reply
[92mINFO [0m:      
[92mINFO [0m:      Received: evaluate message 04cf1504-88ea-4676-ae5a-e6366bce89eb
[92mINFO [0m:      Sent reply
[92mINFO [0m:      
[92mINFO [0m:      Received: train message 18aada2c-b098-4bdf-904e-a035dfd9f147
[92mINFO [0m:      Sent reply
[92mINFO [0m:      
[92mINFO [0m:      Received: evaluate message b917113f-afaa-4aef-9d5a-819c1c862985
[92mINFO [0m:      Sent reply
[92mINFO [0m:      
[92mINFO [0m:      Received: train message 12e2f22a-54ed-47fe-a508-c592f2d82690
[92mINFO [0m:      Sent reply
[92mINFO [0m:      
[92mINFO [0m:      Received: evaluate message c60991c8-402e-4570-abf4-7c59ca0424c9
[92mINFO [0m:      Sent reply
[92mINFO [0m:      
[92mINFO [0m:      Received: evaluate message 7b4121e4-5454-4f5c-85c4-92c505b96908
[92mINFO [0m:      Sent reply
[92mINFO [0m:      
[92mINFO [0m:      Received: train message 213197a2-c1e4-471d-ae05-6ff8c8cd8b79
[92mINFO [0m:      Sent reply
[92mINFO [0m:      
[92mINFO [0m:      Received: evaluate message 6f5aa503-41ff-4ec5-9f95-ddb68b12a913
[92mINFO [0m:      Sent reply
[92mINFO [0m:      
[92mINFO [0m:      Received: train message 26974c4a-1aef-4586-9dc5-b1819e59a9e7
[92mINFO [0m:      Sent reply
[92mINFO [0m:      
[92mINFO [0m:      Received: evaluate message 28a95a6c-49d4-4114-b081-f445bed502e3
[92mINFO [0m:      Sent reply
[92mINFO [0m:      
[92mINFO [0m:      Received: train message 358cadab-4951-4dbc-839f-f373faa258ab
[92mINFO [0m:      Sent reply
[92mINFO [0m:      
[92mINFO [0m:      Received: evaluate message 128befdb-0f88-47a6-a7d1-ee74fff85c84
[92mINFO [0m:      Sent reply
[92mINFO [0m:      
[92mINFO [0m:      Received: train message 59a836ad-9574-4893-83fe-5823abf41987
[92mINFO [0m:      Sent reply
[92mINFO [0m:      
[92mINFO [0m:      Received: train message 537c10fb-0d5a-4e4f-9993-f862c97e7638
[92mINFO [0m:      Sent reply
[92mINFO [0m:      
[92mINFO [0m:      Received: evaluate message b1fb01b5-ed68-4b5a-862f-c983621da3fc
[92mINFO [0m:      Sent reply
[92mINFO [0m:      
[92mINFO [0m:      Received: evaluate message bc3fca48-7a45-47ba-b20e-48a7a2ce0aad
[92mINFO [0m:      Sent reply
[92mINFO [0m:      
[92mINFO [0m:      Received: train message 79e350ec-7212-4160-8df5-d3e62f5d3a71
[92mINFO [0m:      Sent reply
[92mINFO [0m:      
[92mINFO [0m:      Received: evaluate message d7ea789f-e0c0-4532-be2a-8f6fda176777
[92mINFO [0m:      Sent reply
[92mINFO [0m:      
[92mINFO [0m:      Received: train message 9e29eace-3bb0-4f0a-a847-fdd208cd12a2
[92mINFO [0m:      Sent reply
[92mINFO [0m:      
[92mINFO [0m:      Received: train message 933e7455-52dd-4eaf-8a6e-e96dfe526363
[92mINFO [0m:      Sent reply
[92mINFO [0m:      
[92mINFO [0m:      Received: evaluate message 69651f7d-7315-47b4-9223-788b1be2ee5b
[92mINFO [0m:      Sent reply
[92mINFO [0m:      
[92mINFO [0m:      Received: evaluate message fd4c85f4-7a4b-4b5b-a53b-e8a4d9e517aa
[92mINFO [0m:      Sent reply
[92mINFO [0m:      
[92mINFO [0m:      Received: train message c7224248-eb33-4b09-b353-6e3b6887bb02
[92mINFO [0m:      Sent reply
[92mINFO [0m:      
[92mINFO [0m:      Received: evaluate message 5849b44e-5079-4ae0-9e34-ec4d3f8ac80b
[92mINFO [0m:      Sent reply
[92mINFO [0m:      
[92mINFO [0m:      Received: evaluate message dfbee7a6-95a1-4d23-9c1c-af4c64b9c1a6
[92mINFO [0m:      Sent reply
[92mINFO [0m:      
[92mINFO [0m:      Received: train message 20db0a3a-0905-41bb-bbfc-12ee8518203e
[92mINFO [0m:      Sent reply
[92mINFO [0m:      
[92mINFO [0m:      Received: train message a6128a61-bb18-4797-bf70-588231c1df84
[92mINFO [0m:      Sent reply
[92mINFO [0m:      
[92mINFO [0m:      Received: train message 96927306-056e-4f8b-bbb7-2e744fafc5f1
[92mINFO [0m:      Sent reply
[92mINFO [0m:      
[92mINFO [0m:      Received: evaluate message c0f2e59b-a12b-48eb-83e6-3d1ad085e77e
[92mINFO [0m:      Sent reply
[92mINFO [0m:      
[92mINFO [0m:      Received: evaluate message ae5bd34f-2cb9-460a-9f35-7d8d698600c1
[92mINFO [0m:      Sent reply
[92mINFO [0m:      
[92mINFO [0m:      Received: evaluate message 2962e752-e547-4c78-b15f-564dfabd3d7c
[92mINFO [0m:      Sent reply
[92mINFO [0m:      
[92mINFO [0m:      Received: train message 49af17db-b43e-481c-958a-8aa0676bb518
[92mINFO [0m:      Sent reply
[92mINFO [0m:      
[92mINFO [0m:      Received: evaluate message ed20558a-53c4-4af7-bea0-6a65c1b5d0c1
[92mINFO [0m:      Sent reply
[92mINFO [0m:      
[92mINFO [0m:      Received: evaluate message 18f651da-3454-45d2-851d-aa4abafd202b
[92mINFO [0m:      Sent reply
[92mINFO [0m:      
[92mINFO [0m:      Received: train message 6811e662-e616-4056-bd9c-91ef44bfdd96
[92mINFO [0m:      Sent reply
[92mINFO [0m:      
[92mINFO [0m:      Received: evaluate message d13f52c1-060c-4cfa-ac68-f7652f53fd45
[92mINFO [0m:      Sent reply
[92mINFO [0m:      
[92mINFO [0m:      Received: train message 29282e64-a3c3-446b-a09a-0285b9286260
[92mINFO [0m:      Sent reply
[92mINFO [0m:      
[92mINFO [0m:      Received: train message 8d105832-9755-45b7-ad6e-32b239d6fd35
[92mINFO [0m:      Sent reply
[92mINFO [0m:      
[92mINFO [0m:      Received: evaluate message 3159ed42-b413-4823-8897-81469d932227
[92mINFO [0m:      Sent reply
[92mINFO [0m:      
[92mINFO [0m:      Received: train message 72acd19a-93be-4248-a82a-d701b742304c
[92mINFO [0m:      Sent reply
[92mINFO [0m:      
[92mINFO [0m:      Received: train message 21497a5f-c2a2-4d16-8307-f34aca4ebc54
[92mINFO [0m:      Sent reply
[92mINFO [0m:      
[92mINFO [0m:      Received: evaluate message c734cde9-0fc7-421f-ae2f-8321c4db5cbb
[92mINFO [0m:      Sent reply
[92mINFO [0m:      
[92mINFO [0m:      Received: train message e8c6c54d-6440-4030-afb8-3811f63c976f
[92mINFO [0m:      Sent reply
[92mINFO [0m:      
[92mINFO [0m:      Received: evaluate message fe90081f-96f1-4536-93a9-d35590b794ab
[92mINFO [0m:      Sent reply
[92mINFO [0m:      
[92mINFO [0m:      Received: train message 0ba7f4c2-3326-4f79-829a-e281e0b589e8
[92mINFO [0m:      Sent reply
[92mINFO [0m:      
[92mINFO [0m:      Received: evaluate message 44322eef-3fd1-471b-b2fa-c31bf79a4e05
[92mINFO [0m:      Sent reply
[92mINFO [0m:      
[92mINFO [0m:      Received: evaluate message 2328968b-90e2-4063-8d22-bd112b731c6c
[92mINFO [0m:      Sent reply
[92mINFO [0m:      
[92mINFO [0m:      Received: train message 070f376f-ca43-4b87-b4b7-25c7f4392e4f
[92mINFO [0m:      Sent reply
[92mINFO [0m:      
[92mINFO [0m:      Received: evaluate message 88b37a4a-46b0-4e59-a2ec-85507ea83ea5
[92mINFO [0m:      Sent reply
[92mINFO [0m:      
[92mINFO [0m:      Received: train message e549e13f-a052-4a99-a427-1f3a0adceac4
[92mINFO [0m:      Sent reply
[92mINFO [0m:      
[92mINFO [0m:      Received: evaluate message c4c745ac-9a2f-45f0-910d-c5eb277156a0
[92mINFO [0m:      Sent reply
[92mINFO [0m:      
[92mINFO [0m:      Received: train message d40d4c6f-b361-4406-b93e-5f7ea0c5b4f7
[92mINFO [0m:      Sent reply
[92mINFO [0m:      
[92mINFO [0m:      Received: train message 9af26f41-b8d8-40c1-94bd-475514039508
[92mINFO [0m:      Sent reply
[92mINFO [0m:      
[92mINFO [0m:      Received: train message fbe90d32-6e91-41fd-99af-225b96d35831
[92mINFO [0m:      Sent reply
[92mINFO [0m:      
[92mINFO [0m:      Received: evaluate message 28ea6f6b-1c06-4db2-b0c5-df7791176a5a
[92mINFO [0m:      Sent reply
[92mINFO [0m:      
[92mINFO [0m:      Received: train message 758375ae-e710-41f6-ab7a-a7a5f83589a1
[92mINFO [0m:      Sent reply
[92mINFO [0m:      
[92mINFO [0m:      Received: train message 139075b9-91f0-4e5a-a55a-e38f501b409d
[92mINFO [0m:      Sent reply
[92mINFO [0m:      
[92mINFO [0m:      Received: train message 9da6cdb5-c294-4529-a8f6-fa191489e2aa
[92mINFO [0m:      Sent reply
[92mINFO [0m:      
[92mINFO [0m:      Received: evaluate message 6c8d9eb1-5c32-48ff-a694-f9cea357ad00
[92mINFO [0m:      Sent reply
[92mINFO [0m:      
[92mINFO [0m:      Received: train message b810f20f-93a8-4182-a131-a3253cc3491f
[92mINFO [0m:      Sent reply
[92mINFO [0m:      
[92mINFO [0m:      Received: evaluate message d52cc96e-af1d-4311-955a-332ffe050e01
[92mINFO [0m:      Sent reply
[92mINFO [0m:      
[92mINFO [0m:      Received: evaluate message df5ddee2-9ed1-4996-bd59-087014128de8
[92mINFO [0m:      Sent reply
[92mINFO [0m:      
[92mINFO [0m:      Received: train message 086dede4-a994-44b9-8db2-1f15f643350f
[92mINFO [0m:      Sent reply
[92mINFO [0m:      
[92mINFO [0m:      Received: evaluate message e3a3e686-7f3e-4ae1-8a2e-b4ba7df77ef1
[92mINFO [0m:      Sent reply
[92mINFO [0m:      
[92mINFO [0m:      Received: train message bb778ae4-1c0f-403d-a8c3-503b5db7211f
[92mINFO [0m:      Sent reply
[92mINFO [0m:      
[92mINFO [0m:      Received: train message 064e155b-34fd-4ad4-b2fb-23a799199d20
[92mINFO [0m:      Sent reply
[92mINFO [0m:      
[92mINFO [0m:      Received: train message 9eae8779-3132-43e2-b27a-5db3f9da1a7e
[92mINFO [0m:      Sent reply
[92mINFO [0m:      
[92mINFO [0m:      Received: evaluate message 5c4982d5-66c5-480f-8c73-771f46fd6d2e
[92mINFO [0m:      Sent reply
[92mINFO [0m:      
[92mINFO [0m:      Received: train message ea9803c6-ec81-4153-872c-c75eecd6bf07
[92mINFO [0m:      Sent reply
[92mINFO [0m:      
[92mINFO [0m:      Received: evaluate message 1b1cf537-9d51-42e1-a955-544361d901ba
[92mINFO [0m:      Sent reply
[92mINFO [0m:      
[92mINFO [0m:      Received: train message 09966768-363b-4973-82cf-96ba4749625e
[92mINFO [0m:      Sent reply
[92mINFO [0m:      
[92mINFO [0m:      Received: evaluate message e8f5f371-09db-4b3c-92b4-d80192abb602
[92mINFO [0m:      Sent reply
[92mINFO [0m:      
[92mINFO [0m:      Received: evaluate message 68261054-22a9-43e0-a12f-3aba6fa8f03d
[92mINFO [0m:      Sent reply
[92mINFO [0m:      
[92mINFO [0m:      Received: evaluate message f8983030-2cd8-4952-a4e3-e84085b9e34c
[92mINFO [0m:      Sent reply
[92mINFO [0m:      
[92mINFO [0m:      Received: train message 099d981e-d225-48f3-9c0b-e7938bd3c156
[92mINFO [0m:      Sent reply
[92mINFO [0m:      
[92mINFO [0m:      Received: evaluate message 5b6ef1a4-9646-44d6-9dd8-eca76b81042a
[92mINFO [0m:      Sent reply
[92mINFO [0m:      
[92mINFO [0m:      Received: train message 4269d68c-9679-473c-b487-83a4019a90f4
[92mINFO [0m:      Sent reply
[92mINFO [0m:      
[92mINFO [0m:      Received: train message 1a5b54f3-bc29-4481-9f74-ef4e867956d1
[92mINFO [0m:      Sent reply
[92mINFO [0m:      
[92mINFO [0m:      Received: train message 62f7c6b0-2e39-43cb-8b0f-682dfdbe9b1e
[92mINFO [0m:      Sent reply
[92mINFO [0m:      
[92mINFO [0m:      Received: evaluate message 635830af-2a16-4b08-a63d-c52c4dcefdc1
[92mINFO [0m:      Sent reply
[92mINFO [0m:      
[92mINFO [0m:      Received: train message 1569c63b-431e-4208-af6b-4fc47de0b8c0
[92mINFO [0m:      Sent reply
[92mINFO [0m:      
[92mINFO [0m:      Received: evaluate message 7701ae49-2a5d-4e98-a0df-7c2adf886373
[92mINFO [0m:      Sent reply
[92mINFO [0m:      
[92mINFO [0m:      Received: evaluate message ce5a13ce-6f58-459f-aca5-3c5b06c6cdfc
[92mINFO [0m:      Sent reply
[92mINFO [0m:      
[92mINFO [0m:      Received: train message 103ab95b-a7b1-43b3-a2f5-28aadf41051b
[92mINFO [0m:      Sent reply
[92mINFO [0m:      
[92mINFO [0m:      Received: evaluate message e171b519-8f38-42a5-91fe-98ecc96c8621
[92mINFO [0m:      Sent reply
[92mINFO [0m:      
[92mINFO [0m:      Received: train message ed1f4524-638f-49cc-840e-56ab95a40f97
[92mINFO [0m:      Sent reply
[92mINFO [0m:      
[92mINFO [0m:      Received: evaluate message 46b978d0-dfc2-4607-9410-e3b955b5e85b
[92mINFO [0m:      Sent reply
[92mINFO [0m:      
[92mINFO [0m:      Received: train message 490e6803-bf2b-431b-a69f-80f7ae905805
[92mINFO [0m:      Sent reply
[92mINFO [0m:      
[92mINFO [0m:      Received: evaluate message 0d4e66d2-5c29-4b35-a5b3-0aac2485865d
[92mINFO [0m:      Sent reply
[92mINFO [0m:      
[92mINFO [0m:      Received: evaluate message bedd7366-499e-4019-8fb4-93b1b4cdf51d
[92mINFO [0m:      Sent reply
[92mINFO [0m:      
[92mINFO [0m:      Received: train message 1999ccd1-4a88-42aa-81bb-77b07afeab2c
[92mINFO [0m:      Sent reply
[92mINFO [0m:      
[92mINFO [0m:      Received: train message 1280020d-05df-4bcc-a1bc-53a5996691d4
[92mINFO [0m:      Sent reply
[92mINFO [0m:      
[92mINFO [0m:      Received: evaluate message 32abce66-6066-4059-99f7-710bbb2415fb
[92mINFO [0m:      Sent reply
[92mINFO [0m:      
[92mINFO [0m:      Received: evaluate message 2ff230af-6ff0-45a0-a41f-bb38d6768bff
[92mINFO [0m:      Sent reply
[92mINFO [0m:      
[92mINFO [0m:      Received: evaluate message dcddfe36-0399-4d11-aed7-4e0cd38576b5
[92mINFO [0m:      Sent reply
[92mINFO [0m:      
[92mINFO [0m:      Received: train message 4b9b79a6-8bf2-4b37-be1b-39148ee52a3e
[92mINFO [0m:      Sent reply
[92mINFO [0m:      
[92mINFO [0m:      Received: train message 7fca393b-2fa1-40a7-80ea-8bb91449dcaa
[92mINFO [0m:      Sent reply
[92mINFO [0m:      
[92mINFO [0m:      Received: evaluate message f0b1f778-c376-4abc-9787-5a12b6b3837c
[92mINFO [0m:      Sent reply
[92mINFO [0m:      
[92mINFO [0m:      Received: evaluate message 1eee481d-657a-4d3b-9412-e96bcca03ab0
[92mINFO [0m:      Sent reply
[92mINFO [0m:      
[92mINFO [0m:      Received: train message f22dd2b9-3d06-4a2e-83c1-d66a7f7c585e
[92mINFO [0m:      Sent reply
[92mINFO [0m:      
[92mINFO [0m:      Received: evaluate message 7c952b66-2e7e-4390-b8c2-ecd5d0be57b1
[92mINFO [0m:      Sent reply
[92mINFO [0m:      
[92mINFO [0m:      Received: evaluate message 3a5d570b-3a0d-4810-a814-172105945d00
[92mINFO [0m:      Sent reply
[92mINFO [0m:      
[92mINFO [0m:      Received: evaluate message b95b9a01-4971-4ddd-9c66-7571f55328c5
[92mINFO [0m:      Sent reply
[92mINFO [0m:      
[92mINFO [0m:      Received: train message f0c3b157-a657-4697-b1c9-02fbaf3e1a86
[92mINFO [0m:      Sent reply
[92mINFO [0m:      
[92mINFO [0m:      Received: evaluate message 77347131-7ee8-455f-a0ee-3a4becae7c3f
[92mINFO [0m:      Sent reply
[92mINFO [0m:      
[92mINFO [0m:      Received: train message 366ae807-9e4b-4272-9c63-efa2e022516b
[92mINFO [0m:      Sent reply
[92mINFO [0m:      
[92mINFO [0m:      Received: evaluate message 763ea436-c884-4cad-898c-a94d892d5927
[92mINFO [0m:      Sent reply
[92mINFO [0m:      
[92mINFO [0m:      Received: reconnect message 19b97c2d-ace7-4730-a38f-26caf9e2879d
[92mINFO [0m:      Disconnect and shut down
