[93mWARNING [0m:   DEPRECATED FEATURE: flwr.client.start_client() is deprecated.
	Instead, use the `flower-supernode` CLI command to start a SuperNode as shown below:

		$ flower-supernode --insecure --superlink='<IP>:<PORT>'

	To view all available options, run:

		$ flower-supernode --help

	Using `start_client()` is deprecated.

            This is a deprecated feature. It will be removed
            entirely in future versions of Flower.
        
[92mINFO [0m:      
[92mINFO [0m:      Received: train message ffdd9a69-9dbd-4edb-a7fc-86a05e47a6ab
[92mINFO [0m:      Sent reply
[92mINFO [0m:      
[92mINFO [0m:      Received: evaluate message f843f88a-2be9-4b4c-a25b-59e547d56694
[92mINFO [0m:      Sent reply
[92mINFO [0m:      
[92mINFO [0m:      Received: train message 206023d0-70cf-46ba-8305-da91a71d4fc2
[92mINFO [0m:      Sent reply
[92mINFO [0m:      
[92mINFO [0m:      Received: evaluate message c01ed2e7-1903-4f2a-97be-1a3fc5ac4a5f
[92mINFO [0m:      Sent reply
[92mINFO [0m:      
[92mINFO [0m:      Received: evaluate message ba0db46f-21df-4ac5-9593-a8370babd85f
[92mINFO [0m:      Sent reply
[92mINFO [0m:      
[92mINFO [0m:      Received: evaluate message 275608df-49b0-48f4-aef1-04cc13f7da4d
[92mINFO [0m:      Sent reply
[92mINFO [0m:      
[92mINFO [0m:      Received: evaluate message 2c979354-4dc7-43b7-94e4-7ee7b9a9a67d
[92mINFO [0m:      Sent reply
[92mINFO [0m:      
[92mINFO [0m:      Received: evaluate message ac205b8e-5926-4aec-b821-43c3481c304e
[92mINFO [0m:      Sent reply
[92mINFO [0m:      
[92mINFO [0m:      Received: evaluate message 5e076ca6-a4d1-42c1-8911-294bb0220929
[92mINFO [0m:      Sent reply
[92mINFO [0m:      
[92mINFO [0m:      Received: train message 2c339208-cea3-456a-949b-3c5559963478
[92mINFO [0m:      Sent reply
[92mINFO [0m:      
[92mINFO [0m:      Received: train message 05b2d17b-2fad-45a3-8445-12dae0726afd
[92mINFO [0m:      Sent reply
[92mINFO [0m:      
[92mINFO [0m:      Received: evaluate message 4549f896-30ec-40c4-88b9-673be9275d0b
[92mINFO [0m:      Sent reply
[92mINFO [0m:      
[92mINFO [0m:      Received: evaluate message 281a3bb3-5537-4c4a-bca3-6e98f3e62c93
[92mINFO [0m:      Sent reply
[92mINFO [0m:      
[92mINFO [0m:      Received: train message e6e11293-b827-4ac1-95a0-f31d666ffca7
[92mINFO [0m:      Sent reply
[92mINFO [0m:      
[92mINFO [0m:      Received: evaluate message b924d875-c26b-4f65-b4d5-506fbcfb5263
[92mINFO [0m:      Sent reply
[92mINFO [0m:      
[92mINFO [0m:      Received: train message 636a889e-3cd4-4364-8fa9-34c4fb673fff
[92mINFO [0m:      Sent reply
[92mINFO [0m:      
[92mINFO [0m:      Received: evaluate message b096baa2-c99c-4101-8ee6-a994170bf781
[92mINFO [0m:      Sent reply
[92mINFO [0m:      
[92mINFO [0m:      Received: evaluate message 6ad2f41f-7b03-44f1-8e88-9224406ea81a
[92mINFO [0m:      Sent reply
[92mINFO [0m:      
[92mINFO [0m:      Received: evaluate message 7da6c79c-678f-4594-9429-b03f365ce4cd
[92mINFO [0m:      Sent reply
[92mINFO [0m:      
[92mINFO [0m:      Received: train message e9082525-fc78-4cac-a760-b4e5db89d895
[92mINFO [0m:      Sent reply
[92mINFO [0m:      
[92mINFO [0m:      Received: evaluate message 81d37ae9-0b3b-46f5-b315-a8c81e5dcca6
[92mINFO [0m:      Sent reply
[92mINFO [0m:      
[92mINFO [0m:      Received: train message 36df4f19-2892-4db9-b067-003d4420d185
[92mINFO [0m:      Sent reply
[92mINFO [0m:      
[92mINFO [0m:      Received: evaluate message fa497b40-d740-4f43-866a-588305c89c8a
[92mINFO [0m:      Sent reply
[92mINFO [0m:      
[92mINFO [0m:      Received: train message 0600ea87-5b6a-49d0-bac1-c18865131730
[92mINFO [0m:      Sent reply
[92mINFO [0m:      
[92mINFO [0m:      Received: evaluate message e5561271-1d20-4457-bc7c-f06c17e07053
[92mINFO [0m:      Sent reply
[92mINFO [0m:      
[92mINFO [0m:      Received: train message dd36af25-86de-469e-9079-492d638085a7
[92mINFO [0m:      Sent reply
[92mINFO [0m:      
[92mINFO [0m:      Received: evaluate message 6b786fc4-cb01-4b79-880b-82da0c5b35df
[92mINFO [0m:      Sent reply
[92mINFO [0m:      
[92mINFO [0m:      Received: train message 1368fbef-957c-4675-a270-7e828c3ff2cf
[92mINFO [0m:      Sent reply
[92mINFO [0m:      
[92mINFO [0m:      Received: evaluate message 29d5eeb1-fc00-487d-824f-3fd641303b9f
[92mINFO [0m:      Sent reply
[92mINFO [0m:      
[92mINFO [0m:      Received: evaluate message c01ba7be-77a4-4b44-b353-4e94c5e38141
[92mINFO [0m:      Sent reply
[92mINFO [0m:      
[92mINFO [0m:      Received: evaluate message 8b35e64c-01f2-4850-abd2-bcc783903586
[92mINFO [0m:      Sent reply
[92mINFO [0m:      
[92mINFO [0m:      Received: train message ae1e5813-7380-45e3-baaa-f45c3c314a93
[92mINFO [0m:      Sent reply
[92mINFO [0m:      
[92mINFO [0m:      Received: train message ca733bc0-c16a-4a9d-a00a-dedd8339065b
[92mINFO [0m:      Sent reply
[92mINFO [0m:      
[92mINFO [0m:      Received: train message f6431ea9-5c4f-4fbb-9550-008c87f53b8f
[92mINFO [0m:      Sent reply
[92mINFO [0m:      
[92mINFO [0m:      Received: train message a61f3eed-2fa0-48f4-8ec6-b1b0dd6668ed
[92mINFO [0m:      Sent reply
[92mINFO [0m:      
[92mINFO [0m:      Received: train message 11b687ea-bc63-426f-b759-7fbf19fb5125
[92mINFO [0m:      Sent reply
[92mINFO [0m:      
[92mINFO [0m:      Received: train message d7c7ffec-3650-4912-b9cf-1a3665f3b08e
[92mINFO [0m:      Sent reply
[92mINFO [0m:      
[92mINFO [0m:      Received: evaluate message 00fbd45d-2fc9-48e4-9576-4e4c5079f2f7
[92mINFO [0m:      Sent reply
[92mINFO [0m:      
[92mINFO [0m:      Received: train message 5a57db41-9e70-45c2-8300-13e183400ff7
[92mINFO [0m:      Sent reply
[92mINFO [0m:      
[92mINFO [0m:      Received: evaluate message dfc32074-891b-4dcf-b82a-001581744100
[92mINFO [0m:      Sent reply
[92mINFO [0m:      
[92mINFO [0m:      Received: train message eb2cc52f-6b31-48ce-9d03-7328c83eaf4d
[92mINFO [0m:      Sent reply
[92mINFO [0m:      
[92mINFO [0m:      Received: evaluate message 48cbf96f-6965-4379-92de-61242d18d0e3
[92mINFO [0m:      Sent reply
[92mINFO [0m:      
[92mINFO [0m:      Received: evaluate message 30d31faf-6dce-4138-a527-c17c3c3a699c
[92mINFO [0m:      Sent reply
[92mINFO [0m:      
[92mINFO [0m:      Received: train message ad139364-2edc-4e9f-83dd-a18bdb319bc1
[92mINFO [0m:      Sent reply
[92mINFO [0m:      
[92mINFO [0m:      Received: train message 3a53aab9-ce59-4cbd-8b25-1c83a28a965b
[92mINFO [0m:      Sent reply
[92mINFO [0m:      
[92mINFO [0m:      Received: evaluate message ed8fbd94-41f2-4485-af82-a248876830e5
[92mINFO [0m:      Sent reply
[92mINFO [0m:      
[92mINFO [0m:      Received: train message 32c057ce-cfc6-483c-9c93-27c36bc2aefe
[92mINFO [0m:      Sent reply
[92mINFO [0m:      
[92mINFO [0m:      Received: train message 5745189b-7279-44a8-b7ea-c4425d1f56c0
[92mINFO [0m:      Sent reply
[92mINFO [0m:      
[92mINFO [0m:      Received: train message 6dcaf061-61fa-4b13-aea9-7ba463b889dc
[92mINFO [0m:      Sent reply
[92mINFO [0m:      
[92mINFO [0m:      Received: train message fbb92381-1513-4635-bd28-38872adf6ede
[92mINFO [0m:      Sent reply
[92mINFO [0m:      
[92mINFO [0m:      Received: train message cce576b8-449f-46ac-8aae-de61569ce246
[92mINFO [0m:      Sent reply
[92mINFO [0m:      
[92mINFO [0m:      Received: evaluate message fe23d433-5cfd-42ba-a5a8-0f3bc264f797
[92mINFO [0m:      Sent reply
[92mINFO [0m:      
[92mINFO [0m:      Received: evaluate message 2e703c0b-70c4-4862-80fe-0949bb74264d
[92mINFO [0m:      Sent reply
[92mINFO [0m:      
[92mINFO [0m:      Received: evaluate message f3464d2d-e90d-4c24-8ad2-7efb80d86d2b
[92mINFO [0m:      Sent reply
[92mINFO [0m:      
[92mINFO [0m:      Received: train message 4a01eae0-c7ed-45d4-82ba-1e6909b5f90d
[92mINFO [0m:      Sent reply
[92mINFO [0m:      
[92mINFO [0m:      Received: evaluate message 48bedeed-9631-4de3-95bc-991755e62535
[92mINFO [0m:      Sent reply
[92mINFO [0m:      
[92mINFO [0m:      Received: train message bf9bf9b8-85bb-4f83-a45e-5be96be47fef
[92mINFO [0m:      Sent reply
[92mINFO [0m:      
[92mINFO [0m:      Received: evaluate message 46162120-d124-4b9d-811c-d228b2b4ddff
[92mINFO [0m:      Sent reply
[92mINFO [0m:      
[92mINFO [0m:      Received: evaluate message 820ca03d-4d55-4aa9-8e91-b0eb918285d2
[92mINFO [0m:      Sent reply
[92mINFO [0m:      
[92mINFO [0m:      Received: evaluate message 59501a5b-58f6-4b76-b7d6-35e7828ac985
[92mINFO [0m:      Sent reply
[92mINFO [0m:      
[92mINFO [0m:      Received: train message 2c67c03a-e651-41d4-8f75-8c1c713fa160
[92mINFO [0m:      Sent reply
[92mINFO [0m:      
[92mINFO [0m:      Received: evaluate message 2e3b8b02-e61b-426b-bec3-bf8df95d0de6
[92mINFO [0m:      Sent reply
[92mINFO [0m:      
[92mINFO [0m:      Received: train message 11f74ec7-69bd-426c-b2a0-d3872fbf5c11
[92mINFO [0m:      Sent reply
[92mINFO [0m:      
[92mINFO [0m:      Received: train message 90764a6f-b9d0-45cd-bf8f-fce17d7eec1d
[92mINFO [0m:      Sent reply
[92mINFO [0m:      
[92mINFO [0m:      Received: evaluate message 48016d59-34d3-4706-8b6d-0ff9ac53d26d
[92mINFO [0m:      Sent reply
[92mINFO [0m:      
[92mINFO [0m:      Received: train message 109a7671-61f1-4b79-84f6-4802463ad069
[92mINFO [0m:      Sent reply
[92mINFO [0m:      
[92mINFO [0m:      Received: evaluate message 036bfd1f-f7cf-46c8-8e52-a3f24373bfd0
[92mINFO [0m:      Sent reply
[92mINFO [0m:      
[92mINFO [0m:      Received: train message 43acaf97-d63d-4a64-abe1-1a12f1bb05b9
[92mINFO [0m:      Sent reply
[92mINFO [0m:      
[92mINFO [0m:      Received: evaluate message 9a8e8606-9ec0-4492-b161-c11ae933721f
[92mINFO [0m:      Sent reply
[92mINFO [0m:      
[92mINFO [0m:      Received: evaluate message 1fcf3b82-0ed5-431e-a5cd-799a56c5051f
[92mINFO [0m:      Sent reply
[92mINFO [0m:      
[92mINFO [0m:      Received: train message 28e2818e-89ad-4d0a-89d2-73fa9327ffd5
[92mINFO [0m:      Sent reply
[92mINFO [0m:      
[92mINFO [0m:      Received: evaluate message 20f1cd23-22ce-4568-b7b5-1189ee3a591e
[92mINFO [0m:      Sent reply
[92mINFO [0m:      
[92mINFO [0m:      Received: train message aa5be0ef-33af-4a6b-ad16-37902614c9ce
[92mINFO [0m:      Sent reply
[92mINFO [0m:      
[92mINFO [0m:      Received: evaluate message 5e25c93f-9045-4392-b2f9-b115a26ea7b5
[92mINFO [0m:      Sent reply
[92mINFO [0m:      
[92mINFO [0m:      Received: evaluate message c4f1a9c5-c648-4065-a32c-5d9c21c6a328
[92mINFO [0m:      Sent reply
[92mINFO [0m:      
[92mINFO [0m:      Received: evaluate message bc852dde-2626-4bc5-bf0c-8a3b4a94f78f
[92mINFO [0m:      Sent reply
[92mINFO [0m:      
[92mINFO [0m:      Received: evaluate message 036beb20-675d-4f6d-8807-24ad13c13ae7
[92mINFO [0m:      Sent reply
[92mINFO [0m:      
[92mINFO [0m:      Received: train message 54bbccb3-96b5-46c5-940d-2b1843a826db
[92mINFO [0m:      Sent reply
[92mINFO [0m:      
[92mINFO [0m:      Received: evaluate message 822a419a-b47e-450c-824b-d1b7fd85f995
[92mINFO [0m:      Sent reply
[92mINFO [0m:      
[92mINFO [0m:      Received: evaluate message 63bdbe12-aa47-46b0-b5cc-99c849f5fde1
[92mINFO [0m:      Sent reply
[92mINFO [0m:      
[92mINFO [0m:      Received: evaluate message f7a7847a-3495-41bc-a06d-3319be691e1f
[92mINFO [0m:      Sent reply
[92mINFO [0m:      
[92mINFO [0m:      Received: train message 5e13d0f3-ebe5-41d6-a9e2-2b02b6b9816a
[92mINFO [0m:      Sent reply
[92mINFO [0m:      
[92mINFO [0m:      Received: evaluate message fed16987-1ef5-4bc9-8921-f0e75a375196
[92mINFO [0m:      Sent reply
[92mINFO [0m:      
[92mINFO [0m:      Received: evaluate message 8d375728-99bf-4231-a9bd-30f2496a745d
[92mINFO [0m:      Sent reply
[92mINFO [0m:      
[92mINFO [0m:      Received: train message ac0141dc-f887-4a0a-ab25-7291f875bf52
[92mINFO [0m:      Sent reply
[92mINFO [0m:      
[92mINFO [0m:      Received: evaluate message b046edde-5491-4e7d-a4b7-a8ca17c70c9f
[92mINFO [0m:      Sent reply
[92mINFO [0m:      
[92mINFO [0m:      Received: train message 045b774a-d66b-430d-8ebe-9cca0acf3f60
[92mINFO [0m:      Sent reply
[92mINFO [0m:      
[92mINFO [0m:      Received: train message 39ce95ad-3f56-4111-8833-ee0479f692b0
[92mINFO [0m:      Sent reply
[92mINFO [0m:      
[92mINFO [0m:      Received: evaluate message 8381e0d1-24cd-4029-a5c6-cbc4bb5ab8a7
[92mINFO [0m:      Sent reply
[92mINFO [0m:      
[92mINFO [0m:      Received: evaluate message 10d1c63f-df99-40c4-b5fb-ea39b0e0b75c
[92mINFO [0m:      Sent reply
[92mINFO [0m:      
[92mINFO [0m:      Received: train message c875c0c7-6fe2-493f-bac5-0c4411b27b22
[92mINFO [0m:      Sent reply
[92mINFO [0m:      
[92mINFO [0m:      Received: evaluate message acd927c8-7fed-4d88-a121-9a165a7c65e0
[92mINFO [0m:      Sent reply
[92mINFO [0m:      
[92mINFO [0m:      Received: train message e0373299-de5f-4d97-9658-9301d3dde19d
[92mINFO [0m:      Sent reply
[92mINFO [0m:      
[92mINFO [0m:      Received: evaluate message 0e3d0cfe-bbcc-458e-84d1-8eef446e4f59
[92mINFO [0m:      Sent reply
[92mINFO [0m:      
[92mINFO [0m:      Received: train message ed0fe097-0e1e-4480-b563-3dbd8f3d75e4
[92mINFO [0m:      Sent reply
[92mINFO [0m:      
[92mINFO [0m:      Received: train message 76cd8a6f-9cea-4bc5-b3bd-8eb79e6088e6
[92mINFO [0m:      Sent reply
[92mINFO [0m:      
[92mINFO [0m:      Received: evaluate message 58319ba8-5b29-4799-a123-812b7febd45f
[92mINFO [0m:      Sent reply
[92mINFO [0m:      
[92mINFO [0m:      Received: train message b2a0d6a7-8923-46e3-8123-ff61262ddde0
[92mINFO [0m:      Sent reply
[92mINFO [0m:      
[92mINFO [0m:      Received: evaluate message a3e406e7-8a42-4bd9-bb8c-cbd2537bc935
[92mINFO [0m:      Sent reply
[92mINFO [0m:      
[92mINFO [0m:      Received: train message 10b4087b-8748-42d9-b6d2-ff55528022b5
[92mINFO [0m:      Sent reply
[92mINFO [0m:      
[92mINFO [0m:      Received: evaluate message 4ae7173a-52b7-4ac0-89b6-dcca460abbca
[92mINFO [0m:      Sent reply
[92mINFO [0m:      
[92mINFO [0m:      Received: train message 0b75f525-3768-4214-a488-b2af692b9d88
[92mINFO [0m:      Sent reply
[92mINFO [0m:      
[92mINFO [0m:      Received: train message 60b03e75-8d3e-4fc6-9a23-e7083459f182
[92mINFO [0m:      Sent reply
[92mINFO [0m:      
[92mINFO [0m:      Received: train message dfde3041-4bda-4fe5-bcb3-739a7eb18b01
[92mINFO [0m:      Sent reply
[92mINFO [0m:      
[92mINFO [0m:      Received: evaluate message 425a7014-04bb-4c8a-88b7-039af798920b
[92mINFO [0m:      Sent reply
[92mINFO [0m:      
[92mINFO [0m:      Received: train message 4c4865f8-d45a-4f5f-991e-183bd5bd2329
[92mINFO [0m:      Sent reply
[92mINFO [0m:      
[92mINFO [0m:      Received: train message 616674e8-ba6e-414e-bd4c-39d049c6b2d7
[92mINFO [0m:      Sent reply
[92mINFO [0m:      
[92mINFO [0m:      Received: evaluate message e98bec31-a250-4425-b963-56b01f74f890
[92mINFO [0m:      Sent reply
[92mINFO [0m:      
[92mINFO [0m:      Received: evaluate message 3603f7ed-1d9f-4701-aa69-1a8509c6b2dc
[92mINFO [0m:      Sent reply
[92mINFO [0m:      
[92mINFO [0m:      Received: evaluate message d216349a-f306-49ed-a08f-8b8f54daf5fe
[92mINFO [0m:      Sent reply
[92mINFO [0m:      
[92mINFO [0m:      Received: train message 9054478a-3e90-4bd0-99a5-2a1d1908451e
[92mINFO [0m:      Sent reply
[92mINFO [0m:      
[92mINFO [0m:      Received: train message 4b21b891-b8cc-4b75-8662-4f626efd00ea
[92mINFO [0m:      Sent reply
[92mINFO [0m:      
[92mINFO [0m:      Received: train message 1eca1ded-998e-4bd1-bda2-747e6d5c9de5
[92mINFO [0m:      Sent reply
[92mINFO [0m:      
[92mINFO [0m:      Received: evaluate message aba2a8f8-c99c-4893-95d5-4edb31a04260
[92mINFO [0m:      Sent reply
[92mINFO [0m:      
[92mINFO [0m:      Received: evaluate message 7634fffb-afdf-4898-91b4-d092a4b42030
[92mINFO [0m:      Sent reply
[92mINFO [0m:      
[92mINFO [0m:      Received: train message 45789319-109c-41fa-b6cf-7f048ed12b5c
[92mINFO [0m:      Sent reply
[92mINFO [0m:      
[92mINFO [0m:      Received: train message 9317f87d-d3c7-42cd-b222-7d0f69b92993
[92mINFO [0m:      Sent reply
[92mINFO [0m:      
[92mINFO [0m:      Received: evaluate message 4c49d591-66ad-48ef-8c7b-90bd7d1186e5
[92mINFO [0m:      Sent reply
[92mINFO [0m:      
[92mINFO [0m:      Received: train message 35b3b0f5-66ae-4661-8ae0-506973c66dc4
[92mINFO [0m:      Sent reply
[92mINFO [0m:      
[92mINFO [0m:      Received: evaluate message b5d20193-ce9f-4009-9f95-fa429cc4f24d
[92mINFO [0m:      Sent reply
[92mINFO [0m:      
[92mINFO [0m:      Received: train message 768dea0e-decb-47aa-9d0e-528d35a2ef10
[92mINFO [0m:      Sent reply
[92mINFO [0m:      
[92mINFO [0m:      Received: evaluate message fa15c424-dd3a-465c-aa6c-fa772bde23c6
[92mINFO [0m:      Sent reply
[92mINFO [0m:      
[92mINFO [0m:      Received: train message 0ecf447b-3606-4519-a4e2-056398a3d6c5
[92mINFO [0m:      Sent reply
[92mINFO [0m:      
[92mINFO [0m:      Received: reconnect message 182c780a-49c8-4fbc-ac53-95ac1d931721
[92mINFO [0m:      Disconnect and shut down
