[93mWARNING [0m:   DEPRECATED FEATURE: flwr.client.start_client() is deprecated.
	Instead, use the `flower-supernode` CLI command to start a SuperNode as shown below:

		$ flower-supernode --insecure --superlink='<IP>:<PORT>'

	To view all available options, run:

		$ flower-supernode --help

	Using `start_client()` is deprecated.

            This is a deprecated feature. It will be removed
            entirely in future versions of Flower.
        
[92mINFO [0m:      
[92mINFO [0m:      Received: evaluate message 9a44a54d-4ff1-43a5-ae0b-5949c3097c0b
[92mINFO [0m:      Sent reply
[92mINFO [0m:      
[92mINFO [0m:      Received: train message b30408cd-fffd-4489-834a-c34df0744977
[92mINFO [0m:      Sent reply
[92mINFO [0m:      
[92mINFO [0m:      Received: evaluate message b5b0b25a-267a-4c6c-9cef-d7822b3ca8c3
[92mINFO [0m:      Sent reply
[92mINFO [0m:      
[92mINFO [0m:      Received: train message 664f4fae-3eb9-44fb-9af3-151d78048422
[92mINFO [0m:      Sent reply
[92mINFO [0m:      
[92mINFO [0m:      Received: train message 66a34670-c29a-422c-af8e-41a0ab23c1de
[92mINFO [0m:      Sent reply
[92mINFO [0m:      
[92mINFO [0m:      Received: evaluate message 8dcfcdf7-e100-4147-9f03-e06b3ac59066
[92mINFO [0m:      Sent reply
[92mINFO [0m:      
[92mINFO [0m:      Received: train message a47e8a46-0f68-4d66-b9c7-168bcef142c3
[92mINFO [0m:      Sent reply
[92mINFO [0m:      
[92mINFO [0m:      Received: train message 5efca7d7-cdf8-495f-be99-c7dc9ae2ba06
[92mINFO [0m:      Sent reply
[92mINFO [0m:      
[92mINFO [0m:      Received: train message dcc2443c-8761-4307-81d1-b2698b8b133f
[92mINFO [0m:      Sent reply
[92mINFO [0m:      
[92mINFO [0m:      Received: train message 7f76d32d-9009-46c3-8c4e-35d2d08b2cf5
[92mINFO [0m:      Sent reply
[92mINFO [0m:      
[92mINFO [0m:      Received: train message 33c0900b-31cc-4e24-8131-7c9bfca8b7d4
[92mINFO [0m:      Sent reply
[92mINFO [0m:      
[92mINFO [0m:      Received: evaluate message 77ea02c7-6908-47a1-96de-a042b2063ac5
[92mINFO [0m:      Sent reply
[92mINFO [0m:      
[92mINFO [0m:      Received: train message ddfc268d-2922-44c8-9c24-c760b878ec5b
[92mINFO [0m:      Sent reply
[92mINFO [0m:      
[92mINFO [0m:      Received: evaluate message 907509f5-f4d6-4526-804a-d693b95914ed
[92mINFO [0m:      Sent reply
[92mINFO [0m:      
[92mINFO [0m:      Received: train message af304b3a-2296-45fa-96f3-434ed9b5d7ad
[92mINFO [0m:      Sent reply
[92mINFO [0m:      
[92mINFO [0m:      Received: train message e46d83e5-0e01-419d-8e16-2255481f92de
[92mINFO [0m:      Sent reply
[92mINFO [0m:      
[92mINFO [0m:      Received: train message 0bff54f8-9eb9-4842-a921-178c95b5f018
[92mINFO [0m:      Sent reply
[92mINFO [0m:      
[92mINFO [0m:      Received: evaluate message 39b46dde-05d9-443c-869b-4ae379a7f2be
[92mINFO [0m:      Sent reply
[92mINFO [0m:      
[92mINFO [0m:      Received: train message f006b609-8502-48b7-b20d-dc38148e87f2
[92mINFO [0m:      Sent reply
[92mINFO [0m:      
[92mINFO [0m:      Received: train message 482a5b56-5623-4eb0-8e85-90e3a168c830
[92mINFO [0m:      Sent reply
[92mINFO [0m:      
[92mINFO [0m:      Received: evaluate message be394b1e-295c-46a6-8e7b-2f1390222a36
[92mINFO [0m:      Sent reply
[92mINFO [0m:      
[92mINFO [0m:      Received: train message 13a1354e-f2d5-472f-88d4-f66242498b32
[92mINFO [0m:      Sent reply
[92mINFO [0m:      
[92mINFO [0m:      Received: train message 3bbf764e-76d1-4e82-ab73-70783328e31a
[92mINFO [0m:      Sent reply
[92mINFO [0m:      
[92mINFO [0m:      Received: evaluate message cea9588b-4b8f-4801-847d-1859116e2a00
[92mINFO [0m:      Sent reply
[92mINFO [0m:      
[92mINFO [0m:      Received: evaluate message 112475f2-b189-4619-814b-bbd307be8506
[92mINFO [0m:      Sent reply
[92mINFO [0m:      
[92mINFO [0m:      Received: train message 05f33b5c-e1fc-42d4-97d1-9915e82d60d3
[92mINFO [0m:      Sent reply
[92mINFO [0m:      
[92mINFO [0m:      Received: train message 4f98a8c0-57c0-4a8b-8388-9c8f5de63275
[92mINFO [0m:      Sent reply
[92mINFO [0m:      
[92mINFO [0m:      Received: evaluate message 04712885-30aa-45b3-b969-0d39663339ce
[92mINFO [0m:      Sent reply
[92mINFO [0m:      
[92mINFO [0m:      Received: train message 05d53599-5d67-4ba9-b5b8-1f6b71e24758
[92mINFO [0m:      Sent reply
[92mINFO [0m:      
[92mINFO [0m:      Received: evaluate message 6695a1bd-dc76-4fd3-a396-8485dafbf5ce
[92mINFO [0m:      Sent reply
[92mINFO [0m:      
[92mINFO [0m:      Received: evaluate message d205398d-1cd9-41e4-b9fa-4a0704346b69
[92mINFO [0m:      Sent reply
[92mINFO [0m:      
[92mINFO [0m:      Received: train message 6b64a6fe-7d2f-411a-9bd0-cabdd3f55b37
[92mINFO [0m:      Sent reply
[92mINFO [0m:      
[92mINFO [0m:      Received: evaluate message 679cf3d9-c2e3-41f5-98ae-85e3dd726be3
[92mINFO [0m:      Sent reply
[92mINFO [0m:      
[92mINFO [0m:      Received: train message 995f2d8f-aa4f-423c-b416-1967cc0c3c0a
[92mINFO [0m:      Sent reply
[92mINFO [0m:      
[92mINFO [0m:      Received: evaluate message 753363ea-ef7c-4c4d-b6fc-9427d33e357f
[92mINFO [0m:      Sent reply
[92mINFO [0m:      
[92mINFO [0m:      Received: train message 888a1ae3-f502-4a17-8876-69024af261ec
[92mINFO [0m:      Sent reply
[92mINFO [0m:      
[92mINFO [0m:      Received: evaluate message deb56369-5326-45e3-9da9-fbedcdf2f0f2
[92mINFO [0m:      Sent reply
[92mINFO [0m:      
[92mINFO [0m:      Received: evaluate message c7c705fb-8161-4f04-afd0-4e8fb39204ce
[92mINFO [0m:      Sent reply
[92mINFO [0m:      
[92mINFO [0m:      Received: train message c01f8663-db58-4896-b0de-7b25de61fa6f
[92mINFO [0m:      Sent reply
[92mINFO [0m:      
[92mINFO [0m:      Received: evaluate message 1f2f2d0f-8048-4836-80a8-7b55b3f76c43
[92mINFO [0m:      Sent reply
[92mINFO [0m:      
[92mINFO [0m:      Received: evaluate message cf0afeff-c464-43aa-a777-83547a08567b
[92mINFO [0m:      Sent reply
[92mINFO [0m:      
[92mINFO [0m:      Received: train message 959c4fd9-031a-4226-8e60-32004cf2be51
[92mINFO [0m:      Sent reply
[92mINFO [0m:      
[92mINFO [0m:      Received: evaluate message e6dbe7ff-5239-4129-a107-b084cf94f5e1
[92mINFO [0m:      Sent reply
[92mINFO [0m:      
[92mINFO [0m:      Received: train message 918789a9-5776-4e22-9831-a7e8c4f57bbf
[92mINFO [0m:      Sent reply
[92mINFO [0m:      
[92mINFO [0m:      Received: evaluate message 5e9f6191-817f-49f9-92f7-e7a65ca91752
[92mINFO [0m:      Sent reply
[92mINFO [0m:      
[92mINFO [0m:      Received: train message afa95dd7-8ffc-4a25-ae38-0638616157fc
[92mINFO [0m:      Sent reply
[92mINFO [0m:      
[92mINFO [0m:      Received: evaluate message 2f29cc0e-e9bc-41ca-916d-cc682f90a298
[92mINFO [0m:      Sent reply
[92mINFO [0m:      
[92mINFO [0m:      Received: train message 19d6a2fa-a77e-4315-abcb-959621999ba1
[92mINFO [0m:      Sent reply
[92mINFO [0m:      
[92mINFO [0m:      Received: evaluate message 10b84738-e966-422f-8965-a5750fda762c
[92mINFO [0m:      Sent reply
[92mINFO [0m:      
[92mINFO [0m:      Received: train message 291a1f61-c66f-4747-8b11-44e32800e14b
[92mINFO [0m:      Sent reply
[92mINFO [0m:      
[92mINFO [0m:      Received: evaluate message 427154ae-49a7-4fa7-b05c-b9cec7c9fd6f
[92mINFO [0m:      Sent reply
[92mINFO [0m:      
[92mINFO [0m:      Received: evaluate message 38a2c7b9-dd74-4f0d-abcd-197ecfe796f4
[92mINFO [0m:      Sent reply
[92mINFO [0m:      
[92mINFO [0m:      Received: train message fd041edc-a2b5-4807-99b1-e3c01b52d868
[92mINFO [0m:      Sent reply
[92mINFO [0m:      
[92mINFO [0m:      Received: evaluate message 3d1de576-580a-4d58-80db-132ffd0df3ac
[92mINFO [0m:      Sent reply
[92mINFO [0m:      
[92mINFO [0m:      Received: train message f1e8c962-9faa-479e-a2eb-feac105a89fb
[92mINFO [0m:      Sent reply
[92mINFO [0m:      
[92mINFO [0m:      Received: evaluate message 24eb3648-77f9-4aac-b62a-cf50dd002811
[92mINFO [0m:      Sent reply
[92mINFO [0m:      
[92mINFO [0m:      Received: train message e356a6b5-5f91-4c8a-960d-aace6aa5504f
[92mINFO [0m:      Sent reply
[92mINFO [0m:      
[92mINFO [0m:      Received: train message 91442387-f658-4545-b1c2-a8c4e2c08f9c
[92mINFO [0m:      Sent reply
[92mINFO [0m:      
[92mINFO [0m:      Received: evaluate message 220598f1-8e83-4fbb-8d72-2f5b6e903728
[92mINFO [0m:      Sent reply
[92mINFO [0m:      
[92mINFO [0m:      Received: evaluate message 498b9aa4-e66c-45e7-ab2b-57586c1a9a7f
[92mINFO [0m:      Sent reply
[92mINFO [0m:      
[92mINFO [0m:      Received: train message 60eb78b1-c404-4ed3-ac6a-19fcab8562c2
[92mINFO [0m:      Sent reply
[92mINFO [0m:      
[92mINFO [0m:      Received: train message 1eea2602-a777-4757-ac5e-223e15e05b80
[92mINFO [0m:      Sent reply
[92mINFO [0m:      
[92mINFO [0m:      Received: evaluate message 4f06d8c6-c53d-4106-be8a-a17559d15b69
[92mINFO [0m:      Sent reply
[92mINFO [0m:      
[92mINFO [0m:      Received: evaluate message bd0c975b-a8e7-42b4-a185-400c020dec15
[92mINFO [0m:      Sent reply
[92mINFO [0m:      
[92mINFO [0m:      Received: evaluate message 1373b93c-6e4f-4ee2-b77d-947439775772
[92mINFO [0m:      Sent reply
[92mINFO [0m:      
[92mINFO [0m:      Received: train message 7830d7bc-08a0-4b95-8558-50cd7ae87f18
[92mINFO [0m:      Sent reply
[92mINFO [0m:      
[92mINFO [0m:      Received: evaluate message b14181f5-b971-4d9a-ae43-784c350deb38
[92mINFO [0m:      Sent reply
[92mINFO [0m:      
[92mINFO [0m:      Received: train message 2afc80ad-aca8-4032-8950-6331d8de890e
[92mINFO [0m:      Sent reply
[92mINFO [0m:      
[92mINFO [0m:      Received: evaluate message 5290cd08-c16a-4a38-9a23-5b81a916932d
[92mINFO [0m:      Sent reply
[92mINFO [0m:      
[92mINFO [0m:      Received: train message 63a3042a-d565-4748-94d2-152b80a45171
[92mINFO [0m:      Sent reply
[92mINFO [0m:      
[92mINFO [0m:      Received: evaluate message 66732b2f-e649-4683-911a-4897d2ba2681
[92mINFO [0m:      Sent reply
[92mINFO [0m:      
[92mINFO [0m:      Received: train message 41667b08-7602-42f1-9065-e6245984be8a
[92mINFO [0m:      Sent reply
[92mINFO [0m:      
[92mINFO [0m:      Received: evaluate message 21586deb-5087-49d7-9ae0-7d86c0751222
[92mINFO [0m:      Sent reply
[92mINFO [0m:      
[92mINFO [0m:      Received: evaluate message 18c3fd99-0789-4e20-bf79-e4f1d7fae059
[92mINFO [0m:      Sent reply
[92mINFO [0m:      
[92mINFO [0m:      Received: train message d5fa0c83-1b94-4b99-9322-823cd29690a7
[92mINFO [0m:      Sent reply
[92mINFO [0m:      
[92mINFO [0m:      Received: evaluate message 36f2bcbc-847a-44e4-ad90-ba5b71f797e0
[92mINFO [0m:      Sent reply
[92mINFO [0m:      
[92mINFO [0m:      Received: train message 4caa329e-da40-444d-ba0c-f8eb02f56c6f
[92mINFO [0m:      Sent reply
[92mINFO [0m:      
[92mINFO [0m:      Received: evaluate message 90077919-255f-41a4-ae09-99ae56eee778
[92mINFO [0m:      Sent reply
[92mINFO [0m:      
[92mINFO [0m:      Received: train message fd68c241-07fd-4169-83fd-14b1969d5f2f
[92mINFO [0m:      Sent reply
[92mINFO [0m:      
[92mINFO [0m:      Received: train message d1197486-5703-48c5-a74e-f37b93a8ce24
[92mINFO [0m:      Sent reply
[92mINFO [0m:      
[92mINFO [0m:      Received: train message e705f4d3-05c8-4950-a803-22c342e6eeaf
[92mINFO [0m:      Sent reply
[92mINFO [0m:      
[92mINFO [0m:      Received: evaluate message 3eec8d35-bc79-4d74-85a4-9672746803bd
[92mINFO [0m:      Sent reply
[92mINFO [0m:      
[92mINFO [0m:      Received: train message c8dd414f-cac9-4788-b64f-1ce7fe02e3bd
[92mINFO [0m:      Sent reply
[92mINFO [0m:      
[92mINFO [0m:      Received: evaluate message c3ff34a8-d14b-48e2-934c-871893007ee6
[92mINFO [0m:      Sent reply
[92mINFO [0m:      
[92mINFO [0m:      Received: evaluate message 3536c9e8-86ed-42db-9a9d-de8c1e596a8f
[92mINFO [0m:      Sent reply
[92mINFO [0m:      
[92mINFO [0m:      Received: evaluate message b53a889d-09d4-4069-93f0-b597d796c221
[92mINFO [0m:      Sent reply
[92mINFO [0m:      
[92mINFO [0m:      Received: train message bcc5d4aa-926e-4213-a3c4-4e8f77c92ec1
[92mINFO [0m:      Sent reply
[92mINFO [0m:      
[92mINFO [0m:      Received: evaluate message abfcecfd-dd16-40a3-9e6f-d497c17baaa8
[92mINFO [0m:      Sent reply
[92mINFO [0m:      
[92mINFO [0m:      Received: train message 4767d8ca-d318-4a66-a120-c1a17535ed2e
[92mINFO [0m:      Sent reply
[92mINFO [0m:      
[92mINFO [0m:      Received: train message 5e90f31e-3510-487a-a138-64fbd01c6bce
[92mINFO [0m:      Sent reply
[92mINFO [0m:      
[92mINFO [0m:      Received: evaluate message de5823e9-4330-43ae-a20c-9a215a283130
[92mINFO [0m:      Sent reply
[92mINFO [0m:      
[92mINFO [0m:      Received: train message 7f8eea2e-9204-4914-8d79-c45f961ae7d7
[92mINFO [0m:      Sent reply
[92mINFO [0m:      
[92mINFO [0m:      Received: train message e12cf605-5a70-4d83-b140-dd95fa881684
[92mINFO [0m:      Sent reply
[92mINFO [0m:      
[92mINFO [0m:      Received: evaluate message c3a9072d-9b33-404c-ad35-f231ebf4298d
[92mINFO [0m:      Sent reply
[92mINFO [0m:      
[92mINFO [0m:      Received: train message 48b2056b-acda-4010-8efd-773eb93f4a61
[92mINFO [0m:      Sent reply
[92mINFO [0m:      
[92mINFO [0m:      Received: train message 61ba0fdd-6039-4410-b8be-077277b28a37
[92mINFO [0m:      Sent reply
[92mINFO [0m:      
[92mINFO [0m:      Received: evaluate message 6eed93cf-986e-4607-8fac-b7dc7c6bb782
[92mINFO [0m:      Sent reply
[92mINFO [0m:      
[92mINFO [0m:      Received: train message bae3f478-fe16-48a9-a534-f72ebc3d847c
[92mINFO [0m:      Sent reply
[92mINFO [0m:      
[92mINFO [0m:      Received: train message 892885ea-11d0-45dd-ad17-d67c3a07daf8
[92mINFO [0m:      Sent reply
[92mINFO [0m:      
[92mINFO [0m:      Received: evaluate message fce8c379-64b1-4374-b80f-fa9ab370b8dc
[92mINFO [0m:      Sent reply
[92mINFO [0m:      
[92mINFO [0m:      Received: train message 5053ea68-4ae1-46ce-af20-424bef17a784
[92mINFO [0m:      Sent reply
[92mINFO [0m:      
[92mINFO [0m:      Received: evaluate message f5dcba6f-8c9c-4af9-840c-e5d9e3dc12fb
[92mINFO [0m:      Sent reply
[92mINFO [0m:      
[92mINFO [0m:      Received: train message bfb28d04-461e-4855-94ae-e96975b32a6a
[92mINFO [0m:      Sent reply
[92mINFO [0m:      
[92mINFO [0m:      Received: evaluate message ab11ac09-7fa4-4666-b07d-d1a5be50f41a
[92mINFO [0m:      Sent reply
[92mINFO [0m:      
[92mINFO [0m:      Received: evaluate message de1590c5-7d72-41d7-9558-911791e63a92
[92mINFO [0m:      Sent reply
[92mINFO [0m:      
[92mINFO [0m:      Received: train message 37a8a07f-5cdf-4202-9397-519db04c7f40
[92mINFO [0m:      Sent reply
[92mINFO [0m:      
[92mINFO [0m:      Received: evaluate message 57fe1eee-8b7d-422c-9fb2-b8dc82a149ab
[92mINFO [0m:      Sent reply
[92mINFO [0m:      
[92mINFO [0m:      Received: train message 784a6e36-c67e-4a9f-aea7-f4ac7ef62244
[92mINFO [0m:      Sent reply
[92mINFO [0m:      
[92mINFO [0m:      Received: evaluate message 010f6b50-3282-46c5-8b20-8419aa32ef0f
[92mINFO [0m:      Sent reply
[92mINFO [0m:      
[92mINFO [0m:      Received: train message a04e919f-a2b8-40f6-ab76-f0a710ad441b
[92mINFO [0m:      Sent reply
[92mINFO [0m:      
[92mINFO [0m:      Received: train message e4a0e323-4e84-439f-8bdd-1483780ae6bf
[92mINFO [0m:      Sent reply
[92mINFO [0m:      
[92mINFO [0m:      Received: evaluate message ace47443-4af9-4b04-ad8e-65fcaa8800bd
[92mINFO [0m:      Sent reply
[92mINFO [0m:      
[92mINFO [0m:      Received: evaluate message e190a045-6ab7-4a6b-9019-8cd6c792da54
[92mINFO [0m:      Sent reply
[92mINFO [0m:      
[92mINFO [0m:      Received: train message ef0555bb-3b91-4423-91a1-2704e86c6aef
[92mINFO [0m:      Sent reply
[92mINFO [0m:      
[92mINFO [0m:      Received: evaluate message c70803e2-60cd-4864-8ffb-b27c1f310c21
[92mINFO [0m:      Sent reply
[92mINFO [0m:      
[92mINFO [0m:      Received: train message 27b93df3-789a-41ba-bbd6-68f72c2dc8fd
[92mINFO [0m:      Sent reply
[92mINFO [0m:      
[92mINFO [0m:      Received: train message 85bafeba-a988-4125-a550-db7c1d01e0d6
[92mINFO [0m:      Sent reply
[92mINFO [0m:      
[92mINFO [0m:      Received: evaluate message 3d946332-aaad-4a0d-b498-bf93900c3317
[92mINFO [0m:      Sent reply
[92mINFO [0m:      
[92mINFO [0m:      Received: train message a969d74b-1fd5-4b60-baa1-1e18fab69af4
[92mINFO [0m:      Sent reply
[92mINFO [0m:      
[92mINFO [0m:      Received: evaluate message 8bc093b6-4f73-40e7-a24f-acc58bb38fc5
[92mINFO [0m:      Sent reply
[92mINFO [0m:      
[92mINFO [0m:      Received: train message a310ae1a-317b-46b6-a28c-024b726e24e5
[92mINFO [0m:      Sent reply
[92mINFO [0m:      
[92mINFO [0m:      Received: train message d66f1da5-dca7-48ff-ac4a-40a0c851d90f
[92mINFO [0m:      Sent reply
[92mINFO [0m:      
[92mINFO [0m:      Received: train message 486e8696-a6bb-42ef-90f5-eba54c5a1861
[92mINFO [0m:      Sent reply
[92mINFO [0m:      
[92mINFO [0m:      Received: evaluate message 80b87a9e-f8ad-49f2-afab-1fc3cf037107
[92mINFO [0m:      Sent reply
[92mINFO [0m:      
[92mINFO [0m:      Received: train message a158e437-dd3a-442c-9e6a-68fed95c5866
[92mINFO [0m:      Sent reply
[92mINFO [0m:      
[92mINFO [0m:      Received: evaluate message 6615d8d1-c7dd-4f39-bde1-1b8717269c2e
[92mINFO [0m:      Sent reply
[92mINFO [0m:      
[92mINFO [0m:      Received: reconnect message ca22b3e3-c5f1-4b8f-b551-b3b2b8b52e3e
[92mINFO [0m:      Disconnect and shut down
