[93mWARNING [0m:   DEPRECATED FEATURE: flwr.client.start_client() is deprecated.
	Instead, use the `flower-supernode` CLI command to start a SuperNode as shown below:

		$ flower-supernode --insecure --superlink='<IP>:<PORT>'

	To view all available options, run:

		$ flower-supernode --help

	Using `start_client()` is deprecated.

            This is a deprecated feature. It will be removed
            entirely in future versions of Flower.
        
[92mINFO [0m:      
[92mINFO [0m:      Received: evaluate message 77b3cc4e-b414-4b0d-9ae6-a70b441a30a7
[92mINFO [0m:      Sent reply
[92mINFO [0m:      
[92mINFO [0m:      Received: evaluate message 5c2a446f-ff22-4616-b163-f360d150ef79
[92mINFO [0m:      Sent reply
[92mINFO [0m:      
[92mINFO [0m:      Received: evaluate message af89765e-7fbd-47d1-9efb-c424f4e8ab5f
[92mINFO [0m:      Sent reply
[92mINFO [0m:      
[92mINFO [0m:      Received: evaluate message 324e8f36-2d05-43ac-8b2b-a3bcb83e156d
[92mINFO [0m:      Sent reply
[92mINFO [0m:      
[92mINFO [0m:      Received: train message 24756927-9e4d-4e8a-9cdb-b631c8a3d0e7
[92mINFO [0m:      Sent reply
[92mINFO [0m:      
[92mINFO [0m:      Received: evaluate message 93427be4-0d6e-4a56-8423-7c8b291ce524
[92mINFO [0m:      Sent reply
[92mINFO [0m:      
[92mINFO [0m:      Received: train message 0970137d-3fbe-4754-9f41-fc6c8118378b
[92mINFO [0m:      Sent reply
[92mINFO [0m:      
[92mINFO [0m:      Received: train message d631c284-bdf5-4efd-9501-485e51ff9bdd
[92mINFO [0m:      Sent reply
[92mINFO [0m:      
[92mINFO [0m:      Received: train message 8ef1cb73-c571-4d07-8a78-ff03da7f46d7
[92mINFO [0m:      Sent reply
[92mINFO [0m:      
[92mINFO [0m:      Received: evaluate message b68c58c3-b840-407d-9aa8-bce202d0e1a9
[92mINFO [0m:      Sent reply
[92mINFO [0m:      
[92mINFO [0m:      Received: evaluate message 2d18c717-0887-4bd0-baf9-74b3a5daa573
[92mINFO [0m:      Sent reply
[92mINFO [0m:      
[92mINFO [0m:      Received: train message e6c6e5e7-b30a-479f-b413-0faf3d82f3d8
[92mINFO [0m:      Sent reply
[92mINFO [0m:      
[92mINFO [0m:      Received: evaluate message b76770c2-60a2-4304-ba8e-cbd80cc84769
[92mINFO [0m:      Sent reply
[92mINFO [0m:      
[92mINFO [0m:      Received: evaluate message 9be24604-2329-473e-a4f7-bb0b1048a974
[92mINFO [0m:      Sent reply
[92mINFO [0m:      
[92mINFO [0m:      Received: train message 0ba7253d-1bad-4680-9641-71f6fe38bc9e
[92mINFO [0m:      Sent reply
[92mINFO [0m:      
[92mINFO [0m:      Received: evaluate message cc5a8ce4-139b-44e1-b7aa-4eda92f15e46
[92mINFO [0m:      Sent reply
[92mINFO [0m:      
[92mINFO [0m:      Received: train message faed50a6-e8a7-4402-b271-185d10bdea49
[92mINFO [0m:      Sent reply
[92mINFO [0m:      
[92mINFO [0m:      Received: evaluate message 0cb35c18-ad78-461f-b38c-dfff80122a99
[92mINFO [0m:      Sent reply
[92mINFO [0m:      
[92mINFO [0m:      Received: evaluate message ddd80044-ded5-412f-b1bc-3a11209741f2
[92mINFO [0m:      Sent reply
[92mINFO [0m:      
[92mINFO [0m:      Received: train message 10ed7272-e17b-4765-9c5f-13ade295151a
[92mINFO [0m:      Sent reply
[92mINFO [0m:      
[92mINFO [0m:      Received: train message a433fd11-24d3-4494-a873-6bd05671ff05
[92mINFO [0m:      Sent reply
[92mINFO [0m:      
[92mINFO [0m:      Received: evaluate message e40602dd-9420-4baf-8dbb-9adf58ae2661
[92mINFO [0m:      Sent reply
[92mINFO [0m:      
[92mINFO [0m:      Received: train message eb269196-0217-4778-a41d-9f5eb7eafb5c
[92mINFO [0m:      Sent reply
[92mINFO [0m:      
[92mINFO [0m:      Received: evaluate message 1454fdcc-fd45-4637-9aad-93e6daca5944
[92mINFO [0m:      Sent reply
[92mINFO [0m:      
[92mINFO [0m:      Received: train message 0c222ad4-5305-41ca-9a1c-3193354640f3
[92mINFO [0m:      Sent reply
[92mINFO [0m:      
[92mINFO [0m:      Received: evaluate message 030634ec-181c-494f-b3da-beb89bf3b467
[92mINFO [0m:      Sent reply
[92mINFO [0m:      
[92mINFO [0m:      Received: train message 761422b5-a89c-4a86-aab3-6bd40fe69d36
[92mINFO [0m:      Sent reply
[92mINFO [0m:      
[92mINFO [0m:      Received: train message a24e2222-d3d7-48d1-8457-dea075527010
[92mINFO [0m:      Sent reply
[92mINFO [0m:      
[92mINFO [0m:      Received: evaluate message e7684ea0-a317-41dc-bf23-fb4db6ef5ccf
[92mINFO [0m:      Sent reply
[92mINFO [0m:      
[92mINFO [0m:      Received: evaluate message 85141079-760b-48db-a0d4-44563ac71828
[92mINFO [0m:      Sent reply
[92mINFO [0m:      
[92mINFO [0m:      Received: reconnect message 2ed1bece-8ab7-4676-822f-f938f7de064b
[92mINFO [0m:      Disconnect and shut down
