[93mWARNING [0m:   DEPRECATED FEATURE: flwr.client.start_client() is deprecated.
	Instead, use the `flower-supernode` CLI command to start a SuperNode as shown below:

		$ flower-supernode --insecure --superlink='<IP>:<PORT>'

	To view all available options, run:

		$ flower-supernode --help

	Using `start_client()` is deprecated.

            This is a deprecated feature. It will be removed
            entirely in future versions of Flower.
        
[92mINFO [0m:      
[92mINFO [0m:      Received: train message 4c0d3215-702d-4878-b6b9-6adf09797d87
[92mINFO [0m:      Sent reply
[92mINFO [0m:      
[92mINFO [0m:      Received: evaluate message 9acbf247-c061-4465-98c7-591d1f817aa5
[92mINFO [0m:      Sent reply
[92mINFO [0m:      
[92mINFO [0m:      Received: train message 3f5bbdc0-33f9-40e6-b4b6-07866a3d779b
[92mINFO [0m:      Sent reply
[92mINFO [0m:      
[92mINFO [0m:      Received: evaluate message 596c4d46-0f50-4b49-8cf8-d47d36d7019e
[92mINFO [0m:      Sent reply
[92mINFO [0m:      
[92mINFO [0m:      Received: train message a6b6ee08-0dfb-4317-ab34-a49b9068cd06
[92mINFO [0m:      Sent reply
[92mINFO [0m:      
[92mINFO [0m:      Received: evaluate message 056e1b62-74cd-4145-b7db-da00d01c48bf
[92mINFO [0m:      Sent reply
[92mINFO [0m:      
[92mINFO [0m:      Received: train message 4de38b06-07c4-4c98-99c7-32c4a9ac1b10
[92mINFO [0m:      Sent reply
[92mINFO [0m:      
[92mINFO [0m:      Received: evaluate message e554745d-3052-44a7-bfb5-75364eb8944c
[92mINFO [0m:      Sent reply
[92mINFO [0m:      
[92mINFO [0m:      Received: evaluate message 38a21ff7-810d-4bdd-a120-a80e54e1d251
[92mINFO [0m:      Sent reply
[92mINFO [0m:      
[92mINFO [0m:      Received: train message 70734544-93e1-41c6-92d1-f25637162a05
[92mINFO [0m:      Sent reply
[92mINFO [0m:      
[92mINFO [0m:      Received: evaluate message 07cb6c1b-3b31-4d49-b3c2-60e900fd1bf0
[92mINFO [0m:      Sent reply
[92mINFO [0m:      
[92mINFO [0m:      Received: train message 06a42cb1-3c00-493a-b9b0-720fb2e40498
[92mINFO [0m:      Sent reply
[92mINFO [0m:      
[92mINFO [0m:      Received: evaluate message 457baaa0-6805-4c01-ac78-e38feddfd43c
[92mINFO [0m:      Sent reply
[92mINFO [0m:      
[92mINFO [0m:      Received: evaluate message 0b4b78fd-b0a8-4870-b063-31070ee30c06
[92mINFO [0m:      Sent reply
[92mINFO [0m:      
[92mINFO [0m:      Received: evaluate message f447ab68-1c9f-4a0b-b725-4e4366877cfe
[92mINFO [0m:      Sent reply
[92mINFO [0m:      
[92mINFO [0m:      Received: evaluate message 1737fe01-894f-42db-a1ab-681b5640d7fe
[92mINFO [0m:      Sent reply
[92mINFO [0m:      
[92mINFO [0m:      Received: train message 2588447d-e55e-47fd-b9f1-af9b310167e6
[92mINFO [0m:      Sent reply
[92mINFO [0m:      
[92mINFO [0m:      Received: evaluate message 6c5f5df7-54f9-4320-a35a-51ca3e92c2ff
[92mINFO [0m:      Sent reply
[92mINFO [0m:      
[92mINFO [0m:      Received: train message bf43970a-2017-4cb4-88cc-5f3f3e13040f
[92mINFO [0m:      Sent reply
[92mINFO [0m:      
[92mINFO [0m:      Received: train message 93f5e473-2000-4ed3-8bb7-bd5a95a3f588
[92mINFO [0m:      Sent reply
[92mINFO [0m:      
[92mINFO [0m:      Received: train message bd046671-33cb-4d57-b43d-94ba5ab60179
[92mINFO [0m:      Sent reply
[92mINFO [0m:      
[92mINFO [0m:      Received: evaluate message 80c1347e-4189-4a79-b5ce-c4b46109211d
[92mINFO [0m:      Sent reply
[92mINFO [0m:      
[92mINFO [0m:      Received: evaluate message f8665890-e5da-45b0-8985-f08a8245cfca
[92mINFO [0m:      Sent reply
[92mINFO [0m:      
[92mINFO [0m:      Received: train message 0b1c6a06-78ad-474f-b025-e7faafafb989
[92mINFO [0m:      Sent reply
[92mINFO [0m:      
[92mINFO [0m:      Received: evaluate message a7776be7-d166-4f69-b8bd-0976f4dbb07b
[92mINFO [0m:      Sent reply
[92mINFO [0m:      
[92mINFO [0m:      Received: train message 9dd33cf3-a9fd-4f02-bea1-b9978b7d043e
[92mINFO [0m:      Sent reply
[92mINFO [0m:      
[92mINFO [0m:      Received: evaluate message 00d96f15-194b-42eb-955c-8b0d5c3d20a9
[92mINFO [0m:      Sent reply
[92mINFO [0m:      
[92mINFO [0m:      Received: train message a4bbb48b-505c-492e-a8cc-60e14b9d7796
[92mINFO [0m:      Sent reply
[92mINFO [0m:      
[92mINFO [0m:      Received: evaluate message 905bab89-418e-4929-be2c-b95f053b3a0e
[92mINFO [0m:      Sent reply
[92mINFO [0m:      
[92mINFO [0m:      Received: train message a075ca08-7dbe-4c3b-8017-7ec851f5352a
[92mINFO [0m:      Sent reply
[92mINFO [0m:      
[92mINFO [0m:      Received: evaluate message 122d670f-32eb-44ce-bedb-3e8090e94ec8
[92mINFO [0m:      Sent reply
[92mINFO [0m:      
[92mINFO [0m:      Received: train message fc6134e8-c9d0-46df-9a40-b4625e2d1cdd
[92mINFO [0m:      Sent reply
[92mINFO [0m:      
[92mINFO [0m:      Received: evaluate message d93d222a-f919-4ca5-915f-656c060c9bfa
[92mINFO [0m:      Sent reply
[92mINFO [0m:      
[92mINFO [0m:      Received: train message a6891ba8-3abf-4cc6-8fc9-0ebec776bac9
[92mINFO [0m:      Sent reply
[92mINFO [0m:      
[92mINFO [0m:      Received: evaluate message 057f9057-85f4-4904-8460-cf326a8885f0
[92mINFO [0m:      Sent reply
[92mINFO [0m:      
[92mINFO [0m:      Received: train message b7ebd874-a013-4323-967d-beecb64108b0
[92mINFO [0m:      Sent reply
[92mINFO [0m:      
[92mINFO [0m:      Received: reconnect message e17a2a98-55bd-406e-b63f-5e5d2055cdd6
[92mINFO [0m:      Disconnect and shut down
