[93mWARNING [0m:   DEPRECATED FEATURE: flwr.client.start_client() is deprecated.
	Instead, use the `flower-supernode` CLI command to start a SuperNode as shown below:

		$ flower-supernode --insecure --superlink='<IP>:<PORT>'

	To view all available options, run:

		$ flower-supernode --help

	Using `start_client()` is deprecated.

            This is a deprecated feature. It will be removed
            entirely in future versions of Flower.
        
[92mINFO [0m:      
[92mINFO [0m:      Received: evaluate message f73c89f4-5bc2-4a9e-9b00-24399a40442a
[92mINFO [0m:      Sent reply
[92mINFO [0m:      
[92mINFO [0m:      Received: evaluate message 3e95db13-d160-4457-9b9f-31aa2de41b1a
[92mINFO [0m:      Sent reply
[92mINFO [0m:      
[92mINFO [0m:      Received: train message 61065396-aa30-4f32-8a05-824957ada5e7
[92mINFO [0m:      Sent reply
[92mINFO [0m:      
[92mINFO [0m:      Received: evaluate message b8f2e2ae-b2b3-4268-91b7-2b14be35851f
[92mINFO [0m:      Sent reply
[92mINFO [0m:      
[92mINFO [0m:      Received: evaluate message 7c0a62d2-db9e-4e6f-b7fa-a28a7bc3a701
[92mINFO [0m:      Sent reply
[92mINFO [0m:      
[92mINFO [0m:      Received: train message 2f34e7d7-50bd-449d-8e7a-b5fe5f47b8e8
[92mINFO [0m:      Sent reply
[92mINFO [0m:      
[92mINFO [0m:      Received: evaluate message 70eaa335-0cf5-4c02-882d-d952c1303a7e
[92mINFO [0m:      Sent reply
[92mINFO [0m:      
[92mINFO [0m:      Received: evaluate message 2c63ec58-80e3-44f6-b973-657a26bcdb93
[92mINFO [0m:      Sent reply
[92mINFO [0m:      
[92mINFO [0m:      Received: evaluate message 7f32ae01-224b-4162-befc-d7d4d6fd3789
[92mINFO [0m:      Sent reply
[92mINFO [0m:      
[92mINFO [0m:      Received: train message 6098b030-f04f-425c-a352-cbb9b33bcba1
[92mINFO [0m:      Sent reply
[92mINFO [0m:      
[92mINFO [0m:      Received: evaluate message 506ad712-1723-4671-b30c-2862d4bd9168
[92mINFO [0m:      Sent reply
[92mINFO [0m:      
[92mINFO [0m:      Received: train message 3c27cc9a-5a58-4939-8326-8a6a169b1fab
[92mINFO [0m:      Sent reply
[92mINFO [0m:      
[92mINFO [0m:      Received: evaluate message a120e87a-2897-473e-a575-d2b81346c560
[92mINFO [0m:      Sent reply
[92mINFO [0m:      
[92mINFO [0m:      Received: train message 5b94116d-5680-44c1-98e6-ff65cf4cd4da
[92mINFO [0m:      Sent reply
[92mINFO [0m:      
[92mINFO [0m:      Received: evaluate message 01f03177-cec0-4fbf-9b20-017319a30026
[92mINFO [0m:      Sent reply
[92mINFO [0m:      
[92mINFO [0m:      Received: evaluate message b2052235-7168-4e7e-a363-445b32bd1d56
[92mINFO [0m:      Sent reply
[92mINFO [0m:      
[92mINFO [0m:      Received: train message 2b7d48bb-21e3-4e7c-9c50-d6168730918f
[92mINFO [0m:      Sent reply
[92mINFO [0m:      
[92mINFO [0m:      Received: evaluate message 87a4ee4a-d1e3-4d85-bf42-528ea7783dda
[92mINFO [0m:      Sent reply
[92mINFO [0m:      
[92mINFO [0m:      Received: evaluate message 3cc5a8ed-5a89-437d-aedd-3874635ee299
[92mINFO [0m:      Sent reply
[92mINFO [0m:      
[92mINFO [0m:      Received: evaluate message ab92f291-647f-4887-8ec2-a815669aa1c5
[92mINFO [0m:      Sent reply
[92mINFO [0m:      
[92mINFO [0m:      Received: train message f83da6e3-3793-4d15-8c93-a77c8a2353bb
[92mINFO [0m:      Sent reply
[92mINFO [0m:      
[92mINFO [0m:      Received: evaluate message d2b9e613-617d-4149-875f-95896f8526da
[92mINFO [0m:      Sent reply
[92mINFO [0m:      
[92mINFO [0m:      Received: train message f3d8d1a0-5a74-445d-a650-8e80e3658a5a
[92mINFO [0m:      Sent reply
[92mINFO [0m:      
[92mINFO [0m:      Received: evaluate message 6c9b1ecd-4d29-4398-ae08-46d1a1e7154b
[92mINFO [0m:      Sent reply
[92mINFO [0m:      
[92mINFO [0m:      Received: evaluate message 45f9ddde-5f1e-40eb-856f-5dda5a3f6191
[92mINFO [0m:      Sent reply
[92mINFO [0m:      
[92mINFO [0m:      Received: train message b414f0cc-3e83-4c3a-bbaa-df7be9ae1b14
[92mINFO [0m:      Sent reply
[92mINFO [0m:      
[92mINFO [0m:      Received: train message 5c7c431b-9a1a-4beb-bc73-dbb4078e452f
[92mINFO [0m:      Sent reply
[92mINFO [0m:      
[92mINFO [0m:      Received: evaluate message 3f9a16f5-4363-4f9b-b3e4-474d080b8ec3
[92mINFO [0m:      Sent reply
[92mINFO [0m:      
[92mINFO [0m:      Received: train message cf5a5ded-1791-455e-aa7a-d9a39a336955
[92mINFO [0m:      Sent reply
[92mINFO [0m:      
[92mINFO [0m:      Received: evaluate message 825d07eb-e05b-487a-9785-a9ba22cd496c
[92mINFO [0m:      Sent reply
[92mINFO [0m:      
[92mINFO [0m:      Received: evaluate message 08724b83-c680-439d-89c4-c6f95473d7bc
[92mINFO [0m:      Sent reply
[92mINFO [0m:      
[92mINFO [0m:      Received: evaluate message f6e20ccd-13fc-4fe5-a489-f6d265911eaf
[92mINFO [0m:      Sent reply
[92mINFO [0m:      
[92mINFO [0m:      Received: evaluate message 245d3f9d-ba58-4e05-b23f-8d2c91b2718f
[92mINFO [0m:      Sent reply
[92mINFO [0m:      
[92mINFO [0m:      Received: train message 359cd0dd-632c-43f5-8367-ac2a0fcf5797
[92mINFO [0m:      Sent reply
[92mINFO [0m:      
[92mINFO [0m:      Received: train message 8fdd5a1e-9e8f-465b-a2da-be9062a45c91
[92mINFO [0m:      Sent reply
[92mINFO [0m:      
[92mINFO [0m:      Received: evaluate message bc265ab2-ad7c-4f70-bf15-48aac5539c49
[92mINFO [0m:      Sent reply
[92mINFO [0m:      
[92mINFO [0m:      Received: train message c2f7f511-0f6b-4c3f-99da-c4e6757fe33d
[92mINFO [0m:      Sent reply
[92mINFO [0m:      
[92mINFO [0m:      Received: train message 3d742170-ad35-4a57-bc41-fccb9b255575
[92mINFO [0m:      Sent reply
[92mINFO [0m:      
[92mINFO [0m:      Received: train message 09c368d8-7fb9-4af8-9b89-b95177972c1e
[92mINFO [0m:      Sent reply
[92mINFO [0m:      
[92mINFO [0m:      Received: evaluate message 27446477-a77b-4319-9dfc-ead12eb9e702
[92mINFO [0m:      Sent reply
[92mINFO [0m:      
[92mINFO [0m:      Received: train message b931c1a3-ef83-44ea-b554-19939426e765
[92mINFO [0m:      Sent reply
[92mINFO [0m:      
[92mINFO [0m:      Received: evaluate message b489b403-4b39-46b8-8ea3-6a6e1654ac39
[92mINFO [0m:      Sent reply
[92mINFO [0m:      
[92mINFO [0m:      Received: evaluate message eebd9c8e-fb34-4bdb-81c5-30ed0a063404
[92mINFO [0m:      Sent reply
[92mINFO [0m:      
[92mINFO [0m:      Received: evaluate message 8cb2c54e-616f-45cf-bfba-60b45d8b9c37
[92mINFO [0m:      Sent reply
[92mINFO [0m:      
[92mINFO [0m:      Received: train message fa1da4e8-49fc-42b7-99cd-a778dc1fb32d
[92mINFO [0m:      Sent reply
[92mINFO [0m:      
[92mINFO [0m:      Received: train message fc6c0d40-5095-46ba-a7e2-c3285a6b9a34
[92mINFO [0m:      Sent reply
[92mINFO [0m:      
[92mINFO [0m:      Received: evaluate message 204cf6b5-3ba4-4977-afb0-94a5770ed67c
[92mINFO [0m:      Sent reply
[92mINFO [0m:      
[92mINFO [0m:      Received: train message b19b9e37-9921-48bf-96d5-def85ceceb40
[92mINFO [0m:      Sent reply
[92mINFO [0m:      
[92mINFO [0m:      Received: evaluate message 8d96c476-47ea-466f-a6dd-c3b16082ee96
[92mINFO [0m:      Sent reply
[92mINFO [0m:      
[92mINFO [0m:      Received: train message 59ccd405-89d7-43e0-859c-7dc211434301
[92mINFO [0m:      Sent reply
[92mINFO [0m:      
[92mINFO [0m:      Received: train message f65d5cd3-c915-4a1e-bf8f-e51739b16c9f
[92mINFO [0m:      Sent reply
[92mINFO [0m:      
[92mINFO [0m:      Received: evaluate message 03d8b3dd-5f91-491c-b7f4-66ea098dd0c5
[92mINFO [0m:      Sent reply
[92mINFO [0m:      
[92mINFO [0m:      Received: train message 6d3699c4-1fc0-455e-be6c-8e7f1fc4ed8f
[92mINFO [0m:      Sent reply
[92mINFO [0m:      
[92mINFO [0m:      Received: evaluate message 5aa308b6-9938-4bd4-b13d-1e35f9dbcd3f
[92mINFO [0m:      Sent reply
[92mINFO [0m:      
[92mINFO [0m:      Received: train message 0109e056-3edc-40c4-be7c-30a8c6541b7d
[92mINFO [0m:      Sent reply
[92mINFO [0m:      
[92mINFO [0m:      Received: train message 30ffa0ca-4f3d-4a5b-b687-85ad6223f458
[92mINFO [0m:      Sent reply
[92mINFO [0m:      
[92mINFO [0m:      Received: train message c82d8833-e41f-4fe5-860a-22bb9e8c78a8
[92mINFO [0m:      Sent reply
[92mINFO [0m:      
[92mINFO [0m:      Received: evaluate message 02c4d422-af87-46f3-9d7b-237ee84459bd
[92mINFO [0m:      Sent reply
[92mINFO [0m:      
[92mINFO [0m:      Received: train message 512884ec-4fdc-4259-99ba-5c41f010c156
[92mINFO [0m:      Sent reply
[92mINFO [0m:      
[92mINFO [0m:      Received: evaluate message 7a7d3099-8cf6-49eb-9823-e0e3517d63b3
[92mINFO [0m:      Sent reply
[92mINFO [0m:      
[92mINFO [0m:      Received: train message 8006bf71-614b-4c4f-befa-838bcfef85c1
[92mINFO [0m:      Sent reply
[92mINFO [0m:      
[92mINFO [0m:      Received: train message 4b9226eb-87ff-4afd-82f4-9e2d63355fea
[92mINFO [0m:      Sent reply
[92mINFO [0m:      
[92mINFO [0m:      Received: evaluate message 2ed02637-2cc6-4f4d-8c76-25a97906948e
[92mINFO [0m:      Sent reply
[92mINFO [0m:      
[92mINFO [0m:      Received: evaluate message 3d521161-3ba8-4849-9fb0-6f10a02b35b0
[92mINFO [0m:      Sent reply
[92mINFO [0m:      
[92mINFO [0m:      Received: evaluate message e41cf2d2-c796-49b0-9359-88f059ec2afc
[92mINFO [0m:      Sent reply
[92mINFO [0m:      
[92mINFO [0m:      Received: evaluate message cd33065f-0731-4e6e-8d43-50a4319bb90c
[92mINFO [0m:      Sent reply
[92mINFO [0m:      
[92mINFO [0m:      Received: train message 7d62b9b1-f790-4617-b4c2-2e2cc8ca30e2
[92mINFO [0m:      Sent reply
[92mINFO [0m:      
[92mINFO [0m:      Received: train message a602962a-363d-433e-8395-4db927381786
[92mINFO [0m:      Sent reply
[92mINFO [0m:      
[92mINFO [0m:      Received: evaluate message 7fa99d1e-4724-423b-8cb4-ed0b6fa22ecf
[92mINFO [0m:      Sent reply
[92mINFO [0m:      
[92mINFO [0m:      Received: train message 425ca198-4030-411f-9b3a-67ad3a1eb10f
[92mINFO [0m:      Sent reply
[92mINFO [0m:      
[92mINFO [0m:      Received: evaluate message ade114b1-4735-44ca-bed9-5e0cb33dfcf4
[92mINFO [0m:      Sent reply
[92mINFO [0m:      
[92mINFO [0m:      Received: train message ff9b78c5-43d2-4e01-a220-f97e01f5acfc
[92mINFO [0m:      Sent reply
[92mINFO [0m:      
[92mINFO [0m:      Received: train message 8399f610-4e3b-4bb2-b07f-fbf253414533
[92mINFO [0m:      Sent reply
[92mINFO [0m:      
[92mINFO [0m:      Received: evaluate message 4b35ee44-4df1-4618-9e28-6f8f60144522
[92mINFO [0m:      Sent reply
[92mINFO [0m:      
[92mINFO [0m:      Received: evaluate message d5c8190a-f324-4ced-b73f-831e38f9d8b9
[92mINFO [0m:      Sent reply
[92mINFO [0m:      
[92mINFO [0m:      Received: evaluate message b6e4fe30-4050-43a9-a63b-a1c436771eaa
[92mINFO [0m:      Sent reply
[92mINFO [0m:      
[92mINFO [0m:      Received: train message 15946946-5b62-4e8b-b9ed-fbdb82695dfe
[92mINFO [0m:      Sent reply
[92mINFO [0m:      
[92mINFO [0m:      Received: train message df9a1fda-3b67-449d-9b80-7c37783a5938
[92mINFO [0m:      Sent reply
[92mINFO [0m:      
[92mINFO [0m:      Received: train message 4e6d1f79-75af-43fd-ac8b-eb7ca24782e2
[92mINFO [0m:      Sent reply
[92mINFO [0m:      
[92mINFO [0m:      Received: evaluate message 0e4c210c-bb96-42fe-ad1f-f037e89082a2
[92mINFO [0m:      Sent reply
[92mINFO [0m:      
[92mINFO [0m:      Received: evaluate message ae62274b-cc37-4d8f-a92a-faf2472da6d2
[92mINFO [0m:      Sent reply
[92mINFO [0m:      
[92mINFO [0m:      Received: evaluate message 4047649c-c138-49d9-bc4a-6b1255444565
[92mINFO [0m:      Sent reply
[92mINFO [0m:      
[92mINFO [0m:      Received: train message cd12ab0f-4533-4926-bc3c-a79ccf873373
[92mINFO [0m:      Sent reply
[92mINFO [0m:      
[92mINFO [0m:      Received: train message 1bdc4579-1422-42e1-9df7-c9dcaac24078
[92mINFO [0m:      Sent reply
[92mINFO [0m:      
[92mINFO [0m:      Received: evaluate message b956aa6a-6cb7-4e0d-ac78-1cf310a84fa5
[92mINFO [0m:      Sent reply
[92mINFO [0m:      
[92mINFO [0m:      Received: train message 53eb321e-01d7-4e05-aa0a-6cb36eb75002
[92mINFO [0m:      Sent reply
[92mINFO [0m:      
[92mINFO [0m:      Received: evaluate message 1f099641-d825-4877-afdd-077c39753b45
[92mINFO [0m:      Sent reply
[92mINFO [0m:      
[92mINFO [0m:      Received: evaluate message c4d83b44-68b9-46ae-a157-0db93c78ccd2
[92mINFO [0m:      Sent reply
[92mINFO [0m:      
[92mINFO [0m:      Received: evaluate message b0fb15af-5e63-4ac0-b73a-3193aef61903
[92mINFO [0m:      Sent reply
[92mINFO [0m:      
[92mINFO [0m:      Received: train message 0f509fe9-fc2d-47cb-8c0c-d0d0f6f3b759
[92mINFO [0m:      Sent reply
[92mINFO [0m:      
[92mINFO [0m:      Received: train message 2832f53e-a3a7-4a57-a08b-ab4583ddefbb
[92mINFO [0m:      Sent reply
[92mINFO [0m:      
[92mINFO [0m:      Received: train message 91a44703-a167-4ff0-b34f-030ddf312957
[92mINFO [0m:      Sent reply
[92mINFO [0m:      
[92mINFO [0m:      Received: evaluate message e1a162e1-bf72-4b01-a003-01c605d2104e
[92mINFO [0m:      Sent reply
[92mINFO [0m:      
[92mINFO [0m:      Received: evaluate message 950a4569-a8c1-4e98-a467-f0a4f52f3e56
[92mINFO [0m:      Sent reply
[92mINFO [0m:      
[92mINFO [0m:      Received: evaluate message a67e48de-fbb4-4c03-aa1c-8f7b51d380c8
[92mINFO [0m:      Sent reply
[92mINFO [0m:      
[92mINFO [0m:      Received: evaluate message cdfa5674-7642-44a3-b808-7a0413046ba0
[92mINFO [0m:      Sent reply
[92mINFO [0m:      
[92mINFO [0m:      Received: train message 90cbc73b-2ea3-456d-b24c-ab0637541819
[92mINFO [0m:      Sent reply
[92mINFO [0m:      
[92mINFO [0m:      Received: train message 07dad5a7-282d-49f9-b1a4-a197db124ad2
[92mINFO [0m:      Sent reply
[92mINFO [0m:      
[92mINFO [0m:      Received: evaluate message d0b1c618-87ef-403e-bdee-279d717ce8fb
[92mINFO [0m:      Sent reply
[92mINFO [0m:      
[92mINFO [0m:      Received: evaluate message 3fb18126-756b-4bcd-b506-e2d5a76275b4
[92mINFO [0m:      Sent reply
[92mINFO [0m:      
[92mINFO [0m:      Received: evaluate message 71f98f68-0567-4f63-b29a-109dbbe998c5
[92mINFO [0m:      Sent reply
[92mINFO [0m:      
[92mINFO [0m:      Received: evaluate message e437d085-29f8-4d56-bc30-0e6a2373891c
[92mINFO [0m:      Sent reply
[92mINFO [0m:      
[92mINFO [0m:      Received: evaluate message bc84d20b-c846-4302-8675-ef89b0a5d2f7
[92mINFO [0m:      Sent reply
[92mINFO [0m:      
[92mINFO [0m:      Received: reconnect message ae9d21de-4616-42e1-afa5-0de6cb390548
[92mINFO [0m:      Disconnect and shut down
