[93mWARNING [0m:   DEPRECATED FEATURE: flwr.client.start_client() is deprecated.
	Instead, use the `flower-supernode` CLI command to start a SuperNode as shown below:

		$ flower-supernode --insecure --superlink='<IP>:<PORT>'

	To view all available options, run:

		$ flower-supernode --help

	Using `start_client()` is deprecated.

            This is a deprecated feature. It will be removed
            entirely in future versions of Flower.
        
[92mINFO [0m:      
[92mINFO [0m:      Received: evaluate message f2637eeb-0960-42c7-beb0-9c5b83eb18f1
[92mINFO [0m:      Sent reply
[92mINFO [0m:      
[92mINFO [0m:      Received: evaluate message 3f36ec54-bc34-4c06-9af8-9f1300591b51
[92mINFO [0m:      Sent reply
[92mINFO [0m:      
[92mINFO [0m:      Received: train message d4c0aa05-7e83-44ee-a967-62d65aa48c9c
[92mINFO [0m:      Sent reply
[92mINFO [0m:      
[92mINFO [0m:      Received: evaluate message 35dc6e19-86ec-4f55-be0d-4bba880ae57f
[92mINFO [0m:      Sent reply
[92mINFO [0m:      
[92mINFO [0m:      Received: train message 74a8dbe0-5d1b-422a-aa74-05ad967d71c1
[92mINFO [0m:      Sent reply
[92mINFO [0m:      
[92mINFO [0m:      Received: evaluate message 5982d833-9fb5-432e-accb-16ff827cc8f5
[92mINFO [0m:      Sent reply
[92mINFO [0m:      
[92mINFO [0m:      Received: evaluate message cf4e7839-afd0-4cd3-8ffa-e3b37b74d9e9
[92mINFO [0m:      Sent reply
[92mINFO [0m:      
[92mINFO [0m:      Received: train message 54a628a7-7547-43f1-8c16-8ba2c613873e
[92mINFO [0m:      Sent reply
[92mINFO [0m:      
[92mINFO [0m:      Received: evaluate message 9db5aa2f-85c4-4951-abb4-82b8e77c7c67
[92mINFO [0m:      Sent reply
[92mINFO [0m:      
[92mINFO [0m:      Received: train message 649dde5c-c971-49a0-a212-b9ca348cf610
[92mINFO [0m:      Sent reply
[92mINFO [0m:      
[92mINFO [0m:      Received: evaluate message 33477cb2-cb9a-48f5-b482-426935f12279
[92mINFO [0m:      Sent reply
[92mINFO [0m:      
[92mINFO [0m:      Received: evaluate message 349ef764-70e8-4cab-9099-4db0f7eb16eb
[92mINFO [0m:      Sent reply
[92mINFO [0m:      
[92mINFO [0m:      Received: train message 82cced3e-a439-4fb7-b1ef-28fcf8d22e1b
[92mINFO [0m:      Sent reply
[92mINFO [0m:      
[92mINFO [0m:      Received: evaluate message 5dfbe519-028e-49b0-8f08-1ea52c9813be
[92mINFO [0m:      Sent reply
[92mINFO [0m:      
[92mINFO [0m:      Received: evaluate message 8537d3c9-a894-4955-a6c6-3637c8d636d7
[92mINFO [0m:      Sent reply
[92mINFO [0m:      
[92mINFO [0m:      Received: train message 24f3ee73-81f0-47ca-aa94-c7a2e2159cbf
[92mINFO [0m:      Sent reply
[92mINFO [0m:      
[92mINFO [0m:      Received: evaluate message 9821c520-61d1-4a5f-ba40-781f737dd42e
[92mINFO [0m:      Sent reply
[92mINFO [0m:      
[92mINFO [0m:      Received: evaluate message 209c343b-126a-4939-80ab-6123c93f2a0e
[92mINFO [0m:      Sent reply
[92mINFO [0m:      
[92mINFO [0m:      Received: train message 41ec2c7d-e941-4ae7-8036-de569719fdd7
[92mINFO [0m:      Sent reply
[92mINFO [0m:      
[92mINFO [0m:      Received: train message 62733a0f-8846-4d50-8829-52165dc86ff6
[92mINFO [0m:      Sent reply
[92mINFO [0m:      
[92mINFO [0m:      Received: train message f5fd6777-4c10-4b4e-99cb-517e57406f63
[92mINFO [0m:      Sent reply
[92mINFO [0m:      
[92mINFO [0m:      Received: train message 50a580dc-0290-4998-901f-310453a3c148
[92mINFO [0m:      Sent reply
