[93mWARNING [0m:   DEPRECATED FEATURE: flwr.client.start_client() is deprecated.
	Instead, use the `flower-supernode` CLI command to start a SuperNode as shown below:

		$ flower-supernode --insecure --superlink='<IP>:<PORT>'

	To view all available options, run:

		$ flower-supernode --help

	Using `start_client()` is deprecated.

            This is a deprecated feature. It will be removed
            entirely in future versions of Flower.
        
[92mINFO [0m:      
[92mINFO [0m:      Received: evaluate message f6c8cb93-1a4c-42bd-af91-c458bbe10562
[92mINFO [0m:      Sent reply
[92mINFO [0m:      
[92mINFO [0m:      Received: evaluate message 5d3bc02c-6e2f-42df-aec4-1ccd3328ddae
[92mINFO [0m:      Sent reply
[92mINFO [0m:      
[92mINFO [0m:      Received: train message 21c59f65-7b12-41de-a846-b72f29b721c4
[92mINFO [0m:      Sent reply
[92mINFO [0m:      
[92mINFO [0m:      Received: evaluate message 2e4f53c6-ca3e-4d63-827e-b3b799653770
[92mINFO [0m:      Sent reply
[92mINFO [0m:      
[92mINFO [0m:      Received: train message 5c78e87b-51de-4b2e-9ce7-ea3dbd5aa2b3
[92mINFO [0m:      Sent reply
[92mINFO [0m:      
[92mINFO [0m:      Received: train message ca4fd0e0-beed-4870-aa05-3f580cb53f7e
[92mINFO [0m:      Sent reply
[92mINFO [0m:      
[92mINFO [0m:      Received: evaluate message 8a9b1528-0fc3-4d0c-9b18-e815427c9d86
[92mINFO [0m:      Sent reply
[92mINFO [0m:      
[92mINFO [0m:      Received: train message bfb0b4eb-49ef-4d01-a384-737840248b45
[92mINFO [0m:      Sent reply
[92mINFO [0m:      
[92mINFO [0m:      Received: evaluate message 6a3c5bff-ba06-4173-854f-cf497a646df9
[92mINFO [0m:      Sent reply
[92mINFO [0m:      
[92mINFO [0m:      Received: train message 9f18303a-740b-4f07-9dfb-9d480420d7be
[92mINFO [0m:      Sent reply
[92mINFO [0m:      
[92mINFO [0m:      Received: evaluate message 18f18612-f778-429c-979e-a4929e69d93c
[92mINFO [0m:      Sent reply
[92mINFO [0m:      
[92mINFO [0m:      Received: train message cd6492bc-1ec5-4916-9a4d-59c9eb7dd719
[92mINFO [0m:      Sent reply
[92mINFO [0m:      
[92mINFO [0m:      Received: train message a5043d6b-d38e-431d-adce-675b4f1d25ac
[92mINFO [0m:      Sent reply
[92mINFO [0m:      
[92mINFO [0m:      Received: train message 8eacceb6-4acd-4e2a-b7af-e4cd5bfb449a
[92mINFO [0m:      Sent reply
[92mINFO [0m:      
[92mINFO [0m:      Received: evaluate message b1f782da-c41f-4708-8cd3-83f60248d3fc
[92mINFO [0m:      Sent reply
[92mINFO [0m:      
[92mINFO [0m:      Received: train message d301eaf9-47b8-4011-a8f5-01f6476313d8
[92mINFO [0m:      Sent reply
[92mINFO [0m:      
[92mINFO [0m:      Received: evaluate message 00ff6929-679b-4db8-b98e-0d12890d3eae
[92mINFO [0m:      Sent reply
[92mINFO [0m:      
[92mINFO [0m:      Received: evaluate message ac12de85-e485-4f8f-a98f-a78bb468a7db
[92mINFO [0m:      Sent reply
[92mINFO [0m:      
[92mINFO [0m:      Received: evaluate message 51456e75-8db8-49fa-9b43-6a9cdb062b6c
[92mINFO [0m:      Sent reply
[92mINFO [0m:      
[92mINFO [0m:      Received: train message 6f9c0069-4469-4e10-8186-7f7e50090258
[92mINFO [0m:      Sent reply
[92mINFO [0m:      
[92mINFO [0m:      Received: evaluate message 674e3851-2c4c-4cf8-846c-823a3867bd66
[92mINFO [0m:      Sent reply
[92mINFO [0m:      
[92mINFO [0m:      Received: train message 1e6d0f31-adcc-4270-a9eb-ed80cf1988d8
[92mINFO [0m:      Sent reply
[92mINFO [0m:      
[92mINFO [0m:      Received: evaluate message bb459b49-806a-425f-a541-e08728bcec0e
[92mINFO [0m:      Sent reply
