[93mWARNING [0m:   DEPRECATED FEATURE: flwr.client.start_client() is deprecated.
	Instead, use the `flower-supernode` CLI command to start a SuperNode as shown below:

		$ flower-supernode --insecure --superlink='<IP>:<PORT>'

	To view all available options, run:

		$ flower-supernode --help

	Using `start_client()` is deprecated.

            This is a deprecated feature. It will be removed
            entirely in future versions of Flower.
        
[92mINFO [0m:      
[92mINFO [0m:      Received: train message 4fa08949-8c22-47ae-9854-6a746a6e26dd
[92mINFO [0m:      Sent reply
[92mINFO [0m:      
[92mINFO [0m:      Received: train message e90591a0-05a6-40e2-9dbd-bf3f3e46893a
[92mINFO [0m:      Sent reply
[92mINFO [0m:      
[92mINFO [0m:      Received: evaluate message 710ee6e0-3b4a-40ec-bef9-92c45036c03e
[92mINFO [0m:      Sent reply
[92mINFO [0m:      
[92mINFO [0m:      Received: train message 12ab3e19-debf-4ec9-b196-3f4b2e8470cb
[92mINFO [0m:      Sent reply
[92mINFO [0m:      
[92mINFO [0m:      Received: evaluate message 4d253c0c-98f8-4ddb-aa17-c1f66d8795b8
[92mINFO [0m:      Sent reply
[92mINFO [0m:      
[92mINFO [0m:      Received: evaluate message 48835ec7-1b68-41ef-b111-8eb0117914fd
[92mINFO [0m:      Sent reply
[92mINFO [0m:      
[92mINFO [0m:      Received: train message 2bdc903c-7b84-43ce-955e-dec97d1d756b
[92mINFO [0m:      Sent reply
[92mINFO [0m:      
[92mINFO [0m:      Received: train message db67c840-8998-4edc-b4de-43a5e04bc124
[92mINFO [0m:      Sent reply
[92mINFO [0m:      
[92mINFO [0m:      Received: evaluate message 74a96861-97d7-41fd-9d80-078c68a34c62
[92mINFO [0m:      Sent reply
[92mINFO [0m:      
[92mINFO [0m:      Received: evaluate message 12570b24-a2a6-4ed1-bcae-f13dd3ec804f
[92mINFO [0m:      Sent reply
[92mINFO [0m:      
[92mINFO [0m:      Received: train message df3bd630-97e3-477e-aa2d-19739cff7265
[92mINFO [0m:      Sent reply
[92mINFO [0m:      
[92mINFO [0m:      Received: evaluate message 529cefab-8b57-48c0-a811-f9cd675684e2
[92mINFO [0m:      Sent reply
[92mINFO [0m:      
[92mINFO [0m:      Received: train message d7fec9dc-695f-439c-9375-976784c7052b
[92mINFO [0m:      Sent reply
[92mINFO [0m:      
[92mINFO [0m:      Received: train message a444cff7-5dbe-42e3-b371-b00492403b26
[92mINFO [0m:      Sent reply
[92mINFO [0m:      
[92mINFO [0m:      Received: evaluate message c4fe9c07-ac77-47fc-a64f-c966b61618c7
[92mINFO [0m:      Sent reply
[92mINFO [0m:      
[92mINFO [0m:      Received: train message c1ce6a3a-92ad-467c-a545-c88e4e3e101b
[92mINFO [0m:      Sent reply
[92mINFO [0m:      
[92mINFO [0m:      Received: train message 112afb28-e968-4c58-bdba-a8d312a4ca3f
[92mINFO [0m:      Sent reply
[92mINFO [0m:      
[92mINFO [0m:      Received: train message 54bc548c-8347-4238-aa11-748585f657c7
[92mINFO [0m:      Sent reply
[92mINFO [0m:      
[92mINFO [0m:      Received: evaluate message d50f8b71-b051-4734-9812-9ad467eca36e
[92mINFO [0m:      Sent reply
[92mINFO [0m:      
[92mINFO [0m:      Received: train message aa411187-df93-43a4-9abb-0f59b31be543
[92mINFO [0m:      Sent reply
[92mINFO [0m:      
[92mINFO [0m:      Received: train message 75b33657-1d48-44fa-9b77-45ea7615c6a8
[92mINFO [0m:      Sent reply
[92mINFO [0m:      
[92mINFO [0m:      Received: evaluate message 638f35a3-c668-4124-8979-39929549d955
[92mINFO [0m:      Sent reply
[92mINFO [0m:      
[92mINFO [0m:      Received: train message 7a318963-c4b6-4be6-a6af-e39c5b74bd73
[92mINFO [0m:      Sent reply
[92mINFO [0m:      
[92mINFO [0m:      Received: train message 7a39ff92-64b3-4e99-aeeb-852c07df88ab
[92mINFO [0m:      Sent reply
[92mINFO [0m:      
[92mINFO [0m:      Received: train message 5e4cc334-fc7b-40ac-a45a-91eec772b9d6
[92mINFO [0m:      Sent reply
[92mINFO [0m:      
[92mINFO [0m:      Received: train message 6b5555a1-538c-475f-9056-70377028d9ef
[92mINFO [0m:      Sent reply
[92mINFO [0m:      
[92mINFO [0m:      Received: evaluate message 7251c638-9603-4079-bd6f-334717069dd8
[92mINFO [0m:      Sent reply
[92mINFO [0m:      
[92mINFO [0m:      Received: train message 513672ec-af35-4812-8a93-4308cc46acf6
[92mINFO [0m:      Sent reply
[92mINFO [0m:      
[92mINFO [0m:      Received: evaluate message c13df74c-4984-4132-89d7-b34eb04834c0
[92mINFO [0m:      Sent reply
[92mINFO [0m:      
[92mINFO [0m:      Received: train message 895f3d9e-f7a4-4c6e-9208-d0e88047c7a5
[92mINFO [0m:      Sent reply
[92mINFO [0m:      
[92mINFO [0m:      Received: evaluate message 00100998-362c-4644-9519-fe29b1d36344
[92mINFO [0m:      Sent reply
[92mINFO [0m:      
[92mINFO [0m:      Received: train message 6ff30b9f-2f1d-49cb-b3c9-9c3a1e3a6c47
[92mINFO [0m:      Sent reply
[92mINFO [0m:      
[92mINFO [0m:      Received: train message 8e75b632-57ac-4863-9e44-24cc5a0b8119
[92mINFO [0m:      Sent reply
[92mINFO [0m:      
[92mINFO [0m:      Received: train message d0634524-4865-414c-add1-545b5faa2543
[92mINFO [0m:      Sent reply
[92mINFO [0m:      
[92mINFO [0m:      Received: train message 9e4da327-1044-4c17-a85f-218c6bbe04d8
[92mINFO [0m:      Sent reply
[92mINFO [0m:      
[92mINFO [0m:      Received: train message 35e69d10-41f9-452a-8bbd-2a8c1c6f995a
[92mINFO [0m:      Sent reply
[92mINFO [0m:      
[92mINFO [0m:      Received: evaluate message 370fd4ab-19ed-467a-93e4-7e68b89e8b1b
[92mINFO [0m:      Sent reply
[92mINFO [0m:      
[92mINFO [0m:      Received: evaluate message 069f00be-14dd-4bda-a588-5c52d9584647
[92mINFO [0m:      Sent reply
[92mINFO [0m:      
[92mINFO [0m:      Received: train message 1c3a3842-2ef6-491a-8933-388e543ee937
[92mINFO [0m:      Sent reply
[92mINFO [0m:      
[92mINFO [0m:      Received: evaluate message 86aea2ed-3deb-4006-b7a4-0dbccb0eb866
[92mINFO [0m:      Sent reply
[92mINFO [0m:      
[92mINFO [0m:      Received: train message 6b130977-5424-4a74-ae24-6391445de2a4
[92mINFO [0m:      Sent reply
[92mINFO [0m:      
[92mINFO [0m:      Received: evaluate message 850664b8-76e2-4b2e-bf56-61d4e36767e8
[92mINFO [0m:      Sent reply
[92mINFO [0m:      
[92mINFO [0m:      Received: train message 05cbec02-9d16-4c98-a3e5-f0d2bb4fb382
[92mINFO [0m:      Sent reply
[92mINFO [0m:      
[92mINFO [0m:      Received: train message 41592e13-243c-4ef8-8284-d178a160563a
[92mINFO [0m:      Sent reply
[92mINFO [0m:      
[92mINFO [0m:      Received: evaluate message dd17dad9-d065-48fd-b080-a5c546443a46
[92mINFO [0m:      Sent reply
[92mINFO [0m:      
[92mINFO [0m:      Received: train message cca1041e-d663-44c9-81e4-ad5041a0b8da
[92mINFO [0m:      Sent reply
[92mINFO [0m:      
[92mINFO [0m:      Received: evaluate message bd99dddd-6fd1-4b57-a8bc-00ce3f873b70
[92mINFO [0m:      Sent reply
[92mINFO [0m:      
[92mINFO [0m:      Received: train message c2ad6a22-47ae-4d6c-a410-212956be2e0b
[92mINFO [0m:      Sent reply
[92mINFO [0m:      
[92mINFO [0m:      Received: evaluate message f6a4cafe-691a-40d3-853a-1a8e9fa4cb28
[92mINFO [0m:      Sent reply
[92mINFO [0m:      
[92mINFO [0m:      Received: evaluate message 654916da-3663-4657-86c2-4302dea9586e
[92mINFO [0m:      Sent reply
[92mINFO [0m:      
[92mINFO [0m:      Received: evaluate message 551289b2-4122-4dfd-97af-d12da9abdf94
[92mINFO [0m:      Sent reply
[92mINFO [0m:      
[92mINFO [0m:      Received: train message d51ecdc8-6e97-4839-9ca9-bdaaeed06f53
[92mINFO [0m:      Sent reply
[92mINFO [0m:      
[92mINFO [0m:      Received: train message a7498a7f-2aa1-46d6-a17b-a721c299fe6e
[92mINFO [0m:      Sent reply
[92mINFO [0m:      
[92mINFO [0m:      Received: evaluate message 57360e11-dbbc-4bae-b3e8-e891aab7e78f
[92mINFO [0m:      Sent reply
[92mINFO [0m:      
[92mINFO [0m:      Received: train message 14a8b69f-150b-404f-a1d6-799436969048
[92mINFO [0m:      Sent reply
[92mINFO [0m:      
[92mINFO [0m:      Received: evaluate message 15a7ad31-8a88-4e70-abc7-4b7dd216cfca
[92mINFO [0m:      Sent reply
[92mINFO [0m:      
[92mINFO [0m:      Received: evaluate message 4b2b360c-3641-435f-bae0-57a38aeedea1
[92mINFO [0m:      Sent reply
[92mINFO [0m:      
[92mINFO [0m:      Received: train message b143f0f1-5e92-432f-abb6-c7152cc1b463
[92mINFO [0m:      Sent reply
[92mINFO [0m:      
[92mINFO [0m:      Received: evaluate message 0eeadfea-1996-427d-b482-a0a9aa613121
[92mINFO [0m:      Sent reply
[92mINFO [0m:      
[92mINFO [0m:      Received: evaluate message ea9a259b-9350-43b1-97cb-77631f84dc80
[92mINFO [0m:      Sent reply
[92mINFO [0m:      
[92mINFO [0m:      Received: evaluate message 851bda62-4a75-45ee-9d24-425161feeb41
[92mINFO [0m:      Sent reply
[92mINFO [0m:      
[92mINFO [0m:      Received: train message f989b298-b6d8-466c-b62b-fdfce8c56139
[92mINFO [0m:      Sent reply
[92mINFO [0m:      
[92mINFO [0m:      Received: evaluate message 8128e7eb-c9c8-4439-bf23-4a3911e40d15
[92mINFO [0m:      Sent reply
[92mINFO [0m:      
[92mINFO [0m:      Received: evaluate message a7c75525-1064-42d2-b519-e11df1c9a27e
[92mINFO [0m:      Sent reply
[92mINFO [0m:      
[92mINFO [0m:      Received: train message a32299b1-49fd-4be1-913a-eaab0b6cde7d
[92mINFO [0m:      Sent reply
[92mINFO [0m:      
[92mINFO [0m:      Received: evaluate message 862356b0-6adc-4cd1-add0-2134524f4e58
[92mINFO [0m:      Sent reply
[92mINFO [0m:      
[92mINFO [0m:      Received: train message ba33f850-ab76-4206-b475-59a4b2d09b17
[92mINFO [0m:      Sent reply
[92mINFO [0m:      
[92mINFO [0m:      Received: evaluate message 8b6d8432-ebfe-4764-85b7-1b62b07f6d9e
[92mINFO [0m:      Sent reply
[92mINFO [0m:      
[92mINFO [0m:      Received: evaluate message 9908db10-03db-482c-af7b-61167f8e0efd
[92mINFO [0m:      Sent reply
[92mINFO [0m:      
[92mINFO [0m:      Received: train message 3e8abc6b-70ab-4d4f-9230-7034fffffaa4
[92mINFO [0m:      Sent reply
[92mINFO [0m:      
[92mINFO [0m:      Received: train message 76db3615-5dcf-4095-8c10-a0647548ad79
[92mINFO [0m:      Sent reply
[92mINFO [0m:      
[92mINFO [0m:      Received: evaluate message e8bc28b5-8c6f-47ea-8749-b8dc186b5955
[92mINFO [0m:      Sent reply
[92mINFO [0m:      
[92mINFO [0m:      Received: evaluate message fbfeff00-158e-4fdc-b9ef-d75873fe8f42
[92mINFO [0m:      Sent reply
[92mINFO [0m:      
[92mINFO [0m:      Received: train message 0543f9b5-c8db-43ab-aabb-8ba52273bdc3
[92mINFO [0m:      Sent reply
[92mINFO [0m:      
[92mINFO [0m:      Received: evaluate message 460ff2ce-d11d-44df-83fe-e0f135f4d871
[92mINFO [0m:      Sent reply
[92mINFO [0m:      
[92mINFO [0m:      Received: train message 1e3f3b66-6a5d-4eb1-b8ff-9c104c6ebf24
[92mINFO [0m:      Sent reply
[92mINFO [0m:      
[92mINFO [0m:      Received: evaluate message 0e8d225c-0868-4e0a-b186-1dc007045bb8
[92mINFO [0m:      Sent reply
[92mINFO [0m:      
[92mINFO [0m:      Received: train message a3a7eaba-07a5-4a9f-abf2-8e0be0fdfa01
[92mINFO [0m:      Sent reply
[92mINFO [0m:      
[92mINFO [0m:      Received: train message bdad5dc5-a402-41ec-97a8-7c3582273d87
[92mINFO [0m:      Sent reply
[92mINFO [0m:      
[92mINFO [0m:      Received: train message bf589ee9-4abd-44c0-ad49-0d2fcc7eb17c
[92mINFO [0m:      Sent reply
[92mINFO [0m:      
[92mINFO [0m:      Received: train message af686cfe-3630-4561-9585-bcc96404c08f
[92mINFO [0m:      Sent reply
[92mINFO [0m:      
[92mINFO [0m:      Received: evaluate message c5c92121-2ea6-47d0-8196-95e40d7c8149
[92mINFO [0m:      Sent reply
[92mINFO [0m:      
[92mINFO [0m:      Received: evaluate message 958ab198-9e01-4def-81f3-b64758bd40b3
[92mINFO [0m:      Sent reply
[92mINFO [0m:      
[92mINFO [0m:      Received: train message 214b9e03-b53a-491c-b7af-a2ca0e3b0f5a
[92mINFO [0m:      Sent reply
[92mINFO [0m:      
[92mINFO [0m:      Received: evaluate message 94217a82-d077-4b66-8013-b76c6040f77d
[92mINFO [0m:      Sent reply
[92mINFO [0m:      
[92mINFO [0m:      Received: train message 7c4f8cc2-717e-4f67-bfb1-5d3e020a2bad
[92mINFO [0m:      Sent reply
[92mINFO [0m:      
[92mINFO [0m:      Received: train message 7e3437c0-36d4-46e2-a7f9-0f0900260770
[92mINFO [0m:      Sent reply
[92mINFO [0m:      
[92mINFO [0m:      Received: evaluate message bc4af8e4-2771-43f6-a68e-317b029c3a2c
[92mINFO [0m:      Sent reply
[92mINFO [0m:      
[92mINFO [0m:      Received: evaluate message 689609b7-1b1c-43de-9ba8-b5a08da22f62
[92mINFO [0m:      Sent reply
[92mINFO [0m:      
[92mINFO [0m:      Received: evaluate message 8bbe0269-4a74-4e65-a157-286a11cbbee0
[92mINFO [0m:      Sent reply
[92mINFO [0m:      
[92mINFO [0m:      Received: evaluate message 1b24db50-3736-49e2-bdb9-87315e00df48
[92mINFO [0m:      Sent reply
[92mINFO [0m:      
[92mINFO [0m:      Received: evaluate message e0cd3855-f978-483f-b743-d192bd5b2175
[92mINFO [0m:      Sent reply
[92mINFO [0m:      
[92mINFO [0m:      Received: train message e5dcd41f-c803-490b-8118-5fcd0b3d0a05
[92mINFO [0m:      Sent reply
[92mINFO [0m:      
[92mINFO [0m:      Received: evaluate message e501915d-ec7c-47a7-83a2-a15af8dc053f
[92mINFO [0m:      Sent reply
[92mINFO [0m:      
[92mINFO [0m:      Received: evaluate message 284fc332-039f-4c49-a7dc-61d5afd7e792
[92mINFO [0m:      Sent reply
[92mINFO [0m:      
[92mINFO [0m:      Received: train message e0b669e7-deb9-459b-be4b-447c296ecb49
[92mINFO [0m:      Sent reply
[92mINFO [0m:      
[92mINFO [0m:      Received: evaluate message f847c84d-d0e7-400d-b6df-93eaf61e09bf
[92mINFO [0m:      Sent reply
[92mINFO [0m:      
[92mINFO [0m:      Received: train message 455191b2-5448-47d2-8f1e-b45ffa4534b9
[92mINFO [0m:      Sent reply
[92mINFO [0m:      
[92mINFO [0m:      Received: train message 5928ce42-8faf-4aa0-94a9-b5763f44578f
[92mINFO [0m:      Sent reply
[92mINFO [0m:      
[92mINFO [0m:      Received: evaluate message 2bf0a378-9586-4051-96ad-eff72a80ef24
[92mINFO [0m:      Sent reply
[92mINFO [0m:      
[92mINFO [0m:      Received: train message 573f402a-0caf-4f9e-a913-b820e58ca39b
[92mINFO [0m:      Sent reply
[92mINFO [0m:      
[92mINFO [0m:      Received: evaluate message 7cabc048-6608-4768-9b5d-4526afa73101
[92mINFO [0m:      Sent reply
[92mINFO [0m:      
[92mINFO [0m:      Received: train message 324bf7d5-3aa3-4178-baa7-c15caceeceb4
[92mINFO [0m:      Sent reply
[92mINFO [0m:      
[92mINFO [0m:      Received: train message 2b4cfafd-4a3a-4852-8c54-53951aeebc5e
[92mINFO [0m:      Sent reply
[92mINFO [0m:      
[92mINFO [0m:      Received: evaluate message e66283f7-8d81-4a08-b2d7-7c3cebebc549
[92mINFO [0m:      Sent reply
[92mINFO [0m:      
[92mINFO [0m:      Received: evaluate message 3067ad47-f302-462b-a6c5-a2750b6cbcbe
[92mINFO [0m:      Sent reply
[92mINFO [0m:      
[92mINFO [0m:      Received: train message db262388-11be-4a84-9d6e-9d6257d94f83
[92mINFO [0m:      Sent reply
[92mINFO [0m:      
[92mINFO [0m:      Received: evaluate message d2572a44-9083-4384-88d6-37c27b9a965c
[92mINFO [0m:      Sent reply
[92mINFO [0m:      
[92mINFO [0m:      Received: train message 74755387-6931-4894-9a0c-eb48a49cc593
[92mINFO [0m:      Sent reply
[92mINFO [0m:      
[92mINFO [0m:      Received: evaluate message 620d5a38-625d-4df4-97b4-ddef590f329d
[92mINFO [0m:      Sent reply
[92mINFO [0m:      
[92mINFO [0m:      Received: evaluate message e04401f5-035c-4cd0-b25d-15359b2e79d2
[92mINFO [0m:      Sent reply
[92mINFO [0m:      
[92mINFO [0m:      Received: evaluate message d72a86f4-f557-4c91-814e-36a89afd137f
[92mINFO [0m:      Sent reply
[92mINFO [0m:      
[92mINFO [0m:      Received: train message efcc9b66-3603-4c86-bc35-74899e27002d
[92mINFO [0m:      Sent reply
[92mINFO [0m:      
[92mINFO [0m:      Received: evaluate message 2b55be46-70db-4d4b-87ea-e285aeb96985
[92mINFO [0m:      Sent reply
[92mINFO [0m:      
[92mINFO [0m:      Received: train message db11c711-b9f2-493d-814a-dbeb5830c821
[92mINFO [0m:      Sent reply
[92mINFO [0m:      
[92mINFO [0m:      Received: evaluate message 930691fa-c51a-4a20-b9f7-b709d1eb7483
[92mINFO [0m:      Sent reply
[92mINFO [0m:      
[92mINFO [0m:      Received: evaluate message 8449a55d-213f-4ce4-9d67-eb037ac9b999
[92mINFO [0m:      Sent reply
[92mINFO [0m:      
[92mINFO [0m:      Received: train message 4f23d557-88a3-4cb8-9378-dddbf834e6c2
[92mINFO [0m:      Sent reply
[92mINFO [0m:      
[92mINFO [0m:      Received: evaluate message a6060919-7b85-4e95-bd37-8e057d80c32b
[92mINFO [0m:      Sent reply
[92mINFO [0m:      
[92mINFO [0m:      Received: evaluate message 501277aa-9c5f-4728-a0d1-d599fd83de69
[92mINFO [0m:      Sent reply
[92mINFO [0m:      
[92mINFO [0m:      Received: train message 6da6ce00-d1e3-40f1-a56f-61b172e7d1c6
[92mINFO [0m:      Sent reply
[92mINFO [0m:      
[92mINFO [0m:      Received: train message 42162bce-28cc-4509-917a-64f649ebf87e
[92mINFO [0m:      Sent reply
[92mINFO [0m:      
[92mINFO [0m:      Received: evaluate message 7ab68c21-9ed0-4f46-bfa4-dd13f3936b4f
[92mINFO [0m:      Sent reply
[92mINFO [0m:      
[92mINFO [0m:      Received: evaluate message bd16b9d8-24a7-4d73-96ff-0a9fda3ebde2
[92mINFO [0m:      Sent reply
[92mINFO [0m:      
[92mINFO [0m:      Received: train message e6bbb72f-6854-4084-8fa9-9acd8603dfbf
[92mINFO [0m:      Sent reply
[92mINFO [0m:      
[92mINFO [0m:      Received: evaluate message 1d710b52-2063-463e-9505-3c6e0bf963ab
[92mINFO [0m:      Sent reply
[92mINFO [0m:      
[92mINFO [0m:      Received: train message cb019ef1-b942-49a1-9627-4596c4a8fd5d
[92mINFO [0m:      Sent reply
[92mINFO [0m:      
[92mINFO [0m:      Received: evaluate message 277b1e31-6549-4a03-b51a-0404bd9f63cf
[92mINFO [0m:      Sent reply
[92mINFO [0m:      
[92mINFO [0m:      Received: train message dab1550e-2c83-42f0-bf84-9bd3427943f1
[92mINFO [0m:      Sent reply
[92mINFO [0m:      
[92mINFO [0m:      Received: evaluate message ffba4e16-e58a-465f-bc08-ffcf65fc0fb5
[92mINFO [0m:      Sent reply
[92mINFO [0m:      
[92mINFO [0m:      Received: evaluate message 0aad4b62-dce5-4133-960d-a4e70d57e14e
[92mINFO [0m:      Sent reply
[92mINFO [0m:      
[92mINFO [0m:      Received: reconnect message 3cea5163-48ae-4c2e-81a3-1dba7f09681d
[92mINFO [0m:      Disconnect and shut down
