[93mWARNING [0m:   DEPRECATED FEATURE: flwr.client.start_client() is deprecated.
	Instead, use the `flower-supernode` CLI command to start a SuperNode as shown below:

		$ flower-supernode --insecure --superlink='<IP>:<PORT>'

	To view all available options, run:

		$ flower-supernode --help

	Using `start_client()` is deprecated.

            This is a deprecated feature. It will be removed
            entirely in future versions of Flower.
        
[92mINFO [0m:      
[92mINFO [0m:      Received: evaluate message 0abaf74e-f16d-4d25-a333-891d184cd6db
[92mINFO [0m:      Sent reply
[92mINFO [0m:      
[92mINFO [0m:      Received: evaluate message 000abfb7-7910-4a6c-9a74-7621a048694c
[92mINFO [0m:      Sent reply
[92mINFO [0m:      
[92mINFO [0m:      Received: train message 4dfc6aaf-2737-4245-b909-766bba1a1bd7
[92mINFO [0m:      Sent reply
[92mINFO [0m:      
[92mINFO [0m:      Received: evaluate message 52ca2dfd-37d8-40f2-8b76-bd2ff8bc1646
[92mINFO [0m:      Sent reply
[92mINFO [0m:      
[92mINFO [0m:      Received: train message 5636218e-aacb-4dc3-941c-4d69501634a8
[92mINFO [0m:      Sent reply
[92mINFO [0m:      
[92mINFO [0m:      Received: evaluate message eded29db-1b4f-4534-adcf-f1d2d2a9c358
[92mINFO [0m:      Sent reply
[92mINFO [0m:      
[92mINFO [0m:      Received: evaluate message ebc159c6-cb56-4922-97f1-56ea46e20147
[92mINFO [0m:      Sent reply
[92mINFO [0m:      
[92mINFO [0m:      Received: train message c92f441a-f8b5-4529-aadc-1a86b3afa78b
[92mINFO [0m:      Sent reply
[92mINFO [0m:      
[92mINFO [0m:      Received: evaluate message c04bfc47-b746-4a26-b2f3-7a4839841135
[92mINFO [0m:      Sent reply
[92mINFO [0m:      
[92mINFO [0m:      Received: train message 801df84b-060f-43a4-bcc3-ab01dd8def5a
[92mINFO [0m:      Sent reply
[92mINFO [0m:      
[92mINFO [0m:      Received: evaluate message 500acf3a-925f-4c0c-aad0-218be8beaae5
[92mINFO [0m:      Sent reply
[92mINFO [0m:      
[92mINFO [0m:      Received: evaluate message a576c7cf-eaec-4a63-90b6-a8abf9064341
[92mINFO [0m:      Sent reply
[92mINFO [0m:      
[92mINFO [0m:      Received: train message 629c937e-4a03-4ddb-b263-7f9c3ad78c23
[92mINFO [0m:      Sent reply
[92mINFO [0m:      
[92mINFO [0m:      Received: evaluate message 760b01ce-22ed-49b5-b287-6fcd5bb46df0
[92mINFO [0m:      Sent reply
[92mINFO [0m:      
[92mINFO [0m:      Received: evaluate message 3a4054b0-c676-46b7-a4ed-db89dbc9efa0
[92mINFO [0m:      Sent reply
[92mINFO [0m:      
[92mINFO [0m:      Received: train message 537a256e-8f8c-4426-984b-9338dd72ec54
[92mINFO [0m:      Sent reply
[92mINFO [0m:      
[92mINFO [0m:      Received: evaluate message 76b76a35-1d3a-4e36-9f16-70daebc5fc81
[92mINFO [0m:      Sent reply
[92mINFO [0m:      
[92mINFO [0m:      Received: evaluate message 7225bbd8-eb5d-4dfe-bf6e-368d3b109a78
[92mINFO [0m:      Sent reply
[92mINFO [0m:      
[92mINFO [0m:      Received: train message 39324fbd-3dbf-48ce-9a78-9c1b86130388
[92mINFO [0m:      Sent reply
[92mINFO [0m:      
[92mINFO [0m:      Received: train message 432cbd06-a44b-4379-8a4a-fda2cd447da2
[92mINFO [0m:      Sent reply
[92mINFO [0m:      
[92mINFO [0m:      Received: train message 0ac162c5-1b5c-4c57-8aa7-eedba5fa6506
[92mINFO [0m:      Sent reply
[92mINFO [0m:      
[92mINFO [0m:      Received: train message 5c352a0c-cd56-4607-bf2e-c3e92444612f
[92mINFO [0m:      Sent reply
[92mINFO [0m:      
[92mINFO [0m:      Received: train message 91471b62-c4e7-429f-a361-a82510fee5ff
[92mINFO [0m:      Sent reply
[92mINFO [0m:      
[92mINFO [0m:      Received: train message f775fb4b-5185-4e37-82d0-d48f334d0e66
[92mINFO [0m:      Sent reply
[92mINFO [0m:      
[92mINFO [0m:      Received: evaluate message 82341d02-58ba-483a-9fba-e38136e3a744
[92mINFO [0m:      Sent reply
[92mINFO [0m:      
[92mINFO [0m:      Received: evaluate message ecbaa4dc-1acc-430b-8598-99a98aa10a0f
[92mINFO [0m:      Sent reply
[92mINFO [0m:      
[92mINFO [0m:      Received: train message 249f1b2f-0c2b-47c0-8fbd-8239610255ee
[92mINFO [0m:      Sent reply
[92mINFO [0m:      
[92mINFO [0m:      Received: train message 21a79682-8db2-4b2a-8329-fd81f5b29b13
[92mINFO [0m:      Sent reply
[92mINFO [0m:      
[92mINFO [0m:      Received: train message d2330591-30a0-4f77-a55f-65a927304ac0
[92mINFO [0m:      Sent reply
[92mINFO [0m:      
[92mINFO [0m:      Received: evaluate message e4c78783-fb9c-41da-92fc-bed0dab67165
[92mINFO [0m:      Sent reply
[92mINFO [0m:      
[92mINFO [0m:      Received: train message a90bd66b-d426-4609-ab48-6dca13446fd1
[92mINFO [0m:      Sent reply
[92mINFO [0m:      
[92mINFO [0m:      Received: evaluate message 6cf948f4-06c8-4d89-8d95-af01b0c13238
[92mINFO [0m:      Sent reply
[92mINFO [0m:      
[92mINFO [0m:      Received: train message 8666ea48-6226-4aac-b4dc-d28594bb5b49
[92mINFO [0m:      Sent reply
[92mINFO [0m:      
[92mINFO [0m:      Received: train message dea8fa54-4475-4972-b6ca-ee07305550e0
[92mINFO [0m:      Sent reply
[92mINFO [0m:      
[92mINFO [0m:      Received: evaluate message 08e9b2cc-dcc2-42bc-a238-c4db028e5ad0
[92mINFO [0m:      Sent reply
[92mINFO [0m:      
[92mINFO [0m:      Received: evaluate message dcfc6ac3-ed7e-4667-a00e-a015d40b6d2f
[92mINFO [0m:      Sent reply
[92mINFO [0m:      
[92mINFO [0m:      Received: train message 4b4bafe1-049d-4f65-8ca7-eb5c9c08bc8e
[92mINFO [0m:      Sent reply
[92mINFO [0m:      
[92mINFO [0m:      Received: evaluate message 3c2444bd-b4d5-4b91-9d59-8374daca6888
[92mINFO [0m:      Sent reply
[92mINFO [0m:      
[92mINFO [0m:      Received: train message a141cf93-7e60-40bf-9007-25bd7f838c20
[92mINFO [0m:      Sent reply
[92mINFO [0m:      
[92mINFO [0m:      Received: train message 724d5bab-e74b-4833-b02f-b7d2f8579211
[92mINFO [0m:      Sent reply
[92mINFO [0m:      
[92mINFO [0m:      Received: train message 5f47c58f-a9c0-4a33-bb27-45680b6efab7
[92mINFO [0m:      Sent reply
[92mINFO [0m:      
[92mINFO [0m:      Received: train message 4a939e83-2e5e-4c95-a988-dc1bee67ba07
[92mINFO [0m:      Sent reply
[92mINFO [0m:      
[92mINFO [0m:      Received: evaluate message e719c9f3-b11c-41ca-8a9b-fe315bd75143
[92mINFO [0m:      Sent reply
[92mINFO [0m:      
[92mINFO [0m:      Received: evaluate message 0f1870ec-d157-48e5-a255-776a8bc05ba1
[92mINFO [0m:      Sent reply
[92mINFO [0m:      
[92mINFO [0m:      Received: evaluate message b305bad4-df47-46be-b24e-fb775cd46554
[92mINFO [0m:      Sent reply
[92mINFO [0m:      
[92mINFO [0m:      Received: evaluate message d798a1fd-b13a-4d01-824e-63ffa4338bc5
[92mINFO [0m:      Sent reply
[92mINFO [0m:      
[92mINFO [0m:      Received: train message 6734b340-5fb4-4601-953c-2c215885588e
[92mINFO [0m:      Sent reply
[92mINFO [0m:      
[92mINFO [0m:      Received: evaluate message e67840f6-1f35-4219-a9bf-8cb6936ee410
[92mINFO [0m:      Sent reply
[92mINFO [0m:      
[92mINFO [0m:      Received: train message 8c3817ac-8a50-4ec0-a72d-96d2e8749d77
[92mINFO [0m:      Sent reply
[92mINFO [0m:      
[92mINFO [0m:      Received: evaluate message 7939c499-9b19-4470-8d6f-4c43fa04916f
[92mINFO [0m:      Sent reply
[92mINFO [0m:      
[92mINFO [0m:      Received: train message f364fdb3-1f4e-48d2-bebc-713171f0e465
[92mINFO [0m:      Sent reply
[92mINFO [0m:      
[92mINFO [0m:      Received: evaluate message 374a3629-03ba-41df-8bc9-947e1b758b4d
[92mINFO [0m:      Sent reply
[92mINFO [0m:      
[92mINFO [0m:      Received: train message 4017d65e-68fb-47ce-8970-8a54c08c0204
[92mINFO [0m:      Sent reply
[92mINFO [0m:      
[92mINFO [0m:      Received: train message 6d0eaddd-dfad-4b4f-b962-ae37c4cec9dc
[92mINFO [0m:      Sent reply
[92mINFO [0m:      
[92mINFO [0m:      Received: train message 11811272-2cb5-4ff2-8059-8215ed580618
[92mINFO [0m:      Sent reply
[92mINFO [0m:      
[92mINFO [0m:      Received: evaluate message c1ecd2ce-072f-4547-a5a5-c23b3d27a18a
[92mINFO [0m:      Sent reply
[92mINFO [0m:      
[92mINFO [0m:      Received: evaluate message 0cf024c9-0a37-4e30-a351-eccef730534b
[92mINFO [0m:      Sent reply
[92mINFO [0m:      
[92mINFO [0m:      Received: train message cfc4baba-29fe-44af-9e92-8ab1008b66fe
[92mINFO [0m:      Sent reply
[92mINFO [0m:      
[92mINFO [0m:      Received: evaluate message 13be831f-d87f-4646-a4c3-0c3a038a747f
[92mINFO [0m:      Sent reply
[92mINFO [0m:      
[92mINFO [0m:      Received: train message 445f5bca-b4b2-4dc3-8a3f-eb716a75e261
[92mINFO [0m:      Sent reply
[92mINFO [0m:      
[92mINFO [0m:      Received: train message 13f8cda0-cd74-4546-8afa-2f517b383d31
[92mINFO [0m:      Sent reply
[92mINFO [0m:      
[92mINFO [0m:      Received: evaluate message e8ec44ee-bca0-4f47-bd02-b6892714dc72
[92mINFO [0m:      Sent reply
[92mINFO [0m:      
[92mINFO [0m:      Received: train message a79a3459-4bcf-4ca1-a93b-8ff2a0178880
[92mINFO [0m:      Sent reply
[92mINFO [0m:      
[92mINFO [0m:      Received: evaluate message 729bcd83-ac53-49cc-b520-bc97cc47afc0
[92mINFO [0m:      Sent reply
[92mINFO [0m:      
[92mINFO [0m:      Received: train message a9632cd8-6150-4acb-9c61-42f75649ba96
[92mINFO [0m:      Sent reply
[92mINFO [0m:      
[92mINFO [0m:      Received: evaluate message 577e36a5-865c-4bc0-9cab-fcf1d9c5a1dc
[92mINFO [0m:      Sent reply
[92mINFO [0m:      
[92mINFO [0m:      Received: train message cd381f82-be1c-4320-8374-af50011289ab
[92mINFO [0m:      Sent reply
[92mINFO [0m:      
[92mINFO [0m:      Received: evaluate message 42b8df80-1dc0-4a2c-8cd5-fddcc17f8d15
[92mINFO [0m:      Sent reply
[92mINFO [0m:      
[92mINFO [0m:      Received: evaluate message 603ec520-aecb-431d-95b9-81943e63cb46
[92mINFO [0m:      Sent reply
[92mINFO [0m:      
[92mINFO [0m:      Received: train message a705cff6-c0ce-4448-bfbe-5c65203a6c06
[92mINFO [0m:      Sent reply
[92mINFO [0m:      
[92mINFO [0m:      Received: evaluate message e711adf6-1385-464d-94a8-bdb77cadf67c
[92mINFO [0m:      Sent reply
[92mINFO [0m:      
[92mINFO [0m:      Received: train message efe98b75-ded0-40ce-995b-ee2f6d3f3a29
[92mINFO [0m:      Sent reply
[92mINFO [0m:      
[92mINFO [0m:      Received: evaluate message f1ee2574-c007-4bf0-9088-a19880d02e83
[92mINFO [0m:      Sent reply
[92mINFO [0m:      
[92mINFO [0m:      Received: train message cf602e0f-1279-49ad-8813-c8a5f1799916
[92mINFO [0m:      Sent reply
[92mINFO [0m:      
[92mINFO [0m:      Received: evaluate message 1fdbb4e9-d9eb-4712-bdc1-93f197b42c0a
[92mINFO [0m:      Sent reply
[92mINFO [0m:      
[92mINFO [0m:      Received: evaluate message 80bd764c-6b60-48f3-a33f-b3f99583e537
[92mINFO [0m:      Sent reply
[92mINFO [0m:      
[92mINFO [0m:      Received: evaluate message 75f4f233-451b-475a-8b6f-6e2b7e4b22e2
[92mINFO [0m:      Sent reply
[92mINFO [0m:      
[92mINFO [0m:      Received: evaluate message a5d7396a-36e9-4c76-9cc0-1a8ef835c710
[92mINFO [0m:      Sent reply
[92mINFO [0m:      
[92mINFO [0m:      Received: train message 8473e2e1-a6d5-4ead-aa8f-fe80607df8b2
[92mINFO [0m:      Sent reply
[92mINFO [0m:      
[92mINFO [0m:      Received: evaluate message f2f17ccf-fb62-40d7-9a36-7251d3c06f87
[92mINFO [0m:      Sent reply
[92mINFO [0m:      
[92mINFO [0m:      Received: train message af6a8117-42c3-4543-99e4-161431ce705a
[92mINFO [0m:      Sent reply
[92mINFO [0m:      
[92mINFO [0m:      Received: evaluate message 362974dc-eb12-4ea4-ae72-f953b9a7aa98
[92mINFO [0m:      Sent reply
[92mINFO [0m:      
[92mINFO [0m:      Received: evaluate message b33ba4d8-93b8-44b2-89ac-42e07d850a45
[92mINFO [0m:      Sent reply
[92mINFO [0m:      
[92mINFO [0m:      Received: train message fa47d7c6-db0c-446a-90d3-562e38a3a400
[92mINFO [0m:      Sent reply
[92mINFO [0m:      
[92mINFO [0m:      Received: evaluate message b495b60c-fa1b-4d93-b50f-6db82c8dedba
[92mINFO [0m:      Sent reply
[92mINFO [0m:      
[92mINFO [0m:      Received: train message e9c973ba-ef62-4c67-bb49-c5ba01d5d8a4
[92mINFO [0m:      Sent reply
[92mINFO [0m:      
[92mINFO [0m:      Received: train message da664532-0420-406f-9684-365da95e07ed
[92mINFO [0m:      Sent reply
[92mINFO [0m:      
[92mINFO [0m:      Received: evaluate message ba04947e-4ea0-45ce-8243-aa5d47e14824
[92mINFO [0m:      Sent reply
[92mINFO [0m:      
[92mINFO [0m:      Received: evaluate message db5f79c4-eb54-41d5-9dc0-aca0b94a8aaf
[92mINFO [0m:      Sent reply
[92mINFO [0m:      
[92mINFO [0m:      Received: train message ca34ab0d-33d2-44f5-adcd-7e9e351985e8
[92mINFO [0m:      Sent reply
[92mINFO [0m:      
[92mINFO [0m:      Received: train message afd1fa53-9c48-43e8-9e30-82c942254086
[92mINFO [0m:      Sent reply
[92mINFO [0m:      
[92mINFO [0m:      Received: evaluate message df31076b-3a13-451a-81b0-7c2cf29a78c1
[92mINFO [0m:      Sent reply
[92mINFO [0m:      
[92mINFO [0m:      Received: train message 68795517-8290-4fdd-bacf-c36411425836
[92mINFO [0m:      Sent reply
[92mINFO [0m:      
[92mINFO [0m:      Received: evaluate message 0bf4e3cc-a47c-4672-8eca-c87062bb2984
[92mINFO [0m:      Sent reply
[92mINFO [0m:      
[92mINFO [0m:      Received: train message 81711cca-1fa0-4837-bf70-001ab0c9431d
[92mINFO [0m:      Sent reply
[92mINFO [0m:      
[92mINFO [0m:      Received: train message b2bb18cd-4c2a-45a9-9960-001b656341f3
[92mINFO [0m:      Sent reply
[92mINFO [0m:      
[92mINFO [0m:      Received: evaluate message cf48b840-85b3-4d7b-b752-0ccdfff58a35
[92mINFO [0m:      Sent reply
[92mINFO [0m:      
[92mINFO [0m:      Received: train message 5c0d9e80-ca5d-4a88-b3fd-b7d1eddfe7e4
[92mINFO [0m:      Sent reply
[92mINFO [0m:      
[92mINFO [0m:      Received: evaluate message bf0a24e6-297a-435c-b07c-007c72a188b1
[92mINFO [0m:      Sent reply
[92mINFO [0m:      
[92mINFO [0m:      Received: evaluate message 495e9d8e-1ca7-4576-b91f-5f6499331c77
[92mINFO [0m:      Sent reply
[92mINFO [0m:      
[92mINFO [0m:      Received: train message ea9c8d56-8ad7-4291-b8aa-774fa4ea7f6c
[92mINFO [0m:      Sent reply
[92mINFO [0m:      
[92mINFO [0m:      Received: evaluate message c404a80a-8926-426e-9b93-f0b61b9af6d3
[92mINFO [0m:      Sent reply
[92mINFO [0m:      
[92mINFO [0m:      Received: evaluate message d03398b9-d802-4b0c-8097-43aa75097e5e
[92mINFO [0m:      Sent reply
[92mINFO [0m:      
[92mINFO [0m:      Received: train message fdce5133-9684-4f17-aa76-8284b20e2659
[92mINFO [0m:      Sent reply
[92mINFO [0m:      
[92mINFO [0m:      Received: evaluate message 0e1f5666-79ac-45b4-a360-62579b969076
[92mINFO [0m:      Sent reply
[92mINFO [0m:      
[92mINFO [0m:      Received: evaluate message 8c5ce74e-58b1-47f3-839c-7b36a9ff6656
[92mINFO [0m:      Sent reply
[92mINFO [0m:      
[92mINFO [0m:      Received: train message 78f4d76d-acc6-42eb-89a2-ade6e5934e28
[92mINFO [0m:      Sent reply
[92mINFO [0m:      
[92mINFO [0m:      Received: evaluate message 21124e3d-2713-4f03-93ed-842addf2be95
[92mINFO [0m:      Sent reply
[92mINFO [0m:      
[92mINFO [0m:      Received: train message 6bddcce4-1d6b-4182-baab-90bbb8a3b2e3
[92mINFO [0m:      Sent reply
[92mINFO [0m:      
[92mINFO [0m:      Received: train message a09d3154-bf61-401d-a461-a5b72f7f7ac2
[92mINFO [0m:      Sent reply
[92mINFO [0m:      
[92mINFO [0m:      Received: evaluate message 2fb022a1-194e-470c-9a9c-fa81811d494e
[92mINFO [0m:      Sent reply
[92mINFO [0m:      
[92mINFO [0m:      Received: evaluate message f2dcc89e-8f41-47a7-8cef-c2d7cc43998b
[92mINFO [0m:      Sent reply
[92mINFO [0m:      
[92mINFO [0m:      Received: train message 6c78d300-db7f-4c7f-8c10-11abef7224dd
[92mINFO [0m:      Sent reply
[92mINFO [0m:      
[92mINFO [0m:      Received: train message 4aa9bed1-4496-4bb7-8282-b571cebe3daa
[92mINFO [0m:      Sent reply
[92mINFO [0m:      
[92mINFO [0m:      Received: evaluate message 2ff7796c-d608-4c72-9d7a-166c5dd1595d
[92mINFO [0m:      Sent reply
[92mINFO [0m:      
[92mINFO [0m:      Received: train message bbe21f34-053c-483b-9034-227aa856661f
[92mINFO [0m:      Sent reply
[92mINFO [0m:      
[92mINFO [0m:      Received: train message 26e8d478-4cb7-4397-af79-ca325274b73e
[92mINFO [0m:      Sent reply
[92mINFO [0m:      
[92mINFO [0m:      Received: evaluate message 0fc783ab-a333-490c-b962-c40dd96e1e6e
[92mINFO [0m:      Sent reply
[92mINFO [0m:      
[92mINFO [0m:      Received: train message f9ddd2d4-5b45-4e25-9ebf-9c5cc0b6b948
[92mINFO [0m:      Sent reply
[92mINFO [0m:      
[92mINFO [0m:      Received: evaluate message f796c743-47e7-4184-99ef-b9b7d2c6918f
[92mINFO [0m:      Sent reply
[92mINFO [0m:      
[92mINFO [0m:      Received: train message ab8fbb50-635b-471d-8f6e-553b8f96a993
[92mINFO [0m:      Sent reply
[92mINFO [0m:      
[92mINFO [0m:      Received: evaluate message 37ea55bd-8f42-43c0-966e-ca09e9187376
[92mINFO [0m:      Sent reply
[92mINFO [0m:      
[92mINFO [0m:      Received: evaluate message 7abe2ee5-2903-4c64-b03d-d553c6a94827
[92mINFO [0m:      Sent reply
[92mINFO [0m:      
[92mINFO [0m:      Received: train message 97a23580-3ce4-457f-a9b0-69bd2aebc187
[92mINFO [0m:      Sent reply
[92mINFO [0m:      
[92mINFO [0m:      Received: train message 29e36957-557e-4597-9d69-9addbe69c160
[92mINFO [0m:      Sent reply
[92mINFO [0m:      
[92mINFO [0m:      Received: evaluate message fd815e3e-c6e2-4e5f-9c40-97da541f89ae
[92mINFO [0m:      Sent reply
[92mINFO [0m:      
[92mINFO [0m:      Received: evaluate message b46ce7de-68f6-4df1-8baa-a37a0f67a4fa
[92mINFO [0m:      Sent reply
[92mINFO [0m:      
[92mINFO [0m:      Received: evaluate message 5b3fe502-b709-4188-b5e8-a010872449f5
[92mINFO [0m:      Sent reply
[92mINFO [0m:      
[92mINFO [0m:      Received: train message 32f38a7e-6d43-4a3b-b423-c8124bd3f187
[92mINFO [0m:      Sent reply
[92mINFO [0m:      
[92mINFO [0m:      Received: train message e16ad3ef-3850-4948-b8d6-ea6c3e3628e3
[92mINFO [0m:      Sent reply
[92mINFO [0m:      
[92mINFO [0m:      Received: evaluate message 5a64cd76-0d5e-4d02-9645-12d072d8437c
[92mINFO [0m:      Sent reply
[92mINFO [0m:      
[92mINFO [0m:      Received: train message 0ad4a013-b0af-4402-a299-927740e7feca
[92mINFO [0m:      Sent reply
[92mINFO [0m:      
[92mINFO [0m:      Received: evaluate message f23b56b7-53fb-47e4-9240-51ba7f7ca40c
[92mINFO [0m:      Sent reply
[92mINFO [0m:      
[92mINFO [0m:      Received: evaluate message 3b820be2-a19c-4165-904e-8754efff6b69
[92mINFO [0m:      Sent reply
[92mINFO [0m:      
[92mINFO [0m:      Received: train message 2480dc98-5be7-4e50-b53c-1b76823e9d16
[92mINFO [0m:      Sent reply
[92mINFO [0m:      
[92mINFO [0m:      Received: evaluate message 8c02071f-3d47-416f-8d93-b75367f011f6
[92mINFO [0m:      Sent reply
[92mINFO [0m:      
[92mINFO [0m:      Received: reconnect message f86333f9-dbf9-44ea-9f3a-12a92f4b02d9
[92mINFO [0m:      Disconnect and shut down
