[93mWARNING [0m:   DEPRECATED FEATURE: flwr.client.start_client() is deprecated.
	Instead, use the `flower-supernode` CLI command to start a SuperNode as shown below:

		$ flower-supernode --insecure --superlink='<IP>:<PORT>'

	To view all available options, run:

		$ flower-supernode --help

	Using `start_client()` is deprecated.

            This is a deprecated feature. It will be removed
            entirely in future versions of Flower.
        
[92mINFO [0m:      
[92mINFO [0m:      Received: evaluate message d7d099a1-c3a0-4695-a2a6-900e891acd6e
[92mINFO [0m:      Sent reply
[92mINFO [0m:      
[92mINFO [0m:      Received: evaluate message 29d814f4-1cc6-4ccc-926d-3064c69461ce
[92mINFO [0m:      Sent reply
[92mINFO [0m:      
[92mINFO [0m:      Received: train message de8e873c-eb16-4ad0-8f36-89cb5fa06abf
[92mINFO [0m:      Sent reply
[92mINFO [0m:      
[92mINFO [0m:      Received: evaluate message 5cc253a3-2417-4c34-a170-ffd7a085599a
[92mINFO [0m:      Sent reply
[92mINFO [0m:      
[92mINFO [0m:      Received: evaluate message 86a1c681-fad5-473a-98db-ec8184e53104
[92mINFO [0m:      Sent reply
[92mINFO [0m:      
[92mINFO [0m:      Received: train message 5f33c14a-af96-4ade-a33e-b25f62ad8ded
[92mINFO [0m:      Sent reply
[92mINFO [0m:      
[92mINFO [0m:      Received: evaluate message ba7c71db-226c-441c-972c-a0f2af32bb2d
[92mINFO [0m:      Sent reply
[92mINFO [0m:      
[92mINFO [0m:      Received: evaluate message 0842379b-65ff-4889-b4b2-0041d7b5fad7
[92mINFO [0m:      Sent reply
[92mINFO [0m:      
[92mINFO [0m:      Received: evaluate message 5c75e7fe-d42a-4079-9287-66d7303a447c
[92mINFO [0m:      Sent reply
[92mINFO [0m:      
[92mINFO [0m:      Received: train message de3fe975-3a64-497f-8ece-a79c580182fa
[92mINFO [0m:      Sent reply
[92mINFO [0m:      
[92mINFO [0m:      Received: evaluate message 83d275e3-cb9f-4494-8d45-683c55b35c3c
[92mINFO [0m:      Sent reply
[92mINFO [0m:      
[92mINFO [0m:      Received: train message 79c157e5-be9b-475a-a503-1d6f4d86aea3
[92mINFO [0m:      Sent reply
[92mINFO [0m:      
[92mINFO [0m:      Received: evaluate message 3380b400-e4c7-4292-a04f-5bbe7bc37ade
[92mINFO [0m:      Sent reply
[92mINFO [0m:      
[92mINFO [0m:      Received: train message 924c199a-3f73-46c6-acc9-72a0b5dbe5ee
[92mINFO [0m:      Sent reply
[92mINFO [0m:      
[92mINFO [0m:      Received: evaluate message 2ce840c1-f2c5-433f-a12f-ece3eeb62124
[92mINFO [0m:      Sent reply
[92mINFO [0m:      
[92mINFO [0m:      Received: evaluate message 60375929-bfed-4145-ba5d-7c06152be71b
[92mINFO [0m:      Sent reply
[92mINFO [0m:      
[92mINFO [0m:      Received: train message 5cbb2137-b98f-4104-94fc-35189327627c
[92mINFO [0m:      Sent reply
[92mINFO [0m:      
[92mINFO [0m:      Received: evaluate message 71d4eea9-1982-4945-b845-f1c5a909c65c
[92mINFO [0m:      Sent reply
[92mINFO [0m:      
[92mINFO [0m:      Received: evaluate message 8c1c3a46-41c5-4c06-abb1-13a013fa8622
[92mINFO [0m:      Sent reply
[92mINFO [0m:      
[92mINFO [0m:      Received: evaluate message 326b4cb4-a8ef-4cf1-8659-940d4e1d3ecc
[92mINFO [0m:      Sent reply
[92mINFO [0m:      
[92mINFO [0m:      Received: train message e364821f-bd16-4d5d-b713-4968ba40ee5e
[92mINFO [0m:      Sent reply
[92mINFO [0m:      
[92mINFO [0m:      Received: evaluate message e2c4e918-0dbb-4e3d-8456-47c3b3d19b5c
[92mINFO [0m:      Sent reply
[92mINFO [0m:      
[92mINFO [0m:      Received: train message 41310fb7-9d5e-4e38-b698-1be763478a90
[92mINFO [0m:      Sent reply
[92mINFO [0m:      
[92mINFO [0m:      Received: evaluate message 00dad817-182e-430c-8ddd-2311c9eb1c97
[92mINFO [0m:      Sent reply
[92mINFO [0m:      
[92mINFO [0m:      Received: evaluate message 58e8f94b-bede-4dbf-8eb1-2f6e113f3af4
[92mINFO [0m:      Sent reply
[92mINFO [0m:      
[92mINFO [0m:      Received: train message 671f6e3b-7c83-4119-8132-3e62bb0928f2
[92mINFO [0m:      Sent reply
[92mINFO [0m:      
[92mINFO [0m:      Received: train message 704b59bd-ea0b-4ce7-807d-d3afb04cdc22
[92mINFO [0m:      Sent reply
[92mINFO [0m:      
[92mINFO [0m:      Received: evaluate message 221a6942-483b-4c87-a2b1-4cc2454a6c4c
[92mINFO [0m:      Sent reply
[92mINFO [0m:      
[92mINFO [0m:      Received: train message 1d861b51-6880-4ace-b787-0d5c505d1e35
[92mINFO [0m:      Sent reply
[92mINFO [0m:      
[92mINFO [0m:      Received: evaluate message b8316a6b-525d-4b62-a0ff-d9117039db99
[92mINFO [0m:      Sent reply
[92mINFO [0m:      
[92mINFO [0m:      Received: evaluate message 15fe7ee4-1e22-43b8-86bd-549f3d1758be
[92mINFO [0m:      Sent reply
[92mINFO [0m:      
[92mINFO [0m:      Received: evaluate message d574f5a5-5acb-49e8-9559-acb267270d3f
[92mINFO [0m:      Sent reply
[92mINFO [0m:      
[92mINFO [0m:      Received: evaluate message 245421c9-9cbe-4cf5-84b1-c0b03831a7d9
[92mINFO [0m:      Sent reply
[92mINFO [0m:      
[92mINFO [0m:      Received: train message 34d80f93-9056-45da-bef6-05bd7c85bdc2
[92mINFO [0m:      Sent reply
[92mINFO [0m:      
[92mINFO [0m:      Received: train message 7a578de3-bb58-47fe-a487-d0d0eeb90590
[92mINFO [0m:      Sent reply
[92mINFO [0m:      
[92mINFO [0m:      Received: evaluate message adffa2b9-5206-454f-8445-006310d58149
[92mINFO [0m:      Sent reply
[92mINFO [0m:      
[92mINFO [0m:      Received: train message e06dc7cf-d6ca-4e5f-8986-ae9b8e422c2b
[92mINFO [0m:      Sent reply
[92mINFO [0m:      
[92mINFO [0m:      Received: train message 28a597e4-3311-48b4-8c1b-3fe30d577e9e
[92mINFO [0m:      Sent reply
[92mINFO [0m:      
[92mINFO [0m:      Received: train message 4b1a1957-16cd-4f5f-8b88-fe309eba880a
[92mINFO [0m:      Sent reply
[92mINFO [0m:      
[92mINFO [0m:      Received: evaluate message 740ec06d-31f1-4149-9a7a-6416e3940ff2
[92mINFO [0m:      Sent reply
[92mINFO [0m:      
[92mINFO [0m:      Received: train message 984fd952-2f0f-4c22-bed8-1143a2efc435
[92mINFO [0m:      Sent reply
[92mINFO [0m:      
[92mINFO [0m:      Received: evaluate message bb6dd57e-49ea-4e13-a7e8-3e607ae40468
[92mINFO [0m:      Sent reply
[92mINFO [0m:      
[92mINFO [0m:      Received: evaluate message 27b294cf-d5bf-47d6-b555-3e7c5fe47c34
[92mINFO [0m:      Sent reply
[92mINFO [0m:      
[92mINFO [0m:      Received: evaluate message 20b84dca-5f1e-4c50-8b4c-64b00ebf22d1
[92mINFO [0m:      Sent reply
[92mINFO [0m:      
[92mINFO [0m:      Received: train message e268e302-4939-4298-9a97-e46a0108ab8b
[92mINFO [0m:      Sent reply
[92mINFO [0m:      
[92mINFO [0m:      Received: train message 74d6578d-89a6-4776-850c-964d99ef2567
[92mINFO [0m:      Sent reply
[92mINFO [0m:      
[92mINFO [0m:      Received: evaluate message e9a13d86-0b51-466e-ad65-e8d7af6caffb
[92mINFO [0m:      Sent reply
[92mINFO [0m:      
[92mINFO [0m:      Received: train message 656c09e5-c4fc-45b7-a894-36d3f9462495
[92mINFO [0m:      Sent reply
[92mINFO [0m:      
[92mINFO [0m:      Received: evaluate message 9f6191d3-c9ad-43b4-bf2c-94b955516e88
[92mINFO [0m:      Sent reply
[92mINFO [0m:      
[92mINFO [0m:      Received: train message 575b066e-e1fc-49ee-ae9f-9f90f7d001e3
[92mINFO [0m:      Sent reply
[92mINFO [0m:      
[92mINFO [0m:      Received: train message 51cde159-e7bd-4193-8fe8-5708ed170a7d
[92mINFO [0m:      Sent reply
[92mINFO [0m:      
[92mINFO [0m:      Received: evaluate message 247369be-5625-4fbe-be22-61fc5a94ea6c
[92mINFO [0m:      Sent reply
[92mINFO [0m:      
[92mINFO [0m:      Received: train message 06bd765f-4fbb-4da9-8eda-b174108fafef
[92mINFO [0m:      Sent reply
[92mINFO [0m:      
[92mINFO [0m:      Received: evaluate message e57a1a6e-1254-4bb9-b74f-308adb53c4fb
[92mINFO [0m:      Sent reply
[92mINFO [0m:      
[92mINFO [0m:      Received: train message 91defa96-f7e0-40dc-b295-015388901176
[92mINFO [0m:      Sent reply
[92mINFO [0m:      
[92mINFO [0m:      Received: train message 6325d7f8-0af0-4763-b7fe-fa9d83f4baea
[92mINFO [0m:      Sent reply
[92mINFO [0m:      
[92mINFO [0m:      Received: train message e32b2666-f900-46ba-a5eb-009721c8a0fc
[92mINFO [0m:      Sent reply
[92mINFO [0m:      
[92mINFO [0m:      Received: evaluate message 0199f4a8-a11f-434b-89a2-92f9524fe936
[92mINFO [0m:      Sent reply
[92mINFO [0m:      
[92mINFO [0m:      Received: train message 48c730dc-757a-4740-96ac-40e8b512f867
[92mINFO [0m:      Sent reply
[92mINFO [0m:      
[92mINFO [0m:      Received: evaluate message 6db42dbf-1160-4e02-a475-58eaedf4195d
[92mINFO [0m:      Sent reply
[92mINFO [0m:      
[92mINFO [0m:      Received: train message 662384ae-1623-496e-af11-0249a4b9843c
[92mINFO [0m:      Sent reply
[92mINFO [0m:      
[92mINFO [0m:      Received: train message 4252cf20-296b-4623-b106-f15fbb6f1f51
[92mINFO [0m:      Sent reply
[92mINFO [0m:      
[92mINFO [0m:      Received: evaluate message d17458f9-9025-4665-8bdb-217d07120b35
[92mINFO [0m:      Sent reply
[92mINFO [0m:      
[92mINFO [0m:      Received: evaluate message 5a61ed9d-91a4-400d-bf7e-6adafe875709
[92mINFO [0m:      Sent reply
[92mINFO [0m:      
[92mINFO [0m:      Received: evaluate message 972bb0a8-dd20-48ff-9787-fb02d01ac99f
[92mINFO [0m:      Sent reply
[92mINFO [0m:      
[92mINFO [0m:      Received: evaluate message 173a9173-722b-4ff3-a7bc-ffbbd209ff21
[92mINFO [0m:      Sent reply
[92mINFO [0m:      
[92mINFO [0m:      Received: train message d0569f26-eda7-4dcf-b675-1de7644e20eb
[92mINFO [0m:      Sent reply
[92mINFO [0m:      
[92mINFO [0m:      Received: train message 65e4c44c-687f-45bb-91fa-8edebb38bdb8
[92mINFO [0m:      Sent reply
[92mINFO [0m:      
[92mINFO [0m:      Received: evaluate message dd8ed744-6281-40ae-9629-919b998c9be9
[92mINFO [0m:      Sent reply
[92mINFO [0m:      
[92mINFO [0m:      Received: train message d7c05b6b-91dc-4b12-8de6-2dcbeb0bcbb5
[92mINFO [0m:      Sent reply
[92mINFO [0m:      
[92mINFO [0m:      Received: evaluate message e4de6f3e-8bdb-4df5-ba48-7c2ecdc6fa67
[92mINFO [0m:      Sent reply
[92mINFO [0m:      
[92mINFO [0m:      Received: train message be6ad068-feec-45f4-90b4-c10e17b453f0
[92mINFO [0m:      Sent reply
[92mINFO [0m:      
[92mINFO [0m:      Received: train message 31dd3ef1-d52a-4580-b859-0bd1dcdf152b
[92mINFO [0m:      Sent reply
[92mINFO [0m:      
[92mINFO [0m:      Received: evaluate message 8d523bed-44aa-47fe-ac8d-d17e0ded96fc
[92mINFO [0m:      Sent reply
[92mINFO [0m:      
[92mINFO [0m:      Received: evaluate message d74a20f1-e0d9-44b7-969a-369f6e76619b
[92mINFO [0m:      Sent reply
[92mINFO [0m:      
[92mINFO [0m:      Received: evaluate message 625564b1-aae9-43aa-92ec-5ea07b0a314f
[92mINFO [0m:      Sent reply
[92mINFO [0m:      
[92mINFO [0m:      Received: train message b205fddf-c2ad-4137-add1-02be13a37f7a
[92mINFO [0m:      Sent reply
[92mINFO [0m:      
[92mINFO [0m:      Received: train message b116fc46-f52e-47f8-b407-1ffdb18d597d
[92mINFO [0m:      Sent reply
[92mINFO [0m:      
[92mINFO [0m:      Received: train message 65386461-3657-4297-a369-008732f58f33
[92mINFO [0m:      Sent reply
[92mINFO [0m:      
[92mINFO [0m:      Received: evaluate message 12d9ecee-7d5d-4375-91f2-9e5eb4bcfb99
[92mINFO [0m:      Sent reply
[92mINFO [0m:      
[92mINFO [0m:      Received: evaluate message 1e4c6d27-f104-41b7-a57a-51eab61e3c84
[92mINFO [0m:      Sent reply
[92mINFO [0m:      
[92mINFO [0m:      Received: evaluate message badfe2ba-b851-40c9-8d5f-fcf486fed57d
[92mINFO [0m:      Sent reply
[92mINFO [0m:      
[92mINFO [0m:      Received: train message 6a87ac91-44e4-4a41-8c5e-d6a8b05d9947
[92mINFO [0m:      Sent reply
[92mINFO [0m:      
[92mINFO [0m:      Received: train message a071b49e-aea3-4594-9293-4ae64971abbd
[92mINFO [0m:      Sent reply
[92mINFO [0m:      
[92mINFO [0m:      Received: evaluate message f7ce1d54-b691-44a2-8003-294cf77fe413
[92mINFO [0m:      Sent reply
[92mINFO [0m:      
[92mINFO [0m:      Received: train message a4dba328-7f5c-48dd-aa78-5fba354cd87c
[92mINFO [0m:      Sent reply
[92mINFO [0m:      
[92mINFO [0m:      Received: evaluate message 8aad9b33-15e2-4d70-bb72-7068379b14d9
[92mINFO [0m:      Sent reply
[92mINFO [0m:      
[92mINFO [0m:      Received: evaluate message 5b6ae91b-7a4b-4858-8fb1-3954531425f2
[92mINFO [0m:      Sent reply
[92mINFO [0m:      
[92mINFO [0m:      Received: evaluate message 70022981-45d2-4905-945b-cc4ceca3fa26
[92mINFO [0m:      Sent reply
[92mINFO [0m:      
[92mINFO [0m:      Received: train message 70f60298-ecd9-4b3d-8ad8-1a1033c4e77a
[92mINFO [0m:      Sent reply
[92mINFO [0m:      
[92mINFO [0m:      Received: train message ba3f4035-e804-462e-a47a-7b21f7206db0
[92mINFO [0m:      Sent reply
[92mINFO [0m:      
[92mINFO [0m:      Received: train message 78d6c573-9108-4bc9-b7a9-9383b5c9995a
[92mINFO [0m:      Sent reply
[92mINFO [0m:      
[92mINFO [0m:      Received: evaluate message 3361e702-36fb-4a6b-a02f-9289245174ad
[92mINFO [0m:      Sent reply
[92mINFO [0m:      
[92mINFO [0m:      Received: evaluate message d5e5e2fb-8104-4f2a-9eb3-4fbb240e0378
[92mINFO [0m:      Sent reply
[92mINFO [0m:      
[92mINFO [0m:      Received: evaluate message 3da2f444-29b2-4250-8b4a-05ee979484ce
[92mINFO [0m:      Sent reply
[92mINFO [0m:      
[92mINFO [0m:      Received: evaluate message 489a5c98-1f36-40c1-a78b-a94593ab4563
[92mINFO [0m:      Sent reply
[92mINFO [0m:      
[92mINFO [0m:      Received: train message 2f90c761-6edb-4f20-98cc-c118618fc5f8
[92mINFO [0m:      Sent reply
[92mINFO [0m:      
[92mINFO [0m:      Received: train message 4139718c-fd08-47c5-8930-751c4fd31f84
[92mINFO [0m:      Sent reply
[92mINFO [0m:      
[92mINFO [0m:      Received: evaluate message d017ac08-734e-4f52-9867-f6d93991c687
[92mINFO [0m:      Sent reply
[92mINFO [0m:      
[92mINFO [0m:      Received: evaluate message 2881abe0-0d93-4d9b-b100-bd1d487ecaf8
[92mINFO [0m:      Sent reply
[92mINFO [0m:      
[92mINFO [0m:      Received: evaluate message 190bf842-e991-4aee-95c8-ba977e502540
[92mINFO [0m:      Sent reply
[92mINFO [0m:      
[92mINFO [0m:      Received: evaluate message a9a22a57-b708-4e21-bcf1-57ba8f62034b
[92mINFO [0m:      Sent reply
[92mINFO [0m:      
[92mINFO [0m:      Received: evaluate message 4885ddd6-04af-4c6a-8e92-8855f386ca62
[92mINFO [0m:      Sent reply
[92mINFO [0m:      
[92mINFO [0m:      Received: reconnect message 58f1391b-fae9-4528-87ff-d9d98d069296
[92mINFO [0m:      Disconnect and shut down
