[93mWARNING [0m:   DEPRECATED FEATURE: flwr.client.start_client() is deprecated.
	Instead, use the `flower-supernode` CLI command to start a SuperNode as shown below:

		$ flower-supernode --insecure --superlink='<IP>:<PORT>'

	To view all available options, run:

		$ flower-supernode --help

	Using `start_client()` is deprecated.

            This is a deprecated feature. It will be removed
            entirely in future versions of Flower.
        
[92mINFO [0m:      
[92mINFO [0m:      Received: train message e9c383f0-7261-4dbd-bc8d-c68bc584c310
[92mINFO [0m:      Sent reply
[92mINFO [0m:      
[92mINFO [0m:      Received: evaluate message 1c2f5cc5-3587-4c5d-a435-22ebb915eaf4
[92mINFO [0m:      Sent reply
[92mINFO [0m:      
[92mINFO [0m:      Received: train message 64033046-5d4c-4955-b8ff-a3c01f6b68ef
[92mINFO [0m:      Sent reply
[92mINFO [0m:      
[92mINFO [0m:      Received: evaluate message 366c5534-a1e6-4b2b-be8b-c6b937c78c5f
[92mINFO [0m:      Sent reply
[92mINFO [0m:      
[92mINFO [0m:      Received: train message 7b9ac994-8bb8-4506-9e0d-a4d0777082b6
[92mINFO [0m:      Sent reply
[92mINFO [0m:      
[92mINFO [0m:      Received: train message e7a9427a-4f13-4a29-af2e-b24baa3e28e5
[92mINFO [0m:      Sent reply
[92mINFO [0m:      
[92mINFO [0m:      Received: evaluate message f9495173-0f63-41b3-9262-f0f0599d6c56
[92mINFO [0m:      Sent reply
[92mINFO [0m:      
[92mINFO [0m:      Received: train message dc8f3441-cb26-4d70-b466-691821df7bf1
[92mINFO [0m:      Sent reply
[92mINFO [0m:      
[92mINFO [0m:      Received: evaluate message 9749cccf-7caf-4e52-ac94-5b6259bb68d0
[92mINFO [0m:      Sent reply
[92mINFO [0m:      
[92mINFO [0m:      Received: train message 39a54266-17a4-4e88-a26f-fec698abd84f
[92mINFO [0m:      Sent reply
[92mINFO [0m:      
[92mINFO [0m:      Received: train message fbe87242-65bf-4b91-9de7-da1259313aab
[92mINFO [0m:      Sent reply
[92mINFO [0m:      
[92mINFO [0m:      Received: train message 11c6a962-ac7c-454f-90be-33f413a9b5da
[92mINFO [0m:      Sent reply
[92mINFO [0m:      
[92mINFO [0m:      Received: train message 536ea8cc-d78b-4913-bbd9-d4d5e9ddffa3
[92mINFO [0m:      Sent reply
[92mINFO [0m:      
[92mINFO [0m:      Received: evaluate message bc6ce2bc-d254-4a3b-a448-7d8edcd230c1
[92mINFO [0m:      Sent reply
[92mINFO [0m:      
[92mINFO [0m:      Received: train message 5b193378-b2a1-4d6f-ab1e-cfe325e6b074
[92mINFO [0m:      Sent reply
[92mINFO [0m:      
[92mINFO [0m:      Received: evaluate message 076094ce-ae07-4b44-8df3-03fe88ff2336
[92mINFO [0m:      Sent reply
[92mINFO [0m:      
[92mINFO [0m:      Received: train message 9c70d301-eaa2-4dfe-88f6-c6ddefe3263b
[92mINFO [0m:      Sent reply
[92mINFO [0m:      
[92mINFO [0m:      Received: evaluate message 1b496571-2d58-4082-9656-81ac35794e65
[92mINFO [0m:      Sent reply
[92mINFO [0m:      
[92mINFO [0m:      Received: evaluate message 262c2852-b024-43c3-9778-4eab62542dd5
[92mINFO [0m:      Sent reply
[92mINFO [0m:      
[92mINFO [0m:      Received: evaluate message 8bbd3a37-77bb-449a-b795-8c9355d22c64
[92mINFO [0m:      Sent reply
[92mINFO [0m:      
[92mINFO [0m:      Received: train message 8968261d-a45c-4722-a244-5404c39e98dd
[92mINFO [0m:      Sent reply
[92mINFO [0m:      
[92mINFO [0m:      Received: evaluate message 696be7f3-728c-4764-b4aa-898a5a8869d2
[92mINFO [0m:      Sent reply
[92mINFO [0m:      
[92mINFO [0m:      Received: train message 64e97319-641e-4b1e-adf2-a1aa0087b964
[92mINFO [0m:      Sent reply
[92mINFO [0m:      
[92mINFO [0m:      Received: evaluate message e1dd5c37-1e35-4d3f-805c-a4022ef3b0c9
[92mINFO [0m:      Sent reply
[92mINFO [0m:      
[92mINFO [0m:      Received: evaluate message 1562b2cd-7f1c-498a-8b09-ef3e8982d34a
[92mINFO [0m:      Sent reply
[92mINFO [0m:      
[92mINFO [0m:      Received: evaluate message c6f997cb-ea72-4013-aa6b-c36f2328d0fb
[92mINFO [0m:      Sent reply
[92mINFO [0m:      
[92mINFO [0m:      Received: train message fd2f25fa-e2dc-44ca-b837-91edd6aea62e
[92mINFO [0m:      Sent reply
[92mINFO [0m:      
[92mINFO [0m:      Received: evaluate message 1a1f011d-40f4-47ff-8df4-7af9db9f524e
[92mINFO [0m:      Sent reply
[92mINFO [0m:      
[92mINFO [0m:      Received: train message 552b4ac4-bc3e-4b74-bebe-f146885f2e99
[92mINFO [0m:      Sent reply
[92mINFO [0m:      
[92mINFO [0m:      Received: evaluate message 29b91875-b88f-4abb-99e1-02ba8af08747
[92mINFO [0m:      Sent reply
[92mINFO [0m:      
[92mINFO [0m:      Received: evaluate message 9ac24371-0d6b-43a5-8bf2-f10a79850852
[92mINFO [0m:      Sent reply
[92mINFO [0m:      
[92mINFO [0m:      Received: train message 6e5762d0-3671-4190-a9c9-e1bc8f989e39
[92mINFO [0m:      Sent reply
[92mINFO [0m:      
[92mINFO [0m:      Received: evaluate message 89b30589-a339-457f-b6f2-b6ca2e463011
[92mINFO [0m:      Sent reply
[92mINFO [0m:      
[92mINFO [0m:      Received: train message b50c4ead-302f-4708-b2d0-f17216659a01
[92mINFO [0m:      Sent reply
[92mINFO [0m:      
[92mINFO [0m:      Received: train message 8f8c63b9-eb55-4408-913e-7bc8dfc9514f
[92mINFO [0m:      Sent reply
[92mINFO [0m:      
[92mINFO [0m:      Received: evaluate message 8b8df4ca-7cd3-41e7-817a-c2a47355ab06
[92mINFO [0m:      Sent reply
[92mINFO [0m:      
[92mINFO [0m:      Received: train message 1b9b9a85-330c-4c27-9be7-a693f78b1765
[92mINFO [0m:      Sent reply
[92mINFO [0m:      
[92mINFO [0m:      Received: evaluate message 54cfa1dc-9753-4634-84fd-5594b16863dc
[92mINFO [0m:      Sent reply
[92mINFO [0m:      
[92mINFO [0m:      Received: evaluate message 0172fbfa-3577-4f9e-9c57-cc6fe6679b1c
[92mINFO [0m:      Sent reply
[92mINFO [0m:      
[92mINFO [0m:      Received: train message 2a8c56ad-d8c1-4cef-a00f-9c3720b4a4c2
[92mINFO [0m:      Sent reply
[92mINFO [0m:      
[92mINFO [0m:      Received: evaluate message 3a446747-508c-414a-a810-03870cdfeca2
[92mINFO [0m:      Sent reply
[92mINFO [0m:      
[92mINFO [0m:      Received: train message 17a0a1ad-ae66-441f-9321-75d3331a21d8
[92mINFO [0m:      Sent reply
[92mINFO [0m:      
[92mINFO [0m:      Received: evaluate message c9e47a4e-9934-46d3-b687-349858c18eeb
[92mINFO [0m:      Sent reply
[92mINFO [0m:      
[92mINFO [0m:      Received: evaluate message fc63ddd1-eaad-428b-af1f-16f184d585ee
[92mINFO [0m:      Sent reply
[92mINFO [0m:      
[92mINFO [0m:      Received: evaluate message 5bf7e298-87de-42d3-82fe-1e479af7b8ca
[92mINFO [0m:      Sent reply
[92mINFO [0m:      
[92mINFO [0m:      Received: train message 020b7e47-dc11-4e50-8fa2-6d46360e801f
[92mINFO [0m:      Sent reply
[92mINFO [0m:      
[92mINFO [0m:      Received: train message a3f9b22e-a27d-4939-b2c6-26a0980d102e
[92mINFO [0m:      Sent reply
[92mINFO [0m:      
[92mINFO [0m:      Received: evaluate message 15282167-ea9d-4130-9c23-8bfb4eb3bba6
[92mINFO [0m:      Sent reply
[92mINFO [0m:      
[92mINFO [0m:      Received: evaluate message 2458a4d1-9bdc-4616-a9f6-9e96df3ddc1c
[92mINFO [0m:      Sent reply
[92mINFO [0m:      
[92mINFO [0m:      Received: train message 5a2e5e7f-e2f9-4848-8e21-50199957615f
[92mINFO [0m:      Sent reply
[92mINFO [0m:      
[92mINFO [0m:      Received: evaluate message 48430610-c4ba-43e4-a632-c1c16b5be343
[92mINFO [0m:      Sent reply
[92mINFO [0m:      
[92mINFO [0m:      Received: train message 419d12b0-c99c-4279-9e55-282270d64592
[92mINFO [0m:      Sent reply
[92mINFO [0m:      
[92mINFO [0m:      Received: evaluate message e818e41f-c720-413d-9e7d-42eeb5560e3c
[92mINFO [0m:      Sent reply
[92mINFO [0m:      
[92mINFO [0m:      Received: train message f436e9ad-2f5a-4e87-b7b3-a090a113fbe7
[92mINFO [0m:      Sent reply
[92mINFO [0m:      
[92mINFO [0m:      Received: evaluate message 97d8bdfe-906e-4597-9500-e04ca623bb50
[92mINFO [0m:      Sent reply
[92mINFO [0m:      
[92mINFO [0m:      Received: train message 65b4c946-e0cd-4390-9a26-68ed1ea40795
[92mINFO [0m:      Sent reply
[92mINFO [0m:      
[92mINFO [0m:      Received: evaluate message c24c2678-2e4a-458c-ab87-e0fb5475f19f
[92mINFO [0m:      Sent reply
[92mINFO [0m:      
[92mINFO [0m:      Received: evaluate message c83fbba8-1afc-4668-9ac2-279c5f22d7f6
[92mINFO [0m:      Sent reply
[92mINFO [0m:      
[92mINFO [0m:      Received: train message fb087a30-df61-4dae-9abc-38101bb6494e
[92mINFO [0m:      Sent reply
[92mINFO [0m:      
[92mINFO [0m:      Received: train message 2fdcf469-c540-48ab-b1ae-164d815f3b46
[92mINFO [0m:      Sent reply
[92mINFO [0m:      
[92mINFO [0m:      Received: evaluate message 508b56bf-9c3d-4ca6-84ab-ffa598f5704b
[92mINFO [0m:      Sent reply
[92mINFO [0m:      
[92mINFO [0m:      Received: evaluate message 234289d1-8640-4c53-bd3e-a347ce29c146
[92mINFO [0m:      Sent reply
[92mINFO [0m:      
[92mINFO [0m:      Received: train message f6598681-6ef0-45fd-9352-dc5ea6316400
[92mINFO [0m:      Sent reply
[92mINFO [0m:      
[92mINFO [0m:      Received: evaluate message efd4370a-75aa-43b4-9f15-a343732d2329
[92mINFO [0m:      Sent reply
[92mINFO [0m:      
[92mINFO [0m:      Received: evaluate message afe04edf-2897-41c0-817b-5cf6469e9b4e
[92mINFO [0m:      Sent reply
[92mINFO [0m:      
[92mINFO [0m:      Received: evaluate message 1ae3a2b1-8c73-4853-8653-d910560bbe49
[92mINFO [0m:      Sent reply
[92mINFO [0m:      
[92mINFO [0m:      Received: train message 74221cc1-27e4-4194-8a5a-4ede6f937634
[92mINFO [0m:      Sent reply
[92mINFO [0m:      
[92mINFO [0m:      Received: evaluate message a931f32b-3f32-457a-b790-463bd5538071
[92mINFO [0m:      Sent reply
[92mINFO [0m:      
[92mINFO [0m:      Received: evaluate message 340b2e41-69f9-4ef2-aeeb-5f430d51e2cf
[92mINFO [0m:      Sent reply
[92mINFO [0m:      
[92mINFO [0m:      Received: evaluate message f4fd70ac-457c-4e46-bfc8-a0b32e1584b7
[92mINFO [0m:      Sent reply
[92mINFO [0m:      
[92mINFO [0m:      Received: evaluate message f4b62589-09b1-44b3-9b0a-c06e434d0efd
[92mINFO [0m:      Sent reply
[92mINFO [0m:      
[92mINFO [0m:      Received: train message d51837d1-1ae0-406b-9cfe-02047aa4b0e0
[92mINFO [0m:      Sent reply
[92mINFO [0m:      
[92mINFO [0m:      Received: evaluate message ba1e2407-f05a-4e50-91db-76567e0287b1
[92mINFO [0m:      Sent reply
[92mINFO [0m:      
[92mINFO [0m:      Received: train message c1e0d3a3-3dff-4012-ac7f-b5dab1675c81
[92mINFO [0m:      Sent reply
[92mINFO [0m:      
[92mINFO [0m:      Received: evaluate message 816fff2b-7cda-41f9-ba4e-2d1e6daa998a
[92mINFO [0m:      Sent reply
[92mINFO [0m:      
[92mINFO [0m:      Received: train message 7b4cc163-f48a-42f2-bcfd-7a7fac6fd79a
[92mINFO [0m:      Sent reply
[92mINFO [0m:      
[92mINFO [0m:      Received: evaluate message 5d155995-4da5-40f4-bf1a-1e8192532dbe
[92mINFO [0m:      Sent reply
[92mINFO [0m:      
[92mINFO [0m:      Received: train message 1ab9e43a-c9e8-45e1-9ada-3e862028714a
[92mINFO [0m:      Sent reply
[92mINFO [0m:      
[92mINFO [0m:      Received: evaluate message 4c1769b4-927d-4519-9ffb-ae7a69ee6780
[92mINFO [0m:      Sent reply
[92mINFO [0m:      
[92mINFO [0m:      Received: train message 25946bbe-04f3-45e2-8053-bfc00f8c5c81
[92mINFO [0m:      Sent reply
[92mINFO [0m:      
[92mINFO [0m:      Received: evaluate message de58db2a-ef94-4a8c-9a2e-a92f124e6391
[92mINFO [0m:      Sent reply
[92mINFO [0m:      
[92mINFO [0m:      Received: train message 95c1050d-3c7c-437c-afa4-3a14065cb9a3
[92mINFO [0m:      Sent reply
[92mINFO [0m:      
[92mINFO [0m:      Received: train message 0e2c2021-abd6-4ee9-8f51-5db7cfe8b915
[92mINFO [0m:      Sent reply
[92mINFO [0m:      
[92mINFO [0m:      Received: evaluate message 19dc5385-397c-4234-a754-d42fb69cd528
[92mINFO [0m:      Sent reply
[92mINFO [0m:      
[92mINFO [0m:      Received: train message 1a78f86c-cc67-49e9-8a80-5edd2dc1aaeb
[92mINFO [0m:      Sent reply
[92mINFO [0m:      
[92mINFO [0m:      Received: train message 6ca0e0cd-04d0-44a5-b077-1e610cfba063
[92mINFO [0m:      Sent reply
[92mINFO [0m:      
[92mINFO [0m:      Received: train message 60dccdb4-1575-43ed-a3c3-5f1b600bb658
[92mINFO [0m:      Sent reply
[92mINFO [0m:      
[92mINFO [0m:      Received: evaluate message d9de157b-bc44-433e-bf52-78ef57d6d73b
[92mINFO [0m:      Sent reply
[92mINFO [0m:      
[92mINFO [0m:      Received: evaluate message 9db12c5f-b09e-4ddc-bb5f-40d77a728702
[92mINFO [0m:      Sent reply
[92mINFO [0m:      
[92mINFO [0m:      Received: train message 8d9fd92d-42d9-46dd-bf30-94f73739cb80
[92mINFO [0m:      Sent reply
[92mINFO [0m:      
[92mINFO [0m:      Received: train message 9334fd1a-b26a-4020-ae6a-6631f90e9625
[92mINFO [0m:      Sent reply
[92mINFO [0m:      
[92mINFO [0m:      Received: evaluate message f6aedce4-d980-4d8f-90c2-af809ee97d33
[92mINFO [0m:      Sent reply
[92mINFO [0m:      
[92mINFO [0m:      Received: train message a54ef723-7af1-46be-b260-11b7aeff685a
[92mINFO [0m:      Sent reply
[92mINFO [0m:      
[92mINFO [0m:      Received: evaluate message a6798ea7-985f-490c-a3fc-8df4af970b0f
[92mINFO [0m:      Sent reply
[92mINFO [0m:      
[92mINFO [0m:      Received: evaluate message 80981dbf-7860-4793-b439-1284db7bd4a4
[92mINFO [0m:      Sent reply
[92mINFO [0m:      
[92mINFO [0m:      Received: evaluate message a9843f70-9a7b-4f11-9972-9709e6d0bad2
[92mINFO [0m:      Sent reply
[92mINFO [0m:      
[92mINFO [0m:      Received: evaluate message a2728658-0d67-4166-90c6-860f0b510d95
[92mINFO [0m:      Sent reply
[92mINFO [0m:      
[92mINFO [0m:      Received: train message 0c9104af-794f-46dc-a927-c451985b31e9
[92mINFO [0m:      Sent reply
[92mINFO [0m:      
[92mINFO [0m:      Received: evaluate message cb3399d1-c1b1-4335-b065-1b188905fd0a
[92mINFO [0m:      Sent reply
[92mINFO [0m:      
[92mINFO [0m:      Received: train message 7e60cf3e-4618-4cec-bdd6-d95be11dced3
[92mINFO [0m:      Sent reply
[92mINFO [0m:      
[92mINFO [0m:      Received: evaluate message dc5cc471-5fd7-4985-9647-048cd2158095
[92mINFO [0m:      Sent reply
[92mINFO [0m:      
[92mINFO [0m:      Received: train message 07368f00-dd9b-4585-9ed4-c5d348d021bb
[92mINFO [0m:      Sent reply
[92mINFO [0m:      
[92mINFO [0m:      Received: evaluate message fd2cb2d2-e963-484a-a918-2683ede07627
[92mINFO [0m:      Sent reply
[92mINFO [0m:      
[92mINFO [0m:      Received: train message d15589e8-d5b2-40a4-a64d-543de2415865
[92mINFO [0m:      Sent reply
[92mINFO [0m:      
[92mINFO [0m:      Received: evaluate message 44caac56-6c49-431f-a7f6-bb38df8293ab
[92mINFO [0m:      Sent reply
[92mINFO [0m:      
[92mINFO [0m:      Received: evaluate message a7acaa1b-328e-43ec-9154-5fc437fc2015
[92mINFO [0m:      Sent reply
[92mINFO [0m:      
[92mINFO [0m:      Received: evaluate message ba13a4db-cf97-46cc-9eb9-c843780f6128
[92mINFO [0m:      Sent reply
[92mINFO [0m:      
[92mINFO [0m:      Received: train message b7b91aeb-f70f-4245-934f-7f1090fe0b42
[92mINFO [0m:      Sent reply
[92mINFO [0m:      
[92mINFO [0m:      Received: evaluate message da6e8182-dbe7-4197-ae5a-90a956bde4bd
[92mINFO [0m:      Sent reply
[92mINFO [0m:      
[92mINFO [0m:      Received: evaluate message 3bf818b2-5f8f-4e19-b4ef-bd304c1d0eef
[92mINFO [0m:      Sent reply
[92mINFO [0m:      
[92mINFO [0m:      Received: evaluate message 38af02ef-f503-440b-ac6a-0fddad748ea8
[92mINFO [0m:      Sent reply
[92mINFO [0m:      
[92mINFO [0m:      Received: train message bdf284da-d599-482c-ae32-5cc50f5cebc5
[92mINFO [0m:      Sent reply
[92mINFO [0m:      
[92mINFO [0m:      Received: evaluate message f9ec89bd-ec7e-4ab0-87a2-4970780a33f8
[92mINFO [0m:      Sent reply
[92mINFO [0m:      
[92mINFO [0m:      Received: train message a8a47049-df00-4c7b-a8f4-4f13bc0dd05f
[92mINFO [0m:      Sent reply
[92mINFO [0m:      
[92mINFO [0m:      Received: evaluate message fe184b79-79dd-4b7d-b436-a68252a1c432
[92mINFO [0m:      Sent reply
[92mINFO [0m:      
[92mINFO [0m:      Received: train message 11a62dbb-654e-4c39-9fc3-bafe6bfac0fd
[92mINFO [0m:      Sent reply
[92mINFO [0m:      
[92mINFO [0m:      Received: train message 2777c315-6440-40c6-8e89-e1f9e6715cb5
[92mINFO [0m:      Sent reply
[92mINFO [0m:      
[92mINFO [0m:      Received: train message 540f3f08-963a-4019-9f7b-4f025e35b3c5
[92mINFO [0m:      Sent reply
[92mINFO [0m:      
[92mINFO [0m:      Received: evaluate message 30cd13ef-3fd5-42c4-a07c-77630d3c5124
[92mINFO [0m:      Sent reply
[92mINFO [0m:      
[92mINFO [0m:      Received: evaluate message a618e799-d112-42a8-96e7-c293fe37f9e4
[92mINFO [0m:      Sent reply
[92mINFO [0m:      
[92mINFO [0m:      Received: train message 5688dc53-3d0b-44ba-b5fc-ad23a9787a38
[92mINFO [0m:      Sent reply
[92mINFO [0m:      
[92mINFO [0m:      Received: evaluate message 3645d6cf-7188-4595-a317-db1462ea7d72
[92mINFO [0m:      Sent reply
[92mINFO [0m:      
[92mINFO [0m:      Received: train message b926d9a4-1e0b-4b4a-ad4a-25500ae48b74
[92mINFO [0m:      Sent reply
[92mINFO [0m:      
[92mINFO [0m:      Received: evaluate message 270d04c0-7b6e-4b68-a576-005b3e71fe42
[92mINFO [0m:      Sent reply
[92mINFO [0m:      
[92mINFO [0m:      Received: train message 7e162a52-d6eb-47e7-a165-833936a08412
[92mINFO [0m:      Sent reply
[92mINFO [0m:      
[92mINFO [0m:      Received: evaluate message 10c5dfc3-4042-4668-b529-24377341056f
[92mINFO [0m:      Sent reply
[92mINFO [0m:      
[92mINFO [0m:      Received: train message baa7db62-6c2d-48ad-b63e-1874fa7480c8
[92mINFO [0m:      Sent reply
[92mINFO [0m:      
[92mINFO [0m:      Received: evaluate message 06baca5f-d208-4f96-8383-757a7163b61e
[92mINFO [0m:      Sent reply
[92mINFO [0m:      
[92mINFO [0m:      Received: evaluate message 03a18372-1581-472f-bd71-63a04ad32063
[92mINFO [0m:      Sent reply
[92mINFO [0m:      
[92mINFO [0m:      Received: train message f139eb47-e10d-4f08-bb68-334f9af54445
[92mINFO [0m:      Sent reply
[92mINFO [0m:      
[92mINFO [0m:      Received: evaluate message e28cc115-e4ca-45dc-b8e4-c19048d1d78a
[92mINFO [0m:      Sent reply
[92mINFO [0m:      
[92mINFO [0m:      Received: evaluate message 837ce3d7-5428-4c7c-b75f-29ecf86a9a74
[92mINFO [0m:      Sent reply
[92mINFO [0m:      
[92mINFO [0m:      Received: train message f92d9dd3-1ca5-447b-ac40-234e05e61598
[92mINFO [0m:      Sent reply
[92mINFO [0m:      
[92mINFO [0m:      Received: train message 0a093825-4fe9-48a6-a4b3-55d3928780da
[92mINFO [0m:      Sent reply
[92mINFO [0m:      
[92mINFO [0m:      Received: evaluate message 36493183-ebca-494f-bc8c-523cdffb3bfe
[92mINFO [0m:      Sent reply
[92mINFO [0m:      
[92mINFO [0m:      Received: train message 7bc4c0aa-9949-4c1d-af6a-ebb75114a66c
[92mINFO [0m:      Sent reply
[92mINFO [0m:      
[92mINFO [0m:      Received: evaluate message 54b99a1d-eff4-4542-984f-169ab93fbc52
[92mINFO [0m:      Sent reply
[92mINFO [0m:      
[92mINFO [0m:      Received: train message 366ab857-8d86-4d76-906c-3f5ffce26da5
[92mINFO [0m:      Sent reply
[92mINFO [0m:      
[92mINFO [0m:      Received: evaluate message ff21bc90-5d4f-42b5-9dc6-3e0cef98c2c9
[92mINFO [0m:      Sent reply
[92mINFO [0m:      
[92mINFO [0m:      Received: evaluate message 9bf43aaf-dddb-4c36-a905-100205baae5b
[92mINFO [0m:      Sent reply
[92mINFO [0m:      
[92mINFO [0m:      Received: train message 5699a459-f1e0-49a6-bf19-ccd937fc00a9
[92mINFO [0m:      Sent reply
[92mINFO [0m:      
[92mINFO [0m:      Received: train message a1574748-bc24-4066-b346-75b365d654ab
[92mINFO [0m:      Sent reply
[92mINFO [0m:      
[92mINFO [0m:      Received: train message c0221f89-910d-4136-bc7c-5337ab1d30e9
[92mINFO [0m:      Sent reply
[92mINFO [0m:      
[92mINFO [0m:      Received: train message e3a6788c-51d0-495d-a4e6-6335fc7190eb
[92mINFO [0m:      Sent reply
[92mINFO [0m:      
[92mINFO [0m:      Received: reconnect message 182880a7-ea59-4862-af97-3d9ea8fe9525
[92mINFO [0m:      Disconnect and shut down
