[93mWARNING [0m:   DEPRECATED FEATURE: flwr.client.start_client() is deprecated.
	Instead, use the `flower-supernode` CLI command to start a SuperNode as shown below:

		$ flower-supernode --insecure --superlink='<IP>:<PORT>'

	To view all available options, run:

		$ flower-supernode --help

	Using `start_client()` is deprecated.

            This is a deprecated feature. It will be removed
            entirely in future versions of Flower.
        
[92mINFO [0m:      
[92mINFO [0m:      Received: evaluate message 75910789-8cd7-443f-b28d-6a0fe6972d65
[92mINFO [0m:      Sent reply
[92mINFO [0m:      
[92mINFO [0m:      Received: evaluate message 5ca06d79-2faa-428d-a833-3c168799aa4e
[92mINFO [0m:      Sent reply
[92mINFO [0m:      
[92mINFO [0m:      Received: train message 4c22f611-2c58-4633-8f7d-16f7896c6e04
[92mINFO [0m:      Sent reply
[92mINFO [0m:      
[92mINFO [0m:      Received: evaluate message 5c9b08f3-72ad-4e7e-b78a-268fc05ba898
[92mINFO [0m:      Sent reply
[92mINFO [0m:      
[92mINFO [0m:      Received: train message e8057ed1-6041-48c1-ada2-ea0015706e76
[92mINFO [0m:      Sent reply
[92mINFO [0m:      
[92mINFO [0m:      Received: train message 7a1339f8-8206-4930-babc-9cd43111c104
[92mINFO [0m:      Sent reply
[92mINFO [0m:      
[92mINFO [0m:      Received: evaluate message 375c4953-d516-4942-af3c-226470566e30
[92mINFO [0m:      Sent reply
[92mINFO [0m:      
[92mINFO [0m:      Received: train message d870b192-9a6a-40a9-8f67-d70383c0a6cb
[92mINFO [0m:      Sent reply
[92mINFO [0m:      
[92mINFO [0m:      Received: evaluate message 7f430892-6a6f-4b22-a707-4906b3d23839
[92mINFO [0m:      Sent reply
[92mINFO [0m:      
[92mINFO [0m:      Received: train message b353db48-db7e-4cbb-bda9-d5c44aceffc2
[92mINFO [0m:      Sent reply
[92mINFO [0m:      
[92mINFO [0m:      Received: evaluate message 82bf9e8f-d1f3-4d75-b1b0-64f896ddaba3
[92mINFO [0m:      Sent reply
[92mINFO [0m:      
[92mINFO [0m:      Received: train message 75f1c3c3-285f-4e48-8924-8928fde3e92f
[92mINFO [0m:      Sent reply
[92mINFO [0m:      
[92mINFO [0m:      Received: train message 7a556d67-a809-42c2-b4a6-4a4c838bf375
[92mINFO [0m:      Sent reply
[92mINFO [0m:      
[92mINFO [0m:      Received: train message de18c16c-1a2a-4c40-b701-2426e44593b9
[92mINFO [0m:      Sent reply
[92mINFO [0m:      
[92mINFO [0m:      Received: evaluate message 807aff77-d8ad-46c6-b03d-0725d4a67333
[92mINFO [0m:      Sent reply
[92mINFO [0m:      
[92mINFO [0m:      Received: train message 3b964ccd-c55e-4bf7-b10b-b61100bcf13a
[92mINFO [0m:      Sent reply
[92mINFO [0m:      
[92mINFO [0m:      Received: evaluate message a7040927-3ea3-48a8-946a-1454bc562626
[92mINFO [0m:      Sent reply
[92mINFO [0m:      
[92mINFO [0m:      Received: evaluate message ef71fd5e-7076-4db7-8155-80db4d460757
[92mINFO [0m:      Sent reply
[92mINFO [0m:      
[92mINFO [0m:      Received: evaluate message 9e2fc953-4f1a-469c-a12a-04c67c4e17b2
[92mINFO [0m:      Sent reply
[92mINFO [0m:      
[92mINFO [0m:      Received: train message bd7cd5be-20fb-4be3-9b3d-ce09eed65338
[92mINFO [0m:      Sent reply
[92mINFO [0m:      
[92mINFO [0m:      Received: evaluate message 09501576-1c00-431b-980c-a8f8e743f9bd
[92mINFO [0m:      Sent reply
[92mINFO [0m:      
[92mINFO [0m:      Received: train message 06866dd4-7846-4bde-9f0c-026781dd3b95
[92mINFO [0m:      Sent reply
[92mINFO [0m:      
[92mINFO [0m:      Received: evaluate message 0282cf53-4900-4d7d-93f5-b6c71498d2ab
[92mINFO [0m:      Sent reply
[92mINFO [0m:      
[92mINFO [0m:      Received: train message dbcfbf6d-3c0b-47d3-bbae-44efbd046a89
[92mINFO [0m:      Sent reply
[92mINFO [0m:      
[92mINFO [0m:      Received: evaluate message 23616176-4a4a-4edd-b39f-8b193521ea66
[92mINFO [0m:      Sent reply
[92mINFO [0m:      
[92mINFO [0m:      Received: train message f78a2bb7-e1c6-4312-93e5-31c0b6d253c1
[92mINFO [0m:      Sent reply
[92mINFO [0m:      
[92mINFO [0m:      Received: evaluate message 35dc4fd4-6a42-483b-a020-07a2f10042cd
[92mINFO [0m:      Sent reply
[92mINFO [0m:      
[92mINFO [0m:      Received: train message 1b76486f-a3a7-4413-92a6-1e7afc41041f
[92mINFO [0m:      Sent reply
[92mINFO [0m:      
[92mINFO [0m:      Received: evaluate message 9f57e83b-f7c5-46cb-a820-7b5214a6ec04
[92mINFO [0m:      Sent reply
[92mINFO [0m:      
[92mINFO [0m:      Received: train message bf5d098f-8327-428a-8991-e8ba843cde22
[92mINFO [0m:      Sent reply
[92mINFO [0m:      
[92mINFO [0m:      Received: evaluate message 444f3ec9-dd75-44df-954d-d1bae0c5f636
[92mINFO [0m:      Sent reply
[92mINFO [0m:      
[92mINFO [0m:      Received: train message 1ce1c0ae-c458-43f5-b8dd-f062b1fd3155
[92mINFO [0m:      Sent reply
[92mINFO [0m:      
[92mINFO [0m:      Received: evaluate message f9537a31-bce7-4115-af77-3a6ae7f73e3b
[92mINFO [0m:      Sent reply
[92mINFO [0m:      
[92mINFO [0m:      Received: evaluate message 814a7477-ba56-423b-831b-c9f98a24504b
[92mINFO [0m:      Sent reply
[92mINFO [0m:      
[92mINFO [0m:      Received: train message 856d46ee-d019-4497-bf85-46599dc575e7
[92mINFO [0m:      Sent reply
[92mINFO [0m:      
[92mINFO [0m:      Received: evaluate message dff09df5-05e0-4f70-9a7a-8c7b94927fb2
[92mINFO [0m:      Sent reply
[92mINFO [0m:      
[92mINFO [0m:      Received: evaluate message 98c1c53f-6c0f-4820-9be2-d264e61b43fb
[92mINFO [0m:      Sent reply
[92mINFO [0m:      
[92mINFO [0m:      Received: train message 9de3ef9f-657c-4c3a-92bb-c776e60b8845
[92mINFO [0m:      Sent reply
[92mINFO [0m:      
[92mINFO [0m:      Received: evaluate message c2f91ef6-817e-4cd9-9e55-575b8ff0a545
[92mINFO [0m:      Sent reply
[92mINFO [0m:      
[92mINFO [0m:      Received: train message 95f89041-e53b-4034-b1b3-87f34aedd99b
[92mINFO [0m:      Sent reply
[92mINFO [0m:      
[92mINFO [0m:      Received: train message 415663d8-450b-49b8-92ab-3fb5d6583b43
[92mINFO [0m:      Sent reply
[92mINFO [0m:      
[92mINFO [0m:      Received: train message 52fdb39f-2d31-472c-bc8c-d65bedb2a133
[92mINFO [0m:      Sent reply
[92mINFO [0m:      
[92mINFO [0m:      Received: train message ee5f6ad2-7b64-4890-b55c-9597aee9910c
[92mINFO [0m:      Sent reply
[92mINFO [0m:      
[92mINFO [0m:      Received: train message 8fd1c961-580e-4281-9b73-7024a9f55acd
[92mINFO [0m:      Sent reply
[92mINFO [0m:      
[92mINFO [0m:      Received: evaluate message 10b0a67e-608a-478c-88fa-d34f2c19cb9e
[92mINFO [0m:      Sent reply
[92mINFO [0m:      
[92mINFO [0m:      Received: train message 2bb374d5-4559-47bf-b738-e7708440c7a4
[92mINFO [0m:      Sent reply
[92mINFO [0m:      
[92mINFO [0m:      Received: evaluate message a9f48710-2d47-4d45-85ed-356f491648d9
[92mINFO [0m:      Sent reply
[92mINFO [0m:      
[92mINFO [0m:      Received: train message 3a7ab17e-ec09-4c48-8ebb-693bd896c70a
[92mINFO [0m:      Sent reply
[92mINFO [0m:      
[92mINFO [0m:      Received: evaluate message ef91e79c-d0be-4e02-aced-51c210584961
[92mINFO [0m:      Sent reply
[92mINFO [0m:      
[92mINFO [0m:      Received: evaluate message ae7518fc-3d3b-4738-ac26-93d98b4d75fc
[92mINFO [0m:      Sent reply
[92mINFO [0m:      
[92mINFO [0m:      Received: train message a249f98f-206b-408d-b6b3-2f95a27ff42c
[92mINFO [0m:      Sent reply
[92mINFO [0m:      
[92mINFO [0m:      Received: evaluate message b2fb1633-cf86-4dc9-bb99-ee5482c2836e
[92mINFO [0m:      Sent reply
[92mINFO [0m:      
[92mINFO [0m:      Received: train message d93804ad-869d-45e5-9e0e-163f7ebad3a9
[92mINFO [0m:      Sent reply
[92mINFO [0m:      
[92mINFO [0m:      Received: evaluate message 56eb1128-5bfb-4adb-b187-ebd015dacab6
[92mINFO [0m:      Sent reply
[92mINFO [0m:      
[92mINFO [0m:      Received: train message 652c4826-db30-4a6c-91d5-6e744585b587
[92mINFO [0m:      Sent reply
[92mINFO [0m:      
[92mINFO [0m:      Received: evaluate message 65e83175-5ed2-4321-849f-77e8a909a910
[92mINFO [0m:      Sent reply
[92mINFO [0m:      
[92mINFO [0m:      Received: train message e212db81-a028-4142-9a87-b083deb20287
[92mINFO [0m:      Sent reply
[92mINFO [0m:      
[92mINFO [0m:      Received: evaluate message 4c749a82-5856-435b-a864-9dedcf8f46e0
[92mINFO [0m:      Sent reply
[92mINFO [0m:      
[92mINFO [0m:      Received: evaluate message 64bb99a5-a322-4f89-8237-428bbc155a53
[92mINFO [0m:      Sent reply
[92mINFO [0m:      
[92mINFO [0m:      Received: train message 15637113-882b-493d-a4ec-27554d37d8d3
[92mINFO [0m:      Sent reply
[92mINFO [0m:      
[92mINFO [0m:      Received: train message e471e466-5a69-4f6a-bd3b-9f334ea80d0a
[92mINFO [0m:      Sent reply
[92mINFO [0m:      
[92mINFO [0m:      Received: evaluate message 6f6a4edd-0cc5-499b-b9f4-a54da3471259
[92mINFO [0m:      Sent reply
[92mINFO [0m:      
[92mINFO [0m:      Received: evaluate message e8a60bcd-1db0-4059-ab67-e3a4abc0c3e6
[92mINFO [0m:      Sent reply
[92mINFO [0m:      
[92mINFO [0m:      Received: train message 7f97aecf-73b8-45fd-b9f6-d6a0ed024f07
[92mINFO [0m:      Sent reply
[92mINFO [0m:      
[92mINFO [0m:      Received: evaluate message c6aa0bdc-106c-4329-8519-2c27b6542b41
[92mINFO [0m:      Sent reply
[92mINFO [0m:      
[92mINFO [0m:      Received: train message 092ee854-47fe-411f-a72b-823fef7c3368
[92mINFO [0m:      Sent reply
[92mINFO [0m:      
[92mINFO [0m:      Received: evaluate message 1529bd0a-8be8-43d1-a38c-dd59e42e79d7
[92mINFO [0m:      Sent reply
[92mINFO [0m:      
[92mINFO [0m:      Received: train message b950bcd4-a77c-4fa7-8ca3-a33ec7e5594a
[92mINFO [0m:      Sent reply
[92mINFO [0m:      
[92mINFO [0m:      Received: evaluate message 1e99ceac-e040-4e49-9394-f42cba2bdf28
[92mINFO [0m:      Sent reply
[92mINFO [0m:      
[92mINFO [0m:      Received: train message 48a0aff5-0423-40a0-ae62-190fb1e611e4
[92mINFO [0m:      Sent reply
[92mINFO [0m:      
[92mINFO [0m:      Received: evaluate message a3d8e688-7e31-498f-80e6-3452f219892b
[92mINFO [0m:      Sent reply
[92mINFO [0m:      
[92mINFO [0m:      Received: train message be55b7f7-d9f4-4e6c-bf33-4f6bac5fa9bd
[92mINFO [0m:      Sent reply
[92mINFO [0m:      
[92mINFO [0m:      Received: train message 4f595231-843b-40d8-bebc-2c4809cd4c4a
[92mINFO [0m:      Sent reply
[92mINFO [0m:      
[92mINFO [0m:      Received: evaluate message 9242c3e1-c9cf-44c9-b403-b5d5461812b0
[92mINFO [0m:      Sent reply
[92mINFO [0m:      
[92mINFO [0m:      Received: train message 4fdc4e18-db54-446f-801e-c35a0232e35d
[92mINFO [0m:      Sent reply
[92mINFO [0m:      
[92mINFO [0m:      Received: evaluate message 6543c6dc-0bba-43de-bea3-760121de274f
[92mINFO [0m:      Sent reply
[92mINFO [0m:      
[92mINFO [0m:      Received: train message 213cf27c-81d6-421d-94b2-5b832c5d0db9
[92mINFO [0m:      Sent reply
[92mINFO [0m:      
[92mINFO [0m:      Received: evaluate message 59b0a409-6e74-4d0e-ac0d-5217de83b17e
[92mINFO [0m:      Sent reply
[92mINFO [0m:      
[92mINFO [0m:      Received: evaluate message 2fb718f4-31d6-4080-a466-b0bdc67ac64c
[92mINFO [0m:      Sent reply
[92mINFO [0m:      
[92mINFO [0m:      Received: evaluate message cb22c729-35f7-42dc-9f1c-9201d0905c94
[92mINFO [0m:      Sent reply
[92mINFO [0m:      
[92mINFO [0m:      Received: train message 34b536bc-a6c7-472c-8122-99cd8df58e28
[92mINFO [0m:      Sent reply
[92mINFO [0m:      
[92mINFO [0m:      Received: train message f32fd55d-064b-4381-94ac-913bab042224
[92mINFO [0m:      Sent reply
[92mINFO [0m:      
[92mINFO [0m:      Received: evaluate message 59004bd8-822f-4655-9ee0-b52ada963cfe
[92mINFO [0m:      Sent reply
[92mINFO [0m:      
[92mINFO [0m:      Received: train message 0adbe805-74c1-4807-8d8a-daf16bcec7e8
[92mINFO [0m:      Sent reply
[92mINFO [0m:      
[92mINFO [0m:      Received: evaluate message 80fc164b-e873-4d22-a00a-ddf9e109242a
[92mINFO [0m:      Sent reply
[92mINFO [0m:      
[92mINFO [0m:      Received: train message ac8933cb-de2e-440b-91a7-61d2c837a3a3
[92mINFO [0m:      Sent reply
[92mINFO [0m:      
[92mINFO [0m:      Received: evaluate message ea2c20af-7177-4b54-b15f-ea27db9215ef
[92mINFO [0m:      Sent reply
[92mINFO [0m:      
[92mINFO [0m:      Received: evaluate message f5653ae8-e105-439b-85b7-43c14938802c
[92mINFO [0m:      Sent reply
[92mINFO [0m:      
[92mINFO [0m:      Received: train message e0919467-154e-4378-b5d9-1fdf50e27fd8
[92mINFO [0m:      Sent reply
[92mINFO [0m:      
[92mINFO [0m:      Received: train message a388118e-99bb-49be-b97f-5033b6355995
[92mINFO [0m:      Sent reply
[92mINFO [0m:      
[92mINFO [0m:      Received: train message 90500173-8718-40ae-a1c4-0dd4f1e13607
[92mINFO [0m:      Sent reply
[92mINFO [0m:      
[92mINFO [0m:      Received: evaluate message 3cd5c079-a62f-4f04-b394-5a34d640ebd2
[92mINFO [0m:      Sent reply
[92mINFO [0m:      
[92mINFO [0m:      Received: train message aaa2b3eb-1bb8-47d8-ae79-350f492f6ed6
[92mINFO [0m:      Sent reply
[92mINFO [0m:      
[92mINFO [0m:      Received: train message 9364d334-2e90-4b57-914f-37bc6792c002
[92mINFO [0m:      Sent reply
[92mINFO [0m:      
[92mINFO [0m:      Received: train message c56422f7-ed2f-46c5-9320-bcc9bdc03fb2
[92mINFO [0m:      Sent reply
[92mINFO [0m:      
[92mINFO [0m:      Received: train message b4a0abcb-b4bf-48b4-a8db-818e5d26033f
[92mINFO [0m:      Sent reply
[92mINFO [0m:      
[92mINFO [0m:      Received: train message 93cc1144-ad18-4c59-abf2-14bd49504648
[92mINFO [0m:      Sent reply
[92mINFO [0m:      
[92mINFO [0m:      Received: train message fc441b5c-9f51-4682-a28d-87cb7db9ad4a
[92mINFO [0m:      Sent reply
[92mINFO [0m:      
[92mINFO [0m:      Received: evaluate message 9b4253d9-0f7d-49b6-90c4-e22eff3236b1
[92mINFO [0m:      Sent reply
[92mINFO [0m:      
[92mINFO [0m:      Received: train message cb60926d-48f6-4061-8296-52bad0c518ae
[92mINFO [0m:      Sent reply
[92mINFO [0m:      
[92mINFO [0m:      Received: evaluate message 4b70c1c4-69cc-4d50-a9cc-7d0cfb66146e
[92mINFO [0m:      Sent reply
[92mINFO [0m:      
[92mINFO [0m:      Received: train message b7c72a32-ad9a-48a8-9f90-bc1bf171cf87
[92mINFO [0m:      Sent reply
[92mINFO [0m:      
[92mINFO [0m:      Received: evaluate message 752ad59c-6272-4731-9340-bbfe6fd72c0d
[92mINFO [0m:      Sent reply
[92mINFO [0m:      
[92mINFO [0m:      Received: train message c38985af-15f5-42c0-9e3f-78f77fac9d24
[92mINFO [0m:      Sent reply
[92mINFO [0m:      
[92mINFO [0m:      Received: train message 9d2815f2-6ff6-4cb2-964e-3766baaab158
[92mINFO [0m:      Sent reply
[92mINFO [0m:      
[92mINFO [0m:      Received: evaluate message a3bc9018-0056-48bf-a4c8-0f44ede86229
[92mINFO [0m:      Sent reply
[92mINFO [0m:      
[92mINFO [0m:      Received: evaluate message 39f93b9e-c364-4882-9948-c7839c703b19
[92mINFO [0m:      Sent reply
[92mINFO [0m:      
[92mINFO [0m:      Received: train message 30205e95-7c2d-47d2-8fc2-a938143dd5f4
[92mINFO [0m:      Sent reply
[92mINFO [0m:      
[92mINFO [0m:      Received: evaluate message ef209068-e521-4e74-b155-17ac4c262616
[92mINFO [0m:      Sent reply
[92mINFO [0m:      
[92mINFO [0m:      Received: evaluate message 2187c139-d2fb-4c57-b528-a598241c0eb1
[92mINFO [0m:      Sent reply
[92mINFO [0m:      
[92mINFO [0m:      Received: evaluate message 2ff57f6f-9e0e-4a31-a2f8-8c55415607bb
[92mINFO [0m:      Sent reply
[92mINFO [0m:      
[92mINFO [0m:      Received: evaluate message 9f648041-17d6-4b9b-8942-a1ee43e0180c
[92mINFO [0m:      Sent reply
[92mINFO [0m:      
[92mINFO [0m:      Received: train message b31846b9-3743-4cf0-87eb-5df7e09a3247
[92mINFO [0m:      Sent reply
[92mINFO [0m:      
[92mINFO [0m:      Received: train message cb4400c6-f87c-4b39-afb7-51e4b831b258
[92mINFO [0m:      Sent reply
[92mINFO [0m:      
[92mINFO [0m:      Received: evaluate message ed8b4a88-2932-4c0b-a463-24e50a21a47d
[92mINFO [0m:      Sent reply
[92mINFO [0m:      
[92mINFO [0m:      Received: evaluate message 8283bf80-f485-4141-aaab-27b1e2947b92
[92mINFO [0m:      Sent reply
[92mINFO [0m:      
[92mINFO [0m:      Received: train message f44456b8-f66b-4f96-a436-4b1daee66885
[92mINFO [0m:      Sent reply
[92mINFO [0m:      
[92mINFO [0m:      Received: evaluate message f1d07452-43d9-42c4-9a35-caa8dc345a68
[92mINFO [0m:      Sent reply
[92mINFO [0m:      
[92mINFO [0m:      Received: train message d0dbc030-bd85-4ade-bf48-92ea93f7800d
[92mINFO [0m:      Sent reply
[92mINFO [0m:      
[92mINFO [0m:      Received: train message 0a3034c9-488b-4020-a917-71ad964ddf82
[92mINFO [0m:      Sent reply
[92mINFO [0m:      
[92mINFO [0m:      Received: train message 0cd3ee1a-5046-45ae-98c9-111c5222d9e0
[92mINFO [0m:      Sent reply
[92mINFO [0m:      
[92mINFO [0m:      Received: train message 67dac1ba-66d2-42da-947a-ae87f9cbc3dc
[92mINFO [0m:      Sent reply
[92mINFO [0m:      
[92mINFO [0m:      Received: evaluate message 7e8aa368-edd7-4c71-900b-d564c6c88469
[92mINFO [0m:      Sent reply
[92mINFO [0m:      
[92mINFO [0m:      Received: evaluate message f4bf349d-3478-4dc9-8a1c-2eac75b1c12c
[92mINFO [0m:      Sent reply
[92mINFO [0m:      
[92mINFO [0m:      Received: train message e996eec4-df36-4a9d-8ee9-90d8bcc70586
[92mINFO [0m:      Sent reply
[92mINFO [0m:      
[92mINFO [0m:      Received: evaluate message f116b828-700b-46c5-a596-ac98e2774cb6
[92mINFO [0m:      Sent reply
[92mINFO [0m:      
[92mINFO [0m:      Received: evaluate message c0f8e39d-50b0-48d2-b731-29e977a8e0f5
[92mINFO [0m:      Sent reply
[92mINFO [0m:      
[92mINFO [0m:      Received: evaluate message 2d64b12e-d872-4e9c-8d1f-dcb3265832ca
[92mINFO [0m:      Sent reply
[92mINFO [0m:      
[92mINFO [0m:      Received: reconnect message 38ff7f94-bda0-40ea-8d7e-ca5a691a272a
[92mINFO [0m:      Disconnect and shut down
