[93mWARNING [0m:   DEPRECATED FEATURE: flwr.client.start_client() is deprecated.
	Instead, use the `flower-supernode` CLI command to start a SuperNode as shown below:

		$ flower-supernode --insecure --superlink='<IP>:<PORT>'

	To view all available options, run:

		$ flower-supernode --help

	Using `start_client()` is deprecated.

            This is a deprecated feature. It will be removed
            entirely in future versions of Flower.
        
[92mINFO [0m:      
[92mINFO [0m:      Received: train message fcc79e71-6573-494b-954f-9b6d263b4555
[92mINFO [0m:      Sent reply
[92mINFO [0m:      
[92mINFO [0m:      Received: evaluate message 6aa5fca1-ea48-4cdf-90f5-68ebe4a0c4c5
[92mINFO [0m:      Sent reply
[92mINFO [0m:      
[92mINFO [0m:      Received: train message d1024dea-83a1-4107-95da-817ec6a6c370
[92mINFO [0m:      Sent reply
[92mINFO [0m:      
[92mINFO [0m:      Received: evaluate message bd0deb18-4415-4e62-8979-41eeb2496653
[92mINFO [0m:      Sent reply
[92mINFO [0m:      
[92mINFO [0m:      Received: train message 458a5602-b7c9-4d42-9baf-304e779a1b59
[92mINFO [0m:      Sent reply
[92mINFO [0m:      
[92mINFO [0m:      Received: evaluate message 1801e0bf-63b5-43f5-9b74-5f1a90898f72
[92mINFO [0m:      Sent reply
[92mINFO [0m:      
[92mINFO [0m:      Received: train message aff66956-3641-4781-918e-8a6ca60ce10b
[92mINFO [0m:      Sent reply
[92mINFO [0m:      
[92mINFO [0m:      Received: evaluate message 33c48afb-7d3b-4760-8c7e-2e42f9882ea1
[92mINFO [0m:      Sent reply
[92mINFO [0m:      
[92mINFO [0m:      Received: train message 9e4ef473-ee8f-4e83-bca3-9e998646e30f
[92mINFO [0m:      Sent reply
[92mINFO [0m:      
[92mINFO [0m:      Received: evaluate message c9eacb30-a078-4184-a2e7-0caff57bbe13
[92mINFO [0m:      Sent reply
[92mINFO [0m:      
[92mINFO [0m:      Received: train message 3fb0cf02-611c-4793-8886-1f6b34255460
[92mINFO [0m:      Sent reply
[92mINFO [0m:      
[92mINFO [0m:      Received: evaluate message 6717f774-9693-4cd6-a81e-534d8b72ecae
[92mINFO [0m:      Sent reply
[92mINFO [0m:      
[92mINFO [0m:      Received: train message a70861bb-4abc-4012-a638-7830b396f209
[92mINFO [0m:      Sent reply
[92mINFO [0m:      
[92mINFO [0m:      Received: evaluate message f82aed01-079c-4b7f-ad3d-91e5844f3355
[92mINFO [0m:      Sent reply
[92mINFO [0m:      
[92mINFO [0m:      Received: train message ccd7e38a-f29d-431d-a01c-3469944d55a9
[92mINFO [0m:      Sent reply
[92mINFO [0m:      
[92mINFO [0m:      Received: evaluate message 7a3c36cc-5309-4383-b522-9695aba2ea68
[92mINFO [0m:      Sent reply
[92mINFO [0m:      
[92mINFO [0m:      Received: train message e3557fda-8672-4325-93b3-294c1013097d
[92mINFO [0m:      Sent reply
[92mINFO [0m:      
[92mINFO [0m:      Received: evaluate message 5f35eb9b-225e-4624-ade8-807c07784366
[92mINFO [0m:      Sent reply
[92mINFO [0m:      
[92mINFO [0m:      Received: train message 8a5f5284-1dc1-488a-844a-b66c61c5d13a
[92mINFO [0m:      Sent reply
[92mINFO [0m:      
[92mINFO [0m:      Received: evaluate message fd27d603-f817-40fa-82b2-f9d0f9fa570d
[92mINFO [0m:      Sent reply
[92mINFO [0m:      
[92mINFO [0m:      Received: train message 0d231997-85e6-4fbe-96bf-ce1ea1ff189b
[92mINFO [0m:      Sent reply
[92mINFO [0m:      
[92mINFO [0m:      Received: evaluate message b4a83fce-892c-4fee-90d3-fdc88be540a4
[92mINFO [0m:      Sent reply
[92mINFO [0m:      
[92mINFO [0m:      Received: train message 27c9c556-eeac-494a-a908-ec64acbc8136
[92mINFO [0m:      Sent reply
[92mINFO [0m:      
[92mINFO [0m:      Received: evaluate message a70d228d-6faf-4468-8d11-6d9e667e9346
[92mINFO [0m:      Sent reply
[92mINFO [0m:      
[92mINFO [0m:      Received: train message ac7fa37e-5684-422d-a7b8-ef0e884a2911
[92mINFO [0m:      Sent reply
[92mINFO [0m:      
[92mINFO [0m:      Received: evaluate message 504646c2-d692-421a-bffa-2912486d39d3
[92mINFO [0m:      Sent reply
[92mINFO [0m:      
[92mINFO [0m:      Received: train message 4394bb9b-6789-447c-8a32-c9ad6c897838
[92mINFO [0m:      Sent reply
[92mINFO [0m:      
[92mINFO [0m:      Received: evaluate message 2194977a-4a0e-491f-8de6-a532520e42c0
[92mINFO [0m:      Sent reply
[92mINFO [0m:      
[92mINFO [0m:      Received: train message 5680e227-31ce-429b-a5c3-c8b4fa919cc6
[92mINFO [0m:      Sent reply
[92mINFO [0m:      
[92mINFO [0m:      Received: evaluate message 2378e08e-6959-4f8f-9227-5389984cbbde
[92mINFO [0m:      Sent reply
[92mINFO [0m:      
[92mINFO [0m:      Received: train message c3d22ddf-a1e1-4f5f-833a-9e044fe7e062
[92mINFO [0m:      Sent reply
[92mINFO [0m:      
[92mINFO [0m:      Received: evaluate message 94c6817a-cf58-4dac-9ffb-0f83115f11e7
[92mINFO [0m:      Sent reply
[92mINFO [0m:      
[92mINFO [0m:      Received: train message 96ae1260-ee03-47f8-a531-578f9fa2f9d2
[92mINFO [0m:      Sent reply
[92mINFO [0m:      
[92mINFO [0m:      Received: evaluate message 4f617bd7-ebc4-4343-b595-134a7deca903
[92mINFO [0m:      Sent reply
[92mINFO [0m:      
[92mINFO [0m:      Received: train message 4a497c3c-20d8-4f7e-b5c1-3ed1fc1054b1
[92mINFO [0m:      Sent reply
[92mINFO [0m:      
[92mINFO [0m:      Received: evaluate message 893e781d-3c5d-4b56-8f0b-a172ab5446ef
[92mINFO [0m:      Sent reply
[92mINFO [0m:      
[92mINFO [0m:      Received: train message a1695414-752d-44a2-9c11-e772d6669e0b
[92mINFO [0m:      Sent reply
[92mINFO [0m:      
[92mINFO [0m:      Received: evaluate message 4083b5ed-9651-428c-acd6-69dcafdded5c
[92mINFO [0m:      Sent reply
[92mINFO [0m:      
[92mINFO [0m:      Received: train message 95ce3f30-36d0-42dc-984e-2c15a449cced
[92mINFO [0m:      Sent reply
[92mINFO [0m:      
[92mINFO [0m:      Received: evaluate message 8c7c209c-99f3-4f84-844c-39c4c76360b0
[92mINFO [0m:      Sent reply
[92mINFO [0m:      
[92mINFO [0m:      Received: train message 0c6f2ee5-e7ff-4e8c-8f5b-68bb64bee1f7
[92mINFO [0m:      Sent reply
[92mINFO [0m:      
[92mINFO [0m:      Received: evaluate message 8e58d812-93e2-42bd-9077-10c54bbeb5aa
[92mINFO [0m:      Sent reply
[92mINFO [0m:      
[92mINFO [0m:      Received: train message bfdf15e7-b05a-4235-8767-1ac307b48360
[92mINFO [0m:      Sent reply
[92mINFO [0m:      
[92mINFO [0m:      Received: evaluate message 27216a82-54b5-4579-97a2-1f42858ed7ad
[92mINFO [0m:      Sent reply
[92mINFO [0m:      
[92mINFO [0m:      Received: train message 64941cc6-ad76-4a15-8b6b-39d94f25d8e3
[92mINFO [0m:      Sent reply
[92mINFO [0m:      
[92mINFO [0m:      Received: evaluate message d468dbe9-3eb0-4831-a226-7bbb62249ea9
[92mINFO [0m:      Sent reply
[92mINFO [0m:      
[92mINFO [0m:      Received: train message 198bd86f-e524-45ca-a1fe-6335b71501ab
[92mINFO [0m:      Sent reply
[92mINFO [0m:      
[92mINFO [0m:      Received: evaluate message bec21c86-e970-4a6d-ad04-eecb28aea9dc
[92mINFO [0m:      Sent reply
[92mINFO [0m:      
[92mINFO [0m:      Received: train message 876deb86-f29b-4d29-b3ab-a51c67b3ee15
[92mINFO [0m:      Sent reply
[92mINFO [0m:      
[92mINFO [0m:      Received: evaluate message 931ec941-7a7b-4a2e-bdce-498fdfb6dd70
[92mINFO [0m:      Sent reply
[92mINFO [0m:      
[92mINFO [0m:      Received: train message 146d120d-7e8f-4413-9522-9ad20e63b7bc
[92mINFO [0m:      Sent reply
[92mINFO [0m:      
[92mINFO [0m:      Received: evaluate message d3f74295-6544-41dd-9792-d2b41e8e516f
[92mINFO [0m:      Sent reply
[92mINFO [0m:      
[92mINFO [0m:      Received: train message 51dbaa3d-e8f0-4632-adfb-926cb1aefe9b
[92mINFO [0m:      Sent reply
[92mINFO [0m:      
[92mINFO [0m:      Received: evaluate message 1ecd20aa-f750-4663-8a42-7b14455b931c
[92mINFO [0m:      Sent reply
[92mINFO [0m:      
[92mINFO [0m:      Received: train message b13359e0-883b-45d2-8d29-d70f7f6a983b
[92mINFO [0m:      Sent reply
[92mINFO [0m:      
[92mINFO [0m:      Received: evaluate message ccfcd096-0810-4643-8bb6-ba438248f153
[92mINFO [0m:      Sent reply
[92mINFO [0m:      
[92mINFO [0m:      Received: train message 5bdcbf23-60e6-4fec-8413-6e44e41045a6
[92mINFO [0m:      Sent reply
[92mINFO [0m:      
[92mINFO [0m:      Received: evaluate message 718e7b53-7098-4719-8b70-5c436df9d0d6
[92mINFO [0m:      Sent reply
[92mINFO [0m:      
[92mINFO [0m:      Received: train message 94432197-5b97-451a-897e-c04ef6a13803
[92mINFO [0m:      Sent reply
[92mINFO [0m:      
[92mINFO [0m:      Received: evaluate message 23a968e7-5cad-4792-8380-c40ffeeeca5f
[92mINFO [0m:      Sent reply
[92mINFO [0m:      
[92mINFO [0m:      Received: train message 9c78ae39-48ac-49f6-86d0-0a585449cdcd
[92mINFO [0m:      Sent reply
[92mINFO [0m:      
[92mINFO [0m:      Received: evaluate message d38a5f5a-51ca-4ee7-bca4-c46b78423a4a
[92mINFO [0m:      Sent reply
[92mINFO [0m:      
[92mINFO [0m:      Received: train message c062d96a-20ca-457e-b7b4-a6454110f149
[92mINFO [0m:      Sent reply
[92mINFO [0m:      
[92mINFO [0m:      Received: evaluate message 6c6e72db-2189-4627-b901-358306f3d12b
[92mINFO [0m:      Sent reply
[92mINFO [0m:      
[92mINFO [0m:      Received: train message 9b0ae4b4-d329-4c4a-9c41-4759b32f62ca
[92mINFO [0m:      Sent reply
[92mINFO [0m:      
[92mINFO [0m:      Received: evaluate message 92e7cdac-24b1-4e1a-b184-0538f18e2c01
[92mINFO [0m:      Sent reply
[92mINFO [0m:      
[92mINFO [0m:      Received: train message f3b86248-315b-445a-857a-ef8a7612e1af
[92mINFO [0m:      Sent reply
[92mINFO [0m:      
[92mINFO [0m:      Received: evaluate message 3fb37395-5a9d-4190-815a-67722de58d73
[92mINFO [0m:      Sent reply
[92mINFO [0m:      
[92mINFO [0m:      Received: train message f4b74a36-a351-4497-9654-3af36fc25137
[92mINFO [0m:      Sent reply
[92mINFO [0m:      
[92mINFO [0m:      Received: evaluate message 44ef7ffa-adbf-4845-9703-b4d74550c6a2
[92mINFO [0m:      Sent reply
[92mINFO [0m:      
[92mINFO [0m:      Received: train message 15eb221c-86c3-479a-953d-02a264a0f6e3
[92mINFO [0m:      Sent reply
[92mINFO [0m:      
[92mINFO [0m:      Received: evaluate message 52e6585b-0571-4adf-a6ec-3fa8ef25ac05
[92mINFO [0m:      Sent reply
[92mINFO [0m:      
[92mINFO [0m:      Received: train message 0e77b732-58d6-4e3a-8a87-928a18081804
[92mINFO [0m:      Sent reply
[92mINFO [0m:      
[92mINFO [0m:      Received: evaluate message 72173788-aa8c-4c41-b808-b0c317fe9c5a
[92mINFO [0m:      Sent reply
[92mINFO [0m:      
[92mINFO [0m:      Received: train message b9b8c30b-068b-4bd2-a510-f1bf4a5f54b8
[92mINFO [0m:      Sent reply
[92mINFO [0m:      
[92mINFO [0m:      Received: evaluate message 62e7258d-1380-48b6-9e26-c5639e7f00ec
[92mINFO [0m:      Sent reply
[92mINFO [0m:      
[92mINFO [0m:      Received: train message b9407497-a820-48d2-b28e-312a170605c0
[92mINFO [0m:      Sent reply
[92mINFO [0m:      
[92mINFO [0m:      Received: evaluate message 4fe406cc-dbb9-468f-9500-884c5a4c5c50
[92mINFO [0m:      Sent reply
[92mINFO [0m:      
[92mINFO [0m:      Received: train message 53cd58cc-50e4-4e6d-8c10-34f00e52bf59
[92mINFO [0m:      Sent reply
[92mINFO [0m:      
[92mINFO [0m:      Received: evaluate message ffc2b51f-bbc1-4ef0-977d-b1a1d7b22642
[92mINFO [0m:      Sent reply
[92mINFO [0m:      
[92mINFO [0m:      Received: train message 37579b09-1c31-466b-824f-515436841c27
[92mINFO [0m:      Sent reply
[92mINFO [0m:      
[92mINFO [0m:      Received: evaluate message b6ed74be-9bce-42c9-9bfc-3398bf0d1f28
[92mINFO [0m:      Sent reply
[92mINFO [0m:      
[92mINFO [0m:      Received: train message 1fa5ce95-7936-44ea-b8cc-b1092cbb1e19
[92mINFO [0m:      Sent reply
[92mINFO [0m:      
[92mINFO [0m:      Received: evaluate message b12abc02-7c25-4a63-a340-ca304c03d420
[92mINFO [0m:      Sent reply
[92mINFO [0m:      
[92mINFO [0m:      Received: train message f9c17931-9749-4988-80ed-ca3016b32ada
[92mINFO [0m:      Sent reply
[92mINFO [0m:      
[92mINFO [0m:      Received: evaluate message aacd0cf1-9985-4eb4-8ea9-13b7ea493b06
[92mINFO [0m:      Sent reply
[92mINFO [0m:      
[92mINFO [0m:      Received: train message 648d1ae8-1072-47e7-9316-a965910aa3a4
[92mINFO [0m:      Sent reply
[92mINFO [0m:      
[92mINFO [0m:      Received: evaluate message 6ae55be9-95fe-4c20-bf74-4233c9e5e6a2
[92mINFO [0m:      Sent reply
[92mINFO [0m:      
[92mINFO [0m:      Received: train message 9244c8fa-92d4-45c0-b4c2-edbcb4a1f76a
[92mINFO [0m:      Sent reply
[92mINFO [0m:      
[92mINFO [0m:      Received: evaluate message ec03a57c-f892-438e-bbb4-12ecbeb1cebb
[92mINFO [0m:      Sent reply
[92mINFO [0m:      
[92mINFO [0m:      Received: train message 0189507f-81ec-4648-8b95-5a35913dec65
[92mINFO [0m:      Sent reply
[92mINFO [0m:      
[92mINFO [0m:      Received: evaluate message 380d4f0e-ae3c-4f8a-b88c-c2c69eb29b46
[92mINFO [0m:      Sent reply
[92mINFO [0m:      
[92mINFO [0m:      Received: train message 86f9c409-40ca-437b-800c-7c60fd03788d
[92mINFO [0m:      Sent reply
[92mINFO [0m:      
[92mINFO [0m:      Received: evaluate message 2046a0c8-b96f-44ca-8ef7-9bd866f6d521
[92mINFO [0m:      Sent reply
[92mINFO [0m:      
[92mINFO [0m:      Received: train message 5be361cd-8c00-4a6f-a4a6-ac9f33fbb3f2
[92mINFO [0m:      Sent reply
[92mINFO [0m:      
[92mINFO [0m:      Received: evaluate message f2499b22-c8aa-4209-8082-2f3cacac2fa6
[92mINFO [0m:      Sent reply
[92mINFO [0m:      
[92mINFO [0m:      Received: train message c32c0faa-c090-40b5-89f3-4e32b348b135
[92mINFO [0m:      Sent reply
[92mINFO [0m:      
[92mINFO [0m:      Received: evaluate message fa8b4135-8fd3-4e3a-888d-d1efc701d66c
[92mINFO [0m:      Sent reply
[92mINFO [0m:      
[92mINFO [0m:      Received: train message 8bf183d7-ae61-42bd-8dd3-6c3e9cbc7fc5
[92mINFO [0m:      Sent reply
[92mINFO [0m:      
[92mINFO [0m:      Received: evaluate message b13bb566-27bd-4657-a69c-19f216806448
[92mINFO [0m:      Sent reply
[92mINFO [0m:      
[92mINFO [0m:      Received: reconnect message edd7d6aa-26f6-4e9c-b1ae-62920cef5814
[92mINFO [0m:      Disconnect and shut down
