[93mWARNING [0m:   DEPRECATED FEATURE: flwr.client.start_client() is deprecated.
	Instead, use the `flower-supernode` CLI command to start a SuperNode as shown below:

		$ flower-supernode --insecure --superlink='<IP>:<PORT>'

	To view all available options, run:

		$ flower-supernode --help

	Using `start_client()` is deprecated.

            This is a deprecated feature. It will be removed
            entirely in future versions of Flower.
        
[92mINFO [0m:      
[92mINFO [0m:      Received: train message 94aa9e0f-9c3d-408e-858d-b215298ebb6b
[92mINFO [0m:      Sent reply
[92mINFO [0m:      
[92mINFO [0m:      Received: evaluate message 9590c8af-b0ca-4526-bba2-1521b51dea9b
[92mINFO [0m:      Sent reply
[92mINFO [0m:      
[92mINFO [0m:      Received: train message 84b39e8e-80f4-4bb0-8425-d2dfa9fde2ed
[92mINFO [0m:      Sent reply
[92mINFO [0m:      
[92mINFO [0m:      Received: evaluate message c41432d1-ff9e-45f5-afbe-34ac67866b71
[92mINFO [0m:      Sent reply
[92mINFO [0m:      
[92mINFO [0m:      Received: train message 66331599-6838-4407-9685-48efe2d95d1e
[92mINFO [0m:      Sent reply
[92mINFO [0m:      
[92mINFO [0m:      Received: evaluate message ea18d425-a732-4508-a031-dcae1b312501
[92mINFO [0m:      Sent reply
[92mINFO [0m:      
[92mINFO [0m:      Received: train message 44cb6fe7-9d50-4588-ba08-3f80b95fedca
[92mINFO [0m:      Sent reply
[92mINFO [0m:      
[92mINFO [0m:      Received: evaluate message a9ba186a-6229-47a1-9af1-51bdd97ffff5
[92mINFO [0m:      Sent reply
[92mINFO [0m:      
[92mINFO [0m:      Received: train message ab86a8d5-c97e-4b8f-b7aa-27a6058263d8
[92mINFO [0m:      Sent reply
[92mINFO [0m:      
[92mINFO [0m:      Received: evaluate message 9f87f537-c907-434c-8e6e-70fe27fc73df
[92mINFO [0m:      Sent reply
[92mINFO [0m:      
[92mINFO [0m:      Received: train message 7c9f2fa6-08d6-4768-a0bb-213c172c99b5
[92mINFO [0m:      Sent reply
[92mINFO [0m:      
[92mINFO [0m:      Received: evaluate message d39e55b3-28a8-41e7-bed9-798c643a4379
[92mINFO [0m:      Sent reply
[92mINFO [0m:      
[92mINFO [0m:      Received: train message 24ba2984-b1c9-4af5-b05a-9069a0a2d690
[92mINFO [0m:      Sent reply
[92mINFO [0m:      
[92mINFO [0m:      Received: evaluate message a188e9e2-2c0f-4a03-b519-4a34189db7da
[92mINFO [0m:      Sent reply
[92mINFO [0m:      
[92mINFO [0m:      Received: train message b8e56635-26bc-4c32-bca0-ddafbed4cb85
[92mINFO [0m:      Sent reply
[92mINFO [0m:      
[92mINFO [0m:      Received: evaluate message 248369ef-709e-4dda-b49d-bab11d805dae
[92mINFO [0m:      Sent reply
[92mINFO [0m:      
[92mINFO [0m:      Received: train message 9527dd14-8619-465d-a147-184099ae3c23
[92mINFO [0m:      Sent reply
[92mINFO [0m:      
[92mINFO [0m:      Received: evaluate message 6a59bd93-c324-4841-8d44-65264e08b955
[92mINFO [0m:      Sent reply
[92mINFO [0m:      
[92mINFO [0m:      Received: train message ae0dd81c-d85e-48a4-8f3f-9ddb652e0f48
[92mINFO [0m:      Sent reply
[92mINFO [0m:      
[92mINFO [0m:      Received: evaluate message 02ddfbe2-c802-4e9c-bd4f-e88105d9e1e9
[92mINFO [0m:      Sent reply
[92mINFO [0m:      
[92mINFO [0m:      Received: train message a36bbc9f-925d-4303-8b9f-bac9e7f33510
[92mINFO [0m:      Sent reply
[92mINFO [0m:      
[92mINFO [0m:      Received: evaluate message daf384be-a5e2-4e9c-ab16-3845e8f51d64
[92mINFO [0m:      Sent reply
[92mINFO [0m:      
[92mINFO [0m:      Received: train message d804c929-0b6c-4ea4-9b54-b4e0a2a4ddd4
[92mINFO [0m:      Sent reply
[92mINFO [0m:      
[92mINFO [0m:      Received: evaluate message 293eca40-d3c4-491e-9c07-b62e7ff1733f
[92mINFO [0m:      Sent reply
[92mINFO [0m:      
[92mINFO [0m:      Received: train message c558ac2c-60ac-403c-a6de-b4c03e56750d
[92mINFO [0m:      Sent reply
[92mINFO [0m:      
[92mINFO [0m:      Received: evaluate message 5cb4bf4a-e5a8-4219-8096-a3d605135e2e
[92mINFO [0m:      Sent reply
[92mINFO [0m:      
[92mINFO [0m:      Received: train message 78bbe95c-f563-4f7f-9e3f-b42e280efafa
[92mINFO [0m:      Sent reply
[92mINFO [0m:      
[92mINFO [0m:      Received: evaluate message cacdd783-174a-49a6-9c48-fd480b3c78f4
[92mINFO [0m:      Sent reply
[92mINFO [0m:      
[92mINFO [0m:      Received: train message 0ebad9b1-0e09-4212-be62-8f7cf0f2b267
[92mINFO [0m:      Sent reply
[92mINFO [0m:      
[92mINFO [0m:      Received: evaluate message 3e74175c-a646-465d-a64f-73211bf22ecc
[92mINFO [0m:      Sent reply
[92mINFO [0m:      
[92mINFO [0m:      Received: train message 43fd9006-dffc-4e7b-8abc-d6164d38b1e8
[92mINFO [0m:      Sent reply
[92mINFO [0m:      
[92mINFO [0m:      Received: evaluate message bf3769f3-6c35-4757-9d62-8141e29d5559
[92mINFO [0m:      Sent reply
[92mINFO [0m:      
[92mINFO [0m:      Received: train message 8838dd56-e784-4719-85d3-56218f143e78
[92mINFO [0m:      Sent reply
[92mINFO [0m:      
[92mINFO [0m:      Received: evaluate message 142b7c65-b60d-4c54-8b1f-ea1e0fdb88f0
[92mINFO [0m:      Sent reply
[92mINFO [0m:      
[92mINFO [0m:      Received: train message 1f5ca486-5809-43b5-86f0-b2ea60e2a5d6
[92mINFO [0m:      Sent reply
[92mINFO [0m:      
[92mINFO [0m:      Received: evaluate message 1e8bcba3-ddeb-4072-8f49-019e458b57b6
[92mINFO [0m:      Sent reply
[92mINFO [0m:      
[92mINFO [0m:      Received: train message f8553eab-d901-42d3-87df-6377ac5cb4d8
[92mINFO [0m:      Sent reply
[92mINFO [0m:      
[92mINFO [0m:      Received: evaluate message 74917713-f003-44ff-8946-5a01d7c1a9d6
[92mINFO [0m:      Sent reply
[92mINFO [0m:      
[92mINFO [0m:      Received: train message 05eac20d-d621-43a2-be40-9f2289ef1831
[92mINFO [0m:      Sent reply
[92mINFO [0m:      
[92mINFO [0m:      Received: evaluate message 46a52aeb-cf30-44c8-ad71-b94b5a8f4f4d
[92mINFO [0m:      Sent reply
[92mINFO [0m:      
[92mINFO [0m:      Received: train message 634ba141-25d2-439b-b956-99089d7d08c9
[92mINFO [0m:      Sent reply
[92mINFO [0m:      
[92mINFO [0m:      Received: evaluate message 82a9a244-4e40-47b6-bd52-334a664345ab
[92mINFO [0m:      Sent reply
[92mINFO [0m:      
[92mINFO [0m:      Received: train message d39c794e-cbd2-4888-8415-6b1cf9352238
[92mINFO [0m:      Sent reply
[92mINFO [0m:      
[92mINFO [0m:      Received: evaluate message f29aa848-5f7a-4e3e-acbf-e616be48a686
[92mINFO [0m:      Sent reply
[92mINFO [0m:      
[92mINFO [0m:      Received: train message ba11998c-0df5-400c-9c79-6e224066a753
[92mINFO [0m:      Sent reply
[92mINFO [0m:      
[92mINFO [0m:      Received: evaluate message 3b02d01c-e10c-4644-b441-b2726c0fcd2c
[92mINFO [0m:      Sent reply
[92mINFO [0m:      
[92mINFO [0m:      Received: train message bc627c31-cea0-442c-9026-8b1e1220af9c
[92mINFO [0m:      Sent reply
[92mINFO [0m:      
[92mINFO [0m:      Received: evaluate message 92876323-b10c-4534-868d-d741ec37ef98
[92mINFO [0m:      Sent reply
[92mINFO [0m:      
[92mINFO [0m:      Received: train message a79bea93-2a59-4aa4-b920-54e1dc60b5e2
[92mINFO [0m:      Sent reply
[92mINFO [0m:      
[92mINFO [0m:      Received: evaluate message 46cfc664-3437-4a37-8b18-e33998ee3caa
[92mINFO [0m:      Sent reply
[92mINFO [0m:      
[92mINFO [0m:      Received: train message 2797585c-d765-4d28-a7d4-256701621b17
[92mINFO [0m:      Sent reply
[92mINFO [0m:      
[92mINFO [0m:      Received: evaluate message 17ed5157-e928-4425-9ce1-5ce0a182bd13
[92mINFO [0m:      Sent reply
[92mINFO [0m:      
[92mINFO [0m:      Received: train message 5d364db0-4625-405c-b55d-51d8bcb90246
[92mINFO [0m:      Sent reply
[92mINFO [0m:      
[92mINFO [0m:      Received: evaluate message 49e81b5d-ba71-4a7d-897b-995e62b297b0
[92mINFO [0m:      Sent reply
[92mINFO [0m:      
[92mINFO [0m:      Received: train message c5ea5195-1a30-46b7-b221-9b58cfed027b
[92mINFO [0m:      Sent reply
[92mINFO [0m:      
[92mINFO [0m:      Received: evaluate message e1d518f4-389d-4ac1-99f7-7e9df13f32ff
[92mINFO [0m:      Sent reply
[92mINFO [0m:      
[92mINFO [0m:      Received: train message c838e97e-e648-491d-b90d-74f974517431
[92mINFO [0m:      Sent reply
[92mINFO [0m:      
[92mINFO [0m:      Received: evaluate message 67cf50b3-07df-443d-91a2-df73296d8674
[92mINFO [0m:      Sent reply
[92mINFO [0m:      
[92mINFO [0m:      Received: train message c2281224-639e-4a98-b792-fdab598788ce
[92mINFO [0m:      Sent reply
[92mINFO [0m:      
[92mINFO [0m:      Received: evaluate message 53b6c355-780c-45b9-878c-71dcfd6f27d7
[92mINFO [0m:      Sent reply
[92mINFO [0m:      
[92mINFO [0m:      Received: train message 43775ac3-258f-437f-9d2f-03ee659ff58c
[92mINFO [0m:      Sent reply
[92mINFO [0m:      
[92mINFO [0m:      Received: evaluate message d4a76524-0757-4368-8431-f5dd84ac78fb
[92mINFO [0m:      Sent reply
[92mINFO [0m:      
[92mINFO [0m:      Received: train message b5c88e79-b0ad-4118-aaa9-795e25e65110
[92mINFO [0m:      Sent reply
[92mINFO [0m:      
[92mINFO [0m:      Received: evaluate message cff19744-8878-4585-9892-731f889c1017
[92mINFO [0m:      Sent reply
[92mINFO [0m:      
[92mINFO [0m:      Received: train message ed1f8e32-89ee-4943-aa94-8b015d6cfa78
[92mINFO [0m:      Sent reply
[92mINFO [0m:      
[92mINFO [0m:      Received: evaluate message 50a1a133-133c-46ec-840a-293f1bf31859
[92mINFO [0m:      Sent reply
[92mINFO [0m:      
[92mINFO [0m:      Received: train message 0c437dcd-8f1d-48e2-8c29-9fe915df65c6
[92mINFO [0m:      Sent reply
[92mINFO [0m:      
[92mINFO [0m:      Received: evaluate message d6fed6cd-867f-4f90-8114-fe12b2e50c7a
[92mINFO [0m:      Sent reply
[92mINFO [0m:      
[92mINFO [0m:      Received: train message fa1cf87d-4868-4d64-81c3-2251fb159063
[92mINFO [0m:      Sent reply
[92mINFO [0m:      
[92mINFO [0m:      Received: evaluate message df5d0323-4a89-4fbe-878b-3d49c82b8e16
[92mINFO [0m:      Sent reply
[92mINFO [0m:      
[92mINFO [0m:      Received: train message 1ab7c798-8626-4173-b45c-6f0474705aa6
[92mINFO [0m:      Sent reply
[92mINFO [0m:      
[92mINFO [0m:      Received: evaluate message d3bf13ed-8adb-4d32-9254-091c6b22f481
[92mINFO [0m:      Sent reply
[92mINFO [0m:      
[92mINFO [0m:      Received: train message 85471f39-9cd3-476d-a62b-aa2d0a134a53
[92mINFO [0m:      Sent reply
[92mINFO [0m:      
[92mINFO [0m:      Received: evaluate message a21e64b5-b95a-4b3e-a0dc-6bbf985699fb
[92mINFO [0m:      Sent reply
[92mINFO [0m:      
[92mINFO [0m:      Received: train message d303f358-6a27-4513-8e87-273b859dd256
[92mINFO [0m:      Sent reply
[92mINFO [0m:      
[92mINFO [0m:      Received: evaluate message c49a02fc-80a0-4f26-9d4a-646e35e7e1b5
[92mINFO [0m:      Sent reply
[92mINFO [0m:      
[92mINFO [0m:      Received: train message 3654f222-330f-4eb6-ac95-19516b0123fd
[92mINFO [0m:      Sent reply
[92mINFO [0m:      
[92mINFO [0m:      Received: evaluate message 29ef2ee7-fcea-4c60-82be-eeea964f9504
[92mINFO [0m:      Sent reply
[92mINFO [0m:      
[92mINFO [0m:      Received: train message aa26827b-631e-43d4-9939-9f8b8f11d253
[92mINFO [0m:      Sent reply
[92mINFO [0m:      
[92mINFO [0m:      Received: evaluate message 58030d5e-1173-4146-8d55-089055b6f4bd
[92mINFO [0m:      Sent reply
[92mINFO [0m:      
[92mINFO [0m:      Received: train message 35694a87-5617-4eb0-a52d-a978d5f1553c
[92mINFO [0m:      Sent reply
[92mINFO [0m:      
[92mINFO [0m:      Received: evaluate message a9ecd0a4-158e-462c-9bb0-85084bd915c7
[92mINFO [0m:      Sent reply
[92mINFO [0m:      
[92mINFO [0m:      Received: train message bc55fedf-f60e-4fa3-9b29-780af0491f00
[92mINFO [0m:      Sent reply
[92mINFO [0m:      
[92mINFO [0m:      Received: evaluate message f8f1f996-1e09-4827-898f-e825e9cb9f0f
[92mINFO [0m:      Sent reply
[92mINFO [0m:      
[92mINFO [0m:      Received: train message f16d37fb-af89-43be-9122-726d1c1145e7
[92mINFO [0m:      Sent reply
[92mINFO [0m:      
[92mINFO [0m:      Received: evaluate message 249d1351-1d7e-42fa-9ca9-ad5b78b474c2
[92mINFO [0m:      Sent reply
[92mINFO [0m:      
[92mINFO [0m:      Received: train message 70073a20-39c6-487e-b4d5-2de6cfe7cbc5
[92mINFO [0m:      Sent reply
[92mINFO [0m:      
[92mINFO [0m:      Received: evaluate message 7a85bdbc-0d66-48b7-9b01-0c1e431935e6
[92mINFO [0m:      Sent reply
[92mINFO [0m:      
[92mINFO [0m:      Received: train message 70fc45e1-8c2c-4606-94c5-4de0039abb48
[92mINFO [0m:      Sent reply
[92mINFO [0m:      
[92mINFO [0m:      Received: evaluate message 1c6dd4d1-f730-4389-8158-22e68c2aaca8
[92mINFO [0m:      Sent reply
[92mINFO [0m:      
[92mINFO [0m:      Received: train message 3b312b3a-ef00-412b-a7b3-97f1f4b98699
[92mINFO [0m:      Sent reply
[92mINFO [0m:      
[92mINFO [0m:      Received: evaluate message a7ffa56d-c665-4510-b224-413d77217c9c
[92mINFO [0m:      Sent reply
[92mINFO [0m:      
[92mINFO [0m:      Received: train message 84dd9c63-5929-41aa-bccc-4fe1ca481dc0
[92mINFO [0m:      Sent reply
[92mINFO [0m:      
[92mINFO [0m:      Received: evaluate message 1eee224f-4a57-4173-8b8d-fa616c43ea8f
[92mINFO [0m:      Sent reply
[92mINFO [0m:      
[92mINFO [0m:      Received: train message 7de058d5-d4db-4fda-a3e2-d61dde80f93a
[92mINFO [0m:      Sent reply
[92mINFO [0m:      
[92mINFO [0m:      Received: evaluate message a2eb8ba0-7e09-4e66-9356-b5076a5b835d
[92mINFO [0m:      Sent reply
[92mINFO [0m:      
[92mINFO [0m:      Received: train message 896af71c-4ddc-4c83-8e87-99ae40826594
[92mINFO [0m:      Sent reply
[92mINFO [0m:      
[92mINFO [0m:      Received: evaluate message 6c661ec7-9441-4a2e-a337-d46d258b53aa
[92mINFO [0m:      Sent reply
[92mINFO [0m:      
[92mINFO [0m:      Received: train message 3b921485-e913-4ca2-bf9e-97bfaff96d78
[92mINFO [0m:      Sent reply
[92mINFO [0m:      
[92mINFO [0m:      Received: evaluate message 76b9cf34-be9a-4097-bce9-e5532d9965cf
[92mINFO [0m:      Sent reply
[92mINFO [0m:      
[92mINFO [0m:      Received: reconnect message 4f77ce5d-1dcb-4575-9897-7b7f94ffca7f
[92mINFO [0m:      Disconnect and shut down
