[93mWARNING [0m:   DEPRECATED FEATURE: flwr.client.start_client() is deprecated.
	Instead, use the `flower-supernode` CLI command to start a SuperNode as shown below:

		$ flower-supernode --insecure --superlink='<IP>:<PORT>'

	To view all available options, run:

		$ flower-supernode --help

	Using `start_client()` is deprecated.

            This is a deprecated feature. It will be removed
            entirely in future versions of Flower.
        
[92mINFO [0m:      
[92mINFO [0m:      Received: train message 185cafe6-933c-4a61-aea7-cbaa58f10f3b
[92mINFO [0m:      Sent reply
[92mINFO [0m:      
[92mINFO [0m:      Received: evaluate message 109ac79c-b12d-4675-885c-aa162c8c9d85
[92mINFO [0m:      Sent reply
[92mINFO [0m:      
[92mINFO [0m:      Received: train message 1a509c43-81d8-4ae3-9aae-e8605b46d24b
[92mINFO [0m:      Sent reply
[92mINFO [0m:      
[92mINFO [0m:      Received: evaluate message 4c83623c-4e43-49ae-a98d-37fdcaa1939b
[92mINFO [0m:      Sent reply
[92mINFO [0m:      
[92mINFO [0m:      Received: train message c1207d1f-a9c7-4855-b0bc-27dfe0015ed0
[92mINFO [0m:      Sent reply
[92mINFO [0m:      
[92mINFO [0m:      Received: evaluate message 4c04680f-201f-424e-84ff-16782714ac11
[92mINFO [0m:      Sent reply
[92mINFO [0m:      
[92mINFO [0m:      Received: train message 8af18cb7-2e30-4da0-9588-af40fa754ba0
[92mINFO [0m:      Sent reply
[92mINFO [0m:      
[92mINFO [0m:      Received: evaluate message 3b7cb622-a9f5-4e9c-897f-de89db40e7ea
[92mINFO [0m:      Sent reply
[92mINFO [0m:      
[92mINFO [0m:      Received: train message 0ac03c3e-688a-4056-9578-e5f9521b9b97
[92mINFO [0m:      Sent reply
[92mINFO [0m:      
[92mINFO [0m:      Received: evaluate message f475620a-5f7a-418a-8ca4-0ed6cdfc079e
[92mINFO [0m:      Sent reply
[92mINFO [0m:      
[92mINFO [0m:      Received: train message b019a618-4ade-4233-a6eb-905c97cf4f55
[92mINFO [0m:      Sent reply
[92mINFO [0m:      
[92mINFO [0m:      Received: evaluate message 1f51601a-8d76-4e30-878c-cd3e546ab782
[92mINFO [0m:      Sent reply
[92mINFO [0m:      
[92mINFO [0m:      Received: train message d596e20b-e8b1-4362-83cb-930dcf296c0e
[92mINFO [0m:      Sent reply
[92mINFO [0m:      
[92mINFO [0m:      Received: evaluate message 941a5cb3-acd2-47ec-9edb-1b526f707b7c
[92mINFO [0m:      Sent reply
[92mINFO [0m:      
[92mINFO [0m:      Received: train message bf68f4d8-f056-4bde-b989-0551caa2724a
[92mINFO [0m:      Sent reply
[92mINFO [0m:      
[92mINFO [0m:      Received: evaluate message 46b9d1f1-3c94-4148-abfa-0f0a4ef5492c
[92mINFO [0m:      Sent reply
[92mINFO [0m:      
[92mINFO [0m:      Received: train message ce9f169a-a973-49a7-b336-629c1d735279
[92mINFO [0m:      Sent reply
[92mINFO [0m:      
[92mINFO [0m:      Received: evaluate message 68e18dc1-c2aa-49a6-b751-e6a457a73bb5
[92mINFO [0m:      Sent reply
[92mINFO [0m:      
[92mINFO [0m:      Received: train message 32a72dd8-6472-41c9-a8ca-043651465856
[92mINFO [0m:      Sent reply
[92mINFO [0m:      
[92mINFO [0m:      Received: evaluate message a728d890-c8a6-4ffd-a5d8-0be5b0ac8a8c
[92mINFO [0m:      Sent reply
[92mINFO [0m:      
[92mINFO [0m:      Received: train message 29c5eebe-d1f1-4bf3-8d77-2f5ad3292e4a
[92mINFO [0m:      Sent reply
[92mINFO [0m:      
[92mINFO [0m:      Received: evaluate message e6defc0e-2b87-45f0-95d8-71840588066c
[92mINFO [0m:      Sent reply
[92mINFO [0m:      
[92mINFO [0m:      Received: train message dcf0e7a6-a6c9-409a-9fa1-ef4041e42ef0
[92mINFO [0m:      Sent reply
[92mINFO [0m:      
[92mINFO [0m:      Received: evaluate message 9b5964ad-279f-4941-845e-0c6e267d55cc
[92mINFO [0m:      Sent reply
[92mINFO [0m:      
[92mINFO [0m:      Received: train message 09df10f9-cef6-4e3e-b95b-d63b33f0891c
[92mINFO [0m:      Sent reply
[92mINFO [0m:      
[92mINFO [0m:      Received: evaluate message ed010bbc-f90a-4e55-a039-272db6ccb2a1
[92mINFO [0m:      Sent reply
[92mINFO [0m:      
[92mINFO [0m:      Received: train message 360314ea-d4b2-4969-b63a-0757a2e296ff
[92mINFO [0m:      Sent reply
[92mINFO [0m:      
[92mINFO [0m:      Received: evaluate message 29d753f2-4f82-4c4e-b7f2-9f65e5a79e4b
[92mINFO [0m:      Sent reply
[92mINFO [0m:      
[92mINFO [0m:      Received: train message 6d284c33-c451-4725-aafc-dc48a7581ac7
[92mINFO [0m:      Sent reply
[92mINFO [0m:      
[92mINFO [0m:      Received: evaluate message 88732a82-740b-4d47-9697-7f884de1fbab
[92mINFO [0m:      Sent reply
[92mINFO [0m:      
[92mINFO [0m:      Received: train message ed08c8dd-0920-499a-ae0e-6921260b4ef1
[92mINFO [0m:      Sent reply
[92mINFO [0m:      
[92mINFO [0m:      Received: evaluate message 902cfbf7-51f1-49da-8a5e-21e14597a917
[92mINFO [0m:      Sent reply
[92mINFO [0m:      
[92mINFO [0m:      Received: train message c77e26d9-44f2-4b9a-b48e-8b9f7aca2dd5
[92mINFO [0m:      Sent reply
[92mINFO [0m:      
[92mINFO [0m:      Received: evaluate message 9b74d240-be70-4939-a076-a37a54f74041
[92mINFO [0m:      Sent reply
[92mINFO [0m:      
[92mINFO [0m:      Received: train message b3312d17-8190-4b84-8581-d85daf2b38c7
[92mINFO [0m:      Sent reply
[92mINFO [0m:      
[92mINFO [0m:      Received: evaluate message 6407c74f-5122-42eb-9f8a-0e9921666f17
[92mINFO [0m:      Sent reply
[92mINFO [0m:      
[92mINFO [0m:      Received: train message 058ff84c-ce97-4616-ae3d-d5e0fb8126a8
[92mINFO [0m:      Sent reply
[92mINFO [0m:      
[92mINFO [0m:      Received: evaluate message fc4f9703-9549-4ee3-bdb9-51ccb7257d5e
[92mINFO [0m:      Sent reply
[92mINFO [0m:      
[92mINFO [0m:      Received: train message c291a4a2-2ea6-47d9-aeb4-c1cc45ee2c68
[92mINFO [0m:      Sent reply
[92mINFO [0m:      
[92mINFO [0m:      Received: evaluate message 644ab5e6-3457-4b99-853e-e3ff2d11ed2e
[92mINFO [0m:      Sent reply
[92mINFO [0m:      
[92mINFO [0m:      Received: train message 8130a881-29bb-4564-91ee-46c7f85b96be
[92mINFO [0m:      Sent reply
[92mINFO [0m:      
[92mINFO [0m:      Received: evaluate message 924a71fe-7817-4b2a-aa10-e313f8193ed5
[92mINFO [0m:      Sent reply
[92mINFO [0m:      
[92mINFO [0m:      Received: train message 5a03ade3-8e32-4252-ad74-3e8a4cafef6c
[92mINFO [0m:      Sent reply
[92mINFO [0m:      
[92mINFO [0m:      Received: evaluate message 21f0d74a-910b-4866-b50a-b71255ab47cb
[92mINFO [0m:      Sent reply
[92mINFO [0m:      
[92mINFO [0m:      Received: train message 2f1ae136-1096-4793-87e2-de723114f2b0
[92mINFO [0m:      Sent reply
[92mINFO [0m:      
[92mINFO [0m:      Received: evaluate message 4c3d266f-9d41-4591-8b6a-dce29bc9a07c
[92mINFO [0m:      Sent reply
[92mINFO [0m:      
[92mINFO [0m:      Received: train message ed3ba7ab-ce1b-4856-8154-2cc9b734795e
[92mINFO [0m:      Sent reply
[92mINFO [0m:      
[92mINFO [0m:      Received: evaluate message 3cf3a1f2-efe0-4c84-b069-4e486daa2b95
[92mINFO [0m:      Sent reply
[92mINFO [0m:      
[92mINFO [0m:      Received: train message 3493c468-1b36-4056-a90e-341e28613517
[92mINFO [0m:      Sent reply
[92mINFO [0m:      
[92mINFO [0m:      Received: evaluate message 149d40b9-c06b-4482-b772-d97dbe31425a
[92mINFO [0m:      Sent reply
[92mINFO [0m:      
[92mINFO [0m:      Received: train message 73ec1b1e-4c20-433e-9280-191e2424a7e4
[92mINFO [0m:      Sent reply
[92mINFO [0m:      
[92mINFO [0m:      Received: evaluate message 6345f63f-0cdf-4180-b52b-96d7c74694e3
[92mINFO [0m:      Sent reply
[92mINFO [0m:      
[92mINFO [0m:      Received: train message a40ec852-bfd7-4f0f-aaf5-6c34e7a5db27
[92mINFO [0m:      Sent reply
[92mINFO [0m:      
[92mINFO [0m:      Received: evaluate message 5da7d331-a847-4c17-8dc8-cc252bf7f727
[92mINFO [0m:      Sent reply
[92mINFO [0m:      
[92mINFO [0m:      Received: train message dff8f05b-5e16-49bd-941e-2662f67760c6
[92mINFO [0m:      Sent reply
[92mINFO [0m:      
[92mINFO [0m:      Received: evaluate message 16d134ff-21e1-4399-9b9d-7b2c5976e1d3
[92mINFO [0m:      Sent reply
[92mINFO [0m:      
[92mINFO [0m:      Received: train message b8e95d48-2bfa-454e-bd98-64631e7f5227
[92mINFO [0m:      Sent reply
[92mINFO [0m:      
[92mINFO [0m:      Received: evaluate message 97bb44f3-04a4-4ab0-89ad-f46858cf33f7
[92mINFO [0m:      Sent reply
[92mINFO [0m:      
[92mINFO [0m:      Received: train message 1213d43f-7660-4ab2-9905-4ffc4cebc4a0
[92mINFO [0m:      Sent reply
[92mINFO [0m:      
[92mINFO [0m:      Received: evaluate message 3a77fbe4-325f-48fc-bd03-58d1146069e2
[92mINFO [0m:      Sent reply
[92mINFO [0m:      
[92mINFO [0m:      Received: train message b577df89-a2b5-461e-b73e-7db2b9152ccc
[92mINFO [0m:      Sent reply
[92mINFO [0m:      
[92mINFO [0m:      Received: evaluate message 1cb80ddf-ba77-41c6-8b35-b5ac897c4e3e
[92mINFO [0m:      Sent reply
[92mINFO [0m:      
[92mINFO [0m:      Received: train message 9189b211-ceb5-4f15-8500-6f0cc43a26ed
[92mINFO [0m:      Sent reply
[92mINFO [0m:      
[92mINFO [0m:      Received: evaluate message a9df6049-1462-4d0e-93b6-853eea6f0132
[92mINFO [0m:      Sent reply
[92mINFO [0m:      
[92mINFO [0m:      Received: train message f21c548f-6315-4256-927a-2e27e502dc58
[92mINFO [0m:      Sent reply
[92mINFO [0m:      
[92mINFO [0m:      Received: evaluate message 6c5169a0-1f0d-48a8-8f87-8aace5fe9ecc
[92mINFO [0m:      Sent reply
[92mINFO [0m:      
[92mINFO [0m:      Received: train message 2d283168-1e1c-4b2e-bdf8-7ada2a79ed1e
[92mINFO [0m:      Sent reply
[92mINFO [0m:      
[92mINFO [0m:      Received: evaluate message 2094c9a1-ea00-4a3a-bb35-b2d18c00fb32
[92mINFO [0m:      Sent reply
[92mINFO [0m:      
[92mINFO [0m:      Received: train message b1183270-deb2-4472-9b55-65334bb2d91d
[92mINFO [0m:      Sent reply
[92mINFO [0m:      
[92mINFO [0m:      Received: evaluate message 7f2bfa3a-f949-4860-b317-db53cd685dee
[92mINFO [0m:      Sent reply
[92mINFO [0m:      
[92mINFO [0m:      Received: train message fff5582f-0f2e-48a5-b048-e23dbe26d263
[92mINFO [0m:      Sent reply
[92mINFO [0m:      
[92mINFO [0m:      Received: evaluate message fa1aa565-542e-47d1-bed5-39e4fc840a45
[92mINFO [0m:      Sent reply
[92mINFO [0m:      
[92mINFO [0m:      Received: train message 22df7b95-5c05-475c-b95d-4aab23b0fefe
[92mINFO [0m:      Sent reply
[92mINFO [0m:      
[92mINFO [0m:      Received: evaluate message b409ff3e-cc50-45b9-b72c-460089bb034a
[92mINFO [0m:      Sent reply
[92mINFO [0m:      
[92mINFO [0m:      Received: train message 3f6de8f8-1121-4a6d-bfa0-2ac5a0af2963
[92mINFO [0m:      Sent reply
[92mINFO [0m:      
[92mINFO [0m:      Received: evaluate message 38d96504-2f93-49d3-a6ae-f73d6f051646
[92mINFO [0m:      Sent reply
[92mINFO [0m:      
[92mINFO [0m:      Received: train message eccb213f-2b9a-43e7-bb2f-9f4b30498fd3
[92mINFO [0m:      Sent reply
[92mINFO [0m:      
[92mINFO [0m:      Received: evaluate message 51553d06-a8ae-4944-add7-3387909562fe
[92mINFO [0m:      Sent reply
[92mINFO [0m:      
[92mINFO [0m:      Received: train message 6c4341c9-ba74-47aa-a0e3-cb043a4cc738
[92mINFO [0m:      Sent reply
[92mINFO [0m:      
[92mINFO [0m:      Received: evaluate message be6b0262-40ee-48bd-b62b-f901460cdd2d
[92mINFO [0m:      Sent reply
[92mINFO [0m:      
[92mINFO [0m:      Received: train message faba040f-fd56-4fb0-a0cc-731b65ae0111
[92mINFO [0m:      Sent reply
[92mINFO [0m:      
[92mINFO [0m:      Received: evaluate message 2644bee8-9190-450a-9d90-69a1c3f08ad1
[92mINFO [0m:      Sent reply
[92mINFO [0m:      
[92mINFO [0m:      Received: train message 462bf578-66e1-43de-8bac-7a2a91399bc7
[92mINFO [0m:      Sent reply
[92mINFO [0m:      
[92mINFO [0m:      Received: evaluate message af40473e-f057-4493-b460-e49e48799754
[92mINFO [0m:      Sent reply
[92mINFO [0m:      
[92mINFO [0m:      Received: train message 861a03a6-f083-4341-8604-0c8540d5740c
[92mINFO [0m:      Sent reply
[92mINFO [0m:      
[92mINFO [0m:      Received: evaluate message 0bed255e-bedf-4340-b885-9be141e42595
[92mINFO [0m:      Sent reply
[92mINFO [0m:      
[92mINFO [0m:      Received: train message 0baf81ad-4843-4e40-9f66-0b705d82dda5
[92mINFO [0m:      Sent reply
[92mINFO [0m:      
[92mINFO [0m:      Received: evaluate message 3f93a8de-d86a-4ea3-b176-79cfe136d77d
[92mINFO [0m:      Sent reply
[92mINFO [0m:      
[92mINFO [0m:      Received: train message 38eb2b67-375e-44bb-a09b-7a41ae454922
[92mINFO [0m:      Sent reply
[92mINFO [0m:      
[92mINFO [0m:      Received: evaluate message f1f65ddd-4308-4d9f-a852-5d4c6823acb7
[92mINFO [0m:      Sent reply
[92mINFO [0m:      
[92mINFO [0m:      Received: train message b19b5ee9-ffe0-44ec-a4eb-97cfa426aa46
[92mINFO [0m:      Sent reply
[92mINFO [0m:      
[92mINFO [0m:      Received: evaluate message 3929826d-3103-422f-aac2-6d5539142168
[92mINFO [0m:      Sent reply
[92mINFO [0m:      
[92mINFO [0m:      Received: train message d32086ac-175a-435e-822a-b26317757fd1
[92mINFO [0m:      Sent reply
[92mINFO [0m:      
[92mINFO [0m:      Received: evaluate message d9c1b093-f5ac-4ff0-9240-7b08bf374365
[92mINFO [0m:      Sent reply
[92mINFO [0m:      
[92mINFO [0m:      Received: train message 74a4f1ca-5015-40cf-abdc-17c641c2d774
[92mINFO [0m:      Sent reply
[92mINFO [0m:      
[92mINFO [0m:      Received: evaluate message 12b2b864-bf08-477d-ac0b-694ba07fc8d4
[92mINFO [0m:      Sent reply
[92mINFO [0m:      
[92mINFO [0m:      Received: train message af3c9f87-b9bb-4db9-b607-fb76ab0a5a7c
[92mINFO [0m:      Sent reply
[92mINFO [0m:      
[92mINFO [0m:      Received: evaluate message fd049a31-4172-44c7-9e30-bc15d80c5893
[92mINFO [0m:      Sent reply
[92mINFO [0m:      
[92mINFO [0m:      Received: train message b0917027-64d7-46aa-a723-178760c30cd7
[92mINFO [0m:      Sent reply
[92mINFO [0m:      
[92mINFO [0m:      Received: evaluate message 18536fb5-d588-49f7-a72e-a58cd849a8e1
[92mINFO [0m:      Sent reply
[92mINFO [0m:      
[92mINFO [0m:      Received: reconnect message ed237ab2-9992-4d67-9c58-881be8387779
[92mINFO [0m:      Disconnect and shut down
