[93mWARNING [0m:   DEPRECATED FEATURE: flwr.client.start_client() is deprecated.
	Instead, use the `flower-supernode` CLI command to start a SuperNode as shown below:

		$ flower-supernode --insecure --superlink='<IP>:<PORT>'

	To view all available options, run:

		$ flower-supernode --help

	Using `start_client()` is deprecated.

            This is a deprecated feature. It will be removed
            entirely in future versions of Flower.
        
[92mINFO [0m:      
[92mINFO [0m:      Received: train message 335b1955-6c2e-4b22-9858-7d1cf514e640
[92mINFO [0m:      Sent reply
[92mINFO [0m:      
[92mINFO [0m:      Received: evaluate message 023db479-6033-4be5-a52c-f5ac66832d4e
[92mINFO [0m:      Sent reply
[92mINFO [0m:      
[92mINFO [0m:      Received: train message ec3f9424-55a1-4c79-bee0-56f1c529f073
[92mINFO [0m:      Sent reply
[92mINFO [0m:      
[92mINFO [0m:      Received: evaluate message 5c9bd317-d035-459f-b789-24ae20dbbe29
[92mINFO [0m:      Sent reply
[92mINFO [0m:      
[92mINFO [0m:      Received: train message 48ca4e7a-6d94-4d58-990e-9e129dc37ab0
[92mINFO [0m:      Sent reply
[92mINFO [0m:      
[92mINFO [0m:      Received: evaluate message 767c5706-9a7c-4765-836c-97050f88a2fb
[92mINFO [0m:      Sent reply
[92mINFO [0m:      
[92mINFO [0m:      Received: train message 079cb9ae-e930-4a1e-8327-84f54cf36986
[92mINFO [0m:      Sent reply
[92mINFO [0m:      
[92mINFO [0m:      Received: evaluate message 26cc9442-d479-45d1-8271-2e4983ece83f
[92mINFO [0m:      Sent reply
[92mINFO [0m:      
[92mINFO [0m:      Received: train message 26b4470c-b4df-4e83-b25e-d1a5fc182798
[92mINFO [0m:      Sent reply
[92mINFO [0m:      
[92mINFO [0m:      Received: evaluate message 1f334525-bf57-44ac-9ef0-1274df76a0a9
[92mINFO [0m:      Sent reply
[92mINFO [0m:      
[92mINFO [0m:      Received: train message 80acc958-5789-4c05-97e4-2e391a407269
[92mINFO [0m:      Sent reply
[92mINFO [0m:      
[92mINFO [0m:      Received: evaluate message db88a059-b93b-4a4e-a7c6-d72bb4ec942f
[92mINFO [0m:      Sent reply
[92mINFO [0m:      
[92mINFO [0m:      Received: train message a4d91d5b-0d21-4777-8e0a-a6fe13d4bfe7
[92mINFO [0m:      Sent reply
[92mINFO [0m:      
[92mINFO [0m:      Received: evaluate message 1b4849d5-e169-4980-b815-5785970639f6
[92mINFO [0m:      Sent reply
[92mINFO [0m:      
[92mINFO [0m:      Received: train message 514e92e8-8e92-49b7-ba2e-6322a12c9cb5
[92mINFO [0m:      Sent reply
[92mINFO [0m:      
[92mINFO [0m:      Received: evaluate message 6c1ddb15-f77c-48ce-acdd-02f0ab1f8a73
[92mINFO [0m:      Sent reply
[92mINFO [0m:      
[92mINFO [0m:      Received: train message a916a7cd-96ec-4647-a938-ccbcdc69354e
[92mINFO [0m:      Sent reply
[92mINFO [0m:      
[92mINFO [0m:      Received: evaluate message edcf046b-f580-4599-9d02-b38a933c72e4
[92mINFO [0m:      Sent reply
[92mINFO [0m:      
[92mINFO [0m:      Received: train message 0c8021b4-0516-46ac-9c64-5befe833a014
[92mINFO [0m:      Sent reply
[92mINFO [0m:      
[92mINFO [0m:      Received: evaluate message ef2add23-85ab-4b8f-9d66-f219a4517293
[92mINFO [0m:      Sent reply
[92mINFO [0m:      
[92mINFO [0m:      Received: train message 52138440-7f3c-4e29-a9fc-6ef75d9e9375
[92mINFO [0m:      Sent reply
[92mINFO [0m:      
[92mINFO [0m:      Received: evaluate message 78dd165e-1ce2-48af-82ad-c52af7beb2ec
[92mINFO [0m:      Sent reply
[92mINFO [0m:      
[92mINFO [0m:      Received: train message 8cf2dc9f-a3c5-4aaf-a705-ab0454a58959
[92mINFO [0m:      Sent reply
[92mINFO [0m:      
[92mINFO [0m:      Received: evaluate message 9844739b-0e98-4641-8985-2a8d4f781a63
[92mINFO [0m:      Sent reply
[92mINFO [0m:      
[92mINFO [0m:      Received: train message a40c7f7a-7e06-4ad4-a229-478cb67e2386
[92mINFO [0m:      Sent reply
[92mINFO [0m:      
[92mINFO [0m:      Received: evaluate message de119cec-cf2b-463f-a112-18abcc82fd03
[92mINFO [0m:      Sent reply
[92mINFO [0m:      
[92mINFO [0m:      Received: train message 8c2dfaf1-4194-45c8-a040-2ec0744f4fa3
[92mINFO [0m:      Sent reply
[92mINFO [0m:      
[92mINFO [0m:      Received: evaluate message 1b267eea-c2b4-4b2c-b1ea-118f99ed2e8e
[92mINFO [0m:      Sent reply
[92mINFO [0m:      
[92mINFO [0m:      Received: train message a200abce-d878-4973-9597-095c1a36e203
[92mINFO [0m:      Sent reply
[92mINFO [0m:      
[92mINFO [0m:      Received: evaluate message 68bc9321-586b-4991-9a62-317aef6c6a3e
[92mINFO [0m:      Sent reply
[92mINFO [0m:      
[92mINFO [0m:      Received: train message 6d032f20-3fc3-4644-940a-53a403e990c1
[92mINFO [0m:      Sent reply
[92mINFO [0m:      
[92mINFO [0m:      Received: evaluate message e86787fc-3deb-4a62-ba82-f4bb1093dc2e
[92mINFO [0m:      Sent reply
[92mINFO [0m:      
[92mINFO [0m:      Received: train message a939a5b7-db95-436d-bb59-3d94a51d58d9
[92mINFO [0m:      Sent reply
[92mINFO [0m:      
[92mINFO [0m:      Received: evaluate message 3068c0cc-4ac4-42d1-8d50-31f84c0e9825
[92mINFO [0m:      Sent reply
[92mINFO [0m:      
[92mINFO [0m:      Received: train message bbca15b5-7b88-4e20-9ed8-450a13b9ecbe
[92mINFO [0m:      Sent reply
[92mINFO [0m:      
[92mINFO [0m:      Received: evaluate message 6b295b82-3673-4dbe-840c-57ec3d224cc4
[92mINFO [0m:      Sent reply
[92mINFO [0m:      
[92mINFO [0m:      Received: train message 810b63e5-bbf8-4075-99df-f397d0845e09
[92mINFO [0m:      Sent reply
[92mINFO [0m:      
[92mINFO [0m:      Received: evaluate message d29d742b-2b67-41e7-b458-7e55f72a1b15
[92mINFO [0m:      Sent reply
[92mINFO [0m:      
[92mINFO [0m:      Received: train message d7e1ea74-d2d1-4df2-936f-a3457889e27d
[92mINFO [0m:      Sent reply
[92mINFO [0m:      
[92mINFO [0m:      Received: evaluate message 1c9dcfb8-059c-45db-ac46-a25a8f6e82e4
[92mINFO [0m:      Sent reply
[92mINFO [0m:      
[92mINFO [0m:      Received: train message 2165361f-9810-469d-a63d-39903b214e99
[92mINFO [0m:      Sent reply
[92mINFO [0m:      
[92mINFO [0m:      Received: evaluate message f7cf2759-fc3e-4815-ad08-0b846daf9fde
[92mINFO [0m:      Sent reply
[92mINFO [0m:      
[92mINFO [0m:      Received: train message f6733901-cd4b-4b15-a053-96457c42b07d
[92mINFO [0m:      Sent reply
[92mINFO [0m:      
[92mINFO [0m:      Received: evaluate message a52074e6-ef33-4840-88cf-d4f7df00c7ea
[92mINFO [0m:      Sent reply
[92mINFO [0m:      
[92mINFO [0m:      Received: train message 7d87b13b-e5a0-49b2-8f7b-7b5f417ab948
[92mINFO [0m:      Sent reply
[92mINFO [0m:      
[92mINFO [0m:      Received: evaluate message d55cf77a-f361-4d56-9862-39d2f7198d3a
[92mINFO [0m:      Sent reply
[92mINFO [0m:      
[92mINFO [0m:      Received: train message fdcbe87e-0dfa-45f3-ad39-b3963ece82ba
[92mINFO [0m:      Sent reply
[92mINFO [0m:      
[92mINFO [0m:      Received: evaluate message c715c6ef-98ce-4bb6-8cd3-f18420b858fe
[92mINFO [0m:      Sent reply
[92mINFO [0m:      
[92mINFO [0m:      Received: train message 97a0a7e9-4d2f-4c97-a6c1-7fbdd6f7d923
[92mINFO [0m:      Sent reply
[92mINFO [0m:      
[92mINFO [0m:      Received: evaluate message 4d58941b-452a-4d2c-a30a-d8d0ca734a39
[92mINFO [0m:      Sent reply
[92mINFO [0m:      
[92mINFO [0m:      Received: train message a7043d51-d638-4867-a1f3-436846ad85d0
[92mINFO [0m:      Sent reply
[92mINFO [0m:      
[92mINFO [0m:      Received: evaluate message b55b06e7-93c6-4be8-8f4c-79feb603e79c
[92mINFO [0m:      Sent reply
[92mINFO [0m:      
[92mINFO [0m:      Received: train message 3d009fc9-cd03-4e04-af9e-db7d4172615d
[92mINFO [0m:      Sent reply
[92mINFO [0m:      
[92mINFO [0m:      Received: evaluate message e0323cb7-4360-43ff-95ca-3028f2f75e7a
[92mINFO [0m:      Sent reply
[92mINFO [0m:      
[92mINFO [0m:      Received: train message a55d45e9-8103-45b8-8c1f-d3974c215acf
[92mINFO [0m:      Sent reply
[92mINFO [0m:      
[92mINFO [0m:      Received: evaluate message 5b96dcd9-cb08-46fe-a8df-f57d712078c6
[92mINFO [0m:      Sent reply
[92mINFO [0m:      
[92mINFO [0m:      Received: train message 5c3d3d1b-5f34-4f13-a318-b3f980deac05
[92mINFO [0m:      Sent reply
[92mINFO [0m:      
[92mINFO [0m:      Received: evaluate message abfde6a6-58f1-48d9-9a28-78e712c01562
[92mINFO [0m:      Sent reply
[92mINFO [0m:      
[92mINFO [0m:      Received: train message c18c3fa6-67a5-4ee3-b666-c5063337b6a1
[92mINFO [0m:      Sent reply
[92mINFO [0m:      
[92mINFO [0m:      Received: evaluate message 295f8da7-8d04-4247-b41e-51c0b8f90474
[92mINFO [0m:      Sent reply
[92mINFO [0m:      
[92mINFO [0m:      Received: train message caae3aa8-be78-40d9-b0f2-d1e2f95959e6
[92mINFO [0m:      Sent reply
[92mINFO [0m:      
[92mINFO [0m:      Received: evaluate message c855f64f-35dd-4d22-a497-df6311dc392c
[92mINFO [0m:      Sent reply
[92mINFO [0m:      
[92mINFO [0m:      Received: train message d9117945-0cd2-4783-a0b5-6cd3988d1c22
[92mINFO [0m:      Sent reply
[92mINFO [0m:      
[92mINFO [0m:      Received: evaluate message ff20d65a-485c-4dba-bb39-a51444e4c655
[92mINFO [0m:      Sent reply
[92mINFO [0m:      
[92mINFO [0m:      Received: train message 59d6ee10-0f7c-4b7a-bad4-0653b74f5688
[92mINFO [0m:      Sent reply
[92mINFO [0m:      
[92mINFO [0m:      Received: evaluate message a6e11d95-6846-4f0e-bfc7-88d4e9bc0ad9
[92mINFO [0m:      Sent reply
[92mINFO [0m:      
[92mINFO [0m:      Received: train message 2a008d36-2f51-477c-8bb2-f4fa998b9862
[92mINFO [0m:      Sent reply
[92mINFO [0m:      
[92mINFO [0m:      Received: evaluate message e68b93ae-751e-41fe-8391-fd8987a0e5fa
[92mINFO [0m:      Sent reply
[92mINFO [0m:      
[92mINFO [0m:      Received: train message 657c6ed1-50de-4d98-9e4d-0a3374274664
[92mINFO [0m:      Sent reply
[92mINFO [0m:      
[92mINFO [0m:      Received: evaluate message 74ced308-7bd8-4213-a308-6686b0e3d0fd
[92mINFO [0m:      Sent reply
[92mINFO [0m:      
[92mINFO [0m:      Received: train message e33ae5f4-2ec0-4c6a-b540-cea5edb3a07d
[92mINFO [0m:      Sent reply
[92mINFO [0m:      
[92mINFO [0m:      Received: evaluate message e82c311e-e25c-4913-a019-843b9f415183
[92mINFO [0m:      Sent reply
[92mINFO [0m:      
[92mINFO [0m:      Received: train message e76a5b6a-188a-4e5b-9b3c-ba2cd923464f
[92mINFO [0m:      Sent reply
[92mINFO [0m:      
[92mINFO [0m:      Received: evaluate message 9d0a5388-15b4-4c1e-a028-85d58510a21b
[92mINFO [0m:      Sent reply
[92mINFO [0m:      
[92mINFO [0m:      Received: train message e30e2616-7d99-49f0-94d0-d0ac580367df
[92mINFO [0m:      Sent reply
[92mINFO [0m:      
[92mINFO [0m:      Received: evaluate message 85b2ee77-6586-4881-a29a-b512cb65e0ab
[92mINFO [0m:      Sent reply
[92mINFO [0m:      
[92mINFO [0m:      Received: train message 5fcc2ab4-9c01-410b-a61e-a73e47e32751
[92mINFO [0m:      Sent reply
[92mINFO [0m:      
[92mINFO [0m:      Received: evaluate message 602d79cd-28ff-4048-934c-09ea3b77f87d
[92mINFO [0m:      Sent reply
[92mINFO [0m:      
[92mINFO [0m:      Received: train message 5cf0688c-7953-41bc-b774-3411bcaa51d5
[92mINFO [0m:      Sent reply
[92mINFO [0m:      
[92mINFO [0m:      Received: evaluate message 93cd8ea2-b3ac-4b1e-a652-4dc0fed8d2c3
[92mINFO [0m:      Sent reply
[92mINFO [0m:      
[92mINFO [0m:      Received: train message 5d8a602e-34ce-4709-9f54-db04811a8956
[92mINFO [0m:      Sent reply
[92mINFO [0m:      
[92mINFO [0m:      Received: evaluate message f121249e-6a2e-47dd-b660-9062593bc786
[92mINFO [0m:      Sent reply
[92mINFO [0m:      
[92mINFO [0m:      Received: train message 36ef5750-7dac-492e-9e36-2a9741517fbc
[92mINFO [0m:      Sent reply
[92mINFO [0m:      
[92mINFO [0m:      Received: evaluate message ecdfb25e-a29b-4fbe-9bf2-0ff4777b3f63
[92mINFO [0m:      Sent reply
[92mINFO [0m:      
[92mINFO [0m:      Received: train message ac7139fa-e566-459a-b6e5-9c6cd5bd8981
[92mINFO [0m:      Sent reply
[92mINFO [0m:      
[92mINFO [0m:      Received: evaluate message 7136eeb1-5597-4b65-a460-3d85c298d7c8
[92mINFO [0m:      Sent reply
[92mINFO [0m:      
[92mINFO [0m:      Received: train message e585c869-c6d3-45fd-8b41-79f71c8433c2
[92mINFO [0m:      Sent reply
[92mINFO [0m:      
[92mINFO [0m:      Received: evaluate message 296ca7ab-d8f6-4f08-82f7-b15c4450272a
[92mINFO [0m:      Sent reply
[92mINFO [0m:      
[92mINFO [0m:      Received: train message e5a1cabe-2547-434f-86b0-caf0b0ee8c4d
[92mINFO [0m:      Sent reply
[92mINFO [0m:      
[92mINFO [0m:      Received: evaluate message 81521238-d2ac-46b0-a209-3477d0469db6
[92mINFO [0m:      Sent reply
[92mINFO [0m:      
[92mINFO [0m:      Received: train message 2ea2c1bd-e42c-4483-acf2-cf936c72aeac
[92mINFO [0m:      Sent reply
[92mINFO [0m:      
[92mINFO [0m:      Received: evaluate message 181aa697-b1ea-4bd9-86dc-9c8756023308
[92mINFO [0m:      Sent reply
[92mINFO [0m:      
[92mINFO [0m:      Received: train message cd0e9973-13da-4db6-9782-03f6fcced37b
[92mINFO [0m:      Sent reply
[92mINFO [0m:      
[92mINFO [0m:      Received: evaluate message de300728-a36e-4e73-8b58-88d37dd44a35
[92mINFO [0m:      Sent reply
[92mINFO [0m:      
[92mINFO [0m:      Received: train message 166def22-2655-4aa3-b2e0-f0c38d0c0d36
[92mINFO [0m:      Sent reply
[92mINFO [0m:      
[92mINFO [0m:      Received: evaluate message b98f2865-6c36-43e9-8230-0db3ae73ce17
[92mINFO [0m:      Sent reply
[92mINFO [0m:      
[92mINFO [0m:      Received: train message 0ace036f-f792-4fc2-803b-6868f8613adc
[92mINFO [0m:      Sent reply
[92mINFO [0m:      
[92mINFO [0m:      Received: evaluate message 2c4bc6a7-5b07-4afb-93a9-78919e1415b8
[92mINFO [0m:      Sent reply
[92mINFO [0m:      
[92mINFO [0m:      Received: train message 94f2e382-d2d3-4875-8975-3731c2ed3ba5
[92mINFO [0m:      Sent reply
[92mINFO [0m:      
[92mINFO [0m:      Received: evaluate message 416d6f00-65eb-426d-a602-99bcefc5d993
[92mINFO [0m:      Sent reply
[92mINFO [0m:      
[92mINFO [0m:      Received: reconnect message ba93c793-31d9-4b4e-845d-3c6e2dafa7b7
[92mINFO [0m:      Disconnect and shut down
