[93mWARNING [0m:   DEPRECATED FEATURE: flwr.client.start_client() is deprecated.
	Instead, use the `flower-supernode` CLI command to start a SuperNode as shown below:

		$ flower-supernode --insecure --superlink='<IP>:<PORT>'

	To view all available options, run:

		$ flower-supernode --help

	Using `start_client()` is deprecated.

            This is a deprecated feature. It will be removed
            entirely in future versions of Flower.
        
[92mINFO [0m:      
[92mINFO [0m:      Received: train message 611c71f4-adf2-4ba7-a845-69b1ede45daf
[92mINFO [0m:      Sent reply
[92mINFO [0m:      
[92mINFO [0m:      Received: evaluate message d3f40ce0-0eb5-4f13-8ed6-34ad9a5a17bf
[92mINFO [0m:      Sent reply
[92mINFO [0m:      
[92mINFO [0m:      Received: train message 077ceb54-9be3-48c0-8492-dd4f2706499b
[92mINFO [0m:      Sent reply
[92mINFO [0m:      
[92mINFO [0m:      Received: evaluate message 4c9af7a1-4b0b-4cee-be32-61bf3fabc87e
[92mINFO [0m:      Sent reply
[92mINFO [0m:      
[92mINFO [0m:      Received: train message a0b858cc-e987-46ee-89a3-ef1bd6b6d2b8
[92mINFO [0m:      Sent reply
[92mINFO [0m:      
[92mINFO [0m:      Received: evaluate message 6e3d8f53-f820-4350-a8e8-0cc85541cdaf
[92mINFO [0m:      Sent reply
[92mINFO [0m:      
[92mINFO [0m:      Received: train message 4d64361b-9ca9-405e-bca2-68134a98e69e
[92mINFO [0m:      Sent reply
[92mINFO [0m:      
[92mINFO [0m:      Received: evaluate message 2231c4c0-5366-420c-b0ed-2a41ea50331b
[92mINFO [0m:      Sent reply
[92mINFO [0m:      
[92mINFO [0m:      Received: train message 69252819-7563-4864-b8e1-9f985abd86e0
[92mINFO [0m:      Sent reply
[92mINFO [0m:      
[92mINFO [0m:      Received: evaluate message ebdbda82-8928-4a7f-b533-ed7663c3d990
[92mINFO [0m:      Sent reply
[92mINFO [0m:      
[92mINFO [0m:      Received: train message cd5a4784-8e20-470f-8b9e-403e95c05551
[92mINFO [0m:      Sent reply
[92mINFO [0m:      
[92mINFO [0m:      Received: evaluate message b99511f5-6c47-4bd9-833b-0b54c487da6d
[92mINFO [0m:      Sent reply
[92mINFO [0m:      
[92mINFO [0m:      Received: train message 716371ca-89ca-442c-954c-f47aa0e2d14e
[92mINFO [0m:      Sent reply
[92mINFO [0m:      
[92mINFO [0m:      Received: evaluate message 3ed5f2af-a46a-4b6d-ac56-0a1554ffede7
[92mINFO [0m:      Sent reply
[92mINFO [0m:      
[92mINFO [0m:      Received: train message 8ee714f3-f6f6-4248-9249-a9e9a18a6bdc
[92mINFO [0m:      Sent reply
[92mINFO [0m:      
[92mINFO [0m:      Received: evaluate message 2ddf5475-963b-4953-96f9-eceb1f73fe91
[92mINFO [0m:      Sent reply
[92mINFO [0m:      
[92mINFO [0m:      Received: train message 100b2f1a-67c4-4713-8066-d9236af0c85f
[92mINFO [0m:      Sent reply
[92mINFO [0m:      
[92mINFO [0m:      Received: evaluate message b67f7307-9e65-4485-b72b-342698a92697
[92mINFO [0m:      Sent reply
[92mINFO [0m:      
[92mINFO [0m:      Received: train message 05cbcef2-3520-4252-a7ea-ccb0d3fb2df5
[92mINFO [0m:      Sent reply
[92mINFO [0m:      
[92mINFO [0m:      Received: evaluate message a5fa2728-379c-41fb-bcde-93e513adc7bd
[92mINFO [0m:      Sent reply
[92mINFO [0m:      
[92mINFO [0m:      Received: train message 152eab01-cc85-434b-a79a-2eafa2fb7979
[92mINFO [0m:      Sent reply
[92mINFO [0m:      
[92mINFO [0m:      Received: evaluate message 310eccdc-3a84-465b-99d6-32ecaff9a31f
[92mINFO [0m:      Sent reply
[92mINFO [0m:      
[92mINFO [0m:      Received: train message 8bcdcf41-42bd-4a8a-9608-d5af43443588
[92mINFO [0m:      Sent reply
[92mINFO [0m:      
[92mINFO [0m:      Received: evaluate message f8b6304a-59fd-4db4-bc5b-207970724cf7
[92mINFO [0m:      Sent reply
[92mINFO [0m:      
[92mINFO [0m:      Received: train message 4ae14e13-2385-475e-98b7-384bc687e080
[92mINFO [0m:      Sent reply
[92mINFO [0m:      
[92mINFO [0m:      Received: evaluate message f234ff9d-7c6b-419f-9fd1-cfd97afe8dd9
[92mINFO [0m:      Sent reply
[92mINFO [0m:      
[92mINFO [0m:      Received: train message ea564d76-623e-49e1-a496-b90dda552f0f
[92mINFO [0m:      Sent reply
[92mINFO [0m:      
[92mINFO [0m:      Received: evaluate message dd51b084-e790-4dfe-b26a-741b378c6d1b
[92mINFO [0m:      Sent reply
[92mINFO [0m:      
[92mINFO [0m:      Received: train message d5963738-043f-4b22-b738-5949c07fd307
[92mINFO [0m:      Sent reply
[92mINFO [0m:      
[92mINFO [0m:      Received: evaluate message eb0ed647-73c6-4a46-980d-b47096930d81
[92mINFO [0m:      Sent reply
[92mINFO [0m:      
[92mINFO [0m:      Received: train message 0c9146ca-402f-4719-9c83-15a2c6b060cb
[92mINFO [0m:      Sent reply
[92mINFO [0m:      
[92mINFO [0m:      Received: evaluate message 5fed2ab3-bbbd-492d-82d5-ea62ec1cf53b
[92mINFO [0m:      Sent reply
[92mINFO [0m:      
[92mINFO [0m:      Received: train message 9b3d2945-2bbd-4068-8d7d-6ee6030b3db8
[92mINFO [0m:      Sent reply
[92mINFO [0m:      
[92mINFO [0m:      Received: evaluate message 777a43c6-2674-47d2-a591-efc36e808851
[92mINFO [0m:      Sent reply
[92mINFO [0m:      
[92mINFO [0m:      Received: train message 6ed87811-9b8c-4e3f-a65b-7c81326e1571
[92mINFO [0m:      Sent reply
[92mINFO [0m:      
[92mINFO [0m:      Received: evaluate message 92743dad-ac38-4b25-a4eb-d464feec31ac
[92mINFO [0m:      Sent reply
[92mINFO [0m:      
[92mINFO [0m:      Received: train message 58f28288-e7d3-4c39-b01a-86691b21882a
[92mINFO [0m:      Sent reply
[92mINFO [0m:      
[92mINFO [0m:      Received: evaluate message 1a36a1cc-6a27-4821-8c15-4d05e85609ad
[92mINFO [0m:      Sent reply
[92mINFO [0m:      
[92mINFO [0m:      Received: train message dbb8960f-419c-4f37-a1b4-809071fd98e1
[92mINFO [0m:      Sent reply
[92mINFO [0m:      
[92mINFO [0m:      Received: evaluate message c42470f4-f561-4a0f-a0dc-6f552fa18ac5
[92mINFO [0m:      Sent reply
[92mINFO [0m:      
[92mINFO [0m:      Received: train message c239ec13-1a5e-4bea-954d-dbdde322a20e
[92mINFO [0m:      Sent reply
[92mINFO [0m:      
[92mINFO [0m:      Received: evaluate message 8ae5894b-163e-4218-b435-02e9809f89b3
[92mINFO [0m:      Sent reply
[92mINFO [0m:      
[92mINFO [0m:      Received: train message 426638d6-e2c3-4018-bfdf-107be1ade144
[92mINFO [0m:      Sent reply
[92mINFO [0m:      
[92mINFO [0m:      Received: evaluate message 76732314-a472-4a61-9698-ffa0e8372c40
[92mINFO [0m:      Sent reply
[92mINFO [0m:      
[92mINFO [0m:      Received: train message 8b2e0458-63e1-4fbf-8236-8975f22e410e
[92mINFO [0m:      Sent reply
[92mINFO [0m:      
[92mINFO [0m:      Received: evaluate message 42237b95-3f0d-4189-86d6-1ccd457696e2
[92mINFO [0m:      Sent reply
[92mINFO [0m:      
[92mINFO [0m:      Received: train message d55739dd-2017-447e-a9ba-c204a9ce12ad
[92mINFO [0m:      Sent reply
[92mINFO [0m:      
[92mINFO [0m:      Received: evaluate message 55bdb048-480c-4e78-a6d2-7aee940cbeba
[92mINFO [0m:      Sent reply
[92mINFO [0m:      
[92mINFO [0m:      Received: train message a3e0a40c-f7eb-4612-9667-d70e1a1e0dd1
[92mINFO [0m:      Sent reply
[92mINFO [0m:      
[92mINFO [0m:      Received: evaluate message 352c759e-385b-4e0e-bef6-46325e5344fb
[92mINFO [0m:      Sent reply
[92mINFO [0m:      
[92mINFO [0m:      Received: train message 6182bac0-aea3-4165-b523-ceb3dafb2a05
[92mINFO [0m:      Sent reply
[92mINFO [0m:      
[92mINFO [0m:      Received: evaluate message 6a274bb2-2bf4-41d9-a2a7-8dac1bedfe20
[92mINFO [0m:      Sent reply
[92mINFO [0m:      
[92mINFO [0m:      Received: train message b7846646-5dde-4ff2-b01e-db876aa60f59
[92mINFO [0m:      Sent reply
[92mINFO [0m:      
[92mINFO [0m:      Received: evaluate message 86582713-61a8-464c-bd49-1aee0958bb62
[92mINFO [0m:      Sent reply
[92mINFO [0m:      
[92mINFO [0m:      Received: train message 1114a4de-e0a1-43be-8f1f-b49d92f89100
[92mINFO [0m:      Sent reply
[92mINFO [0m:      
[92mINFO [0m:      Received: evaluate message 51e3c984-64b9-473e-a2b4-1984edd99766
[92mINFO [0m:      Sent reply
[92mINFO [0m:      
[92mINFO [0m:      Received: train message c6cb4f36-3eec-4cdc-862d-68b42773285e
[92mINFO [0m:      Sent reply
[92mINFO [0m:      
[92mINFO [0m:      Received: evaluate message 297d9bc6-13ca-4e95-ba36-ad9c2f009c34
[92mINFO [0m:      Sent reply
[92mINFO [0m:      
[92mINFO [0m:      Received: train message a2b4dded-39fa-42bc-89c2-c65ed402d4a2
[92mINFO [0m:      Sent reply
[92mINFO [0m:      
[92mINFO [0m:      Received: evaluate message 3972c2e4-a3cc-4cd4-8713-d21128f51480
[92mINFO [0m:      Sent reply
[92mINFO [0m:      
[92mINFO [0m:      Received: train message 6a85f16c-c1a1-4d28-98ec-4aa7b45881e3
[92mINFO [0m:      Sent reply
[92mINFO [0m:      
[92mINFO [0m:      Received: evaluate message 1b6bb687-f390-47dc-8f62-8545db49129e
[92mINFO [0m:      Sent reply
[92mINFO [0m:      
[92mINFO [0m:      Received: train message 36fbd930-3bd7-4b39-915b-c80be7d86552
[92mINFO [0m:      Sent reply
[92mINFO [0m:      
[92mINFO [0m:      Received: evaluate message 4eae9dc2-3cf8-4ab4-b051-59e002aa3006
[92mINFO [0m:      Sent reply
[92mINFO [0m:      
[92mINFO [0m:      Received: train message d82cee50-4941-474e-bee5-e6a0279d0d9d
[92mINFO [0m:      Sent reply
[92mINFO [0m:      
[92mINFO [0m:      Received: evaluate message 3db58392-46cf-4920-a27f-93c48855e88b
[92mINFO [0m:      Sent reply
[92mINFO [0m:      
[92mINFO [0m:      Received: train message b8a3ec50-1b91-432b-9eec-727f8bbf35b8
[92mINFO [0m:      Sent reply
[92mINFO [0m:      
[92mINFO [0m:      Received: evaluate message aefb7f34-4d0a-4364-aa69-c470568d5064
[92mINFO [0m:      Sent reply
[92mINFO [0m:      
[92mINFO [0m:      Received: train message d22ee44b-439b-48ab-9ee8-fa0c1a1bc6e1
[92mINFO [0m:      Sent reply
[92mINFO [0m:      
[92mINFO [0m:      Received: evaluate message 6aa8307e-fcf0-4bd6-baf2-f7fb940a337d
[92mINFO [0m:      Sent reply
[92mINFO [0m:      
[92mINFO [0m:      Received: train message 9b4f262a-3123-439f-8690-7fcec9ea4c97
[92mINFO [0m:      Sent reply
[92mINFO [0m:      
[92mINFO [0m:      Received: evaluate message 65dbdb97-f054-46c1-a703-d043b8833393
[92mINFO [0m:      Sent reply
[92mINFO [0m:      
[92mINFO [0m:      Received: train message 7414ab3f-01be-44f2-a8d2-e410b0919ef0
[92mINFO [0m:      Sent reply
[92mINFO [0m:      
[92mINFO [0m:      Received: evaluate message 39e9e466-248e-472e-b455-38ba76023306
[92mINFO [0m:      Sent reply
[92mINFO [0m:      
[92mINFO [0m:      Received: train message 1db9d4dd-e990-422d-851a-dec2c998e020
[92mINFO [0m:      Sent reply
[92mINFO [0m:      
[92mINFO [0m:      Received: evaluate message f422d2db-22f3-4121-8c16-a621164fb4ff
[92mINFO [0m:      Sent reply
[92mINFO [0m:      
[92mINFO [0m:      Received: train message abc5b355-16ec-4b28-b825-44a7fc9e7931
[92mINFO [0m:      Sent reply
[92mINFO [0m:      
[92mINFO [0m:      Received: evaluate message 4c66c86d-61ee-4f8c-9c30-89d159e88181
[92mINFO [0m:      Sent reply
[92mINFO [0m:      
[92mINFO [0m:      Received: train message 1bd80841-f6c4-4de0-be08-c7ad47866b4d
[92mINFO [0m:      Sent reply
[92mINFO [0m:      
[92mINFO [0m:      Received: evaluate message 17dd2b44-befc-4da6-8f17-3e61671574bc
[92mINFO [0m:      Sent reply
[92mINFO [0m:      
[92mINFO [0m:      Received: train message ba9736f3-26cb-4e7f-b4a8-10932aa3a178
[92mINFO [0m:      Sent reply
[92mINFO [0m:      
[92mINFO [0m:      Received: evaluate message ca732e48-e979-4aba-bbc1-806dd8fe007a
[92mINFO [0m:      Sent reply
[92mINFO [0m:      
[92mINFO [0m:      Received: train message 14b37e8c-2300-4948-b422-fc887838e12b
[92mINFO [0m:      Sent reply
[92mINFO [0m:      
[92mINFO [0m:      Received: evaluate message 8f801b20-3247-4082-8836-c8b5f201926d
[92mINFO [0m:      Sent reply
[92mINFO [0m:      
[92mINFO [0m:      Received: train message 9a3d4166-dcbc-4b27-b951-359e852be552
[92mINFO [0m:      Sent reply
[92mINFO [0m:      
[92mINFO [0m:      Received: evaluate message 0113b01b-6e65-44b0-8dea-21e15c82d056
[92mINFO [0m:      Sent reply
[92mINFO [0m:      
[92mINFO [0m:      Received: train message 1895a822-7ef3-42f2-b47a-6f0179016281
[92mINFO [0m:      Sent reply
[92mINFO [0m:      
[92mINFO [0m:      Received: evaluate message 185ddcfd-d8ab-49f9-b6ab-a098d96c4cc3
[92mINFO [0m:      Sent reply
[92mINFO [0m:      
[92mINFO [0m:      Received: train message 026e24ec-ef6c-421c-96e1-a25a1038d3f6
[92mINFO [0m:      Sent reply
[92mINFO [0m:      
[92mINFO [0m:      Received: evaluate message 1dd1ac15-c493-4c59-8e00-330779d0d57a
[92mINFO [0m:      Sent reply
[92mINFO [0m:      
[92mINFO [0m:      Received: train message 4baf232f-fb95-46af-86c4-626a3a6c5c3f
[92mINFO [0m:      Sent reply
[92mINFO [0m:      
[92mINFO [0m:      Received: evaluate message 36d02b5a-267c-40f6-a4ca-c308b6b63d84
[92mINFO [0m:      Sent reply
[92mINFO [0m:      
[92mINFO [0m:      Received: train message f0d12240-8899-4e2e-bd09-99df7a113d6d
[92mINFO [0m:      Sent reply
[92mINFO [0m:      
[92mINFO [0m:      Received: evaluate message b8e284f4-e6a0-41cf-b0c7-1b47b11093fc
[92mINFO [0m:      Sent reply
[92mINFO [0m:      
[92mINFO [0m:      Received: train message b5c14461-2e42-4b54-b819-090410bce067
[92mINFO [0m:      Sent reply
[92mINFO [0m:      
[92mINFO [0m:      Received: evaluate message a0857a83-fb30-4e85-89e9-09f1523d1828
[92mINFO [0m:      Sent reply
[92mINFO [0m:      
[92mINFO [0m:      Received: train message 16247c80-dded-44ca-8daf-b1ed27cfadd2
[92mINFO [0m:      Sent reply
[92mINFO [0m:      
[92mINFO [0m:      Received: evaluate message d5375e06-82b7-4f4d-b85f-f940bcea7c9f
[92mINFO [0m:      Sent reply
[92mINFO [0m:      
[92mINFO [0m:      Received: train message d52c8916-c852-4589-a18f-2b77545f1e39
[92mINFO [0m:      Sent reply
[92mINFO [0m:      
[92mINFO [0m:      Received: evaluate message d4b56387-bd15-47f7-85e0-7abeff9bfa8c
[92mINFO [0m:      Sent reply
[92mINFO [0m:      
[92mINFO [0m:      Received: reconnect message f2b97c22-de8a-4651-b2c7-2b857231920f
[92mINFO [0m:      Disconnect and shut down
