[93mWARNING [0m:   DEPRECATED FEATURE: flwr.client.start_client() is deprecated.
	Instead, use the `flower-supernode` CLI command to start a SuperNode as shown below:

		$ flower-supernode --insecure --superlink='<IP>:<PORT>'

	To view all available options, run:

		$ flower-supernode --help

	Using `start_client()` is deprecated.

            This is a deprecated feature. It will be removed
            entirely in future versions of Flower.
        
[92mINFO [0m:      
[92mINFO [0m:      Received: train message 8061dd7d-22e0-4cae-a561-346f1763b211
[92mINFO [0m:      Sent reply
[92mINFO [0m:      
[92mINFO [0m:      Received: evaluate message dde85fef-60ae-4808-83e2-65f609e20ca3
[92mINFO [0m:      Sent reply
[92mINFO [0m:      
[92mINFO [0m:      Received: train message add3ed67-b940-4cb6-a40b-3500d51b594a
[92mINFO [0m:      Sent reply
[92mINFO [0m:      
[92mINFO [0m:      Received: evaluate message 79279b1e-34b5-4824-83f9-86b9814288d1
[92mINFO [0m:      Sent reply
[92mINFO [0m:      
[92mINFO [0m:      Received: train message 6f62000a-81ad-4697-957a-bcffde437f01
[92mINFO [0m:      Sent reply
[92mINFO [0m:      
[92mINFO [0m:      Received: evaluate message c0ea6ef3-d77e-4643-ba2c-2406702ac4e3
[92mINFO [0m:      Sent reply
[92mINFO [0m:      
[92mINFO [0m:      Received: train message a68886ef-1d36-476a-b031-32f703d5ffa7
[92mINFO [0m:      Sent reply
[92mINFO [0m:      
[92mINFO [0m:      Received: evaluate message 9a91be0a-2fd5-4379-8120-c4219ec98f16
[92mINFO [0m:      Sent reply
[92mINFO [0m:      
[92mINFO [0m:      Received: train message f9e25afa-bb2b-4c1e-ac48-7b7c7a9028a9
[92mINFO [0m:      Sent reply
[92mINFO [0m:      
[92mINFO [0m:      Received: evaluate message 5db90111-8da1-4779-845c-cbd8e85debe0
[92mINFO [0m:      Sent reply
[92mINFO [0m:      
[92mINFO [0m:      Received: train message 2f600647-ccc4-4150-b8c1-59046cfc2352
[92mINFO [0m:      Sent reply
[92mINFO [0m:      
[92mINFO [0m:      Received: evaluate message 7d99b97f-9aa0-4de0-b558-cbf5d541a769
[92mINFO [0m:      Sent reply
[92mINFO [0m:      
[92mINFO [0m:      Received: train message fda13910-afec-41cb-8307-8e8cbe3927f4
[92mINFO [0m:      Sent reply
[92mINFO [0m:      
[92mINFO [0m:      Received: evaluate message fe695db6-0d6d-447e-9c7b-2c4975f6124a
[92mINFO [0m:      Sent reply
[92mINFO [0m:      
[92mINFO [0m:      Received: train message f850675d-6f48-49ed-968b-26099749bad8
[92mINFO [0m:      Sent reply
[92mINFO [0m:      
[92mINFO [0m:      Received: evaluate message b319a4ff-1d8b-4397-9eb3-f9a42aff5365
[92mINFO [0m:      Sent reply
[92mINFO [0m:      
[92mINFO [0m:      Received: train message 8e97173f-60b1-40fb-b5fb-8aa34449394f
[92mINFO [0m:      Sent reply
[92mINFO [0m:      
[92mINFO [0m:      Received: evaluate message 3e204a6d-feb7-44b9-8c68-857942454eea
[92mINFO [0m:      Sent reply
[92mINFO [0m:      
[92mINFO [0m:      Received: train message 8560642b-a654-471b-a784-c5d29c19b697
[92mINFO [0m:      Sent reply
[92mINFO [0m:      
[92mINFO [0m:      Received: evaluate message 1e0fe0c7-489e-479d-b25d-ecf31a830c66
[92mINFO [0m:      Sent reply
[92mINFO [0m:      
[92mINFO [0m:      Received: train message c1a8428c-5ea0-4927-8417-447a69d39fe3
[92mINFO [0m:      Sent reply
[92mINFO [0m:      
[92mINFO [0m:      Received: evaluate message 0658d10c-b215-4487-8455-c1c4d04295b0
[92mINFO [0m:      Sent reply
[92mINFO [0m:      
[92mINFO [0m:      Received: train message 2f5f1771-d37f-4095-95b6-52de116287ad
[92mINFO [0m:      Sent reply
[92mINFO [0m:      
[92mINFO [0m:      Received: evaluate message 9db7124c-57f8-4056-ba72-5a1160786577
[92mINFO [0m:      Sent reply
[92mINFO [0m:      
[92mINFO [0m:      Received: train message a5b9fe43-092a-4ece-8a42-7a4b1eea23ef
[92mINFO [0m:      Sent reply
[92mINFO [0m:      
[92mINFO [0m:      Received: evaluate message 45ed6b4c-8271-453d-ade6-46df0198135d
[92mINFO [0m:      Sent reply
[92mINFO [0m:      
[92mINFO [0m:      Received: train message 785b2b79-08e5-4eba-a398-9455ee0b1046
[92mINFO [0m:      Sent reply
[92mINFO [0m:      
[92mINFO [0m:      Received: evaluate message 8dfb87c3-4041-46ef-9fdb-9ce890120a58
[92mINFO [0m:      Sent reply
[92mINFO [0m:      
[92mINFO [0m:      Received: train message 8a1a21dd-7058-4979-91d6-4f10d3f54bc8
[92mINFO [0m:      Sent reply
[92mINFO [0m:      
[92mINFO [0m:      Received: evaluate message 591e761a-72f7-4431-8025-acfdf7969c9f
[92mINFO [0m:      Sent reply
[92mINFO [0m:      
[92mINFO [0m:      Received: train message d2aa04cc-576a-4cbf-914f-c306409d119a
[92mINFO [0m:      Sent reply
[92mINFO [0m:      
[92mINFO [0m:      Received: evaluate message dd394595-c063-4c95-8b9f-de547841246a
[92mINFO [0m:      Sent reply
[92mINFO [0m:      
[92mINFO [0m:      Received: train message 40d6c5f4-76aa-4292-a01b-343720b5acf7
[92mINFO [0m:      Sent reply
[92mINFO [0m:      
[92mINFO [0m:      Received: evaluate message af22fcdc-f808-4b1a-8e3f-e3660e948708
[92mINFO [0m:      Sent reply
[92mINFO [0m:      
[92mINFO [0m:      Received: train message 7ebe17fd-3e73-4a94-a504-b6626d932a94
[92mINFO [0m:      Sent reply
[92mINFO [0m:      
[92mINFO [0m:      Received: evaluate message 84fb5df8-ee81-4730-8fdb-8264eb1eea4f
[92mINFO [0m:      Sent reply
[92mINFO [0m:      
[92mINFO [0m:      Received: train message 60c1969b-2678-4eb6-8bb0-c59f5a5e155f
[92mINFO [0m:      Sent reply
[92mINFO [0m:      
[92mINFO [0m:      Received: evaluate message 76017142-755b-4ce1-a08f-a4e637aee04a
[92mINFO [0m:      Sent reply
[92mINFO [0m:      
[92mINFO [0m:      Received: train message 088eca19-0455-45c1-8a58-ef6aa90e29ea
[92mINFO [0m:      Sent reply
[92mINFO [0m:      
[92mINFO [0m:      Received: evaluate message bc415acd-da4d-445c-a85f-26ceff8463a1
[92mINFO [0m:      Sent reply
[92mINFO [0m:      
[92mINFO [0m:      Received: train message 109e7059-ad9b-448c-a290-c0615e9aa896
[92mINFO [0m:      Sent reply
[92mINFO [0m:      
[92mINFO [0m:      Received: evaluate message 401294e3-e765-4124-828c-b94adaae5523
[92mINFO [0m:      Sent reply
[92mINFO [0m:      
[92mINFO [0m:      Received: train message a63eed0c-34d7-4f97-969d-4c8978619002
[92mINFO [0m:      Sent reply
[92mINFO [0m:      
[92mINFO [0m:      Received: evaluate message ecf48bfa-2424-409e-be7a-b0c346bc5699
[92mINFO [0m:      Sent reply
[92mINFO [0m:      
[92mINFO [0m:      Received: train message cc451d73-cba4-4bce-9f3e-2d5cdf047019
[92mINFO [0m:      Sent reply
[92mINFO [0m:      
[92mINFO [0m:      Received: evaluate message c807c597-c254-404f-88a1-b21116e6d71a
[92mINFO [0m:      Sent reply
[92mINFO [0m:      
[92mINFO [0m:      Received: train message 4167a3e5-4b54-49ce-b23d-5445accd75db
[92mINFO [0m:      Sent reply
[92mINFO [0m:      
[92mINFO [0m:      Received: evaluate message 97706036-1482-4c57-a578-21373f94ffae
[92mINFO [0m:      Sent reply
[92mINFO [0m:      
[92mINFO [0m:      Received: train message 39d2fa75-e631-409f-8bbf-f3c0ddbe9a82
[92mINFO [0m:      Sent reply
[92mINFO [0m:      
[92mINFO [0m:      Received: evaluate message 010097e3-fc5d-4f9b-957b-ef2370649525
[92mINFO [0m:      Sent reply
[92mINFO [0m:      
[92mINFO [0m:      Received: train message 04a0cb8d-bb84-42d9-9391-a50e2cdffe1b
[92mINFO [0m:      Sent reply
[92mINFO [0m:      
[92mINFO [0m:      Received: evaluate message bf370cd3-a263-49a2-a3f7-989aef8c77a7
[92mINFO [0m:      Sent reply
[92mINFO [0m:      
[92mINFO [0m:      Received: train message 1a3de254-cd6f-494e-8b57-8ec3cffed1bd
[92mINFO [0m:      Sent reply
[92mINFO [0m:      
[92mINFO [0m:      Received: evaluate message ed346385-92f8-4251-ab35-87a3d091cefa
[92mINFO [0m:      Sent reply
[92mINFO [0m:      
[92mINFO [0m:      Received: train message 1d329f64-7c02-4b5d-a184-a5fee211fb44
[92mINFO [0m:      Sent reply
[92mINFO [0m:      
[92mINFO [0m:      Received: evaluate message c9ac50fa-1f8a-4ea1-bb4f-862188a4d782
[92mINFO [0m:      Sent reply
[92mINFO [0m:      
[92mINFO [0m:      Received: train message decba8ee-addf-449b-b896-a77dc6af4400
[92mINFO [0m:      Sent reply
[92mINFO [0m:      
[92mINFO [0m:      Received: evaluate message d9603141-629b-46b7-9c12-16836f134946
[92mINFO [0m:      Sent reply
[92mINFO [0m:      
[92mINFO [0m:      Received: train message 322d014b-c804-49d9-ba2e-981ef7fe0adc
[92mINFO [0m:      Sent reply
[92mINFO [0m:      
[92mINFO [0m:      Received: evaluate message f466ed1d-29ee-4a5f-a2d8-a551020d5870
[92mINFO [0m:      Sent reply
[92mINFO [0m:      
[92mINFO [0m:      Received: train message fdbc066f-9f37-40f6-8f36-d53c145ad4ef
[92mINFO [0m:      Sent reply
[92mINFO [0m:      
[92mINFO [0m:      Received: evaluate message 629ba725-95bd-466e-b7e0-9b4bf18f9ce2
[92mINFO [0m:      Sent reply
[92mINFO [0m:      
[92mINFO [0m:      Received: train message 72f8350f-1f76-49b0-8edf-1460bf826b65
[92mINFO [0m:      Sent reply
[92mINFO [0m:      
[92mINFO [0m:      Received: evaluate message 250c2299-e4a7-4ce0-934e-7c3dbb5c2391
[92mINFO [0m:      Sent reply
[92mINFO [0m:      
[92mINFO [0m:      Received: train message f022cb3e-e774-4729-9cc9-9d7cf35d6320
[92mINFO [0m:      Sent reply
[92mINFO [0m:      
[92mINFO [0m:      Received: evaluate message a76d25f2-4c0e-44fc-85ff-cf1da1c7c8cc
[92mINFO [0m:      Sent reply
[92mINFO [0m:      
[92mINFO [0m:      Received: train message 94bc8afe-488f-42c5-aef3-caf96b94c77d
[92mINFO [0m:      Sent reply
[92mINFO [0m:      
[92mINFO [0m:      Received: evaluate message ee7f0032-59ac-4553-a3a6-593a854b85e9
[92mINFO [0m:      Sent reply
[92mINFO [0m:      
[92mINFO [0m:      Received: train message ede2a0f8-7f64-48dc-83b4-d515c9576d59
[92mINFO [0m:      Sent reply
[92mINFO [0m:      
[92mINFO [0m:      Received: evaluate message 85c5ccab-169b-4785-90ad-fb06d64769a8
[92mINFO [0m:      Sent reply
[92mINFO [0m:      
[92mINFO [0m:      Received: train message be4920c9-105d-4684-b88f-9d6c908be3fa
[92mINFO [0m:      Sent reply
[92mINFO [0m:      
[92mINFO [0m:      Received: evaluate message 90dd5f30-349b-4625-97be-1a9431a755d6
[92mINFO [0m:      Sent reply
[92mINFO [0m:      
[92mINFO [0m:      Received: train message 4609b536-fc6a-4cb2-9f1c-de116232ae75
[92mINFO [0m:      Sent reply
[92mINFO [0m:      
[92mINFO [0m:      Received: evaluate message 862f169f-08ce-4f8f-b95b-c370ca8ca227
[92mINFO [0m:      Sent reply
[92mINFO [0m:      
[92mINFO [0m:      Received: train message f6c523d0-da9c-4a04-9774-fae9362ba1ec
[92mINFO [0m:      Sent reply
[92mINFO [0m:      
[92mINFO [0m:      Received: evaluate message c2765c07-2257-4672-9473-190e54e5fc95
[92mINFO [0m:      Sent reply
[92mINFO [0m:      
[92mINFO [0m:      Received: train message 107ab992-f562-4f84-a298-9d70d9e86e92
[92mINFO [0m:      Sent reply
[92mINFO [0m:      
[92mINFO [0m:      Received: evaluate message 5602d59f-858b-4819-95a6-3bf20e5fc2ef
[92mINFO [0m:      Sent reply
[92mINFO [0m:      
[92mINFO [0m:      Received: train message e2b17a8b-75c1-49d0-af39-4fb6eea31043
[92mINFO [0m:      Sent reply
[92mINFO [0m:      
[92mINFO [0m:      Received: evaluate message 05d8dc7b-c15a-4179-b0d2-f2250b1e9637
[92mINFO [0m:      Sent reply
[92mINFO [0m:      
[92mINFO [0m:      Received: train message b0e0e960-368a-4ec4-a407-57c36be31c7b
[92mINFO [0m:      Sent reply
[92mINFO [0m:      
[92mINFO [0m:      Received: evaluate message 66ede263-9a88-494f-9dcd-b6d007f4a576
[92mINFO [0m:      Sent reply
[92mINFO [0m:      
[92mINFO [0m:      Received: train message 5021424a-299e-4f2d-8aee-17c08d34ceef
[92mINFO [0m:      Sent reply
[92mINFO [0m:      
[92mINFO [0m:      Received: evaluate message 7ade80c1-6c1b-498f-b1aa-fe51e10d6773
[92mINFO [0m:      Sent reply
[92mINFO [0m:      
[92mINFO [0m:      Received: train message 49fe65dd-ab05-44eb-aa5a-db5aaef858d6
[92mINFO [0m:      Sent reply
[92mINFO [0m:      
[92mINFO [0m:      Received: evaluate message b0dd5295-eafc-439d-8c2f-60c195a625bc
[92mINFO [0m:      Sent reply
[92mINFO [0m:      
[92mINFO [0m:      Received: train message 10837801-62a3-4ff4-9277-d78878485016
[92mINFO [0m:      Sent reply
[92mINFO [0m:      
[92mINFO [0m:      Received: evaluate message 2e5539e3-6214-47e0-a3dd-a275fbe3ace6
[92mINFO [0m:      Sent reply
[92mINFO [0m:      
[92mINFO [0m:      Received: train message a66d128b-82b0-4af3-b178-de24405d42b5
[92mINFO [0m:      Sent reply
[92mINFO [0m:      
[92mINFO [0m:      Received: evaluate message 39b9fa31-9519-46bd-b008-53b944cc59ee
[92mINFO [0m:      Sent reply
[92mINFO [0m:      
[92mINFO [0m:      Received: train message 9506a6c9-0cf7-4d1f-b1dc-1ae1ac6fae4a
[92mINFO [0m:      Sent reply
[92mINFO [0m:      
[92mINFO [0m:      Received: evaluate message 1a334340-d1c0-4bcb-b973-39c8bfea92a5
[92mINFO [0m:      Sent reply
[92mINFO [0m:      
[92mINFO [0m:      Received: train message 08448922-b222-46c2-b313-c3fa1ee9a32c
[92mINFO [0m:      Sent reply
[92mINFO [0m:      
[92mINFO [0m:      Received: evaluate message 32baff9f-fcdd-477e-93c0-01f9b9bd6f74
[92mINFO [0m:      Sent reply
[92mINFO [0m:      
[92mINFO [0m:      Received: train message 76906b24-baf5-43f4-b1e9-3fdac950e16a
[92mINFO [0m:      Sent reply
[92mINFO [0m:      
[92mINFO [0m:      Received: evaluate message 7288fd0c-ee2c-4df8-a075-ced69bf0cdeb
[92mINFO [0m:      Sent reply
[92mINFO [0m:      
[92mINFO [0m:      Received: train message 4ba7190b-acbb-414b-8bd4-ae666eb7aefe
[92mINFO [0m:      Sent reply
[92mINFO [0m:      
[92mINFO [0m:      Received: evaluate message 8aad9d8b-a435-46c9-b9e0-6502fdac2935
[92mINFO [0m:      Sent reply
[92mINFO [0m:      
[92mINFO [0m:      Received: train message 7799de8e-da76-42f4-83f6-2c41898652ad
[92mINFO [0m:      Sent reply
[92mINFO [0m:      
[92mINFO [0m:      Received: evaluate message 7f215131-98c4-4685-b6b5-4a2afae772d2
[92mINFO [0m:      Sent reply
[92mINFO [0m:      
[92mINFO [0m:      Received: reconnect message 8324c6b0-7239-42fb-b679-b2093b532879
[92mINFO [0m:      Disconnect and shut down
