[93mWARNING [0m:   DEPRECATED FEATURE: flwr.client.start_client() is deprecated.
	Instead, use the `flower-supernode` CLI command to start a SuperNode as shown below:

		$ flower-supernode --insecure --superlink='<IP>:<PORT>'

	To view all available options, run:

		$ flower-supernode --help

	Using `start_client()` is deprecated.

            This is a deprecated feature. It will be removed
            entirely in future versions of Flower.
        
[92mINFO [0m:      
[92mINFO [0m:      Received: train message db435327-5fc1-44a9-a0b1-bbd516e5d4f4
[92mINFO [0m:      Sent reply
[92mINFO [0m:      
[92mINFO [0m:      Received: evaluate message bc7dcbcb-2d29-480b-8430-2a4029ebecaf
[92mINFO [0m:      Sent reply
[92mINFO [0m:      
[92mINFO [0m:      Received: train message a7cc1074-c3c5-42c3-9c64-2f988a437504
[92mINFO [0m:      Sent reply
[92mINFO [0m:      
[92mINFO [0m:      Received: evaluate message 663b8b20-9645-427f-a2f4-a3fcb8407033
[92mINFO [0m:      Sent reply
[92mINFO [0m:      
[92mINFO [0m:      Received: train message a5904c54-9bba-44d7-9524-f65ecf14729a
[92mINFO [0m:      Sent reply
[92mINFO [0m:      
[92mINFO [0m:      Received: train message a28cf678-ecb6-44cb-b437-551c96bfd3d0
[92mINFO [0m:      Sent reply
[92mINFO [0m:      
[92mINFO [0m:      Received: train message c1f5fed1-207d-4935-873a-940bca788ab3
[92mINFO [0m:      Sent reply
[92mINFO [0m:      
[92mINFO [0m:      Received: train message d8efc37d-6684-4882-8acf-9d6dbfa5c1d9
[92mINFO [0m:      Sent reply
[92mINFO [0m:      
[92mINFO [0m:      Received: evaluate message 5ab9e4bd-a1e2-4f00-9da0-cc21db94652b
[92mINFO [0m:      Sent reply
[92mINFO [0m:      
[92mINFO [0m:      Received: evaluate message a18bb73c-b4c9-4ee4-8536-46246be0bf5d
[92mINFO [0m:      Sent reply
[92mINFO [0m:      
[92mINFO [0m:      Received: train message 1fa49465-7f52-4e41-b513-76b36629214d
[92mINFO [0m:      Sent reply
[92mINFO [0m:      
[92mINFO [0m:      Received: evaluate message df896acd-18fe-4c1d-addf-5b6e58e7f087
[92mINFO [0m:      Sent reply
[92mINFO [0m:      
[92mINFO [0m:      Received: train message 0650d665-464d-4a4e-8623-a6e0ca8372e0
[92mINFO [0m:      Sent reply
[92mINFO [0m:      
[92mINFO [0m:      Received: evaluate message d6749e57-70d1-49f4-ba4f-914ee4bad7cc
[92mINFO [0m:      Sent reply
[92mINFO [0m:      
[92mINFO [0m:      Received: train message 9e1f2178-c4dc-4322-9122-ea60ff1c3575
[92mINFO [0m:      Sent reply
[92mINFO [0m:      
[92mINFO [0m:      Received: train message b455a79d-82fd-42dd-a50e-b0f0a4bacfb3
[92mINFO [0m:      Sent reply
[92mINFO [0m:      
[92mINFO [0m:      Received: train message 2a704626-98f4-4efa-b4e0-3a84f877c534
[92mINFO [0m:      Sent reply
[92mINFO [0m:      
[92mINFO [0m:      Received: train message 2813cbb0-769f-4182-a878-19a7c29023ec
[92mINFO [0m:      Sent reply
[92mINFO [0m:      
[92mINFO [0m:      Received: evaluate message c566f5d7-255e-4b95-a98f-85042cddf8b3
[92mINFO [0m:      Sent reply
[92mINFO [0m:      
[92mINFO [0m:      Received: train message 3e13b527-45da-442c-8032-6684c2f74ef3
[92mINFO [0m:      Sent reply
[92mINFO [0m:      
[92mINFO [0m:      Received: evaluate message 4979e143-ed3d-4399-8d37-e20bc3e0272f
[92mINFO [0m:      Sent reply
[92mINFO [0m:      
[92mINFO [0m:      Received: train message a51b4f43-8d91-4c74-baa1-35c8c0e3142b
[92mINFO [0m:      Sent reply
[92mINFO [0m:      
[92mINFO [0m:      Received: evaluate message e63c10c9-b4bd-4f4b-aa25-22b256303137
[92mINFO [0m:      Sent reply
[92mINFO [0m:      
[92mINFO [0m:      Received: train message 435a77f9-2f1c-45fc-823c-831092386111
[92mINFO [0m:      Sent reply
[92mINFO [0m:      
[92mINFO [0m:      Received: train message ddd9d4b1-ce6b-4f4a-8fef-3c10deee7d4f
[92mINFO [0m:      Sent reply
[92mINFO [0m:      
[92mINFO [0m:      Received: evaluate message 4b0cfed0-0ed0-4fa0-9f88-1d2f90a514c1
[92mINFO [0m:      Sent reply
[92mINFO [0m:      
[92mINFO [0m:      Received: evaluate message 68ef32b3-702c-446b-9d3e-cc6402ab25ec
[92mINFO [0m:      Sent reply
[92mINFO [0m:      
[92mINFO [0m:      Received: evaluate message 7b775ba3-7642-4b31-915a-412461ef44ac
[92mINFO [0m:      Sent reply
[92mINFO [0m:      
[92mINFO [0m:      Received: train message bfafbde3-f9fd-4006-afe8-9a5d04e654dc
[92mINFO [0m:      Sent reply
[92mINFO [0m:      
[92mINFO [0m:      Received: evaluate message b4a699bc-9d15-4fde-b8ad-59120cbef0f4
[92mINFO [0m:      Sent reply
[92mINFO [0m:      
[92mINFO [0m:      Received: evaluate message 5f13e09c-390e-4e37-94fc-1cded9cac66e
[92mINFO [0m:      Sent reply
[92mINFO [0m:      
[92mINFO [0m:      Received: train message 19073587-a34f-4e67-8611-971e3666e01c
[92mINFO [0m:      Sent reply
[92mINFO [0m:      
[92mINFO [0m:      Received: train message e833555a-e4d2-4da3-b3e7-9b7ae87952bd
[92mINFO [0m:      Sent reply
[92mINFO [0m:      
[92mINFO [0m:      Received: train message dd2e1690-01bf-4e23-82e9-4912be4c66ca
[92mINFO [0m:      Sent reply
[92mINFO [0m:      
[92mINFO [0m:      Received: train message 53f1d45d-8fba-4e85-86da-40918b3dc195
[92mINFO [0m:      Sent reply
[92mINFO [0m:      
[92mINFO [0m:      Received: evaluate message 5fc44eea-b36d-4468-9252-a61085179a4d
[92mINFO [0m:      Sent reply
[92mINFO [0m:      
[92mINFO [0m:      Received: evaluate message 7aa7b221-147c-403b-996b-ce2b598d2f96
[92mINFO [0m:      Sent reply
[92mINFO [0m:      
[92mINFO [0m:      Received: train message 05e18ea5-32f5-42d9-8e9a-30d675bdeecf
[92mINFO [0m:      Sent reply
[92mINFO [0m:      
[92mINFO [0m:      Received: evaluate message ff31fd6c-0dfd-46eb-89f0-3268dd020959
[92mINFO [0m:      Sent reply
[92mINFO [0m:      
[92mINFO [0m:      Received: train message e93fcf09-02dc-4a0e-8609-fdd0587b2a18
[92mINFO [0m:      Sent reply
[92mINFO [0m:      
[92mINFO [0m:      Received: evaluate message df1d6b24-4c62-41c6-9f59-46dd3b7c7913
[92mINFO [0m:      Sent reply
[92mINFO [0m:      
[92mINFO [0m:      Received: train message 7aa12735-e77b-4843-a75a-9759dca50c21
[92mINFO [0m:      Sent reply
[92mINFO [0m:      
[92mINFO [0m:      Received: evaluate message 0a4a50f6-0894-45e7-89c4-0b00b05e9c59
[92mINFO [0m:      Sent reply
[92mINFO [0m:      
[92mINFO [0m:      Received: train message 1482841b-3d5e-4877-8a64-96056b0eb9d9
[92mINFO [0m:      Sent reply
[92mINFO [0m:      
[92mINFO [0m:      Received: train message a8be6777-6874-4af8-81a4-792e03a6f7ab
[92mINFO [0m:      Sent reply
[92mINFO [0m:      
[92mINFO [0m:      Received: evaluate message 4aec2df6-79de-4333-9f73-9f8cc845c5c9
[92mINFO [0m:      Sent reply
[92mINFO [0m:      
[92mINFO [0m:      Received: train message ff490b12-4f90-446c-b58f-cd917a656734
[92mINFO [0m:      Sent reply
[92mINFO [0m:      
[92mINFO [0m:      Received: evaluate message b937330e-c4ab-4d15-b4f9-439f771ea31c
[92mINFO [0m:      Sent reply
[92mINFO [0m:      
[92mINFO [0m:      Received: train message d331e257-8e76-4237-99fd-0a58bbda67f2
[92mINFO [0m:      Sent reply
[92mINFO [0m:      
[92mINFO [0m:      Received: evaluate message ec207d4c-04b4-495b-ae06-bb2514dd77c7
[92mINFO [0m:      Sent reply
[92mINFO [0m:      
[92mINFO [0m:      Received: train message 42519135-104e-4e36-b236-a1f985d13cd2
[92mINFO [0m:      Sent reply
[92mINFO [0m:      
[92mINFO [0m:      Received: evaluate message aaeda273-c01a-4968-8ce6-d638960f03e2
[92mINFO [0m:      Sent reply
[92mINFO [0m:      
[92mINFO [0m:      Received: train message 41d53c6e-31bc-4f3f-b224-895582cbec44
[92mINFO [0m:      Sent reply
[92mINFO [0m:      
[92mINFO [0m:      Received: evaluate message 89e32f9d-7631-48f5-a694-0f3be448247b
[92mINFO [0m:      Sent reply
[92mINFO [0m:      
[92mINFO [0m:      Received: train message 03c3b906-9217-4db9-b4c6-231a485dd8aa
[92mINFO [0m:      Sent reply
[92mINFO [0m:      
[92mINFO [0m:      Received: train message c333c453-4663-4230-b376-4fb6f385caa6
[92mINFO [0m:      Sent reply
[92mINFO [0m:      
[92mINFO [0m:      Received: evaluate message 77a377e8-76fe-4cde-97f9-173186bf6cdc
[92mINFO [0m:      Sent reply
[92mINFO [0m:      
[92mINFO [0m:      Received: evaluate message b8f8863c-9d64-46b1-8592-b966c44e84b0
[92mINFO [0m:      Sent reply
[92mINFO [0m:      
[92mINFO [0m:      Received: train message acdf4b00-a66e-44ac-a507-ee7557e32ccc
[92mINFO [0m:      Sent reply
[92mINFO [0m:      
[92mINFO [0m:      Received: evaluate message 1951e4ab-c663-4f54-bb82-de8b149e410f
[92mINFO [0m:      Sent reply
[92mINFO [0m:      
[92mINFO [0m:      Received: train message 08245933-d2ea-4180-95f8-dee796c4cec9
[92mINFO [0m:      Sent reply
[92mINFO [0m:      
[92mINFO [0m:      Received: evaluate message c0152103-4928-4752-8aee-4bc2346df413
[92mINFO [0m:      Sent reply
[92mINFO [0m:      
[92mINFO [0m:      Received: train message f5e608c3-8372-47fd-b756-b79426a0e6b9
[92mINFO [0m:      Sent reply
[92mINFO [0m:      
[92mINFO [0m:      Received: evaluate message 796a6283-eab2-423c-9e8a-128978339afd
[92mINFO [0m:      Sent reply
[92mINFO [0m:      
[92mINFO [0m:      Received: train message a4766581-58d9-4f8d-a477-638899c4e359
[92mINFO [0m:      Sent reply
[92mINFO [0m:      
[92mINFO [0m:      Received: evaluate message 1c9a36c5-d783-419d-9c06-b8daf81fbecb
[92mINFO [0m:      Sent reply
[92mINFO [0m:      
[92mINFO [0m:      Received: train message 61801973-6329-4c0f-9890-2aaa1b7c1938
[92mINFO [0m:      Sent reply
[92mINFO [0m:      
[92mINFO [0m:      Received: train message 5ba362ba-4e5f-4eb6-8dfc-79f902ddf77b
[92mINFO [0m:      Sent reply
[92mINFO [0m:      
[92mINFO [0m:      Received: evaluate message 1934c320-ce80-417c-864b-0e7a3cc2d787
[92mINFO [0m:      Sent reply
[92mINFO [0m:      
[92mINFO [0m:      Received: evaluate message 66e26b52-e67c-4dcc-a8fe-d453406fab88
[92mINFO [0m:      Sent reply
[92mINFO [0m:      
[92mINFO [0m:      Received: train message aa20b7c3-8e10-4f63-9915-30b8e459b85b
[92mINFO [0m:      Sent reply
[92mINFO [0m:      
[92mINFO [0m:      Received: evaluate message 56a3b423-c695-40a6-9df9-253b74cab32e
[92mINFO [0m:      Sent reply
[92mINFO [0m:      
[92mINFO [0m:      Received: train message ac551cc5-74f3-47f2-95d5-9873afbb33c1
[92mINFO [0m:      Sent reply
[92mINFO [0m:      
[92mINFO [0m:      Received: evaluate message 4bb4383f-b4db-4789-9b19-0fb7381d35d5
[92mINFO [0m:      Sent reply
[92mINFO [0m:      
[92mINFO [0m:      Received: train message 370c6402-bf76-46fa-8f75-e4f871662d49
[92mINFO [0m:      Sent reply
[92mINFO [0m:      
[92mINFO [0m:      Received: evaluate message 41aca20d-f3ee-4cc5-ac3b-0b00f61dc344
[92mINFO [0m:      Sent reply
[92mINFO [0m:      
[92mINFO [0m:      Received: evaluate message f330d246-d257-4622-910f-aea8877ecc2b
[92mINFO [0m:      Sent reply
[92mINFO [0m:      
[92mINFO [0m:      Received: train message 59febe7e-7ae8-4f10-a3f1-f33768a7c93c
[92mINFO [0m:      Sent reply
[92mINFO [0m:      
[92mINFO [0m:      Received: evaluate message d9dfbd59-918e-4a9a-a2c7-5758f480ee24
[92mINFO [0m:      Sent reply
[92mINFO [0m:      
[92mINFO [0m:      Received: train message b08c775d-dd59-45e2-96df-d68d828ca270
[92mINFO [0m:      Sent reply
[92mINFO [0m:      
[92mINFO [0m:      Received: evaluate message 2c3061b9-b1cb-4b80-b16e-fd64851e3092
[92mINFO [0m:      Sent reply
[92mINFO [0m:      
[92mINFO [0m:      Received: train message 59d846d1-57bf-4777-a149-937510a26e58
[92mINFO [0m:      Sent reply
[92mINFO [0m:      
[92mINFO [0m:      Received: train message 22103a18-0926-4d62-bf08-e7221a3930c7
[92mINFO [0m:      Sent reply
[92mINFO [0m:      
[92mINFO [0m:      Received: evaluate message 18f8f8e3-dd1a-4b63-9267-136c081a1b6f
[92mINFO [0m:      Sent reply
[92mINFO [0m:      
[92mINFO [0m:      Received: evaluate message fc15f1fc-e0d2-4d69-b3dd-bbfaad66e641
[92mINFO [0m:      Sent reply
[92mINFO [0m:      
[92mINFO [0m:      Received: train message e91a1e1d-662f-4c8e-a9ca-38dd68cf0469
[92mINFO [0m:      Sent reply
[92mINFO [0m:      
[92mINFO [0m:      Received: evaluate message 7ca1a647-5934-413c-a1dd-c33fb4023464
[92mINFO [0m:      Sent reply
[92mINFO [0m:      
[92mINFO [0m:      Received: train message b6323e51-fb9b-471b-a97f-f5ad4ce950ad
[92mINFO [0m:      Sent reply
[92mINFO [0m:      
[92mINFO [0m:      Received: train message 87835b96-f7f2-4f10-9c3b-e67880c68064
[92mINFO [0m:      Sent reply
[92mINFO [0m:      
[92mINFO [0m:      Received: evaluate message c0e4e136-025e-4a3d-8bf6-eccab9849589
[92mINFO [0m:      Sent reply
[92mINFO [0m:      
[92mINFO [0m:      Received: evaluate message 4eb13b75-af33-4531-a133-ac8833ddff0f
[92mINFO [0m:      Sent reply
[92mINFO [0m:      
[92mINFO [0m:      Received: train message 5f90ddcd-933e-4e19-a4d5-3b3196ba3240
[92mINFO [0m:      Sent reply
[92mINFO [0m:      
[92mINFO [0m:      Received: evaluate message a3eb8149-d053-4108-b6af-0ebc705af4b8
[92mINFO [0m:      Sent reply
[92mINFO [0m:      
[92mINFO [0m:      Received: evaluate message e0db7679-97a3-4d93-ae75-7301d7f39c4a
[92mINFO [0m:      Sent reply
[92mINFO [0m:      
[92mINFO [0m:      Received: evaluate message 552328e5-bf6a-4fd3-b08b-5f3b2bc4690e
[92mINFO [0m:      Sent reply
[92mINFO [0m:      
[92mINFO [0m:      Received: train message 56e604e6-ea08-4b3a-99eb-949b65639dd2
[92mINFO [0m:      Sent reply
[92mINFO [0m:      
[92mINFO [0m:      Received: train message f4674b0b-49ce-4ec1-bc7b-baaf76c951cc
[92mINFO [0m:      Sent reply
[92mINFO [0m:      
[92mINFO [0m:      Received: evaluate message 5f78441f-169c-43a1-8e87-a2731b88a6c9
[92mINFO [0m:      Sent reply
[92mINFO [0m:      
[92mINFO [0m:      Received: train message bc76d2d0-45b1-4d35-bfae-8a38a4f072d6
[92mINFO [0m:      Sent reply
[92mINFO [0m:      
[92mINFO [0m:      Received: evaluate message b6c891c4-8cc9-4b28-9a5e-7405ec1ef89b
[92mINFO [0m:      Sent reply
[92mINFO [0m:      
[92mINFO [0m:      Received: train message a024a7c5-362f-4529-9952-4c3d7fd6bb2f
[92mINFO [0m:      Sent reply
[92mINFO [0m:      
[92mINFO [0m:      Received: evaluate message 403f2517-0edd-4c17-b504-fbb80cc2fcd9
[92mINFO [0m:      Sent reply
[92mINFO [0m:      
[92mINFO [0m:      Received: train message f1ff09d8-9b41-41a5-944a-5667c95bd71e
[92mINFO [0m:      Sent reply
[92mINFO [0m:      
[92mINFO [0m:      Received: train message a893cedd-e776-43ec-ab14-2517ced55bc2
[92mINFO [0m:      Sent reply
[92mINFO [0m:      
[92mINFO [0m:      Received: evaluate message 4a2f56b8-563f-45e1-aa24-b9975198eea2
[92mINFO [0m:      Sent reply
[92mINFO [0m:      
[92mINFO [0m:      Received: evaluate message c0782a42-d1f0-42c5-9c49-0a048080bc15
[92mINFO [0m:      Sent reply
[92mINFO [0m:      
[92mINFO [0m:      Received: train message 2ba6d9fd-3c28-4039-bbc8-4388aeba1470
[92mINFO [0m:      Sent reply
[92mINFO [0m:      
[92mINFO [0m:      Received: train message 71b80421-ce0d-4b19-9233-b98a9fe30277
[92mINFO [0m:      Sent reply
[92mINFO [0m:      
[92mINFO [0m:      Received: evaluate message 3516c5d6-8690-4d4e-b362-f55e50acfc24
[92mINFO [0m:      Sent reply
[92mINFO [0m:      
[92mINFO [0m:      Received: evaluate message 06710738-4b67-4021-b386-8b3727ae6a85
[92mINFO [0m:      Sent reply
[92mINFO [0m:      
[92mINFO [0m:      Received: evaluate message 5123f88d-f5bc-4a47-a7ed-558162e3e36f
[92mINFO [0m:      Sent reply
[92mINFO [0m:      
[92mINFO [0m:      Received: evaluate message cfed2b45-f9c7-4fe6-b66c-1c8920ca2c48
[92mINFO [0m:      Sent reply
[92mINFO [0m:      
[92mINFO [0m:      Received: evaluate message 24b70736-ca9d-449b-884f-4f95f7071993
[92mINFO [0m:      Sent reply
[92mINFO [0m:      
[92mINFO [0m:      Received: train message d834a8bd-f047-43b0-80d8-1c5678b13ce7
[92mINFO [0m:      Sent reply
[92mINFO [0m:      
[92mINFO [0m:      Received: evaluate message db34c396-8863-4c4b-9aa0-88ea370089ef
[92mINFO [0m:      Sent reply
[92mINFO [0m:      
[92mINFO [0m:      Received: evaluate message 68ed9723-60f2-4ad5-becc-ce9c1517468f
[92mINFO [0m:      Sent reply
[92mINFO [0m:      
[92mINFO [0m:      Received: evaluate message c8164a8f-774c-4bc9-9f64-2deacc675473
[92mINFO [0m:      Sent reply
[92mINFO [0m:      
[92mINFO [0m:      Received: evaluate message 6de2b506-4498-46b0-85d9-cb4b26fd2f8c
[92mINFO [0m:      Sent reply
[92mINFO [0m:      
[92mINFO [0m:      Received: evaluate message 5eba51a3-a4bf-4bab-aa40-2a6635e74062
[92mINFO [0m:      Sent reply
[92mINFO [0m:      
[92mINFO [0m:      Received: evaluate message 4e463c03-2fa4-4d17-be05-7ad4d3119358
[92mINFO [0m:      Sent reply
[92mINFO [0m:      
[92mINFO [0m:      Received: train message c8759b0f-3784-49d2-a9ec-fbaded55bf90
[92mINFO [0m:      Sent reply
[92mINFO [0m:      
[92mINFO [0m:      Received: train message 3a6cf762-45dd-4c2d-82b7-eaee8e622e76
[92mINFO [0m:      Sent reply
[92mINFO [0m:      
[92mINFO [0m:      Received: evaluate message 700e1106-a177-4d14-8dfd-624dbf6523bb
[92mINFO [0m:      Sent reply
[92mINFO [0m:      
[92mINFO [0m:      Received: evaluate message 1fe30030-df34-4c56-a56f-7b99aac24778
[92mINFO [0m:      Sent reply
[92mINFO [0m:      
[92mINFO [0m:      Received: reconnect message daf06636-8327-4f2d-a030-b2e90e3cf5f6
[92mINFO [0m:      Disconnect and shut down
