[93mWARNING [0m:   DEPRECATED FEATURE: flwr.client.start_client() is deprecated.
	Instead, use the `flower-supernode` CLI command to start a SuperNode as shown below:

		$ flower-supernode --insecure --superlink='<IP>:<PORT>'

	To view all available options, run:

		$ flower-supernode --help

	Using `start_client()` is deprecated.

            This is a deprecated feature. It will be removed
            entirely in future versions of Flower.
        
[92mINFO [0m:      
[92mINFO [0m:      Received: train message befd54c8-9f95-45a8-9d85-570eff28dbf5
[92mINFO [0m:      Sent reply
[92mINFO [0m:      
[92mINFO [0m:      Received: train message 43b952db-3124-42c0-9c28-b27706189bc1
[92mINFO [0m:      Sent reply
[92mINFO [0m:      
[92mINFO [0m:      Received: evaluate message c848b3a7-3acb-48d8-9def-eb3e6ddf71ac
[92mINFO [0m:      Sent reply
[92mINFO [0m:      
[92mINFO [0m:      Received: train message 5ceeeb57-efa3-4b37-9f68-53496f038b29
[92mINFO [0m:      Sent reply
[92mINFO [0m:      
[92mINFO [0m:      Received: train message 51381000-bcd9-4521-8727-6fdbf8cff27f
[92mINFO [0m:      Sent reply
[92mINFO [0m:      
[92mINFO [0m:      Received: evaluate message a3cfa38b-ac9c-4186-9b1e-16d1140d786a
[92mINFO [0m:      Sent reply
[92mINFO [0m:      
[92mINFO [0m:      Received: train message 4bb118d1-a167-4503-b84b-6630303c1a93
[92mINFO [0m:      Sent reply
[92mINFO [0m:      
[92mINFO [0m:      Received: evaluate message 17edb71b-2466-4448-8e44-7cb2bafb2077
[92mINFO [0m:      Sent reply
[92mINFO [0m:      
[92mINFO [0m:      Received: train message 52452eab-f409-4100-8a7e-4ed3a126033c
[92mINFO [0m:      Sent reply
[92mINFO [0m:      
[92mINFO [0m:      Received: evaluate message c4a1b4f3-6501-4add-aa60-afe0d318aa89
[92mINFO [0m:      Sent reply
[92mINFO [0m:      
[92mINFO [0m:      Received: train message 0b241e1e-5935-4d3a-a694-bdd11e5612cc
[92mINFO [0m:      Sent reply
[92mINFO [0m:      
[92mINFO [0m:      Received: evaluate message 646a6704-ef6d-4a20-88db-456c7b4d6ac3
[92mINFO [0m:      Sent reply
[92mINFO [0m:      
[92mINFO [0m:      Received: evaluate message f8113397-c617-43a0-902d-e9dff7afb61f
[92mINFO [0m:      Sent reply
[92mINFO [0m:      
[92mINFO [0m:      Received: train message a312e4f0-1f13-4355-b7cd-18006683b321
[92mINFO [0m:      Sent reply
[92mINFO [0m:      
[92mINFO [0m:      Received: train message 469c50a1-ae58-4eea-a220-f74aff0b6b35
[92mINFO [0m:      Sent reply
[92mINFO [0m:      
[92mINFO [0m:      Received: evaluate message 95597a43-2c54-4593-bc1a-f7b7e800fb8c
[92mINFO [0m:      Sent reply
[92mINFO [0m:      
[92mINFO [0m:      Received: evaluate message c5fc032a-e1be-49fd-bd4d-6bee90aa76ec
[92mINFO [0m:      Sent reply
[92mINFO [0m:      
[92mINFO [0m:      Received: evaluate message 539aa0ba-952a-44c3-8860-69ee5570965a
[92mINFO [0m:      Sent reply
[92mINFO [0m:      
[92mINFO [0m:      Received: evaluate message c7aa1076-aaec-4b83-be19-47962dd47511
[92mINFO [0m:      Sent reply
[92mINFO [0m:      
[92mINFO [0m:      Received: train message 82ed581b-c5fd-43e9-8c97-13997cb4c3c3
[92mINFO [0m:      Sent reply
[92mINFO [0m:      
[92mINFO [0m:      Received: evaluate message aa11253c-b68e-4394-b0a7-c44d816fe058
[92mINFO [0m:      Sent reply
[92mINFO [0m:      
[92mINFO [0m:      Received: train message 02d3b751-d612-4c78-adab-365f6270e51c
[92mINFO [0m:      Sent reply
[92mINFO [0m:      
[92mINFO [0m:      Received: evaluate message 2f5d5f8d-f4ba-41c1-8f5e-5549d1959511
[92mINFO [0m:      Sent reply
[92mINFO [0m:      
[92mINFO [0m:      Received: train message 114365c4-4beb-47c2-b437-775ee62af83b
[92mINFO [0m:      Sent reply
[92mINFO [0m:      
[92mINFO [0m:      Received: train message 4ecbcbb0-7f44-49aa-875f-83c153482719
[92mINFO [0m:      Sent reply
[92mINFO [0m:      
[92mINFO [0m:      Received: evaluate message a396f39b-ac95-4833-86db-4a5e4fce7466
[92mINFO [0m:      Sent reply
[92mINFO [0m:      
[92mINFO [0m:      Received: train message 756f7b66-2c55-465f-9165-d617bddd25bd
[92mINFO [0m:      Sent reply
[92mINFO [0m:      
[92mINFO [0m:      Received: train message 42b8566a-870d-4366-97a8-a0d248875107
[92mINFO [0m:      Sent reply
[92mINFO [0m:      
[92mINFO [0m:      Received: evaluate message af3ca0d1-ab09-4b6a-bd9d-98e0d2b5b99e
[92mINFO [0m:      Sent reply
[92mINFO [0m:      
[92mINFO [0m:      Received: train message ffdaa973-ccf4-4884-a855-10ee4d3cabb9
[92mINFO [0m:      Sent reply
[92mINFO [0m:      
[92mINFO [0m:      Received: evaluate message 57401c47-7050-42ef-b7a1-84ac1916c8fd
[92mINFO [0m:      Sent reply
[92mINFO [0m:      
[92mINFO [0m:      Received: evaluate message 04bd01fe-ee87-4a31-b728-9098ca66aded
[92mINFO [0m:      Sent reply
[92mINFO [0m:      
[92mINFO [0m:      Received: evaluate message 0b454731-565b-479b-a6f3-1856000fc574
[92mINFO [0m:      Sent reply
[92mINFO [0m:      
[92mINFO [0m:      Received: train message 972cce94-57c6-4c49-9a45-9834acc3ea1b
[92mINFO [0m:      Sent reply
[92mINFO [0m:      
[92mINFO [0m:      Received: evaluate message 74ae8a97-216a-4250-8523-2a0486245850
[92mINFO [0m:      Sent reply
[92mINFO [0m:      
[92mINFO [0m:      Received: train message 2bd6c682-cf2d-4b06-aadc-7b8aae48ec34
[92mINFO [0m:      Sent reply
[92mINFO [0m:      
[92mINFO [0m:      Received: evaluate message 46909d6c-3b58-48f5-858c-264cfe3a6b1c
[92mINFO [0m:      Sent reply
[92mINFO [0m:      
[92mINFO [0m:      Received: train message bf50a88f-3e3c-44ea-b916-152b8adf04ee
[92mINFO [0m:      Sent reply
[92mINFO [0m:      
[92mINFO [0m:      Received: evaluate message 9afa8eea-3d4a-43bf-b542-6ad20a0781c6
[92mINFO [0m:      Sent reply
[92mINFO [0m:      
[92mINFO [0m:      Received: train message 840c5707-17b5-43dc-866e-1727b1fb81e8
[92mINFO [0m:      Sent reply
[92mINFO [0m:      
[92mINFO [0m:      Received: evaluate message 3f49f7d4-e42b-4b9a-901b-194f1fd4240b
[92mINFO [0m:      Sent reply
[92mINFO [0m:      
[92mINFO [0m:      Received: train message 315addc6-c109-44cc-98b3-21089f88298e
[92mINFO [0m:      Sent reply
[92mINFO [0m:      
[92mINFO [0m:      Received: train message 9b7aa9d8-9c97-4a93-8d5a-a960c8e51df5
[92mINFO [0m:      Sent reply
[92mINFO [0m:      
[92mINFO [0m:      Received: evaluate message 96529846-9c86-43ba-8977-88a0dee06f83
[92mINFO [0m:      Sent reply
[92mINFO [0m:      
[92mINFO [0m:      Received: evaluate message 58a4397f-78cb-432d-af83-39bf22c19949
[92mINFO [0m:      Sent reply
[92mINFO [0m:      
[92mINFO [0m:      Received: train message 57561a6a-6197-4fd0-b48b-048eb805a5b8
[92mINFO [0m:      Sent reply
[92mINFO [0m:      
[92mINFO [0m:      Received: evaluate message 60fa2761-2e0e-4015-bcc4-9525549e1513
[92mINFO [0m:      Sent reply
[92mINFO [0m:      
[92mINFO [0m:      Received: train message 39a4be69-8d88-43d7-9113-7ddf9a6ee850
[92mINFO [0m:      Sent reply
[92mINFO [0m:      
[92mINFO [0m:      Received: evaluate message 09f4525b-9a7e-4145-a9ef-6f4adceb6388
[92mINFO [0m:      Sent reply
[92mINFO [0m:      
[92mINFO [0m:      Received: train message 0da8a291-24f2-48c7-b792-240dd0773a61
[92mINFO [0m:      Sent reply
[92mINFO [0m:      
[92mINFO [0m:      Received: train message 08e58d09-6512-41d5-b0ff-4c1d0c8f7bab
[92mINFO [0m:      Sent reply
[92mINFO [0m:      
[92mINFO [0m:      Received: train message 03d99ae4-87b5-457f-981f-c2b3773d0613
[92mINFO [0m:      Sent reply
[92mINFO [0m:      
[92mINFO [0m:      Received: train message b6295e3c-6d99-4c2b-a78d-51e0e3756e5a
[92mINFO [0m:      Sent reply
[92mINFO [0m:      
[92mINFO [0m:      Received: evaluate message d070cef0-8588-40a8-bb84-07f40709f12d
[92mINFO [0m:      Sent reply
[92mINFO [0m:      
[92mINFO [0m:      Received: train message 6dc3ab5d-5334-41f6-bf1e-a14322f8243a
[92mINFO [0m:      Sent reply
[92mINFO [0m:      
[92mINFO [0m:      Received: train message a28e7f5c-b2a1-4039-ae4b-caa6dc21bec7
[92mINFO [0m:      Sent reply
[92mINFO [0m:      
[92mINFO [0m:      Received: evaluate message 9b376f06-fb52-4088-b4be-93d187f8b723
[92mINFO [0m:      Sent reply
[92mINFO [0m:      
[92mINFO [0m:      Received: train message 0599182e-3e5f-4b33-a6fa-d5b4c9cbdcb8
[92mINFO [0m:      Sent reply
[92mINFO [0m:      
[92mINFO [0m:      Received: evaluate message 5b1625b6-2e78-4d99-9c8e-081e277dc294
[92mINFO [0m:      Sent reply
[92mINFO [0m:      
[92mINFO [0m:      Received: train message 64d0c203-627d-4b5f-865c-8d223f609f24
[92mINFO [0m:      Sent reply
[92mINFO [0m:      
[92mINFO [0m:      Received: evaluate message 331eb523-1c79-4c37-a328-9e959488643a
[92mINFO [0m:      Sent reply
[92mINFO [0m:      
[92mINFO [0m:      Received: train message 10db5eb3-b25f-4140-abf0-c699d2e0045d
[92mINFO [0m:      Sent reply
[92mINFO [0m:      
[92mINFO [0m:      Received: evaluate message 860c3889-69e3-4600-a133-9b4d61f9f697
[92mINFO [0m:      Sent reply
[92mINFO [0m:      
[92mINFO [0m:      Received: evaluate message 1d28c956-e6e6-4a92-930a-67f62f653d13
[92mINFO [0m:      Sent reply
[92mINFO [0m:      
[92mINFO [0m:      Received: train message 2d75f106-71d4-4864-9436-0aad4a72aa89
[92mINFO [0m:      Sent reply
[92mINFO [0m:      
[92mINFO [0m:      Received: evaluate message 390af682-2455-49b1-8a0f-2f57c04c99cd
[92mINFO [0m:      Sent reply
[92mINFO [0m:      
[92mINFO [0m:      Received: evaluate message b2193415-1409-445b-be69-7714c3653ef2
[92mINFO [0m:      Sent reply
[92mINFO [0m:      
[92mINFO [0m:      Received: train message 49820b2e-2f09-48f2-8339-581fee9c0666
[92mINFO [0m:      Sent reply
[92mINFO [0m:      
[92mINFO [0m:      Received: train message 3fcafb9e-8fef-460b-83f0-4cb48786d62c
[92mINFO [0m:      Sent reply
[92mINFO [0m:      
[92mINFO [0m:      Received: train message bd8704d5-5572-4d64-8afc-a0426a26cf5f
[92mINFO [0m:      Sent reply
[92mINFO [0m:      
[92mINFO [0m:      Received: evaluate message da3f4a39-0a9f-44f8-a105-933a0197f51c
[92mINFO [0m:      Sent reply
[92mINFO [0m:      
[92mINFO [0m:      Received: evaluate message 241898ce-d33c-47ba-95e9-47c0713c3519
[92mINFO [0m:      Sent reply
[92mINFO [0m:      
[92mINFO [0m:      Received: train message 09745ff6-4aa3-40f0-9215-de1a2977c6a6
[92mINFO [0m:      Sent reply
[92mINFO [0m:      
[92mINFO [0m:      Received: train message 58d24c33-bfa5-4ea3-a1aa-9863485f5154
[92mINFO [0m:      Sent reply
[92mINFO [0m:      
[92mINFO [0m:      Received: train message b409c7c0-0763-4d1c-826a-7c1c40507e25
[92mINFO [0m:      Sent reply
[92mINFO [0m:      
[92mINFO [0m:      Received: train message 09385549-ea03-4de9-a22a-59a95e11e193
[92mINFO [0m:      Sent reply
[92mINFO [0m:      
[92mINFO [0m:      Received: evaluate message 7d442783-1ea3-454c-97fa-f379ff31c10d
[92mINFO [0m:      Sent reply
[92mINFO [0m:      
[92mINFO [0m:      Received: evaluate message 15066fc5-4662-4d0b-a2b6-91d91b2f4c06
[92mINFO [0m:      Sent reply
[92mINFO [0m:      
[92mINFO [0m:      Received: train message f5ce04a3-621e-4822-b86c-68f5da9c68a6
[92mINFO [0m:      Sent reply
[92mINFO [0m:      
[92mINFO [0m:      Received: train message d2dbcd67-402e-469c-9a8c-2c01faf9227a
[92mINFO [0m:      Sent reply
[92mINFO [0m:      
[92mINFO [0m:      Received: evaluate message 17c14818-f5bc-4d7b-bb1e-12ce80cc0ecf
[92mINFO [0m:      Sent reply
[92mINFO [0m:      
[92mINFO [0m:      Received: evaluate message 3b41f95c-b59b-41e7-a9ec-3b4ab5702e21
[92mINFO [0m:      Sent reply
[92mINFO [0m:      
[92mINFO [0m:      Received: evaluate message 15f15a9b-e9e7-4703-9470-f96908889198
[92mINFO [0m:      Sent reply
[92mINFO [0m:      
[92mINFO [0m:      Received: train message b0b44179-93d0-41e5-a508-aee2a8be6ffc
[92mINFO [0m:      Sent reply
[92mINFO [0m:      
[92mINFO [0m:      Received: evaluate message 052e8f64-5cf4-4c61-ab60-6139848fa62b
[92mINFO [0m:      Sent reply
[92mINFO [0m:      
[92mINFO [0m:      Received: train message cf44441c-8d06-4dba-91e4-8c1533765ae5
[92mINFO [0m:      Sent reply
[92mINFO [0m:      
[92mINFO [0m:      Received: evaluate message 3b5af186-3807-4820-a6c7-1766a21c3da1
[92mINFO [0m:      Sent reply
[92mINFO [0m:      
[92mINFO [0m:      Received: train message 61e34c6f-d46c-4b72-932e-9007df5a3dc1
[92mINFO [0m:      Sent reply
[92mINFO [0m:      
[92mINFO [0m:      Received: evaluate message 65825b4f-09c6-4c34-b82b-0a039c9aa39e
[92mINFO [0m:      Sent reply
[92mINFO [0m:      
[92mINFO [0m:      Received: train message 53ba423c-8e46-4334-9b68-b1d636f1af4a
[92mINFO [0m:      Sent reply
[92mINFO [0m:      
[92mINFO [0m:      Received: evaluate message 276737ca-6ae4-4f30-aeb1-a8716abe9323
[92mINFO [0m:      Sent reply
[92mINFO [0m:      
[92mINFO [0m:      Received: train message 68982e67-1f59-4c8f-bd69-18015c681445
[92mINFO [0m:      Sent reply
[92mINFO [0m:      
[92mINFO [0m:      Received: train message ebb54cae-ba3f-4693-868f-7c9407bcf14c
[92mINFO [0m:      Sent reply
[92mINFO [0m:      
[92mINFO [0m:      Received: evaluate message 862c58c4-178e-4781-8e6a-e5d1eaf5c015
[92mINFO [0m:      Sent reply
[92mINFO [0m:      
[92mINFO [0m:      Received: evaluate message ef59b02c-c60b-4980-8dbb-912acce87486
[92mINFO [0m:      Sent reply
[92mINFO [0m:      
[92mINFO [0m:      Received: train message 00a68257-fae8-43b1-8b05-60afac3460cd
[92mINFO [0m:      Sent reply
[92mINFO [0m:      
[92mINFO [0m:      Received: evaluate message 419db4b4-3751-4346-9f36-49ecaa8d89f2
[92mINFO [0m:      Sent reply
[92mINFO [0m:      
[92mINFO [0m:      Received: train message 77ae0c20-6684-45de-9db0-2575a53103f3
[92mINFO [0m:      Sent reply
[92mINFO [0m:      
[92mINFO [0m:      Received: train message a11a661c-bbd6-4d8a-89cb-078b148e9a16
[92mINFO [0m:      Sent reply
[92mINFO [0m:      
[92mINFO [0m:      Received: evaluate message f70abff4-3332-4799-a80b-41900a39c39e
[92mINFO [0m:      Sent reply
[92mINFO [0m:      
[92mINFO [0m:      Received: evaluate message e94ce702-0f72-4d56-a490-4c5c4dd22183
[92mINFO [0m:      Sent reply
[92mINFO [0m:      
[92mINFO [0m:      Received: train message ef177b42-ef60-44f1-96ce-22869437bc66
[92mINFO [0m:      Sent reply
[92mINFO [0m:      
[92mINFO [0m:      Received: train message afc5fc6b-dd0f-4f65-af9f-25140a45e84b
[92mINFO [0m:      Sent reply
[92mINFO [0m:      
[92mINFO [0m:      Received: evaluate message 00357cbf-20f9-48f0-b9a0-58239f4259a9
[92mINFO [0m:      Sent reply
[92mINFO [0m:      
[92mINFO [0m:      Received: train message 3e1d7d6c-9a7a-45b8-afaf-4b308cf2d31b
[92mINFO [0m:      Sent reply
[92mINFO [0m:      
[92mINFO [0m:      Received: evaluate message f4920dfc-09e0-4937-99b7-dd282147018c
[92mINFO [0m:      Sent reply
[92mINFO [0m:      
[92mINFO [0m:      Received: train message 7e01aeac-f82a-4ff2-9955-04a2732bdf59
[92mINFO [0m:      Sent reply
[92mINFO [0m:      
[92mINFO [0m:      Received: evaluate message f16b70d9-3116-4160-b0a0-f9d243847824
[92mINFO [0m:      Sent reply
[92mINFO [0m:      
[92mINFO [0m:      Received: train message 2fe8e701-cba4-44b2-99a1-6f3fac1338f1
[92mINFO [0m:      Sent reply
[92mINFO [0m:      
[92mINFO [0m:      Received: evaluate message c6e22c7b-7697-4bbb-ae6d-93b0d3bd83cb
[92mINFO [0m:      Sent reply
[92mINFO [0m:      
[92mINFO [0m:      Received: train message 3559030d-4dc1-45de-ad03-e3c64163f42c
[92mINFO [0m:      Sent reply
[92mINFO [0m:      
[92mINFO [0m:      Received: evaluate message 6e57d3e8-d8ab-4972-abd6-40e181d5561d
[92mINFO [0m:      Sent reply
[92mINFO [0m:      
[92mINFO [0m:      Received: train message 49907643-7a90-4caa-af25-bd33cbeb92f9
[92mINFO [0m:      Sent reply
[92mINFO [0m:      
[92mINFO [0m:      Received: evaluate message 80be5bb1-758d-43ca-b889-73ff170190bb
[92mINFO [0m:      Sent reply
[92mINFO [0m:      
[92mINFO [0m:      Received: train message 1fe24164-631f-49c5-a274-7d5f56471af6
[92mINFO [0m:      Sent reply
[92mINFO [0m:      
[92mINFO [0m:      Received: train message 98c9a83c-5147-44c1-9726-6543cbf318f7
[92mINFO [0m:      Sent reply
[92mINFO [0m:      
[92mINFO [0m:      Received: evaluate message fa06ffa6-700c-4dcf-a40d-878901b14776
[92mINFO [0m:      Sent reply
[92mINFO [0m:      
[92mINFO [0m:      Received: train message 65355890-7426-4e72-a5e0-7a7f4bf646ec
[92mINFO [0m:      Sent reply
[92mINFO [0m:      
[92mINFO [0m:      Received: evaluate message 233a6515-63c3-4fe1-9410-29f08b79dbf6
[92mINFO [0m:      Sent reply
[92mINFO [0m:      
[92mINFO [0m:      Received: train message 514a2cd0-86db-4f31-b6b2-3320feb655a3
[92mINFO [0m:      Sent reply
[92mINFO [0m:      
[92mINFO [0m:      Received: evaluate message 49e95276-12cb-4db2-85b1-073c86e99efc
[92mINFO [0m:      Sent reply
[92mINFO [0m:      
[92mINFO [0m:      Received: train message 8e08a3fa-0ed1-494a-b493-e42ff28d0fdb
[92mINFO [0m:      Sent reply
[92mINFO [0m:      
[92mINFO [0m:      Received: evaluate message ba5ab596-2586-4dbc-a559-c20e5d0ec2b7
[92mINFO [0m:      Sent reply
[92mINFO [0m:      
[92mINFO [0m:      Received: train message c7cf74d1-7b18-423a-bd5a-d2536f4b852e
[92mINFO [0m:      Sent reply
[92mINFO [0m:      
[92mINFO [0m:      Received: train message 3577f474-b2bd-4bf0-8878-1f7415b3d4d6
[92mINFO [0m:      Sent reply
[92mINFO [0m:      
[92mINFO [0m:      Received: evaluate message 4836b0c0-1132-45d2-8cf9-d95d21f4689b
[92mINFO [0m:      Sent reply
[92mINFO [0m:      
[92mINFO [0m:      Received: train message a9f85983-5949-41db-9d5a-77e02a0c0a9c
[92mINFO [0m:      Sent reply
[92mINFO [0m:      
[92mINFO [0m:      Received: train message 07456082-47cc-4865-90a2-34edaf18a6a9
[92mINFO [0m:      Sent reply
[92mINFO [0m:      
[92mINFO [0m:      Received: evaluate message 97f53c8b-79e3-4c88-9c1c-6fad567d6da6
[92mINFO [0m:      Sent reply
[92mINFO [0m:      
[92mINFO [0m:      Received: train message 4a0b28e8-40a1-4f91-8dac-81066ae033b3
[92mINFO [0m:      Sent reply
[92mINFO [0m:      
[92mINFO [0m:      Received: evaluate message ccc3e2e7-4f34-4b0f-9e2b-cfef7fb09800
[92mINFO [0m:      Sent reply
[92mINFO [0m:      
[92mINFO [0m:      Received: train message 13ec82b6-035f-4859-8d41-2586dccd10d3
[92mINFO [0m:      Sent reply
[92mINFO [0m:      
[92mINFO [0m:      Received: train message aa7e7d40-f64f-41ec-b50d-1238583179d1
[92mINFO [0m:      Sent reply
[92mINFO [0m:      
[92mINFO [0m:      Received: train message c557d693-55bb-4a30-a20d-919ff11755b4
[92mINFO [0m:      Sent reply
[92mINFO [0m:      
[92mINFO [0m:      Received: reconnect message 4ad5ce27-19ad-44a0-b00b-f51169f07eda
[92mINFO [0m:      Disconnect and shut down
