[93mWARNING [0m:   DEPRECATED FEATURE: flwr.client.start_client() is deprecated.
	Instead, use the `flower-supernode` CLI command to start a SuperNode as shown below:

		$ flower-supernode --insecure --superlink='<IP>:<PORT>'

	To view all available options, run:

		$ flower-supernode --help

	Using `start_client()` is deprecated.

            This is a deprecated feature. It will be removed
            entirely in future versions of Flower.
        
[92mINFO [0m:      
[92mINFO [0m:      Received: train message b7ed336e-8cd7-49ef-bd06-28908d0144ce
[92mINFO [0m:      Sent reply
[92mINFO [0m:      
[92mINFO [0m:      Received: evaluate message 58583b93-8932-43df-8fa4-bec5100ee23e
[92mINFO [0m:      Sent reply
[92mINFO [0m:      
[92mINFO [0m:      Received: train message f1f9a21b-f86a-4985-8e50-8faaee8ebd44
[92mINFO [0m:      Sent reply
[92mINFO [0m:      
[92mINFO [0m:      Received: evaluate message c296cbe1-aa3e-4bf4-b2f7-4fc1eeb0dd50
[92mINFO [0m:      Sent reply
[92mINFO [0m:      
[92mINFO [0m:      Received: train message cb08155b-6ab2-4dbb-9441-fc5bd93a2c59
[92mINFO [0m:      Sent reply
[92mINFO [0m:      
[92mINFO [0m:      Received: train message 4ec6ec54-7903-4316-aa9f-33c66f7f7aba
[92mINFO [0m:      Sent reply
[92mINFO [0m:      
[92mINFO [0m:      Received: train message 05024ee5-360a-46c4-9224-52eee108b0fc
[92mINFO [0m:      Sent reply
[92mINFO [0m:      
[92mINFO [0m:      Received: evaluate message c955ba64-bcce-4dda-a2fc-15ae9f37592c
[92mINFO [0m:      Sent reply
[92mINFO [0m:      
[92mINFO [0m:      Received: train message c38252e7-eb3b-42c8-8fd3-f3c467820247
[92mINFO [0m:      Sent reply
[92mINFO [0m:      
[92mINFO [0m:      Received: evaluate message de100b30-c985-4739-bf2c-13fc998a38c8
[92mINFO [0m:      Sent reply
[92mINFO [0m:      
[92mINFO [0m:      Received: evaluate message 0879f91d-19eb-4fbb-82eb-911bb75f93d1
[92mINFO [0m:      Sent reply
[92mINFO [0m:      
[92mINFO [0m:      Received: train message 3d6fc9b2-7959-4f42-9587-ab6c98042a08
[92mINFO [0m:      Sent reply
[92mINFO [0m:      
[92mINFO [0m:      Received: evaluate message 66eaa2b4-d7ac-461a-8c31-be2be619d598
[92mINFO [0m:      Sent reply
[92mINFO [0m:      
[92mINFO [0m:      Received: train message cd427170-4290-4c13-a53d-1a1ff4a3b19d
[92mINFO [0m:      Sent reply
[92mINFO [0m:      
[92mINFO [0m:      Received: evaluate message ddc4f59e-918e-486f-a98f-25b2f30c4984
[92mINFO [0m:      Sent reply
[92mINFO [0m:      
[92mINFO [0m:      Received: train message 1fd7217e-3600-42e3-bdb8-8c0cdd8985fc
[92mINFO [0m:      Sent reply
[92mINFO [0m:      
[92mINFO [0m:      Received: evaluate message 5f36bfea-ecee-4967-9cb0-8e42660ff2ff
[92mINFO [0m:      Sent reply
[92mINFO [0m:      
[92mINFO [0m:      Received: evaluate message c2bce8ea-700a-4d66-ba7a-bf36d57010ee
[92mINFO [0m:      Sent reply
[92mINFO [0m:      
[92mINFO [0m:      Received: evaluate message d2de8e09-54c6-4264-bf79-63ad5269e5ae
[92mINFO [0m:      Sent reply
[92mINFO [0m:      
[92mINFO [0m:      Received: train message 36f4feb8-2605-43ec-a66e-77dfc31876aa
[92mINFO [0m:      Sent reply
[92mINFO [0m:      
[92mINFO [0m:      Received: evaluate message de2c51b4-80ad-4509-addb-036ffea929be
[92mINFO [0m:      Sent reply
[92mINFO [0m:      
[92mINFO [0m:      Received: evaluate message b429d613-785b-434b-b6bc-9f3f4832258d
[92mINFO [0m:      Sent reply
[92mINFO [0m:      
[92mINFO [0m:      Received: train message 38b967e8-8ca6-4843-a151-f97ac25c7532
[92mINFO [0m:      Sent reply
[92mINFO [0m:      
[92mINFO [0m:      Received: evaluate message bff8078b-b001-4117-8db9-94a8d17f5a1f
[92mINFO [0m:      Sent reply
[92mINFO [0m:      
[92mINFO [0m:      Received: train message fbf8e883-2a05-4140-8981-f8864a3abcbf
[92mINFO [0m:      Sent reply
[92mINFO [0m:      
[92mINFO [0m:      Received: train message 6e9cc180-bd58-4a23-a48d-1612cf1b75a1
[92mINFO [0m:      Sent reply
[92mINFO [0m:      
[92mINFO [0m:      Received: evaluate message 3e63d448-f455-4383-a00d-fd73614aa590
[92mINFO [0m:      Sent reply
[92mINFO [0m:      
[92mINFO [0m:      Received: train message a71dbc80-7bcf-4354-a197-a0d4438b830f
[92mINFO [0m:      Sent reply
[92mINFO [0m:      
[92mINFO [0m:      Received: evaluate message 762c6738-917d-457e-b5fe-45391cc67c2b
[92mINFO [0m:      Sent reply
[92mINFO [0m:      
[92mINFO [0m:      Received: train message 6778a7dd-ba63-481f-95b6-75590356fde3
[92mINFO [0m:      Sent reply
[92mINFO [0m:      
[92mINFO [0m:      Received: train message 153cc8ad-7628-4b99-8a5d-cce27819ea38
[92mINFO [0m:      Sent reply
[92mINFO [0m:      
[92mINFO [0m:      Received: train message 3aa8af1d-092b-4418-9506-c368ee026b7c
[92mINFO [0m:      Sent reply
[92mINFO [0m:      
[92mINFO [0m:      Received: evaluate message 9d04ad92-d568-45ee-825f-4b78cd8df1bb
[92mINFO [0m:      Sent reply
[92mINFO [0m:      
[92mINFO [0m:      Received: train message 7ef44adb-875b-4576-81a0-8bb79357c113
[92mINFO [0m:      Sent reply
[92mINFO [0m:      
[92mINFO [0m:      Received: evaluate message 6dab7c5a-b27d-4004-9f00-a74ef32c02bb
[92mINFO [0m:      Sent reply
[92mINFO [0m:      
[92mINFO [0m:      Received: train message 177764d8-2e33-4cf5-8a00-7f2c5bb86ee0
[92mINFO [0m:      Sent reply
[92mINFO [0m:      
[92mINFO [0m:      Received: evaluate message 32deb65b-6b7b-499b-b798-511763848a29
[92mINFO [0m:      Sent reply
[92mINFO [0m:      
[92mINFO [0m:      Received: train message 607a0e8d-be4e-4011-b841-62ac62ac9e2a
[92mINFO [0m:      Sent reply
[92mINFO [0m:      
[92mINFO [0m:      Received: evaluate message ae9fe05f-c3ce-4c01-85ca-734d8d45d074
[92mINFO [0m:      Sent reply
[92mINFO [0m:      
[92mINFO [0m:      Received: train message b8f29a0c-8b73-49eb-b9f5-3223bdf8981d
[92mINFO [0m:      Sent reply
[92mINFO [0m:      
[92mINFO [0m:      Received: evaluate message 1411be0e-44e8-4510-9904-1e2895dadc15
[92mINFO [0m:      Sent reply
[92mINFO [0m:      
[92mINFO [0m:      Received: train message c70161ac-2c71-4a81-a474-f7876fc4452e
[92mINFO [0m:      Sent reply
[92mINFO [0m:      
[92mINFO [0m:      Received: evaluate message f7af226c-059d-4f75-a83a-9320b442236f
[92mINFO [0m:      Sent reply
[92mINFO [0m:      
[92mINFO [0m:      Received: train message f6773245-a1de-45e9-b865-9dcc9a0d6ffc
[92mINFO [0m:      Sent reply
[92mINFO [0m:      
[92mINFO [0m:      Received: evaluate message 48c9ac2d-fe2e-4190-b76b-4a1b61425a20
[92mINFO [0m:      Sent reply
[92mINFO [0m:      
[92mINFO [0m:      Received: evaluate message 075e7f9f-f1f9-42c6-be5a-e5c769a6883d
[92mINFO [0m:      Sent reply
[92mINFO [0m:      
[92mINFO [0m:      Received: train message 8d65f35c-2277-45fa-8796-4e95e92ae6be
[92mINFO [0m:      Sent reply
[92mINFO [0m:      
[92mINFO [0m:      Received: evaluate message 2a78a9fb-99b5-46b7-95fa-a52f3bb8279a
[92mINFO [0m:      Sent reply
[92mINFO [0m:      
[92mINFO [0m:      Received: train message a7e8483e-b080-47d0-8f4a-4aa363e615cf
[92mINFO [0m:      Sent reply
[92mINFO [0m:      
[92mINFO [0m:      Received: evaluate message d7dbf7c0-a906-47e0-92c8-b893913ff43f
[92mINFO [0m:      Sent reply
[92mINFO [0m:      
[92mINFO [0m:      Received: train message 47fbe2f5-88be-4986-b8a6-f03ab6c0ae71
[92mINFO [0m:      Sent reply
[92mINFO [0m:      
[92mINFO [0m:      Received: train message 2951c2ce-3c57-4523-8a59-4fac94f75d18
[92mINFO [0m:      Sent reply
[92mINFO [0m:      
[92mINFO [0m:      Received: evaluate message 6825a057-2b49-4089-87fc-24adb1210b57
[92mINFO [0m:      Sent reply
[92mINFO [0m:      
[92mINFO [0m:      Received: train message 1528b94a-e20a-4b5b-9bf8-88f6aecbdbc3
[92mINFO [0m:      Sent reply
[92mINFO [0m:      
[92mINFO [0m:      Received: train message 407cf8c7-5272-46bc-81c1-a0b4a8b082ad
[92mINFO [0m:      Sent reply
[92mINFO [0m:      
[92mINFO [0m:      Received: train message 41261795-6a81-4891-9329-67cb142146dc
[92mINFO [0m:      Sent reply
[92mINFO [0m:      
[92mINFO [0m:      Received: evaluate message 14fa2b52-c11e-468e-bfb0-aa47a6129698
[92mINFO [0m:      Sent reply
[92mINFO [0m:      
[92mINFO [0m:      Received: train message ccdcf6bf-1078-48e4-ad42-6cc74f9808ce
[92mINFO [0m:      Sent reply
[92mINFO [0m:      
[92mINFO [0m:      Received: evaluate message 9a8c6087-233d-45dc-a667-b5a1622935ab
[92mINFO [0m:      Sent reply
[92mINFO [0m:      
[92mINFO [0m:      Received: train message 7618c98e-8a92-416f-bb66-5c4be4093e3f
[92mINFO [0m:      Sent reply
[92mINFO [0m:      
[92mINFO [0m:      Received: train message 4d6ec7b4-a1e3-42b3-b87a-8ef334bc73af
[92mINFO [0m:      Sent reply
[92mINFO [0m:      
[92mINFO [0m:      Received: evaluate message e189409e-c865-4d91-b1db-7fb0d6d2dc06
[92mINFO [0m:      Sent reply
[92mINFO [0m:      
[92mINFO [0m:      Received: train message 09f07f23-ba4e-421d-a406-1757cc195071
[92mINFO [0m:      Sent reply
[92mINFO [0m:      
[92mINFO [0m:      Received: evaluate message d0444338-34e4-4438-99ec-b4e8f615193d
[92mINFO [0m:      Sent reply
[92mINFO [0m:      
[92mINFO [0m:      Received: evaluate message 60184b54-916a-461c-b8e1-c8760061b314
[92mINFO [0m:      Sent reply
[92mINFO [0m:      
[92mINFO [0m:      Received: train message 15b94917-deb5-48e1-929c-db7cd3dad990
[92mINFO [0m:      Sent reply
[92mINFO [0m:      
[92mINFO [0m:      Received: train message 1ad08979-02c2-456e-b329-49ee9d96cd6a
[92mINFO [0m:      Sent reply
[92mINFO [0m:      
[92mINFO [0m:      Received: evaluate message 6739eb4f-a84e-443d-98cb-af935d04cd04
[92mINFO [0m:      Sent reply
[92mINFO [0m:      
[92mINFO [0m:      Received: train message 8348145d-ca39-41fb-bcda-3f576058011a
[92mINFO [0m:      Sent reply
[92mINFO [0m:      
[92mINFO [0m:      Received: evaluate message 968eb2c5-5c91-4ff8-9f98-03fd46eee6a2
[92mINFO [0m:      Sent reply
[92mINFO [0m:      
[92mINFO [0m:      Received: train message 08d978cd-0c58-466e-829b-37e2ac38ffc9
[92mINFO [0m:      Sent reply
[92mINFO [0m:      
[92mINFO [0m:      Received: evaluate message 30f94c89-695c-4bca-8916-063e1926c529
[92mINFO [0m:      Sent reply
[92mINFO [0m:      
[92mINFO [0m:      Received: evaluate message cf270f47-c295-47fb-b9dc-7459d30fbf3b
[92mINFO [0m:      Sent reply
[92mINFO [0m:      
[92mINFO [0m:      Received: evaluate message 28abcd34-a04b-4e76-9022-3209a074ff58
[92mINFO [0m:      Sent reply
[92mINFO [0m:      
[92mINFO [0m:      Received: evaluate message 77048c60-a6c0-4003-b599-af82c8a236ed
[92mINFO [0m:      Sent reply
[92mINFO [0m:      
[92mINFO [0m:      Received: train message 26ded360-cbba-4a3e-a9a4-ff2d037458fa
[92mINFO [0m:      Sent reply
[92mINFO [0m:      
[92mINFO [0m:      Received: evaluate message 4bdedc3c-ac39-49f5-8a9e-67f3659f50f8
[92mINFO [0m:      Sent reply
[92mINFO [0m:      
[92mINFO [0m:      Received: train message acdfd94a-7575-464a-a74b-8a7d5d36c054
[92mINFO [0m:      Sent reply
[92mINFO [0m:      
[92mINFO [0m:      Received: evaluate message 6c59c830-bb46-4eb5-9ef3-cc496903929a
[92mINFO [0m:      Sent reply
[92mINFO [0m:      
[92mINFO [0m:      Received: train message c0657d54-5ab7-4811-950e-24f5b38b7a62
[92mINFO [0m:      Sent reply
[92mINFO [0m:      
[92mINFO [0m:      Received: evaluate message 0cc9a16e-9519-4096-aca3-fe0ffea20684
[92mINFO [0m:      Sent reply
[92mINFO [0m:      
[92mINFO [0m:      Received: train message cfdf950a-50b1-4f70-8843-7387a4da185d
[92mINFO [0m:      Sent reply
[92mINFO [0m:      
[92mINFO [0m:      Received: train message aff1bf17-1efd-4581-87e6-bd03f51045ec
[92mINFO [0m:      Sent reply
[92mINFO [0m:      
[92mINFO [0m:      Received: evaluate message 9ae2bea8-50aa-48c3-95ed-c6ad1071f164
[92mINFO [0m:      Sent reply
[92mINFO [0m:      
[92mINFO [0m:      Received: train message 2fdf6998-87b7-4f12-ba00-1077db2441dc
[92mINFO [0m:      Sent reply
[92mINFO [0m:      
[92mINFO [0m:      Received: evaluate message 7be4e18a-8434-480e-a1f0-457e6d3dc0d1
[92mINFO [0m:      Sent reply
[92mINFO [0m:      
[92mINFO [0m:      Received: train message b893f101-3d95-4470-9f4e-44073d28a3bd
[92mINFO [0m:      Sent reply
[92mINFO [0m:      
[92mINFO [0m:      Received: evaluate message 7a3a4e62-d1d9-48da-93b9-d27f50990598
[92mINFO [0m:      Sent reply
[92mINFO [0m:      
[92mINFO [0m:      Received: evaluate message 75ee613d-a7c3-47d0-b05d-d340155e660e
[92mINFO [0m:      Sent reply
[92mINFO [0m:      
[92mINFO [0m:      Received: train message 22695b60-3be0-40ab-81aa-98455ff728f6
[92mINFO [0m:      Sent reply
[92mINFO [0m:      
[92mINFO [0m:      Received: evaluate message 42fe9be9-331c-4597-b605-862ea8088122
[92mINFO [0m:      Sent reply
[92mINFO [0m:      
[92mINFO [0m:      Received: evaluate message 1e8b17a1-d416-4d5e-ba5a-15edef0b0183
[92mINFO [0m:      Sent reply
[92mINFO [0m:      
[92mINFO [0m:      Received: evaluate message 2a65177d-d46b-49a7-a7e2-34c1de7960e9
[92mINFO [0m:      Sent reply
[92mINFO [0m:      
[92mINFO [0m:      Received: train message c98fb64d-d758-4e0e-9c6f-99a2642adcd4
[92mINFO [0m:      Sent reply
[92mINFO [0m:      
[92mINFO [0m:      Received: train message 0307b5ce-0828-434e-9533-fbd158b5482c
[92mINFO [0m:      Sent reply
[92mINFO [0m:      
[92mINFO [0m:      Received: evaluate message cb5d687c-6014-4dae-849d-3bdee386a1eb
[92mINFO [0m:      Sent reply
[92mINFO [0m:      
[92mINFO [0m:      Received: train message cdf59e10-6512-4cc9-b20c-768fea04f59b
[92mINFO [0m:      Sent reply
[92mINFO [0m:      
[92mINFO [0m:      Received: train message b850174f-ea3b-4e20-b5cc-a26535993a9d
[92mINFO [0m:      Sent reply
[92mINFO [0m:      
[92mINFO [0m:      Received: evaluate message eeb8832f-58b4-42ad-a23e-80aac4438a27
[92mINFO [0m:      Sent reply
[92mINFO [0m:      
[92mINFO [0m:      Received: evaluate message a75b1a33-bff0-4b23-a535-9a623bba24a6
[92mINFO [0m:      Sent reply
[92mINFO [0m:      
[92mINFO [0m:      Received: evaluate message 938093d5-2d86-4645-9ba3-df3fab0c1664
[92mINFO [0m:      Sent reply
[92mINFO [0m:      
[92mINFO [0m:      Received: train message b20e35e5-ab4f-426c-bf1f-d0298742eb88
[92mINFO [0m:      Sent reply
[92mINFO [0m:      
[92mINFO [0m:      Received: evaluate message 64be3c1d-9427-45c4-a2c6-a94827cd21a7
[92mINFO [0m:      Sent reply
[92mINFO [0m:      
[92mINFO [0m:      Received: evaluate message ef8dd199-ab91-4139-9341-2295222e8595
[92mINFO [0m:      Sent reply
[92mINFO [0m:      
[92mINFO [0m:      Received: train message a03aef7a-4d79-451c-8d83-c3ced943a413
[92mINFO [0m:      Sent reply
[92mINFO [0m:      
[92mINFO [0m:      Received: evaluate message d2c7497d-56e8-45d1-8fde-06a5ea1b0951
[92mINFO [0m:      Sent reply
[92mINFO [0m:      
[92mINFO [0m:      Received: evaluate message f0195c6b-52d7-4911-af7f-7331e83fc1fb
[92mINFO [0m:      Sent reply
[92mINFO [0m:      
[92mINFO [0m:      Received: train message d01475cc-732d-4cf8-99b8-618938a7e5a2
[92mINFO [0m:      Sent reply
[92mINFO [0m:      
[92mINFO [0m:      Received: train message 2008e21b-a73c-454b-a5c3-4b65d9242e14
[92mINFO [0m:      Sent reply
[92mINFO [0m:      
[92mINFO [0m:      Received: train message 96eddf8b-c98e-4e63-88e1-2a0bb0ea78b3
[92mINFO [0m:      Sent reply
[92mINFO [0m:      
[92mINFO [0m:      Received: train message 3afb39e8-b46a-4401-bd17-aab441d21be8
[92mINFO [0m:      Sent reply
[92mINFO [0m:      
[92mINFO [0m:      Received: train message c0ea8606-b0c3-4a0f-a22f-b9f7839832bf
[92mINFO [0m:      Sent reply
[92mINFO [0m:      
[92mINFO [0m:      Received: evaluate message 181e6232-bb0a-4c99-98d9-1b048b229c0f
[92mINFO [0m:      Sent reply
[92mINFO [0m:      
[92mINFO [0m:      Received: train message 5ba86475-a09d-40ef-a36d-e8db0471743e
[92mINFO [0m:      Sent reply
[92mINFO [0m:      
[92mINFO [0m:      Received: evaluate message 1c1af0a0-4dea-4bd4-91ae-9038b3fe41ec
[92mINFO [0m:      Sent reply
[92mINFO [0m:      
[92mINFO [0m:      Received: train message 5e6e97b2-2c4b-4453-954b-badffcd13f94
[92mINFO [0m:      Sent reply
[92mINFO [0m:      
[92mINFO [0m:      Received: train message 1181e2f6-439e-4272-bd75-523aaea44c53
[92mINFO [0m:      Sent reply
[92mINFO [0m:      
[92mINFO [0m:      Received: train message 5af345ab-1ed1-4db7-aa31-c608fe19e469
[92mINFO [0m:      Sent reply
[92mINFO [0m:      
[92mINFO [0m:      Received: evaluate message 23393fb3-d1d0-49dc-9bb1-62193db9b18f
[92mINFO [0m:      Sent reply
[92mINFO [0m:      
[92mINFO [0m:      Received: train message 40f51733-1938-4b7e-a3eb-83314645a0fd
[92mINFO [0m:      Sent reply
[92mINFO [0m:      
[92mINFO [0m:      Received: evaluate message af5d37b9-485a-4f33-93a0-67316c54f474
[92mINFO [0m:      Sent reply
[92mINFO [0m:      
[92mINFO [0m:      Received: train message fc2ca495-d80a-4668-b468-4abcf509946f
[92mINFO [0m:      Sent reply
[92mINFO [0m:      
[92mINFO [0m:      Received: train message 2aac40d6-01f9-47d9-959a-25ae2a40a466
[92mINFO [0m:      Sent reply
[92mINFO [0m:      
[92mINFO [0m:      Received: train message 1172345a-15d0-40b7-9763-5cd886ab8944
[92mINFO [0m:      Sent reply
[92mINFO [0m:      
[92mINFO [0m:      Received: train message 03f0724c-2eb7-4f6b-b459-14d2da4fd5fa
[92mINFO [0m:      Sent reply
[92mINFO [0m:      
[92mINFO [0m:      Received: evaluate message adb2a3e5-8147-4f50-993a-33167ebfd41a
[92mINFO [0m:      Sent reply
[92mINFO [0m:      
[92mINFO [0m:      Received: reconnect message 4227a9fa-10cc-4fdf-a132-b50fcad63426
[92mINFO [0m:      Disconnect and shut down
