[93mWARNING [0m:   DEPRECATED FEATURE: flwr.client.start_client() is deprecated.
	Instead, use the `flower-supernode` CLI command to start a SuperNode as shown below:

		$ flower-supernode --insecure --superlink='<IP>:<PORT>'

	To view all available options, run:

		$ flower-supernode --help

	Using `start_client()` is deprecated.

            This is a deprecated feature. It will be removed
            entirely in future versions of Flower.
        
[92mINFO [0m:      
[92mINFO [0m:      Received: train message 8150690f-365f-46e4-a9e3-07805f2b0f26
[92mINFO [0m:      Sent reply
[92mINFO [0m:      
[92mINFO [0m:      Received: evaluate message 0bff8f06-67b9-45ca-8051-08b63b56382e
[92mINFO [0m:      Sent reply
[92mINFO [0m:      
[92mINFO [0m:      Received: train message 72eaae90-2c56-40f3-af8e-8cc19c624592
[92mINFO [0m:      Sent reply
[92mINFO [0m:      
[92mINFO [0m:      Received: evaluate message 3cb38979-be17-4ed0-b879-13edc8386ee8
[92mINFO [0m:      Sent reply
[92mINFO [0m:      
[92mINFO [0m:      Received: train message 3ca4d01f-46c3-47e0-8225-130e879eaf45
[92mINFO [0m:      Sent reply
[92mINFO [0m:      
[92mINFO [0m:      Received: evaluate message 0ad47717-0b01-4901-ba46-b85b88cf4edd
[92mINFO [0m:      Sent reply
[92mINFO [0m:      
[92mINFO [0m:      Received: train message 4739e75b-6e19-4a1b-bea3-f86c4c38bc8d
[92mINFO [0m:      Sent reply
[92mINFO [0m:      
[92mINFO [0m:      Received: evaluate message 6f9d3a26-750f-41be-8c48-e1eef88bb4d0
[92mINFO [0m:      Sent reply
[92mINFO [0m:      
[92mINFO [0m:      Received: train message 39e55199-d9e2-43e6-9672-e3b7af8cd582
[92mINFO [0m:      Sent reply
[92mINFO [0m:      
[92mINFO [0m:      Received: evaluate message 60f9226f-25c8-4971-937f-e6cd8c0c06b6
[92mINFO [0m:      Sent reply
[92mINFO [0m:      
[92mINFO [0m:      Received: train message 362f3451-c49e-4416-90cc-5925934baab9
[92mINFO [0m:      Sent reply
[92mINFO [0m:      
[92mINFO [0m:      Received: evaluate message be860bc2-fb23-44cb-a48b-399bdb43cea8
[92mINFO [0m:      Sent reply
[92mINFO [0m:      
[92mINFO [0m:      Received: train message 2b14a025-e460-4284-9d15-b72d666c6418
[92mINFO [0m:      Sent reply
[92mINFO [0m:      
[92mINFO [0m:      Received: evaluate message a5374b55-46cd-4f45-bc65-39e9a0b3d06d
[92mINFO [0m:      Sent reply
[92mINFO [0m:      
[92mINFO [0m:      Received: train message 5e771c8f-eef8-4e63-b4ec-b8376e81bb27
[92mINFO [0m:      Sent reply
[92mINFO [0m:      
[92mINFO [0m:      Received: evaluate message 25db0cd4-fe20-4ee5-8718-0304dc710a79
[92mINFO [0m:      Sent reply
[92mINFO [0m:      
[92mINFO [0m:      Received: train message ef347e9b-9bbb-468d-a827-929fb0221325
[92mINFO [0m:      Sent reply
[92mINFO [0m:      
[92mINFO [0m:      Received: evaluate message c8f878af-8e10-4ec6-b619-6f0f9a637fdb
[92mINFO [0m:      Sent reply
[92mINFO [0m:      
[92mINFO [0m:      Received: train message 372ca01a-2677-4a76-a579-19b51e838f9a
[92mINFO [0m:      Sent reply
[92mINFO [0m:      
[92mINFO [0m:      Received: evaluate message dccceb9a-926f-40ca-9734-90af7fe17d6e
[92mINFO [0m:      Sent reply
[92mINFO [0m:      
[92mINFO [0m:      Received: train message ad783fa7-e04a-4cea-9247-c1716b0a0e4e
[92mINFO [0m:      Sent reply
[92mINFO [0m:      
[92mINFO [0m:      Received: evaluate message d0e3dfed-026a-4086-ba3f-0f19e7fccee6
[92mINFO [0m:      Sent reply
[92mINFO [0m:      
[92mINFO [0m:      Received: train message 1299f4d6-9464-4c64-a162-31eeb08b1400
[92mINFO [0m:      Sent reply
[92mINFO [0m:      
[92mINFO [0m:      Received: evaluate message 98d02e3f-184e-4cc0-9ca7-7558e77af927
[92mINFO [0m:      Sent reply
[92mINFO [0m:      
[92mINFO [0m:      Received: train message 4b2a8d31-ca40-4be0-8991-2128801404a2
[92mINFO [0m:      Sent reply
[92mINFO [0m:      
[92mINFO [0m:      Received: evaluate message 2b8abdd9-5864-4a69-8d9f-1babb8097a8c
[92mINFO [0m:      Sent reply
[92mINFO [0m:      
[92mINFO [0m:      Received: train message 36e0a282-7eea-425e-9eae-dae10f6e13a6
[92mINFO [0m:      Sent reply
[92mINFO [0m:      
[92mINFO [0m:      Received: evaluate message 22fca31d-e172-46fa-bbaa-084c8e90126b
[92mINFO [0m:      Sent reply
[92mINFO [0m:      
[92mINFO [0m:      Received: train message ec450b2e-fcac-48de-b842-1e49a02373b9
[92mINFO [0m:      Sent reply
[92mINFO [0m:      
[92mINFO [0m:      Received: evaluate message 350c06b6-2152-413e-9530-9f50145f3562
[92mINFO [0m:      Sent reply
[92mINFO [0m:      
[92mINFO [0m:      Received: train message cd1faa53-41b5-4cfe-ad05-c550dec5969c
[92mINFO [0m:      Sent reply
[92mINFO [0m:      
[92mINFO [0m:      Received: evaluate message afddd5b5-672f-4fbd-9711-32bc8ce3887f
[92mINFO [0m:      Sent reply
[92mINFO [0m:      
[92mINFO [0m:      Received: train message 95e9eae8-40b8-4a80-a607-d49b1a704d33
[92mINFO [0m:      Sent reply
[92mINFO [0m:      
[92mINFO [0m:      Received: evaluate message dd1bcb40-d488-4560-96be-b97071dd5cfc
[92mINFO [0m:      Sent reply
[92mINFO [0m:      
[92mINFO [0m:      Received: train message 90494595-d9df-491d-a0bf-8df755d8bb0e
[92mINFO [0m:      Sent reply
[92mINFO [0m:      
[92mINFO [0m:      Received: evaluate message 0ad8f439-bed5-42d9-bf76-872bc2a6ad41
[92mINFO [0m:      Sent reply
[92mINFO [0m:      
[92mINFO [0m:      Received: train message 5d3519bf-3ecf-4ac8-9fb3-628eb5d947d6
[92mINFO [0m:      Sent reply
[92mINFO [0m:      
[92mINFO [0m:      Received: evaluate message 0e2c3115-1df8-4b07-ab63-e50734d1a4e8
[92mINFO [0m:      Sent reply
[92mINFO [0m:      
[92mINFO [0m:      Received: train message 389848f3-d53b-40ec-85ec-58603f09f090
[92mINFO [0m:      Sent reply
[92mINFO [0m:      
[92mINFO [0m:      Received: evaluate message 2abcdb10-f9f5-47b2-959a-bf336084417c
[92mINFO [0m:      Sent reply
[92mINFO [0m:      
[92mINFO [0m:      Received: train message 5d26f266-15bf-4406-909a-daf4cda70f73
[92mINFO [0m:      Sent reply
[92mINFO [0m:      
[92mINFO [0m:      Received: evaluate message 35529c16-876e-4d52-a6f2-237a1920f044
[92mINFO [0m:      Sent reply
[92mINFO [0m:      
[92mINFO [0m:      Received: train message 5d3a3560-2a65-4bf7-b991-9f4560fc3a0e
[92mINFO [0m:      Sent reply
[92mINFO [0m:      
[92mINFO [0m:      Received: evaluate message 3e880e26-5dd2-4263-9837-0cff6b1d937c
[92mINFO [0m:      Sent reply
[92mINFO [0m:      
[92mINFO [0m:      Received: train message 5d71b1ca-6f25-4dec-a32c-5d72cfd99f8e
[92mINFO [0m:      Sent reply
[92mINFO [0m:      
[92mINFO [0m:      Received: evaluate message 392b8678-c3f3-4964-b1b4-8c1886a097f3
[92mINFO [0m:      Sent reply
[92mINFO [0m:      
[92mINFO [0m:      Received: train message d5547268-185d-4a54-bcfd-62d1dfa4d268
[92mINFO [0m:      Sent reply
[92mINFO [0m:      
[92mINFO [0m:      Received: evaluate message 05e4e43a-bfbb-4f94-9004-f21f6a2ea407
[92mINFO [0m:      Sent reply
[92mINFO [0m:      
[92mINFO [0m:      Received: train message ea3262b5-8505-48ed-a031-980e92ed9f52
[92mINFO [0m:      Sent reply
[92mINFO [0m:      
[92mINFO [0m:      Received: evaluate message 755e5cdb-6034-4cba-9747-0752d380cfa9
[92mINFO [0m:      Sent reply
[92mINFO [0m:      
[92mINFO [0m:      Received: train message 6e0b831d-1fcc-4477-927e-78086d8470b7
[92mINFO [0m:      Sent reply
[92mINFO [0m:      
[92mINFO [0m:      Received: evaluate message 9ca8d14b-3136-4b24-ab53-088109c9d98c
[92mINFO [0m:      Sent reply
[92mINFO [0m:      
[92mINFO [0m:      Received: train message 3a337d40-0ac6-4ea3-974e-c13da50958d2
[92mINFO [0m:      Sent reply
[92mINFO [0m:      
[92mINFO [0m:      Received: evaluate message a11cd117-1798-4ef9-8d2a-b6922fed7fed
[92mINFO [0m:      Sent reply
[92mINFO [0m:      
[92mINFO [0m:      Received: train message 8f4ca0a7-dcfc-4b72-a5dc-07cd3057cee7
[92mINFO [0m:      Sent reply
[92mINFO [0m:      
[92mINFO [0m:      Received: evaluate message d58c83fd-5c57-42fb-8ae3-a014b85556a7
[92mINFO [0m:      Sent reply
[92mINFO [0m:      
[92mINFO [0m:      Received: train message 83cf82d6-f5a4-4c7d-8688-a4dd5f75375b
[92mINFO [0m:      Sent reply
[92mINFO [0m:      
[92mINFO [0m:      Received: evaluate message 721fc752-b892-4b8f-bc55-2a7eb5dfc67a
[92mINFO [0m:      Sent reply
[92mINFO [0m:      
[92mINFO [0m:      Received: train message 2bc736f7-4247-4d55-95bc-b649cccbf792
[92mINFO [0m:      Sent reply
[92mINFO [0m:      
[92mINFO [0m:      Received: evaluate message b01aea3f-c02a-4634-9d52-344aaef5eb26
[92mINFO [0m:      Sent reply
[92mINFO [0m:      
[92mINFO [0m:      Received: train message 4f2021a5-e2be-4e7c-8ea3-b2056ab537c0
[92mINFO [0m:      Sent reply
[92mINFO [0m:      
[92mINFO [0m:      Received: evaluate message 7b7a6834-18ab-415f-8b1c-2a845860b7d6
[92mINFO [0m:      Sent reply
[92mINFO [0m:      
[92mINFO [0m:      Received: train message c3ca3dba-cc96-4398-89ce-4d3264678585
[92mINFO [0m:      Sent reply
[92mINFO [0m:      
[92mINFO [0m:      Received: evaluate message 95f9b2a7-89b8-4ef5-91ca-3c49a6077391
[92mINFO [0m:      Sent reply
[92mINFO [0m:      
[92mINFO [0m:      Received: train message cc32aec5-b2fe-457b-89c2-7e0f02f5860b
[92mINFO [0m:      Sent reply
[92mINFO [0m:      
[92mINFO [0m:      Received: evaluate message 157ba2ac-7272-4ae6-af3a-0f78eae348ab
[92mINFO [0m:      Sent reply
[92mINFO [0m:      
[92mINFO [0m:      Received: train message 3ab35f93-2064-46a6-a7ef-665fd7d70417
[92mINFO [0m:      Sent reply
[92mINFO [0m:      
[92mINFO [0m:      Received: evaluate message 07e3561b-37c6-4690-bf12-96a3c80dfef1
[92mINFO [0m:      Sent reply
[92mINFO [0m:      
[92mINFO [0m:      Received: train message acef31d2-a65e-4787-96a1-11e89d8e0cd7
[92mINFO [0m:      Sent reply
[92mINFO [0m:      
[92mINFO [0m:      Received: evaluate message ab802595-a5d9-4ccd-af09-f30b8718c908
[92mINFO [0m:      Sent reply
[92mINFO [0m:      
[92mINFO [0m:      Received: train message 6efbccd8-c915-429b-8bd5-aa48e5b865d2
[92mINFO [0m:      Sent reply
[92mINFO [0m:      
[92mINFO [0m:      Received: evaluate message df4f895b-b885-403a-ba28-8712766aa396
[92mINFO [0m:      Sent reply
[92mINFO [0m:      
[92mINFO [0m:      Received: train message 9ae36881-fe9d-442e-ae0f-7013949846e3
[92mINFO [0m:      Sent reply
[92mINFO [0m:      
[92mINFO [0m:      Received: evaluate message 4e119863-5ba9-4962-bf18-c11af1cf603a
[92mINFO [0m:      Sent reply
[92mINFO [0m:      
[92mINFO [0m:      Received: train message 60fa7c69-de57-467d-8602-c8099dc2a9b6
[92mINFO [0m:      Sent reply
[92mINFO [0m:      
[92mINFO [0m:      Received: evaluate message 704a3da8-8c8c-411e-be0b-3568543867d1
[92mINFO [0m:      Sent reply
[92mINFO [0m:      
[92mINFO [0m:      Received: train message ad4fa481-8240-4951-aae0-0f4a4d5512b1
[92mINFO [0m:      Sent reply
[92mINFO [0m:      
[92mINFO [0m:      Received: evaluate message a15fc0bf-9d06-42b1-a00e-48689191f917
[92mINFO [0m:      Sent reply
[92mINFO [0m:      
[92mINFO [0m:      Received: train message 187b7f45-ae5a-4fc2-ae59-1169fc768ca0
[92mINFO [0m:      Sent reply
[92mINFO [0m:      
[92mINFO [0m:      Received: evaluate message 4c3715c7-fde8-46c3-be69-ed180cc73059
[92mINFO [0m:      Sent reply
[92mINFO [0m:      
[92mINFO [0m:      Received: train message 2d4a23b7-e75d-40f6-abf1-c385b115cfa6
[92mINFO [0m:      Sent reply
[92mINFO [0m:      
[92mINFO [0m:      Received: evaluate message 609e75ae-387d-4642-8fd3-40e9589bdb0a
[92mINFO [0m:      Sent reply
[92mINFO [0m:      
[92mINFO [0m:      Received: train message 938981f2-2be1-4694-9ea9-3bbc198af1f6
[92mINFO [0m:      Sent reply
[92mINFO [0m:      
[92mINFO [0m:      Received: evaluate message fc7308fd-18d2-4739-acc0-297d8d521a7d
[92mINFO [0m:      Sent reply
[92mINFO [0m:      
[92mINFO [0m:      Received: train message aed10ef1-e5b8-4320-8ede-b525dd9a350b
[92mINFO [0m:      Sent reply
[92mINFO [0m:      
[92mINFO [0m:      Received: evaluate message 4c362a63-f637-473e-823e-f83eca2ca762
[92mINFO [0m:      Sent reply
[92mINFO [0m:      
[92mINFO [0m:      Received: train message 37bb6efb-93ab-48bd-ba3e-6591fc915940
[92mINFO [0m:      Sent reply
[92mINFO [0m:      
[92mINFO [0m:      Received: evaluate message 4c9dfad6-6d10-4649-82b1-98799e40b3c8
[92mINFO [0m:      Sent reply
[92mINFO [0m:      
[92mINFO [0m:      Received: train message 87ca5043-a350-4764-aad0-31e21c9788d9
[92mINFO [0m:      Sent reply
[92mINFO [0m:      
[92mINFO [0m:      Received: evaluate message 3399c096-d903-4c44-9cc6-9c47531023e2
[92mINFO [0m:      Sent reply
[92mINFO [0m:      
[92mINFO [0m:      Received: train message 492d5648-b512-40c8-96bf-bb810a71541c
[92mINFO [0m:      Sent reply
[92mINFO [0m:      
[92mINFO [0m:      Received: evaluate message 165ab4ce-ab2a-4d02-a8fe-41ab4f2f9151
[92mINFO [0m:      Sent reply
[92mINFO [0m:      
[92mINFO [0m:      Received: train message 984d1401-3507-4a19-b617-f8c259309665
[92mINFO [0m:      Sent reply
[92mINFO [0m:      
[92mINFO [0m:      Received: evaluate message 3768f383-78d0-4717-85dd-e691d6331cc3
[92mINFO [0m:      Sent reply
[92mINFO [0m:      
[92mINFO [0m:      Received: train message 19c6a8f8-1688-477a-ae58-590eaaebb0bf
[92mINFO [0m:      Sent reply
[92mINFO [0m:      
[92mINFO [0m:      Received: evaluate message 62fcc4af-d6e5-430d-9292-9fbffc806bbf
[92mINFO [0m:      Sent reply
[92mINFO [0m:      
[92mINFO [0m:      Received: train message 850d78eb-70e8-464f-b675-065e2d65585e
[92mINFO [0m:      Sent reply
[92mINFO [0m:      
[92mINFO [0m:      Received: evaluate message 4e77d6e0-c642-49ce-82b9-8b0835e126c7
[92mINFO [0m:      Sent reply
[92mINFO [0m:      
[92mINFO [0m:      Received: train message a4b9add6-be5b-46a6-bcfd-da83099afad9
[92mINFO [0m:      Sent reply
[92mINFO [0m:      
[92mINFO [0m:      Received: evaluate message 84e84f6a-307b-4305-868d-223c5021f522
[92mINFO [0m:      Sent reply
[92mINFO [0m:      
[92mINFO [0m:      Received: reconnect message 7bd8c8da-4824-4fa4-aca7-2e68eed5bc4f
[92mINFO [0m:      Disconnect and shut down
