[93mWARNING [0m:   DEPRECATED FEATURE: flwr.client.start_client() is deprecated.
	Instead, use the `flower-supernode` CLI command to start a SuperNode as shown below:

		$ flower-supernode --insecure --superlink='<IP>:<PORT>'

	To view all available options, run:

		$ flower-supernode --help

	Using `start_client()` is deprecated.

            This is a deprecated feature. It will be removed
            entirely in future versions of Flower.
        
[92mINFO [0m:      
[92mINFO [0m:      Received: train message efd1ef73-702f-4771-93d2-21cd3ab1498b
[92mINFO [0m:      Sent reply
[92mINFO [0m:      
[92mINFO [0m:      Received: evaluate message 4579c265-d5f8-492d-a07b-84a49721f039
[92mINFO [0m:      Sent reply
[92mINFO [0m:      
[92mINFO [0m:      Received: train message cb09ef68-020d-4015-86bc-f7228a34ed0b
[92mINFO [0m:      Sent reply
[92mINFO [0m:      
[92mINFO [0m:      Received: evaluate message 28871261-6777-42ba-bf01-fa1c7234ce0c
[92mINFO [0m:      Sent reply
[92mINFO [0m:      
[92mINFO [0m:      Received: train message 46c423a6-4327-44e2-aa68-9952ac474eaa
[92mINFO [0m:      Sent reply
[92mINFO [0m:      
[92mINFO [0m:      Received: evaluate message 62e32bb8-c069-4d5e-ba2a-10931e3a14db
[92mINFO [0m:      Sent reply
[92mINFO [0m:      
[92mINFO [0m:      Received: train message c1606fb4-88eb-4d6d-a640-8dde5f1e7af3
[92mINFO [0m:      Sent reply
[92mINFO [0m:      
[92mINFO [0m:      Received: evaluate message 5678f062-73ce-45ba-8ce5-a49aad7c600c
[92mINFO [0m:      Sent reply
[92mINFO [0m:      
[92mINFO [0m:      Received: train message 200edd02-3743-4672-abcb-ef45cfd2feb1
[92mINFO [0m:      Sent reply
[92mINFO [0m:      
[92mINFO [0m:      Received: evaluate message ca371857-c9af-4394-a2c3-81ee4f4c5d6c
[92mINFO [0m:      Sent reply
[92mINFO [0m:      
[92mINFO [0m:      Received: train message cb7acbbb-6160-4c07-8660-75edeb211033
[92mINFO [0m:      Sent reply
[92mINFO [0m:      
[92mINFO [0m:      Received: evaluate message 49ef10ec-3554-4a3f-97e4-5796d2a9b5aa
[92mINFO [0m:      Sent reply
[92mINFO [0m:      
[92mINFO [0m:      Received: train message 21b97593-952e-4eca-89ed-0aba525a74d2
[92mINFO [0m:      Sent reply
[92mINFO [0m:      
[92mINFO [0m:      Received: evaluate message e8bdd053-2075-4629-865e-2c5dc8b50974
[92mINFO [0m:      Sent reply
[92mINFO [0m:      
[92mINFO [0m:      Received: train message 2ee6e648-13b0-4f45-89be-fa50f24ca94a
[92mINFO [0m:      Sent reply
[92mINFO [0m:      
[92mINFO [0m:      Received: evaluate message d2316b9c-e53e-4305-9c66-37fee58a8e20
[92mINFO [0m:      Sent reply
[92mINFO [0m:      
[92mINFO [0m:      Received: train message 4a2488bd-837e-44b3-94b0-b1bd3108ac77
[92mINFO [0m:      Sent reply
[92mINFO [0m:      
[92mINFO [0m:      Received: evaluate message 36738248-7c70-419e-b169-fa9aa2f1ab1f
[92mINFO [0m:      Sent reply
[92mINFO [0m:      
[92mINFO [0m:      Received: train message f7778290-85e5-451b-a1cc-fd1e2e9942cc
[92mINFO [0m:      Sent reply
[92mINFO [0m:      
[92mINFO [0m:      Received: evaluate message 7900acf2-4df4-4f4d-a8bc-e092b73b2afa
[92mINFO [0m:      Sent reply
[92mINFO [0m:      
[92mINFO [0m:      Received: train message 779b821f-e4d6-475e-a1ca-95156722cf84
[92mINFO [0m:      Sent reply
[92mINFO [0m:      
[92mINFO [0m:      Received: evaluate message 9b3f1c01-c3c7-4f3c-90db-19a101c9c5c9
[92mINFO [0m:      Sent reply
[92mINFO [0m:      
[92mINFO [0m:      Received: train message bee332e0-085d-4051-b7ee-c2c5d4ee259b
[92mINFO [0m:      Sent reply
[92mINFO [0m:      
[92mINFO [0m:      Received: evaluate message 5858c183-ebe3-4035-8e7d-0571947b4a15
[92mINFO [0m:      Sent reply
[92mINFO [0m:      
[92mINFO [0m:      Received: train message 561814cd-99b5-4b39-8025-efcb17cdd3d0
[92mINFO [0m:      Sent reply
[92mINFO [0m:      
[92mINFO [0m:      Received: evaluate message b80e7695-63c7-44d4-b560-35da96e66551
[92mINFO [0m:      Sent reply
[92mINFO [0m:      
[92mINFO [0m:      Received: train message 2a5bef9f-911d-43fa-a704-0c0fc04b7262
[92mINFO [0m:      Sent reply
[92mINFO [0m:      
[92mINFO [0m:      Received: evaluate message e1d1926a-1a73-45c4-9dcf-8a043277c90f
[92mINFO [0m:      Sent reply
[92mINFO [0m:      
[92mINFO [0m:      Received: train message df2e0d09-8f9a-4e00-8ffc-9dcd06497d36
[92mINFO [0m:      Sent reply
[92mINFO [0m:      
[92mINFO [0m:      Received: evaluate message b30a08d5-4e90-4059-98f0-06c2397eb668
[92mINFO [0m:      Sent reply
[92mINFO [0m:      
[92mINFO [0m:      Received: train message 55b2fe4c-d3c4-4cd7-ab82-8c3441704f9c
[92mINFO [0m:      Sent reply
[92mINFO [0m:      
[92mINFO [0m:      Received: evaluate message 35997632-5659-47f3-a947-7ee274820532
[92mINFO [0m:      Sent reply
[92mINFO [0m:      
[92mINFO [0m:      Received: train message 957c6224-19e7-4209-86cf-2211c3480134
[92mINFO [0m:      Sent reply
[92mINFO [0m:      
[92mINFO [0m:      Received: evaluate message 303bda47-0f13-4c5c-9658-1a9b3afddafd
[92mINFO [0m:      Sent reply
[92mINFO [0m:      
[92mINFO [0m:      Received: train message 26f8b14f-fd0e-4850-af33-28d870fc7399
[92mINFO [0m:      Sent reply
[92mINFO [0m:      
[92mINFO [0m:      Received: evaluate message 0502e837-739e-44f2-9bf2-67a4e37426fc
[92mINFO [0m:      Sent reply
[92mINFO [0m:      
[92mINFO [0m:      Received: train message f4f27db8-e944-4d36-ac47-22a195f78592
[92mINFO [0m:      Sent reply
[92mINFO [0m:      
[92mINFO [0m:      Received: evaluate message db03a37d-2984-4fda-9c00-cce1fbaa51f8
[92mINFO [0m:      Sent reply
[92mINFO [0m:      
[92mINFO [0m:      Received: train message c655b555-baa6-410b-a0e4-c91c7bc02847
[92mINFO [0m:      Sent reply
[92mINFO [0m:      
[92mINFO [0m:      Received: evaluate message 22809e83-ddc8-468e-ba16-2dab99222b4c
[92mINFO [0m:      Sent reply
[92mINFO [0m:      
[92mINFO [0m:      Received: train message ed07dd13-fa71-43b4-8681-db53c3269f64
[92mINFO [0m:      Sent reply
[92mINFO [0m:      
[92mINFO [0m:      Received: evaluate message 24adfd6a-239c-42a2-85bc-d71c4a4597b4
[92mINFO [0m:      Sent reply
[92mINFO [0m:      
[92mINFO [0m:      Received: train message fe0d8d38-7d44-4ab8-9018-1f0a1274cdc5
[92mINFO [0m:      Sent reply
[92mINFO [0m:      
[92mINFO [0m:      Received: evaluate message 43330813-5cfc-4845-a6fa-a437670c5bd3
[92mINFO [0m:      Sent reply
[92mINFO [0m:      
[92mINFO [0m:      Received: train message b845f57f-7ba0-4b29-8a46-02f514a0eed4
[92mINFO [0m:      Sent reply
[92mINFO [0m:      
[92mINFO [0m:      Received: evaluate message 75278914-b860-457b-ad06-060f9ba71acf
[92mINFO [0m:      Sent reply
[92mINFO [0m:      
[92mINFO [0m:      Received: train message eded8181-0190-4818-b226-d9913b08cd0e
[92mINFO [0m:      Sent reply
[92mINFO [0m:      
[92mINFO [0m:      Received: evaluate message b91a30fc-2623-4879-b4dd-a7571cf9c0cf
[92mINFO [0m:      Sent reply
[92mINFO [0m:      
[92mINFO [0m:      Received: train message d4fe95e7-1f84-4a66-a4c8-6d87b92931fa
[92mINFO [0m:      Sent reply
[92mINFO [0m:      
[92mINFO [0m:      Received: evaluate message 018564c6-2cc3-407e-a6e2-69e3ec588628
[92mINFO [0m:      Sent reply
[92mINFO [0m:      
[92mINFO [0m:      Received: train message e609f7b0-d90f-4efe-a4ea-3babe5a6042f
[92mINFO [0m:      Sent reply
[92mINFO [0m:      
[92mINFO [0m:      Received: evaluate message d8a819a0-cb78-4b2f-9e28-468bd9660968
[92mINFO [0m:      Sent reply
[92mINFO [0m:      
[92mINFO [0m:      Received: train message daa005cb-9f45-4505-b8ca-36453f2e7c93
[92mINFO [0m:      Sent reply
[92mINFO [0m:      
[92mINFO [0m:      Received: evaluate message 40bdb407-eb73-4be2-bd0a-f1760a7f16a1
[92mINFO [0m:      Sent reply
[92mINFO [0m:      
[92mINFO [0m:      Received: train message 9cece3e1-3db1-4f01-adc9-5e18e8da302d
[92mINFO [0m:      Sent reply
[92mINFO [0m:      
[92mINFO [0m:      Received: evaluate message 6151fd03-9242-4182-91b4-52f531c7cb55
[92mINFO [0m:      Sent reply
[92mINFO [0m:      
[92mINFO [0m:      Received: train message c8671a9b-eea4-4188-8d4e-e76053d48915
[92mINFO [0m:      Sent reply
[92mINFO [0m:      
[92mINFO [0m:      Received: evaluate message 41bd8ab8-6469-4d12-86e7-94bde3eb8770
[92mINFO [0m:      Sent reply
[92mINFO [0m:      
[92mINFO [0m:      Received: train message 576dc18a-6011-41e3-9512-9f66c1957b35
[92mINFO [0m:      Sent reply
[92mINFO [0m:      
[92mINFO [0m:      Received: evaluate message 370f6f56-619a-40f7-ad45-e75d876e42a9
[92mINFO [0m:      Sent reply
[92mINFO [0m:      
[92mINFO [0m:      Received: train message 27075ced-1468-40c4-bd17-ff679c4f91ea
[92mINFO [0m:      Sent reply
[92mINFO [0m:      
[92mINFO [0m:      Received: evaluate message 4156fc96-6e13-4ca9-847d-d33c632f8bd9
[92mINFO [0m:      Sent reply
[92mINFO [0m:      
[92mINFO [0m:      Received: train message 5a1a0174-93c5-4b81-a915-cd31ff6703d7
[92mINFO [0m:      Sent reply
[92mINFO [0m:      
[92mINFO [0m:      Received: evaluate message 668bccf4-9aae-4f4c-b82f-06937820e248
[92mINFO [0m:      Sent reply
[92mINFO [0m:      
[92mINFO [0m:      Received: train message 99c77ee9-fb4c-4220-a277-ee5df46a3f55
[92mINFO [0m:      Sent reply
[92mINFO [0m:      
[92mINFO [0m:      Received: evaluate message 5589627f-35e1-4307-8336-790b0a9023f6
[92mINFO [0m:      Sent reply
[92mINFO [0m:      
[92mINFO [0m:      Received: train message a8ac7c1f-9d8c-424b-a983-dea9d7908489
[92mINFO [0m:      Sent reply
[92mINFO [0m:      
[92mINFO [0m:      Received: evaluate message d21cb0fd-1e59-42b8-a5d6-99408b6ac214
[92mINFO [0m:      Sent reply
[92mINFO [0m:      
[92mINFO [0m:      Received: train message 1e98230a-7637-47bd-bf59-49c185872ab2
[92mINFO [0m:      Sent reply
[92mINFO [0m:      
[92mINFO [0m:      Received: evaluate message ec04bd6d-e20a-4dc2-90f7-520e93074e88
[92mINFO [0m:      Sent reply
[92mINFO [0m:      
[92mINFO [0m:      Received: train message 5914d9ad-b452-44f7-b893-f85098166c8a
[92mINFO [0m:      Sent reply
[92mINFO [0m:      
[92mINFO [0m:      Received: evaluate message e28a3be8-a99d-4a14-bac8-02d76dcf86b2
[92mINFO [0m:      Sent reply
[92mINFO [0m:      
[92mINFO [0m:      Received: train message ce0c0bfd-a797-4cc7-84bb-123a56a6c2f1
[92mINFO [0m:      Sent reply
[92mINFO [0m:      
[92mINFO [0m:      Received: evaluate message 8fe0ee9c-24d8-4a1d-bd2a-4166a64239b7
[92mINFO [0m:      Sent reply
[92mINFO [0m:      
[92mINFO [0m:      Received: train message ceea48d6-f17a-464a-a7f5-21a56d1caa96
[92mINFO [0m:      Sent reply
[92mINFO [0m:      
[92mINFO [0m:      Received: evaluate message bf6c6791-17e1-4887-9890-7e4a408d0593
[92mINFO [0m:      Sent reply
[92mINFO [0m:      
[92mINFO [0m:      Received: train message 46ebc2bc-9618-408a-a416-b1c3d8c9b883
[92mINFO [0m:      Sent reply
[92mINFO [0m:      
[92mINFO [0m:      Received: evaluate message fe91181f-d2ca-419e-8ce2-bc340b45e0a5
[92mINFO [0m:      Sent reply
[92mINFO [0m:      
[92mINFO [0m:      Received: train message d3117962-42b3-45c5-bbf6-8353a0a7b184
[92mINFO [0m:      Sent reply
[92mINFO [0m:      
[92mINFO [0m:      Received: evaluate message a88a69f7-39d2-4c7d-a54d-0e2d42a48930
[92mINFO [0m:      Sent reply
[92mINFO [0m:      
[92mINFO [0m:      Received: train message 245d1cc6-87dd-4e7b-9fe3-ea00533c303a
[92mINFO [0m:      Sent reply
[92mINFO [0m:      
[92mINFO [0m:      Received: evaluate message 059dc713-cef4-47f6-845b-a31ce64bf9de
[92mINFO [0m:      Sent reply
[92mINFO [0m:      
[92mINFO [0m:      Received: train message 03780ad0-48d5-4c64-b064-993b423f6f0a
[92mINFO [0m:      Sent reply
[92mINFO [0m:      
[92mINFO [0m:      Received: evaluate message 91d72c78-ac16-4452-b8dd-683505bbe8fb
[92mINFO [0m:      Sent reply
[92mINFO [0m:      
[92mINFO [0m:      Received: train message fc96082a-6612-4f8b-b2c8-c634aa238d2c
[92mINFO [0m:      Sent reply
[92mINFO [0m:      
[92mINFO [0m:      Received: evaluate message 65bc2339-96f5-42d0-8784-532741df2819
[92mINFO [0m:      Sent reply
[92mINFO [0m:      
[92mINFO [0m:      Received: train message 79a255a7-603a-4eb9-80b2-bf577661f188
[92mINFO [0m:      Sent reply
[92mINFO [0m:      
[92mINFO [0m:      Received: evaluate message 1852af6e-15d5-45e5-b524-71176d8acdaa
[92mINFO [0m:      Sent reply
[92mINFO [0m:      
[92mINFO [0m:      Received: train message ce4c5833-449a-4b42-b7c2-f9d6c8c808a7
[92mINFO [0m:      Sent reply
[92mINFO [0m:      
[92mINFO [0m:      Received: evaluate message e2111aba-c692-418b-8791-175b585f778c
[92mINFO [0m:      Sent reply
[92mINFO [0m:      
[92mINFO [0m:      Received: train message 4f6db159-741d-468a-a7f9-a7a7dac92274
[92mINFO [0m:      Sent reply
[92mINFO [0m:      
[92mINFO [0m:      Received: evaluate message b19433ec-9cb5-431e-88fa-bb35a9a4ec73
[92mINFO [0m:      Sent reply
[92mINFO [0m:      
[92mINFO [0m:      Received: train message 67acb915-b8b5-4437-90a1-08a23e92f064
[92mINFO [0m:      Sent reply
[92mINFO [0m:      
[92mINFO [0m:      Received: evaluate message f025d321-c0de-4458-88d0-87217f97bfda
[92mINFO [0m:      Sent reply
[92mINFO [0m:      
[92mINFO [0m:      Received: train message 697e5065-b825-42ed-ad96-61eae26cf0d4
[92mINFO [0m:      Sent reply
[92mINFO [0m:      
[92mINFO [0m:      Received: evaluate message b7ddd4ef-604e-4d85-a06a-f38ef30fa84f
[92mINFO [0m:      Sent reply
[92mINFO [0m:      
[92mINFO [0m:      Received: train message 452ffacb-e16d-423e-b935-077a8eb168ad
[92mINFO [0m:      Sent reply
[92mINFO [0m:      
[92mINFO [0m:      Received: evaluate message 8beaf95c-01fd-4b60-b7d1-0bc2db7e5f8e
[92mINFO [0m:      Sent reply
[92mINFO [0m:      
[92mINFO [0m:      Received: train message c1a4f24d-3615-45cd-aaf7-980b77f4f899
[92mINFO [0m:      Sent reply
[92mINFO [0m:      
[92mINFO [0m:      Received: evaluate message c3e5a7e4-df54-4363-95ea-05abeb38bce6
[92mINFO [0m:      Sent reply
[92mINFO [0m:      
[92mINFO [0m:      Received: reconnect message c116a5c7-ba90-4bb6-b27d-88b0016b002e
[92mINFO [0m:      Disconnect and shut down
