[93mWARNING [0m:   DEPRECATED FEATURE: flwr.client.start_client() is deprecated.
	Instead, use the `flower-supernode` CLI command to start a SuperNode as shown below:

		$ flower-supernode --insecure --superlink='<IP>:<PORT>'

	To view all available options, run:

		$ flower-supernode --help

	Using `start_client()` is deprecated.

            This is a deprecated feature. It will be removed
            entirely in future versions of Flower.
        
[92mINFO [0m:      
[92mINFO [0m:      Received: train message 69e6c5c8-a1f9-459e-89bc-9775ce380545
[92mINFO [0m:      Sent reply
[92mINFO [0m:      
[92mINFO [0m:      Received: evaluate message 3b69aa1e-ef0e-44e8-b7d6-62df6b3a5401
[92mINFO [0m:      Sent reply
[92mINFO [0m:      
[92mINFO [0m:      Received: train message 3bd7fa36-3f77-4a00-afbf-c7d82fa15478
[92mINFO [0m:      Sent reply
[92mINFO [0m:      
[92mINFO [0m:      Received: evaluate message c4b598e8-8eb1-4049-bc27-a786b9c16b78
[92mINFO [0m:      Sent reply
[92mINFO [0m:      
[92mINFO [0m:      Received: train message 8f3c360a-e3be-4928-8f09-e42a59607e29
[92mINFO [0m:      Sent reply
[92mINFO [0m:      
[92mINFO [0m:      Received: evaluate message 897ae294-6fce-46e0-acc9-de1b3733cfe8
[92mINFO [0m:      Sent reply
[92mINFO [0m:      
[92mINFO [0m:      Received: train message fdd5b21f-96bb-4e15-a7f0-00b1f2e01db4
[92mINFO [0m:      Sent reply
[92mINFO [0m:      
[92mINFO [0m:      Received: evaluate message bb82ecab-f812-4f4c-8173-a5fca64d65b2
[92mINFO [0m:      Sent reply
[92mINFO [0m:      
[92mINFO [0m:      Received: train message 9a3f0003-156b-499f-b850-9ec818129abe
[92mINFO [0m:      Sent reply
[92mINFO [0m:      
[92mINFO [0m:      Received: evaluate message 78b86463-c8d7-4a68-bdfc-e328e18dd781
[92mINFO [0m:      Sent reply
[92mINFO [0m:      
[92mINFO [0m:      Received: train message e1b3be62-60ea-454a-a2c2-020f50293ffb
[92mINFO [0m:      Sent reply
[92mINFO [0m:      
[92mINFO [0m:      Received: evaluate message 9ec6d13e-dbc1-4115-92eb-f01ef5c96420
[92mINFO [0m:      Sent reply
[92mINFO [0m:      
[92mINFO [0m:      Received: train message 4ed18241-cc12-41c9-a3fd-e9fc80c096c3
[92mINFO [0m:      Sent reply
[92mINFO [0m:      
[92mINFO [0m:      Received: evaluate message c4dfac5f-628d-4dfd-8341-25efb7131d14
[92mINFO [0m:      Sent reply
[92mINFO [0m:      
[92mINFO [0m:      Received: train message 8d7e2001-5874-40f2-983f-4ec4ca09d43b
[92mINFO [0m:      Sent reply
[92mINFO [0m:      
[92mINFO [0m:      Received: evaluate message ad5ee0cb-993b-4021-a132-86dd40e631a2
[92mINFO [0m:      Sent reply
[92mINFO [0m:      
[92mINFO [0m:      Received: train message 2f1a524e-e8c9-4427-950b-b501a1e85e94
[92mINFO [0m:      Sent reply
[92mINFO [0m:      
[92mINFO [0m:      Received: evaluate message 75d53958-9c22-41c1-ba3c-ca165658bf4c
[92mINFO [0m:      Sent reply
[92mINFO [0m:      
[92mINFO [0m:      Received: train message f8a3a363-77f0-43e4-8143-274651c0ab40
[92mINFO [0m:      Sent reply
[92mINFO [0m:      
[92mINFO [0m:      Received: evaluate message 011660eb-d5fa-489c-9e66-9208e3104a52
[92mINFO [0m:      Sent reply
[92mINFO [0m:      
[92mINFO [0m:      Received: train message 63921c45-8955-4670-bb43-bfe64e95bcd2
[92mINFO [0m:      Sent reply
[92mINFO [0m:      
[92mINFO [0m:      Received: evaluate message 41e5b9e7-9170-4b73-b9ca-613d9e48a9e1
[92mINFO [0m:      Sent reply
[92mINFO [0m:      
[92mINFO [0m:      Received: train message 873469d6-747b-4c6e-af48-a553ad36ecca
[92mINFO [0m:      Sent reply
[92mINFO [0m:      
[92mINFO [0m:      Received: evaluate message 7d705165-d613-4d78-9297-a7f4f413973a
[92mINFO [0m:      Sent reply
[92mINFO [0m:      
[92mINFO [0m:      Received: train message e7c97895-5157-463e-ab32-83818d132212
[92mINFO [0m:      Sent reply
[92mINFO [0m:      
[92mINFO [0m:      Received: evaluate message 9c0214c9-8e21-4d2a-ba6a-bae5b1f33b04
[92mINFO [0m:      Sent reply
[92mINFO [0m:      
[92mINFO [0m:      Received: train message 1ffb1670-4082-49bf-91ac-7d15c17799ca
[92mINFO [0m:      Sent reply
[92mINFO [0m:      
[92mINFO [0m:      Received: evaluate message 7831ac4a-fe5a-4952-8901-79e8af4fe195
[92mINFO [0m:      Sent reply
[92mINFO [0m:      
[92mINFO [0m:      Received: train message ed2e0e08-3f14-46bd-b0f5-9ee73da1e417
[92mINFO [0m:      Sent reply
[92mINFO [0m:      
[92mINFO [0m:      Received: evaluate message 598ca40f-b643-4bee-8c53-6c93d64d9ab1
[92mINFO [0m:      Sent reply
[92mINFO [0m:      
[92mINFO [0m:      Received: train message 10d23fde-2300-4e30-a56f-4542a9c1ff5b
[92mINFO [0m:      Sent reply
[92mINFO [0m:      
[92mINFO [0m:      Received: evaluate message 24f2a0ae-ff5d-4d9a-92f9-cc25db55a9f3
[92mINFO [0m:      Sent reply
[92mINFO [0m:      
[92mINFO [0m:      Received: train message ef71cd66-f281-4456-9409-245c04a8a76a
[92mINFO [0m:      Sent reply
[92mINFO [0m:      
[92mINFO [0m:      Received: evaluate message 14f82862-edd6-47d8-b01a-6fb327fd2f7c
[92mINFO [0m:      Sent reply
[92mINFO [0m:      
[92mINFO [0m:      Received: train message ad1916d9-9c93-4143-ba61-06d92255e3f8
[92mINFO [0m:      Sent reply
[92mINFO [0m:      
[92mINFO [0m:      Received: evaluate message 6b7414e4-bf42-4be2-94eb-471daa472a0f
[92mINFO [0m:      Sent reply
[92mINFO [0m:      
[92mINFO [0m:      Received: train message 55a0b031-9093-40f9-bc5f-62e01f285cd8
[92mINFO [0m:      Sent reply
[92mINFO [0m:      
[92mINFO [0m:      Received: evaluate message 23ff32aa-5074-43cc-913c-60f660565435
[92mINFO [0m:      Sent reply
[92mINFO [0m:      
[92mINFO [0m:      Received: train message 6e00763b-c4d0-4f57-927b-921bee71a6a0
[92mINFO [0m:      Sent reply
[92mINFO [0m:      
[92mINFO [0m:      Received: evaluate message ebd8391b-23cb-435f-8848-b8025258097c
[92mINFO [0m:      Sent reply
[92mINFO [0m:      
[92mINFO [0m:      Received: train message 9b800be9-e828-46c9-b200-44b99f6a8a88
[92mINFO [0m:      Sent reply
[92mINFO [0m:      
[92mINFO [0m:      Received: evaluate message 25c3ae0a-9211-47a8-b954-b38461eb0c09
[92mINFO [0m:      Sent reply
[92mINFO [0m:      
[92mINFO [0m:      Received: train message bfe56f00-5170-48ba-884b-72159a0cc13b
[92mINFO [0m:      Sent reply
[92mINFO [0m:      
[92mINFO [0m:      Received: evaluate message c7d5dadd-493b-429c-9ad0-87ec8a14cce2
[92mINFO [0m:      Sent reply
[92mINFO [0m:      
[92mINFO [0m:      Received: train message 8406045b-f09d-4da8-9850-1b3715d1bff7
[92mINFO [0m:      Sent reply
[92mINFO [0m:      
[92mINFO [0m:      Received: evaluate message 8697c1db-cc7e-4117-aecd-a0761061d5cf
[92mINFO [0m:      Sent reply
[92mINFO [0m:      
[92mINFO [0m:      Received: train message b981860d-83f5-400f-995e-d38404d67dde
[92mINFO [0m:      Sent reply
[92mINFO [0m:      
[92mINFO [0m:      Received: evaluate message d51dd743-a175-4a28-81a2-6b7091de7020
[92mINFO [0m:      Sent reply
[92mINFO [0m:      
[92mINFO [0m:      Received: train message b30484ad-8708-4fab-8128-a5246cf4a38c
[92mINFO [0m:      Sent reply
[92mINFO [0m:      
[92mINFO [0m:      Received: evaluate message 538b9691-9238-4c38-808c-1beab163a312
[92mINFO [0m:      Sent reply
[92mINFO [0m:      
[92mINFO [0m:      Received: train message 7ad87456-1132-47a6-afbf-25471080f489
[92mINFO [0m:      Sent reply
[92mINFO [0m:      
[92mINFO [0m:      Received: evaluate message 6bdea013-7c15-4e70-b6ac-ace5dae6782a
[92mINFO [0m:      Sent reply
[92mINFO [0m:      
[92mINFO [0m:      Received: train message b63c7698-8f30-460f-b2b7-5d565a026f70
[92mINFO [0m:      Sent reply
[92mINFO [0m:      
[92mINFO [0m:      Received: evaluate message f8a52706-0a85-4f53-b73f-0fe25b811957
[92mINFO [0m:      Sent reply
[92mINFO [0m:      
[92mINFO [0m:      Received: train message d68919fd-1030-4c14-853e-f770d12324fe
[92mINFO [0m:      Sent reply
[92mINFO [0m:      
[92mINFO [0m:      Received: evaluate message c736c4b5-685b-47aa-904d-8b10be5b56b0
[92mINFO [0m:      Sent reply
[92mINFO [0m:      
[92mINFO [0m:      Received: train message 6e5e15c0-f4f6-443a-8176-7150f90c6535
[92mINFO [0m:      Sent reply
[92mINFO [0m:      
[92mINFO [0m:      Received: evaluate message 200c9f54-54e8-421e-b785-0763be3fcd48
[92mINFO [0m:      Sent reply
[92mINFO [0m:      
[92mINFO [0m:      Received: train message df356410-797d-42fb-976f-36b21b187e47
[92mINFO [0m:      Sent reply
[92mINFO [0m:      
[92mINFO [0m:      Received: evaluate message c1f32443-16bc-4e4b-979c-e04220ed367b
[92mINFO [0m:      Sent reply
[92mINFO [0m:      
[92mINFO [0m:      Received: train message 2fac862e-c694-4f9f-92c5-ed44656d4d49
[92mINFO [0m:      Sent reply
[92mINFO [0m:      
[92mINFO [0m:      Received: evaluate message 0f10c77f-49e5-4c93-9e66-376e25630687
[92mINFO [0m:      Sent reply
[92mINFO [0m:      
[92mINFO [0m:      Received: train message ded3f95c-8bc4-46f6-a2bc-25756817ab02
[92mINFO [0m:      Sent reply
[92mINFO [0m:      
[92mINFO [0m:      Received: evaluate message 07cc9dad-3a3b-4fd1-b673-3095050db165
[92mINFO [0m:      Sent reply
[92mINFO [0m:      
[92mINFO [0m:      Received: train message 1d26e35c-4f8f-4a8e-9ee2-b8f98ef31778
[92mINFO [0m:      Sent reply
[92mINFO [0m:      
[92mINFO [0m:      Received: evaluate message c093ddcf-f418-41a4-b9be-388ab330e9e5
[92mINFO [0m:      Sent reply
[92mINFO [0m:      
[92mINFO [0m:      Received: train message 06d17119-4482-4cbc-b383-741b9ea27c9d
[92mINFO [0m:      Sent reply
[92mINFO [0m:      
[92mINFO [0m:      Received: evaluate message 7759aa5d-fc67-4456-9b95-e29594a74688
[92mINFO [0m:      Sent reply
[92mINFO [0m:      
[92mINFO [0m:      Received: train message 4dee855f-a7a9-419b-b60e-c37273da5f0b
[92mINFO [0m:      Sent reply
[92mINFO [0m:      
[92mINFO [0m:      Received: evaluate message 17453bba-e1c2-472d-91cc-02909d0babfd
[92mINFO [0m:      Sent reply
[92mINFO [0m:      
[92mINFO [0m:      Received: train message afe9be2c-d34c-4dd0-9c2b-8422091cd481
[92mINFO [0m:      Sent reply
[92mINFO [0m:      
[92mINFO [0m:      Received: evaluate message b018bae1-f7f2-42ab-81a9-e35e1e9d9231
[92mINFO [0m:      Sent reply
[92mINFO [0m:      
[92mINFO [0m:      Received: train message f87dfb85-17e7-4d4e-b1eb-fd94c1530d14
[92mINFO [0m:      Sent reply
[92mINFO [0m:      
[92mINFO [0m:      Received: evaluate message 7bd9fee1-dd37-42db-b9ee-673024502173
[92mINFO [0m:      Sent reply
[92mINFO [0m:      
[92mINFO [0m:      Received: train message 7205dc06-0892-4aa8-b76f-6bd44fe2d859
[92mINFO [0m:      Sent reply
[92mINFO [0m:      
[92mINFO [0m:      Received: evaluate message 78350691-ddab-4655-abd2-4159b1b7308b
[92mINFO [0m:      Sent reply
[92mINFO [0m:      
[92mINFO [0m:      Received: train message 38acd115-4d7a-40d8-8c2a-d7c25051ec31
[92mINFO [0m:      Sent reply
[92mINFO [0m:      
[92mINFO [0m:      Received: evaluate message 0ed45171-1cde-4f06-ad23-e943414282a5
[92mINFO [0m:      Sent reply
[92mINFO [0m:      
[92mINFO [0m:      Received: train message f1772f72-68b7-4a73-990f-c1150b9e1ca8
[92mINFO [0m:      Sent reply
[92mINFO [0m:      
[92mINFO [0m:      Received: evaluate message 28fbb662-e754-4b34-9990-aa14f3fdb01d
[92mINFO [0m:      Sent reply
[92mINFO [0m:      
[92mINFO [0m:      Received: train message f6dfc079-6a69-4bd3-9200-0a033994e306
[92mINFO [0m:      Sent reply
[92mINFO [0m:      
[92mINFO [0m:      Received: evaluate message 16833a49-7fe9-4bc3-8977-3bd461bafcee
[92mINFO [0m:      Sent reply
[92mINFO [0m:      
[92mINFO [0m:      Received: train message 6d70cc97-f8b2-4e76-a1eb-668025e82ab8
[92mINFO [0m:      Sent reply
[92mINFO [0m:      
[92mINFO [0m:      Received: evaluate message 3940221d-59ff-437b-8ae6-8f1f2585bc9e
[92mINFO [0m:      Sent reply
[92mINFO [0m:      
[92mINFO [0m:      Received: train message cba043e8-322e-4749-9c82-33d03092433f
[92mINFO [0m:      Sent reply
[92mINFO [0m:      
[92mINFO [0m:      Received: evaluate message d4e506a8-5310-4afb-aff5-753a68cd1dcb
[92mINFO [0m:      Sent reply
[92mINFO [0m:      
[92mINFO [0m:      Received: train message e4e9a5e5-0a9a-4a7f-951b-abed44f8577c
[92mINFO [0m:      Sent reply
[92mINFO [0m:      
[92mINFO [0m:      Received: evaluate message 9fb5824e-eef7-4a6e-88a6-b505c2373fc9
[92mINFO [0m:      Sent reply
[92mINFO [0m:      
[92mINFO [0m:      Received: train message 604a53e7-4b62-4a61-8042-e05b981282a8
[92mINFO [0m:      Sent reply
[92mINFO [0m:      
[92mINFO [0m:      Received: evaluate message ca34ecec-1971-4c31-9188-a90d465db7b5
[92mINFO [0m:      Sent reply
[92mINFO [0m:      
[92mINFO [0m:      Received: train message 553671d8-afc3-4ac6-8b9b-7a2f8f653c9e
[92mINFO [0m:      Sent reply
[92mINFO [0m:      
[92mINFO [0m:      Received: evaluate message fca4163b-cefe-4d58-b7c8-17137b4f74f7
[92mINFO [0m:      Sent reply
[92mINFO [0m:      
[92mINFO [0m:      Received: train message 018bf9ea-4538-4530-9bb8-df0904e2ddab
[92mINFO [0m:      Sent reply
[92mINFO [0m:      
[92mINFO [0m:      Received: evaluate message e2e88c35-b584-4c81-9f7c-41ff2b5a966d
[92mINFO [0m:      Sent reply
[92mINFO [0m:      
[92mINFO [0m:      Received: train message 6dcfe90a-8016-4e86-a492-a8d730efcdaf
[92mINFO [0m:      Sent reply
[92mINFO [0m:      
[92mINFO [0m:      Received: evaluate message 46b05ba0-083b-4afa-a41b-52a1cabcb4d8
[92mINFO [0m:      Sent reply
[92mINFO [0m:      
[92mINFO [0m:      Received: train message 33fad191-c2b0-48f1-8be6-281f1d7f8b5c
[92mINFO [0m:      Sent reply
[92mINFO [0m:      
[92mINFO [0m:      Received: evaluate message 30b656a3-ccb5-4911-b89f-c911abd24257
[92mINFO [0m:      Sent reply
[92mINFO [0m:      
[92mINFO [0m:      Received: train message 6ddac762-5292-4228-83d6-11b3d3236fbe
[92mINFO [0m:      Sent reply
[92mINFO [0m:      
[92mINFO [0m:      Received: evaluate message fa0a22b1-887c-43e6-b97f-c1b10510356d
[92mINFO [0m:      Sent reply
[92mINFO [0m:      
[92mINFO [0m:      Received: reconnect message e44459b7-0156-471a-aac4-13af1378ac8f
[92mINFO [0m:      Disconnect and shut down
