[93mWARNING [0m:   DEPRECATED FEATURE: flwr.client.start_client() is deprecated.
	Instead, use the `flower-supernode` CLI command to start a SuperNode as shown below:

		$ flower-supernode --insecure --superlink='<IP>:<PORT>'

	To view all available options, run:

		$ flower-supernode --help

	Using `start_client()` is deprecated.

            This is a deprecated feature. It will be removed
            entirely in future versions of Flower.
        
[92mINFO [0m:      
[92mINFO [0m:      Received: train message 45804e4b-b822-463d-bd64-edfec7744ce4
[92mINFO [0m:      Sent reply
[92mINFO [0m:      
[92mINFO [0m:      Received: evaluate message 371038b2-b3e4-42ed-9e1f-f64ce5f3a816
[92mINFO [0m:      Sent reply
[92mINFO [0m:      
[92mINFO [0m:      Received: train message 55d301b8-0e54-47a1-b977-9cd9d6c839f9
[92mINFO [0m:      Sent reply
[92mINFO [0m:      
[92mINFO [0m:      Received: evaluate message ae7a299d-2462-4baa-aadf-11a572276368
[92mINFO [0m:      Sent reply
[92mINFO [0m:      
[92mINFO [0m:      Received: train message 18e33ee2-ab93-4e56-b6b3-226808be6ca4
[92mINFO [0m:      Sent reply
[92mINFO [0m:      
[92mINFO [0m:      Received: evaluate message 1a134a5a-930b-4af0-85b0-5841f69d85d5
[92mINFO [0m:      Sent reply
[92mINFO [0m:      
[92mINFO [0m:      Received: train message 341cdaad-a81f-49ad-8bb6-6e3927416e84
[92mINFO [0m:      Sent reply
[92mINFO [0m:      
[92mINFO [0m:      Received: evaluate message 759839d9-fb6f-4d3b-9b0a-5d95e5a8740f
[92mINFO [0m:      Sent reply
[92mINFO [0m:      
[92mINFO [0m:      Received: train message 13bf7f9b-3ca3-4a06-9141-c0df4c497cdc
[92mINFO [0m:      Sent reply
[92mINFO [0m:      
[92mINFO [0m:      Received: evaluate message 0474eb1d-ca54-4c2b-be69-58129688e750
[92mINFO [0m:      Sent reply
[92mINFO [0m:      
[92mINFO [0m:      Received: train message d1eae99e-fb1d-4c97-a674-c64cc9d2dceb
[92mINFO [0m:      Sent reply
[92mINFO [0m:      
[92mINFO [0m:      Received: evaluate message b0c547df-8e29-4238-8bda-d5dc89c809e7
[92mINFO [0m:      Sent reply
[92mINFO [0m:      
[92mINFO [0m:      Received: train message 041c2c4f-682c-4b15-95f6-95d14430cead
[92mINFO [0m:      Sent reply
[92mINFO [0m:      
[92mINFO [0m:      Received: evaluate message 721fd8f5-f55b-4690-8861-90a3f4eb61a5
[92mINFO [0m:      Sent reply
[92mINFO [0m:      
[92mINFO [0m:      Received: train message 6f1e9e9e-81e6-4162-8f45-ae9c7f911e15
[92mINFO [0m:      Sent reply
[92mINFO [0m:      
[92mINFO [0m:      Received: evaluate message 7b736a8d-989c-424f-b7df-ea9a66a06011
[92mINFO [0m:      Sent reply
[92mINFO [0m:      
[92mINFO [0m:      Received: train message ad8df6e7-14e9-4b2a-8acb-c58226d1a01b
[92mINFO [0m:      Sent reply
[92mINFO [0m:      
[92mINFO [0m:      Received: evaluate message f55f303b-e3c0-41b2-86f0-d61dba6ed354
[92mINFO [0m:      Sent reply
[92mINFO [0m:      
[92mINFO [0m:      Received: train message 37caf3c1-2a51-4b29-961f-dbf70aeb7fa3
[92mINFO [0m:      Sent reply
[92mINFO [0m:      
[92mINFO [0m:      Received: evaluate message f66650cc-76e5-436f-b0bc-a7b864d8977e
[92mINFO [0m:      Sent reply
[92mINFO [0m:      
[92mINFO [0m:      Received: train message abbc91fe-0935-4ce7-a886-45dc737f176e
[92mINFO [0m:      Sent reply
[92mINFO [0m:      
[92mINFO [0m:      Received: evaluate message 68adc5f4-6234-4ba4-87c3-9daa2d42fc56
[92mINFO [0m:      Sent reply
[92mINFO [0m:      
[92mINFO [0m:      Received: train message 90bcd262-fad4-400f-a92b-a28333059894
[92mINFO [0m:      Sent reply
[92mINFO [0m:      
[92mINFO [0m:      Received: evaluate message 137cf388-dbc2-4474-af04-73bd4d9429aa
[92mINFO [0m:      Sent reply
[92mINFO [0m:      
[92mINFO [0m:      Received: train message 5217aa09-8c4f-44a6-8113-77e327611bdf
[92mINFO [0m:      Sent reply
[92mINFO [0m:      
[92mINFO [0m:      Received: evaluate message dd174982-154d-425e-84c2-6e01ec93246c
[92mINFO [0m:      Sent reply
[92mINFO [0m:      
[92mINFO [0m:      Received: train message 423c562d-091a-4452-a288-858c2d26b65d
[92mINFO [0m:      Sent reply
[92mINFO [0m:      
[92mINFO [0m:      Received: evaluate message 56f73106-a1e6-48c5-990c-7503143be9c3
[92mINFO [0m:      Sent reply
[92mINFO [0m:      
[92mINFO [0m:      Received: train message ccad5ae3-8867-47e7-816d-baf9c17a0579
[92mINFO [0m:      Sent reply
[92mINFO [0m:      
[92mINFO [0m:      Received: evaluate message 58a57e41-2b81-4dd0-b076-fd9ffbf3f4a4
[92mINFO [0m:      Sent reply
[92mINFO [0m:      
[92mINFO [0m:      Received: train message e6085fd2-c715-4922-95c3-0244cb893e1e
[92mINFO [0m:      Sent reply
[92mINFO [0m:      
[92mINFO [0m:      Received: evaluate message 140e3a28-ac10-4fa6-b949-eb82da38d127
[92mINFO [0m:      Sent reply
[92mINFO [0m:      
[92mINFO [0m:      Received: train message 8702d598-60e3-4dd9-bf3b-14e84c082ccc
[92mINFO [0m:      Sent reply
[92mINFO [0m:      
[92mINFO [0m:      Received: evaluate message a70700d1-251d-49f2-8f53-e8e3f735c313
[92mINFO [0m:      Sent reply
[92mINFO [0m:      
[92mINFO [0m:      Received: train message 76529b14-d3dd-4cce-ab25-ee4e1ef29611
[92mINFO [0m:      Sent reply
[92mINFO [0m:      
[92mINFO [0m:      Received: evaluate message 9bce0cb1-744d-4731-a7f8-08387fc507df
[92mINFO [0m:      Sent reply
[92mINFO [0m:      
[92mINFO [0m:      Received: train message 825949aa-2d02-43ba-9d80-a8ea04512fc9
[92mINFO [0m:      Sent reply
[92mINFO [0m:      
[92mINFO [0m:      Received: evaluate message 5ab6c236-15a7-4eb2-beca-247ab6016ead
[92mINFO [0m:      Sent reply
[92mINFO [0m:      
[92mINFO [0m:      Received: train message 72fd10b3-a931-4808-b1f0-29d1fee61969
[92mINFO [0m:      Sent reply
[92mINFO [0m:      
[92mINFO [0m:      Received: evaluate message a46f0220-a45d-4b54-a55e-ee241bbefb8e
[92mINFO [0m:      Sent reply
[92mINFO [0m:      
[92mINFO [0m:      Received: train message b5832ace-d1f8-414e-abfb-756d6c066734
[92mINFO [0m:      Sent reply
[92mINFO [0m:      
[92mINFO [0m:      Received: evaluate message e85906f9-63e0-40e5-899d-e386340923f2
[92mINFO [0m:      Sent reply
[92mINFO [0m:      
[92mINFO [0m:      Received: train message a584744e-d0f4-48a4-a015-2595df83a567
[92mINFO [0m:      Sent reply
[92mINFO [0m:      
[92mINFO [0m:      Received: evaluate message 94385e16-b5b3-4ef4-af8e-59c3add69ac6
[92mINFO [0m:      Sent reply
[92mINFO [0m:      
[92mINFO [0m:      Received: train message 54313440-6612-41ca-b0b9-b83ebc3064a6
[92mINFO [0m:      Sent reply
[92mINFO [0m:      
[92mINFO [0m:      Received: evaluate message 8ff76c57-7ed1-417c-960e-9ab0858cb7dd
[92mINFO [0m:      Sent reply
[92mINFO [0m:      
[92mINFO [0m:      Received: train message e214c2e6-8a1f-4a00-b3c1-7d1750c0de2d
[92mINFO [0m:      Sent reply
[92mINFO [0m:      
[92mINFO [0m:      Received: evaluate message ebe85ec5-12ea-4fb0-88d8-d8a4a2198f43
[92mINFO [0m:      Sent reply
[92mINFO [0m:      
[92mINFO [0m:      Received: train message 3df85ce4-6808-48b8-b579-df33bd203f31
[92mINFO [0m:      Sent reply
[92mINFO [0m:      
[92mINFO [0m:      Received: evaluate message 7a051bca-25cf-46f4-add9-d60e5549460d
[92mINFO [0m:      Sent reply
[92mINFO [0m:      
[92mINFO [0m:      Received: train message f69433d6-997c-4b2b-968b-b365bad00cd1
[92mINFO [0m:      Sent reply
[92mINFO [0m:      
[92mINFO [0m:      Received: evaluate message 2262b102-a461-424b-b7ca-798f7949adb4
[92mINFO [0m:      Sent reply
[92mINFO [0m:      
[92mINFO [0m:      Received: train message f2f1ca35-ba25-4817-b3ed-9987095c07a9
[92mINFO [0m:      Sent reply
[92mINFO [0m:      
[92mINFO [0m:      Received: evaluate message 0c242a48-6c67-4711-a945-d9f4dc584443
[92mINFO [0m:      Sent reply
[92mINFO [0m:      
[92mINFO [0m:      Received: train message 00010d91-5437-47ab-8287-2212c4e5adae
[92mINFO [0m:      Sent reply
[92mINFO [0m:      
[92mINFO [0m:      Received: evaluate message 25e95d66-443e-4e62-8605-d48cbdb4b0f1
[92mINFO [0m:      Sent reply
[92mINFO [0m:      
[92mINFO [0m:      Received: train message 30642a8d-1276-4b56-ac60-79462020931e
[92mINFO [0m:      Sent reply
[92mINFO [0m:      
[92mINFO [0m:      Received: evaluate message 73a901e9-6e92-4145-b1d2-bb30a5f982bc
[92mINFO [0m:      Sent reply
[92mINFO [0m:      
[92mINFO [0m:      Received: train message 84773d32-e8db-4a82-bfee-898e6ad1ef3c
[92mINFO [0m:      Sent reply
[92mINFO [0m:      
[92mINFO [0m:      Received: evaluate message c43f0a1e-05a0-4f1f-a485-3171afd17281
[92mINFO [0m:      Sent reply
[92mINFO [0m:      
[92mINFO [0m:      Received: train message 9686b620-a0af-4d26-a5cb-f533bfaabd2e
[92mINFO [0m:      Sent reply
[92mINFO [0m:      
[92mINFO [0m:      Received: evaluate message dffae924-85c1-4ed2-841e-3078b5d22a44
[92mINFO [0m:      Sent reply
[92mINFO [0m:      
[92mINFO [0m:      Received: train message f08e6e1c-e67f-4259-abf9-12d6289b58e6
[92mINFO [0m:      Sent reply
[92mINFO [0m:      
[92mINFO [0m:      Received: evaluate message 1463d7b8-c196-4d21-945e-5d54c891d180
[92mINFO [0m:      Sent reply
[92mINFO [0m:      
[92mINFO [0m:      Received: train message fd717fea-5a51-4159-8746-f08477121f66
[92mINFO [0m:      Sent reply
[92mINFO [0m:      
[92mINFO [0m:      Received: evaluate message b98047d6-8ce5-46ad-9dec-882ee2df6ed0
[92mINFO [0m:      Sent reply
[92mINFO [0m:      
[92mINFO [0m:      Received: train message 14f6c96c-99ed-44dc-a352-3958f743235e
[92mINFO [0m:      Sent reply
[92mINFO [0m:      
[92mINFO [0m:      Received: evaluate message 71d700af-0c8c-43eb-b813-a10108510316
[92mINFO [0m:      Sent reply
[92mINFO [0m:      
[92mINFO [0m:      Received: train message f2fce7fa-9a5c-4e38-a2b1-1de9d7b9afee
[92mINFO [0m:      Sent reply
[92mINFO [0m:      
[92mINFO [0m:      Received: evaluate message 222b293e-20bd-490e-a2fa-88cf60d2a216
[92mINFO [0m:      Sent reply
[92mINFO [0m:      
[92mINFO [0m:      Received: train message 809a80b5-28dc-4edc-8ac8-776317b17bb8
[92mINFO [0m:      Sent reply
[92mINFO [0m:      
[92mINFO [0m:      Received: evaluate message 9295e2bf-b8c3-46f9-a90e-4c3ac36c247f
[92mINFO [0m:      Sent reply
[92mINFO [0m:      
[92mINFO [0m:      Received: train message f456f61c-7706-499b-adb1-50e1e1fd1e60
[92mINFO [0m:      Sent reply
[92mINFO [0m:      
[92mINFO [0m:      Received: evaluate message 9378f03d-db46-4792-a613-0442b4f48d1a
[92mINFO [0m:      Sent reply
[92mINFO [0m:      
[92mINFO [0m:      Received: train message b9eda40b-1ead-425e-8865-d8fbe6b0cb7d
[92mINFO [0m:      Sent reply
[92mINFO [0m:      
[92mINFO [0m:      Received: evaluate message 198507d0-d0fd-4339-9b5f-4b6e30e81dba
[92mINFO [0m:      Sent reply
[92mINFO [0m:      
[92mINFO [0m:      Received: train message 9cc029d3-97d0-4f22-bc53-2a6db3ff5da8
[92mINFO [0m:      Sent reply
[92mINFO [0m:      
[92mINFO [0m:      Received: evaluate message 0b0f9c0c-aa13-4c57-97eb-8f41fbf1c527
[92mINFO [0m:      Sent reply
[92mINFO [0m:      
[92mINFO [0m:      Received: train message 00d99e7b-d1f4-406c-89c1-70571e872915
[92mINFO [0m:      Sent reply
[92mINFO [0m:      
[92mINFO [0m:      Received: evaluate message 1a4eae81-b31a-446c-8ed5-d5a81b6a5d21
[92mINFO [0m:      Sent reply
[92mINFO [0m:      
[92mINFO [0m:      Received: train message 4c586f3b-fdaa-48ae-b6d1-5522d2f18c66
[92mINFO [0m:      Sent reply
[92mINFO [0m:      
[92mINFO [0m:      Received: evaluate message 845285f8-bae1-44c0-89c6-37606e5fa030
[92mINFO [0m:      Sent reply
[92mINFO [0m:      
[92mINFO [0m:      Received: train message e0ead0a8-a893-485b-96b7-757a96dfdad3
[92mINFO [0m:      Sent reply
[92mINFO [0m:      
[92mINFO [0m:      Received: evaluate message 5a8aee8e-c94c-4f22-b4a5-e7b074273724
[92mINFO [0m:      Sent reply
[92mINFO [0m:      
[92mINFO [0m:      Received: train message 881278dc-69fb-489f-bb2f-afee15033524
[92mINFO [0m:      Sent reply
[92mINFO [0m:      
[92mINFO [0m:      Received: evaluate message 3000017f-e240-4436-b42e-fb45baa8a7f1
[92mINFO [0m:      Sent reply
[92mINFO [0m:      
[92mINFO [0m:      Received: train message 2ee1a13a-4f2c-4fdc-897e-a2b86631efc7
[92mINFO [0m:      Sent reply
[92mINFO [0m:      
[92mINFO [0m:      Received: evaluate message 3931246d-18ba-4884-bf58-82572e3c9210
[92mINFO [0m:      Sent reply
[92mINFO [0m:      
[92mINFO [0m:      Received: train message ae79177b-ef83-4101-8a3f-ec13fc90836e
[92mINFO [0m:      Sent reply
[92mINFO [0m:      
[92mINFO [0m:      Received: evaluate message 6817a29f-6b5e-41a4-afa9-34778a2a12ca
[92mINFO [0m:      Sent reply
[92mINFO [0m:      
[92mINFO [0m:      Received: train message e8d2c57c-5eee-4766-a8e9-5fe5b6a35b4d
[92mINFO [0m:      Sent reply
[92mINFO [0m:      
[92mINFO [0m:      Received: evaluate message f614bafd-8ce5-4037-b7cd-2ae423baad50
[92mINFO [0m:      Sent reply
[92mINFO [0m:      
[92mINFO [0m:      Received: train message 293ea68c-a676-4363-b008-4cc3038b3e07
[92mINFO [0m:      Sent reply
[92mINFO [0m:      
[92mINFO [0m:      Received: evaluate message 76823806-579f-46db-92cf-c1240edce708
[92mINFO [0m:      Sent reply
[92mINFO [0m:      
[92mINFO [0m:      Received: train message 41c02f24-aeab-463e-bb58-974d8c3d3698
[92mINFO [0m:      Sent reply
[92mINFO [0m:      
[92mINFO [0m:      Received: evaluate message 864f1966-08be-4f56-a95d-a8c27c3780ea
[92mINFO [0m:      Sent reply
[92mINFO [0m:      
[92mINFO [0m:      Received: train message c52c6873-3c91-4928-b0a1-6354dd69beb3
[92mINFO [0m:      Sent reply
[92mINFO [0m:      
[92mINFO [0m:      Received: evaluate message c0ac0b60-5c26-400e-a916-94416e477e5c
[92mINFO [0m:      Sent reply
[92mINFO [0m:      
[92mINFO [0m:      Received: train message c49db713-f24c-47a8-952c-ef0904c1fc80
[92mINFO [0m:      Sent reply
[92mINFO [0m:      
[92mINFO [0m:      Received: evaluate message ad54ae68-53e8-4d27-b8eb-8e2badaf4af1
[92mINFO [0m:      Sent reply
[92mINFO [0m:      
[92mINFO [0m:      Received: reconnect message dad2709c-a825-48e9-ac69-57fbdb0cc799
[92mINFO [0m:      Disconnect and shut down
