[93mWARNING [0m:   DEPRECATED FEATURE: flwr.client.start_client() is deprecated.
	Instead, use the `flower-supernode` CLI command to start a SuperNode as shown below:

		$ flower-supernode --insecure --superlink='<IP>:<PORT>'

	To view all available options, run:

		$ flower-supernode --help

	Using `start_client()` is deprecated.

            This is a deprecated feature. It will be removed
            entirely in future versions of Flower.
        
[92mINFO [0m:      
[92mINFO [0m:      Received: train message 13523d9b-8118-40af-a909-818d8f65c487
[92mINFO [0m:      Sent reply
[92mINFO [0m:      
[92mINFO [0m:      Received: evaluate message 73653d99-013d-4e72-a3f9-5a64424000d0
[92mINFO [0m:      Sent reply
[92mINFO [0m:      
[92mINFO [0m:      Received: train message 02e66d9e-c785-4485-bc77-05548b552241
[92mINFO [0m:      Sent reply
[92mINFO [0m:      
[92mINFO [0m:      Received: evaluate message 350041a6-0131-4baf-a31c-23c823a39cc1
[92mINFO [0m:      Sent reply
[92mINFO [0m:      
[92mINFO [0m:      Received: train message 59be4201-aca6-4642-b219-fe21f1d59db0
[92mINFO [0m:      Sent reply
[92mINFO [0m:      
[92mINFO [0m:      Received: evaluate message 0e85a45f-d97c-4908-8830-f937898d61c9
[92mINFO [0m:      Sent reply
[92mINFO [0m:      
[92mINFO [0m:      Received: train message e146ac31-d893-44b6-912b-d9116b8477f2
[92mINFO [0m:      Sent reply
[92mINFO [0m:      
[92mINFO [0m:      Received: evaluate message 2957c347-b080-4550-ad13-081a12e05428
[92mINFO [0m:      Sent reply
[92mINFO [0m:      
[92mINFO [0m:      Received: train message 8738f5b6-c176-4d3f-a301-26c7c9c6b06a
[92mINFO [0m:      Sent reply
[92mINFO [0m:      
[92mINFO [0m:      Received: evaluate message c928b5a8-716d-4ec4-9579-00dc769fce4c
[92mINFO [0m:      Sent reply
[92mINFO [0m:      
[92mINFO [0m:      Received: train message 92c11926-2ce4-4706-a2a5-cecfcb4e2511
[92mINFO [0m:      Sent reply
[92mINFO [0m:      
[92mINFO [0m:      Received: evaluate message e5c0c689-fd72-485a-b248-c7c7bc882d29
[92mINFO [0m:      Sent reply
[92mINFO [0m:      
[92mINFO [0m:      Received: train message 2e227964-3a70-4a8d-9c5e-bd00f8a4d458
[92mINFO [0m:      Sent reply
[92mINFO [0m:      
[92mINFO [0m:      Received: evaluate message f8f1e5f6-ad7d-4486-80de-f30a27e1370a
[92mINFO [0m:      Sent reply
[92mINFO [0m:      
[92mINFO [0m:      Received: train message 40ab3764-576e-4127-8647-5ad5faa76027
[92mINFO [0m:      Sent reply
[92mINFO [0m:      
[92mINFO [0m:      Received: evaluate message 3fdd883d-b19b-4f15-bfef-d41a10a26f84
[92mINFO [0m:      Sent reply
[92mINFO [0m:      
[92mINFO [0m:      Received: train message 33cfe953-6acb-4e7e-9501-89e4c4ed80af
[92mINFO [0m:      Sent reply
[92mINFO [0m:      
[92mINFO [0m:      Received: evaluate message 07f883ec-894a-4ce2-bc25-e12460241499
[92mINFO [0m:      Sent reply
[92mINFO [0m:      
[92mINFO [0m:      Received: train message c69b7f99-977c-4e6c-b09a-b1c8c00df509
[92mINFO [0m:      Sent reply
[92mINFO [0m:      
[92mINFO [0m:      Received: evaluate message 3627076b-84db-4e07-bf09-8b0979e9cb47
[92mINFO [0m:      Sent reply
[92mINFO [0m:      
[92mINFO [0m:      Received: train message 4cc9ab4a-76f2-4d51-8e1a-7a5ac3da6af0
[92mINFO [0m:      Sent reply
[92mINFO [0m:      
[92mINFO [0m:      Received: evaluate message fd5b4730-b699-4222-98fc-9e3bd88d4d9e
[92mINFO [0m:      Sent reply
[92mINFO [0m:      
[92mINFO [0m:      Received: train message 9a4a03ac-bf83-4637-9f17-eaecc2265a09
[92mINFO [0m:      Sent reply
[92mINFO [0m:      
[92mINFO [0m:      Received: evaluate message 230b1197-4274-47a0-bae0-6e6810023ab9
[92mINFO [0m:      Sent reply
[92mINFO [0m:      
[92mINFO [0m:      Received: train message 6ebac446-e79a-47a7-b474-7d30b84719a9
[92mINFO [0m:      Sent reply
[92mINFO [0m:      
[92mINFO [0m:      Received: evaluate message a88d0f80-1ba2-48aa-827b-6bd6bc07e983
[92mINFO [0m:      Sent reply
[92mINFO [0m:      
[92mINFO [0m:      Received: train message c45af69f-66e9-4e21-8905-0a1269fb7035
[92mINFO [0m:      Sent reply
[92mINFO [0m:      
[92mINFO [0m:      Received: evaluate message aee33fb4-dda6-43be-9c5e-11ef4cbcc7c0
[92mINFO [0m:      Sent reply
[92mINFO [0m:      
[92mINFO [0m:      Received: train message 3441fc28-09fb-4968-9124-cf2106f3607f
[92mINFO [0m:      Sent reply
[92mINFO [0m:      
[92mINFO [0m:      Received: evaluate message ffbe8e5d-3036-437d-ac81-a58da0d85ae4
[92mINFO [0m:      Sent reply
[92mINFO [0m:      
[92mINFO [0m:      Received: train message 51e69b85-bd66-4033-8c1e-7e3d1375581b
[92mINFO [0m:      Sent reply
[92mINFO [0m:      
[92mINFO [0m:      Received: evaluate message c6a4c34e-2b99-44ee-afee-d4f8107b754d
[92mINFO [0m:      Sent reply
[92mINFO [0m:      
[92mINFO [0m:      Received: train message f8bbee11-b471-4a4f-8486-848f1e8ac50e
[92mINFO [0m:      Sent reply
[92mINFO [0m:      
[92mINFO [0m:      Received: evaluate message c5fee71b-5b2e-4348-b310-a983bdb1d7fc
[92mINFO [0m:      Sent reply
[92mINFO [0m:      
[92mINFO [0m:      Received: train message 9b8bf554-8bfd-4da6-9765-accce2b650f7
[92mINFO [0m:      Sent reply
[92mINFO [0m:      
[92mINFO [0m:      Received: evaluate message 50dc40df-3322-4e9e-8995-50e7195e7b3f
[92mINFO [0m:      Sent reply
[92mINFO [0m:      
[92mINFO [0m:      Received: train message 470a8548-0926-4118-b655-687e04188d29
[92mINFO [0m:      Sent reply
[92mINFO [0m:      
[92mINFO [0m:      Received: evaluate message b492f11f-5e0b-4bc5-8e0d-d29d3d4b039a
[92mINFO [0m:      Sent reply
[92mINFO [0m:      
[92mINFO [0m:      Received: train message 332ae370-b924-4ffc-bcef-523a97e79451
[92mINFO [0m:      Sent reply
[92mINFO [0m:      
[92mINFO [0m:      Received: evaluate message b00b7c0e-5f00-4e53-856b-920e14283b6a
[92mINFO [0m:      Sent reply
[92mINFO [0m:      
[92mINFO [0m:      Received: train message ba64c30e-6900-42b6-90ed-aee67cc145bf
[92mINFO [0m:      Sent reply
[92mINFO [0m:      
[92mINFO [0m:      Received: evaluate message 3a67414a-52d6-4403-87b1-6cab1c2f4e3f
[92mINFO [0m:      Sent reply
[92mINFO [0m:      
[92mINFO [0m:      Received: train message e705aba2-a98e-4148-9a8d-44b736453344
[92mINFO [0m:      Sent reply
[92mINFO [0m:      
[92mINFO [0m:      Received: evaluate message 0451bc83-7c28-420a-84f4-122e84d289dc
[92mINFO [0m:      Sent reply
[92mINFO [0m:      
[92mINFO [0m:      Received: train message 05fc73a9-c05a-4c9f-a5e0-685ae7ef58dd
[92mINFO [0m:      Sent reply
[92mINFO [0m:      
[92mINFO [0m:      Received: evaluate message 1b58c85a-d2c6-4eed-9140-6611b8311e33
[92mINFO [0m:      Sent reply
[92mINFO [0m:      
[92mINFO [0m:      Received: train message 8de40710-fd50-47e2-9709-2892e0d1f6c6
[92mINFO [0m:      Sent reply
[92mINFO [0m:      
[92mINFO [0m:      Received: evaluate message c0956c81-e840-4440-bb0b-b70d2432b039
[92mINFO [0m:      Sent reply
[92mINFO [0m:      
[92mINFO [0m:      Received: train message f2855c70-ecdf-45b6-bf6f-aac7e1ae8add
[92mINFO [0m:      Sent reply
[92mINFO [0m:      
[92mINFO [0m:      Received: evaluate message e54ab62c-fd10-4759-a8d3-bbd6f99dd1cb
[92mINFO [0m:      Sent reply
[92mINFO [0m:      
[92mINFO [0m:      Received: train message 1dd3b318-dd91-4de6-a6f7-2c4d6acf7dde
[92mINFO [0m:      Sent reply
[92mINFO [0m:      
[92mINFO [0m:      Received: evaluate message 5deb55bd-d57d-4a79-95e8-77630f8e5e7c
[92mINFO [0m:      Sent reply
[92mINFO [0m:      
[92mINFO [0m:      Received: train message 91e9b3f9-3efa-47ef-868c-aa4aa9746359
[92mINFO [0m:      Sent reply
[92mINFO [0m:      
[92mINFO [0m:      Received: evaluate message d4a4f7e6-755a-4dee-b073-31caf3e3e541
[92mINFO [0m:      Sent reply
[92mINFO [0m:      
[92mINFO [0m:      Received: train message 7040e218-ec1c-403f-8c57-cea67bdd0d02
[92mINFO [0m:      Sent reply
[92mINFO [0m:      
[92mINFO [0m:      Received: evaluate message 3e22fc87-d492-4d1c-b7e7-5c24b4a68e97
[92mINFO [0m:      Sent reply
[92mINFO [0m:      
[92mINFO [0m:      Received: train message ed6b0de5-b6f2-4665-8621-627f0e6e3cac
[92mINFO [0m:      Sent reply
[92mINFO [0m:      
[92mINFO [0m:      Received: evaluate message 19ce39bf-d554-407d-b6aa-eddd5bc13e47
[92mINFO [0m:      Sent reply
[92mINFO [0m:      
[92mINFO [0m:      Received: train message 3f14379c-eb5b-467e-ae59-462ebbac2df6
[92mINFO [0m:      Sent reply
[92mINFO [0m:      
[92mINFO [0m:      Received: evaluate message 131d2002-444d-4d94-8411-e7aeb3be4380
[92mINFO [0m:      Sent reply
[92mINFO [0m:      
[92mINFO [0m:      Received: train message 3836ecac-34ea-464f-b832-747932be206f
[92mINFO [0m:      Sent reply
[92mINFO [0m:      
[92mINFO [0m:      Received: evaluate message 9677a1f0-2827-4b56-935f-7ee348151305
[92mINFO [0m:      Sent reply
[92mINFO [0m:      
[92mINFO [0m:      Received: train message 64cf99e6-ed52-4f90-ba7b-2d5a4b1a48d9
[92mINFO [0m:      Sent reply
[92mINFO [0m:      
[92mINFO [0m:      Received: evaluate message 3843ee04-05fa-4bd8-9f71-8880d8d5f0a5
[92mINFO [0m:      Sent reply
[92mINFO [0m:      
[92mINFO [0m:      Received: train message 665d5490-54e2-43f0-aeb7-f98470f53a7f
[92mINFO [0m:      Sent reply
[92mINFO [0m:      
[92mINFO [0m:      Received: evaluate message b4a357f9-a03f-435e-b769-7a12f092dc1d
[92mINFO [0m:      Sent reply
[92mINFO [0m:      
[92mINFO [0m:      Received: train message 95b6067e-a82a-42cb-8d22-85f3920724a1
[92mINFO [0m:      Sent reply
[92mINFO [0m:      
[92mINFO [0m:      Received: evaluate message fd93b338-afd8-4d4a-bce7-55cbc6adff78
[92mINFO [0m:      Sent reply
[92mINFO [0m:      
[92mINFO [0m:      Received: train message 1593393d-2222-4fc3-94cb-ec1909d53ba0
[92mINFO [0m:      Sent reply
[92mINFO [0m:      
[92mINFO [0m:      Received: evaluate message 4420f4da-aecb-4bcb-83f6-654a0915433d
[92mINFO [0m:      Sent reply
[92mINFO [0m:      
[92mINFO [0m:      Received: train message c87642e4-4321-4f56-aa94-9f49d4ce8409
[92mINFO [0m:      Sent reply
[92mINFO [0m:      
[92mINFO [0m:      Received: evaluate message 49152a62-2778-4aab-bcb4-f5441522b3a9
[92mINFO [0m:      Sent reply
[92mINFO [0m:      
[92mINFO [0m:      Received: train message 96849e98-fc58-4d32-bd81-8c40f3b630fa
[92mINFO [0m:      Sent reply
[92mINFO [0m:      
[92mINFO [0m:      Received: evaluate message 8e93e951-e0a1-4e49-8406-a34e8cbe7b95
[92mINFO [0m:      Sent reply
[92mINFO [0m:      
[92mINFO [0m:      Received: train message 33d0504f-c794-4158-b0b3-610ec990b817
[92mINFO [0m:      Sent reply
[92mINFO [0m:      
[92mINFO [0m:      Received: evaluate message b58a9d6e-96ff-4e89-9b2d-fdf92d458a9a
[92mINFO [0m:      Sent reply
[92mINFO [0m:      
[92mINFO [0m:      Received: train message 33cdbd5a-c7b2-4c94-8135-a8a7f308367e
[92mINFO [0m:      Sent reply
[92mINFO [0m:      
[92mINFO [0m:      Received: evaluate message e4b10540-2e1f-45c6-ac3c-395fd87a3e53
[92mINFO [0m:      Sent reply
[92mINFO [0m:      
[92mINFO [0m:      Received: train message d3346c6d-fbd0-4fbb-9739-5f9e7b7f9355
[92mINFO [0m:      Sent reply
[92mINFO [0m:      
[92mINFO [0m:      Received: evaluate message e6884bd4-aee2-4d84-af44-61752b92dc08
[92mINFO [0m:      Sent reply
[92mINFO [0m:      
[92mINFO [0m:      Received: train message eae4d4fb-42c6-4a71-9457-e57fe0eec9d5
[92mINFO [0m:      Sent reply
[92mINFO [0m:      
[92mINFO [0m:      Received: evaluate message 0161a974-7991-4b1c-80f9-4a6023cd0d94
[92mINFO [0m:      Sent reply
[92mINFO [0m:      
[92mINFO [0m:      Received: train message e856a161-dd78-4fd6-9ef3-070c78f00f32
[92mINFO [0m:      Sent reply
[92mINFO [0m:      
[92mINFO [0m:      Received: evaluate message 0b8bf765-4bb0-4f12-ad34-638b9629af6d
[92mINFO [0m:      Sent reply
[92mINFO [0m:      
[92mINFO [0m:      Received: train message fa01734a-5d8b-460f-bff5-040e16e2c92f
[92mINFO [0m:      Sent reply
[92mINFO [0m:      
[92mINFO [0m:      Received: evaluate message b07bead9-c0dd-49e1-9230-b658f7baeb18
[92mINFO [0m:      Sent reply
[92mINFO [0m:      
[92mINFO [0m:      Received: train message c5644f01-3c0a-4401-8f11-1af83c3897aa
[92mINFO [0m:      Sent reply
[92mINFO [0m:      
[92mINFO [0m:      Received: evaluate message b4b1db82-d7d9-4ae4-bf75-a948036d97b9
[92mINFO [0m:      Sent reply
[92mINFO [0m:      
[92mINFO [0m:      Received: train message 9f1331ce-b522-442f-be6c-b9ee9eaff14c
[92mINFO [0m:      Sent reply
[92mINFO [0m:      
[92mINFO [0m:      Received: evaluate message deab16ab-5d05-495f-af33-59a670526277
[92mINFO [0m:      Sent reply
[92mINFO [0m:      
[92mINFO [0m:      Received: train message dd786135-9674-4441-8e08-2077bf18d711
[92mINFO [0m:      Sent reply
[92mINFO [0m:      
[92mINFO [0m:      Received: evaluate message efa8eb57-75d4-4893-9f0a-441edc404325
[92mINFO [0m:      Sent reply
[92mINFO [0m:      
[92mINFO [0m:      Received: train message 4ad765c0-0562-4e7b-bc23-14406f07bede
[92mINFO [0m:      Sent reply
[92mINFO [0m:      
[92mINFO [0m:      Received: evaluate message 10658f8e-732e-4633-a7e1-c93c023bdd26
[92mINFO [0m:      Sent reply
[92mINFO [0m:      
[92mINFO [0m:      Received: train message 4e2be528-29a7-4eda-a0c4-72f146080a59
[92mINFO [0m:      Sent reply
[92mINFO [0m:      
[92mINFO [0m:      Received: evaluate message 4f583d37-bc8f-4204-ad49-0d927d76fee2
[92mINFO [0m:      Sent reply
[92mINFO [0m:      
[92mINFO [0m:      Received: train message da685f04-5864-4bf3-9803-b8f3f5423fda
[92mINFO [0m:      Sent reply
[92mINFO [0m:      
[92mINFO [0m:      Received: evaluate message e8b91d00-0481-468a-97e6-1514ecbd75bd
[92mINFO [0m:      Sent reply
[92mINFO [0m:      
[92mINFO [0m:      Received: train message 5ccce254-1a06-4876-a4f4-db8684758fe8
[92mINFO [0m:      Sent reply
[92mINFO [0m:      
[92mINFO [0m:      Received: evaluate message 221b9ebb-c408-41b3-98c6-4074453f2d12
[92mINFO [0m:      Sent reply
[92mINFO [0m:      
[92mINFO [0m:      Received: reconnect message a434f802-6f6a-4924-b63a-962282355e25
[92mINFO [0m:      Disconnect and shut down
