[93mWARNING [0m:   DEPRECATED FEATURE: flwr.client.start_client() is deprecated.
	Instead, use the `flower-supernode` CLI command to start a SuperNode as shown below:

		$ flower-supernode --insecure --superlink='<IP>:<PORT>'

	To view all available options, run:

		$ flower-supernode --help

	Using `start_client()` is deprecated.

            This is a deprecated feature. It will be removed
            entirely in future versions of Flower.
        
[92mINFO [0m:      
[92mINFO [0m:      Received: train message 7dd37cd9-cd03-4bd6-b17e-f43f6e5e7767
[92mINFO [0m:      Sent reply
[92mINFO [0m:      
[92mINFO [0m:      Received: evaluate message 22bf9e93-4233-4124-a4a3-d90e956da3f3
[92mINFO [0m:      Sent reply
[92mINFO [0m:      
[92mINFO [0m:      Received: train message be8fbf5c-a42d-494c-ae18-d1e6b283c842
[92mINFO [0m:      Sent reply
[92mINFO [0m:      
[92mINFO [0m:      Received: evaluate message 84b2a050-729c-4019-bdbc-6aaf2de0792c
[92mINFO [0m:      Sent reply
[92mINFO [0m:      
[92mINFO [0m:      Received: train message 3eb1e1e9-0718-4c4f-8287-b43df70b4615
[92mINFO [0m:      Sent reply
[92mINFO [0m:      
[92mINFO [0m:      Received: evaluate message be6694ba-ba25-4ee8-b5af-a10ea38ebd08
[92mINFO [0m:      Sent reply
[92mINFO [0m:      
[92mINFO [0m:      Received: train message 2aac0674-0ff4-4a1d-9b89-85fd7bc3e695
[92mINFO [0m:      Sent reply
[92mINFO [0m:      
[92mINFO [0m:      Received: evaluate message 7c6170a5-55ea-4acc-9b0b-95980b2142c8
[92mINFO [0m:      Sent reply
[92mINFO [0m:      
[92mINFO [0m:      Received: train message 07a173a2-5580-4c64-9fb5-0b33f5203f24
[92mINFO [0m:      Sent reply
[92mINFO [0m:      
[92mINFO [0m:      Received: evaluate message 1a74b84d-5bdd-4008-8909-1deba897f341
[92mINFO [0m:      Sent reply
[92mINFO [0m:      
[92mINFO [0m:      Received: train message 64f5575f-9a28-4fa4-babe-6c137a482de7
[92mINFO [0m:      Sent reply
[92mINFO [0m:      
[92mINFO [0m:      Received: evaluate message f588e596-21cc-44d0-bcf3-52e36f369195
[92mINFO [0m:      Sent reply
[92mINFO [0m:      
[92mINFO [0m:      Received: train message 02fe0b68-53b4-4033-9717-bd0902bbd27d
[92mINFO [0m:      Sent reply
[92mINFO [0m:      
[92mINFO [0m:      Received: evaluate message 54447b8c-4129-4e42-98f9-78e0ac73b328
[92mINFO [0m:      Sent reply
[92mINFO [0m:      
[92mINFO [0m:      Received: train message e1192520-4dde-4ca1-b12e-7700f25e81a9
[92mINFO [0m:      Sent reply
[92mINFO [0m:      
[92mINFO [0m:      Received: evaluate message e4b985a2-cf80-452a-a611-074c8f840932
[92mINFO [0m:      Sent reply
[92mINFO [0m:      
[92mINFO [0m:      Received: train message 829b8b8b-be78-405e-a2b7-3ffd718ce8ab
[92mINFO [0m:      Sent reply
[92mINFO [0m:      
[92mINFO [0m:      Received: evaluate message 22ad5c5b-c031-4e3a-82c4-f4c42fa2c23f
[92mINFO [0m:      Sent reply
[92mINFO [0m:      
[92mINFO [0m:      Received: train message d3223ab7-df35-4847-a5bc-267038503b97
[92mINFO [0m:      Sent reply
[92mINFO [0m:      
[92mINFO [0m:      Received: evaluate message b447edd6-93de-46c8-af85-14561359be20
[92mINFO [0m:      Sent reply
[92mINFO [0m:      
[92mINFO [0m:      Received: train message e1447579-a510-4430-95c3-ef8970bfe5f8
[92mINFO [0m:      Sent reply
[92mINFO [0m:      
[92mINFO [0m:      Received: evaluate message 10558b55-8d38-4b32-b06a-4985505554af
[92mINFO [0m:      Sent reply
[92mINFO [0m:      
[92mINFO [0m:      Received: train message df0b75a6-3642-4897-8fff-ba1d4f332a16
[92mINFO [0m:      Sent reply
[92mINFO [0m:      
[92mINFO [0m:      Received: evaluate message e958eee7-2218-4a40-bb0e-59bab1790f65
[92mINFO [0m:      Sent reply
[92mINFO [0m:      
[92mINFO [0m:      Received: train message 8b824f12-c670-4e93-acc7-f93f732a815b
[92mINFO [0m:      Sent reply
[92mINFO [0m:      
[92mINFO [0m:      Received: evaluate message 8ff13514-13ba-4f2c-88b6-97bfa7ca2ec3
[92mINFO [0m:      Sent reply
[92mINFO [0m:      
[92mINFO [0m:      Received: train message 4eb098d0-6a03-4067-8e2e-edba4f62b410
[92mINFO [0m:      Sent reply
[92mINFO [0m:      
[92mINFO [0m:      Received: evaluate message 5c36b740-c719-4a4a-af8c-c18f2db9ea57
[92mINFO [0m:      Sent reply
[92mINFO [0m:      
[92mINFO [0m:      Received: train message 463a669f-21a9-43d1-bc34-1ad1d618e275
[92mINFO [0m:      Sent reply
[92mINFO [0m:      
[92mINFO [0m:      Received: evaluate message 640db698-ee8a-46e3-8acb-b07fe15f8edc
[92mINFO [0m:      Sent reply
[92mINFO [0m:      
[92mINFO [0m:      Received: train message 24708106-2332-4cdd-a160-e2c6bb508b5f
[92mINFO [0m:      Sent reply
[92mINFO [0m:      
[92mINFO [0m:      Received: evaluate message a49dae20-007e-44e6-ac26-1d9c6fc9d8ee
[92mINFO [0m:      Sent reply
[92mINFO [0m:      
[92mINFO [0m:      Received: train message 152b98f0-abee-4d4d-8946-cd96105ec7fe
[92mINFO [0m:      Sent reply
[92mINFO [0m:      
[92mINFO [0m:      Received: evaluate message bce517ab-0274-4a5f-8d9c-bba1bb6c0ef5
[92mINFO [0m:      Sent reply
[92mINFO [0m:      
[92mINFO [0m:      Received: train message eda2e4d7-5f11-43e9-b747-449eb5db3510
[92mINFO [0m:      Sent reply
[92mINFO [0m:      
[92mINFO [0m:      Received: evaluate message ebe847d4-c746-4eab-8b37-fcdc907c976b
[92mINFO [0m:      Sent reply
[92mINFO [0m:      
[92mINFO [0m:      Received: train message 31259aa0-0bb3-42f8-838c-d6da0b3b0165
[92mINFO [0m:      Sent reply
[92mINFO [0m:      
[92mINFO [0m:      Received: evaluate message 2df8a326-ec41-4021-af13-53c08b7ece00
[92mINFO [0m:      Sent reply
[92mINFO [0m:      
[92mINFO [0m:      Received: train message 341c7707-788f-4b93-a6fb-7f025c2ca56b
[92mINFO [0m:      Sent reply
[92mINFO [0m:      
[92mINFO [0m:      Received: evaluate message 46728b28-c3a1-4862-b957-1aa70d3786b2
[92mINFO [0m:      Sent reply
[92mINFO [0m:      
[92mINFO [0m:      Received: train message 5893ec01-191e-4222-a68d-ccdd2c9f7222
[92mINFO [0m:      Sent reply
[92mINFO [0m:      
[92mINFO [0m:      Received: evaluate message a60548d5-5045-4bea-9c7c-8daa9f7c3f18
[92mINFO [0m:      Sent reply
[92mINFO [0m:      
[92mINFO [0m:      Received: train message 092a497d-c370-437a-82e7-63615ea0e8c6
[92mINFO [0m:      Sent reply
[92mINFO [0m:      
[92mINFO [0m:      Received: evaluate message 03afb827-f204-439d-aa5d-01e28869d75b
[92mINFO [0m:      Sent reply
[92mINFO [0m:      
[92mINFO [0m:      Received: train message a74fa5fa-f45a-47da-aece-80f4af891247
[92mINFO [0m:      Sent reply
[92mINFO [0m:      
[92mINFO [0m:      Received: evaluate message 3389a75a-291a-4e42-bb3e-67b50a505e91
[92mINFO [0m:      Sent reply
[92mINFO [0m:      
[92mINFO [0m:      Received: train message 4452f18d-2e48-4686-a637-d6583b01bcce
[92mINFO [0m:      Sent reply
[92mINFO [0m:      
[92mINFO [0m:      Received: evaluate message 7a2814ec-4524-4c29-b3bf-052c52b4e458
[92mINFO [0m:      Sent reply
[92mINFO [0m:      
[92mINFO [0m:      Received: train message a6c9d108-f3c0-47ab-8c0a-d5fd99a3a9f8
[92mINFO [0m:      Sent reply
[92mINFO [0m:      
[92mINFO [0m:      Received: evaluate message dd093406-6bf3-4619-8cc2-54cf586a5635
[92mINFO [0m:      Sent reply
[92mINFO [0m:      
[92mINFO [0m:      Received: train message 74fda050-212f-4c8d-a1b0-23805672deb7
[92mINFO [0m:      Sent reply
[92mINFO [0m:      
[92mINFO [0m:      Received: evaluate message 0953cbe8-d253-4f35-a82f-4ca0720c95db
[92mINFO [0m:      Sent reply
[92mINFO [0m:      
[92mINFO [0m:      Received: train message b7cb5334-cc83-4d57-abc5-a68a9d20fe40
[92mINFO [0m:      Sent reply
[92mINFO [0m:      
[92mINFO [0m:      Received: evaluate message 6e50a50e-967f-44cd-be10-02af04dd5347
[92mINFO [0m:      Sent reply
[92mINFO [0m:      
[92mINFO [0m:      Received: train message c96ba54e-fee6-480f-ab45-83d883ec4519
[92mINFO [0m:      Sent reply
[92mINFO [0m:      
[92mINFO [0m:      Received: evaluate message e9accbf8-7f76-492c-839f-184145b239d8
[92mINFO [0m:      Sent reply
[92mINFO [0m:      
[92mINFO [0m:      Received: train message 7d65b2e0-cf64-44f9-9c48-6f96021bffee
[92mINFO [0m:      Sent reply
[92mINFO [0m:      
[92mINFO [0m:      Received: evaluate message 19e15ebc-434c-46ed-ae3f-ae8f911b6cc0
[92mINFO [0m:      Sent reply
[92mINFO [0m:      
[92mINFO [0m:      Received: train message d801502e-f24d-4336-a0fb-6a5eabdfebcd
[92mINFO [0m:      Sent reply
[92mINFO [0m:      
[92mINFO [0m:      Received: evaluate message 35a8950f-386a-463a-805d-8e541358484e
[92mINFO [0m:      Sent reply
[92mINFO [0m:      
[92mINFO [0m:      Received: train message e7c6a2cf-3936-4c8a-9c12-958b87127826
[92mINFO [0m:      Sent reply
[92mINFO [0m:      
[92mINFO [0m:      Received: evaluate message 0d5cfa5e-feea-444f-a640-8776ee0b0e23
[92mINFO [0m:      Sent reply
[92mINFO [0m:      
[92mINFO [0m:      Received: train message fc9cba0e-6a18-49a5-889d-f7bed6ea3e57
[92mINFO [0m:      Sent reply
[92mINFO [0m:      
[92mINFO [0m:      Received: evaluate message a617d335-c637-4d56-972b-c4b2dcedd908
[92mINFO [0m:      Sent reply
[92mINFO [0m:      
[92mINFO [0m:      Received: train message 97d6c0e3-db2f-4b3c-a0ad-9b031fd4e68e
[92mINFO [0m:      Sent reply
[92mINFO [0m:      
[92mINFO [0m:      Received: evaluate message d54d7fed-0e7a-4c6e-97f4-eb3f0a3f9a58
[92mINFO [0m:      Sent reply
[92mINFO [0m:      
[92mINFO [0m:      Received: train message 85f6ac0d-d3f9-42af-84ac-b585fa07b180
[92mINFO [0m:      Sent reply
[92mINFO [0m:      
[92mINFO [0m:      Received: evaluate message a6bf05cc-c290-4d15-92da-ae3102d28a29
[92mINFO [0m:      Sent reply
[92mINFO [0m:      
[92mINFO [0m:      Received: train message 3de15f03-5227-4993-892a-703582dfd2c3
[92mINFO [0m:      Sent reply
[92mINFO [0m:      
[92mINFO [0m:      Received: evaluate message dad4501d-7b20-445d-b4b3-c8d2a87b29d9
[92mINFO [0m:      Sent reply
[92mINFO [0m:      
[92mINFO [0m:      Received: train message df242b43-cff8-4b66-b56b-d20425584fe6
[92mINFO [0m:      Sent reply
[92mINFO [0m:      
[92mINFO [0m:      Received: evaluate message 030bb1e6-c379-461d-82de-7c0196e35e8a
[92mINFO [0m:      Sent reply
[92mINFO [0m:      
[92mINFO [0m:      Received: train message acead90e-663a-492b-99e4-e9e52cc76208
[92mINFO [0m:      Sent reply
[92mINFO [0m:      
[92mINFO [0m:      Received: evaluate message 3e82a6a9-5a39-4417-a085-51fc8437a10f
[92mINFO [0m:      Sent reply
[92mINFO [0m:      
[92mINFO [0m:      Received: train message 49052bc7-7fef-4948-82d8-60914ce08a7f
[92mINFO [0m:      Sent reply
[92mINFO [0m:      
[92mINFO [0m:      Received: evaluate message 9addde44-26fe-4dd7-bfdf-58660bfdb945
[92mINFO [0m:      Sent reply
[92mINFO [0m:      
[92mINFO [0m:      Received: train message 5c9de81b-57b1-4c82-92bb-42a2b302d2c4
[92mINFO [0m:      Sent reply
[92mINFO [0m:      
[92mINFO [0m:      Received: evaluate message 1ae2fb7e-cfbc-487c-bdc4-5672a29b8f85
[92mINFO [0m:      Sent reply
[92mINFO [0m:      
[92mINFO [0m:      Received: train message 784137bb-315b-4d1e-875d-a23d1537f372
[92mINFO [0m:      Sent reply
[92mINFO [0m:      
[92mINFO [0m:      Received: evaluate message a9f34796-ae45-4163-b6cb-026676f44017
[92mINFO [0m:      Sent reply
[92mINFO [0m:      
[92mINFO [0m:      Received: train message ca7ee6f2-7bc2-4615-86b6-9a52025f61a3
[92mINFO [0m:      Sent reply
[92mINFO [0m:      
[92mINFO [0m:      Received: evaluate message 54ace5bb-c0b3-4eef-b0e1-36b5677e5526
[92mINFO [0m:      Sent reply
[92mINFO [0m:      
[92mINFO [0m:      Received: train message 38446321-dc12-4c68-b592-2a7bdd3c57f2
[92mINFO [0m:      Sent reply
[92mINFO [0m:      
[92mINFO [0m:      Received: evaluate message 49837651-419a-4e76-a642-0fac3907efe7
[92mINFO [0m:      Sent reply
[92mINFO [0m:      
[92mINFO [0m:      Received: train message dc0306b9-aeca-4c9b-841f-64adc3f787d6
[92mINFO [0m:      Sent reply
[92mINFO [0m:      
[92mINFO [0m:      Received: evaluate message af9f855c-9fc6-4fff-9841-b7a214e83e72
[92mINFO [0m:      Sent reply
[92mINFO [0m:      
[92mINFO [0m:      Received: train message 8a67fb88-6bb6-415e-b797-31859480c9ee
[92mINFO [0m:      Sent reply
[92mINFO [0m:      
[92mINFO [0m:      Received: evaluate message fe24deec-fc22-4289-99e3-86be6609324f
[92mINFO [0m:      Sent reply
[92mINFO [0m:      
[92mINFO [0m:      Received: train message e1810b5d-3ac8-473c-8539-654a9e1a4456
[92mINFO [0m:      Sent reply
[92mINFO [0m:      
[92mINFO [0m:      Received: evaluate message fcf3930c-59d3-4d58-b838-3c3d72a07c73
[92mINFO [0m:      Sent reply
[92mINFO [0m:      
[92mINFO [0m:      Received: train message 5a54496d-8e4c-415b-9d07-047ebba12edb
[92mINFO [0m:      Sent reply
[92mINFO [0m:      
[92mINFO [0m:      Received: evaluate message fc94a04d-e412-45c4-a6c2-50a4f1dbcef5
[92mINFO [0m:      Sent reply
[92mINFO [0m:      
[92mINFO [0m:      Received: train message 1afc4e70-ea13-4c38-833a-ef3f6faf7aca
[92mINFO [0m:      Sent reply
[92mINFO [0m:      
[92mINFO [0m:      Received: evaluate message 9d4c4417-b47b-448e-a53e-d59a9fd352bd
[92mINFO [0m:      Sent reply
[92mINFO [0m:      
[92mINFO [0m:      Received: train message 81b73f3a-2352-4943-be84-098d70a26e87
[92mINFO [0m:      Sent reply
[92mINFO [0m:      
[92mINFO [0m:      Received: evaluate message ca33f04b-8a2c-4c4b-bb2b-2768a13020cd
[92mINFO [0m:      Sent reply
[92mINFO [0m:      
[92mINFO [0m:      Received: train message c48b42a9-1f07-4eba-933f-80bf01db3f3d
[92mINFO [0m:      Sent reply
[92mINFO [0m:      
[92mINFO [0m:      Received: evaluate message aed972ec-e059-4e39-8e4a-0875256f5319
[92mINFO [0m:      Sent reply
[92mINFO [0m:      
[92mINFO [0m:      Received: train message 961e4561-c258-4a92-9c32-7ef7203efc31
[92mINFO [0m:      Sent reply
[92mINFO [0m:      
[92mINFO [0m:      Received: evaluate message 735bbf0d-11ea-4205-828c-99239b71e69b
[92mINFO [0m:      Sent reply
[92mINFO [0m:      
[92mINFO [0m:      Received: reconnect message ff2d3cc9-f76d-4e34-970a-93bbaf46889a
[92mINFO [0m:      Disconnect and shut down
