[93mWARNING [0m:   DEPRECATED FEATURE: flwr.client.start_client() is deprecated.
	Instead, use the `flower-supernode` CLI command to start a SuperNode as shown below:

		$ flower-supernode --insecure --superlink='<IP>:<PORT>'

	To view all available options, run:

		$ flower-supernode --help

	Using `start_client()` is deprecated.

            This is a deprecated feature. It will be removed
            entirely in future versions of Flower.
        
[92mINFO [0m:      
[92mINFO [0m:      Received: train message f09711ad-c091-4522-bb7c-b2e45941a8a3
[92mINFO [0m:      Sent reply
[92mINFO [0m:      
[92mINFO [0m:      Received: evaluate message b3f4ec99-5f96-4d0a-b112-a15067e823d4
[92mINFO [0m:      Sent reply
[92mINFO [0m:      
[92mINFO [0m:      Received: train message 389406cb-7489-4139-a3d6-3774a9cfee58
[92mINFO [0m:      Sent reply
[92mINFO [0m:      
[92mINFO [0m:      Received: evaluate message 63706ae8-7866-4a71-a6ac-1b99c49eb162
[92mINFO [0m:      Sent reply
[92mINFO [0m:      
[92mINFO [0m:      Received: train message 9c7ba5bc-64de-4616-9a3c-c5740e63c761
[92mINFO [0m:      Sent reply
[92mINFO [0m:      
[92mINFO [0m:      Received: evaluate message 50bf4998-a5f6-4026-a440-5ad9d7302170
[92mINFO [0m:      Sent reply
[92mINFO [0m:      
[92mINFO [0m:      Received: train message 10c8760a-c854-4b0c-864f-9ecd721de7a8
[92mINFO [0m:      Sent reply
[92mINFO [0m:      
[92mINFO [0m:      Received: evaluate message 31e59171-c392-4cc2-bd4d-a38f2e825934
[92mINFO [0m:      Sent reply
[92mINFO [0m:      
[92mINFO [0m:      Received: train message c7cc11cf-8ba3-48fe-9775-5e958fbddcf6
[92mINFO [0m:      Sent reply
[92mINFO [0m:      
[92mINFO [0m:      Received: evaluate message f7be9b08-ba22-4bde-9404-2fb9536ae7ea
[92mINFO [0m:      Sent reply
[92mINFO [0m:      
[92mINFO [0m:      Received: train message fe6fbce2-794d-4b87-aeb3-3e56ed978484
[92mINFO [0m:      Sent reply
[92mINFO [0m:      
[92mINFO [0m:      Received: evaluate message 4528c004-cd7d-4a01-b9a7-d3e76c0bdfea
[92mINFO [0m:      Sent reply
[92mINFO [0m:      
[92mINFO [0m:      Received: train message 966e3343-431b-4e9e-a288-7370d240c431
[92mINFO [0m:      Sent reply
[92mINFO [0m:      
[92mINFO [0m:      Received: evaluate message ee324423-312d-4c7a-ba6d-6f32a1a459ed
[92mINFO [0m:      Sent reply
[92mINFO [0m:      
[92mINFO [0m:      Received: train message 15bd2c09-7f1b-4318-94c9-b77b2e51524b
[92mINFO [0m:      Sent reply
[92mINFO [0m:      
[92mINFO [0m:      Received: evaluate message 4a5626d0-66cc-460c-a8d3-4375e3e30a2e
[92mINFO [0m:      Sent reply
[92mINFO [0m:      
[92mINFO [0m:      Received: train message e34ad728-58e5-42db-845d-f0e254eb11bd
[92mINFO [0m:      Sent reply
[92mINFO [0m:      
[92mINFO [0m:      Received: evaluate message 2b1109f9-aeb8-4375-ad13-ec8c43960dc7
[92mINFO [0m:      Sent reply
[92mINFO [0m:      
[92mINFO [0m:      Received: train message 8f696ac8-d7e8-4938-bc8b-79ae0da45c82
[92mINFO [0m:      Sent reply
[92mINFO [0m:      
[92mINFO [0m:      Received: evaluate message 2ccefb5a-3c4a-4164-b5e5-e070e2edf253
[92mINFO [0m:      Sent reply
[92mINFO [0m:      
[92mINFO [0m:      Received: train message 63016abf-3b42-4d13-9d28-4d2dbacad310
[92mINFO [0m:      Sent reply
[92mINFO [0m:      
[92mINFO [0m:      Received: evaluate message f993ed0f-e57c-4593-8878-e33fb4cf3e4e
[92mINFO [0m:      Sent reply
[92mINFO [0m:      
[92mINFO [0m:      Received: train message 70e49cd0-bbdd-4535-8dbc-de15992e10ce
[92mINFO [0m:      Sent reply
[92mINFO [0m:      
[92mINFO [0m:      Received: evaluate message ef34ee6f-b7e6-4408-b18a-94677e47322e
[92mINFO [0m:      Sent reply
[92mINFO [0m:      
[92mINFO [0m:      Received: train message aa9ffc07-b618-4125-abb5-14dd2308eb21
[92mINFO [0m:      Sent reply
[92mINFO [0m:      
[92mINFO [0m:      Received: evaluate message 4ae3fa29-d792-430d-a7ea-d921f73d49c6
[92mINFO [0m:      Sent reply
[92mINFO [0m:      
[92mINFO [0m:      Received: train message 132790bc-eab4-4a17-ae54-2b3ccfc11d1c
[92mINFO [0m:      Sent reply
[92mINFO [0m:      
[92mINFO [0m:      Received: evaluate message d28191d7-19fb-490a-814f-8de68043daa1
[92mINFO [0m:      Sent reply
[92mINFO [0m:      
[92mINFO [0m:      Received: train message 63f62af7-584a-4f3c-963d-4448ec6a218c
[92mINFO [0m:      Sent reply
[92mINFO [0m:      
[92mINFO [0m:      Received: evaluate message 64bd0f18-6f78-4b45-9f15-bb938493b072
[92mINFO [0m:      Sent reply
[92mINFO [0m:      
[92mINFO [0m:      Received: train message d221a3f5-4e77-49db-898c-75df12f00185
[92mINFO [0m:      Sent reply
[92mINFO [0m:      
[92mINFO [0m:      Received: evaluate message 94de9ae8-a6b0-4e61-889c-2d4935d76f8c
[92mINFO [0m:      Sent reply
[92mINFO [0m:      
[92mINFO [0m:      Received: train message 10b6c2c1-644a-43ea-bbc5-6ab3e2bec128
[92mINFO [0m:      Sent reply
[92mINFO [0m:      
[92mINFO [0m:      Received: evaluate message e53338dc-0933-4a0f-8383-de5994e97d8c
[92mINFO [0m:      Sent reply
[92mINFO [0m:      
[92mINFO [0m:      Received: train message c90c84b6-6283-458b-867b-1c2cedebf188
[92mINFO [0m:      Sent reply
[92mINFO [0m:      
[92mINFO [0m:      Received: evaluate message 699bab5c-3ad5-4485-be47-083fa86b6d6e
[92mINFO [0m:      Sent reply
[92mINFO [0m:      
[92mINFO [0m:      Received: train message 99071470-e5c8-450b-8b5d-0569a938ddde
[92mINFO [0m:      Sent reply
[92mINFO [0m:      
[92mINFO [0m:      Received: evaluate message 43708cd4-4b93-4fde-bfaa-e0cf4476bb21
[92mINFO [0m:      Sent reply
[92mINFO [0m:      
[92mINFO [0m:      Received: train message 2b6ab367-9506-4a69-b9fb-e9230ba361f0
[92mINFO [0m:      Sent reply
[92mINFO [0m:      
[92mINFO [0m:      Received: evaluate message d717fa40-0d20-43db-b644-8fa1fd051644
[92mINFO [0m:      Sent reply
[92mINFO [0m:      
[92mINFO [0m:      Received: train message d4fd9616-b051-4f53-a251-1f238c977404
[92mINFO [0m:      Sent reply
[92mINFO [0m:      
[92mINFO [0m:      Received: evaluate message 50d67cd4-cfa3-47fd-9aba-1d964582f4df
[92mINFO [0m:      Sent reply
[92mINFO [0m:      
[92mINFO [0m:      Received: train message 3deafca5-e945-4ce7-a752-fb86620f014e
[92mINFO [0m:      Sent reply
[92mINFO [0m:      
[92mINFO [0m:      Received: evaluate message 522cf21d-38ab-45ac-a01b-4727c3f84a27
[92mINFO [0m:      Sent reply
[92mINFO [0m:      
[92mINFO [0m:      Received: train message 254f46f3-b1ce-4709-8108-e9a3b6cdfac3
[92mINFO [0m:      Sent reply
[92mINFO [0m:      
[92mINFO [0m:      Received: evaluate message b78047bf-19a9-4961-b002-2b2df4c9178b
[92mINFO [0m:      Sent reply
[92mINFO [0m:      
[92mINFO [0m:      Received: train message 96bca266-e3dc-42b4-ac6c-776f7e710706
[92mINFO [0m:      Sent reply
[92mINFO [0m:      
[92mINFO [0m:      Received: evaluate message bd3e275c-4d52-492b-b1c4-e5fe951e7c8a
[92mINFO [0m:      Sent reply
[92mINFO [0m:      
[92mINFO [0m:      Received: train message 27842ba4-306c-4e27-8470-6aac7ee2b79f
[92mINFO [0m:      Sent reply
[92mINFO [0m:      
[92mINFO [0m:      Received: evaluate message ccc30632-92b8-4dd5-8f7b-9d3ac847fbfd
[92mINFO [0m:      Sent reply
[92mINFO [0m:      
[92mINFO [0m:      Received: train message d2629ec7-7a9d-485b-80ef-7f566580461b
[92mINFO [0m:      Sent reply
[92mINFO [0m:      
[92mINFO [0m:      Received: evaluate message 0fb147ed-9cae-4182-bdeb-817f1957c87f
[92mINFO [0m:      Sent reply
[92mINFO [0m:      
[92mINFO [0m:      Received: train message b6671a57-9d4f-4e58-8119-bd8e0bb8b27f
[92mINFO [0m:      Sent reply
[92mINFO [0m:      
[92mINFO [0m:      Received: evaluate message a89fa5f0-2fa7-4b0f-9eb9-2cc136940683
[92mINFO [0m:      Sent reply
[92mINFO [0m:      
[92mINFO [0m:      Received: train message 4e093fb7-47f3-4ff7-9418-ec910b972146
[92mINFO [0m:      Sent reply
[92mINFO [0m:      
[92mINFO [0m:      Received: evaluate message aa020b46-e056-4bd9-98c4-a27f6011bc0b
[92mINFO [0m:      Sent reply
[92mINFO [0m:      
[92mINFO [0m:      Received: train message 97131eda-4911-404e-a3bb-74ee55442020
[92mINFO [0m:      Sent reply
[92mINFO [0m:      
[92mINFO [0m:      Received: evaluate message 791215ef-8723-464e-941e-6317fd705032
[92mINFO [0m:      Sent reply
[92mINFO [0m:      
[92mINFO [0m:      Received: train message 46622fe1-edd3-439f-8ec9-4bab13fe1de7
[92mINFO [0m:      Sent reply
[92mINFO [0m:      
[92mINFO [0m:      Received: evaluate message 29b40ffc-47bb-4368-aed6-2bfe8b5d3a26
[92mINFO [0m:      Sent reply
[92mINFO [0m:      
[92mINFO [0m:      Received: train message f67dd16b-5cb7-48b2-a304-066563f7e61a
[92mINFO [0m:      Sent reply
[92mINFO [0m:      
[92mINFO [0m:      Received: evaluate message 5a304924-a19c-4e68-b54a-520fc7232ff8
[92mINFO [0m:      Sent reply
[92mINFO [0m:      
[92mINFO [0m:      Received: train message e14b9815-3b7c-4bcf-9a87-d1bda3bfa1ca
[92mINFO [0m:      Sent reply
[92mINFO [0m:      
[92mINFO [0m:      Received: evaluate message a69db6d8-f929-4b87-83af-1efe53565edf
[92mINFO [0m:      Sent reply
[92mINFO [0m:      
[92mINFO [0m:      Received: train message 7715c00b-3a68-4cd5-8fce-d9801bfb7a9e
[92mINFO [0m:      Sent reply
[92mINFO [0m:      
[92mINFO [0m:      Received: evaluate message 7b79c2c1-695d-41b6-a504-2f78cba79a50
[92mINFO [0m:      Sent reply
[92mINFO [0m:      
[92mINFO [0m:      Received: train message ffb6a08f-6415-47fa-ba65-063d18d734fc
[92mINFO [0m:      Sent reply
[92mINFO [0m:      
[92mINFO [0m:      Received: evaluate message f12a666e-644c-4d99-ada4-a97bb2bcebd0
[92mINFO [0m:      Sent reply
[92mINFO [0m:      
[92mINFO [0m:      Received: train message 739abf4c-398a-4958-b17d-e91f52b93c35
[92mINFO [0m:      Sent reply
[92mINFO [0m:      
[92mINFO [0m:      Received: evaluate message 9bedecc9-cd46-4a4c-9505-7e2ea8f9a76a
[92mINFO [0m:      Sent reply
[92mINFO [0m:      
[92mINFO [0m:      Received: train message 92d263a3-f291-4887-91a9-b5bd455a10f3
[92mINFO [0m:      Sent reply
[92mINFO [0m:      
[92mINFO [0m:      Received: evaluate message 784896ca-10ad-42fd-b878-aeb61cb9d604
[92mINFO [0m:      Sent reply
[92mINFO [0m:      
[92mINFO [0m:      Received: train message 211615b4-fb4d-4a6f-997b-c861beb74528
[92mINFO [0m:      Sent reply
[92mINFO [0m:      
[92mINFO [0m:      Received: evaluate message 7b8fe1e9-a70f-4d0d-852e-df2a75a1b8ce
[92mINFO [0m:      Sent reply
[92mINFO [0m:      
[92mINFO [0m:      Received: train message a085d0ec-5e48-4aa6-b22b-f53c70d41cb1
[92mINFO [0m:      Sent reply
[92mINFO [0m:      
[92mINFO [0m:      Received: evaluate message 652e5e22-93ec-471e-97cf-f881809c7337
[92mINFO [0m:      Sent reply
[92mINFO [0m:      
[92mINFO [0m:      Received: train message 1c04ce5a-79ee-4445-b438-d4c9ae7d64e0
[92mINFO [0m:      Sent reply
[92mINFO [0m:      
[92mINFO [0m:      Received: evaluate message a5835521-f0e9-4ab5-8a80-b3886a52cf5d
[92mINFO [0m:      Sent reply
[92mINFO [0m:      
[92mINFO [0m:      Received: train message 0a52fb2b-a022-4823-a448-9988f8b227f1
[92mINFO [0m:      Sent reply
[92mINFO [0m:      
[92mINFO [0m:      Received: evaluate message 6cdebd23-3f9c-470e-93e3-00b0e270277d
[92mINFO [0m:      Sent reply
[92mINFO [0m:      
[92mINFO [0m:      Received: train message 66e0f583-246e-42e5-bf8a-4db66fe9e5fb
[92mINFO [0m:      Sent reply
[92mINFO [0m:      
[92mINFO [0m:      Received: evaluate message a0a16f6c-76db-4f6b-a92d-4b7d50fc7f69
[92mINFO [0m:      Sent reply
[92mINFO [0m:      
[92mINFO [0m:      Received: train message fda827c4-c74f-43f0-82bd-a34bba0647a0
[92mINFO [0m:      Sent reply
[92mINFO [0m:      
[92mINFO [0m:      Received: evaluate message b8698596-d4b8-4a76-9939-d971abc09a65
[92mINFO [0m:      Sent reply
[92mINFO [0m:      
[92mINFO [0m:      Received: train message 5dbc194c-9e2c-4d96-aced-733cbaed0067
[92mINFO [0m:      Sent reply
[92mINFO [0m:      
[92mINFO [0m:      Received: evaluate message d0ccc9aa-ee03-40ad-821d-7e909e863822
[92mINFO [0m:      Sent reply
[92mINFO [0m:      
[92mINFO [0m:      Received: train message e233dddb-46eb-440c-968e-a1ca9438755a
[92mINFO [0m:      Sent reply
[92mINFO [0m:      
[92mINFO [0m:      Received: evaluate message ae9d3d74-fbfc-488b-82c9-ff8833b6466b
[92mINFO [0m:      Sent reply
[92mINFO [0m:      
[92mINFO [0m:      Received: train message 1e942d30-007f-4adb-8c6e-d6210cbbac83
[92mINFO [0m:      Sent reply
[92mINFO [0m:      
[92mINFO [0m:      Received: evaluate message cb33f7c5-c19e-4dac-8324-e2ae69e0fef3
[92mINFO [0m:      Sent reply
[92mINFO [0m:      
[92mINFO [0m:      Received: train message ebb3151b-0467-4c03-a0ce-0141bedd5058
[92mINFO [0m:      Sent reply
[92mINFO [0m:      
[92mINFO [0m:      Received: evaluate message 8b7f5461-70bd-4957-95d5-e0447117d7cc
[92mINFO [0m:      Sent reply
[92mINFO [0m:      
[92mINFO [0m:      Received: train message 93f6b30e-cb89-4e16-9209-3c5b174b6a75
[92mINFO [0m:      Sent reply
[92mINFO [0m:      
[92mINFO [0m:      Received: evaluate message ebd5c2e8-bd2b-4267-83d7-fc20dab2a052
[92mINFO [0m:      Sent reply
[92mINFO [0m:      
[92mINFO [0m:      Received: train message c6522120-dbc4-4fb9-a641-b0d9a8fcf1b7
[92mINFO [0m:      Sent reply
[92mINFO [0m:      
[92mINFO [0m:      Received: evaluate message f95624ed-c4bc-44b9-b722-727f269fd87d
[92mINFO [0m:      Sent reply
[92mINFO [0m:      
[92mINFO [0m:      Received: train message 5313c0a2-92da-4d94-a6e3-8a0b619423f1
[92mINFO [0m:      Sent reply
[92mINFO [0m:      
[92mINFO [0m:      Received: evaluate message 7baf5589-0a30-4533-a00d-6fb3b729b164
[92mINFO [0m:      Sent reply
[92mINFO [0m:      
[92mINFO [0m:      Received: train message efb4b15a-6ec4-4f01-b163-ce940491f894
[92mINFO [0m:      Sent reply
[92mINFO [0m:      
[92mINFO [0m:      Received: evaluate message 670b7648-3592-401e-af8a-4f7b9b2f0c39
[92mINFO [0m:      Sent reply
[92mINFO [0m:      
[92mINFO [0m:      Received: reconnect message d97028a5-6abc-4039-b874-38428c93a892
[92mINFO [0m:      Disconnect and shut down
