[93mWARNING [0m:   DEPRECATED FEATURE: flwr.client.start_client() is deprecated.
	Instead, use the `flower-supernode` CLI command to start a SuperNode as shown below:

		$ flower-supernode --insecure --superlink='<IP>:<PORT>'

	To view all available options, run:

		$ flower-supernode --help

	Using `start_client()` is deprecated.

            This is a deprecated feature. It will be removed
            entirely in future versions of Flower.
        
[92mINFO [0m:      
[92mINFO [0m:      Received: train message 97b8fff3-9ca6-4a6b-af95-0045d3e4c14a
[92mINFO [0m:      Sent reply
[92mINFO [0m:      
[92mINFO [0m:      Received: evaluate message bd6aa994-8a1f-42d7-882c-251a4af9248b
[92mINFO [0m:      Sent reply
[92mINFO [0m:      
[92mINFO [0m:      Received: train message f5f08883-a2db-4544-8a1f-0973531d0515
[92mINFO [0m:      Sent reply
[92mINFO [0m:      
[92mINFO [0m:      Received: evaluate message 118edd98-cbf1-4d1c-91f1-1bd4c4cd838a
[92mINFO [0m:      Sent reply
[92mINFO [0m:      
[92mINFO [0m:      Received: train message 79defcbf-e4a2-48db-a8d6-3b27b7b52ee5
[92mINFO [0m:      Sent reply
[92mINFO [0m:      
[92mINFO [0m:      Received: evaluate message 26b6465b-4e71-4b59-acf4-229b82e8c48f
[92mINFO [0m:      Sent reply
[92mINFO [0m:      
[92mINFO [0m:      Received: train message bd92b798-b8de-433a-86d9-0ecb0d736b2d
[92mINFO [0m:      Sent reply
[92mINFO [0m:      
[92mINFO [0m:      Received: evaluate message e1c9b952-ca2c-41de-b2fd-aedb66ed8653
[92mINFO [0m:      Sent reply
[92mINFO [0m:      
[92mINFO [0m:      Received: train message 93b069ec-9904-44fa-9e08-e3238f024cdf
[92mINFO [0m:      Sent reply
[92mINFO [0m:      
[92mINFO [0m:      Received: evaluate message 63fc9e83-8a92-4259-ba93-56eb2cd392f5
[92mINFO [0m:      Sent reply
[92mINFO [0m:      
[92mINFO [0m:      Received: train message 1af37649-ba07-4511-952f-9296317e6929
[92mINFO [0m:      Sent reply
[92mINFO [0m:      
[92mINFO [0m:      Received: evaluate message 6bfb850c-cca3-4b20-a9ea-0044bd97f9e1
[92mINFO [0m:      Sent reply
[92mINFO [0m:      
[92mINFO [0m:      Received: train message 8a9d5e41-6d67-4203-94f4-30fac46044ff
[92mINFO [0m:      Sent reply
[92mINFO [0m:      
[92mINFO [0m:      Received: evaluate message 3e2ddb4b-1a44-4228-b254-9a25c88e340d
[92mINFO [0m:      Sent reply
[92mINFO [0m:      
[92mINFO [0m:      Received: train message 06c164ef-1451-4ed1-8c3a-58194e8a1438
[92mINFO [0m:      Sent reply
[92mINFO [0m:      
[92mINFO [0m:      Received: evaluate message d1d6d092-b323-46b1-b9a8-b3d4674bad27
[92mINFO [0m:      Sent reply
[92mINFO [0m:      
[92mINFO [0m:      Received: train message f8e3eb9c-52c7-49c0-bcbf-94a94615fecc
[92mINFO [0m:      Sent reply
[92mINFO [0m:      
[92mINFO [0m:      Received: evaluate message 0a83eb40-b59a-43b9-96d0-4f3166bd1c8b
[92mINFO [0m:      Sent reply
[92mINFO [0m:      
[92mINFO [0m:      Received: train message e1b96d59-38e9-452f-8edd-613d5b28157c
[92mINFO [0m:      Sent reply
[92mINFO [0m:      
[92mINFO [0m:      Received: evaluate message f1106fa9-1982-4a0f-b61e-fa9e9b9b9b5e
[92mINFO [0m:      Sent reply
[92mINFO [0m:      
[92mINFO [0m:      Received: train message 6ddbd3aa-9e6a-490e-a0f4-7ae1eab1d287
[92mINFO [0m:      Sent reply
[92mINFO [0m:      
[92mINFO [0m:      Received: evaluate message 0ec75e68-7737-45b0-b878-10db3ca5ac74
[92mINFO [0m:      Sent reply
[92mINFO [0m:      
[92mINFO [0m:      Received: train message f62538f1-f4e0-46f3-92e7-e5b1789c7af1
[92mINFO [0m:      Sent reply
[92mINFO [0m:      
[92mINFO [0m:      Received: evaluate message 50eb1b78-5526-4086-a657-ffa662389b80
[92mINFO [0m:      Sent reply
[92mINFO [0m:      
[92mINFO [0m:      Received: train message a08a2daf-9b21-4434-8810-62853b415687
[92mINFO [0m:      Sent reply
[92mINFO [0m:      
[92mINFO [0m:      Received: evaluate message 399c0d4f-1259-4ece-8255-b1f958189555
[92mINFO [0m:      Sent reply
[92mINFO [0m:      
[92mINFO [0m:      Received: train message ea548872-09a3-4fc2-a829-13bdefdde5a1
[92mINFO [0m:      Sent reply
[92mINFO [0m:      
[92mINFO [0m:      Received: evaluate message b8af1e81-f7e1-407e-80df-93506b8a6def
[92mINFO [0m:      Sent reply
[92mINFO [0m:      
[92mINFO [0m:      Received: train message 9cfba97c-516e-409c-b4c5-f62dd3b272bd
[92mINFO [0m:      Sent reply
[92mINFO [0m:      
[92mINFO [0m:      Received: evaluate message 1b60e1d6-c5ac-4454-b8ec-8b3c22f53782
[92mINFO [0m:      Sent reply
[92mINFO [0m:      
[92mINFO [0m:      Received: train message cdd49d94-6ad5-4e22-ad64-20f542105644
[92mINFO [0m:      Sent reply
[92mINFO [0m:      
[92mINFO [0m:      Received: evaluate message 9d14ff6c-0974-4204-b889-c4c24bc28009
[92mINFO [0m:      Sent reply
[92mINFO [0m:      
[92mINFO [0m:      Received: train message 0c492488-c1d5-403e-80df-4f47979d6363
[92mINFO [0m:      Sent reply
[92mINFO [0m:      
[92mINFO [0m:      Received: evaluate message 54ba15f4-9a30-4ce8-b303-5e4e90199537
[92mINFO [0m:      Sent reply
[92mINFO [0m:      
[92mINFO [0m:      Received: train message c00666d9-e615-4608-86c6-2fd963c0c727
[92mINFO [0m:      Sent reply
[92mINFO [0m:      
[92mINFO [0m:      Received: evaluate message 2bf9f4ce-3c45-44a9-b698-2e1f0430db21
[92mINFO [0m:      Sent reply
[92mINFO [0m:      
[92mINFO [0m:      Received: train message ddfbc2d9-85e9-45c2-8016-ae0994966c46
[92mINFO [0m:      Sent reply
[92mINFO [0m:      
[92mINFO [0m:      Received: evaluate message a603200d-4177-48f6-bd9c-18edf2cce916
[92mINFO [0m:      Sent reply
[92mINFO [0m:      
[92mINFO [0m:      Received: train message de209606-7985-4bbd-8bc2-14755987d605
[92mINFO [0m:      Sent reply
[92mINFO [0m:      
[92mINFO [0m:      Received: evaluate message 7bbe85ae-6447-4775-b9c7-43dfabab0668
[92mINFO [0m:      Sent reply
[92mINFO [0m:      
[92mINFO [0m:      Received: train message 5f2d1a70-9adf-4b29-a435-99c4861820a5
[92mINFO [0m:      Sent reply
[92mINFO [0m:      
[92mINFO [0m:      Received: evaluate message aa6a08a6-8ad0-4c42-8720-81ab8e10d1cd
[92mINFO [0m:      Sent reply
[92mINFO [0m:      
[92mINFO [0m:      Received: train message 8a87bc6c-db32-428d-a410-76c936d86987
[92mINFO [0m:      Sent reply
[92mINFO [0m:      
[92mINFO [0m:      Received: evaluate message 849648a0-4162-4e15-9b1b-5158f8cb71e7
[92mINFO [0m:      Sent reply
[92mINFO [0m:      
[92mINFO [0m:      Received: train message b43e1c68-eff4-4151-add6-4fd8779c792c
[92mINFO [0m:      Sent reply
[92mINFO [0m:      
[92mINFO [0m:      Received: evaluate message e3374002-162c-411f-b9a6-d62fec106e37
[92mINFO [0m:      Sent reply
[92mINFO [0m:      
[92mINFO [0m:      Received: train message f0fdd527-6b4b-4661-8a83-a992b68e824f
[92mINFO [0m:      Sent reply
[92mINFO [0m:      
[92mINFO [0m:      Received: evaluate message 1297d7be-5573-4e42-853b-3d561e908772
[92mINFO [0m:      Sent reply
[92mINFO [0m:      
[92mINFO [0m:      Received: train message 15f6e06c-12e6-410c-a18d-285abbdfb769
[92mINFO [0m:      Sent reply
[92mINFO [0m:      
[92mINFO [0m:      Received: evaluate message 99471cc7-b564-4be7-bc4a-8dba333e0249
[92mINFO [0m:      Sent reply
[92mINFO [0m:      
[92mINFO [0m:      Received: train message 3444c760-55b0-4123-8999-5d3dc9980b92
[92mINFO [0m:      Sent reply
[92mINFO [0m:      
[92mINFO [0m:      Received: evaluate message a7e79d9a-4e68-4eaa-92a7-1f5548a887d1
[92mINFO [0m:      Sent reply
[92mINFO [0m:      
[92mINFO [0m:      Received: train message 96b30d68-187e-43b8-ab2d-4dee8e55d3d9
[92mINFO [0m:      Sent reply
[92mINFO [0m:      
[92mINFO [0m:      Received: evaluate message dd3b1ac5-edba-458c-b880-8c1f03ac51f9
[92mINFO [0m:      Sent reply
[92mINFO [0m:      
[92mINFO [0m:      Received: train message a11de928-ce6b-402c-a12c-db2c230a6f86
[92mINFO [0m:      Sent reply
[92mINFO [0m:      
[92mINFO [0m:      Received: evaluate message 0d6e5064-7f2f-441b-88b7-f13adcff7771
[92mINFO [0m:      Sent reply
[92mINFO [0m:      
[92mINFO [0m:      Received: train message 5ab5d434-f9e7-4bbd-92e2-176cc4afd1b0
[92mINFO [0m:      Sent reply
[92mINFO [0m:      
[92mINFO [0m:      Received: evaluate message 5872c24e-3409-4d2f-bcdb-6a5f5d728679
[92mINFO [0m:      Sent reply
[92mINFO [0m:      
[92mINFO [0m:      Received: train message 875f1eaa-a8b2-48e6-9fb0-4ff5b081d968
[92mINFO [0m:      Sent reply
[92mINFO [0m:      
[92mINFO [0m:      Received: evaluate message f3252d90-2dec-45ca-a37b-7826b1012830
[92mINFO [0m:      Sent reply
[92mINFO [0m:      
[92mINFO [0m:      Received: train message cf5b9127-96ee-4894-8281-38a9a4203661
[92mINFO [0m:      Sent reply
[92mINFO [0m:      
[92mINFO [0m:      Received: evaluate message bd21cca7-5266-4189-8cad-6dae145cb32d
[92mINFO [0m:      Sent reply
[92mINFO [0m:      
[92mINFO [0m:      Received: train message ec7a759f-bd6d-4c9a-ad10-83d237aef34a
[92mINFO [0m:      Sent reply
[92mINFO [0m:      
[92mINFO [0m:      Received: evaluate message 95a5968f-6546-45a9-bafd-fca4b4ab08fe
[92mINFO [0m:      Sent reply
[92mINFO [0m:      
[92mINFO [0m:      Received: train message 1d089a88-fbbd-46ab-b884-ba30b8a389fe
[92mINFO [0m:      Sent reply
[92mINFO [0m:      
[92mINFO [0m:      Received: evaluate message b2eddfbd-af30-4d8d-9677-4b99f1eb8286
[92mINFO [0m:      Sent reply
[92mINFO [0m:      
[92mINFO [0m:      Received: train message f1cd6e82-30e3-4f75-9991-90ca32210f9a
[92mINFO [0m:      Sent reply
[92mINFO [0m:      
[92mINFO [0m:      Received: evaluate message ed5b1541-3efe-4416-9bbf-99585b7d4199
[92mINFO [0m:      Sent reply
[92mINFO [0m:      
[92mINFO [0m:      Received: train message 4ec43003-598b-422c-9c46-39ced8f04eeb
[92mINFO [0m:      Sent reply
[92mINFO [0m:      
[92mINFO [0m:      Received: evaluate message 4e9f2b90-2d69-4632-855d-917dcc93a68b
[92mINFO [0m:      Sent reply
[92mINFO [0m:      
[92mINFO [0m:      Received: train message a860e7c2-c589-4e65-83cf-6719ca3e939b
[92mINFO [0m:      Sent reply
[92mINFO [0m:      
[92mINFO [0m:      Received: evaluate message 0abbab92-2622-4d08-9120-a91d8c95197d
[92mINFO [0m:      Sent reply
[92mINFO [0m:      
[92mINFO [0m:      Received: train message f0f4a959-b178-434f-bcc2-71680560ceef
[92mINFO [0m:      Sent reply
[92mINFO [0m:      
[92mINFO [0m:      Received: evaluate message 25d571c6-eb2d-4e45-aca2-aa8ca91b78d2
[92mINFO [0m:      Sent reply
[92mINFO [0m:      
[92mINFO [0m:      Received: train message 850cc4b6-f5a6-49cd-9c4b-4c656c10189c
[92mINFO [0m:      Sent reply
[92mINFO [0m:      
[92mINFO [0m:      Received: evaluate message fbe160bf-035a-4f89-9b56-fd318c34b90a
[92mINFO [0m:      Sent reply
[92mINFO [0m:      
[92mINFO [0m:      Received: train message d7406286-a5ac-4fb1-8e6f-05559c620bdd
[92mINFO [0m:      Sent reply
[92mINFO [0m:      
[92mINFO [0m:      Received: evaluate message 21891242-a867-4961-8a16-37693aed9741
[92mINFO [0m:      Sent reply
[92mINFO [0m:      
[92mINFO [0m:      Received: train message 251e2fae-761d-4150-bd22-4a2a943d4b33
[92mINFO [0m:      Sent reply
[92mINFO [0m:      
[92mINFO [0m:      Received: evaluate message 98e84ae1-3fc4-4e8a-a874-909921a3993f
[92mINFO [0m:      Sent reply
[92mINFO [0m:      
[92mINFO [0m:      Received: train message ec762c4c-932d-48fd-a6d0-cfe09505364e
[92mINFO [0m:      Sent reply
[92mINFO [0m:      
[92mINFO [0m:      Received: evaluate message 3125b9a4-df2e-4af5-a384-a01ac9482230
[92mINFO [0m:      Sent reply
[92mINFO [0m:      
[92mINFO [0m:      Received: train message e119eb23-99ff-41db-a09f-36f2923f2b3e
[92mINFO [0m:      Sent reply
[92mINFO [0m:      
[92mINFO [0m:      Received: evaluate message 39e94128-5409-4846-b15f-f8cfb36791cf
[92mINFO [0m:      Sent reply
[92mINFO [0m:      
[92mINFO [0m:      Received: train message d81ee880-79a3-4485-b813-de8135bc916c
[92mINFO [0m:      Sent reply
[92mINFO [0m:      
[92mINFO [0m:      Received: evaluate message 366fcd98-f0fc-47aa-90f3-bfbfe7772d35
[92mINFO [0m:      Sent reply
[92mINFO [0m:      
[92mINFO [0m:      Received: train message 549857cf-6af6-463f-9c07-d1c30f743515
[92mINFO [0m:      Sent reply
[92mINFO [0m:      
[92mINFO [0m:      Received: evaluate message 36fb283d-a6eb-4f08-ba92-3ecbd9e13247
[92mINFO [0m:      Sent reply
[92mINFO [0m:      
[92mINFO [0m:      Received: train message 89a4ca84-2988-4014-8fbe-d91a435cf0cf
[92mINFO [0m:      Sent reply
[92mINFO [0m:      
[92mINFO [0m:      Received: evaluate message e1ad9c51-849b-4bd5-a5cf-46cdd55b10b7
[92mINFO [0m:      Sent reply
[92mINFO [0m:      
[92mINFO [0m:      Received: train message fc012de2-850f-4567-bfdc-d61b8f33f211
[92mINFO [0m:      Sent reply
[92mINFO [0m:      
[92mINFO [0m:      Received: evaluate message 9b989879-e3d6-4a03-93cf-ec7a5dc4cef3
[92mINFO [0m:      Sent reply
[92mINFO [0m:      
[92mINFO [0m:      Received: train message f046c651-f949-44bc-b5a6-d258a9edbf9d
[92mINFO [0m:      Sent reply
[92mINFO [0m:      
[92mINFO [0m:      Received: evaluate message ca03c58b-cdfd-44b2-8f56-7e1a79ef265e
[92mINFO [0m:      Sent reply
[92mINFO [0m:      
[92mINFO [0m:      Received: train message 34a410ca-5275-42ed-8848-1c8477e9584d
[92mINFO [0m:      Sent reply
[92mINFO [0m:      
[92mINFO [0m:      Received: evaluate message f6fd82d0-5924-4078-8d52-9b4ab4ed9fd1
[92mINFO [0m:      Sent reply
[92mINFO [0m:      
[92mINFO [0m:      Received: train message 6b08cda3-01f0-4091-a739-c735a1b702bc
[92mINFO [0m:      Sent reply
[92mINFO [0m:      
[92mINFO [0m:      Received: evaluate message 5282c530-6f68-4cb3-8363-7469eb1db2d9
[92mINFO [0m:      Sent reply
[92mINFO [0m:      
[92mINFO [0m:      Received: train message bd5ca325-06f3-4196-bff5-43bb834ac057
[92mINFO [0m:      Sent reply
[92mINFO [0m:      
[92mINFO [0m:      Received: evaluate message e88de0e7-de9f-4dc5-a6b9-247983f2b453
[92mINFO [0m:      Sent reply
[92mINFO [0m:      
[92mINFO [0m:      Received: reconnect message 4d0ed56e-cad4-4adb-bf8e-9e5e0809541e
[92mINFO [0m:      Disconnect and shut down
