[93mWARNING [0m:   DEPRECATED FEATURE: flwr.client.start_client() is deprecated.
	Instead, use the `flower-supernode` CLI command to start a SuperNode as shown below:

		$ flower-supernode --insecure --superlink='<IP>:<PORT>'

	To view all available options, run:

		$ flower-supernode --help

	Using `start_client()` is deprecated.

            This is a deprecated feature. It will be removed
            entirely in future versions of Flower.
        
[92mINFO [0m:      
[92mINFO [0m:      Received: train message 3034d8da-1adb-4d8d-ad08-fc2a24b37b54
[92mINFO [0m:      Sent reply
[92mINFO [0m:      
[92mINFO [0m:      Received: evaluate message 9411f9a5-b6db-4d14-8242-a398472660dc
[92mINFO [0m:      Sent reply
[92mINFO [0m:      
[92mINFO [0m:      Received: train message fafa1efe-8da6-4dd2-92a0-d76b5e3e87c9
[92mINFO [0m:      Sent reply
[92mINFO [0m:      
[92mINFO [0m:      Received: evaluate message 0095add2-bb98-430b-b31a-c04a5aca0e33
[92mINFO [0m:      Sent reply
[92mINFO [0m:      
[92mINFO [0m:      Received: train message 99e2c801-d699-45ae-8e52-3ac22dd9ecd7
[92mINFO [0m:      Sent reply
[92mINFO [0m:      
[92mINFO [0m:      Received: evaluate message 60740e50-68e8-46d1-940e-76d07620c908
[92mINFO [0m:      Sent reply
[92mINFO [0m:      
[92mINFO [0m:      Received: train message 02aa0a9f-fe0d-4559-82bb-0fc7b84ab0f9
[92mINFO [0m:      Sent reply
[92mINFO [0m:      
[92mINFO [0m:      Received: evaluate message 085e6ce1-0739-4ef3-ae21-d20d52e7bc70
[92mINFO [0m:      Sent reply
[92mINFO [0m:      
[92mINFO [0m:      Received: train message 1349fbb3-dca1-4df4-8f68-198f4d755dbc
[92mINFO [0m:      Sent reply
[92mINFO [0m:      
[92mINFO [0m:      Received: evaluate message c7f5d9ea-73e5-439d-adfc-ce843f8b1c13
[92mINFO [0m:      Sent reply
[92mINFO [0m:      
[92mINFO [0m:      Received: train message 6a4552a0-3678-4a61-87a3-da9383096e49
[92mINFO [0m:      Sent reply
[92mINFO [0m:      
[92mINFO [0m:      Received: evaluate message e3eaf13c-aac0-465c-a33a-fbbd22040a51
[92mINFO [0m:      Sent reply
[92mINFO [0m:      
[92mINFO [0m:      Received: train message 43cb9baf-6b24-4f5b-ad68-13a2cb6eca34
[92mINFO [0m:      Sent reply
[92mINFO [0m:      
[92mINFO [0m:      Received: evaluate message f5fd44ab-6050-4ed7-ba0a-8c996fe6a77e
[92mINFO [0m:      Sent reply
[92mINFO [0m:      
[92mINFO [0m:      Received: train message 12d46349-3e2e-4462-ab04-6cf048057765
[92mINFO [0m:      Sent reply
[92mINFO [0m:      
[92mINFO [0m:      Received: evaluate message 4ae76c01-74d5-4154-8977-3891ce2b7f2f
[92mINFO [0m:      Sent reply
[92mINFO [0m:      
[92mINFO [0m:      Received: train message 9a946a8d-a544-4611-8016-580843bfcab4
[92mINFO [0m:      Sent reply
[92mINFO [0m:      
[92mINFO [0m:      Received: evaluate message 1c7b12c8-5749-4e04-a041-ed1d3753c1f9
[92mINFO [0m:      Sent reply
[92mINFO [0m:      
[92mINFO [0m:      Received: train message b451dcb7-54c4-4583-a527-db24ef35cc44
[92mINFO [0m:      Sent reply
[92mINFO [0m:      
[92mINFO [0m:      Received: evaluate message 5b295296-ce39-4e9c-a770-fa5767330a23
[92mINFO [0m:      Sent reply
[92mINFO [0m:      
[92mINFO [0m:      Received: train message fead55cb-3c4f-4ac6-860d-7752a3947d85
[92mINFO [0m:      Sent reply
[92mINFO [0m:      
[92mINFO [0m:      Received: evaluate message e4bfcec9-f217-4858-ba72-63f215b52248
[92mINFO [0m:      Sent reply
[92mINFO [0m:      
[92mINFO [0m:      Received: train message f2d061c3-9564-4536-8b24-d2d247801a88
[92mINFO [0m:      Sent reply
[92mINFO [0m:      
[92mINFO [0m:      Received: evaluate message 6fe28b52-ea94-4a11-822d-0802e51e17fa
[92mINFO [0m:      Sent reply
[92mINFO [0m:      
[92mINFO [0m:      Received: train message 32fccb82-eaa1-433a-a5fd-38c134f0f1f5
[92mINFO [0m:      Sent reply
[92mINFO [0m:      
[92mINFO [0m:      Received: evaluate message ba848877-7c42-42b3-abbf-ea611c5c5d01
[92mINFO [0m:      Sent reply
[92mINFO [0m:      
[92mINFO [0m:      Received: train message 18a58403-c506-4805-a2da-e9f002a62cf8
[92mINFO [0m:      Sent reply
[92mINFO [0m:      
[92mINFO [0m:      Received: evaluate message 34883e3b-3d2c-4b45-9d66-7856abe33781
[92mINFO [0m:      Sent reply
[92mINFO [0m:      
[92mINFO [0m:      Received: train message 5586aa87-9aee-45f0-8dea-9bd49d4814c6
[92mINFO [0m:      Sent reply
[92mINFO [0m:      
[92mINFO [0m:      Received: evaluate message 0cfd824b-67a8-4b67-8f4d-8e2523849ba9
[92mINFO [0m:      Sent reply
[92mINFO [0m:      
[92mINFO [0m:      Received: train message d28b7df4-7553-4f47-87f3-74bb6550c446
[92mINFO [0m:      Sent reply
[92mINFO [0m:      
[92mINFO [0m:      Received: evaluate message 101b4fb3-83de-4719-a655-483907482fb3
[92mINFO [0m:      Sent reply
[92mINFO [0m:      
[92mINFO [0m:      Received: train message f5db6429-f87a-46e3-8771-2bc99e84969a
[92mINFO [0m:      Sent reply
[92mINFO [0m:      
[92mINFO [0m:      Received: evaluate message ac840f21-6417-420d-b0ee-8a416cdb791c
[92mINFO [0m:      Sent reply
[92mINFO [0m:      
[92mINFO [0m:      Received: train message dd2c8fd3-d209-48fa-8d92-6061fbe2cacc
[92mINFO [0m:      Sent reply
[92mINFO [0m:      
[92mINFO [0m:      Received: evaluate message 34895199-b143-4f4a-803a-574223c8af42
[92mINFO [0m:      Sent reply
[92mINFO [0m:      
[92mINFO [0m:      Received: train message 3dd9162b-8515-46b3-b22a-5b1a36eaddf9
[92mINFO [0m:      Sent reply
[92mINFO [0m:      
[92mINFO [0m:      Received: evaluate message 1e136c13-4499-4eb6-9265-1f2b0b1e913f
[92mINFO [0m:      Sent reply
[92mINFO [0m:      
[92mINFO [0m:      Received: train message 957f4075-80fb-4cc9-9625-95e563a3a6ff
[92mINFO [0m:      Sent reply
[92mINFO [0m:      
[92mINFO [0m:      Received: evaluate message 95eb34cb-7f1c-4594-9ce3-1617941fab04
[92mINFO [0m:      Sent reply
[92mINFO [0m:      
[92mINFO [0m:      Received: train message 61b470db-114b-40e3-a428-ff25d513b341
[92mINFO [0m:      Sent reply
[92mINFO [0m:      
[92mINFO [0m:      Received: evaluate message f8d2162b-0569-4843-beb5-7d3748f01c53
[92mINFO [0m:      Sent reply
[92mINFO [0m:      
[92mINFO [0m:      Received: train message b2da3f29-8cce-4727-ba85-7e4b1cb24451
[92mINFO [0m:      Sent reply
[92mINFO [0m:      
[92mINFO [0m:      Received: evaluate message 7ac6cda5-be33-4d53-a1e7-8ef5073cf789
[92mINFO [0m:      Sent reply
[92mINFO [0m:      
[92mINFO [0m:      Received: train message 4aa391de-7577-4f3e-a6dc-a88f5266174c
[92mINFO [0m:      Sent reply
[92mINFO [0m:      
[92mINFO [0m:      Received: evaluate message b579e879-71d4-4d7b-904c-de15c5fd8b31
[92mINFO [0m:      Sent reply
[92mINFO [0m:      
[92mINFO [0m:      Received: train message fd9b070f-87b7-4301-8fd7-c8437b4d05f2
[92mINFO [0m:      Sent reply
[92mINFO [0m:      
[92mINFO [0m:      Received: evaluate message 3c043a72-3de1-49e6-84d7-cdd9a0d4d8d3
[92mINFO [0m:      Sent reply
[92mINFO [0m:      
[92mINFO [0m:      Received: train message 6d5a63fc-d824-432f-bf50-203dc20246a3
[92mINFO [0m:      Sent reply
[92mINFO [0m:      
[92mINFO [0m:      Received: evaluate message 8cc45aad-4b4b-4ab6-a095-6f1421fd2416
[92mINFO [0m:      Sent reply
[92mINFO [0m:      
[92mINFO [0m:      Received: train message 53412234-7da6-4589-930a-fb94cd9c8459
[92mINFO [0m:      Sent reply
[92mINFO [0m:      
[92mINFO [0m:      Received: evaluate message a7a10fd2-0011-4449-8017-8d8022f12f5c
[92mINFO [0m:      Sent reply
[92mINFO [0m:      
[92mINFO [0m:      Received: train message e340bf24-8086-4ab6-815a-74036d31ec1b
[92mINFO [0m:      Sent reply
[92mINFO [0m:      
[92mINFO [0m:      Received: evaluate message 656e6173-512a-4858-b7d8-f7c34afaf91a
[92mINFO [0m:      Sent reply
[92mINFO [0m:      
[92mINFO [0m:      Received: train message 05e1dc70-0328-48d3-beaa-bb9875bb21ec
[92mINFO [0m:      Sent reply
[92mINFO [0m:      
[92mINFO [0m:      Received: evaluate message 0fe611d7-0132-4e63-b9f6-b48eb504ec2e
[92mINFO [0m:      Sent reply
[92mINFO [0m:      
[92mINFO [0m:      Received: train message 8bebaa08-4e48-47da-ab52-363676e26715
[92mINFO [0m:      Sent reply
[92mINFO [0m:      
[92mINFO [0m:      Received: evaluate message 18ed7731-49bf-4648-b0cd-1f778bb580ce
[92mINFO [0m:      Sent reply
[92mINFO [0m:      
[92mINFO [0m:      Received: train message e4851e57-4694-4465-8d9c-10954aaf0d23
[92mINFO [0m:      Sent reply
[92mINFO [0m:      
[92mINFO [0m:      Received: evaluate message c9c0137b-b56f-471f-b35b-d6c09d30c589
[92mINFO [0m:      Sent reply
[92mINFO [0m:      
[92mINFO [0m:      Received: train message 22866d30-595f-4523-89e5-6b0c1a367b59
[92mINFO [0m:      Sent reply
[92mINFO [0m:      
[92mINFO [0m:      Received: evaluate message ebc3f420-fd3e-4f80-abff-9c1dd5448fc2
[92mINFO [0m:      Sent reply
[92mINFO [0m:      
[92mINFO [0m:      Received: train message 777318bf-9796-4665-b886-f4ce96f395c9
[92mINFO [0m:      Sent reply
[92mINFO [0m:      
[92mINFO [0m:      Received: evaluate message 55a30dfd-7a6e-429d-9bd4-5392210083f1
[92mINFO [0m:      Sent reply
[92mINFO [0m:      
[92mINFO [0m:      Received: train message 017c65e8-eb91-4df4-af9f-a3122c31ba73
[92mINFO [0m:      Sent reply
[92mINFO [0m:      
[92mINFO [0m:      Received: evaluate message c5298e22-2a76-4cf5-aa90-d2a68684ec40
[92mINFO [0m:      Sent reply
[92mINFO [0m:      
[92mINFO [0m:      Received: train message 5af6a8cd-2233-4159-8782-bb35b70093e2
[92mINFO [0m:      Sent reply
[92mINFO [0m:      
[92mINFO [0m:      Received: evaluate message 7bf1b0ff-5a76-4255-a032-97aa456ab945
[92mINFO [0m:      Sent reply
[92mINFO [0m:      
[92mINFO [0m:      Received: train message 6c73258d-f339-4e90-9331-466b79916f81
[92mINFO [0m:      Sent reply
[92mINFO [0m:      
[92mINFO [0m:      Received: evaluate message a94279bf-abeb-4597-bb60-596509d5bda9
[92mINFO [0m:      Sent reply
[92mINFO [0m:      
[92mINFO [0m:      Received: train message e33471f7-8f89-4a0c-85c1-9fe32e832b52
[92mINFO [0m:      Sent reply
[92mINFO [0m:      
[92mINFO [0m:      Received: evaluate message ad625aed-756e-46e5-aeaf-58cbf624dda4
[92mINFO [0m:      Sent reply
[92mINFO [0m:      
[92mINFO [0m:      Received: train message 928400cf-2442-47f4-b204-63f26f4112b4
[92mINFO [0m:      Sent reply
[92mINFO [0m:      
[92mINFO [0m:      Received: evaluate message 7fff9341-86bf-4de7-9ada-7abae562f45a
[92mINFO [0m:      Sent reply
[92mINFO [0m:      
[92mINFO [0m:      Received: train message 4c60e4e2-3c1a-437c-b8cf-5ffbbc9fbac5
[92mINFO [0m:      Sent reply
[92mINFO [0m:      
[92mINFO [0m:      Received: evaluate message abda70a0-1b85-4e22-9104-730a63046799
[92mINFO [0m:      Sent reply
[92mINFO [0m:      
[92mINFO [0m:      Received: train message 195b46c9-0509-42c9-93d0-16dd19587a81
[92mINFO [0m:      Sent reply
[92mINFO [0m:      
[92mINFO [0m:      Received: evaluate message 3b342313-1763-4352-b936-bc77ef23a631
[92mINFO [0m:      Sent reply
[92mINFO [0m:      
[92mINFO [0m:      Received: train message 19aad9c0-7ab4-4e9d-b149-532d9513b286
[92mINFO [0m:      Sent reply
[92mINFO [0m:      
[92mINFO [0m:      Received: evaluate message c31874aa-1f71-4d02-8183-f82310efa666
[92mINFO [0m:      Sent reply
[92mINFO [0m:      
[92mINFO [0m:      Received: train message d080e3a8-4026-4306-9803-df4d3eab027f
[92mINFO [0m:      Sent reply
[92mINFO [0m:      
[92mINFO [0m:      Received: evaluate message 8ca64cb9-343d-4a68-8c3b-1bdde6263233
[92mINFO [0m:      Sent reply
[92mINFO [0m:      
[92mINFO [0m:      Received: train message d509c686-b6d2-4bb8-a62d-82143b008076
[92mINFO [0m:      Sent reply
[92mINFO [0m:      
[92mINFO [0m:      Received: evaluate message 9922ffe4-c9c9-43c7-8848-6fc28e45d3ba
[92mINFO [0m:      Sent reply
[92mINFO [0m:      
[92mINFO [0m:      Received: train message 1475b568-195e-42ca-b12a-b06927d52e88
[92mINFO [0m:      Sent reply
[92mINFO [0m:      
[92mINFO [0m:      Received: evaluate message e0b14652-60f9-4972-9a8f-3574fafa7368
[92mINFO [0m:      Sent reply
[92mINFO [0m:      
[92mINFO [0m:      Received: train message 93c5da81-6d9c-486c-9336-a3f75d5c38a9
[92mINFO [0m:      Sent reply
[92mINFO [0m:      
[92mINFO [0m:      Received: evaluate message 25947c9f-8b9b-407a-b534-ddb1911e6342
[92mINFO [0m:      Sent reply
[92mINFO [0m:      
[92mINFO [0m:      Received: train message de9a82e6-93dc-44d5-9143-e44cb247fd38
[92mINFO [0m:      Sent reply
[92mINFO [0m:      
[92mINFO [0m:      Received: evaluate message 7e8db811-e186-41dc-b444-111224394ecc
[92mINFO [0m:      Sent reply
[92mINFO [0m:      
[92mINFO [0m:      Received: train message 57dcb93c-b1c8-4524-9e79-fad38b9c6a7c
[92mINFO [0m:      Sent reply
[92mINFO [0m:      
[92mINFO [0m:      Received: evaluate message dff012b5-0fef-4045-845b-4220a66087e2
[92mINFO [0m:      Sent reply
[92mINFO [0m:      
[92mINFO [0m:      Received: train message 8fc9e6e9-b35b-4c7e-90cf-caa4c7e99202
[92mINFO [0m:      Sent reply
[92mINFO [0m:      
[92mINFO [0m:      Received: evaluate message c5951fd7-24ed-418d-b271-c1ebe252f9b5
[92mINFO [0m:      Sent reply
[92mINFO [0m:      
[92mINFO [0m:      Received: train message 9f1649ff-f4ab-4fbe-92ea-ffd96de7cebb
[92mINFO [0m:      Sent reply
[92mINFO [0m:      
[92mINFO [0m:      Received: evaluate message 08b11634-ced4-4277-b1d2-5f6de34f8e9a
[92mINFO [0m:      Sent reply
[92mINFO [0m:      
[92mINFO [0m:      Received: train message 76d35bb9-824c-4903-84a8-e52e0ceada2d
[92mINFO [0m:      Sent reply
[92mINFO [0m:      
[92mINFO [0m:      Received: evaluate message 0617a9ed-eb78-4d45-939a-3ae0ebfa987e
[92mINFO [0m:      Sent reply
[92mINFO [0m:      
[92mINFO [0m:      Received: train message 3e7ffac1-3f7d-4bd4-a6c4-2e0d17ac8df0
[92mINFO [0m:      Sent reply
[92mINFO [0m:      
[92mINFO [0m:      Received: evaluate message 9f60fbf5-49c5-47f0-af22-da52c8160455
[92mINFO [0m:      Sent reply
[92mINFO [0m:      
[92mINFO [0m:      Received: reconnect message 36f714ce-e13c-4938-8a5e-4afc4a8d2255
[92mINFO [0m:      Disconnect and shut down
