[93mWARNING [0m:   DEPRECATED FEATURE: flwr.client.start_client() is deprecated.
	Instead, use the `flower-supernode` CLI command to start a SuperNode as shown below:

		$ flower-supernode --insecure --superlink='<IP>:<PORT>'

	To view all available options, run:

		$ flower-supernode --help

	Using `start_client()` is deprecated.

            This is a deprecated feature. It will be removed
            entirely in future versions of Flower.
        
[92mINFO [0m:      
[92mINFO [0m:      Received: train message 3f0b5d37-2cb2-4950-9e78-b4a09f829121
[92mINFO [0m:      Sent reply
[92mINFO [0m:      
[92mINFO [0m:      Received: evaluate message b1b60837-7b25-4a9d-ac14-e09e4db4fa4a
[92mINFO [0m:      Sent reply
[92mINFO [0m:      
[92mINFO [0m:      Received: train message fe381e91-07c9-4aea-8b94-3240a3deea15
[92mINFO [0m:      Sent reply
[92mINFO [0m:      
[92mINFO [0m:      Received: evaluate message 096f84aa-71d4-46d2-a40d-8f79620a6a58
[92mINFO [0m:      Sent reply
[92mINFO [0m:      
[92mINFO [0m:      Received: train message 2dc7d5b3-bac7-4db1-a6e4-b842c4cc9136
[92mINFO [0m:      Sent reply
[92mINFO [0m:      
[92mINFO [0m:      Received: evaluate message 4b07a251-7453-4b75-a33c-686677ce5355
[92mINFO [0m:      Sent reply
[92mINFO [0m:      
[92mINFO [0m:      Received: train message 6b9d371b-a011-4818-8ccf-b123c46e143a
[92mINFO [0m:      Sent reply
[92mINFO [0m:      
[92mINFO [0m:      Received: evaluate message a38ce6b7-ea37-44ba-a0b5-bd1ae0db5fd6
[92mINFO [0m:      Sent reply
[92mINFO [0m:      
[92mINFO [0m:      Received: train message 2d284dd9-180b-4681-b896-a5aa1c3e59cc
[92mINFO [0m:      Sent reply
[92mINFO [0m:      
[92mINFO [0m:      Received: evaluate message f8d7c9d9-03e0-4109-a22f-2831baf8056f
[92mINFO [0m:      Sent reply
[92mINFO [0m:      
[92mINFO [0m:      Received: train message c937284c-dafb-459c-a7f2-88eef2e52fc5
[92mINFO [0m:      Sent reply
[92mINFO [0m:      
[92mINFO [0m:      Received: evaluate message 325fd4e3-6558-4af4-a4db-119f943fd791
[92mINFO [0m:      Sent reply
[92mINFO [0m:      
[92mINFO [0m:      Received: train message 0a1b6f30-c6b7-491b-8607-79949e315b82
[92mINFO [0m:      Sent reply
[92mINFO [0m:      
[92mINFO [0m:      Received: evaluate message 64065863-da6f-4c5e-aeac-075e6f283847
[92mINFO [0m:      Sent reply
[92mINFO [0m:      
[92mINFO [0m:      Received: train message 1e9ee6de-b68f-47f2-821d-431491946273
[92mINFO [0m:      Sent reply
[92mINFO [0m:      
[92mINFO [0m:      Received: evaluate message 718f46d4-ecf5-4575-968e-3a21f6ec1107
[92mINFO [0m:      Sent reply
[92mINFO [0m:      
[92mINFO [0m:      Received: train message bcebc208-9242-497d-a23e-b8e93f0d6086
[92mINFO [0m:      Sent reply
[92mINFO [0m:      
[92mINFO [0m:      Received: evaluate message 448c068e-cf13-4538-8d3e-00073d55f2d7
[92mINFO [0m:      Sent reply
[92mINFO [0m:      
[92mINFO [0m:      Received: train message b9653db9-3c66-43c7-bbcd-b91339af08af
[92mINFO [0m:      Sent reply
[92mINFO [0m:      
[92mINFO [0m:      Received: evaluate message 9489b341-43d5-4d58-bc26-d477f2f0daac
[92mINFO [0m:      Sent reply
[92mINFO [0m:      
[92mINFO [0m:      Received: train message 77ab2a5e-e8f0-4f07-8326-d53dacbe6b45
[92mINFO [0m:      Sent reply
[92mINFO [0m:      
[92mINFO [0m:      Received: evaluate message 480f1a2b-727b-48f7-8b07-2bcf59e5cb4c
[92mINFO [0m:      Sent reply
[92mINFO [0m:      
[92mINFO [0m:      Received: train message 25214310-9fe1-434f-b606-2ee80ee4e7c3
[92mINFO [0m:      Sent reply
[92mINFO [0m:      
[92mINFO [0m:      Received: evaluate message 67180a7c-bc1b-4008-a20e-fed1d5f3e1ce
[92mINFO [0m:      Sent reply
[92mINFO [0m:      
[92mINFO [0m:      Received: train message 8ebf2374-ccee-40fc-8d44-f56cd6ead666
[92mINFO [0m:      Sent reply
[92mINFO [0m:      
[92mINFO [0m:      Received: evaluate message 3ffa93c6-290d-4c0c-8e88-d524dd67aae0
[92mINFO [0m:      Sent reply
[92mINFO [0m:      
[92mINFO [0m:      Received: train message ff3ec018-2903-49e5-8aa9-46858eea5bf1
[92mINFO [0m:      Sent reply
[92mINFO [0m:      
[92mINFO [0m:      Received: evaluate message 75f5eb26-335e-49b9-a595-42ae30462f1e
[92mINFO [0m:      Sent reply
[92mINFO [0m:      
[92mINFO [0m:      Received: train message 74cbe790-bba5-4efa-9c49-18105721b1a6
[92mINFO [0m:      Sent reply
[92mINFO [0m:      
[92mINFO [0m:      Received: evaluate message 1d37159c-59c8-4ff9-9347-54c59323cf4e
[92mINFO [0m:      Sent reply
[92mINFO [0m:      
[92mINFO [0m:      Received: train message d7281c95-76e4-4ccd-8371-f432dd7bffde
[92mINFO [0m:      Sent reply
[92mINFO [0m:      
[92mINFO [0m:      Received: evaluate message 1d077ada-5cf3-4b79-b521-fc61e708ad04
[92mINFO [0m:      Sent reply
[92mINFO [0m:      
[92mINFO [0m:      Received: train message 050e5742-3246-4f11-992a-1b013e9a763c
[92mINFO [0m:      Sent reply
[92mINFO [0m:      
[92mINFO [0m:      Received: evaluate message 3ea2b8c7-818d-4fdf-8e4d-e9a5a37b1c5f
[92mINFO [0m:      Sent reply
[92mINFO [0m:      
[92mINFO [0m:      Received: train message da941239-512e-46d2-a666-ab3d14391a54
[92mINFO [0m:      Sent reply
[92mINFO [0m:      
[92mINFO [0m:      Received: evaluate message 1bfc914e-e1cd-4a8c-974b-1f411ec70c53
[92mINFO [0m:      Sent reply
[92mINFO [0m:      
[92mINFO [0m:      Received: train message 2b9fe77a-0d1f-4202-880f-7c2756f85645
[92mINFO [0m:      Sent reply
[92mINFO [0m:      
[92mINFO [0m:      Received: evaluate message 15993342-6698-4c86-9216-e1c0f72b41d9
[92mINFO [0m:      Sent reply
[92mINFO [0m:      
[92mINFO [0m:      Received: train message b5854f7b-d690-4e3b-9220-8127eece0b13
[92mINFO [0m:      Sent reply
[92mINFO [0m:      
[92mINFO [0m:      Received: evaluate message 5cd5b3b7-17d0-475a-82b2-0580190f5006
[92mINFO [0m:      Sent reply
[92mINFO [0m:      
[92mINFO [0m:      Received: train message a73b7e76-f1d0-4af0-b925-0f7186ac97db
[92mINFO [0m:      Sent reply
[92mINFO [0m:      
[92mINFO [0m:      Received: evaluate message 6aed5848-a94a-4067-a619-dd152ea92a54
[92mINFO [0m:      Sent reply
[92mINFO [0m:      
[92mINFO [0m:      Received: train message e61cb9fe-4fa2-454a-9b13-df411244be3d
[92mINFO [0m:      Sent reply
[92mINFO [0m:      
[92mINFO [0m:      Received: evaluate message cc049e64-d17d-4a13-9a06-0db07a292670
[92mINFO [0m:      Sent reply
[92mINFO [0m:      
[92mINFO [0m:      Received: train message d13c63da-5b44-483f-85dd-130cb92236fe
[92mINFO [0m:      Sent reply
[92mINFO [0m:      
[92mINFO [0m:      Received: evaluate message 762c06d4-cf1d-4fef-8e42-d3016c21a855
[92mINFO [0m:      Sent reply
[92mINFO [0m:      
[92mINFO [0m:      Received: train message fcde5a56-c199-4001-8e8d-f55c220f881c
[92mINFO [0m:      Sent reply
[92mINFO [0m:      
[92mINFO [0m:      Received: evaluate message 21a9f9fb-fbde-4432-a6a5-a6653498bf4a
[92mINFO [0m:      Sent reply
[92mINFO [0m:      
[92mINFO [0m:      Received: train message f360a198-b5a7-4533-a0da-d3fa08d1a928
[92mINFO [0m:      Sent reply
[92mINFO [0m:      
[92mINFO [0m:      Received: evaluate message 3129cf62-179d-4a56-bac2-33e42ca88b24
[92mINFO [0m:      Sent reply
[92mINFO [0m:      
[92mINFO [0m:      Received: train message 98c586c7-f56f-4a13-b3c4-6397b8996c6a
[92mINFO [0m:      Sent reply
[92mINFO [0m:      
[92mINFO [0m:      Received: evaluate message 6a20d0f7-4c30-4b7a-9a90-06016cce844c
[92mINFO [0m:      Sent reply
[92mINFO [0m:      
[92mINFO [0m:      Received: train message f979430b-8d9b-42e9-bdc1-f7e99c34dfc8
[92mINFO [0m:      Sent reply
[92mINFO [0m:      
[92mINFO [0m:      Received: evaluate message a416c844-0988-4947-a4a8-90b5f6ba28a6
[92mINFO [0m:      Sent reply
[92mINFO [0m:      
[92mINFO [0m:      Received: train message e6885f67-1809-4512-b98f-88f8c2df7b27
[92mINFO [0m:      Sent reply
[92mINFO [0m:      
[92mINFO [0m:      Received: evaluate message 22d754de-5387-4ec1-af06-8407576cb9a8
[92mINFO [0m:      Sent reply
[92mINFO [0m:      
[92mINFO [0m:      Received: train message eb766da2-1a14-4c8d-b981-744f649b450e
[92mINFO [0m:      Sent reply
[92mINFO [0m:      
[92mINFO [0m:      Received: evaluate message 844e144d-9ed5-436d-b47b-c7b6a0b9c4c2
[92mINFO [0m:      Sent reply
[92mINFO [0m:      
[92mINFO [0m:      Received: train message 74eaa9f4-d9ff-4558-ad62-a1ee7330b111
[92mINFO [0m:      Sent reply
[92mINFO [0m:      
[92mINFO [0m:      Received: evaluate message dfcd4e1a-c372-4b3d-a301-1f7fd73b2d64
[92mINFO [0m:      Sent reply
[92mINFO [0m:      
[92mINFO [0m:      Received: train message d2eeb6d7-3e20-45bf-b87c-2a7abc416001
[92mINFO [0m:      Sent reply
[92mINFO [0m:      
[92mINFO [0m:      Received: evaluate message e3ba4ff2-0c98-459e-bf13-c567c636f96f
[92mINFO [0m:      Sent reply
[92mINFO [0m:      
[92mINFO [0m:      Received: train message 4af7ae4e-d390-4a8c-b094-6d4b5b1faf66
[92mINFO [0m:      Sent reply
[92mINFO [0m:      
[92mINFO [0m:      Received: evaluate message 9c0090e0-0c22-435a-a850-38ac7b0cf9e4
[92mINFO [0m:      Sent reply
[92mINFO [0m:      
[92mINFO [0m:      Received: train message f66b5448-2cc9-4ecb-8d4c-f1dc46cb7357
[92mINFO [0m:      Sent reply
[92mINFO [0m:      
[92mINFO [0m:      Received: evaluate message 54ecd24b-1a3c-47fb-afea-a879d38874ed
[92mINFO [0m:      Sent reply
[92mINFO [0m:      
[92mINFO [0m:      Received: train message 96ac9918-b560-4d3c-9f7b-1d56343ffb70
[92mINFO [0m:      Sent reply
[92mINFO [0m:      
[92mINFO [0m:      Received: evaluate message adcb6514-4ab6-489f-b329-ea2924865335
[92mINFO [0m:      Sent reply
[92mINFO [0m:      
[92mINFO [0m:      Received: train message 5b21b94e-c18a-4cf1-b2ce-0e805d5e3880
[92mINFO [0m:      Sent reply
[92mINFO [0m:      
[92mINFO [0m:      Received: evaluate message 10c5c529-6ca7-48eb-93b0-485d6e1e1e97
[92mINFO [0m:      Sent reply
[92mINFO [0m:      
[92mINFO [0m:      Received: train message 99ccbf3e-55b7-4e19-9f55-a1850d7358a9
[92mINFO [0m:      Sent reply
[92mINFO [0m:      
[92mINFO [0m:      Received: evaluate message 638be87a-2e47-43da-91e3-8711847abe35
[92mINFO [0m:      Sent reply
[92mINFO [0m:      
[92mINFO [0m:      Received: train message 0660020c-31bf-4e3a-a004-f60bac7fcbc5
[92mINFO [0m:      Sent reply
[92mINFO [0m:      
[92mINFO [0m:      Received: evaluate message 89d1a9a5-6ef2-43ca-9bd2-56205839a296
[92mINFO [0m:      Sent reply
[92mINFO [0m:      
[92mINFO [0m:      Received: train message 3194bd99-3006-44fb-b61a-0c76c145b21e
[92mINFO [0m:      Sent reply
[92mINFO [0m:      
[92mINFO [0m:      Received: evaluate message 0dc9ede6-10b2-4273-9388-fa17ceba0a54
[92mINFO [0m:      Sent reply
[92mINFO [0m:      
[92mINFO [0m:      Received: train message 6ef30958-4ecd-493e-890a-b17e3703bc29
[92mINFO [0m:      Sent reply
[92mINFO [0m:      
[92mINFO [0m:      Received: evaluate message 06158d74-8b84-422d-9bcb-a39da4e8fac5
[92mINFO [0m:      Sent reply
[92mINFO [0m:      
[92mINFO [0m:      Received: train message 51971c2c-5b8c-4534-adf3-9daf764b26b3
[92mINFO [0m:      Sent reply
[92mINFO [0m:      
[92mINFO [0m:      Received: evaluate message 705a554b-8d29-4583-9ffd-2c75465aeb95
[92mINFO [0m:      Sent reply
[92mINFO [0m:      
[92mINFO [0m:      Received: train message bf3f5421-48ee-48f1-8da8-c8cb40356d0c
[92mINFO [0m:      Sent reply
[92mINFO [0m:      
[92mINFO [0m:      Received: evaluate message 498350b0-022c-4ae8-a3e4-efbf89ca5f63
[92mINFO [0m:      Sent reply
[92mINFO [0m:      
[92mINFO [0m:      Received: train message 44764887-83b2-414f-b8e5-64e041a3b979
[92mINFO [0m:      Sent reply
[92mINFO [0m:      
[92mINFO [0m:      Received: evaluate message 089c55ed-995d-40a2-843d-26bc7b0817f0
[92mINFO [0m:      Sent reply
[92mINFO [0m:      
[92mINFO [0m:      Received: train message 923ee5bd-0b6e-43c3-b2c1-f6196f93ab83
[92mINFO [0m:      Sent reply
[92mINFO [0m:      
[92mINFO [0m:      Received: evaluate message 02089e8e-3714-446c-9de9-99b839f53924
[92mINFO [0m:      Sent reply
[92mINFO [0m:      
[92mINFO [0m:      Received: train message 875e73c9-953d-4fd7-adb3-08e0cd8a4921
[92mINFO [0m:      Sent reply
[92mINFO [0m:      
[92mINFO [0m:      Received: evaluate message b1f9a674-77d4-40e2-b86d-f1b97d1aa087
[92mINFO [0m:      Sent reply
[92mINFO [0m:      
[92mINFO [0m:      Received: train message 26ce6b3c-d1f1-40e5-b1c8-b44d8837fab4
[92mINFO [0m:      Sent reply
[92mINFO [0m:      
[92mINFO [0m:      Received: evaluate message 9b5c3969-2416-4253-93d7-7e0752ffd57e
[92mINFO [0m:      Sent reply
[92mINFO [0m:      
[92mINFO [0m:      Received: train message 73106000-b94a-479d-a1aa-79d478523244
[92mINFO [0m:      Sent reply
[92mINFO [0m:      
[92mINFO [0m:      Received: evaluate message c5530bd8-b575-4a6c-87ae-e706ce71e69c
[92mINFO [0m:      Sent reply
[92mINFO [0m:      
[92mINFO [0m:      Received: train message 63b53606-f762-473b-9efd-2b77af08944b
[92mINFO [0m:      Sent reply
[92mINFO [0m:      
[92mINFO [0m:      Received: evaluate message d7527c42-1912-4071-a9bb-db91ee6f5b5d
[92mINFO [0m:      Sent reply
[92mINFO [0m:      
[92mINFO [0m:      Received: train message 637d869c-a5b7-4344-a6de-4d8866fe7c00
[92mINFO [0m:      Sent reply
[92mINFO [0m:      
[92mINFO [0m:      Received: evaluate message f98481ad-0383-4178-8fc1-bc1500f4af8f
[92mINFO [0m:      Sent reply
[92mINFO [0m:      
[92mINFO [0m:      Received: train message 4985453d-7ca0-44a1-b01f-22e503746071
[92mINFO [0m:      Sent reply
[92mINFO [0m:      
[92mINFO [0m:      Received: evaluate message 4961eab7-e953-4c88-bee7-eaaf2680db98
[92mINFO [0m:      Sent reply
[92mINFO [0m:      
[92mINFO [0m:      Received: train message b4ebdbf1-c8c7-4e0c-9f1d-8e3e05cf03c1
[92mINFO [0m:      Sent reply
[92mINFO [0m:      
[92mINFO [0m:      Received: evaluate message f79d9d05-bc0a-4a15-980b-fbe582af7099
[92mINFO [0m:      Sent reply
[92mINFO [0m:      
[92mINFO [0m:      Received: reconnect message 9d42df0b-4dd3-42c1-aae2-2477df3c7325
[92mINFO [0m:      Disconnect and shut down
