[93mWARNING [0m:   DEPRECATED FEATURE: flwr.client.start_client() is deprecated.
	Instead, use the `flower-supernode` CLI command to start a SuperNode as shown below:

		$ flower-supernode --insecure --superlink='<IP>:<PORT>'

	To view all available options, run:

		$ flower-supernode --help

	Using `start_client()` is deprecated.

            This is a deprecated feature. It will be removed
            entirely in future versions of Flower.
        
[92mINFO [0m:      
[92mINFO [0m:      Received: train message 85878040-96eb-48c9-8916-898f71a49729
[92mINFO [0m:      Sent reply
[92mINFO [0m:      
[92mINFO [0m:      Received: evaluate message 3c24757b-43d6-4cdc-9f76-b3996bfe7bb2
[92mINFO [0m:      Sent reply
[92mINFO [0m:      
[92mINFO [0m:      Received: train message 92c31245-c482-429d-b601-2ddf44a3b5c9
[92mINFO [0m:      Sent reply
[92mINFO [0m:      
[92mINFO [0m:      Received: evaluate message 798b89dd-c162-47f2-b8f6-a0949e0b66b6
[92mINFO [0m:      Sent reply
[92mINFO [0m:      
[92mINFO [0m:      Received: train message dc319d59-cfd5-4ab6-aa6e-3f283ed69e31
[92mINFO [0m:      Sent reply
[92mINFO [0m:      
[92mINFO [0m:      Received: evaluate message 5d4a4d17-d346-4dcf-9b86-4a5fcf8f519c
[92mINFO [0m:      Sent reply
[92mINFO [0m:      
[92mINFO [0m:      Received: train message 5e24814e-b9e4-486e-8d0f-d63e194c7cc0
[92mINFO [0m:      Sent reply
[92mINFO [0m:      
[92mINFO [0m:      Received: evaluate message 1d65b796-087c-4666-9413-f78dfc8383ad
[92mINFO [0m:      Sent reply
[92mINFO [0m:      
[92mINFO [0m:      Received: train message 8726324b-c7ae-458a-a07a-bbf741b684b2
[92mINFO [0m:      Sent reply
[92mINFO [0m:      
[92mINFO [0m:      Received: evaluate message 757fea24-3b53-4451-8f6a-f5293994482e
[92mINFO [0m:      Sent reply
[92mINFO [0m:      
[92mINFO [0m:      Received: train message 6f80ebed-f8c3-4b66-84a8-e12bd428f514
[92mINFO [0m:      Sent reply
[92mINFO [0m:      
[92mINFO [0m:      Received: evaluate message 292d6684-2737-4a60-b526-c359ddd1428e
[92mINFO [0m:      Sent reply
[92mINFO [0m:      
[92mINFO [0m:      Received: train message 5d634dc8-768c-48f5-b923-3a17c57cac0f
[92mINFO [0m:      Sent reply
[92mINFO [0m:      
[92mINFO [0m:      Received: evaluate message 28387c9e-8a47-4e1c-b98e-cd524f177249
[92mINFO [0m:      Sent reply
[92mINFO [0m:      
[92mINFO [0m:      Received: train message 2c40660c-999e-46ab-8f4d-934a885ed764
[92mINFO [0m:      Sent reply
[92mINFO [0m:      
[92mINFO [0m:      Received: evaluate message ff6cb1e9-d30a-499f-819e-4bb9d46fef79
[92mINFO [0m:      Sent reply
[92mINFO [0m:      
[92mINFO [0m:      Received: train message 15a50b35-9eea-447c-8ccd-72867525174c
[92mINFO [0m:      Sent reply
[92mINFO [0m:      
[92mINFO [0m:      Received: evaluate message 6094b3ab-2d56-490d-8697-477a25ac4271
[92mINFO [0m:      Sent reply
[92mINFO [0m:      
[92mINFO [0m:      Received: train message ceb021d6-98d7-463d-b395-62eab6d9755b
[92mINFO [0m:      Sent reply
[92mINFO [0m:      
[92mINFO [0m:      Received: evaluate message cb6ab6db-d507-4dc2-af92-4dd75118558e
[92mINFO [0m:      Sent reply
[92mINFO [0m:      
[92mINFO [0m:      Received: train message feef5dae-6384-423b-ab68-e2bae9d99776
[92mINFO [0m:      Sent reply
[92mINFO [0m:      
[92mINFO [0m:      Received: evaluate message 6861a27e-b5d3-4107-a39d-62aabd39ed16
[92mINFO [0m:      Sent reply
[92mINFO [0m:      
[92mINFO [0m:      Received: train message ec1c3953-9afa-4cd0-8168-b3f7cca007b9
[92mINFO [0m:      Sent reply
[92mINFO [0m:      
[92mINFO [0m:      Received: evaluate message b940408b-0b24-495a-a4a6-0242c5c6fc44
[92mINFO [0m:      Sent reply
[92mINFO [0m:      
[92mINFO [0m:      Received: train message e7573f29-a3ba-4bc4-832d-3a36beb41ed5
[92mINFO [0m:      Sent reply
[92mINFO [0m:      
[92mINFO [0m:      Received: evaluate message 618b9336-7edc-46ac-b6f4-317c50f3dd1c
[92mINFO [0m:      Sent reply
[92mINFO [0m:      
[92mINFO [0m:      Received: train message 2d95c6ac-ff75-4ccc-833c-2ccbb6d9d398
[92mINFO [0m:      Sent reply
[92mINFO [0m:      
[92mINFO [0m:      Received: evaluate message ab8421c9-6b41-410e-a3c3-a1d97a7374c1
[92mINFO [0m:      Sent reply
[92mINFO [0m:      
[92mINFO [0m:      Received: train message 1765d1aa-f5e5-4b26-ab20-e60e1dcca0d3
[92mINFO [0m:      Sent reply
[92mINFO [0m:      
[92mINFO [0m:      Received: evaluate message e13ed2b6-766d-4605-a316-63408f7f988c
[92mINFO [0m:      Sent reply
[92mINFO [0m:      
[92mINFO [0m:      Received: train message cfff2830-1b72-46be-8994-6065be6718c7
[92mINFO [0m:      Sent reply
[92mINFO [0m:      
[92mINFO [0m:      Received: evaluate message ef07c5df-7ec4-44c4-8001-c97aa94a7411
[92mINFO [0m:      Sent reply
[92mINFO [0m:      
[92mINFO [0m:      Received: train message c176add7-ce30-4aaf-b9ee-9220ded2f2f2
[92mINFO [0m:      Sent reply
[92mINFO [0m:      
[92mINFO [0m:      Received: evaluate message 13706d1e-5b43-4f74-b1da-73c16c461eae
[92mINFO [0m:      Sent reply
[92mINFO [0m:      
[92mINFO [0m:      Received: train message cdfb2374-8960-4d1d-bdbd-19f8e01221cd
[92mINFO [0m:      Sent reply
[92mINFO [0m:      
[92mINFO [0m:      Received: evaluate message e073a30a-1e0a-4ab4-a9e2-14a7c78bc2e7
[92mINFO [0m:      Sent reply
[92mINFO [0m:      
[92mINFO [0m:      Received: train message 06266130-3f90-4c0e-be75-698415ee749c
[92mINFO [0m:      Sent reply
[92mINFO [0m:      
[92mINFO [0m:      Received: evaluate message df92f3f5-c041-401f-bc77-53cb6fdd9bbc
[92mINFO [0m:      Sent reply
[92mINFO [0m:      
[92mINFO [0m:      Received: train message 110f37a5-acfc-42b4-a434-e279d277d3d9
[92mINFO [0m:      Sent reply
[92mINFO [0m:      
[92mINFO [0m:      Received: evaluate message 1dfb5b35-3457-4c2f-8beb-29a5e74cb3bf
[92mINFO [0m:      Sent reply
[92mINFO [0m:      
[92mINFO [0m:      Received: train message 3c35d51b-7c0a-4212-8ca3-09251bb9b67c
[92mINFO [0m:      Sent reply
[92mINFO [0m:      
[92mINFO [0m:      Received: evaluate message 4178c2fa-d51f-4239-bf12-64e51ffef03b
[92mINFO [0m:      Sent reply
[92mINFO [0m:      
[92mINFO [0m:      Received: train message de7dbbfd-f4fb-458f-86e3-f42d0952d100
[92mINFO [0m:      Sent reply
[92mINFO [0m:      
[92mINFO [0m:      Received: evaluate message 6e19b08c-29c1-412e-8dc8-949fa454a721
[92mINFO [0m:      Sent reply
[92mINFO [0m:      
[92mINFO [0m:      Received: train message 626eb409-6c89-48ed-8bbd-6725062faea7
[92mINFO [0m:      Sent reply
[92mINFO [0m:      
[92mINFO [0m:      Received: evaluate message 0cb30445-90e5-4a56-8e7a-1e08bf7d2183
[92mINFO [0m:      Sent reply
[92mINFO [0m:      
[92mINFO [0m:      Received: train message 0c95fb9f-eca2-4b24-91ba-a5bbb9f19189
[92mINFO [0m:      Sent reply
[92mINFO [0m:      
[92mINFO [0m:      Received: evaluate message b50fee36-fb6a-4d13-bffb-3a7392651e42
[92mINFO [0m:      Sent reply
[92mINFO [0m:      
[92mINFO [0m:      Received: train message c8a12e0f-5db0-426f-9e5a-54841aa52d97
[92mINFO [0m:      Sent reply
[92mINFO [0m:      
[92mINFO [0m:      Received: evaluate message 1077954d-4563-43c7-89eb-68d2dab28ead
[92mINFO [0m:      Sent reply
[92mINFO [0m:      
[92mINFO [0m:      Received: train message 9a85546a-d5c3-4beb-b262-fde17c3d19f4
[92mINFO [0m:      Sent reply
[92mINFO [0m:      
[92mINFO [0m:      Received: evaluate message d2e0f8ca-111b-4578-8b79-29a272ca5875
[92mINFO [0m:      Sent reply
[92mINFO [0m:      
[92mINFO [0m:      Received: train message cb809472-873b-4c4d-8d2f-b04d66f537e4
[92mINFO [0m:      Sent reply
[92mINFO [0m:      
[92mINFO [0m:      Received: evaluate message 490e7fa8-a629-4fef-a8eb-c3ccc0c3ce0a
[92mINFO [0m:      Sent reply
[92mINFO [0m:      
[92mINFO [0m:      Received: train message e3a6ba9e-2837-4df9-aace-de51e60c799e
[92mINFO [0m:      Sent reply
[92mINFO [0m:      
[92mINFO [0m:      Received: evaluate message 2b7e9ca8-b718-400d-89e2-414da927fc6e
[92mINFO [0m:      Sent reply
[92mINFO [0m:      
[92mINFO [0m:      Received: train message 3c541612-6a18-41ab-b21b-0ffcd67ed847
[92mINFO [0m:      Sent reply
[92mINFO [0m:      
[92mINFO [0m:      Received: evaluate message b2f8fde5-1ef1-4c25-ae9a-6bc977ee5dab
[92mINFO [0m:      Sent reply
[92mINFO [0m:      
[92mINFO [0m:      Received: train message a1b1e5d5-de6e-446d-a2bc-fed01a62f0c1
[92mINFO [0m:      Sent reply
[92mINFO [0m:      
[92mINFO [0m:      Received: evaluate message b14aceae-ab9b-40f5-9ce7-e2c022529ef6
[92mINFO [0m:      Sent reply
[92mINFO [0m:      
[92mINFO [0m:      Received: train message 36d0ad3d-39bf-492a-99bb-f2e51d967da7
[92mINFO [0m:      Sent reply
[92mINFO [0m:      
[92mINFO [0m:      Received: evaluate message 3a157528-d217-48fe-8ef7-3c41efe82e9b
[92mINFO [0m:      Sent reply
[92mINFO [0m:      
[92mINFO [0m:      Received: train message 06080774-0723-4b60-bddc-b58e9ca37eda
[92mINFO [0m:      Sent reply
[92mINFO [0m:      
[92mINFO [0m:      Received: evaluate message 7759d551-fd91-45d2-84e5-1ddfa457720b
[92mINFO [0m:      Sent reply
[92mINFO [0m:      
[92mINFO [0m:      Received: train message f3464be0-4732-4e39-a9e7-8e231bdfde85
[92mINFO [0m:      Sent reply
[92mINFO [0m:      
[92mINFO [0m:      Received: evaluate message e52333f6-d469-4c0a-b746-fb191af1dc48
[92mINFO [0m:      Sent reply
[92mINFO [0m:      
[92mINFO [0m:      Received: train message 5f258fbf-608a-41d1-83bd-d09c0e616cd2
[92mINFO [0m:      Sent reply
[92mINFO [0m:      
[92mINFO [0m:      Received: evaluate message f0bfb3c8-8da9-4963-914b-b276a85767c5
[92mINFO [0m:      Sent reply
[92mINFO [0m:      
[92mINFO [0m:      Received: train message 20a5711a-9122-4a73-b61a-f5fa0542425f
[92mINFO [0m:      Sent reply
[92mINFO [0m:      
[92mINFO [0m:      Received: evaluate message 93fd8d1f-4205-49c3-9fb5-b66b3d64a3d5
[92mINFO [0m:      Sent reply
[92mINFO [0m:      
[92mINFO [0m:      Received: train message 4eb1aa2e-2e20-461f-8607-098e483a3a86
[92mINFO [0m:      Sent reply
[92mINFO [0m:      
[92mINFO [0m:      Received: evaluate message c01bab3b-4143-4031-bc6f-c13da84a9bd1
[92mINFO [0m:      Sent reply
[92mINFO [0m:      
[92mINFO [0m:      Received: train message ea2c238b-0a78-4d62-b182-eff33f0a8669
[92mINFO [0m:      Sent reply
[92mINFO [0m:      
[92mINFO [0m:      Received: evaluate message 73928ea4-c2c6-4a5f-87c9-d2c1152e53c7
[92mINFO [0m:      Sent reply
[92mINFO [0m:      
[92mINFO [0m:      Received: train message 9c1626b7-a754-4e21-ae32-aeee2550db6e
[92mINFO [0m:      Sent reply
[92mINFO [0m:      
[92mINFO [0m:      Received: evaluate message b44b151e-fe63-4463-be1f-18383ef586d0
[92mINFO [0m:      Sent reply
[92mINFO [0m:      
[92mINFO [0m:      Received: train message a5fb81af-e27e-4f09-9f8d-b0f88b7bede8
[92mINFO [0m:      Sent reply
[92mINFO [0m:      
[92mINFO [0m:      Received: evaluate message 525a8844-5a92-4eda-88b7-7cd8165aa64c
[92mINFO [0m:      Sent reply
[92mINFO [0m:      
[92mINFO [0m:      Received: train message 8937196c-62ec-4b7c-94e9-b9851b60fcb3
[92mINFO [0m:      Sent reply
[92mINFO [0m:      
[92mINFO [0m:      Received: evaluate message bf366994-e4ae-4ec1-bb26-afe8eb45b6b8
[92mINFO [0m:      Sent reply
[92mINFO [0m:      
[92mINFO [0m:      Received: train message dd9761f1-7972-494e-815a-743f45913e54
[92mINFO [0m:      Sent reply
[92mINFO [0m:      
[92mINFO [0m:      Received: evaluate message ec728866-51bf-4214-9550-763d65bcd12a
[92mINFO [0m:      Sent reply
[92mINFO [0m:      
[92mINFO [0m:      Received: train message 843d19d7-ec66-47c5-a6c6-4949a2d79710
[92mINFO [0m:      Sent reply
[92mINFO [0m:      
[92mINFO [0m:      Received: evaluate message ae2f5db0-ab8f-41f8-83e7-03e4cf584712
[92mINFO [0m:      Sent reply
[92mINFO [0m:      
[92mINFO [0m:      Received: train message 60099da1-21e5-44b7-a007-a53e0c68e3d4
[92mINFO [0m:      Sent reply
[92mINFO [0m:      
[92mINFO [0m:      Received: evaluate message 9a417ca5-ef82-42b7-8380-f1eb38d3e263
[92mINFO [0m:      Sent reply
[92mINFO [0m:      
[92mINFO [0m:      Received: train message 8c0098f9-6cf5-45b4-8034-d80c16e17f88
[92mINFO [0m:      Sent reply
[92mINFO [0m:      
[92mINFO [0m:      Received: evaluate message 0c846631-667d-4cc1-80ba-ab727dcff8cd
[92mINFO [0m:      Sent reply
[92mINFO [0m:      
[92mINFO [0m:      Received: train message c87f0501-f25e-420b-98a5-1d7122ae5720
[92mINFO [0m:      Sent reply
[92mINFO [0m:      
[92mINFO [0m:      Received: evaluate message ed408751-c343-40c0-ae8a-0dd6aa550e08
[92mINFO [0m:      Sent reply
[92mINFO [0m:      
[92mINFO [0m:      Received: train message 8c6b669b-2eb5-4cf6-a28a-159181a5940b
[92mINFO [0m:      Sent reply
[92mINFO [0m:      
[92mINFO [0m:      Received: evaluate message 1eab73b2-1f41-4432-b5c1-7f370121d533
[92mINFO [0m:      Sent reply
[92mINFO [0m:      
[92mINFO [0m:      Received: train message 39a33b9c-d849-4cf7-b7e0-8045b74f0bfd
[92mINFO [0m:      Sent reply
[92mINFO [0m:      
[92mINFO [0m:      Received: evaluate message a187fc96-1585-49e1-8877-2faa5f8aa8d6
[92mINFO [0m:      Sent reply
[92mINFO [0m:      
[92mINFO [0m:      Received: train message 0866bcd4-dafa-41c3-b7eb-5e652a849fa0
[92mINFO [0m:      Sent reply
[92mINFO [0m:      
[92mINFO [0m:      Received: evaluate message d711727b-f5b2-4bcb-9049-698c0cd6984b
[92mINFO [0m:      Sent reply
[92mINFO [0m:      
[92mINFO [0m:      Received: train message 6f593d51-4fc4-47f1-8132-4ffe9f022477
[92mINFO [0m:      Sent reply
[92mINFO [0m:      
[92mINFO [0m:      Received: evaluate message c01d3a58-6e61-45aa-92a1-dd6c040b1506
[92mINFO [0m:      Sent reply
[92mINFO [0m:      
[92mINFO [0m:      Received: train message 7d57bfcd-17e3-4ef2-ac11-3e23d3ff30cc
[92mINFO [0m:      Sent reply
[92mINFO [0m:      
[92mINFO [0m:      Received: evaluate message f926e034-13ec-4755-aadd-0f8efc7f8a42
[92mINFO [0m:      Sent reply
[92mINFO [0m:      
[92mINFO [0m:      Received: reconnect message 26929d08-d3de-4765-a5b7-1bf064f1d554
[92mINFO [0m:      Disconnect and shut down
