[93mWARNING [0m:   DEPRECATED FEATURE: flwr.client.start_client() is deprecated.
	Instead, use the `flower-supernode` CLI command to start a SuperNode as shown below:

		$ flower-supernode --insecure --superlink='<IP>:<PORT>'

	To view all available options, run:

		$ flower-supernode --help

	Using `start_client()` is deprecated.

            This is a deprecated feature. It will be removed
            entirely in future versions of Flower.
        
[92mINFO [0m:      
[92mINFO [0m:      Received: train message 3fb256dc-9f40-42f2-ab94-062633607c30
[92mINFO [0m:      Sent reply
[92mINFO [0m:      
[92mINFO [0m:      Received: evaluate message 3932cf22-1be2-44a8-8f95-eeb07e7aaa9c
[92mINFO [0m:      Sent reply
[92mINFO [0m:      
[92mINFO [0m:      Received: train message 705822e4-f685-4984-83a0-5f3a32b87af1
[92mINFO [0m:      Sent reply
[92mINFO [0m:      
[92mINFO [0m:      Received: evaluate message d057c31b-cde5-4da3-850b-b3abefeda217
[92mINFO [0m:      Sent reply
[92mINFO [0m:      
[92mINFO [0m:      Received: train message 87cbb516-1e6c-440c-9246-e9ed1d1e16dc
[92mINFO [0m:      Sent reply
[92mINFO [0m:      
[92mINFO [0m:      Received: evaluate message d4e836ea-a4fb-475a-8ff2-0edfb038bd39
[92mINFO [0m:      Sent reply
[92mINFO [0m:      
[92mINFO [0m:      Received: train message c0d803a8-273c-4831-86be-24b2d7f59173
[92mINFO [0m:      Sent reply
[92mINFO [0m:      
[92mINFO [0m:      Received: evaluate message 79a780bc-842d-471c-9de6-b33a9000a0be
[92mINFO [0m:      Sent reply
[92mINFO [0m:      
[92mINFO [0m:      Received: train message 0ad556cc-2fd2-425d-9124-4841d983beb9
[92mINFO [0m:      Sent reply
[92mINFO [0m:      
[92mINFO [0m:      Received: evaluate message e1a0bd9e-ec02-443f-9af1-a2d50977f0fb
[92mINFO [0m:      Sent reply
[92mINFO [0m:      
[92mINFO [0m:      Received: train message e6730d6a-72d4-45a1-8ba6-81b4dfbd8f17
[92mINFO [0m:      Sent reply
[92mINFO [0m:      
[92mINFO [0m:      Received: evaluate message 7e7b4f28-43c6-482b-825a-319a71de5f35
[92mINFO [0m:      Sent reply
[92mINFO [0m:      
[92mINFO [0m:      Received: train message b51b320c-b9f8-494d-bfea-866daf8b38f7
[92mINFO [0m:      Sent reply
[92mINFO [0m:      
[92mINFO [0m:      Received: evaluate message ae5a663c-6c4b-4e74-8945-51d2e9e8b4f4
[92mINFO [0m:      Sent reply
[92mINFO [0m:      
[92mINFO [0m:      Received: train message a09c1cfa-fc50-4dd3-be61-32c6b10c3986
[92mINFO [0m:      Sent reply
[92mINFO [0m:      
[92mINFO [0m:      Received: evaluate message abe9c300-327a-41dd-ad6d-daeb48ae4d3c
[92mINFO [0m:      Sent reply
[92mINFO [0m:      
[92mINFO [0m:      Received: train message 18ecdd20-3202-4769-b1f1-1ca8d6d3d373
[92mINFO [0m:      Sent reply
[92mINFO [0m:      
[92mINFO [0m:      Received: evaluate message 6a55762c-e9c3-4916-8909-b8666dffff72
[92mINFO [0m:      Sent reply
[92mINFO [0m:      
[92mINFO [0m:      Received: train message 37faec0e-8017-40f5-87bb-5861fe667a47
[92mINFO [0m:      Sent reply
[92mINFO [0m:      
[92mINFO [0m:      Received: evaluate message 95b48fb7-5462-4ddd-ac8c-a82c367ba78a
[92mINFO [0m:      Sent reply
[92mINFO [0m:      
[92mINFO [0m:      Received: train message 0a79da4d-1939-46f4-950c-ac9c4c0eb132
[92mINFO [0m:      Sent reply
[92mINFO [0m:      
[92mINFO [0m:      Received: evaluate message 90f66c73-1ea6-45bc-a181-38bc25da46e0
[92mINFO [0m:      Sent reply
[92mINFO [0m:      
[92mINFO [0m:      Received: train message 5bf4764c-b8ad-4b5a-8b12-d4f1ba14e42b
[92mINFO [0m:      Sent reply
[92mINFO [0m:      
[92mINFO [0m:      Received: evaluate message e5affb9e-116b-4327-8152-cb01cb8b08c6
[92mINFO [0m:      Sent reply
[92mINFO [0m:      
[92mINFO [0m:      Received: train message 48a9f3c2-8f52-48d7-b1e5-c936da6ea5da
[92mINFO [0m:      Sent reply
[92mINFO [0m:      
[92mINFO [0m:      Received: evaluate message 92247cf1-9c01-4a1b-80b0-fa50909be165
[92mINFO [0m:      Sent reply
[92mINFO [0m:      
[92mINFO [0m:      Received: train message 8e767880-f841-47de-b221-824d9105e64f
[92mINFO [0m:      Sent reply
[92mINFO [0m:      
[92mINFO [0m:      Received: evaluate message 865d5c48-7323-4719-98e8-02d5b87e9598
[92mINFO [0m:      Sent reply
[92mINFO [0m:      
[92mINFO [0m:      Received: train message 39a9a63f-34f6-4248-a6f9-2ca5ca7783be
[92mINFO [0m:      Sent reply
[92mINFO [0m:      
[92mINFO [0m:      Received: evaluate message a5957ef8-3fde-45df-a7ca-026a2f4a79d6
[92mINFO [0m:      Sent reply
[92mINFO [0m:      
[92mINFO [0m:      Received: train message 480a93d7-76f1-4125-8e8d-d09b952ba5d8
[92mINFO [0m:      Sent reply
[92mINFO [0m:      
[92mINFO [0m:      Received: evaluate message b717db56-9fe8-44c4-a201-53840a69e636
[92mINFO [0m:      Sent reply
[92mINFO [0m:      
[92mINFO [0m:      Received: train message 7cd53245-2395-4a53-8431-d57e2a424336
[92mINFO [0m:      Sent reply
[92mINFO [0m:      
[92mINFO [0m:      Received: evaluate message fa97472c-e7b1-4667-9c5e-2b898195c5ec
[92mINFO [0m:      Sent reply
[92mINFO [0m:      
[92mINFO [0m:      Received: train message 47533938-04eb-4f25-81d9-2c97fe20d57e
[92mINFO [0m:      Sent reply
[92mINFO [0m:      
[92mINFO [0m:      Received: evaluate message 6c976df5-889b-4571-aef1-c2367c352bec
[92mINFO [0m:      Sent reply
[92mINFO [0m:      
[92mINFO [0m:      Received: train message 2673c862-a7c7-402c-91bc-c2e6532d936a
[92mINFO [0m:      Sent reply
[92mINFO [0m:      
[92mINFO [0m:      Received: evaluate message 59be158f-a495-441c-8a9b-4a92fb95e6f4
[92mINFO [0m:      Sent reply
[92mINFO [0m:      
[92mINFO [0m:      Received: train message 25c15207-554e-4289-bd5a-bc6b8a39b934
[92mINFO [0m:      Sent reply
[92mINFO [0m:      
[92mINFO [0m:      Received: evaluate message f7a64ebd-96cc-4485-a71f-fc1d546032ee
[92mINFO [0m:      Sent reply
[92mINFO [0m:      
[92mINFO [0m:      Received: train message e64e51f2-3b5d-4f3f-8f03-4668b78c4cef
[92mINFO [0m:      Sent reply
[92mINFO [0m:      
[92mINFO [0m:      Received: evaluate message 405d6077-6bbc-461f-9863-94e2ab92f357
[92mINFO [0m:      Sent reply
[92mINFO [0m:      
[92mINFO [0m:      Received: train message d045b7c8-6e21-4faf-9e90-994965a31547
[92mINFO [0m:      Sent reply
[92mINFO [0m:      
[92mINFO [0m:      Received: evaluate message 90cac6d5-f9cc-4df0-bd6e-9e446c109eda
[92mINFO [0m:      Sent reply
[92mINFO [0m:      
[92mINFO [0m:      Received: train message e8a00207-9c65-4933-a16a-bef55a796ea1
[92mINFO [0m:      Sent reply
[92mINFO [0m:      
[92mINFO [0m:      Received: evaluate message 19b16919-58ee-459e-8075-eebc04485963
[92mINFO [0m:      Sent reply
[92mINFO [0m:      
[92mINFO [0m:      Received: train message 053207f3-94db-45f3-8603-3ee3062d9db5
[92mINFO [0m:      Sent reply
[92mINFO [0m:      
[92mINFO [0m:      Received: evaluate message 11ebba49-cddb-4348-91a3-d1269e716f58
[92mINFO [0m:      Sent reply
[92mINFO [0m:      
[92mINFO [0m:      Received: train message e07f764c-02f8-49db-90fd-b9daae789931
[92mINFO [0m:      Sent reply
[92mINFO [0m:      
[92mINFO [0m:      Received: evaluate message 62bf22a6-a951-4a47-9b20-84cc837cd43b
[92mINFO [0m:      Sent reply
[92mINFO [0m:      
[92mINFO [0m:      Received: train message 91a03688-1d4d-4e80-a7a1-93019d40d47c
[92mINFO [0m:      Sent reply
[92mINFO [0m:      
[92mINFO [0m:      Received: evaluate message 03d00353-62fc-479e-9e3d-9701659c6121
[92mINFO [0m:      Sent reply
[92mINFO [0m:      
[92mINFO [0m:      Received: train message 01d63f9d-f6db-4f17-8699-fc4ec11e1c97
[92mINFO [0m:      Sent reply
[92mINFO [0m:      
[92mINFO [0m:      Received: evaluate message c7a8e57d-09d3-48b9-995f-2fcb4a7e4828
[92mINFO [0m:      Sent reply
[92mINFO [0m:      
[92mINFO [0m:      Received: train message 3e6582ca-f0e2-452a-bb07-1e6dcfc3f245
[92mINFO [0m:      Sent reply
[92mINFO [0m:      
[92mINFO [0m:      Received: evaluate message 44cda368-af5f-4f5b-9a16-03f145243e49
[92mINFO [0m:      Sent reply
[92mINFO [0m:      
[92mINFO [0m:      Received: train message c543904f-4bf9-44aa-90e6-ebd9d6d0336a
[92mINFO [0m:      Sent reply
[92mINFO [0m:      
[92mINFO [0m:      Received: evaluate message e6b81549-8fd8-4dea-a43f-cd1965302dec
[92mINFO [0m:      Sent reply
[92mINFO [0m:      
[92mINFO [0m:      Received: train message 79ba67ff-d00b-44b0-8ba6-0ebfa2c199e7
[92mINFO [0m:      Sent reply
[92mINFO [0m:      
[92mINFO [0m:      Received: evaluate message 88b7cc2b-a6eb-48eb-94b4-f1f0383f0368
[92mINFO [0m:      Sent reply
[92mINFO [0m:      
[92mINFO [0m:      Received: train message 8de098ab-67fd-415a-8c18-66cf830a5710
[92mINFO [0m:      Sent reply
[92mINFO [0m:      
[92mINFO [0m:      Received: evaluate message 94c09160-8c29-4c61-92bc-d3b439521d27
[92mINFO [0m:      Sent reply
[92mINFO [0m:      
[92mINFO [0m:      Received: train message dc008ce0-fa55-405c-a5a3-bd553dc18763
[92mINFO [0m:      Sent reply
[92mINFO [0m:      
[92mINFO [0m:      Received: evaluate message aa8efdad-4fe3-4498-8053-24ce58f782d3
[92mINFO [0m:      Sent reply
[92mINFO [0m:      
[92mINFO [0m:      Received: train message 045667e6-458c-4416-a96a-6ac7792f8fbe
[92mINFO [0m:      Sent reply
[92mINFO [0m:      
[92mINFO [0m:      Received: evaluate message 91e519e6-6731-41f7-b1de-7ccd00ab445b
[92mINFO [0m:      Sent reply
[92mINFO [0m:      
[92mINFO [0m:      Received: train message ced7bc6b-397f-4204-9941-8add4a9f0e80
[92mINFO [0m:      Sent reply
[92mINFO [0m:      
[92mINFO [0m:      Received: evaluate message 20d2cee8-1a55-45c8-89fb-5a5adf95d6fa
[92mINFO [0m:      Sent reply
[92mINFO [0m:      
[92mINFO [0m:      Received: train message 61ad54cf-e01e-4a9a-bd68-65d7c34f4eea
[92mINFO [0m:      Sent reply
[92mINFO [0m:      
[92mINFO [0m:      Received: evaluate message fd3e7c40-a01a-436c-9a11-6ceda2155ea1
[92mINFO [0m:      Sent reply
[92mINFO [0m:      
[92mINFO [0m:      Received: train message 82907408-f650-4f60-bf55-b282315597bb
[92mINFO [0m:      Sent reply
[92mINFO [0m:      
[92mINFO [0m:      Received: evaluate message ccb1de2c-3613-4462-8522-122c7beb7f40
[92mINFO [0m:      Sent reply
[92mINFO [0m:      
[92mINFO [0m:      Received: train message 2b3128ae-835a-4648-9ab9-d7b2e72c4a95
[92mINFO [0m:      Sent reply
[92mINFO [0m:      
[92mINFO [0m:      Received: evaluate message 4a477975-5a8e-49b6-ad9f-45d769c47537
[92mINFO [0m:      Sent reply
[92mINFO [0m:      
[92mINFO [0m:      Received: train message 67e30c00-71bb-4369-976b-318d8260d7a5
[92mINFO [0m:      Sent reply
[92mINFO [0m:      
[92mINFO [0m:      Received: evaluate message ee277335-9de0-4e82-9e2b-7c83e7379c26
[92mINFO [0m:      Sent reply
[92mINFO [0m:      
[92mINFO [0m:      Received: train message 8509859f-550e-4135-8434-cd81b51d12ff
[92mINFO [0m:      Sent reply
[92mINFO [0m:      
[92mINFO [0m:      Received: evaluate message 4f9d4c1c-2c20-4520-947d-43e3b24493e9
[92mINFO [0m:      Sent reply
[92mINFO [0m:      
[92mINFO [0m:      Received: train message f4842b67-ba98-4f23-8381-93a419c5f784
[92mINFO [0m:      Sent reply
[92mINFO [0m:      
[92mINFO [0m:      Received: evaluate message b3f20021-fbd6-456f-88ee-157714d12228
[92mINFO [0m:      Sent reply
[92mINFO [0m:      
[92mINFO [0m:      Received: train message 6e463a76-b786-4f72-b250-fe99af4e294d
[92mINFO [0m:      Sent reply
[92mINFO [0m:      
[92mINFO [0m:      Received: evaluate message a284b943-0f89-46aa-9a14-3e123ba68d4a
[92mINFO [0m:      Sent reply
[92mINFO [0m:      
[92mINFO [0m:      Received: train message 823da1da-2ce2-48a7-908a-c745d59552b6
[92mINFO [0m:      Sent reply
[92mINFO [0m:      
[92mINFO [0m:      Received: evaluate message 2353a2e1-fae8-4b97-b5f1-92fd2de7f4ca
[92mINFO [0m:      Sent reply
[92mINFO [0m:      
[92mINFO [0m:      Received: train message 50c8d4a5-cfe2-416b-b9b4-901cfb2099dd
[92mINFO [0m:      Sent reply
[92mINFO [0m:      
[92mINFO [0m:      Received: evaluate message 01897ba2-56d8-4fef-8844-2ed941a9afb7
[92mINFO [0m:      Sent reply
[92mINFO [0m:      
[92mINFO [0m:      Received: train message 1f936b1c-fd66-4d08-920d-95b1dcfa51c0
[92mINFO [0m:      Sent reply
[92mINFO [0m:      
[92mINFO [0m:      Received: evaluate message e2c4fa5a-8bae-46b9-8a8a-17c9488e9335
[92mINFO [0m:      Sent reply
[92mINFO [0m:      
[92mINFO [0m:      Received: train message e4e9ba19-46c2-40a6-be3b-94a7822d56b6
[92mINFO [0m:      Sent reply
[92mINFO [0m:      
[92mINFO [0m:      Received: evaluate message dbe35c5b-df24-4d3b-8d40-fcacf752f28b
[92mINFO [0m:      Sent reply
[92mINFO [0m:      
[92mINFO [0m:      Received: train message 74b0254f-780a-4e8e-8589-ae25fb078045
[92mINFO [0m:      Sent reply
[92mINFO [0m:      
[92mINFO [0m:      Received: evaluate message 87876020-b34f-4ec1-ad8e-81a1d021f9f3
[92mINFO [0m:      Sent reply
[92mINFO [0m:      
[92mINFO [0m:      Received: train message b1cb7c68-a287-4ea1-8223-09e8ee70f6cd
[92mINFO [0m:      Sent reply
[92mINFO [0m:      
[92mINFO [0m:      Received: evaluate message 2d06f085-388f-488c-b51f-b93791804c09
[92mINFO [0m:      Sent reply
[92mINFO [0m:      
[92mINFO [0m:      Received: train message 92e067eb-7aa4-4c9c-a3fe-238df6c6fdba
[92mINFO [0m:      Sent reply
[92mINFO [0m:      
[92mINFO [0m:      Received: evaluate message c88468ca-f942-49d6-8568-b527eef58fb6
[92mINFO [0m:      Sent reply
[92mINFO [0m:      
[92mINFO [0m:      Received: train message b1a2382a-26f2-46b8-8a2c-4e948bee0fe4
[92mINFO [0m:      Sent reply
[92mINFO [0m:      
[92mINFO [0m:      Received: evaluate message 13bcec09-eff2-47c5-84af-3bfeecbb790c
[92mINFO [0m:      Sent reply
[92mINFO [0m:      
[92mINFO [0m:      Received: train message bbde0140-409f-4f03-aa83-93a44a88bc36
[92mINFO [0m:      Sent reply
[92mINFO [0m:      
[92mINFO [0m:      Received: evaluate message 5b681e05-2a04-4c38-9f5c-9b3f61c82a70
[92mINFO [0m:      Sent reply
[92mINFO [0m:      
[92mINFO [0m:      Received: reconnect message b4166908-eddc-4062-8145-71b08fbe4d46
[92mINFO [0m:      Disconnect and shut down
