[93mWARNING [0m:   DEPRECATED FEATURE: flwr.client.start_client() is deprecated.
	Instead, use the `flower-supernode` CLI command to start a SuperNode as shown below:

		$ flower-supernode --insecure --superlink='<IP>:<PORT>'

	To view all available options, run:

		$ flower-supernode --help

	Using `start_client()` is deprecated.

            This is a deprecated feature. It will be removed
            entirely in future versions of Flower.
        
[92mINFO [0m:      
[92mINFO [0m:      Received: train message f9b7a26b-c2c2-4ee9-ad49-be974e4a9c2e
[92mINFO [0m:      Sent reply
[92mINFO [0m:      
[92mINFO [0m:      Received: evaluate message 67848d5a-32ca-40de-baa9-3d90a70d0942
[92mINFO [0m:      Sent reply
[92mINFO [0m:      
[92mINFO [0m:      Received: train message cc46f4ca-336d-4dca-bf09-c585d0ff171b
[92mINFO [0m:      Sent reply
[92mINFO [0m:      
[92mINFO [0m:      Received: evaluate message 2a5295a1-55f9-4ab5-8ec6-ba8164759af7
[92mINFO [0m:      Sent reply
[92mINFO [0m:      
[92mINFO [0m:      Received: train message 1bc3bfdd-8be4-497f-a208-b75201759080
[92mINFO [0m:      Sent reply
[92mINFO [0m:      
[92mINFO [0m:      Received: evaluate message 39151c6d-1bf9-4a8a-9f7b-882d90f40634
[92mINFO [0m:      Sent reply
[92mINFO [0m:      
[92mINFO [0m:      Received: train message 24f7cfca-32b0-44f5-8ad7-1605f3aa7ad2
[92mINFO [0m:      Sent reply
[92mINFO [0m:      
[92mINFO [0m:      Received: evaluate message 172a664f-7c74-4823-ac5b-2167fcdd7f6f
[92mINFO [0m:      Sent reply
[92mINFO [0m:      
[92mINFO [0m:      Received: train message 373f4495-a116-4d27-a6f0-ad9d25ad21a2
[92mINFO [0m:      Sent reply
[92mINFO [0m:      
[92mINFO [0m:      Received: evaluate message 57e8fe4e-0fd2-4878-a773-b151c26ec1a5
[92mINFO [0m:      Sent reply
[92mINFO [0m:      
[92mINFO [0m:      Received: train message eeaa0de3-f8f1-477e-af1b-7d035d145d80
[92mINFO [0m:      Sent reply
[92mINFO [0m:      
[92mINFO [0m:      Received: evaluate message 0ea4e1de-8e53-4d35-bbbd-cd6242097e8d
[92mINFO [0m:      Sent reply
[92mINFO [0m:      
[92mINFO [0m:      Received: train message 2211e2c2-13c3-44f8-8068-d6c79fe0be4a
[92mINFO [0m:      Sent reply
[92mINFO [0m:      
[92mINFO [0m:      Received: evaluate message d13e1e36-23c7-4f5f-ad25-c1ebe75c87a8
[92mINFO [0m:      Sent reply
[92mINFO [0m:      
[92mINFO [0m:      Received: train message 472ba2f6-15dd-4982-b3b8-ab41346b6b9d
[92mINFO [0m:      Sent reply
[92mINFO [0m:      
[92mINFO [0m:      Received: evaluate message 607ff0f2-e497-4bea-bb8b-d1bdf8b8f00c
[92mINFO [0m:      Sent reply
[92mINFO [0m:      
[92mINFO [0m:      Received: train message 05c806b3-c638-4e10-898a-5992f5f95da2
[92mINFO [0m:      Sent reply
[92mINFO [0m:      
[92mINFO [0m:      Received: evaluate message 78d032ba-dc95-4bbf-8c9c-318d11a5fc4b
[92mINFO [0m:      Sent reply
[92mINFO [0m:      
[92mINFO [0m:      Received: train message d11443af-c3ba-4a7b-8093-36f3e94be259
[92mINFO [0m:      Sent reply
[92mINFO [0m:      
[92mINFO [0m:      Received: evaluate message 0c381973-3eb6-42bd-87fe-76e2ff4029e6
[92mINFO [0m:      Sent reply
[92mINFO [0m:      
[92mINFO [0m:      Received: train message 6b8cbad1-f53d-4e2c-bb6d-b0471d9e0990
[92mINFO [0m:      Sent reply
[92mINFO [0m:      
[92mINFO [0m:      Received: evaluate message a0ca123d-3edc-4c16-aaa5-af4c8020b326
[92mINFO [0m:      Sent reply
[92mINFO [0m:      
[92mINFO [0m:      Received: train message adf8a367-2e28-49bf-8187-9b4224961daa
[92mINFO [0m:      Sent reply
[92mINFO [0m:      
[92mINFO [0m:      Received: evaluate message 0cf83ed7-7ad3-4ae8-ba79-2fdc788f503b
[92mINFO [0m:      Sent reply
[92mINFO [0m:      
[92mINFO [0m:      Received: train message e74a6fcd-d465-47de-b46d-f7921ebca02f
[92mINFO [0m:      Sent reply
[92mINFO [0m:      
[92mINFO [0m:      Received: evaluate message 7fe7bf27-79f6-4bce-9ce4-874355b4e8e9
[92mINFO [0m:      Sent reply
[92mINFO [0m:      
[92mINFO [0m:      Received: train message 38e3ce1a-2669-48b9-8085-bf5fe858ff64
[92mINFO [0m:      Sent reply
[92mINFO [0m:      
[92mINFO [0m:      Received: evaluate message ba70abb7-dc1e-4266-b42c-44ea0799fdb1
[92mINFO [0m:      Sent reply
[92mINFO [0m:      
[92mINFO [0m:      Received: train message 51e13a0d-08eb-4c4f-8fd8-fa6e777e1c49
[92mINFO [0m:      Sent reply
[92mINFO [0m:      
[92mINFO [0m:      Received: evaluate message 7e7e3cb5-f526-4996-87d8-19838ed44cb7
[92mINFO [0m:      Sent reply
[92mINFO [0m:      
[92mINFO [0m:      Received: train message 315765ab-d24e-4e1e-83d3-65e0157797ca
[92mINFO [0m:      Sent reply
[92mINFO [0m:      
[92mINFO [0m:      Received: evaluate message 434a8cb9-e4a7-4d50-ac86-2ef49bd6d491
[92mINFO [0m:      Sent reply
[92mINFO [0m:      
[92mINFO [0m:      Received: train message 77e61c02-279b-4597-a184-81e06878736a
[92mINFO [0m:      Sent reply
[92mINFO [0m:      
[92mINFO [0m:      Received: evaluate message 569c2712-c712-4a9a-8b49-7a5412ef3835
[92mINFO [0m:      Sent reply
[92mINFO [0m:      
[92mINFO [0m:      Received: train message e2ac2071-a8fa-4d0a-9d64-f30d47fe101f
[92mINFO [0m:      Sent reply
[92mINFO [0m:      
[92mINFO [0m:      Received: evaluate message 109cc9fb-c5c2-4ec3-b5d2-d66c40411e2d
[92mINFO [0m:      Sent reply
[92mINFO [0m:      
[92mINFO [0m:      Received: train message 30ccdb9a-6b2d-4fec-a981-24db8865514d
[92mINFO [0m:      Sent reply
[92mINFO [0m:      
[92mINFO [0m:      Received: evaluate message f92d3f96-9af7-4489-b953-f43e6e75c525
[92mINFO [0m:      Sent reply
[92mINFO [0m:      
[92mINFO [0m:      Received: train message a3f91f7d-c079-41d4-a3cb-b67bc2f39479
[92mINFO [0m:      Sent reply
[92mINFO [0m:      
[92mINFO [0m:      Received: evaluate message b6598073-f93a-4f18-903a-8068c92dbe0c
[92mINFO [0m:      Sent reply
[92mINFO [0m:      
[92mINFO [0m:      Received: train message 60d678d3-aa02-412f-acdb-303e35906bda
[92mINFO [0m:      Sent reply
[92mINFO [0m:      
[92mINFO [0m:      Received: evaluate message 2d3bb400-0a35-47de-94ba-5b41cda986ab
[92mINFO [0m:      Sent reply
[92mINFO [0m:      
[92mINFO [0m:      Received: train message 511c7cd0-c67e-43ed-ad94-22e59f7b52a2
[92mINFO [0m:      Sent reply
[92mINFO [0m:      
[92mINFO [0m:      Received: evaluate message da64ba13-b088-4707-a74b-e26ea03d9a8b
[92mINFO [0m:      Sent reply
[92mINFO [0m:      
[92mINFO [0m:      Received: train message 2193ea6d-cc1e-4f1d-81d9-298de1e966ef
[92mINFO [0m:      Sent reply
[92mINFO [0m:      
[92mINFO [0m:      Received: evaluate message 33f6d902-c561-4b82-89b4-3410e3d1df0c
[92mINFO [0m:      Sent reply
[92mINFO [0m:      
[92mINFO [0m:      Received: train message 83fa2b29-0e8f-4407-8133-0c985da31715
[92mINFO [0m:      Sent reply
[92mINFO [0m:      
[92mINFO [0m:      Received: evaluate message 050f7e08-a3d4-4edd-b55e-524d6d1c607d
[92mINFO [0m:      Sent reply
[92mINFO [0m:      
[92mINFO [0m:      Received: train message 55012c4e-57c8-4e75-a04d-e499268a1eeb
[92mINFO [0m:      Sent reply
[92mINFO [0m:      
[92mINFO [0m:      Received: evaluate message 41e9a934-c810-4072-a5eb-96379bfcf9cd
[92mINFO [0m:      Sent reply
[92mINFO [0m:      
[92mINFO [0m:      Received: train message adcba786-3157-4441-a78e-28ffe5061ec7
[92mINFO [0m:      Sent reply
[92mINFO [0m:      
[92mINFO [0m:      Received: evaluate message 12b24df4-d6bf-471e-895d-772d97d8504b
[92mINFO [0m:      Sent reply
[92mINFO [0m:      
[92mINFO [0m:      Received: train message 645fd259-0e25-4c71-93db-95f5379aae95
[92mINFO [0m:      Sent reply
[92mINFO [0m:      
[92mINFO [0m:      Received: evaluate message 9368116e-81fe-4338-b95d-7b24b95aa8a3
[92mINFO [0m:      Sent reply
[92mINFO [0m:      
[92mINFO [0m:      Received: train message 416fdb59-ab38-4ef1-a24c-7158f8d41289
[92mINFO [0m:      Sent reply
[92mINFO [0m:      
[92mINFO [0m:      Received: evaluate message 7ad62050-5807-4891-b7e2-b67b78708636
[92mINFO [0m:      Sent reply
[92mINFO [0m:      
[92mINFO [0m:      Received: train message 7c8602e2-62f1-4805-af37-e28f171d53a2
[92mINFO [0m:      Sent reply
[92mINFO [0m:      
[92mINFO [0m:      Received: evaluate message b7438b46-f10d-4424-a4d4-f25ff32d28e9
[92mINFO [0m:      Sent reply
[92mINFO [0m:      
[92mINFO [0m:      Received: train message 35863dfd-3751-41ab-a79e-ed03a9cacc33
[92mINFO [0m:      Sent reply
[92mINFO [0m:      
[92mINFO [0m:      Received: evaluate message 32180e80-94ad-4ba3-9d6f-a3532050b70b
[92mINFO [0m:      Sent reply
[92mINFO [0m:      
[92mINFO [0m:      Received: train message 4d8f2fda-eba9-48a9-9663-2fcad603fc3a
[92mINFO [0m:      Sent reply
[92mINFO [0m:      
[92mINFO [0m:      Received: evaluate message 93d4b516-84e2-40a5-96cb-342b9de06ea1
[92mINFO [0m:      Sent reply
[92mINFO [0m:      
[92mINFO [0m:      Received: train message a7c1905b-ba55-4920-bc0f-a453d17aab72
[92mINFO [0m:      Sent reply
[92mINFO [0m:      
[92mINFO [0m:      Received: evaluate message a25876cf-c082-41cf-8ab3-d1fb051df2d4
[92mINFO [0m:      Sent reply
[92mINFO [0m:      
[92mINFO [0m:      Received: train message 56f41f7e-7729-43c4-8b63-379c73adbeda
[92mINFO [0m:      Sent reply
[92mINFO [0m:      
[92mINFO [0m:      Received: evaluate message 3182685a-e85a-4c88-ab8c-a0f4f3f5d5bd
[92mINFO [0m:      Sent reply
[92mINFO [0m:      
[92mINFO [0m:      Received: train message 09e3e56a-60db-4fae-b173-c38f80f6da14
[92mINFO [0m:      Sent reply
[92mINFO [0m:      
[92mINFO [0m:      Received: evaluate message ef5d19e8-d3fe-4f3d-8a61-09cfd2916a21
[92mINFO [0m:      Sent reply
[92mINFO [0m:      
[92mINFO [0m:      Received: train message 1def3292-bb90-4074-9b8d-70f33a0366e2
[92mINFO [0m:      Sent reply
[92mINFO [0m:      
[92mINFO [0m:      Received: evaluate message 93bd23dd-c5a0-4f4a-832f-4d97017deccc
[92mINFO [0m:      Sent reply
[92mINFO [0m:      
[92mINFO [0m:      Received: train message 515851be-1a6b-4daf-bacb-3bd2d17bce76
[92mINFO [0m:      Sent reply
[92mINFO [0m:      
[92mINFO [0m:      Received: evaluate message dfe8d878-e78e-4976-9eb0-6770205f1ae5
[92mINFO [0m:      Sent reply
[92mINFO [0m:      
[92mINFO [0m:      Received: train message 48f6991a-ef9f-4405-8de2-61d9894edcad
[92mINFO [0m:      Sent reply
[92mINFO [0m:      
[92mINFO [0m:      Received: evaluate message d8302fa3-84d8-4859-a57a-15263dbd282e
[92mINFO [0m:      Sent reply
[92mINFO [0m:      
[92mINFO [0m:      Received: train message a8c89115-bf97-4572-b7a2-3a9b48023de8
[92mINFO [0m:      Sent reply
[92mINFO [0m:      
[92mINFO [0m:      Received: evaluate message 0749499f-ca84-409c-98a5-9f051b747aa8
[92mINFO [0m:      Sent reply
[92mINFO [0m:      
[92mINFO [0m:      Received: train message 38b40356-9c95-482b-be62-8dcc0fde6683
[92mINFO [0m:      Sent reply
[92mINFO [0m:      
[92mINFO [0m:      Received: evaluate message 00878d51-4cb6-4812-8916-3c60b70dedc2
[92mINFO [0m:      Sent reply
[92mINFO [0m:      
[92mINFO [0m:      Received: train message 1d71c241-f615-45f9-b656-93bcacc444f5
[92mINFO [0m:      Sent reply
[92mINFO [0m:      
[92mINFO [0m:      Received: evaluate message d707ea89-df4d-4287-a50d-82056b27c458
[92mINFO [0m:      Sent reply
[92mINFO [0m:      
[92mINFO [0m:      Received: train message e1618581-5e7a-42d5-bc9d-6a52df18f823
[92mINFO [0m:      Sent reply
[92mINFO [0m:      
[92mINFO [0m:      Received: evaluate message 49b99800-0dd9-4825-8d40-c2a29dbd7aa1
[92mINFO [0m:      Sent reply
[92mINFO [0m:      
[92mINFO [0m:      Received: train message 77e2ba7e-343a-4f4a-aa17-8f28eb82069f
[92mINFO [0m:      Sent reply
[92mINFO [0m:      
[92mINFO [0m:      Received: evaluate message 7dd1be8d-c7fb-4861-8ecc-b9e5b97e1c04
[92mINFO [0m:      Sent reply
[92mINFO [0m:      
[92mINFO [0m:      Received: train message dec60033-21f2-41c5-9e52-1636402062ce
[92mINFO [0m:      Sent reply
[92mINFO [0m:      
[92mINFO [0m:      Received: evaluate message 8b750187-846e-47e3-b492-2b6c7bc4a5bc
[92mINFO [0m:      Sent reply
[92mINFO [0m:      
[92mINFO [0m:      Received: train message 943bdaa2-90bb-4172-8450-d2e63bde7226
[92mINFO [0m:      Sent reply
[92mINFO [0m:      
[92mINFO [0m:      Received: evaluate message 6d21d4b2-d3aa-46d3-9067-0ed48ccf5c0a
[92mINFO [0m:      Sent reply
[92mINFO [0m:      
[92mINFO [0m:      Received: train message 927f541b-9a03-4863-ae0e-9cc7bf88bbae
[92mINFO [0m:      Sent reply
[92mINFO [0m:      
[92mINFO [0m:      Received: evaluate message 4f3d86e0-a5c8-4f9d-a534-c8388f85685c
[92mINFO [0m:      Sent reply
[92mINFO [0m:      
[92mINFO [0m:      Received: train message d2f43f55-30fb-47c8-8f8f-16ee191b18e3
[92mINFO [0m:      Sent reply
[92mINFO [0m:      
[92mINFO [0m:      Received: evaluate message d96b45d0-ea8b-4f98-8858-08e0d45f3f62
[92mINFO [0m:      Sent reply
[92mINFO [0m:      
[92mINFO [0m:      Received: train message 8052d388-a6eb-42b2-9e27-0facd7d29d03
[92mINFO [0m:      Sent reply
[92mINFO [0m:      
[92mINFO [0m:      Received: evaluate message 2bfe8c5f-57b2-4b5f-9aec-6e51ad51c112
[92mINFO [0m:      Sent reply
[92mINFO [0m:      
[92mINFO [0m:      Received: train message 937a4870-6662-4633-9c47-047c36d88119
[92mINFO [0m:      Sent reply
[92mINFO [0m:      
[92mINFO [0m:      Received: evaluate message f8b960d7-3178-4ea6-84ab-be41fe864fe6
[92mINFO [0m:      Sent reply
[92mINFO [0m:      
[92mINFO [0m:      Received: train message ee4f12a7-1ccc-43c1-879c-81b1b9e50014
[92mINFO [0m:      Sent reply
[92mINFO [0m:      
[92mINFO [0m:      Received: evaluate message eea7d83e-f0fe-4395-b00d-09ac92b0d035
[92mINFO [0m:      Sent reply
[92mINFO [0m:      
[92mINFO [0m:      Received: train message f39e3890-55ec-47c7-9847-0f1d782ef5d1
[92mINFO [0m:      Sent reply
[92mINFO [0m:      
[92mINFO [0m:      Received: evaluate message 79bd2a27-e7d8-4cea-bdb6-565ebece4744
[92mINFO [0m:      Sent reply
[92mINFO [0m:      
[92mINFO [0m:      Received: reconnect message 662bddb7-e485-42fe-9a29-c6b49798db9e
[92mINFO [0m:      Disconnect and shut down
