[93mWARNING [0m:   DEPRECATED FEATURE: flwr.client.start_client() is deprecated.
	Instead, use the `flower-supernode` CLI command to start a SuperNode as shown below:

		$ flower-supernode --insecure --superlink='<IP>:<PORT>'

	To view all available options, run:

		$ flower-supernode --help

	Using `start_client()` is deprecated.

            This is a deprecated feature. It will be removed
            entirely in future versions of Flower.
        
[92mINFO [0m:      
[92mINFO [0m:      Received: train message 25cb25b0-615c-427f-8480-e82d53daea04
[92mINFO [0m:      Sent reply
[92mINFO [0m:      
[92mINFO [0m:      Received: evaluate message 54720b24-8325-4164-b7d3-43aa8401ed1f
[92mINFO [0m:      Sent reply
[92mINFO [0m:      
[92mINFO [0m:      Received: train message d4487618-abf0-43b6-84b5-3b05a06b4bbd
[92mINFO [0m:      Sent reply
[92mINFO [0m:      
[92mINFO [0m:      Received: evaluate message e51ed5af-1cdd-46fa-a3e4-77815f190a05
[92mINFO [0m:      Sent reply
[92mINFO [0m:      
[92mINFO [0m:      Received: train message 277ed016-8579-434c-8bf6-d13dd153a4ec
[92mINFO [0m:      Sent reply
[92mINFO [0m:      
[92mINFO [0m:      Received: evaluate message ccb902ce-a88f-442d-befc-17fc870074be
[92mINFO [0m:      Sent reply
[92mINFO [0m:      
[92mINFO [0m:      Received: train message bfdb697b-0316-4206-ab5b-9f904189bd20
[92mINFO [0m:      Sent reply
[92mINFO [0m:      
[92mINFO [0m:      Received: evaluate message 169417a3-f7f0-4766-9cd9-97866e364081
[92mINFO [0m:      Sent reply
[92mINFO [0m:      
[92mINFO [0m:      Received: train message f229a0b1-df3e-47cf-9b61-7b96d6611c2f
[92mINFO [0m:      Sent reply
[92mINFO [0m:      
[92mINFO [0m:      Received: evaluate message 89d874d9-5287-4e8c-a163-0bed6d1db07a
[92mINFO [0m:      Sent reply
[92mINFO [0m:      
[92mINFO [0m:      Received: train message ae5b2339-1e0e-4295-b22d-6f0b4491e885
[92mINFO [0m:      Sent reply
[92mINFO [0m:      
[92mINFO [0m:      Received: evaluate message 59193c47-d077-40f7-9dc2-a0ea6f4aba59
[92mINFO [0m:      Sent reply
[92mINFO [0m:      
[92mINFO [0m:      Received: train message 8198c20c-8028-412e-a0c2-21852099484e
[92mINFO [0m:      Sent reply
[92mINFO [0m:      
[92mINFO [0m:      Received: evaluate message 876ca0dd-323e-4576-b282-cdfb0760e611
[92mINFO [0m:      Sent reply
[92mINFO [0m:      
[92mINFO [0m:      Received: train message 6a2cf6a9-b3dd-491e-9067-9967c4e2916a
[92mINFO [0m:      Sent reply
[92mINFO [0m:      
[92mINFO [0m:      Received: evaluate message a378808c-da86-4aeb-9672-3360dfa88bc1
[92mINFO [0m:      Sent reply
[92mINFO [0m:      
[92mINFO [0m:      Received: train message 1c36a065-0a49-40fb-b58f-40e324770680
[92mINFO [0m:      Sent reply
[92mINFO [0m:      
[92mINFO [0m:      Received: evaluate message 1e60dfec-d2dd-47e1-8d1b-29c7dc1fe527
[92mINFO [0m:      Sent reply
[92mINFO [0m:      
[92mINFO [0m:      Received: train message 2882066e-ea2d-4836-8de8-4ccef447abc7
[92mINFO [0m:      Sent reply
[92mINFO [0m:      
[92mINFO [0m:      Received: evaluate message 4473dbe6-21c7-4ded-a4a5-7a673b37d797
[92mINFO [0m:      Sent reply
[92mINFO [0m:      
[92mINFO [0m:      Received: train message 4e346959-5776-4832-a39f-13f302a38e87
[92mINFO [0m:      Sent reply
[92mINFO [0m:      
[92mINFO [0m:      Received: evaluate message c0cf0ba1-654c-4b0d-910b-c38c647b61d5
[92mINFO [0m:      Sent reply
[92mINFO [0m:      
[92mINFO [0m:      Received: train message 94a7ebab-3c2d-4452-bb60-e3f47df2d91f
[92mINFO [0m:      Sent reply
[92mINFO [0m:      
[92mINFO [0m:      Received: evaluate message a918ac73-662f-4c6a-99e7-79e6ac285e50
[92mINFO [0m:      Sent reply
[92mINFO [0m:      
[92mINFO [0m:      Received: train message 2f6072be-4f9d-4e4f-8e4e-a12bfaf7d33c
[92mINFO [0m:      Sent reply
[92mINFO [0m:      
[92mINFO [0m:      Received: evaluate message 0f369215-cf95-47a8-9bcf-0900fc766078
[92mINFO [0m:      Sent reply
[92mINFO [0m:      
[92mINFO [0m:      Received: train message 7f9d5057-805b-4059-a18b-b3eec385f178
[92mINFO [0m:      Sent reply
[92mINFO [0m:      
[92mINFO [0m:      Received: evaluate message 22153668-9164-43e9-880d-89346d30ce6d
[92mINFO [0m:      Sent reply
[92mINFO [0m:      
[92mINFO [0m:      Received: train message 72c118b1-926b-4759-a7d9-65ab8a311962
[92mINFO [0m:      Sent reply
[92mINFO [0m:      
[92mINFO [0m:      Received: evaluate message aee610fb-757f-4c69-b5e1-aa3104605775
[92mINFO [0m:      Sent reply
[92mINFO [0m:      
[92mINFO [0m:      Received: train message 6485cd54-d775-45eb-88d6-97f6ed075d3e
[92mINFO [0m:      Sent reply
[92mINFO [0m:      
[92mINFO [0m:      Received: evaluate message 84af7292-2668-4cf0-9e57-0856ca3f0897
[92mINFO [0m:      Sent reply
[92mINFO [0m:      
[92mINFO [0m:      Received: train message c1786587-48ba-4141-9871-281154bd15b5
[92mINFO [0m:      Sent reply
[92mINFO [0m:      
[92mINFO [0m:      Received: evaluate message 532ed687-3fa6-401d-8037-e3fcd5b60630
[92mINFO [0m:      Sent reply
[92mINFO [0m:      
[92mINFO [0m:      Received: train message 4327f039-90e7-479e-b3a0-48882d7d5cf2
[92mINFO [0m:      Sent reply
[92mINFO [0m:      
[92mINFO [0m:      Received: evaluate message 80fd4d90-4074-4d82-b62b-3b0c696293dc
[92mINFO [0m:      Sent reply
[92mINFO [0m:      
[92mINFO [0m:      Received: train message 5222af2c-fdd9-4e9f-b945-2ae6026ab18b
[92mINFO [0m:      Sent reply
[92mINFO [0m:      
[92mINFO [0m:      Received: evaluate message 9e52c16f-abbd-47d2-b1fd-997d05cf940b
[92mINFO [0m:      Sent reply
[92mINFO [0m:      
[92mINFO [0m:      Received: train message 6bc6f334-1846-448c-ab8a-25bc8a410fa5
[92mINFO [0m:      Sent reply
[92mINFO [0m:      
[92mINFO [0m:      Received: evaluate message b8db70e0-30c1-48f1-827c-fddb70393858
[92mINFO [0m:      Sent reply
[92mINFO [0m:      
[92mINFO [0m:      Received: train message 169f127a-15d1-4aee-9511-57d58fea91ea
[92mINFO [0m:      Sent reply
[92mINFO [0m:      
[92mINFO [0m:      Received: evaluate message d09ef3ba-182c-4f6b-85d6-c948d6c85e21
[92mINFO [0m:      Sent reply
[92mINFO [0m:      
[92mINFO [0m:      Received: train message 2bf286d6-1d36-49bf-bcf7-5a717c778ead
[92mINFO [0m:      Sent reply
[92mINFO [0m:      
[92mINFO [0m:      Received: evaluate message 7183b534-1864-468b-a2f5-575f47ade212
[92mINFO [0m:      Sent reply
[92mINFO [0m:      
[92mINFO [0m:      Received: train message dbdeb34a-b8ec-4a41-b015-637ec370832e
[92mINFO [0m:      Sent reply
[92mINFO [0m:      
[92mINFO [0m:      Received: evaluate message 7d15b42e-ac69-4758-9455-1e7a44f9f244
[92mINFO [0m:      Sent reply
[92mINFO [0m:      
[92mINFO [0m:      Received: train message 8abdc306-4393-4e87-8a17-833223b84f76
[92mINFO [0m:      Sent reply
[92mINFO [0m:      
[92mINFO [0m:      Received: evaluate message 22d41eaa-a404-4e9e-b501-7ca1b7608092
[92mINFO [0m:      Sent reply
[92mINFO [0m:      
[92mINFO [0m:      Received: train message 2b36ec87-29fe-4405-a20a-977b01ef7d14
[92mINFO [0m:      Sent reply
[92mINFO [0m:      
[92mINFO [0m:      Received: evaluate message eacfd0fe-74ab-478b-be07-f7273d6d3c06
[92mINFO [0m:      Sent reply
[92mINFO [0m:      
[92mINFO [0m:      Received: train message 8a6f0f24-78d0-4cfd-a956-ecd2f6f41ab3
[92mINFO [0m:      Sent reply
[92mINFO [0m:      
[92mINFO [0m:      Received: evaluate message 4d4daba1-ab5a-45d8-a7e9-4e08b42d7fda
[92mINFO [0m:      Sent reply
[92mINFO [0m:      
[92mINFO [0m:      Received: train message e1d080a0-d7ac-4a35-b027-7e701d8d75a9
[92mINFO [0m:      Sent reply
[92mINFO [0m:      
[92mINFO [0m:      Received: evaluate message 0eb066c3-6249-4a29-9070-488c8770dcb9
[92mINFO [0m:      Sent reply
[92mINFO [0m:      
[92mINFO [0m:      Received: train message 24feacc4-7552-41aa-98a2-c7672fe20d03
[92mINFO [0m:      Sent reply
[92mINFO [0m:      
[92mINFO [0m:      Received: evaluate message e5b6e3f0-7429-43ee-be67-8510d5ca909e
[92mINFO [0m:      Sent reply
[92mINFO [0m:      
[92mINFO [0m:      Received: train message e5bfb40e-b717-47ea-921c-3af4d2b4c830
[92mINFO [0m:      Sent reply
[92mINFO [0m:      
[92mINFO [0m:      Received: evaluate message 73c02bad-7a2c-48be-a514-6f5fa46577f2
[92mINFO [0m:      Sent reply
[92mINFO [0m:      
[92mINFO [0m:      Received: train message 646a4e03-333f-4aff-a8da-8e6f9d9af7b8
[92mINFO [0m:      Sent reply
[92mINFO [0m:      
[92mINFO [0m:      Received: evaluate message 837559b4-b90a-4d5a-8cd5-92d8cdc94d6b
[92mINFO [0m:      Sent reply
[92mINFO [0m:      
[92mINFO [0m:      Received: train message f523ac3b-8aab-4449-ad14-9662fef289cc
[92mINFO [0m:      Sent reply
[92mINFO [0m:      
[92mINFO [0m:      Received: evaluate message f12ebbdd-a464-4065-891e-7779df16ac1b
[92mINFO [0m:      Sent reply
[92mINFO [0m:      
[92mINFO [0m:      Received: train message 7341e25b-b012-4646-8802-604e0bd5c83f
[92mINFO [0m:      Sent reply
[92mINFO [0m:      
[92mINFO [0m:      Received: evaluate message e2f78b45-1110-45c3-a481-8bc5c39c3dec
[92mINFO [0m:      Sent reply
[92mINFO [0m:      
[92mINFO [0m:      Received: train message 946ba972-1f23-4f8f-95f0-ccb4188b7322
[92mINFO [0m:      Sent reply
[92mINFO [0m:      
[92mINFO [0m:      Received: evaluate message 85e87d6b-3a61-4e14-b724-5a456398fc0a
[92mINFO [0m:      Sent reply
[92mINFO [0m:      
[92mINFO [0m:      Received: train message d31a85bd-10b4-407f-a463-b289def68183
[92mINFO [0m:      Sent reply
[92mINFO [0m:      
[92mINFO [0m:      Received: evaluate message 59a4619e-12f7-4897-861e-40381b195757
[92mINFO [0m:      Sent reply
[92mINFO [0m:      
[92mINFO [0m:      Received: train message e70439ec-827f-4e4a-8929-c9c397b4794d
[92mINFO [0m:      Sent reply
[92mINFO [0m:      
[92mINFO [0m:      Received: evaluate message 68c3a870-6c2a-4f92-8a76-66f78ef87d90
[92mINFO [0m:      Sent reply
[92mINFO [0m:      
[92mINFO [0m:      Received: train message 725dd3c1-e6c1-4cdd-810a-0525d7f72625
[92mINFO [0m:      Sent reply
[92mINFO [0m:      
[92mINFO [0m:      Received: evaluate message 92584421-17ae-4cc0-8950-0630b14e8b28
[92mINFO [0m:      Sent reply
[92mINFO [0m:      
[92mINFO [0m:      Received: train message 199c1baa-ed1b-4901-bc75-3fb23384481c
[92mINFO [0m:      Sent reply
[92mINFO [0m:      
[92mINFO [0m:      Received: evaluate message 093e0562-aa5b-4600-b745-673c6ff58e57
[92mINFO [0m:      Sent reply
[92mINFO [0m:      
[92mINFO [0m:      Received: train message 03396102-8035-47c5-a749-c6c575ace8c3
[92mINFO [0m:      Sent reply
[92mINFO [0m:      
[92mINFO [0m:      Received: evaluate message 3b889353-8703-4eae-b93f-7510a68e89ef
[92mINFO [0m:      Sent reply
[92mINFO [0m:      
[92mINFO [0m:      Received: train message 146334c9-5fbe-4dbe-8a0d-c9f4b06cf2ca
[92mINFO [0m:      Sent reply
[92mINFO [0m:      
[92mINFO [0m:      Received: evaluate message c7b7c99c-3d84-4f81-b412-8c6556bb0881
[92mINFO [0m:      Sent reply
[92mINFO [0m:      
[92mINFO [0m:      Received: train message ae66dc81-0f31-43fb-ad90-a84ba5161dba
[92mINFO [0m:      Sent reply
[92mINFO [0m:      
[92mINFO [0m:      Received: evaluate message f70d84bb-c1bf-46d6-964c-7805564da52a
[92mINFO [0m:      Sent reply
[92mINFO [0m:      
[92mINFO [0m:      Received: train message 679b16b4-9a4a-48c6-a45a-6fa87f811563
[92mINFO [0m:      Sent reply
[92mINFO [0m:      
[92mINFO [0m:      Received: evaluate message 63b32f50-1026-417f-ad04-2d17fa61eba6
[92mINFO [0m:      Sent reply
[92mINFO [0m:      
[92mINFO [0m:      Received: train message 3715290b-a7ee-4cab-bee4-2b0b523fe05e
[92mINFO [0m:      Sent reply
[92mINFO [0m:      
[92mINFO [0m:      Received: evaluate message 5453d0ce-1a63-47b2-b1af-177ad2330328
[92mINFO [0m:      Sent reply
[92mINFO [0m:      
[92mINFO [0m:      Received: train message 612694a6-0f11-4c16-94c1-736fe7a9e40b
[92mINFO [0m:      Sent reply
[92mINFO [0m:      
[92mINFO [0m:      Received: evaluate message 9ec56d27-a7eb-4e42-9727-d43315767039
[92mINFO [0m:      Sent reply
[92mINFO [0m:      
[92mINFO [0m:      Received: train message d1c9dd9b-1805-4c9a-8c33-4abb16503916
[92mINFO [0m:      Sent reply
[92mINFO [0m:      
[92mINFO [0m:      Received: evaluate message 24664a94-2933-4855-9304-54b853b90d12
[92mINFO [0m:      Sent reply
[92mINFO [0m:      
[92mINFO [0m:      Received: train message dfabf444-44f2-449b-aa5e-3129dd32e239
[92mINFO [0m:      Sent reply
[92mINFO [0m:      
[92mINFO [0m:      Received: evaluate message 16f5e823-af35-44bf-a1b9-a2a76c265852
[92mINFO [0m:      Sent reply
[92mINFO [0m:      
[92mINFO [0m:      Received: train message 85bd09ac-dbb7-4422-9213-528fdb6063da
[92mINFO [0m:      Sent reply
[92mINFO [0m:      
[92mINFO [0m:      Received: evaluate message 14d8891a-fb73-40a4-9eb7-3eea7ee36341
[92mINFO [0m:      Sent reply
[92mINFO [0m:      
[92mINFO [0m:      Received: train message 7c3f98a0-e4e5-4c0e-acd2-5df135d20979
[92mINFO [0m:      Sent reply
[92mINFO [0m:      
[92mINFO [0m:      Received: evaluate message 0e938bab-1de5-4a17-9495-728571379c7a
[92mINFO [0m:      Sent reply
[92mINFO [0m:      
[92mINFO [0m:      Received: train message 1cef8e66-565f-4d09-8d8b-58d095cf5b1f
[92mINFO [0m:      Sent reply
[92mINFO [0m:      
[92mINFO [0m:      Received: evaluate message a2b91eed-0c8f-412f-a4e4-aa06768836b1
[92mINFO [0m:      Sent reply
[92mINFO [0m:      
[92mINFO [0m:      Received: train message d01811ed-a536-47be-a6b4-f948cf0085d5
[92mINFO [0m:      Sent reply
[92mINFO [0m:      
[92mINFO [0m:      Received: evaluate message 30a84aec-ecc1-49c5-a351-9b6cedded714
[92mINFO [0m:      Sent reply
[92mINFO [0m:      
[92mINFO [0m:      Received: train message 33dcb262-6b3c-4144-a831-7b6c0af2f292
[92mINFO [0m:      Sent reply
[92mINFO [0m:      
[92mINFO [0m:      Received: evaluate message dd03ca9b-a1fd-47b6-aa88-33e8188cfcf4
[92mINFO [0m:      Sent reply
[92mINFO [0m:      
[92mINFO [0m:      Received: reconnect message 1e39cefe-ad81-4977-99ef-dc064a10bbc2
[92mINFO [0m:      Disconnect and shut down
