[93mWARNING [0m:   DEPRECATED FEATURE: flwr.client.start_client() is deprecated.
	Instead, use the `flower-supernode` CLI command to start a SuperNode as shown below:

		$ flower-supernode --insecure --superlink='<IP>:<PORT>'

	To view all available options, run:

		$ flower-supernode --help

	Using `start_client()` is deprecated.

            This is a deprecated feature. It will be removed
            entirely in future versions of Flower.
        
[92mINFO [0m:      
[92mINFO [0m:      Received: train message 7f2c861e-943f-46a2-8fdb-1c55c9270754
[92mINFO [0m:      Sent reply
[92mINFO [0m:      
[92mINFO [0m:      Received: evaluate message e9d0c82c-f2a8-46c2-b430-21095dd522fb
[92mINFO [0m:      Sent reply
[92mINFO [0m:      
[92mINFO [0m:      Received: train message d04fe832-cd39-4e1a-9b8c-fbfa5696ce58
[92mINFO [0m:      Sent reply
[92mINFO [0m:      
[92mINFO [0m:      Received: evaluate message a74dd527-bdc6-47d1-9193-f61286cffeb3
[92mINFO [0m:      Sent reply
[92mINFO [0m:      
[92mINFO [0m:      Received: train message 2694eff4-3122-49b7-b505-60a9de7bd14e
[92mINFO [0m:      Sent reply
[92mINFO [0m:      
[92mINFO [0m:      Received: evaluate message c27e134d-8f1c-4663-b89e-8380d6cd27a3
[92mINFO [0m:      Sent reply
[92mINFO [0m:      
[92mINFO [0m:      Received: train message 70e8040a-cead-418f-be4c-faff1fa47bca
[92mINFO [0m:      Sent reply
[92mINFO [0m:      
[92mINFO [0m:      Received: evaluate message 79f8f5c5-390e-4dcf-89e8-f0137e8451b7
[92mINFO [0m:      Sent reply
[92mINFO [0m:      
[92mINFO [0m:      Received: train message 8146e73f-50cc-4ba9-9cf1-a4679d9085eb
[92mINFO [0m:      Sent reply
[92mINFO [0m:      
[92mINFO [0m:      Received: evaluate message 320df3a9-d8af-4225-ae1e-f20887453707
[92mINFO [0m:      Sent reply
[92mINFO [0m:      
[92mINFO [0m:      Received: train message df7fa8c6-bb84-4cf1-9661-dd1e772935b2
[92mINFO [0m:      Sent reply
[92mINFO [0m:      
[92mINFO [0m:      Received: evaluate message 6474b444-db19-451d-828e-adb80d36ec52
[92mINFO [0m:      Sent reply
[92mINFO [0m:      
[92mINFO [0m:      Received: train message 5fdff294-e15e-4852-88b7-75b85a555045
[92mINFO [0m:      Sent reply
[92mINFO [0m:      
[92mINFO [0m:      Received: evaluate message 37a7ef3c-2803-405c-9180-56a8f221f267
[92mINFO [0m:      Sent reply
[92mINFO [0m:      
[92mINFO [0m:      Received: train message ed67ac05-71e7-4134-8eec-da9c62ad62a0
[92mINFO [0m:      Sent reply
[92mINFO [0m:      
[92mINFO [0m:      Received: evaluate message b3a0222f-0522-4d35-8693-4b4485afef89
[92mINFO [0m:      Sent reply
[92mINFO [0m:      
[92mINFO [0m:      Received: train message 640159fd-335d-4f57-8070-33f76d2da8c4
[92mINFO [0m:      Sent reply
[92mINFO [0m:      
[92mINFO [0m:      Received: evaluate message a44fb492-2e5e-44a0-b28c-2f3d476c7766
[92mINFO [0m:      Sent reply
[92mINFO [0m:      
[92mINFO [0m:      Received: train message 30baea0e-a2df-45f2-b0b4-2b7370558bea
[92mINFO [0m:      Sent reply
[92mINFO [0m:      
[92mINFO [0m:      Received: evaluate message 78b79bfd-a8ae-47a9-8f5d-641a77046d30
[92mINFO [0m:      Sent reply
[92mINFO [0m:      
[92mINFO [0m:      Received: train message 04da2527-557b-4d52-be45-92392ddea8b3
[92mINFO [0m:      Sent reply
[92mINFO [0m:      
[92mINFO [0m:      Received: evaluate message 140a7447-a81f-4227-8b10-55f464f15592
[92mINFO [0m:      Sent reply
[92mINFO [0m:      
[92mINFO [0m:      Received: train message c5f43462-9245-4c76-8230-4317b818cc4d
[92mINFO [0m:      Sent reply
[92mINFO [0m:      
[92mINFO [0m:      Received: evaluate message 11b7d5be-f8cf-45f9-9e81-183df3cd0cff
[92mINFO [0m:      Sent reply
[92mINFO [0m:      
[92mINFO [0m:      Received: train message 5b02b0a8-509f-4242-a119-8a809ad61eb7
[92mINFO [0m:      Sent reply
[92mINFO [0m:      
[92mINFO [0m:      Received: evaluate message 93d4704e-0a56-4ab0-abb9-63f680e51d1c
[92mINFO [0m:      Sent reply
[92mINFO [0m:      
[92mINFO [0m:      Received: train message 1d2730b5-d521-4061-9589-811503201cdc
[92mINFO [0m:      Sent reply
[92mINFO [0m:      
[92mINFO [0m:      Received: evaluate message 873f5afd-0bf8-49f6-87fb-f8cd12d2d61f
[92mINFO [0m:      Sent reply
[92mINFO [0m:      
[92mINFO [0m:      Received: train message c001a0c4-c153-4a03-82e5-b566354a72d2
[92mINFO [0m:      Sent reply
[92mINFO [0m:      
[92mINFO [0m:      Received: evaluate message 66c70f39-c532-4eae-9454-d9940a941db5
[92mINFO [0m:      Sent reply
[92mINFO [0m:      
[92mINFO [0m:      Received: train message 01daf4ee-825e-480d-9613-d56ba5302067
[92mINFO [0m:      Sent reply
[92mINFO [0m:      
[92mINFO [0m:      Received: evaluate message a02eb0e3-4ae0-4830-a68d-e1fd5d43f396
[92mINFO [0m:      Sent reply
[92mINFO [0m:      
[92mINFO [0m:      Received: train message 084831b4-5e51-4b0f-baab-9a4b293b647a
[92mINFO [0m:      Sent reply
[92mINFO [0m:      
[92mINFO [0m:      Received: evaluate message 0d8275c8-3a7f-41cd-8913-b9969919963a
[92mINFO [0m:      Sent reply
[92mINFO [0m:      
[92mINFO [0m:      Received: train message c4605dcf-3b43-4ce1-9a84-36b30a548e6e
[92mINFO [0m:      Sent reply
[92mINFO [0m:      
[92mINFO [0m:      Received: evaluate message f2642d65-2821-45c8-805f-c0afc4d30c0e
[92mINFO [0m:      Sent reply
[92mINFO [0m:      
[92mINFO [0m:      Received: train message e107c2ea-6a3d-4d50-9d2f-aff3291d2c6a
[92mINFO [0m:      Sent reply
[92mINFO [0m:      
[92mINFO [0m:      Received: evaluate message 23986180-c4f4-4fc1-958a-be7ced2b24f9
[92mINFO [0m:      Sent reply
[92mINFO [0m:      
[92mINFO [0m:      Received: train message 81dd99dd-d869-481d-a4fb-6b972d721c2f
[92mINFO [0m:      Sent reply
[92mINFO [0m:      
[92mINFO [0m:      Received: evaluate message 0125aef5-844d-432c-ae44-916516f354eb
[92mINFO [0m:      Sent reply
[92mINFO [0m:      
[92mINFO [0m:      Received: train message c99b7677-38e7-46c6-8525-7aa33f7f4f3f
[92mINFO [0m:      Sent reply
[92mINFO [0m:      
[92mINFO [0m:      Received: evaluate message a36c084e-d39c-4a4a-ad2c-437ac78b1c86
[92mINFO [0m:      Sent reply
[92mINFO [0m:      
[92mINFO [0m:      Received: train message dfbfa91d-1807-4a41-92ec-fd13c99ea506
[92mINFO [0m:      Sent reply
[92mINFO [0m:      
[92mINFO [0m:      Received: evaluate message 66e6670e-f0c5-4a20-8c19-901a1dadbb1d
[92mINFO [0m:      Sent reply
[92mINFO [0m:      
[92mINFO [0m:      Received: train message 27cbafb7-8176-4c14-9914-25b0f5c9d274
[92mINFO [0m:      Sent reply
[92mINFO [0m:      
[92mINFO [0m:      Received: evaluate message 5e9ad58f-3631-4962-8a59-ef933621fca2
[92mINFO [0m:      Sent reply
[92mINFO [0m:      
[92mINFO [0m:      Received: train message fd1499b0-4f2b-47db-a21b-c90edf921076
[92mINFO [0m:      Sent reply
[92mINFO [0m:      
[92mINFO [0m:      Received: evaluate message ad1900ef-4a96-45c2-a83f-54d17a1213e6
[92mINFO [0m:      Sent reply
[92mINFO [0m:      
[92mINFO [0m:      Received: train message 8ea7313a-7fec-4ae6-a6c7-0858e6260f9c
[92mINFO [0m:      Sent reply
[92mINFO [0m:      
[92mINFO [0m:      Received: evaluate message e9de18f4-1c74-4fce-89a4-a10152390ff5
[92mINFO [0m:      Sent reply
[92mINFO [0m:      
[92mINFO [0m:      Received: train message d631e614-ae96-4ac9-9161-4b361404b09a
[92mINFO [0m:      Sent reply
[92mINFO [0m:      
[92mINFO [0m:      Received: evaluate message 696da2e5-39fe-40ca-b04c-9dcf62f155dc
[92mINFO [0m:      Sent reply
[92mINFO [0m:      
[92mINFO [0m:      Received: train message 4c13ffc7-bb10-44ef-9acf-0dc70d89f120
[92mINFO [0m:      Sent reply
[92mINFO [0m:      
[92mINFO [0m:      Received: evaluate message 0397ef23-9da6-432c-9a84-615e5ec4becb
[92mINFO [0m:      Sent reply
[92mINFO [0m:      
[92mINFO [0m:      Received: train message 90418cff-4fad-49b3-af9b-db62946ff075
[92mINFO [0m:      Sent reply
[92mINFO [0m:      
[92mINFO [0m:      Received: evaluate message 5ba30a84-2a05-4ab5-8e92-41c455e36357
[92mINFO [0m:      Sent reply
[92mINFO [0m:      
[92mINFO [0m:      Received: train message cd3a8a62-a388-4b18-aab2-b1c96ff24e91
[92mINFO [0m:      Sent reply
[92mINFO [0m:      
[92mINFO [0m:      Received: evaluate message 0945e91e-541e-44f8-a9f7-a65cc82a3a1c
[92mINFO [0m:      Sent reply
[92mINFO [0m:      
[92mINFO [0m:      Received: train message e922ab0f-655c-4dae-8fff-6cfbc3b2644a
[92mINFO [0m:      Sent reply
[92mINFO [0m:      
[92mINFO [0m:      Received: evaluate message ba0d8116-f184-4ecf-a5eb-5fe7ce364372
[92mINFO [0m:      Sent reply
[92mINFO [0m:      
[92mINFO [0m:      Received: train message 8fc34581-3e42-44a0-a642-b5ff5cb32244
[92mINFO [0m:      Sent reply
[92mINFO [0m:      
[92mINFO [0m:      Received: evaluate message 8b325ebe-9e1d-446f-95bb-9af8c9dfcc54
[92mINFO [0m:      Sent reply
[92mINFO [0m:      
[92mINFO [0m:      Received: train message 2aebe35f-5ebe-4bce-809c-6d71830e5af2
[92mINFO [0m:      Sent reply
[92mINFO [0m:      
[92mINFO [0m:      Received: evaluate message ae02b2ba-f45e-4672-a952-fcdaa32db1b0
[92mINFO [0m:      Sent reply
[92mINFO [0m:      
[92mINFO [0m:      Received: train message b8a5cf25-c5d7-4e39-a91f-300c212f2007
[92mINFO [0m:      Sent reply
[92mINFO [0m:      
[92mINFO [0m:      Received: evaluate message cc8d69a6-91b3-4259-8a4f-415da482a4fb
[92mINFO [0m:      Sent reply
[92mINFO [0m:      
[92mINFO [0m:      Received: train message a7995799-d697-4611-bcfc-260522816f46
[92mINFO [0m:      Sent reply
[92mINFO [0m:      
[92mINFO [0m:      Received: evaluate message bf859fce-35d2-484f-a63e-5c3d5b3574cf
[92mINFO [0m:      Sent reply
[92mINFO [0m:      
[92mINFO [0m:      Received: train message d8dc5b35-5776-423c-a3d9-6ac2da6a4e61
[92mINFO [0m:      Sent reply
[92mINFO [0m:      
[92mINFO [0m:      Received: evaluate message 213f5999-b028-425f-856a-93b534e4eff9
[92mINFO [0m:      Sent reply
[92mINFO [0m:      
[92mINFO [0m:      Received: train message 1a104a64-025f-4985-986b-8362c770d69c
[92mINFO [0m:      Sent reply
[92mINFO [0m:      
[92mINFO [0m:      Received: evaluate message 58e81146-b936-4cea-a145-0be8726db2fd
[92mINFO [0m:      Sent reply
[92mINFO [0m:      
[92mINFO [0m:      Received: train message b2d3e5ca-c4ab-4709-9851-507fd90d822b
[92mINFO [0m:      Sent reply
[92mINFO [0m:      
[92mINFO [0m:      Received: evaluate message 554f9fbc-1d2c-41e6-b42a-21da1a3a5a7f
[92mINFO [0m:      Sent reply
[92mINFO [0m:      
[92mINFO [0m:      Received: train message b9d25624-d75b-42e8-ae00-b7e171cac506
[92mINFO [0m:      Sent reply
[92mINFO [0m:      
[92mINFO [0m:      Received: evaluate message 246358ef-f4af-4e5a-a0cc-9ffb50d16f2a
[92mINFO [0m:      Sent reply
[92mINFO [0m:      
[92mINFO [0m:      Received: train message 76ccf7f5-620a-4d7b-aa5a-2a6c9dddefc8
[92mINFO [0m:      Sent reply
[92mINFO [0m:      
[92mINFO [0m:      Received: evaluate message 7d2a725e-9af6-4733-9115-707c2d606203
[92mINFO [0m:      Sent reply
[92mINFO [0m:      
[92mINFO [0m:      Received: train message e836063a-3a6c-4218-ba45-c8adb6cf790b
[92mINFO [0m:      Sent reply
[92mINFO [0m:      
[92mINFO [0m:      Received: evaluate message 675d1a89-b73e-49a4-a4ad-ddf9cfc1c7b2
[92mINFO [0m:      Sent reply
[92mINFO [0m:      
[92mINFO [0m:      Received: train message 017e2392-898d-4383-9e35-7a72eaad2db4
[92mINFO [0m:      Sent reply
[92mINFO [0m:      
[92mINFO [0m:      Received: evaluate message 6a730360-46d8-4527-809e-8b26e89db5fc
[92mINFO [0m:      Sent reply
[92mINFO [0m:      
[92mINFO [0m:      Received: train message 1a1c5010-6abe-4cde-a771-79a2abb14676
[92mINFO [0m:      Sent reply
[92mINFO [0m:      
[92mINFO [0m:      Received: evaluate message 88516e26-7e1d-45fd-963e-c84524aa1e0c
[92mINFO [0m:      Sent reply
[92mINFO [0m:      
[92mINFO [0m:      Received: train message ee465a52-bf84-4400-8312-25d208807f56
[92mINFO [0m:      Sent reply
[92mINFO [0m:      
[92mINFO [0m:      Received: evaluate message 5e74cba3-370e-4c66-b48d-c20e04d97763
[92mINFO [0m:      Sent reply
[92mINFO [0m:      
[92mINFO [0m:      Received: train message d907ace8-99d8-4ad6-abc9-191e14de63a9
[92mINFO [0m:      Sent reply
[92mINFO [0m:      
[92mINFO [0m:      Received: evaluate message e852c661-ddc3-4b8e-b3c2-a27be6ae3b4b
[92mINFO [0m:      Sent reply
[92mINFO [0m:      
[92mINFO [0m:      Received: train message 6e94bbf2-2fdb-4119-bb6f-9f2448d0d375
[92mINFO [0m:      Sent reply
[92mINFO [0m:      
[92mINFO [0m:      Received: evaluate message a3e4cab6-6e76-4a18-9cd2-e582e1358fed
[92mINFO [0m:      Sent reply
[92mINFO [0m:      
[92mINFO [0m:      Received: train message 25f434a5-d293-4a85-826e-c5c81fb582c0
[92mINFO [0m:      Sent reply
[92mINFO [0m:      
[92mINFO [0m:      Received: evaluate message 5f731416-8714-450b-b88c-df2bffa76772
[92mINFO [0m:      Sent reply
[92mINFO [0m:      
[92mINFO [0m:      Received: train message 43be550e-080c-4668-9844-4241b942de15
[92mINFO [0m:      Sent reply
[92mINFO [0m:      
[92mINFO [0m:      Received: evaluate message 90ac2f0b-f674-4c68-8afa-5883d5216f03
[92mINFO [0m:      Sent reply
[92mINFO [0m:      
[92mINFO [0m:      Received: train message dff49b30-b897-4bbf-8130-c6d0d9fc59e0
[92mINFO [0m:      Sent reply
[92mINFO [0m:      
[92mINFO [0m:      Received: evaluate message 06146c23-9718-416f-9e93-1a6e6418d511
[92mINFO [0m:      Sent reply
[92mINFO [0m:      
[92mINFO [0m:      Received: train message 2ca3e708-8eca-482e-88df-785904702b5a
[92mINFO [0m:      Sent reply
[92mINFO [0m:      
[92mINFO [0m:      Received: evaluate message 51868ecf-4f38-439e-ab3c-e4a99ea84675
[92mINFO [0m:      Sent reply
[92mINFO [0m:      
[92mINFO [0m:      Received: train message 6ccb8c0e-7a98-4eb8-9ae9-7514e49e3dab
[92mINFO [0m:      Sent reply
[92mINFO [0m:      
[92mINFO [0m:      Received: evaluate message 5b921d15-67dd-4d82-b0fe-b4a825387506
[92mINFO [0m:      Sent reply
[92mINFO [0m:      
[92mINFO [0m:      Received: reconnect message aea9a643-07a0-4ab7-b173-1afd711a71f4
[92mINFO [0m:      Disconnect and shut down
