[93mWARNING [0m:   DEPRECATED FEATURE: flwr.client.start_client() is deprecated.
	Instead, use the `flower-supernode` CLI command to start a SuperNode as shown below:

		$ flower-supernode --insecure --superlink='<IP>:<PORT>'

	To view all available options, run:

		$ flower-supernode --help

	Using `start_client()` is deprecated.

            This is a deprecated feature. It will be removed
            entirely in future versions of Flower.
        
[92mINFO [0m:      
[92mINFO [0m:      Received: train message a06d91eb-59e3-46e3-b5c0-6b65dc3bdc6f
[92mINFO [0m:      Sent reply
[92mINFO [0m:      
[92mINFO [0m:      Received: evaluate message bd9635cf-a2d0-4ca3-9e59-9f3566366c34
[92mINFO [0m:      Sent reply
[92mINFO [0m:      
[92mINFO [0m:      Received: train message 0b2ba5f8-dbbf-4a6a-92b2-c2e3f431f324
[92mINFO [0m:      Sent reply
[92mINFO [0m:      
[92mINFO [0m:      Received: evaluate message 9ecddb21-69ea-41e1-a9bf-6f495c0e8aed
[92mINFO [0m:      Sent reply
[92mINFO [0m:      
[92mINFO [0m:      Received: train message 3cfbf94e-2260-411c-bf3f-b4ccc415eb9a
[92mINFO [0m:      Sent reply
[92mINFO [0m:      
[92mINFO [0m:      Received: evaluate message e5fb603b-4091-4f51-8377-0143c181d760
[92mINFO [0m:      Sent reply
[92mINFO [0m:      
[92mINFO [0m:      Received: train message 9bd66eca-e9d3-44fb-b642-b6d65c2853b9
[92mINFO [0m:      Sent reply
[92mINFO [0m:      
[92mINFO [0m:      Received: evaluate message 859079a0-becf-46c2-a86e-db614808d0c0
[92mINFO [0m:      Sent reply
[92mINFO [0m:      
[92mINFO [0m:      Received: train message 3f0639f1-be66-48f8-b887-f6070e46d941
[92mINFO [0m:      Sent reply
[92mINFO [0m:      
[92mINFO [0m:      Received: evaluate message b741c47f-7f77-46ca-85c2-2943912907d0
[92mINFO [0m:      Sent reply
[92mINFO [0m:      
[92mINFO [0m:      Received: train message 2046e190-9236-400d-965b-c12a4175bad1
[92mINFO [0m:      Sent reply
[92mINFO [0m:      
[92mINFO [0m:      Received: evaluate message 72017115-7aa0-4f49-98dd-33f87c1ce955
[92mINFO [0m:      Sent reply
[92mINFO [0m:      
[92mINFO [0m:      Received: train message 55cd2cf5-6467-4b63-8b3e-3c3568a3e382
[92mINFO [0m:      Sent reply
[92mINFO [0m:      
[92mINFO [0m:      Received: evaluate message e8231b59-7aa3-49df-9798-32da4fa98930
[92mINFO [0m:      Sent reply
[92mINFO [0m:      
[92mINFO [0m:      Received: train message 9d8fe929-528f-4039-840a-a9c3d0723b32
[92mINFO [0m:      Sent reply
[92mINFO [0m:      
[92mINFO [0m:      Received: evaluate message ee942f1e-720e-4baa-b9f1-41b9f0f0ce84
[92mINFO [0m:      Sent reply
[92mINFO [0m:      
[92mINFO [0m:      Received: train message 47dfcc1e-4a49-4480-b796-8cfa90829b0f
[92mINFO [0m:      Sent reply
[92mINFO [0m:      
[92mINFO [0m:      Received: evaluate message f1631bbc-a016-4d4d-bf0d-fddfd68ef24e
[92mINFO [0m:      Sent reply
[92mINFO [0m:      
[92mINFO [0m:      Received: train message c076441e-41e3-4eeb-9f12-750b49076864
[92mINFO [0m:      Sent reply
[92mINFO [0m:      
[92mINFO [0m:      Received: evaluate message 69d214e6-b103-4c67-a0fc-6bfce4f5b2eb
[92mINFO [0m:      Sent reply
[92mINFO [0m:      
[92mINFO [0m:      Received: train message 0ec00830-9672-4682-992f-9d2d2e402bd0
[92mINFO [0m:      Sent reply
[92mINFO [0m:      
[92mINFO [0m:      Received: evaluate message f5240bf8-1520-43ef-96fd-03770e89c8f3
[92mINFO [0m:      Sent reply
[92mINFO [0m:      
[92mINFO [0m:      Received: train message 2f745b7c-4fce-4a00-a9a0-128e749fc376
[92mINFO [0m:      Sent reply
[92mINFO [0m:      
[92mINFO [0m:      Received: evaluate message 9fab961b-b93a-4380-b22a-023e5a0208af
[92mINFO [0m:      Sent reply
[92mINFO [0m:      
[92mINFO [0m:      Received: train message a2e65214-0b44-4577-ab96-ec0b54485e7b
[92mINFO [0m:      Sent reply
[92mINFO [0m:      
[92mINFO [0m:      Received: evaluate message d2c7abc3-0950-42cf-aa5e-000526a6d765
[92mINFO [0m:      Sent reply
[92mINFO [0m:      
[92mINFO [0m:      Received: train message dbbc05c2-341d-4801-b967-edaddf634391
[92mINFO [0m:      Sent reply
[92mINFO [0m:      
[92mINFO [0m:      Received: evaluate message a28f3252-2922-4830-a881-b612c328d5d2
[92mINFO [0m:      Sent reply
[92mINFO [0m:      
[92mINFO [0m:      Received: train message 4a5af0e6-39ca-44f1-98f5-402577930fc2
[92mINFO [0m:      Sent reply
[92mINFO [0m:      
[92mINFO [0m:      Received: evaluate message 8ac12748-1afd-4a5c-83eb-852b910dc96e
[92mINFO [0m:      Sent reply
[92mINFO [0m:      
[92mINFO [0m:      Received: train message f7a4c639-f6c5-4b0d-bf3c-08f074ee51a0
[92mINFO [0m:      Sent reply
[92mINFO [0m:      
[92mINFO [0m:      Received: evaluate message e6429915-767c-41bb-8b44-685f33120841
[92mINFO [0m:      Sent reply
[92mINFO [0m:      
[92mINFO [0m:      Received: train message dc00cfdd-6d3e-4b5e-b828-43a24daf52ba
[92mINFO [0m:      Sent reply
[92mINFO [0m:      
[92mINFO [0m:      Received: evaluate message 4cfd53ce-6980-423f-910d-265ecb7cf537
[92mINFO [0m:      Sent reply
[92mINFO [0m:      
[92mINFO [0m:      Received: train message bbd1ec95-330d-4ca6-91d4-3e262caa00a9
[92mINFO [0m:      Sent reply
[92mINFO [0m:      
[92mINFO [0m:      Received: evaluate message 233e6d8a-6065-41b2-951f-46ed5d0113fb
[92mINFO [0m:      Sent reply
[92mINFO [0m:      
[92mINFO [0m:      Received: train message 0313c8df-21ac-4c6f-a195-cd473fc0dd91
[92mINFO [0m:      Sent reply
[92mINFO [0m:      
[92mINFO [0m:      Received: evaluate message b00c9adf-4fcb-4cfe-9cb3-38ae64fb3c20
[92mINFO [0m:      Sent reply
[92mINFO [0m:      
[92mINFO [0m:      Received: train message e5ab4b4e-51e2-4b84-af8c-dc05de92e2d1
[92mINFO [0m:      Sent reply
[92mINFO [0m:      
[92mINFO [0m:      Received: evaluate message 2c4eec0c-96cd-446d-a722-bced6667fa2b
[92mINFO [0m:      Sent reply
[92mINFO [0m:      
[92mINFO [0m:      Received: train message 639c0285-fdea-4861-bb94-5f26f6ec4299
[92mINFO [0m:      Sent reply
[92mINFO [0m:      
[92mINFO [0m:      Received: evaluate message 1a982b6c-58c1-4d96-b754-59fb5eb59c51
[92mINFO [0m:      Sent reply
[92mINFO [0m:      
[92mINFO [0m:      Received: train message d42eb5b8-f620-42c2-bca1-95793f9c1d15
[92mINFO [0m:      Sent reply
[92mINFO [0m:      
[92mINFO [0m:      Received: evaluate message a66ff2f5-c8bc-4e0b-94f9-59a5d3245c21
[92mINFO [0m:      Sent reply
[92mINFO [0m:      
[92mINFO [0m:      Received: train message e0d14246-886d-458e-8751-49a61bd149ff
[92mINFO [0m:      Sent reply
[92mINFO [0m:      
[92mINFO [0m:      Received: evaluate message eaee4769-ee3e-4c5b-a58d-e68ad6db2c88
[92mINFO [0m:      Sent reply
[92mINFO [0m:      
[92mINFO [0m:      Received: train message 49681f70-4e7b-4e6d-96dd-e05156e935f1
[92mINFO [0m:      Sent reply
[92mINFO [0m:      
[92mINFO [0m:      Received: evaluate message ff08cf95-d188-4f9f-b473-62e418cdf485
[92mINFO [0m:      Sent reply
[92mINFO [0m:      
[92mINFO [0m:      Received: train message 9e430fe0-b289-4cd6-8a20-2617810e056b
[92mINFO [0m:      Sent reply
[92mINFO [0m:      
[92mINFO [0m:      Received: evaluate message e33b78d3-4fc5-4c3e-9060-330a352d6163
[92mINFO [0m:      Sent reply
[92mINFO [0m:      
[92mINFO [0m:      Received: train message 570392a4-959b-4d3b-a0ff-50386af568f1
[92mINFO [0m:      Sent reply
[92mINFO [0m:      
[92mINFO [0m:      Received: evaluate message 7ab822e5-fcab-4261-a36e-a07f4a290aa4
[92mINFO [0m:      Sent reply
[92mINFO [0m:      
[92mINFO [0m:      Received: train message 3476fb14-6c90-482b-afba-64320ae6862a
[92mINFO [0m:      Sent reply
[92mINFO [0m:      
[92mINFO [0m:      Received: evaluate message f6a32d8e-c829-4337-b0c0-16b1ede0451e
[92mINFO [0m:      Sent reply
[92mINFO [0m:      
[92mINFO [0m:      Received: train message 4cde0c96-4731-493f-848d-843b19ac7fcb
[92mINFO [0m:      Sent reply
[92mINFO [0m:      
[92mINFO [0m:      Received: evaluate message a091335a-c81d-426a-8f88-8f79fbdcc4e7
[92mINFO [0m:      Sent reply
[92mINFO [0m:      
[92mINFO [0m:      Received: train message 2ba6e1f2-72ee-4446-b1b7-0736348777c0
[92mINFO [0m:      Sent reply
[92mINFO [0m:      
[92mINFO [0m:      Received: evaluate message 036ed9ae-f5e9-4369-86b3-692b8741506b
[92mINFO [0m:      Sent reply
[92mINFO [0m:      
[92mINFO [0m:      Received: train message d0a44a46-94c8-4ac2-ad59-df5c51dbabaa
[92mINFO [0m:      Sent reply
[92mINFO [0m:      
[92mINFO [0m:      Received: evaluate message f16b0478-88fe-4324-bfa0-02d729f9613b
[92mINFO [0m:      Sent reply
[92mINFO [0m:      
[92mINFO [0m:      Received: train message a8920c03-b284-4008-904a-1c8e489f3b20
[92mINFO [0m:      Sent reply
[92mINFO [0m:      
[92mINFO [0m:      Received: evaluate message 7a49ccd2-019a-4c4e-a642-d71a946812bc
[92mINFO [0m:      Sent reply
[92mINFO [0m:      
[92mINFO [0m:      Received: train message ecb6fb42-a9c2-4383-a124-3f2fe022f212
[92mINFO [0m:      Sent reply
[92mINFO [0m:      
[92mINFO [0m:      Received: evaluate message f02fe076-9eeb-43d7-bdfa-d45771512b0b
[92mINFO [0m:      Sent reply
[92mINFO [0m:      
[92mINFO [0m:      Received: train message 215dac63-0f9d-4c13-8fbe-90a099f469ef
[92mINFO [0m:      Sent reply
[92mINFO [0m:      
[92mINFO [0m:      Received: evaluate message 65a31369-d06e-4b92-9dec-5d216023b09e
[92mINFO [0m:      Sent reply
[92mINFO [0m:      
[92mINFO [0m:      Received: train message b305613b-ae0f-4a2f-9c71-08835c380c00
[92mINFO [0m:      Sent reply
[92mINFO [0m:      
[92mINFO [0m:      Received: evaluate message b8cc2eb1-4304-4d77-8941-dda459870ddc
[92mINFO [0m:      Sent reply
[92mINFO [0m:      
[92mINFO [0m:      Received: train message 194afe68-44ff-44fc-9b70-7c97447f5cd5
[92mINFO [0m:      Sent reply
[92mINFO [0m:      
[92mINFO [0m:      Received: evaluate message dbb0c34a-38f2-42de-a1df-c05554a56eb9
[92mINFO [0m:      Sent reply
[92mINFO [0m:      
[92mINFO [0m:      Received: train message b4ede507-568a-4017-95fd-7d114ed8c34a
[92mINFO [0m:      Sent reply
[92mINFO [0m:      
[92mINFO [0m:      Received: evaluate message b0dc2b00-1e0c-44d9-8f13-197cc8e7ce36
[92mINFO [0m:      Sent reply
[92mINFO [0m:      
[92mINFO [0m:      Received: train message aa9648c3-1a79-460b-ba85-a08dbc19c600
[92mINFO [0m:      Sent reply
[92mINFO [0m:      
[92mINFO [0m:      Received: evaluate message 84f3d00f-c311-4291-bc87-19f4c7d0801b
[92mINFO [0m:      Sent reply
[92mINFO [0m:      
[92mINFO [0m:      Received: train message df254cbe-cd1c-47fa-b690-df2c60db26eb
[92mINFO [0m:      Sent reply
[92mINFO [0m:      
[92mINFO [0m:      Received: evaluate message beb634b6-3737-44a6-887e-420d9adbc4bd
[92mINFO [0m:      Sent reply
[92mINFO [0m:      
[92mINFO [0m:      Received: train message ffb56051-9b2c-47a2-8ad9-7e60e67902f9
[92mINFO [0m:      Sent reply
[92mINFO [0m:      
[92mINFO [0m:      Received: evaluate message 3ac19afc-5c92-4170-aa02-4d8f966ff472
[92mINFO [0m:      Sent reply
[92mINFO [0m:      
[92mINFO [0m:      Received: train message 3694f136-c89c-45dc-a723-d46fc41569bf
[92mINFO [0m:      Sent reply
[92mINFO [0m:      
[92mINFO [0m:      Received: evaluate message c2915683-ace0-4f49-bcf7-3246d0cdb85f
[92mINFO [0m:      Sent reply
[92mINFO [0m:      
[92mINFO [0m:      Received: train message 86e115e7-d993-4f35-9e7e-d5e6b1057e9d
[92mINFO [0m:      Sent reply
[92mINFO [0m:      
[92mINFO [0m:      Received: evaluate message 44b6876e-d399-4c5e-9944-fea005d883f3
[92mINFO [0m:      Sent reply
[92mINFO [0m:      
[92mINFO [0m:      Received: train message e3ca6d09-c49c-4d4c-8a70-d6f653236025
[92mINFO [0m:      Sent reply
[92mINFO [0m:      
[92mINFO [0m:      Received: evaluate message 207717aa-a3a4-4f25-b6e0-042af93e9fad
[92mINFO [0m:      Sent reply
[92mINFO [0m:      
[92mINFO [0m:      Received: train message 24c4f116-f02b-4eb4-925d-bbf40a61d800
[92mINFO [0m:      Sent reply
[92mINFO [0m:      
[92mINFO [0m:      Received: evaluate message adaf37fb-56b8-498b-ab81-2d1667b8e21c
[92mINFO [0m:      Sent reply
[92mINFO [0m:      
[92mINFO [0m:      Received: train message 033456eb-7489-49f2-85ca-49bac8b0f1f8
[92mINFO [0m:      Sent reply
[92mINFO [0m:      
[92mINFO [0m:      Received: evaluate message 5e4e7f09-92b3-4f8e-a535-1ca849f41646
[92mINFO [0m:      Sent reply
[92mINFO [0m:      
[92mINFO [0m:      Received: train message 2d118809-f1ef-46eb-a35f-d8cd65f1078c
[92mINFO [0m:      Sent reply
[92mINFO [0m:      
[92mINFO [0m:      Received: evaluate message 4d937606-844c-4e4b-bc12-074c1d3086db
[92mINFO [0m:      Sent reply
[92mINFO [0m:      
[92mINFO [0m:      Received: train message 522a5316-4c96-462f-923d-9839c4645ac0
[92mINFO [0m:      Sent reply
[92mINFO [0m:      
[92mINFO [0m:      Received: evaluate message cfb5d40b-edc8-4dbe-bd04-3d48d8db2fd2
[92mINFO [0m:      Sent reply
[92mINFO [0m:      
[92mINFO [0m:      Received: train message 7e7a5fc5-7f39-4e25-b377-d51ee73d8462
[92mINFO [0m:      Sent reply
[92mINFO [0m:      
[92mINFO [0m:      Received: evaluate message adce506e-5a4f-41b9-a815-b2d3f7efb98e
[92mINFO [0m:      Sent reply
[92mINFO [0m:      
[92mINFO [0m:      Received: train message b6f7d2bc-ab1c-4c5b-8e41-e81b8455ad12
[92mINFO [0m:      Sent reply
[92mINFO [0m:      
[92mINFO [0m:      Received: evaluate message 5fdb84be-9dfb-4b7c-a64c-3d8098e9b37a
[92mINFO [0m:      Sent reply
[92mINFO [0m:      
[92mINFO [0m:      Received: train message d4e331cb-27b6-4432-8ae1-613f6ee02caf
[92mINFO [0m:      Sent reply
[92mINFO [0m:      
[92mINFO [0m:      Received: evaluate message fd2dcc7f-3baf-4893-8610-71ab08c8fe69
[92mINFO [0m:      Sent reply
[92mINFO [0m:      
[92mINFO [0m:      Received: train message 6eb76b60-f49a-4f9d-9b90-110bf397d1df
[92mINFO [0m:      Sent reply
[92mINFO [0m:      
[92mINFO [0m:      Received: evaluate message 998eaf93-734e-4125-9257-4d7269dd1699
[92mINFO [0m:      Sent reply
[92mINFO [0m:      
[92mINFO [0m:      Received: reconnect message ab277dfa-0134-4aa0-90f2-f0f5e244bd5b
[92mINFO [0m:      Disconnect and shut down
