[93mWARNING [0m:   DEPRECATED FEATURE: flwr.client.start_client() is deprecated.
	Instead, use the `flower-supernode` CLI command to start a SuperNode as shown below:

		$ flower-supernode --insecure --superlink='<IP>:<PORT>'

	To view all available options, run:

		$ flower-supernode --help

	Using `start_client()` is deprecated.

            This is a deprecated feature. It will be removed
            entirely in future versions of Flower.
        
[92mINFO [0m:      
[92mINFO [0m:      Received: train message f2c1f361-06ac-43f1-9f8f-b3432744dcc7
[92mINFO [0m:      Sent reply
[92mINFO [0m:      
[92mINFO [0m:      Received: evaluate message 51e306b1-b618-402b-a42b-9074d2430120
[92mINFO [0m:      Sent reply
[92mINFO [0m:      
[92mINFO [0m:      Received: train message d2afb8b4-eea5-4d00-a72b-7338fc338742
[92mINFO [0m:      Sent reply
[92mINFO [0m:      
[92mINFO [0m:      Received: evaluate message 49664e8a-5520-4e9d-815c-e304265d10f9
[92mINFO [0m:      Sent reply
[92mINFO [0m:      
[92mINFO [0m:      Received: train message e6225908-fd00-4b24-a2d9-43f6de4e07b9
[92mINFO [0m:      Sent reply
[92mINFO [0m:      
[92mINFO [0m:      Received: evaluate message 247ef41a-69e3-40e9-a18c-9be6a2b3a5b0
[92mINFO [0m:      Sent reply
[92mINFO [0m:      
[92mINFO [0m:      Received: train message 23ab9243-d2f8-49c3-bcde-6243dcbeadc2
[92mINFO [0m:      Sent reply
[92mINFO [0m:      
[92mINFO [0m:      Received: evaluate message 5180a481-3dfd-48ce-899f-01de7d0c2bb4
[92mINFO [0m:      Sent reply
[92mINFO [0m:      
[92mINFO [0m:      Received: train message af1187ef-f721-44c3-b159-be4ec0555455
[92mINFO [0m:      Sent reply
[92mINFO [0m:      
[92mINFO [0m:      Received: evaluate message fbd6ae32-7d55-463d-9e9a-75e8c94c4842
[92mINFO [0m:      Sent reply
[92mINFO [0m:      
[92mINFO [0m:      Received: train message 8deaa651-c1e2-4330-ab41-7f983eef9f96
[92mINFO [0m:      Sent reply
[92mINFO [0m:      
[92mINFO [0m:      Received: evaluate message f058c14f-fc12-4480-9176-2eb83af2eb20
[92mINFO [0m:      Sent reply
[92mINFO [0m:      
[92mINFO [0m:      Received: train message 97a5c695-ddc9-491c-b5c7-dcdbb5b2a9cc
[92mINFO [0m:      Sent reply
[92mINFO [0m:      
[92mINFO [0m:      Received: evaluate message 6006c2c5-37ef-45a7-976a-7b3997bc2f17
[92mINFO [0m:      Sent reply
[92mINFO [0m:      
[92mINFO [0m:      Received: train message 449a2571-e3c5-4b77-af58-2ceb82bb9cb7
[92mINFO [0m:      Sent reply
[92mINFO [0m:      
[92mINFO [0m:      Received: evaluate message 9b278c81-5d23-45bb-826c-50585d94ed61
[92mINFO [0m:      Sent reply
[92mINFO [0m:      
[92mINFO [0m:      Received: train message 91885991-f078-4b40-ad6b-f34042bc742a
[92mINFO [0m:      Sent reply
[92mINFO [0m:      
[92mINFO [0m:      Received: evaluate message 71ca3786-30e3-4603-be04-f3a6bd4f4f51
[92mINFO [0m:      Sent reply
[92mINFO [0m:      
[92mINFO [0m:      Received: train message 2871fb48-df4d-4428-a86e-9e29ee6930b8
[92mINFO [0m:      Sent reply
[92mINFO [0m:      
[92mINFO [0m:      Received: evaluate message 9ef82a3c-5c23-41be-87a7-ba0c8614709d
[92mINFO [0m:      Sent reply
[92mINFO [0m:      
[92mINFO [0m:      Received: train message cf2db49e-cac3-49c8-b227-054e7a6c49b5
[92mINFO [0m:      Sent reply
[92mINFO [0m:      
[92mINFO [0m:      Received: evaluate message eed2a590-6ff3-4400-8647-0f0f5362e414
[92mINFO [0m:      Sent reply
[92mINFO [0m:      
[92mINFO [0m:      Received: train message 2d665348-8e86-45f4-914a-3310b8c7a5f3
[92mINFO [0m:      Sent reply
[92mINFO [0m:      
[92mINFO [0m:      Received: evaluate message 26a4e5b1-e53d-4332-a486-4ff883de9438
[92mINFO [0m:      Sent reply
[92mINFO [0m:      
[92mINFO [0m:      Received: train message f7d8acac-5357-4da5-b365-f4a9cd69cc0d
[92mINFO [0m:      Sent reply
[92mINFO [0m:      
[92mINFO [0m:      Received: evaluate message 3821bbd6-2ff1-4a89-a813-e530e7ac5532
[92mINFO [0m:      Sent reply
[92mINFO [0m:      
[92mINFO [0m:      Received: train message b8f7b25f-ceb9-4773-a554-06924c0a9ce4
[92mINFO [0m:      Sent reply
[92mINFO [0m:      
[92mINFO [0m:      Received: evaluate message a3fc63d5-c01e-430b-ae22-444b6512e4e6
[92mINFO [0m:      Sent reply
[92mINFO [0m:      
[92mINFO [0m:      Received: train message af4787fd-fa79-45ef-b6a5-2e17c494d778
[92mINFO [0m:      Sent reply
[92mINFO [0m:      
[92mINFO [0m:      Received: evaluate message 15185a58-1f78-47ed-b91e-c254ce389efe
[92mINFO [0m:      Sent reply
[92mINFO [0m:      
[92mINFO [0m:      Received: train message 4e55344c-2edc-4f5b-996a-8b8fb3618122
[92mINFO [0m:      Sent reply
[92mINFO [0m:      
[92mINFO [0m:      Received: evaluate message 6b402a28-64f7-423a-b831-e760d4e3569c
[92mINFO [0m:      Sent reply
[92mINFO [0m:      
[92mINFO [0m:      Received: train message 92b8aaf9-e50d-4fa2-af57-49a1add9dd94
[92mINFO [0m:      Sent reply
[92mINFO [0m:      
[92mINFO [0m:      Received: evaluate message 087e212c-0e9f-4a12-b74a-fc87c021fc4b
[92mINFO [0m:      Sent reply
[92mINFO [0m:      
[92mINFO [0m:      Received: train message 7cacee28-f643-4f8f-8781-852c752ed4d2
[92mINFO [0m:      Sent reply
[92mINFO [0m:      
[92mINFO [0m:      Received: evaluate message e387881d-0f3f-4301-af78-b96b3b647b1e
[92mINFO [0m:      Sent reply
[92mINFO [0m:      
[92mINFO [0m:      Received: train message 52e4ca93-bc5a-44a5-abfc-20612e033b7a
[92mINFO [0m:      Sent reply
[92mINFO [0m:      
[92mINFO [0m:      Received: evaluate message ec3aa233-3741-48db-b91b-6f9fffdc04d9
[92mINFO [0m:      Sent reply
[92mINFO [0m:      
[92mINFO [0m:      Received: train message 242c60e5-1481-4c0e-8f13-b5b9dfa88c9c
[92mINFO [0m:      Sent reply
[92mINFO [0m:      
[92mINFO [0m:      Received: evaluate message 6b4c8f2e-5358-41f6-bb08-3ee247c13814
[92mINFO [0m:      Sent reply
[92mINFO [0m:      
[92mINFO [0m:      Received: train message 5f2e14ad-9c69-4716-a488-05499b36f5fc
[92mINFO [0m:      Sent reply
[92mINFO [0m:      
[92mINFO [0m:      Received: evaluate message 54a54993-5f10-4597-8ea9-d912f9d1f907
[92mINFO [0m:      Sent reply
[92mINFO [0m:      
[92mINFO [0m:      Received: train message 11cbca37-12c6-49d4-914f-df1e394ff904
[92mINFO [0m:      Sent reply
[92mINFO [0m:      
[92mINFO [0m:      Received: evaluate message 133a5339-2d1c-4c2e-8dce-8da08bfaa8f2
[92mINFO [0m:      Sent reply
[92mINFO [0m:      
[92mINFO [0m:      Received: train message 19911ef9-1bfd-4cff-a596-3462c6cd4091
[92mINFO [0m:      Sent reply
[92mINFO [0m:      
[92mINFO [0m:      Received: evaluate message e7b1aa4d-d01d-473b-82d1-b1e0579e93b3
[92mINFO [0m:      Sent reply
[92mINFO [0m:      
[92mINFO [0m:      Received: train message 0f44f66e-0b0d-46b3-83b2-a52b128d9bb7
[92mINFO [0m:      Sent reply
[92mINFO [0m:      
[92mINFO [0m:      Received: evaluate message a5e861d7-85b5-4c1e-b78c-6e8de5b53b9c
[92mINFO [0m:      Sent reply
[92mINFO [0m:      
[92mINFO [0m:      Received: train message 4479188e-0bd6-41a4-88d5-ac03c4c0be4e
[92mINFO [0m:      Sent reply
[92mINFO [0m:      
[92mINFO [0m:      Received: evaluate message f84d4fa2-e601-4ca9-b538-1a7086600796
[92mINFO [0m:      Sent reply
[92mINFO [0m:      
[92mINFO [0m:      Received: train message 4a5aea82-4e0d-443d-aad1-fcc19368372f
[92mINFO [0m:      Sent reply
[92mINFO [0m:      
[92mINFO [0m:      Received: evaluate message 065ecb6b-15fd-41c6-b427-01d9b2574edf
[92mINFO [0m:      Sent reply
[92mINFO [0m:      
[92mINFO [0m:      Received: train message 8c89f15c-2ddd-4125-a2e5-18fed3a3afb7
[92mINFO [0m:      Sent reply
[92mINFO [0m:      
[92mINFO [0m:      Received: evaluate message a4413dee-bbb4-46db-aee9-c4b51813555b
[92mINFO [0m:      Sent reply
[92mINFO [0m:      
[92mINFO [0m:      Received: train message 598777b0-e643-478c-9a2c-ab3d2bd78d4b
[92mINFO [0m:      Sent reply
[92mINFO [0m:      
[92mINFO [0m:      Received: evaluate message c7f23d66-12d0-46a8-bf74-467dfb50c409
[92mINFO [0m:      Sent reply
[92mINFO [0m:      
[92mINFO [0m:      Received: train message 2335dbf7-20b6-46a2-af32-9330ef006f1b
[92mINFO [0m:      Sent reply
[92mINFO [0m:      
[92mINFO [0m:      Received: evaluate message c807983a-8254-4ec8-a069-f8ed8e69cb1f
[92mINFO [0m:      Sent reply
[92mINFO [0m:      
[92mINFO [0m:      Received: train message 7373a4a4-300c-4004-829c-5981ef19a605
[92mINFO [0m:      Sent reply
[92mINFO [0m:      
[92mINFO [0m:      Received: evaluate message 7144f29e-e667-44c1-a547-9adbe61e07a1
[92mINFO [0m:      Sent reply
[92mINFO [0m:      
[92mINFO [0m:      Received: train message 4c36d23b-f2bc-4e2a-893f-835fafb7551a
[92mINFO [0m:      Sent reply
[92mINFO [0m:      
[92mINFO [0m:      Received: evaluate message 331e8800-d56c-4a98-99ab-4a16a7d1f4b7
[92mINFO [0m:      Sent reply
[92mINFO [0m:      
[92mINFO [0m:      Received: train message 2249233b-1840-4777-bece-515111fcec50
[92mINFO [0m:      Sent reply
[92mINFO [0m:      
[92mINFO [0m:      Received: evaluate message 7cf18828-3fd1-4738-8b65-006da9bca39f
[92mINFO [0m:      Sent reply
[92mINFO [0m:      
[92mINFO [0m:      Received: train message 070adc0e-644e-4256-b923-5f908c3e5258
[92mINFO [0m:      Sent reply
[92mINFO [0m:      
[92mINFO [0m:      Received: evaluate message c0efbb3a-36fb-4492-ba51-a2c2139e805e
[92mINFO [0m:      Sent reply
[92mINFO [0m:      
[92mINFO [0m:      Received: train message e7db10eb-7403-4364-b6a1-f857b3e51455
[92mINFO [0m:      Sent reply
[92mINFO [0m:      
[92mINFO [0m:      Received: evaluate message eaa2495f-e471-4fcf-9df0-16c4dd8d4426
[92mINFO [0m:      Sent reply
[92mINFO [0m:      
[92mINFO [0m:      Received: train message c69e9960-8736-498e-89aa-a27b4ce539fc
[92mINFO [0m:      Sent reply
[92mINFO [0m:      
[92mINFO [0m:      Received: evaluate message b2c6fe7b-b154-453e-9f70-30eedb8e9bf9
[92mINFO [0m:      Sent reply
[92mINFO [0m:      
[92mINFO [0m:      Received: train message a1a866c0-5a79-4cc9-95fa-51d61ea23079
[92mINFO [0m:      Sent reply
[92mINFO [0m:      
[92mINFO [0m:      Received: evaluate message 29403e72-cdaa-43dd-b2bb-647e7f6ac910
[92mINFO [0m:      Sent reply
[92mINFO [0m:      
[92mINFO [0m:      Received: train message 17dcf859-0c5d-41b9-8e5b-87c97a8a20c8
[92mINFO [0m:      Sent reply
[92mINFO [0m:      
[92mINFO [0m:      Received: evaluate message f7809b5e-dafc-4dac-a53f-3d3b07b3538e
[92mINFO [0m:      Sent reply
[92mINFO [0m:      
[92mINFO [0m:      Received: train message b98b3e61-ef19-454b-bec6-e3c481e70723
[92mINFO [0m:      Sent reply
[92mINFO [0m:      
[92mINFO [0m:      Received: evaluate message c02caca2-a9ad-4262-a955-88605a270133
[92mINFO [0m:      Sent reply
[92mINFO [0m:      
[92mINFO [0m:      Received: train message 57a0ec98-a3f3-4c9a-94bf-da1cd75a4eba
[92mINFO [0m:      Sent reply
[92mINFO [0m:      
[92mINFO [0m:      Received: evaluate message f12910b7-f517-4b8b-acc6-a43f22fb4912
[92mINFO [0m:      Sent reply
[92mINFO [0m:      
[92mINFO [0m:      Received: train message 0aaa3596-d0f4-4004-b9a2-a341e5e07aa6
[92mINFO [0m:      Sent reply
[92mINFO [0m:      
[92mINFO [0m:      Received: evaluate message f7776675-72f3-4674-9034-6624c855443b
[92mINFO [0m:      Sent reply
[92mINFO [0m:      
[92mINFO [0m:      Received: train message d0cb956a-1198-487b-80cd-f5d6ca0e5a05
[92mINFO [0m:      Sent reply
[92mINFO [0m:      
[92mINFO [0m:      Received: evaluate message d4ce9d9d-694d-433d-8017-8209ec58a343
[92mINFO [0m:      Sent reply
[92mINFO [0m:      
[92mINFO [0m:      Received: train message 2e140f4a-5cbe-4e76-b132-50a25e5fe3a3
[92mINFO [0m:      Sent reply
[92mINFO [0m:      
[92mINFO [0m:      Received: evaluate message 5df38472-1e53-4aff-a539-f2944e292598
[92mINFO [0m:      Sent reply
[92mINFO [0m:      
[92mINFO [0m:      Received: train message 4b5163b0-e53d-499e-9e6f-b913d187b03b
[92mINFO [0m:      Sent reply
[92mINFO [0m:      
[92mINFO [0m:      Received: evaluate message 1b00b1fe-5ad1-4158-a0fa-0fa8a9b22a2c
[92mINFO [0m:      Sent reply
[92mINFO [0m:      
[92mINFO [0m:      Received: train message c05bd298-efda-4526-b3ae-e6027907055d
[92mINFO [0m:      Sent reply
[92mINFO [0m:      
[92mINFO [0m:      Received: evaluate message 5044663e-a146-424c-ad5a-810457754586
[92mINFO [0m:      Sent reply
[92mINFO [0m:      
[92mINFO [0m:      Received: train message b1a17a95-5134-49f3-9e01-150cd3e5eefc
[92mINFO [0m:      Sent reply
[92mINFO [0m:      
[92mINFO [0m:      Received: evaluate message 095ac543-88b4-4a3a-a739-423c686af97b
[92mINFO [0m:      Sent reply
[92mINFO [0m:      
[92mINFO [0m:      Received: train message b4c0e836-8a0a-46cb-b47a-5c2a393b1d81
[92mINFO [0m:      Sent reply
[92mINFO [0m:      
[92mINFO [0m:      Received: evaluate message b3f1ac18-c3ff-4c66-915f-bd89ea947043
[92mINFO [0m:      Sent reply
[92mINFO [0m:      
[92mINFO [0m:      Received: train message ec615254-2c0f-47b2-8418-207c261b0a79
[92mINFO [0m:      Sent reply
[92mINFO [0m:      
[92mINFO [0m:      Received: evaluate message c51fe11c-1fe5-4ee9-911e-1a0b703e2f34
[92mINFO [0m:      Sent reply
[92mINFO [0m:      
[92mINFO [0m:      Received: train message 9d7faaee-d754-4486-be3a-0dd9957ad624
[92mINFO [0m:      Sent reply
[92mINFO [0m:      
[92mINFO [0m:      Received: evaluate message 4ff5daf7-b113-4e06-8475-dc1e3566527e
[92mINFO [0m:      Sent reply
[92mINFO [0m:      
[92mINFO [0m:      Received: train message a83f51f6-7f8e-49bc-b4ef-e7d1d67ccf2a
[92mINFO [0m:      Sent reply
[92mINFO [0m:      
[92mINFO [0m:      Received: evaluate message 49aae5c5-6213-4835-a7af-c45006b34b25
[92mINFO [0m:      Sent reply
[92mINFO [0m:      
[92mINFO [0m:      Received: train message 0bc6f839-6ac8-4d9b-b1cd-f894cca7847c
[92mINFO [0m:      Sent reply
[92mINFO [0m:      
[92mINFO [0m:      Received: evaluate message 2b3799e2-f3f8-4830-acfd-1c2280702a3c
[92mINFO [0m:      Sent reply
[92mINFO [0m:      
[92mINFO [0m:      Received: reconnect message dc811abe-8154-4cf5-8638-c6dd234a544b
[92mINFO [0m:      Disconnect and shut down
