[93mWARNING [0m:   DEPRECATED FEATURE: flwr.client.start_client() is deprecated.
	Instead, use the `flower-supernode` CLI command to start a SuperNode as shown below:

		$ flower-supernode --insecure --superlink='<IP>:<PORT>'

	To view all available options, run:

		$ flower-supernode --help

	Using `start_client()` is deprecated.

            This is a deprecated feature. It will be removed
            entirely in future versions of Flower.
        
[92mINFO [0m:      
[92mINFO [0m:      Received: train message 11fb7401-17d7-44c1-991b-2821e48d4f74
[92mINFO [0m:      Sent reply
[92mINFO [0m:      
[92mINFO [0m:      Received: evaluate message affa918d-fc8a-4f73-a5b9-69710fd04590
[92mINFO [0m:      Sent reply
[92mINFO [0m:      
[92mINFO [0m:      Received: train message ae3ec857-52e2-4858-a63f-6112a3e983e9
[92mINFO [0m:      Sent reply
[92mINFO [0m:      
[92mINFO [0m:      Received: evaluate message 295597a1-5c07-4641-92cf-1b758c98fe4d
[92mINFO [0m:      Sent reply
[92mINFO [0m:      
[92mINFO [0m:      Received: train message 3ea39c4f-0091-4446-802d-dcebcd721610
[92mINFO [0m:      Sent reply
[92mINFO [0m:      
[92mINFO [0m:      Received: evaluate message 7b43af5a-32c3-404a-abaf-368fdb275ddb
[92mINFO [0m:      Sent reply
[92mINFO [0m:      
[92mINFO [0m:      Received: train message 03d529f0-7333-44ca-8ca0-ab10b4b0d3a0
[92mINFO [0m:      Sent reply
[92mINFO [0m:      
[92mINFO [0m:      Received: evaluate message 3b7e3d9d-7876-4cd9-92df-430a235a1a35
[92mINFO [0m:      Sent reply
[92mINFO [0m:      
[92mINFO [0m:      Received: train message 5f74fcd7-5448-4e53-a3e0-f81ffb7d430f
[92mINFO [0m:      Sent reply
[92mINFO [0m:      
[92mINFO [0m:      Received: evaluate message 0ee725d8-2c41-4780-b3ea-de246022e68b
[92mINFO [0m:      Sent reply
[92mINFO [0m:      
[92mINFO [0m:      Received: train message 31e6c424-6986-4013-b088-32745c09b65e
[92mINFO [0m:      Sent reply
[92mINFO [0m:      
[92mINFO [0m:      Received: evaluate message ca980591-0692-435a-8824-d3d8174a26a8
[92mINFO [0m:      Sent reply
[92mINFO [0m:      
[92mINFO [0m:      Received: train message 399b2137-2bb6-4254-aa2b-0e7ff4d7b23a
[92mINFO [0m:      Sent reply
[92mINFO [0m:      
[92mINFO [0m:      Received: evaluate message 980e6bea-3fac-4425-aa9a-3815850cdbc6
[92mINFO [0m:      Sent reply
[92mINFO [0m:      
[92mINFO [0m:      Received: train message db7cc453-fe9d-4146-9aad-2c35430ef8f3
[92mINFO [0m:      Sent reply
[92mINFO [0m:      
[92mINFO [0m:      Received: evaluate message 9e8acafa-51ef-4935-b069-94ae9a9c1886
[92mINFO [0m:      Sent reply
[92mINFO [0m:      
[92mINFO [0m:      Received: train message 1217cb27-00d9-470a-80d6-2608d6f49ba7
[92mINFO [0m:      Sent reply
[92mINFO [0m:      
[92mINFO [0m:      Received: evaluate message faa3ddaf-2321-4486-a3f7-3cc6260e0d6d
[92mINFO [0m:      Sent reply
[92mINFO [0m:      
[92mINFO [0m:      Received: train message e77a19cb-56f5-4427-9fc5-573edcefe00e
[92mINFO [0m:      Sent reply
[92mINFO [0m:      
[92mINFO [0m:      Received: evaluate message 714e840a-8e6b-47ef-9fff-e549d877b24c
[92mINFO [0m:      Sent reply
[92mINFO [0m:      
[92mINFO [0m:      Received: train message c0561ebc-9107-411c-8a53-a54a6e5eead9
[92mINFO [0m:      Sent reply
[92mINFO [0m:      
[92mINFO [0m:      Received: evaluate message 2e133b9f-300b-482c-b11b-38a5bafa1315
[92mINFO [0m:      Sent reply
[92mINFO [0m:      
[92mINFO [0m:      Received: train message d0d6c199-d48f-4813-a3ea-1cff5e4c0910
[92mINFO [0m:      Sent reply
[92mINFO [0m:      
[92mINFO [0m:      Received: evaluate message b898263a-e85d-449d-80bc-c97733f1a338
[92mINFO [0m:      Sent reply
[92mINFO [0m:      
[92mINFO [0m:      Received: train message 14cc803f-2116-4c4c-81ff-0261654d4bde
[92mINFO [0m:      Sent reply
[92mINFO [0m:      
[92mINFO [0m:      Received: evaluate message ae4cd12b-8801-4ca9-80c7-ba835c62823c
[92mINFO [0m:      Sent reply
[92mINFO [0m:      
[92mINFO [0m:      Received: train message 84e9e98c-99bf-4861-8b4d-73f74446f998
[92mINFO [0m:      Sent reply
[92mINFO [0m:      
[92mINFO [0m:      Received: evaluate message 00b9486e-705c-4f9c-9c66-f75137a7f072
[92mINFO [0m:      Sent reply
[92mINFO [0m:      
[92mINFO [0m:      Received: train message 5a2e59fc-d0ec-49a8-b01c-a509b6793c51
[92mINFO [0m:      Sent reply
[92mINFO [0m:      
[92mINFO [0m:      Received: evaluate message eabfdca3-6fea-44d1-8746-0d8b5eb07f95
[92mINFO [0m:      Sent reply
[92mINFO [0m:      
[92mINFO [0m:      Received: train message dbe86348-f865-4e62-8230-a6079ae0c839
[92mINFO [0m:      Sent reply
[92mINFO [0m:      
[92mINFO [0m:      Received: evaluate message db611c79-1018-40cb-9cc4-66710ab7df30
[92mINFO [0m:      Sent reply
[92mINFO [0m:      
[92mINFO [0m:      Received: train message 68fbab9e-0aca-4e5c-95eb-cc36210ab793
[92mINFO [0m:      Sent reply
[92mINFO [0m:      
[92mINFO [0m:      Received: evaluate message c3ff9891-2102-4ac0-8105-98060c2928c7
[92mINFO [0m:      Sent reply
[92mINFO [0m:      
[92mINFO [0m:      Received: train message 1510604d-637c-44b7-ac95-541b8f2b5d1e
[92mINFO [0m:      Sent reply
[92mINFO [0m:      
[92mINFO [0m:      Received: evaluate message 0e16990a-7031-48f1-a94e-88ee08a72a3f
[92mINFO [0m:      Sent reply
[92mINFO [0m:      
[92mINFO [0m:      Received: train message 0306ae60-4cba-40d4-9ed7-49d2b2e6b26d
[92mINFO [0m:      Sent reply
[92mINFO [0m:      
[92mINFO [0m:      Received: evaluate message 4e03497b-f849-4669-b44a-421320660207
[92mINFO [0m:      Sent reply
[92mINFO [0m:      
[92mINFO [0m:      Received: train message d194bd80-0501-467b-80cd-c0442515d1dc
[92mINFO [0m:      Sent reply
[92mINFO [0m:      
[92mINFO [0m:      Received: evaluate message a53fab88-ffab-46ee-b81b-7513d3d5e2c3
[92mINFO [0m:      Sent reply
[92mINFO [0m:      
[92mINFO [0m:      Received: train message 53de3298-d14b-4094-8a70-fc80e36f2473
[92mINFO [0m:      Sent reply
[92mINFO [0m:      
[92mINFO [0m:      Received: evaluate message e9ea5ff5-b873-4f9d-b2f8-69c29cb9f9dd
[92mINFO [0m:      Sent reply
[92mINFO [0m:      
[92mINFO [0m:      Received: train message 1d0d76a3-9714-42f6-943f-2df566ebbc57
[92mINFO [0m:      Sent reply
[92mINFO [0m:      
[92mINFO [0m:      Received: evaluate message 2c1c6506-d486-4269-9f14-019092d410bd
[92mINFO [0m:      Sent reply
[92mINFO [0m:      
[92mINFO [0m:      Received: train message d96f5751-159e-418d-a59c-5eb065ae96ce
[92mINFO [0m:      Sent reply
[92mINFO [0m:      
[92mINFO [0m:      Received: evaluate message 11bc9508-5173-43aa-89c7-98548e2c449e
[92mINFO [0m:      Sent reply
[92mINFO [0m:      
[92mINFO [0m:      Received: train message c9f038ed-f9d2-4108-9b0d-09ec8fae662d
[92mINFO [0m:      Sent reply
[92mINFO [0m:      
[92mINFO [0m:      Received: evaluate message ed7426b2-5bd3-445e-882b-c5906f411242
[92mINFO [0m:      Sent reply
[92mINFO [0m:      
[92mINFO [0m:      Received: train message ed61d7d5-4a98-48f9-8847-4afa5bf0f152
[92mINFO [0m:      Sent reply
[92mINFO [0m:      
[92mINFO [0m:      Received: evaluate message 6850fc75-28dc-4e21-89a0-538810cbfe88
[92mINFO [0m:      Sent reply
[92mINFO [0m:      
[92mINFO [0m:      Received: train message a828a12d-2f15-4ba5-8dc6-c3fcbd40070a
[92mINFO [0m:      Sent reply
[92mINFO [0m:      
[92mINFO [0m:      Received: evaluate message cea4b70f-b53f-4d97-aae0-6af2c14ddda9
[92mINFO [0m:      Sent reply
[92mINFO [0m:      
[92mINFO [0m:      Received: train message 85c719d8-1d35-4fd4-b1a8-38fe45046f6a
[92mINFO [0m:      Sent reply
[92mINFO [0m:      
[92mINFO [0m:      Received: evaluate message 0e24a027-c7b1-4b4f-a973-379f9a93ba6e
[92mINFO [0m:      Sent reply
[92mINFO [0m:      
[92mINFO [0m:      Received: train message a50ee706-2288-411a-bd3a-2b0f9c8fa13a
[92mINFO [0m:      Sent reply
[92mINFO [0m:      
[92mINFO [0m:      Received: evaluate message 2de8075f-3bc1-4fb4-8c38-8f5ccaba80ab
[92mINFO [0m:      Sent reply
[92mINFO [0m:      
[92mINFO [0m:      Received: train message da1523a7-139c-4ac2-89a3-646040a4e391
[92mINFO [0m:      Sent reply
[92mINFO [0m:      
[92mINFO [0m:      Received: evaluate message 6daaf057-dad0-44ea-a2dd-e0de3c3d8eb9
[92mINFO [0m:      Sent reply
[92mINFO [0m:      
[92mINFO [0m:      Received: train message b3e5ddb9-633d-4d47-a1f0-86d6e50e70a9
[92mINFO [0m:      Sent reply
[92mINFO [0m:      
[92mINFO [0m:      Received: evaluate message 9966103d-e3bc-463e-9443-aa24b866f04e
[92mINFO [0m:      Sent reply
[92mINFO [0m:      
[92mINFO [0m:      Received: train message ad887daf-255a-4e08-b7da-4409ad7385f4
[92mINFO [0m:      Sent reply
[92mINFO [0m:      
[92mINFO [0m:      Received: evaluate message ab7d6fb8-a876-4c12-8fe4-a33812ee56db
[92mINFO [0m:      Sent reply
[92mINFO [0m:      
[92mINFO [0m:      Received: train message c7d8c16d-b1bc-460b-b052-55f53ce97c78
[92mINFO [0m:      Sent reply
[92mINFO [0m:      
[92mINFO [0m:      Received: evaluate message 4a6b59fc-02e1-4bb1-b2f8-7d26a54d4dc1
[92mINFO [0m:      Sent reply
[92mINFO [0m:      
[92mINFO [0m:      Received: train message 2db983bb-1221-4e60-a97b-0edb0bbb4a76
[92mINFO [0m:      Sent reply
[92mINFO [0m:      
[92mINFO [0m:      Received: evaluate message 0cecb307-0cc8-41dc-868c-7eec5df41930
[92mINFO [0m:      Sent reply
[92mINFO [0m:      
[92mINFO [0m:      Received: train message ef29181c-9ff1-4af1-8306-9bc495b8943d
[92mINFO [0m:      Sent reply
[92mINFO [0m:      
[92mINFO [0m:      Received: evaluate message 7d81c022-aa24-4190-a8f5-b46e4cb8a498
[92mINFO [0m:      Sent reply
[92mINFO [0m:      
[92mINFO [0m:      Received: train message 6216fe30-525b-45b8-a1f4-7805fae9ca21
[92mINFO [0m:      Sent reply
[92mINFO [0m:      
[92mINFO [0m:      Received: evaluate message f14ba5ab-161c-43d6-8c0a-cb1ef32d631d
[92mINFO [0m:      Sent reply
[92mINFO [0m:      
[92mINFO [0m:      Received: train message 728f5129-d06f-448b-ac27-b636c70892ab
[92mINFO [0m:      Sent reply
[92mINFO [0m:      
[92mINFO [0m:      Received: evaluate message 36d147aa-1855-4813-8a84-4d6349d38fc5
[92mINFO [0m:      Sent reply
[92mINFO [0m:      
[92mINFO [0m:      Received: train message b1de5320-271a-4235-b341-11496b42e502
[92mINFO [0m:      Sent reply
[92mINFO [0m:      
[92mINFO [0m:      Received: evaluate message fd864989-62d3-4c27-9a2e-620301f182cc
[92mINFO [0m:      Sent reply
[92mINFO [0m:      
[92mINFO [0m:      Received: train message 48790682-c7ce-4c4b-a11e-6a3caaeaff29
[92mINFO [0m:      Sent reply
[92mINFO [0m:      
[92mINFO [0m:      Received: evaluate message ebea21fa-d6c1-4885-83a0-1fdb7ad1b1d0
[92mINFO [0m:      Sent reply
[92mINFO [0m:      
[92mINFO [0m:      Received: train message 44273923-27a6-4895-8ba6-3fa3805ff124
[92mINFO [0m:      Sent reply
[92mINFO [0m:      
[92mINFO [0m:      Received: evaluate message aad7cddd-92d9-42b6-b87a-10526e422401
[92mINFO [0m:      Sent reply
[92mINFO [0m:      
[92mINFO [0m:      Received: train message be132451-2887-4a9c-9350-c7f422ae12c2
[92mINFO [0m:      Sent reply
[92mINFO [0m:      
[92mINFO [0m:      Received: evaluate message e3983340-3306-4bc9-9758-6a3ec4bcf9e2
[92mINFO [0m:      Sent reply
[92mINFO [0m:      
[92mINFO [0m:      Received: train message 84bfe1b7-e249-42a6-8f00-5b253fe4875a
[92mINFO [0m:      Sent reply
[92mINFO [0m:      
[92mINFO [0m:      Received: evaluate message 21faca4e-d8f1-44c8-85b5-67d47fa14286
[92mINFO [0m:      Sent reply
[92mINFO [0m:      
[92mINFO [0m:      Received: train message ad701ada-8cbc-4f02-82ed-b1e55861c763
[92mINFO [0m:      Sent reply
[92mINFO [0m:      
[92mINFO [0m:      Received: evaluate message cc820980-fc4d-4007-98ad-b9122e9fa427
[92mINFO [0m:      Sent reply
[92mINFO [0m:      
[92mINFO [0m:      Received: train message f28e79ca-8750-457e-9dd8-c7dde4eb396d
[92mINFO [0m:      Sent reply
[92mINFO [0m:      
[92mINFO [0m:      Received: evaluate message d8eccd96-8962-4d43-9876-a6b34318f29b
[92mINFO [0m:      Sent reply
[92mINFO [0m:      
[92mINFO [0m:      Received: train message 90ba562d-f5b1-4f7a-96fc-f610e4b94672
[92mINFO [0m:      Sent reply
[92mINFO [0m:      
[92mINFO [0m:      Received: evaluate message 766a6630-c58f-4a35-81ca-98b388650832
[92mINFO [0m:      Sent reply
[92mINFO [0m:      
[92mINFO [0m:      Received: train message 4f0636fc-3f68-4ddd-9460-286185609f1a
[92mINFO [0m:      Sent reply
[92mINFO [0m:      
[92mINFO [0m:      Received: evaluate message 0cc727f9-b801-442e-8292-26c871c8a807
[92mINFO [0m:      Sent reply
[92mINFO [0m:      
[92mINFO [0m:      Received: train message 223e8332-053c-4f85-be91-5ff2410043dd
[92mINFO [0m:      Sent reply
[92mINFO [0m:      
[92mINFO [0m:      Received: evaluate message 30169723-03f4-463e-ad4c-e01aaa9e4805
[92mINFO [0m:      Sent reply
[92mINFO [0m:      
[92mINFO [0m:      Received: train message a97202ba-1da2-405a-adb5-ee12329181ae
[92mINFO [0m:      Sent reply
[92mINFO [0m:      
[92mINFO [0m:      Received: evaluate message 31a6ff83-851d-4d1e-95c2-56dac0a284e2
[92mINFO [0m:      Sent reply
[92mINFO [0m:      
[92mINFO [0m:      Received: train message a23c6642-22e2-42e9-9ec0-bf4c91d07f09
[92mINFO [0m:      Sent reply
[92mINFO [0m:      
[92mINFO [0m:      Received: evaluate message c75fcfd4-c7db-4a65-9b90-c78288832800
[92mINFO [0m:      Sent reply
[92mINFO [0m:      
[92mINFO [0m:      Received: train message 8c9e0f9a-d7c5-4d2a-8c68-70787046afb3
[92mINFO [0m:      Sent reply
[92mINFO [0m:      
[92mINFO [0m:      Received: evaluate message 7398fc4f-3ba6-428c-8502-ae96af18b701
[92mINFO [0m:      Sent reply
[92mINFO [0m:      
[92mINFO [0m:      Received: train message 0b20e0a1-36e4-4bee-9f95-28bee235cd5d
[92mINFO [0m:      Sent reply
[92mINFO [0m:      
[92mINFO [0m:      Received: evaluate message e6be4c48-1f11-43a7-9144-b3c276b3654b
[92mINFO [0m:      Sent reply
[92mINFO [0m:      
[92mINFO [0m:      Received: reconnect message 9df26cda-1cd0-47b0-9175-174f98b8924f
[92mINFO [0m:      Disconnect and shut down
