[93mWARNING [0m:   DEPRECATED FEATURE: flwr.client.start_client() is deprecated.
	Instead, use the `flower-supernode` CLI command to start a SuperNode as shown below:

		$ flower-supernode --insecure --superlink='<IP>:<PORT>'

	To view all available options, run:

		$ flower-supernode --help

	Using `start_client()` is deprecated.

            This is a deprecated feature. It will be removed
            entirely in future versions of Flower.
        
[92mINFO [0m:      
[92mINFO [0m:      Received: train message 7f50c53b-dda1-46c3-afc7-a349abdaf110
[92mINFO [0m:      Sent reply
[92mINFO [0m:      
[92mINFO [0m:      Received: evaluate message 98f16b8c-648d-4ac1-9b3f-1e9f8a5c8f53
[92mINFO [0m:      Sent reply
[92mINFO [0m:      
[92mINFO [0m:      Received: train message 039d3084-650c-4c9e-9b54-9789c2236aba
[92mINFO [0m:      Sent reply
[92mINFO [0m:      
[92mINFO [0m:      Received: evaluate message e13bf20b-5c90-451e-afb7-440dd734993d
[92mINFO [0m:      Sent reply
[92mINFO [0m:      
[92mINFO [0m:      Received: train message 3aae4fb3-bdb5-44e5-a65d-8b45700614a6
[92mINFO [0m:      Sent reply
[92mINFO [0m:      
[92mINFO [0m:      Received: evaluate message 35e7e05b-6a65-408b-a12d-e6dee1b8759f
[92mINFO [0m:      Sent reply
[92mINFO [0m:      
[92mINFO [0m:      Received: train message 8dd8d671-621e-4bc9-9ca2-c8da8621623a
[92mINFO [0m:      Sent reply
[92mINFO [0m:      
[92mINFO [0m:      Received: evaluate message 248286bb-b7d4-45c5-a99c-5dd2600be725
[92mINFO [0m:      Sent reply
[92mINFO [0m:      
[92mINFO [0m:      Received: train message 99a2401d-550d-49e2-a9cd-a63ff2fe40da
[92mINFO [0m:      Sent reply
[92mINFO [0m:      
[92mINFO [0m:      Received: evaluate message eea8616d-ef66-462f-9f56-35bd4d8a1e1c
[92mINFO [0m:      Sent reply
[92mINFO [0m:      
[92mINFO [0m:      Received: train message 2bb3e7d9-fd54-4aaa-90b1-87c1e2b86460
[92mINFO [0m:      Sent reply
[92mINFO [0m:      
[92mINFO [0m:      Received: evaluate message d857a214-2d4c-4d35-a9d9-142a5ab8587c
[92mINFO [0m:      Sent reply
[92mINFO [0m:      
[92mINFO [0m:      Received: train message 3934de19-4f45-4828-a17c-4e5e586654f2
[92mINFO [0m:      Sent reply
[92mINFO [0m:      
[92mINFO [0m:      Received: evaluate message 717436b6-486d-4832-8861-d12a88a1f0de
[92mINFO [0m:      Sent reply
[92mINFO [0m:      
[92mINFO [0m:      Received: train message d8c1d115-063d-4620-a7a4-d1cebe691abd
[92mINFO [0m:      Sent reply
[92mINFO [0m:      
[92mINFO [0m:      Received: evaluate message 0d54f8d2-c203-4ca1-bb65-d3d0285a469d
[92mINFO [0m:      Sent reply
[92mINFO [0m:      
[92mINFO [0m:      Received: train message 82101a7a-3a4f-4892-b022-f7f4e388eaac
[92mINFO [0m:      Sent reply
[92mINFO [0m:      
[92mINFO [0m:      Received: evaluate message e2fe4311-9f46-457d-8af7-64047e36e42e
[92mINFO [0m:      Sent reply
[92mINFO [0m:      
[92mINFO [0m:      Received: train message 433ed1b3-e91e-42e9-b48d-cf4d200cabfd
[92mINFO [0m:      Sent reply
[92mINFO [0m:      
[92mINFO [0m:      Received: evaluate message 78f2a84a-904e-4b39-882f-1fef3e607d04
[92mINFO [0m:      Sent reply
[92mINFO [0m:      
[92mINFO [0m:      Received: train message a128f775-667c-46ee-b89f-73dfddd5b7fd
[92mINFO [0m:      Sent reply
[92mINFO [0m:      
[92mINFO [0m:      Received: evaluate message 63d850d3-031b-4c07-9601-9ba6d680f5c8
[92mINFO [0m:      Sent reply
[92mINFO [0m:      
[92mINFO [0m:      Received: train message 58b210c9-d187-458c-9a1a-4c83a6ad0da2
[92mINFO [0m:      Sent reply
[92mINFO [0m:      
[92mINFO [0m:      Received: evaluate message 0a5ec924-7894-4fc4-9c01-9c6e0e09a8f2
[92mINFO [0m:      Sent reply
[92mINFO [0m:      
[92mINFO [0m:      Received: train message 58c1bdfa-434c-411e-b926-8eb33c2bc94d
[92mINFO [0m:      Sent reply
[92mINFO [0m:      
[92mINFO [0m:      Received: evaluate message 95462f89-5ace-417d-8c5c-a326c4a13029
[92mINFO [0m:      Sent reply
[92mINFO [0m:      
[92mINFO [0m:      Received: train message 522d15a1-40a9-468a-8721-33a4f7109ee9
[92mINFO [0m:      Sent reply
[92mINFO [0m:      
[92mINFO [0m:      Received: evaluate message 4e6edc40-aa16-497f-9fee-691038b6ef3b
[92mINFO [0m:      Sent reply
[92mINFO [0m:      
[92mINFO [0m:      Received: train message ceb8f602-361b-46cd-bea2-98afdcfe81f5
[92mINFO [0m:      Sent reply
[92mINFO [0m:      
[92mINFO [0m:      Received: evaluate message 4f061c8f-c019-4759-a274-932caf037fb2
[92mINFO [0m:      Sent reply
[92mINFO [0m:      
[92mINFO [0m:      Received: train message e32460dc-bac6-4d1c-8f92-2379a15d750d
[92mINFO [0m:      Sent reply
[92mINFO [0m:      
[92mINFO [0m:      Received: evaluate message ad7a18bd-2779-4d03-b5ab-552971ac1a53
[92mINFO [0m:      Sent reply
[92mINFO [0m:      
[92mINFO [0m:      Received: train message 98d8b5a6-8a49-42d6-ab5b-b9b0669a6448
[92mINFO [0m:      Sent reply
[92mINFO [0m:      
[92mINFO [0m:      Received: evaluate message 032f3c51-1587-4b5b-9fc2-5d29cdc69718
[92mINFO [0m:      Sent reply
[92mINFO [0m:      
[92mINFO [0m:      Received: train message 0dc22547-6405-4c0f-9182-5fda5bbdd08a
[92mINFO [0m:      Sent reply
[92mINFO [0m:      
[92mINFO [0m:      Received: evaluate message a40dfe91-6e05-487b-a572-fb0da8d59b07
[92mINFO [0m:      Sent reply
[92mINFO [0m:      
[92mINFO [0m:      Received: train message abc4caea-b619-40c0-9a26-e93f06ebeb68
[92mINFO [0m:      Sent reply
[92mINFO [0m:      
[92mINFO [0m:      Received: evaluate message 79dc6c34-2492-4a4f-a395-a19bfe1c43ac
[92mINFO [0m:      Sent reply
[92mINFO [0m:      
[92mINFO [0m:      Received: train message 01f53451-e332-47b9-8185-fdb76bdf3a35
[92mINFO [0m:      Sent reply
[92mINFO [0m:      
[92mINFO [0m:      Received: evaluate message 2c27634b-5eb3-4bbb-b7aa-838d96106831
[92mINFO [0m:      Sent reply
[92mINFO [0m:      
[92mINFO [0m:      Received: train message 843c988e-6393-4c76-9ee9-481f9311a8f0
[92mINFO [0m:      Sent reply
[92mINFO [0m:      
[92mINFO [0m:      Received: evaluate message a83c4c29-fe2f-481b-ac1a-268db073ca5a
[92mINFO [0m:      Sent reply
[92mINFO [0m:      
[92mINFO [0m:      Received: train message a82bc259-f0e6-425a-a399-7efe320b1b16
[92mINFO [0m:      Sent reply
[92mINFO [0m:      
[92mINFO [0m:      Received: evaluate message df5f0ffe-20c7-4457-a165-f77a472762a9
[92mINFO [0m:      Sent reply
[92mINFO [0m:      
[92mINFO [0m:      Received: train message 4d56993d-8afe-4a35-9678-3d24078c8432
[92mINFO [0m:      Sent reply
[92mINFO [0m:      
[92mINFO [0m:      Received: evaluate message 69f6acf1-cb76-4f96-a370-73442094ebd8
[92mINFO [0m:      Sent reply
[92mINFO [0m:      
[92mINFO [0m:      Received: train message 75602881-edc1-4a64-9dee-586f24035a58
[92mINFO [0m:      Sent reply
[92mINFO [0m:      
[92mINFO [0m:      Received: evaluate message d0afdcd1-7ec3-467e-815d-c68f105b3bb4
[92mINFO [0m:      Sent reply
[92mINFO [0m:      
[92mINFO [0m:      Received: train message 839d16b4-74ba-4850-b405-0f97af627f44
[92mINFO [0m:      Sent reply
[92mINFO [0m:      
[92mINFO [0m:      Received: evaluate message 8755dfc2-bc34-4965-9070-9016dfc9016b
[92mINFO [0m:      Sent reply
[92mINFO [0m:      
[92mINFO [0m:      Received: train message 92f7d1f8-c952-4e8a-b30f-84fa9dde910f
[92mINFO [0m:      Sent reply
[92mINFO [0m:      
[92mINFO [0m:      Received: evaluate message 0b6d6db4-a06f-4ab5-8248-497aab9abcad
[92mINFO [0m:      Sent reply
[92mINFO [0m:      
[92mINFO [0m:      Received: train message d06b2b50-f192-46ff-8998-7e7761be8601
[92mINFO [0m:      Sent reply
[92mINFO [0m:      
[92mINFO [0m:      Received: evaluate message 0bc4bbeb-4b8a-4882-81e8-5498daf17c14
[92mINFO [0m:      Sent reply
[92mINFO [0m:      
[92mINFO [0m:      Received: train message 63ae9c34-2bf9-4baa-ad35-38cbf2b9e70d
[92mINFO [0m:      Sent reply
[92mINFO [0m:      
[92mINFO [0m:      Received: evaluate message d87bbc09-5e01-4676-8b56-a974c8452cd1
[92mINFO [0m:      Sent reply
[92mINFO [0m:      
[92mINFO [0m:      Received: train message 19c00a6a-7492-402e-b262-5bcb9649b4af
[92mINFO [0m:      Sent reply
[92mINFO [0m:      
[92mINFO [0m:      Received: evaluate message 2b779f59-a8fe-4516-9feb-276637621c4a
[92mINFO [0m:      Sent reply
[92mINFO [0m:      
[92mINFO [0m:      Received: train message ccef9dcc-3d91-4293-a82f-554ceab42150
[92mINFO [0m:      Sent reply
[92mINFO [0m:      
[92mINFO [0m:      Received: evaluate message a0992d97-f126-45ed-8d30-1a073ed1f920
[92mINFO [0m:      Sent reply
[92mINFO [0m:      
[92mINFO [0m:      Received: train message 4269b4ae-c0d5-4f0f-8662-e5356c1ae96a
[92mINFO [0m:      Sent reply
[92mINFO [0m:      
[92mINFO [0m:      Received: evaluate message 7ddc621f-4f0a-4e75-bf26-894f252ff2f7
[92mINFO [0m:      Sent reply
[92mINFO [0m:      
[92mINFO [0m:      Received: train message 99768098-3ca0-4d89-9f2f-fb97184c982a
[92mINFO [0m:      Sent reply
[92mINFO [0m:      
[92mINFO [0m:      Received: evaluate message 01e52c20-c977-4b23-a4d1-3515128a09ae
[92mINFO [0m:      Sent reply
[92mINFO [0m:      
[92mINFO [0m:      Received: train message 728364c0-2182-4eb9-a6e0-72756dd2f0d3
[92mINFO [0m:      Sent reply
[92mINFO [0m:      
[92mINFO [0m:      Received: evaluate message f53ecd00-e71b-4fa2-802e-963f795bda11
[92mINFO [0m:      Sent reply
[92mINFO [0m:      
[92mINFO [0m:      Received: train message 0ebb8e28-bbd4-4ef7-b07a-55af475b9a27
[92mINFO [0m:      Sent reply
[92mINFO [0m:      
[92mINFO [0m:      Received: evaluate message cdefb603-b3a2-40f3-9d25-80fa5b495810
[92mINFO [0m:      Sent reply
[92mINFO [0m:      
[92mINFO [0m:      Received: train message 930f71dd-34f1-4f8d-8e04-3997966f7e85
[92mINFO [0m:      Sent reply
[92mINFO [0m:      
[92mINFO [0m:      Received: evaluate message d8f17ed4-1678-4023-a040-7c690424a597
[92mINFO [0m:      Sent reply
[92mINFO [0m:      
[92mINFO [0m:      Received: train message a5ab045b-f7ca-4e18-9c40-3170d1c9fdef
[92mINFO [0m:      Sent reply
[92mINFO [0m:      
[92mINFO [0m:      Received: evaluate message e1b47e7f-a9c1-414d-91b9-f5897b1c24b1
[92mINFO [0m:      Sent reply
[92mINFO [0m:      
[92mINFO [0m:      Received: train message ca75685d-693f-4756-a717-d6a26150a403
[92mINFO [0m:      Sent reply
[92mINFO [0m:      
[92mINFO [0m:      Received: evaluate message 390b4c41-5de9-4939-a409-c26fac5528b8
[92mINFO [0m:      Sent reply
[92mINFO [0m:      
[92mINFO [0m:      Received: train message ee418d48-ee50-4f81-94c1-78e184633d41
[92mINFO [0m:      Sent reply
[92mINFO [0m:      
[92mINFO [0m:      Received: evaluate message e19647fc-d3b7-43ec-8333-852484bf4415
[92mINFO [0m:      Sent reply
[92mINFO [0m:      
[92mINFO [0m:      Received: train message 5753d14f-96b1-4543-9095-b890715285be
[92mINFO [0m:      Sent reply
[92mINFO [0m:      
[92mINFO [0m:      Received: evaluate message 0e9b9a11-004f-4c98-a369-38dc2cc4c2a2
[92mINFO [0m:      Sent reply
[92mINFO [0m:      
[92mINFO [0m:      Received: train message 44e85638-ac73-47ed-ad84-c5b141518cab
[92mINFO [0m:      Sent reply
[92mINFO [0m:      
[92mINFO [0m:      Received: evaluate message 34327c48-6181-43cb-910f-7bb5351a8669
[92mINFO [0m:      Sent reply
[92mINFO [0m:      
[92mINFO [0m:      Received: train message 6da6ba64-5685-4ceb-8a44-022354b06f86
[92mINFO [0m:      Sent reply
[92mINFO [0m:      
[92mINFO [0m:      Received: evaluate message d7951b60-1c14-48f0-8f79-bc6b8b87710a
[92mINFO [0m:      Sent reply
[92mINFO [0m:      
[92mINFO [0m:      Received: train message ccf1f8ba-27cf-47ad-bbaa-f0ebe44066bb
[92mINFO [0m:      Sent reply
[92mINFO [0m:      
[92mINFO [0m:      Received: evaluate message 79dcafc0-fd42-4d29-9ebf-3f407495319e
[92mINFO [0m:      Sent reply
[92mINFO [0m:      
[92mINFO [0m:      Received: train message 7162f987-c790-4111-ac1d-5a92106b9880
[92mINFO [0m:      Sent reply
[92mINFO [0m:      
[92mINFO [0m:      Received: evaluate message 6505754a-d34d-4f26-a438-7f1c519185c5
[92mINFO [0m:      Sent reply
[92mINFO [0m:      
[92mINFO [0m:      Received: train message 25f32f99-d7b1-4714-b8ce-3219a7e4933c
[92mINFO [0m:      Sent reply
[92mINFO [0m:      
[92mINFO [0m:      Received: evaluate message 2b1f5665-c47e-4603-96d8-d72522a9773e
[92mINFO [0m:      Sent reply
[92mINFO [0m:      
[92mINFO [0m:      Received: train message 64665401-c58f-4991-8186-6db0fc54bf95
[92mINFO [0m:      Sent reply
[92mINFO [0m:      
[92mINFO [0m:      Received: evaluate message baad5995-7a6f-4eff-b9f9-4e034869523c
[92mINFO [0m:      Sent reply
[92mINFO [0m:      
[92mINFO [0m:      Received: train message 3607cd60-016e-4cea-ba35-0ce331fa12ca
[92mINFO [0m:      Sent reply
[92mINFO [0m:      
[92mINFO [0m:      Received: evaluate message fe74b6da-8fba-4b95-ab33-e906057d89bc
[92mINFO [0m:      Sent reply
[92mINFO [0m:      
[92mINFO [0m:      Received: train message e36f820f-1e84-4c08-88f5-fa9031db94df
[92mINFO [0m:      Sent reply
[92mINFO [0m:      
[92mINFO [0m:      Received: evaluate message 0ec683a6-d085-4cb8-ac64-98be26364cd0
[92mINFO [0m:      Sent reply
[92mINFO [0m:      
[92mINFO [0m:      Received: train message 30070288-d3f6-4371-bf54-5eda02d0fa37
[92mINFO [0m:      Sent reply
[92mINFO [0m:      
[92mINFO [0m:      Received: evaluate message aca92fe1-1b56-4723-b4f3-1bfbfc819579
[92mINFO [0m:      Sent reply
[92mINFO [0m:      
[92mINFO [0m:      Received: train message b6182e42-0a0a-4065-91a3-be9976c9f09c
[92mINFO [0m:      Sent reply
[92mINFO [0m:      
[92mINFO [0m:      Received: evaluate message fc081b9c-0e49-4305-bedd-4fffaf63ee9b
[92mINFO [0m:      Sent reply
[92mINFO [0m:      
[92mINFO [0m:      Received: train message 951b0da5-315c-497c-9694-83c18a60c892
[92mINFO [0m:      Sent reply
[92mINFO [0m:      
[92mINFO [0m:      Received: evaluate message a82786b6-7bc5-46d8-964b-528961590ebd
[92mINFO [0m:      Sent reply
[92mINFO [0m:      
[92mINFO [0m:      Received: reconnect message 262de67a-ae98-46b0-83fd-4c1785b592f1
[92mINFO [0m:      Disconnect and shut down
