[93mWARNING [0m:   DEPRECATED FEATURE: flwr.client.start_client() is deprecated.
	Instead, use the `flower-supernode` CLI command to start a SuperNode as shown below:

		$ flower-supernode --insecure --superlink='<IP>:<PORT>'

	To view all available options, run:

		$ flower-supernode --help

	Using `start_client()` is deprecated.

            This is a deprecated feature. It will be removed
            entirely in future versions of Flower.
        
[92mINFO [0m:      
[92mINFO [0m:      Received: train message 60a279da-b011-444d-873e-1a4f9c26e197
[92mINFO [0m:      Sent reply
[92mINFO [0m:      
[92mINFO [0m:      Received: evaluate message fc22cf07-ada7-4064-9ba1-106cdcf8a3c0
[92mINFO [0m:      Sent reply
[92mINFO [0m:      
[92mINFO [0m:      Received: train message a9f2b187-2c09-4ccc-9221-026371cfaf0d
[92mINFO [0m:      Sent reply
[92mINFO [0m:      
[92mINFO [0m:      Received: evaluate message b5d2450d-d969-4187-bb8f-d997e6c7f0e9
[92mINFO [0m:      Sent reply
[92mINFO [0m:      
[92mINFO [0m:      Received: train message ce38a944-893c-49fc-85f1-3fe15b651d82
[92mINFO [0m:      Sent reply
[92mINFO [0m:      
[92mINFO [0m:      Received: train message e3e077bd-1b19-4eba-9576-a239aaa67220
[92mINFO [0m:      Sent reply
[92mINFO [0m:      
[92mINFO [0m:      Received: train message c2b38e33-f403-4b98-a531-81bd52b903d9
[92mINFO [0m:      Sent reply
[92mINFO [0m:      
[92mINFO [0m:      Received: train message 544fb098-f9d1-456f-a388-b4381efdc56c
[92mINFO [0m:      Sent reply
[92mINFO [0m:      
[92mINFO [0m:      Received: evaluate message 2af0ba94-5cce-49c2-9a06-6962d30ded62
[92mINFO [0m:      Sent reply
[92mINFO [0m:      
[92mINFO [0m:      Received: evaluate message d7b7cefc-8e34-4c96-aa9c-1d6a66e4942d
[92mINFO [0m:      Sent reply
[92mINFO [0m:      
[92mINFO [0m:      Received: train message 755c1cd3-f671-42c7-a018-d034e7ff8720
[92mINFO [0m:      Sent reply
[92mINFO [0m:      
[92mINFO [0m:      Received: evaluate message 9c0ff6fb-391a-43fc-adb4-6b797a86d8d1
[92mINFO [0m:      Sent reply
[92mINFO [0m:      
[92mINFO [0m:      Received: train message c5818bbe-b252-482f-8f00-cd1a35dc54c7
[92mINFO [0m:      Sent reply
[92mINFO [0m:      
[92mINFO [0m:      Received: evaluate message 3f0bf02a-719b-40e6-9f86-6ee277e9b5b1
[92mINFO [0m:      Sent reply
[92mINFO [0m:      
[92mINFO [0m:      Received: train message 56450735-efeb-4a6a-82de-8250152689d0
[92mINFO [0m:      Sent reply
[92mINFO [0m:      
[92mINFO [0m:      Received: train message 72200766-bf95-4dfe-b400-ba7533e434fb
[92mINFO [0m:      Sent reply
[92mINFO [0m:      
[92mINFO [0m:      Received: train message 2f4bc745-7a3d-4ed3-bec6-2227e24d06be
[92mINFO [0m:      Sent reply
[92mINFO [0m:      
[92mINFO [0m:      Received: train message d2f21c3f-a7b2-4a3f-b7e3-f62e59bd64b9
[92mINFO [0m:      Sent reply
[92mINFO [0m:      
[92mINFO [0m:      Received: evaluate message a0a1b282-b5f9-48a0-aa5a-8b539d406d08
[92mINFO [0m:      Sent reply
[92mINFO [0m:      
[92mINFO [0m:      Received: train message b21003a0-3324-4508-83d8-df82eeb71402
[92mINFO [0m:      Sent reply
[92mINFO [0m:      
[92mINFO [0m:      Received: evaluate message 7a4c3b46-a0e9-426d-a4cb-d83eefdc5c37
[92mINFO [0m:      Sent reply
[92mINFO [0m:      
[92mINFO [0m:      Received: train message 4b7e090f-605c-4657-8778-030213baed82
[92mINFO [0m:      Sent reply
[92mINFO [0m:      
[92mINFO [0m:      Received: evaluate message eab8ec39-4a39-478c-8b39-2dd24d0dd4c0
[92mINFO [0m:      Sent reply
[92mINFO [0m:      
[92mINFO [0m:      Received: train message 94b5a393-d1d9-4d97-b0ba-a46a1b70fc37
[92mINFO [0m:      Sent reply
[92mINFO [0m:      
[92mINFO [0m:      Received: train message c11fb64d-ce1a-409f-b568-52a8a4281a77
[92mINFO [0m:      Sent reply
[92mINFO [0m:      
[92mINFO [0m:      Received: evaluate message e3620f83-03d8-41ac-bd6f-a3e4ad91d42b
[92mINFO [0m:      Sent reply
[92mINFO [0m:      
[92mINFO [0m:      Received: evaluate message e0376eef-7a5d-4246-ac4b-df7a2796bdfd
[92mINFO [0m:      Sent reply
[92mINFO [0m:      
[92mINFO [0m:      Received: evaluate message 5781c84e-7c96-4bca-b2bf-15e5b74477e4
[92mINFO [0m:      Sent reply
[92mINFO [0m:      
[92mINFO [0m:      Received: train message 1cc07535-b4fe-45c7-bd59-9a96fc0d32a1
[92mINFO [0m:      Sent reply
[92mINFO [0m:      
[92mINFO [0m:      Received: evaluate message 92dad954-c544-4609-991c-db9abe4b0c45
[92mINFO [0m:      Sent reply
[92mINFO [0m:      
[92mINFO [0m:      Received: evaluate message 2d8ea72c-8606-4a46-991b-712ba546f9cb
[92mINFO [0m:      Sent reply
[92mINFO [0m:      
[92mINFO [0m:      Received: train message edda4596-e104-41c3-85a7-c8598d4ab29f
[92mINFO [0m:      Sent reply
[92mINFO [0m:      
[92mINFO [0m:      Received: train message 489b9c23-56a6-4083-b1d9-da06160ba2f7
[92mINFO [0m:      Sent reply
[92mINFO [0m:      
[92mINFO [0m:      Received: train message a549967f-4896-4b8f-9ae0-b2c7c42239c5
[92mINFO [0m:      Sent reply
[92mINFO [0m:      
[92mINFO [0m:      Received: train message e8015fac-45dc-48c4-b8f4-63c64e68cfac
[92mINFO [0m:      Sent reply
[92mINFO [0m:      
[92mINFO [0m:      Received: evaluate message ff28d912-92ad-4044-9bae-c2e26e473251
[92mINFO [0m:      Sent reply
[92mINFO [0m:      
[92mINFO [0m:      Received: evaluate message d2a62efe-2cf4-45de-ae25-e66a1fe0e0fb
[92mINFO [0m:      Sent reply
[92mINFO [0m:      
[92mINFO [0m:      Received: train message ced28a32-46cd-4c1b-a2b5-8f12da787e36
[92mINFO [0m:      Sent reply
[92mINFO [0m:      
[92mINFO [0m:      Received: evaluate message c7feb258-5b75-4a24-9ab6-34a417fbb2c5
[92mINFO [0m:      Sent reply
[92mINFO [0m:      
[92mINFO [0m:      Received: train message 0c63dfd4-b00d-45ce-9a62-ed73e56c9f4f
[92mINFO [0m:      Sent reply
[92mINFO [0m:      
[92mINFO [0m:      Received: evaluate message 28c735ed-f2bb-4749-86ab-7d8061507a71
[92mINFO [0m:      Sent reply
[92mINFO [0m:      
[92mINFO [0m:      Received: train message e7685516-f116-4db7-a19e-f4b8019b48fe
[92mINFO [0m:      Sent reply
[92mINFO [0m:      
[92mINFO [0m:      Received: evaluate message a9a7ae84-eecf-4227-b0cb-ccc02738f25b
[92mINFO [0m:      Sent reply
[92mINFO [0m:      
[92mINFO [0m:      Received: train message 4899c367-ee97-4e1a-8435-550498f5bbc0
[92mINFO [0m:      Sent reply
[92mINFO [0m:      
[92mINFO [0m:      Received: train message ee67423e-210c-4d59-bcb1-b370285d485e
[92mINFO [0m:      Sent reply
[92mINFO [0m:      
[92mINFO [0m:      Received: evaluate message 4ec9dead-a73f-4bf3-ae8a-56870c3541c6
[92mINFO [0m:      Sent reply
[92mINFO [0m:      
[92mINFO [0m:      Received: train message e2633a8a-f600-45fb-b358-a603b667fc2c
[92mINFO [0m:      Sent reply
[92mINFO [0m:      
[92mINFO [0m:      Received: evaluate message fcc4bdce-d57d-4581-b927-0d76a4c87ef4
[92mINFO [0m:      Sent reply
[92mINFO [0m:      
[92mINFO [0m:      Received: train message 1968d9c7-9661-45b7-bad6-1e4ce16bb64b
[92mINFO [0m:      Sent reply
[92mINFO [0m:      
[92mINFO [0m:      Received: evaluate message a3ce86eb-aff1-48a1-b3ce-f6597de868ba
[92mINFO [0m:      Sent reply
[92mINFO [0m:      
[92mINFO [0m:      Received: train message dd8b7cab-d192-45d1-a62c-795a660bb4c0
[92mINFO [0m:      Sent reply
[92mINFO [0m:      
[92mINFO [0m:      Received: evaluate message 66f1492d-0e1e-4373-82e8-978952d27030
[92mINFO [0m:      Sent reply
[92mINFO [0m:      
[92mINFO [0m:      Received: train message 42bdb668-9a9c-42ff-a342-78846cbd1fe8
[92mINFO [0m:      Sent reply
[92mINFO [0m:      
[92mINFO [0m:      Received: evaluate message c863c084-362b-4145-ba46-eb9acb6db959
[92mINFO [0m:      Sent reply
[92mINFO [0m:      
[92mINFO [0m:      Received: train message 81e9df9e-6117-43bf-bafe-88a28b3b45be
[92mINFO [0m:      Sent reply
[92mINFO [0m:      
[92mINFO [0m:      Received: train message 7b25974a-e2a7-4a65-9e08-bcbf873ff410
[92mINFO [0m:      Sent reply
[92mINFO [0m:      
[92mINFO [0m:      Received: evaluate message 91d10e30-9b7c-4371-a4ff-66691f7087fa
[92mINFO [0m:      Sent reply
[92mINFO [0m:      
[92mINFO [0m:      Received: evaluate message 6962d375-703b-4005-a365-79dd910e1f83
[92mINFO [0m:      Sent reply
[92mINFO [0m:      
[92mINFO [0m:      Received: train message 1ec8eb5c-2f6d-4811-b1ee-4f14076f7c71
[92mINFO [0m:      Sent reply
[92mINFO [0m:      
[92mINFO [0m:      Received: evaluate message 6b149dd7-69f6-4314-862f-f0235f6b24c0
[92mINFO [0m:      Sent reply
[92mINFO [0m:      
[92mINFO [0m:      Received: train message f9b9d89e-d962-49ab-a760-1013c4a109fd
[92mINFO [0m:      Sent reply
[92mINFO [0m:      
[92mINFO [0m:      Received: evaluate message 9f3b2505-b9ef-49af-b448-deb56e179c08
[92mINFO [0m:      Sent reply
[92mINFO [0m:      
[92mINFO [0m:      Received: train message b93b6919-95ba-4d7d-9b0f-1838a1466969
[92mINFO [0m:      Sent reply
[92mINFO [0m:      
[92mINFO [0m:      Received: evaluate message 9558a600-3cfd-453b-a9c4-ed9f3ddd665c
[92mINFO [0m:      Sent reply
[92mINFO [0m:      
[92mINFO [0m:      Received: train message 6fb133dd-c179-45e9-81e2-8003587be270
[92mINFO [0m:      Sent reply
[92mINFO [0m:      
[92mINFO [0m:      Received: evaluate message a7f1651c-770e-4cec-b487-928d792396e0
[92mINFO [0m:      Sent reply
[92mINFO [0m:      
[92mINFO [0m:      Received: train message 2cb8db34-a8fc-4cbd-abff-88f7ae695d32
[92mINFO [0m:      Sent reply
[92mINFO [0m:      
[92mINFO [0m:      Received: train message 7e25ed88-3d80-400d-a3f3-41503c90fa18
[92mINFO [0m:      Sent reply
[92mINFO [0m:      
[92mINFO [0m:      Received: evaluate message 66d7bb9b-8dc0-4891-b5ce-d1b96938a6f8
[92mINFO [0m:      Sent reply
[92mINFO [0m:      
[92mINFO [0m:      Received: evaluate message 79d1d713-8879-4c43-9d9d-3917005dfe5f
[92mINFO [0m:      Sent reply
[92mINFO [0m:      
[92mINFO [0m:      Received: train message f65938f9-c4d3-45b0-9e5e-8f7be9aa5eb9
[92mINFO [0m:      Sent reply
[92mINFO [0m:      
[92mINFO [0m:      Received: evaluate message 54b25ab6-2f6e-4d7b-84b6-0cc5daca0d30
[92mINFO [0m:      Sent reply
[92mINFO [0m:      
[92mINFO [0m:      Received: train message 7f61d946-2f9e-404a-badc-0c297cf6de75
[92mINFO [0m:      Sent reply
[92mINFO [0m:      
[92mINFO [0m:      Received: evaluate message 11188b08-d919-4ae6-84da-0864bc767ef0
[92mINFO [0m:      Sent reply
[92mINFO [0m:      
[92mINFO [0m:      Received: train message 10aa8c36-6cf9-4f29-9fc9-7da240c8f250
[92mINFO [0m:      Sent reply
[92mINFO [0m:      
[92mINFO [0m:      Received: evaluate message 6b4d223b-d443-49ae-986b-23640cf03c37
[92mINFO [0m:      Sent reply
[92mINFO [0m:      
[92mINFO [0m:      Received: evaluate message 19c7c520-b054-4fbd-a217-0285b4270568
[92mINFO [0m:      Sent reply
[92mINFO [0m:      
[92mINFO [0m:      Received: train message 22201287-a439-41bf-9f5d-03b2baeae4a9
[92mINFO [0m:      Sent reply
[92mINFO [0m:      
[92mINFO [0m:      Received: evaluate message 76fe444a-d4e9-42dd-823a-1d9b6b95cca4
[92mINFO [0m:      Sent reply
[92mINFO [0m:      
[92mINFO [0m:      Received: train message bf4e36ca-61a3-4cc7-a907-6d8d7fd4fa99
[92mINFO [0m:      Sent reply
[92mINFO [0m:      
[92mINFO [0m:      Received: evaluate message 79222db3-22dc-405d-be6e-03c6d8a19f01
[92mINFO [0m:      Sent reply
[92mINFO [0m:      
[92mINFO [0m:      Received: train message 60729dcb-347c-4432-9dc3-cdd5e0d6732b
[92mINFO [0m:      Sent reply
[92mINFO [0m:      
[92mINFO [0m:      Received: train message 1035dd6e-3abb-4500-a12b-d1464b81f86d
[92mINFO [0m:      Sent reply
[92mINFO [0m:      
[92mINFO [0m:      Received: evaluate message cdc9f8e5-a7bf-43f1-a003-440680b7e1fe
[92mINFO [0m:      Sent reply
[92mINFO [0m:      
[92mINFO [0m:      Received: evaluate message 3fd0be03-5ff8-4e2e-8263-49f4ace437d4
[92mINFO [0m:      Sent reply
[92mINFO [0m:      
[92mINFO [0m:      Received: train message 5c0679ba-1762-4d3a-922a-90ee4abdb287
[92mINFO [0m:      Sent reply
[92mINFO [0m:      
[92mINFO [0m:      Received: evaluate message 1c16a386-c7f2-4df8-8f41-1780c407e5c2
[92mINFO [0m:      Sent reply
[92mINFO [0m:      
[92mINFO [0m:      Received: train message f11583ce-81e6-43b6-9aaf-f5b584c5ea34
[92mINFO [0m:      Sent reply
[92mINFO [0m:      
[92mINFO [0m:      Received: train message 1d15fed7-a04d-48ba-b31c-d2d6f219cd59
[92mINFO [0m:      Sent reply
[92mINFO [0m:      
[92mINFO [0m:      Received: evaluate message 97048ed3-4884-4b99-9d90-151a6f2c8ac9
[92mINFO [0m:      Sent reply
[92mINFO [0m:      
[92mINFO [0m:      Received: evaluate message e1cd3003-6d38-4b2a-b54f-f84f6dcab817
[92mINFO [0m:      Sent reply
[92mINFO [0m:      
[92mINFO [0m:      Received: train message 7e777774-c747-4077-8952-3ed2d99ed75d
[92mINFO [0m:      Sent reply
[92mINFO [0m:      
[92mINFO [0m:      Received: evaluate message 997e65aa-1739-4db8-be49-1f9931832786
[92mINFO [0m:      Sent reply
[92mINFO [0m:      
[92mINFO [0m:      Received: evaluate message 4cbedfdb-f41b-41c4-905f-9320d76fc79b
[92mINFO [0m:      Sent reply
[92mINFO [0m:      
[92mINFO [0m:      Received: evaluate message 62750457-d8d1-42dc-9ef8-42636c1c8640
[92mINFO [0m:      Sent reply
[92mINFO [0m:      
[92mINFO [0m:      Received: train message 95387558-1864-4b0d-8a88-e752b6386261
[92mINFO [0m:      Sent reply
[92mINFO [0m:      
[92mINFO [0m:      Received: train message fcd714b1-28e2-4bbc-a16d-d77e2d6f2ebb
[92mINFO [0m:      Sent reply
[92mINFO [0m:      
[92mINFO [0m:      Received: evaluate message 3c4347e2-8dd9-4c79-9156-1ef8a23831e9
[92mINFO [0m:      Sent reply
[92mINFO [0m:      
[92mINFO [0m:      Received: train message 2cc3d48b-1f57-4f4b-a09d-ecc261a7fd00
[92mINFO [0m:      Sent reply
[92mINFO [0m:      
[92mINFO [0m:      Received: evaluate message 90bd7257-1401-414d-963d-1226d7a7bc3d
[92mINFO [0m:      Sent reply
[92mINFO [0m:      
[92mINFO [0m:      Received: train message c965872e-0239-424b-8473-3947733060c0
[92mINFO [0m:      Sent reply
[92mINFO [0m:      
[92mINFO [0m:      Received: evaluate message e7b5af36-f904-4d70-8249-f0015433b4ae
[92mINFO [0m:      Sent reply
[92mINFO [0m:      
[92mINFO [0m:      Received: train message 9fe7ba0a-10b4-41dd-aea1-87f1f0c13730
[92mINFO [0m:      Sent reply
[92mINFO [0m:      
[92mINFO [0m:      Received: train message 7f7a2d77-df8f-491b-a364-9e52d7e548a0
[92mINFO [0m:      Sent reply
[92mINFO [0m:      
[92mINFO [0m:      Received: evaluate message 58907f39-6ed2-49c8-b10a-117ae2619185
[92mINFO [0m:      Sent reply
[92mINFO [0m:      
[92mINFO [0m:      Received: evaluate message 033d5248-2381-4a3b-8a63-9cb55326b2be
[92mINFO [0m:      Sent reply
[92mINFO [0m:      
[92mINFO [0m:      Received: train message a58b9001-c59e-4b2c-8a51-03e8e8d4d7c8
[92mINFO [0m:      Sent reply
[92mINFO [0m:      
[92mINFO [0m:      Received: train message 7c4fca57-e1f1-4244-9e6a-c08e253a9089
[92mINFO [0m:      Sent reply
[92mINFO [0m:      
[92mINFO [0m:      Received: evaluate message 1d07d99a-16a2-441c-80f3-a86f517b448b
[92mINFO [0m:      Sent reply
[92mINFO [0m:      
[92mINFO [0m:      Received: evaluate message 10158567-34d8-4341-bb21-74181bf853da
[92mINFO [0m:      Sent reply
[92mINFO [0m:      
[92mINFO [0m:      Received: evaluate message 788bb368-d5c1-477f-9a4c-e34ca2d4cc78
[92mINFO [0m:      Sent reply
[92mINFO [0m:      
[92mINFO [0m:      Received: evaluate message 1ecaeff5-d747-45a1-b8d4-ee0adc8ce473
[92mINFO [0m:      Sent reply
[92mINFO [0m:      
[92mINFO [0m:      Received: evaluate message f8a46fea-3be7-4e22-8230-112a420e4845
[92mINFO [0m:      Sent reply
[92mINFO [0m:      
[92mINFO [0m:      Received: train message 1d1662c4-6af0-47f1-a93c-965f1f2b61cd
[92mINFO [0m:      Sent reply
[92mINFO [0m:      
[92mINFO [0m:      Received: evaluate message 05aaf99e-d332-4135-b5bd-6cf0d1d1eed4
[92mINFO [0m:      Sent reply
[92mINFO [0m:      
[92mINFO [0m:      Received: evaluate message 8f0ab2a3-4926-4729-a71b-0db3c850268e
[92mINFO [0m:      Sent reply
[92mINFO [0m:      
[92mINFO [0m:      Received: evaluate message 23f6796e-cab6-43b4-9b59-3b7632787b72
[92mINFO [0m:      Sent reply
[92mINFO [0m:      
[92mINFO [0m:      Received: evaluate message c2dc8ba2-21e1-4bad-8974-79f8437c6c46
[92mINFO [0m:      Sent reply
[92mINFO [0m:      
[92mINFO [0m:      Received: evaluate message 46c88c6f-63b3-4609-9ead-00ad46405c84
[92mINFO [0m:      Sent reply
[92mINFO [0m:      
[92mINFO [0m:      Received: evaluate message 0435b12d-11a2-44c9-aa7c-2df32ed0d13e
[92mINFO [0m:      Sent reply
[92mINFO [0m:      
[92mINFO [0m:      Received: train message 2bbeac21-2dd8-4593-a722-af2acc1f0083
[92mINFO [0m:      Sent reply
[92mINFO [0m:      
[92mINFO [0m:      Received: train message 8e20f2ae-74d0-4a3e-9336-3e1ebd4d186e
[92mINFO [0m:      Sent reply
[92mINFO [0m:      
[92mINFO [0m:      Received: evaluate message 94537c13-b045-4262-af8f-190c494ed991
[92mINFO [0m:      Sent reply
[92mINFO [0m:      
[92mINFO [0m:      Received: evaluate message ed09e99a-ca4c-4733-8b8b-cfb80a9fa4b7
[92mINFO [0m:      Sent reply
[92mINFO [0m:      
[92mINFO [0m:      Received: reconnect message 73f10a48-3ace-4a5a-9754-b20900a50312
[92mINFO [0m:      Disconnect and shut down
