[93mWARNING [0m:   DEPRECATED FEATURE: flwr.client.start_client() is deprecated.
	Instead, use the `flower-supernode` CLI command to start a SuperNode as shown below:

		$ flower-supernode --insecure --superlink='<IP>:<PORT>'

	To view all available options, run:

		$ flower-supernode --help

	Using `start_client()` is deprecated.

            This is a deprecated feature. It will be removed
            entirely in future versions of Flower.
        
[92mINFO [0m:      
[92mINFO [0m:      Received: evaluate message c3062001-0ebb-4e87-9289-7f2fff757075
[92mINFO [0m:      Sent reply
[92mINFO [0m:      
[92mINFO [0m:      Received: evaluate message bc762153-f6dd-4226-9f73-c70c8dd3e7e7
[92mINFO [0m:      Sent reply
[92mINFO [0m:      
[92mINFO [0m:      Received: evaluate message 823f52a5-718b-4802-9b9b-f99940ace226
[92mINFO [0m:      Sent reply
[92mINFO [0m:      
[92mINFO [0m:      Received: evaluate message 6944177c-8b2d-41de-befb-299113eed072
[92mINFO [0m:      Sent reply
[92mINFO [0m:      
[92mINFO [0m:      Received: train message 88de1b37-02c2-4dfe-8173-c20ea8911a1d
[92mINFO [0m:      Sent reply
[92mINFO [0m:      
[92mINFO [0m:      Received: evaluate message e029ad3c-73a3-438d-a8ea-69b453656813
[92mINFO [0m:      Sent reply
[92mINFO [0m:      
[92mINFO [0m:      Received: train message 78d84c21-3a79-44d0-b0ff-e57085771863
[92mINFO [0m:      Sent reply
[92mINFO [0m:      
[92mINFO [0m:      Received: train message 621e00ec-62b3-47cc-bc3f-04730a0e1b05
[92mINFO [0m:      Sent reply
[92mINFO [0m:      
[92mINFO [0m:      Received: train message 3703f2da-1c82-4516-9acd-ed10eae78582
[92mINFO [0m:      Sent reply
[92mINFO [0m:      
[92mINFO [0m:      Received: evaluate message 3d3ad8f5-c403-4260-a94a-0ce00817d9fe
[92mINFO [0m:      Sent reply
[92mINFO [0m:      
[92mINFO [0m:      Received: evaluate message b5cf25e7-5eaa-4eb6-865a-b1caf53f1f1d
[92mINFO [0m:      Sent reply
[92mINFO [0m:      
[92mINFO [0m:      Received: train message 200d865c-7a06-4acb-a6f5-5516edac0d81
[92mINFO [0m:      Sent reply
[92mINFO [0m:      
[92mINFO [0m:      Received: evaluate message e519a3ed-7cac-41a1-82f6-cfa602be693a
[92mINFO [0m:      Sent reply
[92mINFO [0m:      
[92mINFO [0m:      Received: evaluate message d87f1888-92a4-4368-bbd9-f98f03f7c9ba
[92mINFO [0m:      Sent reply
[92mINFO [0m:      
[92mINFO [0m:      Received: train message a4aabf65-7fe2-49b3-afcb-32e0b3bed7f1
[92mINFO [0m:      Sent reply
[92mINFO [0m:      
[92mINFO [0m:      Received: evaluate message 1cb6aad0-ebdc-471b-9b79-6999ffee9c61
[92mINFO [0m:      Sent reply
[92mINFO [0m:      
[92mINFO [0m:      Received: train message 905b34ea-ccff-489d-9682-5a680d3fa22c
[92mINFO [0m:      Sent reply
[92mINFO [0m:      
[92mINFO [0m:      Received: evaluate message e84dee24-c9e9-4359-9f8c-f48682f211ec
[92mINFO [0m:      Sent reply
[92mINFO [0m:      
[92mINFO [0m:      Received: evaluate message d1af775d-565d-4854-9674-2b59ddc9ce0c
[92mINFO [0m:      Sent reply
[92mINFO [0m:      
[92mINFO [0m:      Received: train message 63a81745-b689-403b-a809-29dc1a1ff713
[92mINFO [0m:      Sent reply
[92mINFO [0m:      
[92mINFO [0m:      Received: train message 98e16f37-8067-4c51-8167-c85970bbb278
[92mINFO [0m:      Sent reply
[92mINFO [0m:      
[92mINFO [0m:      Received: evaluate message e6e77a2e-0115-4725-ab2c-7b84a8dcab44
[92mINFO [0m:      Sent reply
[92mINFO [0m:      
[92mINFO [0m:      Received: train message fc4dc86e-78fc-478d-9897-298b3205b1ca
[92mINFO [0m:      Sent reply
[92mINFO [0m:      
[92mINFO [0m:      Received: evaluate message 69cd734b-dbef-4cf0-85f1-b8be1d8d3e40
[92mINFO [0m:      Sent reply
[92mINFO [0m:      
[92mINFO [0m:      Received: train message ee4ffb5f-5108-4681-9a0a-6d664423503e
[92mINFO [0m:      Sent reply
[92mINFO [0m:      
[92mINFO [0m:      Received: evaluate message 59952f1a-b53a-44b2-a1fe-387103b9251a
[92mINFO [0m:      Sent reply
[92mINFO [0m:      
[92mINFO [0m:      Received: train message 9787eafd-4af4-4c90-b082-525d5498debc
[92mINFO [0m:      Sent reply
[92mINFO [0m:      
[92mINFO [0m:      Received: train message 3e066730-a960-4fc9-aa1f-f3acd521aeb1
[92mINFO [0m:      Sent reply
[92mINFO [0m:      
[92mINFO [0m:      Received: evaluate message d0d1b215-2b26-4a49-874f-d12cf38af978
[92mINFO [0m:      Sent reply
[92mINFO [0m:      
[92mINFO [0m:      Received: evaluate message 2fdb7d4a-80e6-4803-9479-13c0d8b2138f
[92mINFO [0m:      Sent reply
[92mINFO [0m:      
[92mINFO [0m:      Received: train message 58cda8fa-7640-4b7b-9ae6-08df91137c5f
[92mINFO [0m:      Sent reply
[92mINFO [0m:      
[92mINFO [0m:      Received: evaluate message 64ec5428-83eb-440c-bb79-009f3fc5f888
[92mINFO [0m:      Sent reply
[92mINFO [0m:      
[92mINFO [0m:      Received: train message edf94abe-4593-4565-a7d0-d2b0daef839d
[92mINFO [0m:      Sent reply
[92mINFO [0m:      
[92mINFO [0m:      Received: evaluate message bc12f917-7cc0-4254-9798-9d402eddde93
[92mINFO [0m:      Sent reply
[92mINFO [0m:      
[92mINFO [0m:      Received: train message d2b5b20a-8527-4f8a-b038-a0ff89b7975c
[92mINFO [0m:      Sent reply
[92mINFO [0m:      
[92mINFO [0m:      Received: train message 02254460-7fe2-4e1a-904f-ed329b7f6517
[92mINFO [0m:      Sent reply
[92mINFO [0m:      
[92mINFO [0m:      Received: train message 89aae8a3-aebf-4d2d-993b-dc981d7a2ab3
[92mINFO [0m:      Sent reply
[92mINFO [0m:      
[92mINFO [0m:      Received: train message 24abf145-6b7b-4c89-aca3-5925d2c50959
[92mINFO [0m:      Sent reply
[92mINFO [0m:      
[92mINFO [0m:      Received: evaluate message 08e50c8d-0f06-42aa-9e4e-2ae67609cf50
[92mINFO [0m:      Sent reply
[92mINFO [0m:      
[92mINFO [0m:      Received: train message 5481d551-4b00-4e86-b8b1-584091022b91
[92mINFO [0m:      Sent reply
[92mINFO [0m:      
[92mINFO [0m:      Received: train message bc1edea1-51d1-41bd-a536-f091e3fd61f3
[92mINFO [0m:      Sent reply
[92mINFO [0m:      
[92mINFO [0m:      Received: evaluate message 6d47552c-56e2-400e-9441-43daffa67b9d
[92mINFO [0m:      Sent reply
[92mINFO [0m:      
[92mINFO [0m:      Received: train message 18a2e02e-31a3-4a79-9620-b6de9a7d1263
[92mINFO [0m:      Sent reply
[92mINFO [0m:      
[92mINFO [0m:      Received: evaluate message 0ed267d3-ea07-4cc8-b667-f79c166aadff
[92mINFO [0m:      Sent reply
[92mINFO [0m:      
[92mINFO [0m:      Received: train message 03bad66b-3e4c-4fd6-86c1-a168ac70cefe
[92mINFO [0m:      Sent reply
[92mINFO [0m:      
[92mINFO [0m:      Received: evaluate message ab739bd8-d430-49b1-bfb0-61e8903af4b8
[92mINFO [0m:      Sent reply
[92mINFO [0m:      
[92mINFO [0m:      Received: evaluate message b9efaa77-f7a7-428f-85b1-c0bd72db0e4b
[92mINFO [0m:      Sent reply
[92mINFO [0m:      
[92mINFO [0m:      Received: evaluate message 2afe8854-9708-4efd-933d-b10191de107b
[92mINFO [0m:      Sent reply
[92mINFO [0m:      
[92mINFO [0m:      Received: evaluate message a1bb69b2-e562-4a24-9350-ff6713fe85be
[92mINFO [0m:      Sent reply
[92mINFO [0m:      
[92mINFO [0m:      Received: train message 7a2af125-6936-4ea0-ab30-13e67d250b9f
[92mINFO [0m:      Sent reply
[92mINFO [0m:      
[92mINFO [0m:      Received: train message 3a7bd585-6b40-4d50-bdab-e9b6a98ca6c9
[92mINFO [0m:      Sent reply
[92mINFO [0m:      
[92mINFO [0m:      Received: train message bd7df6f2-13a9-4166-aaa4-32ffcb55e07a
[92mINFO [0m:      Sent reply
[92mINFO [0m:      
[92mINFO [0m:      Received: train message fa3b5054-77a6-44fe-8b82-6d9c3d438640
[92mINFO [0m:      Sent reply
[92mINFO [0m:      
[92mINFO [0m:      Received: evaluate message 766e2b54-27d2-483a-8ba9-e3c84e45ccb0
[92mINFO [0m:      Sent reply
[92mINFO [0m:      
[92mINFO [0m:      Received: evaluate message 138db2ca-6335-4b55-8bb9-e0d24d9136d6
[92mINFO [0m:      Sent reply
[92mINFO [0m:      
[92mINFO [0m:      Received: evaluate message 8136b681-b4f0-4b2a-bb27-0b71ce5c2c82
[92mINFO [0m:      Sent reply
[92mINFO [0m:      
[92mINFO [0m:      Received: evaluate message 2c37adb6-d8c2-4fd5-8875-e2ff3ff29bc1
[92mINFO [0m:      Sent reply
[92mINFO [0m:      
[92mINFO [0m:      Received: train message 534b97b2-1ec7-45cb-b7cf-31731ed4ff4d
[92mINFO [0m:      Sent reply
[92mINFO [0m:      
[92mINFO [0m:      Received: evaluate message d3f41cc6-b37e-48b3-9777-ca81f0e93258
[92mINFO [0m:      Sent reply
[92mINFO [0m:      
[92mINFO [0m:      Received: evaluate message b277685e-aa19-4d8f-9187-1b70ad23fd50
[92mINFO [0m:      Sent reply
[92mINFO [0m:      
[92mINFO [0m:      Received: evaluate message 1fe7abbb-b6a5-4834-95fe-4faeba842d4f
[92mINFO [0m:      Sent reply
[92mINFO [0m:      
[92mINFO [0m:      Received: train message 15a08173-a4b9-4004-b539-0f740a2493d2
[92mINFO [0m:      Sent reply
[92mINFO [0m:      
[92mINFO [0m:      Received: evaluate message 2b3c66e1-b0fc-4af1-ac7e-3f951e7b444c
[92mINFO [0m:      Sent reply
[92mINFO [0m:      
[92mINFO [0m:      Received: evaluate message c983779e-7c97-49f0-b1ed-94a0be1aa364
[92mINFO [0m:      Sent reply
[92mINFO [0m:      
[92mINFO [0m:      Received: train message 36fc81ba-33f3-4a1d-9c2d-cc52a81c413c
[92mINFO [0m:      Sent reply
[92mINFO [0m:      
[92mINFO [0m:      Received: train message b737cb8a-d03d-433b-beef-f74503373e8f
[92mINFO [0m:      Sent reply
[92mINFO [0m:      
[92mINFO [0m:      Received: evaluate message 03cce22b-fad3-483f-a6f5-29cfa7258dac
[92mINFO [0m:      Sent reply
[92mINFO [0m:      
[92mINFO [0m:      Received: train message d59ebc1f-b97b-4d32-9bbc-68afd417b96d
[92mINFO [0m:      Sent reply
[92mINFO [0m:      
[92mINFO [0m:      Received: train message 48824a03-abb1-46b6-9ac6-38f8fc96a62a
[92mINFO [0m:      Sent reply
[92mINFO [0m:      
[92mINFO [0m:      Received: evaluate message d8c33ce1-8c61-48ad-83b5-60bebcacfe09
[92mINFO [0m:      Sent reply
[92mINFO [0m:      
[92mINFO [0m:      Received: evaluate message 9274b8db-04e2-4dbf-aa62-ae9cd0233fd0
[92mINFO [0m:      Sent reply
[92mINFO [0m:      
[92mINFO [0m:      Received: evaluate message add4fdf7-197b-401f-9b68-3ab5c597a523
[92mINFO [0m:      Sent reply
[92mINFO [0m:      
[92mINFO [0m:      Received: train message 50253a01-5098-4d45-802b-14dbf27f9dd3
[92mINFO [0m:      Sent reply
[92mINFO [0m:      
[92mINFO [0m:      Received: evaluate message 1b7f1526-e1d9-4ee7-8f52-d2cf0526d716
[92mINFO [0m:      Sent reply
[92mINFO [0m:      
[92mINFO [0m:      Received: train message 167a01a5-5ff9-44da-97b9-2bb679aa008e
[92mINFO [0m:      Sent reply
[92mINFO [0m:      
[92mINFO [0m:      Received: evaluate message d2b22bab-15c0-4a0a-9f82-19e25d2ff786
[92mINFO [0m:      Sent reply
[92mINFO [0m:      
[92mINFO [0m:      Received: train message 34c89770-ba51-419d-805e-c892d616bac4
[92mINFO [0m:      Sent reply
[92mINFO [0m:      
[92mINFO [0m:      Received: train message 65281484-e906-4211-97a8-4773f0a1c5bd
[92mINFO [0m:      Sent reply
[92mINFO [0m:      
[92mINFO [0m:      Received: evaluate message bede348d-751e-4011-9047-7a6ba3081091
[92mINFO [0m:      Sent reply
[92mINFO [0m:      
[92mINFO [0m:      Received: train message 7f5a370a-e7eb-4895-a706-bc219ed43e0f
[92mINFO [0m:      Sent reply
[92mINFO [0m:      
[92mINFO [0m:      Received: train message dd2ebe20-7c64-47b6-ac04-2daa8e8347e2
[92mINFO [0m:      Sent reply
[92mINFO [0m:      
[92mINFO [0m:      Received: evaluate message acdb614b-dd13-4655-add7-09a64ac58556
[92mINFO [0m:      Sent reply
[92mINFO [0m:      
[92mINFO [0m:      Received: evaluate message 97f69fce-1d82-433a-a374-37837d9abb58
[92mINFO [0m:      Sent reply
[92mINFO [0m:      
[92mINFO [0m:      Received: train message fee99190-c9bb-4198-9268-6912ff91cebf
[92mINFO [0m:      Sent reply
[92mINFO [0m:      
[92mINFO [0m:      Received: evaluate message 4ee7fc4c-2dac-42a3-9a83-3a841ed32333
[92mINFO [0m:      Sent reply
[92mINFO [0m:      
[92mINFO [0m:      Received: train message 6050bf2a-9605-4301-b7bf-4a0289ac008c
[92mINFO [0m:      Sent reply
[92mINFO [0m:      
[92mINFO [0m:      Received: evaluate message 290fe489-c538-41e3-9863-c0a7bf0f928f
[92mINFO [0m:      Sent reply
[92mINFO [0m:      
[92mINFO [0m:      Received: train message f48b47e1-b6d4-45ea-8810-1edb98e38c94
[92mINFO [0m:      Sent reply
[92mINFO [0m:      
[92mINFO [0m:      Received: evaluate message da68216f-5964-4ca9-a5a1-0977a7081fa7
[92mINFO [0m:      Sent reply
[92mINFO [0m:      
[92mINFO [0m:      Received: train message 48e8816c-4ea0-4cc3-b249-b17f619b1c4d
[92mINFO [0m:      Sent reply
[92mINFO [0m:      
[92mINFO [0m:      Received: train message a05be8ee-5996-471c-b031-d0104f405899
[92mINFO [0m:      Sent reply
[92mINFO [0m:      
[92mINFO [0m:      Received: evaluate message f050e40d-9909-4786-be58-033aeaa12f3d
[92mINFO [0m:      Sent reply
[92mINFO [0m:      
[92mINFO [0m:      Received: evaluate message 4571f487-5515-4034-8953-9093270552a7
[92mINFO [0m:      Sent reply
[92mINFO [0m:      
[92mINFO [0m:      Received: evaluate message b45c012a-5d26-4510-b9f2-1e53f8e9bc56
[92mINFO [0m:      Sent reply
[92mINFO [0m:      
[92mINFO [0m:      Received: evaluate message 51419249-d160-4578-a325-0ff60bb123f9
[92mINFO [0m:      Sent reply
[92mINFO [0m:      
[92mINFO [0m:      Received: train message af1e6ccd-9aef-42ac-a4db-a395e83d763f
[92mINFO [0m:      Sent reply
[92mINFO [0m:      
[92mINFO [0m:      Received: evaluate message d4b5892f-a03b-403d-bb72-7a20b432bee6
[92mINFO [0m:      Sent reply
[92mINFO [0m:      
[92mINFO [0m:      Received: train message f24f20ff-b8ea-43d1-9414-5516659727f2
[92mINFO [0m:      Sent reply
[92mINFO [0m:      
[92mINFO [0m:      Received: evaluate message 966fc4a0-6b8a-49c1-8129-8e57418abe5f
[92mINFO [0m:      Sent reply
[92mINFO [0m:      
[92mINFO [0m:      Received: train message c2e9e9aa-12e0-4175-981d-5998326f9bca
[92mINFO [0m:      Sent reply
[92mINFO [0m:      
[92mINFO [0m:      Received: evaluate message 2cc4c59c-aa3c-4807-a2f6-3d61148e18b4
[92mINFO [0m:      Sent reply
[92mINFO [0m:      
[92mINFO [0m:      Received: train message 225cb97f-48b5-4032-afcf-0873cbeede4c
[92mINFO [0m:      Sent reply
[92mINFO [0m:      
[92mINFO [0m:      Received: train message 8a7c176c-ff5f-4792-aa94-77791955ae1b
[92mINFO [0m:      Sent reply
[92mINFO [0m:      
[92mINFO [0m:      Received: train message 9179881c-bfa9-42e6-a98c-b5f25696c46d
[92mINFO [0m:      Sent reply
[92mINFO [0m:      
[92mINFO [0m:      Received: evaluate message 87497636-a408-4f39-bf75-dfdda3cfd7ef
[92mINFO [0m:      Sent reply
[92mINFO [0m:      
[92mINFO [0m:      Received: train message 9e8ed0d3-e276-4046-aae8-e585efa47cf3
[92mINFO [0m:      Sent reply
[92mINFO [0m:      
[92mINFO [0m:      Received: train message c8b232b5-4245-45f5-9912-9cb4c35b0e05
[92mINFO [0m:      Sent reply
[92mINFO [0m:      
[92mINFO [0m:      Received: evaluate message 21696e33-4867-4d13-8149-0151a4d40fb7
[92mINFO [0m:      Sent reply
[92mINFO [0m:      
[92mINFO [0m:      Received: train message 00f5a3b4-1018-4c6b-92ed-f6bebdab8e3e
[92mINFO [0m:      Sent reply
[92mINFO [0m:      
[92mINFO [0m:      Received: evaluate message 85ae1c89-7013-4c52-a4e1-cbc038b5b17c
[92mINFO [0m:      Sent reply
[92mINFO [0m:      
[92mINFO [0m:      Received: evaluate message b7dc7a75-c1ff-4f20-a2a7-e8f387e0c8a6
[92mINFO [0m:      Sent reply
[92mINFO [0m:      
[92mINFO [0m:      Received: train message 50ad4c44-4b84-4b28-acb7-838c194d92ae
[92mINFO [0m:      Sent reply
[92mINFO [0m:      
[92mINFO [0m:      Received: evaluate message a0235c45-084f-4465-80b3-a4d285f69333
[92mINFO [0m:      Sent reply
[92mINFO [0m:      
[92mINFO [0m:      Received: train message 072c3027-b571-451b-add6-a9ba8e9bf186
[92mINFO [0m:      Sent reply
[92mINFO [0m:      
[92mINFO [0m:      Received: evaluate message cedf4660-21c0-4325-9234-c95c03ea6ce0
[92mINFO [0m:      Sent reply
[92mINFO [0m:      
[92mINFO [0m:      Received: evaluate message 3a1695ab-c38d-4463-ae88-6796818da7c8
[92mINFO [0m:      Sent reply
[92mINFO [0m:      
[92mINFO [0m:      Received: evaluate message c60b2f74-85ba-4bea-93fc-be985dcaa3b0
[92mINFO [0m:      Sent reply
[92mINFO [0m:      
[92mINFO [0m:      Received: train message b31e4ef2-b345-4c89-bae2-5b219ff74199
[92mINFO [0m:      Sent reply
[92mINFO [0m:      
[92mINFO [0m:      Received: evaluate message 8f1c0ab1-77d8-4b3c-a377-f66aa384f643
[92mINFO [0m:      Sent reply
[92mINFO [0m:      
[92mINFO [0m:      Received: reconnect message 51ea3c7c-b6a0-4fd4-b8f7-a9ac9dba484e
[92mINFO [0m:      Disconnect and shut down
