[93mWARNING [0m:   DEPRECATED FEATURE: flwr.client.start_client() is deprecated.
	Instead, use the `flower-supernode` CLI command to start a SuperNode as shown below:

		$ flower-supernode --insecure --superlink='<IP>:<PORT>'

	To view all available options, run:

		$ flower-supernode --help

	Using `start_client()` is deprecated.

            This is a deprecated feature. It will be removed
            entirely in future versions of Flower.
        
[92mINFO [0m:      
[92mINFO [0m:      Received: train message 44b47d1b-48a7-46d1-b97c-b76b069e4d61
[92mINFO [0m:      Sent reply
[92mINFO [0m:      
[92mINFO [0m:      Received: evaluate message 75ee0e74-a84b-46f9-ac27-9b1e7d3054e8
[92mINFO [0m:      Sent reply
[92mINFO [0m:      
[92mINFO [0m:      Received: train message 020f1326-bb72-4e01-9333-6af8868a0f4d
[92mINFO [0m:      Sent reply
[92mINFO [0m:      
[92mINFO [0m:      Received: evaluate message 926bce3d-b82b-4f61-a223-69110e0d5b5d
[92mINFO [0m:      Sent reply
[92mINFO [0m:      
[92mINFO [0m:      Received: train message acdefdf9-d78c-4d75-910c-0506c6b20eaa
[92mINFO [0m:      Sent reply
[92mINFO [0m:      
[92mINFO [0m:      Received: train message e34c78cb-1800-48a0-bc3b-2a78f347ac14
[92mINFO [0m:      Sent reply
[92mINFO [0m:      
[92mINFO [0m:      Received: evaluate message f4cd3096-7e15-45f0-a393-1b863e6ffbc5
[92mINFO [0m:      Sent reply
[92mINFO [0m:      
[92mINFO [0m:      Received: evaluate message ba18c390-591a-4ca3-ad4b-53d1d1cad7fa
[92mINFO [0m:      Sent reply
[92mINFO [0m:      
[92mINFO [0m:      Received: train message d1c93e07-55f3-4123-b7c0-8fd9e28fd44a
[92mINFO [0m:      Sent reply
[92mINFO [0m:      
[92mINFO [0m:      Received: evaluate message a8275eca-b7bc-4921-84f9-8eefc36b3c00
[92mINFO [0m:      Sent reply
[92mINFO [0m:      
[92mINFO [0m:      Received: evaluate message 59e1a7df-b377-4f87-9c64-b3c26bc66d14
[92mINFO [0m:      Sent reply
[92mINFO [0m:      
[92mINFO [0m:      Received: train message 497ad13c-6c91-41a6-91c3-bb1763b4c1a4
[92mINFO [0m:      Sent reply
[92mINFO [0m:      
[92mINFO [0m:      Received: evaluate message 837422d2-909d-4391-8572-ec08945eb5c0
[92mINFO [0m:      Sent reply
[92mINFO [0m:      
[92mINFO [0m:      Received: train message 1b189e9f-695d-4128-a022-cc3848e10b9d
[92mINFO [0m:      Sent reply
[92mINFO [0m:      
[92mINFO [0m:      Received: evaluate message 018ec9b8-76dc-4a01-b6f8-8bef53f0b726
[92mINFO [0m:      Sent reply
[92mINFO [0m:      
[92mINFO [0m:      Received: train message 78e72799-a81d-4d3b-a57d-c8c9101f5f63
[92mINFO [0m:      Sent reply
[92mINFO [0m:      
[92mINFO [0m:      Received: train message 6caaf1da-f1e4-4bf2-a8bf-278791e621e7
[92mINFO [0m:      Sent reply
[92mINFO [0m:      
[92mINFO [0m:      Received: train message 949ac51d-a28d-428e-9e21-acaff02becb5
[92mINFO [0m:      Sent reply
[92mINFO [0m:      
[92mINFO [0m:      Received: train message e8b53ae2-bf5c-4466-a316-6560b8ee4f76
[92mINFO [0m:      Sent reply
[92mINFO [0m:      
[92mINFO [0m:      Received: train message 32617783-0ea4-4309-90ce-99e447a61c63
[92mINFO [0m:      Sent reply
[92mINFO [0m:      
[92mINFO [0m:      Received: evaluate message 87da0bdd-c23a-48af-81b3-70ca5e801ce4
[92mINFO [0m:      Sent reply
[92mINFO [0m:      
[92mINFO [0m:      Received: evaluate message 5ff77b1a-f669-43df-a231-ca2e008b3e94
[92mINFO [0m:      Sent reply
[92mINFO [0m:      
[92mINFO [0m:      Received: evaluate message a4907351-1188-41b7-815e-2fa618b5e712
[92mINFO [0m:      Sent reply
[92mINFO [0m:      
[92mINFO [0m:      Received: evaluate message a5318a49-e5cb-49a1-bcd1-a24937e5966c
[92mINFO [0m:      Sent reply
[92mINFO [0m:      
[92mINFO [0m:      Received: evaluate message 7c85ecfe-1b87-4356-8e99-078257cefbc0
[92mINFO [0m:      Sent reply
[92mINFO [0m:      
[92mINFO [0m:      Received: train message 9b82c4d9-d2c4-4545-9b54-354f79621a03
[92mINFO [0m:      Sent reply
[92mINFO [0m:      
[92mINFO [0m:      Received: evaluate message 48ace7b9-7e3e-4eab-a10b-76f67adc253e
[92mINFO [0m:      Sent reply
[92mINFO [0m:      
[92mINFO [0m:      Received: train message d2ca8d46-2399-4425-8041-bcd164d1c72d
[92mINFO [0m:      Sent reply
[92mINFO [0m:      
[92mINFO [0m:      Received: train message 5d8dc795-b5d4-47ee-913c-1e76db5d748e
[92mINFO [0m:      Sent reply
[92mINFO [0m:      
[92mINFO [0m:      Received: evaluate message 3b909f4a-b9be-4cbc-9e99-a1b7f0e601fa
[92mINFO [0m:      Sent reply
[92mINFO [0m:      
[92mINFO [0m:      Received: evaluate message 93249ab5-ce82-4cc3-bd1a-524f60abe861
[92mINFO [0m:      Sent reply
[92mINFO [0m:      
[92mINFO [0m:      Received: evaluate message cfcb0a0a-9ae4-4cb8-96b0-cc85ca9cab38
[92mINFO [0m:      Sent reply
[92mINFO [0m:      
[92mINFO [0m:      Received: train message 586ba096-41f5-4f23-be22-6b76bd1272e4
[92mINFO [0m:      Sent reply
[92mINFO [0m:      
[92mINFO [0m:      Received: train message d3159d2d-4636-421c-9a3d-32b6cbabf5b1
[92mINFO [0m:      Sent reply
[92mINFO [0m:      
[92mINFO [0m:      Received: evaluate message 53285206-0bcd-4bc6-9d38-37f471b38a26
[92mINFO [0m:      Sent reply
[92mINFO [0m:      
[92mINFO [0m:      Received: train message 4038dd15-8851-4fcf-b289-5614347de0d0
[92mINFO [0m:      Sent reply
[92mINFO [0m:      
[92mINFO [0m:      Received: evaluate message bc3abad6-2e64-4213-9ce2-1eef06f090dd
[92mINFO [0m:      Sent reply
[92mINFO [0m:      
[92mINFO [0m:      Received: evaluate message f2c29787-2be0-4a03-9399-8e445ba63605
[92mINFO [0m:      Sent reply
[92mINFO [0m:      
[92mINFO [0m:      Received: evaluate message 7f6412f4-2e11-4a5e-8534-87785845191c
[92mINFO [0m:      Sent reply
[92mINFO [0m:      
[92mINFO [0m:      Received: train message 43db088f-daa6-455c-8b93-95b8134a5439
[92mINFO [0m:      Sent reply
[92mINFO [0m:      
[92mINFO [0m:      Received: evaluate message 54169596-eb66-42ec-b23d-b5e6511a7f0c
[92mINFO [0m:      Sent reply
[92mINFO [0m:      
[92mINFO [0m:      Received: train message 223d9a97-7fbd-40fa-aab7-8e4b334ed535
[92mINFO [0m:      Sent reply
[92mINFO [0m:      
[92mINFO [0m:      Received: evaluate message 4284aa83-90b4-42ed-bcc9-e49681e1832a
[92mINFO [0m:      Sent reply
[92mINFO [0m:      
[92mINFO [0m:      Received: evaluate message a227c4d1-e425-451f-8c73-df2c829a4431
[92mINFO [0m:      Sent reply
[92mINFO [0m:      
[92mINFO [0m:      Received: train message d19cfc80-467f-4592-a222-aa202b894c70
[92mINFO [0m:      Sent reply
[92mINFO [0m:      
[92mINFO [0m:      Received: evaluate message eee6e2b2-b2a0-4e70-a5ef-2884f52e16d8
[92mINFO [0m:      Sent reply
[92mINFO [0m:      
[92mINFO [0m:      Received: evaluate message 7ba121e6-dfc5-4ff1-9a7b-104e42ce2993
[92mINFO [0m:      Sent reply
[92mINFO [0m:      
[92mINFO [0m:      Received: train message f9247195-35a6-44c1-9b2b-10f81d5e965f
[92mINFO [0m:      Sent reply
[92mINFO [0m:      
[92mINFO [0m:      Received: evaluate message dbecc795-157d-4fdc-b4f3-f8a008a57646
[92mINFO [0m:      Sent reply
[92mINFO [0m:      
[92mINFO [0m:      Received: train message af1be386-177e-4bfc-b949-680062b44b2f
[92mINFO [0m:      Sent reply
[92mINFO [0m:      
[92mINFO [0m:      Received: evaluate message 6fae2a4c-9466-4d94-8994-6c33464e50ff
[92mINFO [0m:      Sent reply
[92mINFO [0m:      
[92mINFO [0m:      Received: train message 7a9a9aa3-c245-41ad-8ab2-ad8168976697
[92mINFO [0m:      Sent reply
[92mINFO [0m:      
[92mINFO [0m:      Received: evaluate message 83f56b7e-18ac-4ec1-a007-d0d9f673b8e9
[92mINFO [0m:      Sent reply
[92mINFO [0m:      
[92mINFO [0m:      Received: train message 679f3162-6513-43bf-9d08-398c9bb67e1b
[92mINFO [0m:      Sent reply
[92mINFO [0m:      
[92mINFO [0m:      Received: train message f120dd21-d9d0-4b40-a295-e7f419fe3845
[92mINFO [0m:      Sent reply
[92mINFO [0m:      
[92mINFO [0m:      Received: train message 55ff803c-ff12-4472-808d-1789eef69265
[92mINFO [0m:      Sent reply
[92mINFO [0m:      
[92mINFO [0m:      Received: evaluate message 2c6c63c5-0f6d-4409-b0b9-793be2628ec4
[92mINFO [0m:      Sent reply
[92mINFO [0m:      
[92mINFO [0m:      Received: train message b229665d-9db1-4cd0-9235-3cc1c1c08d90
[92mINFO [0m:      Sent reply
[92mINFO [0m:      
[92mINFO [0m:      Received: evaluate message d040c5f7-e8d4-4efe-991f-9105cdaf1fa5
[92mINFO [0m:      Sent reply
[92mINFO [0m:      
[92mINFO [0m:      Received: train message 01394763-fe70-4300-9c42-15cbf4640ce1
[92mINFO [0m:      Sent reply
[92mINFO [0m:      
[92mINFO [0m:      Received: train message f94279c4-7773-46a8-bdc8-68cfb70064b1
[92mINFO [0m:      Sent reply
[92mINFO [0m:      
[92mINFO [0m:      Received: train message b7c564a4-ce38-45d8-b3f8-d77aa4cb18b8
[92mINFO [0m:      Sent reply
[92mINFO [0m:      
[92mINFO [0m:      Received: evaluate message 8f1cb9b0-089f-47ca-88af-a297385918a6
[92mINFO [0m:      Sent reply
[92mINFO [0m:      
[92mINFO [0m:      Received: train message 71c09464-f0a4-420b-b183-91dd41300eda
[92mINFO [0m:      Sent reply
[92mINFO [0m:      
[92mINFO [0m:      Received: evaluate message 384a2301-edb1-4175-aab8-7d13a957f2e7
[92mINFO [0m:      Sent reply
[92mINFO [0m:      
[92mINFO [0m:      Received: train message 352ab6da-03c2-4805-afdb-e2fdc84c48ed
[92mINFO [0m:      Sent reply
[92mINFO [0m:      
[92mINFO [0m:      Received: train message e9e7a6f8-d0a8-472c-bfe9-db18cbcb7d15
[92mINFO [0m:      Sent reply
[92mINFO [0m:      
[92mINFO [0m:      Received: evaluate message 1156afa9-f1ee-4491-9196-7212fc273d32
[92mINFO [0m:      Sent reply
[92mINFO [0m:      
[92mINFO [0m:      Received: evaluate message 7452d9e8-b1e0-4579-b3e5-39158a339757
[92mINFO [0m:      Sent reply
[92mINFO [0m:      
[92mINFO [0m:      Received: evaluate message d0bbc6d4-b785-418a-aa1c-c816a6b44213
[92mINFO [0m:      Sent reply
[92mINFO [0m:      
[92mINFO [0m:      Received: train message 5d915c28-7253-4d98-b27e-92031af99c8e
[92mINFO [0m:      Sent reply
[92mINFO [0m:      
[92mINFO [0m:      Received: evaluate message d17aa826-f29b-4d43-8638-ab976afb2bf9
[92mINFO [0m:      Sent reply
[92mINFO [0m:      
[92mINFO [0m:      Received: train message bda1da67-e2ff-4c57-897b-c2188984ea34
[92mINFO [0m:      Sent reply
[92mINFO [0m:      
[92mINFO [0m:      Received: evaluate message e4eaea42-f019-4635-9697-ebefa73cff6d
[92mINFO [0m:      Sent reply
[92mINFO [0m:      
[92mINFO [0m:      Received: train message e5ff66ce-f7f1-4e19-8a90-48e47ea55305
[92mINFO [0m:      Sent reply
[92mINFO [0m:      
[92mINFO [0m:      Received: evaluate message 80ee6a0d-4e7d-4c8e-9dfc-035d8ca379f0
[92mINFO [0m:      Sent reply
[92mINFO [0m:      
[92mINFO [0m:      Received: evaluate message f109b467-ca0d-4032-8ff1-83eb217e60b3
[92mINFO [0m:      Sent reply
[92mINFO [0m:      
[92mINFO [0m:      Received: train message 61496b97-0f1d-4c4b-bc2c-829793209750
[92mINFO [0m:      Sent reply
[92mINFO [0m:      
[92mINFO [0m:      Received: evaluate message 7fe59c82-d902-4f27-ac08-1e7002c7c9b6
[92mINFO [0m:      Sent reply
[92mINFO [0m:      
[92mINFO [0m:      Received: train message 66a8b423-5a2a-4531-8387-ad63d7819dc9
[92mINFO [0m:      Sent reply
[92mINFO [0m:      
[92mINFO [0m:      Received: evaluate message 6a845f04-66e9-4956-96aa-5dead2ef1655
[92mINFO [0m:      Sent reply
[92mINFO [0m:      
[92mINFO [0m:      Received: train message f376f5b3-e1aa-485f-92e3-c13be294a746
[92mINFO [0m:      Sent reply
[92mINFO [0m:      
[92mINFO [0m:      Received: train message 35c30f1a-5c64-4caa-b7f0-557434a200e9
[92mINFO [0m:      Sent reply
[92mINFO [0m:      
[92mINFO [0m:      Received: evaluate message 109364c2-f241-4da0-98f7-13ce3e86deb2
[92mINFO [0m:      Sent reply
[92mINFO [0m:      
[92mINFO [0m:      Received: train message ec718375-5686-4dc5-a556-b945748aea75
[92mINFO [0m:      Sent reply
[92mINFO [0m:      
[92mINFO [0m:      Received: train message 2c158968-8236-47da-9d59-5e3c4d25ff3f
[92mINFO [0m:      Sent reply
[92mINFO [0m:      
[92mINFO [0m:      Received: train message 9957899b-feaf-4c53-828a-8005e6ad6bfb
[92mINFO [0m:      Sent reply
[92mINFO [0m:      
[92mINFO [0m:      Received: evaluate message 6a38bcdf-51cc-4dbb-a31b-7775c986d37d
[92mINFO [0m:      Sent reply
[92mINFO [0m:      
[92mINFO [0m:      Received: train message 00dd1bdd-3277-43be-8f64-950c93c63449
[92mINFO [0m:      Sent reply
[92mINFO [0m:      
[92mINFO [0m:      Received: train message 2a3eeb6f-9dd4-4c3f-92d8-3158c26ee69a
[92mINFO [0m:      Sent reply
[92mINFO [0m:      
[92mINFO [0m:      Received: evaluate message 267d527a-b469-4eb6-85ab-c4d34c52c7bd
[92mINFO [0m:      Sent reply
[92mINFO [0m:      
[92mINFO [0m:      Received: train message 43e62037-c90f-4695-9507-3f8de0ac816e
[92mINFO [0m:      Sent reply
[92mINFO [0m:      
[92mINFO [0m:      Received: train message ae5fce6c-d8e8-491f-bd3c-4afc3e2d28ee
[92mINFO [0m:      Sent reply
[92mINFO [0m:      
[92mINFO [0m:      Received: train message 7fc9d0eb-0c3e-4110-8eef-66732d716776
[92mINFO [0m:      Sent reply
[92mINFO [0m:      
[92mINFO [0m:      Received: evaluate message b39640ea-2ef8-4d3e-865d-1c694a86eca3
[92mINFO [0m:      Sent reply
[92mINFO [0m:      
[92mINFO [0m:      Received: evaluate message a226d5ef-6e76-481e-bd4d-af4afa9fa8a1
[92mINFO [0m:      Sent reply
[92mINFO [0m:      
[92mINFO [0m:      Received: train message 503acda4-dd65-4419-bfbd-c18e2c2a83c8
[92mINFO [0m:      Sent reply
[92mINFO [0m:      
[92mINFO [0m:      Received: train message 329c0101-9c3a-4df2-8538-ee7d1e85efd0
[92mINFO [0m:      Sent reply
[92mINFO [0m:      
[92mINFO [0m:      Received: train message a27a0111-456e-483d-b888-8b9d93b70473
[92mINFO [0m:      Sent reply
[92mINFO [0m:      
[92mINFO [0m:      Received: evaluate message c6239d32-e5b2-4689-85a0-51bf3b9068d3
[92mINFO [0m:      Sent reply
[92mINFO [0m:      
[92mINFO [0m:      Received: train message 9dd91577-995a-453e-b1c2-31ecf21ecc45
[92mINFO [0m:      Sent reply
[92mINFO [0m:      
[92mINFO [0m:      Received: evaluate message aadc66d9-82f0-486e-8f4c-a2bc292eb108
[92mINFO [0m:      Sent reply
[92mINFO [0m:      
[92mINFO [0m:      Received: train message 9da9a5a7-7cf1-4d10-b583-0669d8abbe6b
[92mINFO [0m:      Sent reply
[92mINFO [0m:      
[92mINFO [0m:      Received: evaluate message eecab970-1dd6-42df-95b6-3f3fe4dbf71e
[92mINFO [0m:      Sent reply
[92mINFO [0m:      
[92mINFO [0m:      Received: train message a2453b2a-cbc6-463c-9f34-2e548f9d8674
[92mINFO [0m:      Sent reply
[92mINFO [0m:      
[92mINFO [0m:      Received: train message d142f4e0-9bcb-4cdc-8ac4-f4f651653636
[92mINFO [0m:      Sent reply
[92mINFO [0m:      
[92mINFO [0m:      Received: train message b57f3c0e-6aab-4ec2-8163-2998fdda5ab5
[92mINFO [0m:      Sent reply
[92mINFO [0m:      
[92mINFO [0m:      Received: evaluate message 358d1645-4ea9-4a21-bfe4-d2fde3a89851
[92mINFO [0m:      Sent reply
[92mINFO [0m:      
[92mINFO [0m:      Received: evaluate message 235a7c69-fdf8-4a5d-bd3f-2f94578360b5
[92mINFO [0m:      Sent reply
[92mINFO [0m:      
[92mINFO [0m:      Received: evaluate message 057334fa-1e04-41ec-ac20-c7d59626549d
[92mINFO [0m:      Sent reply
[92mINFO [0m:      
[92mINFO [0m:      Received: evaluate message c83eede3-00c3-41a4-8ae5-d042fdb37d33
[92mINFO [0m:      Sent reply
[92mINFO [0m:      
[92mINFO [0m:      Received: evaluate message f7b9b229-2f07-4e9c-a15b-43ad8b97b4b7
[92mINFO [0m:      Sent reply
[92mINFO [0m:      
[92mINFO [0m:      Received: evaluate message d2ea9137-6727-44ab-a0ae-775241e211de
[92mINFO [0m:      Sent reply
[92mINFO [0m:      
[92mINFO [0m:      Received: train message 8f8be791-3b26-4ae2-9e97-4fc4814c635b
[92mINFO [0m:      Sent reply
[92mINFO [0m:      
[92mINFO [0m:      Received: train message 7eab6844-75e3-447c-bfe8-63ef051ea8cb
[92mINFO [0m:      Sent reply
[92mINFO [0m:      
[92mINFO [0m:      Received: evaluate message 9fc9be25-8612-4472-8116-b84c45cb55e2
[92mINFO [0m:      Sent reply
[92mINFO [0m:      
[92mINFO [0m:      Received: train message d0c3c598-ea3d-4463-aa04-523edf38a07a
[92mINFO [0m:      Sent reply
[92mINFO [0m:      
[92mINFO [0m:      Received: evaluate message d83c61e4-b69a-463d-874c-d0a4e34b48bd
[92mINFO [0m:      Sent reply
[92mINFO [0m:      
[92mINFO [0m:      Received: evaluate message 99359398-6782-414e-a395-8891814a97cc
[92mINFO [0m:      Sent reply
[92mINFO [0m:      
[92mINFO [0m:      Received: evaluate message 81fdbbb2-bc1f-4eca-9f4c-376a0816c841
[92mINFO [0m:      Sent reply
[92mINFO [0m:      
[92mINFO [0m:      Received: train message cdba911e-0d10-447e-99a8-55767b529912
[92mINFO [0m:      Sent reply
[92mINFO [0m:      
[92mINFO [0m:      Received: evaluate message 0a55de2d-4f6c-4ac8-b7f8-cf8d3a66c7fc
[92mINFO [0m:      Sent reply
[92mINFO [0m:      
[92mINFO [0m:      Received: reconnect message 8aa8e479-8165-464a-836d-3c7be842b3d0
[92mINFO [0m:      Disconnect and shut down
