[93mWARNING [0m:   DEPRECATED FEATURE: flwr.client.start_client() is deprecated.
	Instead, use the `flower-supernode` CLI command to start a SuperNode as shown below:

		$ flower-supernode --insecure --superlink='<IP>:<PORT>'

	To view all available options, run:

		$ flower-supernode --help

	Using `start_client()` is deprecated.

            This is a deprecated feature. It will be removed
            entirely in future versions of Flower.
        
[92mINFO [0m:      
[92mINFO [0m:      Received: train message 36c4ade2-dd62-498e-938d-07426957335b
[92mINFO [0m:      Sent reply
[92mINFO [0m:      
[92mINFO [0m:      Received: evaluate message 08c08e31-5e2e-4cbe-9c44-6f944da1bcb7
[92mINFO [0m:      Sent reply
[92mINFO [0m:      
[92mINFO [0m:      Received: train message aa6569bc-57ee-42be-ab00-173f687ac36d
[92mINFO [0m:      Sent reply
[92mINFO [0m:      
[92mINFO [0m:      Received: evaluate message 7a68bb4b-1bd2-4b00-93cc-dd4b9cc28768
[92mINFO [0m:      Sent reply
[92mINFO [0m:      
[92mINFO [0m:      Received: train message 8fe7e51a-4c78-4926-8307-f4050adcbfa7
[92mINFO [0m:      Sent reply
[92mINFO [0m:      
[92mINFO [0m:      Received: evaluate message 383a60a8-d871-432c-b232-fcbb68a49ba1
[92mINFO [0m:      Sent reply
[92mINFO [0m:      
[92mINFO [0m:      Received: train message a8c804e0-6efc-4905-996c-c0fb739f39c2
[92mINFO [0m:      Sent reply
[92mINFO [0m:      
[92mINFO [0m:      Received: evaluate message 833418e7-d6bc-4630-9d4f-9b9a5effae5c
[92mINFO [0m:      Sent reply
[92mINFO [0m:      
[92mINFO [0m:      Received: evaluate message fbe486ef-4d51-4fa2-bd88-dd93e30210bf
[92mINFO [0m:      Sent reply
[92mINFO [0m:      
[92mINFO [0m:      Received: train message 7bb7c920-8b59-46b8-a7c0-3112e808d556
[92mINFO [0m:      Sent reply
[92mINFO [0m:      
[92mINFO [0m:      Received: evaluate message 8fb26561-d796-430f-9e03-a17536448a42
[92mINFO [0m:      Sent reply
[92mINFO [0m:      
[92mINFO [0m:      Received: train message a90734c8-7d2d-4d59-94ff-9b14f2750026
[92mINFO [0m:      Sent reply
[92mINFO [0m:      
[92mINFO [0m:      Received: evaluate message f14176c9-d96d-4863-a43a-09126b82b6d6
[92mINFO [0m:      Sent reply
[92mINFO [0m:      
[92mINFO [0m:      Received: evaluate message e637e53f-70d5-4b22-9ade-ff648456051f
[92mINFO [0m:      Sent reply
[92mINFO [0m:      
[92mINFO [0m:      Received: evaluate message 4b439792-a3f5-46d8-a6e1-cb5e0bf3ce6d
[92mINFO [0m:      Sent reply
[92mINFO [0m:      
[92mINFO [0m:      Received: evaluate message 420d8c39-7390-4177-9779-b6d56f0c5996
[92mINFO [0m:      Sent reply
[92mINFO [0m:      
[92mINFO [0m:      Received: train message 5d624739-2c5d-452a-95b5-8ee844a334e1
[92mINFO [0m:      Sent reply
[92mINFO [0m:      
[92mINFO [0m:      Received: evaluate message 451fafcb-a7e5-4914-b55a-140a6664b9b9
[92mINFO [0m:      Sent reply
[92mINFO [0m:      
[92mINFO [0m:      Received: train message b0a955df-473c-4dec-97c9-272177f5e197
[92mINFO [0m:      Sent reply
[92mINFO [0m:      
[92mINFO [0m:      Received: train message e7e1cca3-5375-488e-817d-8321fc3e0b8f
[92mINFO [0m:      Sent reply
[92mINFO [0m:      
[92mINFO [0m:      Received: train message 0594ec2a-2824-424f-8101-02d2ade7aca8
[92mINFO [0m:      Sent reply
[92mINFO [0m:      
[92mINFO [0m:      Received: evaluate message 99607574-6fdb-44d2-887e-c8099d2aaa53
[92mINFO [0m:      Sent reply
[92mINFO [0m:      
[92mINFO [0m:      Received: evaluate message f8c5c14c-a29c-48b2-8958-4000b3da0743
[92mINFO [0m:      Sent reply
[92mINFO [0m:      
[92mINFO [0m:      Received: train message 96ec34de-28af-4567-82a5-c3b40671e4ad
[92mINFO [0m:      Sent reply
[92mINFO [0m:      
[92mINFO [0m:      Received: evaluate message 2113b6cc-3394-46f7-9bd7-8a755543282f
[92mINFO [0m:      Sent reply
[92mINFO [0m:      
[92mINFO [0m:      Received: train message ab671124-c77c-4df5-af54-25e383a82c44
[92mINFO [0m:      Sent reply
[92mINFO [0m:      
[92mINFO [0m:      Received: evaluate message 60a6a2a0-6c33-419a-9e6d-c12454d10cf1
[92mINFO [0m:      Sent reply
[92mINFO [0m:      
[92mINFO [0m:      Received: train message a81d24e5-2358-4f7e-ba5a-8ed44cf1689f
[92mINFO [0m:      Sent reply
[92mINFO [0m:      
[92mINFO [0m:      Received: evaluate message 042df551-7512-4493-82fd-2b06ac37c91a
[92mINFO [0m:      Sent reply
[92mINFO [0m:      
[92mINFO [0m:      Received: train message 140bc47f-39ef-4eb3-af8a-e3bea4a5828f
[92mINFO [0m:      Sent reply
[92mINFO [0m:      
[92mINFO [0m:      Received: evaluate message 14405f0c-886e-44b2-9e22-5aa0a562f5e6
[92mINFO [0m:      Sent reply
[92mINFO [0m:      
[92mINFO [0m:      Received: train message 39733fb0-7fb1-43a8-895d-33be772fc0b7
[92mINFO [0m:      Sent reply
[92mINFO [0m:      
[92mINFO [0m:      Received: evaluate message 5d424ba3-dd7f-4200-831b-59c0430e327f
[92mINFO [0m:      Sent reply
[92mINFO [0m:      
[92mINFO [0m:      Received: train message e8f40117-d71f-4529-920b-8adf0ea43b47
[92mINFO [0m:      Sent reply
[92mINFO [0m:      
[92mINFO [0m:      Received: evaluate message 537b1d90-05b2-4144-99ab-bc01a35674b8
[92mINFO [0m:      Sent reply
[92mINFO [0m:      
[92mINFO [0m:      Received: train message 17cbfb96-30ed-4eb9-9fd9-eb2b97c877c2
[92mINFO [0m:      Sent reply
[92mINFO [0m:      
[92mINFO [0m:      Received: evaluate message 4c76cef7-6279-4b0f-adcc-b9e87dc8467a
[92mINFO [0m:      Sent reply
[92mINFO [0m:      
[92mINFO [0m:      Received: train message efeefa02-c30c-4053-96fa-5ae138b52cd9
[92mINFO [0m:      Sent reply
[92mINFO [0m:      
[92mINFO [0m:      Received: evaluate message 42a1373d-301c-4483-b648-c2831163a3e7
[92mINFO [0m:      Sent reply
[92mINFO [0m:      
[92mINFO [0m:      Received: train message b5989f8a-8424-4d39-80a8-b8dbf141d33f
[92mINFO [0m:      Sent reply
[92mINFO [0m:      
[92mINFO [0m:      Received: train message 2dfd9f4c-db36-4f73-b021-da184957fc5f
[92mINFO [0m:      Sent reply
[92mINFO [0m:      
[92mINFO [0m:      Received: evaluate message a2d1392c-2fbd-46a2-814c-02d1e3168a09
[92mINFO [0m:      Sent reply
[92mINFO [0m:      
[92mINFO [0m:      Received: train message 9694d671-87a9-4b5c-8c5c-eb3178eb0310
[92mINFO [0m:      Sent reply
[92mINFO [0m:      
[92mINFO [0m:      Received: evaluate message 7826b78b-776c-41f7-b493-cedfafb77e92
[92mINFO [0m:      Sent reply
[92mINFO [0m:      
[92mINFO [0m:      Received: train message f193386c-69b9-4107-90a2-381ac386ecdd
[92mINFO [0m:      Sent reply
[92mINFO [0m:      
[92mINFO [0m:      Received: evaluate message 83e289f0-df76-46c1-8717-6734be724a64
[92mINFO [0m:      Sent reply
[92mINFO [0m:      
[92mINFO [0m:      Received: train message 882c9dd1-33f7-4dfe-92f9-ec83ffa2adf5
[92mINFO [0m:      Sent reply
[92mINFO [0m:      
[92mINFO [0m:      Received: evaluate message c3e4164c-eda2-495e-a6cb-972e14bd1947
[92mINFO [0m:      Sent reply
[92mINFO [0m:      
[92mINFO [0m:      Received: train message 2f89ddd9-757d-49f8-80a7-da1580442ab5
[92mINFO [0m:      Sent reply
[92mINFO [0m:      
[92mINFO [0m:      Received: evaluate message 86b27b8e-e02f-4d9a-bc32-1b851fb2a8ad
[92mINFO [0m:      Sent reply
[92mINFO [0m:      
[92mINFO [0m:      Received: train message fbcde1cc-066b-4334-b051-64fde33126c0
[92mINFO [0m:      Sent reply
[92mINFO [0m:      
[92mINFO [0m:      Received: evaluate message 932b4f20-a38c-4d66-9203-759d375155b4
[92mINFO [0m:      Sent reply
[92mINFO [0m:      
[92mINFO [0m:      Received: evaluate message 4c13ce9c-2bee-4467-9dcb-e1e5e43726fe
[92mINFO [0m:      Sent reply
[92mINFO [0m:      
[92mINFO [0m:      Received: evaluate message c9be37cf-a133-423b-bb17-a9d07e2c3b68
[92mINFO [0m:      Sent reply
[92mINFO [0m:      
[92mINFO [0m:      Received: evaluate message 5f9efe74-242a-4676-96a7-fedc69b9675a
[92mINFO [0m:      Sent reply
[92mINFO [0m:      
[92mINFO [0m:      Received: train message bf1a6053-cf21-4f73-a4be-09446909afda
[92mINFO [0m:      Sent reply
[92mINFO [0m:      
[92mINFO [0m:      Received: evaluate message fc4d099e-3900-4243-9c13-77fc98a07dd2
[92mINFO [0m:      Sent reply
[92mINFO [0m:      
[92mINFO [0m:      Received: train message a5866984-24e6-4e07-80e7-c57b6029ca12
[92mINFO [0m:      Sent reply
[92mINFO [0m:      
[92mINFO [0m:      Received: train message 4a13def5-4e9e-4fa6-86ea-5e188edc0be9
[92mINFO [0m:      Sent reply
[92mINFO [0m:      
[92mINFO [0m:      Received: evaluate message 676e65ff-0dfb-4dbf-98a6-b0c81dd27a8c
[92mINFO [0m:      Sent reply
[92mINFO [0m:      
[92mINFO [0m:      Received: train message 8e69ed63-ce86-4cfe-8bf2-9d2361bbc7d8
[92mINFO [0m:      Sent reply
[92mINFO [0m:      
[92mINFO [0m:      Received: evaluate message ab2396f1-43ce-46b9-afcf-4bd46ea107de
[92mINFO [0m:      Sent reply
[92mINFO [0m:      
[92mINFO [0m:      Received: evaluate message 86fa5453-ae98-455a-a377-7fe33fa612d0
[92mINFO [0m:      Sent reply
[92mINFO [0m:      
[92mINFO [0m:      Received: evaluate message 5a14bb90-c104-4b32-8e50-0628cd3cf02c
[92mINFO [0m:      Sent reply
[92mINFO [0m:      
[92mINFO [0m:      Received: train message 23279c29-8df2-4450-a004-52717f2cfd20
[92mINFO [0m:      Sent reply
[92mINFO [0m:      
[92mINFO [0m:      Received: evaluate message b5147d42-0fd2-40b6-86d6-1ce6fe6edc10
[92mINFO [0m:      Sent reply
[92mINFO [0m:      
[92mINFO [0m:      Received: evaluate message a4c54ea2-8b19-42cb-bd5f-2594f04bd723
[92mINFO [0m:      Sent reply
[92mINFO [0m:      
[92mINFO [0m:      Received: train message 973a5343-5b8f-4da6-8d76-e49d44cb241b
[92mINFO [0m:      Sent reply
[92mINFO [0m:      
[92mINFO [0m:      Received: evaluate message 47de5d94-1aca-4fec-a064-8e66e874f408
[92mINFO [0m:      Sent reply
[92mINFO [0m:      
[92mINFO [0m:      Received: train message 26c13315-98f4-4f27-abfa-d36ab56dd02e
[92mINFO [0m:      Sent reply
[92mINFO [0m:      
[92mINFO [0m:      Received: evaluate message f6a7476f-9f03-4855-92ae-4b3cba7c9827
[92mINFO [0m:      Sent reply
[92mINFO [0m:      
[92mINFO [0m:      Received: train message 1cdad4ce-41b8-4e6d-b01d-0af49af78ed3
[92mINFO [0m:      Sent reply
[92mINFO [0m:      
[92mINFO [0m:      Received: train message e8e7bda0-aeb6-430a-8a0a-5d5c8afe98c3
[92mINFO [0m:      Sent reply
[92mINFO [0m:      
[92mINFO [0m:      Received: train message bbf8506b-7477-4139-a4c7-55557b078138
[92mINFO [0m:      Sent reply
[92mINFO [0m:      
[92mINFO [0m:      Received: evaluate message 49e5912c-6e69-45db-a812-1cfc5ee3058b
[92mINFO [0m:      Sent reply
[92mINFO [0m:      
[92mINFO [0m:      Received: train message d73e98d1-6351-4ef3-8bf2-a877184116f7
[92mINFO [0m:      Sent reply
[92mINFO [0m:      
[92mINFO [0m:      Received: train message 4b283090-d11f-48d5-ae17-789eed285b5f
[92mINFO [0m:      Sent reply
[92mINFO [0m:      
[92mINFO [0m:      Received: evaluate message 6aa26ddd-ce2a-43d8-b1fb-dbac7939010b
[92mINFO [0m:      Sent reply
[92mINFO [0m:      
[92mINFO [0m:      Received: train message b4480631-58b1-4aa1-a6a9-e665c0e4df0d
[92mINFO [0m:      Sent reply
[92mINFO [0m:      
[92mINFO [0m:      Received: evaluate message dfaeeb03-d30a-472d-9c8d-8e160c4cb632
[92mINFO [0m:      Sent reply
[92mINFO [0m:      
[92mINFO [0m:      Received: train message 66e698b7-d82b-4c0d-b9db-62162dc91da6
[92mINFO [0m:      Sent reply
[92mINFO [0m:      
[92mINFO [0m:      Received: evaluate message 88b1edc3-8317-40cf-a26b-c382275c105b
[92mINFO [0m:      Sent reply
[92mINFO [0m:      
[92mINFO [0m:      Received: evaluate message a4805916-26d5-4384-8fee-caff9a580c13
[92mINFO [0m:      Sent reply
[92mINFO [0m:      
[92mINFO [0m:      Received: train message 44f0aa61-09e5-44d2-87bc-e61cad982a91
[92mINFO [0m:      Sent reply
[92mINFO [0m:      
[92mINFO [0m:      Received: evaluate message de2b4f1f-e632-4c6c-900c-eb3c101b2a86
[92mINFO [0m:      Sent reply
[92mINFO [0m:      
[92mINFO [0m:      Received: evaluate message 161728c5-2a78-4daf-9353-945ab479890b
[92mINFO [0m:      Sent reply
[92mINFO [0m:      
[92mINFO [0m:      Received: train message 9d3a6366-0087-47d2-91fd-680c4e7b25a6
[92mINFO [0m:      Sent reply
[92mINFO [0m:      
[92mINFO [0m:      Received: evaluate message 3c45b87a-bc55-4b05-9db3-79503d23328a
[92mINFO [0m:      Sent reply
[92mINFO [0m:      
[92mINFO [0m:      Received: evaluate message 9648cbb6-6253-4215-99a8-20be41c09ad5
[92mINFO [0m:      Sent reply
[92mINFO [0m:      
[92mINFO [0m:      Received: train message d3bb4f8e-b298-48dc-b582-93ea04911688
[92mINFO [0m:      Sent reply
[92mINFO [0m:      
[92mINFO [0m:      Received: evaluate message 015ff707-2e16-499c-8285-20f94c41b201
[92mINFO [0m:      Sent reply
[92mINFO [0m:      
[92mINFO [0m:      Received: train message d2d002a7-2ea4-4f78-809b-3e63c0b06727
[92mINFO [0m:      Sent reply
[92mINFO [0m:      
[92mINFO [0m:      Received: evaluate message d3441faf-01ca-4f42-bcdb-e2aafc2e4d5d
[92mINFO [0m:      Sent reply
[92mINFO [0m:      
[92mINFO [0m:      Received: train message 29ec2807-ddb5-4f8f-aacd-eeec846b6687
[92mINFO [0m:      Sent reply
[92mINFO [0m:      
[92mINFO [0m:      Received: evaluate message dd83eda3-2d7f-4429-ba8f-af4b95bc0847
[92mINFO [0m:      Sent reply
[92mINFO [0m:      
[92mINFO [0m:      Received: train message aafa857f-e119-4434-9ebe-765a55e2b2e2
[92mINFO [0m:      Sent reply
[92mINFO [0m:      
[92mINFO [0m:      Received: evaluate message 70554519-97b5-483a-8369-50bb045a9b73
[92mINFO [0m:      Sent reply
[92mINFO [0m:      
[92mINFO [0m:      Received: evaluate message b481e212-bcf6-4a26-bb29-7bfbf1468e9c
[92mINFO [0m:      Sent reply
[92mINFO [0m:      
[92mINFO [0m:      Received: evaluate message c234345d-13f4-4a8f-8efb-9681cbf7c663
[92mINFO [0m:      Sent reply
[92mINFO [0m:      
[92mINFO [0m:      Received: train message 5e795f0d-ddb3-4f15-8762-26eec71cba5b
[92mINFO [0m:      Sent reply
[92mINFO [0m:      
[92mINFO [0m:      Received: evaluate message a65251b3-3105-4f20-8458-4a0c3f78ddc7
[92mINFO [0m:      Sent reply
[92mINFO [0m:      
[92mINFO [0m:      Received: train message 6d4def80-0cbb-4743-9d6f-e2bacc9be3fa
[92mINFO [0m:      Sent reply
[92mINFO [0m:      
[92mINFO [0m:      Received: train message 0f9e7e2c-6088-4fe8-a72c-f9a3bf30c704
[92mINFO [0m:      Sent reply
[92mINFO [0m:      
[92mINFO [0m:      Received: evaluate message eb0b27a0-8a43-42c4-98d4-b345ca24aa51
[92mINFO [0m:      Sent reply
[92mINFO [0m:      
[92mINFO [0m:      Received: evaluate message 9acb1cfd-7c35-448a-bf1e-72402ad59780
[92mINFO [0m:      Sent reply
[92mINFO [0m:      
[92mINFO [0m:      Received: train message 3ffde6cf-c6d7-4ec7-ae35-72b67ac33115
[92mINFO [0m:      Sent reply
[92mINFO [0m:      
[92mINFO [0m:      Received: train message ac6adda2-6ce5-48e1-b948-42fa71c827c3
[92mINFO [0m:      Sent reply
[92mINFO [0m:      
[92mINFO [0m:      Received: train message f5dd38bd-806d-4754-8fe9-0ac6fa71c54d
[92mINFO [0m:      Sent reply
[92mINFO [0m:      
[92mINFO [0m:      Received: evaluate message a60cb793-a8e1-43a0-9101-7400350df831
[92mINFO [0m:      Sent reply
[92mINFO [0m:      
[92mINFO [0m:      Received: train message 87cdcb00-de00-4922-80ef-5ac1efabd8c5
[92mINFO [0m:      Sent reply
[92mINFO [0m:      
[92mINFO [0m:      Received: train message b66b4f76-0651-4e13-b2a8-51686cf29dee
[92mINFO [0m:      Sent reply
[92mINFO [0m:      
[92mINFO [0m:      Received: evaluate message 0229c52a-a11f-4eb1-9e98-9f947a635258
[92mINFO [0m:      Sent reply
[92mINFO [0m:      
[92mINFO [0m:      Received: evaluate message 58381de6-fc23-443b-b1e8-bf94ceb011f8
[92mINFO [0m:      Sent reply
[92mINFO [0m:      
[92mINFO [0m:      Received: train message dd52ab8d-0cb2-4fc9-9394-a3bc0b64c32a
[92mINFO [0m:      Sent reply
[92mINFO [0m:      
[92mINFO [0m:      Received: evaluate message 3bd29856-7862-46fe-b007-d9ffa5123506
[92mINFO [0m:      Sent reply
[92mINFO [0m:      
[92mINFO [0m:      Received: evaluate message 682473d6-db3a-4afb-ab45-7fdfcc502511
[92mINFO [0m:      Sent reply
[92mINFO [0m:      
[92mINFO [0m:      Received: train message 3b5b41e5-c277-4886-b182-60f771fd2008
[92mINFO [0m:      Sent reply
[92mINFO [0m:      
[92mINFO [0m:      Received: evaluate message 8c7ac092-c83e-4b80-a9ff-237d14e6b6c7
[92mINFO [0m:      Sent reply
[92mINFO [0m:      
[92mINFO [0m:      Received: evaluate message 725f8d02-e63a-477c-8a4c-886bb7bac0cd
[92mINFO [0m:      Sent reply
[92mINFO [0m:      
[92mINFO [0m:      Received: evaluate message e2e77600-6790-4d1f-8c73-3e71adf7ead8
[92mINFO [0m:      Sent reply
[92mINFO [0m:      
[92mINFO [0m:      Received: train message 79901f9c-1db4-4797-81b0-a822071a4af1
[92mINFO [0m:      Sent reply
[92mINFO [0m:      
[92mINFO [0m:      Received: train message da77174d-ad5c-476f-9626-7e0001d23ff7
[92mINFO [0m:      Sent reply
[92mINFO [0m:      
[92mINFO [0m:      Received: train message afd24b10-1584-4866-a58a-f7ef23cf5100
[92mINFO [0m:      Sent reply
[92mINFO [0m:      
[92mINFO [0m:      Received: evaluate message 71ec4ed8-ce6e-45ab-9eef-e38caf562675
[92mINFO [0m:      Sent reply
[92mINFO [0m:      
[92mINFO [0m:      Received: train message f1089109-25c2-4b36-9359-72c400eb9dcb
[92mINFO [0m:      Sent reply
[92mINFO [0m:      
[92mINFO [0m:      Received: train message 39ec8756-d278-4a78-ab80-5dbe651a6a5a
[92mINFO [0m:      Sent reply
[92mINFO [0m:      
[92mINFO [0m:      Received: train message 2b6e0bed-bd17-431f-a727-95d831487410
[92mINFO [0m:      Sent reply
[92mINFO [0m:      
[92mINFO [0m:      Received: train message d902c15a-8035-4f38-a9b1-f2e2e1a49ee5
[92mINFO [0m:      Sent reply
[92mINFO [0m:      
[92mINFO [0m:      Received: evaluate message 03f7759e-c86c-47eb-a3b0-8b2df249217e
[92mINFO [0m:      Sent reply
[92mINFO [0m:      
[92mINFO [0m:      Received: reconnect message f0d4e69f-f938-497f-82e4-7c2eb221d47c
[92mINFO [0m:      Disconnect and shut down
