[93mWARNING [0m:   DEPRECATED FEATURE: flwr.client.start_client() is deprecated.
	Instead, use the `flower-supernode` CLI command to start a SuperNode as shown below:

		$ flower-supernode --insecure --superlink='<IP>:<PORT>'

	To view all available options, run:

		$ flower-supernode --help

	Using `start_client()` is deprecated.

            This is a deprecated feature. It will be removed
            entirely in future versions of Flower.
        
[92mINFO [0m:      
[92mINFO [0m:      Received: evaluate message b5ba6ca2-32b8-40eb-b1d5-99137c8c2495
[92mINFO [0m:      Sent reply
[92mINFO [0m:      
[92mINFO [0m:      Received: evaluate message e2268509-cf95-4bee-9aea-d277c7791cf1
[92mINFO [0m:      Sent reply
[92mINFO [0m:      
[92mINFO [0m:      Received: evaluate message c7911090-1e2f-4009-8a8c-c21b8583044f
[92mINFO [0m:      Sent reply
[92mINFO [0m:      
[92mINFO [0m:      Received: evaluate message 132e64cd-56e9-477f-9c53-bb91f88e3d8a
[92mINFO [0m:      Sent reply
[92mINFO [0m:      
[92mINFO [0m:      Received: train message 540e6373-48c5-43db-8d73-b7d8c4f83d46
[92mINFO [0m:      Sent reply
[92mINFO [0m:      
[92mINFO [0m:      Received: evaluate message dbf986ca-d829-44e3-ba6f-403bb3f71a21
[92mINFO [0m:      Sent reply
[92mINFO [0m:      
[92mINFO [0m:      Received: train message c144fb65-3728-433e-bac4-70dddcd08add
[92mINFO [0m:      Sent reply
[92mINFO [0m:      
[92mINFO [0m:      Received: train message 1d80de28-34ab-44b0-a9dd-bf686469e739
[92mINFO [0m:      Sent reply
[92mINFO [0m:      
[92mINFO [0m:      Received: train message acde3fdd-9289-4498-a594-620b54a74624
[92mINFO [0m:      Sent reply
[92mINFO [0m:      
[92mINFO [0m:      Received: evaluate message d3c8021a-346d-4b8e-8032-12aa3809e0fe
[92mINFO [0m:      Sent reply
[92mINFO [0m:      
[92mINFO [0m:      Received: evaluate message 1bf4fea2-6154-42f4-9c21-e8fffceba971
[92mINFO [0m:      Sent reply
[92mINFO [0m:      
[92mINFO [0m:      Received: train message 6f8f4fa1-a058-43f8-8ef6-33a604f67c00
[92mINFO [0m:      Sent reply
[92mINFO [0m:      
[92mINFO [0m:      Received: evaluate message c2777267-9846-496d-ac93-04878847b02a
[92mINFO [0m:      Sent reply
[92mINFO [0m:      
[92mINFO [0m:      Received: evaluate message c7c86267-43ea-45e1-bfbc-87ca3647846a
[92mINFO [0m:      Sent reply
[92mINFO [0m:      
[92mINFO [0m:      Received: train message 5987d1f6-241a-4557-a5a5-51fb4a62072c
[92mINFO [0m:      Sent reply
[92mINFO [0m:      
[92mINFO [0m:      Received: evaluate message be47c443-5971-403a-b0f5-a148a2d98987
[92mINFO [0m:      Sent reply
[92mINFO [0m:      
[92mINFO [0m:      Received: train message b2d4c485-567e-4c23-81ce-1c82d440fab6
[92mINFO [0m:      Sent reply
[92mINFO [0m:      
[92mINFO [0m:      Received: evaluate message bd45beea-27c1-4d92-b078-5cdb8d1b3b50
[92mINFO [0m:      Sent reply
[92mINFO [0m:      
[92mINFO [0m:      Received: evaluate message a97dc204-3f4f-4aba-af38-5695a8adef8d
[92mINFO [0m:      Sent reply
[92mINFO [0m:      
[92mINFO [0m:      Received: train message 1b1d7d5c-258f-4791-a2ce-1553a44c9a38
[92mINFO [0m:      Sent reply
[92mINFO [0m:      
[92mINFO [0m:      Received: train message 377e6f16-f4c5-4b87-baf3-7cbbf93046e0
[92mINFO [0m:      Sent reply
[92mINFO [0m:      
[92mINFO [0m:      Received: evaluate message 70821dc3-0f5a-40d4-b1a5-82cc86d00a1a
[92mINFO [0m:      Sent reply
[92mINFO [0m:      
[92mINFO [0m:      Received: train message ab26c5b2-fd75-4253-9255-dfa062df20e3
[92mINFO [0m:      Sent reply
[92mINFO [0m:      
[92mINFO [0m:      Received: evaluate message 0eccd997-f44a-43c2-a160-71cd8f0c7245
[92mINFO [0m:      Sent reply
[92mINFO [0m:      
[92mINFO [0m:      Received: train message 8bd3bc10-bc46-46d3-bc75-4609fd871eef
[92mINFO [0m:      Sent reply
[92mINFO [0m:      
[92mINFO [0m:      Received: evaluate message 4f73f5aa-b54c-4f98-89b6-d29ef64eb522
[92mINFO [0m:      Sent reply
[92mINFO [0m:      
[92mINFO [0m:      Received: train message a1823f60-522f-47ae-9518-2f7f5f9ecda2
[92mINFO [0m:      Sent reply
[92mINFO [0m:      
[92mINFO [0m:      Received: train message b05a8ce8-59c8-4905-8ab2-92b222f79066
[92mINFO [0m:      Sent reply
[92mINFO [0m:      
[92mINFO [0m:      Received: evaluate message 4b5b569a-4e46-4607-8876-afc6851de238
[92mINFO [0m:      Sent reply
[92mINFO [0m:      
[92mINFO [0m:      Received: evaluate message a621aac6-c0d4-4fe8-8b5d-47ce2c6a47d3
[92mINFO [0m:      Sent reply
[92mINFO [0m:      
[92mINFO [0m:      Received: train message 4cfea215-3f89-488b-ab8d-3ee3beecd98e
[92mINFO [0m:      Sent reply
[92mINFO [0m:      
[92mINFO [0m:      Received: evaluate message 4f9a654e-7b2d-48f1-b16f-79509951205a
[92mINFO [0m:      Sent reply
[92mINFO [0m:      
[92mINFO [0m:      Received: train message c9c3eca3-17e4-4c5a-a8db-7b8fff21b3cb
[92mINFO [0m:      Sent reply
[92mINFO [0m:      
[92mINFO [0m:      Received: evaluate message a8199c61-01d4-4f53-a576-0daae321664f
[92mINFO [0m:      Sent reply
[92mINFO [0m:      
[92mINFO [0m:      Received: train message 21a5e35c-5ef9-406d-993b-fb3d518013a4
[92mINFO [0m:      Sent reply
[92mINFO [0m:      
[92mINFO [0m:      Received: train message fde69200-5c69-45b0-883a-e9789699d4b7
[92mINFO [0m:      Sent reply
[92mINFO [0m:      
[92mINFO [0m:      Received: train message b1a9316a-d404-4eea-8f4a-0a14b79c87f0
[92mINFO [0m:      Sent reply
[92mINFO [0m:      
[92mINFO [0m:      Received: train message b4c0bb9c-bb9f-489b-8065-e6413ea307be
[92mINFO [0m:      Sent reply
[92mINFO [0m:      
[92mINFO [0m:      Received: evaluate message 62022dd5-b70c-4b56-b6c7-d46aeb791696
[92mINFO [0m:      Sent reply
[92mINFO [0m:      
[92mINFO [0m:      Received: train message 817d521b-6443-45a5-9836-d0c00138ca78
[92mINFO [0m:      Sent reply
[92mINFO [0m:      
[92mINFO [0m:      Received: train message 1ec99086-cb8d-4b28-a2a8-34b3b15d64e9
[92mINFO [0m:      Sent reply
[92mINFO [0m:      
[92mINFO [0m:      Received: evaluate message 875f49f3-b71f-43b6-bc45-3ba041f30010
[92mINFO [0m:      Sent reply
[92mINFO [0m:      
[92mINFO [0m:      Received: train message 6b10be3e-8069-4384-b8c0-53488daaf88e
[92mINFO [0m:      Sent reply
[92mINFO [0m:      
[92mINFO [0m:      Received: evaluate message c77f8e81-1b2d-413a-b8ec-a34e7888b21c
[92mINFO [0m:      Sent reply
[92mINFO [0m:      
[92mINFO [0m:      Received: train message 2d22ac6b-74ae-4203-9773-37c25dd6e0b2
[92mINFO [0m:      Sent reply
[92mINFO [0m:      
[92mINFO [0m:      Received: evaluate message c335e6e2-814a-4a47-a0f8-1d51828a9343
[92mINFO [0m:      Sent reply
[92mINFO [0m:      
[92mINFO [0m:      Received: evaluate message 375a129c-9be8-4ba7-b000-7139e5947ebd
[92mINFO [0m:      Sent reply
[92mINFO [0m:      
[92mINFO [0m:      Received: evaluate message 334ca055-49bd-4878-903d-b55ff93444aa
[92mINFO [0m:      Sent reply
[92mINFO [0m:      
[92mINFO [0m:      Received: evaluate message b69d90c7-c474-494b-a1ad-2cc7d55294d0
[92mINFO [0m:      Sent reply
[92mINFO [0m:      
[92mINFO [0m:      Received: train message 72950fe7-dfff-4472-a2e7-f275e86ac2be
[92mINFO [0m:      Sent reply
[92mINFO [0m:      
[92mINFO [0m:      Received: train message b062264e-fba5-4183-8214-4d0e7dbbe45b
[92mINFO [0m:      Sent reply
[92mINFO [0m:      
[92mINFO [0m:      Received: train message 3c0b7a1e-f250-4fa9-bec1-d4a4b52027a8
[92mINFO [0m:      Sent reply
[92mINFO [0m:      
[92mINFO [0m:      Received: train message 17601a4d-9dfc-44d5-90d0-ab9216eed770
[92mINFO [0m:      Sent reply
[92mINFO [0m:      
[92mINFO [0m:      Received: evaluate message f0d0762e-cd60-4e53-ac2e-543456bff73d
[92mINFO [0m:      Sent reply
[92mINFO [0m:      
[92mINFO [0m:      Received: evaluate message bdc9b2ea-9eb0-4e08-8f5b-789ee7fb21d6
[92mINFO [0m:      Sent reply
[92mINFO [0m:      
[92mINFO [0m:      Received: evaluate message 69741634-bb29-490d-9e24-06c6a2ca0e76
[92mINFO [0m:      Sent reply
[92mINFO [0m:      
[92mINFO [0m:      Received: evaluate message 27fd6c86-018e-4832-b62a-7665533d2c8e
[92mINFO [0m:      Sent reply
[92mINFO [0m:      
[92mINFO [0m:      Received: train message 1d67877b-abdd-47bb-b06f-ca8032130562
[92mINFO [0m:      Sent reply
[92mINFO [0m:      
[92mINFO [0m:      Received: evaluate message a879022d-effe-4ff5-b0da-57b530f6b9ce
[92mINFO [0m:      Sent reply
[92mINFO [0m:      
[92mINFO [0m:      Received: evaluate message 1a206204-d4ee-4420-a8d1-91924e4c4211
[92mINFO [0m:      Sent reply
[92mINFO [0m:      
[92mINFO [0m:      Received: evaluate message 6e41dbf8-73bb-4788-83ad-009de315dd67
[92mINFO [0m:      Sent reply
[92mINFO [0m:      
[92mINFO [0m:      Received: train message 2322e7aa-8f0a-48c7-b372-a12afcd5e330
[92mINFO [0m:      Sent reply
[92mINFO [0m:      
[92mINFO [0m:      Received: evaluate message 551515b1-a6a2-4042-a9aa-596df4c3ef99
[92mINFO [0m:      Sent reply
[92mINFO [0m:      
[92mINFO [0m:      Received: evaluate message a13684a7-643e-4028-9798-d923d10cb44b
[92mINFO [0m:      Sent reply
[92mINFO [0m:      
[92mINFO [0m:      Received: train message 61e6b894-3464-4c3c-98ef-570531c91da9
[92mINFO [0m:      Sent reply
[92mINFO [0m:      
[92mINFO [0m:      Received: train message ae234869-1042-4449-b320-3b68aaa7a92a
[92mINFO [0m:      Sent reply
[92mINFO [0m:      
[92mINFO [0m:      Received: evaluate message 369c2ea9-b7d8-41e0-8ff8-d582cf248297
[92mINFO [0m:      Sent reply
[92mINFO [0m:      
[92mINFO [0m:      Received: train message f437b8af-3975-44d3-9b0f-c32ae57b19d1
[92mINFO [0m:      Sent reply
[92mINFO [0m:      
[92mINFO [0m:      Received: train message 75a7c878-5057-4429-aa6d-e755ca335eee
[92mINFO [0m:      Sent reply
[92mINFO [0m:      
[92mINFO [0m:      Received: evaluate message 36996dbb-6356-4da7-bd8f-93bdd9577596
[92mINFO [0m:      Sent reply
[92mINFO [0m:      
[92mINFO [0m:      Received: evaluate message 6ecc71ff-2711-486b-80f9-dec1672a5e98
[92mINFO [0m:      Sent reply
[92mINFO [0m:      
[92mINFO [0m:      Received: evaluate message b84e0fd7-f72e-4aa7-a998-60c3046e49d2
[92mINFO [0m:      Sent reply
[92mINFO [0m:      
[92mINFO [0m:      Received: train message a629e498-fad3-42fe-959c-dd72161722cb
[92mINFO [0m:      Sent reply
[92mINFO [0m:      
[92mINFO [0m:      Received: evaluate message 8f378900-4285-4804-a1ae-ccf3d926c65a
[92mINFO [0m:      Sent reply
[92mINFO [0m:      
[92mINFO [0m:      Received: train message 1b7041ec-c861-4139-b466-5b67393ce2b3
[92mINFO [0m:      Sent reply
[92mINFO [0m:      
[92mINFO [0m:      Received: evaluate message 60c07d08-99d0-4b5a-99c2-5491f2cd0468
[92mINFO [0m:      Sent reply
[92mINFO [0m:      
[92mINFO [0m:      Received: train message 0d811179-7b76-4a64-8182-60692983b886
[92mINFO [0m:      Sent reply
[92mINFO [0m:      
[92mINFO [0m:      Received: train message daeb8a83-b659-4f5f-b289-2c19616674e9
[92mINFO [0m:      Sent reply
[92mINFO [0m:      
[92mINFO [0m:      Received: evaluate message ef47b540-0195-4443-9a79-1641a2e64f1b
[92mINFO [0m:      Sent reply
[92mINFO [0m:      
[92mINFO [0m:      Received: train message c447fead-312c-4c52-916b-94f009ecd21c
[92mINFO [0m:      Sent reply
[92mINFO [0m:      
[92mINFO [0m:      Received: train message b1e3a662-b394-4b4e-929e-3d43c5241f1a
[92mINFO [0m:      Sent reply
[92mINFO [0m:      
[92mINFO [0m:      Received: evaluate message a03188d8-2cce-44e9-bb61-c8372d1899d6
[92mINFO [0m:      Sent reply
[92mINFO [0m:      
[92mINFO [0m:      Received: evaluate message 18a9ca4a-325a-4673-b817-97fca4a39257
[92mINFO [0m:      Sent reply
[92mINFO [0m:      
[92mINFO [0m:      Received: train message 1e38c5f8-1fde-49f5-a318-0d4ff2f05032
[92mINFO [0m:      Sent reply
[92mINFO [0m:      
[92mINFO [0m:      Received: evaluate message 3fd48583-6a95-4cea-89d5-f46b78a0f1cd
[92mINFO [0m:      Sent reply
[92mINFO [0m:      
[92mINFO [0m:      Received: train message a64e9bec-db57-4b95-9669-aa40cb8a15ac
[92mINFO [0m:      Sent reply
[92mINFO [0m:      
[92mINFO [0m:      Received: evaluate message e84997fd-257a-4967-bb95-ac97668cebf8
[92mINFO [0m:      Sent reply
[92mINFO [0m:      
[92mINFO [0m:      Received: train message cbd9038a-1b84-4f1c-b331-7e308d767b48
[92mINFO [0m:      Sent reply
[92mINFO [0m:      
[92mINFO [0m:      Received: evaluate message d948d5f5-c112-4644-8b28-5740c5cbfc54
[92mINFO [0m:      Sent reply
[92mINFO [0m:      
[92mINFO [0m:      Received: train message d6fae2c0-0886-4d83-8dc0-5be98bc7eb16
[92mINFO [0m:      Sent reply
[92mINFO [0m:      
[92mINFO [0m:      Received: train message 922548ac-3312-42da-907d-b286e09c4905
[92mINFO [0m:      Sent reply
[92mINFO [0m:      
[92mINFO [0m:      Received: evaluate message 120ac053-692a-4e81-ba1a-4960e17a4240
[92mINFO [0m:      Sent reply
[92mINFO [0m:      
[92mINFO [0m:      Received: evaluate message c2042404-e8ee-45b6-b526-93c435f6613a
[92mINFO [0m:      Sent reply
[92mINFO [0m:      
[92mINFO [0m:      Received: evaluate message 3693e94c-1049-4131-ae67-cf2d2115e202
[92mINFO [0m:      Sent reply
[92mINFO [0m:      
[92mINFO [0m:      Received: evaluate message 5fdfa6c7-150b-4108-9884-da9c67a84a6e
[92mINFO [0m:      Sent reply
[92mINFO [0m:      
[92mINFO [0m:      Received: train message 69bb480f-9ba5-451c-b719-a81824d1a604
[92mINFO [0m:      Sent reply
[92mINFO [0m:      
[92mINFO [0m:      Received: evaluate message 64cd7b93-5950-4bff-93c0-5c83200d0c38
[92mINFO [0m:      Sent reply
[92mINFO [0m:      
[92mINFO [0m:      Received: train message b299a19e-6efa-4bfe-b2aa-eb8d539abc34
[92mINFO [0m:      Sent reply
[92mINFO [0m:      
[92mINFO [0m:      Received: evaluate message e2837e5b-56cc-4f58-b49f-16c0c7266016
[92mINFO [0m:      Sent reply
[92mINFO [0m:      
[92mINFO [0m:      Received: train message b22b2189-4840-435e-9b13-0a5308b9d747
[92mINFO [0m:      Sent reply
[92mINFO [0m:      
[92mINFO [0m:      Received: evaluate message 3bead262-6602-424d-a1f3-e3c422282446
[92mINFO [0m:      Sent reply
[92mINFO [0m:      
[92mINFO [0m:      Received: train message e96dbd91-b442-443d-ad8b-53d23c00fdfe
[92mINFO [0m:      Sent reply
[92mINFO [0m:      
[92mINFO [0m:      Received: train message 7882ea0d-63e3-4fcc-b4b6-6d4962b8facf
[92mINFO [0m:      Sent reply
[92mINFO [0m:      
[92mINFO [0m:      Received: train message eb8acf01-0de8-4744-b2da-ec60dea5b3a9
[92mINFO [0m:      Sent reply
[92mINFO [0m:      
[92mINFO [0m:      Received: evaluate message 21db9e90-3909-4b00-b9fa-3ce7da0c6a2f
[92mINFO [0m:      Sent reply
[92mINFO [0m:      
[92mINFO [0m:      Received: train message eaec4691-dfba-43ce-bdfc-cbfd28cf604f
[92mINFO [0m:      Sent reply
[92mINFO [0m:      
[92mINFO [0m:      Received: train message fea61fac-0581-4fa2-94d4-516299cc6bcf
[92mINFO [0m:      Sent reply
[92mINFO [0m:      
[92mINFO [0m:      Received: evaluate message eb9b03ca-713f-48dc-9eb8-e6e544545bc3
[92mINFO [0m:      Sent reply
[92mINFO [0m:      
[92mINFO [0m:      Received: train message b44ad8c6-2d95-4d82-af4f-49f93904b986
[92mINFO [0m:      Sent reply
[92mINFO [0m:      
[92mINFO [0m:      Received: evaluate message f645cd40-7368-429f-bafc-3fdd32411261
[92mINFO [0m:      Sent reply
[92mINFO [0m:      
[92mINFO [0m:      Received: evaluate message 729c7204-04f5-4bd0-8a67-0098d6c212bf
[92mINFO [0m:      Sent reply
[92mINFO [0m:      
[92mINFO [0m:      Received: train message 4e12dd1b-8aa3-4b28-a1ee-4ecea20cbd08
[92mINFO [0m:      Sent reply
[92mINFO [0m:      
[92mINFO [0m:      Received: evaluate message 54ec8f83-400a-4308-b6ad-b789ce02d206
[92mINFO [0m:      Sent reply
[92mINFO [0m:      
[92mINFO [0m:      Received: train message ba9f454d-4ae5-43ee-bebc-c55036cae0f4
[92mINFO [0m:      Sent reply
[92mINFO [0m:      
[92mINFO [0m:      Received: evaluate message b3438780-f3c3-4beb-992f-df4a17afb631
[92mINFO [0m:      Sent reply
[92mINFO [0m:      
[92mINFO [0m:      Received: evaluate message 5072bde0-7535-4abd-a1f1-adca89925eb6
[92mINFO [0m:      Sent reply
[92mINFO [0m:      
[92mINFO [0m:      Received: evaluate message 0f162ce4-7192-46ef-a49a-3e2f5f2899fb
[92mINFO [0m:      Sent reply
[92mINFO [0m:      
[92mINFO [0m:      Received: train message ceff2893-948f-4973-919a-6dadb23c2453
[92mINFO [0m:      Sent reply
[92mINFO [0m:      
[92mINFO [0m:      Received: evaluate message a4a8b405-e2bb-4231-ae27-2b6547a6e899
[92mINFO [0m:      Sent reply
[92mINFO [0m:      
[92mINFO [0m:      Received: reconnect message 8b213bcf-bbe9-4434-9e1b-dce0f13e3c6a
[92mINFO [0m:      Disconnect and shut down
