[93mWARNING [0m:   DEPRECATED FEATURE: flwr.client.start_client() is deprecated.
	Instead, use the `flower-supernode` CLI command to start a SuperNode as shown below:

		$ flower-supernode --insecure --superlink='<IP>:<PORT>'

	To view all available options, run:

		$ flower-supernode --help

	Using `start_client()` is deprecated.

            This is a deprecated feature. It will be removed
            entirely in future versions of Flower.
        
[92mINFO [0m:      
[92mINFO [0m:      Received: evaluate message 342809cf-75d3-455f-9d58-abe67de77c2c
[92mINFO [0m:      Sent reply
[92mINFO [0m:      
[92mINFO [0m:      Received: train message d964b298-125f-430e-ba6f-052128b4af18
[92mINFO [0m:      Sent reply
[92mINFO [0m:      
[92mINFO [0m:      Received: evaluate message 96136c10-3b75-4c7c-9962-261e10ba451b
[92mINFO [0m:      Sent reply
[92mINFO [0m:      
[92mINFO [0m:      Received: train message d9153666-168f-4368-a5eb-7bc4c68f8f97
[92mINFO [0m:      Sent reply
[92mINFO [0m:      
[92mINFO [0m:      Received: evaluate message 15f6f385-d88c-4bdd-bc09-88a35f308415
[92mINFO [0m:      Sent reply
[92mINFO [0m:      
[92mINFO [0m:      Received: evaluate message 3d4da448-766d-4c15-84c5-67c0a0e53d17
[92mINFO [0m:      Sent reply
[92mINFO [0m:      
[92mINFO [0m:      Received: train message 5d2c1f81-8aff-4196-b1f3-ded84632fea6
[92mINFO [0m:      Sent reply
[92mINFO [0m:      
[92mINFO [0m:      Received: train message 2f752057-ad9e-49fe-9192-4890a4694381
[92mINFO [0m:      Sent reply
[92mINFO [0m:      
[92mINFO [0m:      Received: evaluate message 3e38c823-bbad-4700-b5be-277e68e533fa
[92mINFO [0m:      Sent reply
[92mINFO [0m:      
[92mINFO [0m:      Received: train message 800a0d68-f92d-43ca-9c58-522a1086d7aa
[92mINFO [0m:      Sent reply
[92mINFO [0m:      
[92mINFO [0m:      Received: train message e0368028-3d41-4964-a98c-aa9485920717
[92mINFO [0m:      Sent reply
[92mINFO [0m:      
[92mINFO [0m:      Received: evaluate message 78403912-6417-47e1-9761-1613b6403996
[92mINFO [0m:      Sent reply
[92mINFO [0m:      
[92mINFO [0m:      Received: evaluate message 10ca99c9-9a56-4b42-a2b9-9b8467c8ce1a
[92mINFO [0m:      Sent reply
[92mINFO [0m:      
[92mINFO [0m:      Received: train message 47d6ac18-c5eb-4283-82d7-5b142c5df102
[92mINFO [0m:      Sent reply
[92mINFO [0m:      
[92mINFO [0m:      Received: evaluate message 94677c80-684a-4fc0-b9b8-81865b345320
[92mINFO [0m:      Sent reply
[92mINFO [0m:      
[92mINFO [0m:      Received: evaluate message 1ad2e5e6-d050-4b5b-a2e8-b32474093750
[92mINFO [0m:      Sent reply
[92mINFO [0m:      
[92mINFO [0m:      Received: train message ecba2d16-3ff7-4f0e-89bd-48c47d479e92
[92mINFO [0m:      Sent reply
[92mINFO [0m:      
[92mINFO [0m:      Received: evaluate message 52c9da3b-744a-4fd4-babe-05e43798cefa
[92mINFO [0m:      Sent reply
[92mINFO [0m:      
[92mINFO [0m:      Received: evaluate message b5ed0b2b-f715-4f4e-94bb-0d7fb0d86a0c
[92mINFO [0m:      Sent reply
[92mINFO [0m:      
[92mINFO [0m:      Received: train message 2ad4f927-fa2a-4c8b-9349-81531ed8a154
[92mINFO [0m:      Sent reply
[92mINFO [0m:      
[92mINFO [0m:      Received: train message 8b814f27-157e-4083-9dcd-f20e8977da66
[92mINFO [0m:      Sent reply
[92mINFO [0m:      
[92mINFO [0m:      Received: evaluate message c6303f2a-48fb-440a-9f09-27675fd341a9
[92mINFO [0m:      Sent reply
[92mINFO [0m:      
[92mINFO [0m:      Received: train message 00e89110-2747-4447-b070-4f618c96b689
[92mINFO [0m:      Sent reply
[92mINFO [0m:      
[92mINFO [0m:      Received: evaluate message c41e4cea-668f-4b93-aba3-6f3c67662a67
[92mINFO [0m:      Sent reply
[92mINFO [0m:      
[92mINFO [0m:      Received: evaluate message 47878036-e0de-45b0-862b-523056a52265
[92mINFO [0m:      Sent reply
[92mINFO [0m:      
[92mINFO [0m:      Received: train message 7f7d5fd6-a4fc-4bf0-9c6b-6ca05c2eef54
[92mINFO [0m:      Sent reply
[92mINFO [0m:      
[92mINFO [0m:      Received: evaluate message c5f69967-c48f-4c41-804c-590b13b0b488
[92mINFO [0m:      Sent reply
[92mINFO [0m:      
[92mINFO [0m:      Received: train message 58e26541-cab8-448d-87c0-faf4b799d5f5
[92mINFO [0m:      Sent reply
[92mINFO [0m:      
[92mINFO [0m:      Received: evaluate message 6b280f08-7bc0-4a46-9192-27d635c6c178
[92mINFO [0m:      Sent reply
[92mINFO [0m:      
[92mINFO [0m:      Received: evaluate message 2184737d-bba3-419a-a728-9c4729063f05
[92mINFO [0m:      Sent reply
[92mINFO [0m:      
[92mINFO [0m:      Received: evaluate message 55b2cc75-74fe-4468-8031-7ee94adbf007
[92mINFO [0m:      Sent reply
[92mINFO [0m:      
[92mINFO [0m:      Received: train message 092e66c5-f7a4-4743-9832-cc7350d409af
[92mINFO [0m:      Sent reply
[92mINFO [0m:      
[92mINFO [0m:      Received: train message d5159110-04f5-43f5-98cd-4c2beeecbbfc
[92mINFO [0m:      Sent reply
[92mINFO [0m:      
[92mINFO [0m:      Received: evaluate message 047e27ba-b5c8-423a-b1ea-5f047ad8f5f3
[92mINFO [0m:      Sent reply
[92mINFO [0m:      
[92mINFO [0m:      Received: train message 5c1eefa5-6554-44d2-867f-a7655779b994
[92mINFO [0m:      Sent reply
[92mINFO [0m:      
[92mINFO [0m:      Received: evaluate message daf9b24d-ce38-49f6-ae3b-b2ba490079ba
[92mINFO [0m:      Sent reply
[92mINFO [0m:      
[92mINFO [0m:      Received: evaluate message 7b906bd1-110e-4e70-89c0-f2f7ec5c7dce
[92mINFO [0m:      Sent reply
[92mINFO [0m:      
[92mINFO [0m:      Received: evaluate message 8943649b-db6e-4112-9ffe-928e6228829a
[92mINFO [0m:      Sent reply
[92mINFO [0m:      
[92mINFO [0m:      Received: train message e38a53ea-7e04-4dc2-b2f9-5e73a7fd32a5
[92mINFO [0m:      Sent reply
[92mINFO [0m:      
[92mINFO [0m:      Received: evaluate message 6f698c43-ce30-4b4b-8480-7305a7a3355b
[92mINFO [0m:      Sent reply
[92mINFO [0m:      
[92mINFO [0m:      Received: train message a2d6a5f5-ee7b-4540-9a78-b9a595c94317
[92mINFO [0m:      Sent reply
[92mINFO [0m:      
[92mINFO [0m:      Received: train message de73cffd-bb5c-4673-8ba4-d8f85ab79f42
[92mINFO [0m:      Sent reply
[92mINFO [0m:      
[92mINFO [0m:      Received: evaluate message afba207b-6188-4a0e-b0e6-6e9c4dd79dac
[92mINFO [0m:      Sent reply
[92mINFO [0m:      
[92mINFO [0m:      Received: train message 16a18ac5-3615-41ce-a593-718b6de55d04
[92mINFO [0m:      Sent reply
[92mINFO [0m:      
[92mINFO [0m:      Received: evaluate message e26e0ac1-c20d-4303-8870-4b7555e270e3
[92mINFO [0m:      Sent reply
[92mINFO [0m:      
[92mINFO [0m:      Received: evaluate message 02343e70-c4b8-450b-988f-b590ac5e4c4a
[92mINFO [0m:      Sent reply
[92mINFO [0m:      
[92mINFO [0m:      Received: evaluate message dde0f85b-6f6e-4c3d-bc10-19f3890422c8
[92mINFO [0m:      Sent reply
[92mINFO [0m:      
[92mINFO [0m:      Received: evaluate message 980281e4-c220-4fb3-8785-05abf8c6c8d9
[92mINFO [0m:      Sent reply
[92mINFO [0m:      
[92mINFO [0m:      Received: train message bc95a16d-06b3-456f-a2fd-06829e4e4732
[92mINFO [0m:      Sent reply
[92mINFO [0m:      
[92mINFO [0m:      Received: evaluate message 632fcdc1-6732-49e9-84bb-3afeef1e0178
[92mINFO [0m:      Sent reply
[92mINFO [0m:      
[92mINFO [0m:      Received: train message 109d688b-e5b6-45bd-8ed8-e6f8a996bf70
[92mINFO [0m:      Sent reply
[92mINFO [0m:      
[92mINFO [0m:      Received: train message e273d480-fa67-4e06-a36d-639aeb0dc018
[92mINFO [0m:      Sent reply
[92mINFO [0m:      
[92mINFO [0m:      Received: train message ec59e068-5073-4507-acf5-cf7d897ae51d
[92mINFO [0m:      Sent reply
[92mINFO [0m:      
[92mINFO [0m:      Received: evaluate message 594005b9-0684-48ac-9737-e0992f812e58
[92mINFO [0m:      Sent reply
[92mINFO [0m:      
[92mINFO [0m:      Received: train message 3d1308b6-0dae-4ea5-9d9c-fddd6e3d66e0
[92mINFO [0m:      Sent reply
[92mINFO [0m:      
[92mINFO [0m:      Received: evaluate message 177bffc7-22eb-4a54-a66d-542e37bda4ed
[92mINFO [0m:      Sent reply
[92mINFO [0m:      
[92mINFO [0m:      Received: train message 34947557-e170-48ff-bac8-ad3b670c4463
[92mINFO [0m:      Sent reply
[92mINFO [0m:      
[92mINFO [0m:      Received: train message 08810295-5613-4d39-86c6-b622228af9cb
[92mINFO [0m:      Sent reply
[92mINFO [0m:      
[92mINFO [0m:      Received: train message e9a7f8b3-00d4-4467-be01-3523df07366c
[92mINFO [0m:      Sent reply
[92mINFO [0m:      
[92mINFO [0m:      Received: train message 966fcb76-da99-474b-8205-49077aafc0a3
[92mINFO [0m:      Sent reply
[92mINFO [0m:      
[92mINFO [0m:      Received: evaluate message 2c70e3d5-669b-4d46-b72d-60dbe1d69edd
[92mINFO [0m:      Sent reply
[92mINFO [0m:      
[92mINFO [0m:      Received: train message 312dc4b3-23d1-4ed0-8031-acfdbf1c956a
[92mINFO [0m:      Sent reply
[92mINFO [0m:      
[92mINFO [0m:      Received: evaluate message e82fdd25-1f59-4a92-83b6-3f170e2252d1
[92mINFO [0m:      Sent reply
[92mINFO [0m:      
[92mINFO [0m:      Received: train message 26866890-907b-4306-b099-e824789d0b97
[92mINFO [0m:      Sent reply
[92mINFO [0m:      
[92mINFO [0m:      Received: evaluate message 6defbb5e-7173-4a93-9809-a98ce5847086
[92mINFO [0m:      Sent reply
[92mINFO [0m:      
[92mINFO [0m:      Received: train message 650d9907-79c8-4f0a-8ffc-c37f8b534314
[92mINFO [0m:      Sent reply
[92mINFO [0m:      
[92mINFO [0m:      Received: evaluate message 27acc1c1-8f8b-4d0f-bab9-fbcf3ee84d6c
[92mINFO [0m:      Sent reply
[92mINFO [0m:      
[92mINFO [0m:      Received: train message 8e91a2b2-ef35-4bef-9244-5d004490fb28
[92mINFO [0m:      Sent reply
[92mINFO [0m:      
[92mINFO [0m:      Received: evaluate message ee372573-9113-4de9-94e0-e88bfe2c0eda
[92mINFO [0m:      Sent reply
[92mINFO [0m:      
[92mINFO [0m:      Received: train message bba42b2b-1c47-4323-88a1-4bcd148fa782
[92mINFO [0m:      Sent reply
[92mINFO [0m:      
[92mINFO [0m:      Received: train message 0ede7c13-758f-4b5a-a821-92c8d20a1c24
[92mINFO [0m:      Sent reply
[92mINFO [0m:      
[92mINFO [0m:      Received: evaluate message 406d3801-f7d4-4477-ac3e-616516cd6fac
[92mINFO [0m:      Sent reply
[92mINFO [0m:      
[92mINFO [0m:      Received: train message e897035a-4605-4dbd-806c-7f24d6ea937f
[92mINFO [0m:      Sent reply
[92mINFO [0m:      
[92mINFO [0m:      Received: evaluate message ea56c141-3fb2-4db5-8053-19160b45b8d9
[92mINFO [0m:      Sent reply
[92mINFO [0m:      
[92mINFO [0m:      Received: evaluate message 58a6ce12-483b-4c59-8de9-5bc14b8d473b
[92mINFO [0m:      Sent reply
[92mINFO [0m:      
[92mINFO [0m:      Received: train message 61e3db48-3e36-40f9-965b-4fba0347a3f8
[92mINFO [0m:      Sent reply
[92mINFO [0m:      
[92mINFO [0m:      Received: evaluate message d638ac48-5aa8-41ac-b18a-dd8c23655afd
[92mINFO [0m:      Sent reply
[92mINFO [0m:      
[92mINFO [0m:      Received: train message ea0cb774-f76f-4662-b244-f1c7760743db
[92mINFO [0m:      Sent reply
[92mINFO [0m:      
[92mINFO [0m:      Received: evaluate message 45705611-aeeb-4c8e-87b5-69476d4d6df5
[92mINFO [0m:      Sent reply
[92mINFO [0m:      
[92mINFO [0m:      Received: train message 90f6fa7c-c450-4aa0-830a-955500edc652
[92mINFO [0m:      Sent reply
[92mINFO [0m:      
[92mINFO [0m:      Received: evaluate message 6a312e5f-c52c-470b-ba14-c54c863f4e08
[92mINFO [0m:      Sent reply
[92mINFO [0m:      
[92mINFO [0m:      Received: train message 7b296878-ccd7-421d-971b-5c3ecb052154
[92mINFO [0m:      Sent reply
[92mINFO [0m:      
[92mINFO [0m:      Received: evaluate message 461bf4b0-093d-43c6-a083-ab19829f4785
[92mINFO [0m:      Sent reply
[92mINFO [0m:      
[92mINFO [0m:      Received: train message e6c20b42-d136-4208-aeaa-a809f72371d9
[92mINFO [0m:      Sent reply
[92mINFO [0m:      
[92mINFO [0m:      Received: evaluate message 8929ced0-3a4d-4782-9027-a73a6d1828aa
[92mINFO [0m:      Sent reply
[92mINFO [0m:      
[92mINFO [0m:      Received: train message b931e321-e4d8-4929-9f63-06a45d565edd
[92mINFO [0m:      Sent reply
[92mINFO [0m:      
[92mINFO [0m:      Received: evaluate message 43915a62-1104-45ef-9aab-f7fded130735
[92mINFO [0m:      Sent reply
[92mINFO [0m:      
[92mINFO [0m:      Received: train message 5dff4672-2f78-4dca-911a-7b8e1253c13c
[92mINFO [0m:      Sent reply
[92mINFO [0m:      
[92mINFO [0m:      Received: evaluate message bf0f3272-9dec-4cf5-bff9-acfb5662757d
[92mINFO [0m:      Sent reply
[92mINFO [0m:      
[92mINFO [0m:      Received: train message dbf1f9ed-2c7e-4f6f-aac4-242274e1617c
[92mINFO [0m:      Sent reply
[92mINFO [0m:      
[92mINFO [0m:      Received: evaluate message a1858682-5540-421a-aa14-bbee2f3a1ed6
[92mINFO [0m:      Sent reply
[92mINFO [0m:      
[92mINFO [0m:      Received: train message 9003a6f8-0d3e-413e-ab05-0c8be826c540
[92mINFO [0m:      Sent reply
[92mINFO [0m:      
[92mINFO [0m:      Received: evaluate message 2395b1c3-001c-40a2-92aa-69630a7da0fa
[92mINFO [0m:      Sent reply
[92mINFO [0m:      
[92mINFO [0m:      Received: train message f2c06083-8435-4b76-9cf8-99c6029a5ef7
[92mINFO [0m:      Sent reply
[92mINFO [0m:      
[92mINFO [0m:      Received: train message a2576915-08cd-43ef-8674-8a7745cd4045
[92mINFO [0m:      Sent reply
[92mINFO [0m:      
[92mINFO [0m:      Received: train message 74925b1e-a092-402c-916a-c9b1a6b536ac
[92mINFO [0m:      Sent reply
[92mINFO [0m:      
[92mINFO [0m:      Received: train message cad18761-1f64-4ecb-895a-982591face49
[92mINFO [0m:      Sent reply
[92mINFO [0m:      
[92mINFO [0m:      Received: evaluate message 014e03be-5019-4a83-bba6-11b834e4b73c
[92mINFO [0m:      Sent reply
[92mINFO [0m:      
[92mINFO [0m:      Received: train message 71ef730d-c71d-40aa-ae49-5580f82441b0
[92mINFO [0m:      Sent reply
[92mINFO [0m:      
[92mINFO [0m:      Received: evaluate message f9495e21-6d91-42c3-9258-9073afe3a698
[92mINFO [0m:      Sent reply
[92mINFO [0m:      
[92mINFO [0m:      Received: train message 37e9e696-f881-4e40-8feb-a2d365173d5e
[92mINFO [0m:      Sent reply
[92mINFO [0m:      
[92mINFO [0m:      Received: train message d3a7b813-191d-4f91-98d2-f0ba08dfa8df
[92mINFO [0m:      Sent reply
[92mINFO [0m:      
[92mINFO [0m:      Received: evaluate message b73a5adf-f214-4e01-9395-0609ad0e2715
[92mINFO [0m:      Sent reply
[92mINFO [0m:      
[92mINFO [0m:      Received: train message 0a9d61cb-3352-4de8-a2c7-f97ce471fcc8
[92mINFO [0m:      Sent reply
[92mINFO [0m:      
[92mINFO [0m:      Received: train message c5923f3d-e7b5-406f-998b-3bbe4fd83211
[92mINFO [0m:      Sent reply
[92mINFO [0m:      
[92mINFO [0m:      Received: evaluate message 73f60749-81f9-4098-b02c-d2e9fa134ca0
[92mINFO [0m:      Sent reply
[92mINFO [0m:      
[92mINFO [0m:      Received: evaluate message 8f7ebea0-8e96-480f-b640-7e30ff280199
[92mINFO [0m:      Sent reply
[92mINFO [0m:      
[92mINFO [0m:      Received: evaluate message 5ef4c511-ef1d-4b08-9668-50afcb755a20
[92mINFO [0m:      Sent reply
[92mINFO [0m:      
[92mINFO [0m:      Received: evaluate message 1259f2f2-b3ee-4bb9-8325-c3d9c051afef
[92mINFO [0m:      Sent reply
[92mINFO [0m:      
[92mINFO [0m:      Received: train message cd18d943-6a5c-447e-b89f-70f789aba7cc
[92mINFO [0m:      Sent reply
[92mINFO [0m:      
[92mINFO [0m:      Received: evaluate message bb419bc4-d2ed-4c6b-b747-5814990c4f5e
[92mINFO [0m:      Sent reply
[92mINFO [0m:      
[92mINFO [0m:      Received: train message f2cfa726-ebb2-4a8d-8359-7536cbbc7117
[92mINFO [0m:      Sent reply
[92mINFO [0m:      
[92mINFO [0m:      Received: train message 748e46b8-282a-4cf2-b14d-c7ef4381ae9a
[92mINFO [0m:      Sent reply
[92mINFO [0m:      
[92mINFO [0m:      Received: train message 72d4df35-d66e-4f1d-8ea6-2acf875e1849
[92mINFO [0m:      Sent reply
[92mINFO [0m:      
[92mINFO [0m:      Received: evaluate message 531ec4a0-de95-48d2-842d-65d791b10e67
[92mINFO [0m:      Sent reply
[92mINFO [0m:      
[92mINFO [0m:      Received: train message 9897443d-b01d-46db-839a-5d7274eb2b6a
[92mINFO [0m:      Sent reply
[92mINFO [0m:      
[92mINFO [0m:      Received: evaluate message 3da21b93-ba52-4d64-8726-95ba48a88184
[92mINFO [0m:      Sent reply
[92mINFO [0m:      
[92mINFO [0m:      Received: evaluate message ae7531e0-aeca-41b5-b085-a99d4e1ca171
[92mINFO [0m:      Sent reply
[92mINFO [0m:      
[92mINFO [0m:      Received: train message 9a4b6194-0fd5-4ca9-aea6-8a93fe028862
[92mINFO [0m:      Sent reply
[92mINFO [0m:      
[92mINFO [0m:      Received: train message aa35fd60-7731-40a0-b644-27aa5fbfee54
[92mINFO [0m:      Sent reply
[92mINFO [0m:      
[92mINFO [0m:      Received: evaluate message e9f5f924-018d-4065-8c9d-d12acde26823
[92mINFO [0m:      Sent reply
[92mINFO [0m:      
[92mINFO [0m:      Received: train message fed58849-132b-47f1-88be-beb112a0f44f
[92mINFO [0m:      Sent reply
[92mINFO [0m:      
[92mINFO [0m:      Received: evaluate message b7ad6eb1-d3cc-402a-a502-1bba694829ec
[92mINFO [0m:      Sent reply
[92mINFO [0m:      
[92mINFO [0m:      Received: train message fb3fe246-5199-448b-b8f1-7c742a40feb5
[92mINFO [0m:      Sent reply
[92mINFO [0m:      
[92mINFO [0m:      Received: evaluate message dcad4752-0d0b-4ad3-96fb-3f05102aa31c
[92mINFO [0m:      Sent reply
[92mINFO [0m:      
[92mINFO [0m:      Received: train message 5f48299e-a8c8-4f6e-96b0-f892d4628928
[92mINFO [0m:      Sent reply
[92mINFO [0m:      
[92mINFO [0m:      Received: evaluate message d34d8bfd-e17a-408a-9d83-34bc4320ffd3
[92mINFO [0m:      Sent reply
[92mINFO [0m:      
[92mINFO [0m:      Received: train message c46dfaca-f63e-4a8b-9a78-ec0bfbf6a3c6
[92mINFO [0m:      Sent reply
[92mINFO [0m:      
[92mINFO [0m:      Received: train message 2825ff1e-7cc6-4af7-844d-3bc7df631711
[92mINFO [0m:      Sent reply
[92mINFO [0m:      
[92mINFO [0m:      Received: evaluate message d478d09f-b30f-4183-ae42-930982f6f9b4
[92mINFO [0m:      Sent reply
[92mINFO [0m:      
[92mINFO [0m:      Received: evaluate message 6b01db36-b222-42a0-9fdc-66515ac52153
[92mINFO [0m:      Sent reply
[92mINFO [0m:      
[92mINFO [0m:      Received: train message 6e348731-610b-4f4a-8ae6-1b01b094d541
[92mINFO [0m:      Sent reply
[92mINFO [0m:      
[92mINFO [0m:      Received: evaluate message 620e1b19-07f5-47d7-a5a0-172175b00d16
[92mINFO [0m:      Sent reply
[92mINFO [0m:      
[92mINFO [0m:      Received: train message 63165faa-b8b5-41b6-83f1-3e5305c35627
[92mINFO [0m:      Sent reply
[92mINFO [0m:      
[92mINFO [0m:      Received: evaluate message 37666085-05e5-4eec-ae8f-45a82fbdabe4
[92mINFO [0m:      Sent reply
[92mINFO [0m:      
[92mINFO [0m:      Received: evaluate message 0af7c59e-1bc3-4623-8558-b320ddf3c364
[92mINFO [0m:      Sent reply
[92mINFO [0m:      
[92mINFO [0m:      Received: evaluate message 2fdd042d-8f60-4c73-bebc-a3d7344ba972
[92mINFO [0m:      Sent reply
[92mINFO [0m:      
[92mINFO [0m:      Received: evaluate message 135f0bc8-0998-4486-89b2-96eaff8c2507
[92mINFO [0m:      Sent reply
[92mINFO [0m:      
[92mINFO [0m:      Received: train message b417e288-32f6-44ae-84e7-6f269630042a
[92mINFO [0m:      Sent reply
[92mINFO [0m:      
[92mINFO [0m:      Received: evaluate message a490da44-aa50-4e92-82bb-7e1dc435645e
[92mINFO [0m:      Sent reply
[92mINFO [0m:      
[92mINFO [0m:      Received: reconnect message a3f364b6-ebed-4a49-9f15-b3b7d07c5122
[92mINFO [0m:      Disconnect and shut down
