[93mWARNING [0m:   DEPRECATED FEATURE: flwr.client.start_client() is deprecated.
	Instead, use the `flower-supernode` CLI command to start a SuperNode as shown below:

		$ flower-supernode --insecure --superlink='<IP>:<PORT>'

	To view all available options, run:

		$ flower-supernode --help

	Using `start_client()` is deprecated.

            This is a deprecated feature. It will be removed
            entirely in future versions of Flower.
        
[92mINFO [0m:      
[92mINFO [0m:      Received: train message 8dd06329-6bc3-4b2a-9289-87ee70aafb07
[92mINFO [0m:      Sent reply
[92mINFO [0m:      
[92mINFO [0m:      Received: evaluate message 46028bb4-4276-4f80-8683-d9bf8c3b6baf
[92mINFO [0m:      Sent reply
[92mINFO [0m:      
[92mINFO [0m:      Received: train message 8dd1ecfa-97ed-4b88-9748-379831a1cc95
[92mINFO [0m:      Sent reply
[92mINFO [0m:      
[92mINFO [0m:      Received: evaluate message c755ef16-42be-476f-b2a9-2ef65b14ef8a
[92mINFO [0m:      Sent reply
[92mINFO [0m:      
[92mINFO [0m:      Received: train message b8c41299-b4a6-408d-9be8-40cac9c03f31
[92mINFO [0m:      Sent reply
[92mINFO [0m:      
[92mINFO [0m:      Received: evaluate message 522b9f7e-54a4-4f8e-bd8e-7dc4dd331fbb
[92mINFO [0m:      Sent reply
[92mINFO [0m:      
[92mINFO [0m:      Received: train message 034b23df-e855-44a3-acad-b006559e587b
[92mINFO [0m:      Sent reply
[92mINFO [0m:      
[92mINFO [0m:      Received: evaluate message a2a6c999-346a-47dc-973e-007535b84ee4
[92mINFO [0m:      Sent reply
[92mINFO [0m:      
[92mINFO [0m:      Received: train message bc572694-e8c0-4bc3-93b6-d067841616b5
[92mINFO [0m:      Sent reply
[92mINFO [0m:      
[92mINFO [0m:      Received: evaluate message 36168d61-dc2b-40f3-85a4-ae7f51fe3662
[92mINFO [0m:      Sent reply
[92mINFO [0m:      
[92mINFO [0m:      Received: train message e7d7d1f8-3169-4e6f-8d85-6ead02f69112
[92mINFO [0m:      Sent reply
[92mINFO [0m:      
[92mINFO [0m:      Received: evaluate message 0be9657c-93c4-4741-90e8-cbbfd26d9e8d
[92mINFO [0m:      Sent reply
[92mINFO [0m:      
[92mINFO [0m:      Received: train message 02e5504e-0e1c-41be-a320-737389b1ed40
[92mINFO [0m:      Sent reply
[92mINFO [0m:      
[92mINFO [0m:      Received: evaluate message a1c68478-14fd-49ae-a651-806cfead121e
[92mINFO [0m:      Sent reply
[92mINFO [0m:      
[92mINFO [0m:      Received: train message 2a44de91-a65e-4e75-a794-902c90955e3d
[92mINFO [0m:      Sent reply
[92mINFO [0m:      
[92mINFO [0m:      Received: evaluate message 6b4b8cde-7ecb-40be-9082-34f57b791f4c
[92mINFO [0m:      Sent reply
[92mINFO [0m:      
[92mINFO [0m:      Received: train message ef461a01-5a1b-40f6-a0a1-78d7f19ddae7
[92mINFO [0m:      Sent reply
[92mINFO [0m:      
[92mINFO [0m:      Received: evaluate message bd7c12c2-f9e8-4fea-b4c5-dc2d7b30b2bb
[92mINFO [0m:      Sent reply
[92mINFO [0m:      
[92mINFO [0m:      Received: train message 9c5e2c6a-28e0-4fc8-9c89-b691aacd7e80
[92mINFO [0m:      Sent reply
[92mINFO [0m:      
[92mINFO [0m:      Received: evaluate message 7268b0b1-25aa-4131-9743-04b3f6c1abc5
[92mINFO [0m:      Sent reply
[92mINFO [0m:      
[92mINFO [0m:      Received: train message 00098a07-b04e-4c4e-a1e7-8fd269c13d0c
[92mINFO [0m:      Sent reply
[92mINFO [0m:      
[92mINFO [0m:      Received: evaluate message e29750f6-1821-47be-9ca7-67bb78e3cbef
[92mINFO [0m:      Sent reply
[92mINFO [0m:      
[92mINFO [0m:      Received: train message 1c6e8b6e-4513-4a75-a431-cf23f02bfc4c
[92mINFO [0m:      Sent reply
[92mINFO [0m:      
[92mINFO [0m:      Received: evaluate message bba0b3d9-7566-4dd1-9f41-b72f2f1a0fcc
[92mINFO [0m:      Sent reply
[92mINFO [0m:      
[92mINFO [0m:      Received: train message 02616391-5442-43d1-a73f-b1529f755332
[92mINFO [0m:      Sent reply
[92mINFO [0m:      
[92mINFO [0m:      Received: evaluate message 4491af5d-b897-458f-9bbe-76673f7a69b2
[92mINFO [0m:      Sent reply
[92mINFO [0m:      
[92mINFO [0m:      Received: train message 4a017559-9ed8-4c52-93d9-9ce5728244ac
[92mINFO [0m:      Sent reply
[92mINFO [0m:      
[92mINFO [0m:      Received: evaluate message 3429db73-1035-47cc-9514-bf877718b448
[92mINFO [0m:      Sent reply
[92mINFO [0m:      
[92mINFO [0m:      Received: train message a678aa87-2be6-4833-b5f5-c4ed98e3e1d2
[92mINFO [0m:      Sent reply
[92mINFO [0m:      
[92mINFO [0m:      Received: evaluate message 461a548c-c963-4a06-8d61-6514066a6817
[92mINFO [0m:      Sent reply
[92mINFO [0m:      
[92mINFO [0m:      Received: train message daeaa0d1-36cb-4db4-9caa-99f2b9464dba
[92mINFO [0m:      Sent reply
[92mINFO [0m:      
[92mINFO [0m:      Received: evaluate message f923fccc-3c5d-4384-8156-ed4354f8ce91
[92mINFO [0m:      Sent reply
[92mINFO [0m:      
[92mINFO [0m:      Received: train message 9f269ba1-9ea8-4b0a-9e1a-9963d9c7f5d4
[92mINFO [0m:      Sent reply
[92mINFO [0m:      
[92mINFO [0m:      Received: evaluate message 1e471e95-60c9-4b3f-9ed4-7f06e77f7d91
[92mINFO [0m:      Sent reply
[92mINFO [0m:      
[92mINFO [0m:      Received: train message e103c45f-b23c-4fb5-8269-b7f809d8be41
[92mINFO [0m:      Sent reply
[92mINFO [0m:      
[92mINFO [0m:      Received: evaluate message 60175eba-bc0d-4cb6-947f-ba2b3bf1b030
[92mINFO [0m:      Sent reply
[92mINFO [0m:      
[92mINFO [0m:      Received: train message 2f057461-be9b-4d73-b06f-40794205b15c
[92mINFO [0m:      Sent reply
[92mINFO [0m:      
[92mINFO [0m:      Received: evaluate message f0c2ad3e-564d-4410-8704-d8cef7e2487a
[92mINFO [0m:      Sent reply
[92mINFO [0m:      
[92mINFO [0m:      Received: train message ef3a7e05-b14b-4d4c-9b4b-1b53e472acb7
[92mINFO [0m:      Sent reply
[92mINFO [0m:      
[92mINFO [0m:      Received: evaluate message f001e4b3-817f-4a25-bdd8-a42e1f17bffe
[92mINFO [0m:      Sent reply
[92mINFO [0m:      
[92mINFO [0m:      Received: train message 34072e52-1c91-49af-b1b8-2a2f53882184
[92mINFO [0m:      Sent reply
[92mINFO [0m:      
[92mINFO [0m:      Received: evaluate message d9e52166-74da-4aeb-84b6-e5b8ac8d0943
[92mINFO [0m:      Sent reply
[92mINFO [0m:      
[92mINFO [0m:      Received: train message c9e34acc-e84a-4233-b339-329aa53a600b
[92mINFO [0m:      Sent reply
[92mINFO [0m:      
[92mINFO [0m:      Received: evaluate message b63f5043-76be-4db0-9f0d-ddeeb77ddee2
[92mINFO [0m:      Sent reply
[92mINFO [0m:      
[92mINFO [0m:      Received: train message a5923612-35fa-4a54-aa28-a2c1f1b5ab7b
[92mINFO [0m:      Sent reply
[92mINFO [0m:      
[92mINFO [0m:      Received: evaluate message 476758f4-8d49-4234-b95f-7edca9235dbc
[92mINFO [0m:      Sent reply
[92mINFO [0m:      
[92mINFO [0m:      Received: train message 7340bd4a-b57c-4936-9c9d-5b81fc1f3b23
[92mINFO [0m:      Sent reply
[92mINFO [0m:      
[92mINFO [0m:      Received: evaluate message 50bca279-cbff-4872-91ce-f1248f6f1e29
[92mINFO [0m:      Sent reply
[92mINFO [0m:      
[92mINFO [0m:      Received: train message 1c706ed3-9ee7-41e0-8046-2e2fb0052d45
[92mINFO [0m:      Sent reply
[92mINFO [0m:      
[92mINFO [0m:      Received: evaluate message 86399959-d615-47ec-80f8-cd403d553123
[92mINFO [0m:      Sent reply
[92mINFO [0m:      
[92mINFO [0m:      Received: train message b0d6c1ef-f298-4228-a54c-567a1e54b96a
[92mINFO [0m:      Sent reply
[92mINFO [0m:      
[92mINFO [0m:      Received: evaluate message edb1f96d-995b-41f1-9fd7-3e786489b92b
[92mINFO [0m:      Sent reply
[92mINFO [0m:      
[92mINFO [0m:      Received: train message 0f2872dc-2d79-46b7-82b1-24d0f74b9553
[92mINFO [0m:      Sent reply
[92mINFO [0m:      
[92mINFO [0m:      Received: evaluate message e481a69f-b2a1-4ae8-89db-cac8172dc9bd
[92mINFO [0m:      Sent reply
[92mINFO [0m:      
[92mINFO [0m:      Received: train message 87a34144-e2a6-4a8b-8d17-5e922e919ac0
[92mINFO [0m:      Sent reply
[92mINFO [0m:      
[92mINFO [0m:      Received: evaluate message 48eb83e9-b9c0-44f2-9164-bce831c8bcef
[92mINFO [0m:      Sent reply
[92mINFO [0m:      
[92mINFO [0m:      Received: train message cb7c6591-19b7-419c-bca5-97a305bb823a
[92mINFO [0m:      Sent reply
[92mINFO [0m:      
[92mINFO [0m:      Received: evaluate message 811932e7-5436-4718-8f5c-153a49a9a2a4
[92mINFO [0m:      Sent reply
[92mINFO [0m:      
[92mINFO [0m:      Received: train message 8efcd554-7b1d-433c-bfb0-7b0998c50716
[92mINFO [0m:      Sent reply
[92mINFO [0m:      
[92mINFO [0m:      Received: evaluate message 24cffae4-44fe-4f52-bbca-d8e4f17151e9
[92mINFO [0m:      Sent reply
[92mINFO [0m:      
[92mINFO [0m:      Received: train message 4477eae5-e5ae-4eb9-9570-6c1a7a4cd46e
[92mINFO [0m:      Sent reply
[92mINFO [0m:      
[92mINFO [0m:      Received: evaluate message 1c9e3ad9-059a-4f68-8bf5-53a59bd33cff
[92mINFO [0m:      Sent reply
[92mINFO [0m:      
[92mINFO [0m:      Received: train message 8d79ba1a-0bc2-4446-8064-4d77a4f137cf
[92mINFO [0m:      Sent reply
[92mINFO [0m:      
[92mINFO [0m:      Received: evaluate message 3d56dc5f-6450-4d6f-973b-ef66450ebc49
[92mINFO [0m:      Sent reply
[92mINFO [0m:      
[92mINFO [0m:      Received: train message b3f2de2f-f5ac-4745-a16d-d9e2c11c5717
[92mINFO [0m:      Sent reply
[92mINFO [0m:      
[92mINFO [0m:      Received: evaluate message a3dc33c9-24c2-451b-853f-38498218d97d
[92mINFO [0m:      Sent reply
[92mINFO [0m:      
[92mINFO [0m:      Received: train message 5c8b080b-a566-4929-b5b6-0cdb1c8f72c8
[92mINFO [0m:      Sent reply
[92mINFO [0m:      
[92mINFO [0m:      Received: evaluate message de1c648e-6d0b-48c0-a08e-0f7395ab1904
[92mINFO [0m:      Sent reply
[92mINFO [0m:      
[92mINFO [0m:      Received: train message 44a1ff32-b0ff-4e27-ad3b-d38f03c97ddd
[92mINFO [0m:      Sent reply
[92mINFO [0m:      
[92mINFO [0m:      Received: evaluate message 7e50e337-01bf-4d6f-bae2-497d88be9e1e
[92mINFO [0m:      Sent reply
[92mINFO [0m:      
[92mINFO [0m:      Received: train message 759de9e6-a87c-4e72-b8da-e0d719f1e67d
[92mINFO [0m:      Sent reply
[92mINFO [0m:      
[92mINFO [0m:      Received: evaluate message 7a96d876-ad18-4f01-82ef-8047b9e3b76d
[92mINFO [0m:      Sent reply
[92mINFO [0m:      
[92mINFO [0m:      Received: train message 7175f5b7-5697-4ed8-b7c5-4459f5e86551
[92mINFO [0m:      Sent reply
[92mINFO [0m:      
[92mINFO [0m:      Received: evaluate message bc794d79-fa76-44e9-b211-b85e4149b67a
[92mINFO [0m:      Sent reply
[92mINFO [0m:      
[92mINFO [0m:      Received: train message 7e7fdd7f-01e6-4c85-b789-3b1c4d7983a5
[92mINFO [0m:      Sent reply
[92mINFO [0m:      
[92mINFO [0m:      Received: evaluate message d6fa463e-4b09-47fa-ab6e-56b7dad795e3
[92mINFO [0m:      Sent reply
[92mINFO [0m:      
[92mINFO [0m:      Received: train message 07daad5a-78a2-4d2e-b62e-f54677b41ce8
[92mINFO [0m:      Sent reply
[92mINFO [0m:      
[92mINFO [0m:      Received: evaluate message b443be3b-f37a-49d9-a553-4edb3fb0088a
[92mINFO [0m:      Sent reply
[92mINFO [0m:      
[92mINFO [0m:      Received: train message 4f350692-4418-409a-b4ea-ad84194d6c13
[92mINFO [0m:      Sent reply
[92mINFO [0m:      
[92mINFO [0m:      Received: evaluate message f36bde9a-cd6f-4895-ae2c-2a6b3a5ce37b
[92mINFO [0m:      Sent reply
[92mINFO [0m:      
[92mINFO [0m:      Received: train message f481b8b2-1ba0-41e8-949d-dc34368fd3fc
[92mINFO [0m:      Sent reply
[92mINFO [0m:      
[92mINFO [0m:      Received: evaluate message 9af834b7-3cd0-4e2e-8876-79765b56e4f2
[92mINFO [0m:      Sent reply
[92mINFO [0m:      
[92mINFO [0m:      Received: train message 133aef93-80a2-4e4f-a496-830403f761ba
[92mINFO [0m:      Sent reply
[92mINFO [0m:      
[92mINFO [0m:      Received: evaluate message ea1dd905-fe05-4c7c-b886-a4a6260c5672
[92mINFO [0m:      Sent reply
[92mINFO [0m:      
[92mINFO [0m:      Received: train message 1c06c16a-6139-4e56-9086-28b1a2f84a00
[92mINFO [0m:      Sent reply
[92mINFO [0m:      
[92mINFO [0m:      Received: evaluate message 609b69fb-6b4c-4bf5-ad76-5acec3e36014
[92mINFO [0m:      Sent reply
[92mINFO [0m:      
[92mINFO [0m:      Received: train message 9198e0e1-7537-422b-b42f-9a7afa489cbc
[92mINFO [0m:      Sent reply
[92mINFO [0m:      
[92mINFO [0m:      Received: evaluate message cc10fe25-0b2b-463c-b7cd-57a5967119ea
[92mINFO [0m:      Sent reply
[92mINFO [0m:      
[92mINFO [0m:      Received: train message d0152641-00fc-4416-b7a5-cf9400023e54
[92mINFO [0m:      Sent reply
[92mINFO [0m:      
[92mINFO [0m:      Received: evaluate message 5ada0cc5-a208-4ca7-af05-6703ddb203b1
[92mINFO [0m:      Sent reply
[92mINFO [0m:      
[92mINFO [0m:      Received: train message 3edc1c13-6bc5-4fab-af21-2085a47a7099
[92mINFO [0m:      Sent reply
[92mINFO [0m:      
[92mINFO [0m:      Received: evaluate message 3f170231-8e0d-4522-8eb4-9b396ed8b83b
[92mINFO [0m:      Sent reply
[92mINFO [0m:      
[92mINFO [0m:      Received: train message b506104d-de50-4c7a-bd35-444ff909ace6
[92mINFO [0m:      Sent reply
[92mINFO [0m:      
[92mINFO [0m:      Received: evaluate message b4fd16af-0255-4916-a881-e3f731061aa2
[92mINFO [0m:      Sent reply
[92mINFO [0m:      
[92mINFO [0m:      Received: train message 730750af-1138-43c7-b545-fd8d94ef26d2
[92mINFO [0m:      Sent reply
[92mINFO [0m:      
[92mINFO [0m:      Received: evaluate message 4b399feb-87bf-42a7-9d5d-282a74418cd8
[92mINFO [0m:      Sent reply
[92mINFO [0m:      
[92mINFO [0m:      Received: train message bc4f396a-608b-4b84-8da1-f7e7d1ce8212
[92mINFO [0m:      Sent reply
[92mINFO [0m:      
[92mINFO [0m:      Received: evaluate message 4c08fe15-d076-45d5-b1fc-684983e9604f
[92mINFO [0m:      Sent reply
[92mINFO [0m:      
[92mINFO [0m:      Received: train message 65e0c572-c8c5-442b-aa9a-7591f5485125
[92mINFO [0m:      Sent reply
[92mINFO [0m:      
[92mINFO [0m:      Received: evaluate message 63c1e855-03ce-4e09-9f62-b5170affaf6c
[92mINFO [0m:      Sent reply
[92mINFO [0m:      
[92mINFO [0m:      Received: reconnect message c3bd31e8-c5ce-42cb-83fc-6842f7c4ce19
[92mINFO [0m:      Disconnect and shut down
