[93mWARNING [0m:   DEPRECATED FEATURE: flwr.client.start_client() is deprecated.
	Instead, use the `flower-supernode` CLI command to start a SuperNode as shown below:

		$ flower-supernode --insecure --superlink='<IP>:<PORT>'

	To view all available options, run:

		$ flower-supernode --help

	Using `start_client()` is deprecated.

            This is a deprecated feature. It will be removed
            entirely in future versions of Flower.
        
[92mINFO [0m:      
[92mINFO [0m:      Received: train message 1c42dfab-3ce0-45bc-877a-22342c17688a
[92mINFO [0m:      Sent reply
[92mINFO [0m:      
[92mINFO [0m:      Received: evaluate message 7ac45aa1-792d-4e00-bea1-ec9990369a3b
[92mINFO [0m:      Sent reply
[92mINFO [0m:      
[92mINFO [0m:      Received: train message fc0e8706-9b27-47c9-8311-1f54a4c46ba7
[92mINFO [0m:      Sent reply
[92mINFO [0m:      
[92mINFO [0m:      Received: evaluate message f46d7951-d76d-4c1b-9a64-beb52fe8dae1
[92mINFO [0m:      Sent reply
[92mINFO [0m:      
[92mINFO [0m:      Received: train message 0a845ec4-55d8-4945-8f18-dc004069f1eb
[92mINFO [0m:      Sent reply
[92mINFO [0m:      
[92mINFO [0m:      Received: evaluate message 68c9e979-4e34-4454-8f0d-a8eb3c8cf248
[92mINFO [0m:      Sent reply
[92mINFO [0m:      
[92mINFO [0m:      Received: train message f3c16f58-83bf-420e-9501-6c831ab0f0ec
[92mINFO [0m:      Sent reply
[92mINFO [0m:      
[92mINFO [0m:      Received: evaluate message b921091a-8026-41fa-b1de-c9ec58ebb915
[92mINFO [0m:      Sent reply
[92mINFO [0m:      
[92mINFO [0m:      Received: train message ea4c504f-9e09-475a-b819-f291be673c9e
[92mINFO [0m:      Sent reply
[92mINFO [0m:      
[92mINFO [0m:      Received: evaluate message a4bbe539-1a2c-40e8-8888-0efac65601cc
[92mINFO [0m:      Sent reply
[92mINFO [0m:      
[92mINFO [0m:      Received: train message 5945667d-d6a3-415b-9880-aefbcab2f6c4
[92mINFO [0m:      Sent reply
[92mINFO [0m:      
[92mINFO [0m:      Received: evaluate message 1b43567d-29b0-4b34-baa5-721c83bd149d
[92mINFO [0m:      Sent reply
[92mINFO [0m:      
[92mINFO [0m:      Received: train message 547e5485-442c-440e-aeee-d427cf77d8b8
[92mINFO [0m:      Sent reply
[92mINFO [0m:      
[92mINFO [0m:      Received: evaluate message c6d786dd-38e1-4db5-bc2a-170c67d7c0b2
[92mINFO [0m:      Sent reply
[92mINFO [0m:      
[92mINFO [0m:      Received: train message 7061c20d-f810-4224-8f7b-a99b0b795cf0
[92mINFO [0m:      Sent reply
[92mINFO [0m:      
[92mINFO [0m:      Received: evaluate message f1dca21c-2584-4ce8-b8be-0473c85f8d5a
[92mINFO [0m:      Sent reply
[92mINFO [0m:      
[92mINFO [0m:      Received: train message 9fb0bcdc-ccf6-4294-8e8f-ea77f75a1fed
[92mINFO [0m:      Sent reply
[92mINFO [0m:      
[92mINFO [0m:      Received: evaluate message 85a4749a-7352-4b8a-9242-829d6c56ad71
[92mINFO [0m:      Sent reply
[92mINFO [0m:      
[92mINFO [0m:      Received: train message b7b23533-e2f6-43b8-998e-781e507e9766
[92mINFO [0m:      Sent reply
[92mINFO [0m:      
[92mINFO [0m:      Received: evaluate message bdc500af-e15c-45c2-b5e8-e4cc95961d65
[92mINFO [0m:      Sent reply
[92mINFO [0m:      
[92mINFO [0m:      Received: train message 52198d30-049c-4a49-bbad-9f1d6ecd750b
[92mINFO [0m:      Sent reply
[92mINFO [0m:      
[92mINFO [0m:      Received: evaluate message 2d6b6d1c-5064-4bfb-b182-ab7cdc87bf70
[92mINFO [0m:      Sent reply
[92mINFO [0m:      
[92mINFO [0m:      Received: train message 9c367f0e-503b-4066-936d-0471a8744b6a
[92mINFO [0m:      Sent reply
[92mINFO [0m:      
[92mINFO [0m:      Received: evaluate message edf1c7f5-1990-47f7-876b-edd72b9aba32
[92mINFO [0m:      Sent reply
[92mINFO [0m:      
[92mINFO [0m:      Received: train message 60eeee17-fa08-48db-9823-ab69366503b6
[92mINFO [0m:      Sent reply
[92mINFO [0m:      
[92mINFO [0m:      Received: evaluate message 7c4689d6-5f0d-427c-9ef9-8aa7908f7721
[92mINFO [0m:      Sent reply
[92mINFO [0m:      
[92mINFO [0m:      Received: train message a7ab59be-d12a-4f0e-b769-03d43f629950
[92mINFO [0m:      Sent reply
[92mINFO [0m:      
[92mINFO [0m:      Received: evaluate message 03b17a26-e1be-4374-a306-c1a70e7910f0
[92mINFO [0m:      Sent reply
[92mINFO [0m:      
[92mINFO [0m:      Received: train message cc70d254-fa00-4603-896d-2508589a8c0e
[92mINFO [0m:      Sent reply
[92mINFO [0m:      
[92mINFO [0m:      Received: evaluate message cf059d9a-2544-4a4b-8ba6-d2c8366eafd4
[92mINFO [0m:      Sent reply
[92mINFO [0m:      
[92mINFO [0m:      Received: train message aea84664-b145-4872-8f7c-e635ce9ddce6
[92mINFO [0m:      Sent reply
[92mINFO [0m:      
[92mINFO [0m:      Received: evaluate message 9b73f5da-aa5c-4932-a19d-0c0f53060d37
[92mINFO [0m:      Sent reply
[92mINFO [0m:      
[92mINFO [0m:      Received: train message 0d0a2859-678c-45dd-812f-20162fd2092c
[92mINFO [0m:      Sent reply
[92mINFO [0m:      
[92mINFO [0m:      Received: evaluate message 42cb925c-7617-40e7-8729-59521a168895
[92mINFO [0m:      Sent reply
[92mINFO [0m:      
[92mINFO [0m:      Received: train message 813774ac-dc0e-4e6f-bc3f-62db9052ee6f
[92mINFO [0m:      Sent reply
[92mINFO [0m:      
[92mINFO [0m:      Received: evaluate message dc13d8a6-309e-4459-ba84-b6f52afaca78
[92mINFO [0m:      Sent reply
[92mINFO [0m:      
[92mINFO [0m:      Received: train message b0ae8f97-4900-4927-8032-c140e4c2f6cf
[92mINFO [0m:      Sent reply
[92mINFO [0m:      
[92mINFO [0m:      Received: evaluate message 532c9367-bfd3-4fbf-a3f9-4dff27c5f2ac
[92mINFO [0m:      Sent reply
[92mINFO [0m:      
[92mINFO [0m:      Received: train message c1a48222-22b3-4289-ace7-69bc88890136
[92mINFO [0m:      Sent reply
[92mINFO [0m:      
[92mINFO [0m:      Received: evaluate message bb5bb3fd-0c38-42e2-acb7-7d2c43facc85
[92mINFO [0m:      Sent reply
[92mINFO [0m:      
[92mINFO [0m:      Received: train message 72623689-d9aa-4a2b-89ab-c4d971afe4ae
[92mINFO [0m:      Sent reply
[92mINFO [0m:      
[92mINFO [0m:      Received: evaluate message f09fa8ed-a286-4948-b5be-321063cb23b3
[92mINFO [0m:      Sent reply
[92mINFO [0m:      
[92mINFO [0m:      Received: train message edd05863-5606-4290-953c-40852a368c31
[92mINFO [0m:      Sent reply
[92mINFO [0m:      
[92mINFO [0m:      Received: evaluate message ad3fc174-b90b-4c11-9865-54c6e5999697
[92mINFO [0m:      Sent reply
[92mINFO [0m:      
[92mINFO [0m:      Received: train message 77aab927-5b87-4ba1-bf87-7c4c230e6f9c
[92mINFO [0m:      Sent reply
[92mINFO [0m:      
[92mINFO [0m:      Received: evaluate message dab73a58-7f29-4f27-b787-b2f9091d378b
[92mINFO [0m:      Sent reply
[92mINFO [0m:      
[92mINFO [0m:      Received: train message 16eee681-f719-4bd4-b359-e445040800ef
[92mINFO [0m:      Sent reply
[92mINFO [0m:      
[92mINFO [0m:      Received: evaluate message 793a8ce1-4ba0-4c5a-843a-e2abd0c88584
[92mINFO [0m:      Sent reply
[92mINFO [0m:      
[92mINFO [0m:      Received: train message 652cbcd4-d00f-4fcb-a32e-a3772d2a25e7
[92mINFO [0m:      Sent reply
[92mINFO [0m:      
[92mINFO [0m:      Received: evaluate message 20d680d0-af76-41b4-92e2-3f0fe370099a
[92mINFO [0m:      Sent reply
[92mINFO [0m:      
[92mINFO [0m:      Received: train message d2f5b50e-cd90-475c-b956-0b3ef2b3f4de
[92mINFO [0m:      Sent reply
[92mINFO [0m:      
[92mINFO [0m:      Received: evaluate message a42de944-75d9-4ece-b765-9f2b25cf2011
[92mINFO [0m:      Sent reply
[92mINFO [0m:      
[92mINFO [0m:      Received: train message 62e09a9b-1862-458a-ab69-f20ef796fad1
[92mINFO [0m:      Sent reply
[92mINFO [0m:      
[92mINFO [0m:      Received: evaluate message 57649694-1279-4aa0-9445-d12498c040a5
[92mINFO [0m:      Sent reply
[92mINFO [0m:      
[92mINFO [0m:      Received: train message 21021367-7512-491c-92b3-ed77b6729ac0
[92mINFO [0m:      Sent reply
[92mINFO [0m:      
[92mINFO [0m:      Received: evaluate message 250217f4-55bc-44f7-9917-75f1542b022d
[92mINFO [0m:      Sent reply
[92mINFO [0m:      
[92mINFO [0m:      Received: train message 3936bb6d-f553-45db-bb4f-847b52bb82b6
[92mINFO [0m:      Sent reply
[92mINFO [0m:      
[92mINFO [0m:      Received: evaluate message 905f2f15-4391-4a39-b9e0-47ffd01668c0
[92mINFO [0m:      Sent reply
[92mINFO [0m:      
[92mINFO [0m:      Received: train message c4922b3e-9a75-417d-928a-cd135542f453
[92mINFO [0m:      Sent reply
[92mINFO [0m:      
[92mINFO [0m:      Received: evaluate message 2da080d3-f3e7-4574-9670-321878480b0a
[92mINFO [0m:      Sent reply
[92mINFO [0m:      
[92mINFO [0m:      Received: train message 8facce28-a64e-4016-854e-b82db998ecba
[92mINFO [0m:      Sent reply
[92mINFO [0m:      
[92mINFO [0m:      Received: evaluate message a4225017-086a-4750-b902-0c84c759c9dd
[92mINFO [0m:      Sent reply
[92mINFO [0m:      
[92mINFO [0m:      Received: train message c77598f2-a881-4dbe-af3f-ebffba33de47
[92mINFO [0m:      Sent reply
[92mINFO [0m:      
[92mINFO [0m:      Received: evaluate message c1dc69ed-e9f2-4dbc-b371-e9d81329729b
[92mINFO [0m:      Sent reply
[92mINFO [0m:      
[92mINFO [0m:      Received: train message caa3c57c-5cef-438e-9414-a29f7a820585
[92mINFO [0m:      Sent reply
[92mINFO [0m:      
[92mINFO [0m:      Received: evaluate message 3fb841c2-87b6-4f60-a77e-2c1763ef9295
[92mINFO [0m:      Sent reply
[92mINFO [0m:      
[92mINFO [0m:      Received: train message dd1aff24-7cb7-4493-a4a1-56e91e9a6463
[92mINFO [0m:      Sent reply
[92mINFO [0m:      
[92mINFO [0m:      Received: evaluate message f5791a65-e1ca-41f9-b937-f7c565c1da65
[92mINFO [0m:      Sent reply
[92mINFO [0m:      
[92mINFO [0m:      Received: train message 2189182a-4185-4312-a5bb-b95b07c77341
[92mINFO [0m:      Sent reply
[92mINFO [0m:      
[92mINFO [0m:      Received: evaluate message 956e41c4-aa5c-40e3-acfe-af928dc2c964
[92mINFO [0m:      Sent reply
[92mINFO [0m:      
[92mINFO [0m:      Received: train message 319c28ec-1095-4ddb-8ce7-18998d4bbcc8
[92mINFO [0m:      Sent reply
[92mINFO [0m:      
[92mINFO [0m:      Received: evaluate message f38a0797-f227-4485-8562-0ddd62a91ccd
[92mINFO [0m:      Sent reply
[92mINFO [0m:      
[92mINFO [0m:      Received: train message 98985e21-8b31-42f3-a4a9-a905d58b81a0
[92mINFO [0m:      Sent reply
[92mINFO [0m:      
[92mINFO [0m:      Received: evaluate message 857561e7-8d94-4ac9-8001-b72c345aefa0
[92mINFO [0m:      Sent reply
[92mINFO [0m:      
[92mINFO [0m:      Received: train message cdd9383f-315b-49c2-b1b0-649bbb37f0ad
[92mINFO [0m:      Sent reply
[92mINFO [0m:      
[92mINFO [0m:      Received: evaluate message 53567744-3ca9-4d37-b83e-ea0666183ee6
[92mINFO [0m:      Sent reply
[92mINFO [0m:      
[92mINFO [0m:      Received: train message cb84ac65-b3e3-4c4d-b73b-24abe37b3807
[92mINFO [0m:      Sent reply
[92mINFO [0m:      
[92mINFO [0m:      Received: evaluate message 85a881bf-261f-4f73-97b6-c457abd6f305
[92mINFO [0m:      Sent reply
[92mINFO [0m:      
[92mINFO [0m:      Received: train message 832dd6ec-fc52-4981-9a3f-3e903e04c176
[92mINFO [0m:      Sent reply
[92mINFO [0m:      
[92mINFO [0m:      Received: evaluate message 6b6821c1-23d4-41bc-9840-839ee4472ab0
[92mINFO [0m:      Sent reply
[92mINFO [0m:      
[92mINFO [0m:      Received: train message 31857dd9-5cb3-46b2-bf14-e7c8a939210f
[92mINFO [0m:      Sent reply
[92mINFO [0m:      
[92mINFO [0m:      Received: evaluate message e15d2d4c-fb9d-43cb-82d2-dccde5ecdfbc
[92mINFO [0m:      Sent reply
[92mINFO [0m:      
[92mINFO [0m:      Received: train message 26321288-6f99-4c31-ba58-5c7ad92126f1
[92mINFO [0m:      Sent reply
[92mINFO [0m:      
[92mINFO [0m:      Received: evaluate message 3c693933-a0bc-4e33-8229-ad35f865db55
[92mINFO [0m:      Sent reply
[92mINFO [0m:      
[92mINFO [0m:      Received: train message ad36f54a-8ec3-4b66-9cb5-0f6556d432cf
[92mINFO [0m:      Sent reply
[92mINFO [0m:      
[92mINFO [0m:      Received: evaluate message 85a389ef-3393-4128-bf44-399d0e1a8927
[92mINFO [0m:      Sent reply
[92mINFO [0m:      
[92mINFO [0m:      Received: train message cce42efa-e630-4b16-9793-8829a590dd00
[92mINFO [0m:      Sent reply
[92mINFO [0m:      
[92mINFO [0m:      Received: evaluate message 453ca7b1-4930-4fc7-8e93-30ad37f2aee7
[92mINFO [0m:      Sent reply
[92mINFO [0m:      
[92mINFO [0m:      Received: train message 183d645c-4b55-4640-bccc-1753f4850605
[92mINFO [0m:      Sent reply
[92mINFO [0m:      
[92mINFO [0m:      Received: evaluate message 8d8e8df9-af46-45e4-88db-04c4c3294ddd
[92mINFO [0m:      Sent reply
[92mINFO [0m:      
[92mINFO [0m:      Received: train message 4a08e931-29a3-48c0-b872-23b5fb2d556e
[92mINFO [0m:      Sent reply
[92mINFO [0m:      
[92mINFO [0m:      Received: evaluate message 3328cfd2-06a2-4cd4-bea2-31dbf8d138fc
[92mINFO [0m:      Sent reply
[92mINFO [0m:      
[92mINFO [0m:      Received: train message 982419b6-d3b8-44c3-a9c2-305300e7fee3
[92mINFO [0m:      Sent reply
[92mINFO [0m:      
[92mINFO [0m:      Received: evaluate message 261301f0-4223-4b15-8c12-707df20285fb
[92mINFO [0m:      Sent reply
[92mINFO [0m:      
[92mINFO [0m:      Received: train message 22186e82-4e8d-402f-b121-c5a3640de1ce
[92mINFO [0m:      Sent reply
[92mINFO [0m:      
[92mINFO [0m:      Received: evaluate message a1ab473c-ec07-4c66-9615-ba5cca61dbdd
[92mINFO [0m:      Sent reply
[92mINFO [0m:      
[92mINFO [0m:      Received: train message 4cb361ce-5272-4f81-881f-da3817164119
[92mINFO [0m:      Sent reply
[92mINFO [0m:      
[92mINFO [0m:      Received: evaluate message bc14d5ff-5a25-4803-a081-b92a160e11e3
[92mINFO [0m:      Sent reply
[92mINFO [0m:      
[92mINFO [0m:      Received: train message 8c271d76-bc0d-4dd9-ad09-e74d3acc7d9e
[92mINFO [0m:      Sent reply
[92mINFO [0m:      
[92mINFO [0m:      Received: evaluate message 2bdcc638-1416-47cd-b4d8-103e9e56ef35
[92mINFO [0m:      Sent reply
[92mINFO [0m:      
[92mINFO [0m:      Received: reconnect message 9d9f2273-bf61-417b-88a9-f590cecf59dc
[92mINFO [0m:      Disconnect and shut down
