[93mWARNING [0m:   DEPRECATED FEATURE: flwr.client.start_client() is deprecated.
	Instead, use the `flower-supernode` CLI command to start a SuperNode as shown below:

		$ flower-supernode --insecure --superlink='<IP>:<PORT>'

	To view all available options, run:

		$ flower-supernode --help

	Using `start_client()` is deprecated.

            This is a deprecated feature. It will be removed
            entirely in future versions of Flower.
        
[92mINFO [0m:      
[92mINFO [0m:      Received: train message 6ea4972c-602a-456f-b4d6-0229e4ac4cb8
[92mINFO [0m:      Sent reply
[92mINFO [0m:      
[92mINFO [0m:      Received: evaluate message c16ff33e-a304-475c-b66b-d3e0633d85ca
[92mINFO [0m:      Sent reply
[92mINFO [0m:      
[92mINFO [0m:      Received: train message fd79133a-a2e2-4c9a-b83c-c0288d88b3fe
[92mINFO [0m:      Sent reply
[92mINFO [0m:      
[92mINFO [0m:      Received: evaluate message 489ad538-2158-4bd4-bb9a-0f687f20a36c
[92mINFO [0m:      Sent reply
[92mINFO [0m:      
[92mINFO [0m:      Received: train message 60ea4abd-6a23-48dc-949f-f6f4faf77f6a
[92mINFO [0m:      Sent reply
[92mINFO [0m:      
[92mINFO [0m:      Received: evaluate message 502cb9dd-d5c3-45bc-808b-303c117a5da8
[92mINFO [0m:      Sent reply
[92mINFO [0m:      
[92mINFO [0m:      Received: train message 4285b585-2a66-4f08-abb7-9f6d8527720e
[92mINFO [0m:      Sent reply
[92mINFO [0m:      
[92mINFO [0m:      Received: evaluate message 9c633abd-e869-4d6e-b72e-f9dd67183298
[92mINFO [0m:      Sent reply
[92mINFO [0m:      
[92mINFO [0m:      Received: train message f7412867-97af-4323-8287-82ea7224f599
[92mINFO [0m:      Sent reply
[92mINFO [0m:      
[92mINFO [0m:      Received: evaluate message 7a33c256-24fa-46a3-bd3a-62d38fc85ce7
[92mINFO [0m:      Sent reply
[92mINFO [0m:      
[92mINFO [0m:      Received: train message 3e9e938b-8a4d-429c-bfcf-a9353e4cd8b3
[92mINFO [0m:      Sent reply
[92mINFO [0m:      
[92mINFO [0m:      Received: evaluate message 3e83d1a1-acc1-44f0-9df5-b0f7e00a88eb
[92mINFO [0m:      Sent reply
[92mINFO [0m:      
[92mINFO [0m:      Received: train message c6b0685f-2969-4fc7-b3dd-78b061fef540
[92mINFO [0m:      Sent reply
[92mINFO [0m:      
[92mINFO [0m:      Received: evaluate message cfacd7fd-1d15-4fdf-b38a-dd6de5b648e3
[92mINFO [0m:      Sent reply
[92mINFO [0m:      
[92mINFO [0m:      Received: train message 5c7168bc-e60a-4561-b13b-79a03ee92e30
[92mINFO [0m:      Sent reply
[92mINFO [0m:      
[92mINFO [0m:      Received: evaluate message e60a869f-1b05-412c-878e-869e70b1e128
[92mINFO [0m:      Sent reply
[92mINFO [0m:      
[92mINFO [0m:      Received: train message abf3fc86-ed01-4662-a307-edc75c231eb9
[92mINFO [0m:      Sent reply
[92mINFO [0m:      
[92mINFO [0m:      Received: evaluate message bec4ae80-185b-4f27-bcb6-5e064f65181f
[92mINFO [0m:      Sent reply
[92mINFO [0m:      
[92mINFO [0m:      Received: train message 67d82e76-fbb0-491e-901d-190dcab209f6
[92mINFO [0m:      Sent reply
[92mINFO [0m:      
[92mINFO [0m:      Received: evaluate message 5d16b1a6-95ff-4493-8721-858097e5cd90
[92mINFO [0m:      Sent reply
[92mINFO [0m:      
[92mINFO [0m:      Received: train message 64152dc1-53f2-4096-a4f2-f651ab2efcc7
[92mINFO [0m:      Sent reply
[92mINFO [0m:      
[92mINFO [0m:      Received: evaluate message 1848a72e-acb4-4614-aedf-1441052b6c83
[92mINFO [0m:      Sent reply
[92mINFO [0m:      
[92mINFO [0m:      Received: train message 07e2b4a1-1078-4686-928c-a3d0ccd783ec
[92mINFO [0m:      Sent reply
[92mINFO [0m:      
[92mINFO [0m:      Received: evaluate message 504987b7-f320-466e-9618-705b34bde038
[92mINFO [0m:      Sent reply
[92mINFO [0m:      
[92mINFO [0m:      Received: train message 1502e4ce-aedb-40a7-92c2-ba41ed2b1157
[92mINFO [0m:      Sent reply
[92mINFO [0m:      
[92mINFO [0m:      Received: evaluate message 776ccca8-d23a-4c47-b05a-487dd63a36c4
[92mINFO [0m:      Sent reply
[92mINFO [0m:      
[92mINFO [0m:      Received: train message e12553c3-7e07-4d4e-9591-cf407785ae29
[92mINFO [0m:      Sent reply
[92mINFO [0m:      
[92mINFO [0m:      Received: evaluate message 8f0eb0b4-8b45-486e-bbb1-d7646c162ffc
[92mINFO [0m:      Sent reply
[92mINFO [0m:      
[92mINFO [0m:      Received: train message f7a7c5aa-5a63-496e-8458-7b0e87e698ff
[92mINFO [0m:      Sent reply
[92mINFO [0m:      
[92mINFO [0m:      Received: evaluate message 45c83a0a-d06e-44b2-95a4-d8613b7a762c
[92mINFO [0m:      Sent reply
[92mINFO [0m:      
[92mINFO [0m:      Received: train message 7b860724-f9de-4762-8637-12ed1f84be1c
[92mINFO [0m:      Sent reply
[92mINFO [0m:      
[92mINFO [0m:      Received: evaluate message 1a8b994a-f9ea-4b42-bf64-5dca5fb86a2b
[92mINFO [0m:      Sent reply
[92mINFO [0m:      
[92mINFO [0m:      Received: train message 31ad9686-6327-468c-981f-033b4f85a11a
[92mINFO [0m:      Sent reply
[92mINFO [0m:      
[92mINFO [0m:      Received: evaluate message 1e97a614-a98d-4cdf-a88a-664a08d095fa
[92mINFO [0m:      Sent reply
[92mINFO [0m:      
[92mINFO [0m:      Received: train message bfac1ea5-ab54-4e69-bee6-4b056834f2e7
[92mINFO [0m:      Sent reply
[92mINFO [0m:      
[92mINFO [0m:      Received: evaluate message 66760200-4a73-4f10-b55a-24c923c5da53
[92mINFO [0m:      Sent reply
[92mINFO [0m:      
[92mINFO [0m:      Received: train message e7ce1e9e-2c9f-4184-946c-4cccf8ab80f9
[92mINFO [0m:      Sent reply
[92mINFO [0m:      
[92mINFO [0m:      Received: evaluate message cf7e86e2-3409-4107-91a5-e44b6d5bb15f
[92mINFO [0m:      Sent reply
[92mINFO [0m:      
[92mINFO [0m:      Received: train message f78e4cb3-2876-4f79-b020-d231b8d52514
[92mINFO [0m:      Sent reply
[92mINFO [0m:      
[92mINFO [0m:      Received: evaluate message 31a25d4e-dd9f-468a-b9b9-5071cfd9714a
[92mINFO [0m:      Sent reply
[92mINFO [0m:      
[92mINFO [0m:      Received: train message 693d8078-ed45-4b20-a5f9-eb47766dbdac
[92mINFO [0m:      Sent reply
[92mINFO [0m:      
[92mINFO [0m:      Received: evaluate message 70a2bdaa-751f-430b-9f1f-4763f4aebf9d
[92mINFO [0m:      Sent reply
[92mINFO [0m:      
[92mINFO [0m:      Received: train message 19e2474d-6488-4bf3-87b4-dcd5c3d356c2
[92mINFO [0m:      Sent reply
[92mINFO [0m:      
[92mINFO [0m:      Received: evaluate message 77d65c35-f408-4f61-94fa-87dde9c14c6a
[92mINFO [0m:      Sent reply
[92mINFO [0m:      
[92mINFO [0m:      Received: train message 92469462-a5ac-4aec-abeb-6aa9593ce34c
[92mINFO [0m:      Sent reply
[92mINFO [0m:      
[92mINFO [0m:      Received: evaluate message d0856c2e-9fc6-4f98-993a-b5c769458543
[92mINFO [0m:      Sent reply
[92mINFO [0m:      
[92mINFO [0m:      Received: train message 29443000-0db6-4df1-af50-9a10b9132c28
[92mINFO [0m:      Sent reply
[92mINFO [0m:      
[92mINFO [0m:      Received: evaluate message fcc97a59-c318-462d-b2ef-67f8d4664fcd
[92mINFO [0m:      Sent reply
[92mINFO [0m:      
[92mINFO [0m:      Received: train message 286db1e7-be29-4e7b-a8ae-e6241196c401
[92mINFO [0m:      Sent reply
[92mINFO [0m:      
[92mINFO [0m:      Received: evaluate message e901c292-29e1-4f8f-9ec9-e69f7acff234
[92mINFO [0m:      Sent reply
[92mINFO [0m:      
[92mINFO [0m:      Received: train message 3126046f-aa43-4ca2-8b05-4bfae92f1ebb
[92mINFO [0m:      Sent reply
[92mINFO [0m:      
[92mINFO [0m:      Received: evaluate message 64b4ce23-e368-445e-b7e7-8e3928b94fdc
[92mINFO [0m:      Sent reply
[92mINFO [0m:      
[92mINFO [0m:      Received: train message 0f64afe8-47de-4135-86c3-04b8692dc044
[92mINFO [0m:      Sent reply
[92mINFO [0m:      
[92mINFO [0m:      Received: evaluate message a828b528-ac83-49b2-a8ba-9e2538e8dd90
[92mINFO [0m:      Sent reply
[92mINFO [0m:      
[92mINFO [0m:      Received: train message 2b302228-ff2b-4ed4-8c84-4cd7f9774655
[92mINFO [0m:      Sent reply
[92mINFO [0m:      
[92mINFO [0m:      Received: evaluate message c29f422b-dc03-4e1b-b05a-e6fad79e67cf
[92mINFO [0m:      Sent reply
[92mINFO [0m:      
[92mINFO [0m:      Received: train message 032a3e66-18f0-404a-b070-e5f12d67ae98
[92mINFO [0m:      Sent reply
[92mINFO [0m:      
[92mINFO [0m:      Received: evaluate message 4b4e7764-6f45-436e-a135-842dc65d4acd
[92mINFO [0m:      Sent reply
[92mINFO [0m:      
[92mINFO [0m:      Received: train message a24c6b30-58cf-4172-a3ab-0665d8c3f803
[92mINFO [0m:      Sent reply
[92mINFO [0m:      
[92mINFO [0m:      Received: evaluate message a02b6b78-407b-451a-a610-8fa73425d2f5
[92mINFO [0m:      Sent reply
[92mINFO [0m:      
[92mINFO [0m:      Received: train message 6764dbf5-7bf6-4ce3-a959-ee9e96094be2
[92mINFO [0m:      Sent reply
[92mINFO [0m:      
[92mINFO [0m:      Received: evaluate message b247bf95-634d-4de3-b782-5a4533c84e77
[92mINFO [0m:      Sent reply
[92mINFO [0m:      
[92mINFO [0m:      Received: train message 26cbae0d-84bb-417b-b287-168a3205e34d
[92mINFO [0m:      Sent reply
[92mINFO [0m:      
[92mINFO [0m:      Received: evaluate message ccb36a6f-5ef5-4955-8224-0d901812d6b8
[92mINFO [0m:      Sent reply
[92mINFO [0m:      
[92mINFO [0m:      Received: train message 70d20c3c-4f9f-4995-addb-06343681d2ab
[92mINFO [0m:      Sent reply
[92mINFO [0m:      
[92mINFO [0m:      Received: evaluate message 51fd69d5-e8b3-422f-89d7-90adf9ce195f
[92mINFO [0m:      Sent reply
[92mINFO [0m:      
[92mINFO [0m:      Received: train message c573c9dd-e48a-4f1e-a4ab-6cbcaf07c3c6
[92mINFO [0m:      Sent reply
[92mINFO [0m:      
[92mINFO [0m:      Received: evaluate message b3c1c39d-1ebe-4b99-9113-79113a601c96
[92mINFO [0m:      Sent reply
[92mINFO [0m:      
[92mINFO [0m:      Received: train message 44bec3b7-3dfc-4d7b-b54c-34836df93c32
[92mINFO [0m:      Sent reply
[92mINFO [0m:      
[92mINFO [0m:      Received: evaluate message 94169554-781d-4047-a66a-62e48151716b
[92mINFO [0m:      Sent reply
[92mINFO [0m:      
[92mINFO [0m:      Received: train message 1ea31d5f-ef7f-4d93-b401-780515a34d3f
[92mINFO [0m:      Sent reply
[92mINFO [0m:      
[92mINFO [0m:      Received: evaluate message b77e0f31-95af-4c83-b55c-026fe5a9d13f
[92mINFO [0m:      Sent reply
[92mINFO [0m:      
[92mINFO [0m:      Received: train message c93e9a91-7222-4021-98c8-1bdd95cfd39e
[92mINFO [0m:      Sent reply
[92mINFO [0m:      
[92mINFO [0m:      Received: evaluate message 47c186e6-069c-43cd-b030-c3b0367182d2
[92mINFO [0m:      Sent reply
[92mINFO [0m:      
[92mINFO [0m:      Received: train message 6b84728b-34e2-4b0f-b8df-6a2b76301ddf
[92mINFO [0m:      Sent reply
[92mINFO [0m:      
[92mINFO [0m:      Received: evaluate message f3c37554-4730-4102-8c38-a6d59d6fdec5
[92mINFO [0m:      Sent reply
[92mINFO [0m:      
[92mINFO [0m:      Received: train message 4895cc9f-b39f-4168-bed3-e73b330b3450
[92mINFO [0m:      Sent reply
[92mINFO [0m:      
[92mINFO [0m:      Received: evaluate message db83f3f0-0d18-4f1e-9688-0d435fdde574
[92mINFO [0m:      Sent reply
[92mINFO [0m:      
[92mINFO [0m:      Received: train message 522a082b-3e20-40c0-9eba-b8901bbe0432
[92mINFO [0m:      Sent reply
[92mINFO [0m:      
[92mINFO [0m:      Received: evaluate message 36b91d74-721b-4f32-9db1-9086b1aacb91
[92mINFO [0m:      Sent reply
[92mINFO [0m:      
[92mINFO [0m:      Received: train message ea19c278-004c-4ac9-acce-067bbaf7f9cc
[92mINFO [0m:      Sent reply
[92mINFO [0m:      
[92mINFO [0m:      Received: evaluate message 6b6f84eb-d4c2-4c11-a329-577e23e27800
[92mINFO [0m:      Sent reply
[92mINFO [0m:      
[92mINFO [0m:      Received: train message 9524e9a2-457e-4d2b-9a3b-08da574b2aac
[92mINFO [0m:      Sent reply
[92mINFO [0m:      
[92mINFO [0m:      Received: evaluate message 0eb697d0-c94d-48ed-887d-665b09a40f2e
[92mINFO [0m:      Sent reply
[92mINFO [0m:      
[92mINFO [0m:      Received: train message f624b517-1f34-4373-902f-179f884fae51
[92mINFO [0m:      Sent reply
[92mINFO [0m:      
[92mINFO [0m:      Received: evaluate message 7a51a42e-2713-4af3-88a8-52d4e1ee0f90
[92mINFO [0m:      Sent reply
[92mINFO [0m:      
[92mINFO [0m:      Received: train message fc1b12fa-e5c7-4aa7-a7a4-688f67f06096
[92mINFO [0m:      Sent reply
[92mINFO [0m:      
[92mINFO [0m:      Received: evaluate message f09f6c3e-0f0d-4720-9213-7f28829a83cd
[92mINFO [0m:      Sent reply
[92mINFO [0m:      
[92mINFO [0m:      Received: train message 6413fbb8-58c1-4ecb-8e5a-869709baca98
[92mINFO [0m:      Sent reply
[92mINFO [0m:      
[92mINFO [0m:      Received: evaluate message aef73393-aeaa-4fdf-ae8c-3359a30cdca5
[92mINFO [0m:      Sent reply
[92mINFO [0m:      
[92mINFO [0m:      Received: train message dc66f3d7-1f2a-4c2d-943f-f48c240e2485
[92mINFO [0m:      Sent reply
[92mINFO [0m:      
[92mINFO [0m:      Received: evaluate message c85e6548-a284-4ee0-9805-bfa15747bc91
[92mINFO [0m:      Sent reply
[92mINFO [0m:      
[92mINFO [0m:      Received: train message 06fd3f10-688e-436c-bfd5-8011b4049c07
[92mINFO [0m:      Sent reply
[92mINFO [0m:      
[92mINFO [0m:      Received: evaluate message 1e92be20-a57b-4a19-8734-826dbf8692ce
[92mINFO [0m:      Sent reply
[92mINFO [0m:      
[92mINFO [0m:      Received: train message b2e829fa-d511-4178-8ac9-5b6297a03605
[92mINFO [0m:      Sent reply
[92mINFO [0m:      
[92mINFO [0m:      Received: evaluate message f0379c2d-08fa-4be2-9ec5-1238127319cc
[92mINFO [0m:      Sent reply
[92mINFO [0m:      
[92mINFO [0m:      Received: train message 7af4e1f3-9569-4b6c-98a8-ee7440dd62d8
[92mINFO [0m:      Sent reply
[92mINFO [0m:      
[92mINFO [0m:      Received: evaluate message 9998ac42-b81c-4b66-876f-5d0a14c0a659
[92mINFO [0m:      Sent reply
[92mINFO [0m:      
[92mINFO [0m:      Received: train message 2c8f32ff-e6b5-4592-b197-2b8f55f18ce5
[92mINFO [0m:      Sent reply
[92mINFO [0m:      
[92mINFO [0m:      Received: evaluate message e2557e91-f57e-4744-b139-a36add876cb7
[92mINFO [0m:      Sent reply
[92mINFO [0m:      
[92mINFO [0m:      Received: reconnect message 176ca17b-01da-4317-9ad0-27167d8765b7
[92mINFO [0m:      Disconnect and shut down
