[93mWARNING [0m:   DEPRECATED FEATURE: flwr.client.start_client() is deprecated.
	Instead, use the `flower-supernode` CLI command to start a SuperNode as shown below:

		$ flower-supernode --insecure --superlink='<IP>:<PORT>'

	To view all available options, run:

		$ flower-supernode --help

	Using `start_client()` is deprecated.

            This is a deprecated feature. It will be removed
            entirely in future versions of Flower.
        
[92mINFO [0m:      
[92mINFO [0m:      Received: train message c41ce7f8-b5bf-4416-8c38-dca42403253d
[92mINFO [0m:      Sent reply
[92mINFO [0m:      
[92mINFO [0m:      Received: evaluate message 53f322a8-2947-4dbf-8ca8-c65fe9acc89c
[92mINFO [0m:      Sent reply
[92mINFO [0m:      
[92mINFO [0m:      Received: train message 919f8445-d283-4d6f-80a7-c04eedc2e69c
[92mINFO [0m:      Sent reply
[92mINFO [0m:      
[92mINFO [0m:      Received: evaluate message 9597645b-c36f-4f98-9e51-63797283d99c
[92mINFO [0m:      Sent reply
[92mINFO [0m:      
[92mINFO [0m:      Received: train message 0b57cb89-d587-4ae7-ba9e-c349b5e676f7
[92mINFO [0m:      Sent reply
[92mINFO [0m:      
[92mINFO [0m:      Received: evaluate message 79d71aff-de78-47b9-b9af-6fee893b0be3
[92mINFO [0m:      Sent reply
[92mINFO [0m:      
[92mINFO [0m:      Received: train message 1f88a987-ea7b-4deb-8737-ba53803fd30a
[92mINFO [0m:      Sent reply
[92mINFO [0m:      
[92mINFO [0m:      Received: evaluate message c1b0af2b-974d-490a-831e-a7108d26e16c
[92mINFO [0m:      Sent reply
[92mINFO [0m:      
[92mINFO [0m:      Received: train message 064a25fb-87fa-4559-bfa6-9a88cf4561f5
[92mINFO [0m:      Sent reply
[92mINFO [0m:      
[92mINFO [0m:      Received: evaluate message 6d2c0317-80e5-47e8-84f8-276ef376eb4a
[92mINFO [0m:      Sent reply
[92mINFO [0m:      
[92mINFO [0m:      Received: train message 8da6f61f-a80b-4108-83e8-afeeb39f6c0a
[92mINFO [0m:      Sent reply
[92mINFO [0m:      
[92mINFO [0m:      Received: evaluate message 351d9f26-d19b-46ba-a8b3-d2bf6af2c5b8
[92mINFO [0m:      Sent reply
[92mINFO [0m:      
[92mINFO [0m:      Received: train message 92ab4cc9-2a10-4e1f-98c9-5b7cb2db69ee
[92mINFO [0m:      Sent reply
[92mINFO [0m:      
[92mINFO [0m:      Received: evaluate message 80f5df9e-96ab-453c-afe0-dfa650e31fe3
[92mINFO [0m:      Sent reply
[92mINFO [0m:      
[92mINFO [0m:      Received: train message 3aecaa5e-b4ef-4ed9-8b9a-25be642d9b2f
[92mINFO [0m:      Sent reply
[92mINFO [0m:      
[92mINFO [0m:      Received: evaluate message 5b492147-8236-45ba-90aa-3dec08fa6d6f
[92mINFO [0m:      Sent reply
[92mINFO [0m:      
[92mINFO [0m:      Received: train message a531ccb9-54c6-4f73-b1c0-69aabd5ec4ff
[92mINFO [0m:      Sent reply
[92mINFO [0m:      
[92mINFO [0m:      Received: evaluate message 538a280e-9006-42b0-a6ef-ddf2b3677de8
[92mINFO [0m:      Sent reply
[92mINFO [0m:      
[92mINFO [0m:      Received: train message abad5cf1-1cc1-4ae3-a46c-17f875cc1ed5
[92mINFO [0m:      Sent reply
[92mINFO [0m:      
[92mINFO [0m:      Received: evaluate message b1cada85-88e3-4f1e-9d7f-a12769e7382e
[92mINFO [0m:      Sent reply
[92mINFO [0m:      
[92mINFO [0m:      Received: train message b4b491f2-78df-4cb6-b29a-9555fcccfb97
[92mINFO [0m:      Sent reply
[92mINFO [0m:      
[92mINFO [0m:      Received: evaluate message 19367952-7690-4891-af18-a9f6588fd1f7
[92mINFO [0m:      Sent reply
[92mINFO [0m:      
[92mINFO [0m:      Received: train message 367c730a-9ae0-405f-8867-01bb30c9bc2f
[92mINFO [0m:      Sent reply
[92mINFO [0m:      
[92mINFO [0m:      Received: evaluate message a67daa1b-0e44-413f-a171-0780a1ec2978
[92mINFO [0m:      Sent reply
[92mINFO [0m:      
[92mINFO [0m:      Received: train message 28092043-1d60-4b21-84d7-acf7c3932f3f
[92mINFO [0m:      Sent reply
[92mINFO [0m:      
[92mINFO [0m:      Received: evaluate message 21026b9a-6c2f-4b8b-8bdc-f0c238047ff6
[92mINFO [0m:      Sent reply
[92mINFO [0m:      
[92mINFO [0m:      Received: train message 6c748c8c-c62e-406a-ac51-f5873adade32
[92mINFO [0m:      Sent reply
[92mINFO [0m:      
[92mINFO [0m:      Received: evaluate message cc87b1ef-d1c4-484a-931b-c80907572c1b
[92mINFO [0m:      Sent reply
[92mINFO [0m:      
[92mINFO [0m:      Received: train message 8351a65b-d8d6-408d-a7d7-f36254c36f09
[92mINFO [0m:      Sent reply
[92mINFO [0m:      
[92mINFO [0m:      Received: evaluate message 9d5bc06c-1b0f-4f3a-8d97-296f3144eb57
[92mINFO [0m:      Sent reply
[92mINFO [0m:      
[92mINFO [0m:      Received: train message a6f06e7b-daf3-4fce-ac9b-ea8cad5d2f31
[92mINFO [0m:      Sent reply
[92mINFO [0m:      
[92mINFO [0m:      Received: evaluate message a13bbb73-f8d8-4a78-8fd3-4b9199232ae2
[92mINFO [0m:      Sent reply
[92mINFO [0m:      
[92mINFO [0m:      Received: train message 2188e3fa-8724-4639-91a1-4a5e20643cc4
[92mINFO [0m:      Sent reply
[92mINFO [0m:      
[92mINFO [0m:      Received: evaluate message a078fc61-c492-4004-94d2-25ad9a1028a7
[92mINFO [0m:      Sent reply
[92mINFO [0m:      
[92mINFO [0m:      Received: train message d8630af8-b4cf-4f09-a4fb-6983ae5e76b3
[92mINFO [0m:      Sent reply
[92mINFO [0m:      
[92mINFO [0m:      Received: evaluate message a18dad73-092f-48bd-8f10-eb998d62b361
[92mINFO [0m:      Sent reply
[92mINFO [0m:      
[92mINFO [0m:      Received: train message 9f41e6d0-6e28-441b-9e85-417c895b635c
[92mINFO [0m:      Sent reply
[92mINFO [0m:      
[92mINFO [0m:      Received: evaluate message d15e23a4-9262-44b4-99e6-2cfa6023584e
[92mINFO [0m:      Sent reply
[92mINFO [0m:      
[92mINFO [0m:      Received: train message 62f04e97-a02b-4b0d-8823-9ee915631df1
[92mINFO [0m:      Sent reply
[92mINFO [0m:      
[92mINFO [0m:      Received: evaluate message 3923d82b-4ee6-49de-a94d-8002c0154a98
[92mINFO [0m:      Sent reply
[92mINFO [0m:      
[92mINFO [0m:      Received: train message f90994c5-598e-4778-854b-e2a255a3525e
[92mINFO [0m:      Sent reply
[92mINFO [0m:      
[92mINFO [0m:      Received: evaluate message 35001484-0d69-4dcb-9e58-acc0e32ace7e
[92mINFO [0m:      Sent reply
[92mINFO [0m:      
[92mINFO [0m:      Received: train message 279b3dde-3bfc-4249-a460-3eaafe276b25
[92mINFO [0m:      Sent reply
[92mINFO [0m:      
[92mINFO [0m:      Received: evaluate message 870f2296-e8bc-41e9-9228-099072847f04
[92mINFO [0m:      Sent reply
[92mINFO [0m:      
[92mINFO [0m:      Received: train message e048f1e2-9789-4183-9bde-8319d77aa29d
[92mINFO [0m:      Sent reply
[92mINFO [0m:      
[92mINFO [0m:      Received: evaluate message a1f74252-2b47-48e0-9255-d7d9995f0228
[92mINFO [0m:      Sent reply
[92mINFO [0m:      
[92mINFO [0m:      Received: train message 8ef7c690-90af-4b06-83cb-a5a7efb69cf9
[92mINFO [0m:      Sent reply
[92mINFO [0m:      
[92mINFO [0m:      Received: evaluate message 601c6d23-c4aa-4427-837b-6134e979bd2d
[92mINFO [0m:      Sent reply
[92mINFO [0m:      
[92mINFO [0m:      Received: train message 68f28707-1ab2-4e5f-a162-6202f5058201
[92mINFO [0m:      Sent reply
[92mINFO [0m:      
[92mINFO [0m:      Received: evaluate message d629a4ef-a8e9-4b30-a7b5-d502e9b3adf9
[92mINFO [0m:      Sent reply
[92mINFO [0m:      
[92mINFO [0m:      Received: train message 91e00145-07db-49d1-a0fd-3161a52e98ad
[92mINFO [0m:      Sent reply
[92mINFO [0m:      
[92mINFO [0m:      Received: evaluate message e4a6a6a9-1a2b-479b-8c61-09147e23954a
[92mINFO [0m:      Sent reply
[92mINFO [0m:      
[92mINFO [0m:      Received: train message 92f72f1e-e914-4c9d-b6c4-14f2f9bca27e
[92mINFO [0m:      Sent reply
[92mINFO [0m:      
[92mINFO [0m:      Received: evaluate message 606e7ca9-975e-416c-ac98-60d85000cce7
[92mINFO [0m:      Sent reply
[92mINFO [0m:      
[92mINFO [0m:      Received: train message 7532d65e-6e0a-4757-8609-a1776daa1597
[92mINFO [0m:      Sent reply
[92mINFO [0m:      
[92mINFO [0m:      Received: evaluate message 5e35dfb5-9803-4ceb-8986-03983d4c2447
[92mINFO [0m:      Sent reply
[92mINFO [0m:      
[92mINFO [0m:      Received: train message db38cfc1-4e23-4fd4-9be4-a59a3d4d32ba
[92mINFO [0m:      Sent reply
[92mINFO [0m:      
[92mINFO [0m:      Received: evaluate message 7632b3a8-7d5e-4804-8a57-46d7938428fe
[92mINFO [0m:      Sent reply
[92mINFO [0m:      
[92mINFO [0m:      Received: train message 735bae2c-a2ff-43f1-a550-5d822a499f66
[92mINFO [0m:      Sent reply
[92mINFO [0m:      
[92mINFO [0m:      Received: evaluate message 54d842d5-142f-4525-9fd0-c97680ea1dcb
[92mINFO [0m:      Sent reply
[92mINFO [0m:      
[92mINFO [0m:      Received: train message 8bc813f9-efea-44bb-a634-c1dfd7f6deb4
[92mINFO [0m:      Sent reply
[92mINFO [0m:      
[92mINFO [0m:      Received: evaluate message 7468f59b-6b03-41c3-bfee-e4bf7d3b9073
[92mINFO [0m:      Sent reply
[92mINFO [0m:      
[92mINFO [0m:      Received: train message 06ba0254-9e99-492b-9960-6679841b0e12
[92mINFO [0m:      Sent reply
[92mINFO [0m:      
[92mINFO [0m:      Received: evaluate message 2d3cc307-defd-434f-95f6-650c20da59bb
[92mINFO [0m:      Sent reply
[92mINFO [0m:      
[92mINFO [0m:      Received: train message cd9ac75b-1b62-4778-972f-1b0bc5dde585
[92mINFO [0m:      Sent reply
[92mINFO [0m:      
[92mINFO [0m:      Received: evaluate message 1c0ce5c9-1509-4604-9cdb-0929843d4e16
[92mINFO [0m:      Sent reply
[92mINFO [0m:      
[92mINFO [0m:      Received: train message 8d042820-ad37-4eba-908f-7f91551da1fd
[92mINFO [0m:      Sent reply
[92mINFO [0m:      
[92mINFO [0m:      Received: evaluate message ae4a7644-e1b0-45b3-b4ed-ec10c02efe12
[92mINFO [0m:      Sent reply
[92mINFO [0m:      
[92mINFO [0m:      Received: train message 4881d3e0-c88c-4273-a15c-0f5270a0e18e
[92mINFO [0m:      Sent reply
[92mINFO [0m:      
[92mINFO [0m:      Received: evaluate message 26452141-77e2-42c8-8e8e-ac2518b2f496
[92mINFO [0m:      Sent reply
[92mINFO [0m:      
[92mINFO [0m:      Received: train message e5f3de58-b668-4957-8c5d-c88680248f3b
[92mINFO [0m:      Sent reply
[92mINFO [0m:      
[92mINFO [0m:      Received: evaluate message 55a992c5-0b6b-426a-9dd5-20bf667a6886
[92mINFO [0m:      Sent reply
[92mINFO [0m:      
[92mINFO [0m:      Received: train message cf457744-4c0d-4c0d-af84-66cebccd4d60
[92mINFO [0m:      Sent reply
[92mINFO [0m:      
[92mINFO [0m:      Received: evaluate message 3497383d-cec6-4408-a6e0-d7ca405e0770
[92mINFO [0m:      Sent reply
[92mINFO [0m:      
[92mINFO [0m:      Received: train message 9532f554-2810-4bfc-b893-0e7808fc927d
[92mINFO [0m:      Sent reply
[92mINFO [0m:      
[92mINFO [0m:      Received: evaluate message c7b97ed7-8ca9-4438-aad7-e41ef8e164d5
[92mINFO [0m:      Sent reply
[92mINFO [0m:      
[92mINFO [0m:      Received: train message ece73bfd-04d4-4288-95f7-f5e885e3b2be
[92mINFO [0m:      Sent reply
[92mINFO [0m:      
[92mINFO [0m:      Received: evaluate message 63322906-9be8-4e38-bf8e-119610108ba5
[92mINFO [0m:      Sent reply
[92mINFO [0m:      
[92mINFO [0m:      Received: train message ccfee332-4c4b-48d6-bc2c-ddf930ca1984
[92mINFO [0m:      Sent reply
[92mINFO [0m:      
[92mINFO [0m:      Received: evaluate message e8883a46-699f-4493-aed1-0b472b9e8cdc
[92mINFO [0m:      Sent reply
[92mINFO [0m:      
[92mINFO [0m:      Received: train message e301cefb-c063-4bba-bc94-b7ab287e6931
[92mINFO [0m:      Sent reply
[92mINFO [0m:      
[92mINFO [0m:      Received: evaluate message b150755c-ea49-4f08-9d1c-7daa54cf839d
[92mINFO [0m:      Sent reply
[92mINFO [0m:      
[92mINFO [0m:      Received: train message 85b8458e-5092-4844-ad35-f8e6bb776982
[92mINFO [0m:      Sent reply
[92mINFO [0m:      
[92mINFO [0m:      Received: evaluate message 5d302bb3-d1ad-4fed-ae9f-ee6c4c2c286d
[92mINFO [0m:      Sent reply
[92mINFO [0m:      
[92mINFO [0m:      Received: train message 97f20026-1cfe-4bf6-b215-8e4c99454d4f
[92mINFO [0m:      Sent reply
[92mINFO [0m:      
[92mINFO [0m:      Received: evaluate message 7c29b13c-57b5-44ef-9894-593a890de50e
[92mINFO [0m:      Sent reply
[92mINFO [0m:      
[92mINFO [0m:      Received: train message 22c5e0ce-2838-4370-93a4-a786c3a51c32
[92mINFO [0m:      Sent reply
[92mINFO [0m:      
[92mINFO [0m:      Received: evaluate message 214648fe-de48-4de0-9c18-565e477af870
[92mINFO [0m:      Sent reply
[92mINFO [0m:      
[92mINFO [0m:      Received: train message 3786f9d5-187e-4702-b646-45f6a1a27ad5
[92mINFO [0m:      Sent reply
[92mINFO [0m:      
[92mINFO [0m:      Received: evaluate message 5ef2ffd8-eb8d-4122-b409-71304be3e1c8
[92mINFO [0m:      Sent reply
[92mINFO [0m:      
[92mINFO [0m:      Received: train message 4401225d-b6f1-4c4c-bb66-33be166208c0
[92mINFO [0m:      Sent reply
[92mINFO [0m:      
[92mINFO [0m:      Received: evaluate message 4347d260-073a-4ed0-8954-c7c8c3a5d006
[92mINFO [0m:      Sent reply
[92mINFO [0m:      
[92mINFO [0m:      Received: train message 1d6a14f1-421b-4102-a75b-df796ef44488
[92mINFO [0m:      Sent reply
[92mINFO [0m:      
[92mINFO [0m:      Received: evaluate message a24eb45a-d2e3-492a-8ec3-73909afb02fd
[92mINFO [0m:      Sent reply
[92mINFO [0m:      
[92mINFO [0m:      Received: train message 41b2b0b5-b6da-4638-9efb-532adaaa86b1
[92mINFO [0m:      Sent reply
[92mINFO [0m:      
[92mINFO [0m:      Received: evaluate message 8510c036-b42e-4d0a-8931-39f086bcddb9
[92mINFO [0m:      Sent reply
[92mINFO [0m:      
[92mINFO [0m:      Received: train message ae156032-118d-45e2-b25f-5cde4aa1d8e1
[92mINFO [0m:      Sent reply
[92mINFO [0m:      
[92mINFO [0m:      Received: evaluate message 6cc6ed6a-75b8-4544-9bb8-1a30d9dfe2dd
[92mINFO [0m:      Sent reply
[92mINFO [0m:      
[92mINFO [0m:      Received: train message f1d087e8-efe4-4cb5-b078-61e2e5c73061
[92mINFO [0m:      Sent reply
[92mINFO [0m:      
[92mINFO [0m:      Received: evaluate message 5c9d1544-08ee-4511-a152-d0536fad80ac
[92mINFO [0m:      Sent reply
[92mINFO [0m:      
[92mINFO [0m:      Received: reconnect message 86c2afd9-e3c4-43b7-b1b4-1666c61cc32e
[92mINFO [0m:      Disconnect and shut down
