[93mWARNING [0m:   DEPRECATED FEATURE: flwr.client.start_client() is deprecated.
	Instead, use the `flower-supernode` CLI command to start a SuperNode as shown below:

		$ flower-supernode --insecure --superlink='<IP>:<PORT>'

	To view all available options, run:

		$ flower-supernode --help

	Using `start_client()` is deprecated.

            This is a deprecated feature. It will be removed
            entirely in future versions of Flower.
        
[92mINFO [0m:      
[92mINFO [0m:      Received: train message 02fe4395-fefe-4612-8685-3f0e85b0bb6e
[92mINFO [0m:      Sent reply
[92mINFO [0m:      
[92mINFO [0m:      Received: evaluate message b90ec2e4-7e99-434d-bd20-e3be69ee66f6
[92mINFO [0m:      Sent reply
[92mINFO [0m:      
[92mINFO [0m:      Received: train message 86588fef-b16e-4b93-bcb9-2d0bc3a4b56e
[92mINFO [0m:      Sent reply
[92mINFO [0m:      
[92mINFO [0m:      Received: evaluate message 8bb8c71a-3c9c-43be-a522-39761905b746
[92mINFO [0m:      Sent reply
[92mINFO [0m:      
[92mINFO [0m:      Received: train message bd0a55dd-9c93-4f2a-afc5-7a9f40e90b11
[92mINFO [0m:      Sent reply
[92mINFO [0m:      
[92mINFO [0m:      Received: evaluate message fe9183d2-327b-43d6-a639-1c995fb5c236
[92mINFO [0m:      Sent reply
[92mINFO [0m:      
[92mINFO [0m:      Received: train message f950f4b7-5c8b-4980-b9b6-a55be3c61c12
[92mINFO [0m:      Sent reply
[92mINFO [0m:      
[92mINFO [0m:      Received: evaluate message ad4b3374-587f-4614-9ca9-ff1a9c25bc90
[92mINFO [0m:      Sent reply
[92mINFO [0m:      
[92mINFO [0m:      Received: train message 1e070473-d4ac-421b-b5df-f47113c87d24
[92mINFO [0m:      Sent reply
[92mINFO [0m:      
[92mINFO [0m:      Received: evaluate message a8684bcd-f4ad-43e4-b4de-33736bcbaa07
[92mINFO [0m:      Sent reply
[92mINFO [0m:      
[92mINFO [0m:      Received: train message 345f9bc8-a28c-4d57-bedd-10cabf14f77d
[92mINFO [0m:      Sent reply
[92mINFO [0m:      
[92mINFO [0m:      Received: evaluate message 033968ab-a764-4807-967e-fa6bc58bd354
[92mINFO [0m:      Sent reply
[92mINFO [0m:      
[92mINFO [0m:      Received: train message 31fc0c1c-bb6e-41fb-82fd-4a3ed3fcc29d
[92mINFO [0m:      Sent reply
[92mINFO [0m:      
[92mINFO [0m:      Received: evaluate message a669da9b-2da6-48b9-8839-db09475ecbbd
[92mINFO [0m:      Sent reply
[92mINFO [0m:      
[92mINFO [0m:      Received: train message 4e3b5be6-67f7-497a-8b8a-6c03c0e40bd7
[92mINFO [0m:      Sent reply
[92mINFO [0m:      
[92mINFO [0m:      Received: evaluate message 3c923e4d-b361-442d-bf4c-cb3786c05307
[92mINFO [0m:      Sent reply
[92mINFO [0m:      
[92mINFO [0m:      Received: train message 5fbfd9f4-8298-4634-a6bc-a5b0c102402c
[92mINFO [0m:      Sent reply
[92mINFO [0m:      
[92mINFO [0m:      Received: evaluate message 342b047a-9418-4900-8385-13c3d5208f37
[92mINFO [0m:      Sent reply
[92mINFO [0m:      
[92mINFO [0m:      Received: train message dfeeaf29-fcf5-42d4-b9fa-dd3c7c448f4d
[92mINFO [0m:      Sent reply
[92mINFO [0m:      
[92mINFO [0m:      Received: evaluate message d194d2c9-5312-4380-b2dc-24054c13a375
[92mINFO [0m:      Sent reply
[92mINFO [0m:      
[92mINFO [0m:      Received: train message 8e2dd18f-bd97-4f1d-b995-9ac78706e423
[92mINFO [0m:      Sent reply
[92mINFO [0m:      
[92mINFO [0m:      Received: evaluate message 270685bf-f753-42da-86f7-705b7de6fac3
[92mINFO [0m:      Sent reply
[92mINFO [0m:      
[92mINFO [0m:      Received: train message dc815fa2-2320-4fa1-9846-9a76eb7afaf1
[92mINFO [0m:      Sent reply
[92mINFO [0m:      
[92mINFO [0m:      Received: evaluate message 653d619c-8270-40bc-84c7-6fda9c1e7299
[92mINFO [0m:      Sent reply
[92mINFO [0m:      
[92mINFO [0m:      Received: train message 998a109a-5d89-4aa7-9892-85e7360ab988
[92mINFO [0m:      Sent reply
[92mINFO [0m:      
[92mINFO [0m:      Received: evaluate message ae8ed638-49b7-40e9-96d9-eb252a884c1c
[92mINFO [0m:      Sent reply
[92mINFO [0m:      
[92mINFO [0m:      Received: train message 63daa4db-d09d-4317-880a-b7240e0532dd
[92mINFO [0m:      Sent reply
[92mINFO [0m:      
[92mINFO [0m:      Received: evaluate message e1dc672d-d0f5-4fdf-994a-4d1013e40949
[92mINFO [0m:      Sent reply
[92mINFO [0m:      
[92mINFO [0m:      Received: train message c310f8d3-e13d-4c4b-a8eb-1b8bc1a0d116
[92mINFO [0m:      Sent reply
[92mINFO [0m:      
[92mINFO [0m:      Received: evaluate message 45fe5485-a6ec-4461-965b-59855c4824b0
[92mINFO [0m:      Sent reply
[92mINFO [0m:      
[92mINFO [0m:      Received: train message 11822371-d75b-4521-a15f-edf9313832dd
[92mINFO [0m:      Sent reply
[92mINFO [0m:      
[92mINFO [0m:      Received: evaluate message 35df544b-8987-49f0-bda4-6a9bad3c325f
[92mINFO [0m:      Sent reply
[92mINFO [0m:      
[92mINFO [0m:      Received: train message 29a73652-1482-4ccd-b278-b58cf5762763
[92mINFO [0m:      Sent reply
[92mINFO [0m:      
[92mINFO [0m:      Received: evaluate message 619f6ec3-a2d1-488a-8c32-cca0d7c8f1c5
[92mINFO [0m:      Sent reply
[92mINFO [0m:      
[92mINFO [0m:      Received: train message 8c40bde8-e5e8-474a-9bec-9cd9afbdcf93
[92mINFO [0m:      Sent reply
[92mINFO [0m:      
[92mINFO [0m:      Received: evaluate message 365ddd2f-bbc0-4b42-a715-7274d8e78950
[92mINFO [0m:      Sent reply
[92mINFO [0m:      
[92mINFO [0m:      Received: train message 9aefb6d1-9b74-4b8e-8b25-dc90e2c06ec8
[92mINFO [0m:      Sent reply
[92mINFO [0m:      
[92mINFO [0m:      Received: evaluate message 04124c32-c9ce-4bea-b34a-70ef1792bb07
[92mINFO [0m:      Sent reply
[92mINFO [0m:      
[92mINFO [0m:      Received: train message 63c56f17-3623-4199-90aa-02b116e1e7ff
[92mINFO [0m:      Sent reply
[92mINFO [0m:      
[92mINFO [0m:      Received: evaluate message 68bab1e2-fc43-4de8-97a2-35d495511328
[92mINFO [0m:      Sent reply
[92mINFO [0m:      
[92mINFO [0m:      Received: train message c83b1c02-e7bc-42f5-bd21-083477e0784f
[92mINFO [0m:      Sent reply
[92mINFO [0m:      
[92mINFO [0m:      Received: evaluate message e863b710-7d7f-4284-b751-0bcab5950f70
[92mINFO [0m:      Sent reply
[92mINFO [0m:      
[92mINFO [0m:      Received: train message 19503c86-2e1c-414c-88ca-9a6ed23a35a3
[92mINFO [0m:      Sent reply
[92mINFO [0m:      
[92mINFO [0m:      Received: evaluate message e6e54041-1a96-4bbb-8ab0-ef7f59091977
[92mINFO [0m:      Sent reply
[92mINFO [0m:      
[92mINFO [0m:      Received: train message 18181b82-3b1f-4cb2-84f2-33c2673d2cd0
[92mINFO [0m:      Sent reply
[92mINFO [0m:      
[92mINFO [0m:      Received: evaluate message 08ca4a67-ff75-4e9d-8825-d9ef15691a6c
[92mINFO [0m:      Sent reply
[92mINFO [0m:      
[92mINFO [0m:      Received: train message e45a7e8a-6029-437c-933c-a7f41b42f859
[92mINFO [0m:      Sent reply
[92mINFO [0m:      
[92mINFO [0m:      Received: evaluate message a0d203cc-6a37-445a-98a8-73b79d8b3cf0
[92mINFO [0m:      Sent reply
[92mINFO [0m:      
[92mINFO [0m:      Received: train message 27fa8bcb-82cb-4caf-b6e3-b0745f39790c
[92mINFO [0m:      Sent reply
[92mINFO [0m:      
[92mINFO [0m:      Received: evaluate message 89d6ec6c-6e71-4259-9bba-67fa5cc7365d
[92mINFO [0m:      Sent reply
[92mINFO [0m:      
[92mINFO [0m:      Received: train message cd079449-6651-4c84-bcc8-2c78c01b9506
[92mINFO [0m:      Sent reply
[92mINFO [0m:      
[92mINFO [0m:      Received: evaluate message e3e44411-d861-4f9d-ab7d-3d5e8cc01ab7
[92mINFO [0m:      Sent reply
[92mINFO [0m:      
[92mINFO [0m:      Received: train message ef06a825-d646-4e06-aadc-7d5e3d798bbe
[92mINFO [0m:      Sent reply
[92mINFO [0m:      
[92mINFO [0m:      Received: evaluate message e9101180-5675-4e39-968c-b91ad4baea5f
[92mINFO [0m:      Sent reply
[92mINFO [0m:      
[92mINFO [0m:      Received: train message 6a5a8797-94fc-448f-beb8-5e3d62e56983
[92mINFO [0m:      Sent reply
[92mINFO [0m:      
[92mINFO [0m:      Received: evaluate message 188473b8-30c8-482b-acbc-029b948309a6
[92mINFO [0m:      Sent reply
[92mINFO [0m:      
[92mINFO [0m:      Received: train message 7d6e3f8b-01c8-43c7-880d-30bb1a9744a2
[92mINFO [0m:      Sent reply
[92mINFO [0m:      
[92mINFO [0m:      Received: evaluate message d763e659-831e-4b68-80a8-6b48ba62c16b
[92mINFO [0m:      Sent reply
[92mINFO [0m:      
[92mINFO [0m:      Received: train message d9f52007-ce39-4b68-bf69-03d7637133a6
[92mINFO [0m:      Sent reply
[92mINFO [0m:      
[92mINFO [0m:      Received: evaluate message dd1d2a89-9070-48ee-a8c9-6ee7cb6d668d
[92mINFO [0m:      Sent reply
[92mINFO [0m:      
[92mINFO [0m:      Received: train message 16af0465-d94c-4438-a991-f4a1a15a22ac
[92mINFO [0m:      Sent reply
[92mINFO [0m:      
[92mINFO [0m:      Received: evaluate message 9a2f75cc-31c6-45f5-827b-868036a86384
[92mINFO [0m:      Sent reply
[92mINFO [0m:      
[92mINFO [0m:      Received: train message 1ebf2b84-9cc4-4120-959b-b89dd60a4805
[92mINFO [0m:      Sent reply
[92mINFO [0m:      
[92mINFO [0m:      Received: evaluate message 8a8058e5-0844-4a4b-9a17-55b5af5e7cc3
[92mINFO [0m:      Sent reply
[92mINFO [0m:      
[92mINFO [0m:      Received: train message c6041636-eae7-4e6b-8b72-cbb851a44d97
[92mINFO [0m:      Sent reply
[92mINFO [0m:      
[92mINFO [0m:      Received: evaluate message 8cb1b452-c024-4625-9696-b08860bfe717
[92mINFO [0m:      Sent reply
[92mINFO [0m:      
[92mINFO [0m:      Received: train message 3d6434e1-a52a-420f-a628-04bbc9ec137b
[92mINFO [0m:      Sent reply
[92mINFO [0m:      
[92mINFO [0m:      Received: evaluate message dcd2a39f-4122-4fa6-ae54-d084c5d9a708
[92mINFO [0m:      Sent reply
[92mINFO [0m:      
[92mINFO [0m:      Received: train message 7c471132-4c2d-40df-88f9-2f6a708b4d01
[92mINFO [0m:      Sent reply
[92mINFO [0m:      
[92mINFO [0m:      Received: evaluate message 34784921-9b2e-43fe-a61f-6d2f99aabe60
[92mINFO [0m:      Sent reply
[92mINFO [0m:      
[92mINFO [0m:      Received: train message c1af36e8-29a0-4f06-8bb5-e75727ca2c53
[92mINFO [0m:      Sent reply
[92mINFO [0m:      
[92mINFO [0m:      Received: evaluate message 2ca2b52f-22ce-4b28-bd16-66f3f1339362
[92mINFO [0m:      Sent reply
[92mINFO [0m:      
[92mINFO [0m:      Received: train message b2b49901-59cc-4514-a2c2-091275f97442
[92mINFO [0m:      Sent reply
[92mINFO [0m:      
[92mINFO [0m:      Received: evaluate message fa632b8e-18f1-43aa-b6c9-298c4a36d26f
[92mINFO [0m:      Sent reply
[92mINFO [0m:      
[92mINFO [0m:      Received: train message 0dbd4b40-159b-43ae-aee3-74db8c33e5c3
[92mINFO [0m:      Sent reply
[92mINFO [0m:      
[92mINFO [0m:      Received: evaluate message 50f3df7d-2afe-4a86-b3c7-0dcbfadbf003
[92mINFO [0m:      Sent reply
[92mINFO [0m:      
[92mINFO [0m:      Received: train message ac8152f7-7555-4436-93a1-192d879e6d75
[92mINFO [0m:      Sent reply
[92mINFO [0m:      
[92mINFO [0m:      Received: evaluate message 19e9cf04-6da6-4ebe-acc3-bae32ee15629
[92mINFO [0m:      Sent reply
[92mINFO [0m:      
[92mINFO [0m:      Received: train message 71fc5130-8783-4628-8675-2b97a44c7572
[92mINFO [0m:      Sent reply
[92mINFO [0m:      
[92mINFO [0m:      Received: evaluate message 2238991d-8355-4221-b66c-06cf08ab4743
[92mINFO [0m:      Sent reply
[92mINFO [0m:      
[92mINFO [0m:      Received: train message fcc9dd11-45c1-4372-bb3d-a702c5782ece
[92mINFO [0m:      Sent reply
[92mINFO [0m:      
[92mINFO [0m:      Received: evaluate message 9b081996-e979-4553-b967-bc46345ca851
[92mINFO [0m:      Sent reply
[92mINFO [0m:      
[92mINFO [0m:      Received: train message 5d1cdc1c-b8bb-4992-915e-46b23b040485
[92mINFO [0m:      Sent reply
[92mINFO [0m:      
[92mINFO [0m:      Received: evaluate message 2f50fd15-d48c-4aaa-90c2-b5cfa8de62c0
[92mINFO [0m:      Sent reply
[92mINFO [0m:      
[92mINFO [0m:      Received: train message 3dd46306-be4b-422c-91c3-fb09562c2dd6
[92mINFO [0m:      Sent reply
[92mINFO [0m:      
[92mINFO [0m:      Received: evaluate message 9c47c534-c0f2-48aa-abe1-4d96678ea7b1
[92mINFO [0m:      Sent reply
[92mINFO [0m:      
[92mINFO [0m:      Received: train message b6ba9987-6531-4fa8-8f6b-fb181356868e
[92mINFO [0m:      Sent reply
[92mINFO [0m:      
[92mINFO [0m:      Received: evaluate message 219bde73-10ec-4681-953b-21c5e82d2721
[92mINFO [0m:      Sent reply
[92mINFO [0m:      
[92mINFO [0m:      Received: train message 04796caa-584c-408a-8eab-fcaa40606f7e
[92mINFO [0m:      Sent reply
[92mINFO [0m:      
[92mINFO [0m:      Received: evaluate message c2d24c60-dc17-4a11-915e-3bd28a18cd9c
[92mINFO [0m:      Sent reply
[92mINFO [0m:      
[92mINFO [0m:      Received: train message e96d95bf-7b5a-4448-92de-cb5991504abd
[92mINFO [0m:      Sent reply
[92mINFO [0m:      
[92mINFO [0m:      Received: evaluate message 7071d561-031f-4989-b722-36db7f07d85e
[92mINFO [0m:      Sent reply
[92mINFO [0m:      
[92mINFO [0m:      Received: train message 5f3809c9-5cc5-40c5-9464-685a2d8d4f2e
[92mINFO [0m:      Sent reply
[92mINFO [0m:      
[92mINFO [0m:      Received: evaluate message aba5e999-2e9e-4ae8-8238-eeb9dddbca09
[92mINFO [0m:      Sent reply
[92mINFO [0m:      
[92mINFO [0m:      Received: train message 1c0f054d-2e32-4717-813d-1ae35e45bac3
[92mINFO [0m:      Sent reply
[92mINFO [0m:      
[92mINFO [0m:      Received: evaluate message 7523476f-6b01-4aee-807d-9330237f25c4
[92mINFO [0m:      Sent reply
[92mINFO [0m:      
[92mINFO [0m:      Received: train message 131107f4-f4f3-423d-80db-479cd28a4a9e
[92mINFO [0m:      Sent reply
[92mINFO [0m:      
[92mINFO [0m:      Received: evaluate message e240c8cd-a233-4f2c-8252-68f6e78e249b
[92mINFO [0m:      Sent reply
[92mINFO [0m:      
[92mINFO [0m:      Received: train message a0d35089-fd30-457d-a0d0-af464bf3aea9
[92mINFO [0m:      Sent reply
[92mINFO [0m:      
[92mINFO [0m:      Received: evaluate message bf90f0c7-d3d4-48ef-bebb-e0288a961a87
[92mINFO [0m:      Sent reply
[92mINFO [0m:      
[92mINFO [0m:      Received: reconnect message fd50ce48-6744-46c6-830f-485cf077f2af
[92mINFO [0m:      Disconnect and shut down
