[93mWARNING [0m:   DEPRECATED FEATURE: flwr.client.start_client() is deprecated.
	Instead, use the `flower-supernode` CLI command to start a SuperNode as shown below:

		$ flower-supernode --insecure --superlink='<IP>:<PORT>'

	To view all available options, run:

		$ flower-supernode --help

	Using `start_client()` is deprecated.

            This is a deprecated feature. It will be removed
            entirely in future versions of Flower.
        
[92mINFO [0m:      
[92mINFO [0m:      Received: train message 8cfa91ab-f673-4b7e-b722-f561231b48b1
[92mINFO [0m:      Sent reply
[92mINFO [0m:      
[92mINFO [0m:      Received: evaluate message e911e4e9-04b0-421a-be33-227eb30b7501
[92mINFO [0m:      Sent reply
[92mINFO [0m:      
[92mINFO [0m:      Received: train message ba769b67-617a-499a-9c8d-344cd10ffa65
[92mINFO [0m:      Sent reply
[92mINFO [0m:      
[92mINFO [0m:      Received: evaluate message 4f853e59-1a4a-4d6d-a358-fb1be6e34e80
[92mINFO [0m:      Sent reply
[92mINFO [0m:      
[92mINFO [0m:      Received: train message 401d82c2-19c7-49df-8823-1351be78e392
[92mINFO [0m:      Sent reply
[92mINFO [0m:      
[92mINFO [0m:      Received: evaluate message f498a666-c7c5-47ce-89b3-7ac07c0dc5d8
[92mINFO [0m:      Sent reply
[92mINFO [0m:      
[92mINFO [0m:      Received: train message ec4bc8f6-f4a2-4cd7-83f5-ea2c72c78964
[92mINFO [0m:      Sent reply
[92mINFO [0m:      
[92mINFO [0m:      Received: evaluate message ab7dba44-80b9-4338-ab3c-069fd5b4c192
[92mINFO [0m:      Sent reply
[92mINFO [0m:      
[92mINFO [0m:      Received: train message 10f2af3c-f1e6-4eb2-b99f-8ebe32752d81
[92mINFO [0m:      Sent reply
[92mINFO [0m:      
[92mINFO [0m:      Received: evaluate message 057dd5d2-3a7e-4430-928d-bdc1c32debc2
[92mINFO [0m:      Sent reply
[92mINFO [0m:      
[92mINFO [0m:      Received: train message b1c2a361-9dfe-4ffc-a215-81a7514285f8
[92mINFO [0m:      Sent reply
[92mINFO [0m:      
[92mINFO [0m:      Received: evaluate message e806a972-8c13-452b-916c-ad0835748f60
[92mINFO [0m:      Sent reply
[92mINFO [0m:      
[92mINFO [0m:      Received: train message 7c46efc2-a7d5-4501-a5a8-2a5abc50aa84
[92mINFO [0m:      Sent reply
[92mINFO [0m:      
[92mINFO [0m:      Received: evaluate message 542a90cb-a35f-4365-a332-136c6c07f79c
[92mINFO [0m:      Sent reply
[92mINFO [0m:      
[92mINFO [0m:      Received: train message 78a23957-2aab-4dfd-9e4f-6ad4d99c17c4
[92mINFO [0m:      Sent reply
[92mINFO [0m:      
[92mINFO [0m:      Received: evaluate message 2c1e35be-5038-414f-8e44-4a3104ceead6
[92mINFO [0m:      Sent reply
[92mINFO [0m:      
[92mINFO [0m:      Received: train message 50313e76-74e2-4b1f-a8ab-5180f7718c24
[92mINFO [0m:      Sent reply
[92mINFO [0m:      
[92mINFO [0m:      Received: evaluate message 01477472-11f5-446c-a460-930ed48ceace
[92mINFO [0m:      Sent reply
[92mINFO [0m:      
[92mINFO [0m:      Received: train message 44976a7d-e329-4757-904a-47640550f5f4
[92mINFO [0m:      Sent reply
[92mINFO [0m:      
[92mINFO [0m:      Received: evaluate message 12640c92-e738-44dc-b01c-36a6a519a269
[92mINFO [0m:      Sent reply
[92mINFO [0m:      
[92mINFO [0m:      Received: train message 4aee7316-642e-45f4-9c89-30eebf04c10c
[92mINFO [0m:      Sent reply
[92mINFO [0m:      
[92mINFO [0m:      Received: evaluate message a7c38433-69a9-4165-8cb1-b30973024e50
[92mINFO [0m:      Sent reply
[92mINFO [0m:      
[92mINFO [0m:      Received: train message a89e1d25-97ab-4477-abd1-4fe737e2e67d
[92mINFO [0m:      Sent reply
[92mINFO [0m:      
[92mINFO [0m:      Received: evaluate message 517ea79d-d3ec-4b9a-ad22-5aae692ea577
[92mINFO [0m:      Sent reply
[92mINFO [0m:      
[92mINFO [0m:      Received: train message d9372817-ed8d-40ea-bd2b-e50506c08c87
[92mINFO [0m:      Sent reply
[92mINFO [0m:      
[92mINFO [0m:      Received: evaluate message 94bdc83b-db8b-43da-8e91-e7458ac4565d
[92mINFO [0m:      Sent reply
[92mINFO [0m:      
[92mINFO [0m:      Received: train message 5c0aa374-e1dc-4a23-abc5-4d615238c7b9
[92mINFO [0m:      Sent reply
[92mINFO [0m:      
[92mINFO [0m:      Received: evaluate message c2bf286a-3128-4d15-a054-89785084ae70
[92mINFO [0m:      Sent reply
[92mINFO [0m:      
[92mINFO [0m:      Received: train message af43d237-7144-40bc-833e-b16cecb34035
[92mINFO [0m:      Sent reply
[92mINFO [0m:      
[92mINFO [0m:      Received: evaluate message ca0f6013-ed10-4cc6-9c76-8017d78e111a
[92mINFO [0m:      Sent reply
[92mINFO [0m:      
[92mINFO [0m:      Received: train message 0a331581-500e-44df-85ad-3b171e174b58
[92mINFO [0m:      Sent reply
[92mINFO [0m:      
[92mINFO [0m:      Received: evaluate message 9be94592-d050-44d0-83bb-2ed9ab1e6fe7
[92mINFO [0m:      Sent reply
[92mINFO [0m:      
[92mINFO [0m:      Received: train message 197f7b6e-c83d-4250-a70c-35366a559eff
[92mINFO [0m:      Sent reply
[92mINFO [0m:      
[92mINFO [0m:      Received: evaluate message 7c684c37-0920-4986-ab88-1e8707a86d4a
[92mINFO [0m:      Sent reply
[92mINFO [0m:      
[92mINFO [0m:      Received: train message cdb61974-c96a-448d-bdf5-e64047cce545
[92mINFO [0m:      Sent reply
[92mINFO [0m:      
[92mINFO [0m:      Received: evaluate message 1f696fb1-7122-4f3c-9bd7-5b76665ca5b5
[92mINFO [0m:      Sent reply
[92mINFO [0m:      
[92mINFO [0m:      Received: train message 4dc429ca-9a16-4a10-a6c3-4640f644d773
[92mINFO [0m:      Sent reply
[92mINFO [0m:      
[92mINFO [0m:      Received: evaluate message 1d5d8e10-ee2e-48e2-941c-b09a0a756730
[92mINFO [0m:      Sent reply
[92mINFO [0m:      
[92mINFO [0m:      Received: train message dc8dd118-e3bb-46a9-bd8a-12485d51af5d
[92mINFO [0m:      Sent reply
[92mINFO [0m:      
[92mINFO [0m:      Received: evaluate message 0765de6f-a82b-4d46-ab91-14fac291f544
[92mINFO [0m:      Sent reply
[92mINFO [0m:      
[92mINFO [0m:      Received: train message 9bebf79d-fde3-4478-8df8-ba639b09e145
[92mINFO [0m:      Sent reply
[92mINFO [0m:      
[92mINFO [0m:      Received: evaluate message d163c99c-a9b7-4917-b50c-8ccec3e4e164
[92mINFO [0m:      Sent reply
[92mINFO [0m:      
[92mINFO [0m:      Received: train message 3e9f8898-dea4-4367-a572-d6295a2370cc
[92mINFO [0m:      Sent reply
[92mINFO [0m:      
[92mINFO [0m:      Received: evaluate message 28d159bc-8ea3-4775-accf-bdc0c6280e4b
[92mINFO [0m:      Sent reply
[92mINFO [0m:      
[92mINFO [0m:      Received: train message 0f77fee5-04c0-4a9e-9f45-9fae063eedaf
[92mINFO [0m:      Sent reply
[92mINFO [0m:      
[92mINFO [0m:      Received: evaluate message f2e184e4-749c-4a02-a3ed-c6512562c70b
[92mINFO [0m:      Sent reply
[92mINFO [0m:      
[92mINFO [0m:      Received: train message 14403b79-fec1-468d-8561-1187c2de6a2a
[92mINFO [0m:      Sent reply
[92mINFO [0m:      
[92mINFO [0m:      Received: evaluate message db1c29bb-9454-456b-bb2c-074409de616e
[92mINFO [0m:      Sent reply
[92mINFO [0m:      
[92mINFO [0m:      Received: train message df9f4250-0ab3-44f2-8400-ced272e4b6f2
[92mINFO [0m:      Sent reply
[92mINFO [0m:      
[92mINFO [0m:      Received: evaluate message bdcbab08-625f-4736-acce-4c9741ca1d5d
[92mINFO [0m:      Sent reply
[92mINFO [0m:      
[92mINFO [0m:      Received: train message 1c1c71e8-793b-45c9-a515-ac34510ee37c
[92mINFO [0m:      Sent reply
[92mINFO [0m:      
[92mINFO [0m:      Received: evaluate message ab753294-82bd-4328-9a8f-e2f4e3801db6
[92mINFO [0m:      Sent reply
[92mINFO [0m:      
[92mINFO [0m:      Received: train message 49c938bb-646d-4622-9a76-67ea6a5f3210
[92mINFO [0m:      Sent reply
[92mINFO [0m:      
[92mINFO [0m:      Received: evaluate message 87071296-7cb8-40c1-92ef-8d659221f6fa
[92mINFO [0m:      Sent reply
[92mINFO [0m:      
[92mINFO [0m:      Received: train message edb1168d-1587-4b0d-a671-d6bf2cf03d23
[92mINFO [0m:      Sent reply
[92mINFO [0m:      
[92mINFO [0m:      Received: evaluate message 2246af0d-bbe1-461b-bf6e-93780cd97232
[92mINFO [0m:      Sent reply
[92mINFO [0m:      
[92mINFO [0m:      Received: train message 904d0943-0010-45cd-90bb-38aa64cd45a1
[92mINFO [0m:      Sent reply
[92mINFO [0m:      
[92mINFO [0m:      Received: evaluate message 164579b1-3cc0-4b24-8f34-be56c13e5df8
[92mINFO [0m:      Sent reply
[92mINFO [0m:      
[92mINFO [0m:      Received: train message 19d78edc-1b0e-4b0c-a95f-01087d46984c
[92mINFO [0m:      Sent reply
[92mINFO [0m:      
[92mINFO [0m:      Received: evaluate message 3f91b4b7-51d1-4170-81f4-1ccc858a0ee6
[92mINFO [0m:      Sent reply
[92mINFO [0m:      
[92mINFO [0m:      Received: train message 2d572292-4a31-4d88-9235-fe92859d70ab
[92mINFO [0m:      Sent reply
[92mINFO [0m:      
[92mINFO [0m:      Received: evaluate message 7b3da2af-44c0-4817-956f-9bcf80c893f0
[92mINFO [0m:      Sent reply
[92mINFO [0m:      
[92mINFO [0m:      Received: train message d1fcb98d-dfe6-4394-8e0b-c5d06f96f7d2
[92mINFO [0m:      Sent reply
[92mINFO [0m:      
[92mINFO [0m:      Received: evaluate message d8c9b52c-b04e-4bcd-865b-cf4b08d36cbf
[92mINFO [0m:      Sent reply
[92mINFO [0m:      
[92mINFO [0m:      Received: train message ff8bb14c-fac8-44da-84e0-e07bfbc4a55e
[92mINFO [0m:      Sent reply
[92mINFO [0m:      
[92mINFO [0m:      Received: evaluate message c71088fe-af67-4e2f-8c44-3a421d78b47f
[92mINFO [0m:      Sent reply
[92mINFO [0m:      
[92mINFO [0m:      Received: train message 57aada19-ff24-4ce8-be18-d8a176e955d7
[92mINFO [0m:      Sent reply
[92mINFO [0m:      
[92mINFO [0m:      Received: evaluate message af75a862-028f-4968-9d2c-3214f18d9f61
[92mINFO [0m:      Sent reply
[92mINFO [0m:      
[92mINFO [0m:      Received: train message ff0c491e-3565-47d7-8115-3ca312d5616b
[92mINFO [0m:      Sent reply
[92mINFO [0m:      
[92mINFO [0m:      Received: evaluate message c09c1045-883c-4352-849b-98eeb9c238c1
[92mINFO [0m:      Sent reply
[92mINFO [0m:      
[92mINFO [0m:      Received: train message 43fb9ad2-3db0-484d-9396-0f12c413f991
[92mINFO [0m:      Sent reply
[92mINFO [0m:      
[92mINFO [0m:      Received: evaluate message c5805e21-9f22-4b3e-8f5d-7a6240d08857
[92mINFO [0m:      Sent reply
[92mINFO [0m:      
[92mINFO [0m:      Received: train message aa14b996-9860-4009-8a90-234a713b793e
[92mINFO [0m:      Sent reply
[92mINFO [0m:      
[92mINFO [0m:      Received: evaluate message 58582003-27f7-4b5a-a375-4e7f9012520d
[92mINFO [0m:      Sent reply
[92mINFO [0m:      
[92mINFO [0m:      Received: train message 387e6d62-04a7-4095-a7f1-4c5af71e4269
[92mINFO [0m:      Sent reply
[92mINFO [0m:      
[92mINFO [0m:      Received: evaluate message b6343c04-3e42-45af-b10c-8d6d002fff39
[92mINFO [0m:      Sent reply
[92mINFO [0m:      
[92mINFO [0m:      Received: train message 4e293d90-c911-4c5a-be79-ff628b0ee738
[92mINFO [0m:      Sent reply
[92mINFO [0m:      
[92mINFO [0m:      Received: evaluate message cb9fa43f-2877-4de8-9086-051ae99d12d9
[92mINFO [0m:      Sent reply
[92mINFO [0m:      
[92mINFO [0m:      Received: train message 83a7adc4-65f1-4923-b2bf-3d3aca638705
[92mINFO [0m:      Sent reply
[92mINFO [0m:      
[92mINFO [0m:      Received: evaluate message 2cc5caaa-8456-45b0-af56-fca17b8f2c97
[92mINFO [0m:      Sent reply
[92mINFO [0m:      
[92mINFO [0m:      Received: train message 72fa978a-1abc-4b4f-b9b3-36a4e54cb067
[92mINFO [0m:      Sent reply
[92mINFO [0m:      
[92mINFO [0m:      Received: evaluate message ae7032b8-6a28-4feb-b46b-51a21acfb950
[92mINFO [0m:      Sent reply
[92mINFO [0m:      
[92mINFO [0m:      Received: train message e3a34b0b-34b3-4c1b-96a0-065f83ced70b
[92mINFO [0m:      Sent reply
[92mINFO [0m:      
[92mINFO [0m:      Received: evaluate message 965feac5-5609-4d68-9e7a-5a68b9dd7737
[92mINFO [0m:      Sent reply
[92mINFO [0m:      
[92mINFO [0m:      Received: train message f1b8709f-8804-4ce5-8141-729bd4221969
[92mINFO [0m:      Sent reply
[92mINFO [0m:      
[92mINFO [0m:      Received: evaluate message d1161ed2-f79e-46e6-a359-bdc8a0205882
[92mINFO [0m:      Sent reply
[92mINFO [0m:      
[92mINFO [0m:      Received: train message e9c97918-618f-444d-88e3-5a7b6b2d2f5a
[92mINFO [0m:      Sent reply
[92mINFO [0m:      
[92mINFO [0m:      Received: evaluate message 5c72f6c2-fea5-42ff-bc49-b4fdc2745fca
[92mINFO [0m:      Sent reply
[92mINFO [0m:      
[92mINFO [0m:      Received: train message 5e976871-b868-404f-80de-f3aad16a464d
[92mINFO [0m:      Sent reply
[92mINFO [0m:      
[92mINFO [0m:      Received: evaluate message 4a1b3ac2-2a8f-4e13-90e2-495c90e36b05
[92mINFO [0m:      Sent reply
[92mINFO [0m:      
[92mINFO [0m:      Received: train message 1c7e6f87-f6c0-44ae-9339-364fd760be0c
[92mINFO [0m:      Sent reply
[92mINFO [0m:      
[92mINFO [0m:      Received: evaluate message 72278b9e-1f18-4a8f-add8-de198fd395e0
[92mINFO [0m:      Sent reply
[92mINFO [0m:      
[92mINFO [0m:      Received: train message 517b1598-7a95-4d26-aa8a-1664bf8296e6
[92mINFO [0m:      Sent reply
[92mINFO [0m:      
[92mINFO [0m:      Received: evaluate message db4fcb8c-dc3d-4112-9f39-4cc149c0ae3c
[92mINFO [0m:      Sent reply
[92mINFO [0m:      
[92mINFO [0m:      Received: train message ffd51e4a-4a89-4170-a76b-0476514579a7
[92mINFO [0m:      Sent reply
[92mINFO [0m:      
[92mINFO [0m:      Received: evaluate message 7ce5c919-dfa3-49cb-ae1a-3edb125ab67f
[92mINFO [0m:      Sent reply
[92mINFO [0m:      
[92mINFO [0m:      Received: train message 36dd6ae7-151a-4f4d-8dd4-62b30620b1df
[92mINFO [0m:      Sent reply
[92mINFO [0m:      
[92mINFO [0m:      Received: evaluate message 913e335d-2d1d-4773-8b2f-4c2bc80e1c6d
[92mINFO [0m:      Sent reply
[92mINFO [0m:      
[92mINFO [0m:      Received: train message 62cfd9a4-cdac-4259-8ea2-a4f32155fafa
[92mINFO [0m:      Sent reply
[92mINFO [0m:      
[92mINFO [0m:      Received: evaluate message a428bf4e-a247-4221-ae01-3c9836ffe43e
[92mINFO [0m:      Sent reply
[92mINFO [0m:      
[92mINFO [0m:      Received: reconnect message 435508de-fcd1-49dd-9bff-407353c4388b
[92mINFO [0m:      Disconnect and shut down
