[93mWARNING [0m:   DEPRECATED FEATURE: flwr.client.start_client() is deprecated.
	Instead, use the `flower-supernode` CLI command to start a SuperNode as shown below:

		$ flower-supernode --insecure --superlink='<IP>:<PORT>'

	To view all available options, run:

		$ flower-supernode --help

	Using `start_client()` is deprecated.

            This is a deprecated feature. It will be removed
            entirely in future versions of Flower.
        
[92mINFO [0m:      
[92mINFO [0m:      Received: train message 62e49d8b-447a-4f3f-b617-81e212f02666
[92mINFO [0m:      Sent reply
[92mINFO [0m:      
[92mINFO [0m:      Received: evaluate message 8e3bde8f-b368-4119-9ca3-30e7e130993e
[92mINFO [0m:      Sent reply
[92mINFO [0m:      
[92mINFO [0m:      Received: train message ab4a6c46-f655-4e72-b3c6-b307d5b96158
[92mINFO [0m:      Sent reply
[92mINFO [0m:      
[92mINFO [0m:      Received: evaluate message 43450039-5ea5-41f0-84d3-505076356aee
[92mINFO [0m:      Sent reply
[92mINFO [0m:      
[92mINFO [0m:      Received: train message 34a05217-40ce-41ae-af28-cdcc2aaa59b1
[92mINFO [0m:      Sent reply
[92mINFO [0m:      
[92mINFO [0m:      Received: evaluate message 301df6ae-ab0e-49d6-a358-c7484ac6a861
[92mINFO [0m:      Sent reply
[92mINFO [0m:      
[92mINFO [0m:      Received: train message 7af9d0bc-0f56-427c-bdcf-ca6c88303d8a
[92mINFO [0m:      Sent reply
[92mINFO [0m:      
[92mINFO [0m:      Received: evaluate message c11b5159-f6ae-43e9-b18a-5e8e02ee86f2
[92mINFO [0m:      Sent reply
[92mINFO [0m:      
[92mINFO [0m:      Received: train message f48df86c-1fc5-483b-acf9-a3fd40d9ab6d
[92mINFO [0m:      Sent reply
[92mINFO [0m:      
[92mINFO [0m:      Received: evaluate message 0306b7e8-7ded-46d3-bea9-bef2f39282da
[92mINFO [0m:      Sent reply
[92mINFO [0m:      
[92mINFO [0m:      Received: train message e0f04940-352f-4e97-b0ae-b8007c8d9744
[92mINFO [0m:      Sent reply
[92mINFO [0m:      
[92mINFO [0m:      Received: evaluate message 4761d9ea-dd51-431a-9ed2-26fb97c88e88
[92mINFO [0m:      Sent reply
[92mINFO [0m:      
[92mINFO [0m:      Received: train message 21d72570-ab44-4eb3-8346-436c27aa9814
[92mINFO [0m:      Sent reply
[92mINFO [0m:      
[92mINFO [0m:      Received: evaluate message def17a30-6ca8-490b-9513-67a706fdd848
[92mINFO [0m:      Sent reply
[92mINFO [0m:      
[92mINFO [0m:      Received: train message 8fab89ee-fe68-4d31-9fc5-4e685ede2969
[92mINFO [0m:      Sent reply
[92mINFO [0m:      
[92mINFO [0m:      Received: evaluate message 1ded7479-b04c-4a8a-b784-ee54546a756a
[92mINFO [0m:      Sent reply
[92mINFO [0m:      
[92mINFO [0m:      Received: train message eb66466b-102e-4065-a508-a6f5ad1f886a
[92mINFO [0m:      Sent reply
[92mINFO [0m:      
[92mINFO [0m:      Received: evaluate message 4cfb2770-e987-4da5-90d2-1ea0abf5b422
[92mINFO [0m:      Sent reply
[92mINFO [0m:      
[92mINFO [0m:      Received: train message fbe3a633-0f80-483b-a3f7-2dc855f128e7
[92mINFO [0m:      Sent reply
[92mINFO [0m:      
[92mINFO [0m:      Received: evaluate message 3b03b6c6-d2b2-411c-9a15-8ffa4489a714
[92mINFO [0m:      Sent reply
[92mINFO [0m:      
[92mINFO [0m:      Received: train message 8e549a41-fc61-4460-8c30-813d173ca757
[92mINFO [0m:      Sent reply
[92mINFO [0m:      
[92mINFO [0m:      Received: evaluate message ee63d274-ac09-4550-b1bf-c65a8a406e5e
[92mINFO [0m:      Sent reply
[92mINFO [0m:      
[92mINFO [0m:      Received: train message 581a5252-6399-4aa4-93c0-80c41d1976a0
[92mINFO [0m:      Sent reply
[92mINFO [0m:      
[92mINFO [0m:      Received: evaluate message d9261c1e-6fb9-44e9-9735-125f3cf6a6c8
[92mINFO [0m:      Sent reply
[92mINFO [0m:      
[92mINFO [0m:      Received: train message 62c674dd-32c0-48d4-aa20-11697815ae39
[92mINFO [0m:      Sent reply
[92mINFO [0m:      
[92mINFO [0m:      Received: evaluate message 569b7fe2-e89f-4cc0-84f3-0151ae52cc87
[92mINFO [0m:      Sent reply
[92mINFO [0m:      
[92mINFO [0m:      Received: train message 0d6cf032-a622-42c0-8ec5-6ef4bc7e2d20
[92mINFO [0m:      Sent reply
[92mINFO [0m:      
[92mINFO [0m:      Received: evaluate message 61137a76-4f18-448e-a348-d363d952152a
[92mINFO [0m:      Sent reply
[92mINFO [0m:      
[92mINFO [0m:      Received: train message 80a6ff1b-924e-4e54-a06d-6f0c08220d6a
[92mINFO [0m:      Sent reply
[92mINFO [0m:      
[92mINFO [0m:      Received: evaluate message 692b0da4-555a-4d91-99de-017fc962be02
[92mINFO [0m:      Sent reply
[92mINFO [0m:      
[92mINFO [0m:      Received: train message 7517741a-e5cb-4de8-9b99-48d43c2cec6d
[92mINFO [0m:      Sent reply
[92mINFO [0m:      
[92mINFO [0m:      Received: evaluate message 0d01c9e3-5e40-4071-8d92-52f14d47352c
[92mINFO [0m:      Sent reply
[92mINFO [0m:      
[92mINFO [0m:      Received: train message d7ec3f1a-18cb-4911-a694-2ce256251cd3
[92mINFO [0m:      Sent reply
[92mINFO [0m:      
[92mINFO [0m:      Received: evaluate message 5af36268-1353-4834-9217-0ec8697edb5f
[92mINFO [0m:      Sent reply
[92mINFO [0m:      
[92mINFO [0m:      Received: train message 372a226c-d603-414a-bb44-f079704e76ff
[92mINFO [0m:      Sent reply
[92mINFO [0m:      
[92mINFO [0m:      Received: evaluate message f7f71329-7db3-4b5f-be54-6dae7592b047
[92mINFO [0m:      Sent reply
[92mINFO [0m:      
[92mINFO [0m:      Received: train message 14ad7d80-6ed0-4931-a4ed-e367d0e6b7d5
[92mINFO [0m:      Sent reply
[92mINFO [0m:      
[92mINFO [0m:      Received: evaluate message 23aa0910-e6d2-4725-b5ea-e8962b6e69c2
[92mINFO [0m:      Sent reply
[92mINFO [0m:      
[92mINFO [0m:      Received: train message d474e751-8c34-46f7-8dd5-c5345c8a2679
[92mINFO [0m:      Sent reply
[92mINFO [0m:      
[92mINFO [0m:      Received: evaluate message 7e086dea-c1fb-4906-a33b-657294d90c5e
[92mINFO [0m:      Sent reply
[92mINFO [0m:      
[92mINFO [0m:      Received: train message f4a9f793-9db1-44d9-ba42-6f461f78b896
[92mINFO [0m:      Sent reply
[92mINFO [0m:      
[92mINFO [0m:      Received: evaluate message 5f305e63-dcb4-426c-999a-cd61b6bd9949
[92mINFO [0m:      Sent reply
[92mINFO [0m:      
[92mINFO [0m:      Received: train message c1d62009-1caf-4ada-a43b-b518d7ff07b8
[92mINFO [0m:      Sent reply
[92mINFO [0m:      
[92mINFO [0m:      Received: evaluate message da9b6cfa-6639-4663-804a-b6f02bafd966
[92mINFO [0m:      Sent reply
[92mINFO [0m:      
[92mINFO [0m:      Received: train message ebd4ce6a-d252-4382-90c9-91660e70a61e
[92mINFO [0m:      Sent reply
[92mINFO [0m:      
[92mINFO [0m:      Received: evaluate message 10ac1357-189f-4cbc-b5ef-3aad89baf7d1
[92mINFO [0m:      Sent reply
[92mINFO [0m:      
[92mINFO [0m:      Received: train message 38243eeb-82dd-4003-b7b5-690f24b93586
[92mINFO [0m:      Sent reply
[92mINFO [0m:      
[92mINFO [0m:      Received: evaluate message 1ae64fca-fea6-4cd0-b938-ae4df0050197
[92mINFO [0m:      Sent reply
[92mINFO [0m:      
[92mINFO [0m:      Received: train message cf55e53f-7ede-4923-8541-f3624602732a
[92mINFO [0m:      Sent reply
[92mINFO [0m:      
[92mINFO [0m:      Received: evaluate message f98bfc9a-6add-489e-8fe4-b370ecdc4745
[92mINFO [0m:      Sent reply
[92mINFO [0m:      
[92mINFO [0m:      Received: train message 035af37f-c616-4a3c-8a35-56d1a015c80c
[92mINFO [0m:      Sent reply
[92mINFO [0m:      
[92mINFO [0m:      Received: evaluate message b08b324a-34b3-4ac5-a1e9-8d4baa1ab532
[92mINFO [0m:      Sent reply
[92mINFO [0m:      
[92mINFO [0m:      Received: train message e9deb79b-4e66-4288-aa44-c95bd66d1593
[92mINFO [0m:      Sent reply
[92mINFO [0m:      
[92mINFO [0m:      Received: evaluate message 73d34605-3dfe-4352-b13b-17bb9afc6530
[92mINFO [0m:      Sent reply
[92mINFO [0m:      
[92mINFO [0m:      Received: train message 65e92741-2962-4db2-8657-42db3311aa86
[92mINFO [0m:      Sent reply
[92mINFO [0m:      
[92mINFO [0m:      Received: evaluate message 4024214b-8787-482b-8774-586484e87b7d
[92mINFO [0m:      Sent reply
[92mINFO [0m:      
[92mINFO [0m:      Received: train message d79fbdea-07c2-4aef-b710-44b8af215519
[92mINFO [0m:      Sent reply
[92mINFO [0m:      
[92mINFO [0m:      Received: evaluate message 83fa42ef-f408-4dfb-a501-8dc20d78d2de
[92mINFO [0m:      Sent reply
[92mINFO [0m:      
[92mINFO [0m:      Received: train message 49386bbb-ccb6-4bd7-a47b-62d98d49ed62
[92mINFO [0m:      Sent reply
[92mINFO [0m:      
[92mINFO [0m:      Received: evaluate message 4c08af7e-40d6-4abd-b214-60ca3bec0d5a
[92mINFO [0m:      Sent reply
[92mINFO [0m:      
[92mINFO [0m:      Received: train message 6b8a619d-d3bd-4f65-bb42-e7ac6920b10f
[92mINFO [0m:      Sent reply
[92mINFO [0m:      
[92mINFO [0m:      Received: evaluate message c2afadba-bae4-41f1-a707-98aac448752e
[92mINFO [0m:      Sent reply
[92mINFO [0m:      
[92mINFO [0m:      Received: train message ad65e216-7c24-41a5-8f2c-14578ae808d4
[92mINFO [0m:      Sent reply
[92mINFO [0m:      
[92mINFO [0m:      Received: evaluate message d9646140-f1b0-4358-bce4-9bc486736b6c
[92mINFO [0m:      Sent reply
[92mINFO [0m:      
[92mINFO [0m:      Received: train message 4a49ec3f-7d69-40da-9af3-b2b5ae042784
[92mINFO [0m:      Sent reply
[92mINFO [0m:      
[92mINFO [0m:      Received: evaluate message fcc642df-68ed-4c2d-a074-3088a85bfc82
[92mINFO [0m:      Sent reply
[92mINFO [0m:      
[92mINFO [0m:      Received: train message 6b3a3478-48d4-49ff-8e49-56b325a076bb
[92mINFO [0m:      Sent reply
[92mINFO [0m:      
[92mINFO [0m:      Received: evaluate message 95e623a9-17fb-46bd-b92f-b127cc75dbc5
[92mINFO [0m:      Sent reply
[92mINFO [0m:      
[92mINFO [0m:      Received: train message cf301055-8534-4913-8043-3f3609baadc4
[92mINFO [0m:      Sent reply
[92mINFO [0m:      
[92mINFO [0m:      Received: evaluate message edd704b3-8ae9-48f9-bfdf-d7031b030275
[92mINFO [0m:      Sent reply
[92mINFO [0m:      
[92mINFO [0m:      Received: train message f84e7258-c85c-4448-809a-58e503245cd2
[92mINFO [0m:      Sent reply
[92mINFO [0m:      
[92mINFO [0m:      Received: evaluate message fdb1bc88-84da-475b-a4a8-0fe0493de05a
[92mINFO [0m:      Sent reply
[92mINFO [0m:      
[92mINFO [0m:      Received: train message 5c21e671-1002-40ac-8c70-dc18e1f8d214
[92mINFO [0m:      Sent reply
[92mINFO [0m:      
[92mINFO [0m:      Received: evaluate message e25ee1d5-d1bc-4fc4-b508-42e7b63161a4
[92mINFO [0m:      Sent reply
[92mINFO [0m:      
[92mINFO [0m:      Received: train message b4497f94-5d52-4a05-9e98-8d4ddb7fa98d
[92mINFO [0m:      Sent reply
[92mINFO [0m:      
[92mINFO [0m:      Received: evaluate message 7b510ee1-0f9b-4f01-92ab-0369fad65c99
[92mINFO [0m:      Sent reply
[92mINFO [0m:      
[92mINFO [0m:      Received: train message 406d790d-8352-4020-be00-d3052544e098
[92mINFO [0m:      Sent reply
[92mINFO [0m:      
[92mINFO [0m:      Received: evaluate message 592f3cee-0f67-4061-a40f-222b4f98c3c8
[92mINFO [0m:      Sent reply
[92mINFO [0m:      
[92mINFO [0m:      Received: train message ab5a73e4-c463-488a-8401-ac35e5f68c4d
[92mINFO [0m:      Sent reply
[92mINFO [0m:      
[92mINFO [0m:      Received: evaluate message dcc6e61e-038c-406e-8711-98772ceba4a8
[92mINFO [0m:      Sent reply
[92mINFO [0m:      
[92mINFO [0m:      Received: train message 33ea0059-a4bb-4e7e-9dc5-45234a0a40cf
[92mINFO [0m:      Sent reply
[92mINFO [0m:      
[92mINFO [0m:      Received: evaluate message 8ea2005d-be1f-4ebe-b2ce-1a4ff0399851
[92mINFO [0m:      Sent reply
[92mINFO [0m:      
[92mINFO [0m:      Received: train message a57c7684-854c-48e6-97bc-0ca9584a5984
[92mINFO [0m:      Sent reply
[92mINFO [0m:      
[92mINFO [0m:      Received: evaluate message c70158c9-6479-4fc2-9410-f78eb521946f
[92mINFO [0m:      Sent reply
[92mINFO [0m:      
[92mINFO [0m:      Received: train message 55d873cf-9fbf-4140-ab93-68e42e55419b
[92mINFO [0m:      Sent reply
[92mINFO [0m:      
[92mINFO [0m:      Received: evaluate message 352d9c9b-7c27-4ba2-9059-fc800aa199fa
[92mINFO [0m:      Sent reply
[92mINFO [0m:      
[92mINFO [0m:      Received: train message 435e84c6-b924-48fc-80e4-70401e58b0de
[92mINFO [0m:      Sent reply
[92mINFO [0m:      
[92mINFO [0m:      Received: evaluate message a1b2254f-af85-4756-9fe3-ffad0f5187b6
[92mINFO [0m:      Sent reply
[92mINFO [0m:      
[92mINFO [0m:      Received: train message efadcf85-887a-495e-95a5-acb0802b4b14
[92mINFO [0m:      Sent reply
[92mINFO [0m:      
[92mINFO [0m:      Received: evaluate message b6020a8e-4d1f-47eb-bcf4-fc118b9f6583
[92mINFO [0m:      Sent reply
[92mINFO [0m:      
[92mINFO [0m:      Received: train message 05207553-cef2-4aca-93a7-388fef61aeaa
[92mINFO [0m:      Sent reply
[92mINFO [0m:      
[92mINFO [0m:      Received: evaluate message 797f4f9d-c409-4012-8d8b-875289df2061
[92mINFO [0m:      Sent reply
[92mINFO [0m:      
[92mINFO [0m:      Received: train message 7c037cb5-05e4-4571-a5a5-0e4dbc325f3f
[92mINFO [0m:      Sent reply
[92mINFO [0m:      
[92mINFO [0m:      Received: evaluate message d69dc654-0f7a-46a9-9385-e5f804660b7e
[92mINFO [0m:      Sent reply
[92mINFO [0m:      
[92mINFO [0m:      Received: train message 3794ac34-9093-4114-93bd-3a9693651d54
[92mINFO [0m:      Sent reply
[92mINFO [0m:      
[92mINFO [0m:      Received: evaluate message b16406c5-9369-47ad-82fa-fc02de9d32c6
[92mINFO [0m:      Sent reply
[92mINFO [0m:      
[92mINFO [0m:      Received: train message 0e292a89-d95e-4aa3-b7f0-ce7789c52611
[92mINFO [0m:      Sent reply
[92mINFO [0m:      
[92mINFO [0m:      Received: evaluate message d1968085-f74a-47e8-97f3-26f61d8bec47
[92mINFO [0m:      Sent reply
[92mINFO [0m:      
[92mINFO [0m:      Received: train message c8030d7a-e619-4724-9c5f-61d97ab1ab9a
[92mINFO [0m:      Sent reply
[92mINFO [0m:      
[92mINFO [0m:      Received: evaluate message 02e340a1-05ec-4059-9a11-4ab949c69e53
[92mINFO [0m:      Sent reply
[92mINFO [0m:      
[92mINFO [0m:      Received: reconnect message 38a31467-e35c-4893-afaa-8d945e605bbc
[92mINFO [0m:      Disconnect and shut down
