[93mWARNING [0m:   DEPRECATED FEATURE: flwr.client.start_client() is deprecated.
	Instead, use the `flower-supernode` CLI command to start a SuperNode as shown below:

		$ flower-supernode --insecure --superlink='<IP>:<PORT>'

	To view all available options, run:

		$ flower-supernode --help

	Using `start_client()` is deprecated.

            This is a deprecated feature. It will be removed
            entirely in future versions of Flower.
        
[92mINFO [0m:      
[92mINFO [0m:      Received: train message e5a70f9b-190d-45f4-95e8-d90fd84aa37a
[92mINFO [0m:      Sent reply
[92mINFO [0m:      
[92mINFO [0m:      Received: evaluate message 7ff047f1-3cd7-4d3d-a7f6-9bd8a7a9eef4
[92mINFO [0m:      Sent reply
[92mINFO [0m:      
[92mINFO [0m:      Received: train message 1cc7d5a2-5774-4255-9137-2980f949e7fb
[92mINFO [0m:      Sent reply
[92mINFO [0m:      
[92mINFO [0m:      Received: evaluate message 40c99c58-4f6e-45f4-be0d-b9dc83a01eeb
[92mINFO [0m:      Sent reply
[92mINFO [0m:      
[92mINFO [0m:      Received: train message af9dc476-4dbc-410c-91cd-c8f6cbe18b9d
[92mINFO [0m:      Sent reply
[92mINFO [0m:      
[92mINFO [0m:      Received: evaluate message 4d117035-595d-493d-8f0f-bea69207a4a3
[92mINFO [0m:      Sent reply
[92mINFO [0m:      
[92mINFO [0m:      Received: train message 0d0e2a06-b997-49c2-bd32-806d36e50e19
[92mINFO [0m:      Sent reply
[92mINFO [0m:      
[92mINFO [0m:      Received: evaluate message 8be63e0b-ee38-4efc-9a92-6cc5d1539477
[92mINFO [0m:      Sent reply
[92mINFO [0m:      
[92mINFO [0m:      Received: train message fcce9607-e2cd-4864-ba67-0e2acb6ccff4
[92mINFO [0m:      Sent reply
[92mINFO [0m:      
[92mINFO [0m:      Received: evaluate message 9165f247-f160-4526-a0ce-a6c6df343e91
[92mINFO [0m:      Sent reply
[92mINFO [0m:      
[92mINFO [0m:      Received: train message 4cfbdc13-126c-4158-b71d-fa88dc0ab98b
[92mINFO [0m:      Sent reply
[92mINFO [0m:      
[92mINFO [0m:      Received: evaluate message 6bd3c545-62b5-455d-8682-93d45d08dd59
[92mINFO [0m:      Sent reply
[92mINFO [0m:      
[92mINFO [0m:      Received: train message cad61fcc-74a5-4f62-a826-4fa0be4f454d
[92mINFO [0m:      Sent reply
[92mINFO [0m:      
[92mINFO [0m:      Received: evaluate message a9403bd4-c18f-4a12-8038-c60e3c0e3fb6
[92mINFO [0m:      Sent reply
[92mINFO [0m:      
[92mINFO [0m:      Received: train message 1bd838e0-eae1-480e-9201-8b987415079c
[92mINFO [0m:      Sent reply
[92mINFO [0m:      
[92mINFO [0m:      Received: evaluate message 7b07ef54-bc3b-4ea3-af33-2e756056dadd
[92mINFO [0m:      Sent reply
[92mINFO [0m:      
[92mINFO [0m:      Received: train message 8d9e631c-776e-4a55-b775-f8ac0414338d
[92mINFO [0m:      Sent reply
[92mINFO [0m:      
[92mINFO [0m:      Received: evaluate message 719e76ef-9b3b-422b-a286-3c4f55138ddf
[92mINFO [0m:      Sent reply
[92mINFO [0m:      
[92mINFO [0m:      Received: train message 7914b5b0-89ca-480f-8bcb-f78b090d1d03
[92mINFO [0m:      Sent reply
[92mINFO [0m:      
[92mINFO [0m:      Received: evaluate message 39297335-4c73-4676-b8c7-fa31d434cee1
[92mINFO [0m:      Sent reply
[92mINFO [0m:      
[92mINFO [0m:      Received: train message 596063a5-4877-4ac1-b5c0-9d5d4d0f81ab
[92mINFO [0m:      Sent reply
[92mINFO [0m:      
[92mINFO [0m:      Received: evaluate message 765ef06b-6b8f-4f95-8847-b9e0a6a7ed28
[92mINFO [0m:      Sent reply
[92mINFO [0m:      
[92mINFO [0m:      Received: train message ed348d92-4647-45e8-ab16-23575bbfe2a4
[92mINFO [0m:      Sent reply
[92mINFO [0m:      
[92mINFO [0m:      Received: evaluate message afacb001-408d-4c7b-ad48-7b9ea7de406f
[92mINFO [0m:      Sent reply
[92mINFO [0m:      
[92mINFO [0m:      Received: train message 25795959-89bc-4eb2-8901-7e6801bf3e89
[92mINFO [0m:      Sent reply
[92mINFO [0m:      
[92mINFO [0m:      Received: evaluate message ad23abce-1f7a-43ad-a736-269ce6e4801e
[92mINFO [0m:      Sent reply
[92mINFO [0m:      
[92mINFO [0m:      Received: train message 5f0e3eb4-1eeb-485d-805a-99434f8ec096
[92mINFO [0m:      Sent reply
[92mINFO [0m:      
[92mINFO [0m:      Received: evaluate message 3bb258af-984f-4399-a9db-2b45c42ebc9a
[92mINFO [0m:      Sent reply
[92mINFO [0m:      
[92mINFO [0m:      Received: train message 37f1b1d3-7dae-4290-bdcd-644291dce883
[92mINFO [0m:      Sent reply
[92mINFO [0m:      
[92mINFO [0m:      Received: evaluate message bd139eeb-bab7-4b62-b0b4-5a9ec4b7ebec
[92mINFO [0m:      Sent reply
[92mINFO [0m:      
[92mINFO [0m:      Received: train message 90d3831d-04ae-4027-85ad-c3500e56ca9f
[92mINFO [0m:      Sent reply
[92mINFO [0m:      
[92mINFO [0m:      Received: evaluate message 49f0818a-4855-462b-95c9-f3a1ca036499
[92mINFO [0m:      Sent reply
[92mINFO [0m:      
[92mINFO [0m:      Received: train message a5a96c67-2767-4027-830f-814d3c2eaa94
[92mINFO [0m:      Sent reply
[92mINFO [0m:      
[92mINFO [0m:      Received: evaluate message 3ba82e3a-85c9-47fe-a6fc-8f3d4d5be88a
[92mINFO [0m:      Sent reply
[92mINFO [0m:      
[92mINFO [0m:      Received: train message 3ff3864e-7949-4a77-9269-70a0e852b998
[92mINFO [0m:      Sent reply
[92mINFO [0m:      
[92mINFO [0m:      Received: evaluate message 66f63cf4-6b4e-4b9a-a248-b35cf7e8cea4
[92mINFO [0m:      Sent reply
[92mINFO [0m:      
[92mINFO [0m:      Received: train message d2c4fa5e-d583-47d8-a347-d8404f125114
[92mINFO [0m:      Sent reply
[92mINFO [0m:      
[92mINFO [0m:      Received: evaluate message 96060afb-4590-4a5c-bf7b-4e4c0ea88688
[92mINFO [0m:      Sent reply
[92mINFO [0m:      
[92mINFO [0m:      Received: train message 78a0e9de-3a24-4304-80b9-76f7a4a647b9
[92mINFO [0m:      Sent reply
[92mINFO [0m:      
[92mINFO [0m:      Received: evaluate message adcd3f86-f192-429b-b1e2-86456ec4f8f5
[92mINFO [0m:      Sent reply
[92mINFO [0m:      
[92mINFO [0m:      Received: train message 326b2fbd-8afb-4dbd-b33f-9cf6789a6a23
[92mINFO [0m:      Sent reply
[92mINFO [0m:      
[92mINFO [0m:      Received: evaluate message 2f7ba944-ec3c-460c-b874-6fc406952430
[92mINFO [0m:      Sent reply
[92mINFO [0m:      
[92mINFO [0m:      Received: train message 133cc4b7-a67b-4b3a-a06e-49094ed07376
[92mINFO [0m:      Sent reply
[92mINFO [0m:      
[92mINFO [0m:      Received: evaluate message e7d651c7-0f8c-461c-b729-97d4634bd524
[92mINFO [0m:      Sent reply
[92mINFO [0m:      
[92mINFO [0m:      Received: train message 4e686b21-7059-40b7-afb9-ebc8cd11ab73
[92mINFO [0m:      Sent reply
[92mINFO [0m:      
[92mINFO [0m:      Received: evaluate message e6139e40-57ee-4a03-bc76-2ff57cbb68f8
[92mINFO [0m:      Sent reply
[92mINFO [0m:      
[92mINFO [0m:      Received: train message 8a32f7ae-61b3-4f73-8386-7d9e7336336a
[92mINFO [0m:      Sent reply
[92mINFO [0m:      
[92mINFO [0m:      Received: evaluate message 6b391dfd-c8d4-4548-baf1-b814a803be23
[92mINFO [0m:      Sent reply
[92mINFO [0m:      
[92mINFO [0m:      Received: train message 0f91fdd0-fa43-40a9-aab5-0616534dc658
[92mINFO [0m:      Sent reply
[92mINFO [0m:      
[92mINFO [0m:      Received: evaluate message 10039de7-4966-4194-af79-61d2c70b4057
[92mINFO [0m:      Sent reply
[92mINFO [0m:      
[92mINFO [0m:      Received: train message 5b68f59b-3190-4603-a483-8f506a4f49dc
[92mINFO [0m:      Sent reply
[92mINFO [0m:      
[92mINFO [0m:      Received: evaluate message 3aa7b4e7-3c5b-4955-a913-658b17eb229e
[92mINFO [0m:      Sent reply
[92mINFO [0m:      
[92mINFO [0m:      Received: train message 9cc02ca1-19da-4390-a8a4-634d25684e14
[92mINFO [0m:      Sent reply
[92mINFO [0m:      
[92mINFO [0m:      Received: evaluate message c785c63e-48cf-4eb2-a213-25349ed4eade
[92mINFO [0m:      Sent reply
[92mINFO [0m:      
[92mINFO [0m:      Received: train message 8de81f59-3968-42ef-bd59-1f0d77f47658
[92mINFO [0m:      Sent reply
[92mINFO [0m:      
[92mINFO [0m:      Received: evaluate message 132d122d-9683-4af2-8602-8bfaffda1227
[92mINFO [0m:      Sent reply
[92mINFO [0m:      
[92mINFO [0m:      Received: train message 5e1bb13b-1573-4565-8d86-64ba1fa17ada
[92mINFO [0m:      Sent reply
[92mINFO [0m:      
[92mINFO [0m:      Received: evaluate message 53a8dc18-8c1f-462e-bb83-6b4b32dd3aaa
[92mINFO [0m:      Sent reply
[92mINFO [0m:      
[92mINFO [0m:      Received: train message 2261716f-f690-4ccc-9cb3-817482c61538
[92mINFO [0m:      Sent reply
[92mINFO [0m:      
[92mINFO [0m:      Received: evaluate message f6f9e3d2-ad2c-48a1-8e3e-db2605bea202
[92mINFO [0m:      Sent reply
[92mINFO [0m:      
[92mINFO [0m:      Received: train message 0e002aea-0168-4d43-90f2-1dfae2247618
[92mINFO [0m:      Sent reply
[92mINFO [0m:      
[92mINFO [0m:      Received: evaluate message 9e60c9fb-157e-4679-87f1-ec5d96ce2147
[92mINFO [0m:      Sent reply
[92mINFO [0m:      
[92mINFO [0m:      Received: train message bc5010fb-6e9c-45c7-93ed-1058361d0821
[92mINFO [0m:      Sent reply
[92mINFO [0m:      
[92mINFO [0m:      Received: evaluate message 1d084f9c-ae9c-4ac8-9de9-344fd0348e6e
[92mINFO [0m:      Sent reply
[92mINFO [0m:      
[92mINFO [0m:      Received: train message 1ee14beb-4a85-473f-a7b7-5331ec87e64f
[92mINFO [0m:      Sent reply
[92mINFO [0m:      
[92mINFO [0m:      Received: evaluate message 25f18f57-1aad-4118-9253-cca6c0ae198d
[92mINFO [0m:      Sent reply
[92mINFO [0m:      
[92mINFO [0m:      Received: train message 42bb1789-a66d-4295-a443-598b319e95b5
[92mINFO [0m:      Sent reply
[92mINFO [0m:      
[92mINFO [0m:      Received: evaluate message bc2b407f-b388-42ef-9c95-c59cd9c0529e
[92mINFO [0m:      Sent reply
[92mINFO [0m:      
[92mINFO [0m:      Received: train message 864619be-e67d-4f44-bc8b-637d44abb20f
[92mINFO [0m:      Sent reply
[92mINFO [0m:      
[92mINFO [0m:      Received: evaluate message ebc9a2db-02c6-49f3-9f44-f97fc80dad2d
[92mINFO [0m:      Sent reply
[92mINFO [0m:      
[92mINFO [0m:      Received: train message f0d37c4b-90b7-46ab-81db-ac82dd5c49c2
[92mINFO [0m:      Sent reply
[92mINFO [0m:      
[92mINFO [0m:      Received: evaluate message c445e4fc-1b6e-4774-a0df-1eaba1ff4b21
[92mINFO [0m:      Sent reply
[92mINFO [0m:      
[92mINFO [0m:      Received: train message ad4fc633-09db-4e74-9ce8-93e3dbfa836a
[92mINFO [0m:      Sent reply
[92mINFO [0m:      
[92mINFO [0m:      Received: evaluate message e129cc33-df81-411f-9044-531a054726c4
[92mINFO [0m:      Sent reply
[92mINFO [0m:      
[92mINFO [0m:      Received: train message 3ecca23e-d7b2-4317-87a1-bcf46d668fbc
[92mINFO [0m:      Sent reply
[92mINFO [0m:      
[92mINFO [0m:      Received: evaluate message e369bc2d-105f-40c6-905c-747b4b34689a
[92mINFO [0m:      Sent reply
[92mINFO [0m:      
[92mINFO [0m:      Received: train message 7a368474-9a11-4ef4-af8e-f4d90aff75cf
[92mINFO [0m:      Sent reply
[92mINFO [0m:      
[92mINFO [0m:      Received: evaluate message 4f12d849-45ae-443c-831f-8c38f507934a
[92mINFO [0m:      Sent reply
[92mINFO [0m:      
[92mINFO [0m:      Received: train message e39ae42e-32dc-42b4-8363-db73ad155458
[92mINFO [0m:      Sent reply
[92mINFO [0m:      
[92mINFO [0m:      Received: evaluate message 7297c90e-1ee0-4bf7-8195-dfb65751dcf7
[92mINFO [0m:      Sent reply
[92mINFO [0m:      
[92mINFO [0m:      Received: train message e16f8784-411e-42bf-b1d5-da0ffffb4677
[92mINFO [0m:      Sent reply
[92mINFO [0m:      
[92mINFO [0m:      Received: evaluate message 9c84491a-2259-4ccb-b628-b1fcb5ab59fb
[92mINFO [0m:      Sent reply
[92mINFO [0m:      
[92mINFO [0m:      Received: train message 1ac893b5-4835-46fd-a9cd-29375aca78aa
[92mINFO [0m:      Sent reply
[92mINFO [0m:      
[92mINFO [0m:      Received: evaluate message 8dba4a1d-2442-4884-8d82-859ceb6f790f
[92mINFO [0m:      Sent reply
[92mINFO [0m:      
[92mINFO [0m:      Received: train message c96b6b2c-246f-4efd-be3b-59c2ff1fe482
[92mINFO [0m:      Sent reply
[92mINFO [0m:      
[92mINFO [0m:      Received: evaluate message 0140d653-36a4-4d58-b7da-720971a0956a
[92mINFO [0m:      Sent reply
[92mINFO [0m:      
[92mINFO [0m:      Received: train message 62756170-e0bb-4530-bbda-8775423202dc
[92mINFO [0m:      Sent reply
[92mINFO [0m:      
[92mINFO [0m:      Received: evaluate message 0a8f86e7-9a09-44e8-8697-1d976c9e9a03
[92mINFO [0m:      Sent reply
[92mINFO [0m:      
[92mINFO [0m:      Received: train message 4aec2cf4-a95d-4b4b-bfc3-cecaf81dadb9
[92mINFO [0m:      Sent reply
[92mINFO [0m:      
[92mINFO [0m:      Received: evaluate message f2d88977-b4eb-4138-be09-05bc2d6e5428
[92mINFO [0m:      Sent reply
[92mINFO [0m:      
[92mINFO [0m:      Received: train message a324cee5-68f8-4c9a-928d-2fc39d6a4757
[92mINFO [0m:      Sent reply
[92mINFO [0m:      
[92mINFO [0m:      Received: evaluate message c8525cab-b5ff-4574-89a6-fd6f023ff75b
[92mINFO [0m:      Sent reply
[92mINFO [0m:      
[92mINFO [0m:      Received: train message fb6a1826-8711-441b-bcdd-f6fe955700e2
[92mINFO [0m:      Sent reply
[92mINFO [0m:      
[92mINFO [0m:      Received: evaluate message 6bd116ae-72d8-4372-9d95-0b47ce1c2a42
[92mINFO [0m:      Sent reply
[92mINFO [0m:      
[92mINFO [0m:      Received: train message 29010f69-2fc1-45c0-b751-641880a1bd67
[92mINFO [0m:      Sent reply
[92mINFO [0m:      
[92mINFO [0m:      Received: evaluate message dd748fc9-4ded-495c-bded-2358df8f828d
[92mINFO [0m:      Sent reply
[92mINFO [0m:      
[92mINFO [0m:      Received: train message 299ba1aa-b497-4268-b168-c97a4987113a
[92mINFO [0m:      Sent reply
[92mINFO [0m:      
[92mINFO [0m:      Received: evaluate message 0fd32cc9-a59f-44d3-b6e8-cf91e43e26c2
[92mINFO [0m:      Sent reply
[92mINFO [0m:      
[92mINFO [0m:      Received: train message f224472c-649c-4df8-a8da-ad010eca128f
[92mINFO [0m:      Sent reply
[92mINFO [0m:      
[92mINFO [0m:      Received: evaluate message 64780482-52de-4957-bc18-039ed5d80508
[92mINFO [0m:      Sent reply
[92mINFO [0m:      
[92mINFO [0m:      Received: reconnect message 080a7d7a-b53b-45f0-98d6-015bc06a7d1b
[92mINFO [0m:      Disconnect and shut down
