[93mWARNING [0m:   DEPRECATED FEATURE: flwr.client.start_client() is deprecated.
	Instead, use the `flower-supernode` CLI command to start a SuperNode as shown below:

		$ flower-supernode --insecure --superlink='<IP>:<PORT>'

	To view all available options, run:

		$ flower-supernode --help

	Using `start_client()` is deprecated.

            This is a deprecated feature. It will be removed
            entirely in future versions of Flower.
        
[92mINFO [0m:      
[92mINFO [0m:      Received: evaluate message 84596070-4c72-4ca1-958d-af9c2abd0b82
[92mINFO [0m:      Sent reply
[92mINFO [0m:      
[92mINFO [0m:      Received: evaluate message a74120f2-ec63-4c39-8ac8-63d4e9e8bb8a
[92mINFO [0m:      Sent reply
[92mINFO [0m:      
[92mINFO [0m:      Received: train message 4249830a-5e7a-4622-a384-5d148784a1c7
[92mINFO [0m:      Sent reply
[92mINFO [0m:      
[92mINFO [0m:      Received: evaluate message e2ceb516-c771-4e1b-8650-402d8e0f4f0a
[92mINFO [0m:      Sent reply
[92mINFO [0m:      
[92mINFO [0m:      Received: train message 69ba592c-0ffd-41be-b070-bce564ccc4d4
[92mINFO [0m:      Sent reply
[92mINFO [0m:      
[92mINFO [0m:      Received: evaluate message 725a3be8-551c-464d-a1e7-3c63221f2b3a
[92mINFO [0m:      Sent reply
[92mINFO [0m:      
[92mINFO [0m:      Received: evaluate message 17e483e3-b3a2-4089-a9c1-e95930a2d06b
[92mINFO [0m:      Sent reply
[92mINFO [0m:      
[92mINFO [0m:      Received: train message 380a9450-09d7-4be9-8334-9d82273afdb0
[92mINFO [0m:      Sent reply
[92mINFO [0m:      
[92mINFO [0m:      Received: evaluate message 8eefa482-9bfa-4ddc-ba75-f485e1ffd8c6
[92mINFO [0m:      Sent reply
[92mINFO [0m:      
[92mINFO [0m:      Received: train message 4e5f52a5-66db-446a-ac70-f4c50650ef77
[92mINFO [0m:      Sent reply
[92mINFO [0m:      
[92mINFO [0m:      Received: evaluate message 5feea41a-87be-48c7-834c-958c2c085ab8
[92mINFO [0m:      Sent reply
[92mINFO [0m:      
[92mINFO [0m:      Received: evaluate message 3eb2e060-8fd4-40ee-ba6c-ecc310b3c93e
[92mINFO [0m:      Sent reply
[92mINFO [0m:      
[92mINFO [0m:      Received: train message b25a72ec-2cff-4522-ab0d-ad39194bff7f
[92mINFO [0m:      Sent reply
[92mINFO [0m:      
[92mINFO [0m:      Received: evaluate message 9d6fa114-8691-454b-887f-d9ced0377ac1
[92mINFO [0m:      Sent reply
[92mINFO [0m:      
[92mINFO [0m:      Received: evaluate message 6a84d057-9ab5-4a2b-89fc-9337dbd7903a
[92mINFO [0m:      Sent reply
[92mINFO [0m:      
[92mINFO [0m:      Received: train message 5dbe11b1-155b-45df-84e8-e91443127854
[92mINFO [0m:      Sent reply
[92mINFO [0m:      
[92mINFO [0m:      Received: evaluate message 47667858-edaf-4ede-9517-88c2ec47eb6d
[92mINFO [0m:      Sent reply
[92mINFO [0m:      
[92mINFO [0m:      Received: evaluate message 806ce991-b711-4b00-bf8b-fa33d6c01d80
[92mINFO [0m:      Sent reply
[92mINFO [0m:      
[92mINFO [0m:      Received: train message 147cbc34-b673-4c6d-a5c5-fc6112723ca3
[92mINFO [0m:      Sent reply
[92mINFO [0m:      
[92mINFO [0m:      Received: train message 5ad1d422-de71-4d34-8ea4-2620e4c6979e
[92mINFO [0m:      Sent reply
[92mINFO [0m:      
[92mINFO [0m:      Received: train message 820a9ee2-b9c7-4c64-ace7-cfd7b516a3bb
[92mINFO [0m:      Sent reply
[92mINFO [0m:      
[92mINFO [0m:      Received: train message 07d5279e-a0a5-46af-a8dc-5dc8102cda0c
[92mINFO [0m:      Sent reply
[92mINFO [0m:      
[92mINFO [0m:      Received: train message 2a9438b6-1ad6-43f6-a73a-34159ed4d96d
[92mINFO [0m:      Sent reply
[92mINFO [0m:      
[92mINFO [0m:      Received: train message 839259a3-5207-4fc5-a156-4a685adaba38
[92mINFO [0m:      Sent reply
[92mINFO [0m:      
[92mINFO [0m:      Received: evaluate message 6c202455-7a85-4047-a557-e62aece4126b
[92mINFO [0m:      Sent reply
[92mINFO [0m:      
[92mINFO [0m:      Received: evaluate message 6f8bb24b-0b51-4500-9f07-fd5ba09c85c1
[92mINFO [0m:      Sent reply
[92mINFO [0m:      
[92mINFO [0m:      Received: train message e2ef8cbe-3d5a-4c98-a19e-9a8401a03834
[92mINFO [0m:      Sent reply
[92mINFO [0m:      
[92mINFO [0m:      Received: train message 88db2797-8e01-44ae-a6a2-b0f2060c92eb
[92mINFO [0m:      Sent reply
[92mINFO [0m:      
[92mINFO [0m:      Received: train message 930574c1-1bab-4066-bd82-cb05b931a789
[92mINFO [0m:      Sent reply
[92mINFO [0m:      
[92mINFO [0m:      Received: evaluate message 2918547f-4ed0-45f9-90ab-bc2533e30c15
[92mINFO [0m:      Sent reply
[92mINFO [0m:      
[92mINFO [0m:      Received: train message 0b49d879-8c16-445b-868e-42c43bf61a31
[92mINFO [0m:      Sent reply
[92mINFO [0m:      
[92mINFO [0m:      Received: evaluate message 4464818e-4423-4297-96e9-d3cf105d2312
[92mINFO [0m:      Sent reply
[92mINFO [0m:      
[92mINFO [0m:      Received: train message 78df60c1-f0fe-4e62-ac0b-94ad37bec8ef
[92mINFO [0m:      Sent reply
[92mINFO [0m:      
[92mINFO [0m:      Received: train message b7ee6651-6528-4870-8c79-68c73553fd2d
[92mINFO [0m:      Sent reply
[92mINFO [0m:      
[92mINFO [0m:      Received: evaluate message 26c26b4d-3149-4f26-8e0d-c18144286cec
[92mINFO [0m:      Sent reply
[92mINFO [0m:      
[92mINFO [0m:      Received: evaluate message e18a1bc2-90b5-4b78-bb9e-d8454d3ca6c8
[92mINFO [0m:      Sent reply
[92mINFO [0m:      
[92mINFO [0m:      Received: train message 2212d8f0-8f3e-4cdf-8406-3cc83555af84
[92mINFO [0m:      Sent reply
[92mINFO [0m:      
[92mINFO [0m:      Received: evaluate message 23ccfdf2-62d1-4364-8137-9be47f5eb6bc
[92mINFO [0m:      Sent reply
[92mINFO [0m:      
[92mINFO [0m:      Received: train message 6d85cda9-ae25-46f5-ba5a-7512fe8287b8
[92mINFO [0m:      Sent reply
[92mINFO [0m:      
[92mINFO [0m:      Received: train message 490ab03d-cb09-459d-aaf2-2e2bcc8aa3e9
[92mINFO [0m:      Sent reply
[92mINFO [0m:      
[92mINFO [0m:      Received: train message f0cbce3b-9e63-4747-8948-a52319db9f63
[92mINFO [0m:      Sent reply
[92mINFO [0m:      
[92mINFO [0m:      Received: train message cb7badc3-bf1a-4518-b92b-1198515aa215
[92mINFO [0m:      Sent reply
[92mINFO [0m:      
[92mINFO [0m:      Received: evaluate message 30600447-6a10-4c42-8aa9-70548e4267c6
[92mINFO [0m:      Sent reply
[92mINFO [0m:      
[92mINFO [0m:      Received: evaluate message a6ce021e-85ee-486b-896a-1efce6117443
[92mINFO [0m:      Sent reply
[92mINFO [0m:      
[92mINFO [0m:      Received: evaluate message 23494781-ed56-4af1-90e2-522c87a45946
[92mINFO [0m:      Sent reply
[92mINFO [0m:      
[92mINFO [0m:      Received: evaluate message 5e36307d-0917-458b-b9e6-377abb45ec58
[92mINFO [0m:      Sent reply
[92mINFO [0m:      
[92mINFO [0m:      Received: train message 8cca692f-72ca-4710-a0a4-58873b798369
[92mINFO [0m:      Sent reply
[92mINFO [0m:      
[92mINFO [0m:      Received: evaluate message fefb80b7-8fc8-43f0-b8a4-0e8754a241fd
[92mINFO [0m:      Sent reply
[92mINFO [0m:      
[92mINFO [0m:      Received: train message 475df83c-9572-44f3-a253-1264c02bea4a
[92mINFO [0m:      Sent reply
[92mINFO [0m:      
[92mINFO [0m:      Received: evaluate message dda7b796-ed28-482e-b6d2-b497ff966558
[92mINFO [0m:      Sent reply
[92mINFO [0m:      
[92mINFO [0m:      Received: train message ffddec42-952f-4e8a-9567-2106c9e9c702
[92mINFO [0m:      Sent reply
[92mINFO [0m:      
[92mINFO [0m:      Received: evaluate message fd44d3f7-0439-4d58-bd85-c3c3a1989955
[92mINFO [0m:      Sent reply
[92mINFO [0m:      
[92mINFO [0m:      Received: train message cc286e48-cb4f-49e2-bfc1-49193e0d3c7a
[92mINFO [0m:      Sent reply
[92mINFO [0m:      
[92mINFO [0m:      Received: train message ded54ee8-3bdb-40bb-bd24-b39e742f2e83
[92mINFO [0m:      Sent reply
[92mINFO [0m:      
[92mINFO [0m:      Received: train message 5e06394e-1a5c-40ea-80d0-b4a28d92d90c
[92mINFO [0m:      Sent reply
[92mINFO [0m:      
[92mINFO [0m:      Received: evaluate message 6258025b-8525-4bd3-b890-73f497cefaac
[92mINFO [0m:      Sent reply
[92mINFO [0m:      
[92mINFO [0m:      Received: evaluate message 413aa169-097f-4611-9a57-fb02d9ce88eb
[92mINFO [0m:      Sent reply
[92mINFO [0m:      
[92mINFO [0m:      Received: train message 6ce2b831-e03e-4a0c-8d63-8a5b1b6c0349
[92mINFO [0m:      Sent reply
[92mINFO [0m:      
[92mINFO [0m:      Received: evaluate message eadab52b-790c-4fa8-bd67-31bbe408c6a0
[92mINFO [0m:      Sent reply
[92mINFO [0m:      
[92mINFO [0m:      Received: train message 09c563f3-3ba0-442d-ae90-19208dcf7c5e
[92mINFO [0m:      Sent reply
[92mINFO [0m:      
[92mINFO [0m:      Received: train message ea3b7e48-49cd-45b1-aa4f-e78c496a1ac3
[92mINFO [0m:      Sent reply
[92mINFO [0m:      
[92mINFO [0m:      Received: evaluate message 7725108a-8c79-40c0-ae91-32c8ce0b8234
[92mINFO [0m:      Sent reply
[92mINFO [0m:      
[92mINFO [0m:      Received: train message a5ac289f-486d-443f-965d-49eb76174a60
[92mINFO [0m:      Sent reply
[92mINFO [0m:      
[92mINFO [0m:      Received: evaluate message adfd9783-12a2-4db2-bfdd-48f668e12837
[92mINFO [0m:      Sent reply
[92mINFO [0m:      
[92mINFO [0m:      Received: train message 2f58caf4-3acd-438a-afba-709073f084ed
[92mINFO [0m:      Sent reply
[92mINFO [0m:      
[92mINFO [0m:      Received: evaluate message 1d5b0e6a-6695-483b-949f-cd38f84b1d45
[92mINFO [0m:      Sent reply
[92mINFO [0m:      
[92mINFO [0m:      Received: train message 1ab39fcc-bec1-4020-bbab-1f9f6bd226cb
[92mINFO [0m:      Sent reply
[92mINFO [0m:      
[92mINFO [0m:      Received: evaluate message e0c27ad5-13da-4efc-ad85-bafa0f07b5c3
[92mINFO [0m:      Sent reply
[92mINFO [0m:      
[92mINFO [0m:      Received: evaluate message 2cdf5546-6321-48de-bae9-54c5f02999e1
[92mINFO [0m:      Sent reply
[92mINFO [0m:      
[92mINFO [0m:      Received: train message a645443f-368b-465b-9f4b-12be61cea980
[92mINFO [0m:      Sent reply
[92mINFO [0m:      
[92mINFO [0m:      Received: evaluate message 483bab30-5982-4f74-ad2e-690427c9235f
[92mINFO [0m:      Sent reply
[92mINFO [0m:      
[92mINFO [0m:      Received: train message 9c756d65-1a63-44b8-832f-552b866d8824
[92mINFO [0m:      Sent reply
[92mINFO [0m:      
[92mINFO [0m:      Received: evaluate message c674d1a6-5456-4001-aed1-44bbea402e41
[92mINFO [0m:      Sent reply
[92mINFO [0m:      
[92mINFO [0m:      Received: train message 9ba1e3e7-78f2-45ad-827f-380f4106497f
[92mINFO [0m:      Sent reply
[92mINFO [0m:      
[92mINFO [0m:      Received: evaluate message 8f68bada-2992-4f38-9a37-39431b18a7fe
[92mINFO [0m:      Sent reply
[92mINFO [0m:      
[92mINFO [0m:      Received: evaluate message 95f8c297-9049-482e-a54a-206f966e3f32
[92mINFO [0m:      Sent reply
[92mINFO [0m:      
[92mINFO [0m:      Received: evaluate message 550eba2d-8fe6-4f92-86ec-0d1ecf972217
[92mINFO [0m:      Sent reply
[92mINFO [0m:      
[92mINFO [0m:      Received: evaluate message 5f7c0644-eb08-43f5-8be0-63b90771942d
[92mINFO [0m:      Sent reply
[92mINFO [0m:      
[92mINFO [0m:      Received: train message dd5fbadd-c226-4e17-9842-f0456af52cfa
[92mINFO [0m:      Sent reply
[92mINFO [0m:      
[92mINFO [0m:      Received: evaluate message 8acbddfe-6ec0-437c-8354-c0a6447869a7
[92mINFO [0m:      Sent reply
[92mINFO [0m:      
[92mINFO [0m:      Received: train message 6e66f6df-1f9e-4af6-8608-7ac953cb2d98
[92mINFO [0m:      Sent reply
[92mINFO [0m:      
[92mINFO [0m:      Received: evaluate message 37b954b2-49a9-4246-a12f-e2abd7a29bd0
[92mINFO [0m:      Sent reply
[92mINFO [0m:      
[92mINFO [0m:      Received: evaluate message 8cfededc-76be-4463-9c2f-f957550c1994
[92mINFO [0m:      Sent reply
[92mINFO [0m:      
[92mINFO [0m:      Received: train message 60d53b56-b154-46cc-bbef-a238eb92d261
[92mINFO [0m:      Sent reply
[92mINFO [0m:      
[92mINFO [0m:      Received: evaluate message b7bc2007-a6d5-408f-b848-4346157eb08e
[92mINFO [0m:      Sent reply
[92mINFO [0m:      
[92mINFO [0m:      Received: train message fb2cff6c-a336-43ec-ad0b-c0cdf62e845c
[92mINFO [0m:      Sent reply
[92mINFO [0m:      
[92mINFO [0m:      Received: train message cc7b0425-e9a1-424e-958b-ecdd569b7e48
[92mINFO [0m:      Sent reply
[92mINFO [0m:      
[92mINFO [0m:      Received: evaluate message 91a8108b-5f87-47c4-a515-4ffe1406a5d2
[92mINFO [0m:      Sent reply
[92mINFO [0m:      
[92mINFO [0m:      Received: evaluate message bae522a0-ad25-417c-9b1b-71286290403b
[92mINFO [0m:      Sent reply
[92mINFO [0m:      
[92mINFO [0m:      Received: train message 27f2fa6b-3ed8-4785-8cfc-c099946c8923
[92mINFO [0m:      Sent reply
[92mINFO [0m:      
[92mINFO [0m:      Received: train message 65559008-2789-49cb-a2de-52ef1707e6c9
[92mINFO [0m:      Sent reply
[92mINFO [0m:      
[92mINFO [0m:      Received: evaluate message c1519387-7068-4e68-a5f4-24e1e5e134b8
[92mINFO [0m:      Sent reply
[92mINFO [0m:      
[92mINFO [0m:      Received: train message 3719955d-8778-4c49-be5c-95e53472ef56
[92mINFO [0m:      Sent reply
[92mINFO [0m:      
[92mINFO [0m:      Received: evaluate message 07773707-8eab-4570-8ea7-47e811f1ccc9
[92mINFO [0m:      Sent reply
[92mINFO [0m:      
[92mINFO [0m:      Received: train message c32ad16b-ed32-425d-a9c1-a6f81529a18b
[92mINFO [0m:      Sent reply
[92mINFO [0m:      
[92mINFO [0m:      Received: train message 37a82db9-c137-45bc-9fc6-3148df167b8b
[92mINFO [0m:      Sent reply
[92mINFO [0m:      
[92mINFO [0m:      Received: evaluate message 822482a9-70a4-4cdc-8624-da2c9e81e247
[92mINFO [0m:      Sent reply
[92mINFO [0m:      
[92mINFO [0m:      Received: train message 3e8098c3-f9ff-4073-bf53-3163a06515c3
[92mINFO [0m:      Sent reply
[92mINFO [0m:      
[92mINFO [0m:      Received: evaluate message c448d64e-3a3c-47da-8ddc-60f848452d88
[92mINFO [0m:      Sent reply
[92mINFO [0m:      
[92mINFO [0m:      Received: evaluate message 658a67d8-0765-4b98-b48c-98fa7ac9b883
[92mINFO [0m:      Sent reply
[92mINFO [0m:      
[92mINFO [0m:      Received: train message f9aa0ac4-c528-4ce0-a88e-642f89616d16
[92mINFO [0m:      Sent reply
[92mINFO [0m:      
[92mINFO [0m:      Received: evaluate message ed0214d6-9ffd-424c-a93d-78cc037deacf
[92mINFO [0m:      Sent reply
[92mINFO [0m:      
[92mINFO [0m:      Received: evaluate message 1bdbd92f-5eeb-4b37-a6c7-667dff727bf9
[92mINFO [0m:      Sent reply
[92mINFO [0m:      
[92mINFO [0m:      Received: train message 529bd23f-4b21-4106-9747-d7a09e45d672
[92mINFO [0m:      Sent reply
[92mINFO [0m:      
[92mINFO [0m:      Received: evaluate message ff84aafa-44ee-4639-8c46-3e8f034e4663
[92mINFO [0m:      Sent reply
[92mINFO [0m:      
[92mINFO [0m:      Received: evaluate message d9916cea-ce8e-4414-ab62-d0ce78669d28
[92mINFO [0m:      Sent reply
[92mINFO [0m:      
[92mINFO [0m:      Received: train message 449389c6-638a-4d02-91ab-d73a8cfa6c60
[92mINFO [0m:      Sent reply
[92mINFO [0m:      
[92mINFO [0m:      Received: evaluate message 9ee18fbd-5ba6-4bc6-a606-a59e9388a383
[92mINFO [0m:      Sent reply
[92mINFO [0m:      
[92mINFO [0m:      Received: train message 7e93c755-048d-4ac5-be0e-299d8ce24a40
[92mINFO [0m:      Sent reply
[92mINFO [0m:      
[92mINFO [0m:      Received: train message 109f6b21-b669-41fd-b9c5-ede90b007527
[92mINFO [0m:      Sent reply
[92mINFO [0m:      
[92mINFO [0m:      Received: evaluate message e02117f1-87e4-432f-b5af-ea260cbaef73
[92mINFO [0m:      Sent reply
[92mINFO [0m:      
[92mINFO [0m:      Received: evaluate message 74bdd2fc-cabf-413c-84f0-6a7376b0af03
[92mINFO [0m:      Sent reply
[92mINFO [0m:      
[92mINFO [0m:      Received: train message 85d4339a-f642-4810-a01d-94e239332dd3
[92mINFO [0m:      Sent reply
[92mINFO [0m:      
[92mINFO [0m:      Received: train message 450132bf-f5fe-4193-b4d5-a755b4a2e9f2
[92mINFO [0m:      Sent reply
[92mINFO [0m:      
[92mINFO [0m:      Received: evaluate message 349d6780-f37c-405f-9504-02a88c058ae5
[92mINFO [0m:      Sent reply
[92mINFO [0m:      
[92mINFO [0m:      Received: train message 7db93f49-b97d-488d-bff9-6949833a73d7
[92mINFO [0m:      Sent reply
[92mINFO [0m:      
[92mINFO [0m:      Received: train message 06eefb6c-7a73-4575-b34b-2236f269a3ac
[92mINFO [0m:      Sent reply
[92mINFO [0m:      
[92mINFO [0m:      Received: evaluate message d3eb7e0e-ea08-41a3-8f69-76457a04a5d3
[92mINFO [0m:      Sent reply
[92mINFO [0m:      
[92mINFO [0m:      Received: train message a6eb2a15-8771-43c6-9827-f5216134b0d1
[92mINFO [0m:      Sent reply
[92mINFO [0m:      
[92mINFO [0m:      Received: evaluate message ef63beef-f64c-4f30-bb50-add807f75ef6
[92mINFO [0m:      Sent reply
[92mINFO [0m:      
[92mINFO [0m:      Received: train message c17d7eb9-24a3-4ed2-8e9f-7e541d2d4673
[92mINFO [0m:      Sent reply
[92mINFO [0m:      
[92mINFO [0m:      Received: evaluate message 7b449853-27f9-4733-8bba-adad5184045a
[92mINFO [0m:      Sent reply
[92mINFO [0m:      
[92mINFO [0m:      Received: evaluate message 2c62bf7f-7999-4dad-9761-e31a794485a2
[92mINFO [0m:      Sent reply
[92mINFO [0m:      
[92mINFO [0m:      Received: train message 8b6bdefc-5820-4f6c-8266-0761aa730192
[92mINFO [0m:      Sent reply
[92mINFO [0m:      
[92mINFO [0m:      Received: train message c5a21132-9b05-45e2-896b-c7b4ad0a7755
[92mINFO [0m:      Sent reply
[92mINFO [0m:      
[92mINFO [0m:      Received: evaluate message dddb029d-ace0-4e0a-9f23-55552bfcbfb6
[92mINFO [0m:      Sent reply
[92mINFO [0m:      
[92mINFO [0m:      Received: evaluate message 11b5fc8c-0b7e-49ba-982b-4e1d5e042bc5
[92mINFO [0m:      Sent reply
[92mINFO [0m:      
[92mINFO [0m:      Received: evaluate message 1c24b5d2-1e5d-4c0b-ae16-482d2c20b23f
[92mINFO [0m:      Sent reply
[92mINFO [0m:      
[92mINFO [0m:      Received: train message a7e7ccbc-99a0-49f1-9537-3fcf84ec4e8f
[92mINFO [0m:      Sent reply
[92mINFO [0m:      
[92mINFO [0m:      Received: train message 49e23cf8-e455-4251-941d-6ed5f1393e4e
[92mINFO [0m:      Sent reply
[92mINFO [0m:      
[92mINFO [0m:      Received: evaluate message 9cd0bb6b-7b7d-4f12-b8cf-1c8211d6c8c7
[92mINFO [0m:      Sent reply
[92mINFO [0m:      
[92mINFO [0m:      Received: train message 0ecf2861-53ec-43f2-b453-0aa88c21e214
[92mINFO [0m:      Sent reply
[92mINFO [0m:      
[92mINFO [0m:      Received: evaluate message fd450574-22df-4659-a602-349ece09d8a6
[92mINFO [0m:      Sent reply
[92mINFO [0m:      
[92mINFO [0m:      Received: evaluate message f7ca3a6f-2ad5-4be0-9788-9306865c3707
[92mINFO [0m:      Sent reply
[92mINFO [0m:      
[92mINFO [0m:      Received: train message 26e13e86-51ef-487b-b8aa-269cdb302aaf
[92mINFO [0m:      Sent reply
[92mINFO [0m:      
[92mINFO [0m:      Received: evaluate message e744340f-c6a7-4246-b3ae-e4a5cf63009c
[92mINFO [0m:      Sent reply
[92mINFO [0m:      
[92mINFO [0m:      Received: reconnect message 245c39da-1175-423c-baff-15bb8e00d3e6
[92mINFO [0m:      Disconnect and shut down
