[93mWARNING [0m:   DEPRECATED FEATURE: flwr.client.start_client() is deprecated.
	Instead, use the `flower-supernode` CLI command to start a SuperNode as shown below:

		$ flower-supernode --insecure --superlink='<IP>:<PORT>'

	To view all available options, run:

		$ flower-supernode --help

	Using `start_client()` is deprecated.

            This is a deprecated feature. It will be removed
            entirely in future versions of Flower.
        
[92mINFO [0m:      
[92mINFO [0m:      Received: train message f823a37d-664d-4ca1-8e11-c22b1afb01d2
[92mINFO [0m:      Sent reply
[92mINFO [0m:      
[92mINFO [0m:      Received: train message 92a303b9-6a56-4916-9200-6a8a7cc08480
[92mINFO [0m:      Sent reply
[92mINFO [0m:      
[92mINFO [0m:      Received: evaluate message ca695f44-39f3-4358-aabc-a49b61d55089
[92mINFO [0m:      Sent reply
[92mINFO [0m:      
[92mINFO [0m:      Received: evaluate message ab3e8a74-4fdd-4b45-90bf-d5341db864c9
[92mINFO [0m:      Sent reply
[92mINFO [0m:      
[92mINFO [0m:      Received: evaluate message 33dc2bc8-d843-4bb6-a2c3-f99f43fea853
[92mINFO [0m:      Sent reply
[92mINFO [0m:      
[92mINFO [0m:      Received: train message 18e854f0-8fdc-4a7d-b35c-a9ed2e0e345c
[92mINFO [0m:      Sent reply
[92mINFO [0m:      
[92mINFO [0m:      Received: evaluate message 83c110d8-5b9f-484e-9e13-c4f39ed0080a
[92mINFO [0m:      Sent reply
[92mINFO [0m:      
[92mINFO [0m:      Received: train message 163a5ed9-b58f-421c-ab97-af1cd1d28c8a
[92mINFO [0m:      Sent reply
[92mINFO [0m:      
[92mINFO [0m:      Received: evaluate message a85e2bae-5607-47f3-a811-3242da887c87
[92mINFO [0m:      Sent reply
[92mINFO [0m:      
[92mINFO [0m:      Received: train message ae48c192-6c6d-4691-9998-90dd10a0a157
[92mINFO [0m:      Sent reply
[92mINFO [0m:      
[92mINFO [0m:      Received: evaluate message 08e90b3b-c9bc-44bc-a86b-2c2470c145de
[92mINFO [0m:      Sent reply
[92mINFO [0m:      
[92mINFO [0m:      Received: train message 8f5a215a-043d-4253-8274-e27839fb4354
[92mINFO [0m:      Sent reply
[92mINFO [0m:      
[92mINFO [0m:      Received: evaluate message 06fcd563-c759-40b1-b550-56e02c07cbe0
[92mINFO [0m:      Sent reply
[92mINFO [0m:      
[92mINFO [0m:      Received: train message 8ca0623d-3712-475e-bdfd-ce2b9477d271
[92mINFO [0m:      Sent reply
[92mINFO [0m:      
[92mINFO [0m:      Received: evaluate message 73e71026-68e0-4ae6-a0a3-3f09b24f58f1
[92mINFO [0m:      Sent reply
[92mINFO [0m:      
[92mINFO [0m:      Received: train message 6cbb8b91-38f6-41cc-9784-9e1eec4e0b9f
[92mINFO [0m:      Sent reply
[92mINFO [0m:      
[92mINFO [0m:      Received: evaluate message bee49ec5-d0db-4c28-84c3-d807f89e3ca8
[92mINFO [0m:      Sent reply
[92mINFO [0m:      
[92mINFO [0m:      Received: train message 433f1146-6c0c-492a-a1cd-6346366dcf2b
[92mINFO [0m:      Sent reply
[92mINFO [0m:      
[92mINFO [0m:      Received: evaluate message 5f7111af-c0cf-44ee-8f73-a635b1b4153a
[92mINFO [0m:      Sent reply
[92mINFO [0m:      
[92mINFO [0m:      Received: train message ca716949-9e62-42f7-90fc-1ffe92fd1333
[92mINFO [0m:      Sent reply
[92mINFO [0m:      
[92mINFO [0m:      Received: evaluate message a9888c0c-9d13-4852-ab2a-794c53f7e18e
[92mINFO [0m:      Sent reply
[92mINFO [0m:      
[92mINFO [0m:      Received: evaluate message e08e972a-9652-4a8c-ac70-38a2f0b82332
[92mINFO [0m:      Sent reply
[92mINFO [0m:      
[92mINFO [0m:      Received: evaluate message 6b6b7bac-c568-4414-8e8f-54fb3f2ceace
[92mINFO [0m:      Sent reply
[92mINFO [0m:      
[92mINFO [0m:      Received: train message bddb9690-1a29-439a-b51b-5dd5259d9246
[92mINFO [0m:      Sent reply
[92mINFO [0m:      
[92mINFO [0m:      Received: evaluate message cea0c58b-e0e0-4650-96ba-b72508cfda0c
[92mINFO [0m:      Sent reply
[92mINFO [0m:      
[92mINFO [0m:      Received: train message b4104913-69b6-4c38-acf6-1e1c4eb1fea1
[92mINFO [0m:      Sent reply
[92mINFO [0m:      
[92mINFO [0m:      Received: train message 04b263d2-48a2-4aa4-ac7f-6d49e86f3037
[92mINFO [0m:      Sent reply
[92mINFO [0m:      
[92mINFO [0m:      Received: evaluate message 0f3c1a50-7861-4d7d-b164-8635190feedc
[92mINFO [0m:      Sent reply
[92mINFO [0m:      
[92mINFO [0m:      Received: train message 7bc44e97-9bbd-4087-8a60-eac3f40e61ed
[92mINFO [0m:      Sent reply
[92mINFO [0m:      
[92mINFO [0m:      Received: evaluate message 97b90d32-050d-46a2-8c37-7440038e4ff5
[92mINFO [0m:      Sent reply
[92mINFO [0m:      
[92mINFO [0m:      Received: train message 02576d33-8735-43c5-bf3c-24aab4a1b822
[92mINFO [0m:      Sent reply
[92mINFO [0m:      
[92mINFO [0m:      Received: evaluate message bd4dea1b-d327-4a97-9bca-aba8a3f6755e
[92mINFO [0m:      Sent reply
[92mINFO [0m:      
[92mINFO [0m:      Received: train message 7dc4001f-9a17-4574-98ca-2caf02a386b0
[92mINFO [0m:      Sent reply
[92mINFO [0m:      
[92mINFO [0m:      Received: evaluate message 3c67056f-ec9a-461a-8fef-b7b2b12fed2b
[92mINFO [0m:      Sent reply
[92mINFO [0m:      
[92mINFO [0m:      Received: evaluate message bbea0bd9-d1f7-48ce-8fb6-104fbcd357f4
[92mINFO [0m:      Sent reply
[92mINFO [0m:      
[92mINFO [0m:      Received: train message e255426f-16e4-4300-87a6-5d8275aaba35
[92mINFO [0m:      Sent reply
[92mINFO [0m:      
[92mINFO [0m:      Received: evaluate message 376ad3fe-216c-4709-9991-6e160fae7947
[92mINFO [0m:      Sent reply
[92mINFO [0m:      
[92mINFO [0m:      Received: train message 6a1d5cbf-dec4-4ce3-82bf-eea192bfeb49
[92mINFO [0m:      Sent reply
[92mINFO [0m:      
[92mINFO [0m:      Received: train message 499a2fc3-3de5-4622-8bb2-9cd025e14e4e
[92mINFO [0m:      Sent reply
[92mINFO [0m:      
[92mINFO [0m:      Received: evaluate message 5c431832-efaa-46dd-a8d0-27ede76522fc
[92mINFO [0m:      Sent reply
[92mINFO [0m:      
[92mINFO [0m:      Received: evaluate message cca8060b-35ce-4a08-bc5c-141baa6c2db2
[92mINFO [0m:      Sent reply
[92mINFO [0m:      
[92mINFO [0m:      Received: train message 454a4479-40b8-4992-8558-c5ba5f8c8619
[92mINFO [0m:      Sent reply
[92mINFO [0m:      
[92mINFO [0m:      Received: evaluate message 755791e0-4647-4af5-bb30-8c73c709f772
[92mINFO [0m:      Sent reply
[92mINFO [0m:      
[92mINFO [0m:      Received: evaluate message 5e8f3293-d1ca-49c5-8d0f-dc8d5af4905d
[92mINFO [0m:      Sent reply
[92mINFO [0m:      
[92mINFO [0m:      Received: evaluate message 21cfd862-ea50-4bd0-814d-a7a3d314965a
[92mINFO [0m:      Sent reply
[92mINFO [0m:      
[92mINFO [0m:      Received: train message a5e245d9-8045-4390-b627-5cc4c73c8c8f
[92mINFO [0m:      Sent reply
[92mINFO [0m:      
[92mINFO [0m:      Received: train message 03ad8a13-83a6-4985-b73e-321686820b96
[92mINFO [0m:      Sent reply
[92mINFO [0m:      
[92mINFO [0m:      Received: evaluate message ab39db6d-1035-48b0-82a8-baea7abd02a3
[92mINFO [0m:      Sent reply
[92mINFO [0m:      
[92mINFO [0m:      Received: train message eec34b09-3898-4f59-82f1-5277340f0235
[92mINFO [0m:      Sent reply
[92mINFO [0m:      
[92mINFO [0m:      Received: evaluate message 86032d19-8353-4cc7-90aa-f7fa52093f9d
[92mINFO [0m:      Sent reply
[92mINFO [0m:      
[92mINFO [0m:      Received: train message 511ab8bc-0f97-4ce5-b145-69440e931003
[92mINFO [0m:      Sent reply
[92mINFO [0m:      
[92mINFO [0m:      Received: evaluate message 074ffc72-2234-487a-a5bc-e7f9de77a2d6
[92mINFO [0m:      Sent reply
[92mINFO [0m:      
[92mINFO [0m:      Received: train message 687f30d7-f7da-442f-bf82-80d263a0da71
[92mINFO [0m:      Sent reply
[92mINFO [0m:      
[92mINFO [0m:      Received: evaluate message 43754980-92a8-4507-b972-683125dd081d
[92mINFO [0m:      Sent reply
[92mINFO [0m:      
[92mINFO [0m:      Received: train message ecf35ba8-0de3-47c3-8964-65bbc7acd5ff
[92mINFO [0m:      Sent reply
[92mINFO [0m:      
[92mINFO [0m:      Received: train message 21b374e9-35e9-41a2-a51e-03e365932829
[92mINFO [0m:      Sent reply
[92mINFO [0m:      
[92mINFO [0m:      Received: train message 434fb7b1-04f1-44be-8ade-00c25bc554f1
[92mINFO [0m:      Sent reply
[92mINFO [0m:      
[92mINFO [0m:      Received: evaluate message a8efe85f-8b44-4a08-b653-037054f93fab
[92mINFO [0m:      Sent reply
[92mINFO [0m:      
[92mINFO [0m:      Received: evaluate message f5f396d5-6ebe-4043-8374-b74699de776e
[92mINFO [0m:      Sent reply
[92mINFO [0m:      
[92mINFO [0m:      Received: train message d72f7002-d598-4195-9ce1-25ec1434aadb
[92mINFO [0m:      Sent reply
[92mINFO [0m:      
[92mINFO [0m:      Received: evaluate message 53ece32d-88b5-4ee7-8838-c97653aad354
[92mINFO [0m:      Sent reply
[92mINFO [0m:      
[92mINFO [0m:      Received: evaluate message e1b39675-d21c-4823-9420-9bca60b264d9
[92mINFO [0m:      Sent reply
[92mINFO [0m:      
[92mINFO [0m:      Received: train message f58357bb-f366-4278-93a7-e45bf6f7d0de
[92mINFO [0m:      Sent reply
[92mINFO [0m:      
[92mINFO [0m:      Received: evaluate message f5db5e9e-bd7d-475f-9eb5-b60b241d7e9a
[92mINFO [0m:      Sent reply
[92mINFO [0m:      
[92mINFO [0m:      Received: train message c5aebcf1-7657-40b3-8cab-e6c12b99cede
[92mINFO [0m:      Sent reply
[92mINFO [0m:      
[92mINFO [0m:      Received: evaluate message 21c6c62d-105f-4b30-b860-063c7f702716
[92mINFO [0m:      Sent reply
[92mINFO [0m:      
[92mINFO [0m:      Received: train message 6f6e1ee0-f1f7-405f-a8b5-73a1b10e5990
[92mINFO [0m:      Sent reply
[92mINFO [0m:      
[92mINFO [0m:      Received: train message 2a48a685-f4e9-4a56-a9ec-0fae0887635c
[92mINFO [0m:      Sent reply
[92mINFO [0m:      
[92mINFO [0m:      Received: train message 9886243a-19ca-4244-a006-62412037d105
[92mINFO [0m:      Sent reply
[92mINFO [0m:      
[92mINFO [0m:      Received: train message 75cd61bf-ce4f-454a-82d3-9e335f8c702d
[92mINFO [0m:      Sent reply
[92mINFO [0m:      
[92mINFO [0m:      Received: evaluate message d789aa33-fef4-4ca0-9cea-70448d733152
[92mINFO [0m:      Sent reply
[92mINFO [0m:      
[92mINFO [0m:      Received: evaluate message 37aaea93-435f-4a30-acf8-ddab8b8fb21f
[92mINFO [0m:      Sent reply
[92mINFO [0m:      
[92mINFO [0m:      Received: train message 51f62a8f-1a08-4995-a488-89601e08103e
[92mINFO [0m:      Sent reply
[92mINFO [0m:      
[92mINFO [0m:      Received: train message d4cd03d9-c6a6-46a6-ac70-b7462d6da1df
[92mINFO [0m:      Sent reply
[92mINFO [0m:      
[92mINFO [0m:      Received: evaluate message d40dabbb-7a46-49be-9db6-6647617aff4a
[92mINFO [0m:      Sent reply
[92mINFO [0m:      
[92mINFO [0m:      Received: train message e8f0b719-1ae8-40fa-9d91-e6731d285ca6
[92mINFO [0m:      Sent reply
[92mINFO [0m:      
[92mINFO [0m:      Received: train message 7d120cab-d595-46ea-90ed-8308ff9caf07
[92mINFO [0m:      Sent reply
[92mINFO [0m:      
[92mINFO [0m:      Received: train message aec62e71-a351-436f-ae3e-daf84441004f
[92mINFO [0m:      Sent reply
[92mINFO [0m:      
[92mINFO [0m:      Received: evaluate message 8c79b571-639f-4a15-8f1c-f683ea8dc4a9
[92mINFO [0m:      Sent reply
[92mINFO [0m:      
[92mINFO [0m:      Received: train message 22873020-6746-4f10-aeac-b8e4a54cb91a
[92mINFO [0m:      Sent reply
[92mINFO [0m:      
[92mINFO [0m:      Received: train message 88fb02c4-094d-4fc7-b759-d9aef60ac59e
[92mINFO [0m:      Sent reply
[92mINFO [0m:      
[92mINFO [0m:      Received: evaluate message 5dbdb073-70b2-45dd-9798-1ba4fb11d1b2
[92mINFO [0m:      Sent reply
[92mINFO [0m:      
[92mINFO [0m:      Received: train message 75374d84-c318-47c2-9d2f-a50daecf4928
[92mINFO [0m:      Sent reply
[92mINFO [0m:      
[92mINFO [0m:      Received: evaluate message ed4cd88e-bb5f-4ea1-9b85-180aab819d43
[92mINFO [0m:      Sent reply
[92mINFO [0m:      
[92mINFO [0m:      Received: evaluate message a68815e3-ae00-40ee-a932-26912def0865
[92mINFO [0m:      Sent reply
[92mINFO [0m:      
[92mINFO [0m:      Received: train message 0aa3ff3e-572c-442b-ba72-e1f0edd3a74e
[92mINFO [0m:      Sent reply
[92mINFO [0m:      
[92mINFO [0m:      Received: train message 66ac6bcb-2579-4862-85fe-39ac754a04fb
[92mINFO [0m:      Sent reply
[92mINFO [0m:      
[92mINFO [0m:      Received: evaluate message 8c39dc0d-cf74-4316-b28f-b565272bc1b3
[92mINFO [0m:      Sent reply
[92mINFO [0m:      
[92mINFO [0m:      Received: train message 69dd3653-6613-4571-ac14-496050502c73
[92mINFO [0m:      Sent reply
[92mINFO [0m:      
[92mINFO [0m:      Received: train message 7658cd86-6ca4-4d7c-94ed-588a66c5b1a0
[92mINFO [0m:      Sent reply
[92mINFO [0m:      
[92mINFO [0m:      Received: train message a9f8df06-1970-46cf-99ad-3f6a1bc93ec1
[92mINFO [0m:      Sent reply
[92mINFO [0m:      
[92mINFO [0m:      Received: train message 0c5794cd-9e72-4e84-adb0-75d585db1fb2
[92mINFO [0m:      Sent reply
[92mINFO [0m:      
[92mINFO [0m:      Received: train message 32b4b3d1-902c-45e0-b5bb-8878a6ee39d4
[92mINFO [0m:      Sent reply
[92mINFO [0m:      
[92mINFO [0m:      Received: train message 945c36c2-a17a-431d-ab85-fe272de20065
[92mINFO [0m:      Sent reply
[92mINFO [0m:      
[92mINFO [0m:      Received: evaluate message 6267362d-8059-4f4d-a15b-a46be4e5c755
[92mINFO [0m:      Sent reply
[92mINFO [0m:      
[92mINFO [0m:      Received: train message bd0c8a17-6a88-4baa-ab24-44f551ee7022
[92mINFO [0m:      Sent reply
[92mINFO [0m:      
[92mINFO [0m:      Received: train message 310ab82d-a0b5-4feb-a994-0928bd396cf0
[92mINFO [0m:      Sent reply
[92mINFO [0m:      
[92mINFO [0m:      Received: train message 705b0517-86a5-4dcc-a36b-8bc15cfaa579
[92mINFO [0m:      Sent reply
[92mINFO [0m:      
[92mINFO [0m:      Received: evaluate message eee9f521-4b46-47e3-8dde-c78b1339e0a8
[92mINFO [0m:      Sent reply
[92mINFO [0m:      
[92mINFO [0m:      Received: train message 9b5f4804-0861-4175-9989-0ace6eb7029e
[92mINFO [0m:      Sent reply
[92mINFO [0m:      
[92mINFO [0m:      Received: train message 2ae6e019-97c4-4da3-8051-3868afbf9e66
[92mINFO [0m:      Sent reply
[92mINFO [0m:      
[92mINFO [0m:      Received: evaluate message 160c907e-bd50-4ce4-b6ac-27fb2bc1c2a0
[92mINFO [0m:      Sent reply
[92mINFO [0m:      
[92mINFO [0m:      Received: train message 0509374b-83d0-4fcb-bdd0-845a521b7f67
[92mINFO [0m:      Sent reply
[92mINFO [0m:      
[92mINFO [0m:      Received: train message 1dad0e2a-55f9-467f-b183-70563400e2bb
[92mINFO [0m:      Sent reply
[92mINFO [0m:      
[92mINFO [0m:      Received: evaluate message 483404bb-b5f7-41a7-b3c6-d48f683ca959
[92mINFO [0m:      Sent reply
[92mINFO [0m:      
[92mINFO [0m:      Received: evaluate message 7f200c13-10be-4998-aecf-a1710d229fea
[92mINFO [0m:      Sent reply
[92mINFO [0m:      
[92mINFO [0m:      Received: train message 175e0f10-9a9c-49d0-9809-fba98cf427b5
[92mINFO [0m:      Sent reply
[92mINFO [0m:      
[92mINFO [0m:      Received: evaluate message 57749afe-9dc5-452a-87a4-7ebb2e9ee702
[92mINFO [0m:      Sent reply
[92mINFO [0m:      
[92mINFO [0m:      Received: train message 10347144-7cd5-494f-8ebd-913ef8bbdf43
[92mINFO [0m:      Sent reply
[92mINFO [0m:      
[92mINFO [0m:      Received: train message ffc9a97f-7a2e-46c6-b914-0b1944d7dc52
[92mINFO [0m:      Sent reply
[92mINFO [0m:      
[92mINFO [0m:      Received: evaluate message eb90f837-4e8f-4410-823d-91fcb242443d
[92mINFO [0m:      Sent reply
[92mINFO [0m:      
[92mINFO [0m:      Received: evaluate message dfdd26b6-497c-4b34-b78f-5df8f20cb2af
[92mINFO [0m:      Sent reply
[92mINFO [0m:      
[92mINFO [0m:      Received: train message 97d57cb5-43b5-435d-94b7-71d35e7df930
[92mINFO [0m:      Sent reply
[92mINFO [0m:      
[92mINFO [0m:      Received: train message a4aebe9b-b0c5-4bc0-a7ab-134dd769d72a
[92mINFO [0m:      Sent reply
[92mINFO [0m:      
[92mINFO [0m:      Received: evaluate message 65f0a6b0-6010-46f9-99b2-f9c23a03b6cf
[92mINFO [0m:      Sent reply
[92mINFO [0m:      
[92mINFO [0m:      Received: train message 13eaa8c0-5c66-47ea-a29e-30075709aebb
[92mINFO [0m:      Sent reply
[92mINFO [0m:      
[92mINFO [0m:      Received: evaluate message aba74c40-c458-4f83-8105-fd3aedce643d
[92mINFO [0m:      Sent reply
[92mINFO [0m:      
[92mINFO [0m:      Received: evaluate message 42bb72c4-5a83-4131-8084-d55ea2379881
[92mINFO [0m:      Sent reply
[92mINFO [0m:      
[92mINFO [0m:      Received: train message 814e75cd-dccd-4e5e-96fe-000fe83b1e95
[92mINFO [0m:      Sent reply
[92mINFO [0m:      
[92mINFO [0m:      Received: train message a5776430-10f6-4029-85af-945f761525a7
[92mINFO [0m:      Sent reply
[92mINFO [0m:      
[92mINFO [0m:      Received: evaluate message 9968b141-f7fc-446d-ac21-36f500439e7d
[92mINFO [0m:      Sent reply
[92mINFO [0m:      
[92mINFO [0m:      Received: evaluate message bb851449-9a2c-4524-9efe-a0ed1b9b5dd5
[92mINFO [0m:      Sent reply
[92mINFO [0m:      
[92mINFO [0m:      Received: reconnect message 5bee3ebc-6c17-4a7e-be59-0e9edd44e776
[92mINFO [0m:      Disconnect and shut down
