[93mWARNING [0m:   DEPRECATED FEATURE: flwr.client.start_client() is deprecated.
	Instead, use the `flower-supernode` CLI command to start a SuperNode as shown below:

		$ flower-supernode --insecure --superlink='<IP>:<PORT>'

	To view all available options, run:

		$ flower-supernode --help

	Using `start_client()` is deprecated.

            This is a deprecated feature. It will be removed
            entirely in future versions of Flower.
        
[92mINFO [0m:      
[92mINFO [0m:      Received: train message 8eb5b0ec-d5a1-471c-98de-6f6d6a846159
[92mINFO [0m:      Sent reply
[92mINFO [0m:      
[92mINFO [0m:      Received: evaluate message 5ee17895-1c52-4137-9831-9309a206e6d4
[92mINFO [0m:      Sent reply
[92mINFO [0m:      
[92mINFO [0m:      Received: train message 9e8e6ba4-14ee-4e0f-997c-6f9768d04fb9
[92mINFO [0m:      Sent reply
[92mINFO [0m:      
[92mINFO [0m:      Received: evaluate message 22f838a0-d71b-430a-a6f5-62a3234df181
[92mINFO [0m:      Sent reply
[92mINFO [0m:      
[92mINFO [0m:      Received: train message 196eb052-672d-4fb8-9937-1e398f946504
[92mINFO [0m:      Sent reply
[92mINFO [0m:      
[92mINFO [0m:      Received: train message fb193122-3219-43a1-8172-c3d6e3c4be24
[92mINFO [0m:      Sent reply
[92mINFO [0m:      
[92mINFO [0m:      Received: evaluate message 267d8edd-f9d6-4a1e-ab85-bc8602989d21
[92mINFO [0m:      Sent reply
[92mINFO [0m:      
[92mINFO [0m:      Received: train message 90a35318-f30d-4cb1-9df8-bad93c8f3282
[92mINFO [0m:      Sent reply
[92mINFO [0m:      
[92mINFO [0m:      Received: evaluate message ccb636bc-eccd-417c-9c45-31db62f07b5b
[92mINFO [0m:      Sent reply
[92mINFO [0m:      
[92mINFO [0m:      Received: train message 22c6b3fc-a1fa-4732-b73d-56aa9d846e0c
[92mINFO [0m:      Sent reply
[92mINFO [0m:      
[92mINFO [0m:      Received: train message 263c2626-b23a-4314-b42f-8f6544434595
[92mINFO [0m:      Sent reply
[92mINFO [0m:      
[92mINFO [0m:      Received: train message 5a2463bd-1b00-4f37-aadd-4b437751a1ff
[92mINFO [0m:      Sent reply
[92mINFO [0m:      
[92mINFO [0m:      Received: train message 2d52bdf1-9199-48b4-a318-54c377a750c1
[92mINFO [0m:      Sent reply
[92mINFO [0m:      
[92mINFO [0m:      Received: evaluate message 519624e1-a35f-453d-8492-4c99a3ffd996
[92mINFO [0m:      Sent reply
[92mINFO [0m:      
[92mINFO [0m:      Received: train message 15e49688-4476-4c7d-896a-9171eb2ed75c
[92mINFO [0m:      Sent reply
[92mINFO [0m:      
[92mINFO [0m:      Received: evaluate message fb0c46b4-7567-49b3-aa89-8688b609f51a
[92mINFO [0m:      Sent reply
[92mINFO [0m:      
[92mINFO [0m:      Received: train message 1ae5e40d-531c-45ee-98d9-5c1415305b72
[92mINFO [0m:      Sent reply
[92mINFO [0m:      
[92mINFO [0m:      Received: evaluate message a059fc31-1246-4af5-85f0-ff3b2a0a610e
[92mINFO [0m:      Sent reply
[92mINFO [0m:      
[92mINFO [0m:      Received: evaluate message 39bc803e-fc91-42fd-b9ce-212533ff337e
[92mINFO [0m:      Sent reply
[92mINFO [0m:      
[92mINFO [0m:      Received: evaluate message 456a315d-f18e-493f-90f4-6c942f1db05a
[92mINFO [0m:      Sent reply
[92mINFO [0m:      
[92mINFO [0m:      Received: train message 263c826a-417f-4547-a4a7-5f58592d6737
[92mINFO [0m:      Sent reply
[92mINFO [0m:      
[92mINFO [0m:      Received: evaluate message 59e25c3c-9bf9-463f-aabe-e4ac8484bec3
[92mINFO [0m:      Sent reply
[92mINFO [0m:      
[92mINFO [0m:      Received: train message 402c5acd-617b-4efb-82ca-f9caa455fba3
[92mINFO [0m:      Sent reply
[92mINFO [0m:      
[92mINFO [0m:      Received: evaluate message 6fa57648-e7fb-4a20-a273-044346e2ce7d
[92mINFO [0m:      Sent reply
[92mINFO [0m:      
[92mINFO [0m:      Received: evaluate message c749ac2b-10b0-4374-85a2-64612693bfc2
[92mINFO [0m:      Sent reply
[92mINFO [0m:      
[92mINFO [0m:      Received: evaluate message debdd3e9-6c85-4747-b751-b66974113e9f
[92mINFO [0m:      Sent reply
[92mINFO [0m:      
[92mINFO [0m:      Received: train message f50debb8-0ba9-4d0b-b36d-43b0f44a0c67
[92mINFO [0m:      Sent reply
[92mINFO [0m:      
[92mINFO [0m:      Received: evaluate message e8e29891-45a6-44c7-a7e5-be153afadabd
[92mINFO [0m:      Sent reply
[92mINFO [0m:      
[92mINFO [0m:      Received: train message a9769237-9d58-4ab4-ae78-b1aa218d4ea3
[92mINFO [0m:      Sent reply
[92mINFO [0m:      
[92mINFO [0m:      Received: evaluate message 3305d7e2-4e0a-4c94-b37e-019382bf0b88
[92mINFO [0m:      Sent reply
[92mINFO [0m:      
[92mINFO [0m:      Received: evaluate message 1b92f625-77f2-49a6-abd9-10106c72281c
[92mINFO [0m:      Sent reply
[92mINFO [0m:      
[92mINFO [0m:      Received: train message 4e1869ba-a845-4425-8817-ca512b3020c5
[92mINFO [0m:      Sent reply
[92mINFO [0m:      
[92mINFO [0m:      Received: evaluate message 52572638-ce12-49ed-8a70-4d64d5e4a9b9
[92mINFO [0m:      Sent reply
[92mINFO [0m:      
[92mINFO [0m:      Received: train message 9a0c5f42-9dd3-49fa-8766-7a0194b81c9b
[92mINFO [0m:      Sent reply
[92mINFO [0m:      
[92mINFO [0m:      Received: train message 7fd1cd9f-0d40-43d0-abb5-8040206a9334
[92mINFO [0m:      Sent reply
[92mINFO [0m:      
[92mINFO [0m:      Received: evaluate message 2c4ed697-10ef-4a8a-986e-cb5a14a4d737
[92mINFO [0m:      Sent reply
[92mINFO [0m:      
[92mINFO [0m:      Received: train message 431aa02b-ff2e-49d6-9297-658c62151344
[92mINFO [0m:      Sent reply
[92mINFO [0m:      
[92mINFO [0m:      Received: evaluate message a0166cb5-2556-42e0-9d7c-c72c157f0a57
[92mINFO [0m:      Sent reply
[92mINFO [0m:      
[92mINFO [0m:      Received: evaluate message 07f8169f-d8f5-4e38-bdfb-40e49517eed8
[92mINFO [0m:      Sent reply
[92mINFO [0m:      
[92mINFO [0m:      Received: train message 25918d3c-0015-4a20-aaf1-5f7d48b0aa91
[92mINFO [0m:      Sent reply
[92mINFO [0m:      
[92mINFO [0m:      Received: evaluate message 85857e20-878f-4ccd-b509-f9a64a5429fd
[92mINFO [0m:      Sent reply
[92mINFO [0m:      
[92mINFO [0m:      Received: train message e9f72f79-5209-49b0-9eb8-92ed84160855
[92mINFO [0m:      Sent reply
[92mINFO [0m:      
[92mINFO [0m:      Received: evaluate message d503ff8d-7951-4a19-8c6d-c390c433059a
[92mINFO [0m:      Sent reply
[92mINFO [0m:      
[92mINFO [0m:      Received: evaluate message d16aafac-ab79-4511-88b3-12279049e7c6
[92mINFO [0m:      Sent reply
[92mINFO [0m:      
[92mINFO [0m:      Received: evaluate message 2c2c0e81-d9ed-4d89-aa2a-f5c8689a5de9
[92mINFO [0m:      Sent reply
[92mINFO [0m:      
[92mINFO [0m:      Received: train message 76f3bf4e-782b-43fd-ba80-da051c44fa6b
[92mINFO [0m:      Sent reply
[92mINFO [0m:      
[92mINFO [0m:      Received: train message 928e686a-67f9-4f40-a768-6a3ee1e94f18
[92mINFO [0m:      Sent reply
[92mINFO [0m:      
[92mINFO [0m:      Received: evaluate message f085c78a-924c-48bc-9681-cde6fad9ca00
[92mINFO [0m:      Sent reply
[92mINFO [0m:      
[92mINFO [0m:      Received: evaluate message ce495f79-53f8-4bfa-a8e1-3d67dc9a7bfc
[92mINFO [0m:      Sent reply
[92mINFO [0m:      
[92mINFO [0m:      Received: train message 76618aac-848a-469b-97cc-7fa2224bdc83
[92mINFO [0m:      Sent reply
[92mINFO [0m:      
[92mINFO [0m:      Received: evaluate message 646157ea-d732-4029-8d15-b29e3e9e45f3
[92mINFO [0m:      Sent reply
[92mINFO [0m:      
[92mINFO [0m:      Received: train message 30eee8e9-e40f-4f9a-b29f-730bbb03881d
[92mINFO [0m:      Sent reply
[92mINFO [0m:      
[92mINFO [0m:      Received: evaluate message ef59a5b3-4d0c-4ae5-96d3-febaa7cfe4d9
[92mINFO [0m:      Sent reply
[92mINFO [0m:      
[92mINFO [0m:      Received: train message 1b984ff3-1a95-4afb-a248-c920008e584a
[92mINFO [0m:      Sent reply
[92mINFO [0m:      
[92mINFO [0m:      Received: evaluate message 9c01b4c0-8eaf-476d-85d4-f02e4fee72d6
[92mINFO [0m:      Sent reply
[92mINFO [0m:      
[92mINFO [0m:      Received: train message edf4fe6f-8d78-4fe5-88f2-94bf28a0dae7
[92mINFO [0m:      Sent reply
[92mINFO [0m:      
[92mINFO [0m:      Received: evaluate message 0313bafa-06af-451f-af84-1f519bb6d9ba
[92mINFO [0m:      Sent reply
[92mINFO [0m:      
[92mINFO [0m:      Received: evaluate message 586cb4cd-a654-40ac-8738-8a0f3af7e0ae
[92mINFO [0m:      Sent reply
[92mINFO [0m:      
[92mINFO [0m:      Received: train message fc69fc6f-6332-4801-9e2b-ce1823494334
[92mINFO [0m:      Sent reply
[92mINFO [0m:      
[92mINFO [0m:      Received: train message 313ca8e3-2e9c-4cbb-8cfd-86b94a8b8512
[92mINFO [0m:      Sent reply
[92mINFO [0m:      
[92mINFO [0m:      Received: evaluate message 7073cc72-75fa-40c0-b8d2-8ee3357a9e68
[92mINFO [0m:      Sent reply
[92mINFO [0m:      
[92mINFO [0m:      Received: evaluate message a0b724a1-2cee-4e5f-8c84-0ac2a255c8f4
[92mINFO [0m:      Sent reply
[92mINFO [0m:      
[92mINFO [0m:      Received: train message f646392c-60d5-4b08-b1c6-e7a9c1fb55e8
[92mINFO [0m:      Sent reply
[92mINFO [0m:      
[92mINFO [0m:      Received: evaluate message f0fab8f6-ea43-4375-9f3d-99ada2f19ff0
[92mINFO [0m:      Sent reply
[92mINFO [0m:      
[92mINFO [0m:      Received: evaluate message 677425e2-4966-471b-8bd7-8018a0b9745d
[92mINFO [0m:      Sent reply
[92mINFO [0m:      
[92mINFO [0m:      Received: evaluate message ecf02b1c-d8f7-4efb-b76b-c5faccb6d140
[92mINFO [0m:      Sent reply
[92mINFO [0m:      
[92mINFO [0m:      Received: train message 425f6ca6-c3ab-4812-9af5-cfa162255ed5
[92mINFO [0m:      Sent reply
[92mINFO [0m:      
[92mINFO [0m:      Received: evaluate message 7f300369-5878-47a7-932b-45bb4ebc3831
[92mINFO [0m:      Sent reply
[92mINFO [0m:      
[92mINFO [0m:      Received: evaluate message 35c3798d-49d6-4c99-92c0-c1a8c4f685a4
[92mINFO [0m:      Sent reply
[92mINFO [0m:      
[92mINFO [0m:      Received: evaluate message bde8a310-a30a-48a7-b2ec-853e05397ddf
[92mINFO [0m:      Sent reply
[92mINFO [0m:      
[92mINFO [0m:      Received: evaluate message 41eac7bb-e26e-42b2-8330-80856bf6b8c7
[92mINFO [0m:      Sent reply
[92mINFO [0m:      
[92mINFO [0m:      Received: train message 0d9046f0-ea8f-4fd9-84f0-173aa0352a6f
[92mINFO [0m:      Sent reply
[92mINFO [0m:      
[92mINFO [0m:      Received: evaluate message 0123e590-a6e6-4cdf-84ed-7303b94fd3fa
[92mINFO [0m:      Sent reply
[92mINFO [0m:      
[92mINFO [0m:      Received: train message 148e4075-fe6e-4490-be04-650a32bd4334
[92mINFO [0m:      Sent reply
[92mINFO [0m:      
[92mINFO [0m:      Received: evaluate message eb1c4cd7-e41d-4647-82ce-cc662b95d692
[92mINFO [0m:      Sent reply
[92mINFO [0m:      
[92mINFO [0m:      Received: train message 74ab4a82-42c6-4f78-9aac-4a498f48f1c0
[92mINFO [0m:      Sent reply
[92mINFO [0m:      
[92mINFO [0m:      Received: evaluate message ce02fd22-f3a8-4112-aa81-6942718b3dbf
[92mINFO [0m:      Sent reply
[92mINFO [0m:      
[92mINFO [0m:      Received: train message 65e1a093-5eb1-4eaf-b51d-4051f35da16b
[92mINFO [0m:      Sent reply
[92mINFO [0m:      
[92mINFO [0m:      Received: evaluate message 17c355d0-417c-4234-9be2-2f18a4a3c3f0
[92mINFO [0m:      Sent reply
[92mINFO [0m:      
[92mINFO [0m:      Received: train message 1ed6a2b4-f2ca-4194-b60a-fc62899177cd
[92mINFO [0m:      Sent reply
[92mINFO [0m:      
[92mINFO [0m:      Received: evaluate message 44372129-6fa6-4df8-9534-7dcbd83d2086
[92mINFO [0m:      Sent reply
[92mINFO [0m:      
[92mINFO [0m:      Received: train message e764594f-3f2e-402d-bf6c-2b8f93bc7e06
[92mINFO [0m:      Sent reply
[92mINFO [0m:      
[92mINFO [0m:      Received: train message afb7dc23-bf54-48b8-a196-2afa589058b0
[92mINFO [0m:      Sent reply
[92mINFO [0m:      
[92mINFO [0m:      Received: evaluate message d8c3bd72-d404-4883-848e-1b7ef3ebbe2c
[92mINFO [0m:      Sent reply
[92mINFO [0m:      
[92mINFO [0m:      Received: train message 22a5f5b6-28fa-4af2-a0ec-2a8d372bd59f
[92mINFO [0m:      Sent reply
[92mINFO [0m:      
[92mINFO [0m:      Received: train message 9532587a-2a8d-4d14-bc63-734f43348252
[92mINFO [0m:      Sent reply
[92mINFO [0m:      
[92mINFO [0m:      Received: train message 9342435f-548d-49ad-a338-e0e6c137ecee
[92mINFO [0m:      Sent reply
[92mINFO [0m:      
[92mINFO [0m:      Received: evaluate message 6c6db3cb-f404-4a0b-8353-d47adb3b8f24
[92mINFO [0m:      Sent reply
[92mINFO [0m:      
[92mINFO [0m:      Received: evaluate message f0287878-7d8c-4c68-94d6-ff4ab63bac5d
[92mINFO [0m:      Sent reply
[92mINFO [0m:      
[92mINFO [0m:      Received: train message 810c32d2-0355-4a77-83eb-0b1d15eec0e9
[92mINFO [0m:      Sent reply
[92mINFO [0m:      
[92mINFO [0m:      Received: train message aa22f82c-6a09-4f28-bd54-e2eea239a076
[92mINFO [0m:      Sent reply
[92mINFO [0m:      
[92mINFO [0m:      Received: evaluate message 9efbaee6-733f-46a3-91da-f69383a345ae
[92mINFO [0m:      Sent reply
[92mINFO [0m:      
[92mINFO [0m:      Received: train message 01fe44ee-605c-45eb-a798-aeaf333446f2
[92mINFO [0m:      Sent reply
[92mINFO [0m:      
[92mINFO [0m:      Received: evaluate message 1901b76b-3ce3-4a62-b2d5-61c52a428e5d
[92mINFO [0m:      Sent reply
[92mINFO [0m:      
[92mINFO [0m:      Received: evaluate message 45d14b82-ab4d-43db-b36f-145604f517c6
[92mINFO [0m:      Sent reply
[92mINFO [0m:      
[92mINFO [0m:      Received: evaluate message 624ff8de-1da1-44d8-a580-2d3df973fbc2
[92mINFO [0m:      Sent reply
[92mINFO [0m:      
[92mINFO [0m:      Received: evaluate message 7825fd17-67f0-4f25-8385-27ea29535fb3
[92mINFO [0m:      Sent reply
[92mINFO [0m:      
[92mINFO [0m:      Received: train message f4fbd663-9ad0-445f-8285-116b82ff9c7a
[92mINFO [0m:      Sent reply
[92mINFO [0m:      
[92mINFO [0m:      Received: evaluate message e6a16f58-2736-4094-a5df-a50ec9348503
[92mINFO [0m:      Sent reply
[92mINFO [0m:      
[92mINFO [0m:      Received: train message 58f33d35-c9e6-426a-9ab5-1fc91bfdaa1d
[92mINFO [0m:      Sent reply
[92mINFO [0m:      
[92mINFO [0m:      Received: evaluate message 380c7f3e-76c3-4dd0-adec-a58399ada973
[92mINFO [0m:      Sent reply
[92mINFO [0m:      
[92mINFO [0m:      Received: train message aaf9d6c5-def3-441f-8561-0dbb3558e2b0
[92mINFO [0m:      Sent reply
[92mINFO [0m:      
[92mINFO [0m:      Received: evaluate message e794e6ec-e279-4836-96ce-e284461acf06
[92mINFO [0m:      Sent reply
[92mINFO [0m:      
[92mINFO [0m:      Received: train message 44f9d218-db90-4c8c-9d61-0db7e3cb9a22
[92mINFO [0m:      Sent reply
[92mINFO [0m:      
[92mINFO [0m:      Received: evaluate message 5ee62470-b69e-49af-9a70-ad3f1fda310c
[92mINFO [0m:      Sent reply
[92mINFO [0m:      
[92mINFO [0m:      Received: evaluate message 99c2d211-4e8d-4139-b62a-90ba61736af6
[92mINFO [0m:      Sent reply
[92mINFO [0m:      
[92mINFO [0m:      Received: evaluate message 9c3e86a6-d3b8-47b3-94db-21b501aeeca3
[92mINFO [0m:      Sent reply
[92mINFO [0m:      
[92mINFO [0m:      Received: train message fedc7bb4-ed88-495e-8349-96bd58c16ae6
[92mINFO [0m:      Sent reply
[92mINFO [0m:      
[92mINFO [0m:      Received: evaluate message 5b3a9687-7953-484f-a44f-1740b5acfbeb
[92mINFO [0m:      Sent reply
[92mINFO [0m:      
[92mINFO [0m:      Received: evaluate message 1baa4c32-1e64-448a-968a-2d42a47ba1ae
[92mINFO [0m:      Sent reply
[92mINFO [0m:      
[92mINFO [0m:      Received: evaluate message 9dfcfa6d-d73c-4019-abdd-0ac65585fbed
[92mINFO [0m:      Sent reply
[92mINFO [0m:      
[92mINFO [0m:      Received: train message d740445a-90ae-438c-a173-88acd1683ce2
[92mINFO [0m:      Sent reply
[92mINFO [0m:      
[92mINFO [0m:      Received: evaluate message 08c5a04e-a0ce-4621-a224-c5a346f4a6ef
[92mINFO [0m:      Sent reply
[92mINFO [0m:      
[92mINFO [0m:      Received: train message dfe14c86-682f-456b-9925-dae785835267
[92mINFO [0m:      Sent reply
[92mINFO [0m:      
[92mINFO [0m:      Received: evaluate message b7159b12-a7d1-4ad7-8d77-8773c51feb9c
[92mINFO [0m:      Sent reply
[92mINFO [0m:      
[92mINFO [0m:      Received: train message d5873c20-57af-45c8-bd30-f06a2d9e542c
[92mINFO [0m:      Sent reply
[92mINFO [0m:      
[92mINFO [0m:      Received: train message a968b064-ad38-4829-8754-757e683fed11
[92mINFO [0m:      Sent reply
[92mINFO [0m:      
[92mINFO [0m:      Received: train message c9f87575-5c90-4ee0-9639-97784c2bec48
[92mINFO [0m:      Sent reply
[92mINFO [0m:      
[92mINFO [0m:      Received: evaluate message 0ff680e4-e042-4e25-861a-1651b1a8c7d2
[92mINFO [0m:      Sent reply
[92mINFO [0m:      
[92mINFO [0m:      Received: evaluate message 0ab2b429-15fd-4e63-95b6-c3b8f09b3f62
[92mINFO [0m:      Sent reply
[92mINFO [0m:      
[92mINFO [0m:      Received: train message 432f7996-4629-4c76-b047-9fa9b9d4ea89
[92mINFO [0m:      Sent reply
[92mINFO [0m:      
[92mINFO [0m:      Received: evaluate message e723fa06-7140-4f53-9ba0-febce632cd12
[92mINFO [0m:      Sent reply
[92mINFO [0m:      
[92mINFO [0m:      Received: train message 35bf6be9-c36a-43e5-81b9-fbecd6e5dde8
[92mINFO [0m:      Sent reply
[92mINFO [0m:      
[92mINFO [0m:      Received: evaluate message 84ddf6cc-114c-40d3-87fb-8dbad261f491
[92mINFO [0m:      Sent reply
[92mINFO [0m:      
[92mINFO [0m:      Received: train message 4caa65ed-a789-480b-9cb4-a124ef2831e4
[92mINFO [0m:      Sent reply
[92mINFO [0m:      
[92mINFO [0m:      Received: evaluate message edf128d2-375e-4cac-8cc6-787d6fdf46ba
[92mINFO [0m:      Sent reply
[92mINFO [0m:      
[92mINFO [0m:      Received: train message 89f840bb-b7f3-4794-b6cf-f6de01546171
[92mINFO [0m:      Sent reply
[92mINFO [0m:      
[92mINFO [0m:      Received: evaluate message d187881c-c120-423d-8913-a57c7811cdc4
[92mINFO [0m:      Sent reply
[92mINFO [0m:      
[92mINFO [0m:      Received: evaluate message ffa13f0c-87b6-4ade-b779-04c110379bc7
[92mINFO [0m:      Sent reply
[92mINFO [0m:      
[92mINFO [0m:      Received: train message ce1e2c6c-01b0-43c4-b260-54f78f982c0b
[92mINFO [0m:      Sent reply
[92mINFO [0m:      
[92mINFO [0m:      Received: evaluate message bb8e147a-72fb-4793-abbc-710c27187f74
[92mINFO [0m:      Sent reply
[92mINFO [0m:      
[92mINFO [0m:      Received: evaluate message 84bca5e4-bbeb-4370-9684-fd5575f060f0
[92mINFO [0m:      Sent reply
[92mINFO [0m:      
[92mINFO [0m:      Received: train message 4840a9a7-931c-462c-aea4-f2f4f7ae0cd7
[92mINFO [0m:      Sent reply
[92mINFO [0m:      
[92mINFO [0m:      Received: train message 053c24b7-7b42-4a3c-a19f-b58c19edcc1b
[92mINFO [0m:      Sent reply
[92mINFO [0m:      
[92mINFO [0m:      Received: evaluate message 562c97db-e241-41eb-a09e-f18fd2a5aeda
[92mINFO [0m:      Sent reply
[92mINFO [0m:      
[92mINFO [0m:      Received: train message a4f56641-0ef3-446e-9c6f-9dcd1bb61900
[92mINFO [0m:      Sent reply
[92mINFO [0m:      
[92mINFO [0m:      Received: evaluate message 44c224e1-a753-48d0-8026-2641b529c9b4
[92mINFO [0m:      Sent reply
[92mINFO [0m:      
[92mINFO [0m:      Received: train message 709f10c4-f1fa-4228-9ff0-8c0f75ecffb4
[92mINFO [0m:      Sent reply
[92mINFO [0m:      
[92mINFO [0m:      Received: evaluate message 581c1fa3-3fec-4758-b270-dea92f23de11
[92mINFO [0m:      Sent reply
[92mINFO [0m:      
[92mINFO [0m:      Received: evaluate message a3bdcebd-23c2-40cb-a8de-e80bc88595f1
[92mINFO [0m:      Sent reply
[92mINFO [0m:      
[92mINFO [0m:      Received: train message 7add82c3-ce0a-46de-98b5-c09220e930bb
[92mINFO [0m:      Sent reply
[92mINFO [0m:      
[92mINFO [0m:      Received: train message 403638b1-e2f4-4dc8-92b3-c3d0d3a99ad9
[92mINFO [0m:      Sent reply
[92mINFO [0m:      
[92mINFO [0m:      Received: train message 7a77ecec-90de-47da-915e-6fda8a45388d
[92mINFO [0m:      Sent reply
[92mINFO [0m:      
[92mINFO [0m:      Received: train message 6817de89-390f-47e2-a088-442d8bc73b01
[92mINFO [0m:      Sent reply
[92mINFO [0m:      
[92mINFO [0m:      Received: reconnect message 0caa855a-9fcf-4ee2-8a39-ced3c5dea44d
[92mINFO [0m:      Disconnect and shut down
