[93mWARNING [0m:   DEPRECATED FEATURE: flwr.client.start_client() is deprecated.
	Instead, use the `flower-supernode` CLI command to start a SuperNode as shown below:

		$ flower-supernode --insecure --superlink='<IP>:<PORT>'

	To view all available options, run:

		$ flower-supernode --help

	Using `start_client()` is deprecated.

            This is a deprecated feature. It will be removed
            entirely in future versions of Flower.
        
[92mINFO [0m:      
[92mINFO [0m:      Received: evaluate message 210f604e-ccdb-4134-82aa-0a7c7be5ce0d
[92mINFO [0m:      Sent reply
[92mINFO [0m:      
[92mINFO [0m:      Received: evaluate message 89ac5e74-18e3-4926-a32c-0f211f326ae6
[92mINFO [0m:      Sent reply
[92mINFO [0m:      
[92mINFO [0m:      Received: train message 42092733-5d2f-4744-a838-ee66ccce44d9
[92mINFO [0m:      Sent reply
[92mINFO [0m:      
[92mINFO [0m:      Received: evaluate message 904dfd63-a05f-42ad-a1f6-8b912520a154
[92mINFO [0m:      Sent reply
[92mINFO [0m:      
[92mINFO [0m:      Received: evaluate message 65ed852d-c725-45cd-a6f9-80fc4afc8f5f
[92mINFO [0m:      Sent reply
[92mINFO [0m:      
[92mINFO [0m:      Received: train message 8050b8f4-a6fc-4df1-8999-ee65dfd42ac3
[92mINFO [0m:      Sent reply
[92mINFO [0m:      
[92mINFO [0m:      Received: evaluate message 56883bff-63b0-4756-ac3e-402d00e46644
[92mINFO [0m:      Sent reply
[92mINFO [0m:      
[92mINFO [0m:      Received: evaluate message 6e527ba8-e803-465a-80ea-da9e6c43d898
[92mINFO [0m:      Sent reply
[92mINFO [0m:      
[92mINFO [0m:      Received: evaluate message 408f354f-0ab4-49f3-a92e-a4220b28e79f
[92mINFO [0m:      Sent reply
[92mINFO [0m:      
[92mINFO [0m:      Received: train message f464d365-34fe-4fb0-a4f0-aa3b15ed2be6
[92mINFO [0m:      Sent reply
[92mINFO [0m:      
[92mINFO [0m:      Received: evaluate message f1e615f7-f17e-455b-b33b-fd96cf9bc9bb
[92mINFO [0m:      Sent reply
[92mINFO [0m:      
[92mINFO [0m:      Received: train message 907aef1c-3a84-49cb-a0a1-06a50134d3fb
[92mINFO [0m:      Sent reply
[92mINFO [0m:      
[92mINFO [0m:      Received: evaluate message dcf38aaa-d54a-4e6f-b101-0f5041470990
[92mINFO [0m:      Sent reply
[92mINFO [0m:      
[92mINFO [0m:      Received: train message 4e1bfb10-7477-4005-a581-b14765f3836f
[92mINFO [0m:      Sent reply
[92mINFO [0m:      
[92mINFO [0m:      Received: evaluate message 34ff3988-7f0c-46ae-a348-78362d70b931
[92mINFO [0m:      Sent reply
[92mINFO [0m:      
[92mINFO [0m:      Received: evaluate message 44f85b29-aae8-4862-80ab-bf99022b26e6
[92mINFO [0m:      Sent reply
[92mINFO [0m:      
[92mINFO [0m:      Received: train message 210215bb-2e6d-438d-9d25-3f6ce26dadc5
[92mINFO [0m:      Sent reply
[92mINFO [0m:      
[92mINFO [0m:      Received: evaluate message 03ee81c3-0c09-4f37-add0-504e31cb1890
[92mINFO [0m:      Sent reply
[92mINFO [0m:      
[92mINFO [0m:      Received: evaluate message 479ee9d6-953b-464b-bf57-0959c79bb886
[92mINFO [0m:      Sent reply
[92mINFO [0m:      
[92mINFO [0m:      Received: evaluate message c3a57ccc-3974-4461-a70e-e5365b9f0728
[92mINFO [0m:      Sent reply
[92mINFO [0m:      
[92mINFO [0m:      Received: train message 0a0dc7de-8598-45d6-a847-5d8c662c929f
[92mINFO [0m:      Sent reply
[92mINFO [0m:      
[92mINFO [0m:      Received: evaluate message 5104684c-2ea5-4814-b82f-679bf1ac6ae8
[92mINFO [0m:      Sent reply
[92mINFO [0m:      
[92mINFO [0m:      Received: train message cc5300d8-b51b-4f98-b907-e26aeab0d0df
[92mINFO [0m:      Sent reply
[92mINFO [0m:      
[92mINFO [0m:      Received: evaluate message af251ee3-6661-4425-8d31-25597967aff9
[92mINFO [0m:      Sent reply
[92mINFO [0m:      
[92mINFO [0m:      Received: evaluate message 1357a824-1aec-498d-a75a-fbc7ca312057
[92mINFO [0m:      Sent reply
[92mINFO [0m:      
[92mINFO [0m:      Received: train message 4d8d6cfe-2009-4b7c-966a-19ef605105b1
[92mINFO [0m:      Sent reply
[92mINFO [0m:      
[92mINFO [0m:      Received: train message ada04aa6-0ec7-464a-b7ed-3c657132b8d8
[92mINFO [0m:      Sent reply
[92mINFO [0m:      
[92mINFO [0m:      Received: evaluate message 31f3843d-c965-4760-bdb2-575e401b3fb4
[92mINFO [0m:      Sent reply
[92mINFO [0m:      
[92mINFO [0m:      Received: train message 3f8f425e-4940-4fe3-9f1d-72900936f4e0
[92mINFO [0m:      Sent reply
[92mINFO [0m:      
[92mINFO [0m:      Received: evaluate message 953a7874-a520-4ba3-95d5-ba3cf5e66707
[92mINFO [0m:      Sent reply
[92mINFO [0m:      
[92mINFO [0m:      Received: evaluate message db149d2d-6d89-4f6c-8b7d-af22767eb3e3
[92mINFO [0m:      Sent reply
[92mINFO [0m:      
[92mINFO [0m:      Received: evaluate message 176b9276-f26a-426e-af77-30923d60ba29
[92mINFO [0m:      Sent reply
[92mINFO [0m:      
[92mINFO [0m:      Received: evaluate message 3be4503b-de2d-418e-93b1-7d45dcda615b
[92mINFO [0m:      Sent reply
[92mINFO [0m:      
[92mINFO [0m:      Received: train message b6cc29e0-2009-455e-88fc-484846dd7c15
[92mINFO [0m:      Sent reply
[92mINFO [0m:      
[92mINFO [0m:      Received: train message 7cdb3921-39fc-437f-8222-e83912a989c8
[92mINFO [0m:      Sent reply
[92mINFO [0m:      
[92mINFO [0m:      Received: evaluate message 1fa07ad2-cb5e-48a3-9097-60ec830c3773
[92mINFO [0m:      Sent reply
[92mINFO [0m:      
[92mINFO [0m:      Received: train message 41d95ee5-d59b-48dc-aa34-6dd46991bcc3
[92mINFO [0m:      Sent reply
[92mINFO [0m:      
[92mINFO [0m:      Received: train message 7fc89c06-ef94-49d6-85f4-388a78731535
[92mINFO [0m:      Sent reply
[92mINFO [0m:      
[92mINFO [0m:      Received: train message d1973911-5006-443e-b1da-b630605832be
[92mINFO [0m:      Sent reply
[92mINFO [0m:      
[92mINFO [0m:      Received: evaluate message 788b17f0-c3fa-46a8-a1ff-6c42439ae837
[92mINFO [0m:      Sent reply
[92mINFO [0m:      
[92mINFO [0m:      Received: train message bd622941-8891-45e6-be32-83de9c5f9c8a
[92mINFO [0m:      Sent reply
[92mINFO [0m:      
[92mINFO [0m:      Received: evaluate message bf1c8eab-ff30-4911-b5e2-40cbac88dc8f
[92mINFO [0m:      Sent reply
[92mINFO [0m:      
[92mINFO [0m:      Received: evaluate message b9266cdb-63ab-4014-8489-6175b012e784
[92mINFO [0m:      Sent reply
[92mINFO [0m:      
[92mINFO [0m:      Received: evaluate message 7d304acc-a251-4280-921e-8dc65ec83c95
[92mINFO [0m:      Sent reply
[92mINFO [0m:      
[92mINFO [0m:      Received: train message b6b72abc-c97f-4538-91a6-f463a7f2097e
[92mINFO [0m:      Sent reply
[92mINFO [0m:      
[92mINFO [0m:      Received: train message 12fba3fc-6303-44cf-a0df-db010e50ebd8
[92mINFO [0m:      Sent reply
[92mINFO [0m:      
[92mINFO [0m:      Received: evaluate message 74c975b5-5da4-49ca-becd-dbb9bc863be1
[92mINFO [0m:      Sent reply
[92mINFO [0m:      
[92mINFO [0m:      Received: train message ca24e097-2d59-4361-ac84-b1bad566aa21
[92mINFO [0m:      Sent reply
[92mINFO [0m:      
[92mINFO [0m:      Received: evaluate message aed21783-4ffa-4f5a-8951-7afac4a7fc44
[92mINFO [0m:      Sent reply
[92mINFO [0m:      
[92mINFO [0m:      Received: train message 3f618052-afaa-40de-b02a-909a1a4003a0
[92mINFO [0m:      Sent reply
[92mINFO [0m:      
[92mINFO [0m:      Received: train message 1c78d8f8-5ff3-45bd-b187-d101161d8b92
[92mINFO [0m:      Sent reply
[92mINFO [0m:      
[92mINFO [0m:      Received: evaluate message f63caade-3002-4e11-8afe-66c759ac00d4
[92mINFO [0m:      Sent reply
[92mINFO [0m:      
[92mINFO [0m:      Received: train message 2c6f6334-9af4-437d-aa55-e78b3a0ac7f5
[92mINFO [0m:      Sent reply
[92mINFO [0m:      
[92mINFO [0m:      Received: evaluate message 678010e2-333a-480a-9d06-fbec5ce68c3f
[92mINFO [0m:      Sent reply
[92mINFO [0m:      
[92mINFO [0m:      Received: train message 43e2c2e6-ba16-4972-8015-0fb40f403570
[92mINFO [0m:      Sent reply
[92mINFO [0m:      
[92mINFO [0m:      Received: train message ff592a26-67bb-4388-a580-f4d24d8d247b
[92mINFO [0m:      Sent reply
[92mINFO [0m:      
[92mINFO [0m:      Received: train message 45915609-4b99-40f7-9e0a-463b5892e3bd
[92mINFO [0m:      Sent reply
[92mINFO [0m:      
[92mINFO [0m:      Received: evaluate message 844451bc-cc29-43d2-9162-ecc34cc77a03
[92mINFO [0m:      Sent reply
[92mINFO [0m:      
[92mINFO [0m:      Received: train message 3a91e693-91b4-4a78-baec-2667eef0a883
[92mINFO [0m:      Sent reply
[92mINFO [0m:      
[92mINFO [0m:      Received: evaluate message 6d2beec8-6583-42db-a9bf-75f985aeb638
[92mINFO [0m:      Sent reply
[92mINFO [0m:      
[92mINFO [0m:      Received: train message 21953440-14e7-4daf-aaf5-efca1d67b145
[92mINFO [0m:      Sent reply
[92mINFO [0m:      
[92mINFO [0m:      Received: train message fbb4f4f1-1630-4c56-a8b5-04ab50bb5077
[92mINFO [0m:      Sent reply
[92mINFO [0m:      
[92mINFO [0m:      Received: evaluate message 8fe61e1a-6f95-4413-9039-8c0a84708a0c
[92mINFO [0m:      Sent reply
[92mINFO [0m:      
[92mINFO [0m:      Received: evaluate message 78e561c0-e05a-4e11-85eb-30759b7a9d14
[92mINFO [0m:      Sent reply
[92mINFO [0m:      
[92mINFO [0m:      Received: evaluate message 316fba7c-6211-475f-9a4c-b6bdd882d9a3
[92mINFO [0m:      Sent reply
[92mINFO [0m:      
[92mINFO [0m:      Received: evaluate message 5214df79-fb63-4046-b325-c1afaf8afbd4
[92mINFO [0m:      Sent reply
[92mINFO [0m:      
[92mINFO [0m:      Received: train message 2c929475-7fe5-4a41-87a8-0da03533be72
[92mINFO [0m:      Sent reply
[92mINFO [0m:      
[92mINFO [0m:      Received: train message 4ead155a-9654-4034-ad53-6d441de34f9e
[92mINFO [0m:      Sent reply
[92mINFO [0m:      
[92mINFO [0m:      Received: evaluate message eeeb8156-676a-4f1b-962b-c5a693eb81f5
[92mINFO [0m:      Sent reply
[92mINFO [0m:      
[92mINFO [0m:      Received: train message de5950d3-c168-409a-a3c2-64c4e02ee888
[92mINFO [0m:      Sent reply
[92mINFO [0m:      
[92mINFO [0m:      Received: evaluate message 6987ce84-28a9-4391-9a0c-4957da744da8
[92mINFO [0m:      Sent reply
[92mINFO [0m:      
[92mINFO [0m:      Received: train message b4caba01-95e1-4e0a-bb3e-3219e2b61f35
[92mINFO [0m:      Sent reply
[92mINFO [0m:      
[92mINFO [0m:      Received: train message cf7d6998-94ae-4cd9-9470-be906b5a3ed0
[92mINFO [0m:      Sent reply
[92mINFO [0m:      
[92mINFO [0m:      Received: evaluate message ddc420a0-7250-4f9b-b412-0d1d6940ae4f
[92mINFO [0m:      Sent reply
[92mINFO [0m:      
[92mINFO [0m:      Received: evaluate message e3ba79a1-e8a9-44ee-9165-0e2366beb6d7
[92mINFO [0m:      Sent reply
[92mINFO [0m:      
[92mINFO [0m:      Received: evaluate message d19cd518-869b-43f9-9e08-798d6484332d
[92mINFO [0m:      Sent reply
[92mINFO [0m:      
[92mINFO [0m:      Received: train message 5e55c29e-5e6b-44d0-bce4-93eb847d812e
[92mINFO [0m:      Sent reply
[92mINFO [0m:      
[92mINFO [0m:      Received: train message be764c26-516e-47d4-a66f-007a55bb423c
[92mINFO [0m:      Sent reply
[92mINFO [0m:      
[92mINFO [0m:      Received: train message 1d5dd050-151f-4d15-8728-f6b1165b26e4
[92mINFO [0m:      Sent reply
[92mINFO [0m:      
[92mINFO [0m:      Received: evaluate message 60406ebc-02dd-46cf-8031-741b42703c02
[92mINFO [0m:      Sent reply
[92mINFO [0m:      
[92mINFO [0m:      Received: evaluate message 12804237-be4e-4322-8be5-ca5fda7ae20a
[92mINFO [0m:      Sent reply
[92mINFO [0m:      
[92mINFO [0m:      Received: evaluate message b0d7b882-eb87-499f-b2b7-d805fc76ae20
[92mINFO [0m:      Sent reply
[92mINFO [0m:      
[92mINFO [0m:      Received: train message 334b8b54-63fc-4ab1-a5d3-fdedab5f5804
[92mINFO [0m:      Sent reply
[92mINFO [0m:      
[92mINFO [0m:      Received: train message 8cbc5f55-aa4c-4afd-851c-c48a0ca603e6
[92mINFO [0m:      Sent reply
[92mINFO [0m:      
[92mINFO [0m:      Received: evaluate message 1ee36724-8b12-4ebf-99fb-b07b319ee515
[92mINFO [0m:      Sent reply
[92mINFO [0m:      
[92mINFO [0m:      Received: train message 770df90f-08ab-4e89-a6fc-d7f96ae0de70
[92mINFO [0m:      Sent reply
[92mINFO [0m:      
[92mINFO [0m:      Received: evaluate message 87eab171-b88b-4038-94af-7a68b8ac101f
[92mINFO [0m:      Sent reply
[92mINFO [0m:      
[92mINFO [0m:      Received: evaluate message 1a00c2b3-ee2d-49e3-8725-72050347ef08
[92mINFO [0m:      Sent reply
[92mINFO [0m:      
[92mINFO [0m:      Received: evaluate message eec70c4b-2f0f-47f6-b946-0bd64ef4167f
[92mINFO [0m:      Sent reply
[92mINFO [0m:      
[92mINFO [0m:      Received: train message 85b053a9-de6f-459c-babe-eb972afa45b7
[92mINFO [0m:      Sent reply
[92mINFO [0m:      
[92mINFO [0m:      Received: train message 23bc63bf-859e-491d-9a35-7e8707880cab
[92mINFO [0m:      Sent reply
[92mINFO [0m:      
[92mINFO [0m:      Received: train message 176f3b39-19bb-43ab-8dbc-b1d1cc16282e
[92mINFO [0m:      Sent reply
[92mINFO [0m:      
[92mINFO [0m:      Received: evaluate message 7e1abc7c-d7ac-4c19-ae33-84692e39dadb
[92mINFO [0m:      Sent reply
[92mINFO [0m:      
[92mINFO [0m:      Received: evaluate message 525daf46-e854-4fb8-a69f-61ddf1d5124e
[92mINFO [0m:      Sent reply
[92mINFO [0m:      
[92mINFO [0m:      Received: evaluate message 27198745-3df8-4a87-a521-4cbe56f12f8a
[92mINFO [0m:      Sent reply
[92mINFO [0m:      
[92mINFO [0m:      Received: evaluate message d74279fb-7d16-4076-becd-4b37c0c24aa3
[92mINFO [0m:      Sent reply
[92mINFO [0m:      
[92mINFO [0m:      Received: train message 7041f16f-98e3-432b-b4a4-39459bf50c04
[92mINFO [0m:      Sent reply
[92mINFO [0m:      
[92mINFO [0m:      Received: train message 1e3dca0d-88cd-4f4b-9063-7c578b7b0e39
[92mINFO [0m:      Sent reply
[92mINFO [0m:      
[92mINFO [0m:      Received: evaluate message 53a35a75-55af-448c-a615-1f9071bb02c8
[92mINFO [0m:      Sent reply
[92mINFO [0m:      
[92mINFO [0m:      Received: evaluate message 05168bfc-46a5-4071-afa1-fd17eb7915de
[92mINFO [0m:      Sent reply
[92mINFO [0m:      
[92mINFO [0m:      Received: evaluate message 14ab3f5f-bf54-4870-9a2a-36eaaccde312
[92mINFO [0m:      Sent reply
[92mINFO [0m:      
[92mINFO [0m:      Received: evaluate message e3f955ac-4389-418f-b6e2-f45e26575492
[92mINFO [0m:      Sent reply
[92mINFO [0m:      
[92mINFO [0m:      Received: evaluate message 89ad8e15-3833-472d-8309-d0b353d68cfe
[92mINFO [0m:      Sent reply
[92mINFO [0m:      
[92mINFO [0m:      Received: reconnect message 02bcc06b-fd2b-4d64-ae95-a24da587d760
[92mINFO [0m:      Disconnect and shut down
