[93mWARNING [0m:   DEPRECATED FEATURE: flwr.client.start_client() is deprecated.
	Instead, use the `flower-supernode` CLI command to start a SuperNode as shown below:

		$ flower-supernode --insecure --superlink='<IP>:<PORT>'

	To view all available options, run:

		$ flower-supernode --help

	Using `start_client()` is deprecated.

            This is a deprecated feature. It will be removed
            entirely in future versions of Flower.
        
[92mINFO [0m:      
[92mINFO [0m:      Received: train message 74b2142c-b81e-4096-8905-69cc60a3b231
[92mINFO [0m:      Sent reply
[92mINFO [0m:      
[92mINFO [0m:      Received: evaluate message bca75349-209d-41e5-ad49-e70839f694f7
[92mINFO [0m:      Sent reply
[92mINFO [0m:      
[92mINFO [0m:      Received: train message a5674983-a2fe-40f2-a13d-549c6dd42815
[92mINFO [0m:      Sent reply
[92mINFO [0m:      
[92mINFO [0m:      Received: train message f0fbb4e7-038e-4ffe-a820-65f0606a107f
[92mINFO [0m:      Sent reply
[92mINFO [0m:      
[92mINFO [0m:      Received: evaluate message aeaf7345-c23f-4e3b-a7cd-c6bde6a3798a
[92mINFO [0m:      Sent reply
[92mINFO [0m:      
[92mINFO [0m:      Received: evaluate message dbda2888-adad-4b74-9dba-120c2558cc02
[92mINFO [0m:      Sent reply
[92mINFO [0m:      
[92mINFO [0m:      Received: evaluate message 80e51b47-5ec8-4027-ad21-23d028124701
[92mINFO [0m:      Sent reply
[92mINFO [0m:      
[92mINFO [0m:      Received: train message 00077da0-2b91-4828-a3e4-4a49e5475bb4
[92mINFO [0m:      Sent reply
[92mINFO [0m:      
[92mINFO [0m:      Received: evaluate message 89757f54-193f-473a-b5d4-8bfc64979162
[92mINFO [0m:      Sent reply
[92mINFO [0m:      
[92mINFO [0m:      Received: train message 489a1541-bc65-49b9-8be4-445c5d85dcb3
[92mINFO [0m:      Sent reply
[92mINFO [0m:      
[92mINFO [0m:      Received: train message 4cdf3514-d8d2-4d2c-88bb-78cabfcc13ea
[92mINFO [0m:      Sent reply
[92mINFO [0m:      
[92mINFO [0m:      Received: evaluate message a2b85abf-b3fd-4ff2-93e1-17fbfa3bc9b9
[92mINFO [0m:      Sent reply
[92mINFO [0m:      
[92mINFO [0m:      Received: evaluate message f776f11c-f56d-4d02-8754-538e17b94a9e
[92mINFO [0m:      Sent reply
[92mINFO [0m:      
[92mINFO [0m:      Received: train message 034cceec-0d08-4c07-8bae-d27afdad1b9b
[92mINFO [0m:      Sent reply
[92mINFO [0m:      
[92mINFO [0m:      Received: evaluate message b5247e70-fca9-4e15-94c5-39530031d8f8
[92mINFO [0m:      Sent reply
[92mINFO [0m:      
[92mINFO [0m:      Received: train message 4a9f1ad6-d2f4-4e2e-9c4a-4deb305967b8
[92mINFO [0m:      Sent reply
[92mINFO [0m:      
[92mINFO [0m:      Received: train message f83a5095-1bbc-4e4d-ae6f-af2c0d1359de
[92mINFO [0m:      Sent reply
[92mINFO [0m:      
[92mINFO [0m:      Received: evaluate message 20be8566-5830-49af-bc70-26bdf3eafc73
[92mINFO [0m:      Sent reply
[92mINFO [0m:      
[92mINFO [0m:      Received: train message fa9d4582-9fcf-4161-9939-01049f442e4e
[92mINFO [0m:      Sent reply
[92mINFO [0m:      
[92mINFO [0m:      Received: evaluate message 72b22755-3cfc-49f4-8189-cd314b518f06
[92mINFO [0m:      Sent reply
[92mINFO [0m:      
[92mINFO [0m:      Received: train message 16c38704-9eef-4f76-a695-cb8420cb8a89
[92mINFO [0m:      Sent reply
[92mINFO [0m:      
[92mINFO [0m:      Received: train message 7b908984-debd-45e6-8b5b-227e23976155
[92mINFO [0m:      Sent reply
[92mINFO [0m:      
[92mINFO [0m:      Received: train message df707553-30a4-46b7-84a9-c4d5700a0d51
[92mINFO [0m:      Sent reply
[92mINFO [0m:      
[92mINFO [0m:      Received: evaluate message 1d930d4b-1196-4da3-baad-8b1428b42792
[92mINFO [0m:      Sent reply
[92mINFO [0m:      
[92mINFO [0m:      Received: train message a62a9d2c-d711-4a7a-8917-bf240fe14559
[92mINFO [0m:      Sent reply
[92mINFO [0m:      
[92mINFO [0m:      Received: train message d8eab67d-c555-4a51-b9b7-672c3d0114c9
[92mINFO [0m:      Sent reply
[92mINFO [0m:      
[92mINFO [0m:      Received: evaluate message d41aaa85-dff1-4343-a8da-9636210cca3c
[92mINFO [0m:      Sent reply
[92mINFO [0m:      
[92mINFO [0m:      Received: evaluate message 00d1cdef-de48-4933-b924-3af74c743b2a
[92mINFO [0m:      Sent reply
[92mINFO [0m:      
[92mINFO [0m:      Received: train message 675323c0-1831-4539-8ae7-a76fb49974d2
[92mINFO [0m:      Sent reply
[92mINFO [0m:      
[92mINFO [0m:      Received: evaluate message 2bf85e69-19a8-44fb-8835-0b28a15f3dc4
[92mINFO [0m:      Sent reply
[92mINFO [0m:      
[92mINFO [0m:      Received: evaluate message 0e837502-40e5-4653-85ee-50b7661c2629
[92mINFO [0m:      Sent reply
[92mINFO [0m:      
[92mINFO [0m:      Received: train message bc36c03e-1f2a-477b-8ff8-03017eec8f70
[92mINFO [0m:      Sent reply
[92mINFO [0m:      
[92mINFO [0m:      Received: evaluate message ce3c1d4a-8bba-45c8-9cef-0ae2ba0c310f
[92mINFO [0m:      Sent reply
[92mINFO [0m:      
[92mINFO [0m:      Received: evaluate message 7e670387-7177-46fa-bd97-b4474e384a6f
[92mINFO [0m:      Sent reply
[92mINFO [0m:      
[92mINFO [0m:      Received: train message 02e8f5f1-63b4-4855-9963-183147c78f4d
[92mINFO [0m:      Sent reply
[92mINFO [0m:      
[92mINFO [0m:      Received: evaluate message c8decf61-2cc3-4482-958c-5dc611c1c298
[92mINFO [0m:      Sent reply
[92mINFO [0m:      
[92mINFO [0m:      Received: train message 9a8a6bef-0b16-44b8-bf48-c68e2ff5bbcc
[92mINFO [0m:      Sent reply
[92mINFO [0m:      
[92mINFO [0m:      Received: evaluate message cfd49d10-df90-4fdc-a609-a3c3c97e1158
[92mINFO [0m:      Sent reply
[92mINFO [0m:      
[92mINFO [0m:      Received: train message f4d99723-f77d-4067-a92d-294f5d624a66
[92mINFO [0m:      Sent reply
[92mINFO [0m:      
[92mINFO [0m:      Received: train message 9c5b34a5-53bc-4a37-9f14-7bd8875b1b27
[92mINFO [0m:      Sent reply
[92mINFO [0m:      
[92mINFO [0m:      Received: evaluate message bb1ddba7-1dfa-4d90-85d2-181b6ccde04e
[92mINFO [0m:      Sent reply
[92mINFO [0m:      
[92mINFO [0m:      Received: evaluate message cf904af0-00ad-4023-93ce-e98d031fba2f
[92mINFO [0m:      Sent reply
[92mINFO [0m:      
[92mINFO [0m:      Received: train message 39b82970-f0fb-4f3d-b8cd-9afa1ae341b5
[92mINFO [0m:      Sent reply
[92mINFO [0m:      
[92mINFO [0m:      Received: evaluate message 7f97f337-0cca-47ee-8f1a-e1a540120879
[92mINFO [0m:      Sent reply
[92mINFO [0m:      
[92mINFO [0m:      Received: train message 96e7bc6f-cb66-4816-9252-0d46277364ab
[92mINFO [0m:      Sent reply
[92mINFO [0m:      
[92mINFO [0m:      Received: train message 79d5d253-0366-4926-8ce9-ff5522b309a6
[92mINFO [0m:      Sent reply
[92mINFO [0m:      
[92mINFO [0m:      Received: evaluate message 3b26e373-401e-4f5d-bba7-1d4176e73dbd
[92mINFO [0m:      Sent reply
[92mINFO [0m:      
[92mINFO [0m:      Received: evaluate message b5b52e5f-6499-406b-9fed-4ee6d243d652
[92mINFO [0m:      Sent reply
[92mINFO [0m:      
[92mINFO [0m:      Received: train message bb17cd41-d684-4bef-afc6-97591c31870a
[92mINFO [0m:      Sent reply
[92mINFO [0m:      
[92mINFO [0m:      Received: train message 6806c4b4-f858-4df2-a4d6-99e80dcdd669
[92mINFO [0m:      Sent reply
[92mINFO [0m:      
[92mINFO [0m:      Received: train message a8d5e557-ce17-41a1-b943-85729f5a03a3
[92mINFO [0m:      Sent reply
[92mINFO [0m:      
[92mINFO [0m:      Received: evaluate message fd89ea00-f16a-4e74-8646-2a8993af92ee
[92mINFO [0m:      Sent reply
[92mINFO [0m:      
[92mINFO [0m:      Received: evaluate message 61838435-4292-471a-9b69-ceece6a9c58c
[92mINFO [0m:      Sent reply
[92mINFO [0m:      
[92mINFO [0m:      Received: train message 97aee313-95d4-441b-bcaf-858041263cc1
[92mINFO [0m:      Sent reply
[92mINFO [0m:      
[92mINFO [0m:      Received: evaluate message 0f3fd3d7-5b25-4539-b786-39cc081770a9
[92mINFO [0m:      Sent reply
[92mINFO [0m:      
[92mINFO [0m:      Received: train message 4f2f262a-b178-4a21-86fe-9e3f4c970195
[92mINFO [0m:      Sent reply
[92mINFO [0m:      
[92mINFO [0m:      Received: train message 6303d708-7fe9-4dc6-8aee-826c259bbf9a
[92mINFO [0m:      Sent reply
[92mINFO [0m:      
[92mINFO [0m:      Received: train message c6fbb3e2-2963-410e-be27-1f66786a6263
[92mINFO [0m:      Sent reply
[92mINFO [0m:      
[92mINFO [0m:      Received: evaluate message 7bb8ca1f-d530-4f31-b570-6b3e84b75a31
[92mINFO [0m:      Sent reply
[92mINFO [0m:      
[92mINFO [0m:      Received: train message f12c12b9-7f91-474e-8674-f203e520f0ba
[92mINFO [0m:      Sent reply
[92mINFO [0m:      
[92mINFO [0m:      Received: evaluate message cc2639e1-0f5c-4d7b-8ea3-559a2b2844f5
[92mINFO [0m:      Sent reply
[92mINFO [0m:      
[92mINFO [0m:      Received: train message 15c3a891-1e1a-476f-acbb-f32feab299e8
[92mINFO [0m:      Sent reply
[92mINFO [0m:      
[92mINFO [0m:      Received: evaluate message 7b42a05b-1444-4854-8aaf-3512c9f2a681
[92mINFO [0m:      Sent reply
[92mINFO [0m:      
[92mINFO [0m:      Received: train message 3ef6ef8c-d05b-4ee2-9383-ab0bae762d1c
[92mINFO [0m:      Sent reply
[92mINFO [0m:      
[92mINFO [0m:      Received: evaluate message dcf7f819-fc1a-49cc-82df-51569cc5701b
[92mINFO [0m:      Sent reply
[92mINFO [0m:      
[92mINFO [0m:      Received: evaluate message 1d1e91cd-3717-47c1-88fe-6e11cd9facc5
[92mINFO [0m:      Sent reply
[92mINFO [0m:      
[92mINFO [0m:      Received: train message c1be731e-5771-4df6-8760-79867280afd0
[92mINFO [0m:      Sent reply
[92mINFO [0m:      
[92mINFO [0m:      Received: train message d7ed9f6d-8435-4ff8-90a8-3b29c909423f
[92mINFO [0m:      Sent reply
[92mINFO [0m:      
[92mINFO [0m:      Received: evaluate message 21030fa8-7814-4c06-908a-afdc4e1f9453
[92mINFO [0m:      Sent reply
[92mINFO [0m:      
[92mINFO [0m:      Received: train message 880d7f4c-59f5-47da-a9ae-a98aef14c73f
[92mINFO [0m:      Sent reply
[92mINFO [0m:      
[92mINFO [0m:      Received: train message cc05e2b2-9975-4c06-9227-403f8fffa1eb
[92mINFO [0m:      Sent reply
[92mINFO [0m:      
[92mINFO [0m:      Received: train message 9a73a20d-4f55-42fc-a136-32dbe199caed
[92mINFO [0m:      Sent reply
[92mINFO [0m:      
[92mINFO [0m:      Received: train message 29046815-b3da-429b-9b86-bae8eb62d322
[92mINFO [0m:      Sent reply
[92mINFO [0m:      
[92mINFO [0m:      Received: evaluate message 7259d0cf-a4f9-47f7-862b-877891217426
[92mINFO [0m:      Sent reply
[92mINFO [0m:      
[92mINFO [0m:      Received: train message 2703293a-0f10-49a5-9a91-02468460f0d4
[92mINFO [0m:      Sent reply
[92mINFO [0m:      
[92mINFO [0m:      Received: evaluate message 7588726f-ce8f-4785-96d7-7fde86f9f1ba
[92mINFO [0m:      Sent reply
[92mINFO [0m:      
[92mINFO [0m:      Received: train message bab7e6f9-5280-4761-8970-e548683797b1
[92mINFO [0m:      Sent reply
[92mINFO [0m:      
[92mINFO [0m:      Received: evaluate message fba6bda8-079b-45d4-983b-88e09265e54b
[92mINFO [0m:      Sent reply
[92mINFO [0m:      
[92mINFO [0m:      Received: evaluate message c6d2bbdb-6327-447f-af70-905b0d452475
[92mINFO [0m:      Sent reply
[92mINFO [0m:      
[92mINFO [0m:      Received: train message 79bc3784-b88a-4921-914e-015a16fdf50a
[92mINFO [0m:      Sent reply
[92mINFO [0m:      
[92mINFO [0m:      Received: evaluate message d04bfb4c-fc2b-456a-a79d-20430b44c91a
[92mINFO [0m:      Sent reply
[92mINFO [0m:      
[92mINFO [0m:      Received: evaluate message e21a8dde-82a2-4299-b03c-fb50738591d7
[92mINFO [0m:      Sent reply
[92mINFO [0m:      
[92mINFO [0m:      Received: train message 03a6df6e-0c51-4cd6-8195-fbc3a8ee9eae
[92mINFO [0m:      Sent reply
[92mINFO [0m:      
[92mINFO [0m:      Received: evaluate message db609450-c7cb-41f3-ae80-994446f56377
[92mINFO [0m:      Sent reply
[92mINFO [0m:      
[92mINFO [0m:      Received: evaluate message 0df10bf3-ef0e-4894-82bf-789296395c25
[92mINFO [0m:      Sent reply
[92mINFO [0m:      
[92mINFO [0m:      Received: evaluate message c81c829a-9ee2-4f7c-a6be-832444685114
[92mINFO [0m:      Sent reply
[92mINFO [0m:      
[92mINFO [0m:      Received: train message 60791513-1368-406f-8fee-b206f87908ba
[92mINFO [0m:      Sent reply
[92mINFO [0m:      
[92mINFO [0m:      Received: train message 6f890c5a-6543-4bbe-9fe9-bee4679f8976
[92mINFO [0m:      Sent reply
[92mINFO [0m:      
[92mINFO [0m:      Received: train message 23d3a81f-4726-460b-bf7d-9658246e8246
[92mINFO [0m:      Sent reply
[92mINFO [0m:      
[92mINFO [0m:      Received: evaluate message 47fbbe70-2e31-417c-9c61-0188d54accb3
[92mINFO [0m:      Sent reply
[92mINFO [0m:      
[92mINFO [0m:      Received: train message c1df3738-ae94-4272-9c7d-6e9f54e47109
[92mINFO [0m:      Sent reply
[92mINFO [0m:      
[92mINFO [0m:      Received: evaluate message 97d8cb77-7c39-44cf-9e2c-9ab9d0802652
[92mINFO [0m:      Sent reply
[92mINFO [0m:      
[92mINFO [0m:      Received: evaluate message a4e7236a-c36c-4fc5-8932-69bc68e8368d
[92mINFO [0m:      Sent reply
[92mINFO [0m:      
[92mINFO [0m:      Received: train message 8ba583be-909f-4ccc-b701-0b355cf5cfc3
[92mINFO [0m:      Sent reply
[92mINFO [0m:      
[92mINFO [0m:      Received: evaluate message 08d91575-9ca4-4012-b916-46c4bdf0b4f0
[92mINFO [0m:      Sent reply
[92mINFO [0m:      
[92mINFO [0m:      Received: evaluate message 57de3941-1e10-4c8b-9531-fab203e72c94
[92mINFO [0m:      Sent reply
[92mINFO [0m:      
[92mINFO [0m:      Received: evaluate message 72ad0200-1bc8-4ba1-b30d-856c851fd559
[92mINFO [0m:      Sent reply
[92mINFO [0m:      
[92mINFO [0m:      Received: train message 06a19529-2d41-4019-9f08-ad47213fbfa3
[92mINFO [0m:      Sent reply
[92mINFO [0m:      
[92mINFO [0m:      Received: evaluate message 7c5405b6-6f46-4dc0-949f-b3e00c611304
[92mINFO [0m:      Sent reply
[92mINFO [0m:      
[92mINFO [0m:      Received: train message a3b9ad5e-6d37-4179-aece-ad648458e521
[92mINFO [0m:      Sent reply
[92mINFO [0m:      
[92mINFO [0m:      Received: evaluate message e8ac1d1c-0489-460e-856f-3d397ca07c43
[92mINFO [0m:      Sent reply
[92mINFO [0m:      
[92mINFO [0m:      Received: train message c958e82b-54f3-4e9c-9ea6-fc2478fd5dcb
[92mINFO [0m:      Sent reply
[92mINFO [0m:      
[92mINFO [0m:      Received: evaluate message 62bbb265-bbdd-48fe-a5df-d17723641043
[92mINFO [0m:      Sent reply
[92mINFO [0m:      
[92mINFO [0m:      Received: train message 824d98fa-7723-41eb-9f39-4c6d84805b6a
[92mINFO [0m:      Sent reply
[92mINFO [0m:      
[92mINFO [0m:      Received: evaluate message 2528fb11-efaf-46a6-843b-bf90e47207c5
[92mINFO [0m:      Sent reply
[92mINFO [0m:      
[92mINFO [0m:      Received: train message 2c387eed-81c5-4e3a-9e79-0d3c896e4a05
[92mINFO [0m:      Sent reply
[92mINFO [0m:      
[92mINFO [0m:      Received: train message aab55e27-41f4-4be0-b814-2c612c8d1163
[92mINFO [0m:      Sent reply
[92mINFO [0m:      
[92mINFO [0m:      Received: evaluate message a0af79b2-1ae0-4645-bcc0-be6753ec8a7a
[92mINFO [0m:      Sent reply
[92mINFO [0m:      
[92mINFO [0m:      Received: train message 477f0b09-418d-442e-a03a-dd0fac8e216e
[92mINFO [0m:      Sent reply
[92mINFO [0m:      
[92mINFO [0m:      Received: train message 3fea38fc-f85c-4bfc-9a35-053b55b6f5e8
[92mINFO [0m:      Sent reply
[92mINFO [0m:      
[92mINFO [0m:      Received: train message 798e1afc-b153-4a11-b603-029b185eb81d
[92mINFO [0m:      Sent reply
[92mINFO [0m:      
[92mINFO [0m:      Received: evaluate message 194773f2-0544-4399-afd5-868f3e586f80
[92mINFO [0m:      Sent reply
[92mINFO [0m:      
[92mINFO [0m:      Received: evaluate message 491c67a7-52be-4e6b-9433-78b2cfcc9a8d
[92mINFO [0m:      Sent reply
[92mINFO [0m:      
[92mINFO [0m:      Received: train message e0b4d0f7-82f7-4084-bcfb-431caff75cb0
[92mINFO [0m:      Sent reply
[92mINFO [0m:      
[92mINFO [0m:      Received: evaluate message ae1b1548-8b5b-468b-9212-511c8661d82e
[92mINFO [0m:      Sent reply
[92mINFO [0m:      
[92mINFO [0m:      Received: train message 88c99bf8-e6f8-41e4-a8b8-cc6b5a6696cc
[92mINFO [0m:      Sent reply
[92mINFO [0m:      
[92mINFO [0m:      Received: train message 2d7acafe-ace3-4357-9ff0-d3f8a1306543
[92mINFO [0m:      Sent reply
[92mINFO [0m:      
[92mINFO [0m:      Received: train message 4a16e5c3-1541-41b2-bfc8-c24646f15324
[92mINFO [0m:      Sent reply
[92mINFO [0m:      
[92mINFO [0m:      Received: evaluate message 72eb8301-f98e-4337-8335-469d201bcb7b
[92mINFO [0m:      Sent reply
[92mINFO [0m:      
[92mINFO [0m:      Received: train message af6b140e-f0c5-407c-b252-9625b4505792
[92mINFO [0m:      Sent reply
[92mINFO [0m:      
[92mINFO [0m:      Received: train message 2384c370-1d08-4c0d-a85d-5cb165e4c74b
[92mINFO [0m:      Sent reply
[92mINFO [0m:      
[92mINFO [0m:      Received: evaluate message 8349c1c2-5384-4d22-b88d-1b2818324457
[92mINFO [0m:      Sent reply
[92mINFO [0m:      
[92mINFO [0m:      Received: train message 9ceeb41d-0820-4335-a20b-4ed932ff47c3
[92mINFO [0m:      Sent reply
[92mINFO [0m:      
[92mINFO [0m:      Received: evaluate message 3ec42395-f7df-4c86-b33f-6f41ffbe14f1
[92mINFO [0m:      Sent reply
[92mINFO [0m:      
[92mINFO [0m:      Received: train message bf6c02fc-2b05-4c5a-9544-ed8db4250951
[92mINFO [0m:      Sent reply
[92mINFO [0m:      
[92mINFO [0m:      Received: evaluate message d9953cca-b699-4abb-80bf-93b4b97d790a
[92mINFO [0m:      Sent reply
[92mINFO [0m:      
[92mINFO [0m:      Received: evaluate message 55ca64a1-db05-4647-aa62-bbf47734ec7e
[92mINFO [0m:      Sent reply
[92mINFO [0m:      
[92mINFO [0m:      Received: evaluate message 82ad86b3-97b8-41bc-88c5-0ee660b156cf
[92mINFO [0m:      Sent reply
[92mINFO [0m:      
[92mINFO [0m:      Received: train message 6c60d9cd-adcf-42f9-ab53-b42507189287
[92mINFO [0m:      Sent reply
[92mINFO [0m:      
[92mINFO [0m:      Received: evaluate message 9497db1e-2c01-4069-b06f-e48c4c89fd41
[92mINFO [0m:      Sent reply
[92mINFO [0m:      
[92mINFO [0m:      Received: evaluate message f03d18a9-b9cb-4e89-9610-8ea68de1dd4f
[92mINFO [0m:      Sent reply
[92mINFO [0m:      
[92mINFO [0m:      Received: evaluate message 5639aef9-d5a3-41eb-b847-34519d3e0f9e
[92mINFO [0m:      Sent reply
[92mINFO [0m:      
[92mINFO [0m:      Received: train message 00dfe4a3-e193-4e62-b7b9-98c14a74c18b
[92mINFO [0m:      Sent reply
[92mINFO [0m:      
[92mINFO [0m:      Received: evaluate message c0f8590d-8c60-4f23-8361-191c4a53f98d
[92mINFO [0m:      Sent reply
[92mINFO [0m:      
[92mINFO [0m:      Received: train message 41bca671-d618-45a7-9ea6-ab889730c1d3
[92mINFO [0m:      Sent reply
[92mINFO [0m:      
[92mINFO [0m:      Received: reconnect message 6ee932f2-a7ff-4f7f-8508-6dca515d2787
[92mINFO [0m:      Disconnect and shut down
