[93mWARNING [0m:   DEPRECATED FEATURE: flwr.client.start_client() is deprecated.
	Instead, use the `flower-supernode` CLI command to start a SuperNode as shown below:

		$ flower-supernode --insecure --superlink='<IP>:<PORT>'

	To view all available options, run:

		$ flower-supernode --help

	Using `start_client()` is deprecated.

            This is a deprecated feature. It will be removed
            entirely in future versions of Flower.
        
[92mINFO [0m:      
[92mINFO [0m:      Received: train message 1a8041d0-1d52-451f-bc73-140b83c3a11a
[92mINFO [0m:      Sent reply
[92mINFO [0m:      
[92mINFO [0m:      Received: train message 05844dc0-9fb4-4998-bf4d-aafcd14f1744
[92mINFO [0m:      Sent reply
[92mINFO [0m:      
[92mINFO [0m:      Received: train message edc775ee-180a-4b0d-832f-18f1b6db7b6f
[92mINFO [0m:      Sent reply
[92mINFO [0m:      
[92mINFO [0m:      Received: evaluate message 503f4bed-1dbe-4c7e-98aa-5348e87dd740
[92mINFO [0m:      Sent reply
[92mINFO [0m:      
[92mINFO [0m:      Received: train message ba7f1981-4150-4558-9ad0-bb7d997d6716
[92mINFO [0m:      Sent reply
[92mINFO [0m:      
[92mINFO [0m:      Received: evaluate message 16e110ab-f4ff-438b-b8d5-562dde89bd1d
[92mINFO [0m:      Sent reply
[92mINFO [0m:      
[92mINFO [0m:      Received: train message 05bfd399-1124-44e2-8674-cce5ddcdfdb2
[92mINFO [0m:      Sent reply
[92mINFO [0m:      
[92mINFO [0m:      Received: train message 893bccb6-74ea-456e-9e62-558a7ac7f5bd
[92mINFO [0m:      Sent reply
[92mINFO [0m:      
[92mINFO [0m:      Received: evaluate message a73fa398-3740-453b-ba5c-51226798b9bc
[92mINFO [0m:      Sent reply
[92mINFO [0m:      
[92mINFO [0m:      Received: train message 5dab2319-4c49-4f23-97df-98912657c1e8
[92mINFO [0m:      Sent reply
[92mINFO [0m:      
[92mINFO [0m:      Received: train message 4b37e7c2-e1b4-4e86-81e1-79d143c01e9d
[92mINFO [0m:      Sent reply
[92mINFO [0m:      
[92mINFO [0m:      Received: train message b31b9e67-b9cb-4273-8acb-6b3297acc617
[92mINFO [0m:      Sent reply
[92mINFO [0m:      
[92mINFO [0m:      Received: train message 9a454708-467d-4c1e-bbcb-d13c114f3c5b
[92mINFO [0m:      Sent reply
[92mINFO [0m:      
[92mINFO [0m:      Received: evaluate message d3b64271-f144-4931-b5d6-699721d33876
[92mINFO [0m:      Sent reply
[92mINFO [0m:      
[92mINFO [0m:      Received: evaluate message 6f53caa5-f0bd-469c-a3c1-5b0484b09a3e
[92mINFO [0m:      Sent reply
[92mINFO [0m:      
[92mINFO [0m:      Received: train message 3f8dce7e-901e-4e16-b19f-d4b80c5e709a
[92mINFO [0m:      Sent reply
[92mINFO [0m:      
[92mINFO [0m:      Received: evaluate message 9ea7b04d-7987-4ca8-875e-3b9f8a748b67
[92mINFO [0m:      Sent reply
[92mINFO [0m:      
[92mINFO [0m:      Received: train message beb99016-d3fd-4c44-be06-f407edc25e4c
[92mINFO [0m:      Sent reply
[92mINFO [0m:      
[92mINFO [0m:      Received: train message 87ba1e53-d6b7-4c40-b8b5-d7cec6ff32f4
[92mINFO [0m:      Sent reply
[92mINFO [0m:      
[92mINFO [0m:      Received: evaluate message d2ccd153-e3a5-4d8a-83cf-27c588ad75ce
[92mINFO [0m:      Sent reply
[92mINFO [0m:      
[92mINFO [0m:      Received: train message b16b07af-fbf0-4ef3-bc5c-92ce4a26acf8
[92mINFO [0m:      Sent reply
[92mINFO [0m:      
[92mINFO [0m:      Received: evaluate message 3adef076-80fc-49ee-bf50-e2e2c8d084e3
[92mINFO [0m:      Sent reply
[92mINFO [0m:      
[92mINFO [0m:      Received: train message 6f803c7e-83b9-43fa-ac50-abdee1db3c67
[92mINFO [0m:      Sent reply
[92mINFO [0m:      
[92mINFO [0m:      Received: evaluate message 7f35e998-b19d-43f4-a32f-cfff2c5b41e2
[92mINFO [0m:      Sent reply
[92mINFO [0m:      
[92mINFO [0m:      Received: evaluate message e9dc8f4e-cc99-43b3-9b7a-ff0c443d46fc
[92mINFO [0m:      Sent reply
[92mINFO [0m:      
[92mINFO [0m:      Received: train message 0f304738-d417-4638-b9e4-a47122cc490d
[92mINFO [0m:      Sent reply
[92mINFO [0m:      
[92mINFO [0m:      Received: train message bde05a17-cd9f-46f8-b745-75f9d404f9ac
[92mINFO [0m:      Sent reply
[92mINFO [0m:      
[92mINFO [0m:      Received: evaluate message cf1ec77d-8999-4980-9095-3c8071142928
[92mINFO [0m:      Sent reply
[92mINFO [0m:      
[92mINFO [0m:      Received: train message dc594e42-3b7b-4fe5-adee-8bd765a060d7
[92mINFO [0m:      Sent reply
[92mINFO [0m:      
[92mINFO [0m:      Received: evaluate message 071cdad3-076b-4c81-bc18-497151c8af80
[92mINFO [0m:      Sent reply
[92mINFO [0m:      
[92mINFO [0m:      Received: train message c5268141-8ca7-4c8e-ac8e-fc359c323e7c
[92mINFO [0m:      Sent reply
[92mINFO [0m:      
[92mINFO [0m:      Received: evaluate message 0f211c9b-c6fb-4bfd-bac2-5a20845c639d
[92mINFO [0m:      Sent reply
[92mINFO [0m:      
[92mINFO [0m:      Received: train message 8c5b5e6c-ca35-4bca-a7d8-95e6e801104d
[92mINFO [0m:      Sent reply
[92mINFO [0m:      
[92mINFO [0m:      Received: evaluate message b4e81d54-ced3-472c-bea4-b88161140e7e
[92mINFO [0m:      Sent reply
[92mINFO [0m:      
[92mINFO [0m:      Received: evaluate message 5e92e02b-2736-4cdd-a67b-bd5009629231
[92mINFO [0m:      Sent reply
[92mINFO [0m:      
[92mINFO [0m:      Received: train message 7731a268-4e23-4c27-9c17-935ff527dc62
[92mINFO [0m:      Sent reply
[92mINFO [0m:      
[92mINFO [0m:      Received: evaluate message 7cc96491-5e75-4fb1-8fdc-05413ebbd4bb
[92mINFO [0m:      Sent reply
[92mINFO [0m:      
[92mINFO [0m:      Received: train message a9073012-3b63-4281-80cd-9e246c23edbc
[92mINFO [0m:      Sent reply
[92mINFO [0m:      
[92mINFO [0m:      Received: train message 9f03c88c-6443-425e-9a66-a0f18fc928a0
[92mINFO [0m:      Sent reply
[92mINFO [0m:      
[92mINFO [0m:      Received: evaluate message 0eca8a3e-40f0-4b38-9c72-8b6e4a35fb3e
[92mINFO [0m:      Sent reply
[92mINFO [0m:      
[92mINFO [0m:      Received: evaluate message cb9d1d6f-f9f1-402c-9ea9-33b476af4529
[92mINFO [0m:      Sent reply
[92mINFO [0m:      
[92mINFO [0m:      Received: evaluate message f3bc7799-d16c-4aee-acde-de591388f7b3
[92mINFO [0m:      Sent reply
[92mINFO [0m:      
[92mINFO [0m:      Received: train message f7d2ad3e-46d0-44d4-ad9b-d80f076a1866
[92mINFO [0m:      Sent reply
[92mINFO [0m:      
[92mINFO [0m:      Received: evaluate message 5b90af26-2526-4205-896a-ac861156d8b0
[92mINFO [0m:      Sent reply
[92mINFO [0m:      
[92mINFO [0m:      Received: train message 583167ea-9374-4309-9d15-5cc09e806c9f
[92mINFO [0m:      Sent reply
[92mINFO [0m:      
[92mINFO [0m:      Received: train message 5cd90033-fb00-45e8-b473-7dd5179dcf38
[92mINFO [0m:      Sent reply
[92mINFO [0m:      
[92mINFO [0m:      Received: evaluate message e4a69663-d2eb-450a-9178-8ec980edcfaa
[92mINFO [0m:      Sent reply
[92mINFO [0m:      
[92mINFO [0m:      Received: train message fe478bd5-2a0a-42ec-9f7c-17f8e8fc0fb9
[92mINFO [0m:      Sent reply
[92mINFO [0m:      
[92mINFO [0m:      Received: evaluate message ea7f21b8-4036-47a9-94c4-ea4612fd67cc
[92mINFO [0m:      Sent reply
[92mINFO [0m:      
[92mINFO [0m:      Received: train message 2f270088-6675-4dac-83af-c575c00ff18a
[92mINFO [0m:      Sent reply
[92mINFO [0m:      
[92mINFO [0m:      Received: evaluate message a94d07f8-378b-4a81-89c5-2b4ab78b2ba5
[92mINFO [0m:      Sent reply
[92mINFO [0m:      
[92mINFO [0m:      Received: evaluate message c7eec3ac-80b9-4b5f-8177-cf9c0abcc8f3
[92mINFO [0m:      Sent reply
[92mINFO [0m:      
[92mINFO [0m:      Received: train message e9605238-8e37-4b13-932d-1e5270066f65
[92mINFO [0m:      Sent reply
[92mINFO [0m:      
[92mINFO [0m:      Received: evaluate message 07993603-db7d-4cc7-bdb2-de115e915d81
[92mINFO [0m:      Sent reply
[92mINFO [0m:      
[92mINFO [0m:      Received: train message c8ae4fa5-fd32-42b5-956a-d2e52952aa4a
[92mINFO [0m:      Sent reply
[92mINFO [0m:      
[92mINFO [0m:      Received: train message 8a6c4086-e3a8-4f89-896a-dbcc1d000993
[92mINFO [0m:      Sent reply
[92mINFO [0m:      
[92mINFO [0m:      Received: evaluate message 80d00767-a82f-409f-9391-7b90e9e61559
[92mINFO [0m:      Sent reply
[92mINFO [0m:      
[92mINFO [0m:      Received: train message cde9f8e0-cf70-4150-97d6-5993529bf2b2
[92mINFO [0m:      Sent reply
[92mINFO [0m:      
[92mINFO [0m:      Received: train message 941a1590-6dcc-4883-92a6-5ff3e8e56622
[92mINFO [0m:      Sent reply
[92mINFO [0m:      
[92mINFO [0m:      Received: evaluate message cd2d0a4a-dc84-4bbd-b22c-41a4e1b89355
[92mINFO [0m:      Sent reply
[92mINFO [0m:      
[92mINFO [0m:      Received: train message 6d2c9ddd-5f62-46e3-8aae-cb6b3dc256cc
[92mINFO [0m:      Sent reply
[92mINFO [0m:      
[92mINFO [0m:      Received: evaluate message 5bc162ad-abe5-4b54-8bf9-99abbbd291da
[92mINFO [0m:      Sent reply
[92mINFO [0m:      
[92mINFO [0m:      Received: train message 5eef86ad-8559-4fdc-8b47-dc35529284b2
[92mINFO [0m:      Sent reply
[92mINFO [0m:      
[92mINFO [0m:      Received: train message ba09965c-f20a-4d11-8b2b-4b132531df8b
[92mINFO [0m:      Sent reply
[92mINFO [0m:      
[92mINFO [0m:      Received: train message 504a4a14-7b3f-46d2-9b88-c65019c5b2fd
[92mINFO [0m:      Sent reply
[92mINFO [0m:      
[92mINFO [0m:      Received: evaluate message 105aee59-5bec-45ec-8ff7-d86222df4696
[92mINFO [0m:      Sent reply
[92mINFO [0m:      
[92mINFO [0m:      Received: train message e5ffe845-757c-4a7d-b66d-3eb21bfe7578
[92mINFO [0m:      Sent reply
[92mINFO [0m:      
[92mINFO [0m:      Received: train message 86672d60-3230-4465-882d-9cba3551cedf
[92mINFO [0m:      Sent reply
[92mINFO [0m:      
[92mINFO [0m:      Received: evaluate message 6511d8b8-1624-450e-84c5-416e9a837c52
[92mINFO [0m:      Sent reply
[92mINFO [0m:      
[92mINFO [0m:      Received: evaluate message bc2f0bed-13ee-4068-a3c2-f0249bd2986f
[92mINFO [0m:      Sent reply
[92mINFO [0m:      
[92mINFO [0m:      Received: evaluate message 3f09c0e9-bc02-4a17-82b2-0132cb528865
[92mINFO [0m:      Sent reply
[92mINFO [0m:      
[92mINFO [0m:      Received: evaluate message ef838cef-971c-4996-9dfd-b9ae0689ba2d
[92mINFO [0m:      Sent reply
[92mINFO [0m:      
[92mINFO [0m:      Received: train message 7415d597-a6a3-4694-9913-640c3e0bb0e7
[92mINFO [0m:      Sent reply
[92mINFO [0m:      
[92mINFO [0m:      Received: evaluate message 53b6cf71-f8ef-4bb1-a04e-ea8d5b48dd5d
[92mINFO [0m:      Sent reply
[92mINFO [0m:      
[92mINFO [0m:      Received: train message 4d65c62e-f876-4245-9317-b4b3bba0c8ac
[92mINFO [0m:      Sent reply
[92mINFO [0m:      
[92mINFO [0m:      Received: evaluate message 0f634710-a5c1-4786-9a99-71f5d4bc7c46
[92mINFO [0m:      Sent reply
[92mINFO [0m:      
[92mINFO [0m:      Received: train message a71f2701-9225-4dd0-a99d-7c0b42c7d530
[92mINFO [0m:      Sent reply
[92mINFO [0m:      
[92mINFO [0m:      Received: train message 10ec92c5-61b2-4290-998e-bb3ab028dc22
[92mINFO [0m:      Sent reply
[92mINFO [0m:      
[92mINFO [0m:      Received: train message b7a03a13-e163-4257-8b2c-fc4c93ed01e9
[92mINFO [0m:      Sent reply
[92mINFO [0m:      
[92mINFO [0m:      Received: train message c8caaaee-be02-44dc-85de-b4af7d521733
[92mINFO [0m:      Sent reply
[92mINFO [0m:      
[92mINFO [0m:      Received: evaluate message a283fe52-013e-4c9e-9f79-e1f2d4fb907d
[92mINFO [0m:      Sent reply
[92mINFO [0m:      
[92mINFO [0m:      Received: train message 8500b796-2429-42b9-ac4f-274cd469ce4d
[92mINFO [0m:      Sent reply
[92mINFO [0m:      
[92mINFO [0m:      Received: evaluate message 0910e961-81d2-4643-81d2-633928297f60
[92mINFO [0m:      Sent reply
[92mINFO [0m:      
[92mINFO [0m:      Received: train message dae6ff43-3c9c-4105-a228-1b1b7594dc06
[92mINFO [0m:      Sent reply
[92mINFO [0m:      
[92mINFO [0m:      Received: evaluate message 0e28f3b4-cc2e-4de1-9e95-70c943b7e0af
[92mINFO [0m:      Sent reply
[92mINFO [0m:      
[92mINFO [0m:      Received: evaluate message 27276b78-5404-412e-8159-979748b91046
[92mINFO [0m:      Sent reply
[92mINFO [0m:      
[92mINFO [0m:      Received: train message afb10c43-9b9a-429c-90d3-4ef685974be8
[92mINFO [0m:      Sent reply
[92mINFO [0m:      
[92mINFO [0m:      Received: evaluate message ad3de910-f869-4ec8-9e19-c075011bd249
[92mINFO [0m:      Sent reply
[92mINFO [0m:      
[92mINFO [0m:      Received: train message 1cf6c609-b91e-4096-854e-b3bd8eff916e
[92mINFO [0m:      Sent reply
[92mINFO [0m:      
[92mINFO [0m:      Received: evaluate message 612bad34-0d16-460a-bf2c-9c284581f680
[92mINFO [0m:      Sent reply
[92mINFO [0m:      
[92mINFO [0m:      Received: train message 15e7aa06-1f14-46e3-a475-860a3062912f
[92mINFO [0m:      Sent reply
[92mINFO [0m:      
[92mINFO [0m:      Received: evaluate message 6b595f96-0cf0-428e-8fe0-b6228920c095
[92mINFO [0m:      Sent reply
[92mINFO [0m:      
[92mINFO [0m:      Received: train message 259ea6e6-fc68-4a56-bdb5-b560de78432c
[92mINFO [0m:      Sent reply
[92mINFO [0m:      
[92mINFO [0m:      Received: train message edadc914-ab6c-4aa1-abc7-4a55e1ef2b9d
[92mINFO [0m:      Sent reply
[92mINFO [0m:      
[92mINFO [0m:      Received: evaluate message cf9e8785-0375-4af1-a9ac-706aab634fc6
[92mINFO [0m:      Sent reply
[92mINFO [0m:      
[92mINFO [0m:      Received: train message cf330fb3-01e9-4818-a3a2-114e9409959d
[92mINFO [0m:      Sent reply
[92mINFO [0m:      
[92mINFO [0m:      Received: evaluate message 7beb3542-8044-4a8e-b11a-06cb1e0043bf
[92mINFO [0m:      Sent reply
[92mINFO [0m:      
[92mINFO [0m:      Received: train message 6274cc43-e2c1-4ec3-8890-23d263097cd0
[92mINFO [0m:      Sent reply
[92mINFO [0m:      
[92mINFO [0m:      Received: evaluate message 0b7d6dde-fc80-4a8d-89f6-845f258030a7
[92mINFO [0m:      Sent reply
[92mINFO [0m:      
[92mINFO [0m:      Received: train message 43dc4a85-d840-40d8-b1a7-f324b107b2f0
[92mINFO [0m:      Sent reply
[92mINFO [0m:      
[92mINFO [0m:      Received: evaluate message e3bedbff-be66-4944-99e3-769b99808372
[92mINFO [0m:      Sent reply
[92mINFO [0m:      
[92mINFO [0m:      Received: train message 89c90f31-d3e0-4520-b419-e86dde553a17
[92mINFO [0m:      Sent reply
[92mINFO [0m:      
[92mINFO [0m:      Received: train message 4240243e-0027-4c91-9b6a-4284e8cd8e74
[92mINFO [0m:      Sent reply
[92mINFO [0m:      
[92mINFO [0m:      Received: evaluate message cf40c661-8ac5-4b3b-8b06-512d88785120
[92mINFO [0m:      Sent reply
[92mINFO [0m:      
[92mINFO [0m:      Received: evaluate message e59a5093-d2bb-462e-b9e3-cab2d8294dad
[92mINFO [0m:      Sent reply
[92mINFO [0m:      
[92mINFO [0m:      Received: train message 729dbe44-6836-41e8-af60-86d41143653c
[92mINFO [0m:      Sent reply
[92mINFO [0m:      
[92mINFO [0m:      Received: evaluate message 2e35d18d-1545-4a30-a531-45b4e369c1d3
[92mINFO [0m:      Sent reply
[92mINFO [0m:      
[92mINFO [0m:      Received: evaluate message fa660442-a6c1-4a3f-bc8f-f4352b0b4b0b
[92mINFO [0m:      Sent reply
[92mINFO [0m:      
[92mINFO [0m:      Received: train message 1eba974f-32db-403d-bf3b-6ef000190baf
[92mINFO [0m:      Sent reply
[92mINFO [0m:      
[92mINFO [0m:      Received: evaluate message 28bf884b-46a7-48aa-bd44-3375bcffe828
[92mINFO [0m:      Sent reply
[92mINFO [0m:      
[92mINFO [0m:      Received: train message bf84c94f-828c-45d6-bfe9-95b3f786b453
[92mINFO [0m:      Sent reply
[92mINFO [0m:      
[92mINFO [0m:      Received: evaluate message f721f611-33bb-42dc-bbcd-f3462781930b
[92mINFO [0m:      Sent reply
[92mINFO [0m:      
[92mINFO [0m:      Received: train message 81220606-ab5c-42c9-8c36-9370e82c6c92
[92mINFO [0m:      Sent reply
[92mINFO [0m:      
[92mINFO [0m:      Received: train message 51477963-54e5-431d-9116-b6c45ae10efe
[92mINFO [0m:      Sent reply
[92mINFO [0m:      
[92mINFO [0m:      Received: train message bed1efe8-1cd2-47ed-ae8c-975bd4ee5357
[92mINFO [0m:      Sent reply
[92mINFO [0m:      
[92mINFO [0m:      Received: train message 37d07dc3-69c9-4557-ac12-85e4a9b789f7
[92mINFO [0m:      Sent reply
[92mINFO [0m:      
[92mINFO [0m:      Received: evaluate message 573425ce-4b79-4f23-93bc-f87f9b2470e4
[92mINFO [0m:      Sent reply
[92mINFO [0m:      
[92mINFO [0m:      Received: evaluate message 4ae2271d-0ad2-4416-898d-91526469f779
[92mINFO [0m:      Sent reply
[92mINFO [0m:      
[92mINFO [0m:      Received: train message 6d99c247-2059-431f-a217-d33b7d457289
[92mINFO [0m:      Sent reply
[92mINFO [0m:      
[92mINFO [0m:      Received: evaluate message ab415a4e-430f-4813-a4c1-152b742375ea
[92mINFO [0m:      Sent reply
[92mINFO [0m:      
[92mINFO [0m:      Received: train message f707d9fe-9110-4bc9-8993-a72022e423ff
[92mINFO [0m:      Sent reply
[92mINFO [0m:      
[92mINFO [0m:      Received: train message 8bfecd00-38bf-4c34-9a3c-1b7aec3bd4c8
[92mINFO [0m:      Sent reply
[92mINFO [0m:      
[92mINFO [0m:      Received: train message 3bc27dd4-81ea-4c77-8ca7-91984b7b520e
[92mINFO [0m:      Sent reply
[92mINFO [0m:      
[92mINFO [0m:      Received: evaluate message 82a659d5-a211-4b87-b8ed-1b756b359cbe
[92mINFO [0m:      Sent reply
[92mINFO [0m:      
[92mINFO [0m:      Received: train message 1c8af98a-ad4d-4c61-aefb-db3c9fef2c02
[92mINFO [0m:      Sent reply
[92mINFO [0m:      
[92mINFO [0m:      Received: train message ef49b85a-dbd6-4ca1-bcdb-f45a2a1f06af
[92mINFO [0m:      Sent reply
[92mINFO [0m:      
[92mINFO [0m:      Received: evaluate message a892c899-be3e-4fce-9e96-31d264783659
[92mINFO [0m:      Sent reply
[92mINFO [0m:      
[92mINFO [0m:      Received: train message 7687e913-1cd3-4107-830c-6525fa825c08
[92mINFO [0m:      Sent reply
[92mINFO [0m:      
[92mINFO [0m:      Received: evaluate message c6b1a9a6-0124-4408-8463-9fca37a0a108
[92mINFO [0m:      Sent reply
[92mINFO [0m:      
[92mINFO [0m:      Received: evaluate message 6cd212e7-58a1-49f5-9865-5b14985a5991
[92mINFO [0m:      Sent reply
[92mINFO [0m:      
[92mINFO [0m:      Received: train message f7fd16a1-1d04-497b-98ac-5aa732891125
[92mINFO [0m:      Sent reply
[92mINFO [0m:      
[92mINFO [0m:      Received: evaluate message 997b2c9b-3292-4d43-8aa7-56b367756fdd
[92mINFO [0m:      Sent reply
[92mINFO [0m:      
[92mINFO [0m:      Received: train message 2d4692fc-dc06-47c5-92bb-848c1edf745e
[92mINFO [0m:      Sent reply
[92mINFO [0m:      
[92mINFO [0m:      Received: train message fc383f5b-9b5c-4d95-ae77-b33286ad2b4b
[92mINFO [0m:      Sent reply
[92mINFO [0m:      
[92mINFO [0m:      Received: reconnect message cd98f931-7ee2-43df-beb5-13e1d8a28b27
[92mINFO [0m:      Disconnect and shut down
