[93mWARNING [0m:   DEPRECATED FEATURE: flwr.client.start_client() is deprecated.
	Instead, use the `flower-supernode` CLI command to start a SuperNode as shown below:

		$ flower-supernode --insecure --superlink='<IP>:<PORT>'

	To view all available options, run:

		$ flower-supernode --help

	Using `start_client()` is deprecated.

            This is a deprecated feature. It will be removed
            entirely in future versions of Flower.
        
[92mINFO [0m:      
[92mINFO [0m:      Received: train message c09b610a-3efa-42d9-8a15-a4da5895458e
[92mINFO [0m:      Sent reply
[92mINFO [0m:      
[92mINFO [0m:      Received: evaluate message 76c6a274-dc45-444f-966b-09a96c631b8e
[92mINFO [0m:      Sent reply
[92mINFO [0m:      
[92mINFO [0m:      Received: train message a081ec88-1e9b-4c3e-a590-69814e018d26
[92mINFO [0m:      Sent reply
[92mINFO [0m:      
[92mINFO [0m:      Received: evaluate message 23f663ec-3e9a-4503-8b7b-82fb83a15f3c
[92mINFO [0m:      Sent reply
[92mINFO [0m:      
[92mINFO [0m:      Received: train message fe0f1f34-a3da-4645-989c-fd386fb5b260
[92mINFO [0m:      Sent reply
[92mINFO [0m:      
[92mINFO [0m:      Received: evaluate message 792e5336-0b61-4a9d-a23a-7ee42d9af5bd
[92mINFO [0m:      Sent reply
[92mINFO [0m:      
[92mINFO [0m:      Received: train message b79287cc-30b3-4098-8c3a-0dd38f08980d
[92mINFO [0m:      Sent reply
[92mINFO [0m:      
[92mINFO [0m:      Received: evaluate message 2fad81f2-61c9-4cbc-9b40-f543da6d87c1
[92mINFO [0m:      Sent reply
[92mINFO [0m:      
[92mINFO [0m:      Received: train message 030d5dbd-c3d8-4391-ab94-06effecc0626
[92mINFO [0m:      Sent reply
[92mINFO [0m:      
[92mINFO [0m:      Received: evaluate message ca8fb1e8-a31b-4cf6-926d-ece211a9998a
[92mINFO [0m:      Sent reply
[92mINFO [0m:      
[92mINFO [0m:      Received: train message df741d18-6c7d-43cb-ba9f-636d8b0f02a9
[92mINFO [0m:      Sent reply
[92mINFO [0m:      
[92mINFO [0m:      Received: evaluate message 814cb456-f835-4eeb-b5d3-16cc197d002e
[92mINFO [0m:      Sent reply
[92mINFO [0m:      
[92mINFO [0m:      Received: train message e708bd8f-1d6d-450b-b255-3f339aeba43e
[92mINFO [0m:      Sent reply
[92mINFO [0m:      
[92mINFO [0m:      Received: evaluate message d2fdbc75-6d3a-4530-a7d8-3c280f718561
[92mINFO [0m:      Sent reply
[92mINFO [0m:      
[92mINFO [0m:      Received: train message 32718ed2-f236-4c43-b23e-85da2a46653e
[92mINFO [0m:      Sent reply
[92mINFO [0m:      
[92mINFO [0m:      Received: evaluate message 4ee63f25-b760-4b38-8fdd-64fda8529100
[92mINFO [0m:      Sent reply
[92mINFO [0m:      
[92mINFO [0m:      Received: train message a5fd929b-51d3-4f7c-a3a6-10aa36955f94
[92mINFO [0m:      Sent reply
[92mINFO [0m:      
[92mINFO [0m:      Received: evaluate message 9f3bb6b3-204e-4025-81cc-ac3584e30c81
[92mINFO [0m:      Sent reply
[92mINFO [0m:      
[92mINFO [0m:      Received: train message d1935b38-0175-4ba8-85e5-d162c726e32b
[92mINFO [0m:      Sent reply
[92mINFO [0m:      
[92mINFO [0m:      Received: evaluate message b176ddc6-0b33-4e81-89c8-60d941825fab
[92mINFO [0m:      Sent reply
[92mINFO [0m:      
[92mINFO [0m:      Received: train message 32e63cda-2e44-4679-bbdf-d3cfbf90707c
[92mINFO [0m:      Sent reply
[92mINFO [0m:      
[92mINFO [0m:      Received: evaluate message 6bc633dd-ff0a-4b07-b850-4353b7e103f5
[92mINFO [0m:      Sent reply
[92mINFO [0m:      
[92mINFO [0m:      Received: train message 815800b8-05f2-474e-99df-74d911777d9e
[92mINFO [0m:      Sent reply
[92mINFO [0m:      
[92mINFO [0m:      Received: evaluate message a353877b-0c82-46fb-b02c-c5dc49ae142a
[92mINFO [0m:      Sent reply
[92mINFO [0m:      
[92mINFO [0m:      Received: train message ed773354-048a-489d-9af5-e4658643af64
[92mINFO [0m:      Sent reply
[92mINFO [0m:      
[92mINFO [0m:      Received: evaluate message 51eac443-0b5a-458c-91d2-885c8b0667f2
[92mINFO [0m:      Sent reply
[92mINFO [0m:      
[92mINFO [0m:      Received: train message aa27c8cf-05cd-4946-a600-bad4cfb2f24e
[92mINFO [0m:      Sent reply
[92mINFO [0m:      
[92mINFO [0m:      Received: evaluate message 23ab656c-5f60-450f-b860-97e238282e13
[92mINFO [0m:      Sent reply
[92mINFO [0m:      
[92mINFO [0m:      Received: train message 84ede4e6-4e63-48d2-88b4-5ac092170d75
[92mINFO [0m:      Sent reply
[92mINFO [0m:      
[92mINFO [0m:      Received: evaluate message d75bc704-6733-4db9-a6cc-03375b854f7d
[92mINFO [0m:      Sent reply
[92mINFO [0m:      
[92mINFO [0m:      Received: train message 241a7de0-c0e2-4ca0-93b2-79a1feb1e020
[92mINFO [0m:      Sent reply
[92mINFO [0m:      
[92mINFO [0m:      Received: evaluate message 14799dad-d1e3-440b-9cf9-a9d174c9b90f
[92mINFO [0m:      Sent reply
[92mINFO [0m:      
[92mINFO [0m:      Received: train message fb2d3646-211f-432a-9ea4-e16e9cde6d64
[92mINFO [0m:      Sent reply
[92mINFO [0m:      
[92mINFO [0m:      Received: evaluate message b12f6b36-b7a8-430a-a19a-be3ae17df989
[92mINFO [0m:      Sent reply
[92mINFO [0m:      
[92mINFO [0m:      Received: train message 045db1a7-761d-4004-9943-c3f19c8c3337
[92mINFO [0m:      Sent reply
[92mINFO [0m:      
[92mINFO [0m:      Received: evaluate message 5e9358a2-0bfd-4523-90d0-be35713f484c
[92mINFO [0m:      Sent reply
[92mINFO [0m:      
[92mINFO [0m:      Received: train message 35f70b00-20f8-4639-840f-fa869e27e747
[92mINFO [0m:      Sent reply
[92mINFO [0m:      
[92mINFO [0m:      Received: evaluate message c3e85e42-7211-40d2-8a99-e3cace49cf70
[92mINFO [0m:      Sent reply
[92mINFO [0m:      
[92mINFO [0m:      Received: train message 77d75d96-48db-471d-ade6-24a30270cc78
[92mINFO [0m:      Sent reply
[92mINFO [0m:      
[92mINFO [0m:      Received: evaluate message db0247dc-747a-4278-a7a5-091ac68364e6
[92mINFO [0m:      Sent reply
[92mINFO [0m:      
[92mINFO [0m:      Received: train message 533baa20-6329-4f1b-b551-93ef10b9c5d9
[92mINFO [0m:      Sent reply
[92mINFO [0m:      
[92mINFO [0m:      Received: evaluate message 38435215-6bf1-4064-848d-629e5cecf6d9
[92mINFO [0m:      Sent reply
[92mINFO [0m:      
[92mINFO [0m:      Received: train message 73a43d57-6876-4651-9ef8-e835037ece32
[92mINFO [0m:      Sent reply
[92mINFO [0m:      
[92mINFO [0m:      Received: evaluate message 456260d3-63ae-41d5-afe1-badc54db3c4f
[92mINFO [0m:      Sent reply
[92mINFO [0m:      
[92mINFO [0m:      Received: train message be5d3c1c-29f6-468c-8d87-ee0741e89820
[92mINFO [0m:      Sent reply
[92mINFO [0m:      
[92mINFO [0m:      Received: evaluate message 3cede435-5212-469f-a827-cba43f7ff2aa
[92mINFO [0m:      Sent reply
[92mINFO [0m:      
[92mINFO [0m:      Received: train message fb144203-ed46-4283-abc5-beb2a2b5fffd
[92mINFO [0m:      Sent reply
[92mINFO [0m:      
[92mINFO [0m:      Received: evaluate message 818c1fd6-d155-45e4-ba79-3ac30c6618a6
[92mINFO [0m:      Sent reply
[92mINFO [0m:      
[92mINFO [0m:      Received: train message b3b2c40c-4e67-4848-b3cc-bfa2ed387242
[92mINFO [0m:      Sent reply
[92mINFO [0m:      
[92mINFO [0m:      Received: evaluate message 07a698bf-804b-48f4-b95e-8ba21a3bea69
[92mINFO [0m:      Sent reply
[92mINFO [0m:      
[92mINFO [0m:      Received: train message 58731c75-11a3-471a-8544-d5b7253d4e99
[92mINFO [0m:      Sent reply
[92mINFO [0m:      
[92mINFO [0m:      Received: evaluate message 23395013-7499-42d4-91c0-d0a19ad0c370
[92mINFO [0m:      Sent reply
[92mINFO [0m:      
[92mINFO [0m:      Received: train message c2c35daa-669d-4539-8c67-0176c0439697
[92mINFO [0m:      Sent reply
[92mINFO [0m:      
[92mINFO [0m:      Received: evaluate message a4aef0ff-5132-4385-aab0-f23df9590a13
[92mINFO [0m:      Sent reply
[92mINFO [0m:      
[92mINFO [0m:      Received: train message c4fb0d30-a1c9-47d9-83d3-e029b9982e59
[92mINFO [0m:      Sent reply
[92mINFO [0m:      
[92mINFO [0m:      Received: evaluate message 1b592914-41f3-488e-af0f-c8af1349eec9
[92mINFO [0m:      Sent reply
[92mINFO [0m:      
[92mINFO [0m:      Received: train message 395e1933-ccdb-49d3-9c7c-a3dec31fa3b5
[92mINFO [0m:      Sent reply
[92mINFO [0m:      
[92mINFO [0m:      Received: evaluate message 23a54acd-1703-4f4f-9be0-80d03f4de66f
[92mINFO [0m:      Sent reply
[92mINFO [0m:      
[92mINFO [0m:      Received: train message fb61a702-06e4-42ef-8777-efcc5a308bb9
[92mINFO [0m:      Sent reply
[92mINFO [0m:      
[92mINFO [0m:      Received: evaluate message 05340f7d-d078-4a28-80b7-9870f9c611ab
[92mINFO [0m:      Sent reply
[92mINFO [0m:      
[92mINFO [0m:      Received: train message 21c7128d-0fce-4527-b026-4af651b21610
[92mINFO [0m:      Sent reply
[92mINFO [0m:      
[92mINFO [0m:      Received: evaluate message 4cf3a1f8-c966-4938-97c3-0735b5202c67
[92mINFO [0m:      Sent reply
[92mINFO [0m:      
[92mINFO [0m:      Received: train message 1ad50dff-4020-46ed-9ddc-0cc0d2688301
[92mINFO [0m:      Sent reply
[92mINFO [0m:      
[92mINFO [0m:      Received: evaluate message 0c9677dc-c4ac-4e25-ada3-e7bb30db8478
[92mINFO [0m:      Sent reply
[92mINFO [0m:      
[92mINFO [0m:      Received: train message 3f34bc4a-f4e1-495a-a67a-c20a9872dc98
[92mINFO [0m:      Sent reply
[92mINFO [0m:      
[92mINFO [0m:      Received: evaluate message 1c4d9b37-e965-43af-bd52-126813bd402e
[92mINFO [0m:      Sent reply
[92mINFO [0m:      
[92mINFO [0m:      Received: train message 30aa5697-8849-4dbb-b5f3-a5c9e84e487f
[92mINFO [0m:      Sent reply
[92mINFO [0m:      
[92mINFO [0m:      Received: evaluate message fa75c133-809e-4700-9995-b8fd4b2f3117
[92mINFO [0m:      Sent reply
[92mINFO [0m:      
[92mINFO [0m:      Received: train message 3c8760a6-a7eb-40a8-82c4-e772d31ebd11
[92mINFO [0m:      Sent reply
[92mINFO [0m:      
[92mINFO [0m:      Received: evaluate message 01a9f9be-d62a-4660-9376-b7a8cb49758a
[92mINFO [0m:      Sent reply
[92mINFO [0m:      
[92mINFO [0m:      Received: train message ce438baf-4f33-4c1b-9031-8e4568c5404b
[92mINFO [0m:      Sent reply
[92mINFO [0m:      
[92mINFO [0m:      Received: evaluate message 275bb722-b95d-40d4-b27d-36c6c3f61cd5
[92mINFO [0m:      Sent reply
[92mINFO [0m:      
[92mINFO [0m:      Received: train message 06ee60f7-f8f6-4355-84b6-cb8fcc1961e4
[92mINFO [0m:      Sent reply
[92mINFO [0m:      
[92mINFO [0m:      Received: evaluate message bc36aa94-3e8e-4d79-9f4c-ff0bd19fdf86
[92mINFO [0m:      Sent reply
[92mINFO [0m:      
[92mINFO [0m:      Received: train message db6dd9f7-6576-48c8-a562-8811da48693b
[92mINFO [0m:      Sent reply
[92mINFO [0m:      
[92mINFO [0m:      Received: evaluate message ea185567-8dea-4c67-9b01-403d96b89e4d
[92mINFO [0m:      Sent reply
[92mINFO [0m:      
[92mINFO [0m:      Received: train message 0339b007-da89-4746-a394-8d03a1ef1d04
[92mINFO [0m:      Sent reply
[92mINFO [0m:      
[92mINFO [0m:      Received: evaluate message 19b5b48d-47a7-4774-9213-c9740a3c3f23
[92mINFO [0m:      Sent reply
[92mINFO [0m:      
[92mINFO [0m:      Received: train message d16833d6-5ab6-4b03-b8f7-9535de1a649a
[92mINFO [0m:      Sent reply
[92mINFO [0m:      
[92mINFO [0m:      Received: evaluate message 77daa792-cb60-4683-9629-3e6aed9512fe
[92mINFO [0m:      Sent reply
[92mINFO [0m:      
[92mINFO [0m:      Received: train message 1f79bee2-ea4a-4c63-9e0d-cea3e6a432a8
[92mINFO [0m:      Sent reply
[92mINFO [0m:      
[92mINFO [0m:      Received: evaluate message a73a1cfe-9e7e-4387-a437-9c6f4ead29d5
[92mINFO [0m:      Sent reply
[92mINFO [0m:      
[92mINFO [0m:      Received: train message 5f7a10f4-2db4-47b0-bf44-9aa54dcd5461
[92mINFO [0m:      Sent reply
[92mINFO [0m:      
[92mINFO [0m:      Received: evaluate message b4724238-2dc4-4690-bcd1-94aa7cde27ca
[92mINFO [0m:      Sent reply
[92mINFO [0m:      
[92mINFO [0m:      Received: train message d8dbfd2c-a96a-4edd-ada4-d75e867e2155
[92mINFO [0m:      Sent reply
[92mINFO [0m:      
[92mINFO [0m:      Received: evaluate message 9dfe7965-6033-45b0-88b7-1165dae7fc59
[92mINFO [0m:      Sent reply
[92mINFO [0m:      
[92mINFO [0m:      Received: train message 90089a32-c8c3-44d2-83b1-76f1e76000d3
[92mINFO [0m:      Sent reply
[92mINFO [0m:      
[92mINFO [0m:      Received: evaluate message e6f69c60-8444-4914-894f-a0f8a1589291
[92mINFO [0m:      Sent reply
[92mINFO [0m:      
[92mINFO [0m:      Received: train message b0b2d68b-fa81-4000-a4f9-ab9e5d38f88f
[92mINFO [0m:      Sent reply
[92mINFO [0m:      
[92mINFO [0m:      Received: evaluate message 12c28193-af83-400c-8074-dc2900f42383
[92mINFO [0m:      Sent reply
[92mINFO [0m:      
[92mINFO [0m:      Received: train message 289d9b8a-7892-45c9-aa1b-5666a3398b37
[92mINFO [0m:      Sent reply
[92mINFO [0m:      
[92mINFO [0m:      Received: evaluate message 41b518df-47af-4662-9ab8-ad08c81452f3
[92mINFO [0m:      Sent reply
[92mINFO [0m:      
[92mINFO [0m:      Received: train message fd9fd538-a30e-4ace-93e7-42ad2b6a279e
[92mINFO [0m:      Sent reply
[92mINFO [0m:      
[92mINFO [0m:      Received: evaluate message eca38b92-3355-43e2-8e87-4f750493e73b
[92mINFO [0m:      Sent reply
[92mINFO [0m:      
[92mINFO [0m:      Received: train message 8f0ce22a-3333-4ffb-8edf-1de1cca4092f
[92mINFO [0m:      Sent reply
[92mINFO [0m:      
[92mINFO [0m:      Received: evaluate message 7f077244-31f5-42f4-8e49-50660e25af0e
[92mINFO [0m:      Sent reply
[92mINFO [0m:      
[92mINFO [0m:      Received: train message 8402d675-67c6-4d42-95b0-52e51237e3ce
[92mINFO [0m:      Sent reply
[92mINFO [0m:      
[92mINFO [0m:      Received: evaluate message ce10e34e-75fa-4a77-aac7-d78f52727fb5
[92mINFO [0m:      Sent reply
[92mINFO [0m:      
[92mINFO [0m:      Received: train message 1e9b7f1d-4e85-4070-a5f9-df559ee8771b
[92mINFO [0m:      Sent reply
[92mINFO [0m:      
[92mINFO [0m:      Received: evaluate message 557b6f4a-fd68-4648-ae20-1a64cec167cb
[92mINFO [0m:      Sent reply
[92mINFO [0m:      
[92mINFO [0m:      Received: reconnect message 52a69c33-c69f-4eb2-bfda-6bb9ddacf7db
[92mINFO [0m:      Disconnect and shut down
