[93mWARNING [0m:   DEPRECATED FEATURE: flwr.client.start_client() is deprecated.
	Instead, use the `flower-supernode` CLI command to start a SuperNode as shown below:

		$ flower-supernode --insecure --superlink='<IP>:<PORT>'

	To view all available options, run:

		$ flower-supernode --help

	Using `start_client()` is deprecated.

            This is a deprecated feature. It will be removed
            entirely in future versions of Flower.
        
[92mINFO [0m:      
[92mINFO [0m:      Received: train message 52aca80f-501c-4969-b68e-7061a06fedbb
[92mINFO [0m:      Sent reply
[92mINFO [0m:      
[92mINFO [0m:      Received: evaluate message dfed77ec-6420-4713-abbb-1e9d2c19bc08
[92mINFO [0m:      Sent reply
[92mINFO [0m:      
[92mINFO [0m:      Received: train message 29791147-bd03-41a9-8019-22810ae4d085
[92mINFO [0m:      Sent reply
[92mINFO [0m:      
[92mINFO [0m:      Received: evaluate message 79cca1ea-73fd-4c1f-86da-f843e9ac91e0
[92mINFO [0m:      Sent reply
[92mINFO [0m:      
[92mINFO [0m:      Received: train message b05d41b6-b2f7-47bf-a82f-d1f6f40f1548
[92mINFO [0m:      Sent reply
[92mINFO [0m:      
[92mINFO [0m:      Received: evaluate message 79f5d929-4858-491e-ac2f-9d1428ed3388
[92mINFO [0m:      Sent reply
[92mINFO [0m:      
[92mINFO [0m:      Received: train message ad04d26b-accb-4873-8e6e-39414d9597df
[92mINFO [0m:      Sent reply
[92mINFO [0m:      
[92mINFO [0m:      Received: evaluate message 83e08e62-db0b-4e54-a75a-7e9fade1ac23
[92mINFO [0m:      Sent reply
[92mINFO [0m:      
[92mINFO [0m:      Received: train message 2c36df28-4d3a-4194-abbd-55bf5dc0f4a7
[92mINFO [0m:      Sent reply
[92mINFO [0m:      
[92mINFO [0m:      Received: evaluate message 1153bd00-990c-431b-9b63-8b8826a70bed
[92mINFO [0m:      Sent reply
[92mINFO [0m:      
[92mINFO [0m:      Received: train message b23d63f9-5a42-441c-8d7f-4bdc46dd5112
[92mINFO [0m:      Sent reply
[92mINFO [0m:      
[92mINFO [0m:      Received: evaluate message 4aedcb12-1284-4f12-8c6a-f368411c41b5
[92mINFO [0m:      Sent reply
[92mINFO [0m:      
[92mINFO [0m:      Received: train message 71ea3895-f4bb-4df5-aea9-426f129cdfeb
[92mINFO [0m:      Sent reply
[92mINFO [0m:      
[92mINFO [0m:      Received: evaluate message f7bfe10d-edd1-46e7-a629-3b4093de8bd1
[92mINFO [0m:      Sent reply
[92mINFO [0m:      
[92mINFO [0m:      Received: train message 4ef10a32-659a-4032-9cec-1293d37748f9
[92mINFO [0m:      Sent reply
[92mINFO [0m:      
[92mINFO [0m:      Received: evaluate message ba6ed1bf-fccb-4bee-9979-f89a86fdf926
[92mINFO [0m:      Sent reply
[92mINFO [0m:      
[92mINFO [0m:      Received: train message 0ab63d86-003d-4b73-8a8b-ea7595f2d7b8
[92mINFO [0m:      Sent reply
[92mINFO [0m:      
[92mINFO [0m:      Received: evaluate message 7b3811c6-3441-4f29-b8cd-a8ac24f40c36
[92mINFO [0m:      Sent reply
[92mINFO [0m:      
[92mINFO [0m:      Received: train message 5f5fb0b4-99f5-4460-8f75-4df072beea35
[92mINFO [0m:      Sent reply
[92mINFO [0m:      
[92mINFO [0m:      Received: evaluate message 4cc5a413-e612-40fe-9564-10240d36b209
[92mINFO [0m:      Sent reply
[92mINFO [0m:      
[92mINFO [0m:      Received: train message a2b62db2-9d99-4750-a18c-704522a637a4
[92mINFO [0m:      Sent reply
[92mINFO [0m:      
[92mINFO [0m:      Received: evaluate message 0987a75e-87a7-4e9a-959f-936c9498c435
[92mINFO [0m:      Sent reply
[92mINFO [0m:      
[92mINFO [0m:      Received: train message f0612b33-3b15-48ec-939e-7a5527d43c12
[92mINFO [0m:      Sent reply
[92mINFO [0m:      
[92mINFO [0m:      Received: evaluate message ef5a52cf-760a-44bb-aace-c19b7e455664
[92mINFO [0m:      Sent reply
[92mINFO [0m:      
[92mINFO [0m:      Received: train message 005f507c-bce6-404b-8d38-eff44746e82e
[92mINFO [0m:      Sent reply
[92mINFO [0m:      
[92mINFO [0m:      Received: evaluate message 460a6f70-8881-4152-94ef-c8245db19f34
[92mINFO [0m:      Sent reply
[92mINFO [0m:      
[92mINFO [0m:      Received: train message 2b6b55cd-5adf-457e-83d3-8a0a3c1959d7
[92mINFO [0m:      Sent reply
[92mINFO [0m:      
[92mINFO [0m:      Received: evaluate message f1f00514-30f4-4f95-84fe-8e5a1628e881
[92mINFO [0m:      Sent reply
[92mINFO [0m:      
[92mINFO [0m:      Received: train message cdec01e4-8b16-4feb-b5c7-f4774ab3c7cd
[92mINFO [0m:      Sent reply
[92mINFO [0m:      
[92mINFO [0m:      Received: evaluate message 36a65c4d-6773-4bf3-850a-0b9f2221e31b
[92mINFO [0m:      Sent reply
[92mINFO [0m:      
[92mINFO [0m:      Received: train message 537222e4-402b-4459-8c0e-a198e41c8de6
[92mINFO [0m:      Sent reply
[92mINFO [0m:      
[92mINFO [0m:      Received: evaluate message 53ac98b4-7849-4ba8-bd4b-99b6f993c7a2
[92mINFO [0m:      Sent reply
[92mINFO [0m:      
[92mINFO [0m:      Received: train message cddb6ab6-aa46-4e20-9348-41ccafb7153f
[92mINFO [0m:      Sent reply
[92mINFO [0m:      
[92mINFO [0m:      Received: evaluate message acc3aa6d-757b-4a5d-96d6-af3f1fdfbce0
[92mINFO [0m:      Sent reply
[92mINFO [0m:      
[92mINFO [0m:      Received: train message a561f4dc-65dd-454d-8c1a-5a658078a87b
[92mINFO [0m:      Sent reply
[92mINFO [0m:      
[92mINFO [0m:      Received: evaluate message 05d71bad-3683-486d-8317-3ef20fe75fb1
[92mINFO [0m:      Sent reply
[92mINFO [0m:      
[92mINFO [0m:      Received: train message 092a14b5-8227-4fb8-9867-a11b22423aa8
[92mINFO [0m:      Sent reply
[92mINFO [0m:      
[92mINFO [0m:      Received: evaluate message ff8a423d-dd8c-4a8e-99b7-4f896238887d
[92mINFO [0m:      Sent reply
[92mINFO [0m:      
[92mINFO [0m:      Received: train message 02763531-fd1c-4506-b757-2b337e1c1665
[92mINFO [0m:      Sent reply
[92mINFO [0m:      
[92mINFO [0m:      Received: evaluate message 3faa85bd-56d4-4fa9-af11-aa2916cf15c8
[92mINFO [0m:      Sent reply
[92mINFO [0m:      
[92mINFO [0m:      Received: train message 224319e2-12f0-4e37-b500-7587469269cf
[92mINFO [0m:      Sent reply
[92mINFO [0m:      
[92mINFO [0m:      Received: evaluate message 903f6087-b0d8-4f91-9369-c4197cb15539
[92mINFO [0m:      Sent reply
[92mINFO [0m:      
[92mINFO [0m:      Received: train message 297250ba-11ba-4246-97f5-f113553cdc32
[92mINFO [0m:      Sent reply
[92mINFO [0m:      
[92mINFO [0m:      Received: evaluate message 75ae98ac-52c6-40d0-a021-20dd3091c825
[92mINFO [0m:      Sent reply
[92mINFO [0m:      
[92mINFO [0m:      Received: train message 34e8def9-99b3-4dd6-9523-9f07c2ea1067
[92mINFO [0m:      Sent reply
[92mINFO [0m:      
[92mINFO [0m:      Received: evaluate message fc3df670-b05f-4cb8-992d-b712a2458af8
[92mINFO [0m:      Sent reply
[92mINFO [0m:      
[92mINFO [0m:      Received: train message e7d9fd72-6722-427d-aa79-8391e506394f
[92mINFO [0m:      Sent reply
[92mINFO [0m:      
[92mINFO [0m:      Received: evaluate message 158b5bf3-14a9-49db-bd90-34162ac80c50
[92mINFO [0m:      Sent reply
[92mINFO [0m:      
[92mINFO [0m:      Received: train message 031a5145-e427-4a87-9568-cd64874d216b
[92mINFO [0m:      Sent reply
[92mINFO [0m:      
[92mINFO [0m:      Received: evaluate message b670eb21-c442-44e4-8aee-bba52efa9eb5
[92mINFO [0m:      Sent reply
[92mINFO [0m:      
[92mINFO [0m:      Received: train message c0911289-c91a-40ab-9c94-f50f4186cf67
[92mINFO [0m:      Sent reply
[92mINFO [0m:      
[92mINFO [0m:      Received: evaluate message 916bee11-77cb-483f-a309-a952e1f40446
[92mINFO [0m:      Sent reply
[92mINFO [0m:      
[92mINFO [0m:      Received: train message a8231b23-28a8-4131-b00a-5c1c912fa7b2
[92mINFO [0m:      Sent reply
[92mINFO [0m:      
[92mINFO [0m:      Received: evaluate message 33abcd52-b0b9-4519-9ae5-f00a2e1a4921
[92mINFO [0m:      Sent reply
[92mINFO [0m:      
[92mINFO [0m:      Received: train message 29b8672f-40e0-4512-92c6-806f317e7dce
[92mINFO [0m:      Sent reply
[92mINFO [0m:      
[92mINFO [0m:      Received: evaluate message 1a56b9f0-e663-4679-840f-e70582e16d70
[92mINFO [0m:      Sent reply
[92mINFO [0m:      
[92mINFO [0m:      Received: train message 01642c82-b443-4b95-83cd-35ac438530cf
[92mINFO [0m:      Sent reply
[92mINFO [0m:      
[92mINFO [0m:      Received: evaluate message 7965f73b-1511-467b-b3c1-93d3c55578ad
[92mINFO [0m:      Sent reply
[92mINFO [0m:      
[92mINFO [0m:      Received: train message 1d9facb6-9e73-426b-a7d7-d4e805ce4956
[92mINFO [0m:      Sent reply
[92mINFO [0m:      
[92mINFO [0m:      Received: evaluate message 41dc4503-a53e-487a-8542-d275c53b19df
[92mINFO [0m:      Sent reply
[92mINFO [0m:      
[92mINFO [0m:      Received: train message 93e441fb-0ccc-4fcb-b868-dcbd0fb33949
[92mINFO [0m:      Sent reply
[92mINFO [0m:      
[92mINFO [0m:      Received: evaluate message 0e55ade8-d23b-473c-ac5a-4fd462563345
[92mINFO [0m:      Sent reply
[92mINFO [0m:      
[92mINFO [0m:      Received: train message 364285df-ac7c-49ad-94be-e7f9dea94890
[92mINFO [0m:      Sent reply
[92mINFO [0m:      
[92mINFO [0m:      Received: evaluate message f839a859-a3e8-47e2-8c5c-7314bf11d43e
[92mINFO [0m:      Sent reply
[92mINFO [0m:      
[92mINFO [0m:      Received: train message d759d016-d1e1-434c-ab98-c2e725cf1aac
[92mINFO [0m:      Sent reply
[92mINFO [0m:      
[92mINFO [0m:      Received: evaluate message 52dbd7c7-10f2-4ae9-8b67-f36f19b06200
[92mINFO [0m:      Sent reply
[92mINFO [0m:      
[92mINFO [0m:      Received: train message e144275b-6969-4224-aad2-3a358998982b
[92mINFO [0m:      Sent reply
[92mINFO [0m:      
[92mINFO [0m:      Received: evaluate message 16f659bf-48d5-4273-8f7a-e66aa7361289
[92mINFO [0m:      Sent reply
[92mINFO [0m:      
[92mINFO [0m:      Received: train message 5eec37fb-16c0-44c3-9767-63e7b7400870
[92mINFO [0m:      Sent reply
[92mINFO [0m:      
[92mINFO [0m:      Received: evaluate message ad8f21aa-efcc-4aa9-9140-31bbaceffc25
[92mINFO [0m:      Sent reply
[92mINFO [0m:      
[92mINFO [0m:      Received: train message 6a0fa8cf-101d-4f83-8592-8a7c419c1793
[92mINFO [0m:      Sent reply
[92mINFO [0m:      
[92mINFO [0m:      Received: evaluate message b169cb6c-8182-4834-ac1e-14f19b3dbf01
[92mINFO [0m:      Sent reply
[92mINFO [0m:      
[92mINFO [0m:      Received: train message 32b8da28-334b-4d3d-b523-424ebdbc9add
[92mINFO [0m:      Sent reply
[92mINFO [0m:      
[92mINFO [0m:      Received: evaluate message 98577ebd-6a38-4bb5-a3e7-0d02cb8744de
[92mINFO [0m:      Sent reply
[92mINFO [0m:      
[92mINFO [0m:      Received: train message 07defb7a-6ee0-4010-9d41-57fcbd8e2c08
[92mINFO [0m:      Sent reply
[92mINFO [0m:      
[92mINFO [0m:      Received: evaluate message 45d74b4d-7cc7-4596-bf83-596e35f6ffcf
[92mINFO [0m:      Sent reply
[92mINFO [0m:      
[92mINFO [0m:      Received: train message 4359bceb-825a-4b89-ab4e-12c10cd0c5ed
[92mINFO [0m:      Sent reply
[92mINFO [0m:      
[92mINFO [0m:      Received: evaluate message 7efb24dd-a8ec-4b0f-b706-d0c51f892f46
[92mINFO [0m:      Sent reply
[92mINFO [0m:      
[92mINFO [0m:      Received: train message 1c6bdc77-8307-4e69-840b-3c002b4fe3dc
[92mINFO [0m:      Sent reply
[92mINFO [0m:      
[92mINFO [0m:      Received: evaluate message 9c20087f-8b21-4abc-9f7e-946c80faef15
[92mINFO [0m:      Sent reply
[92mINFO [0m:      
[92mINFO [0m:      Received: train message a059daac-2f0d-45ff-ad74-de8c2f357036
[92mINFO [0m:      Sent reply
[92mINFO [0m:      
[92mINFO [0m:      Received: evaluate message 4dd122e0-5e3b-489d-9e6a-6c50bb3c754a
[92mINFO [0m:      Sent reply
[92mINFO [0m:      
[92mINFO [0m:      Received: train message 43fe588e-f055-411d-841b-620f5bfde44c
[92mINFO [0m:      Sent reply
[92mINFO [0m:      
[92mINFO [0m:      Received: evaluate message ad837c4f-a7ad-4761-b0ae-e8b5ca61532b
[92mINFO [0m:      Sent reply
[92mINFO [0m:      
[92mINFO [0m:      Received: train message bfd3aaf4-7608-402a-8395-2b70cb115d8d
[92mINFO [0m:      Sent reply
[92mINFO [0m:      
[92mINFO [0m:      Received: evaluate message d36ae117-e1b0-45e1-ab5a-9431cbfb3fef
[92mINFO [0m:      Sent reply
[92mINFO [0m:      
[92mINFO [0m:      Received: train message e97366a8-8a1a-4732-8f69-6646d1f69a41
[92mINFO [0m:      Sent reply
[92mINFO [0m:      
[92mINFO [0m:      Received: evaluate message df187346-7d01-4ba0-8e2f-d1ee80003bac
[92mINFO [0m:      Sent reply
[92mINFO [0m:      
[92mINFO [0m:      Received: train message 26345711-fe5e-480a-b23e-09c7644a7e6c
[92mINFO [0m:      Sent reply
[92mINFO [0m:      
[92mINFO [0m:      Received: evaluate message 6eaf34ad-9096-4a1c-a7a3-3c3db0bd4a24
[92mINFO [0m:      Sent reply
[92mINFO [0m:      
[92mINFO [0m:      Received: train message d783c3dd-ab4f-4307-bfc5-fc1a6e6f6446
[92mINFO [0m:      Sent reply
[92mINFO [0m:      
[92mINFO [0m:      Received: evaluate message 79136ea8-caa7-4fbf-9c4e-0a4841efc57a
[92mINFO [0m:      Sent reply
[92mINFO [0m:      
[92mINFO [0m:      Received: train message 10719143-6a87-48b5-aa26-8041e660156d
[92mINFO [0m:      Sent reply
[92mINFO [0m:      
[92mINFO [0m:      Received: evaluate message 766b997b-dfc6-4c64-94fe-f7a344c5a1a3
[92mINFO [0m:      Sent reply
[92mINFO [0m:      
[92mINFO [0m:      Received: train message 61f8b085-3e37-4f23-8989-77f0f56f6a83
[92mINFO [0m:      Sent reply
[92mINFO [0m:      
[92mINFO [0m:      Received: evaluate message d4c69672-9149-4d47-a329-6d20e8cf4c20
[92mINFO [0m:      Sent reply
[92mINFO [0m:      
[92mINFO [0m:      Received: train message f30dd2d0-864d-4902-a438-04a5cf02fa78
[92mINFO [0m:      Sent reply
[92mINFO [0m:      
[92mINFO [0m:      Received: evaluate message 2054d6d6-9a28-46f6-841f-a82031da6680
[92mINFO [0m:      Sent reply
[92mINFO [0m:      
[92mINFO [0m:      Received: train message 73659a16-26b2-4f66-9e48-caf01035a653
[92mINFO [0m:      Sent reply
[92mINFO [0m:      
[92mINFO [0m:      Received: evaluate message 48368304-5945-4cd7-891a-55cefa293834
[92mINFO [0m:      Sent reply
[92mINFO [0m:      
[92mINFO [0m:      Received: reconnect message a86eaaa8-a75d-46de-bdfc-0d7d205104ca
[92mINFO [0m:      Disconnect and shut down
