[93mWARNING [0m:   DEPRECATED FEATURE: flwr.client.start_client() is deprecated.
	Instead, use the `flower-supernode` CLI command to start a SuperNode as shown below:

		$ flower-supernode --insecure --superlink='<IP>:<PORT>'

	To view all available options, run:

		$ flower-supernode --help

	Using `start_client()` is deprecated.

            This is a deprecated feature. It will be removed
            entirely in future versions of Flower.
        
[92mINFO [0m:      
[92mINFO [0m:      Received: train message feed05a7-beeb-400f-89fc-0e9b9fc3546a
[92mINFO [0m:      Sent reply
[92mINFO [0m:      
[92mINFO [0m:      Received: evaluate message b8d95801-ce3a-4259-b167-10c6b77ba74a
[92mINFO [0m:      Sent reply
[92mINFO [0m:      
[92mINFO [0m:      Received: train message 795a3bcd-5e00-4ba4-aef4-e01ccebd5edb
[92mINFO [0m:      Sent reply
[92mINFO [0m:      
[92mINFO [0m:      Received: evaluate message 98a386c4-49b0-4c1a-b073-194bc26c7121
[92mINFO [0m:      Sent reply
[92mINFO [0m:      
[92mINFO [0m:      Received: train message 1267bd0f-ab08-416f-bd08-1c573c95a05c
[92mINFO [0m:      Sent reply
[92mINFO [0m:      
[92mINFO [0m:      Received: evaluate message 0b30631b-23ff-464b-81b5-6a6a02de2922
[92mINFO [0m:      Sent reply
[92mINFO [0m:      
[92mINFO [0m:      Received: train message da3973bd-0223-45ee-ad6c-93992805cb75
[92mINFO [0m:      Sent reply
[92mINFO [0m:      
[92mINFO [0m:      Received: evaluate message 9d67159d-d217-400a-a8f6-9fb01ef01d02
[92mINFO [0m:      Sent reply
[92mINFO [0m:      
[92mINFO [0m:      Received: train message 1ea9369b-a017-47af-9066-bd3b512ba355
[92mINFO [0m:      Sent reply
[92mINFO [0m:      
[92mINFO [0m:      Received: evaluate message abffaf2f-eb10-4c4e-afe9-c97e8dec63f8
[92mINFO [0m:      Sent reply
[92mINFO [0m:      
[92mINFO [0m:      Received: train message 124e8e35-88c9-43ca-81e6-741bd8caa562
[92mINFO [0m:      Sent reply
[92mINFO [0m:      
[92mINFO [0m:      Received: evaluate message 95f31e08-9f9a-43bc-bb94-d6c9a2d2a2bb
[92mINFO [0m:      Sent reply
[92mINFO [0m:      
[92mINFO [0m:      Received: train message 1e744fe5-3c95-4a81-8b06-9b946aa67975
[92mINFO [0m:      Sent reply
[92mINFO [0m:      
[92mINFO [0m:      Received: evaluate message 7ca57cf4-bb23-4834-af36-22cb25de7899
[92mINFO [0m:      Sent reply
[92mINFO [0m:      
[92mINFO [0m:      Received: train message 7eda6ff0-df38-4ac0-9da9-3731e905a3c0
[92mINFO [0m:      Sent reply
[92mINFO [0m:      
[92mINFO [0m:      Received: evaluate message 283f076f-44a0-4323-9e81-4b627e79d8f1
[92mINFO [0m:      Sent reply
[92mINFO [0m:      
[92mINFO [0m:      Received: train message dc5e39c8-bbd8-4426-8082-b17b71aef9c6
[92mINFO [0m:      Sent reply
[92mINFO [0m:      
[92mINFO [0m:      Received: evaluate message 5e319b1e-c163-4399-9377-211e90b85c57
[92mINFO [0m:      Sent reply
[92mINFO [0m:      
[92mINFO [0m:      Received: train message c2699bc0-49e2-48f3-a22b-d1bf521b55de
[92mINFO [0m:      Sent reply
[92mINFO [0m:      
[92mINFO [0m:      Received: evaluate message e3a3cda9-b99e-49ae-84bb-00ad1fcc620b
[92mINFO [0m:      Sent reply
[92mINFO [0m:      
[92mINFO [0m:      Received: train message b4c563d5-0ebb-4739-bb96-0d865854afe5
[92mINFO [0m:      Sent reply
[92mINFO [0m:      
[92mINFO [0m:      Received: evaluate message 2c75057f-6235-4ed6-b05c-46ee7c1503d3
[92mINFO [0m:      Sent reply
[92mINFO [0m:      
[92mINFO [0m:      Received: train message cc58d787-b482-4ac1-aca5-538943bc2038
[92mINFO [0m:      Sent reply
[92mINFO [0m:      
[92mINFO [0m:      Received: evaluate message 84827e9f-cd52-4707-8b96-e17765a5de4a
[92mINFO [0m:      Sent reply
[92mINFO [0m:      
[92mINFO [0m:      Received: train message 2dc589cc-2929-46a1-88d4-46e789cd724e
[92mINFO [0m:      Sent reply
[92mINFO [0m:      
[92mINFO [0m:      Received: evaluate message 6128d134-fe76-43ab-b875-605b04684864
[92mINFO [0m:      Sent reply
[92mINFO [0m:      
[92mINFO [0m:      Received: train message aa11c2c2-21dd-48c7-ae7b-39084bd08d96
[92mINFO [0m:      Sent reply
[92mINFO [0m:      
[92mINFO [0m:      Received: evaluate message 311fa2a4-1a0c-411b-849a-d85efe50dd20
[92mINFO [0m:      Sent reply
[92mINFO [0m:      
[92mINFO [0m:      Received: train message 966d3db5-6cd6-4f68-9833-d82d5f23999d
[92mINFO [0m:      Sent reply
[92mINFO [0m:      
[92mINFO [0m:      Received: evaluate message 7d23ec2d-f37f-409b-89d7-8ed1c26b7458
[92mINFO [0m:      Sent reply
[92mINFO [0m:      
[92mINFO [0m:      Received: train message c47a3689-b6e5-4386-ac77-a15f592e784f
[92mINFO [0m:      Sent reply
[92mINFO [0m:      
[92mINFO [0m:      Received: evaluate message c5c0698a-47e7-42c8-9619-b5dd65249187
[92mINFO [0m:      Sent reply
[92mINFO [0m:      
[92mINFO [0m:      Received: train message e4e391a4-0467-4fed-a596-b3b8fc1b05dd
[92mINFO [0m:      Sent reply
[92mINFO [0m:      
[92mINFO [0m:      Received: evaluate message fb302d35-dfa7-4de1-ad44-e3848fdff6d8
[92mINFO [0m:      Sent reply
[92mINFO [0m:      
[92mINFO [0m:      Received: train message f6171a12-9bc0-4f7c-8fe9-11d04c12847c
[92mINFO [0m:      Sent reply
[92mINFO [0m:      
[92mINFO [0m:      Received: evaluate message 72b26da3-4f34-4ba1-8f35-0d6e17d243e1
[92mINFO [0m:      Sent reply
[92mINFO [0m:      
[92mINFO [0m:      Received: train message 49ec3342-b411-40ef-9d9a-c117f61ea54a
[92mINFO [0m:      Sent reply
[92mINFO [0m:      
[92mINFO [0m:      Received: evaluate message d86dce66-ee90-4524-b42a-29e502aefb7d
[92mINFO [0m:      Sent reply
[92mINFO [0m:      
[92mINFO [0m:      Received: train message 5df1703e-15df-493c-a365-81f25256ffb7
[92mINFO [0m:      Sent reply
[92mINFO [0m:      
[92mINFO [0m:      Received: evaluate message 24927998-c4c9-4ee4-ab6e-20d27f5df12a
[92mINFO [0m:      Sent reply
[92mINFO [0m:      
[92mINFO [0m:      Received: train message 6aced1c1-cd15-455e-8924-ea5a96802dee
[92mINFO [0m:      Sent reply
[92mINFO [0m:      
[92mINFO [0m:      Received: evaluate message 239a73bb-238b-4184-9b02-5c922f620d32
[92mINFO [0m:      Sent reply
[92mINFO [0m:      
[92mINFO [0m:      Received: train message d1750324-a97c-4cca-8527-04b7035db6cd
[92mINFO [0m:      Sent reply
[92mINFO [0m:      
[92mINFO [0m:      Received: evaluate message 7ea00369-16e1-4bee-9a5c-c05c30b7cb67
[92mINFO [0m:      Sent reply
[92mINFO [0m:      
[92mINFO [0m:      Received: train message 3d3af6d2-4892-4fdb-8772-02f15a822e98
[92mINFO [0m:      Sent reply
[92mINFO [0m:      
[92mINFO [0m:      Received: evaluate message 9f2ca3df-612b-44b7-a84e-7f72601d6bac
[92mINFO [0m:      Sent reply
[92mINFO [0m:      
[92mINFO [0m:      Received: train message 9290664b-3a60-45c3-8daf-4bd84c8abc03
[92mINFO [0m:      Sent reply
[92mINFO [0m:      
[92mINFO [0m:      Received: evaluate message 1e0d589a-b2e9-4739-8921-c0ed1ad5f763
[92mINFO [0m:      Sent reply
[92mINFO [0m:      
[92mINFO [0m:      Received: train message 246b80af-8cfc-405f-98f0-f01efcbcde0d
[92mINFO [0m:      Sent reply
[92mINFO [0m:      
[92mINFO [0m:      Received: evaluate message ba61eccc-66d2-4e7c-bdf7-12eb2b548cbf
[92mINFO [0m:      Sent reply
[92mINFO [0m:      
[92mINFO [0m:      Received: train message 83115ec7-f799-4c67-838d-696c0772fcee
[92mINFO [0m:      Sent reply
[92mINFO [0m:      
[92mINFO [0m:      Received: evaluate message c2cef012-6a50-4e98-9b0b-4dc8282debfe
[92mINFO [0m:      Sent reply
[92mINFO [0m:      
[92mINFO [0m:      Received: train message f5d66a13-8926-4a60-8066-8e9a73272fb2
[92mINFO [0m:      Sent reply
[92mINFO [0m:      
[92mINFO [0m:      Received: evaluate message 8e4aa468-0152-4f1e-946f-4911636be54e
[92mINFO [0m:      Sent reply
[92mINFO [0m:      
[92mINFO [0m:      Received: train message 59b3f8d1-63e4-4df8-9d3a-b514006076c8
[92mINFO [0m:      Sent reply
[92mINFO [0m:      
[92mINFO [0m:      Received: evaluate message 5f4b8bf4-0f0a-4ee8-a9f2-d869a0dbe815
[92mINFO [0m:      Sent reply
[92mINFO [0m:      
[92mINFO [0m:      Received: train message ae50d1b1-5beb-4318-9a69-02fcd0d42c38
[92mINFO [0m:      Sent reply
[92mINFO [0m:      
[92mINFO [0m:      Received: evaluate message b2888eec-53d4-43dd-8988-ed9c1f24c7ea
[92mINFO [0m:      Sent reply
[92mINFO [0m:      
[92mINFO [0m:      Received: train message c380dfa2-24f2-47d1-a6c1-1eb23fe5295e
[92mINFO [0m:      Sent reply
[92mINFO [0m:      
[92mINFO [0m:      Received: evaluate message d0de7bd4-c36f-441c-aa27-019febe76a40
[92mINFO [0m:      Sent reply
[92mINFO [0m:      
[92mINFO [0m:      Received: train message 6588714e-d445-4c26-b96f-6efcebaac481
[92mINFO [0m:      Sent reply
[92mINFO [0m:      
[92mINFO [0m:      Received: evaluate message 9186ce25-265d-4f10-9c4b-cdebf6692c53
[92mINFO [0m:      Sent reply
[92mINFO [0m:      
[92mINFO [0m:      Received: train message 10d91833-5e1d-41cb-811c-11ba69a4f059
[92mINFO [0m:      Sent reply
[92mINFO [0m:      
[92mINFO [0m:      Received: evaluate message 2a17d3f6-714d-44f3-8ac7-cc9cb7b73f0b
[92mINFO [0m:      Sent reply
[92mINFO [0m:      
[92mINFO [0m:      Received: train message dabf72c3-cc56-471f-a786-c6b18e0be0ed
[92mINFO [0m:      Sent reply
[92mINFO [0m:      
[92mINFO [0m:      Received: evaluate message a6e0470f-b1ec-4cf8-b7e4-8b87f0736a57
[92mINFO [0m:      Sent reply
[92mINFO [0m:      
[92mINFO [0m:      Received: train message c9692101-b39c-4fc4-b979-f3ceaf8cff5c
[92mINFO [0m:      Sent reply
[92mINFO [0m:      
[92mINFO [0m:      Received: evaluate message a17ef08c-bc6f-4493-81e4-b5033119c4c2
[92mINFO [0m:      Sent reply
[92mINFO [0m:      
[92mINFO [0m:      Received: train message 47008ee6-0539-4906-a91a-24ba15ceebe2
[92mINFO [0m:      Sent reply
[92mINFO [0m:      
[92mINFO [0m:      Received: evaluate message ad6d1faf-2168-4d00-b49b-2b3d3f1a7cce
[92mINFO [0m:      Sent reply
[92mINFO [0m:      
[92mINFO [0m:      Received: train message 2fa7dc81-e6eb-4557-8742-3a88ca8c787e
[92mINFO [0m:      Sent reply
[92mINFO [0m:      
[92mINFO [0m:      Received: evaluate message 0203200f-4368-4e64-b9c0-3396ccbbb9e9
[92mINFO [0m:      Sent reply
[92mINFO [0m:      
[92mINFO [0m:      Received: train message 00d0db25-44c3-411f-83c4-1db9a36b733f
[92mINFO [0m:      Sent reply
[92mINFO [0m:      
[92mINFO [0m:      Received: evaluate message c86ad53a-1441-46ff-9bb0-bf89eaa517bd
[92mINFO [0m:      Sent reply
[92mINFO [0m:      
[92mINFO [0m:      Received: train message e3313cd8-83f8-4fca-bb24-8636d0ddd7c5
[92mINFO [0m:      Sent reply
[92mINFO [0m:      
[92mINFO [0m:      Received: evaluate message 28573516-7d6f-456d-915e-b3ad8a1cd348
[92mINFO [0m:      Sent reply
[92mINFO [0m:      
[92mINFO [0m:      Received: train message 5c2c8696-84a6-452c-932b-764deb3cb3c0
[92mINFO [0m:      Sent reply
[92mINFO [0m:      
[92mINFO [0m:      Received: evaluate message 2fde57d1-4d5e-42a6-b2b4-ae167a1b3561
[92mINFO [0m:      Sent reply
[92mINFO [0m:      
[92mINFO [0m:      Received: train message 53fcb0a9-6331-468c-8b8c-ceb97bb2999e
[92mINFO [0m:      Sent reply
[92mINFO [0m:      
[92mINFO [0m:      Received: evaluate message a145ce31-a7e0-4e64-b8e4-9c0ac59d535a
[92mINFO [0m:      Sent reply
[92mINFO [0m:      
[92mINFO [0m:      Received: train message 9c064ed3-bee0-42b6-a1d8-9000da95f720
[92mINFO [0m:      Sent reply
[92mINFO [0m:      
[92mINFO [0m:      Received: evaluate message 30d52e44-5acf-455a-96c5-be7ef27a7b50
[92mINFO [0m:      Sent reply
[92mINFO [0m:      
[92mINFO [0m:      Received: train message 0d49cc26-3411-44cf-a61b-feb50c4575b4
[92mINFO [0m:      Sent reply
[92mINFO [0m:      
[92mINFO [0m:      Received: evaluate message 2992f8cb-7765-4daa-b5a5-c2b04c3af5a9
[92mINFO [0m:      Sent reply
[92mINFO [0m:      
[92mINFO [0m:      Received: train message b3a7292c-ba9c-4282-a439-ccd31c3cfb57
[92mINFO [0m:      Sent reply
[92mINFO [0m:      
[92mINFO [0m:      Received: evaluate message db397ce2-577a-44c9-8930-8e0fe93d70c5
[92mINFO [0m:      Sent reply
[92mINFO [0m:      
[92mINFO [0m:      Received: train message c04df5f4-4975-4619-9d6a-5118e1391648
[92mINFO [0m:      Sent reply
[92mINFO [0m:      
[92mINFO [0m:      Received: evaluate message 0bbffd3d-2e80-415d-9358-171329520552
[92mINFO [0m:      Sent reply
[92mINFO [0m:      
[92mINFO [0m:      Received: train message d15537df-ba96-4f91-9a85-27471dc2ed9c
[92mINFO [0m:      Sent reply
[92mINFO [0m:      
[92mINFO [0m:      Received: evaluate message a281422c-de25-4c91-962b-4e526b89d17f
[92mINFO [0m:      Sent reply
[92mINFO [0m:      
[92mINFO [0m:      Received: train message 73b5ef3b-f0aa-4d6d-8393-2c1637922e02
[92mINFO [0m:      Sent reply
[92mINFO [0m:      
[92mINFO [0m:      Received: evaluate message dc0eacd6-54e9-406d-bded-0de7642497cc
[92mINFO [0m:      Sent reply
[92mINFO [0m:      
[92mINFO [0m:      Received: train message 3ac454a8-bcec-4b93-bf12-65ddaae62b10
[92mINFO [0m:      Sent reply
[92mINFO [0m:      
[92mINFO [0m:      Received: evaluate message f744902d-5f11-4c10-bcf6-980edcb383ef
[92mINFO [0m:      Sent reply
[92mINFO [0m:      
[92mINFO [0m:      Received: train message 524e9803-5296-48b3-86f0-893f34d49530
[92mINFO [0m:      Sent reply
[92mINFO [0m:      
[92mINFO [0m:      Received: evaluate message 3367ac1d-1b6d-443b-81fd-54bb930b41ab
[92mINFO [0m:      Sent reply
[92mINFO [0m:      
[92mINFO [0m:      Received: train message 24f3ebe0-0d4c-4af8-aa33-2e7950dda6f0
[92mINFO [0m:      Sent reply
[92mINFO [0m:      
[92mINFO [0m:      Received: evaluate message ec2b98d9-1ee4-405c-967e-9fcf51495031
[92mINFO [0m:      Sent reply
[92mINFO [0m:      
[92mINFO [0m:      Received: train message 677b3087-9311-434c-8a95-d90cb1746f50
[92mINFO [0m:      Sent reply
[92mINFO [0m:      
[92mINFO [0m:      Received: evaluate message 9ed45031-f75e-4cb2-890a-460857323711
[92mINFO [0m:      Sent reply
[92mINFO [0m:      
[92mINFO [0m:      Received: reconnect message cb01bf0c-a1dc-469f-94f4-6408fe4c2697
[92mINFO [0m:      Disconnect and shut down
