[93mWARNING [0m:   DEPRECATED FEATURE: flwr.client.start_client() is deprecated.
	Instead, use the `flower-supernode` CLI command to start a SuperNode as shown below:

		$ flower-supernode --insecure --superlink='<IP>:<PORT>'

	To view all available options, run:

		$ flower-supernode --help

	Using `start_client()` is deprecated.

            This is a deprecated feature. It will be removed
            entirely in future versions of Flower.
        
[92mINFO [0m:      
[92mINFO [0m:      Received: train message 5eb724a9-2b16-4978-9a33-3fe0c252dde4
[92mINFO [0m:      Sent reply
[92mINFO [0m:      
[92mINFO [0m:      Received: evaluate message 55287429-1b5d-4508-9606-eb61e874f611
[92mINFO [0m:      Sent reply
[92mINFO [0m:      
[92mINFO [0m:      Received: train message 9d888532-0c76-4a0e-917b-f73f7ca93dbe
[92mINFO [0m:      Sent reply
[92mINFO [0m:      
[92mINFO [0m:      Received: evaluate message 00dc51ac-dacc-48b5-989c-ed2da2a7f19a
[92mINFO [0m:      Sent reply
[92mINFO [0m:      
[92mINFO [0m:      Received: train message 6867ba01-2c9e-4c24-956b-62289676503f
[92mINFO [0m:      Sent reply
[92mINFO [0m:      
[92mINFO [0m:      Received: evaluate message 7157bb8c-93cd-45d3-b2fe-3beb918f1792
[92mINFO [0m:      Sent reply
[92mINFO [0m:      
[92mINFO [0m:      Received: train message ead6f7a7-d6ec-46b7-988e-3b80775cda97
[92mINFO [0m:      Sent reply
[92mINFO [0m:      
[92mINFO [0m:      Received: evaluate message f53962c1-cc4b-4323-8872-a58af10397aa
[92mINFO [0m:      Sent reply
[92mINFO [0m:      
[92mINFO [0m:      Received: train message 9116043a-7f11-41ff-95d5-dc846628416e
[92mINFO [0m:      Sent reply
[92mINFO [0m:      
[92mINFO [0m:      Received: evaluate message c2c02e37-31c3-493c-96f0-7e66a922ec2d
[92mINFO [0m:      Sent reply
[92mINFO [0m:      
[92mINFO [0m:      Received: train message 33f4ee75-571d-488f-9f9e-d5e28242b7b5
[92mINFO [0m:      Sent reply
[92mINFO [0m:      
[92mINFO [0m:      Received: evaluate message 977e7381-691b-40f4-942e-4d2d701bc450
[92mINFO [0m:      Sent reply
[92mINFO [0m:      
[92mINFO [0m:      Received: train message ce8cc483-3a16-40cb-8166-0cb2c10d8e47
[92mINFO [0m:      Sent reply
[92mINFO [0m:      
[92mINFO [0m:      Received: evaluate message a23c3c8c-943a-470f-ac0d-03db241860bd
[92mINFO [0m:      Sent reply
[92mINFO [0m:      
[92mINFO [0m:      Received: train message 037d5fd9-a720-476e-a282-cbb5727341b4
[92mINFO [0m:      Sent reply
[92mINFO [0m:      
[92mINFO [0m:      Received: evaluate message f873b058-b3f4-4336-9e9e-917f524a7ed0
[92mINFO [0m:      Sent reply
[92mINFO [0m:      
[92mINFO [0m:      Received: train message 282a2bbd-1d96-4296-ac89-d3d07ea042b2
[92mINFO [0m:      Sent reply
[92mINFO [0m:      
[92mINFO [0m:      Received: evaluate message c1ed8d84-c837-45fa-b0e3-d71cb5b60345
[92mINFO [0m:      Sent reply
[92mINFO [0m:      
[92mINFO [0m:      Received: train message a112f854-57c0-4ba4-ba3d-596335fb8774
[92mINFO [0m:      Sent reply
[92mINFO [0m:      
[92mINFO [0m:      Received: evaluate message 946dcbbd-31b5-4fcf-944e-f553740d8ddd
[92mINFO [0m:      Sent reply
[92mINFO [0m:      
[92mINFO [0m:      Received: train message 4d2c6038-3201-49a2-ae06-e3cb0d372d6b
[92mINFO [0m:      Sent reply
[92mINFO [0m:      
[92mINFO [0m:      Received: evaluate message f5eb724f-2480-42f0-a75a-3a1f9aa26602
[92mINFO [0m:      Sent reply
[92mINFO [0m:      
[92mINFO [0m:      Received: train message 4c7d4c80-b400-4a1c-9703-ffc58cd55520
[92mINFO [0m:      Sent reply
[92mINFO [0m:      
[92mINFO [0m:      Received: evaluate message 89599940-c20c-4a9d-a2d8-b6d72a9d0dec
[92mINFO [0m:      Sent reply
[92mINFO [0m:      
[92mINFO [0m:      Received: train message 6bc83e1f-54a0-4788-b641-75f17967f9d4
[92mINFO [0m:      Sent reply
[92mINFO [0m:      
[92mINFO [0m:      Received: evaluate message 484cff47-5a8d-43ac-9339-2ac21d2f04c9
[92mINFO [0m:      Sent reply
[92mINFO [0m:      
[92mINFO [0m:      Received: train message a14a55ca-511d-4838-af02-1291665f0e60
[92mINFO [0m:      Sent reply
[92mINFO [0m:      
[92mINFO [0m:      Received: evaluate message 5b1d4552-130f-4734-9919-d6622d56eed2
[92mINFO [0m:      Sent reply
[92mINFO [0m:      
[92mINFO [0m:      Received: train message a6bce204-22ad-45d0-9fe7-ec51ecdfbdb7
[92mINFO [0m:      Sent reply
[92mINFO [0m:      
[92mINFO [0m:      Received: evaluate message 635b5bf7-dd06-49b7-afc0-6f0e082952cc
[92mINFO [0m:      Sent reply
[92mINFO [0m:      
[92mINFO [0m:      Received: train message 43f7353b-f03e-4989-b0b6-60f5a4a4a3ac
[92mINFO [0m:      Sent reply
[92mINFO [0m:      
[92mINFO [0m:      Received: evaluate message 896e8a75-a7fa-4241-b1b8-8cc2ffb438f0
[92mINFO [0m:      Sent reply
[92mINFO [0m:      
[92mINFO [0m:      Received: train message 0de7a0ad-e94b-4980-9859-bbd483775e05
[92mINFO [0m:      Sent reply
[92mINFO [0m:      
[92mINFO [0m:      Received: evaluate message 68c23d0c-713b-48be-b048-6776645153a8
[92mINFO [0m:      Sent reply
[92mINFO [0m:      
[92mINFO [0m:      Received: train message 3cc6814b-1bd0-42b0-8025-900be79fdf0e
[92mINFO [0m:      Sent reply
[92mINFO [0m:      
[92mINFO [0m:      Received: evaluate message c7997b8b-1117-41da-98be-17b482493c5d
[92mINFO [0m:      Sent reply
[92mINFO [0m:      
[92mINFO [0m:      Received: train message 12ca978f-e03e-420f-b4a1-4501bc7d0135
[92mINFO [0m:      Sent reply
[92mINFO [0m:      
[92mINFO [0m:      Received: evaluate message bb218ae0-f802-4a9a-b82f-472569fa3a7d
[92mINFO [0m:      Sent reply
[92mINFO [0m:      
[92mINFO [0m:      Received: train message 913f6a05-6334-4b7b-9ddf-533c8c5bccfd
[92mINFO [0m:      Sent reply
[92mINFO [0m:      
[92mINFO [0m:      Received: evaluate message 8f49ce84-9a93-4005-992d-7b89414b6322
[92mINFO [0m:      Sent reply
[92mINFO [0m:      
[92mINFO [0m:      Received: train message 61ac779d-a68f-4b77-8482-222af56c8994
[92mINFO [0m:      Sent reply
[92mINFO [0m:      
[92mINFO [0m:      Received: evaluate message 93b03b92-6702-498a-9803-5211da9b15b5
[92mINFO [0m:      Sent reply
[92mINFO [0m:      
[92mINFO [0m:      Received: train message 8b9e19c2-6d4e-47e2-8b0f-e50101cc00da
[92mINFO [0m:      Sent reply
[92mINFO [0m:      
[92mINFO [0m:      Received: evaluate message be3eb5ef-15b9-4077-9c56-d3a31872bdbc
[92mINFO [0m:      Sent reply
[92mINFO [0m:      
[92mINFO [0m:      Received: train message d455e94d-d4b7-470b-b82b-df5a83eaf90d
[92mINFO [0m:      Sent reply
[92mINFO [0m:      
[92mINFO [0m:      Received: evaluate message 4ca91f9c-a163-4e7e-ab1a-abaa2e598e1d
[92mINFO [0m:      Sent reply
[92mINFO [0m:      
[92mINFO [0m:      Received: train message 08727200-6329-4a16-8cdc-87a8508c703a
[92mINFO [0m:      Sent reply
[92mINFO [0m:      
[92mINFO [0m:      Received: evaluate message a28478db-c83a-4e0b-8f6a-f88c55c3a335
[92mINFO [0m:      Sent reply
[92mINFO [0m:      
[92mINFO [0m:      Received: train message 3320ceb8-1ee3-483b-997e-7a4799cbb91e
[92mINFO [0m:      Sent reply
[92mINFO [0m:      
[92mINFO [0m:      Received: evaluate message 4c1a7943-f510-4c32-b0bf-1721f743874d
[92mINFO [0m:      Sent reply
[92mINFO [0m:      
[92mINFO [0m:      Received: train message 6ff98227-fcd7-4133-938d-d00fbd96e624
[92mINFO [0m:      Sent reply
[92mINFO [0m:      
[92mINFO [0m:      Received: evaluate message d2f7accd-cd0c-45fb-9bec-ca14a3a8a915
[92mINFO [0m:      Sent reply
[92mINFO [0m:      
[92mINFO [0m:      Received: train message f0078b3b-7721-4039-928b-40cd4adb9680
[92mINFO [0m:      Sent reply
[92mINFO [0m:      
[92mINFO [0m:      Received: evaluate message f3c1f5a7-2cdb-4baa-b2bf-f63135381aa9
[92mINFO [0m:      Sent reply
[92mINFO [0m:      
[92mINFO [0m:      Received: train message bccb7aef-3102-48c3-9755-4a127cd92c7b
[92mINFO [0m:      Sent reply
[92mINFO [0m:      
[92mINFO [0m:      Received: evaluate message 79603391-8b17-45fe-b08b-e9450f08037f
[92mINFO [0m:      Sent reply
[92mINFO [0m:      
[92mINFO [0m:      Received: train message 6a8a9a70-c15a-4f91-a1a4-7ebf1af27027
[92mINFO [0m:      Sent reply
[92mINFO [0m:      
[92mINFO [0m:      Received: evaluate message 9da5b16c-4120-4d5d-aca9-b0175925a8fa
[92mINFO [0m:      Sent reply
[92mINFO [0m:      
[92mINFO [0m:      Received: train message 014cbc71-ccd2-4cbc-ac5d-8438ccea36e6
[92mINFO [0m:      Sent reply
[92mINFO [0m:      
[92mINFO [0m:      Received: evaluate message 18cae7ba-993f-4f5a-891d-40ecbd7e8f81
[92mINFO [0m:      Sent reply
[92mINFO [0m:      
[92mINFO [0m:      Received: train message 36f718a8-c0c8-4171-ae57-2f4bb7cfa592
[92mINFO [0m:      Sent reply
[92mINFO [0m:      
[92mINFO [0m:      Received: evaluate message 37843ee2-d5c6-4ec3-b88c-98ab6ef956d9
[92mINFO [0m:      Sent reply
[92mINFO [0m:      
[92mINFO [0m:      Received: train message 3b355d33-2829-4a79-9bdf-6c0e06d3d9be
[92mINFO [0m:      Sent reply
[92mINFO [0m:      
[92mINFO [0m:      Received: evaluate message a85b1cda-ccbb-4975-946e-fb563e21ba06
[92mINFO [0m:      Sent reply
[92mINFO [0m:      
[92mINFO [0m:      Received: train message ac15a4f6-aed3-4b27-863b-d3adc3fa0375
[92mINFO [0m:      Sent reply
[92mINFO [0m:      
[92mINFO [0m:      Received: evaluate message 4a78e89c-28b4-4835-bedf-5f0b28261d9f
[92mINFO [0m:      Sent reply
[92mINFO [0m:      
[92mINFO [0m:      Received: train message ed935e27-3eea-407d-aef8-a08cd8ce6c2c
[92mINFO [0m:      Sent reply
[92mINFO [0m:      
[92mINFO [0m:      Received: evaluate message e406701c-46c0-4c1e-91ec-86a3d27e6ce6
[92mINFO [0m:      Sent reply
[92mINFO [0m:      
[92mINFO [0m:      Received: train message 44817407-8d05-477c-92c2-f8f9fe6fb8bb
[92mINFO [0m:      Sent reply
[92mINFO [0m:      
[92mINFO [0m:      Received: evaluate message 00341b14-63cb-4da6-a525-30e5695818b9
[92mINFO [0m:      Sent reply
[92mINFO [0m:      
[92mINFO [0m:      Received: train message 1efc037c-d3ef-4bc6-a6fe-1ca3d5c9ae5c
[92mINFO [0m:      Sent reply
[92mINFO [0m:      
[92mINFO [0m:      Received: evaluate message b677e4d1-545c-444a-ac3e-fc69eeb05a48
[92mINFO [0m:      Sent reply
[92mINFO [0m:      
[92mINFO [0m:      Received: train message c36aac3a-beb6-4aea-ae5a-fa45b25475b4
[92mINFO [0m:      Sent reply
[92mINFO [0m:      
[92mINFO [0m:      Received: evaluate message 54b521e6-66d2-43cb-838b-04bddc9aa9ad
[92mINFO [0m:      Sent reply
[92mINFO [0m:      
[92mINFO [0m:      Received: train message c9719c6e-bf49-4357-b819-8eef5c24de73
[92mINFO [0m:      Sent reply
[92mINFO [0m:      
[92mINFO [0m:      Received: evaluate message e36b500c-d8cc-46b8-9b2c-69b99dab118f
[92mINFO [0m:      Sent reply
[92mINFO [0m:      
[92mINFO [0m:      Received: train message e0240c5c-3472-4524-bc72-35822feadc97
[92mINFO [0m:      Sent reply
[92mINFO [0m:      
[92mINFO [0m:      Received: evaluate message 06ab700b-7a1d-4f1e-9131-cd350d1b3824
[92mINFO [0m:      Sent reply
[92mINFO [0m:      
[92mINFO [0m:      Received: train message 931f22f8-bf3f-45ac-bd65-63b812042eea
[92mINFO [0m:      Sent reply
[92mINFO [0m:      
[92mINFO [0m:      Received: evaluate message d46e7f3d-25f7-4091-b81c-a527be5b76db
[92mINFO [0m:      Sent reply
[92mINFO [0m:      
[92mINFO [0m:      Received: train message 5b6c2194-5695-4ea6-ac64-89fc652e1e30
[92mINFO [0m:      Sent reply
[92mINFO [0m:      
[92mINFO [0m:      Received: evaluate message 1404d16f-4a8c-4d56-9ab4-a251c71d40df
[92mINFO [0m:      Sent reply
[92mINFO [0m:      
[92mINFO [0m:      Received: train message c98799e2-7104-44eb-a511-b8fe844941bb
[92mINFO [0m:      Sent reply
[92mINFO [0m:      
[92mINFO [0m:      Received: evaluate message efbdf507-6298-48ab-86db-e58b06aa3bf4
[92mINFO [0m:      Sent reply
[92mINFO [0m:      
[92mINFO [0m:      Received: train message e78c1e6f-0b07-45ed-ae41-211c1d5e1e29
[92mINFO [0m:      Sent reply
[92mINFO [0m:      
[92mINFO [0m:      Received: evaluate message 1b32f0ed-5011-45b0-9803-451c22c513c9
[92mINFO [0m:      Sent reply
[92mINFO [0m:      
[92mINFO [0m:      Received: train message 4ea276a9-81f3-4357-adfb-174eb0f5c666
[92mINFO [0m:      Sent reply
[92mINFO [0m:      
[92mINFO [0m:      Received: evaluate message f9d82888-03a2-42b0-873e-0e3ddc9af398
[92mINFO [0m:      Sent reply
[92mINFO [0m:      
[92mINFO [0m:      Received: train message ab14dbbb-344d-4a8b-9d81-0cecc6eec886
[92mINFO [0m:      Sent reply
[92mINFO [0m:      
[92mINFO [0m:      Received: evaluate message c66ba2e7-79cf-4cb6-a161-67357e636276
[92mINFO [0m:      Sent reply
[92mINFO [0m:      
[92mINFO [0m:      Received: train message caa87864-1def-4641-bf68-e5e420ab7ff9
[92mINFO [0m:      Sent reply
[92mINFO [0m:      
[92mINFO [0m:      Received: evaluate message 1e946899-c386-48a3-88dd-b3f535cc6092
[92mINFO [0m:      Sent reply
[92mINFO [0m:      
[92mINFO [0m:      Received: train message ec2906ea-9118-4f8b-a5c3-65e516406a14
[92mINFO [0m:      Sent reply
[92mINFO [0m:      
[92mINFO [0m:      Received: evaluate message 426ff24a-55a1-4ae4-ad3d-b2ad65efa8d7
[92mINFO [0m:      Sent reply
[92mINFO [0m:      
[92mINFO [0m:      Received: train message e25659dc-c53d-456f-8668-ead45b97871f
[92mINFO [0m:      Sent reply
[92mINFO [0m:      
[92mINFO [0m:      Received: evaluate message 2ce1afa1-5afc-4cc7-9240-77ae0aee2fae
[92mINFO [0m:      Sent reply
[92mINFO [0m:      
[92mINFO [0m:      Received: train message 591bb67d-882c-4476-afd5-b468a93dc045
[92mINFO [0m:      Sent reply
[92mINFO [0m:      
[92mINFO [0m:      Received: evaluate message 109b0f97-09f4-42d5-8336-b172ccf2c650
[92mINFO [0m:      Sent reply
[92mINFO [0m:      
[92mINFO [0m:      Received: train message f34db1e8-d050-4c16-815a-4181d0fb86cd
[92mINFO [0m:      Sent reply
[92mINFO [0m:      
[92mINFO [0m:      Received: evaluate message 73803c1e-9f08-4ba0-9c93-44b12d0283cb
[92mINFO [0m:      Sent reply
[92mINFO [0m:      
[92mINFO [0m:      Received: reconnect message 8bcb038e-8c2e-4f87-9c7c-47cb873c02dd
[92mINFO [0m:      Disconnect and shut down
