[93mWARNING [0m:   DEPRECATED FEATURE: flwr.client.start_client() is deprecated.
	Instead, use the `flower-supernode` CLI command to start a SuperNode as shown below:

		$ flower-supernode --insecure --superlink='<IP>:<PORT>'

	To view all available options, run:

		$ flower-supernode --help

	Using `start_client()` is deprecated.

            This is a deprecated feature. It will be removed
            entirely in future versions of Flower.
        
[92mINFO [0m:      
[92mINFO [0m:      Received: train message dd4b6716-d3a1-4483-ad68-5fa3c0fc8c63
[92mINFO [0m:      Sent reply
[92mINFO [0m:      
[92mINFO [0m:      Received: evaluate message 39897d2b-19fd-42e2-874f-e42749bbfa83
[92mINFO [0m:      Sent reply
[92mINFO [0m:      
[92mINFO [0m:      Received: train message 2e405a7d-5a3c-42d5-8ad2-d7eeda71495e
[92mINFO [0m:      Sent reply
[92mINFO [0m:      
[92mINFO [0m:      Received: evaluate message 93b93538-e733-46fc-b9de-4c7d1bd3246d
[92mINFO [0m:      Sent reply
[92mINFO [0m:      
[92mINFO [0m:      Received: train message be2f2211-d57b-46bf-8670-681414e023cf
[92mINFO [0m:      Sent reply
[92mINFO [0m:      
[92mINFO [0m:      Received: evaluate message b26162f8-c5a8-4741-a56c-b1e2e8d8aa37
[92mINFO [0m:      Sent reply
[92mINFO [0m:      
[92mINFO [0m:      Received: train message 9090d4c3-f5d2-4552-976c-9f76c4689735
[92mINFO [0m:      Sent reply
[92mINFO [0m:      
[92mINFO [0m:      Received: evaluate message ebe7dc19-36bd-4a07-b8cd-4bf0010f1c90
[92mINFO [0m:      Sent reply
[92mINFO [0m:      
[92mINFO [0m:      Received: train message 2dd8008b-18a4-4490-b127-20ece294ac5a
[92mINFO [0m:      Sent reply
[92mINFO [0m:      
[92mINFO [0m:      Received: evaluate message fd8a878b-98be-41ba-b37c-017ad6d5d82d
[92mINFO [0m:      Sent reply
[92mINFO [0m:      
[92mINFO [0m:      Received: train message 2f5e01fd-a975-4f34-a241-3bd0c8ebb4f3
[92mINFO [0m:      Sent reply
[92mINFO [0m:      
[92mINFO [0m:      Received: evaluate message e7f3cd10-20df-429d-89b4-696bb9c336bf
[92mINFO [0m:      Sent reply
[92mINFO [0m:      
[92mINFO [0m:      Received: train message 939714b8-b670-4beb-86f6-9020bb6b2fae
[92mINFO [0m:      Sent reply
[92mINFO [0m:      
[92mINFO [0m:      Received: evaluate message af1cfe63-e6a9-467b-b0f6-94345d856f52
[92mINFO [0m:      Sent reply
[92mINFO [0m:      
[92mINFO [0m:      Received: train message 8715b068-83e7-4cb5-b3f6-c0c1cf0c7eb4
[92mINFO [0m:      Sent reply
[92mINFO [0m:      
[92mINFO [0m:      Received: evaluate message 6c8796b2-ebf8-4fea-88fe-52b88280d5bb
[92mINFO [0m:      Sent reply
[92mINFO [0m:      
[92mINFO [0m:      Received: train message 8dac073c-de66-4f10-97e8-139082ef13ab
[92mINFO [0m:      Sent reply
[92mINFO [0m:      
[92mINFO [0m:      Received: evaluate message 2765c67c-1b91-4881-9f5c-9e2331cd1c96
[92mINFO [0m:      Sent reply
[92mINFO [0m:      
[92mINFO [0m:      Received: train message c6eb43a8-a15c-4d4f-8d18-0ee21462cc31
[92mINFO [0m:      Sent reply
[92mINFO [0m:      
[92mINFO [0m:      Received: evaluate message 3e794a9c-d574-46d2-b657-58c212d62bd4
[92mINFO [0m:      Sent reply
[92mINFO [0m:      
[92mINFO [0m:      Received: train message 837994e2-2416-4e04-80e0-f112694d3a34
[92mINFO [0m:      Sent reply
[92mINFO [0m:      
[92mINFO [0m:      Received: evaluate message cd8365b8-c5ef-44fe-87da-0e46f43ba9d4
[92mINFO [0m:      Sent reply
[92mINFO [0m:      
[92mINFO [0m:      Received: train message 88c4f9b5-e909-4bef-9f41-6127b754f1f4
[92mINFO [0m:      Sent reply
[92mINFO [0m:      
[92mINFO [0m:      Received: evaluate message d23a86fc-95b6-48c3-ac4f-8b3ba4eb8a1a
[92mINFO [0m:      Sent reply
[92mINFO [0m:      
[92mINFO [0m:      Received: train message 28382e30-e6c1-44c3-8ed0-b41519507aa5
[92mINFO [0m:      Sent reply
[92mINFO [0m:      
[92mINFO [0m:      Received: evaluate message 2dda26c4-c8e4-4fe9-9d71-fb2b77ff13f9
[92mINFO [0m:      Sent reply
[92mINFO [0m:      
[92mINFO [0m:      Received: train message 7db5d9dc-60ff-4aac-b82b-28aa7b3961b4
[92mINFO [0m:      Sent reply
[92mINFO [0m:      
[92mINFO [0m:      Received: evaluate message 24ac9744-fe7f-4dfa-a5fc-d4ed35ad2552
[92mINFO [0m:      Sent reply
[92mINFO [0m:      
[92mINFO [0m:      Received: train message 29848677-3fae-4422-a78d-aa6131de6940
[92mINFO [0m:      Sent reply
[92mINFO [0m:      
[92mINFO [0m:      Received: evaluate message cb691b98-afbe-4b43-b2b9-ce030e9fa20e
[92mINFO [0m:      Sent reply
[92mINFO [0m:      
[92mINFO [0m:      Received: train message ebd48177-49ab-41fd-8e39-c044defedf10
[92mINFO [0m:      Sent reply
[92mINFO [0m:      
[92mINFO [0m:      Received: evaluate message 39bbd033-55c6-4959-8de1-85396cd2fb14
[92mINFO [0m:      Sent reply
[92mINFO [0m:      
[92mINFO [0m:      Received: train message 362ac825-382a-4d51-b096-7a2ba62a737d
[92mINFO [0m:      Sent reply
[92mINFO [0m:      
[92mINFO [0m:      Received: evaluate message 0f99ce6e-d4a7-4e77-80cd-bfa4d7fc9bf8
[92mINFO [0m:      Sent reply
[92mINFO [0m:      
[92mINFO [0m:      Received: train message c0a40485-1d45-4c8f-a8fc-062398d04186
[92mINFO [0m:      Sent reply
[92mINFO [0m:      
[92mINFO [0m:      Received: evaluate message b974c865-255c-49d6-be57-98a3197469fa
[92mINFO [0m:      Sent reply
[92mINFO [0m:      
[92mINFO [0m:      Received: train message 192053ee-78e1-47fd-91a1-2ad856402095
[92mINFO [0m:      Sent reply
[92mINFO [0m:      
[92mINFO [0m:      Received: evaluate message d0268d3a-d970-4bc5-ab36-967a70cdd9d6
[92mINFO [0m:      Sent reply
[92mINFO [0m:      
[92mINFO [0m:      Received: train message a87f1fd0-0908-4403-9618-00b4a5639326
[92mINFO [0m:      Sent reply
[92mINFO [0m:      
[92mINFO [0m:      Received: evaluate message dc8cfd61-c065-4a19-ac11-ba8219891341
[92mINFO [0m:      Sent reply
[92mINFO [0m:      
[92mINFO [0m:      Received: train message 656497a6-ed80-44d7-ac90-2e9820cb8919
[92mINFO [0m:      Sent reply
[92mINFO [0m:      
[92mINFO [0m:      Received: evaluate message b05822be-d2e4-43ab-a0ee-6a28201f15f1
[92mINFO [0m:      Sent reply
[92mINFO [0m:      
[92mINFO [0m:      Received: train message 16f3b17f-e5c0-4155-a2ec-44cc35d0ded0
[92mINFO [0m:      Sent reply
[92mINFO [0m:      
[92mINFO [0m:      Received: evaluate message 788e4970-8c00-4535-9b99-6ef731b66adb
[92mINFO [0m:      Sent reply
[92mINFO [0m:      
[92mINFO [0m:      Received: train message f9ae8f71-2788-4ef1-b68c-2ca1317715c6
[92mINFO [0m:      Sent reply
[92mINFO [0m:      
[92mINFO [0m:      Received: evaluate message 334544fe-1000-4fe0-8426-2eaebdc8cfab
[92mINFO [0m:      Sent reply
[92mINFO [0m:      
[92mINFO [0m:      Received: train message 05a8cdf2-6018-4eea-9d7b-35efa97188da
[92mINFO [0m:      Sent reply
[92mINFO [0m:      
[92mINFO [0m:      Received: evaluate message 8cb7b92e-a042-4b22-aa3b-3503b5d380a2
[92mINFO [0m:      Sent reply
[92mINFO [0m:      
[92mINFO [0m:      Received: train message a556ed15-67d4-47cc-89cb-31723e22d913
[92mINFO [0m:      Sent reply
[92mINFO [0m:      
[92mINFO [0m:      Received: evaluate message c57f3db9-0a13-4f66-ac4b-cea63c7ec750
[92mINFO [0m:      Sent reply
[92mINFO [0m:      
[92mINFO [0m:      Received: train message 1cd7b728-8544-4fbc-88e0-0b8e28f24b9d
[92mINFO [0m:      Sent reply
[92mINFO [0m:      
[92mINFO [0m:      Received: evaluate message 64b3e769-7bed-4f49-8741-4379c032c487
[92mINFO [0m:      Sent reply
[92mINFO [0m:      
[92mINFO [0m:      Received: train message 4134d1ef-3a29-4ad7-b6cd-f55a06315074
[92mINFO [0m:      Sent reply
[92mINFO [0m:      
[92mINFO [0m:      Received: evaluate message bc036b5a-ed2e-4511-8044-2a3bd0d65973
[92mINFO [0m:      Sent reply
[92mINFO [0m:      
[92mINFO [0m:      Received: train message 59604260-c29f-4fcc-b29c-3f6d809060e3
[92mINFO [0m:      Sent reply
[92mINFO [0m:      
[92mINFO [0m:      Received: evaluate message 43e901b3-3e0f-4c1b-9ad8-b76a3305e4e7
[92mINFO [0m:      Sent reply
[92mINFO [0m:      
[92mINFO [0m:      Received: train message 3b3b61f9-54cb-4184-b0e7-59298fcb32ce
[92mINFO [0m:      Sent reply
[92mINFO [0m:      
[92mINFO [0m:      Received: evaluate message a957647b-591d-4e01-b607-e05d59ec6df7
[92mINFO [0m:      Sent reply
[92mINFO [0m:      
[92mINFO [0m:      Received: train message 31cb4c87-c30a-4f30-9bdb-27282f90ae73
[92mINFO [0m:      Sent reply
[92mINFO [0m:      
[92mINFO [0m:      Received: evaluate message 28c2dfb9-7aad-4dbf-9332-cca78c9bd8ea
[92mINFO [0m:      Sent reply
[92mINFO [0m:      
[92mINFO [0m:      Received: train message e78d5b33-0f5c-4d1e-b34b-d41daeb1e0fb
[92mINFO [0m:      Sent reply
[92mINFO [0m:      
[92mINFO [0m:      Received: evaluate message c4d27c70-a3e8-4687-9bd5-869b9833b90a
[92mINFO [0m:      Sent reply
[92mINFO [0m:      
[92mINFO [0m:      Received: train message a4786b87-7581-4380-93dd-1dfde89b6fc0
[92mINFO [0m:      Sent reply
[92mINFO [0m:      
[92mINFO [0m:      Received: evaluate message 763f77e7-21b5-4439-bb6e-b2db78b776ce
[92mINFO [0m:      Sent reply
[92mINFO [0m:      
[92mINFO [0m:      Received: train message 49890d82-6d77-40f3-bd01-38958f2246d8
[92mINFO [0m:      Sent reply
[92mINFO [0m:      
[92mINFO [0m:      Received: evaluate message 5831bc85-67a8-4146-b639-d5f1d7f35f1d
[92mINFO [0m:      Sent reply
[92mINFO [0m:      
[92mINFO [0m:      Received: train message a6b13d33-a9ba-4a75-b5d4-d5a57ba57665
[92mINFO [0m:      Sent reply
[92mINFO [0m:      
[92mINFO [0m:      Received: evaluate message 28af863e-c84b-4eef-b623-7829f8535c5b
[92mINFO [0m:      Sent reply
[92mINFO [0m:      
[92mINFO [0m:      Received: train message 947f599b-bf46-4a9e-9fb8-53e2e0d1488f
[92mINFO [0m:      Sent reply
[92mINFO [0m:      
[92mINFO [0m:      Received: evaluate message 310c4386-a2af-4c05-ba37-5a629ea9f748
[92mINFO [0m:      Sent reply
[92mINFO [0m:      
[92mINFO [0m:      Received: train message 6db88757-f73b-41e2-bba4-014b65d5706f
[92mINFO [0m:      Sent reply
[92mINFO [0m:      
[92mINFO [0m:      Received: evaluate message bc1eeee8-0fe5-456c-8ceb-2629f064e022
[92mINFO [0m:      Sent reply
[92mINFO [0m:      
[92mINFO [0m:      Received: train message b9b6b0d8-1d2d-489e-b138-51961a2ee2c0
[92mINFO [0m:      Sent reply
[92mINFO [0m:      
[92mINFO [0m:      Received: evaluate message 9c9d0410-bd83-48d7-8add-a87fa2b4c186
[92mINFO [0m:      Sent reply
[92mINFO [0m:      
[92mINFO [0m:      Received: train message ca43887a-cc15-4586-889f-3af39ff131ad
[92mINFO [0m:      Sent reply
[92mINFO [0m:      
[92mINFO [0m:      Received: evaluate message e1fb5161-8c5b-4386-8889-711a44ddff8d
[92mINFO [0m:      Sent reply
[92mINFO [0m:      
[92mINFO [0m:      Received: train message 03a9eff8-01a5-4ccf-94ad-fb6b657910c5
[92mINFO [0m:      Sent reply
[92mINFO [0m:      
[92mINFO [0m:      Received: evaluate message 314e35c1-9a9a-4d9e-9d58-25d09061679c
[92mINFO [0m:      Sent reply
[92mINFO [0m:      
[92mINFO [0m:      Received: train message 70bf3fa0-c180-449e-8b86-3e1aa23a5b92
[92mINFO [0m:      Sent reply
[92mINFO [0m:      
[92mINFO [0m:      Received: evaluate message 75966f18-ef93-4787-a31b-009ecc9a5f60
[92mINFO [0m:      Sent reply
[92mINFO [0m:      
[92mINFO [0m:      Received: train message feafd893-34ca-4c0a-a158-f72e933240cd
[92mINFO [0m:      Sent reply
[92mINFO [0m:      
[92mINFO [0m:      Received: evaluate message 9b1b9f4d-6bed-41d9-a05c-85c8f4e69269
[92mINFO [0m:      Sent reply
[92mINFO [0m:      
[92mINFO [0m:      Received: train message 56b3f536-4864-4483-8ec9-d19ca5a70aa7
[92mINFO [0m:      Sent reply
[92mINFO [0m:      
[92mINFO [0m:      Received: evaluate message 6ddf4ddb-98fd-423f-8002-9b213638d82a
[92mINFO [0m:      Sent reply
[92mINFO [0m:      
[92mINFO [0m:      Received: train message 60ea59d6-5ca7-492e-b9fe-6b3ca91118e5
[92mINFO [0m:      Sent reply
[92mINFO [0m:      
[92mINFO [0m:      Received: evaluate message 9d103d4f-c6db-4b33-87e7-63e3f4b8d529
[92mINFO [0m:      Sent reply
[92mINFO [0m:      
[92mINFO [0m:      Received: train message 9a9f6b54-8734-4319-8ed2-0796708c9bf3
[92mINFO [0m:      Sent reply
[92mINFO [0m:      
[92mINFO [0m:      Received: evaluate message f3c1f806-b9d0-4be3-ae6a-ef6498f821fd
[92mINFO [0m:      Sent reply
[92mINFO [0m:      
[92mINFO [0m:      Received: train message 1c41a729-23da-4c20-9d04-a73d17997663
[92mINFO [0m:      Sent reply
[92mINFO [0m:      
[92mINFO [0m:      Received: evaluate message a52f6419-0de0-40ae-a9ca-45458d0c7618
[92mINFO [0m:      Sent reply
[92mINFO [0m:      
[92mINFO [0m:      Received: train message 7f710ff5-9200-4851-9da2-35ff2d1c372b
[92mINFO [0m:      Sent reply
[92mINFO [0m:      
[92mINFO [0m:      Received: evaluate message 6f1ec093-eb74-4835-9a23-4267443afc05
[92mINFO [0m:      Sent reply
[92mINFO [0m:      
[92mINFO [0m:      Received: train message 9f87f437-bc0c-4bac-a969-1a14a140b853
[92mINFO [0m:      Sent reply
[92mINFO [0m:      
[92mINFO [0m:      Received: evaluate message e421ccf5-8d30-4dbf-b0a7-96a0fa27dd0a
[92mINFO [0m:      Sent reply
[92mINFO [0m:      
[92mINFO [0m:      Received: train message 7d2224f5-ef17-4ac5-ab3c-645af4e64526
[92mINFO [0m:      Sent reply
[92mINFO [0m:      
[92mINFO [0m:      Received: evaluate message 5e5dc132-b9f7-4bb0-8afb-ce201605b18e
[92mINFO [0m:      Sent reply
[92mINFO [0m:      
[92mINFO [0m:      Received: train message b28a845d-8473-453d-8564-75933eab6906
[92mINFO [0m:      Sent reply
[92mINFO [0m:      
[92mINFO [0m:      Received: evaluate message 6ac5d5d5-2c4f-4188-9485-7750060be3bc
[92mINFO [0m:      Sent reply
[92mINFO [0m:      
[92mINFO [0m:      Received: train message 35263524-2956-4d75-988b-3b675020e6bf
[92mINFO [0m:      Sent reply
[92mINFO [0m:      
[92mINFO [0m:      Received: evaluate message e6ad80eb-c4dc-4f4f-9d9c-893180fe81a2
[92mINFO [0m:      Sent reply
[92mINFO [0m:      
[92mINFO [0m:      Received: reconnect message ce1f98ef-7051-4c21-974a-2f8305469582
[92mINFO [0m:      Disconnect and shut down
