[93mWARNING [0m:   DEPRECATED FEATURE: flwr.client.start_client() is deprecated.
	Instead, use the `flower-supernode` CLI command to start a SuperNode as shown below:

		$ flower-supernode --insecure --superlink='<IP>:<PORT>'

	To view all available options, run:

		$ flower-supernode --help

	Using `start_client()` is deprecated.

            This is a deprecated feature. It will be removed
            entirely in future versions of Flower.
        
[92mINFO [0m:      
[92mINFO [0m:      Received: train message d62be58b-c563-4502-864c-bf9f52568451
[92mINFO [0m:      Sent reply
[92mINFO [0m:      
[92mINFO [0m:      Received: evaluate message 570f6f48-6442-4bfb-82ec-4e79ba3c924a
[92mINFO [0m:      Sent reply
[92mINFO [0m:      
[92mINFO [0m:      Received: train message 96f52812-feef-4310-a8d8-2ef31c00a65f
[92mINFO [0m:      Sent reply
[92mINFO [0m:      
[92mINFO [0m:      Received: train message 4b0a55b1-a868-4aa8-a62a-941edb082eed
[92mINFO [0m:      Sent reply
[92mINFO [0m:      
[92mINFO [0m:      Received: evaluate message b725d4cc-d42c-47b6-9416-beb57b22ee6a
[92mINFO [0m:      Sent reply
[92mINFO [0m:      
[92mINFO [0m:      Received: evaluate message 51cceaad-f795-4441-afd1-f06e703e33fc
[92mINFO [0m:      Sent reply
[92mINFO [0m:      
[92mINFO [0m:      Received: evaluate message 6f31fd9e-bb28-496e-8db7-e22d2eb81c72
[92mINFO [0m:      Sent reply
[92mINFO [0m:      
[92mINFO [0m:      Received: train message 7944c342-4660-457b-8909-094f76e61159
[92mINFO [0m:      Sent reply
[92mINFO [0m:      
[92mINFO [0m:      Received: evaluate message dcc0fef9-8ba0-4a76-8de9-b02c6979e43f
[92mINFO [0m:      Sent reply
[92mINFO [0m:      
[92mINFO [0m:      Received: train message 446b6935-f36a-4391-969d-de49494c589b
[92mINFO [0m:      Sent reply
[92mINFO [0m:      
[92mINFO [0m:      Received: train message 8a205954-89f1-439d-9c63-2fdd3bd183eb
[92mINFO [0m:      Sent reply
[92mINFO [0m:      
[92mINFO [0m:      Received: evaluate message 0b5a7fb9-c308-4390-9e32-7afc51ef46f1
[92mINFO [0m:      Sent reply
[92mINFO [0m:      
[92mINFO [0m:      Received: evaluate message 77479237-b970-4e4a-8566-ff8ff5ee6d53
[92mINFO [0m:      Sent reply
[92mINFO [0m:      
[92mINFO [0m:      Received: train message e4db1bfd-dc44-418e-99f6-3bc009961bb6
[92mINFO [0m:      Sent reply
[92mINFO [0m:      
[92mINFO [0m:      Received: evaluate message a75cf5ae-c9c9-42e7-861a-c912f38afd3d
[92mINFO [0m:      Sent reply
[92mINFO [0m:      
[92mINFO [0m:      Received: train message 7ced5d36-2178-42e4-a05d-c4fb79010951
[92mINFO [0m:      Sent reply
[92mINFO [0m:      
[92mINFO [0m:      Received: train message d2cf06d4-6a48-47d8-b276-abbf46f34626
[92mINFO [0m:      Sent reply
[92mINFO [0m:      
[92mINFO [0m:      Received: evaluate message c33a46ce-eb15-4d42-b8c2-2faa9316e9bc
[92mINFO [0m:      Sent reply
[92mINFO [0m:      
[92mINFO [0m:      Received: train message 60015864-f9f6-4f30-b2fc-53d0ced98efb
[92mINFO [0m:      Sent reply
[92mINFO [0m:      
[92mINFO [0m:      Received: evaluate message 83cbe160-5c35-4ff3-a6e4-983287340a24
[92mINFO [0m:      Sent reply
[92mINFO [0m:      
[92mINFO [0m:      Received: train message cc296061-5b86-4bba-8349-ac941900dfdf
[92mINFO [0m:      Sent reply
[92mINFO [0m:      
[92mINFO [0m:      Received: train message bf4e8c17-3019-4e11-9dc9-82c86dc4a597
[92mINFO [0m:      Sent reply
[92mINFO [0m:      
[92mINFO [0m:      Received: train message 029a360e-d6eb-4727-91b4-1b4755b57484
[92mINFO [0m:      Sent reply
[92mINFO [0m:      
[92mINFO [0m:      Received: evaluate message 5a801948-fc49-44ef-b364-65c260293058
[92mINFO [0m:      Sent reply
[92mINFO [0m:      
[92mINFO [0m:      Received: train message 238c60ab-e8a3-4db5-b198-47e6c7f27b42
[92mINFO [0m:      Sent reply
[92mINFO [0m:      
[92mINFO [0m:      Received: train message 6f82b702-acec-4f8a-a1fb-c98f57ff39d4
[92mINFO [0m:      Sent reply
[92mINFO [0m:      
[92mINFO [0m:      Received: evaluate message 9d07c581-b694-416a-ab74-9ceb6d912c2d
[92mINFO [0m:      Sent reply
[92mINFO [0m:      
[92mINFO [0m:      Received: evaluate message 01484473-9853-4953-9ea8-b4783c75e3b2
[92mINFO [0m:      Sent reply
[92mINFO [0m:      
[92mINFO [0m:      Received: train message 0dfc2208-d39f-47fe-9d3e-d7a2b66328eb
[92mINFO [0m:      Sent reply
[92mINFO [0m:      
[92mINFO [0m:      Received: evaluate message 5159c80f-4d7f-4010-a4cf-17a593c986fd
[92mINFO [0m:      Sent reply
[92mINFO [0m:      
[92mINFO [0m:      Received: evaluate message fbc2c8c2-b472-4c09-a52b-cbf9d3bd8ea4
[92mINFO [0m:      Sent reply
[92mINFO [0m:      
[92mINFO [0m:      Received: train message 40e0bc5f-8533-4227-93da-8947b1d1e7f5
[92mINFO [0m:      Sent reply
[92mINFO [0m:      
[92mINFO [0m:      Received: evaluate message d2706714-34b3-42bb-8a1b-9dad759f3af6
[92mINFO [0m:      Sent reply
[92mINFO [0m:      
[92mINFO [0m:      Received: evaluate message b50cd858-f9a8-4b08-a1ed-8474bfe71f08
[92mINFO [0m:      Sent reply
[92mINFO [0m:      
[92mINFO [0m:      Received: train message 261b54bd-7903-4182-a963-67e69218234a
[92mINFO [0m:      Sent reply
[92mINFO [0m:      
[92mINFO [0m:      Received: evaluate message fd2d2b22-8169-45d5-8b5e-ce9fce1eb6f3
[92mINFO [0m:      Sent reply
[92mINFO [0m:      
[92mINFO [0m:      Received: train message d7780f91-41a9-4531-9065-98e15394c805
[92mINFO [0m:      Sent reply
[92mINFO [0m:      
[92mINFO [0m:      Received: evaluate message 4b0a125d-2269-483b-b26b-c6d72813c29a
[92mINFO [0m:      Sent reply
[92mINFO [0m:      
[92mINFO [0m:      Received: train message 6384338b-ac17-443b-adbd-678a6e71c442
[92mINFO [0m:      Sent reply
[92mINFO [0m:      
[92mINFO [0m:      Received: train message 5cc7ee63-120a-417e-8b9d-fbfd3d8bb14a
[92mINFO [0m:      Sent reply
[92mINFO [0m:      
[92mINFO [0m:      Received: evaluate message 04f795fb-29bd-4e56-ae8b-77c7eb618e03
[92mINFO [0m:      Sent reply
[92mINFO [0m:      
[92mINFO [0m:      Received: reconnect message cf0d72ee-25c6-4e14-88d5-6ece2ce7d414
[92mINFO [0m:      Disconnect and shut down
