[93mWARNING [0m:   DEPRECATED FEATURE: flwr.client.start_client() is deprecated.
	Instead, use the `flower-supernode` CLI command to start a SuperNode as shown below:

		$ flower-supernode --insecure --superlink='<IP>:<PORT>'

	To view all available options, run:

		$ flower-supernode --help

	Using `start_client()` is deprecated.

            This is a deprecated feature. It will be removed
            entirely in future versions of Flower.
        
[92mINFO [0m:      
[92mINFO [0m:      Received: train message 60f5c8a0-fbec-4614-b7dd-ad6cc528b6c4
[92mINFO [0m:      Sent reply
[92mINFO [0m:      
[92mINFO [0m:      Received: train message 91bf1a7d-0a5b-465c-b344-a87207f73e62
[92mINFO [0m:      Sent reply
[92mINFO [0m:      
[92mINFO [0m:      Received: evaluate message b8ed909b-632d-42ae-a977-1942f4789543
[92mINFO [0m:      Sent reply
[92mINFO [0m:      
[92mINFO [0m:      Received: evaluate message 068476b9-4ac2-40e8-a8df-6c385db6fc98
[92mINFO [0m:      Sent reply
[92mINFO [0m:      
[92mINFO [0m:      Received: evaluate message e6343712-7afd-4649-af27-0d25bf52ba9d
[92mINFO [0m:      Sent reply
[92mINFO [0m:      
[92mINFO [0m:      Received: train message c8824aef-b888-48d4-b0e0-4eb7780944d4
[92mINFO [0m:      Sent reply
[92mINFO [0m:      
[92mINFO [0m:      Received: evaluate message 8b0c58c3-da00-4d19-974b-4537175329af
[92mINFO [0m:      Sent reply
[92mINFO [0m:      
[92mINFO [0m:      Received: train message e2ea021a-7797-4e84-bdcf-48a3f3cbc7dc
[92mINFO [0m:      Sent reply
[92mINFO [0m:      
[92mINFO [0m:      Received: evaluate message a30ef976-b20b-4f53-962e-cfaca5f752c8
[92mINFO [0m:      Sent reply
[92mINFO [0m:      
[92mINFO [0m:      Received: train message 845358cd-41b3-429a-a78c-21cce7188c14
[92mINFO [0m:      Sent reply
[92mINFO [0m:      
[92mINFO [0m:      Received: evaluate message 4a86b764-b117-483e-a85e-b6c2abb2057b
[92mINFO [0m:      Sent reply
[92mINFO [0m:      
[92mINFO [0m:      Received: train message b56e100a-4821-4ea0-9a5d-3a06148ddc1e
[92mINFO [0m:      Sent reply
[92mINFO [0m:      
[92mINFO [0m:      Received: evaluate message 5d9df7fc-5ea8-430d-8222-e2212dacc7e7
[92mINFO [0m:      Sent reply
[92mINFO [0m:      
[92mINFO [0m:      Received: train message 149c6f81-c073-4149-af19-b7ab3af54fdb
[92mINFO [0m:      Sent reply
[92mINFO [0m:      
[92mINFO [0m:      Received: evaluate message 058af635-8db4-4e4b-ad59-38be79924b8b
[92mINFO [0m:      Sent reply
[92mINFO [0m:      
[92mINFO [0m:      Received: train message 251c50eb-5e9e-4fec-a14e-9c304c660474
[92mINFO [0m:      Sent reply
[92mINFO [0m:      
[92mINFO [0m:      Received: evaluate message 980531a0-2ae2-4786-beb6-92b2c23e9b41
[92mINFO [0m:      Sent reply
[92mINFO [0m:      
[92mINFO [0m:      Received: train message ff62ca88-6156-4ff2-bf7c-66037c7d4c53
[92mINFO [0m:      Sent reply
[92mINFO [0m:      
[92mINFO [0m:      Received: evaluate message 5f9c95ce-8898-4951-9761-3b11e7ac429b
[92mINFO [0m:      Sent reply
[92mINFO [0m:      
[92mINFO [0m:      Received: train message bb06868f-1658-45bd-9853-c69aa20c3068
[92mINFO [0m:      Sent reply
[92mINFO [0m:      
[92mINFO [0m:      Received: evaluate message f0aea20c-1780-4182-88d5-5f462dfed31a
[92mINFO [0m:      Sent reply
[92mINFO [0m:      
[92mINFO [0m:      Received: evaluate message ea2abb46-50fb-47e6-ab88-2539bcd929ef
[92mINFO [0m:      Sent reply
[92mINFO [0m:      
[92mINFO [0m:      Received: evaluate message 22595623-ba5f-40b1-82b6-13e6b2bac734
[92mINFO [0m:      Sent reply
[92mINFO [0m:      
[92mINFO [0m:      Received: train message d684199c-0e34-4a9f-8d86-b8998497e8b9
[92mINFO [0m:      Sent reply
[92mINFO [0m:      
[92mINFO [0m:      Received: evaluate message f58f10fe-e7fc-4626-b36b-ce9bf782cffb
[92mINFO [0m:      Sent reply
[92mINFO [0m:      
[92mINFO [0m:      Received: train message 815434a8-6dc1-419c-8ed8-a5e6969b2be5
[92mINFO [0m:      Sent reply
[92mINFO [0m:      
[92mINFO [0m:      Received: train message 582f1ba5-3aac-4a9a-8e54-9df1f3fc6bfc
[92mINFO [0m:      Sent reply
[92mINFO [0m:      
[92mINFO [0m:      Received: evaluate message 93bb3594-1ee0-484f-a182-713110b6deb5
[92mINFO [0m:      Sent reply
[92mINFO [0m:      
[92mINFO [0m:      Received: train message 5cbbb1e0-67f3-43be-9fb7-cc65b116007a
[92mINFO [0m:      Sent reply
[92mINFO [0m:      
[92mINFO [0m:      Received: evaluate message fc598933-65a7-496f-9655-3c07d621993b
[92mINFO [0m:      Sent reply
[92mINFO [0m:      
[92mINFO [0m:      Received: train message 52f37713-cbeb-4885-ba85-6aa97c7ead0f
[92mINFO [0m:      Sent reply
[92mINFO [0m:      
[92mINFO [0m:      Received: evaluate message df4a8dae-3c4b-4fa4-9b95-9160459d8af7
[92mINFO [0m:      Sent reply
[92mINFO [0m:      
[92mINFO [0m:      Received: reconnect message 934c8cfc-2ae6-43c3-9077-4ea111aafa63
[92mINFO [0m:      Disconnect and shut down
