[93mWARNING [0m:   DEPRECATED FEATURE: flwr.client.start_client() is deprecated.
	Instead, use the `flower-supernode` CLI command to start a SuperNode as shown below:

		$ flower-supernode --insecure --superlink='<IP>:<PORT>'

	To view all available options, run:

		$ flower-supernode --help

	Using `start_client()` is deprecated.

            This is a deprecated feature. It will be removed
            entirely in future versions of Flower.
        
[92mINFO [0m:      
[92mINFO [0m:      Received: train message 22771294-a18c-4f1b-98d4-a751f20f0f4a
[92mINFO [0m:      Sent reply
[92mINFO [0m:      
[92mINFO [0m:      Received: train message b44749e7-1318-47f1-8ee9-397b8ee7bc8f
[92mINFO [0m:      Sent reply
[92mINFO [0m:      
[92mINFO [0m:      Received: evaluate message a2c21170-a864-43da-a31f-e6ae6e48ce80
[92mINFO [0m:      Sent reply
[92mINFO [0m:      
[92mINFO [0m:      Received: train message a206632c-1d3e-4467-951f-968c4a672ed5
[92mINFO [0m:      Sent reply
[92mINFO [0m:      
[92mINFO [0m:      Received: evaluate message 2d5b0641-9da8-4413-afc9-ce199869b181
[92mINFO [0m:      Sent reply
[92mINFO [0m:      
[92mINFO [0m:      Received: evaluate message adb46710-1153-4cfb-9c9a-e64d687f7674
[92mINFO [0m:      Sent reply
[92mINFO [0m:      
[92mINFO [0m:      Received: train message 20d7557f-ee07-497a-80a4-1700c00b6740
[92mINFO [0m:      Sent reply
[92mINFO [0m:      
[92mINFO [0m:      Received: train message c0d9d35f-61c7-4207-9333-20906eae7636
[92mINFO [0m:      Sent reply
[92mINFO [0m:      
[92mINFO [0m:      Received: evaluate message 897641f3-0079-4128-a73f-f4df55f188f8
[92mINFO [0m:      Sent reply
[92mINFO [0m:      
[92mINFO [0m:      Received: evaluate message c68a05bc-082d-4f34-b1f4-dd8b022ff792
[92mINFO [0m:      Sent reply
[92mINFO [0m:      
[92mINFO [0m:      Received: train message 1a5e675a-282a-40f7-8bed-07beda4b4842
[92mINFO [0m:      Sent reply
[92mINFO [0m:      
[92mINFO [0m:      Received: evaluate message 50a9277b-7e4d-4bca-9bd8-19c95d4c9625
[92mINFO [0m:      Sent reply
[92mINFO [0m:      
[92mINFO [0m:      Received: train message c0c21216-4a09-4c73-871f-74be02780983
[92mINFO [0m:      Sent reply
[92mINFO [0m:      
[92mINFO [0m:      Received: train message cfc64618-4273-49df-8d8c-8e3fabafaa5b
[92mINFO [0m:      Sent reply
[92mINFO [0m:      
[92mINFO [0m:      Received: evaluate message 984cb173-f080-4788-8020-429d84687d6d
[92mINFO [0m:      Sent reply
[92mINFO [0m:      
[92mINFO [0m:      Received: train message 6aec21b1-7844-46cf-ae91-e629f90cef7a
[92mINFO [0m:      Sent reply
[92mINFO [0m:      
[92mINFO [0m:      Received: train message 58ac5ce0-f66b-4e7e-a76b-87a95a609323
[92mINFO [0m:      Sent reply
[92mINFO [0m:      
[92mINFO [0m:      Received: train message ac440587-dde8-490c-af10-f3d6e181ecc1
[92mINFO [0m:      Sent reply
[92mINFO [0m:      
[92mINFO [0m:      Received: evaluate message 3995cf71-88c1-415c-8b8a-fbcd12bff5aa
[92mINFO [0m:      Sent reply
[92mINFO [0m:      
[92mINFO [0m:      Received: train message 3d9e7935-e8ea-4d7a-8cf6-daede6e82cb3
[92mINFO [0m:      Sent reply
[92mINFO [0m:      
[92mINFO [0m:      Received: train message ea1454c7-05f6-4580-9d03-1c75f23d69dd
[92mINFO [0m:      Sent reply
[92mINFO [0m:      
[92mINFO [0m:      Received: evaluate message 44e6eacd-5deb-41ce-b574-c0904bb8ef4b
[92mINFO [0m:      Sent reply
[92mINFO [0m:      
[92mINFO [0m:      Received: train message fc1fdc11-37db-47e3-be87-b90042ef0548
[92mINFO [0m:      Sent reply
[92mINFO [0m:      
[92mINFO [0m:      Received: train message 0e7f4199-a2ab-4122-a384-2d0f25f1dd31
[92mINFO [0m:      Sent reply
[92mINFO [0m:      
[92mINFO [0m:      Received: train message 604014ca-4ed8-40dc-8bdd-648b6a1b92f5
[92mINFO [0m:      Sent reply
[92mINFO [0m:      
[92mINFO [0m:      Received: train message 2c103232-123a-4fea-b9fc-e4a025f7c71f
[92mINFO [0m:      Sent reply
[92mINFO [0m:      
[92mINFO [0m:      Received: evaluate message 95f6611e-d318-4986-bd2e-0ca28b41987b
[92mINFO [0m:      Sent reply
[92mINFO [0m:      
[92mINFO [0m:      Received: train message bab8eccc-9e23-4d76-ba9a-65c4b89efb8f
[92mINFO [0m:      Sent reply
[92mINFO [0m:      
[92mINFO [0m:      Received: evaluate message 8c633434-b94f-459a-bb17-211f1af3a248
[92mINFO [0m:      Sent reply
[92mINFO [0m:      
[92mINFO [0m:      Received: train message 65d6309e-11fb-49d1-a749-d79f705439eb
[92mINFO [0m:      Sent reply
[92mINFO [0m:      
[92mINFO [0m:      Received: evaluate message a1bec41a-d868-4c6f-a890-1f5a9e3a8230
[92mINFO [0m:      Sent reply
[92mINFO [0m:      
[92mINFO [0m:      Received: train message 69889450-b27a-4f2a-94c8-a2ba9cac0e99
[92mINFO [0m:      Sent reply
[92mINFO [0m:      
[92mINFO [0m:      Received: reconnect message afb4a6bb-09ab-4e84-bea6-df6f651fab6d
[92mINFO [0m:      Disconnect and shut down
