[93mWARNING [0m:   DEPRECATED FEATURE: flwr.client.start_client() is deprecated.
	Instead, use the `flower-supernode` CLI command to start a SuperNode as shown below:

		$ flower-supernode --insecure --superlink='<IP>:<PORT>'

	To view all available options, run:

		$ flower-supernode --help

	Using `start_client()` is deprecated.

            This is a deprecated feature. It will be removed
            entirely in future versions of Flower.
        
[92mINFO [0m:      
[92mINFO [0m:      Received: train message 6ed5b422-2ebf-468a-b886-061ce1b0c868
[92mINFO [0m:      Sent reply
[92mINFO [0m:      
[92mINFO [0m:      Received: evaluate message 4dd70695-2176-4566-bc28-7473cb0444ee
[92mINFO [0m:      Sent reply
[92mINFO [0m:      
[92mINFO [0m:      Received: train message 12b470d2-1f04-4a65-b6ce-021b558bc7a4
[92mINFO [0m:      Sent reply
[92mINFO [0m:      
[92mINFO [0m:      Received: train message 32f658a7-c63a-40d4-9622-46a47c69b936
[92mINFO [0m:      Sent reply
[92mINFO [0m:      
[92mINFO [0m:      Received: evaluate message 2b08c8e8-d089-4037-b9c8-f92fb2a33bf8
[92mINFO [0m:      Sent reply
[92mINFO [0m:      
[92mINFO [0m:      Received: train message a7ad04e5-b43b-4919-94d1-63ffe0cdd70b
[92mINFO [0m:      Sent reply
[92mINFO [0m:      
[92mINFO [0m:      Received: train message a02e7690-5f9c-4ca6-9980-e652ad3e6734
[92mINFO [0m:      Sent reply
[92mINFO [0m:      
[92mINFO [0m:      Received: evaluate message 6980c2f8-5803-4b6e-9816-6e287b6fdf35
[92mINFO [0m:      Sent reply
[92mINFO [0m:      
[92mINFO [0m:      Received: train message 5a524ba8-781c-4c58-88cb-4711d398ffba
[92mINFO [0m:      Sent reply
[92mINFO [0m:      
[92mINFO [0m:      Received: evaluate message c19ca5fb-2024-47f2-b024-4f94c6467d16
[92mINFO [0m:      Sent reply
[92mINFO [0m:      
[92mINFO [0m:      Received: train message bd5100d1-383b-43f1-8e7b-420bf3072620
[92mINFO [0m:      Sent reply
[92mINFO [0m:      
[92mINFO [0m:      Received: evaluate message a089686b-4bfa-4993-9bc1-1a3d0812264e
[92mINFO [0m:      Sent reply
[92mINFO [0m:      
[92mINFO [0m:      Received: evaluate message f8895529-4802-4fb9-8267-3365cf1a62bc
[92mINFO [0m:      Sent reply
[92mINFO [0m:      
[92mINFO [0m:      Received: train message 98ab8610-4079-49fa-81a8-83fd313f6ac8
[92mINFO [0m:      Sent reply
[92mINFO [0m:      
[92mINFO [0m:      Received: evaluate message de4f2b12-690d-45f3-8ba3-f47bcfc34e15
[92mINFO [0m:      Sent reply
[92mINFO [0m:      
[92mINFO [0m:      Received: evaluate message 8331d462-8095-4592-a147-29de29d48477
[92mINFO [0m:      Sent reply
[92mINFO [0m:      
[92mINFO [0m:      Received: evaluate message 31ff96e4-562b-4903-abcc-66994a4bc7cf
[92mINFO [0m:      Sent reply
[92mINFO [0m:      
[92mINFO [0m:      Received: train message 90035d05-9312-410a-bba8-cf0286a6c688
[92mINFO [0m:      Sent reply
[92mINFO [0m:      
[92mINFO [0m:      Received: train message d0a95b57-c24f-4ba2-aeda-d72b1f576e4a
[92mINFO [0m:      Sent reply
[92mINFO [0m:      
[92mINFO [0m:      Received: evaluate message 506163b5-979a-4859-b033-57132f8d9b25
[92mINFO [0m:      Sent reply
[92mINFO [0m:      
[92mINFO [0m:      Received: train message 9c78debe-5635-42c9-8960-21e0b854d7d5
[92mINFO [0m:      Sent reply
[92mINFO [0m:      
[92mINFO [0m:      Received: evaluate message cd1c6f25-bc96-47ed-a0ba-2436b7cb6542
[92mINFO [0m:      Sent reply
[92mINFO [0m:      
[92mINFO [0m:      Received: train message f65c5f2a-9d28-4ae5-8082-30f0843fa018
[92mINFO [0m:      Sent reply
[92mINFO [0m:      
[92mINFO [0m:      Received: train message cc1e34da-1ad2-47fd-9140-f036b1c3462b
[92mINFO [0m:      Sent reply
[92mINFO [0m:      
[92mINFO [0m:      Received: evaluate message d85aa1dd-9663-411a-bc80-1a6baa408ba9
[92mINFO [0m:      Sent reply
[92mINFO [0m:      
[92mINFO [0m:      Received: train message 1c32655e-088e-4eec-8aa8-eff5c29f61b8
[92mINFO [0m:      Sent reply
[92mINFO [0m:      
[92mINFO [0m:      Received: train message d82a3e88-8f7a-40ad-8560-f73acd69b3a8
[92mINFO [0m:      Sent reply
[92mINFO [0m:      
[92mINFO [0m:      Received: evaluate message 967e9754-8757-4cc9-94b9-7a2688bbceb8
[92mINFO [0m:      Sent reply
[92mINFO [0m:      
[92mINFO [0m:      Received: train message 6499dd75-d56a-466e-93a0-82406b644707
[92mINFO [0m:      Sent reply
[92mINFO [0m:      
[92mINFO [0m:      Received: evaluate message dcfa545b-08ac-4889-bccb-694aab73d495
[92mINFO [0m:      Sent reply
[92mINFO [0m:      
[92mINFO [0m:      Received: train message 7e88bf3f-01ce-4b64-96ef-daee30e3753f
[92mINFO [0m:      Sent reply
[92mINFO [0m:      
[92mINFO [0m:      Received: train message b3c83013-57d7-4a0b-b6ab-9f63d3b9b84e
[92mINFO [0m:      Sent reply
[92mINFO [0m:      
[92mINFO [0m:      Received: evaluate message cbfbc0b2-be72-4426-ab57-4671f7ee9fde
[92mINFO [0m:      Sent reply
[92mINFO [0m:      
[92mINFO [0m:      Received: train message 59240770-9bf7-41b1-91cc-1b38c06f5ad3
[92mINFO [0m:      Sent reply
[92mINFO [0m:      
[92mINFO [0m:      Received: train message 92eb3d43-48a1-42bd-8ccf-a4e2de44dcda
[92mINFO [0m:      Sent reply
[92mINFO [0m:      
[92mINFO [0m:      Received: evaluate message 91c5521c-9a0e-4e02-80fd-5d47f2169d44
[92mINFO [0m:      Sent reply
[92mINFO [0m:      
[92mINFO [0m:      Received: evaluate message d48657f0-8373-4d7e-827a-9ca9fe5add31
[92mINFO [0m:      Sent reply
[92mINFO [0m:      
[92mINFO [0m:      Received: train message 0921a313-91d2-424b-b413-fa177ab05c48
[92mINFO [0m:      Sent reply
[92mINFO [0m:      
[92mINFO [0m:      Received: evaluate message f895358c-a4d3-493c-87b5-e0dc6cb487c8
[92mINFO [0m:      Sent reply
[92mINFO [0m:      
[92mINFO [0m:      Received: evaluate message a2fa65eb-96a1-4951-97b1-d034d52fed1b
[92mINFO [0m:      Sent reply
[92mINFO [0m:      
[92mINFO [0m:      Received: train message e0812557-53e4-4e20-934f-e0c67392a23d
[92mINFO [0m:      Sent reply
[92mINFO [0m:      
[92mINFO [0m:      Received: evaluate message 9ce1b7ff-6988-4716-97d9-8c3517eba5df
[92mINFO [0m:      Sent reply
[92mINFO [0m:      
[92mINFO [0m:      Received: evaluate message d81a68d7-6d51-4d84-8ddf-7ad4771f0b07
[92mINFO [0m:      Sent reply
[92mINFO [0m:      
[92mINFO [0m:      Received: train message 284caa94-3f11-45d1-84c7-151646f51ed0
[92mINFO [0m:      Sent reply
[92mINFO [0m:      
[92mINFO [0m:      Received: train message cfbe7d86-3fcb-4b34-a175-43cb2a6a7234
[92mINFO [0m:      Sent reply
[92mINFO [0m:      
[92mINFO [0m:      Received: evaluate message 5935f847-710e-448f-8e23-3dacfba88438
[92mINFO [0m:      Sent reply
[92mINFO [0m:      
[92mINFO [0m:      Received: train message e7738f19-1c44-4dde-98f8-33dc5f9d1843
[92mINFO [0m:      Sent reply
[92mINFO [0m:      
[92mINFO [0m:      Received: evaluate message eb66ec1f-bf63-4b10-8f83-760c83235188
[92mINFO [0m:      Sent reply
[92mINFO [0m:      
[92mINFO [0m:      Received: train message dac32c22-c066-48c4-8b47-f6a7e43ddcd9
[92mINFO [0m:      Sent reply
[92mINFO [0m:      
[92mINFO [0m:      Received: train message 56758aa3-f399-4542-83dc-d238639c2191
[92mINFO [0m:      Sent reply
[92mINFO [0m:      
[92mINFO [0m:      Received: evaluate message 3919d8d0-754c-4dbd-9596-bc547f178833
[92mINFO [0m:      Sent reply
[92mINFO [0m:      
[92mINFO [0m:      Received: evaluate message 75b931e4-aa0f-4cf3-8a2c-bd9cd577183b
[92mINFO [0m:      Sent reply
[92mINFO [0m:      
[92mINFO [0m:      Received: train message 83318b87-0bf4-463d-8872-7d4aab9d0622
[92mINFO [0m:      Sent reply
[92mINFO [0m:      
[92mINFO [0m:      Received: evaluate message 1911b285-eb29-4a5d-8291-b36c7b03d278
[92mINFO [0m:      Sent reply
[92mINFO [0m:      
[92mINFO [0m:      Received: train message bd20a5ed-4d4b-4358-9416-2af5f0a200d8
[92mINFO [0m:      Sent reply
[92mINFO [0m:      
[92mINFO [0m:      Received: evaluate message 5420cf6e-83c4-44dd-be42-334f89860c15
[92mINFO [0m:      Sent reply
[92mINFO [0m:      
[92mINFO [0m:      Received: evaluate message e12cf6d1-0c62-4ab6-a60a-1d261b5b6a7a
[92mINFO [0m:      Sent reply
[92mINFO [0m:      
[92mINFO [0m:      Received: train message bf699a7d-27b0-4707-859d-62477c6bce60
[92mINFO [0m:      Sent reply
[92mINFO [0m:      
[92mINFO [0m:      Received: evaluate message a56b93e9-770b-4624-a482-4e6e0ea95073
[92mINFO [0m:      Sent reply
[92mINFO [0m:      
[92mINFO [0m:      Received: train message 33202387-79fd-4a47-b340-f214e783c124
[92mINFO [0m:      Sent reply
[92mINFO [0m:      
[92mINFO [0m:      Received: train message d8ea466f-e07c-43f8-91c3-975182b5ce79
[92mINFO [0m:      Sent reply
[92mINFO [0m:      
[92mINFO [0m:      Received: evaluate message 33a84a9d-9308-458a-8daa-0546473ba57e
[92mINFO [0m:      Sent reply
[92mINFO [0m:      
[92mINFO [0m:      Received: train message f0208832-fde3-4de9-8d35-770d69eca741
[92mINFO [0m:      Sent reply
[92mINFO [0m:      
[92mINFO [0m:      Received: train message 4180ced4-1af3-4ec5-81f3-42f8bacec7de
[92mINFO [0m:      Sent reply
[92mINFO [0m:      
[92mINFO [0m:      Received: evaluate message 3df7a792-cb3e-4124-8ae2-9f535552246c
[92mINFO [0m:      Sent reply
[92mINFO [0m:      
[92mINFO [0m:      Received: train message 501fe270-ad5d-4225-851c-759e98b2688e
[92mINFO [0m:      Sent reply
[92mINFO [0m:      
[92mINFO [0m:      Received: train message f49e3ecd-e245-47ba-90b1-e78ae97089ae
[92mINFO [0m:      Sent reply
[92mINFO [0m:      
[92mINFO [0m:      Received: train message 1722f63b-b96f-4bad-b665-dadb005f2715
[92mINFO [0m:      Sent reply
[92mINFO [0m:      
[92mINFO [0m:      Received: evaluate message b2fa74b3-c683-4613-9d3f-0db1d1d03a7a
[92mINFO [0m:      Sent reply
[92mINFO [0m:      
[92mINFO [0m:      Received: evaluate message 0acc0966-32d6-4e6f-87f4-07abc60104a1
[92mINFO [0m:      Sent reply
[92mINFO [0m:      
[92mINFO [0m:      Received: train message 044ba29a-c68c-4ba8-80bf-d3061b02b82f
[92mINFO [0m:      Sent reply
[92mINFO [0m:      
[92mINFO [0m:      Received: evaluate message 3197dfd9-b3c1-4484-a607-d591f3266889
[92mINFO [0m:      Sent reply
[92mINFO [0m:      
[92mINFO [0m:      Received: train message 568c96c0-67aa-4237-abc2-26b995025a78
[92mINFO [0m:      Sent reply
[92mINFO [0m:      
[92mINFO [0m:      Received: evaluate message 05993a83-e4b8-4350-8fb9-6881e7d31bf4
[92mINFO [0m:      Sent reply
[92mINFO [0m:      
[92mINFO [0m:      Received: train message 22ebc5f4-0460-48d0-82f7-6ea90c40644b
[92mINFO [0m:      Sent reply
[92mINFO [0m:      
[92mINFO [0m:      Received: evaluate message a1d3d442-3cc2-46b7-b7c7-1d5569889b82
[92mINFO [0m:      Sent reply
[92mINFO [0m:      
[92mINFO [0m:      Received: train message 043bbf88-e033-43e5-ab46-852baea450f7
[92mINFO [0m:      Sent reply
[92mINFO [0m:      
[92mINFO [0m:      Received: evaluate message faf5f950-0165-4d55-b736-12d14c097211
[92mINFO [0m:      Sent reply
[92mINFO [0m:      
[92mINFO [0m:      Received: train message 98be6de3-601b-428d-8bec-002e103b455c
[92mINFO [0m:      Sent reply
[92mINFO [0m:      
[92mINFO [0m:      Received: evaluate message a75e08bc-49a0-4cb6-abde-7971f2c9ac05
[92mINFO [0m:      Sent reply
[92mINFO [0m:      
[92mINFO [0m:      Received: train message 4c921dc5-5f83-4d7a-affb-0e8ae9ebc3e8
[92mINFO [0m:      Sent reply
[92mINFO [0m:      
[92mINFO [0m:      Received: train message de5d021e-375e-4ade-99c7-543d220317ae
[92mINFO [0m:      Sent reply
[92mINFO [0m:      
[92mINFO [0m:      Received: evaluate message 2aa10924-6d59-4cef-b9be-f591bd6653cc
[92mINFO [0m:      Sent reply
[92mINFO [0m:      
[92mINFO [0m:      Received: train message 8779f4f7-7bde-43fd-921f-195409b3da2e
[92mINFO [0m:      Sent reply
[92mINFO [0m:      
[92mINFO [0m:      Received: evaluate message 4cf24898-6936-443d-b543-6a0a518b2ab8
[92mINFO [0m:      Sent reply
[92mINFO [0m:      
[92mINFO [0m:      Received: train message a2e39d14-11f1-495a-83af-17d4d469c39b
[92mINFO [0m:      Sent reply
[92mINFO [0m:      
[92mINFO [0m:      Received: evaluate message ac963576-6e06-4255-9dd4-f4335e78f7c2
[92mINFO [0m:      Sent reply
[92mINFO [0m:      
[92mINFO [0m:      Received: train message f943e806-07fe-4136-b680-453cd1458842
[92mINFO [0m:      Sent reply
[92mINFO [0m:      
[92mINFO [0m:      Received: evaluate message 387ccac0-f04e-45f1-8f66-eade33187ea4
[92mINFO [0m:      Sent reply
[92mINFO [0m:      
[92mINFO [0m:      Received: evaluate message 52cba523-3e89-43d3-8aa5-7a77297fd859
[92mINFO [0m:      Sent reply
[92mINFO [0m:      
[92mINFO [0m:      Received: train message 1a32783b-b8ad-488e-ba5c-1bd61c8a1f69
[92mINFO [0m:      Sent reply
[92mINFO [0m:      
[92mINFO [0m:      Received: train message 431e6553-eb6d-4dcc-a993-d5274f357bc0
[92mINFO [0m:      Sent reply
[92mINFO [0m:      
[92mINFO [0m:      Received: evaluate message 1d87a416-c34e-4abe-9d72-19266b7af63d
[92mINFO [0m:      Sent reply
[92mINFO [0m:      
[92mINFO [0m:      Received: train message 2c19cda9-9a81-40e1-8d03-6c3fb56f7ca1
[92mINFO [0m:      Sent reply
[92mINFO [0m:      
[92mINFO [0m:      Received: evaluate message 9f5537f9-a9dd-4cf7-a105-0b7941f0b33b
[92mINFO [0m:      Sent reply
[92mINFO [0m:      
[92mINFO [0m:      Received: train message 8ef0d369-2721-43a9-9a1c-2dbfe7c753a4
[92mINFO [0m:      Sent reply
[92mINFO [0m:      
[92mINFO [0m:      Received: train message 4e8f3777-0d73-4585-977d-f303a63dadb5
[92mINFO [0m:      Sent reply
[92mINFO [0m:      
[92mINFO [0m:      Received: evaluate message 9c0ef3ca-8de7-4bd8-81d2-bb7374929237
[92mINFO [0m:      Sent reply
[92mINFO [0m:      
[92mINFO [0m:      Received: train message 95221632-2e25-41b4-bc9c-b1b6b7665a6c
[92mINFO [0m:      Sent reply
[92mINFO [0m:      
[92mINFO [0m:      Received: evaluate message 38511dd2-6afe-4368-87c3-f3a06757ba72
[92mINFO [0m:      Sent reply
[92mINFO [0m:      
[92mINFO [0m:      Received: train message 1f44d213-514b-4dbb-8965-92fbf5046f00
[92mINFO [0m:      Sent reply
[92mINFO [0m:      
[92mINFO [0m:      Received: train message ba2ae285-e5a3-46f2-888c-30c3de8f6065
[92mINFO [0m:      Sent reply
[92mINFO [0m:      
[92mINFO [0m:      Received: evaluate message e8b4fe78-e668-46c6-bbea-e0cff5ca641f
[92mINFO [0m:      Sent reply
[92mINFO [0m:      
[92mINFO [0m:      Received: train message 75569593-f089-462d-ab44-5de99ec49499
[92mINFO [0m:      Sent reply
[92mINFO [0m:      
[92mINFO [0m:      Received: train message cc44ab34-c4b6-47d9-bd99-870ddc702eb1
[92mINFO [0m:      Sent reply
[92mINFO [0m:      
[92mINFO [0m:      Received: train message ea1f17e9-06e6-42d2-a3c7-5bb8ecc169d5
[92mINFO [0m:      Sent reply
[92mINFO [0m:      
[92mINFO [0m:      Received: evaluate message 1b7b3a79-4ee4-4c81-8c9a-65030c82efce
[92mINFO [0m:      Sent reply
[92mINFO [0m:      
[92mINFO [0m:      Received: train message 5d3bfc33-2efd-4ad5-90a2-5be4d151aa97
[92mINFO [0m:      Sent reply
[92mINFO [0m:      
[92mINFO [0m:      Received: reconnect message 95df54d1-2fd4-4990-bc08-96281ae53db7
[92mINFO [0m:      Disconnect and shut down
