[93mWARNING [0m:   DEPRECATED FEATURE: flwr.client.start_client() is deprecated.
	Instead, use the `flower-supernode` CLI command to start a SuperNode as shown below:

		$ flower-supernode --insecure --superlink='<IP>:<PORT>'

	To view all available options, run:

		$ flower-supernode --help

	Using `start_client()` is deprecated.

            This is a deprecated feature. It will be removed
            entirely in future versions of Flower.
        
[92mINFO [0m:      
[92mINFO [0m:      Received: train message 25202304-602b-4af6-b204-878d64efb8a4
[92mINFO [0m:      Sent reply
[92mINFO [0m:      
[92mINFO [0m:      Received: evaluate message d2868d0e-600d-4074-a658-a43f373f379b
[92mINFO [0m:      Sent reply
[92mINFO [0m:      
[92mINFO [0m:      Received: evaluate message 04121376-f204-42ad-86fe-97f0bae4e850
[92mINFO [0m:      Sent reply
[92mINFO [0m:      
[92mINFO [0m:      Received: evaluate message 71c34e07-f697-411f-afe5-832f2446e90d
[92mINFO [0m:      Sent reply
[92mINFO [0m:      
[92mINFO [0m:      Received: train message 0706c93a-e180-40f3-8594-112d1085dc3b
[92mINFO [0m:      Sent reply
[92mINFO [0m:      
[92mINFO [0m:      Received: train message 4ea1a5a3-0099-40c5-95cf-82532612daf5
[92mINFO [0m:      Sent reply
[92mINFO [0m:      
[92mINFO [0m:      Received: evaluate message 30a63579-88f2-4572-9b1a-b883fc98ad2d
[92mINFO [0m:      Sent reply
[92mINFO [0m:      
[92mINFO [0m:      Received: train message 12ca24d5-4980-4e0a-878f-f1bc20d69217
[92mINFO [0m:      Sent reply
[92mINFO [0m:      
[92mINFO [0m:      Received: train message 165e365a-85cc-4959-8ea5-bb334cd261ea
[92mINFO [0m:      Sent reply
[92mINFO [0m:      
[92mINFO [0m:      Received: train message fbb8e970-024e-458c-b4cb-01b5d9de19e2
[92mINFO [0m:      Sent reply
[92mINFO [0m:      
[92mINFO [0m:      Received: train message 06ad443a-976f-4cc2-be5d-8f4c6588c019
[92mINFO [0m:      Sent reply
[92mINFO [0m:      
[92mINFO [0m:      Received: evaluate message 1713518b-d126-4d18-950f-689765d84d26
[92mINFO [0m:      Sent reply
[92mINFO [0m:      
[92mINFO [0m:      Received: evaluate message b371f919-af32-43bc-a522-f9630e733943
[92mINFO [0m:      Sent reply
[92mINFO [0m:      
[92mINFO [0m:      Received: train message 0820cd10-4414-45eb-98ba-69bca9544c76
[92mINFO [0m:      Sent reply
[92mINFO [0m:      
[92mINFO [0m:      Received: evaluate message 9f11be0c-aa55-466f-83d0-9ce4f0f0032d
[92mINFO [0m:      Sent reply
[92mINFO [0m:      
[92mINFO [0m:      Received: train message 65716d5a-b79b-42f2-9729-c99f2b123d96
[92mINFO [0m:      Sent reply
[92mINFO [0m:      
[92mINFO [0m:      Received: evaluate message 4242411d-582b-4f92-84ea-116f788809da
[92mINFO [0m:      Sent reply
[92mINFO [0m:      
[92mINFO [0m:      Received: evaluate message 11bd48a9-5c41-488b-abe3-7c2cd00a17f8
[92mINFO [0m:      Sent reply
[92mINFO [0m:      
[92mINFO [0m:      Received: evaluate message 0df75ec0-589a-4a33-9c56-bd9b3f056306
[92mINFO [0m:      Sent reply
[92mINFO [0m:      
[92mINFO [0m:      Received: train message 937d6c08-1723-45d8-91dd-2d0f63e35238
[92mINFO [0m:      Sent reply
[92mINFO [0m:      
[92mINFO [0m:      Received: train message 41e50265-5e23-4c60-99f4-8ddf2684c5db
[92mINFO [0m:      Sent reply
[92mINFO [0m:      
[92mINFO [0m:      Received: train message db2c3e57-6d7a-481f-b41c-3fde721967f6
[92mINFO [0m:      Sent reply
[92mINFO [0m:      
[92mINFO [0m:      Received: evaluate message b1a5df8f-d0fe-4248-9d05-4b8749c19912
[92mINFO [0m:      Sent reply
[92mINFO [0m:      
[92mINFO [0m:      Received: train message a2847a66-c8c3-4389-95bf-3e31d1209dad
[92mINFO [0m:      Sent reply
[92mINFO [0m:      
[92mINFO [0m:      Received: evaluate message ec07f06e-9a0d-415b-b826-155d35835461
[92mINFO [0m:      Sent reply
[92mINFO [0m:      
[92mINFO [0m:      Received: train message b5995a44-cd96-4b1e-8a84-51df626ab37f
[92mINFO [0m:      Sent reply
[92mINFO [0m:      
[92mINFO [0m:      Received: evaluate message ca1128e9-9b6b-40cb-bf44-bb9a17393afe
[92mINFO [0m:      Sent reply
[92mINFO [0m:      
[92mINFO [0m:      Received: evaluate message 8d88b54e-3996-4776-a62d-82024780fa58
[92mINFO [0m:      Sent reply
[92mINFO [0m:      
[92mINFO [0m:      Received: evaluate message 9cbe00da-4c01-4fd2-a665-a42924aa2d00
[92mINFO [0m:      Sent reply
[92mINFO [0m:      
[92mINFO [0m:      Received: train message 25c5649b-1e71-49fd-a6cd-373d9a73bf7c
[92mINFO [0m:      Sent reply
[92mINFO [0m:      
[92mINFO [0m:      Received: evaluate message 8e3d14b3-bf14-4fb5-aecb-0991b4182613
[92mINFO [0m:      Sent reply
[92mINFO [0m:      
[92mINFO [0m:      Received: train message d7458c12-a132-4595-ba54-4560713b7e49
[92mINFO [0m:      Sent reply
[92mINFO [0m:      
[92mINFO [0m:      Received: evaluate message 50e44e9d-bf88-43d9-a5e5-26cdd32e7e7c
[92mINFO [0m:      Sent reply
[92mINFO [0m:      
[92mINFO [0m:      Received: evaluate message 4114012b-6557-4d56-b543-d15493298726
[92mINFO [0m:      Sent reply
[92mINFO [0m:      
[92mINFO [0m:      Received: train message a13a829c-9a76-4e57-97cc-38767a4a60b4
[92mINFO [0m:      Sent reply
[92mINFO [0m:      
[92mINFO [0m:      Received: evaluate message 943c4a13-fdb6-4eba-8e8b-18570a2baa1d
[92mINFO [0m:      Sent reply
[92mINFO [0m:      
[92mINFO [0m:      Received: train message 59d4cbe2-d5de-4e3d-a325-b4f0379e314e
[92mINFO [0m:      Sent reply
[92mINFO [0m:      
[92mINFO [0m:      Received: train message 7acfb445-4dfb-40b9-a582-df1d22da32c1
[92mINFO [0m:      Sent reply
[92mINFO [0m:      
[92mINFO [0m:      Received: train message 50003931-af20-4537-9272-ea06275b37c3
[92mINFO [0m:      Sent reply
[92mINFO [0m:      
[92mINFO [0m:      Received: evaluate message 70650436-6bd6-4211-aa34-75b7e2e1f635
[92mINFO [0m:      Sent reply
[92mINFO [0m:      
[92mINFO [0m:      Received: train message 5c4a7dd5-5e87-4e02-b5c5-25ee485cc7d7
[92mINFO [0m:      Sent reply
[92mINFO [0m:      
[92mINFO [0m:      Received: train message 6bf38773-8881-429d-a4bb-658c75a1442e
[92mINFO [0m:      Sent reply
[92mINFO [0m:      
[92mINFO [0m:      Received: evaluate message 07a9cc2f-047e-4d70-8c32-b952fc8da9d6
[92mINFO [0m:      Sent reply
[92mINFO [0m:      
[92mINFO [0m:      Received: evaluate message 24c070ab-3c68-4382-a3d2-996bda34ed22
[92mINFO [0m:      Sent reply
[92mINFO [0m:      
[92mINFO [0m:      Received: train message cef9825c-6910-44b0-8352-80f7ff7ed79f
[92mINFO [0m:      Sent reply
[92mINFO [0m:      
[92mINFO [0m:      Received: evaluate message d608ae0e-2caf-450e-a90e-1af67aaf9b0f
[92mINFO [0m:      Sent reply
[92mINFO [0m:      
[92mINFO [0m:      Received: evaluate message 89e8f860-2f06-416a-b8f6-4ebdbdea372c
[92mINFO [0m:      Sent reply
[92mINFO [0m:      
[92mINFO [0m:      Received: evaluate message 6e2eee2b-d9d1-41ef-b0a0-9d439083f4c9
[92mINFO [0m:      Sent reply
[92mINFO [0m:      
[92mINFO [0m:      Received: train message 5fcd6066-2cb3-447b-bffe-8885e0c1e01a
[92mINFO [0m:      Sent reply
[92mINFO [0m:      
[92mINFO [0m:      Received: train message d6618c74-6fcb-444f-afb9-7b2a333ce80f
[92mINFO [0m:      Sent reply
[92mINFO [0m:      
[92mINFO [0m:      Received: evaluate message 5cff45f6-0968-409f-a22c-9483413cb561
[92mINFO [0m:      Sent reply
[92mINFO [0m:      
[92mINFO [0m:      Received: evaluate message 7d49d292-e242-4d87-a3b9-244479c97f8e
[92mINFO [0m:      Sent reply
[92mINFO [0m:      
[92mINFO [0m:      Received: train message 4d0bfe4a-eb07-4f6b-9c44-ef63c2dfff9a
[92mINFO [0m:      Sent reply
[92mINFO [0m:      
[92mINFO [0m:      Received: evaluate message a701c69f-c867-464f-9593-6a10bb5481f8
[92mINFO [0m:      Sent reply
[92mINFO [0m:      
[92mINFO [0m:      Received: train message a6566c24-c6e6-4f77-b1b6-b1feeb99ba6a
[92mINFO [0m:      Sent reply
[92mINFO [0m:      
[92mINFO [0m:      Received: train message c8655851-74f9-4ba5-ba26-35418e36db02
[92mINFO [0m:      Sent reply
[92mINFO [0m:      
[92mINFO [0m:      Received: evaluate message 44c06d9d-421e-4f38-a696-5da7a1c9fa24
[92mINFO [0m:      Sent reply
[92mINFO [0m:      
[92mINFO [0m:      Received: train message aa0ab8b8-4c7a-4f69-966b-639bc15fd9b2
[92mINFO [0m:      Sent reply
[92mINFO [0m:      
[92mINFO [0m:      Received: evaluate message 97ec712e-3209-44c3-9cf4-38d28dd14de9
[92mINFO [0m:      Sent reply
[92mINFO [0m:      
[92mINFO [0m:      Received: train message 8d0fb33b-c0ed-4863-8211-94c1ec8362dc
[92mINFO [0m:      Sent reply
[92mINFO [0m:      
[92mINFO [0m:      Received: evaluate message 54db227e-0819-4434-90d9-1e9b74022ed5
[92mINFO [0m:      Sent reply
[92mINFO [0m:      
[92mINFO [0m:      Received: evaluate message 5d1a5813-a9c9-4559-9b65-ab9f555f683c
[92mINFO [0m:      Sent reply
[92mINFO [0m:      
[92mINFO [0m:      Received: train message 6cb39faa-9f3d-4bfb-bede-84e97ab48036
[92mINFO [0m:      Sent reply
[92mINFO [0m:      
[92mINFO [0m:      Received: evaluate message d5c0b746-cbb0-46d5-b2d8-f9aee9676729
[92mINFO [0m:      Sent reply
[92mINFO [0m:      
[92mINFO [0m:      Received: evaluate message 36dc6738-4fe1-455f-9db7-2a004f41d36c
[92mINFO [0m:      Sent reply
[92mINFO [0m:      
[92mINFO [0m:      Received: evaluate message b2a8e1be-1f59-4e8a-bbff-1cbbfde1e425
[92mINFO [0m:      Sent reply
[92mINFO [0m:      
[92mINFO [0m:      Received: evaluate message 591dc98b-d4e1-4ef2-a01b-927ec067c6cd
[92mINFO [0m:      Sent reply
[92mINFO [0m:      
[92mINFO [0m:      Received: train message 18a867b3-6e97-49af-9f31-08a5b9d681ec
[92mINFO [0m:      Sent reply
[92mINFO [0m:      
[92mINFO [0m:      Received: evaluate message ea82daa4-1660-407b-9524-77877756b926
[92mINFO [0m:      Sent reply
[92mINFO [0m:      
[92mINFO [0m:      Received: evaluate message 89524737-4abe-4717-b35e-7659d9e4d9e6
[92mINFO [0m:      Sent reply
[92mINFO [0m:      
[92mINFO [0m:      Received: train message d941b4b1-51fd-4f5d-aefb-5f0d8e2f4427
[92mINFO [0m:      Sent reply
[92mINFO [0m:      
[92mINFO [0m:      Received: evaluate message b701bb05-b40e-44f9-bd78-bb0c75bc6609
[92mINFO [0m:      Sent reply
[92mINFO [0m:      
[92mINFO [0m:      Received: evaluate message 4dbac8b2-5a75-49ef-9130-8f9cf3a38f81
[92mINFO [0m:      Sent reply
[92mINFO [0m:      
[92mINFO [0m:      Received: evaluate message bca744f1-3297-4cd6-9a6d-29f10bb7578e
[92mINFO [0m:      Sent reply
[92mINFO [0m:      
[92mINFO [0m:      Received: train message b7db7b6a-0856-49c1-86c2-1611e900fec9
[92mINFO [0m:      Sent reply
[92mINFO [0m:      
[92mINFO [0m:      Received: evaluate message 2c11b845-46d5-4d1a-bde5-cb7bfa9fb0e0
[92mINFO [0m:      Sent reply
[92mINFO [0m:      
[92mINFO [0m:      Received: evaluate message c5f8770f-c2f6-4973-a733-8733f14d21e4
[92mINFO [0m:      Sent reply
[92mINFO [0m:      
[92mINFO [0m:      Received: train message d111cc33-8230-4780-a534-efda121e7005
[92mINFO [0m:      Sent reply
[92mINFO [0m:      
[92mINFO [0m:      Received: train message 34d46b04-bd0c-4800-b9ed-2ecbdbc2d69b
[92mINFO [0m:      Sent reply
[92mINFO [0m:      
[92mINFO [0m:      Received: train message 1b448bdf-27d8-4c4c-96b1-730665b892e6
[92mINFO [0m:      Sent reply
[92mINFO [0m:      
[92mINFO [0m:      Received: evaluate message 4ceeed94-95e5-4870-ba7d-f274680d8003
[92mINFO [0m:      Sent reply
[92mINFO [0m:      
[92mINFO [0m:      Received: train message fc0fd86f-1c22-481a-bbde-054afa8b0ea9
[92mINFO [0m:      Sent reply
[92mINFO [0m:      
[92mINFO [0m:      Received: evaluate message dd1a9544-ff9e-4415-80a4-7a0e5447d314
[92mINFO [0m:      Sent reply
[92mINFO [0m:      
[92mINFO [0m:      Received: train message 22d369c0-d746-4377-9cd2-bf818b0b6793
[92mINFO [0m:      Sent reply
[92mINFO [0m:      
[92mINFO [0m:      Received: evaluate message d61aaef2-43e6-4238-b4e5-2c75cfe862ba
[92mINFO [0m:      Sent reply
[92mINFO [0m:      
[92mINFO [0m:      Received: train message 1486fe48-725c-4160-bc6a-6c13e5154891
[92mINFO [0m:      Sent reply
[92mINFO [0m:      
[92mINFO [0m:      Received: evaluate message f2207ad8-7fc5-44c6-ac47-a261b5131ae7
[92mINFO [0m:      Sent reply
[92mINFO [0m:      
[92mINFO [0m:      Received: train message c96be5e1-d16e-4590-8fec-a37549e93f43
[92mINFO [0m:      Sent reply
[92mINFO [0m:      
[92mINFO [0m:      Received: train message 80d4e3a0-693d-44df-9ac1-18ea2df7b391
[92mINFO [0m:      Sent reply
[92mINFO [0m:      
[92mINFO [0m:      Received: evaluate message 1e06e6ca-2518-42ff-942c-b82386d6a7c4
[92mINFO [0m:      Sent reply
[92mINFO [0m:      
[92mINFO [0m:      Received: evaluate message 627ab722-8eca-4ff4-bd8c-8ac7f56dd3d0
[92mINFO [0m:      Sent reply
[92mINFO [0m:      
[92mINFO [0m:      Received: train message 973da6a4-918f-4e62-98bf-b76596212f85
[92mINFO [0m:      Sent reply
[92mINFO [0m:      
[92mINFO [0m:      Received: evaluate message 9183627a-0be8-4b10-972e-b3d3b2ad7f40
[92mINFO [0m:      Sent reply
[92mINFO [0m:      
[92mINFO [0m:      Received: train message 0571c6ff-c641-4d64-8155-b37d1c772ac3
[92mINFO [0m:      Sent reply
[92mINFO [0m:      
[92mINFO [0m:      Received: evaluate message 9df2eb7f-35c0-47e6-8763-7fb429c2a182
[92mINFO [0m:      Sent reply
[92mINFO [0m:      
[92mINFO [0m:      Received: train message a7b2d55a-c524-43a0-b3bd-f99aa7e96c02
[92mINFO [0m:      Sent reply
[92mINFO [0m:      
[92mINFO [0m:      Received: evaluate message 4e3e3645-3c98-43cb-a9cf-b7c8eafdb4e6
[92mINFO [0m:      Sent reply
[92mINFO [0m:      
[92mINFO [0m:      Received: train message 35cf9e97-52d3-45ba-a7d6-a13faf436cd1
[92mINFO [0m:      Sent reply
[92mINFO [0m:      
[92mINFO [0m:      Received: train message b30ceef5-8f47-4bc0-81b9-2b6ff9868c5a
[92mINFO [0m:      Sent reply
[92mINFO [0m:      
[92mINFO [0m:      Received: evaluate message 3fd58675-7cad-4da3-9994-fe0217df3823
[92mINFO [0m:      Sent reply
[92mINFO [0m:      
[92mINFO [0m:      Received: train message 0ee4bb61-2f72-44cf-8a69-5ba9b518aad2
[92mINFO [0m:      Sent reply
[92mINFO [0m:      
[92mINFO [0m:      Received: evaluate message 16fa7dc7-98e9-4dd3-a846-5fb27581d286
[92mINFO [0m:      Sent reply
[92mINFO [0m:      
[92mINFO [0m:      Received: evaluate message 6dafc646-9556-41bf-85a6-e698aea05f5a
[92mINFO [0m:      Sent reply
[92mINFO [0m:      
[92mINFO [0m:      Received: train message 1c8cf64e-7d56-4573-b84c-082b66a9f51d
[92mINFO [0m:      Sent reply
[92mINFO [0m:      
[92mINFO [0m:      Received: evaluate message 15ef172e-f4d9-435a-a61a-3c2d32a1eb95
[92mINFO [0m:      Sent reply
[92mINFO [0m:      
[92mINFO [0m:      Received: train message aea52b31-89ff-4271-b618-a66a334b7f6b
[92mINFO [0m:      Sent reply
[92mINFO [0m:      
[92mINFO [0m:      Received: evaluate message 0f3b7d0c-6019-42e7-b6e7-35f10ea908d2
[92mINFO [0m:      Sent reply
[92mINFO [0m:      
[92mINFO [0m:      Received: train message a8fd7339-9666-4f62-9ee1-83a9d126fb59
[92mINFO [0m:      Sent reply
[92mINFO [0m:      
[92mINFO [0m:      Received: evaluate message 239d3946-9d82-4b32-ba33-7a3c1812ea68
[92mINFO [0m:      Sent reply
[92mINFO [0m:      
[92mINFO [0m:      Received: train message a0f15738-e2dc-4f26-a476-d8e2dee053f2
[92mINFO [0m:      Sent reply
[92mINFO [0m:      
[92mINFO [0m:      Received: evaluate message 37b5f026-bb61-4be6-95db-afb5385045bb
[92mINFO [0m:      Sent reply
[92mINFO [0m:      
[92mINFO [0m:      Received: train message 7d04d391-9914-48ad-9ef0-5d78107c00ee
[92mINFO [0m:      Sent reply
[92mINFO [0m:      
[92mINFO [0m:      Received: evaluate message 83ea6e54-83a6-4047-8ac5-f69778376465
[92mINFO [0m:      Sent reply
[92mINFO [0m:      
[92mINFO [0m:      Received: train message 35fb2653-ddc1-4be3-aa24-c323c33a2358
[92mINFO [0m:      Sent reply
[92mINFO [0m:      
[92mINFO [0m:      Received: evaluate message 49c6ebc3-2b7a-4b56-a1a1-d82eb6f4d7b2
[92mINFO [0m:      Sent reply
[92mINFO [0m:      
[92mINFO [0m:      Received: train message 3c654c5b-0aa8-421a-9f7d-756e523c5540
[92mINFO [0m:      Sent reply
[92mINFO [0m:      
[92mINFO [0m:      Received: evaluate message 5679365a-64bb-452a-8a42-92063a0a933e
[92mINFO [0m:      Sent reply
[92mINFO [0m:      
[92mINFO [0m:      Received: evaluate message bab45725-b0e3-49bd-91c6-9cdd8e481bb2
[92mINFO [0m:      Sent reply
[92mINFO [0m:      
[92mINFO [0m:      Received: train message c8c9d1a2-dccc-45c1-83b3-a35ea31e8ec1
[92mINFO [0m:      Sent reply
[92mINFO [0m:      
[92mINFO [0m:      Received: train message c20562b7-b567-4fb5-8df1-519d2dd29e6a
[92mINFO [0m:      Sent reply
[92mINFO [0m:      
[92mINFO [0m:      Received: train message 6ec09aee-681e-4636-b156-bb566cbf2559
[92mINFO [0m:      Sent reply
[92mINFO [0m:      
[92mINFO [0m:      Received: train message f73724f5-c23a-463b-b50b-dede33dfc718
[92mINFO [0m:      Sent reply
[92mINFO [0m:      
[92mINFO [0m:      Received: evaluate message c1ede3f6-aeaf-4e2b-bedf-b5f7df268ee2
[92mINFO [0m:      Sent reply
[92mINFO [0m:      
[92mINFO [0m:      Received: reconnect message 505bfe1f-01b1-4053-868b-a6efa4d8b456
[92mINFO [0m:      Disconnect and shut down
