[93mWARNING [0m:   DEPRECATED FEATURE: flwr.client.start_client() is deprecated.
	Instead, use the `flower-supernode` CLI command to start a SuperNode as shown below:

		$ flower-supernode --insecure --superlink='<IP>:<PORT>'

	To view all available options, run:

		$ flower-supernode --help

	Using `start_client()` is deprecated.

            This is a deprecated feature. It will be removed
            entirely in future versions of Flower.
        
[92mINFO [0m:      
[92mINFO [0m:      Received: train message 7ac8d24e-ca57-4d84-aee4-c98c50eb38f2
[92mINFO [0m:      Sent reply
[92mINFO [0m:      
[92mINFO [0m:      Received: evaluate message e718e973-de65-480f-9d77-d28c011e31e8
[92mINFO [0m:      Sent reply
[92mINFO [0m:      
[92mINFO [0m:      Received: train message 548ba930-743a-4b5e-8e5b-1fcdc7feb8e3
[92mINFO [0m:      Sent reply
[92mINFO [0m:      
[92mINFO [0m:      Received: evaluate message 561ff6ea-02a5-48a7-aacc-244c93133e32
[92mINFO [0m:      Sent reply
[92mINFO [0m:      
[92mINFO [0m:      Received: train message 267483c2-b1a2-4597-878a-b849de26bbd8
[92mINFO [0m:      Sent reply
[92mINFO [0m:      
[92mINFO [0m:      Received: evaluate message c06996db-6ed1-421a-a551-f1d4164f6c22
[92mINFO [0m:      Sent reply
[92mINFO [0m:      
[92mINFO [0m:      Received: train message c190b4ac-0efe-4aae-8fe7-ac64ffa472ab
[92mINFO [0m:      Sent reply
[92mINFO [0m:      
[92mINFO [0m:      Received: evaluate message c0454030-c510-4c20-acc7-23e5fbf07365
[92mINFO [0m:      Sent reply
[92mINFO [0m:      
[92mINFO [0m:      Received: train message 5db9b70b-52c6-4f44-ba85-b0127be95113
[92mINFO [0m:      Sent reply
[92mINFO [0m:      
[92mINFO [0m:      Received: evaluate message 69fae9e2-a5d0-46fc-93d7-00ff5095520e
[92mINFO [0m:      Sent reply
[92mINFO [0m:      
[92mINFO [0m:      Received: train message 82e2d554-0e0c-420b-89b2-13d948a965a7
[92mINFO [0m:      Sent reply
[92mINFO [0m:      
[92mINFO [0m:      Received: evaluate message fd2f277c-bda6-4104-9574-25e33fee61dc
[92mINFO [0m:      Sent reply
[92mINFO [0m:      
[92mINFO [0m:      Received: train message 122c9b65-1004-4690-a216-0c058aa4cd3d
[92mINFO [0m:      Sent reply
[92mINFO [0m:      
[92mINFO [0m:      Received: evaluate message 9bbbdd6f-9c41-4c05-98c4-67db6ff7ca30
[92mINFO [0m:      Sent reply
[92mINFO [0m:      
[92mINFO [0m:      Received: train message f38fb0f9-ab7f-45f8-a5bb-bd621a28c122
[92mINFO [0m:      Sent reply
[92mINFO [0m:      
[92mINFO [0m:      Received: evaluate message 186f425c-1497-4a58-8fc9-82d4b0a3ff20
[92mINFO [0m:      Sent reply
[92mINFO [0m:      
[92mINFO [0m:      Received: train message 53d4affc-9c6d-464d-bdc1-e5abf3ad2b6a
[92mINFO [0m:      Sent reply
[92mINFO [0m:      
[92mINFO [0m:      Received: evaluate message 6e0a4bcc-3c8b-4abd-9b29-5708fb543e53
[92mINFO [0m:      Sent reply
[92mINFO [0m:      
[92mINFO [0m:      Received: train message e7883435-c4c2-4e3a-96c2-a91f33821c49
[92mINFO [0m:      Sent reply
[92mINFO [0m:      
[92mINFO [0m:      Received: evaluate message b66beb7e-63dc-4456-9f58-e4fe10e52282
[92mINFO [0m:      Sent reply
[92mINFO [0m:      
[92mINFO [0m:      Received: train message 5d13b9fb-6b6c-4232-9b9b-41d703d24443
[92mINFO [0m:      Sent reply
[92mINFO [0m:      
[92mINFO [0m:      Received: evaluate message f88e782c-c4cf-4015-9c70-a1186834127d
[92mINFO [0m:      Sent reply
[92mINFO [0m:      
[92mINFO [0m:      Received: train message 3b11907f-bc7c-471a-bff6-127fe58a8b6c
[92mINFO [0m:      Sent reply
[92mINFO [0m:      
[92mINFO [0m:      Received: evaluate message 32145647-bbe9-4624-820d-268ac321387b
[92mINFO [0m:      Sent reply
[92mINFO [0m:      
[92mINFO [0m:      Received: train message c27360ca-e93c-4199-b5b1-0c40ec773b40
[92mINFO [0m:      Sent reply
[92mINFO [0m:      
[92mINFO [0m:      Received: evaluate message a59d62e0-a26c-41e9-a583-59e6f6683f73
[92mINFO [0m:      Sent reply
[92mINFO [0m:      
[92mINFO [0m:      Received: train message e407d7e3-136e-45cf-955f-e9229826d050
[92mINFO [0m:      Sent reply
[92mINFO [0m:      
[92mINFO [0m:      Received: evaluate message 265ee454-03db-443c-a190-0320d29886ec
[92mINFO [0m:      Sent reply
[92mINFO [0m:      
[92mINFO [0m:      Received: train message e87f1d5c-3a25-4ff8-bd64-449c5bb36b6e
[92mINFO [0m:      Sent reply
[92mINFO [0m:      
[92mINFO [0m:      Received: evaluate message 1048d9ea-be6f-4d2c-8bae-8f4f06f7b819
[92mINFO [0m:      Sent reply
[92mINFO [0m:      
[92mINFO [0m:      Received: train message 194b5830-1161-4e41-b388-7669db52f6ae
[92mINFO [0m:      Sent reply
[92mINFO [0m:      
[92mINFO [0m:      Received: evaluate message 1c70eec0-9489-4a9f-a20b-bc9a8412dfe9
[92mINFO [0m:      Sent reply
[92mINFO [0m:      
[92mINFO [0m:      Received: train message 387d8bd1-841a-46c0-8b7e-0b85bc8e476b
[92mINFO [0m:      Sent reply
[92mINFO [0m:      
[92mINFO [0m:      Received: evaluate message 44bbd81e-c1f5-499e-8f82-a2c1d832ae57
[92mINFO [0m:      Sent reply
[92mINFO [0m:      
[92mINFO [0m:      Received: train message cbd96beb-0bf9-491c-a13c-b0ba92ae3d1a
[92mINFO [0m:      Sent reply
[92mINFO [0m:      
[92mINFO [0m:      Received: evaluate message 8b0a737b-dd3b-4b77-878a-e12d753e77ae
[92mINFO [0m:      Sent reply
[92mINFO [0m:      
[92mINFO [0m:      Received: train message 3e8e2832-a232-4270-832d-ece3a1a2f9ce
[92mINFO [0m:      Sent reply
[92mINFO [0m:      
[92mINFO [0m:      Received: evaluate message 1742dbdb-7fd7-420c-bd3b-491f4a0d2231
[92mINFO [0m:      Sent reply
[92mINFO [0m:      
[92mINFO [0m:      Received: train message f0b8c28d-931d-48c0-82e4-9088dd28d652
[92mINFO [0m:      Sent reply
[92mINFO [0m:      
[92mINFO [0m:      Received: evaluate message 7b9411c3-f329-47d6-84c9-a3dc3eeca09c
[92mINFO [0m:      Sent reply
[92mINFO [0m:      
[92mINFO [0m:      Received: train message 2c78726e-deb2-41a6-8949-6aafaacb1ea2
[92mINFO [0m:      Sent reply
[92mINFO [0m:      
[92mINFO [0m:      Received: evaluate message 8f8bb99a-5fd7-4cac-ab89-19703ca3b5c7
[92mINFO [0m:      Sent reply
[92mINFO [0m:      
[92mINFO [0m:      Received: train message 451c7925-7d77-461c-887e-9a4964a4e7cd
[92mINFO [0m:      Sent reply
[92mINFO [0m:      
[92mINFO [0m:      Received: evaluate message 6e60ece7-97ed-4dce-9ba1-c8c4760998e3
[92mINFO [0m:      Sent reply
[92mINFO [0m:      
[92mINFO [0m:      Received: train message 0a2e4a31-bfba-4ecd-a598-400fde67ba49
[92mINFO [0m:      Sent reply
[92mINFO [0m:      
[92mINFO [0m:      Received: evaluate message 80904432-9cc0-4574-a7fc-12359c36fd4c
[92mINFO [0m:      Sent reply
[92mINFO [0m:      
[92mINFO [0m:      Received: train message d1e65c01-6a51-465d-b9a0-12999a8998b6
[92mINFO [0m:      Sent reply
[92mINFO [0m:      
[92mINFO [0m:      Received: evaluate message e70536f9-ea61-446f-84ef-f564011e7445
[92mINFO [0m:      Sent reply
[92mINFO [0m:      
[92mINFO [0m:      Received: train message ad204c1d-7281-4ddb-9b36-8ffa4d7c350d
[92mINFO [0m:      Sent reply
[92mINFO [0m:      
[92mINFO [0m:      Received: evaluate message 7ea4ec1c-34ab-4115-bc9f-a062a88510ab
[92mINFO [0m:      Sent reply
[92mINFO [0m:      
[92mINFO [0m:      Received: train message c5ec641f-563a-416a-8d13-669db81f1924
[92mINFO [0m:      Sent reply
[92mINFO [0m:      
[92mINFO [0m:      Received: evaluate message 4cd621d9-18db-4591-901d-de3cb6e43fe9
[92mINFO [0m:      Sent reply
[92mINFO [0m:      
[92mINFO [0m:      Received: train message b501a0cd-6f30-4dbf-948f-838fbf2989b5
[92mINFO [0m:      Sent reply
[92mINFO [0m:      
[92mINFO [0m:      Received: evaluate message 0ff2c6b7-1fbc-48fc-b7b6-534ca6c4ca80
[92mINFO [0m:      Sent reply
[92mINFO [0m:      
[92mINFO [0m:      Received: train message cc60ccc6-deb3-4d20-a4d5-df163abf6f48
[92mINFO [0m:      Sent reply
[92mINFO [0m:      
[92mINFO [0m:      Received: evaluate message a6721deb-730e-4310-9c8d-46f0b07e64c9
[92mINFO [0m:      Sent reply
[92mINFO [0m:      
[92mINFO [0m:      Received: train message 5bd0dea0-507f-45f3-8ab9-55dc56cb8aa9
[92mINFO [0m:      Sent reply
[92mINFO [0m:      
[92mINFO [0m:      Received: evaluate message b6b96b72-1838-4ec4-b88c-03d20013cf79
[92mINFO [0m:      Sent reply
[92mINFO [0m:      
[92mINFO [0m:      Received: train message a92ac6cb-7745-4101-bf2c-53e6146a5d5e
[92mINFO [0m:      Sent reply
[92mINFO [0m:      
[92mINFO [0m:      Received: evaluate message 547bb559-6139-4b15-bbc6-f49fa912c664
[92mINFO [0m:      Sent reply
[92mINFO [0m:      
[92mINFO [0m:      Received: train message c6d95ec7-d433-46ae-9041-df34068cc043
[92mINFO [0m:      Sent reply
[92mINFO [0m:      
[92mINFO [0m:      Received: evaluate message 3813a806-41ff-45ce-9e4a-ffef891fc5b1
[92mINFO [0m:      Sent reply
[92mINFO [0m:      
[92mINFO [0m:      Received: train message d5bac14d-392a-40e6-bf1d-7fc11ae81680
[92mINFO [0m:      Sent reply
[92mINFO [0m:      
[92mINFO [0m:      Received: evaluate message 9bdaf86e-8860-4711-b732-c9df9ceb9554
[92mINFO [0m:      Sent reply
[92mINFO [0m:      
[92mINFO [0m:      Received: train message cc030607-d58b-407f-b01b-9cf9741d8ae3
[92mINFO [0m:      Sent reply
[92mINFO [0m:      
[92mINFO [0m:      Received: evaluate message 922e86ac-29ae-43e1-b573-af39d4dd3028
[92mINFO [0m:      Sent reply
[92mINFO [0m:      
[92mINFO [0m:      Received: train message e4e06e81-8c42-4beb-a686-14178bc2b48a
[92mINFO [0m:      Sent reply
[92mINFO [0m:      
[92mINFO [0m:      Received: evaluate message ef1ed7ba-3a0e-4e03-a2dd-443d05e8d2c8
[92mINFO [0m:      Sent reply
[92mINFO [0m:      
[92mINFO [0m:      Received: train message 0d787d1c-9e07-4c55-a4f8-ce47b0980518
[92mINFO [0m:      Sent reply
[92mINFO [0m:      
[92mINFO [0m:      Received: evaluate message 591ddad3-5d5e-48b8-809d-1a12c2660bd6
[92mINFO [0m:      Sent reply
[92mINFO [0m:      
[92mINFO [0m:      Received: train message a083698d-e7c3-45eb-9dd2-75040a88c72d
[92mINFO [0m:      Sent reply
[92mINFO [0m:      
[92mINFO [0m:      Received: evaluate message 3264d40e-389c-4913-b66b-59e0b7a710a3
[92mINFO [0m:      Sent reply
[92mINFO [0m:      
[92mINFO [0m:      Received: train message a4de6fc5-0d61-4124-8e91-7d2adb4fa6ab
[92mINFO [0m:      Sent reply
[92mINFO [0m:      
[92mINFO [0m:      Received: evaluate message de4dd86d-70fd-4090-962a-a1b16332064b
[92mINFO [0m:      Sent reply
[92mINFO [0m:      
[92mINFO [0m:      Received: train message 1e69e010-d726-4aa2-a538-a38f445608b8
[92mINFO [0m:      Sent reply
[92mINFO [0m:      
[92mINFO [0m:      Received: evaluate message f8005269-179e-401c-ba5a-9f9e2c5b3afd
[92mINFO [0m:      Sent reply
[92mINFO [0m:      
[92mINFO [0m:      Received: train message 5882c424-0744-443b-9745-60f7640b0dca
[92mINFO [0m:      Sent reply
[92mINFO [0m:      
[92mINFO [0m:      Received: evaluate message 37ca45ad-28db-46a3-b277-616af2d33f80
[92mINFO [0m:      Sent reply
[92mINFO [0m:      
[92mINFO [0m:      Received: train message 0b1b92d2-daa5-46d8-88c1-96df3035e91e
[92mINFO [0m:      Sent reply
[92mINFO [0m:      
[92mINFO [0m:      Received: evaluate message d4881fb0-b2c0-4a1a-bd95-235807a43b56
[92mINFO [0m:      Sent reply
[92mINFO [0m:      
[92mINFO [0m:      Received: train message cadf11c3-227c-4cf4-9b85-6f65e6ab1fd8
[92mINFO [0m:      Sent reply
[92mINFO [0m:      
[92mINFO [0m:      Received: evaluate message 91e4e223-39f0-462b-ae37-245b3d7c4187
[92mINFO [0m:      Sent reply
[92mINFO [0m:      
[92mINFO [0m:      Received: train message cd7596a1-f44d-41cb-bf69-2ec9ad454ffe
[92mINFO [0m:      Sent reply
[92mINFO [0m:      
[92mINFO [0m:      Received: evaluate message 051a3b7c-a0d4-4eca-a92d-0acb9b190008
[92mINFO [0m:      Sent reply
[92mINFO [0m:      
[92mINFO [0m:      Received: train message 3d7fc8d6-f61f-4a35-b6fb-f6fd671df88f
[92mINFO [0m:      Sent reply
[92mINFO [0m:      
[92mINFO [0m:      Received: evaluate message b4ef5f80-21e5-4dc2-afc4-251fb1739d6e
[92mINFO [0m:      Sent reply
[92mINFO [0m:      
[92mINFO [0m:      Received: train message 1a23679c-39e1-44c1-9fdd-7fc661f90fb0
[92mINFO [0m:      Sent reply
[92mINFO [0m:      
[92mINFO [0m:      Received: evaluate message 9bc4e735-7775-45f3-ae22-9fd9a23a9418
[92mINFO [0m:      Sent reply
[92mINFO [0m:      
[92mINFO [0m:      Received: train message a6a51926-046d-4317-b363-605ef3661ac5
[92mINFO [0m:      Sent reply
[92mINFO [0m:      
[92mINFO [0m:      Received: evaluate message f174f3a7-7599-4b6c-8683-7445694acba9
[92mINFO [0m:      Sent reply
[92mINFO [0m:      
[92mINFO [0m:      Received: train message 2893577b-1ca2-40d3-995d-9a06afc7bd8f
[92mINFO [0m:      Sent reply
[92mINFO [0m:      
[92mINFO [0m:      Received: evaluate message 8f72a860-b9f6-49a0-ac9c-bb0f58154fe2
[92mINFO [0m:      Sent reply
[92mINFO [0m:      
[92mINFO [0m:      Received: train message bd900699-9083-496b-ac9c-74cddbe7a557
[92mINFO [0m:      Sent reply
[92mINFO [0m:      
[92mINFO [0m:      Received: evaluate message 0eebe479-a28a-446a-a75c-10b762b52fe5
[92mINFO [0m:      Sent reply
[92mINFO [0m:      
[92mINFO [0m:      Received: train message ec086464-a07d-4ff0-a84e-b9735199cb56
[92mINFO [0m:      Sent reply
[92mINFO [0m:      
[92mINFO [0m:      Received: evaluate message 6a709370-e104-4701-ac9a-9d62ac7c39b8
[92mINFO [0m:      Sent reply
[92mINFO [0m:      
[92mINFO [0m:      Received: train message ff9026ed-bc75-4c66-8bcb-37b0cb8e62b6
[92mINFO [0m:      Sent reply
[92mINFO [0m:      
[92mINFO [0m:      Received: evaluate message 720087e0-e312-4318-999a-5939b984bbd8
[92mINFO [0m:      Sent reply
[92mINFO [0m:      
[92mINFO [0m:      Received: train message a2dce5d4-8660-4a84-9830-e7993a4daf20
[92mINFO [0m:      Sent reply
[92mINFO [0m:      
[92mINFO [0m:      Received: evaluate message e7ec0a32-9c93-448b-b96b-641993b10235
[92mINFO [0m:      Sent reply
[92mINFO [0m:      
[92mINFO [0m:      Received: reconnect message b0cb5808-680f-4330-842c-7a3ef6c61f6a
[92mINFO [0m:      Disconnect and shut down
