[93mWARNING [0m:   DEPRECATED FEATURE: flwr.client.start_client() is deprecated.
	Instead, use the `flower-supernode` CLI command to start a SuperNode as shown below:

		$ flower-supernode --insecure --superlink='<IP>:<PORT>'

	To view all available options, run:

		$ flower-supernode --help

	Using `start_client()` is deprecated.

            This is a deprecated feature. It will be removed
            entirely in future versions of Flower.
        
[92mINFO [0m:      
[92mINFO [0m:      Received: train message cf89fb55-f3a7-4bde-b694-2e0a72194b92
[92mINFO [0m:      Sent reply
[92mINFO [0m:      
[92mINFO [0m:      Received: evaluate message c5395ab9-5ed5-4d3f-8f2e-81f9c88ba0dd
[92mINFO [0m:      Sent reply
[92mINFO [0m:      
[92mINFO [0m:      Received: train message 4b6f14d7-47b1-4029-97f1-a8bac39e1f0e
[92mINFO [0m:      Sent reply
[92mINFO [0m:      
[92mINFO [0m:      Received: evaluate message d9bc8bef-14e2-4f89-bab8-8aec074a1575
[92mINFO [0m:      Sent reply
[92mINFO [0m:      
[92mINFO [0m:      Received: train message 343715c8-baa8-414c-b0fa-3ce5671a19e6
[92mINFO [0m:      Sent reply
[92mINFO [0m:      
[92mINFO [0m:      Received: evaluate message c3e8a91e-9036-4acb-b0e2-21d8cb98bf32
[92mINFO [0m:      Sent reply
[92mINFO [0m:      
[92mINFO [0m:      Received: train message ac560b39-2bd7-479b-b914-c6abdfc955c7
[92mINFO [0m:      Sent reply
[92mINFO [0m:      
[92mINFO [0m:      Received: evaluate message cb1c9a22-24d2-4037-aaed-f2b09c95d16a
[92mINFO [0m:      Sent reply
[92mINFO [0m:      
[92mINFO [0m:      Received: train message 2cc56360-307b-4b1e-b5f4-b7ce01cc6ece
[92mINFO [0m:      Sent reply
[92mINFO [0m:      
[92mINFO [0m:      Received: evaluate message 3e4987f8-5bd8-44c7-b9dc-a4305807fb9d
[92mINFO [0m:      Sent reply
[92mINFO [0m:      
[92mINFO [0m:      Received: train message 03bbb217-7c69-4a6b-a385-d3597081a56e
[92mINFO [0m:      Sent reply
[92mINFO [0m:      
[92mINFO [0m:      Received: evaluate message 289bb037-6a42-4883-b57e-d33389d4c945
[92mINFO [0m:      Sent reply
[92mINFO [0m:      
[92mINFO [0m:      Received: train message aa070f61-06ca-42da-a93b-1b8afaeeb0cf
[92mINFO [0m:      Sent reply
[92mINFO [0m:      
[92mINFO [0m:      Received: evaluate message 8d348cff-dd8e-4eba-8d52-341a85da5527
[92mINFO [0m:      Sent reply
[92mINFO [0m:      
[92mINFO [0m:      Received: train message 3649af8d-5bc3-4876-9d39-8cf3c133f9dd
[92mINFO [0m:      Sent reply
[92mINFO [0m:      
[92mINFO [0m:      Received: evaluate message 2f2f26f1-1153-4035-8624-0e58701725f3
[92mINFO [0m:      Sent reply
[92mINFO [0m:      
[92mINFO [0m:      Received: train message 789b53e4-21c1-47cb-9426-abe7f3254250
[92mINFO [0m:      Sent reply
[92mINFO [0m:      
[92mINFO [0m:      Received: evaluate message 9f4cf591-e6fc-4836-af64-6fdb74cad50a
[92mINFO [0m:      Sent reply
[92mINFO [0m:      
[92mINFO [0m:      Received: train message b6223081-adbd-425a-ba82-4533ac1f1650
[92mINFO [0m:      Sent reply
[92mINFO [0m:      
[92mINFO [0m:      Received: evaluate message 2bdafa79-c7da-4594-9f1c-de01a3966b1f
[92mINFO [0m:      Sent reply
[92mINFO [0m:      
[92mINFO [0m:      Received: train message 27844e48-32c2-4f13-ab87-65bcd875e654
[92mINFO [0m:      Sent reply
[92mINFO [0m:      
[92mINFO [0m:      Received: evaluate message f2d2b240-20ec-4279-bb92-971ef8e76ff4
[92mINFO [0m:      Sent reply
[92mINFO [0m:      
[92mINFO [0m:      Received: train message e80f5de3-d44d-4de1-a139-e6743a620022
[92mINFO [0m:      Sent reply
[92mINFO [0m:      
[92mINFO [0m:      Received: evaluate message 627cfcdd-11c7-4443-b75c-be8de923f5ae
[92mINFO [0m:      Sent reply
[92mINFO [0m:      
[92mINFO [0m:      Received: train message 73d4b3f5-1d2d-42d3-bd09-c4327fe11189
[92mINFO [0m:      Sent reply
[92mINFO [0m:      
[92mINFO [0m:      Received: evaluate message 01d8d4cd-0d6d-48a6-8895-12b810739548
[92mINFO [0m:      Sent reply
[92mINFO [0m:      
[92mINFO [0m:      Received: train message 73c5a02c-fcf6-44f6-a110-cc00995c6c7b
[92mINFO [0m:      Sent reply
[92mINFO [0m:      
[92mINFO [0m:      Received: evaluate message 0246298c-bb51-46b0-9a21-c156671de300
[92mINFO [0m:      Sent reply
[92mINFO [0m:      
[92mINFO [0m:      Received: train message e47a572b-f2a6-44ce-867d-823474527c44
[92mINFO [0m:      Sent reply
[92mINFO [0m:      
[92mINFO [0m:      Received: evaluate message 52c8d679-45af-4dc0-836a-258f60bbd82c
[92mINFO [0m:      Sent reply
[92mINFO [0m:      
[92mINFO [0m:      Received: train message 4357a5ce-1977-42d4-b020-2cb279cf5571
[92mINFO [0m:      Sent reply
[92mINFO [0m:      
[92mINFO [0m:      Received: evaluate message eaf18d17-e946-42e9-8bae-47f7e73dca65
[92mINFO [0m:      Sent reply
[92mINFO [0m:      
[92mINFO [0m:      Received: train message a79a1547-3f31-4ae8-9052-ef66d56db826
[92mINFO [0m:      Sent reply
[92mINFO [0m:      
[92mINFO [0m:      Received: evaluate message abc9373c-e60c-4797-b27b-17b1ce80f5d2
[92mINFO [0m:      Sent reply
[92mINFO [0m:      
[92mINFO [0m:      Received: train message ab02416e-56bf-4954-86fc-ee06f06a10a0
[92mINFO [0m:      Sent reply
[92mINFO [0m:      
[92mINFO [0m:      Received: evaluate message 6fd5caac-2f87-4332-8e1e-d9b0e38b2bc2
[92mINFO [0m:      Sent reply
[92mINFO [0m:      
[92mINFO [0m:      Received: train message fb32e412-a658-4d2d-937d-ec8f62888e01
[92mINFO [0m:      Sent reply
[92mINFO [0m:      
[92mINFO [0m:      Received: evaluate message 87e72746-1098-4b2d-a250-49618ba2f8b7
[92mINFO [0m:      Sent reply
[92mINFO [0m:      
[92mINFO [0m:      Received: train message 89942a53-bdcc-4912-a598-42e51ea221f3
[92mINFO [0m:      Sent reply
[92mINFO [0m:      
[92mINFO [0m:      Received: evaluate message 03f71898-8a03-42c0-8d86-35a5a4741929
[92mINFO [0m:      Sent reply
[92mINFO [0m:      
[92mINFO [0m:      Received: train message 8dc1121b-5e8e-4d04-9a0f-937b94bcecf6
[92mINFO [0m:      Sent reply
[92mINFO [0m:      
[92mINFO [0m:      Received: evaluate message 782e1a96-5ec5-46fb-b4f1-2883900a649f
[92mINFO [0m:      Sent reply
[92mINFO [0m:      
[92mINFO [0m:      Received: train message 46ea257d-9ccf-49bc-b2be-3a4899e50228
[92mINFO [0m:      Sent reply
[92mINFO [0m:      
[92mINFO [0m:      Received: evaluate message 7fac2012-283e-41c9-83f7-eb0748828210
[92mINFO [0m:      Sent reply
[92mINFO [0m:      
[92mINFO [0m:      Received: train message b22c380f-2050-4dc7-a17a-20aa65af41cb
[92mINFO [0m:      Sent reply
[92mINFO [0m:      
[92mINFO [0m:      Received: evaluate message 0b6f1656-5833-4fcc-b14e-9d4f3f6b16ef
[92mINFO [0m:      Sent reply
[92mINFO [0m:      
[92mINFO [0m:      Received: train message da6f6c4c-258a-44d6-b270-3ff2a63acfce
[92mINFO [0m:      Sent reply
[92mINFO [0m:      
[92mINFO [0m:      Received: evaluate message 4fc3cf49-099d-4ecf-bfeb-6362d8826f23
[92mINFO [0m:      Sent reply
[92mINFO [0m:      
[92mINFO [0m:      Received: train message 9f058f51-a5a5-4006-88b6-7c01f1bafbc5
[92mINFO [0m:      Sent reply
[92mINFO [0m:      
[92mINFO [0m:      Received: evaluate message b76f21b7-32c3-4604-83aa-acc1d9a7a76d
[92mINFO [0m:      Sent reply
[92mINFO [0m:      
[92mINFO [0m:      Received: train message f33de1fd-17ea-498f-816e-5fc96ae2c7fe
[92mINFO [0m:      Sent reply
[92mINFO [0m:      
[92mINFO [0m:      Received: evaluate message ca02ebfb-df1f-4a87-95a9-617b342ad462
[92mINFO [0m:      Sent reply
[92mINFO [0m:      
[92mINFO [0m:      Received: train message e9f6f794-4aea-4c35-8b26-11f1600b40be
[92mINFO [0m:      Sent reply
[92mINFO [0m:      
[92mINFO [0m:      Received: evaluate message 8c227c50-d1a8-4a10-a05c-9e7672f1e441
[92mINFO [0m:      Sent reply
[92mINFO [0m:      
[92mINFO [0m:      Received: train message f32b0164-23fe-4b64-8874-395d8d0e298b
[92mINFO [0m:      Sent reply
[92mINFO [0m:      
[92mINFO [0m:      Received: evaluate message ccb4850c-451a-440b-af9b-fe2215af1004
[92mINFO [0m:      Sent reply
[92mINFO [0m:      
[92mINFO [0m:      Received: train message af41ba80-ebae-454e-aeab-03c75e6fc2d2
[92mINFO [0m:      Sent reply
[92mINFO [0m:      
[92mINFO [0m:      Received: evaluate message c1d39419-bb49-44e2-baf2-a18e47817a4f
[92mINFO [0m:      Sent reply
[92mINFO [0m:      
[92mINFO [0m:      Received: train message 0c1c6e9c-a298-4ce1-95e0-775b1e9078a3
[92mINFO [0m:      Sent reply
[92mINFO [0m:      
[92mINFO [0m:      Received: evaluate message 11d07c4d-7b32-40ac-b2cc-b975f77939ad
[92mINFO [0m:      Sent reply
[92mINFO [0m:      
[92mINFO [0m:      Received: train message d0c36abe-c4a3-45af-8906-fd8610f60e34
[92mINFO [0m:      Sent reply
[92mINFO [0m:      
[92mINFO [0m:      Received: evaluate message ce90eafa-36cf-4bc0-b31b-eb1910c653af
[92mINFO [0m:      Sent reply
[92mINFO [0m:      
[92mINFO [0m:      Received: train message be4f68c8-0c6e-4f68-938e-a84e44f2bc85
[92mINFO [0m:      Sent reply
[92mINFO [0m:      
[92mINFO [0m:      Received: evaluate message ba1ef92a-997d-40db-9b0c-c69928ac3ca3
[92mINFO [0m:      Sent reply
[92mINFO [0m:      
[92mINFO [0m:      Received: train message 2fe0ac2a-ef4a-4c56-96fe-e6b3378d0d55
[92mINFO [0m:      Sent reply
[92mINFO [0m:      
[92mINFO [0m:      Received: evaluate message 70c32256-c7fe-4777-80ef-41522867498e
[92mINFO [0m:      Sent reply
[92mINFO [0m:      
[92mINFO [0m:      Received: train message 9fcc536d-70f2-42cf-9150-3c00ec69636c
[92mINFO [0m:      Sent reply
[92mINFO [0m:      
[92mINFO [0m:      Received: evaluate message 77e8b912-b7d3-42a4-b3fc-cfd6f3c40a79
[92mINFO [0m:      Sent reply
[92mINFO [0m:      
[92mINFO [0m:      Received: train message 8584b72f-1aee-4afd-bdc8-ecefdfc8de70
[92mINFO [0m:      Sent reply
[92mINFO [0m:      
[92mINFO [0m:      Received: evaluate message ee1552fa-4f1a-42f8-b6dc-de880be06be2
[92mINFO [0m:      Sent reply
[92mINFO [0m:      
[92mINFO [0m:      Received: train message b9cc239c-14e4-40dd-a1b1-150b53c14d74
[92mINFO [0m:      Sent reply
[92mINFO [0m:      
[92mINFO [0m:      Received: evaluate message 4d5d4c2e-b8ba-43f0-8d0c-739249d9c837
[92mINFO [0m:      Sent reply
[92mINFO [0m:      
[92mINFO [0m:      Received: train message 00ef3509-938c-4f59-bfd8-82dbb70811ae
[92mINFO [0m:      Sent reply
[92mINFO [0m:      
[92mINFO [0m:      Received: evaluate message b2f1b3f1-c2ac-48c3-873e-057f3544d1a6
[92mINFO [0m:      Sent reply
[92mINFO [0m:      
[92mINFO [0m:      Received: train message 0abd0985-ac39-4235-8c84-4269011c7c65
[92mINFO [0m:      Sent reply
[92mINFO [0m:      
[92mINFO [0m:      Received: evaluate message 49798512-c6ff-4f7d-b55d-eba0a118c9af
[92mINFO [0m:      Sent reply
[92mINFO [0m:      
[92mINFO [0m:      Received: train message 04f5e5c9-b046-46f2-8e83-923e714f2917
[92mINFO [0m:      Sent reply
[92mINFO [0m:      
[92mINFO [0m:      Received: evaluate message bd6f8b89-ba66-4d2c-a97c-f1a749e00cf2
[92mINFO [0m:      Sent reply
[92mINFO [0m:      
[92mINFO [0m:      Received: train message 650dcd86-bd79-496f-b3d1-d60cf2c2d977
[92mINFO [0m:      Sent reply
[92mINFO [0m:      
[92mINFO [0m:      Received: evaluate message 31d92502-a402-4b7b-ac85-6af54d271413
[92mINFO [0m:      Sent reply
[92mINFO [0m:      
[92mINFO [0m:      Received: train message aefe5bad-241d-4d21-8bb2-591a65e46b73
[92mINFO [0m:      Sent reply
[92mINFO [0m:      
[92mINFO [0m:      Received: evaluate message 81471041-de5c-4f5d-be0d-58280f95f5b5
[92mINFO [0m:      Sent reply
[92mINFO [0m:      
[92mINFO [0m:      Received: train message 0de78090-bdde-406d-8778-b2a7f798d077
[92mINFO [0m:      Sent reply
[92mINFO [0m:      
[92mINFO [0m:      Received: evaluate message e583c8ca-2933-4e1a-b74b-f49adfca2730
[92mINFO [0m:      Sent reply
[92mINFO [0m:      
[92mINFO [0m:      Received: train message 2e7b956f-ac13-45e8-86bf-9e256ca5fc74
[92mINFO [0m:      Sent reply
[92mINFO [0m:      
[92mINFO [0m:      Received: evaluate message c318e3c2-a970-45d6-821b-621eed2769bf
[92mINFO [0m:      Sent reply
[92mINFO [0m:      
[92mINFO [0m:      Received: train message e6daedb1-3a2e-4bb3-978b-f0ea86632c65
[92mINFO [0m:      Sent reply
[92mINFO [0m:      
[92mINFO [0m:      Received: evaluate message efee4d46-06f6-48d5-9288-82a0336cfea4
[92mINFO [0m:      Sent reply
[92mINFO [0m:      
[92mINFO [0m:      Received: train message 84659f96-ca41-42b7-95ed-45aa9a5f0aff
[92mINFO [0m:      Sent reply
[92mINFO [0m:      
[92mINFO [0m:      Received: evaluate message ba5e315b-76ac-4d84-a9d6-61ba9e33ab89
[92mINFO [0m:      Sent reply
[92mINFO [0m:      
[92mINFO [0m:      Received: train message a5e1f5da-d86e-4a13-825c-7d85aff101d5
[92mINFO [0m:      Sent reply
[92mINFO [0m:      
[92mINFO [0m:      Received: evaluate message 8e82069e-c398-4a7e-b469-062ed103f0d1
[92mINFO [0m:      Sent reply
[92mINFO [0m:      
[92mINFO [0m:      Received: train message 7099166f-c3fb-4c66-aed9-d9984ae5d436
[92mINFO [0m:      Sent reply
[92mINFO [0m:      
[92mINFO [0m:      Received: evaluate message eb7eee5b-b2e3-4cd5-bde2-885d9280aa6c
[92mINFO [0m:      Sent reply
[92mINFO [0m:      
[92mINFO [0m:      Received: train message 14f1c4f5-2e93-4458-a757-9badad3725a7
[92mINFO [0m:      Sent reply
[92mINFO [0m:      
[92mINFO [0m:      Received: evaluate message 68caf89a-548a-4143-9c8f-6300f567d2af
[92mINFO [0m:      Sent reply
[92mINFO [0m:      
[92mINFO [0m:      Received: train message f84f0617-64da-43c1-a0aa-347f7b8fb220
[92mINFO [0m:      Sent reply
[92mINFO [0m:      
[92mINFO [0m:      Received: evaluate message 0c250ffe-b8cc-4f2b-b2c2-2fe4d29b0397
[92mINFO [0m:      Sent reply
[92mINFO [0m:      
[92mINFO [0m:      Received: train message 2905f361-e975-4ad3-b041-944b6a89d342
[92mINFO [0m:      Sent reply
[92mINFO [0m:      
[92mINFO [0m:      Received: evaluate message 6c9062ed-68f3-44ba-b926-098423707c5f
[92mINFO [0m:      Sent reply
[92mINFO [0m:      
[92mINFO [0m:      Received: reconnect message 7118f21a-4eba-4854-a49a-87b674b1d203
[92mINFO [0m:      Disconnect and shut down
