[93mWARNING [0m:   DEPRECATED FEATURE: flwr.client.start_client() is deprecated.
	Instead, use the `flower-supernode` CLI command to start a SuperNode as shown below:

		$ flower-supernode --insecure --superlink='<IP>:<PORT>'

	To view all available options, run:

		$ flower-supernode --help

	Using `start_client()` is deprecated.

            This is a deprecated feature. It will be removed
            entirely in future versions of Flower.
        
[92mINFO [0m:      
[92mINFO [0m:      Received: train message 6a70f598-80b7-4a92-984e-6f8d1cf18664
[92mINFO [0m:      Sent reply
[92mINFO [0m:      
[92mINFO [0m:      Received: evaluate message 00e3c409-881a-4d3b-a27d-44b8e2a247a3
[92mINFO [0m:      Sent reply
[92mINFO [0m:      
[92mINFO [0m:      Received: train message 64a06c49-2a54-4346-a6c1-8e3bf600165b
[92mINFO [0m:      Sent reply
[92mINFO [0m:      
[92mINFO [0m:      Received: evaluate message 31af62a6-824c-4163-8a61-598a408eae96
[92mINFO [0m:      Sent reply
[92mINFO [0m:      
[92mINFO [0m:      Received: train message c44fccce-ace5-43f6-8856-a881ee4d05b5
[92mINFO [0m:      Sent reply
[92mINFO [0m:      
[92mINFO [0m:      Received: evaluate message 19ecfb5e-24d9-4503-bcbe-396cb9ae0f40
[92mINFO [0m:      Sent reply
[92mINFO [0m:      
[92mINFO [0m:      Received: train message 9edc37b9-3068-4147-9fbb-ff3fc964cc2f
[92mINFO [0m:      Sent reply
[92mINFO [0m:      
[92mINFO [0m:      Received: evaluate message 60271d54-a769-4bad-8df7-53175e03ade3
[92mINFO [0m:      Sent reply
[92mINFO [0m:      
[92mINFO [0m:      Received: train message 4b23070e-6327-406d-9152-75cf85d059ba
[92mINFO [0m:      Sent reply
[92mINFO [0m:      
[92mINFO [0m:      Received: evaluate message 8f408600-8e7a-40db-8ff2-5c2b1695385d
[92mINFO [0m:      Sent reply
[92mINFO [0m:      
[92mINFO [0m:      Received: train message 428566ae-33ed-4b58-9551-4ebc13eb171b
[92mINFO [0m:      Sent reply
[92mINFO [0m:      
[92mINFO [0m:      Received: evaluate message 318aef55-1307-4ca5-8112-c240c3d90c23
[92mINFO [0m:      Sent reply
[92mINFO [0m:      
[92mINFO [0m:      Received: train message 97e483c4-26b9-43c5-81fc-c1280f7655f1
[92mINFO [0m:      Sent reply
[92mINFO [0m:      
[92mINFO [0m:      Received: evaluate message 28fa00eb-d97d-453f-8b87-f530d6ffe9b4
[92mINFO [0m:      Sent reply
[92mINFO [0m:      
[92mINFO [0m:      Received: train message 1f9f0fa0-f1ea-4590-9b1b-8bdcb2aa099d
[92mINFO [0m:      Sent reply
[92mINFO [0m:      
[92mINFO [0m:      Received: evaluate message 2f625049-5ef9-4024-9a0d-f6c9cff9ca2c
[92mINFO [0m:      Sent reply
[92mINFO [0m:      
[92mINFO [0m:      Received: train message d272d034-6025-40b8-add6-816c02d1d243
[92mINFO [0m:      Sent reply
[92mINFO [0m:      
[92mINFO [0m:      Received: evaluate message 6b407e82-0c91-43c7-adc7-587213ccb200
[92mINFO [0m:      Sent reply
[92mINFO [0m:      
[92mINFO [0m:      Received: train message 02be7746-2c73-492f-b4bd-2fdb20583b76
[92mINFO [0m:      Sent reply
[92mINFO [0m:      
[92mINFO [0m:      Received: evaluate message 1b940d16-e77b-4e9d-bb74-d1ff7c041f99
[92mINFO [0m:      Sent reply
[92mINFO [0m:      
[92mINFO [0m:      Received: train message 2601c688-8089-4f78-9a62-f04c6c2cc555
[92mINFO [0m:      Sent reply
[92mINFO [0m:      
[92mINFO [0m:      Received: evaluate message 44d90728-51fe-49af-a970-165b3369b4e0
[92mINFO [0m:      Sent reply
[92mINFO [0m:      
[92mINFO [0m:      Received: train message 2223817e-7932-43c9-99ab-4990fb25cba1
[92mINFO [0m:      Sent reply
[92mINFO [0m:      
[92mINFO [0m:      Received: evaluate message d50d3407-c34e-4165-bf16-331d0baab9e9
[92mINFO [0m:      Sent reply
[92mINFO [0m:      
[92mINFO [0m:      Received: train message 0e05016b-ce9e-4154-b8c7-af917d8ebde5
[92mINFO [0m:      Sent reply
[92mINFO [0m:      
[92mINFO [0m:      Received: evaluate message 3cae2679-2961-4660-9a57-dee5f253ac81
[92mINFO [0m:      Sent reply
[92mINFO [0m:      
[92mINFO [0m:      Received: train message eba5a8a4-fd91-498c-9102-aa1eaeaff139
[92mINFO [0m:      Sent reply
[92mINFO [0m:      
[92mINFO [0m:      Received: evaluate message a6bd8536-9318-4506-bf6d-1be9a779b706
[92mINFO [0m:      Sent reply
[92mINFO [0m:      
[92mINFO [0m:      Received: train message 5d66e6bb-5e6d-4a48-a693-e4fe67cbb661
[92mINFO [0m:      Sent reply
[92mINFO [0m:      
[92mINFO [0m:      Received: evaluate message 3a2b0464-6bf1-4947-b378-90777a818614
[92mINFO [0m:      Sent reply
[92mINFO [0m:      
[92mINFO [0m:      Received: train message 0dcfc553-46b9-4a76-816b-8d9c6074a1f7
[92mINFO [0m:      Sent reply
[92mINFO [0m:      
[92mINFO [0m:      Received: evaluate message d03f6f83-6c2f-43bb-a837-9bd640e6e41b
[92mINFO [0m:      Sent reply
[92mINFO [0m:      
[92mINFO [0m:      Received: train message 778e6c93-2582-4191-8cfe-9431ee9fd71d
[92mINFO [0m:      Sent reply
[92mINFO [0m:      
[92mINFO [0m:      Received: evaluate message 22d1c50a-224e-4e78-9d6b-00e10ac5f9fb
[92mINFO [0m:      Sent reply
[92mINFO [0m:      
[92mINFO [0m:      Received: train message e294e053-5a72-4ade-b65a-46ccd3514f31
[92mINFO [0m:      Sent reply
[92mINFO [0m:      
[92mINFO [0m:      Received: evaluate message 1582165d-fee4-44c4-a3bc-1ea1389791fb
[92mINFO [0m:      Sent reply
[92mINFO [0m:      
[92mINFO [0m:      Received: train message bb5369f3-fa75-429f-ba9e-4c9b4269bc38
[92mINFO [0m:      Sent reply
[92mINFO [0m:      
[92mINFO [0m:      Received: evaluate message 89d5ac2a-7dce-450e-bac7-efd7a3ec507a
[92mINFO [0m:      Sent reply
[92mINFO [0m:      
[92mINFO [0m:      Received: train message 0c587158-348e-405e-b92a-74a4f278f2df
[92mINFO [0m:      Sent reply
[92mINFO [0m:      
[92mINFO [0m:      Received: evaluate message 938db1c8-2364-47cd-ad32-2273993107f4
[92mINFO [0m:      Sent reply
[92mINFO [0m:      
[92mINFO [0m:      Received: train message 64923b67-332b-49ba-8357-5637ab74553c
[92mINFO [0m:      Sent reply
[92mINFO [0m:      
[92mINFO [0m:      Received: evaluate message 9855d0d9-1f1c-4589-b5e8-21d2b6a7c39c
[92mINFO [0m:      Sent reply
[92mINFO [0m:      
[92mINFO [0m:      Received: train message 62fb1d94-f633-4a87-9ea3-bf32d54b18e9
[92mINFO [0m:      Sent reply
[92mINFO [0m:      
[92mINFO [0m:      Received: evaluate message 2c4f5565-b2f9-4402-acc8-3ebe66da9b75
[92mINFO [0m:      Sent reply
[92mINFO [0m:      
[92mINFO [0m:      Received: train message 847dd37a-f95c-4b6f-860b-00558f743184
[92mINFO [0m:      Sent reply
[92mINFO [0m:      
[92mINFO [0m:      Received: evaluate message aa3a17e4-014a-4fc3-b2ba-63d545954492
[92mINFO [0m:      Sent reply
[92mINFO [0m:      
[92mINFO [0m:      Received: train message 449446a4-829d-4cf8-810e-d0c7b216d15a
[92mINFO [0m:      Sent reply
[92mINFO [0m:      
[92mINFO [0m:      Received: evaluate message 022e8f29-c65f-4528-926e-fba63146073f
[92mINFO [0m:      Sent reply
[92mINFO [0m:      
[92mINFO [0m:      Received: train message 3ade9ca5-1ae0-403e-99f7-d38c75fe5702
[92mINFO [0m:      Sent reply
[92mINFO [0m:      
[92mINFO [0m:      Received: evaluate message e4cf6ccd-1348-49c9-8f46-e5f6ba6ea5cc
[92mINFO [0m:      Sent reply
[92mINFO [0m:      
[92mINFO [0m:      Received: train message 75983cc7-c443-4082-a9fb-0467d0e07553
[92mINFO [0m:      Sent reply
[92mINFO [0m:      
[92mINFO [0m:      Received: evaluate message 48fb971e-6a59-4919-8a7e-403814d64d24
[92mINFO [0m:      Sent reply
[92mINFO [0m:      
[92mINFO [0m:      Received: train message 9f7a2edc-d3f8-4c6d-999b-1720bca4f7a5
[92mINFO [0m:      Sent reply
[92mINFO [0m:      
[92mINFO [0m:      Received: evaluate message 3f8b0ae2-7d8f-4bf2-80b2-4fad0b4fb086
[92mINFO [0m:      Sent reply
[92mINFO [0m:      
[92mINFO [0m:      Received: train message 1f258280-1905-40ad-88c0-307ca0b45651
[92mINFO [0m:      Sent reply
[92mINFO [0m:      
[92mINFO [0m:      Received: evaluate message 6bdbfb23-9030-42ce-93ed-131153a86022
[92mINFO [0m:      Sent reply
[92mINFO [0m:      
[92mINFO [0m:      Received: train message 795edf99-9601-4b11-ac36-e12a861e2649
[92mINFO [0m:      Sent reply
[92mINFO [0m:      
[92mINFO [0m:      Received: evaluate message 1ebdf487-d2fe-4dac-b362-af4e72da9bf9
[92mINFO [0m:      Sent reply
[92mINFO [0m:      
[92mINFO [0m:      Received: train message 00cd47ce-e388-41f6-9247-a7860e919f9f
[92mINFO [0m:      Sent reply
[92mINFO [0m:      
[92mINFO [0m:      Received: evaluate message 63935255-ad6b-492d-911f-f481ec3183f2
[92mINFO [0m:      Sent reply
[92mINFO [0m:      
[92mINFO [0m:      Received: train message aaf51293-a41c-4c07-8e25-3cd295a44a59
[92mINFO [0m:      Sent reply
[92mINFO [0m:      
[92mINFO [0m:      Received: evaluate message 1793452c-5ebc-41bd-8066-e0bdf9a2b3d0
[92mINFO [0m:      Sent reply
[92mINFO [0m:      
[92mINFO [0m:      Received: train message 37bba70d-fe2e-4301-a7a9-1c5df07d6c35
[92mINFO [0m:      Sent reply
[92mINFO [0m:      
[92mINFO [0m:      Received: evaluate message 8c22f735-9861-44b7-88a2-220b7466e0b9
[92mINFO [0m:      Sent reply
[92mINFO [0m:      
[92mINFO [0m:      Received: train message 7cb70597-2cfe-4e03-a132-2a23f3834159
[92mINFO [0m:      Sent reply
[92mINFO [0m:      
[92mINFO [0m:      Received: evaluate message 386b8769-06d8-4eff-b2eb-c8e84d8493c0
[92mINFO [0m:      Sent reply
[92mINFO [0m:      
[92mINFO [0m:      Received: train message f1d41519-9f91-4c69-9043-c834ed237fcb
[92mINFO [0m:      Sent reply
[92mINFO [0m:      
[92mINFO [0m:      Received: evaluate message 0b0e7f3f-05c3-4857-acab-ae30af92698b
[92mINFO [0m:      Sent reply
[92mINFO [0m:      
[92mINFO [0m:      Received: train message 3f986782-56cf-4f5f-98b0-f4f97a1d8664
[92mINFO [0m:      Sent reply
[92mINFO [0m:      
[92mINFO [0m:      Received: evaluate message 6da6d5d7-47c5-4834-ba8a-7ce4cc5681c0
[92mINFO [0m:      Sent reply
[92mINFO [0m:      
[92mINFO [0m:      Received: train message 8ae57522-0d19-491c-936e-d4fd33282ef1
[92mINFO [0m:      Sent reply
[92mINFO [0m:      
[92mINFO [0m:      Received: evaluate message dd548952-4976-409d-bc17-240d5d54bdd1
[92mINFO [0m:      Sent reply
[92mINFO [0m:      
[92mINFO [0m:      Received: train message 9e38c733-a3d9-485b-b6d6-dc7b9f52f1b2
[92mINFO [0m:      Sent reply
[92mINFO [0m:      
[92mINFO [0m:      Received: evaluate message 2a1da1b0-3fac-4f4b-84f4-24e48b0fa4e0
[92mINFO [0m:      Sent reply
[92mINFO [0m:      
[92mINFO [0m:      Received: train message b3a9b192-4a6e-49df-8872-2eb8c6179bf6
[92mINFO [0m:      Sent reply
[92mINFO [0m:      
[92mINFO [0m:      Received: evaluate message 000ab686-9b6f-426a-ada8-266890febf20
[92mINFO [0m:      Sent reply
[92mINFO [0m:      
[92mINFO [0m:      Received: train message cc0b328c-d754-4ed1-8aae-3901af7110bc
[92mINFO [0m:      Sent reply
[92mINFO [0m:      
[92mINFO [0m:      Received: evaluate message bb03dd79-77db-4825-ab95-a5d6c6b686c3
[92mINFO [0m:      Sent reply
[92mINFO [0m:      
[92mINFO [0m:      Received: train message d7e1ab28-7aa5-455f-b01f-9310eaf185f7
[92mINFO [0m:      Sent reply
[92mINFO [0m:      
[92mINFO [0m:      Received: evaluate message 45e2db30-9b0e-42d3-bb94-6e8163286443
[92mINFO [0m:      Sent reply
[92mINFO [0m:      
[92mINFO [0m:      Received: train message 2e3a3f28-7a05-4eba-b13b-54dd495daa26
[92mINFO [0m:      Sent reply
[92mINFO [0m:      
[92mINFO [0m:      Received: evaluate message ef9964ec-f149-4725-8f22-eeb81776bd9e
[92mINFO [0m:      Sent reply
[92mINFO [0m:      
[92mINFO [0m:      Received: train message 44f1472a-a731-40aa-b733-36a1519eb116
[92mINFO [0m:      Sent reply
[92mINFO [0m:      
[92mINFO [0m:      Received: evaluate message 06f557f1-4e60-466e-9c4e-ab03fe501137
[92mINFO [0m:      Sent reply
[92mINFO [0m:      
[92mINFO [0m:      Received: train message 652aff35-7868-4d90-b4b3-cd8e5d213d60
[92mINFO [0m:      Sent reply
[92mINFO [0m:      
[92mINFO [0m:      Received: evaluate message 749dfa2b-ead2-480a-a272-65b3dcb90696
[92mINFO [0m:      Sent reply
[92mINFO [0m:      
[92mINFO [0m:      Received: train message 40672f87-47f5-426e-9247-f778a9722d56
[92mINFO [0m:      Sent reply
[92mINFO [0m:      
[92mINFO [0m:      Received: evaluate message f3cc347d-6913-4baf-b934-f1fead7570a7
[92mINFO [0m:      Sent reply
[92mINFO [0m:      
[92mINFO [0m:      Received: train message 303976b5-f875-4837-a83a-4aacadf2913d
[92mINFO [0m:      Sent reply
[92mINFO [0m:      
[92mINFO [0m:      Received: evaluate message 563a848c-cf41-4672-a9cf-b65b13e3320e
[92mINFO [0m:      Sent reply
[92mINFO [0m:      
[92mINFO [0m:      Received: train message 277adc69-abc8-4460-8ff8-dfdc1f6373ea
[92mINFO [0m:      Sent reply
[92mINFO [0m:      
[92mINFO [0m:      Received: evaluate message 1d18a118-610f-456d-bc05-5cbcf136d09e
[92mINFO [0m:      Sent reply
[92mINFO [0m:      
[92mINFO [0m:      Received: train message ecf3c35b-2557-4bb5-9a5f-dfb1337bebf4
[92mINFO [0m:      Sent reply
[92mINFO [0m:      
[92mINFO [0m:      Received: evaluate message ba98e3a0-0c64-4048-8396-e494d736e053
[92mINFO [0m:      Sent reply
[92mINFO [0m:      
[92mINFO [0m:      Received: train message 11ed929c-4bdf-4344-91dd-bfc827a3e6b4
[92mINFO [0m:      Sent reply
[92mINFO [0m:      
[92mINFO [0m:      Received: evaluate message e90128bb-8528-40ff-8436-14febb16d3f5
[92mINFO [0m:      Sent reply
[92mINFO [0m:      
[92mINFO [0m:      Received: train message 46abe686-b77c-47ce-a7fd-693e265b0324
[92mINFO [0m:      Sent reply
[92mINFO [0m:      
[92mINFO [0m:      Received: evaluate message b669a6b7-1644-4b42-a767-227e21e0c389
[92mINFO [0m:      Sent reply
[92mINFO [0m:      
[92mINFO [0m:      Received: train message 43c58d74-9ba4-47ae-9428-3884ce26ff8d
[92mINFO [0m:      Sent reply
[92mINFO [0m:      
[92mINFO [0m:      Received: evaluate message 6d1c8a11-be3e-452e-a89b-352776c64129
[92mINFO [0m:      Sent reply
[92mINFO [0m:      
[92mINFO [0m:      Received: reconnect message 069eb2ed-a6ce-482b-b9fb-84f4268dd342
[92mINFO [0m:      Disconnect and shut down
