[93mWARNING [0m:   DEPRECATED FEATURE: flwr.client.start_client() is deprecated.
	Instead, use the `flower-supernode` CLI command to start a SuperNode as shown below:

		$ flower-supernode --insecure --superlink='<IP>:<PORT>'

	To view all available options, run:

		$ flower-supernode --help

	Using `start_client()` is deprecated.

            This is a deprecated feature. It will be removed
            entirely in future versions of Flower.
        
[92mINFO [0m:      
[92mINFO [0m:      Received: train message dd238de4-9644-4c62-bada-adceb2500d4a
Data poisoning
Data poisoned successfully
[92mINFO [0m:      Sent reply
[92mINFO [0m:      
[92mINFO [0m:      Received: evaluate message ede083df-63cd-433b-abf5-bf0528a3c04c
[92mINFO [0m:      Sent reply
[92mINFO [0m:      
[92mINFO [0m:      Received: train message 39ba910d-1d3b-45a9-811e-f9cb6ccfc7b3
Data poisoning
Data poisoned successfully
[92mINFO [0m:      Sent reply
[92mINFO [0m:      
[92mINFO [0m:      Received: evaluate message 44699939-5064-495b-a5d8-8785837f6c92
[92mINFO [0m:      Sent reply
[92mINFO [0m:      
[92mINFO [0m:      Received: train message e0d94e1f-c33a-4608-b7d0-b279ffa7078b
Data poisoning
Data poisoned successfully
[92mINFO [0m:      Sent reply
[92mINFO [0m:      
[92mINFO [0m:      Received: evaluate message 0aa9770f-24e7-49c7-b39a-f0da65be3556
[92mINFO [0m:      Sent reply
[92mINFO [0m:      
[92mINFO [0m:      Received: train message 07c91469-404e-4493-bb79-3a5bc1a835ef
Data poisoning
Data poisoned successfully
[92mINFO [0m:      Sent reply
[92mINFO [0m:      
[92mINFO [0m:      Received: evaluate message b00f4a93-55a8-4df7-91db-653390bf43f9
[92mINFO [0m:      Sent reply
[92mINFO [0m:      
[92mINFO [0m:      Received: train message 5825ab75-d4d9-45d7-af45-62ac2f78be3c
Data poisoning
Data poisoned successfully
[92mINFO [0m:      Sent reply
[92mINFO [0m:      
[92mINFO [0m:      Received: evaluate message 823af896-be9f-417f-ba8d-10ce581a5ecc
[92mINFO [0m:      Sent reply
[92mINFO [0m:      
[92mINFO [0m:      Received: train message eb412ec0-196e-48ef-a2a8-ad15d1021c62
Data poisoning
Data poisoned successfully
[92mINFO [0m:      Sent reply
[92mINFO [0m:      
[92mINFO [0m:      Received: evaluate message 5277238f-3c4e-4142-a9db-441935cbfc9e
[92mINFO [0m:      Sent reply
[92mINFO [0m:      
[92mINFO [0m:      Received: train message 908d6d04-2d36-4ff0-9209-3f5f158f8e32
Data poisoning
Data poisoned successfully
[92mINFO [0m:      Sent reply
[92mINFO [0m:      
[92mINFO [0m:      Received: evaluate message 502890d8-9f24-4360-8a63-146cc21be942
[92mINFO [0m:      Sent reply
[92mINFO [0m:      
[92mINFO [0m:      Received: train message 0580054f-dd8e-483c-a0c9-99f701fc4e66
Data poisoning
Data poisoned successfully
[92mINFO [0m:      Sent reply
[92mINFO [0m:      
[92mINFO [0m:      Received: evaluate message 874f8deb-56c1-4687-bfc7-9a62aa87af37
[92mINFO [0m:      Sent reply
[92mINFO [0m:      
[92mINFO [0m:      Received: train message 169ee013-fca1-4009-95c0-5bae7974dfb7
Data poisoning
Data poisoned successfully
[92mINFO [0m:      Sent reply
[92mINFO [0m:      
[92mINFO [0m:      Received: evaluate message 8c0f64c1-f63c-40f6-9919-f27411f29de2
[92mINFO [0m:      Sent reply
[92mINFO [0m:      
[92mINFO [0m:      Received: train message 84e07bef-f447-41f5-b5a2-f4c2b05b5017
Data poisoning
Data poisoned successfully
[92mINFO [0m:      Sent reply
[92mINFO [0m:      
[92mINFO [0m:      Received: evaluate message f9e24f05-679c-4677-91b3-79eb8e3834bc
[92mINFO [0m:      Sent reply
[92mINFO [0m:      
[92mINFO [0m:      Received: train message 3d9adf6b-3824-4416-b76c-0d9c952d37a9
Data poisoning
Data poisoned successfully
[92mINFO [0m:      Sent reply
[92mINFO [0m:      
[92mINFO [0m:      Received: evaluate message 222b1e03-09f3-450a-b560-ec61d77bbd9c
[92mINFO [0m:      Sent reply
[92mINFO [0m:      
[92mINFO [0m:      Received: train message 6efecdf5-3991-4eea-ae45-c5c61501392f
Data poisoning
Data poisoned successfully
[92mINFO [0m:      Sent reply
[92mINFO [0m:      
[92mINFO [0m:      Received: evaluate message 7d0df093-2693-4068-bc49-7581a7040e32
[92mINFO [0m:      Sent reply
[92mINFO [0m:      
[92mINFO [0m:      Received: train message 575338a7-e1c3-404c-b912-e582db48875a
Data poisoning
Data poisoned successfully
[92mINFO [0m:      Sent reply
[92mINFO [0m:      
[92mINFO [0m:      Received: evaluate message 0c661c6c-4881-4ec1-b03f-28c3e850b1cd
[92mINFO [0m:      Sent reply
[92mINFO [0m:      
[92mINFO [0m:      Received: train message 80ced42f-2d44-4ffe-830a-0350d6c91491
Data poisoning
Data poisoned successfully
[92mINFO [0m:      Sent reply
[92mINFO [0m:      
[92mINFO [0m:      Received: evaluate message 2ae33ce6-b903-4c06-95a0-a1dbc8fd01a3
[92mINFO [0m:      Sent reply
[92mINFO [0m:      
[92mINFO [0m:      Received: train message 8bee3f72-461f-43f6-960d-3f569347e241
Data poisoning
Data poisoned successfully
[92mINFO [0m:      Sent reply
[92mINFO [0m:      
[92mINFO [0m:      Received: evaluate message e79942dc-6301-441a-935a-1873af026039
[92mINFO [0m:      Sent reply
[92mINFO [0m:      
[92mINFO [0m:      Received: train message 15e8bee1-8f0a-47f5-8775-3b3ed29be9bb
Data poisoning
Data poisoned successfully
[92mINFO [0m:      Sent reply
[92mINFO [0m:      
[92mINFO [0m:      Received: evaluate message f488c5a5-cc02-487c-bce0-af0fdc8e7a85
[92mINFO [0m:      Sent reply
[92mINFO [0m:      
[92mINFO [0m:      Received: train message ca6d0858-444a-4a98-9c0d-e918f96f8c44
Data poisoning
Data poisoned successfully
[92mINFO [0m:      Sent reply
[92mINFO [0m:      
[92mINFO [0m:      Received: evaluate message 73d67125-34bb-4343-b836-5005650c06c0
[92mINFO [0m:      Sent reply
[92mINFO [0m:      
[92mINFO [0m:      Received: train message b30c50b9-4799-4043-952f-a0b5483509b0
Data poisoning
Data poisoned successfully
[92mINFO [0m:      Sent reply
[92mINFO [0m:      
[92mINFO [0m:      Received: evaluate message 9a86f690-b083-4095-a0a0-e43d27f323e4
[92mINFO [0m:      Sent reply
[92mINFO [0m:      
[92mINFO [0m:      Received: train message 4a8bdbd5-bd1d-470b-8e1f-9e3067fadcaa
Data poisoning
Data poisoned successfully
[92mINFO [0m:      Sent reply
[92mINFO [0m:      
[92mINFO [0m:      Received: evaluate message 2b5b6165-e2d1-425b-bccc-34c8619f9e94
[92mINFO [0m:      Sent reply
[92mINFO [0m:      
[92mINFO [0m:      Received: train message e54c42fa-4119-4671-acb3-17baa5c7282c
Data poisoning
Data poisoned successfully
[92mINFO [0m:      Sent reply
[92mINFO [0m:      
[92mINFO [0m:      Received: evaluate message 4833b320-6382-4d57-a51f-42313720e7ea
[92mINFO [0m:      Sent reply
[92mINFO [0m:      
[92mINFO [0m:      Received: train message 4d1e2c51-be7f-49de-8a1c-b99fcaa3e6d0
Data poisoning
Data poisoned successfully
[92mINFO [0m:      Sent reply
[92mINFO [0m:      
[92mINFO [0m:      Received: evaluate message 4118d235-8e40-4800-9780-c7c4313c5f63
[92mINFO [0m:      Sent reply
[92mINFO [0m:      
[92mINFO [0m:      Received: train message d6604ce7-82b3-46e0-b858-539839f0bd98
Data poisoning
Data poisoned successfully
[92mINFO [0m:      Sent reply
[92mINFO [0m:      
[92mINFO [0m:      Received: evaluate message 004ca948-b97e-4910-aa3c-ae58a4e9fdba
[92mINFO [0m:      Sent reply
[92mINFO [0m:      
[92mINFO [0m:      Received: train message 82c07c0a-8889-4a92-8992-ebdf1f58fdfd
Data poisoning
Data poisoned successfully
[92mINFO [0m:      Sent reply
[92mINFO [0m:      
[92mINFO [0m:      Received: evaluate message ac3a37d6-c1bc-439f-a9a5-e5fc9d2a7f12
[92mINFO [0m:      Sent reply
[92mINFO [0m:      
[92mINFO [0m:      Received: train message a4d094fb-0032-4737-aa6c-c4131ff2b32c
Data poisoning
Data poisoned successfully
[92mINFO [0m:      Sent reply
[92mINFO [0m:      
[92mINFO [0m:      Received: evaluate message edb9fde5-7880-44f8-920b-d34e3f528a68
[92mINFO [0m:      Sent reply
[92mINFO [0m:      
[92mINFO [0m:      Received: train message 2fb2f31a-8061-47a0-96f8-387cc0f03460
Data poisoning
Data poisoned successfully
[92mINFO [0m:      Sent reply
[92mINFO [0m:      
[92mINFO [0m:      Received: evaluate message 284551b7-e811-437f-952f-fda1462cd25b
[92mINFO [0m:      Sent reply
[92mINFO [0m:      
[92mINFO [0m:      Received: train message 1c281aa6-ac57-43d3-a182-6b705b1e8e73
Data poisoning
Data poisoned successfully
[92mINFO [0m:      Sent reply
[92mINFO [0m:      
[92mINFO [0m:      Received: evaluate message 3afaa43f-5eee-4ce0-af41-16757ddec7d1
[92mINFO [0m:      Sent reply
[92mINFO [0m:      
[92mINFO [0m:      Received: train message 16ce35c2-d199-4a89-abf6-2da90c66c071
Data poisoning
Data poisoned successfully
[92mINFO [0m:      Sent reply
[92mINFO [0m:      
[92mINFO [0m:      Received: evaluate message 76cf2e4b-7c14-4217-a984-62948e8bb4fd
[92mINFO [0m:      Sent reply
[92mINFO [0m:      
[92mINFO [0m:      Received: train message d9ffbcb9-a5ea-449f-bdcb-3add347a50a4
Data poisoning
Data poisoned successfully
[92mINFO [0m:      Sent reply
[92mINFO [0m:      
[92mINFO [0m:      Received: evaluate message 39f7f106-cf11-4198-9c57-e23da5f55d79
[92mINFO [0m:      Sent reply
[92mINFO [0m:      
[92mINFO [0m:      Received: train message 372c3717-b92b-4491-8def-067f19daa014
Data poisoning
Data poisoned successfully
[92mINFO [0m:      Sent reply
[92mINFO [0m:      
[92mINFO [0m:      Received: evaluate message 76ba3e83-3213-44c1-94c1-82e56736e0f6
[92mINFO [0m:      Sent reply
[92mINFO [0m:      
[92mINFO [0m:      Received: train message 8ad20ba9-edc3-46d6-ae8b-0a2c34a23ca9
Data poisoning
Data poisoned successfully
[92mINFO [0m:      Sent reply
[92mINFO [0m:      
[92mINFO [0m:      Received: evaluate message b9ee9ce8-58f7-4e49-9a28-a0b74fad5200
[92mINFO [0m:      Sent reply
[92mINFO [0m:      
[92mINFO [0m:      Received: train message 6cc4f27a-9369-4822-97a6-fe8624e2be9e
Data poisoning
Data poisoned successfully
[92mINFO [0m:      Sent reply
[92mINFO [0m:      
[92mINFO [0m:      Received: evaluate message d8eaced5-36a5-4b22-ac6d-019e0013116b
[92mINFO [0m:      Sent reply
[92mINFO [0m:      
[92mINFO [0m:      Received: train message 4c5e4a81-30ca-4566-b980-1ab376bc7411
Data poisoning
Data poisoned successfully
[92mINFO [0m:      Sent reply
[92mINFO [0m:      
[92mINFO [0m:      Received: evaluate message 0461497e-40bd-453b-979e-3fba2c4805e6
[92mINFO [0m:      Sent reply
[92mINFO [0m:      
[92mINFO [0m:      Received: train message 784dedde-b6fd-4c71-9577-c7a529515df7
Data poisoning
Data poisoned successfully
[92mINFO [0m:      Sent reply
[92mINFO [0m:      
[92mINFO [0m:      Received: evaluate message a30049ac-aabd-4ab5-85cf-d513dbf59110
[92mINFO [0m:      Sent reply
[92mINFO [0m:      
[92mINFO [0m:      Received: train message d2cb907b-b62c-4e73-b87d-44f520f6d040
Data poisoning
Data poisoned successfully
[92mINFO [0m:      Sent reply
[92mINFO [0m:      
[92mINFO [0m:      Received: evaluate message b6a19ee8-44b4-436f-b9f6-fae9cb714dd8
[92mINFO [0m:      Sent reply
[92mINFO [0m:      
[92mINFO [0m:      Received: train message 43f3e965-cc7e-4b2c-9b09-14d7aa9ff141
Data poisoning
Data poisoned successfully
[92mINFO [0m:      Sent reply
[92mINFO [0m:      
[92mINFO [0m:      Received: evaluate message f95edb12-648e-4e6d-b345-b5c42127cf6e
[92mINFO [0m:      Sent reply
[92mINFO [0m:      
[92mINFO [0m:      Received: train message b53257cc-2a7e-417c-a3f5-8003877d1042
Data poisoning
Data poisoned successfully
[92mINFO [0m:      Sent reply
[92mINFO [0m:      
[92mINFO [0m:      Received: evaluate message 04568d25-8de8-426c-b8a8-2423e59c6e90
[92mINFO [0m:      Sent reply
[92mINFO [0m:      
[92mINFO [0m:      Received: train message f8417083-978e-4ed4-8a07-2a40be798b03
Data poisoning
Data poisoned successfully
[92mINFO [0m:      Sent reply
[92mINFO [0m:      
[92mINFO [0m:      Received: evaluate message 58dab3b7-b0db-4d48-8854-719f82ffc46b
[92mINFO [0m:      Sent reply
[92mINFO [0m:      
[92mINFO [0m:      Received: train message c4eefb2a-2122-481e-8aab-b462909e2893
Data poisoning
Data poisoned successfully
[92mINFO [0m:      Sent reply
[92mINFO [0m:      
[92mINFO [0m:      Received: evaluate message e74e125d-15f4-4e02-be27-984308f64160
[92mINFO [0m:      Sent reply
[92mINFO [0m:      
[92mINFO [0m:      Received: train message 066377ea-e24f-4338-94d7-7ba47861fedd
Data poisoning
Data poisoned successfully
[92mINFO [0m:      Sent reply
[92mINFO [0m:      
[92mINFO [0m:      Received: evaluate message 54002580-fdac-4aeb-92b6-f6e820cd0889
[92mINFO [0m:      Sent reply
[92mINFO [0m:      
[92mINFO [0m:      Received: train message 960cee3f-3725-47ae-a1fa-7f4f3452cfcf
Data poisoning
Data poisoned successfully
[92mINFO [0m:      Sent reply
[92mINFO [0m:      
[92mINFO [0m:      Received: evaluate message 104519e7-ae54-4908-af6b-50621749b122
[92mINFO [0m:      Sent reply
[92mINFO [0m:      
[92mINFO [0m:      Received: train message 8869abe7-75f8-4eb9-9262-3a36221e94f4
Data poisoning
Data poisoned successfully
[92mINFO [0m:      Sent reply
[92mINFO [0m:      
[92mINFO [0m:      Received: evaluate message 3887a7f9-7978-4fdc-a2f1-0f2ffabcb43e
[92mINFO [0m:      Sent reply
[92mINFO [0m:      
[92mINFO [0m:      Received: train message e23260bb-e256-4666-bca7-fd7cb9a21472
Data poisoning
Data poisoned successfully
[92mINFO [0m:      Sent reply
[92mINFO [0m:      
[92mINFO [0m:      Received: evaluate message 4254b18a-813d-4f21-9a12-8e0bfa5163e3
[92mINFO [0m:      Sent reply
[92mINFO [0m:      
[92mINFO [0m:      Received: train message 6c046e95-a902-408a-b537-90395ba63536
Data poisoning
Data poisoned successfully
[92mINFO [0m:      Sent reply
[92mINFO [0m:      
[92mINFO [0m:      Received: evaluate message eea9826f-215f-4e67-ac8d-c4735cf5c918
[92mINFO [0m:      Sent reply
[92mINFO [0m:      
[92mINFO [0m:      Received: train message 820cbb77-9c88-459d-b628-cafeb4ad321b
Data poisoning
Data poisoned successfully
[92mINFO [0m:      Sent reply
[92mINFO [0m:      
[92mINFO [0m:      Received: evaluate message dc492cc8-c1c5-4509-b549-c233141f2eca
[92mINFO [0m:      Sent reply
[92mINFO [0m:      
[92mINFO [0m:      Received: train message 94b9573a-ce4e-4771-a9ea-99897e142755
Data poisoning
Data poisoned successfully
[92mINFO [0m:      Sent reply
[92mINFO [0m:      
[92mINFO [0m:      Received: evaluate message 67188684-a537-4e83-914c-40395a4c6dab
[92mINFO [0m:      Sent reply
[92mINFO [0m:      
[92mINFO [0m:      Received: train message ac915a0a-5dea-4e4b-8b43-9ce7a845647b
Data poisoning
Data poisoned successfully
[92mINFO [0m:      Sent reply
[92mINFO [0m:      
[92mINFO [0m:      Received: evaluate message 41a6b28b-7551-46fa-993c-e596b847b902
[92mINFO [0m:      Sent reply
[92mINFO [0m:      
[92mINFO [0m:      Received: train message 111331bb-35fc-4a6c-8ac6-05d6c2f6a857
Data poisoning
Data poisoned successfully
[92mINFO [0m:      Sent reply
[92mINFO [0m:      
[92mINFO [0m:      Received: evaluate message a201b29f-a2cd-4f40-a3ee-7fc0ba2a86c8
[92mINFO [0m:      Sent reply
[92mINFO [0m:      
[92mINFO [0m:      Received: train message c4e42322-bec9-41b2-ba68-5fd6e7de5818
Data poisoning
Data poisoned successfully
[92mINFO [0m:      Sent reply
[92mINFO [0m:      
[92mINFO [0m:      Received: evaluate message ae5b931d-d3f4-4c9e-925e-6a0fbc2df39f
[92mINFO [0m:      Sent reply
[92mINFO [0m:      
[92mINFO [0m:      Received: train message cbbb1390-09cf-415f-8148-04c2282de55a
Data poisoning
Data poisoned successfully
[92mINFO [0m:      Sent reply
[92mINFO [0m:      
[92mINFO [0m:      Received: evaluate message b6316a2c-43a9-4974-aadb-e1268ede32c4
[92mINFO [0m:      Sent reply
[92mINFO [0m:      
[92mINFO [0m:      Received: train message e76b4be1-7ac5-40bb-9665-311d437b5bee
Data poisoning
Data poisoned successfully
[92mINFO [0m:      Sent reply
[92mINFO [0m:      
[92mINFO [0m:      Received: evaluate message 6f090445-4cb3-4b8c-804b-734336db7ed7
[92mINFO [0m:      Sent reply
[92mINFO [0m:      
[92mINFO [0m:      Received: reconnect message ca7840a9-ed77-4be7-8dd5-2081e322967a
[92mINFO [0m:      Disconnect and shut down
