[93mWARNING [0m:   DEPRECATED FEATURE: flwr.client.start_client() is deprecated.
	Instead, use the `flower-supernode` CLI command to start a SuperNode as shown below:

		$ flower-supernode --insecure --superlink='<IP>:<PORT>'

	To view all available options, run:

		$ flower-supernode --help

	Using `start_client()` is deprecated.

            This is a deprecated feature. It will be removed
            entirely in future versions of Flower.
        
[92mINFO [0m:      
[92mINFO [0m:      Received: train message 341cdc0a-7113-450e-aab1-ec7fd6f95683
[92mINFO [0m:      Sent reply
[92mINFO [0m:      
[92mINFO [0m:      Received: evaluate message ac947237-4222-426d-8ef2-4a6c6ea77451
[92mINFO [0m:      Sent reply
[92mINFO [0m:      
[92mINFO [0m:      Received: train message e3247a05-def8-42fb-84a5-48005a60c638
[92mINFO [0m:      Sent reply
[92mINFO [0m:      
[92mINFO [0m:      Received: evaluate message aa8cb891-6930-4da5-9914-317c19ec481b
[92mINFO [0m:      Sent reply
[92mINFO [0m:      
[92mINFO [0m:      Received: train message 851691fe-b05d-406b-94e4-f75acb578acb
[92mINFO [0m:      Sent reply
[92mINFO [0m:      
[92mINFO [0m:      Received: evaluate message d5ff8403-87f4-454f-ad03-f48de2a479c6
[92mINFO [0m:      Sent reply
[92mINFO [0m:      
[92mINFO [0m:      Received: train message 9ae499af-a349-4563-935f-a0cc40d9aae6
[92mINFO [0m:      Sent reply
[92mINFO [0m:      
[92mINFO [0m:      Received: evaluate message 2263bd62-b0ff-4cb2-8399-6f546947f475
[92mINFO [0m:      Sent reply
[92mINFO [0m:      
[92mINFO [0m:      Received: train message d9cabbee-00a7-48d8-bbfc-f4cd1c28eb04
[92mINFO [0m:      Sent reply
[92mINFO [0m:      
[92mINFO [0m:      Received: evaluate message 7e274ce6-91ed-4933-b6d6-79328bd153d5
[92mINFO [0m:      Sent reply
[92mINFO [0m:      
[92mINFO [0m:      Received: train message 12a5439f-2212-41f7-97ae-602c31f68c6c
[92mINFO [0m:      Sent reply
[92mINFO [0m:      
[92mINFO [0m:      Received: evaluate message e902a229-8d47-48ea-ade2-d841c8ab941a
[92mINFO [0m:      Sent reply
[92mINFO [0m:      
[92mINFO [0m:      Received: train message 8196a520-1efd-484e-a42c-1cb88dc74edb
[92mINFO [0m:      Sent reply
[92mINFO [0m:      
[92mINFO [0m:      Received: evaluate message 3ee6398c-0c5b-455f-bb94-3e438792fbf4
[92mINFO [0m:      Sent reply
[92mINFO [0m:      
[92mINFO [0m:      Received: train message 3a47cb49-4ad1-41ee-900e-6c339671d6d9
[92mINFO [0m:      Sent reply
[92mINFO [0m:      
[92mINFO [0m:      Received: evaluate message e24f0e9e-d3b9-46c9-a658-3956b5603981
[92mINFO [0m:      Sent reply
[92mINFO [0m:      
[92mINFO [0m:      Received: train message 6f71586a-11b7-4ecf-b7a1-fa4fc5000c9c
[92mINFO [0m:      Sent reply
[92mINFO [0m:      
[92mINFO [0m:      Received: evaluate message 52ace7ee-071a-4eed-a964-235ec3551248
[92mINFO [0m:      Sent reply
[92mINFO [0m:      
[92mINFO [0m:      Received: train message c642d808-921b-457d-9e7b-f6c6a0082a3c
[92mINFO [0m:      Sent reply
[92mINFO [0m:      
[92mINFO [0m:      Received: evaluate message cd8327d4-8646-4ab2-b85c-a604e670267c
[92mINFO [0m:      Sent reply
[92mINFO [0m:      
[92mINFO [0m:      Received: train message 6d9eb55d-cb50-4b09-b080-59a620ca6000
[92mINFO [0m:      Sent reply
[92mINFO [0m:      
[92mINFO [0m:      Received: evaluate message 09a6d18b-5b80-4803-9c52-35c79dca6ae1
[92mINFO [0m:      Sent reply
[92mINFO [0m:      
[92mINFO [0m:      Received: train message 8186007d-0464-4554-84f3-87341bd86861
[92mINFO [0m:      Sent reply
[92mINFO [0m:      
[92mINFO [0m:      Received: evaluate message 55cd5dce-0714-434f-aea8-bce294094c6d
[92mINFO [0m:      Sent reply
[92mINFO [0m:      
[92mINFO [0m:      Received: train message 1d0bc67c-bbf3-406a-b2fa-6b04915dfad5
[92mINFO [0m:      Sent reply
[92mINFO [0m:      
[92mINFO [0m:      Received: evaluate message 8e4e5e35-2ae9-4691-b2ba-cfbbbe266025
[92mINFO [0m:      Sent reply
[92mINFO [0m:      
[92mINFO [0m:      Received: train message 43a32697-917b-4e82-8da0-17e3a3dc5a6b
[92mINFO [0m:      Sent reply
[92mINFO [0m:      
[92mINFO [0m:      Received: evaluate message 8c76491c-d0ff-464b-bd02-1da520372462
[92mINFO [0m:      Sent reply
[92mINFO [0m:      
[92mINFO [0m:      Received: train message e813a024-c340-4d74-915f-b4403167e9a2
[92mINFO [0m:      Sent reply
[92mINFO [0m:      
[92mINFO [0m:      Received: evaluate message 343f6a18-d884-44b6-b1b8-7a3442fd41c4
[92mINFO [0m:      Sent reply
[92mINFO [0m:      
[92mINFO [0m:      Received: train message 39903f71-8100-486a-9dcb-11b9357bb258
[92mINFO [0m:      Sent reply
[92mINFO [0m:      
[92mINFO [0m:      Received: evaluate message c78bbe54-b591-4400-98e0-046aee4ce3a2
[92mINFO [0m:      Sent reply
[92mINFO [0m:      
[92mINFO [0m:      Received: train message 249cf4a4-a43b-4bbc-b44f-c0fc1cf7f26b
[92mINFO [0m:      Sent reply
[92mINFO [0m:      
[92mINFO [0m:      Received: evaluate message 2cb3c7e5-c4c5-4e2a-afdd-5317bbe34115
[92mINFO [0m:      Sent reply
[92mINFO [0m:      
[92mINFO [0m:      Received: train message 84e38642-d584-4535-9a63-539585577cff
[92mINFO [0m:      Sent reply
[92mINFO [0m:      
[92mINFO [0m:      Received: evaluate message 080d6878-34bf-4fea-adbe-519e5e1d2e0a
[92mINFO [0m:      Sent reply
[92mINFO [0m:      
[92mINFO [0m:      Received: train message 1e603825-fa9d-4f4c-845f-5866bf6f970d
[92mINFO [0m:      Sent reply
[92mINFO [0m:      
[92mINFO [0m:      Received: evaluate message 25292615-79c8-4fd5-8d22-99765f09638f
[92mINFO [0m:      Sent reply
[92mINFO [0m:      
[92mINFO [0m:      Received: train message 5bf83fea-62c9-4338-b85d-d5549653402e
[92mINFO [0m:      Sent reply
[92mINFO [0m:      
[92mINFO [0m:      Received: evaluate message a71afbb2-762e-4a18-8819-6d0e4e7b31bd
[92mINFO [0m:      Sent reply
[92mINFO [0m:      
[92mINFO [0m:      Received: train message 9c048ce7-ad55-439d-848c-68aee9ad98d3
[92mINFO [0m:      Sent reply
[92mINFO [0m:      
[92mINFO [0m:      Received: evaluate message 52946cad-f012-4231-b16f-9b0ffdd18898
[92mINFO [0m:      Sent reply
[92mINFO [0m:      
[92mINFO [0m:      Received: train message 2bd8f1f0-65c3-4b90-9c6e-1abe8f09725d
[92mINFO [0m:      Sent reply
[92mINFO [0m:      
[92mINFO [0m:      Received: evaluate message a2a58897-34de-4dca-8de7-4247600ad8d9
[92mINFO [0m:      Sent reply
[92mINFO [0m:      
[92mINFO [0m:      Received: train message 15318cac-9966-4a51-bbcd-6898c45e4de2
[92mINFO [0m:      Sent reply
[92mINFO [0m:      
[92mINFO [0m:      Received: evaluate message 4206f7cd-d390-4334-8b17-1e9eae985abc
[92mINFO [0m:      Sent reply
[92mINFO [0m:      
[92mINFO [0m:      Received: train message df52a1a1-2d3d-4d8b-b830-04e328eabc71
[92mINFO [0m:      Sent reply
[92mINFO [0m:      
[92mINFO [0m:      Received: evaluate message 407427b1-d114-4d83-83db-000f1fbb5672
[92mINFO [0m:      Sent reply
[92mINFO [0m:      
[92mINFO [0m:      Received: train message cb943bbb-d56c-43ae-a6f3-141d41a02265
[92mINFO [0m:      Sent reply
[92mINFO [0m:      
[92mINFO [0m:      Received: evaluate message 7672f943-abff-4984-84a4-a93559aa4af4
[92mINFO [0m:      Sent reply
[92mINFO [0m:      
[92mINFO [0m:      Received: train message 2ad2dc0d-7792-4f25-b61b-decdab833eaa
[92mINFO [0m:      Sent reply
[92mINFO [0m:      
[92mINFO [0m:      Received: evaluate message 97288fa2-f048-4f17-aba3-06a69cc95184
[92mINFO [0m:      Sent reply
[92mINFO [0m:      
[92mINFO [0m:      Received: train message d018a389-2adc-4f4c-b9d0-58710bd96ad7
[92mINFO [0m:      Sent reply
[92mINFO [0m:      
[92mINFO [0m:      Received: evaluate message 9a759ab5-e67d-4fc9-b276-a8da52533a06
[92mINFO [0m:      Sent reply
[92mINFO [0m:      
[92mINFO [0m:      Received: train message bf8e6a43-072e-4d6e-aa79-02d07fa69501
[92mINFO [0m:      Sent reply
[92mINFO [0m:      
[92mINFO [0m:      Received: evaluate message 6dafb7df-55c6-4264-90e9-c42ac2e25500
[92mINFO [0m:      Sent reply
[92mINFO [0m:      
[92mINFO [0m:      Received: train message 682bec30-12f9-4cb3-8089-6d84f5f6a7ff
[92mINFO [0m:      Sent reply
[92mINFO [0m:      
[92mINFO [0m:      Received: evaluate message cc32c6f8-992a-40a9-b9af-e065b32be0a1
[92mINFO [0m:      Sent reply
[92mINFO [0m:      
[92mINFO [0m:      Received: train message e7c2c0b3-7096-4a28-b155-b5e8048fb68c
[92mINFO [0m:      Sent reply
[92mINFO [0m:      
[92mINFO [0m:      Received: evaluate message 8c01841d-aa52-4fc2-b0b5-839573239cdf
[92mINFO [0m:      Sent reply
[92mINFO [0m:      
[92mINFO [0m:      Received: train message 3ce0f9da-fcc3-47c7-8199-a20a663837a4
[92mINFO [0m:      Sent reply
[92mINFO [0m:      
[92mINFO [0m:      Received: evaluate message a74c46c4-624c-4b98-9437-03454a523338
[92mINFO [0m:      Sent reply
[92mINFO [0m:      
[92mINFO [0m:      Received: train message 63ea5e90-f273-457d-a842-04558790e5c4
[92mINFO [0m:      Sent reply
[92mINFO [0m:      
[92mINFO [0m:      Received: evaluate message d24118ea-41c1-4bd0-852f-6ef5aceead62
[92mINFO [0m:      Sent reply
[92mINFO [0m:      
[92mINFO [0m:      Received: train message bf278f67-385b-4535-913e-4fc224d44324
[92mINFO [0m:      Sent reply
[92mINFO [0m:      
[92mINFO [0m:      Received: evaluate message 552656bd-ed09-43df-a554-bcd524662b6b
[92mINFO [0m:      Sent reply
[92mINFO [0m:      
[92mINFO [0m:      Received: train message c8db0d0c-2ef7-4fde-a4c9-f6b8d1352650
[92mINFO [0m:      Sent reply
[92mINFO [0m:      
[92mINFO [0m:      Received: evaluate message b43ee8b7-1d84-4262-8f92-8529d43a8488
[92mINFO [0m:      Sent reply
[92mINFO [0m:      
[92mINFO [0m:      Received: train message 9e913361-5ace-4b58-a4c5-9b26e64af78f
[92mINFO [0m:      Sent reply
[92mINFO [0m:      
[92mINFO [0m:      Received: evaluate message 422a5d08-446d-4c04-9a43-4bbc4a1a21bd
[92mINFO [0m:      Sent reply
[92mINFO [0m:      
[92mINFO [0m:      Received: train message e95a24aa-d44b-456e-8635-6c3d51155fa6
[92mINFO [0m:      Sent reply
[92mINFO [0m:      
[92mINFO [0m:      Received: evaluate message b13c00af-0dcc-40a9-b8e7-7e756bb258bc
[92mINFO [0m:      Sent reply
[92mINFO [0m:      
[92mINFO [0m:      Received: train message 263e243c-f0c6-487b-8d15-ced5b0b117bf
[92mINFO [0m:      Sent reply
[92mINFO [0m:      
[92mINFO [0m:      Received: evaluate message dd1af413-1a0d-4d90-90b5-47a61ae3cc0c
[92mINFO [0m:      Sent reply
[92mINFO [0m:      
[92mINFO [0m:      Received: train message 7ad15f82-bce2-4926-abab-8693cf733089
[92mINFO [0m:      Sent reply
[92mINFO [0m:      
[92mINFO [0m:      Received: evaluate message 87c2d8c4-236c-4b53-b52d-05b42b865ed6
[92mINFO [0m:      Sent reply
[92mINFO [0m:      
[92mINFO [0m:      Received: train message 0bcf1122-13a7-4dc9-9520-3e804142b6c1
[92mINFO [0m:      Sent reply
[92mINFO [0m:      
[92mINFO [0m:      Received: evaluate message 5ce3649d-0ab2-46ce-b6fd-7a9cf872f1b0
[92mINFO [0m:      Sent reply
[92mINFO [0m:      
[92mINFO [0m:      Received: train message b0dd4c66-67ee-4beb-affc-7fb1cf691254
[92mINFO [0m:      Sent reply
[92mINFO [0m:      
[92mINFO [0m:      Received: evaluate message 8aaa362d-9d83-4ca2-a8b5-2ac479196228
[92mINFO [0m:      Sent reply
[92mINFO [0m:      
[92mINFO [0m:      Received: train message 5e9f90ad-691b-4900-96d2-b81e7902a71a
[92mINFO [0m:      Sent reply
[92mINFO [0m:      
[92mINFO [0m:      Received: evaluate message 7e4558e0-d10f-4f31-86ba-3ec8abb11974
[92mINFO [0m:      Sent reply
[92mINFO [0m:      
[92mINFO [0m:      Received: train message 7021ab74-ea34-433f-83d4-ae7dbdb842ec
[92mINFO [0m:      Sent reply
[92mINFO [0m:      
[92mINFO [0m:      Received: evaluate message 545b4292-622e-4fc8-9682-239425e95c5e
[92mINFO [0m:      Sent reply
[92mINFO [0m:      
[92mINFO [0m:      Received: train message a2752f82-7c68-4257-9b13-687575fdad7a
[92mINFO [0m:      Sent reply
[92mINFO [0m:      
[92mINFO [0m:      Received: evaluate message fc2f5e67-7a1a-49bc-bc1a-faf57368a767
[92mINFO [0m:      Sent reply
[92mINFO [0m:      
[92mINFO [0m:      Received: train message d0af59ee-9855-4202-8233-7b57029fa391
[92mINFO [0m:      Sent reply
[92mINFO [0m:      
[92mINFO [0m:      Received: evaluate message 4de991b1-728f-4694-b767-045bab8e2894
[92mINFO [0m:      Sent reply
[92mINFO [0m:      
[92mINFO [0m:      Received: train message 02527c42-52bc-4c2f-8b6b-04d2c0e70815
[92mINFO [0m:      Sent reply
[92mINFO [0m:      
[92mINFO [0m:      Received: evaluate message 7a5b2dae-cbfd-4801-952c-15e8878c4a51
[92mINFO [0m:      Sent reply
[92mINFO [0m:      
[92mINFO [0m:      Received: train message d1d111f7-c557-4d86-a29e-3f36ead806bd
[92mINFO [0m:      Sent reply
[92mINFO [0m:      
[92mINFO [0m:      Received: evaluate message 7a053fcc-fd3e-4bd6-b8e2-9c029cf04739
[92mINFO [0m:      Sent reply
[92mINFO [0m:      
[92mINFO [0m:      Received: train message d7fb6404-b557-486d-aa61-08f79efb7e2e
[92mINFO [0m:      Sent reply
[92mINFO [0m:      
[92mINFO [0m:      Received: evaluate message 97c72f32-bc70-42d5-a039-111374c35578
[92mINFO [0m:      Sent reply
[92mINFO [0m:      
[92mINFO [0m:      Received: train message 036ab99a-b107-4883-b769-14dbf9a3f00a
[92mINFO [0m:      Sent reply
[92mINFO [0m:      
[92mINFO [0m:      Received: evaluate message 97246974-97bc-4f6a-92df-604701439499
[92mINFO [0m:      Sent reply
[92mINFO [0m:      
[92mINFO [0m:      Received: train message 40a6c29c-3a43-41d5-b458-2213441a5f49
[92mINFO [0m:      Sent reply
[92mINFO [0m:      
[92mINFO [0m:      Received: evaluate message fbb75189-48d5-40cf-a892-3099ca0c3f95
[92mINFO [0m:      Sent reply
[92mINFO [0m:      
[92mINFO [0m:      Received: train message 8b6a873e-fbd5-489a-96b1-75aefc082190
[92mINFO [0m:      Sent reply
[92mINFO [0m:      
[92mINFO [0m:      Received: evaluate message d6b27619-76a7-4f2d-8874-22d77b13ec0e
[92mINFO [0m:      Sent reply
[92mINFO [0m:      
[92mINFO [0m:      Received: reconnect message e5560b25-9955-45f6-9105-4232bbbd417d
[92mINFO [0m:      Disconnect and shut down
