[93mWARNING [0m:   DEPRECATED FEATURE: flwr.client.start_client() is deprecated.
	Instead, use the `flower-supernode` CLI command to start a SuperNode as shown below:

		$ flower-supernode --insecure --superlink='<IP>:<PORT>'

	To view all available options, run:

		$ flower-supernode --help

	Using `start_client()` is deprecated.

            This is a deprecated feature. It will be removed
            entirely in future versions of Flower.
        
[92mINFO [0m:      
[92mINFO [0m:      Received: train message e161c4fd-ee14-46ac-b863-df8713d0032b
Data poisoning
Data poisoned successfully
[92mINFO [0m:      Sent reply
[92mINFO [0m:      
[92mINFO [0m:      Received: evaluate message 35ea866a-d97f-457c-8cb5-903a38feb15e
[92mINFO [0m:      Sent reply
[92mINFO [0m:      
[92mINFO [0m:      Received: train message 503cfda7-ad61-477c-ba0c-0152be989deb
Data poisoning
Data poisoned successfully
[92mINFO [0m:      Sent reply
[92mINFO [0m:      
[92mINFO [0m:      Received: evaluate message 67b76c75-83c1-4478-9cb4-2b90d4eec407
[92mINFO [0m:      Sent reply
[92mINFO [0m:      
[92mINFO [0m:      Received: train message cc72619d-f643-4f06-a632-cf6b50f11aa0
Data poisoning
Data poisoned successfully
[92mINFO [0m:      Sent reply
[92mINFO [0m:      
[92mINFO [0m:      Received: evaluate message 9c75d614-f5a0-4bc4-a91f-e0949072d934
[92mINFO [0m:      Sent reply
[92mINFO [0m:      
[92mINFO [0m:      Received: train message e8b45349-93e1-4872-a6b7-484365dc9c3f
Data poisoning
Data poisoned successfully
[92mINFO [0m:      Sent reply
[92mINFO [0m:      
[92mINFO [0m:      Received: evaluate message 58a76273-37b0-4d0f-bb64-5126d308ccdb
[92mINFO [0m:      Sent reply
[92mINFO [0m:      
[92mINFO [0m:      Received: train message 72a7a5a9-4e0c-4abf-b829-4abe1b16407e
Data poisoning
Data poisoned successfully
[92mINFO [0m:      Sent reply
[92mINFO [0m:      
[92mINFO [0m:      Received: evaluate message 91e79a7b-40fa-482b-b563-a20ef2054f1b
[92mINFO [0m:      Sent reply
[92mINFO [0m:      
[92mINFO [0m:      Received: train message 66fda1fd-1e97-4970-9469-5c5b2ca2429a
Data poisoning
Data poisoned successfully
[92mINFO [0m:      Sent reply
[92mINFO [0m:      
[92mINFO [0m:      Received: evaluate message f1a6eacf-3a3c-493d-9c2c-891e812b8fc8
[92mINFO [0m:      Sent reply
[92mINFO [0m:      
[92mINFO [0m:      Received: train message a8dffc5b-6528-45e4-b4d3-0380c37f4b62
Data poisoning
Data poisoned successfully
[92mINFO [0m:      Sent reply
[92mINFO [0m:      
[92mINFO [0m:      Received: evaluate message 08c97a33-463f-48e2-98a8-3a7619687d03
[92mINFO [0m:      Sent reply
[92mINFO [0m:      
[92mINFO [0m:      Received: train message 1cf99e33-afe6-4aab-9ce8-db1be488734c
Data poisoning
Data poisoned successfully
[92mINFO [0m:      Sent reply
[92mINFO [0m:      
[92mINFO [0m:      Received: evaluate message 7620c450-17d0-442a-9631-1b67bb3a36ea
[92mINFO [0m:      Sent reply
[92mINFO [0m:      
[92mINFO [0m:      Received: train message 94b5324a-8e6a-4fff-84e4-3ab9d5e96131
Data poisoning
Data poisoned successfully
[92mINFO [0m:      Sent reply
[92mINFO [0m:      
[92mINFO [0m:      Received: evaluate message 43f16644-3781-41c2-924c-3f51bb34947b
[92mINFO [0m:      Sent reply
[92mINFO [0m:      
[92mINFO [0m:      Received: train message fd944e87-eccb-46be-a6ae-68b9ecb7bceb
Data poisoning
Data poisoned successfully
[92mINFO [0m:      Sent reply
[92mINFO [0m:      
[92mINFO [0m:      Received: evaluate message c349920f-2e89-480d-b2f7-a82d1b5a8180
[92mINFO [0m:      Sent reply
[92mINFO [0m:      
[92mINFO [0m:      Received: train message 3d9a342f-08f8-450d-9a60-b0dda6d1181e
Data poisoning
Data poisoned successfully
[92mINFO [0m:      Sent reply
[92mINFO [0m:      
[92mINFO [0m:      Received: evaluate message 0d84610f-a7ee-419a-a6c7-d9c13ba985c9
[92mINFO [0m:      Sent reply
[92mINFO [0m:      
[92mINFO [0m:      Received: train message a5a1875c-420e-41af-bba5-44897c1d1800
Data poisoning
Data poisoned successfully
[92mINFO [0m:      Sent reply
[92mINFO [0m:      
[92mINFO [0m:      Received: evaluate message 9566c35c-9615-4a92-8be9-306cd42f89f6
[92mINFO [0m:      Sent reply
[92mINFO [0m:      
[92mINFO [0m:      Received: train message b463ffec-dc95-4d8b-8769-6a0303f9036d
Data poisoning
Data poisoned successfully
[92mINFO [0m:      Sent reply
[92mINFO [0m:      
[92mINFO [0m:      Received: evaluate message dff76373-667c-4aeb-a7d5-7997462cd15d
[92mINFO [0m:      Sent reply
[92mINFO [0m:      
[92mINFO [0m:      Received: train message 1c1038da-e296-4846-9d70-1a318b4dddae
Data poisoning
Data poisoned successfully
[92mINFO [0m:      Sent reply
[92mINFO [0m:      
[92mINFO [0m:      Received: evaluate message c3dc3948-b360-4b13-9110-92dc0a2b6048
[92mINFO [0m:      Sent reply
[92mINFO [0m:      
[92mINFO [0m:      Received: train message a34063e4-9b81-4eb3-b000-d018f4934227
Data poisoning
Data poisoned successfully
[92mINFO [0m:      Sent reply
[92mINFO [0m:      
[92mINFO [0m:      Received: evaluate message 88db7881-2eea-4989-b01d-b327b8450172
[92mINFO [0m:      Sent reply
[92mINFO [0m:      
[92mINFO [0m:      Received: train message cd6cf5b4-84df-4203-9b19-83d61daa7545
Data poisoning
Data poisoned successfully
[92mINFO [0m:      Sent reply
[92mINFO [0m:      
[92mINFO [0m:      Received: evaluate message 3ced0138-72d4-4562-ad1a-10a08c4c0cf7
[92mINFO [0m:      Sent reply
[92mINFO [0m:      
[92mINFO [0m:      Received: train message 8e3de1d1-fe06-4336-84d2-1ddc5091624a
Data poisoning
Data poisoned successfully
[92mINFO [0m:      Sent reply
[92mINFO [0m:      
[92mINFO [0m:      Received: evaluate message d4bb0216-9c39-4de2-a659-1c5d38a201b1
[92mINFO [0m:      Sent reply
[92mINFO [0m:      
[92mINFO [0m:      Received: train message dd251db3-a4a8-46dd-8a6a-8c93a5f0c9c9
Data poisoning
Data poisoned successfully
[92mINFO [0m:      Sent reply
[92mINFO [0m:      
[92mINFO [0m:      Received: evaluate message cb3757a0-8ad9-4491-aebb-df0d7a11fced
[92mINFO [0m:      Sent reply
[92mINFO [0m:      
[92mINFO [0m:      Received: train message 71146fcc-bba5-4eb7-bf69-43aa2259ecaa
Data poisoning
Data poisoned successfully
[92mINFO [0m:      Sent reply
[92mINFO [0m:      
[92mINFO [0m:      Received: evaluate message 5cb73438-a736-4e4a-9102-8d1b85e8bb52
[92mINFO [0m:      Sent reply
[92mINFO [0m:      
[92mINFO [0m:      Received: train message 64c72b15-6cea-47b8-ae5f-051941539113
Data poisoning
Data poisoned successfully
[92mINFO [0m:      Sent reply
[92mINFO [0m:      
[92mINFO [0m:      Received: evaluate message 8567bbf3-25eb-400b-ab10-f7dff9b9bdfc
[92mINFO [0m:      Sent reply
[92mINFO [0m:      
[92mINFO [0m:      Received: train message 817dd4c8-1bcb-4ee2-bee9-8dd4dc9c5597
Data poisoning
Data poisoned successfully
[92mINFO [0m:      Sent reply
[92mINFO [0m:      
[92mINFO [0m:      Received: evaluate message a7069e78-eede-42f2-b40f-162dfdf6c39e
[92mINFO [0m:      Sent reply
[92mINFO [0m:      
[92mINFO [0m:      Received: train message 863be089-598b-4f7d-83d2-dd6d0bc8f681
Data poisoning
Data poisoned successfully
[92mINFO [0m:      Sent reply
[92mINFO [0m:      
[92mINFO [0m:      Received: evaluate message b49984ba-6500-4a02-a637-06a228be1418
[92mINFO [0m:      Sent reply
[92mINFO [0m:      
[92mINFO [0m:      Received: train message d8fb4d1c-8db6-4d71-98d6-6071ef86bf50
Data poisoning
Data poisoned successfully
[92mINFO [0m:      Sent reply
[92mINFO [0m:      
[92mINFO [0m:      Received: evaluate message 8a7d753b-0bfb-4e24-8267-8ac650341317
[92mINFO [0m:      Sent reply
[92mINFO [0m:      
[92mINFO [0m:      Received: train message 189c4d3a-136c-439f-947d-3f534b0083b6
Data poisoning
Data poisoned successfully
[92mINFO [0m:      Sent reply
[92mINFO [0m:      
[92mINFO [0m:      Received: evaluate message 0e93efb1-7e89-481a-bc4d-fff3de6f3fde
[92mINFO [0m:      Sent reply
[92mINFO [0m:      
[92mINFO [0m:      Received: train message 9d188065-5fee-4130-98db-4e5c2d079347
Data poisoning
Data poisoned successfully
[92mINFO [0m:      Sent reply
[92mINFO [0m:      
[92mINFO [0m:      Received: evaluate message a443e187-dfc5-4abd-bb37-25cdc28e37da
[92mINFO [0m:      Sent reply
[92mINFO [0m:      
[92mINFO [0m:      Received: train message e49b14b1-87e0-4a3b-b417-1a0221cabfd1
Data poisoning
Data poisoned successfully
[92mINFO [0m:      Sent reply
[92mINFO [0m:      
[92mINFO [0m:      Received: evaluate message 85ec2649-ff59-4571-b885-3ed0aa313ee2
[92mINFO [0m:      Sent reply
[92mINFO [0m:      
[92mINFO [0m:      Received: train message 27d3a2a4-cf5a-41a7-b86a-527afc3795ff
Data poisoning
Data poisoned successfully
[92mINFO [0m:      Sent reply
[92mINFO [0m:      
[92mINFO [0m:      Received: evaluate message c99badd2-9b98-49e2-a66f-4576403a5a86
[92mINFO [0m:      Sent reply
[92mINFO [0m:      
[92mINFO [0m:      Received: train message 27a196e6-c076-4872-a04a-04ced2421fb9
Data poisoning
Data poisoned successfully
[92mINFO [0m:      Sent reply
[92mINFO [0m:      
[92mINFO [0m:      Received: evaluate message b08c5213-4f71-4d93-965e-f7004e05c424
[92mINFO [0m:      Sent reply
[92mINFO [0m:      
[92mINFO [0m:      Received: train message 9bd73d4a-a5cb-41ba-84b8-842fd40686b5
Data poisoning
Data poisoned successfully
[92mINFO [0m:      Sent reply
[92mINFO [0m:      
[92mINFO [0m:      Received: evaluate message d10fe75d-a852-4c04-b6c7-c18f1e3c9c12
[92mINFO [0m:      Sent reply
[92mINFO [0m:      
[92mINFO [0m:      Received: train message ced50b06-db75-4cb3-ad07-5e9276402889
Data poisoning
Data poisoned successfully
[92mINFO [0m:      Sent reply
[92mINFO [0m:      
[92mINFO [0m:      Received: evaluate message 50367814-dfea-4899-8554-1b037dbd938a
[92mINFO [0m:      Sent reply
[92mINFO [0m:      
[92mINFO [0m:      Received: train message 83286230-8c7f-45c3-8e08-fcc8c0b8ac9e
Data poisoning
Data poisoned successfully
[92mINFO [0m:      Sent reply
[92mINFO [0m:      
[92mINFO [0m:      Received: evaluate message ceb885c7-d98f-424b-a27c-af534fde326d
[92mINFO [0m:      Sent reply
[92mINFO [0m:      
[92mINFO [0m:      Received: train message 050f564a-ca42-4516-842d-d10e48c9ab82
Data poisoning
Data poisoned successfully
[92mINFO [0m:      Sent reply
[92mINFO [0m:      
[92mINFO [0m:      Received: evaluate message b6c46181-d6a4-48bb-93b8-95751cd91e3b
[92mINFO [0m:      Sent reply
[92mINFO [0m:      
[92mINFO [0m:      Received: train message 530e02c9-8265-476b-b79d-b49b9320ceef
Data poisoning
Data poisoned successfully
[92mINFO [0m:      Sent reply
[92mINFO [0m:      
[92mINFO [0m:      Received: evaluate message eb73660d-6522-4a09-9322-57740c3cf99a
[92mINFO [0m:      Sent reply
[92mINFO [0m:      
[92mINFO [0m:      Received: train message bb801f04-6335-4743-8284-186c12c080da
Data poisoning
Data poisoned successfully
[92mINFO [0m:      Sent reply
[92mINFO [0m:      
[92mINFO [0m:      Received: evaluate message 85cb6734-f7fa-4aec-a363-cdfa09bbd78e
[92mINFO [0m:      Sent reply
[92mINFO [0m:      
[92mINFO [0m:      Received: train message 488b82dd-be89-409e-b472-c8e771fb2fdd
Data poisoning
Data poisoned successfully
[92mINFO [0m:      Sent reply
[92mINFO [0m:      
[92mINFO [0m:      Received: evaluate message 1b0397e4-eedb-4dd8-b1b3-0d3c8e428263
[92mINFO [0m:      Sent reply
[92mINFO [0m:      
[92mINFO [0m:      Received: train message 0725616e-6ca4-45df-bd63-2d60b4da86c3
Data poisoning
Data poisoned successfully
[92mINFO [0m:      Sent reply
[92mINFO [0m:      
[92mINFO [0m:      Received: evaluate message 25ca66b9-0f71-44b2-8f2f-dd75a025e281
[92mINFO [0m:      Sent reply
[92mINFO [0m:      
[92mINFO [0m:      Received: train message 18f7540e-d6a6-4827-bbc1-9e78997777dc
Data poisoning
Data poisoned successfully
[92mINFO [0m:      Sent reply
[92mINFO [0m:      
[92mINFO [0m:      Received: evaluate message 48c845d7-4dfb-4946-81c8-2d7e6ed1bf0c
[92mINFO [0m:      Sent reply
[92mINFO [0m:      
[92mINFO [0m:      Received: train message 040d454f-2afe-4ac3-8b7e-b6a40b877a19
Data poisoning
Data poisoned successfully
[92mINFO [0m:      Sent reply
[92mINFO [0m:      
[92mINFO [0m:      Received: evaluate message f1de66f6-5e76-4e50-af62-d391f480d15a
[92mINFO [0m:      Sent reply
[92mINFO [0m:      
[92mINFO [0m:      Received: train message ede5ca64-19e6-4bf1-93bb-c7d9ba7d1c09
Data poisoning
Data poisoned successfully
[92mINFO [0m:      Sent reply
[92mINFO [0m:      
[92mINFO [0m:      Received: evaluate message a4b5bda6-ae60-45d2-bc3f-ff1d5f0b0014
[92mINFO [0m:      Sent reply
[92mINFO [0m:      
[92mINFO [0m:      Received: train message 18dcc127-b55e-43c3-9a8a-f0b79302a6b6
Data poisoning
Data poisoned successfully
[92mINFO [0m:      Sent reply
[92mINFO [0m:      
[92mINFO [0m:      Received: evaluate message 6bc6bcb8-a079-4d35-8c81-15e41bf8fc7a
[92mINFO [0m:      Sent reply
[92mINFO [0m:      
[92mINFO [0m:      Received: train message ea85685d-653e-40bf-bbea-1b6cf3507258
Data poisoning
Data poisoned successfully
[92mINFO [0m:      Sent reply
[92mINFO [0m:      
[92mINFO [0m:      Received: evaluate message ec374ba3-3225-44b3-b395-d30dd2cc8af5
[92mINFO [0m:      Sent reply
[92mINFO [0m:      
[92mINFO [0m:      Received: train message 808f68f6-94a2-43d3-b3bd-f537bd1812ce
Data poisoning
Data poisoned successfully
[92mINFO [0m:      Sent reply
[92mINFO [0m:      
[92mINFO [0m:      Received: evaluate message f23576bb-f724-450a-806f-9bb235c75d81
[92mINFO [0m:      Sent reply
[92mINFO [0m:      
[92mINFO [0m:      Received: train message 8ff0c1f8-88af-458a-9d96-90c1fd2e8bdb
Data poisoning
Data poisoned successfully
[92mINFO [0m:      Sent reply
[92mINFO [0m:      
[92mINFO [0m:      Received: evaluate message 84a1dd57-1c37-4921-a988-0b7fe1b51963
[92mINFO [0m:      Sent reply
[92mINFO [0m:      
[92mINFO [0m:      Received: train message 85a1bc05-b8e0-493d-ba9e-31eeff110016
Data poisoning
Data poisoned successfully
[92mINFO [0m:      Sent reply
[92mINFO [0m:      
[92mINFO [0m:      Received: evaluate message ab05f399-4986-4672-9c3f-96cbcfeae9fe
[92mINFO [0m:      Sent reply
[92mINFO [0m:      
[92mINFO [0m:      Received: train message 008f7690-9d89-4f6e-b7db-ae236b9baac2
Data poisoning
Data poisoned successfully
[92mINFO [0m:      Sent reply
[92mINFO [0m:      
[92mINFO [0m:      Received: evaluate message 5301a12d-ba17-4c9d-8e70-fd1d8527446d
[92mINFO [0m:      Sent reply
[92mINFO [0m:      
[92mINFO [0m:      Received: train message 05dc061e-626b-4a4f-affa-c13f812f70fe
Data poisoning
Data poisoned successfully
[92mINFO [0m:      Sent reply
[92mINFO [0m:      
[92mINFO [0m:      Received: evaluate message a3e7243b-8277-42ce-be7e-bea670d75b42
[92mINFO [0m:      Sent reply
[92mINFO [0m:      
[92mINFO [0m:      Received: train message d19d3ec7-52d2-41c6-a469-71952a574c46
Data poisoning
Data poisoned successfully
[92mINFO [0m:      Sent reply
[92mINFO [0m:      
[92mINFO [0m:      Received: evaluate message e0b496c7-e28a-4377-8461-b502e9f26db1
[92mINFO [0m:      Sent reply
[92mINFO [0m:      
[92mINFO [0m:      Received: train message 3ae00f14-6433-40bb-9fa4-18e6602170e7
Data poisoning
Data poisoned successfully
[92mINFO [0m:      Sent reply
[92mINFO [0m:      
[92mINFO [0m:      Received: evaluate message 02a11d0f-fc29-47c1-9056-c612929243b4
[92mINFO [0m:      Sent reply
[92mINFO [0m:      
[92mINFO [0m:      Received: train message 7acb4d76-a007-44fb-ba72-3021f5e91f08
Data poisoning
Data poisoned successfully
[92mINFO [0m:      Sent reply
[92mINFO [0m:      
[92mINFO [0m:      Received: evaluate message 657a4977-3b46-4571-a6bb-99919b0afa32
[92mINFO [0m:      Sent reply
[92mINFO [0m:      
[92mINFO [0m:      Received: train message 04da746f-cef0-4830-9d2f-b9dd7bf24c91
Data poisoning
Data poisoned successfully
[92mINFO [0m:      Sent reply
[92mINFO [0m:      
[92mINFO [0m:      Received: evaluate message 0c0b3a41-df00-4a8b-8784-b8d7947e95b2
[92mINFO [0m:      Sent reply
[92mINFO [0m:      
[92mINFO [0m:      Received: reconnect message 2b5c85fb-a636-41ce-ba40-ab1894596686
[92mINFO [0m:      Disconnect and shut down
