[93mWARNING [0m:   DEPRECATED FEATURE: flwr.client.start_client() is deprecated.
	Instead, use the `flower-supernode` CLI command to start a SuperNode as shown below:

		$ flower-supernode --insecure --superlink='<IP>:<PORT>'

	To view all available options, run:

		$ flower-supernode --help

	Using `start_client()` is deprecated.

            This is a deprecated feature. It will be removed
            entirely in future versions of Flower.
        
[92mINFO [0m:      
[92mINFO [0m:      Received: train message 6ddd87ea-bdfa-4653-9a65-16580e38b1ef
[92mINFO [0m:      Sent reply
[92mINFO [0m:      
[92mINFO [0m:      Received: evaluate message 66fada9a-ea95-41cb-9de0-1e8825d199b0
[92mINFO [0m:      Sent reply
[92mINFO [0m:      
[92mINFO [0m:      Received: train message 7e3c195c-777e-4f3d-ae00-f4e685f70f77
[92mINFO [0m:      Sent reply
[92mINFO [0m:      
[92mINFO [0m:      Received: evaluate message b30dd05d-6207-437f-a6c1-55ed1109d305
[92mINFO [0m:      Sent reply
[92mINFO [0m:      
[92mINFO [0m:      Received: train message 4c90e424-7f16-4da2-bdaa-a5a967f1c74a
[92mINFO [0m:      Sent reply
[92mINFO [0m:      
[92mINFO [0m:      Received: evaluate message 6de4c0c0-5fcc-466d-9c53-6b20c1a99660
[92mINFO [0m:      Sent reply
[92mINFO [0m:      
[92mINFO [0m:      Received: train message 78a92f6f-7b74-4a98-a151-ee50b7d28f04
[92mINFO [0m:      Sent reply
[92mINFO [0m:      
[92mINFO [0m:      Received: evaluate message 7bf11002-7815-4b07-af39-52ebcad2d5d0
[92mINFO [0m:      Sent reply
[92mINFO [0m:      
[92mINFO [0m:      Received: train message 927ba5aa-9fcd-47ae-95d0-e6e1c85db927
[92mINFO [0m:      Sent reply
[92mINFO [0m:      
[92mINFO [0m:      Received: evaluate message f5bba644-9637-435d-bfbd-5c3ac7e88f61
[92mINFO [0m:      Sent reply
[92mINFO [0m:      
[92mINFO [0m:      Received: train message c100ec39-9ffa-4850-92a7-75c9598a9442
[92mINFO [0m:      Sent reply
[92mINFO [0m:      
[92mINFO [0m:      Received: evaluate message 551a476f-fdb8-4325-8b8d-a09f587d0163
[92mINFO [0m:      Sent reply
[92mINFO [0m:      
[92mINFO [0m:      Received: train message 24d7d3fd-bf75-4e2a-85d0-098c1b9ae9ef
[92mINFO [0m:      Sent reply
[92mINFO [0m:      
[92mINFO [0m:      Received: evaluate message ea606570-d0bc-4b74-958c-7e1780916410
[92mINFO [0m:      Sent reply
[92mINFO [0m:      
[92mINFO [0m:      Received: train message 927e4c05-4fe6-4621-89c4-00832d9ccfbc
[92mINFO [0m:      Sent reply
[92mINFO [0m:      
[92mINFO [0m:      Received: evaluate message 3118a2de-1f35-4191-9b10-bba886e5c8cf
[92mINFO [0m:      Sent reply
[92mINFO [0m:      
[92mINFO [0m:      Received: train message ab67b95a-af8e-4320-9a14-389e8a366064
[92mINFO [0m:      Sent reply
[92mINFO [0m:      
[92mINFO [0m:      Received: evaluate message e0a80ff3-11db-4c41-a239-18f3dcf24ffb
[92mINFO [0m:      Sent reply
[92mINFO [0m:      
[92mINFO [0m:      Received: train message 9f78b5bf-8c23-4090-95b6-e4e9114357bf
[92mINFO [0m:      Sent reply
[92mINFO [0m:      
[92mINFO [0m:      Received: evaluate message d2effe5e-155b-4c9b-9a83-3324cff796bd
[92mINFO [0m:      Sent reply
[92mINFO [0m:      
[92mINFO [0m:      Received: train message 4a6ec3cc-5445-432f-984a-6dee8c181c4c
[92mINFO [0m:      Sent reply
[92mINFO [0m:      
[92mINFO [0m:      Received: evaluate message 5183ec70-6c33-4e1c-998b-e0ae20495472
[92mINFO [0m:      Sent reply
[92mINFO [0m:      
[92mINFO [0m:      Received: train message 9bf56d80-acb8-487b-bc25-913ef74b1db6
[92mINFO [0m:      Sent reply
[92mINFO [0m:      
[92mINFO [0m:      Received: evaluate message 9b39e9f3-79b7-45fe-a565-4aecfb902321
[92mINFO [0m:      Sent reply
[92mINFO [0m:      
[92mINFO [0m:      Received: train message 77e0ef5a-88dc-4437-82c2-f34fe282a3d2
[92mINFO [0m:      Sent reply
[92mINFO [0m:      
[92mINFO [0m:      Received: evaluate message 0d5ba11f-7f2b-4343-9f62-ce55768c45f9
[92mINFO [0m:      Sent reply
[92mINFO [0m:      
[92mINFO [0m:      Received: train message 61dd4c9b-3885-4f7d-8135-060b2444b8b9
[92mINFO [0m:      Sent reply
[92mINFO [0m:      
[92mINFO [0m:      Received: evaluate message 4b31ceda-55ff-4aa8-8565-2d3eee1cf4c5
[92mINFO [0m:      Sent reply
[92mINFO [0m:      
[92mINFO [0m:      Received: train message 8a8ae6b7-35bf-461b-8dd8-5268ef608709
[92mINFO [0m:      Sent reply
[92mINFO [0m:      
[92mINFO [0m:      Received: evaluate message fc786570-9834-45ec-928e-516c8af0bf5f
[92mINFO [0m:      Sent reply
[92mINFO [0m:      
[92mINFO [0m:      Received: train message 66746d1d-71b4-4ebf-9850-ae3e93597a10
[92mINFO [0m:      Sent reply
[92mINFO [0m:      
[92mINFO [0m:      Received: evaluate message 840779b1-cc08-45e9-9ed7-bcb74d0e8416
[92mINFO [0m:      Sent reply
[92mINFO [0m:      
[92mINFO [0m:      Received: train message 6bca4b5f-9af3-4e5f-b04a-52f072ae78c7
[92mINFO [0m:      Sent reply
[92mINFO [0m:      
[92mINFO [0m:      Received: evaluate message 001a7a0f-dca4-4132-86ad-91ded70df3bc
[92mINFO [0m:      Sent reply
[92mINFO [0m:      
[92mINFO [0m:      Received: train message b8bbf0f8-9317-42b6-8380-021a401c5d24
[92mINFO [0m:      Sent reply
[92mINFO [0m:      
[92mINFO [0m:      Received: evaluate message 4b324512-4787-4d9b-905e-bb26a7d6a137
[92mINFO [0m:      Sent reply
[92mINFO [0m:      
[92mINFO [0m:      Received: train message 0cad7179-7cc1-44bb-a23a-f42cb6e51989
[92mINFO [0m:      Sent reply
[92mINFO [0m:      
[92mINFO [0m:      Received: evaluate message 75a49e63-0d8e-4b74-99ba-6a1bfce1b75b
[92mINFO [0m:      Sent reply
[92mINFO [0m:      
[92mINFO [0m:      Received: train message 69d05f3a-fcab-4d98-a304-74bee3c75cbc
[92mINFO [0m:      Sent reply
[92mINFO [0m:      
[92mINFO [0m:      Received: evaluate message 3bbe273a-b7b4-4a6b-8093-7090bf289468
[92mINFO [0m:      Sent reply
[92mINFO [0m:      
[92mINFO [0m:      Received: train message 5849f914-1372-4271-ad3b-7149c9e27117
[92mINFO [0m:      Sent reply
[92mINFO [0m:      
[92mINFO [0m:      Received: evaluate message 8f8fa722-db49-4ed8-9b22-8bda2cd98398
[92mINFO [0m:      Sent reply
[92mINFO [0m:      
[92mINFO [0m:      Received: train message 6c2a7df9-7d84-4e9d-9adb-ad677c4aedf0
[92mINFO [0m:      Sent reply
[92mINFO [0m:      
[92mINFO [0m:      Received: evaluate message 60fd3fcc-b6f0-4a61-91d7-0272550f180a
[92mINFO [0m:      Sent reply
[92mINFO [0m:      
[92mINFO [0m:      Received: train message 8287993a-af6f-42b7-b4b0-5c12ac4b6c86
[92mINFO [0m:      Sent reply
[92mINFO [0m:      
[92mINFO [0m:      Received: evaluate message c3cc61c1-7a12-49c1-9435-8c3dd2711ceb
[92mINFO [0m:      Sent reply
[92mINFO [0m:      
[92mINFO [0m:      Received: train message 8df4c835-0774-4725-a6c2-37361024bbb1
[92mINFO [0m:      Sent reply
[92mINFO [0m:      
[92mINFO [0m:      Received: evaluate message 7d7535b7-058c-4247-8c9c-f06d72ed53e1
[92mINFO [0m:      Sent reply
[92mINFO [0m:      
[92mINFO [0m:      Received: train message 0e4bd8d4-ca5b-4c40-ae97-5a3c255abe5b
[92mINFO [0m:      Sent reply
[92mINFO [0m:      
[92mINFO [0m:      Received: evaluate message a1122e38-a414-42aa-8f2d-03f69d7019a3
[92mINFO [0m:      Sent reply
[92mINFO [0m:      
[92mINFO [0m:      Received: train message b2f35e47-5742-405b-bc32-df2295e96623
[92mINFO [0m:      Sent reply
[92mINFO [0m:      
[92mINFO [0m:      Received: evaluate message dd3e4dc0-c69b-4202-af7d-f41b948abc7e
[92mINFO [0m:      Sent reply
[92mINFO [0m:      
[92mINFO [0m:      Received: train message 6b717c67-761b-4aac-8a64-b60752c0953b
[92mINFO [0m:      Sent reply
[92mINFO [0m:      
[92mINFO [0m:      Received: evaluate message d60f1ea0-7660-4e9a-9cf0-57857445f8e4
[92mINFO [0m:      Sent reply
[92mINFO [0m:      
[92mINFO [0m:      Received: train message 67566102-10ed-406c-9509-aab3a9e82c1c
[92mINFO [0m:      Sent reply
[92mINFO [0m:      
[92mINFO [0m:      Received: evaluate message 282d6dbd-0d50-4fea-b838-53ed11fe1dbc
[92mINFO [0m:      Sent reply
[92mINFO [0m:      
[92mINFO [0m:      Received: train message 0b507859-cb29-4991-b7aa-29fb56ef0a1b
[92mINFO [0m:      Sent reply
[92mINFO [0m:      
[92mINFO [0m:      Received: evaluate message 266e200a-82df-4dfc-9866-9e086ecfe652
[92mINFO [0m:      Sent reply
[92mINFO [0m:      
[92mINFO [0m:      Received: train message 4313905a-b0d1-4b9b-aea2-45676294ed60
[92mINFO [0m:      Sent reply
[92mINFO [0m:      
[92mINFO [0m:      Received: evaluate message df24174f-edb9-45f7-9505-d435ff3e1273
[92mINFO [0m:      Sent reply
[92mINFO [0m:      
[92mINFO [0m:      Received: train message 86ffe72a-7567-4c2e-aece-ec1e9f8fe15c
[92mINFO [0m:      Sent reply
[92mINFO [0m:      
[92mINFO [0m:      Received: evaluate message b1eb6ff6-0903-451c-b21e-95c23f69581b
[92mINFO [0m:      Sent reply
[92mINFO [0m:      
[92mINFO [0m:      Received: train message 8f6a2c42-4dec-4ab5-b662-41109b7c0d41
[92mINFO [0m:      Sent reply
[92mINFO [0m:      
[92mINFO [0m:      Received: evaluate message aa3d1e20-c44e-4c1f-8683-9185a7aa9706
[92mINFO [0m:      Sent reply
[92mINFO [0m:      
[92mINFO [0m:      Received: train message cfc08646-82a6-49b1-ba75-9666d6fda368
[92mINFO [0m:      Sent reply
[92mINFO [0m:      
[92mINFO [0m:      Received: evaluate message 6a08b7a8-4710-4bb0-a3fc-6049619c15d1
[92mINFO [0m:      Sent reply
[92mINFO [0m:      
[92mINFO [0m:      Received: train message 4b39b111-7348-48f0-a30d-14204f7eeaef
[92mINFO [0m:      Sent reply
[92mINFO [0m:      
[92mINFO [0m:      Received: evaluate message 8d84836f-9f0b-4c49-a047-da303b207fed
[92mINFO [0m:      Sent reply
[92mINFO [0m:      
[92mINFO [0m:      Received: train message 7f686bb8-af9b-41b0-b4cc-e80587408169
[92mINFO [0m:      Sent reply
[92mINFO [0m:      
[92mINFO [0m:      Received: evaluate message 9f5af3b4-1492-40a3-a5db-78b00cb2182e
[92mINFO [0m:      Sent reply
[92mINFO [0m:      
[92mINFO [0m:      Received: train message 277263d6-ce9b-41ad-9489-21bb1dc325d0
[92mINFO [0m:      Sent reply
[92mINFO [0m:      
[92mINFO [0m:      Received: evaluate message f8bbc81c-393b-44a0-957c-16c2618c4cca
[92mINFO [0m:      Sent reply
[92mINFO [0m:      
[92mINFO [0m:      Received: train message 163b5a60-20c3-4a8e-952b-faebb3580b4e
[92mINFO [0m:      Sent reply
[92mINFO [0m:      
[92mINFO [0m:      Received: evaluate message cdcaac54-ebc5-4d0a-8f12-838b2e817c3e
[92mINFO [0m:      Sent reply
[92mINFO [0m:      
[92mINFO [0m:      Received: train message c18692db-5049-44fe-b626-7002068ba924
[92mINFO [0m:      Sent reply
[92mINFO [0m:      
[92mINFO [0m:      Received: evaluate message 934356df-952b-4054-8349-96077416eec6
[92mINFO [0m:      Sent reply
[92mINFO [0m:      
[92mINFO [0m:      Received: train message 424590c4-66fc-4401-a8dd-941ad97d163f
[92mINFO [0m:      Sent reply
[92mINFO [0m:      
[92mINFO [0m:      Received: evaluate message cefb14d9-cb39-4c0d-a135-bf159ebcc819
[92mINFO [0m:      Sent reply
[92mINFO [0m:      
[92mINFO [0m:      Received: train message 3cf97e50-7b77-42ea-b61d-845a7735201a
[92mINFO [0m:      Sent reply
[92mINFO [0m:      
[92mINFO [0m:      Received: evaluate message 5f551f7b-baec-400d-aac4-9993fbd7526a
[92mINFO [0m:      Sent reply
[92mINFO [0m:      
[92mINFO [0m:      Received: train message 9d00def6-0e2f-4d56-8e09-ba040b9decb0
[92mINFO [0m:      Sent reply
[92mINFO [0m:      
[92mINFO [0m:      Received: evaluate message b68e26d2-697b-47df-96f9-b65250a373b3
[92mINFO [0m:      Sent reply
[92mINFO [0m:      
[92mINFO [0m:      Received: train message f0b32666-26aa-4765-9252-a5078b324b84
[92mINFO [0m:      Sent reply
[92mINFO [0m:      
[92mINFO [0m:      Received: evaluate message cbb42baa-9a3e-48b1-9a65-5b2378190eba
[92mINFO [0m:      Sent reply
[92mINFO [0m:      
[92mINFO [0m:      Received: train message aa19eb8f-f5d3-4ffa-ade7-0b6b78b82a97
[92mINFO [0m:      Sent reply
[92mINFO [0m:      
[92mINFO [0m:      Received: evaluate message 4956bf2a-dc6c-4df0-a6b0-8d14859886c1
[92mINFO [0m:      Sent reply
[92mINFO [0m:      
[92mINFO [0m:      Received: train message a5f8dee9-06dc-4164-8c90-1efff50f140d
[92mINFO [0m:      Sent reply
[92mINFO [0m:      
[92mINFO [0m:      Received: evaluate message 3f76dac8-4520-47a1-bd0f-da464b9b3a35
[92mINFO [0m:      Sent reply
[92mINFO [0m:      
[92mINFO [0m:      Received: train message 49fbd6b9-2767-4aeb-9a8c-386d20140e01
[92mINFO [0m:      Sent reply
[92mINFO [0m:      
[92mINFO [0m:      Received: evaluate message 2f592f4d-b945-410f-bb2c-a1dbf76de55a
[92mINFO [0m:      Sent reply
[92mINFO [0m:      
[92mINFO [0m:      Received: train message 690fc0af-f749-4525-8549-234028b0bee9
[92mINFO [0m:      Sent reply
[92mINFO [0m:      
[92mINFO [0m:      Received: evaluate message 59a722ff-0881-4288-b27b-2a9ab34beec9
[92mINFO [0m:      Sent reply
[92mINFO [0m:      
[92mINFO [0m:      Received: train message 7e3a2bb6-e40f-430b-aac9-73d198e571f1
[92mINFO [0m:      Sent reply
[92mINFO [0m:      
[92mINFO [0m:      Received: evaluate message 57aa7dd1-66d8-4df0-ab67-ffc9e3b8a34c
[92mINFO [0m:      Sent reply
[92mINFO [0m:      
[92mINFO [0m:      Received: train message 208f7d99-7fbd-4abe-92aa-fb93ac0b788a
[92mINFO [0m:      Sent reply
[92mINFO [0m:      
[92mINFO [0m:      Received: evaluate message d72ff1a1-0c58-4a9b-b1b5-8147e5f00610
[92mINFO [0m:      Sent reply
[92mINFO [0m:      
[92mINFO [0m:      Received: train message d052931f-3314-49d0-91e8-9ff0932e509f
[92mINFO [0m:      Sent reply
[92mINFO [0m:      
[92mINFO [0m:      Received: evaluate message 5db9c458-ccc3-4c69-b6de-59ca15642b5f
[92mINFO [0m:      Sent reply
[92mINFO [0m:      
[92mINFO [0m:      Received: train message c1ab71a7-94bf-472d-8d06-deae89826a6b
[92mINFO [0m:      Sent reply
[92mINFO [0m:      
[92mINFO [0m:      Received: evaluate message 33aba569-6b22-4fd4-b658-7fe14107508e
[92mINFO [0m:      Sent reply
[92mINFO [0m:      
[92mINFO [0m:      Received: reconnect message edfaa69e-26b7-41ff-98de-620ff0d6698c
[92mINFO [0m:      Disconnect and shut down
