[93mWARNING [0m:   DEPRECATED FEATURE: flwr.client.start_client() is deprecated.
	Instead, use the `flower-supernode` CLI command to start a SuperNode as shown below:

		$ flower-supernode --insecure --superlink='<IP>:<PORT>'

	To view all available options, run:

		$ flower-supernode --help

	Using `start_client()` is deprecated.

            This is a deprecated feature. It will be removed
            entirely in future versions of Flower.
        
[92mINFO [0m:      
[92mINFO [0m:      Received: train message 5279d2f9-351b-4aba-8803-ab002dc66e6f
[92mINFO [0m:      Sent reply
[92mINFO [0m:      
[92mINFO [0m:      Received: evaluate message c260ad48-5d9f-4327-91c7-b7ecd2d38668
[92mINFO [0m:      Sent reply
[92mINFO [0m:      
[92mINFO [0m:      Received: train message b4a47e5e-0efb-4a47-9950-f6376c47a253
[92mINFO [0m:      Sent reply
[92mINFO [0m:      
[92mINFO [0m:      Received: evaluate message 46540aa0-b463-4ff7-8249-fd977b4b583b
[92mINFO [0m:      Sent reply
[92mINFO [0m:      
[92mINFO [0m:      Received: train message e67680f7-a955-4451-864b-78ba516a93b6
[92mINFO [0m:      Sent reply
[92mINFO [0m:      
[92mINFO [0m:      Received: evaluate message 8f6eb80b-9ad3-4ba2-8b45-408b44752c95
[92mINFO [0m:      Sent reply
[92mINFO [0m:      
[92mINFO [0m:      Received: train message e55164f9-0d22-4c46-b8a5-d8633f29a2ea
[92mINFO [0m:      Sent reply
[92mINFO [0m:      
[92mINFO [0m:      Received: evaluate message f34a3653-4189-4c40-a611-c3cda29b06da
[92mINFO [0m:      Sent reply
[92mINFO [0m:      
[92mINFO [0m:      Received: train message 436adfa5-7f48-4dbd-9530-d11a46e0d264
[92mINFO [0m:      Sent reply
[92mINFO [0m:      
[92mINFO [0m:      Received: evaluate message 82cefc07-cf84-4c93-b697-b997e72ff99b
[92mINFO [0m:      Sent reply
[92mINFO [0m:      
[92mINFO [0m:      Received: train message 1bf4e9b2-3231-4cb6-9d0d-69553d0aecb4
[92mINFO [0m:      Sent reply
[92mINFO [0m:      
[92mINFO [0m:      Received: evaluate message c74ff19c-343f-43b7-9d6d-fd884c341a55
[92mINFO [0m:      Sent reply
[92mINFO [0m:      
[92mINFO [0m:      Received: train message 1adb0926-82a0-434c-89ac-5f82643f99eb
[92mINFO [0m:      Sent reply
[92mINFO [0m:      
[92mINFO [0m:      Received: evaluate message 41aadd28-cd96-4874-846b-1d2cd44a3cb8
[92mINFO [0m:      Sent reply
[92mINFO [0m:      
[92mINFO [0m:      Received: train message 9e3d99b9-fcfd-43cc-983a-803b98d90110
[92mINFO [0m:      Sent reply
[92mINFO [0m:      
[92mINFO [0m:      Received: evaluate message 7e2e5cd8-9785-4ece-83c3-9ec4240a032d
[92mINFO [0m:      Sent reply
[92mINFO [0m:      
[92mINFO [0m:      Received: train message 9cdcf1b8-c172-4bec-9db5-a89006d52958
[92mINFO [0m:      Sent reply
[92mINFO [0m:      
[92mINFO [0m:      Received: evaluate message c5d8d575-a318-4166-a77e-476b0b5a695d
[92mINFO [0m:      Sent reply
[92mINFO [0m:      
[92mINFO [0m:      Received: train message 94b24edd-5391-41b8-8666-5f46b7c110b7
[92mINFO [0m:      Sent reply
[92mINFO [0m:      
[92mINFO [0m:      Received: evaluate message 94c9feba-6848-4e55-ae77-299102a6c473
[92mINFO [0m:      Sent reply
[92mINFO [0m:      
[92mINFO [0m:      Received: train message 7f1744a4-af6d-463f-981b-0f5c35ebb3fa
[92mINFO [0m:      Sent reply
[92mINFO [0m:      
[92mINFO [0m:      Received: evaluate message 77a4bf76-a5e8-4a00-ba69-b36fc3dea927
[92mINFO [0m:      Sent reply
[92mINFO [0m:      
[92mINFO [0m:      Received: train message 6d07203a-da1e-415b-af9b-1a9e051521d7
[92mINFO [0m:      Sent reply
[92mINFO [0m:      
[92mINFO [0m:      Received: evaluate message e336643d-b3d8-4edd-8b0b-d334a8505a6e
[92mINFO [0m:      Sent reply
[92mINFO [0m:      
[92mINFO [0m:      Received: train message ece1d488-6689-4f08-8f47-b8f908799204
[92mINFO [0m:      Sent reply
[92mINFO [0m:      
[92mINFO [0m:      Received: evaluate message 252a6c7c-f9ae-400d-ba4a-1034c75add63
[92mINFO [0m:      Sent reply
[92mINFO [0m:      
[92mINFO [0m:      Received: train message 1327aab7-efcc-4988-8554-0b8eb93407af
[92mINFO [0m:      Sent reply
[92mINFO [0m:      
[92mINFO [0m:      Received: evaluate message 130fe2af-432a-4e9f-acde-29e41b6eeaf7
[92mINFO [0m:      Sent reply
[92mINFO [0m:      
[92mINFO [0m:      Received: train message 1837af86-b913-41f4-9622-6e3af7d69f6f
[92mINFO [0m:      Sent reply
[92mINFO [0m:      
[92mINFO [0m:      Received: evaluate message 256ae8f5-f1c0-4ad5-954e-a17fe2ea776a
[92mINFO [0m:      Sent reply
[92mINFO [0m:      
[92mINFO [0m:      Received: train message df247e9f-a47d-4534-91a0-aed8d40d0828
[92mINFO [0m:      Sent reply
[92mINFO [0m:      
[92mINFO [0m:      Received: evaluate message 2033833a-2aa6-4f54-b26f-3e74ddb3d11c
[92mINFO [0m:      Sent reply
[92mINFO [0m:      
[92mINFO [0m:      Received: train message 15ddc6fb-9082-4a48-ad60-5fd3ef7921a6
[92mINFO [0m:      Sent reply
[92mINFO [0m:      
[92mINFO [0m:      Received: evaluate message 8b595b98-5bb6-4dc8-b66b-069719fe9fc4
[92mINFO [0m:      Sent reply
[92mINFO [0m:      
[92mINFO [0m:      Received: train message 072e96f3-e3ea-4e75-a648-d617de7f5f2d
[92mINFO [0m:      Sent reply
[92mINFO [0m:      
[92mINFO [0m:      Received: evaluate message 8baeb6fd-7cf8-4964-bf45-5bdfdb6863cc
[92mINFO [0m:      Sent reply
[92mINFO [0m:      
[92mINFO [0m:      Received: train message 90505374-f817-4dfa-8a39-b745cafda5f9
[92mINFO [0m:      Sent reply
[92mINFO [0m:      
[92mINFO [0m:      Received: evaluate message dd140d19-e245-4441-8b03-0f5c07da8415
[92mINFO [0m:      Sent reply
[92mINFO [0m:      
[92mINFO [0m:      Received: train message 2aefb94e-86a0-43ea-9048-b597cd52d2d6
[92mINFO [0m:      Sent reply
[92mINFO [0m:      
[92mINFO [0m:      Received: evaluate message d074917a-689e-463a-83bb-694eff66e65d
[92mINFO [0m:      Sent reply
[92mINFO [0m:      
[92mINFO [0m:      Received: train message 3f200108-6217-4d3e-b01a-d09d7eae098b
[92mINFO [0m:      Sent reply
[92mINFO [0m:      
[92mINFO [0m:      Received: evaluate message 0812827f-3342-4c3e-9039-0cb66ce5b3c3
[92mINFO [0m:      Sent reply
[92mINFO [0m:      
[92mINFO [0m:      Received: train message ee16f24a-bad1-49a2-900d-c85299adc94f
[92mINFO [0m:      Sent reply
[92mINFO [0m:      
[92mINFO [0m:      Received: evaluate message a2caab3b-5125-4f75-b202-00d182b86717
[92mINFO [0m:      Sent reply
[92mINFO [0m:      
[92mINFO [0m:      Received: train message 0f4dfbb8-3410-4620-bdb0-8504c3678878
[92mINFO [0m:      Sent reply
[92mINFO [0m:      
[92mINFO [0m:      Received: evaluate message 83c20863-7d5e-4e63-8f3a-26a65b86045f
[92mINFO [0m:      Sent reply
[92mINFO [0m:      
[92mINFO [0m:      Received: train message 427d4d21-66d9-499c-8196-5dc6d9f43979
[92mINFO [0m:      Sent reply
[92mINFO [0m:      
[92mINFO [0m:      Received: evaluate message 1d49723e-1f0d-45bc-bcbf-fcb2ae15587a
[92mINFO [0m:      Sent reply
[92mINFO [0m:      
[92mINFO [0m:      Received: train message f4ee00be-d2f0-4c6b-b888-9d392737c798
[92mINFO [0m:      Sent reply
[92mINFO [0m:      
[92mINFO [0m:      Received: evaluate message c47c3ea0-84a0-4aee-9828-fb80edd23ba0
[92mINFO [0m:      Sent reply
[92mINFO [0m:      
[92mINFO [0m:      Received: train message f88dc314-e41c-4a1a-890f-f1196bf1878d
[92mINFO [0m:      Sent reply
[92mINFO [0m:      
[92mINFO [0m:      Received: evaluate message d906048b-8104-4f7d-8459-3ec83a859877
[92mINFO [0m:      Sent reply
[92mINFO [0m:      
[92mINFO [0m:      Received: train message e9ab313b-39ca-4db0-975b-34b85663fe14
[92mINFO [0m:      Sent reply
[92mINFO [0m:      
[92mINFO [0m:      Received: evaluate message 1dee44af-5b1a-4789-af0c-59027570b347
[92mINFO [0m:      Sent reply
[92mINFO [0m:      
[92mINFO [0m:      Received: train message 54c2ead4-3547-4b62-a617-e1143318d9e3
[92mINFO [0m:      Sent reply
[92mINFO [0m:      
[92mINFO [0m:      Received: evaluate message c40d9aea-e508-439c-b882-58e5471a5c5f
[92mINFO [0m:      Sent reply
[92mINFO [0m:      
[92mINFO [0m:      Received: train message 4ad58203-dff0-4c0e-9e04-def94a0b17bd
[92mINFO [0m:      Sent reply
[92mINFO [0m:      
[92mINFO [0m:      Received: evaluate message 9e14446b-0880-423c-9b9b-d8b6930be913
[92mINFO [0m:      Sent reply
[92mINFO [0m:      
[92mINFO [0m:      Received: train message a40f00b8-4c58-4084-a9f1-7745fa3d8c9b
[92mINFO [0m:      Sent reply
[92mINFO [0m:      
[92mINFO [0m:      Received: evaluate message 0557c47d-e44f-4fd1-9ea1-7ca6fc7367f8
[92mINFO [0m:      Sent reply
[92mINFO [0m:      
[92mINFO [0m:      Received: train message 6002dcc6-db4c-4f84-a8ee-024620efc0a1
[92mINFO [0m:      Sent reply
[92mINFO [0m:      
[92mINFO [0m:      Received: evaluate message 29d3ad84-a30b-435d-aba4-9ad4a564ce16
[92mINFO [0m:      Sent reply
[92mINFO [0m:      
[92mINFO [0m:      Received: train message 90cbdbab-a29d-4aae-b569-8f20447607b7
[92mINFO [0m:      Sent reply
[92mINFO [0m:      
[92mINFO [0m:      Received: evaluate message 51f11b2d-f3ef-4e5a-9498-a8aa475fedf5
[92mINFO [0m:      Sent reply
[92mINFO [0m:      
[92mINFO [0m:      Received: train message b8fd5e94-9427-4b55-9a8d-70e24208b9b9
[92mINFO [0m:      Sent reply
[92mINFO [0m:      
[92mINFO [0m:      Received: evaluate message f889f453-4872-4e60-8d18-d7c9cf238ac9
[92mINFO [0m:      Sent reply
[92mINFO [0m:      
[92mINFO [0m:      Received: train message 463b870b-6105-4f8e-a362-d844e9b7d97c
[92mINFO [0m:      Sent reply
[92mINFO [0m:      
[92mINFO [0m:      Received: evaluate message 109b885c-b401-435e-92d2-21daf04cba57
[92mINFO [0m:      Sent reply
[92mINFO [0m:      
[92mINFO [0m:      Received: train message ffe85420-9cf1-41ea-a819-f5350b6f4b65
[92mINFO [0m:      Sent reply
[92mINFO [0m:      
[92mINFO [0m:      Received: evaluate message 5ef4e762-654e-418a-adc6-9b29b3583ef0
[92mINFO [0m:      Sent reply
[92mINFO [0m:      
[92mINFO [0m:      Received: train message 649e6cdd-f7b6-48aa-8152-5a505a761d74
[92mINFO [0m:      Sent reply
[92mINFO [0m:      
[92mINFO [0m:      Received: evaluate message 21a5c44d-8981-4623-bbf3-acf5f0912b08
[92mINFO [0m:      Sent reply
[92mINFO [0m:      
[92mINFO [0m:      Received: train message 815d2fd7-b491-41fa-a4bf-6c1e5f0268cb
[92mINFO [0m:      Sent reply
[92mINFO [0m:      
[92mINFO [0m:      Received: evaluate message 53150b19-e3bc-4ee8-9e15-421b5cc7bdeb
[92mINFO [0m:      Sent reply
[92mINFO [0m:      
[92mINFO [0m:      Received: train message 1776bdd4-5109-4fa9-9767-08a01a40dfbc
[92mINFO [0m:      Sent reply
[92mINFO [0m:      
[92mINFO [0m:      Received: evaluate message fe94c68d-7677-4e3c-9403-d2864466b93d
[92mINFO [0m:      Sent reply
[92mINFO [0m:      
[92mINFO [0m:      Received: train message 0df9a374-4cb7-4007-b3ba-48c83984f2fb
[92mINFO [0m:      Sent reply
[92mINFO [0m:      
[92mINFO [0m:      Received: evaluate message ea085527-30bd-456b-9515-0906b2bf1132
[92mINFO [0m:      Sent reply
[92mINFO [0m:      
[92mINFO [0m:      Received: train message 53c9b19d-0b09-4cd8-a5ab-5c41718e0be9
[92mINFO [0m:      Sent reply
[92mINFO [0m:      
[92mINFO [0m:      Received: evaluate message fc36d241-3cb3-46d4-9a25-34c0767f2525
[92mINFO [0m:      Sent reply
[92mINFO [0m:      
[92mINFO [0m:      Received: train message b087fc15-6b9e-408b-93cc-ba68760c063a
[92mINFO [0m:      Sent reply
[92mINFO [0m:      
[92mINFO [0m:      Received: evaluate message 8e67c417-d951-4840-b7f0-197eeaa51cbb
[92mINFO [0m:      Sent reply
[92mINFO [0m:      
[92mINFO [0m:      Received: train message bab33e75-d848-43d9-be19-33eb6830fcb8
[92mINFO [0m:      Sent reply
[92mINFO [0m:      
[92mINFO [0m:      Received: evaluate message 4e76af1f-7c03-43ec-97a8-eed433520519
[92mINFO [0m:      Sent reply
[92mINFO [0m:      
[92mINFO [0m:      Received: train message e5419b25-835f-4127-bc34-50a0f39af83f
[92mINFO [0m:      Sent reply
[92mINFO [0m:      
[92mINFO [0m:      Received: evaluate message 72fa72bd-a357-4e79-810d-5571f5e87bba
[92mINFO [0m:      Sent reply
[92mINFO [0m:      
[92mINFO [0m:      Received: train message 1c296d10-4b17-4a5e-b959-7ad06cf746c7
[92mINFO [0m:      Sent reply
[92mINFO [0m:      
[92mINFO [0m:      Received: evaluate message 420bee9e-f086-4a4a-899c-d549436e4010
[92mINFO [0m:      Sent reply
[92mINFO [0m:      
[92mINFO [0m:      Received: train message 58100a25-128d-43e7-a5b6-89e7aabdca36
[92mINFO [0m:      Sent reply
[92mINFO [0m:      
[92mINFO [0m:      Received: evaluate message 0cc90e4a-40c5-4ecb-afc9-77f0290e2902
[92mINFO [0m:      Sent reply
[92mINFO [0m:      
[92mINFO [0m:      Received: train message ccaa12f7-a354-4bcc-9a17-5210dbd29e6f
[92mINFO [0m:      Sent reply
[92mINFO [0m:      
[92mINFO [0m:      Received: evaluate message 37833cbc-f328-4116-a2c1-3b60a5534078
[92mINFO [0m:      Sent reply
[92mINFO [0m:      
[92mINFO [0m:      Received: train message 47cfeb1b-33eb-46ef-b268-1d9d4de0551a
[92mINFO [0m:      Sent reply
[92mINFO [0m:      
[92mINFO [0m:      Received: evaluate message 30472e6b-63f7-4607-8ade-f03add60d30c
[92mINFO [0m:      Sent reply
[92mINFO [0m:      
[92mINFO [0m:      Received: train message f4f214da-f1e0-4b02-ada4-98c2dfa3cdd5
[92mINFO [0m:      Sent reply
[92mINFO [0m:      
[92mINFO [0m:      Received: evaluate message 68d8d091-e894-4fc4-a0df-b228d063a871
[92mINFO [0m:      Sent reply
[92mINFO [0m:      
[92mINFO [0m:      Received: train message d6ed9724-d227-4261-83bc-e80eda7c4e69
[92mINFO [0m:      Sent reply
[92mINFO [0m:      
[92mINFO [0m:      Received: evaluate message 4db8af37-3dbc-4c88-856e-485758822614
[92mINFO [0m:      Sent reply
[92mINFO [0m:      
[92mINFO [0m:      Received: train message a00fe17d-a280-43c1-a0c5-9523943be274
[92mINFO [0m:      Sent reply
[92mINFO [0m:      
[92mINFO [0m:      Received: evaluate message e6faa148-8267-49f3-aac5-96b3f6f851f7
[92mINFO [0m:      Sent reply
[92mINFO [0m:      
[92mINFO [0m:      Received: reconnect message 1807d315-4812-4af2-92e5-122898c35e6a
[92mINFO [0m:      Disconnect and shut down
