[93mWARNING [0m:   DEPRECATED FEATURE: flwr.client.start_client() is deprecated.
	Instead, use the `flower-supernode` CLI command to start a SuperNode as shown below:

		$ flower-supernode --insecure --superlink='<IP>:<PORT>'

	To view all available options, run:

		$ flower-supernode --help

	Using `start_client()` is deprecated.

            This is a deprecated feature. It will be removed
            entirely in future versions of Flower.
        
[92mINFO [0m:      
[92mINFO [0m:      Received: train message e8780637-9594-4cc3-b600-12b3730bfc7e
[92mINFO [0m:      Sent reply
[92mINFO [0m:      
[92mINFO [0m:      Received: evaluate message a9e93c4c-a86f-4508-bd83-830c3df031a0
[92mINFO [0m:      Sent reply
[92mINFO [0m:      
[92mINFO [0m:      Received: train message 5f2f62c5-2e70-4394-b577-2b260e991e80
[92mINFO [0m:      Sent reply
[92mINFO [0m:      
[92mINFO [0m:      Received: evaluate message 3d4e55b1-c885-482f-82f0-a95e57b831e4
[92mINFO [0m:      Sent reply
[92mINFO [0m:      
[92mINFO [0m:      Received: train message bfee64b4-b0cd-4435-b842-f50393f0c432
[92mINFO [0m:      Sent reply
[92mINFO [0m:      
[92mINFO [0m:      Received: evaluate message 6aa92d61-6c2d-4848-bd50-05fd7c66b9ec
[92mINFO [0m:      Sent reply
[92mINFO [0m:      
[92mINFO [0m:      Received: train message 44ab8004-ba6e-4f96-ad9e-d544cc3fea82
[92mINFO [0m:      Sent reply
[92mINFO [0m:      
[92mINFO [0m:      Received: evaluate message 33fd5789-7da3-4853-915d-e9d41beb0ddf
[92mINFO [0m:      Sent reply
[92mINFO [0m:      
[92mINFO [0m:      Received: train message 8bc3185c-61c7-4925-a7d1-2b82cbc0c4cb
[92mINFO [0m:      Sent reply
[92mINFO [0m:      
[92mINFO [0m:      Received: evaluate message 152ac529-04c4-4717-b824-1e5717fa5240
[92mINFO [0m:      Sent reply
[92mINFO [0m:      
[92mINFO [0m:      Received: train message ea8ef987-3094-48d9-98c2-591dfd62901a
[92mINFO [0m:      Sent reply
[92mINFO [0m:      
[92mINFO [0m:      Received: evaluate message be3fa9f3-d792-45a4-acd6-ef22b4beb7bd
[92mINFO [0m:      Sent reply
[92mINFO [0m:      
[92mINFO [0m:      Received: train message 64ff6b75-db80-423b-a315-1b04aa2e4e0a
[92mINFO [0m:      Sent reply
[92mINFO [0m:      
[92mINFO [0m:      Received: evaluate message 6ba22b26-1a72-4027-9605-bcf4c27aee59
[92mINFO [0m:      Sent reply
[92mINFO [0m:      
[92mINFO [0m:      Received: train message 428fe2fb-b631-4308-8cbd-19a710f82ce5
[92mINFO [0m:      Sent reply
[92mINFO [0m:      
[92mINFO [0m:      Received: evaluate message 56c093bf-c4c9-4b07-aafe-7a3d87104ec0
[92mINFO [0m:      Sent reply
[92mINFO [0m:      
[92mINFO [0m:      Received: train message 16ec946c-627a-4608-af89-05635af4c33a
[92mINFO [0m:      Sent reply
[92mINFO [0m:      
[92mINFO [0m:      Received: evaluate message b9fecb03-5d82-4b65-84ce-da1945704efa
[92mINFO [0m:      Sent reply
[92mINFO [0m:      
[92mINFO [0m:      Received: train message 2ad97e88-ef79-4819-acd5-bd1141b5c15a
[92mINFO [0m:      Sent reply
[92mINFO [0m:      
[92mINFO [0m:      Received: evaluate message a1e133aa-26a2-40f4-98a5-53117d7ca1de
[92mINFO [0m:      Sent reply
[92mINFO [0m:      
[92mINFO [0m:      Received: train message b6ddefad-58af-4c94-9a07-a3e5143004af
[92mINFO [0m:      Sent reply
[92mINFO [0m:      
[92mINFO [0m:      Received: evaluate message 0701f9f7-35c5-4f19-ae03-af39c3ef74b6
[92mINFO [0m:      Sent reply
[92mINFO [0m:      
[92mINFO [0m:      Received: train message 9b49294b-ef20-4578-8e2c-053400b0599b
[92mINFO [0m:      Sent reply
[92mINFO [0m:      
[92mINFO [0m:      Received: evaluate message cde5f0d8-16ce-4b02-9860-ea2c4afaac51
[92mINFO [0m:      Sent reply
[92mINFO [0m:      
[92mINFO [0m:      Received: train message 4a71d596-709f-42ed-90fe-5d5a94002181
[92mINFO [0m:      Sent reply
[92mINFO [0m:      
[92mINFO [0m:      Received: evaluate message 3bf99a01-a5bf-4ed7-8139-b597d499faa7
[92mINFO [0m:      Sent reply
[92mINFO [0m:      
[92mINFO [0m:      Received: train message 43cf0fd1-2498-4dae-aa9f-ebfeb4ae2cb2
[92mINFO [0m:      Sent reply
[92mINFO [0m:      
[92mINFO [0m:      Received: evaluate message e6e46278-4aef-453d-8a70-8d8476d835da
[92mINFO [0m:      Sent reply
[92mINFO [0m:      
[92mINFO [0m:      Received: train message 4ef96929-4078-47c0-bbcf-b7929c7f05eb
[92mINFO [0m:      Sent reply
[92mINFO [0m:      
[92mINFO [0m:      Received: evaluate message 22941fb0-45e9-4116-993b-745f81994c92
[92mINFO [0m:      Sent reply
[92mINFO [0m:      
[92mINFO [0m:      Received: train message 63eef049-71f4-4077-aed6-68cc494445a4
[92mINFO [0m:      Sent reply
[92mINFO [0m:      
[92mINFO [0m:      Received: evaluate message c60daa29-f788-4982-b188-ff49fa6c7ffb
[92mINFO [0m:      Sent reply
[92mINFO [0m:      
[92mINFO [0m:      Received: train message b9525045-bb8c-4c19-892d-bad2a6986c22
[92mINFO [0m:      Sent reply
[92mINFO [0m:      
[92mINFO [0m:      Received: evaluate message 04812cd7-d9c0-423f-b146-beed77c3f9dc
[92mINFO [0m:      Sent reply
[92mINFO [0m:      
[92mINFO [0m:      Received: train message 374b6984-1747-4c0f-a15b-5f765df1e134
[92mINFO [0m:      Sent reply
[92mINFO [0m:      
[92mINFO [0m:      Received: evaluate message 2dd61c93-632c-43e6-88e9-43bab59f12c2
[92mINFO [0m:      Sent reply
[92mINFO [0m:      
[92mINFO [0m:      Received: train message 460bd5c5-4058-4e14-801a-d1b0ce2ef908
[92mINFO [0m:      Sent reply
[92mINFO [0m:      
[92mINFO [0m:      Received: evaluate message 51c83b17-2a1b-48e7-b866-561af2ce37ca
[92mINFO [0m:      Sent reply
[92mINFO [0m:      
[92mINFO [0m:      Received: train message 3bf901a9-5a1a-4118-8317-9deffd8c5d7b
[92mINFO [0m:      Sent reply
[92mINFO [0m:      
[92mINFO [0m:      Received: evaluate message f4f4735c-452d-43c7-b635-64f1fe2d2848
[92mINFO [0m:      Sent reply
[92mINFO [0m:      
[92mINFO [0m:      Received: train message 30748b79-c522-4126-85e9-3a8b012861b6
[92mINFO [0m:      Sent reply
[92mINFO [0m:      
[92mINFO [0m:      Received: evaluate message e338c347-df4b-4043-8289-7cdb0bdf4954
[92mINFO [0m:      Sent reply
[92mINFO [0m:      
[92mINFO [0m:      Received: train message 1071be8a-74d0-4336-a3ae-82c0ef7de153
[92mINFO [0m:      Sent reply
[92mINFO [0m:      
[92mINFO [0m:      Received: evaluate message f741fbba-3c11-4074-b506-afb9e10a3c55
[92mINFO [0m:      Sent reply
[92mINFO [0m:      
[92mINFO [0m:      Received: train message 66fb92cb-c223-4d2d-8c75-544b5c9316b5
[92mINFO [0m:      Sent reply
[92mINFO [0m:      
[92mINFO [0m:      Received: evaluate message 17dcf435-78f0-43f9-85eb-8ef1565485fe
[92mINFO [0m:      Sent reply
[92mINFO [0m:      
[92mINFO [0m:      Received: train message fba35b83-136f-4d7c-9298-f7df7f841102
[92mINFO [0m:      Sent reply
[92mINFO [0m:      
[92mINFO [0m:      Received: evaluate message 181e16ba-707f-41aa-8c61-7961a5c8d13e
[92mINFO [0m:      Sent reply
[92mINFO [0m:      
[92mINFO [0m:      Received: train message 8e460606-6253-451e-a87c-1bef0caacb19
[92mINFO [0m:      Sent reply
[92mINFO [0m:      
[92mINFO [0m:      Received: evaluate message 52684906-cfe2-40b4-88de-73a147f8d742
[92mINFO [0m:      Sent reply
[92mINFO [0m:      
[92mINFO [0m:      Received: train message 52ee82d0-f689-48ed-9d9f-b54a72d0bd3d
[92mINFO [0m:      Sent reply
[92mINFO [0m:      
[92mINFO [0m:      Received: evaluate message 852d8099-b5b2-4b13-9380-baab14fbf619
[92mINFO [0m:      Sent reply
[92mINFO [0m:      
[92mINFO [0m:      Received: train message e7d82698-bbc9-4ca6-b781-00acd135208d
[92mINFO [0m:      Sent reply
[92mINFO [0m:      
[92mINFO [0m:      Received: evaluate message a27a957b-2f8c-41b9-98b5-cb0e55a2bece
[92mINFO [0m:      Sent reply
[92mINFO [0m:      
[92mINFO [0m:      Received: train message 1ccd9196-050a-4e1d-b523-3001a4a4e788
[92mINFO [0m:      Sent reply
[92mINFO [0m:      
[92mINFO [0m:      Received: evaluate message 37c826fc-da9b-42a6-8e49-99e112f4f4f0
[92mINFO [0m:      Sent reply
[92mINFO [0m:      
[92mINFO [0m:      Received: train message 65133987-5c16-480e-9aa4-5e4f6a38dff9
[92mINFO [0m:      Sent reply
[92mINFO [0m:      
[92mINFO [0m:      Received: evaluate message 7d8d8546-eb18-4866-9690-e0bed9e8c4a5
[92mINFO [0m:      Sent reply
[92mINFO [0m:      
[92mINFO [0m:      Received: train message c5f4b100-8682-4e83-9ed9-5c4b2ca06a37
[92mINFO [0m:      Sent reply
[92mINFO [0m:      
[92mINFO [0m:      Received: evaluate message 9fd7c92b-455f-430d-b566-e43b85e8cc4f
[92mINFO [0m:      Sent reply
[92mINFO [0m:      
[92mINFO [0m:      Received: train message 714213e3-6ca1-485e-b729-f4263e34612d
[92mINFO [0m:      Sent reply
[92mINFO [0m:      
[92mINFO [0m:      Received: evaluate message e9c737e4-8b05-4ef0-844f-899c9c8020e8
[92mINFO [0m:      Sent reply
[92mINFO [0m:      
[92mINFO [0m:      Received: train message 774f2a1e-4d77-45f1-a471-e3785c3e3fa7
[92mINFO [0m:      Sent reply
[92mINFO [0m:      
[92mINFO [0m:      Received: evaluate message 099e8cfb-6863-4e43-ac6c-9b907bc7a479
[92mINFO [0m:      Sent reply
[92mINFO [0m:      
[92mINFO [0m:      Received: train message 004c5ced-4f6f-4550-bda3-95de9e250f14
[92mINFO [0m:      Sent reply
[92mINFO [0m:      
[92mINFO [0m:      Received: evaluate message 3dca26a0-90b6-4c14-885e-005f4891bf5f
[92mINFO [0m:      Sent reply
[92mINFO [0m:      
[92mINFO [0m:      Received: train message 170a7999-758c-4b95-b5bb-dcd1731b55bb
[92mINFO [0m:      Sent reply
[92mINFO [0m:      
[92mINFO [0m:      Received: evaluate message b19472a7-deed-4751-bb30-5dabd80a5d07
[92mINFO [0m:      Sent reply
[92mINFO [0m:      
[92mINFO [0m:      Received: train message 1e86326f-0878-417c-97f7-dd753401060b
[92mINFO [0m:      Sent reply
[92mINFO [0m:      
[92mINFO [0m:      Received: evaluate message 92230640-78b3-474b-876f-dfd331121976
[92mINFO [0m:      Sent reply
[92mINFO [0m:      
[92mINFO [0m:      Received: train message 24b6afe2-eb2e-48f1-b8a3-5f4be59bdd8a
[92mINFO [0m:      Sent reply
[92mINFO [0m:      
[92mINFO [0m:      Received: evaluate message b446b510-7534-4974-851b-841953fcd47e
[92mINFO [0m:      Sent reply
[92mINFO [0m:      
[92mINFO [0m:      Received: train message 864d8c06-0b06-4de5-8b1d-87c2c20a596f
[92mINFO [0m:      Sent reply
[92mINFO [0m:      
[92mINFO [0m:      Received: evaluate message 24ff780d-0cdf-40a4-9c06-37215557c720
[92mINFO [0m:      Sent reply
[92mINFO [0m:      
[92mINFO [0m:      Received: train message 170a7384-4d30-4fac-a79d-ff289af10873
[92mINFO [0m:      Sent reply
[92mINFO [0m:      
[92mINFO [0m:      Received: evaluate message 0d5123e1-e454-46fc-89de-167992dfbf72
[92mINFO [0m:      Sent reply
[92mINFO [0m:      
[92mINFO [0m:      Received: train message c4b00465-3abb-4b41-9df3-975f95089ca8
[92mINFO [0m:      Sent reply
[92mINFO [0m:      
[92mINFO [0m:      Received: evaluate message b83134aa-c440-418b-97d9-9216a2b9f061
[92mINFO [0m:      Sent reply
[92mINFO [0m:      
[92mINFO [0m:      Received: train message 916faf2b-babd-4efa-8a5a-852ca215fab2
[92mINFO [0m:      Sent reply
[92mINFO [0m:      
[92mINFO [0m:      Received: evaluate message a79d2df2-781c-4927-8998-1b5be5f2a57e
[92mINFO [0m:      Sent reply
[92mINFO [0m:      
[92mINFO [0m:      Received: train message 5a96335d-b21a-470d-ae35-c1822c423cbf
[92mINFO [0m:      Sent reply
[92mINFO [0m:      
[92mINFO [0m:      Received: evaluate message 99e4015d-e564-41f5-9505-c3650e9a189f
[92mINFO [0m:      Sent reply
[92mINFO [0m:      
[92mINFO [0m:      Received: train message 28909f1d-dcb0-42b9-93ce-a7bfaebf4206
[92mINFO [0m:      Sent reply
[92mINFO [0m:      
[92mINFO [0m:      Received: evaluate message 27e54c78-e06e-42db-af97-cf58662298b8
[92mINFO [0m:      Sent reply
[92mINFO [0m:      
[92mINFO [0m:      Received: train message 5e427bbf-ef44-4273-8afc-51a352c87d7d
[92mINFO [0m:      Sent reply
[92mINFO [0m:      
[92mINFO [0m:      Received: evaluate message c74b73b6-1924-41a3-9b84-7565f56221e1
[92mINFO [0m:      Sent reply
[92mINFO [0m:      
[92mINFO [0m:      Received: train message 24d17ccc-9ebc-4ba6-8fde-957d65976023
[92mINFO [0m:      Sent reply
[92mINFO [0m:      
[92mINFO [0m:      Received: evaluate message 46a4963c-cc7b-4580-92f8-55d9254eb0a6
[92mINFO [0m:      Sent reply
[92mINFO [0m:      
[92mINFO [0m:      Received: train message 5b10aba8-15f8-4a06-bddd-3f1780b1cd45
[92mINFO [0m:      Sent reply
[92mINFO [0m:      
[92mINFO [0m:      Received: evaluate message 0a433d6b-623c-4672-a3cf-5ab41e57302a
[92mINFO [0m:      Sent reply
[92mINFO [0m:      
[92mINFO [0m:      Received: train message 2e0666ae-3853-474b-87ed-19263c65ba39
[92mINFO [0m:      Sent reply
[92mINFO [0m:      
[92mINFO [0m:      Received: evaluate message ebe79c25-7e05-4da2-91d5-2ef514917a63
[92mINFO [0m:      Sent reply
[92mINFO [0m:      
[92mINFO [0m:      Received: train message 8aee6cfb-d39e-4111-a6f5-1e5a30026e31
[92mINFO [0m:      Sent reply
[92mINFO [0m:      
[92mINFO [0m:      Received: evaluate message 2b9bdaec-e19f-46f8-bce2-ddb15f689a52
[92mINFO [0m:      Sent reply
[92mINFO [0m:      
[92mINFO [0m:      Received: train message 25e635ae-9b36-4e79-aba6-fa6260a65da6
[92mINFO [0m:      Sent reply
[92mINFO [0m:      
[92mINFO [0m:      Received: evaluate message 9d0e67a9-b5e9-42f2-8f76-ddf810a6f5f2
[92mINFO [0m:      Sent reply
[92mINFO [0m:      
[92mINFO [0m:      Received: train message cec4ef0e-8af6-455a-80d9-de4015fead60
[92mINFO [0m:      Sent reply
[92mINFO [0m:      
[92mINFO [0m:      Received: evaluate message 8ac539d7-0e61-4389-ae14-1a88d680325f
[92mINFO [0m:      Sent reply
[92mINFO [0m:      
[92mINFO [0m:      Received: train message 6011d407-6f14-41c7-927d-9678df4460ac
[92mINFO [0m:      Sent reply
[92mINFO [0m:      
[92mINFO [0m:      Received: evaluate message 05ef3c13-6b58-4ff0-bdd8-19ac6756217a
[92mINFO [0m:      Sent reply
[92mINFO [0m:      
[92mINFO [0m:      Received: reconnect message 1fac3c75-d024-4fff-a16a-cec041bcad9b
[92mINFO [0m:      Disconnect and shut down
