[93mWARNING [0m:   DEPRECATED FEATURE: flwr.client.start_client() is deprecated.
	Instead, use the `flower-supernode` CLI command to start a SuperNode as shown below:

		$ flower-supernode --insecure --superlink='<IP>:<PORT>'

	To view all available options, run:

		$ flower-supernode --help

	Using `start_client()` is deprecated.

            This is a deprecated feature. It will be removed
            entirely in future versions of Flower.
        
[92mINFO [0m:      
[92mINFO [0m:      Received: train message ae78969f-84b7-4b28-9b39-856988d182d4
[92mINFO [0m:      Sent reply
[92mINFO [0m:      
[92mINFO [0m:      Received: evaluate message f702e2d9-4e60-434a-96b5-45016aae3bdf
[92mINFO [0m:      Sent reply
[92mINFO [0m:      
[92mINFO [0m:      Received: train message b106629d-63ec-48f5-9497-d921f410b117
[92mINFO [0m:      Sent reply
[92mINFO [0m:      
[92mINFO [0m:      Received: evaluate message eed336ac-2954-453d-ac09-0adce574979c
[92mINFO [0m:      Sent reply
[92mINFO [0m:      
[92mINFO [0m:      Received: train message 6e9c924c-52db-46de-a7a7-7a48451cb7ed
[92mINFO [0m:      Sent reply
[92mINFO [0m:      
[92mINFO [0m:      Received: evaluate message c0dd2b6b-9895-4efc-aa4d-54d6e3c8b8e8
[92mINFO [0m:      Sent reply
[92mINFO [0m:      
[92mINFO [0m:      Received: train message dae64685-e86e-4f95-94fc-4d2ed2dd7541
[92mINFO [0m:      Sent reply
[92mINFO [0m:      
[92mINFO [0m:      Received: evaluate message 1e4e83f7-8ef9-4a95-acad-e7960788e136
[92mINFO [0m:      Sent reply
[92mINFO [0m:      
[92mINFO [0m:      Received: train message bc103624-71c8-4712-aa17-914e31c24275
[92mINFO [0m:      Sent reply
[92mINFO [0m:      
[92mINFO [0m:      Received: evaluate message 2b16c45c-e59f-4234-8657-bd4c7865acdb
[92mINFO [0m:      Sent reply
[92mINFO [0m:      
[92mINFO [0m:      Received: train message 23891a2a-d763-4592-a3d6-28704a22b844
[92mINFO [0m:      Sent reply
[92mINFO [0m:      
[92mINFO [0m:      Received: evaluate message 7f82b310-abc5-48b8-a824-209212672a9c
[92mINFO [0m:      Sent reply
[92mINFO [0m:      
[92mINFO [0m:      Received: train message 631ad526-6344-4d62-8c38-f4aa58608a5e
[92mINFO [0m:      Sent reply
[92mINFO [0m:      
[92mINFO [0m:      Received: evaluate message 27786f11-4d3d-4b38-b1c3-e9bea03b3b7e
[92mINFO [0m:      Sent reply
[92mINFO [0m:      
[92mINFO [0m:      Received: train message 5856dc2d-4d87-4dfe-b33d-9a4ff13cb41b
[92mINFO [0m:      Sent reply
[92mINFO [0m:      
[92mINFO [0m:      Received: evaluate message 8a5bd6c6-112b-4aac-a648-c7ed595bd077
[92mINFO [0m:      Sent reply
[92mINFO [0m:      
[92mINFO [0m:      Received: train message bcd0ba86-4d4b-4c31-9f44-904c2ac650f8
[92mINFO [0m:      Sent reply
[92mINFO [0m:      
[92mINFO [0m:      Received: evaluate message ce77f54f-1038-4579-be02-a6d061b314ef
[92mINFO [0m:      Sent reply
[92mINFO [0m:      
[92mINFO [0m:      Received: train message 1ea6df53-b325-42f7-8492-b652159535af
[92mINFO [0m:      Sent reply
[92mINFO [0m:      
[92mINFO [0m:      Received: evaluate message 0af3b039-e929-4eb8-bf7d-de151fb6115c
[92mINFO [0m:      Sent reply
[92mINFO [0m:      
[92mINFO [0m:      Received: train message 939b9c0a-2d31-479d-be49-4414c12b555e
[92mINFO [0m:      Sent reply
[92mINFO [0m:      
[92mINFO [0m:      Received: evaluate message 109e9ff9-64ae-4467-b517-21af7f35a8f6
[92mINFO [0m:      Sent reply
[92mINFO [0m:      
[92mINFO [0m:      Received: train message c4a93c0d-9b3f-4c82-a119-09a062e1122b
[92mINFO [0m:      Sent reply
[92mINFO [0m:      
[92mINFO [0m:      Received: evaluate message 44871ad5-6777-4ae7-a0a1-812d03af8576
[92mINFO [0m:      Sent reply
[92mINFO [0m:      
[92mINFO [0m:      Received: train message 4d739884-f374-468a-a513-7acd24e63afc
[92mINFO [0m:      Sent reply
[92mINFO [0m:      
[92mINFO [0m:      Received: evaluate message 8408a829-9c0f-425e-993b-4ecf48977b72
[92mINFO [0m:      Sent reply
[92mINFO [0m:      
[92mINFO [0m:      Received: train message ab35f006-0b5d-4a42-883a-c96f7a31c647
[92mINFO [0m:      Sent reply
[92mINFO [0m:      
[92mINFO [0m:      Received: evaluate message 8b9fd16a-c46a-4778-abf6-e426eca40206
[92mINFO [0m:      Sent reply
[92mINFO [0m:      
[92mINFO [0m:      Received: train message 512fbf39-bf34-4132-b85a-393107609291
[92mINFO [0m:      Sent reply
[92mINFO [0m:      
[92mINFO [0m:      Received: evaluate message 5ce40625-68cc-4517-8a83-de6ec21d8915
[92mINFO [0m:      Sent reply
[92mINFO [0m:      
[92mINFO [0m:      Received: train message d64180a0-3567-49d3-b177-38bc07f769ff
[92mINFO [0m:      Sent reply
[92mINFO [0m:      
[92mINFO [0m:      Received: evaluate message 454c6a92-2ce8-495e-90de-cb218a6b2e63
[92mINFO [0m:      Sent reply
[92mINFO [0m:      
[92mINFO [0m:      Received: train message 0eff58a7-3993-4b57-a103-c8e3488911e2
[92mINFO [0m:      Sent reply
[92mINFO [0m:      
[92mINFO [0m:      Received: evaluate message db718fbd-1c94-43d7-9fda-9c3493e7502b
[92mINFO [0m:      Sent reply
[92mINFO [0m:      
[92mINFO [0m:      Received: train message 59a7f780-a60a-4e31-b560-a004d0042476
[92mINFO [0m:      Sent reply
[92mINFO [0m:      
[92mINFO [0m:      Received: evaluate message 888fe598-9be7-47d7-a970-6b6093a2f897
[92mINFO [0m:      Sent reply
[92mINFO [0m:      
[92mINFO [0m:      Received: train message b9929d82-8d0d-4faf-9331-5071cc3cd079
[92mINFO [0m:      Sent reply
[92mINFO [0m:      
[92mINFO [0m:      Received: evaluate message 7d28aac0-91eb-442d-9d71-973bc8aa1cbd
[92mINFO [0m:      Sent reply
[92mINFO [0m:      
[92mINFO [0m:      Received: train message 2489cf13-cd22-46c6-b28a-679d876992a2
[92mINFO [0m:      Sent reply
[92mINFO [0m:      
[92mINFO [0m:      Received: evaluate message db21a3d2-f2cf-4252-b317-db282ee9d41d
[92mINFO [0m:      Sent reply
[92mINFO [0m:      
[92mINFO [0m:      Received: train message fab23eeb-ed90-47ae-a5e0-ccb64930a52a
[92mINFO [0m:      Sent reply
[92mINFO [0m:      
[92mINFO [0m:      Received: evaluate message 86eb24fa-970e-4825-bffd-c4f5b6ec94e6
[92mINFO [0m:      Sent reply
[92mINFO [0m:      
[92mINFO [0m:      Received: train message 250b8e79-67e3-4e17-b5ff-add285bb7ec3
[92mINFO [0m:      Sent reply
[92mINFO [0m:      
[92mINFO [0m:      Received: evaluate message 6ce0a41d-77ca-429a-b937-b44cf55a8287
[92mINFO [0m:      Sent reply
[92mINFO [0m:      
[92mINFO [0m:      Received: train message 8f459ce2-8ed8-4e50-8dac-03f515071079
[92mINFO [0m:      Sent reply
[92mINFO [0m:      
[92mINFO [0m:      Received: evaluate message 4948b140-7bce-43d1-828f-1c09af917a7f
[92mINFO [0m:      Sent reply
[92mINFO [0m:      
[92mINFO [0m:      Received: train message e6ed3660-ea00-4ca3-b56a-7e8ce56bf24d
[92mINFO [0m:      Sent reply
[92mINFO [0m:      
[92mINFO [0m:      Received: evaluate message 2f5ec824-1b4f-440f-823b-88bd28d918f2
[92mINFO [0m:      Sent reply
[92mINFO [0m:      
[92mINFO [0m:      Received: train message db7051b4-07c0-4639-b3db-e6a0d395fca9
[92mINFO [0m:      Sent reply
[92mINFO [0m:      
[92mINFO [0m:      Received: evaluate message b4d67f75-05be-4d60-a53d-a8dc10ebafcf
[92mINFO [0m:      Sent reply
[92mINFO [0m:      
[92mINFO [0m:      Received: train message 76995248-10ea-4eff-93fa-86e0fae4c94c
[92mINFO [0m:      Sent reply
[92mINFO [0m:      
[92mINFO [0m:      Received: evaluate message 2ea7142d-a065-47f4-aaae-2109ac3bd269
[92mINFO [0m:      Sent reply
[92mINFO [0m:      
[92mINFO [0m:      Received: train message 01eb5ff4-2a4b-4ea9-94a5-e1af3a75dbc3
[92mINFO [0m:      Sent reply
[92mINFO [0m:      
[92mINFO [0m:      Received: evaluate message 2563dae0-e9dc-43f6-972f-93fc4a63166d
[92mINFO [0m:      Sent reply
[92mINFO [0m:      
[92mINFO [0m:      Received: train message c125e98f-0143-4372-8d03-3333ab56ff8b
[92mINFO [0m:      Sent reply
[92mINFO [0m:      
[92mINFO [0m:      Received: evaluate message 38f40bd9-7695-44ed-998f-470f60b1dd77
[92mINFO [0m:      Sent reply
[92mINFO [0m:      
[92mINFO [0m:      Received: train message 1678240c-374a-481a-8882-948f071fa92f
[92mINFO [0m:      Sent reply
[92mINFO [0m:      
[92mINFO [0m:      Received: evaluate message 50a173e1-8c16-4182-810f-6494abb3634c
[92mINFO [0m:      Sent reply
[92mINFO [0m:      
[92mINFO [0m:      Received: train message 873cc4bc-6268-4d04-bebf-0dea9137cb0b
[92mINFO [0m:      Sent reply
[92mINFO [0m:      
[92mINFO [0m:      Received: evaluate message e1d9cea3-f74c-4290-a761-173e36ee9085
[92mINFO [0m:      Sent reply
[92mINFO [0m:      
[92mINFO [0m:      Received: train message f76c6d35-9da7-4de2-8af3-1feefcd2295e
[92mINFO [0m:      Sent reply
[92mINFO [0m:      
[92mINFO [0m:      Received: evaluate message 014d8b39-7c8f-493c-b132-e39a276bb8f9
[92mINFO [0m:      Sent reply
[92mINFO [0m:      
[92mINFO [0m:      Received: train message 3466025c-e9d1-48a0-bdf1-f9358d3f6539
[92mINFO [0m:      Sent reply
[92mINFO [0m:      
[92mINFO [0m:      Received: evaluate message 715ff9e7-a554-4704-9aa0-18ebd7d3ae67
[92mINFO [0m:      Sent reply
[92mINFO [0m:      
[92mINFO [0m:      Received: train message d95bc4d7-6371-4371-bdea-7008dd2f3bab
[92mINFO [0m:      Sent reply
[92mINFO [0m:      
[92mINFO [0m:      Received: evaluate message 5d787476-24f7-4938-ba45-d7542f3b30dc
[92mINFO [0m:      Sent reply
[92mINFO [0m:      
[92mINFO [0m:      Received: train message 77e62e90-5acf-4d99-83ee-12eccb58f57a
[92mINFO [0m:      Sent reply
[92mINFO [0m:      
[92mINFO [0m:      Received: evaluate message d726c050-c52e-4a41-86e2-9d3c9950f876
[92mINFO [0m:      Sent reply
[92mINFO [0m:      
[92mINFO [0m:      Received: train message 0c1e9eb3-61c1-442c-afa5-432473cad136
[92mINFO [0m:      Sent reply
[92mINFO [0m:      
[92mINFO [0m:      Received: evaluate message 0bb6aed7-6750-471f-a3d9-73a49cab50ce
[92mINFO [0m:      Sent reply
[92mINFO [0m:      
[92mINFO [0m:      Received: train message b341f814-ea7c-40d2-8baa-a3fc2ea2cd9b
[92mINFO [0m:      Sent reply
[92mINFO [0m:      
[92mINFO [0m:      Received: evaluate message f60f05ea-6888-4a50-a6cf-fcda61e9e1c4
[92mINFO [0m:      Sent reply
[92mINFO [0m:      
[92mINFO [0m:      Received: train message 33592971-ff19-4e45-962a-da8e80f6e643
[92mINFO [0m:      Sent reply
[92mINFO [0m:      
[92mINFO [0m:      Received: evaluate message fb4ff070-29f8-4d21-b329-4378d884cbe9
[92mINFO [0m:      Sent reply
[92mINFO [0m:      
[92mINFO [0m:      Received: train message 723c7c3d-d5f2-4066-8fd9-3cda4cd42597
[92mINFO [0m:      Sent reply
[92mINFO [0m:      
[92mINFO [0m:      Received: evaluate message 0f123c8b-611a-42fb-ae49-5c2ca3399d3a
[92mINFO [0m:      Sent reply
[92mINFO [0m:      
[92mINFO [0m:      Received: train message 81443c30-1725-4c86-8367-fdc50b7f1ed4
[92mINFO [0m:      Sent reply
[92mINFO [0m:      
[92mINFO [0m:      Received: evaluate message 43fae100-faf7-4d7f-9ad4-adde33dac2a2
[92mINFO [0m:      Sent reply
[92mINFO [0m:      
[92mINFO [0m:      Received: train message 01f251f9-ae8c-48af-97cc-3652dd2bd8d0
[92mINFO [0m:      Sent reply
[92mINFO [0m:      
[92mINFO [0m:      Received: evaluate message bdd7d55e-c664-4080-8594-fd4ce978c22a
[92mINFO [0m:      Sent reply
[92mINFO [0m:      
[92mINFO [0m:      Received: train message c6a09a4d-ea5a-471e-a56a-f8efbd0ba9ec
[92mINFO [0m:      Sent reply
[92mINFO [0m:      
[92mINFO [0m:      Received: evaluate message 1970ed00-8a6c-4399-9459-6906fcbeb9d3
[92mINFO [0m:      Sent reply
[92mINFO [0m:      
[92mINFO [0m:      Received: train message 168820ee-b8c8-4e72-8143-d85cbd8c329f
[92mINFO [0m:      Sent reply
[92mINFO [0m:      
[92mINFO [0m:      Received: evaluate message 74b28c74-86fb-4260-a7a2-e9a4540123c8
[92mINFO [0m:      Sent reply
[92mINFO [0m:      
[92mINFO [0m:      Received: train message bf317ca7-8d74-453f-8144-a0c493fedc63
[92mINFO [0m:      Sent reply
[92mINFO [0m:      
[92mINFO [0m:      Received: evaluate message 22309a6f-f7b0-42d4-83fd-18465bb0aa00
[92mINFO [0m:      Sent reply
[92mINFO [0m:      
[92mINFO [0m:      Received: train message d216c53c-6d6f-4f62-a004-749e051a4504
[92mINFO [0m:      Sent reply
[92mINFO [0m:      
[92mINFO [0m:      Received: evaluate message 8c49f3b9-6cca-4046-8e58-826d6bc5c856
[92mINFO [0m:      Sent reply
[92mINFO [0m:      
[92mINFO [0m:      Received: train message 743c2134-470f-46af-a31a-021f097fd6f9
[92mINFO [0m:      Sent reply
[92mINFO [0m:      
[92mINFO [0m:      Received: evaluate message fef5a285-5984-492d-b000-a6f63eb64207
[92mINFO [0m:      Sent reply
[92mINFO [0m:      
[92mINFO [0m:      Received: train message 56e4ecfb-203f-498a-81e3-64cd22264a1e
[92mINFO [0m:      Sent reply
[92mINFO [0m:      
[92mINFO [0m:      Received: evaluate message e77b86b4-51ed-416c-ab6a-b1ada3cd048e
[92mINFO [0m:      Sent reply
[92mINFO [0m:      
[92mINFO [0m:      Received: train message 1c9f1c25-c2c8-4513-85a6-a17cb53edba2
[92mINFO [0m:      Sent reply
[92mINFO [0m:      
[92mINFO [0m:      Received: evaluate message 21daf28b-826c-488b-8ba5-8a8d3364c4ce
[92mINFO [0m:      Sent reply
[92mINFO [0m:      
[92mINFO [0m:      Received: train message e192c9c3-ba2a-4515-9c77-a07099e861c9
[92mINFO [0m:      Sent reply
[92mINFO [0m:      
[92mINFO [0m:      Received: evaluate message 91341593-22bb-43fa-88a1-dd5406fd02d0
[92mINFO [0m:      Sent reply
[92mINFO [0m:      
[92mINFO [0m:      Received: train message ef037f79-89b4-491a-9340-60bbb15d9998
[92mINFO [0m:      Sent reply
[92mINFO [0m:      
[92mINFO [0m:      Received: evaluate message 6b086c9a-ef3f-41d1-a0fd-33027348dcc0
[92mINFO [0m:      Sent reply
[92mINFO [0m:      
[92mINFO [0m:      Received: train message a47505eb-2b78-4205-ad83-8b03c9156a21
[92mINFO [0m:      Sent reply
[92mINFO [0m:      
[92mINFO [0m:      Received: evaluate message a7eab972-d331-4668-905f-7b2c835352d9
[92mINFO [0m:      Sent reply
[92mINFO [0m:      
[92mINFO [0m:      Received: reconnect message 477631f6-c8f9-4306-a750-5c999da1ddc2
[92mINFO [0m:      Disconnect and shut down
