[93mWARNING [0m:   DEPRECATED FEATURE: flwr.client.start_client() is deprecated.
	Instead, use the `flower-supernode` CLI command to start a SuperNode as shown below:

		$ flower-supernode --insecure --superlink='<IP>:<PORT>'

	To view all available options, run:

		$ flower-supernode --help

	Using `start_client()` is deprecated.

            This is a deprecated feature. It will be removed
            entirely in future versions of Flower.
        
[92mINFO [0m:      
[92mINFO [0m:      Received: train message d1c26ca0-ed82-4b11-a909-aa8f774fdfae
[92mINFO [0m:      Sent reply
[92mINFO [0m:      
[92mINFO [0m:      Received: evaluate message 044728fb-79db-436f-b5f2-87a993a3d086
[92mINFO [0m:      Sent reply
[92mINFO [0m:      
[92mINFO [0m:      Received: train message b82dac66-4a10-4c04-9665-0777ef2e2f1b
[92mINFO [0m:      Sent reply
[92mINFO [0m:      
[92mINFO [0m:      Received: evaluate message b4ee9401-e264-459e-92b1-8636c07e9f8a
[92mINFO [0m:      Sent reply
[92mINFO [0m:      
[92mINFO [0m:      Received: train message 5b54b195-45b5-4ecb-89ba-b9578e17981f
[92mINFO [0m:      Sent reply
[92mINFO [0m:      
[92mINFO [0m:      Received: evaluate message 54880759-748e-463c-ba75-088715d13236
[92mINFO [0m:      Sent reply
[92mINFO [0m:      
[92mINFO [0m:      Received: train message fe65e91b-170a-4ade-a93b-fe5d96779f3b
[92mINFO [0m:      Sent reply
[92mINFO [0m:      
[92mINFO [0m:      Received: evaluate message a2066ef9-6a0a-4551-b236-464849dc3f0e
[92mINFO [0m:      Sent reply
[92mINFO [0m:      
[92mINFO [0m:      Received: train message 267dad74-0121-4cbd-8f40-89a5b2754fa9
[92mINFO [0m:      Sent reply
[92mINFO [0m:      
[92mINFO [0m:      Received: evaluate message bbfcd939-6505-428b-a94b-44249c8f2774
[92mINFO [0m:      Sent reply
[92mINFO [0m:      
[92mINFO [0m:      Received: train message 5c5241b9-bbc3-460d-be15-ffad648529a4
[92mINFO [0m:      Sent reply
[92mINFO [0m:      
[92mINFO [0m:      Received: evaluate message 23a9951b-7a99-4920-bf73-b0b01b6bba2f
[92mINFO [0m:      Sent reply
[92mINFO [0m:      
[92mINFO [0m:      Received: train message 9f25994f-bf40-4047-a695-f576a7ad6f4b
[92mINFO [0m:      Sent reply
[92mINFO [0m:      
[92mINFO [0m:      Received: evaluate message feb405c9-27d4-49d2-b75b-730fbc6646bf
[92mINFO [0m:      Sent reply
[92mINFO [0m:      
[92mINFO [0m:      Received: train message 94de2a2a-c0ea-475e-bb53-e90d1b57035a
[92mINFO [0m:      Sent reply
[92mINFO [0m:      
[92mINFO [0m:      Received: evaluate message 56b80cd9-c325-4f03-bace-a59d9619db63
[92mINFO [0m:      Sent reply
[92mINFO [0m:      
[92mINFO [0m:      Received: train message db0b5309-c922-4708-b4ad-687a448d8deb
[92mINFO [0m:      Sent reply
[92mINFO [0m:      
[92mINFO [0m:      Received: evaluate message 59108988-a367-4e7c-9752-c9c8a93dee41
[92mINFO [0m:      Sent reply
[92mINFO [0m:      
[92mINFO [0m:      Received: train message 68e6022e-05e2-40a1-9f88-191e40f19dda
[92mINFO [0m:      Sent reply
[92mINFO [0m:      
[92mINFO [0m:      Received: evaluate message d21f1bdf-32d8-4bc6-9b9d-71410cf15b8c
[92mINFO [0m:      Sent reply
[92mINFO [0m:      
[92mINFO [0m:      Received: train message 1c66c783-698f-42d0-934c-1c4086897526
[92mINFO [0m:      Sent reply
[92mINFO [0m:      
[92mINFO [0m:      Received: evaluate message f5fd7329-6216-4c6c-be00-73c755537755
[92mINFO [0m:      Sent reply
[92mINFO [0m:      
[92mINFO [0m:      Received: train message 532ea1c6-c1d0-4b80-9b50-f8624d39dc47
[92mINFO [0m:      Sent reply
[92mINFO [0m:      
[92mINFO [0m:      Received: evaluate message 5d7e4124-4cfc-42a7-b874-71d0700e1ec7
[92mINFO [0m:      Sent reply
[92mINFO [0m:      
[92mINFO [0m:      Received: train message d733351c-527c-4a87-8d8c-42e22c478b41
[92mINFO [0m:      Sent reply
[92mINFO [0m:      
[92mINFO [0m:      Received: evaluate message af7e7f61-502c-4863-80b9-14c9734646b6
[92mINFO [0m:      Sent reply
[92mINFO [0m:      
[92mINFO [0m:      Received: train message 93048b64-eac1-4091-b3a1-26d351d0e724
[92mINFO [0m:      Sent reply
[92mINFO [0m:      
[92mINFO [0m:      Received: evaluate message 9cf14dd4-6e21-4709-97cf-f4dc6e3580f4
[92mINFO [0m:      Sent reply
[92mINFO [0m:      
[92mINFO [0m:      Received: train message 8938dafc-bf28-4bab-9ad0-6bac91631cfe
[92mINFO [0m:      Sent reply
[92mINFO [0m:      
[92mINFO [0m:      Received: evaluate message 14e59f0b-954e-434b-af2b-488e38215fa9
[92mINFO [0m:      Sent reply
[92mINFO [0m:      
[92mINFO [0m:      Received: train message 19a70230-ec07-450c-978f-097e298b0b04
[92mINFO [0m:      Sent reply
[92mINFO [0m:      
[92mINFO [0m:      Received: evaluate message 68fb3f3b-d515-4d77-a7af-1412c12eee53
[92mINFO [0m:      Sent reply
[92mINFO [0m:      
[92mINFO [0m:      Received: train message 4b935e73-da70-4eb8-931a-8f7a0ba28139
[92mINFO [0m:      Sent reply
[92mINFO [0m:      
[92mINFO [0m:      Received: evaluate message f6c7ee92-804f-4a4b-ba46-474d7169edf0
[92mINFO [0m:      Sent reply
[92mINFO [0m:      
[92mINFO [0m:      Received: train message 191e1949-3ccd-4e9f-9f05-5ac51072b843
[92mINFO [0m:      Sent reply
[92mINFO [0m:      
[92mINFO [0m:      Received: evaluate message a6fb96a9-19ba-4256-894e-de064fa3e61e
[92mINFO [0m:      Sent reply
[92mINFO [0m:      
[92mINFO [0m:      Received: train message 7a453a92-6a20-4910-b89d-7b0303ac2616
[92mINFO [0m:      Sent reply
[92mINFO [0m:      
[92mINFO [0m:      Received: evaluate message 7011ae84-6397-4435-84fc-b51cb7985bba
[92mINFO [0m:      Sent reply
[92mINFO [0m:      
[92mINFO [0m:      Received: train message b181141d-bf82-4463-9955-a00921a56acb
[92mINFO [0m:      Sent reply
[92mINFO [0m:      
[92mINFO [0m:      Received: evaluate message d2b18844-1fdb-4d01-98e4-2cb810b3ae7f
[92mINFO [0m:      Sent reply
[92mINFO [0m:      
[92mINFO [0m:      Received: train message 6fe723cc-cd9b-46f9-b3ab-ea6f9a09f2f8
[92mINFO [0m:      Sent reply
[92mINFO [0m:      
[92mINFO [0m:      Received: evaluate message 1a828b12-52a1-4ced-b62a-ea275f63706a
[92mINFO [0m:      Sent reply
[92mINFO [0m:      
[92mINFO [0m:      Received: train message 1ab8952b-43f5-4266-b1c8-271aac690008
[92mINFO [0m:      Sent reply
[92mINFO [0m:      
[92mINFO [0m:      Received: evaluate message 35c42fb4-cf53-4593-8a55-da7826b31181
[92mINFO [0m:      Sent reply
[92mINFO [0m:      
[92mINFO [0m:      Received: train message 2eb997a4-51c4-40af-a0bd-e0aa0dffc526
[92mINFO [0m:      Sent reply
[92mINFO [0m:      
[92mINFO [0m:      Received: evaluate message afc5802b-4875-4b30-8003-9bddce8aa3ae
[92mINFO [0m:      Sent reply
[92mINFO [0m:      
[92mINFO [0m:      Received: train message 7762b3f4-a226-4420-b5f3-e8d5520b9639
[92mINFO [0m:      Sent reply
[92mINFO [0m:      
[92mINFO [0m:      Received: evaluate message 9c9ec522-afc4-4ab9-acce-2ddc5a2c240e
[92mINFO [0m:      Sent reply
[92mINFO [0m:      
[92mINFO [0m:      Received: train message d2ebfeed-dffe-4b2f-a039-d8efb755d9a2
[92mINFO [0m:      Sent reply
[92mINFO [0m:      
[92mINFO [0m:      Received: evaluate message 93758004-482b-4fd3-be1c-95af99de6dc5
[92mINFO [0m:      Sent reply
[92mINFO [0m:      
[92mINFO [0m:      Received: train message ee45aea2-da66-4051-bf8c-ce14a4c0d4b2
[92mINFO [0m:      Sent reply
[92mINFO [0m:      
[92mINFO [0m:      Received: evaluate message cd82bfe1-8550-4b57-b746-89948992730b
[92mINFO [0m:      Sent reply
[92mINFO [0m:      
[92mINFO [0m:      Received: train message 25bb7a61-9b1a-4d87-8677-3aeb7c7afba5
[92mINFO [0m:      Sent reply
[92mINFO [0m:      
[92mINFO [0m:      Received: evaluate message 36f81ea7-b519-4205-a626-f95049e1b86d
[92mINFO [0m:      Sent reply
[92mINFO [0m:      
[92mINFO [0m:      Received: train message ed7ea73c-cd8d-481c-85a8-6eee697c1066
[92mINFO [0m:      Sent reply
[92mINFO [0m:      
[92mINFO [0m:      Received: evaluate message fe837d10-6e0d-418c-a195-4e5e920d3e7a
[92mINFO [0m:      Sent reply
[92mINFO [0m:      
[92mINFO [0m:      Received: train message 98cc9d47-a94d-49f7-8759-6499d8671d23
[92mINFO [0m:      Sent reply
[92mINFO [0m:      
[92mINFO [0m:      Received: evaluate message ed1b73fd-7187-4abd-90e2-ac745a839c43
[92mINFO [0m:      Sent reply
[92mINFO [0m:      
[92mINFO [0m:      Received: train message 367b8634-445d-4836-a390-240dddfbfe3f
[92mINFO [0m:      Sent reply
[92mINFO [0m:      
[92mINFO [0m:      Received: evaluate message 67ce5538-c083-4a27-92c9-487f5b3c71b8
[92mINFO [0m:      Sent reply
[92mINFO [0m:      
[92mINFO [0m:      Received: train message 314aafad-4e5b-49b5-96c1-c0e7393714f7
[92mINFO [0m:      Sent reply
[92mINFO [0m:      
[92mINFO [0m:      Received: evaluate message 00d6acc1-f0d6-4950-aef0-c4be664e649e
[92mINFO [0m:      Sent reply
[92mINFO [0m:      
[92mINFO [0m:      Received: train message c85e7b07-182b-427b-8af4-23ded6bb1f23
[92mINFO [0m:      Sent reply
[92mINFO [0m:      
[92mINFO [0m:      Received: evaluate message f3c650e3-bd54-43e4-93fb-2e0a82a3a11c
[92mINFO [0m:      Sent reply
[92mINFO [0m:      
[92mINFO [0m:      Received: train message 43f29020-64b9-4e45-b815-b6d3a43b5725
[92mINFO [0m:      Sent reply
[92mINFO [0m:      
[92mINFO [0m:      Received: evaluate message c7e7477a-07c2-419d-be79-8c09a52fe137
[92mINFO [0m:      Sent reply
[92mINFO [0m:      
[92mINFO [0m:      Received: train message b57338a2-f112-4f3a-a5c9-fb6a8f067cae
[92mINFO [0m:      Sent reply
[92mINFO [0m:      
[92mINFO [0m:      Received: evaluate message 869711e3-3d88-4870-bbfa-9aba2b97b746
[92mINFO [0m:      Sent reply
[92mINFO [0m:      
[92mINFO [0m:      Received: train message 1d7b5f4a-1cce-4fb4-a597-73c03784eadd
[92mINFO [0m:      Sent reply
[92mINFO [0m:      
[92mINFO [0m:      Received: evaluate message 4220f022-d32c-40fb-835b-6709ee1209a4
[92mINFO [0m:      Sent reply
[92mINFO [0m:      
[92mINFO [0m:      Received: train message 1668299a-3328-414c-88f1-34b8bbeff14d
[92mINFO [0m:      Sent reply
[92mINFO [0m:      
[92mINFO [0m:      Received: evaluate message 8b9ec9e3-106c-4871-88b7-757256a171bb
[92mINFO [0m:      Sent reply
[92mINFO [0m:      
[92mINFO [0m:      Received: train message 49501937-ee03-4e60-8b4a-1f49f7e2ce09
[92mINFO [0m:      Sent reply
[92mINFO [0m:      
[92mINFO [0m:      Received: evaluate message b9bcaa32-947a-4590-8085-17c5ef8959aa
[92mINFO [0m:      Sent reply
[92mINFO [0m:      
[92mINFO [0m:      Received: train message fc471900-ac18-4470-8a8d-b578362d6c58
[92mINFO [0m:      Sent reply
[92mINFO [0m:      
[92mINFO [0m:      Received: evaluate message 04deeedc-126d-436d-b37c-0c473b4548bb
[92mINFO [0m:      Sent reply
[92mINFO [0m:      
[92mINFO [0m:      Received: train message 040b74c4-ced0-4e63-bc4c-49f13abc250f
[92mINFO [0m:      Sent reply
[92mINFO [0m:      
[92mINFO [0m:      Received: evaluate message 3ab598e9-0987-442b-b09e-c35ac8f61efd
[92mINFO [0m:      Sent reply
[92mINFO [0m:      
[92mINFO [0m:      Received: train message 698b70e9-aeb6-4075-afc7-5e58c6bc99e0
[92mINFO [0m:      Sent reply
[92mINFO [0m:      
[92mINFO [0m:      Received: evaluate message 21d83a63-3826-4187-8a0e-ae2ab3f4e0b3
[92mINFO [0m:      Sent reply
[92mINFO [0m:      
[92mINFO [0m:      Received: train message 6da94950-938e-44d7-a59d-9a59dedd1da9
[92mINFO [0m:      Sent reply
[92mINFO [0m:      
[92mINFO [0m:      Received: evaluate message 136b3e97-be35-4983-bdfa-f11ab8a764a3
[92mINFO [0m:      Sent reply
[92mINFO [0m:      
[92mINFO [0m:      Received: train message f848a1aa-d9f1-45e2-bb1e-905bd570f388
[92mINFO [0m:      Sent reply
[92mINFO [0m:      
[92mINFO [0m:      Received: evaluate message 69a03ba4-8dc1-4a69-ab5e-a0982738f1a7
[92mINFO [0m:      Sent reply
[92mINFO [0m:      
[92mINFO [0m:      Received: train message f9bf6d62-948e-49b7-a27e-f84bb161d75c
[92mINFO [0m:      Sent reply
[92mINFO [0m:      
[92mINFO [0m:      Received: evaluate message 9b08ba6f-a41d-4182-a351-8b4b755356a4
[92mINFO [0m:      Sent reply
[92mINFO [0m:      
[92mINFO [0m:      Received: train message 34d3d3ca-9d4a-4225-8e65-a98c20317eb6
[92mINFO [0m:      Sent reply
[92mINFO [0m:      
[92mINFO [0m:      Received: evaluate message 6ffb278b-1f33-4398-832b-37f144dafe77
[92mINFO [0m:      Sent reply
[92mINFO [0m:      
[92mINFO [0m:      Received: train message 607294b5-4386-4093-9a3c-906e295b896a
[92mINFO [0m:      Sent reply
[92mINFO [0m:      
[92mINFO [0m:      Received: evaluate message c7d7d047-8c6b-44c1-8c98-7f8160d4db2c
[92mINFO [0m:      Sent reply
[92mINFO [0m:      
[92mINFO [0m:      Received: train message c57298ef-b620-43e8-8930-af333a6c7cff
[92mINFO [0m:      Sent reply
[92mINFO [0m:      
[92mINFO [0m:      Received: evaluate message 9d657b85-a485-42f7-bc35-1d1437dd45d2
[92mINFO [0m:      Sent reply
[92mINFO [0m:      
[92mINFO [0m:      Received: train message 8110347a-fd61-4c40-ad08-7106b585191e
[92mINFO [0m:      Sent reply
[92mINFO [0m:      
[92mINFO [0m:      Received: evaluate message 1cb8d582-dbc0-40ff-9452-fc4e51123a39
[92mINFO [0m:      Sent reply
[92mINFO [0m:      
[92mINFO [0m:      Received: train message 13e20811-ac0c-42c0-b1c8-4934195b98ec
[92mINFO [0m:      Sent reply
[92mINFO [0m:      
[92mINFO [0m:      Received: evaluate message 683cc3d0-02d1-4b0b-9ad1-db16d8b48105
[92mINFO [0m:      Sent reply
[92mINFO [0m:      
[92mINFO [0m:      Received: train message b2672ce0-8acb-456a-ba3d-3de717631df5
[92mINFO [0m:      Sent reply
[92mINFO [0m:      
[92mINFO [0m:      Received: evaluate message 894a4ca6-aa96-4d38-bda1-b679149902d6
[92mINFO [0m:      Sent reply
[92mINFO [0m:      
[92mINFO [0m:      Received: train message 6a714f25-ce7b-40cd-ba5c-bab486b85f78
[92mINFO [0m:      Sent reply
[92mINFO [0m:      
[92mINFO [0m:      Received: evaluate message 538e60c1-0c90-4772-8465-d746a5106600
[92mINFO [0m:      Sent reply
[92mINFO [0m:      
[92mINFO [0m:      Received: reconnect message bbf3d5e1-4f49-4170-9692-76bec3b8c52b
[92mINFO [0m:      Disconnect and shut down
