[93mWARNING [0m:   DEPRECATED FEATURE: flwr.client.start_client() is deprecated.
	Instead, use the `flower-supernode` CLI command to start a SuperNode as shown below:

		$ flower-supernode --insecure --superlink='<IP>:<PORT>'

	To view all available options, run:

		$ flower-supernode --help

	Using `start_client()` is deprecated.

            This is a deprecated feature. It will be removed
            entirely in future versions of Flower.
        
[92mINFO [0m:      
[92mINFO [0m:      Received: train message 7efcb504-77f6-4d62-aa41-2ff1b520f2e3
[92mINFO [0m:      Sent reply
[92mINFO [0m:      
[92mINFO [0m:      Received: evaluate message 0f44cc71-3f62-4974-bb29-3bf9c1a289e3
[92mINFO [0m:      Sent reply
[92mINFO [0m:      
[92mINFO [0m:      Received: train message 56993601-cf26-4155-968b-479ba26cad5d
[92mINFO [0m:      Sent reply
[92mINFO [0m:      
[92mINFO [0m:      Received: evaluate message df72ac2c-1988-4594-97c2-a80a700250c8
[92mINFO [0m:      Sent reply
[92mINFO [0m:      
[92mINFO [0m:      Received: train message 03974700-8f3b-4db7-8660-57d24b14becf
[92mINFO [0m:      Sent reply
[92mINFO [0m:      
[92mINFO [0m:      Received: evaluate message fa8096ae-e6d0-4b90-8352-7dbd1c285a20
[92mINFO [0m:      Sent reply
[92mINFO [0m:      
[92mINFO [0m:      Received: train message 0668b64f-45a9-49d8-bd1f-cbd4911237fd
[92mINFO [0m:      Sent reply
[92mINFO [0m:      
[92mINFO [0m:      Received: evaluate message e28f5d58-0bac-484b-97ca-410dcba651c7
[92mINFO [0m:      Sent reply
[92mINFO [0m:      
[92mINFO [0m:      Received: train message f205460f-4bf7-4598-849e-c21c2e253d6f
[92mINFO [0m:      Sent reply
[92mINFO [0m:      
[92mINFO [0m:      Received: evaluate message 8044e7c6-cac8-465e-a030-04cc0c8d1adf
[92mINFO [0m:      Sent reply
[92mINFO [0m:      
[92mINFO [0m:      Received: train message 34e7a97d-339f-4229-87bb-f22e35ee29f7
[92mINFO [0m:      Sent reply
[92mINFO [0m:      
[92mINFO [0m:      Received: evaluate message 19088309-7549-4966-85f6-055e45bb5af3
[92mINFO [0m:      Sent reply
[92mINFO [0m:      
[92mINFO [0m:      Received: train message 30c531c0-6a69-44c7-9c52-0023e73de5ae
[92mINFO [0m:      Sent reply
[92mINFO [0m:      
[92mINFO [0m:      Received: evaluate message 7a443a83-7922-453e-85da-15ed917c77c2
[92mINFO [0m:      Sent reply
[92mINFO [0m:      
[92mINFO [0m:      Received: train message 39e6538b-eb22-4a0f-abca-b690d3b7c481
[92mINFO [0m:      Sent reply
[92mINFO [0m:      
[92mINFO [0m:      Received: evaluate message be57c552-2148-4020-ba55-316cf52c86cc
[92mINFO [0m:      Sent reply
[92mINFO [0m:      
[92mINFO [0m:      Received: train message 2f957160-aed6-44da-bf74-15616e3cc73e
[92mINFO [0m:      Sent reply
[92mINFO [0m:      
[92mINFO [0m:      Received: evaluate message fc041bc8-cb25-4f47-abde-df7d0ec1fd85
[92mINFO [0m:      Sent reply
[92mINFO [0m:      
[92mINFO [0m:      Received: train message b2c5a170-f0c4-4441-aa00-6548f0b3dd7d
[92mINFO [0m:      Sent reply
[92mINFO [0m:      
[92mINFO [0m:      Received: evaluate message 1085ef62-de70-4c8e-a4f4-584e83e533dd
[92mINFO [0m:      Sent reply
[92mINFO [0m:      
[92mINFO [0m:      Received: train message f85648a9-e667-4af1-a42c-de0ce50a774e
[92mINFO [0m:      Sent reply
[92mINFO [0m:      
[92mINFO [0m:      Received: evaluate message 77096e81-227c-4f2f-9e15-5a844865241b
[92mINFO [0m:      Sent reply
[92mINFO [0m:      
[92mINFO [0m:      Received: train message 60e80a2e-ef28-42dd-acd5-5f2ca4dc4555
[92mINFO [0m:      Sent reply
[92mINFO [0m:      
[92mINFO [0m:      Received: evaluate message 85deb68a-1229-4ade-9d44-5b5376ab1b78
[92mINFO [0m:      Sent reply
[92mINFO [0m:      
[92mINFO [0m:      Received: train message f90c82b3-3d13-45a0-a7b0-342fff2329a4
[92mINFO [0m:      Sent reply
[92mINFO [0m:      
[92mINFO [0m:      Received: evaluate message ee3ae810-fe42-4361-93f4-0aec846178de
[92mINFO [0m:      Sent reply
[92mINFO [0m:      
[92mINFO [0m:      Received: train message 454589c6-ac10-46ff-bdbf-68ebad93784b
[92mINFO [0m:      Sent reply
[92mINFO [0m:      
[92mINFO [0m:      Received: evaluate message 9bf28572-c64f-4c52-90c5-eb768c1c87ba
[92mINFO [0m:      Sent reply
[92mINFO [0m:      
[92mINFO [0m:      Received: train message bd6cff6a-07f0-472f-8762-4df9f974a260
[92mINFO [0m:      Sent reply
[92mINFO [0m:      
[92mINFO [0m:      Received: evaluate message 15a2d163-faba-4448-8009-1a19782eb5a5
[92mINFO [0m:      Sent reply
[92mINFO [0m:      
[92mINFO [0m:      Received: train message 7983e789-7fa3-4a87-b149-a3052de5bde7
[92mINFO [0m:      Sent reply
[92mINFO [0m:      
[92mINFO [0m:      Received: evaluate message c9814766-d1fc-41fa-a03f-521d860d2a4c
[92mINFO [0m:      Sent reply
[92mINFO [0m:      
[92mINFO [0m:      Received: train message f1ce8cbf-c20a-44b6-aabf-4733a7723edd
[92mINFO [0m:      Sent reply
[92mINFO [0m:      
[92mINFO [0m:      Received: evaluate message cac030a7-f1a3-4f69-95f0-4444fee1893c
[92mINFO [0m:      Sent reply
[92mINFO [0m:      
[92mINFO [0m:      Received: train message 283b029e-f64c-4777-8b36-f18f9a505c22
[92mINFO [0m:      Sent reply
[92mINFO [0m:      
[92mINFO [0m:      Received: evaluate message 9fe52104-3e78-4897-aa29-a184477bec4a
[92mINFO [0m:      Sent reply
[92mINFO [0m:      
[92mINFO [0m:      Received: train message 32a986db-ef28-49d0-a988-d4b58b0f381f
[92mINFO [0m:      Sent reply
[92mINFO [0m:      
[92mINFO [0m:      Received: evaluate message c64ce2aa-13e3-4ed2-8ce9-18a811f8a4f6
[92mINFO [0m:      Sent reply
[92mINFO [0m:      
[92mINFO [0m:      Received: train message cac49831-f40c-450a-b2c2-24ed4cb57515
[92mINFO [0m:      Sent reply
[92mINFO [0m:      
[92mINFO [0m:      Received: evaluate message 52696619-c357-4a83-92de-7864950d7dee
[92mINFO [0m:      Sent reply
[92mINFO [0m:      
[92mINFO [0m:      Received: train message b2ac633a-4fb7-4a65-b6b5-e432d19661fb
[92mINFO [0m:      Sent reply
[92mINFO [0m:      
[92mINFO [0m:      Received: evaluate message fd082287-3c7e-4943-a2ba-0f344117370b
[92mINFO [0m:      Sent reply
[92mINFO [0m:      
[92mINFO [0m:      Received: train message a8dcb3ec-d400-459d-9ca6-6717d48d0b65
[92mINFO [0m:      Sent reply
[92mINFO [0m:      
[92mINFO [0m:      Received: evaluate message 401897a9-bc8b-442f-ad0f-955ae48ce29a
[92mINFO [0m:      Sent reply
[92mINFO [0m:      
[92mINFO [0m:      Received: train message 08cd5cc1-e1d4-4397-8b4a-8ce549763d0f
[92mINFO [0m:      Sent reply
[92mINFO [0m:      
[92mINFO [0m:      Received: evaluate message b8c6b959-04c1-432b-862f-87a868ff74ad
[92mINFO [0m:      Sent reply
[92mINFO [0m:      
[92mINFO [0m:      Received: train message 8565185e-2adf-4556-8a9f-ede8e3c4a714
[92mINFO [0m:      Sent reply
[92mINFO [0m:      
[92mINFO [0m:      Received: evaluate message ec5898d5-231b-41af-9208-fd4f32901269
[92mINFO [0m:      Sent reply
[92mINFO [0m:      
[92mINFO [0m:      Received: train message 354beefd-64a4-4161-8c5e-da5e048e867b
[92mINFO [0m:      Sent reply
[92mINFO [0m:      
[92mINFO [0m:      Received: evaluate message 81aad1de-01f0-4d56-b32b-dda94e51febd
[92mINFO [0m:      Sent reply
[92mINFO [0m:      
[92mINFO [0m:      Received: train message 42a7754f-bd5d-4d96-91d6-409d59ec1d9f
[92mINFO [0m:      Sent reply
[92mINFO [0m:      
[92mINFO [0m:      Received: evaluate message c892e5b4-8b5e-49fe-883a-16bdc20c35b7
[92mINFO [0m:      Sent reply
[92mINFO [0m:      
[92mINFO [0m:      Received: train message 16d2638a-1d14-443c-8115-92a93ffa1823
[92mINFO [0m:      Sent reply
[92mINFO [0m:      
[92mINFO [0m:      Received: evaluate message 7709c11a-3a59-4b5c-b8e5-be6e108f02c6
[92mINFO [0m:      Sent reply
[92mINFO [0m:      
[92mINFO [0m:      Received: train message 82713ae6-2a23-462d-8496-d4fae4941fc9
[92mINFO [0m:      Sent reply
[92mINFO [0m:      
[92mINFO [0m:      Received: evaluate message 22485d26-53c2-471a-ad65-16b94b5533b4
[92mINFO [0m:      Sent reply
[92mINFO [0m:      
[92mINFO [0m:      Received: train message d9825b00-064b-4523-89d2-ffd81bf8fb4e
[92mINFO [0m:      Sent reply
[92mINFO [0m:      
[92mINFO [0m:      Received: evaluate message e4f75014-9b80-46d3-a59c-5cf8e5526827
[92mINFO [0m:      Sent reply
[92mINFO [0m:      
[92mINFO [0m:      Received: train message 9ccbb72e-f937-4cdf-80fe-82026e50a5d2
[92mINFO [0m:      Sent reply
[92mINFO [0m:      
[92mINFO [0m:      Received: evaluate message 05b66fa2-0bd2-4f45-8870-78685e1a9496
[92mINFO [0m:      Sent reply
[92mINFO [0m:      
[92mINFO [0m:      Received: train message 0d7abcfb-b3fb-4aa0-8352-fd451ef00c4f
[92mINFO [0m:      Sent reply
[92mINFO [0m:      
[92mINFO [0m:      Received: evaluate message 49ea3560-159c-4889-8edc-d4315d9e77cc
[92mINFO [0m:      Sent reply
[92mINFO [0m:      
[92mINFO [0m:      Received: train message e047832b-9a50-4ba9-9899-2369f3a30636
[92mINFO [0m:      Sent reply
[92mINFO [0m:      
[92mINFO [0m:      Received: evaluate message dd7e5a17-9c87-4dc1-ac9c-2d8292ac5622
[92mINFO [0m:      Sent reply
[92mINFO [0m:      
[92mINFO [0m:      Received: train message 5566a26f-4a5a-450c-bf21-aefa4dd23264
[92mINFO [0m:      Sent reply
[92mINFO [0m:      
[92mINFO [0m:      Received: evaluate message e24aa8cc-58c7-4e89-915d-a936cc47f08a
[92mINFO [0m:      Sent reply
[92mINFO [0m:      
[92mINFO [0m:      Received: train message 2484d9f8-9350-44f5-b972-5287aca7b345
[92mINFO [0m:      Sent reply
[92mINFO [0m:      
[92mINFO [0m:      Received: evaluate message a030dacb-a6c5-4fc1-b31d-f1a78b8c7006
[92mINFO [0m:      Sent reply
[92mINFO [0m:      
[92mINFO [0m:      Received: train message c1dc16e1-0d3e-4316-80ef-cad3f2d52897
[92mINFO [0m:      Sent reply
[92mINFO [0m:      
[92mINFO [0m:      Received: evaluate message 881f1c00-1735-40f5-97e2-e8c680e2d71d
[92mINFO [0m:      Sent reply
[92mINFO [0m:      
[92mINFO [0m:      Received: train message e0495112-4a95-40a4-834e-f1f22fbb6291
[92mINFO [0m:      Sent reply
[92mINFO [0m:      
[92mINFO [0m:      Received: evaluate message d08ca8fa-de08-4429-8c1f-84cd49d61edc
[92mINFO [0m:      Sent reply
[92mINFO [0m:      
[92mINFO [0m:      Received: train message f1265667-557f-4e70-9df7-3a666bfe4d3d
[92mINFO [0m:      Sent reply
[92mINFO [0m:      
[92mINFO [0m:      Received: evaluate message b3a1cd88-0fe7-4119-b17c-a85207643877
[92mINFO [0m:      Sent reply
[92mINFO [0m:      
[92mINFO [0m:      Received: train message 22069000-238e-4949-885b-d6f6c168f8a9
[92mINFO [0m:      Sent reply
[92mINFO [0m:      
[92mINFO [0m:      Received: evaluate message 896f0fdd-16b6-4373-95f3-cfaa1b39cbe9
[92mINFO [0m:      Sent reply
[92mINFO [0m:      
[92mINFO [0m:      Received: train message e7a83a9e-3309-46a7-8a72-27cc2facf966
[92mINFO [0m:      Sent reply
[92mINFO [0m:      
[92mINFO [0m:      Received: evaluate message bde16449-97e7-4bfb-ac68-ea630261edc3
[92mINFO [0m:      Sent reply
[92mINFO [0m:      
[92mINFO [0m:      Received: train message 0421b837-8821-45e9-a2ce-80bb7e567303
[92mINFO [0m:      Sent reply
[92mINFO [0m:      
[92mINFO [0m:      Received: evaluate message 286b1cbd-dc75-4012-8ff9-463a20bbf344
[92mINFO [0m:      Sent reply
[92mINFO [0m:      
[92mINFO [0m:      Received: train message 705a9db9-d07a-485a-ad9e-04b32b637b7c
[92mINFO [0m:      Sent reply
[92mINFO [0m:      
[92mINFO [0m:      Received: evaluate message 17e45b05-468b-4ffa-be4f-bbc1f82b9684
[92mINFO [0m:      Sent reply
[92mINFO [0m:      
[92mINFO [0m:      Received: train message 17ccd894-ec57-4645-b6f1-867a9816d449
[92mINFO [0m:      Sent reply
[92mINFO [0m:      
[92mINFO [0m:      Received: evaluate message 0e13d499-2b9e-4a5e-8b80-329b7f02ff0d
[92mINFO [0m:      Sent reply
[92mINFO [0m:      
[92mINFO [0m:      Received: train message c6bde1e9-4e29-4ed6-8ab6-dc75ae56672d
[92mINFO [0m:      Sent reply
[92mINFO [0m:      
[92mINFO [0m:      Received: evaluate message 7f3ccea3-18d5-4a65-9754-5d780f5e2219
[92mINFO [0m:      Sent reply
[92mINFO [0m:      
[92mINFO [0m:      Received: train message 500309db-6482-4bfd-82e4-fefed9b765b1
[92mINFO [0m:      Sent reply
[92mINFO [0m:      
[92mINFO [0m:      Received: evaluate message aa9ce58f-f905-4368-859d-dcf5b306c363
[92mINFO [0m:      Sent reply
[92mINFO [0m:      
[92mINFO [0m:      Received: train message 5522c5d3-8b13-49b4-b5bd-595aeef6026f
[92mINFO [0m:      Sent reply
[92mINFO [0m:      
[92mINFO [0m:      Received: evaluate message 3b79a249-c062-4eb8-a538-00b85b43f598
[92mINFO [0m:      Sent reply
[92mINFO [0m:      
[92mINFO [0m:      Received: train message c62e7572-760b-4d88-9dbc-1d448b075497
[92mINFO [0m:      Sent reply
[92mINFO [0m:      
[92mINFO [0m:      Received: evaluate message 927ce371-e287-4355-8aff-62126a34dc04
[92mINFO [0m:      Sent reply
[92mINFO [0m:      
[92mINFO [0m:      Received: train message 331e7829-058f-42c1-b0d9-49ed0a298cf7
[92mINFO [0m:      Sent reply
[92mINFO [0m:      
[92mINFO [0m:      Received: evaluate message 9fc6cbc0-2084-4800-8bb7-e19a98b74866
[92mINFO [0m:      Sent reply
[92mINFO [0m:      
[92mINFO [0m:      Received: train message 5443060b-c5c0-44dd-ad7b-92945b183692
[92mINFO [0m:      Sent reply
[92mINFO [0m:      
[92mINFO [0m:      Received: evaluate message d80538ae-8821-4b5d-b952-19cc33a4b7da
[92mINFO [0m:      Sent reply
[92mINFO [0m:      
[92mINFO [0m:      Received: train message e30e4bd9-5966-4be3-a63f-43e7519587e6
[92mINFO [0m:      Sent reply
[92mINFO [0m:      
[92mINFO [0m:      Received: evaluate message 564629fc-4bfe-442a-a901-1d83b1ea06cd
[92mINFO [0m:      Sent reply
[92mINFO [0m:      
[92mINFO [0m:      Received: train message 522460cf-d59c-499d-996b-b8465749544b
[92mINFO [0m:      Sent reply
[92mINFO [0m:      
[92mINFO [0m:      Received: evaluate message 67a2e15c-5987-4f3d-913d-30db30831723
[92mINFO [0m:      Sent reply
[92mINFO [0m:      
[92mINFO [0m:      Received: reconnect message effa6603-353a-4025-a41d-1905ba9a7ba5
[92mINFO [0m:      Disconnect and shut down
