[93mWARNING [0m:   DEPRECATED FEATURE: flwr.client.start_client() is deprecated.
	Instead, use the `flower-supernode` CLI command to start a SuperNode as shown below:

		$ flower-supernode --insecure --superlink='<IP>:<PORT>'

	To view all available options, run:

		$ flower-supernode --help

	Using `start_client()` is deprecated.

            This is a deprecated feature. It will be removed
            entirely in future versions of Flower.
        
[92mINFO [0m:      
[92mINFO [0m:      Received: train message 9883764b-704a-46ed-9be1-9a573ec92e56
[92mINFO [0m:      Sent reply
[92mINFO [0m:      
[92mINFO [0m:      Received: evaluate message c5e077bd-5e26-4a96-857f-5705719544bb
[92mINFO [0m:      Sent reply
[92mINFO [0m:      
[92mINFO [0m:      Received: train message 929d48ed-883b-4660-bc64-5fd411bb07e2
[92mINFO [0m:      Sent reply
[92mINFO [0m:      
[92mINFO [0m:      Received: evaluate message 030e269e-6986-4a68-9585-e4421276f511
[92mINFO [0m:      Sent reply
[92mINFO [0m:      
[92mINFO [0m:      Received: train message 16f3591b-d083-48c5-bf33-5923043afe29
[92mINFO [0m:      Sent reply
[92mINFO [0m:      
[92mINFO [0m:      Received: evaluate message ff655d70-69ef-41c6-b498-d9c033b420e1
[92mINFO [0m:      Sent reply
[92mINFO [0m:      
[92mINFO [0m:      Received: train message 7d97e4c3-fb14-4f17-a0c3-b34a1d5551ee
[92mINFO [0m:      Sent reply
[92mINFO [0m:      
[92mINFO [0m:      Received: evaluate message 1bebcf68-a9e4-4d43-9e99-3ff4f28a4a35
[92mINFO [0m:      Sent reply
[92mINFO [0m:      
[92mINFO [0m:      Received: train message ec5824d6-c650-474d-be2f-7ba398ca0f0c
[92mINFO [0m:      Sent reply
[92mINFO [0m:      
[92mINFO [0m:      Received: evaluate message 787ca043-9034-402f-aaf0-72bf0e4aacb9
[92mINFO [0m:      Sent reply
[92mINFO [0m:      
[92mINFO [0m:      Received: train message 4ca41e2a-6b20-4e8b-b29a-34acca38b34d
[92mINFO [0m:      Sent reply
[92mINFO [0m:      
[92mINFO [0m:      Received: evaluate message 891e61ab-015b-4f51-9eb4-55df300e5df0
[92mINFO [0m:      Sent reply
[92mINFO [0m:      
[92mINFO [0m:      Received: train message 80dcc843-4c07-4b9b-afec-bb678a08a44f
[92mINFO [0m:      Sent reply
[92mINFO [0m:      
[92mINFO [0m:      Received: evaluate message 2ab46c6a-7ba6-402b-9296-9903141e5a44
[92mINFO [0m:      Sent reply
[92mINFO [0m:      
[92mINFO [0m:      Received: train message 0d08b9d4-5dcf-4515-93ae-ee538b2f3570
[92mINFO [0m:      Sent reply
[92mINFO [0m:      
[92mINFO [0m:      Received: evaluate message c9ffd893-95f3-45d1-ace8-d65722f1fa82
[92mINFO [0m:      Sent reply
[92mINFO [0m:      
[92mINFO [0m:      Received: train message ac0c76e3-89d5-47ed-aa99-243154e4c5e8
[92mINFO [0m:      Sent reply
[92mINFO [0m:      
[92mINFO [0m:      Received: evaluate message 7667fe22-5234-4961-a76d-4ba1cbaf6162
[92mINFO [0m:      Sent reply
[92mINFO [0m:      
[92mINFO [0m:      Received: train message 7f48fa51-53d8-4186-a253-c88cc3b5bfc3
[92mINFO [0m:      Sent reply
[92mINFO [0m:      
[92mINFO [0m:      Received: evaluate message 73d3603d-b43d-4829-87f1-8f46c8c4b151
[92mINFO [0m:      Sent reply
[92mINFO [0m:      
[92mINFO [0m:      Received: train message 692bd356-e4eb-4f28-9cc1-babe5b9441a7
[92mINFO [0m:      Sent reply
[92mINFO [0m:      
[92mINFO [0m:      Received: evaluate message f6af903b-770d-4199-a555-93d5d1fc5c42
[92mINFO [0m:      Sent reply
[92mINFO [0m:      
[92mINFO [0m:      Received: train message a55c02d7-cd72-485c-bd4e-9ac7100087e8
[92mINFO [0m:      Sent reply
[92mINFO [0m:      
[92mINFO [0m:      Received: evaluate message 41e218fe-fd03-4102-bc7a-89985fdb64ab
[92mINFO [0m:      Sent reply
[92mINFO [0m:      
[92mINFO [0m:      Received: train message c5ba8301-0c70-45cf-a65e-d741848a85c6
[92mINFO [0m:      Sent reply
[92mINFO [0m:      
[92mINFO [0m:      Received: evaluate message 127b6d44-fb9b-4cfd-889e-6fd56ee94bf4
[92mINFO [0m:      Sent reply
[92mINFO [0m:      
[92mINFO [0m:      Received: train message cf3ea749-492a-436e-8c1d-4c68f2ba65a7
[92mINFO [0m:      Sent reply
[92mINFO [0m:      
[92mINFO [0m:      Received: evaluate message 13b9ff68-c447-4ff0-aac0-f66290848cde
[92mINFO [0m:      Sent reply
[92mINFO [0m:      
[92mINFO [0m:      Received: train message 1269d562-e051-4e90-ac5e-4f0f70a98664
[92mINFO [0m:      Sent reply
[92mINFO [0m:      
[92mINFO [0m:      Received: evaluate message af6950f3-be45-4a98-98d3-78c97761b318
[92mINFO [0m:      Sent reply
[92mINFO [0m:      
[92mINFO [0m:      Received: train message bfdc18a6-21b3-4e1c-832f-c7f9984fdff5
[92mINFO [0m:      Sent reply
[92mINFO [0m:      
[92mINFO [0m:      Received: evaluate message d0195a57-6375-4413-929c-15aa3deee858
[92mINFO [0m:      Sent reply
[92mINFO [0m:      
[92mINFO [0m:      Received: train message 3cc911f8-c88a-41ec-95b8-d69658ad16fe
[92mINFO [0m:      Sent reply
[92mINFO [0m:      
[92mINFO [0m:      Received: evaluate message 3b62c228-23ad-4aa2-b298-0dca79da92c7
[92mINFO [0m:      Sent reply
[92mINFO [0m:      
[92mINFO [0m:      Received: train message 55d22ef4-00a1-4f87-9b1c-46572b3770bf
[92mINFO [0m:      Sent reply
[92mINFO [0m:      
[92mINFO [0m:      Received: evaluate message 639a726b-cd08-4536-a4be-156280401cc5
[92mINFO [0m:      Sent reply
[92mINFO [0m:      
[92mINFO [0m:      Received: train message 6b2ec33c-602f-47e2-bf6f-351ee2766e34
[92mINFO [0m:      Sent reply
[92mINFO [0m:      
[92mINFO [0m:      Received: evaluate message 33fe92b7-5c04-458c-aaed-36ff411a20f5
[92mINFO [0m:      Sent reply
[92mINFO [0m:      
[92mINFO [0m:      Received: train message 1e4af5de-dc8a-456f-a5a9-c617ee0e8e7a
[92mINFO [0m:      Sent reply
[92mINFO [0m:      
[92mINFO [0m:      Received: evaluate message a9bcc91e-9881-40a2-81cf-9fa18dd9ecfb
[92mINFO [0m:      Sent reply
[92mINFO [0m:      
[92mINFO [0m:      Received: train message 47f76e48-8151-442a-a096-a37470bb2e1e
[92mINFO [0m:      Sent reply
[92mINFO [0m:      
[92mINFO [0m:      Received: evaluate message 55ad3148-e5c2-4f01-88c6-baf814d69977
[92mINFO [0m:      Sent reply
[92mINFO [0m:      
[92mINFO [0m:      Received: train message 48ad09a6-372b-4ecd-a7be-c9359aad6f1f
[92mINFO [0m:      Sent reply
[92mINFO [0m:      
[92mINFO [0m:      Received: evaluate message 181bd9dd-ea5f-4876-9e68-572a6e903ee9
[92mINFO [0m:      Sent reply
[92mINFO [0m:      
[92mINFO [0m:      Received: train message fbe35a0f-f315-4294-89f6-4ef3f35f7847
[92mINFO [0m:      Sent reply
[92mINFO [0m:      
[92mINFO [0m:      Received: evaluate message 0f4b5f70-e3cd-44dd-84bf-1b709a08fac1
[92mINFO [0m:      Sent reply
[92mINFO [0m:      
[92mINFO [0m:      Received: train message b6e5d459-280d-4cda-88e8-b4e01ca0f6ca
[92mINFO [0m:      Sent reply
[92mINFO [0m:      
[92mINFO [0m:      Received: evaluate message 22cb3d7a-d1cd-4c14-8bec-f55230b8f4b6
[92mINFO [0m:      Sent reply
[92mINFO [0m:      
[92mINFO [0m:      Received: train message 154a4845-9d0d-4d36-9c2a-3b469de0dddc
[92mINFO [0m:      Sent reply
[92mINFO [0m:      
[92mINFO [0m:      Received: evaluate message 379b774a-a34b-429f-8cb0-c371406ec1f0
[92mINFO [0m:      Sent reply
[92mINFO [0m:      
[92mINFO [0m:      Received: train message 576b1914-6671-461c-849c-9d412392a694
[92mINFO [0m:      Sent reply
[92mINFO [0m:      
[92mINFO [0m:      Received: evaluate message 8840a616-e98b-48ed-a6da-8a82539425ad
[92mINFO [0m:      Sent reply
[92mINFO [0m:      
[92mINFO [0m:      Received: train message 61ea287d-faec-420c-97d6-c7cfc4be9482
[92mINFO [0m:      Sent reply
[92mINFO [0m:      
[92mINFO [0m:      Received: evaluate message ecbe2481-d584-40ef-9d3e-8ed7f57694cf
[92mINFO [0m:      Sent reply
[92mINFO [0m:      
[92mINFO [0m:      Received: train message c57f4d83-724f-40a9-a6a7-a62b1ee4b19a
[92mINFO [0m:      Sent reply
[92mINFO [0m:      
[92mINFO [0m:      Received: evaluate message dfd750cc-bcf2-4ff2-acf7-1bff2d804cee
[92mINFO [0m:      Sent reply
[92mINFO [0m:      
[92mINFO [0m:      Received: train message a29d4f35-21c9-45d7-9b45-11ee754d84ab
[92mINFO [0m:      Sent reply
[92mINFO [0m:      
[92mINFO [0m:      Received: evaluate message 11ee51c1-d74a-4925-819d-e50f8593f2d5
[92mINFO [0m:      Sent reply
[92mINFO [0m:      
[92mINFO [0m:      Received: train message c3fb806e-af37-408b-9a5f-25023e23783e
[92mINFO [0m:      Sent reply
[92mINFO [0m:      
[92mINFO [0m:      Received: evaluate message e903d157-985f-4817-b5cc-386e05a47628
[92mINFO [0m:      Sent reply
[92mINFO [0m:      
[92mINFO [0m:      Received: train message 5e4a0c4f-25cf-4857-8438-4a0d38c64dde
[92mINFO [0m:      Sent reply
[92mINFO [0m:      
[92mINFO [0m:      Received: evaluate message 28512739-1bdc-45a9-ba5f-bf63f6ea2b07
[92mINFO [0m:      Sent reply
[92mINFO [0m:      
[92mINFO [0m:      Received: train message cf5a0a9c-0603-4570-9a4b-9beec0045982
[92mINFO [0m:      Sent reply
[92mINFO [0m:      
[92mINFO [0m:      Received: evaluate message 7e868126-d71e-4736-a3be-378a7c129181
[92mINFO [0m:      Sent reply
[92mINFO [0m:      
[92mINFO [0m:      Received: train message 3156041e-419f-4bc7-923c-ead1e8dc60f6
[92mINFO [0m:      Sent reply
[92mINFO [0m:      
[92mINFO [0m:      Received: evaluate message b2dbef26-1934-48f8-b109-eed208b9f274
[92mINFO [0m:      Sent reply
[92mINFO [0m:      
[92mINFO [0m:      Received: train message ec6f12ee-79fd-4a08-ac7e-a86c3e97b71b
[92mINFO [0m:      Sent reply
[92mINFO [0m:      
[92mINFO [0m:      Received: evaluate message 3bc980e6-98d3-48c2-b34d-36e8537abfd6
[92mINFO [0m:      Sent reply
[92mINFO [0m:      
[92mINFO [0m:      Received: train message 309b5f42-0a15-4a39-af46-28ebf1293753
[92mINFO [0m:      Sent reply
[92mINFO [0m:      
[92mINFO [0m:      Received: evaluate message ab16e168-d587-4cbb-8656-670f989d95d6
[92mINFO [0m:      Sent reply
[92mINFO [0m:      
[92mINFO [0m:      Received: train message 780c9ea0-a4ac-460c-b9e3-67fe62e3861e
[92mINFO [0m:      Sent reply
[92mINFO [0m:      
[92mINFO [0m:      Received: evaluate message 16720753-ba57-46ec-92ed-2590c0d36e37
[92mINFO [0m:      Sent reply
[92mINFO [0m:      
[92mINFO [0m:      Received: train message 9b28fc52-6029-433a-9150-e3492c84626d
[92mINFO [0m:      Sent reply
[92mINFO [0m:      
[92mINFO [0m:      Received: evaluate message 2a84ff3a-4ad1-4fb4-8a7f-05b7a02e4db3
[92mINFO [0m:      Sent reply
[92mINFO [0m:      
[92mINFO [0m:      Received: train message dd9f5ab9-5c0d-46c1-980f-bc59830229ea
[92mINFO [0m:      Sent reply
[92mINFO [0m:      
[92mINFO [0m:      Received: evaluate message be001285-50b6-414c-b8a5-916ec4eaa02f
[92mINFO [0m:      Sent reply
[92mINFO [0m:      
[92mINFO [0m:      Received: train message 15a4657c-0ef3-4840-acda-52f4a6bc69e2
[92mINFO [0m:      Sent reply
[92mINFO [0m:      
[92mINFO [0m:      Received: evaluate message 409d708a-7f51-4ffe-a2a4-25ad5981cbc5
[92mINFO [0m:      Sent reply
[92mINFO [0m:      
[92mINFO [0m:      Received: train message 6d4c0b5d-8e2c-4e6b-99d2-a81fd59dd505
[92mINFO [0m:      Sent reply
[92mINFO [0m:      
[92mINFO [0m:      Received: evaluate message 9b9c124f-2732-4e9b-8f41-7bb7fe189b59
[92mINFO [0m:      Sent reply
[92mINFO [0m:      
[92mINFO [0m:      Received: train message fcf3b0ba-45fb-480f-8ce2-eaf529ed2c77
[92mINFO [0m:      Sent reply
[92mINFO [0m:      
[92mINFO [0m:      Received: evaluate message d973af72-44d3-4cfb-aaed-9ecb90d4c238
[92mINFO [0m:      Sent reply
[92mINFO [0m:      
[92mINFO [0m:      Received: train message b1887d31-fed7-4b94-8f2e-d79e8396a845
[92mINFO [0m:      Sent reply
[92mINFO [0m:      
[92mINFO [0m:      Received: evaluate message a12ed1b0-5b02-4fcd-91ab-77ff22e829a9
[92mINFO [0m:      Sent reply
[92mINFO [0m:      
[92mINFO [0m:      Received: train message 0ff461b4-8ff5-4b02-a73f-3956f99bb05e
[92mINFO [0m:      Sent reply
[92mINFO [0m:      
[92mINFO [0m:      Received: evaluate message 181a1c60-6c9b-4ea2-b508-d29709d8b726
[92mINFO [0m:      Sent reply
[92mINFO [0m:      
[92mINFO [0m:      Received: train message 65dddac3-93b7-4c37-9333-5ef9b715af7f
[92mINFO [0m:      Sent reply
[92mINFO [0m:      
[92mINFO [0m:      Received: evaluate message aa280fb2-174d-4fd0-9d07-f6602feca3a2
[92mINFO [0m:      Sent reply
[92mINFO [0m:      
[92mINFO [0m:      Received: train message b5bda617-88e4-4aa0-a013-e628aab39553
[92mINFO [0m:      Sent reply
[92mINFO [0m:      
[92mINFO [0m:      Received: evaluate message 60ad6792-d05b-43e0-b7da-dc6185c17184
[92mINFO [0m:      Sent reply
[92mINFO [0m:      
[92mINFO [0m:      Received: train message 2bfdadbe-aa1d-4f3c-9b9f-5c020e4aa69e
[92mINFO [0m:      Sent reply
[92mINFO [0m:      
[92mINFO [0m:      Received: evaluate message 1fbcd337-0d5d-4b0b-8a58-0bac180b3051
[92mINFO [0m:      Sent reply
[92mINFO [0m:      
[92mINFO [0m:      Received: train message 4650fc6c-90fc-451a-8158-05021550276c
[92mINFO [0m:      Sent reply
[92mINFO [0m:      
[92mINFO [0m:      Received: evaluate message ddba7d18-4ac9-45e1-819e-95a14b1abb1d
[92mINFO [0m:      Sent reply
[92mINFO [0m:      
[92mINFO [0m:      Received: train message 4e325b18-0951-4605-86ab-2553bbe45ebc
[92mINFO [0m:      Sent reply
[92mINFO [0m:      
[92mINFO [0m:      Received: evaluate message 8792e5be-438b-47af-b4e6-a64601cfd600
[92mINFO [0m:      Sent reply
[92mINFO [0m:      
[92mINFO [0m:      Received: train message b080cbb6-5ac5-4645-b0e8-1c22c4468807
[92mINFO [0m:      Sent reply
[92mINFO [0m:      
[92mINFO [0m:      Received: evaluate message b270481a-e777-4a5d-b6ae-da63420da5bb
[92mINFO [0m:      Sent reply
[92mINFO [0m:      
[92mINFO [0m:      Received: train message 84b0e130-4372-4b84-905d-1b7af23221df
[92mINFO [0m:      Sent reply
[92mINFO [0m:      
[92mINFO [0m:      Received: evaluate message be9a1754-52cc-42d3-8c98-7f68c4d93a74
[92mINFO [0m:      Sent reply
[92mINFO [0m:      
[92mINFO [0m:      Received: reconnect message 68a6cc97-94e8-4a50-990a-47258de6a803
[92mINFO [0m:      Disconnect and shut down
