[93mWARNING [0m:   DEPRECATED FEATURE: flwr.client.start_client() is deprecated.
	Instead, use the `flower-supernode` CLI command to start a SuperNode as shown below:

		$ flower-supernode --insecure --superlink='<IP>:<PORT>'

	To view all available options, run:

		$ flower-supernode --help

	Using `start_client()` is deprecated.

            This is a deprecated feature. It will be removed
            entirely in future versions of Flower.
        
[92mINFO [0m:      
[92mINFO [0m:      Received: train message 21905eee-69e2-4f76-843f-86d62c9e4172
[92mINFO [0m:      Sent reply
[92mINFO [0m:      
[92mINFO [0m:      Received: evaluate message 73855372-6789-4709-a005-f35abc24ba24
[92mINFO [0m:      Sent reply
[92mINFO [0m:      
[92mINFO [0m:      Received: train message 8cd34e46-4606-4d1c-a3bb-7c6b938221b4
[92mINFO [0m:      Sent reply
[92mINFO [0m:      
[92mINFO [0m:      Received: evaluate message 08aae757-8d8e-4a66-8b3d-ede805e90b62
[92mINFO [0m:      Sent reply
[92mINFO [0m:      
[92mINFO [0m:      Received: train message c531d635-dfb7-41a7-acc6-b038573f299a
[92mINFO [0m:      Sent reply
[92mINFO [0m:      
[92mINFO [0m:      Received: evaluate message 0efc53e4-43c7-48e3-b861-68bbd5c4b29a
[92mINFO [0m:      Sent reply
[92mINFO [0m:      
[92mINFO [0m:      Received: train message 849a2ad3-bcd0-4230-8476-eed5581b8991
[92mINFO [0m:      Sent reply
[92mINFO [0m:      
[92mINFO [0m:      Received: evaluate message 9d15e35f-22f6-4d95-84f4-1b5cec013e13
[92mINFO [0m:      Sent reply
[92mINFO [0m:      
[92mINFO [0m:      Received: train message dc6c0dae-d26a-4864-8d5b-6a9778e95806
[92mINFO [0m:      Sent reply
[92mINFO [0m:      
[92mINFO [0m:      Received: evaluate message 4dc3b075-4ca7-451d-929c-399a09b719a4
[92mINFO [0m:      Sent reply
[92mINFO [0m:      
[92mINFO [0m:      Received: train message 36b1d404-ff4e-4107-b6bc-ab5d16fe341a
[92mINFO [0m:      Sent reply
[92mINFO [0m:      
[92mINFO [0m:      Received: evaluate message cee761de-1383-4a9d-b88a-905dc4e2943c
[92mINFO [0m:      Sent reply
[92mINFO [0m:      
[92mINFO [0m:      Received: train message 8805cf3a-4e2e-432d-9104-987cd9161c16
[92mINFO [0m:      Sent reply
[92mINFO [0m:      
[92mINFO [0m:      Received: evaluate message 2cf6eeb1-b2b5-4092-b107-879becbeae6e
[92mINFO [0m:      Sent reply
[92mINFO [0m:      
[92mINFO [0m:      Received: train message 482b53f5-6c6d-401a-833e-bb05133cb537
[92mINFO [0m:      Sent reply
[92mINFO [0m:      
[92mINFO [0m:      Received: evaluate message 32ec496d-0106-410f-be19-98a618adaba9
[92mINFO [0m:      Sent reply
[92mINFO [0m:      
[92mINFO [0m:      Received: train message 45b29b74-8982-4158-91bd-04a8a7146fe0
[92mINFO [0m:      Sent reply
[92mINFO [0m:      
[92mINFO [0m:      Received: evaluate message caf6a37b-4526-4ad3-889f-92374151db78
[92mINFO [0m:      Sent reply
[92mINFO [0m:      
[92mINFO [0m:      Received: train message cd597098-ae0d-4977-a712-70b634517486
[92mINFO [0m:      Sent reply
[92mINFO [0m:      
[92mINFO [0m:      Received: evaluate message 372d54aa-94dc-4b8b-9af8-f32dbf994938
[92mINFO [0m:      Sent reply
[92mINFO [0m:      
[92mINFO [0m:      Received: train message 795546a2-0c1f-4e00-9519-8b6d754fddfd
[92mINFO [0m:      Sent reply
[92mINFO [0m:      
[92mINFO [0m:      Received: evaluate message 31135b60-50e9-4c1a-8838-4f38d705e133
[92mINFO [0m:      Sent reply
[92mINFO [0m:      
[92mINFO [0m:      Received: train message 6a33c024-ebfb-417a-82a8-55ff0fbd6dcd
[92mINFO [0m:      Sent reply
[92mINFO [0m:      
[92mINFO [0m:      Received: evaluate message 4d67e8ea-7d40-4161-b1db-63523d257e1f
[92mINFO [0m:      Sent reply
[92mINFO [0m:      
[92mINFO [0m:      Received: train message 917bfed4-7ac9-4269-94a2-ff17dcf3f9f3
[92mINFO [0m:      Sent reply
[92mINFO [0m:      
[92mINFO [0m:      Received: evaluate message 05173bdb-72dc-47bd-9055-3cf160a1383a
[92mINFO [0m:      Sent reply
[92mINFO [0m:      
[92mINFO [0m:      Received: train message 48aaf7a0-be97-4b55-926e-b55dad3b47e9
[92mINFO [0m:      Sent reply
[92mINFO [0m:      
[92mINFO [0m:      Received: evaluate message 4ad1834a-6c1c-4984-8c89-08e92e30649b
[92mINFO [0m:      Sent reply
[92mINFO [0m:      
[92mINFO [0m:      Received: train message ba8ed5ba-0da3-45f1-9fc9-486c6cb0fe99
[92mINFO [0m:      Sent reply
[92mINFO [0m:      
[92mINFO [0m:      Received: evaluate message d2465694-29de-420f-8ae2-551f1d8d6410
[92mINFO [0m:      Sent reply
[92mINFO [0m:      
[92mINFO [0m:      Received: train message 6d33575b-0792-4135-a020-f948d7cf324a
[92mINFO [0m:      Sent reply
[92mINFO [0m:      
[92mINFO [0m:      Received: evaluate message c68d3abb-b570-4007-8111-16cf06878373
[92mINFO [0m:      Sent reply
[92mINFO [0m:      
[92mINFO [0m:      Received: train message 7cf2ee57-c841-4d5c-a7b2-d65c95599317
[92mINFO [0m:      Sent reply
[92mINFO [0m:      
[92mINFO [0m:      Received: evaluate message 96073575-ea56-47b6-93de-7554edf7b39b
[92mINFO [0m:      Sent reply
[92mINFO [0m:      
[92mINFO [0m:      Received: train message 46b4a7bc-07dd-40f3-825a-1cf1626f794d
[92mINFO [0m:      Sent reply
[92mINFO [0m:      
[92mINFO [0m:      Received: evaluate message 946f2da6-0c94-43f9-af41-3f4b400e95ed
[92mINFO [0m:      Sent reply
[92mINFO [0m:      
[92mINFO [0m:      Received: train message 26078808-6ee0-47cd-971b-6aff1893dd3a
[92mINFO [0m:      Sent reply
[92mINFO [0m:      
[92mINFO [0m:      Received: evaluate message d4ad7d8d-5fc2-4a8d-9868-a21e8364d03a
[92mINFO [0m:      Sent reply
[92mINFO [0m:      
[92mINFO [0m:      Received: train message 3d472cdc-ea65-427f-9bc4-05151ee26625
[92mINFO [0m:      Sent reply
[92mINFO [0m:      
[92mINFO [0m:      Received: evaluate message 47d14fef-7d0a-4085-9760-12165caf0007
[92mINFO [0m:      Sent reply
[92mINFO [0m:      
[92mINFO [0m:      Received: train message 341b452d-8a53-4887-ad96-685958918940
[92mINFO [0m:      Sent reply
[92mINFO [0m:      
[92mINFO [0m:      Received: evaluate message a16346d0-1c9c-41b8-a921-6339fec5b70e
[92mINFO [0m:      Sent reply
[92mINFO [0m:      
[92mINFO [0m:      Received: train message f29c251b-391d-4acf-b49f-14eb81ef40e4
[92mINFO [0m:      Sent reply
[92mINFO [0m:      
[92mINFO [0m:      Received: evaluate message 5dd60bc1-3e29-4618-b154-f2e4c718087a
[92mINFO [0m:      Sent reply
[92mINFO [0m:      
[92mINFO [0m:      Received: train message 7a8c1efc-5659-4a3e-84d4-d4761d2cfe27
[92mINFO [0m:      Sent reply
[92mINFO [0m:      
[92mINFO [0m:      Received: evaluate message e440bd34-0d27-4cb1-8000-9dbd78663712
[92mINFO [0m:      Sent reply
[92mINFO [0m:      
[92mINFO [0m:      Received: train message 741e65e9-43c9-4da4-b1b5-f52d2add563d
[92mINFO [0m:      Sent reply
[92mINFO [0m:      
[92mINFO [0m:      Received: evaluate message f8c70b02-7329-48c2-8cf0-ad33823aeb3d
[92mINFO [0m:      Sent reply
[92mINFO [0m:      
[92mINFO [0m:      Received: train message 85117ede-52a6-423e-82ac-7031a659de61
[92mINFO [0m:      Sent reply
[92mINFO [0m:      
[92mINFO [0m:      Received: evaluate message 14717530-9684-4eea-8fb1-c26cd20147cb
[92mINFO [0m:      Sent reply
[92mINFO [0m:      
[92mINFO [0m:      Received: train message 812c7f77-953f-403a-83d0-ce13b499d7af
[92mINFO [0m:      Sent reply
[92mINFO [0m:      
[92mINFO [0m:      Received: evaluate message bd0b4b08-12f2-4a2a-aec7-15763e219d7e
[92mINFO [0m:      Sent reply
[92mINFO [0m:      
[92mINFO [0m:      Received: train message 16d4a0bd-4f57-4a3d-b240-065c0703dc84
[92mINFO [0m:      Sent reply
[92mINFO [0m:      
[92mINFO [0m:      Received: evaluate message 06ad3bd7-048f-4181-9acc-0edf88a27f9d
[92mINFO [0m:      Sent reply
[92mINFO [0m:      
[92mINFO [0m:      Received: train message 23d171a8-80f5-4bfb-980a-8b8dea07ec23
[92mINFO [0m:      Sent reply
[92mINFO [0m:      
[92mINFO [0m:      Received: evaluate message 1c66bf49-892f-4c20-91d7-881b81d16777
[92mINFO [0m:      Sent reply
[92mINFO [0m:      
[92mINFO [0m:      Received: train message 273ca351-a725-4329-a236-978a59c6c4d4
[92mINFO [0m:      Sent reply
[92mINFO [0m:      
[92mINFO [0m:      Received: evaluate message 8c9e12d6-91dd-4fea-91f2-598804e762e0
[92mINFO [0m:      Sent reply
[92mINFO [0m:      
[92mINFO [0m:      Received: train message 79938670-0a72-4ff2-ba0f-0dda19402077
[92mINFO [0m:      Sent reply
[92mINFO [0m:      
[92mINFO [0m:      Received: evaluate message 9f945001-5688-470a-a860-228b4c75e18e
[92mINFO [0m:      Sent reply
[92mINFO [0m:      
[92mINFO [0m:      Received: train message b4b67b31-f94d-4da0-83b0-18772f640b25
[92mINFO [0m:      Sent reply
[92mINFO [0m:      
[92mINFO [0m:      Received: evaluate message 9b18fc2f-d9c9-4061-b11b-ef8c21cb18ba
[92mINFO [0m:      Sent reply
[92mINFO [0m:      
[92mINFO [0m:      Received: train message 0a5ab9e4-0a2b-46d7-ba1e-4d6b90010d16
[92mINFO [0m:      Sent reply
[92mINFO [0m:      
[92mINFO [0m:      Received: evaluate message 8ecc5dd1-8b1d-4115-a9d2-b88204ee983e
[92mINFO [0m:      Sent reply
[92mINFO [0m:      
[92mINFO [0m:      Received: train message b5d32924-abd0-4bdd-affd-78f7931d6171
[92mINFO [0m:      Sent reply
[92mINFO [0m:      
[92mINFO [0m:      Received: evaluate message cd6472e6-b4cf-45df-83e6-3fa0353a5942
[92mINFO [0m:      Sent reply
[92mINFO [0m:      
[92mINFO [0m:      Received: train message 653fbf99-b690-4c7c-aa69-a8d64f2a3ab3
[92mINFO [0m:      Sent reply
[92mINFO [0m:      
[92mINFO [0m:      Received: evaluate message e6c4cffc-2fb6-417c-aa61-e41c06724e2b
[92mINFO [0m:      Sent reply
[92mINFO [0m:      
[92mINFO [0m:      Received: train message 31a1fd74-6f9b-4c90-bea9-cbc9e6b9336d
[92mINFO [0m:      Sent reply
[92mINFO [0m:      
[92mINFO [0m:      Received: evaluate message 0a2c186e-6c5a-4b81-94b1-7d1a215f2610
[92mINFO [0m:      Sent reply
[92mINFO [0m:      
[92mINFO [0m:      Received: train message 51f39e64-32cf-4d3c-9155-017c82edf18b
[92mINFO [0m:      Sent reply
[92mINFO [0m:      
[92mINFO [0m:      Received: evaluate message 932cdcc6-225a-4163-afd2-3aebb235a792
[92mINFO [0m:      Sent reply
[92mINFO [0m:      
[92mINFO [0m:      Received: train message f2fd1e4e-6148-4c90-a340-46c22dc6a5d5
[92mINFO [0m:      Sent reply
[92mINFO [0m:      
[92mINFO [0m:      Received: evaluate message 98d7ce0e-7176-49d3-b9be-27ae7b15d090
[92mINFO [0m:      Sent reply
[92mINFO [0m:      
[92mINFO [0m:      Received: train message 37d9ae78-d443-4469-9d9d-0561b19b9f7b
[92mINFO [0m:      Sent reply
[92mINFO [0m:      
[92mINFO [0m:      Received: evaluate message 2689e69d-4e16-417b-98b3-694ea93dd9a1
[92mINFO [0m:      Sent reply
[92mINFO [0m:      
[92mINFO [0m:      Received: train message 0209b283-01dd-460c-9ce8-5641ce3a688a
[92mINFO [0m:      Sent reply
[92mINFO [0m:      
[92mINFO [0m:      Received: evaluate message 21f2f51c-c95a-4d59-9ebf-84faa35a009f
[92mINFO [0m:      Sent reply
[92mINFO [0m:      
[92mINFO [0m:      Received: train message 7b3c7c70-382c-4af6-93d1-8ff3cd84bbeb
[92mINFO [0m:      Sent reply
[92mINFO [0m:      
[92mINFO [0m:      Received: evaluate message 24763544-3a7f-4820-9542-11b45bed111a
[92mINFO [0m:      Sent reply
[92mINFO [0m:      
[92mINFO [0m:      Received: train message 52eaba35-583a-4c05-a8f9-7c41bdb2ffd6
[92mINFO [0m:      Sent reply
[92mINFO [0m:      
[92mINFO [0m:      Received: evaluate message 8b9fd62c-c5bf-4ea2-a1ed-9badb18e0b62
[92mINFO [0m:      Sent reply
[92mINFO [0m:      
[92mINFO [0m:      Received: train message 279601e8-bd58-4959-9358-b4f7f010dc9e
[92mINFO [0m:      Sent reply
[92mINFO [0m:      
[92mINFO [0m:      Received: evaluate message a84c30ff-93f3-43e6-af55-c5678b58ad04
[92mINFO [0m:      Sent reply
[92mINFO [0m:      
[92mINFO [0m:      Received: train message 652ee081-4d7a-477a-98cc-c13881d3ae10
[92mINFO [0m:      Sent reply
[92mINFO [0m:      
[92mINFO [0m:      Received: evaluate message 08052052-3067-4f48-86bb-636891789c2e
[92mINFO [0m:      Sent reply
[92mINFO [0m:      
[92mINFO [0m:      Received: train message f97f6d6f-2df9-44e6-9ff4-c7c1ecfdb123
[92mINFO [0m:      Sent reply
[92mINFO [0m:      
[92mINFO [0m:      Received: evaluate message 97f975a2-3df5-4c5c-8874-86a24e28bac8
[92mINFO [0m:      Sent reply
[92mINFO [0m:      
[92mINFO [0m:      Received: train message bdbb43e2-b430-4db7-8c1d-73400710019c
[92mINFO [0m:      Sent reply
[92mINFO [0m:      
[92mINFO [0m:      Received: evaluate message add270b3-5894-47c8-85ae-1fff86e6bc90
[92mINFO [0m:      Sent reply
[92mINFO [0m:      
[92mINFO [0m:      Received: train message 732b7430-d63c-4eae-a258-9a69e069c41d
[92mINFO [0m:      Sent reply
[92mINFO [0m:      
[92mINFO [0m:      Received: evaluate message 604f7296-3445-4a38-84fb-c7c1a209fb59
[92mINFO [0m:      Sent reply
[92mINFO [0m:      
[92mINFO [0m:      Received: train message 5d401225-2228-4d03-a39e-bbf44b5bfb83
[92mINFO [0m:      Sent reply
[92mINFO [0m:      
[92mINFO [0m:      Received: evaluate message 61a4eeb5-0ad9-4f23-86db-9b38a8a9e6d7
[92mINFO [0m:      Sent reply
[92mINFO [0m:      
[92mINFO [0m:      Received: train message dab2e889-d093-4545-ac29-01af7f3d05c0
[92mINFO [0m:      Sent reply
[92mINFO [0m:      
[92mINFO [0m:      Received: evaluate message 8cbeac23-0c45-4499-982e-69adc8531ff5
[92mINFO [0m:      Sent reply
[92mINFO [0m:      
[92mINFO [0m:      Received: train message 7c21d7c0-ac49-4e59-b78f-7a635132fb0b
[92mINFO [0m:      Sent reply
[92mINFO [0m:      
[92mINFO [0m:      Received: evaluate message 48d9b4f7-3554-4ed6-a12b-0227b9b9dec3
[92mINFO [0m:      Sent reply
[92mINFO [0m:      
[92mINFO [0m:      Received: train message a911ca98-426e-485a-ac46-382c378ad7a9
[92mINFO [0m:      Sent reply
[92mINFO [0m:      
[92mINFO [0m:      Received: evaluate message b46d8624-dde0-4ea9-9ab7-92ee02f8f395
[92mINFO [0m:      Sent reply
[92mINFO [0m:      
[92mINFO [0m:      Received: reconnect message 4ab24cd4-01be-4655-bbe3-6075e0dc3922
[92mINFO [0m:      Disconnect and shut down
