[93mWARNING [0m:   DEPRECATED FEATURE: flwr.client.start_client() is deprecated.
	Instead, use the `flower-supernode` CLI command to start a SuperNode as shown below:

		$ flower-supernode --insecure --superlink='<IP>:<PORT>'

	To view all available options, run:

		$ flower-supernode --help

	Using `start_client()` is deprecated.

            This is a deprecated feature. It will be removed
            entirely in future versions of Flower.
        
[92mINFO [0m:      
[92mINFO [0m:      Received: train message 25e3bf66-0482-4c0f-a70a-678c13c284fd
[92mINFO [0m:      Sent reply
[92mINFO [0m:      
[92mINFO [0m:      Received: evaluate message 9d0de7b0-0711-4540-99fe-aa9945cd20c2
[92mINFO [0m:      Sent reply
[92mINFO [0m:      
[92mINFO [0m:      Received: train message c9dc8c4e-1094-4d30-874d-9a814f892804
[92mINFO [0m:      Sent reply
[92mINFO [0m:      
[92mINFO [0m:      Received: evaluate message c088e7f2-2348-4cda-8d46-b4d0fd7b5e8f
[92mINFO [0m:      Sent reply
[92mINFO [0m:      
[92mINFO [0m:      Received: train message ee6daf30-ab60-49f3-895f-3da8b3bc8c37
[92mINFO [0m:      Sent reply
[92mINFO [0m:      
[92mINFO [0m:      Received: evaluate message d49c1594-37da-4d85-825d-653f85af356f
[92mINFO [0m:      Sent reply
[92mINFO [0m:      
[92mINFO [0m:      Received: train message 8f9176a3-7dd0-4e70-81e1-32830fc68243
[92mINFO [0m:      Sent reply
[92mINFO [0m:      
[92mINFO [0m:      Received: evaluate message 01def952-b807-4afa-bf45-c6da06441ba5
[92mINFO [0m:      Sent reply
[92mINFO [0m:      
[92mINFO [0m:      Received: train message f7eac16e-4430-4b1f-af9e-c51885d90dcd
[92mINFO [0m:      Sent reply
[92mINFO [0m:      
[92mINFO [0m:      Received: evaluate message b253af58-1ad5-4436-a6b2-16c597a7997b
[92mINFO [0m:      Sent reply
[92mINFO [0m:      
[92mINFO [0m:      Received: train message aae88547-78e9-482c-ba4c-716090cb6350
[92mINFO [0m:      Sent reply
[92mINFO [0m:      
[92mINFO [0m:      Received: evaluate message cfe92ed1-0c85-4d85-a289-d2db5ed17e97
[92mINFO [0m:      Sent reply
[92mINFO [0m:      
[92mINFO [0m:      Received: train message 039ff21e-257c-4d03-8c58-346306f1f45b
[92mINFO [0m:      Sent reply
[92mINFO [0m:      
[92mINFO [0m:      Received: evaluate message b96de1a8-afb6-44b9-b794-5e19d55d6a4e
[92mINFO [0m:      Sent reply
[92mINFO [0m:      
[92mINFO [0m:      Received: train message b8b305bd-7d58-43cd-8285-0087fe08da91
[92mINFO [0m:      Sent reply
[92mINFO [0m:      
[92mINFO [0m:      Received: evaluate message 809ded0c-c360-47b4-bf58-cd33f846f110
[92mINFO [0m:      Sent reply
[92mINFO [0m:      
[92mINFO [0m:      Received: train message e11ec5da-5a21-4004-8d02-28abd2f054ba
[92mINFO [0m:      Sent reply
[92mINFO [0m:      
[92mINFO [0m:      Received: evaluate message 4a30e6df-0bd9-442c-a3ac-dafb3a124b30
[92mINFO [0m:      Sent reply
[92mINFO [0m:      
[92mINFO [0m:      Received: train message f162be4e-0b39-4f92-b43f-b8af679faade
[92mINFO [0m:      Sent reply
[92mINFO [0m:      
[92mINFO [0m:      Received: evaluate message 1516dc0c-9970-41d0-ae56-5db08bf0b586
[92mINFO [0m:      Sent reply
[92mINFO [0m:      
[92mINFO [0m:      Received: train message bdbdfabb-7849-4ccf-8cf8-084802fa91bb
[92mINFO [0m:      Sent reply
[92mINFO [0m:      
[92mINFO [0m:      Received: evaluate message af0a7f52-21d6-4105-9baa-766e20055548
[92mINFO [0m:      Sent reply
[92mINFO [0m:      
[92mINFO [0m:      Received: train message 9c708a5d-6b04-4a74-b15c-be50426a2f34
[92mINFO [0m:      Sent reply
[92mINFO [0m:      
[92mINFO [0m:      Received: evaluate message e0cba561-d472-4937-b59f-cfba835dcb40
[92mINFO [0m:      Sent reply
[92mINFO [0m:      
[92mINFO [0m:      Received: train message 1eafa207-069d-49a4-aa02-d5b52d20bd3f
[92mINFO [0m:      Sent reply
[92mINFO [0m:      
[92mINFO [0m:      Received: evaluate message 136b4e42-2b57-48e7-a7df-9a939a34eb7e
[92mINFO [0m:      Sent reply
[92mINFO [0m:      
[92mINFO [0m:      Received: train message 348b5cc9-395c-43c7-9e8b-c6e4ab6b907b
[92mINFO [0m:      Sent reply
[92mINFO [0m:      
[92mINFO [0m:      Received: evaluate message 28960e48-082c-4e8e-8205-6199760d31c5
[92mINFO [0m:      Sent reply
[92mINFO [0m:      
[92mINFO [0m:      Received: train message 922db922-ee0b-4191-ac3e-6f35e586ed41
[92mINFO [0m:      Sent reply
[92mINFO [0m:      
[92mINFO [0m:      Received: evaluate message 1ba1052b-7a39-428e-a213-ff6a90de6269
[92mINFO [0m:      Sent reply
[92mINFO [0m:      
[92mINFO [0m:      Received: train message 048c98f8-71bd-437d-af6d-6c3a035e5e9e
[92mINFO [0m:      Sent reply
[92mINFO [0m:      
[92mINFO [0m:      Received: evaluate message 94d72a2c-ead4-47fe-ba1e-2dae35cc84cf
[92mINFO [0m:      Sent reply
[92mINFO [0m:      
[92mINFO [0m:      Received: train message f3bce146-87d6-40db-b9d2-a3b5e0aa4ed8
[92mINFO [0m:      Sent reply
[92mINFO [0m:      
[92mINFO [0m:      Received: evaluate message 348424e9-7fb5-44f7-8970-9251e13fc380
[92mINFO [0m:      Sent reply
[92mINFO [0m:      
[92mINFO [0m:      Received: train message 63822175-e77e-4f3a-81b7-ff07ea21bda4
[92mINFO [0m:      Sent reply
[92mINFO [0m:      
[92mINFO [0m:      Received: evaluate message fc77c3fe-e3eb-43e0-ba2b-06a88fd64b2c
[92mINFO [0m:      Sent reply
[92mINFO [0m:      
[92mINFO [0m:      Received: train message 74fe6ef2-1caf-4885-ba31-21abb4cb1e9c
[92mINFO [0m:      Sent reply
[92mINFO [0m:      
[92mINFO [0m:      Received: evaluate message fab7ea90-02c4-49df-aa9c-d69e16fc7aed
[92mINFO [0m:      Sent reply
[92mINFO [0m:      
[92mINFO [0m:      Received: train message b3fcf6e5-9b7d-44b1-86de-5803f0add5ee
[92mINFO [0m:      Sent reply
[92mINFO [0m:      
[92mINFO [0m:      Received: evaluate message 6171c65b-4fd0-44ba-8932-54b4b2c62ba7
[92mINFO [0m:      Sent reply
[92mINFO [0m:      
[92mINFO [0m:      Received: train message 8d3c10ba-78ff-468e-9c33-a00b0c39bf5d
[92mINFO [0m:      Sent reply
[92mINFO [0m:      
[92mINFO [0m:      Received: evaluate message c9ced715-91cd-4314-9649-89f943672503
[92mINFO [0m:      Sent reply
[92mINFO [0m:      
[92mINFO [0m:      Received: train message 6ae26503-a468-484e-a1ac-b4e0250d4b67
[92mINFO [0m:      Sent reply
[92mINFO [0m:      
[92mINFO [0m:      Received: evaluate message 2f5133d6-2277-4c4f-ae60-0120eb3e3eb5
[92mINFO [0m:      Sent reply
[92mINFO [0m:      
[92mINFO [0m:      Received: train message ab5e3ac2-bb72-4ecc-84f7-ae98e99422da
[92mINFO [0m:      Sent reply
[92mINFO [0m:      
[92mINFO [0m:      Received: evaluate message c5653067-34e8-4eb2-82a0-bbc718b95ac5
[92mINFO [0m:      Sent reply
[92mINFO [0m:      
[92mINFO [0m:      Received: train message 35bfedd3-c2a1-4c4b-83c6-a91c3d97ca6b
[92mINFO [0m:      Sent reply
[92mINFO [0m:      
[92mINFO [0m:      Received: evaluate message fa7a88ad-efd7-4256-9fae-fd6d7e2fa965
[92mINFO [0m:      Sent reply
[92mINFO [0m:      
[92mINFO [0m:      Received: train message 32e899c7-df0f-491e-984c-9aa7469c95a1
[92mINFO [0m:      Sent reply
[92mINFO [0m:      
[92mINFO [0m:      Received: evaluate message 9fcc5e30-831e-4cc8-8f73-85ab054e9880
[92mINFO [0m:      Sent reply
[92mINFO [0m:      
[92mINFO [0m:      Received: train message dca4b39b-5038-4ed3-a98a-b99214415872
[92mINFO [0m:      Sent reply
[92mINFO [0m:      
[92mINFO [0m:      Received: evaluate message 8cffd8bc-44b6-4fa4-bef5-87fbb9a7e7db
[92mINFO [0m:      Sent reply
[92mINFO [0m:      
[92mINFO [0m:      Received: train message ee874c2e-11fb-4767-9913-57ccab15c213
[92mINFO [0m:      Sent reply
[92mINFO [0m:      
[92mINFO [0m:      Received: evaluate message 97ae5453-d614-4de5-91c1-a08e96374cd4
[92mINFO [0m:      Sent reply
[92mINFO [0m:      
[92mINFO [0m:      Received: train message 662a66c0-9099-4d72-bca7-d4ecd6823b7f
[92mINFO [0m:      Sent reply
[92mINFO [0m:      
[92mINFO [0m:      Received: evaluate message df1ed114-a407-4e58-a70e-c6cfd9bf10e7
[92mINFO [0m:      Sent reply
[92mINFO [0m:      
[92mINFO [0m:      Received: train message c209d35a-c3c0-41d3-b355-95943f5cbcf7
[92mINFO [0m:      Sent reply
[92mINFO [0m:      
[92mINFO [0m:      Received: evaluate message cdb00110-43d8-427c-8500-fd2abdbadec0
[92mINFO [0m:      Sent reply
[92mINFO [0m:      
[92mINFO [0m:      Received: train message 9e3daa43-1cd8-418a-a5c2-7f9728515418
[92mINFO [0m:      Sent reply
[92mINFO [0m:      
[92mINFO [0m:      Received: evaluate message d92531d8-768d-4e09-ba1d-49512d436193
[92mINFO [0m:      Sent reply
[92mINFO [0m:      
[92mINFO [0m:      Received: train message 793132b5-9278-4af3-b1ef-4ae810997663
[92mINFO [0m:      Sent reply
[92mINFO [0m:      
[92mINFO [0m:      Received: evaluate message ae480a3a-db36-49f7-9f5c-41559c69e6c0
[92mINFO [0m:      Sent reply
[92mINFO [0m:      
[92mINFO [0m:      Received: train message ec372d95-484c-4ba5-afc9-092ede551e6e
[92mINFO [0m:      Sent reply
[92mINFO [0m:      
[92mINFO [0m:      Received: evaluate message 1dc73468-785f-4af4-a0ac-ca0eacf62e1a
[92mINFO [0m:      Sent reply
[92mINFO [0m:      
[92mINFO [0m:      Received: train message 227bd5d2-f335-44ce-9787-3566b4b97609
[92mINFO [0m:      Sent reply
[92mINFO [0m:      
[92mINFO [0m:      Received: evaluate message 455cf883-1aec-45ab-bf69-fcf077b91c47
[92mINFO [0m:      Sent reply
[92mINFO [0m:      
[92mINFO [0m:      Received: train message 8de8e633-a886-4f7f-b322-3e6af0af5422
[92mINFO [0m:      Sent reply
[92mINFO [0m:      
[92mINFO [0m:      Received: evaluate message 89c6539c-a1eb-47c5-bb07-efcc2b69d9aa
[92mINFO [0m:      Sent reply
[92mINFO [0m:      
[92mINFO [0m:      Received: train message 8e178307-451c-4d96-bfea-a76f6e5fc910
[92mINFO [0m:      Sent reply
[92mINFO [0m:      
[92mINFO [0m:      Received: evaluate message 28ffc785-3f97-461a-924f-cac5a78d2867
[92mINFO [0m:      Sent reply
[92mINFO [0m:      
[92mINFO [0m:      Received: train message 480bec3a-1589-46a2-a75e-abf3382f4cb3
[92mINFO [0m:      Sent reply
[92mINFO [0m:      
[92mINFO [0m:      Received: evaluate message 0f31df77-794e-4cf8-a81e-28ce70656e39
[92mINFO [0m:      Sent reply
[92mINFO [0m:      
[92mINFO [0m:      Received: train message 0f5ddf25-e81b-4e1c-94b6-294ce30abc1d
[92mINFO [0m:      Sent reply
[92mINFO [0m:      
[92mINFO [0m:      Received: evaluate message 3eba0d39-df4a-46c4-820f-a9c0a9ef31c6
[92mINFO [0m:      Sent reply
[92mINFO [0m:      
[92mINFO [0m:      Received: train message dad6d62d-b19d-4690-b073-5e6932173a6f
[92mINFO [0m:      Sent reply
[92mINFO [0m:      
[92mINFO [0m:      Received: evaluate message 6bfbecb9-dfd2-4b61-b347-f61d563a6530
[92mINFO [0m:      Sent reply
[92mINFO [0m:      
[92mINFO [0m:      Received: train message 06a4cfcd-f1ac-45b7-8243-544e6ce812b8
[92mINFO [0m:      Sent reply
[92mINFO [0m:      
[92mINFO [0m:      Received: evaluate message 28a994f1-7f62-490a-bcf9-ff8a5e653998
[92mINFO [0m:      Sent reply
[92mINFO [0m:      
[92mINFO [0m:      Received: train message 45d3222b-cdfa-4981-9051-b3cfad037f33
[92mINFO [0m:      Sent reply
[92mINFO [0m:      
[92mINFO [0m:      Received: evaluate message edf2ca3b-4e14-40a8-b8f6-1a1f7677e67c
[92mINFO [0m:      Sent reply
[92mINFO [0m:      
[92mINFO [0m:      Received: train message 11f58387-b41b-4ded-b7a7-5d9f39d385f1
[92mINFO [0m:      Sent reply
[92mINFO [0m:      
[92mINFO [0m:      Received: evaluate message f614563c-6274-43a6-a968-65c998882b8d
[92mINFO [0m:      Sent reply
[92mINFO [0m:      
[92mINFO [0m:      Received: train message d2de4561-7cd9-4c59-9831-2ba98977f749
[92mINFO [0m:      Sent reply
[92mINFO [0m:      
[92mINFO [0m:      Received: evaluate message 07e6991e-0c64-45cc-9156-9179358117c7
[92mINFO [0m:      Sent reply
[92mINFO [0m:      
[92mINFO [0m:      Received: train message e418e576-78c1-407c-830a-ad7a36f7c822
[92mINFO [0m:      Sent reply
[92mINFO [0m:      
[92mINFO [0m:      Received: evaluate message d03209ed-1980-484f-a955-f4629eb73766
[92mINFO [0m:      Sent reply
[92mINFO [0m:      
[92mINFO [0m:      Received: train message 272c63d3-10af-43c1-bcd7-86a39ee101ed
[92mINFO [0m:      Sent reply
[92mINFO [0m:      
[92mINFO [0m:      Received: evaluate message c04b06de-af23-4907-87b0-19b6053e4a06
[92mINFO [0m:      Sent reply
[92mINFO [0m:      
[92mINFO [0m:      Received: train message 8929aa70-5f8b-4e5a-b09b-9de33bd8ce16
[92mINFO [0m:      Sent reply
[92mINFO [0m:      
[92mINFO [0m:      Received: evaluate message b2ffc9e4-33b9-400f-b48e-ef20ed4e6dcf
[92mINFO [0m:      Sent reply
[92mINFO [0m:      
[92mINFO [0m:      Received: train message f7b237c3-95dd-4d13-a613-930c740e6863
[92mINFO [0m:      Sent reply
[92mINFO [0m:      
[92mINFO [0m:      Received: evaluate message f61eb6b7-b7c1-418c-a129-40fd711f201f
[92mINFO [0m:      Sent reply
[92mINFO [0m:      
[92mINFO [0m:      Received: train message 07673a18-714c-4749-afab-54b37b4c199e
[92mINFO [0m:      Sent reply
[92mINFO [0m:      
[92mINFO [0m:      Received: evaluate message efec28c3-7ba2-4759-965e-cbf9b31a149f
[92mINFO [0m:      Sent reply
[92mINFO [0m:      
[92mINFO [0m:      Received: train message 95a4efb9-2f32-4e94-94ea-eab0b4388d5c
[92mINFO [0m:      Sent reply
[92mINFO [0m:      
[92mINFO [0m:      Received: evaluate message 2f848501-78b5-47e2-a2d2-669aa55cb8f5
[92mINFO [0m:      Sent reply
[92mINFO [0m:      
[92mINFO [0m:      Received: train message e75fe833-4d8c-4df7-b506-ff57378f4694
[92mINFO [0m:      Sent reply
[92mINFO [0m:      
[92mINFO [0m:      Received: evaluate message 63f54426-68b3-47ea-9b8e-4b91e05bf8a2
[92mINFO [0m:      Sent reply
[92mINFO [0m:      
[92mINFO [0m:      Received: train message 4ec4347c-70d6-48a1-ac5d-227bbbb94544
[92mINFO [0m:      Sent reply
[92mINFO [0m:      
[92mINFO [0m:      Received: evaluate message 8f620adb-8851-40e8-bd1b-d6349ef9f574
[92mINFO [0m:      Sent reply
[92mINFO [0m:      
[92mINFO [0m:      Received: reconnect message 8f1341e6-374f-4313-8c67-cb292959520b
[92mINFO [0m:      Disconnect and shut down
