[93mWARNING [0m:   DEPRECATED FEATURE: flwr.client.start_client() is deprecated.
	Instead, use the `flower-supernode` CLI command to start a SuperNode as shown below:

		$ flower-supernode --insecure --superlink='<IP>:<PORT>'

	To view all available options, run:

		$ flower-supernode --help

	Using `start_client()` is deprecated.

            This is a deprecated feature. It will be removed
            entirely in future versions of Flower.
        
[92mINFO [0m:      
[92mINFO [0m:      Received: train message 0852350f-c909-4d9e-99a5-6911c05952a2
[92mINFO [0m:      Sent reply
[92mINFO [0m:      
[92mINFO [0m:      Received: evaluate message ad0d0a5e-7780-4dad-890a-2bcc6aa3a5d8
[92mINFO [0m:      Sent reply
[92mINFO [0m:      
[92mINFO [0m:      Received: train message 4a28712b-c494-4bef-8662-0f689eb3eef8
[92mINFO [0m:      Sent reply
[92mINFO [0m:      
[92mINFO [0m:      Received: evaluate message fcd1d1ce-4725-4d4c-bf25-7c5dc0d6555f
[92mINFO [0m:      Sent reply
[92mINFO [0m:      
[92mINFO [0m:      Received: train message 29b9166e-6e9a-4cbc-9450-470abca7316f
[92mINFO [0m:      Sent reply
[92mINFO [0m:      
[92mINFO [0m:      Received: evaluate message a3d92922-31d8-44d8-a4be-caf69d3a4a37
[92mINFO [0m:      Sent reply
[92mINFO [0m:      
[92mINFO [0m:      Received: train message c595bc22-4eb6-4e31-96d2-312cb0872455
[92mINFO [0m:      Sent reply
[92mINFO [0m:      
[92mINFO [0m:      Received: evaluate message 3b036228-8b70-40c3-a9e6-2fb3ceb32b0a
[92mINFO [0m:      Sent reply
[92mINFO [0m:      
[92mINFO [0m:      Received: train message 5e3ef87f-4bfe-4afa-bc05-06ee1d4e2a2f
[92mINFO [0m:      Sent reply
[92mINFO [0m:      
[92mINFO [0m:      Received: evaluate message c2b52116-e15e-45ba-94b6-9759eb6eab64
[92mINFO [0m:      Sent reply
[92mINFO [0m:      
[92mINFO [0m:      Received: train message c4c8822d-a313-4ec2-be8a-ec3864258a41
[92mINFO [0m:      Sent reply
[92mINFO [0m:      
[92mINFO [0m:      Received: evaluate message 4614494b-5140-42af-8198-a7099d59599d
[92mINFO [0m:      Sent reply
[92mINFO [0m:      
[92mINFO [0m:      Received: train message a6b17004-0f2a-41b7-98c4-f9edbbf7d7d2
[92mINFO [0m:      Sent reply
[92mINFO [0m:      
[92mINFO [0m:      Received: evaluate message 0abbccfe-2585-4500-bd9f-cb1f978ef594
[92mINFO [0m:      Sent reply
[92mINFO [0m:      
[92mINFO [0m:      Received: train message 295eafb0-0c6c-4b3e-a386-1d0cbd965c3e
[92mINFO [0m:      Sent reply
[92mINFO [0m:      
[92mINFO [0m:      Received: evaluate message a73b36c4-6c75-4157-8f04-b59deec4455e
[92mINFO [0m:      Sent reply
[92mINFO [0m:      
[92mINFO [0m:      Received: train message 9baa3d93-8180-4d58-a19f-6d6192728a76
[92mINFO [0m:      Sent reply
[92mINFO [0m:      
[92mINFO [0m:      Received: evaluate message c9814c2f-5600-4e1d-a1df-c2c39d86ddff
[92mINFO [0m:      Sent reply
[92mINFO [0m:      
[92mINFO [0m:      Received: train message 40170909-d230-47c0-82b2-928d9970b25f
[92mINFO [0m:      Sent reply
[92mINFO [0m:      
[92mINFO [0m:      Received: evaluate message 80a7dc6e-45b8-4325-9bf7-d6a397200a46
[92mINFO [0m:      Sent reply
[92mINFO [0m:      
[92mINFO [0m:      Received: train message 579d3504-477c-4c28-b470-a6ae3edf46a9
[92mINFO [0m:      Sent reply
[92mINFO [0m:      
[92mINFO [0m:      Received: evaluate message 6135d25d-d3e7-420c-b22b-ab82e9219c9f
[92mINFO [0m:      Sent reply
[92mINFO [0m:      
[92mINFO [0m:      Received: train message 3af9e6aa-deb0-44df-bdb6-194bd451a0ee
[92mINFO [0m:      Sent reply
[92mINFO [0m:      
[92mINFO [0m:      Received: evaluate message a238a61e-b1f8-4059-81be-c6c0df2799ea
[92mINFO [0m:      Sent reply
[92mINFO [0m:      
[92mINFO [0m:      Received: train message c087dcd9-b85f-48e2-9873-0458cff355de
[92mINFO [0m:      Sent reply
[92mINFO [0m:      
[92mINFO [0m:      Received: evaluate message df43a1b7-4766-4f0c-913e-f89718a57b5b
[92mINFO [0m:      Sent reply
[92mINFO [0m:      
[92mINFO [0m:      Received: train message 2fb62cec-e5c5-48fe-8cfe-86ee983dbe00
[92mINFO [0m:      Sent reply
[92mINFO [0m:      
[92mINFO [0m:      Received: evaluate message e5b8d466-50fa-4dff-9f9c-fc92cc6ce2ff
[92mINFO [0m:      Sent reply
[92mINFO [0m:      
[92mINFO [0m:      Received: train message f8780364-0779-4856-b56e-adb242fb3d1e
[92mINFO [0m:      Sent reply
[92mINFO [0m:      
[92mINFO [0m:      Received: evaluate message 913f0032-61ff-4905-875f-583001243eaf
[92mINFO [0m:      Sent reply
[92mINFO [0m:      
[92mINFO [0m:      Received: train message 1ca6a450-41b9-4232-a4ac-90a245694821
[92mINFO [0m:      Sent reply
[92mINFO [0m:      
[92mINFO [0m:      Received: evaluate message 47405f81-c462-4134-ada4-68db980cf2a9
[92mINFO [0m:      Sent reply
[92mINFO [0m:      
[92mINFO [0m:      Received: train message 5d80306a-5b26-4f31-91c7-081d75dcca08
[92mINFO [0m:      Sent reply
[92mINFO [0m:      
[92mINFO [0m:      Received: evaluate message 72b3b613-5e8b-4f4d-ae25-95f50d300a09
[92mINFO [0m:      Sent reply
[92mINFO [0m:      
[92mINFO [0m:      Received: train message 80b6d9c5-c8a9-4c24-aced-c75780e56853
[92mINFO [0m:      Sent reply
[92mINFO [0m:      
[92mINFO [0m:      Received: evaluate message ae8dc169-7d60-4a94-bfe3-2b45f3e0c934
[92mINFO [0m:      Sent reply
[92mINFO [0m:      
[92mINFO [0m:      Received: train message 35f71f0f-0070-40e7-9a70-50bab23e7326
[92mINFO [0m:      Sent reply
[92mINFO [0m:      
[92mINFO [0m:      Received: evaluate message 264baac4-8a60-4d52-8a4c-20e92a7fe7f2
[92mINFO [0m:      Sent reply
[92mINFO [0m:      
[92mINFO [0m:      Received: train message 99bbbb1c-5599-49bb-866e-aff860078007
[92mINFO [0m:      Sent reply
[92mINFO [0m:      
[92mINFO [0m:      Received: evaluate message 616fc1b1-0511-4143-a340-c8af4af82536
[92mINFO [0m:      Sent reply
[92mINFO [0m:      
[92mINFO [0m:      Received: train message d8f00527-1f6c-41a4-a38a-bade2cd63120
[92mINFO [0m:      Sent reply
[92mINFO [0m:      
[92mINFO [0m:      Received: evaluate message bf1c6263-d4da-4342-93b1-3d372877d9a5
[92mINFO [0m:      Sent reply
[92mINFO [0m:      
[92mINFO [0m:      Received: train message 17089c1a-645f-400c-9617-594c595c331a
[92mINFO [0m:      Sent reply
[92mINFO [0m:      
[92mINFO [0m:      Received: evaluate message a8640d5b-97d6-4230-9cad-bb452cb3c43d
[92mINFO [0m:      Sent reply
[92mINFO [0m:      
[92mINFO [0m:      Received: train message e4c4318d-61ed-4cb7-9042-522576f61945
[92mINFO [0m:      Sent reply
[92mINFO [0m:      
[92mINFO [0m:      Received: evaluate message 50ad99c6-6d1b-4cd9-a93d-2b267ee59e88
[92mINFO [0m:      Sent reply
[92mINFO [0m:      
[92mINFO [0m:      Received: train message cb35f5fc-ff00-4173-abc5-987a2621e0d8
[92mINFO [0m:      Sent reply
[92mINFO [0m:      
[92mINFO [0m:      Received: evaluate message da7ffb78-833b-4cd5-a959-356840fd2fc1
[92mINFO [0m:      Sent reply
[92mINFO [0m:      
[92mINFO [0m:      Received: train message 6040c79a-8acc-471a-838d-4d916147c417
[92mINFO [0m:      Sent reply
[92mINFO [0m:      
[92mINFO [0m:      Received: evaluate message 4a0da50d-a56a-42a6-b3da-0b2fae81c851
[92mINFO [0m:      Sent reply
[92mINFO [0m:      
[92mINFO [0m:      Received: train message 215c51ee-68e7-469c-9072-c46fb9cdc6a7
[92mINFO [0m:      Sent reply
[92mINFO [0m:      
[92mINFO [0m:      Received: evaluate message 7814dee7-c16a-466c-9a22-fe4991eef261
[92mINFO [0m:      Sent reply
[92mINFO [0m:      
[92mINFO [0m:      Received: train message 1966d948-f68d-43e7-8e11-6d0e36ef74f1
[92mINFO [0m:      Sent reply
[92mINFO [0m:      
[92mINFO [0m:      Received: evaluate message 87c05aa3-2d97-4f67-8c2b-88077b783eb9
[92mINFO [0m:      Sent reply
[92mINFO [0m:      
[92mINFO [0m:      Received: train message c697dc55-60b2-40f0-96a8-531f816426af
[92mINFO [0m:      Sent reply
[92mINFO [0m:      
[92mINFO [0m:      Received: evaluate message 31741e57-27b6-435a-9313-3fcb4cf93b13
[92mINFO [0m:      Sent reply
[92mINFO [0m:      
[92mINFO [0m:      Received: train message 6d5dec43-8f23-4273-b038-f8e1c4c0a38f
[92mINFO [0m:      Sent reply
[92mINFO [0m:      
[92mINFO [0m:      Received: evaluate message 0148a183-cfb5-4ff7-8a9b-bce6999c8b32
[92mINFO [0m:      Sent reply
[92mINFO [0m:      
[92mINFO [0m:      Received: train message f1f1ea06-5c4c-45d1-aff0-576b94aaa5a1
[92mINFO [0m:      Sent reply
[92mINFO [0m:      
[92mINFO [0m:      Received: evaluate message 300b2d1f-ef4a-46de-b93b-a73a23ec345f
[92mINFO [0m:      Sent reply
[92mINFO [0m:      
[92mINFO [0m:      Received: train message 78669d8a-f431-4f7f-bc95-22ff79777344
[92mINFO [0m:      Sent reply
[92mINFO [0m:      
[92mINFO [0m:      Received: evaluate message fc17e80a-ffb6-49c2-aa87-390864ac0e70
[92mINFO [0m:      Sent reply
[92mINFO [0m:      
[92mINFO [0m:      Received: train message 66e2641a-84c6-447d-aca2-0dd2a7e8dafe
[92mINFO [0m:      Sent reply
[92mINFO [0m:      
[92mINFO [0m:      Received: evaluate message 7eeb460d-90a3-44c3-aa05-c25c638ebe4e
[92mINFO [0m:      Sent reply
[92mINFO [0m:      
[92mINFO [0m:      Received: train message 69a158ad-dbb7-4b2b-b110-870229f2b491
[92mINFO [0m:      Sent reply
[92mINFO [0m:      
[92mINFO [0m:      Received: evaluate message 10ce4cbb-7d3d-424a-b8b8-1654018edd50
[92mINFO [0m:      Sent reply
[92mINFO [0m:      
[92mINFO [0m:      Received: train message 3415908a-9213-457e-a20e-0a9ab94a3e63
[92mINFO [0m:      Sent reply
[92mINFO [0m:      
[92mINFO [0m:      Received: evaluate message 935748a2-4a49-493d-929b-ddfbd7588c27
[92mINFO [0m:      Sent reply
[92mINFO [0m:      
[92mINFO [0m:      Received: train message b5640f3a-5575-4adc-970d-9ce7e1dc0641
[92mINFO [0m:      Sent reply
[92mINFO [0m:      
[92mINFO [0m:      Received: evaluate message 860c063d-4256-4d77-8550-f1e59b29762b
[92mINFO [0m:      Sent reply
[92mINFO [0m:      
[92mINFO [0m:      Received: train message 6e6c361e-4420-4cd2-a89e-50fd69ed451d
[92mINFO [0m:      Sent reply
[92mINFO [0m:      
[92mINFO [0m:      Received: evaluate message 297c9d1e-3f8c-4cbf-9816-dc52d7fdbc95
[92mINFO [0m:      Sent reply
[92mINFO [0m:      
[92mINFO [0m:      Received: train message 1b9c0f8e-402a-4bab-b30c-5419e7af8bda
[92mINFO [0m:      Sent reply
[92mINFO [0m:      
[92mINFO [0m:      Received: evaluate message 14bf3b47-ec1e-48b2-8f9d-a0cdba910971
[92mINFO [0m:      Sent reply
[92mINFO [0m:      
[92mINFO [0m:      Received: train message 7f47ad01-6d26-46f8-be17-39e35c124ce3
[92mINFO [0m:      Sent reply
[92mINFO [0m:      
[92mINFO [0m:      Received: evaluate message 27252d29-c365-44cc-ab4e-2112208babb4
[92mINFO [0m:      Sent reply
[92mINFO [0m:      
[92mINFO [0m:      Received: train message fcacaaa3-4961-437d-8140-784508e8c77d
[92mINFO [0m:      Sent reply
[92mINFO [0m:      
[92mINFO [0m:      Received: evaluate message e8ac8537-c4ca-4f67-aef5-bb8eb4b5ce6e
[92mINFO [0m:      Sent reply
[92mINFO [0m:      
[92mINFO [0m:      Received: train message ae2efbb5-2983-48a0-a1ac-354236ab5af5
[92mINFO [0m:      Sent reply
[92mINFO [0m:      
[92mINFO [0m:      Received: evaluate message c028d865-b9a9-42c4-bc92-12deb8440933
[92mINFO [0m:      Sent reply
[92mINFO [0m:      
[92mINFO [0m:      Received: train message 2798b848-ca8d-44d5-9c30-bb88d5b1fc1a
[92mINFO [0m:      Sent reply
[92mINFO [0m:      
[92mINFO [0m:      Received: evaluate message f68d778e-9965-4072-a2c9-14eaac42861b
[92mINFO [0m:      Sent reply
[92mINFO [0m:      
[92mINFO [0m:      Received: train message e4560321-1aa7-427b-969e-646a035400f0
[92mINFO [0m:      Sent reply
[92mINFO [0m:      
[92mINFO [0m:      Received: evaluate message 8f9a867f-5aa5-41a0-a5e7-3e42a2ef08c2
[92mINFO [0m:      Sent reply
[92mINFO [0m:      
[92mINFO [0m:      Received: train message 873887ea-4a82-4e53-b6f7-94fa436aa0fa
[92mINFO [0m:      Sent reply
[92mINFO [0m:      
[92mINFO [0m:      Received: evaluate message 019cbfd2-b0ec-4013-8bb0-d54535eaf085
[92mINFO [0m:      Sent reply
[92mINFO [0m:      
[92mINFO [0m:      Received: train message 47820351-53e3-4fa2-91c8-02d3c3a61abb
[92mINFO [0m:      Sent reply
[92mINFO [0m:      
[92mINFO [0m:      Received: evaluate message 33eac1c6-d8ed-4ddb-a130-8b620d925387
[92mINFO [0m:      Sent reply
[92mINFO [0m:      
[92mINFO [0m:      Received: train message d3d2fc44-1c4f-4253-93b9-4053f8307246
[92mINFO [0m:      Sent reply
[92mINFO [0m:      
[92mINFO [0m:      Received: evaluate message 3f3878ab-8b68-44d0-a7b3-55560cb95a29
[92mINFO [0m:      Sent reply
[92mINFO [0m:      
[92mINFO [0m:      Received: train message 5961dc59-20ba-4ef1-a922-14221e5aae16
[92mINFO [0m:      Sent reply
[92mINFO [0m:      
[92mINFO [0m:      Received: evaluate message d6c69013-223f-4312-8831-fea88b9bf6ef
[92mINFO [0m:      Sent reply
[92mINFO [0m:      
[92mINFO [0m:      Received: train message dca93747-5e35-4adf-b5db-5dfc35e11fa2
[92mINFO [0m:      Sent reply
[92mINFO [0m:      
[92mINFO [0m:      Received: evaluate message bab0a33b-b49e-482a-975c-431d3df532c1
[92mINFO [0m:      Sent reply
[92mINFO [0m:      
[92mINFO [0m:      Received: train message 75f1494b-b09a-43b4-b1f0-95df54ccac37
[92mINFO [0m:      Sent reply
[92mINFO [0m:      
[92mINFO [0m:      Received: evaluate message 8a30c5dd-ea63-4de5-9c6d-64fe98fe7f09
[92mINFO [0m:      Sent reply
[92mINFO [0m:      
[92mINFO [0m:      Received: train message 58bbe3ba-6e53-47f0-816a-65e87d2cc9c8
[92mINFO [0m:      Sent reply
[92mINFO [0m:      
[92mINFO [0m:      Received: evaluate message f01ab29f-d718-4751-b3b2-0c29eaa4d3fe
[92mINFO [0m:      Sent reply
[92mINFO [0m:      
[92mINFO [0m:      Received: train message 8505de69-e20e-4df8-87be-f69c432973f8
[92mINFO [0m:      Sent reply
[92mINFO [0m:      
[92mINFO [0m:      Received: evaluate message 2bd840d4-c018-4811-94aa-1a67114ba060
[92mINFO [0m:      Sent reply
[92mINFO [0m:      
[92mINFO [0m:      Received: reconnect message ce2093f0-4e64-4bfe-a906-1de0b59807ec
[92mINFO [0m:      Disconnect and shut down
