[93mWARNING [0m:   DEPRECATED FEATURE: flwr.client.start_client() is deprecated.
	Instead, use the `flower-supernode` CLI command to start a SuperNode as shown below:

		$ flower-supernode --insecure --superlink='<IP>:<PORT>'

	To view all available options, run:

		$ flower-supernode --help

	Using `start_client()` is deprecated.

            This is a deprecated feature. It will be removed
            entirely in future versions of Flower.
        
[92mINFO [0m:      
[92mINFO [0m:      Received: train message cc912f98-5c5a-4b91-8980-25e8e99fcd9f
[92mINFO [0m:      Sent reply
[92mINFO [0m:      
[92mINFO [0m:      Received: evaluate message 02f44321-1337-494a-9376-a2a48307076d
[92mINFO [0m:      Sent reply
[92mINFO [0m:      
[92mINFO [0m:      Received: train message 72b24fcd-be6e-40c0-9206-19d96a5367f2
[92mINFO [0m:      Sent reply
[92mINFO [0m:      
[92mINFO [0m:      Received: evaluate message 52147109-ffdb-40a7-aec7-8f6f28f08a53
[92mINFO [0m:      Sent reply
[92mINFO [0m:      
[92mINFO [0m:      Received: train message 8e8b6eea-c192-48bf-aed1-1a68cbb00e33
[92mINFO [0m:      Sent reply
[92mINFO [0m:      
[92mINFO [0m:      Received: evaluate message e6de56cb-a1fa-4f69-a68c-d1122048d090
[92mINFO [0m:      Sent reply
[92mINFO [0m:      
[92mINFO [0m:      Received: train message 41cb6765-fd8c-4631-91ef-3c0ec4438897
[92mINFO [0m:      Sent reply
[92mINFO [0m:      
[92mINFO [0m:      Received: evaluate message 804da4e0-cb3e-4d36-83a9-daafa87b8c22
[92mINFO [0m:      Sent reply
[92mINFO [0m:      
[92mINFO [0m:      Received: train message f635c756-45d5-401c-82ae-c649c55e0995
[92mINFO [0m:      Sent reply
[92mINFO [0m:      
[92mINFO [0m:      Received: evaluate message 01d68fe0-6838-4707-8268-cc1b95741d59
[92mINFO [0m:      Sent reply
[92mINFO [0m:      
[92mINFO [0m:      Received: train message 686ad79f-3946-4a09-abf6-b2a600311b33
[92mINFO [0m:      Sent reply
[92mINFO [0m:      
[92mINFO [0m:      Received: evaluate message fd6e3c25-8a3f-4073-b816-78d281de0c45
[92mINFO [0m:      Sent reply
[92mINFO [0m:      
[92mINFO [0m:      Received: train message 40701e2a-08fc-4f14-b779-1317019bf10f
[92mINFO [0m:      Sent reply
[92mINFO [0m:      
[92mINFO [0m:      Received: evaluate message 28d7df42-0941-452d-a4e2-38d75aa7e1b3
[92mINFO [0m:      Sent reply
[92mINFO [0m:      
[92mINFO [0m:      Received: train message a5d3cc03-390e-49c8-84ea-ca38c6d7be61
[92mINFO [0m:      Sent reply
[92mINFO [0m:      
[92mINFO [0m:      Received: evaluate message 11c8a851-64d2-40cb-922f-c8dd03e90e0c
[92mINFO [0m:      Sent reply
[92mINFO [0m:      
[92mINFO [0m:      Received: train message 3e5fc23d-a621-4c33-93a3-975b448f9aa3
[92mINFO [0m:      Sent reply
[92mINFO [0m:      
[92mINFO [0m:      Received: evaluate message 4f980c09-b19a-49fc-99b0-cc4d1bc4ccc9
[92mINFO [0m:      Sent reply
[92mINFO [0m:      
[92mINFO [0m:      Received: train message 5c31662a-818c-4507-99ae-49492c5cb864
[92mINFO [0m:      Sent reply
[92mINFO [0m:      
[92mINFO [0m:      Received: evaluate message 55d4d9d5-e38a-42b3-9fda-5f5518c8e14f
[92mINFO [0m:      Sent reply
[92mINFO [0m:      
[92mINFO [0m:      Received: train message 20cee4dc-aa26-4d3c-8afa-a37047ce050b
[92mINFO [0m:      Sent reply
[92mINFO [0m:      
[92mINFO [0m:      Received: evaluate message 60e28e31-b197-4ba4-99cd-cc870b4c9ebe
[92mINFO [0m:      Sent reply
[92mINFO [0m:      
[92mINFO [0m:      Received: train message a066a975-bf4f-44e4-8f4d-5d7154b4a53a
[92mINFO [0m:      Sent reply
[92mINFO [0m:      
[92mINFO [0m:      Received: evaluate message 1609408d-6855-4a02-a4fd-6d361bf7fad8
[92mINFO [0m:      Sent reply
[92mINFO [0m:      
[92mINFO [0m:      Received: train message 947a1c1f-369f-466e-a858-b28190b6fec3
[92mINFO [0m:      Sent reply
[92mINFO [0m:      
[92mINFO [0m:      Received: evaluate message 66fe6c08-9241-42ab-8052-6a3908925d8a
[92mINFO [0m:      Sent reply
[92mINFO [0m:      
[92mINFO [0m:      Received: train message e7db8a92-6afc-4bdf-8f1c-79e0c27fd154
[92mINFO [0m:      Sent reply
[92mINFO [0m:      
[92mINFO [0m:      Received: evaluate message 6d05f26f-6faf-45f1-ba76-e5da484e00a6
[92mINFO [0m:      Sent reply
[92mINFO [0m:      
[92mINFO [0m:      Received: train message 2593d1e9-7818-474d-90b2-01ad0ac142c7
[92mINFO [0m:      Sent reply
[92mINFO [0m:      
[92mINFO [0m:      Received: evaluate message cca7ebc5-6624-4f70-b7a7-b17dc9794c3f
[92mINFO [0m:      Sent reply
[92mINFO [0m:      
[92mINFO [0m:      Received: train message 98d12c2a-dcb8-4bda-ab17-05f57f1e735d
[92mINFO [0m:      Sent reply
[92mINFO [0m:      
[92mINFO [0m:      Received: evaluate message 76ec8781-353c-4dd5-9c25-5e2af3ec4431
[92mINFO [0m:      Sent reply
[92mINFO [0m:      
[92mINFO [0m:      Received: train message aedde571-935a-4112-ba14-196529263337
[92mINFO [0m:      Sent reply
[92mINFO [0m:      
[92mINFO [0m:      Received: evaluate message 75230b70-c1fd-4125-91c6-385419b66e06
[92mINFO [0m:      Sent reply
[92mINFO [0m:      
[92mINFO [0m:      Received: train message 398a1db2-ba34-416a-b511-2e7ee06ff2e2
[92mINFO [0m:      Sent reply
[92mINFO [0m:      
[92mINFO [0m:      Received: evaluate message c960c8e6-0b43-424f-8568-7c7fedcff2ca
[92mINFO [0m:      Sent reply
[92mINFO [0m:      
[92mINFO [0m:      Received: train message 471ca79c-b309-4c52-a22d-256bb16b03cd
[92mINFO [0m:      Sent reply
[92mINFO [0m:      
[92mINFO [0m:      Received: evaluate message a75b4201-4299-4a1c-8a5c-7c78d4b784d6
[92mINFO [0m:      Sent reply
[92mINFO [0m:      
[92mINFO [0m:      Received: train message 82c31a40-95fe-4bba-8b0b-3cacccdf2b5c
[92mINFO [0m:      Sent reply
[92mINFO [0m:      
[92mINFO [0m:      Received: evaluate message e459cc8f-4267-4903-a88b-a8c64ef86e51
[92mINFO [0m:      Sent reply
[92mINFO [0m:      
[92mINFO [0m:      Received: train message ff80068e-a183-4041-9342-b4382af0325c
[92mINFO [0m:      Sent reply
[92mINFO [0m:      
[92mINFO [0m:      Received: evaluate message 35c1d3be-6155-4f0d-b996-f70fc9d020ef
[92mINFO [0m:      Sent reply
[92mINFO [0m:      
[92mINFO [0m:      Received: train message d33905cd-bb1e-4130-9210-f23acfbbf33c
[92mINFO [0m:      Sent reply
[92mINFO [0m:      
[92mINFO [0m:      Received: evaluate message 306a9770-636d-4bff-a17f-9f7a71d19584
[92mINFO [0m:      Sent reply
[92mINFO [0m:      
[92mINFO [0m:      Received: train message b6656404-2e98-46ca-afd9-5bbe5dd248ab
[92mINFO [0m:      Sent reply
[92mINFO [0m:      
[92mINFO [0m:      Received: evaluate message d7db7a22-19bb-4455-b974-c3c2263cad2c
[92mINFO [0m:      Sent reply
[92mINFO [0m:      
[92mINFO [0m:      Received: train message 266a57dc-be5e-4859-9049-e8f135256f59
[92mINFO [0m:      Sent reply
[92mINFO [0m:      
[92mINFO [0m:      Received: evaluate message 64c01014-c3cf-4103-9d2a-e70ddd77b28c
[92mINFO [0m:      Sent reply
[92mINFO [0m:      
[92mINFO [0m:      Received: train message 31efe808-6612-4da1-9bc9-e7fb60ec6e5c
[92mINFO [0m:      Sent reply
[92mINFO [0m:      
[92mINFO [0m:      Received: evaluate message 03088554-03ed-4908-a163-433607f90782
[92mINFO [0m:      Sent reply
[92mINFO [0m:      
[92mINFO [0m:      Received: train message f22330cc-3d15-4be2-9dd9-31cceabacb11
[92mINFO [0m:      Sent reply
[92mINFO [0m:      
[92mINFO [0m:      Received: evaluate message ce0bfe46-9903-4896-87cb-faf6c6385bdf
[92mINFO [0m:      Sent reply
[92mINFO [0m:      
[92mINFO [0m:      Received: train message 13e32870-917e-4793-b890-a8bf9c88002d
[92mINFO [0m:      Sent reply
[92mINFO [0m:      
[92mINFO [0m:      Received: evaluate message d4a585d5-2b08-4193-9f9c-66a60ba986e8
[92mINFO [0m:      Sent reply
[92mINFO [0m:      
[92mINFO [0m:      Received: train message 309cb6a6-d56b-4c6b-aacf-adb52ce99dd6
[92mINFO [0m:      Sent reply
[92mINFO [0m:      
[92mINFO [0m:      Received: evaluate message 3aa2cb55-77b5-4497-8246-878e22534162
[92mINFO [0m:      Sent reply
[92mINFO [0m:      
[92mINFO [0m:      Received: train message 8a4e667c-b220-4056-82b1-2394df83521c
[92mINFO [0m:      Sent reply
[92mINFO [0m:      
[92mINFO [0m:      Received: evaluate message 629f75f7-022a-4003-804a-9dd797a08203
[92mINFO [0m:      Sent reply
[92mINFO [0m:      
[92mINFO [0m:      Received: train message 95f5088d-089f-45ad-af62-b3425efce15e
[92mINFO [0m:      Sent reply
[92mINFO [0m:      
[92mINFO [0m:      Received: evaluate message db5501b4-938e-4252-ba7b-0f06d802f968
[92mINFO [0m:      Sent reply
[92mINFO [0m:      
[92mINFO [0m:      Received: train message e270ce24-6cba-4ac9-83f0-c53b83099153
[92mINFO [0m:      Sent reply
[92mINFO [0m:      
[92mINFO [0m:      Received: evaluate message 24a0c2c1-92a7-486e-b4a1-4a2dfaffac00
[92mINFO [0m:      Sent reply
[92mINFO [0m:      
[92mINFO [0m:      Received: train message aca7515e-0587-4935-9155-421caddb8e92
[92mINFO [0m:      Sent reply
[92mINFO [0m:      
[92mINFO [0m:      Received: evaluate message 919094f4-f853-46ce-be47-6d1089b8f064
[92mINFO [0m:      Sent reply
[92mINFO [0m:      
[92mINFO [0m:      Received: train message 0ed1624f-842d-4329-bf4c-11b3e2dcc002
[92mINFO [0m:      Sent reply
[92mINFO [0m:      
[92mINFO [0m:      Received: evaluate message a5df8918-00cb-41fa-90ce-f9beb8589fdf
[92mINFO [0m:      Sent reply
[92mINFO [0m:      
[92mINFO [0m:      Received: train message 05d3db0b-c644-4400-a5a6-cf4927c35d56
[92mINFO [0m:      Sent reply
[92mINFO [0m:      
[92mINFO [0m:      Received: evaluate message b326ecf6-97d8-4396-9373-4b54b16d80b4
[92mINFO [0m:      Sent reply
[92mINFO [0m:      
[92mINFO [0m:      Received: train message 6923190f-ae11-439f-8074-babdc307cd13
[92mINFO [0m:      Sent reply
[92mINFO [0m:      
[92mINFO [0m:      Received: evaluate message f8a74b90-946c-46bd-a4dc-a71f0bfbeee2
[92mINFO [0m:      Sent reply
[92mINFO [0m:      
[92mINFO [0m:      Received: train message 76c8d5e4-7459-490c-b730-1e1bd14dfbe1
[92mINFO [0m:      Sent reply
[92mINFO [0m:      
[92mINFO [0m:      Received: evaluate message 9cf849ab-7e85-4a38-9526-906ab63840fb
[92mINFO [0m:      Sent reply
[92mINFO [0m:      
[92mINFO [0m:      Received: train message f465f90e-e222-4c5b-bfd6-170fe00b8b19
[92mINFO [0m:      Sent reply
[92mINFO [0m:      
[92mINFO [0m:      Received: evaluate message ebfbcc19-2776-462a-b12a-48d503c3acba
[92mINFO [0m:      Sent reply
[92mINFO [0m:      
[92mINFO [0m:      Received: train message e1ef9611-d6c5-4457-9715-8a5fc580ee71
[92mINFO [0m:      Sent reply
[92mINFO [0m:      
[92mINFO [0m:      Received: evaluate message 379172fa-5077-4759-8f19-217b251cba10
[92mINFO [0m:      Sent reply
[92mINFO [0m:      
[92mINFO [0m:      Received: train message e9a80009-e3d7-48c7-b4f1-d18448aa4450
[92mINFO [0m:      Sent reply
[92mINFO [0m:      
[92mINFO [0m:      Received: evaluate message dea4af91-747d-4a16-a283-c146b9fdbfec
[92mINFO [0m:      Sent reply
[92mINFO [0m:      
[92mINFO [0m:      Received: train message c11ffc99-678d-4a94-a142-c7437e69032f
[92mINFO [0m:      Sent reply
[92mINFO [0m:      
[92mINFO [0m:      Received: evaluate message e2166930-49bb-4cc2-bf8a-f05b6c764d33
[92mINFO [0m:      Sent reply
[92mINFO [0m:      
[92mINFO [0m:      Received: train message 4d68b350-c469-42cf-ad1d-9070322a4d41
[92mINFO [0m:      Sent reply
[92mINFO [0m:      
[92mINFO [0m:      Received: evaluate message 8a7fe988-b4c8-4eea-8fe6-e70b07386c9a
[92mINFO [0m:      Sent reply
[92mINFO [0m:      
[92mINFO [0m:      Received: train message d64ed7ca-fa03-4091-a993-30796bd5b657
[92mINFO [0m:      Sent reply
[92mINFO [0m:      
[92mINFO [0m:      Received: evaluate message a6655020-d5ee-4f44-af5a-defdd06b7a94
[92mINFO [0m:      Sent reply
[92mINFO [0m:      
[92mINFO [0m:      Received: train message 0a013ea4-7dae-4adb-bb79-b1becce01664
[92mINFO [0m:      Sent reply
[92mINFO [0m:      
[92mINFO [0m:      Received: evaluate message 5832fb9b-7c7c-4f79-8849-ef3726dcf067
[92mINFO [0m:      Sent reply
[92mINFO [0m:      
[92mINFO [0m:      Received: train message fee56052-18e9-4094-9bb6-c580141a6f32
[92mINFO [0m:      Sent reply
[92mINFO [0m:      
[92mINFO [0m:      Received: evaluate message 0df1c221-b6c9-4d33-a9d3-9ab20cd70137
[92mINFO [0m:      Sent reply
[92mINFO [0m:      
[92mINFO [0m:      Received: train message 46f55881-1f47-4002-9bec-a77b0e7fac09
[92mINFO [0m:      Sent reply
[92mINFO [0m:      
[92mINFO [0m:      Received: evaluate message 9cff002e-e7ab-449e-bf0e-b7b5fa9e9bbe
[92mINFO [0m:      Sent reply
[92mINFO [0m:      
[92mINFO [0m:      Received: train message e1513ec6-4745-4475-8cbf-3a5b7284a26d
[92mINFO [0m:      Sent reply
[92mINFO [0m:      
[92mINFO [0m:      Received: evaluate message d400f5c3-bac7-4989-9707-1ff2baa87975
[92mINFO [0m:      Sent reply
[92mINFO [0m:      
[92mINFO [0m:      Received: train message 5cbadbfb-1465-40df-b4cf-0e74714bc95d
[92mINFO [0m:      Sent reply
[92mINFO [0m:      
[92mINFO [0m:      Received: evaluate message 2345e38f-9a4e-4ebe-bec7-7029e1169b38
[92mINFO [0m:      Sent reply
[92mINFO [0m:      
[92mINFO [0m:      Received: train message a50ec09f-7290-43d6-b342-0deb341e6176
[92mINFO [0m:      Sent reply
[92mINFO [0m:      
[92mINFO [0m:      Received: evaluate message 05e76983-b335-4d3a-893c-fba5c3ef5fe4
[92mINFO [0m:      Sent reply
[92mINFO [0m:      
[92mINFO [0m:      Received: train message af258edd-87e4-4c2b-aff1-8a97a002a665
[92mINFO [0m:      Sent reply
[92mINFO [0m:      
[92mINFO [0m:      Received: evaluate message 3dd65ab2-a242-4420-8b88-9c4682118325
[92mINFO [0m:      Sent reply
[92mINFO [0m:      
[92mINFO [0m:      Received: train message 74c3968d-8d08-408c-9cc3-5b53a0c7bb92
[92mINFO [0m:      Sent reply
[92mINFO [0m:      
[92mINFO [0m:      Received: evaluate message 6d943c23-b4a0-47e4-b5f5-bac1e2a6978b
[92mINFO [0m:      Sent reply
[92mINFO [0m:      
[92mINFO [0m:      Received: reconnect message 821f4cdc-77e2-408d-b82f-9fc907e105e2
[92mINFO [0m:      Disconnect and shut down
