[93mWARNING [0m:   DEPRECATED FEATURE: flwr.client.start_client() is deprecated.
	Instead, use the `flower-supernode` CLI command to start a SuperNode as shown below:

		$ flower-supernode --insecure --superlink='<IP>:<PORT>'

	To view all available options, run:

		$ flower-supernode --help

	Using `start_client()` is deprecated.

            This is a deprecated feature. It will be removed
            entirely in future versions of Flower.
        
[92mINFO [0m:      
[92mINFO [0m:      Received: train message cb76add4-b332-4535-8897-357a0039bc84
[92mINFO [0m:      Sent reply
[92mINFO [0m:      
[92mINFO [0m:      Received: evaluate message f7013f9e-0f3e-4df8-85c3-1aa40404a441
[92mINFO [0m:      Sent reply
[92mINFO [0m:      
[92mINFO [0m:      Received: train message 2e085bc8-848f-4354-91ce-88756c72fbb8
[92mINFO [0m:      Sent reply
[92mINFO [0m:      
[92mINFO [0m:      Received: evaluate message 663b225c-79d8-4bd8-8ee1-54e6892dad2d
[92mINFO [0m:      Sent reply
[92mINFO [0m:      
[92mINFO [0m:      Received: train message 1ad3a506-4a84-4c66-a434-7c98371a46f7
[92mINFO [0m:      Sent reply
[92mINFO [0m:      
[92mINFO [0m:      Received: evaluate message 610fd3f2-86ec-4cd3-8d98-e74430234757
[92mINFO [0m:      Sent reply
[92mINFO [0m:      
[92mINFO [0m:      Received: train message 70ccdd1f-c950-4fdd-ab04-3d92c1d6509c
[92mINFO [0m:      Sent reply
[92mINFO [0m:      
[92mINFO [0m:      Received: evaluate message af4557ca-cfd3-400b-98e6-f93b38749e2b
[92mINFO [0m:      Sent reply
[92mINFO [0m:      
[92mINFO [0m:      Received: train message cf66e829-05a4-408c-bb2d-fd65e6660f03
[92mINFO [0m:      Sent reply
[92mINFO [0m:      
[92mINFO [0m:      Received: evaluate message aa066da5-f939-4da9-ae22-b57abda506de
[92mINFO [0m:      Sent reply
[92mINFO [0m:      
[92mINFO [0m:      Received: train message 7f4dc6c3-4ec7-4880-b4e4-6c1baaf61ada
[92mINFO [0m:      Sent reply
[92mINFO [0m:      
[92mINFO [0m:      Received: evaluate message 2ea06120-2e92-4950-bb3e-c190f8e38fa7
[92mINFO [0m:      Sent reply
[92mINFO [0m:      
[92mINFO [0m:      Received: train message 4ec52350-1f1d-4130-8076-4dac21b74b76
[92mINFO [0m:      Sent reply
[92mINFO [0m:      
[92mINFO [0m:      Received: evaluate message 448d2c44-e5af-4e72-bb59-775b6ba0581f
[92mINFO [0m:      Sent reply
[92mINFO [0m:      
[92mINFO [0m:      Received: train message 6843e232-06be-4535-9585-ec9ea090fe22
[92mINFO [0m:      Sent reply
[92mINFO [0m:      
[92mINFO [0m:      Received: evaluate message ece59b6a-a90f-4454-b11f-73a24907a6b4
[92mINFO [0m:      Sent reply
[92mINFO [0m:      
[92mINFO [0m:      Received: train message 9f2b0bbd-26d9-4f40-9cf2-b15dac3d84e4
[92mINFO [0m:      Sent reply
[92mINFO [0m:      
[92mINFO [0m:      Received: evaluate message b61fc4e1-9e25-4110-bb45-8a5a8708d1db
[92mINFO [0m:      Sent reply
[92mINFO [0m:      
[92mINFO [0m:      Received: train message 30f0b254-6659-4285-96e2-d3e9d5bcd1bd
[92mINFO [0m:      Sent reply
[92mINFO [0m:      
[92mINFO [0m:      Received: evaluate message e4ef1cb7-6ce7-4a94-b384-2631324bd430
[92mINFO [0m:      Sent reply
[92mINFO [0m:      
[92mINFO [0m:      Received: train message f7fc7abc-7d91-4630-9270-96a0bc7a4e2c
[92mINFO [0m:      Sent reply
[92mINFO [0m:      
[92mINFO [0m:      Received: evaluate message 071f67f2-57c2-42bd-b6b9-5003ae88e075
[92mINFO [0m:      Sent reply
[92mINFO [0m:      
[92mINFO [0m:      Received: train message b59f90c6-34b7-4b8e-b4a0-57f5c210c8c7
[92mINFO [0m:      Sent reply
[92mINFO [0m:      
[92mINFO [0m:      Received: evaluate message 15bfc8bb-0b67-416b-ac60-92e3ed7fdae9
[92mINFO [0m:      Sent reply
[92mINFO [0m:      
[92mINFO [0m:      Received: train message ea7683a1-99a3-4b3b-a885-6a42c0600044
[92mINFO [0m:      Sent reply
[92mINFO [0m:      
[92mINFO [0m:      Received: evaluate message 94b5c7d4-cc96-46f6-9cd4-a6089099e431
[92mINFO [0m:      Sent reply
[92mINFO [0m:      
[92mINFO [0m:      Received: train message fa676ae5-2273-4ff0-90f2-076883aec005
[92mINFO [0m:      Sent reply
[92mINFO [0m:      
[92mINFO [0m:      Received: evaluate message 56652227-4713-4241-ae16-e2e089ff0b50
[92mINFO [0m:      Sent reply
[92mINFO [0m:      
[92mINFO [0m:      Received: train message 9cce6772-7703-4241-8f7e-c0b705dfef20
[92mINFO [0m:      Sent reply
[92mINFO [0m:      
[92mINFO [0m:      Received: evaluate message 36f41c74-7284-4161-a164-8caff2a96e57
[92mINFO [0m:      Sent reply
[92mINFO [0m:      
[92mINFO [0m:      Received: train message c0bbcd39-6091-4ddc-9b7a-60c3cefc7bf3
[92mINFO [0m:      Sent reply
[92mINFO [0m:      
[92mINFO [0m:      Received: evaluate message 776c612e-4c41-4ac2-805c-614436d847d9
[92mINFO [0m:      Sent reply
[92mINFO [0m:      
[92mINFO [0m:      Received: train message fbaf2f5d-525a-4f10-bca0-3bff7e2c660f
[92mINFO [0m:      Sent reply
[92mINFO [0m:      
[92mINFO [0m:      Received: evaluate message 41b1befc-e080-4c7c-8bc2-2a781cf0bae6
[92mINFO [0m:      Sent reply
[92mINFO [0m:      
[92mINFO [0m:      Received: train message 1e2528f9-d090-43c1-9d55-d13c131ffa26
[92mINFO [0m:      Sent reply
[92mINFO [0m:      
[92mINFO [0m:      Received: evaluate message 57eeeac2-67aa-4ddf-8bf6-073258a159bf
[92mINFO [0m:      Sent reply
[92mINFO [0m:      
[92mINFO [0m:      Received: train message 10daf718-9777-4c16-bab0-68ade209e6de
[92mINFO [0m:      Sent reply
[92mINFO [0m:      
[92mINFO [0m:      Received: evaluate message 00fb5fd6-2df8-458c-a92c-4a7e2cf1dcc0
[92mINFO [0m:      Sent reply
[92mINFO [0m:      
[92mINFO [0m:      Received: train message 6875e221-8571-4bfa-83e3-d3fdaff54da9
[92mINFO [0m:      Sent reply
[92mINFO [0m:      
[92mINFO [0m:      Received: evaluate message 10b07a2e-684b-4574-baf4-a828bacd2d9d
[92mINFO [0m:      Sent reply
[92mINFO [0m:      
[92mINFO [0m:      Received: train message 899ba63b-4ab0-4fe2-a194-0b9f8286a734
[92mINFO [0m:      Sent reply
[92mINFO [0m:      
[92mINFO [0m:      Received: evaluate message 7665fc34-339b-47aa-b19a-5d3622a65186
[92mINFO [0m:      Sent reply
[92mINFO [0m:      
[92mINFO [0m:      Received: train message fe0ecc13-9db2-4ab4-ae7f-86ae0aa24ebc
[92mINFO [0m:      Sent reply
[92mINFO [0m:      
[92mINFO [0m:      Received: evaluate message 5007c077-79b1-45a1-9f61-eef19f36012a
[92mINFO [0m:      Sent reply
[92mINFO [0m:      
[92mINFO [0m:      Received: train message f3297d69-88f6-4d53-9895-4259fd797509
[92mINFO [0m:      Sent reply
[92mINFO [0m:      
[92mINFO [0m:      Received: evaluate message 9585feb1-1235-46f0-9af8-87a0a273ecb5
[92mINFO [0m:      Sent reply
[92mINFO [0m:      
[92mINFO [0m:      Received: train message 3b150609-8cc5-4b2f-8895-5ad82702ccc6
[92mINFO [0m:      Sent reply
[92mINFO [0m:      
[92mINFO [0m:      Received: evaluate message 53db39ab-1e6d-4a76-bdcb-93562bbf6d2e
[92mINFO [0m:      Sent reply
[92mINFO [0m:      
[92mINFO [0m:      Received: train message 748f434e-701a-4177-988a-a4549cb40360
[92mINFO [0m:      Sent reply
[92mINFO [0m:      
[92mINFO [0m:      Received: evaluate message 3861505b-d093-4a5e-b8a8-7eeeffc4586b
[92mINFO [0m:      Sent reply
[92mINFO [0m:      
[92mINFO [0m:      Received: train message 661902bf-f744-4820-a00b-578713f30d09
[92mINFO [0m:      Sent reply
[92mINFO [0m:      
[92mINFO [0m:      Received: evaluate message 1388a076-5dd6-4ee4-9f78-3fa1ad2e846f
[92mINFO [0m:      Sent reply
[92mINFO [0m:      
[92mINFO [0m:      Received: train message 25b7fdd4-b8aa-4eb0-b62e-26204fd40749
[92mINFO [0m:      Sent reply
[92mINFO [0m:      
[92mINFO [0m:      Received: evaluate message 6d370095-6695-410b-b493-ac9cc64f2377
[92mINFO [0m:      Sent reply
[92mINFO [0m:      
[92mINFO [0m:      Received: train message f6307a98-d563-46da-8c60-b9a8544c6ff1
[92mINFO [0m:      Sent reply
[92mINFO [0m:      
[92mINFO [0m:      Received: evaluate message 0ded3bc2-dd97-47dc-b7d7-c85a00b990f1
[92mINFO [0m:      Sent reply
[92mINFO [0m:      
[92mINFO [0m:      Received: train message 11f7d076-2134-4d98-acf5-f309a0f9311e
[92mINFO [0m:      Sent reply
[92mINFO [0m:      
[92mINFO [0m:      Received: evaluate message 83ece2b3-30b9-4269-9343-a6655dbb7838
[92mINFO [0m:      Sent reply
[92mINFO [0m:      
[92mINFO [0m:      Received: train message 88063ca8-9c65-4522-b94b-4b3410d3d177
[92mINFO [0m:      Sent reply
[92mINFO [0m:      
[92mINFO [0m:      Received: evaluate message b62f8334-2e4f-4f2a-a49e-c502e9fe4b35
[92mINFO [0m:      Sent reply
[92mINFO [0m:      
[92mINFO [0m:      Received: train message 89a0b724-3025-4bd2-af4a-d2931baf0cbd
[92mINFO [0m:      Sent reply
[92mINFO [0m:      
[92mINFO [0m:      Received: evaluate message 3f7d70c5-ee02-43cb-a36f-2061b5730aa7
[92mINFO [0m:      Sent reply
[92mINFO [0m:      
[92mINFO [0m:      Received: train message 98164176-8866-4ebf-9298-34e19f3bdbad
[92mINFO [0m:      Sent reply
[92mINFO [0m:      
[92mINFO [0m:      Received: evaluate message 95d22f6a-437f-4762-8fe7-b52cea728088
[92mINFO [0m:      Sent reply
[92mINFO [0m:      
[92mINFO [0m:      Received: train message e000b1e4-6e57-4f7c-b971-1516291040d4
[92mINFO [0m:      Sent reply
[92mINFO [0m:      
[92mINFO [0m:      Received: evaluate message 39694c29-ded2-4485-a8f4-41e6ccf21d4e
[92mINFO [0m:      Sent reply
[92mINFO [0m:      
[92mINFO [0m:      Received: train message deed16bc-f22b-4576-8376-37688334e0f8
[92mINFO [0m:      Sent reply
[92mINFO [0m:      
[92mINFO [0m:      Received: evaluate message 6ca0b847-05b9-425e-bd12-e11cef474cd6
[92mINFO [0m:      Sent reply
[92mINFO [0m:      
[92mINFO [0m:      Received: train message 72f4bef4-073f-46cf-9146-83df9fe8e956
[92mINFO [0m:      Sent reply
[92mINFO [0m:      
[92mINFO [0m:      Received: evaluate message b6d3810b-6cad-479c-ab94-80f9e3bcd6c9
[92mINFO [0m:      Sent reply
[92mINFO [0m:      
[92mINFO [0m:      Received: train message acb02f08-5b8e-4372-b98b-0efe905d0e79
[92mINFO [0m:      Sent reply
[92mINFO [0m:      
[92mINFO [0m:      Received: evaluate message 3714c033-4a7e-456c-8e0e-323f34970798
[92mINFO [0m:      Sent reply
[92mINFO [0m:      
[92mINFO [0m:      Received: train message fe71347d-307d-417b-b49e-56e4d24aeb11
[92mINFO [0m:      Sent reply
[92mINFO [0m:      
[92mINFO [0m:      Received: evaluate message 9f2d1d43-3b14-4f9e-8c42-aa2674b658de
[92mINFO [0m:      Sent reply
[92mINFO [0m:      
[92mINFO [0m:      Received: train message cdf683a4-488b-40fe-941c-07fb74cbc501
[92mINFO [0m:      Sent reply
[92mINFO [0m:      
[92mINFO [0m:      Received: evaluate message f5867fb0-d24c-4898-9d66-50292ccdc873
[92mINFO [0m:      Sent reply
[92mINFO [0m:      
[92mINFO [0m:      Received: train message c8bcb22e-f945-49e4-b998-a8611512589c
[92mINFO [0m:      Sent reply
[92mINFO [0m:      
[92mINFO [0m:      Received: evaluate message 71e15fc2-6456-4f96-9e4a-4403721d8bde
[92mINFO [0m:      Sent reply
[92mINFO [0m:      
[92mINFO [0m:      Received: train message 504729ad-7adc-4db1-9030-56cd40d3d6c0
[92mINFO [0m:      Sent reply
[92mINFO [0m:      
[92mINFO [0m:      Received: evaluate message c0e34180-15a3-44af-8fc7-d88d86fb1b0b
[92mINFO [0m:      Sent reply
[92mINFO [0m:      
[92mINFO [0m:      Received: train message 50a4aadf-f384-4af4-bccc-6f881e94db60
[92mINFO [0m:      Sent reply
[92mINFO [0m:      
[92mINFO [0m:      Received: evaluate message 61982d3a-f9ef-4d2f-9f80-051b21e0ea6f
[92mINFO [0m:      Sent reply
[92mINFO [0m:      
[92mINFO [0m:      Received: train message 462874f7-ebd0-4d2b-b418-be00ceb77288
[92mINFO [0m:      Sent reply
[92mINFO [0m:      
[92mINFO [0m:      Received: evaluate message ac9df6fa-c891-413b-a2f1-b822fa25e94a
[92mINFO [0m:      Sent reply
[92mINFO [0m:      
[92mINFO [0m:      Received: train message a0601b97-c1e2-403f-a53d-5fc9fc55676b
[92mINFO [0m:      Sent reply
[92mINFO [0m:      
[92mINFO [0m:      Received: evaluate message 6009a01b-4b28-4783-b714-771a4cd98af3
[92mINFO [0m:      Sent reply
[92mINFO [0m:      
[92mINFO [0m:      Received: train message 86df6bd0-3eea-4ba4-a213-fc31d231ebf0
[92mINFO [0m:      Sent reply
[92mINFO [0m:      
[92mINFO [0m:      Received: evaluate message 09463b2f-e756-4a72-a66f-6724f580c9b1
[92mINFO [0m:      Sent reply
[92mINFO [0m:      
[92mINFO [0m:      Received: train message 9725bc75-0bae-4f5d-a152-0c247088155a
[92mINFO [0m:      Sent reply
[92mINFO [0m:      
[92mINFO [0m:      Received: evaluate message e88af6f1-a5f8-4589-9b87-9c2b4c468d17
[92mINFO [0m:      Sent reply
[92mINFO [0m:      
[92mINFO [0m:      Received: train message 993b5e25-2311-4848-b449-ac41365501eb
[92mINFO [0m:      Sent reply
[92mINFO [0m:      
[92mINFO [0m:      Received: evaluate message 0ec7f1ab-380f-48d1-9e44-044285dd9240
[92mINFO [0m:      Sent reply
[92mINFO [0m:      
[92mINFO [0m:      Received: train message 81ecc637-4539-4b3a-923b-db0af987eb97
[92mINFO [0m:      Sent reply
[92mINFO [0m:      
[92mINFO [0m:      Received: evaluate message bfbbe595-d830-4c03-9353-498d7bf3ce7c
[92mINFO [0m:      Sent reply
[92mINFO [0m:      
[92mINFO [0m:      Received: train message 631b8a16-47a9-4b24-a15e-146e6a89a0a4
[92mINFO [0m:      Sent reply
[92mINFO [0m:      
[92mINFO [0m:      Received: evaluate message 20b8876e-2427-4eb9-8a32-71405b0acccc
[92mINFO [0m:      Sent reply
[92mINFO [0m:      
[92mINFO [0m:      Received: train message 225b50b6-6d17-4315-a798-582d29095d09
[92mINFO [0m:      Sent reply
[92mINFO [0m:      
[92mINFO [0m:      Received: evaluate message 860288f1-cd62-410b-85fc-28db1a6a829b
[92mINFO [0m:      Sent reply
[92mINFO [0m:      
[92mINFO [0m:      Received: train message e1699623-105c-44b1-ab69-76b04d3a18cf
[92mINFO [0m:      Sent reply
[92mINFO [0m:      
[92mINFO [0m:      Received: evaluate message 7ec56f4a-d230-40b4-9e65-32f5222e58ab
[92mINFO [0m:      Sent reply
[92mINFO [0m:      
[92mINFO [0m:      Received: reconnect message 90c60e13-74e5-46e9-a2a4-c3458242f8a4
[92mINFO [0m:      Disconnect and shut down
