[93mWARNING [0m:   DEPRECATED FEATURE: flwr.client.start_client() is deprecated.
	Instead, use the `flower-supernode` CLI command to start a SuperNode as shown below:

		$ flower-supernode --insecure --superlink='<IP>:<PORT>'

	To view all available options, run:

		$ flower-supernode --help

	Using `start_client()` is deprecated.

            This is a deprecated feature. It will be removed
            entirely in future versions of Flower.
        
[92mINFO [0m:      
[92mINFO [0m:      Received: train message 797ef107-db91-4ffa-8678-e6fc0cac71c6
Data poisoning
Data poisoned successfully
[92mINFO [0m:      Sent reply
[92mINFO [0m:      
[92mINFO [0m:      Received: evaluate message 96c2aca2-c82d-4b55-b628-6c5c7235e995
[92mINFO [0m:      Sent reply
[92mINFO [0m:      
[92mINFO [0m:      Received: train message 5c1802f0-bcdd-4a25-b360-19dd41d7a747
Data poisoning
Data poisoned successfully
[92mINFO [0m:      Sent reply
[92mINFO [0m:      
[92mINFO [0m:      Received: evaluate message 9e8a201d-b9d2-4edf-b811-5cc855909e1e
[92mINFO [0m:      Sent reply
[92mINFO [0m:      
[92mINFO [0m:      Received: train message 30d2ef8f-7505-4723-bdfb-6de12f150e26
Data poisoning
Data poisoned successfully
[92mINFO [0m:      Sent reply
[92mINFO [0m:      
[92mINFO [0m:      Received: evaluate message c2c56eae-2ae3-43c2-a3c3-702fa0161bf8
[92mINFO [0m:      Sent reply
[92mINFO [0m:      
[92mINFO [0m:      Received: train message 233537ce-c2c0-41fd-b006-3b33cd47b469
Data poisoning
Data poisoned successfully
[92mINFO [0m:      Sent reply
[92mINFO [0m:      
[92mINFO [0m:      Received: evaluate message 0bd26f10-5a95-4907-8f13-7e116336f4da
[92mINFO [0m:      Sent reply
[92mINFO [0m:      
[92mINFO [0m:      Received: train message 8faf1fbf-aaaf-4137-a901-4623918ef6b4
Data poisoning
Data poisoned successfully
[92mINFO [0m:      Sent reply
[92mINFO [0m:      
[92mINFO [0m:      Received: evaluate message 79fb68b5-b50e-4411-9dea-0d7f8326e06a
[92mINFO [0m:      Sent reply
[92mINFO [0m:      
[92mINFO [0m:      Received: train message 9e96bebe-cad4-4903-85a4-572646ce133a
Data poisoning
Data poisoned successfully
[92mINFO [0m:      Sent reply
[92mINFO [0m:      
[92mINFO [0m:      Received: evaluate message 8773411c-55af-4623-951e-e67c654ea6aa
[92mINFO [0m:      Sent reply
[92mINFO [0m:      
[92mINFO [0m:      Received: train message a3623c43-dc61-4b9b-9e67-3c5ab2eb1590
Data poisoning
Data poisoned successfully
[92mINFO [0m:      Sent reply
[92mINFO [0m:      
[92mINFO [0m:      Received: evaluate message 088cfeef-7b7a-4a32-9635-bf1f20da6a5c
[92mINFO [0m:      Sent reply
[92mINFO [0m:      
[92mINFO [0m:      Received: train message c2711326-0999-4c8e-b3ff-d29111f69b59
Data poisoning
Data poisoned successfully
[92mINFO [0m:      Sent reply
[92mINFO [0m:      
[92mINFO [0m:      Received: evaluate message 7b426880-d573-4be6-990d-3f02df8ba133
[92mINFO [0m:      Sent reply
[92mINFO [0m:      
[92mINFO [0m:      Received: train message 9941c3e3-0682-4b88-8a48-fe060efdb7c7
Data poisoning
Data poisoned successfully
[92mINFO [0m:      Sent reply
[92mINFO [0m:      
[92mINFO [0m:      Received: evaluate message 021d9cd2-ce0b-4af8-a0ae-3fa2b06ad851
[92mINFO [0m:      Sent reply
[92mINFO [0m:      
[92mINFO [0m:      Received: train message 0f4fc0cb-59f2-4114-b7aa-d5a019105c86
Data poisoning
Data poisoned successfully
[92mINFO [0m:      Sent reply
[92mINFO [0m:      
[92mINFO [0m:      Received: evaluate message d5a84a44-4d8f-40c4-8256-e062e40ad99f
[92mINFO [0m:      Sent reply
[92mINFO [0m:      
[92mINFO [0m:      Received: train message 80cec6a1-1bfa-4d69-8a58-1db839cc0667
Data poisoning
Data poisoned successfully
[92mINFO [0m:      Sent reply
[92mINFO [0m:      
[92mINFO [0m:      Received: evaluate message 4215541b-a02d-42e3-bc03-0bb57c10f430
[92mINFO [0m:      Sent reply
[92mINFO [0m:      
[92mINFO [0m:      Received: train message efc85974-cfd3-483b-a084-3ddadfe46074
Data poisoning
Data poisoned successfully
[92mINFO [0m:      Sent reply
[92mINFO [0m:      
[92mINFO [0m:      Received: evaluate message 2150f32a-07e4-48ce-9434-f261107c3e76
[92mINFO [0m:      Sent reply
[92mINFO [0m:      
[92mINFO [0m:      Received: train message d5375295-711a-47c2-9f34-8bef911a8adb
Data poisoning
Data poisoned successfully
[92mINFO [0m:      Sent reply
[92mINFO [0m:      
[92mINFO [0m:      Received: evaluate message 10103355-cd91-46f5-ae27-781f9cdd4bbf
[92mINFO [0m:      Sent reply
[92mINFO [0m:      
[92mINFO [0m:      Received: train message ab3484f5-d63a-47db-a9fa-ec710c9cb5f4
Data poisoning
Data poisoned successfully
[92mINFO [0m:      Sent reply
[92mINFO [0m:      
[92mINFO [0m:      Received: evaluate message 68058760-cb80-4050-a923-588a26c5db9d
[92mINFO [0m:      Sent reply
[92mINFO [0m:      
[92mINFO [0m:      Received: train message e4124fbe-69ba-4219-abe0-9e9da0bd4a68
Data poisoning
Data poisoned successfully
[92mINFO [0m:      Sent reply
[92mINFO [0m:      
[92mINFO [0m:      Received: evaluate message 229a2522-4741-4aee-9002-bfdca675d2d2
[92mINFO [0m:      Sent reply
[92mINFO [0m:      
[92mINFO [0m:      Received: train message 15a7760b-b63a-4e18-bf21-cc1c0f9501f1
Data poisoning
Data poisoned successfully
[92mINFO [0m:      Sent reply
[92mINFO [0m:      
[92mINFO [0m:      Received: evaluate message 90c5a143-f6bd-4f15-a261-5385dfa09e0e
[92mINFO [0m:      Sent reply
[92mINFO [0m:      
[92mINFO [0m:      Received: train message f2270540-c3a6-4951-a88a-3a7a222df39c
Data poisoning
Data poisoned successfully
[92mINFO [0m:      Sent reply
[92mINFO [0m:      
[92mINFO [0m:      Received: evaluate message d93c4470-6aaa-4ef5-92da-073b56a96030
[92mINFO [0m:      Sent reply
[92mINFO [0m:      
[92mINFO [0m:      Received: train message 1001ea63-e14b-4cff-8c21-dbe79226c3a2
Data poisoning
Data poisoned successfully
[92mINFO [0m:      Sent reply
[92mINFO [0m:      
[92mINFO [0m:      Received: evaluate message 1f232a96-1f82-4200-bca7-ebda1ef3efb2
[92mINFO [0m:      Sent reply
[92mINFO [0m:      
[92mINFO [0m:      Received: train message b6fa337b-4dc9-42b7-9acf-e5ba6f62e3fe
Data poisoning
Data poisoned successfully
[92mINFO [0m:      Sent reply
[92mINFO [0m:      
[92mINFO [0m:      Received: evaluate message 4e32de7a-d1f5-4630-8a38-a54c29496f32
[92mINFO [0m:      Sent reply
[92mINFO [0m:      
[92mINFO [0m:      Received: train message 9d683dd3-2870-4f09-baa0-79d04644a8a9
Data poisoning
Data poisoned successfully
[92mINFO [0m:      Sent reply
[92mINFO [0m:      
[92mINFO [0m:      Received: evaluate message 277b1ab7-3aeb-4ddf-b4f3-ac1be61086c4
[92mINFO [0m:      Sent reply
[92mINFO [0m:      
[92mINFO [0m:      Received: train message d39dd6f5-30ed-4e3c-af64-cfea7664170a
Data poisoning
Data poisoned successfully
[92mINFO [0m:      Sent reply
[92mINFO [0m:      
[92mINFO [0m:      Received: evaluate message bdc6fffd-63c9-4103-b7fa-8d2d3556ddc8
[92mINFO [0m:      Sent reply
[92mINFO [0m:      
[92mINFO [0m:      Received: train message 67be93c7-d3a6-4f27-8c2c-fb61454719bf
Data poisoning
Data poisoned successfully
[92mINFO [0m:      Sent reply
[92mINFO [0m:      
[92mINFO [0m:      Received: evaluate message 8f587c91-19dc-4d43-8b9e-473d61130d26
[92mINFO [0m:      Sent reply
[92mINFO [0m:      
[92mINFO [0m:      Received: train message a596cdcd-13d2-4e9c-8378-577841e84de9
Data poisoning
Data poisoned successfully
[92mINFO [0m:      Sent reply
[92mINFO [0m:      
[92mINFO [0m:      Received: evaluate message 33cca41f-bb94-483b-b61c-cd1ebec751b5
[92mINFO [0m:      Sent reply
[92mINFO [0m:      
[92mINFO [0m:      Received: train message bbd14959-1a68-49c5-b151-46390c350202
Data poisoning
Data poisoned successfully
[92mINFO [0m:      Sent reply
[92mINFO [0m:      
[92mINFO [0m:      Received: evaluate message 6e581a97-362d-46a2-a350-81d6cdaae52d
[92mINFO [0m:      Sent reply
[92mINFO [0m:      
[92mINFO [0m:      Received: train message 97ded98d-57b8-4b1e-b2f4-5fe4bd93205b
Data poisoning
Data poisoned successfully
[92mINFO [0m:      Sent reply
[92mINFO [0m:      
[92mINFO [0m:      Received: evaluate message 41a1d1ec-1081-44ff-aed3-c27ea8dce16e
[92mINFO [0m:      Sent reply
[92mINFO [0m:      
[92mINFO [0m:      Received: train message 10341612-6a42-4868-9bf4-026190980d14
Data poisoning
Data poisoned successfully
[92mINFO [0m:      Sent reply
[92mINFO [0m:      
[92mINFO [0m:      Received: evaluate message caabeb27-40a3-4fe2-b0d1-d607df2ac42d
[92mINFO [0m:      Sent reply
[92mINFO [0m:      
[92mINFO [0m:      Received: train message f2051ec8-f424-458a-a2f5-c2d3859b8230
Data poisoning
Data poisoned successfully
[92mINFO [0m:      Sent reply
[92mINFO [0m:      
[92mINFO [0m:      Received: evaluate message 8192c18b-4a0a-4560-acd5-bd1940386f9e
[92mINFO [0m:      Sent reply
[92mINFO [0m:      
[92mINFO [0m:      Received: train message 190e2abd-65e1-4a0e-9bae-416d27f7c43d
Data poisoning
Data poisoned successfully
[92mINFO [0m:      Sent reply
[92mINFO [0m:      
[92mINFO [0m:      Received: evaluate message 9bc8fcd0-36ae-4b1a-9532-cde4627b1ce5
[92mINFO [0m:      Sent reply
[92mINFO [0m:      
[92mINFO [0m:      Received: train message 495a4bf1-52a4-4ded-82f3-6dee84980f48
Data poisoning
Data poisoned successfully
[92mINFO [0m:      Sent reply
[92mINFO [0m:      
[92mINFO [0m:      Received: evaluate message 2294a79a-7f64-40f1-81c4-c2bb49f9c1b8
[92mINFO [0m:      Sent reply
[92mINFO [0m:      
[92mINFO [0m:      Received: train message 293159e2-529e-40eb-9f36-5f3a8783af3e
Data poisoning
Data poisoned successfully
[92mINFO [0m:      Sent reply
[92mINFO [0m:      
[92mINFO [0m:      Received: evaluate message 68d3fd99-1a3e-49df-83c6-3c920d0b0382
[92mINFO [0m:      Sent reply
[92mINFO [0m:      
[92mINFO [0m:      Received: train message 7cac6490-649f-407b-8fd2-843a7063b141
Data poisoning
Data poisoned successfully
[92mINFO [0m:      Sent reply
[92mINFO [0m:      
[92mINFO [0m:      Received: evaluate message 6b6d9451-9aae-495a-b663-8459ec3091c0
[92mINFO [0m:      Sent reply
[92mINFO [0m:      
[92mINFO [0m:      Received: train message 7c791767-e14c-4d6f-aae6-3591bbfbd9c8
Data poisoning
Data poisoned successfully
[92mINFO [0m:      Sent reply
[92mINFO [0m:      
[92mINFO [0m:      Received: evaluate message 457f9648-b370-4428-b784-9848791cda25
[92mINFO [0m:      Sent reply
[92mINFO [0m:      
[92mINFO [0m:      Received: train message 3e6d9980-0c05-4674-a05d-50701a0c47ee
Data poisoning
Data poisoned successfully
[92mINFO [0m:      Sent reply
[92mINFO [0m:      
[92mINFO [0m:      Received: evaluate message e0faf5d2-471b-48c9-93ab-3e33bcb922f0
[92mINFO [0m:      Sent reply
[92mINFO [0m:      
[92mINFO [0m:      Received: train message 83d36785-e739-4d77-8a82-0cb7415fc4e2
Data poisoning
Data poisoned successfully
[92mINFO [0m:      Sent reply
[92mINFO [0m:      
[92mINFO [0m:      Received: evaluate message 5d1c9a45-0620-40b0-93e2-b7be6abec113
[92mINFO [0m:      Sent reply
[92mINFO [0m:      
[92mINFO [0m:      Received: train message b8f515b3-85dc-444e-8aff-79e252a17332
Data poisoning
Data poisoned successfully
[92mINFO [0m:      Sent reply
[92mINFO [0m:      
[92mINFO [0m:      Received: evaluate message 39ba145a-5419-4aa7-b875-4d59ab051eba
[92mINFO [0m:      Sent reply
[92mINFO [0m:      
[92mINFO [0m:      Received: train message 8211eec2-594c-4e65-acb8-64fe46560ca4
Data poisoning
Data poisoned successfully
[92mINFO [0m:      Sent reply
[92mINFO [0m:      
[92mINFO [0m:      Received: evaluate message dbbc9287-6fbb-4f57-a427-bc7fdbb8a024
[92mINFO [0m:      Sent reply
[92mINFO [0m:      
[92mINFO [0m:      Received: train message cf77db0a-ffba-46c1-9a6f-4e62a324a57e
Data poisoning
Data poisoned successfully
[92mINFO [0m:      Sent reply
[92mINFO [0m:      
[92mINFO [0m:      Received: evaluate message 5c4375ab-c0e6-4dba-b6ff-0108eee5de3d
[92mINFO [0m:      Sent reply
[92mINFO [0m:      
[92mINFO [0m:      Received: train message 86cec791-9a46-4c1b-924f-6e200ca3605d
Data poisoning
Data poisoned successfully
[92mINFO [0m:      Sent reply
[92mINFO [0m:      
[92mINFO [0m:      Received: evaluate message 20a1c7c7-5d06-4c2b-981c-dc6f7a7de888
[92mINFO [0m:      Sent reply
[92mINFO [0m:      
[92mINFO [0m:      Received: train message 5395dffb-e8b2-4b59-a637-bebcf0495f09
Data poisoning
Data poisoned successfully
[92mINFO [0m:      Sent reply
[92mINFO [0m:      
[92mINFO [0m:      Received: evaluate message fa767ba0-4060-4752-92b2-23f7a1f8507e
[92mINFO [0m:      Sent reply
[92mINFO [0m:      
[92mINFO [0m:      Received: train message 3c29c7f5-3002-4ec4-9c7f-319a8c8dfdb3
Data poisoning
Data poisoned successfully
[92mINFO [0m:      Sent reply
[92mINFO [0m:      
[92mINFO [0m:      Received: evaluate message 8b35a78c-7d74-42ac-8a6f-bee86c2d976a
[92mINFO [0m:      Sent reply
[92mINFO [0m:      
[92mINFO [0m:      Received: train message c69b2762-8bc6-4412-b6a0-7225cd710bc3
Data poisoning
Data poisoned successfully
[92mINFO [0m:      Sent reply
[92mINFO [0m:      
[92mINFO [0m:      Received: evaluate message ee127cf4-8335-4816-913d-6594e54bc7c5
[92mINFO [0m:      Sent reply
[92mINFO [0m:      
[92mINFO [0m:      Received: train message 2de7db99-3956-4868-81fc-b560c9a131e7
Data poisoning
Data poisoned successfully
[92mINFO [0m:      Sent reply
[92mINFO [0m:      
[92mINFO [0m:      Received: evaluate message 3c3135c2-1219-4fcf-9284-936591e35c36
[92mINFO [0m:      Sent reply
[92mINFO [0m:      
[92mINFO [0m:      Received: train message 6ba4674c-cf20-42e7-9308-570f3bcbde50
Data poisoning
Data poisoned successfully
[92mINFO [0m:      Sent reply
[92mINFO [0m:      
[92mINFO [0m:      Received: evaluate message 231c19b9-fe93-47ce-9f40-6123efacfcbc
[92mINFO [0m:      Sent reply
[92mINFO [0m:      
[92mINFO [0m:      Received: train message f5ed0cc7-4a53-4ec3-9a14-df51761d904a
Data poisoning
Data poisoned successfully
[92mINFO [0m:      Sent reply
[92mINFO [0m:      
[92mINFO [0m:      Received: evaluate message f03a09fd-9c3a-4d27-b70a-2b37f38adb5f
[92mINFO [0m:      Sent reply
[92mINFO [0m:      
[92mINFO [0m:      Received: train message 83b6d100-9f3f-4335-97c2-ffa434e0c714
Data poisoning
Data poisoned successfully
[92mINFO [0m:      Sent reply
[92mINFO [0m:      
[92mINFO [0m:      Received: evaluate message d9382df3-45f6-4ad8-9ab2-845b296a8956
[92mINFO [0m:      Sent reply
[92mINFO [0m:      
[92mINFO [0m:      Received: train message 66eb3910-52d5-4fe4-aab9-7b5b02ee8d9b
Data poisoning
Data poisoned successfully
[92mINFO [0m:      Sent reply
[92mINFO [0m:      
[92mINFO [0m:      Received: evaluate message 5cfc5506-b21d-415a-93b9-0b8b6fe74135
[92mINFO [0m:      Sent reply
[92mINFO [0m:      
[92mINFO [0m:      Received: train message 9b83cef2-a661-43b8-8fe6-a41c9dc46043
Data poisoning
Data poisoned successfully
[92mINFO [0m:      Sent reply
[92mINFO [0m:      
[92mINFO [0m:      Received: evaluate message a53cf37d-8ba3-4857-b124-4e180e45d9c7
[92mINFO [0m:      Sent reply
[92mINFO [0m:      
[92mINFO [0m:      Received: train message 57a66cc1-f1d5-4e2c-a046-21ffa3090f9e
Data poisoning
Data poisoned successfully
[92mINFO [0m:      Sent reply
[92mINFO [0m:      
[92mINFO [0m:      Received: evaluate message 95d588a8-ec3b-4f67-b1b1-31c9e03d477e
[92mINFO [0m:      Sent reply
[92mINFO [0m:      
[92mINFO [0m:      Received: train message 75a0523b-b6ed-433c-a5d5-377ca0f5b163
Data poisoning
Data poisoned successfully
[92mINFO [0m:      Sent reply
[92mINFO [0m:      
[92mINFO [0m:      Received: evaluate message ef10e0b0-131b-433f-a8cc-ffa59b61866f
[92mINFO [0m:      Sent reply
[92mINFO [0m:      
[92mINFO [0m:      Received: train message 4bab4a44-581c-4c0b-8ff4-912d7b8720fe
Data poisoning
Data poisoned successfully
[92mINFO [0m:      Sent reply
[92mINFO [0m:      
[92mINFO [0m:      Received: evaluate message 4d2c4f76-9661-4fa7-8bf8-6b154cff103d
[92mINFO [0m:      Sent reply
[92mINFO [0m:      
[92mINFO [0m:      Received: reconnect message 0e63d5e2-4525-43f8-b0fc-c4ff20f79f2c
[92mINFO [0m:      Disconnect and shut down
