[93mWARNING [0m:   DEPRECATED FEATURE: flwr.client.start_client() is deprecated.
	Instead, use the `flower-supernode` CLI command to start a SuperNode as shown below:

		$ flower-supernode --insecure --superlink='<IP>:<PORT>'

	To view all available options, run:

		$ flower-supernode --help

	Using `start_client()` is deprecated.

            This is a deprecated feature. It will be removed
            entirely in future versions of Flower.
        
[92mINFO [0m:      
[92mINFO [0m:      Received: train message 695727eb-adbb-4821-9265-ea822e897371
Data poisoning
Data poisoned successfully
[92mINFO [0m:      Sent reply
[92mINFO [0m:      
[92mINFO [0m:      Received: evaluate message f3a65300-2734-4509-be23-c91cebee02fc
[92mINFO [0m:      Sent reply
[92mINFO [0m:      
[92mINFO [0m:      Received: train message f40f68ff-27bc-47a9-9537-e63b4f676efe
Data poisoning
Data poisoned successfully
[92mINFO [0m:      Sent reply
[92mINFO [0m:      
[92mINFO [0m:      Received: evaluate message 1414fc12-acaa-43fb-8529-d19849bf54c3
[92mINFO [0m:      Sent reply
[92mINFO [0m:      
[92mINFO [0m:      Received: train message f920d18a-ff95-42f5-a5b4-e49d6df43640
Data poisoning
Data poisoned successfully
[92mINFO [0m:      Sent reply
[92mINFO [0m:      
[92mINFO [0m:      Received: evaluate message 2c451510-e448-4e83-9bf3-a06b1cab560c
[92mINFO [0m:      Sent reply
[92mINFO [0m:      
[92mINFO [0m:      Received: train message cd557ecc-b17b-483e-aa02-12c3d8a631e0
Data poisoning
Data poisoned successfully
[92mINFO [0m:      Sent reply
[92mINFO [0m:      
[92mINFO [0m:      Received: evaluate message b17653a5-11a7-4d9d-8b8c-a34995392dc3
[92mINFO [0m:      Sent reply
[92mINFO [0m:      
[92mINFO [0m:      Received: train message 9f825c63-9671-4259-8556-bbae16891221
Data poisoning
Data poisoned successfully
[92mINFO [0m:      Sent reply
[92mINFO [0m:      
[92mINFO [0m:      Received: evaluate message 9a723309-a551-469d-93ae-4e831bc79c9a
[92mINFO [0m:      Sent reply
[92mINFO [0m:      
[92mINFO [0m:      Received: train message d55be70e-fed3-47d1-a0f4-48b05ae2c8ef
Data poisoning
Data poisoned successfully
[92mINFO [0m:      Sent reply
[92mINFO [0m:      
[92mINFO [0m:      Received: evaluate message 863c2d14-ab58-4b1b-b6a0-b5c3fd345ac1
[92mINFO [0m:      Sent reply
[92mINFO [0m:      
[92mINFO [0m:      Received: train message 28092e20-125a-49ba-b9d7-6e5e55eec559
Data poisoning
Data poisoned successfully
[92mINFO [0m:      Sent reply
[92mINFO [0m:      
[92mINFO [0m:      Received: evaluate message 7f00bfee-2caa-4295-92f1-e528391e6da8
[92mINFO [0m:      Sent reply
[92mINFO [0m:      
[92mINFO [0m:      Received: train message a650cd56-a58a-4bbe-853d-4dc6659f17dd
Data poisoning
Data poisoned successfully
[92mINFO [0m:      Sent reply
[92mINFO [0m:      
[92mINFO [0m:      Received: evaluate message 00cac8d2-5f4a-4567-bbbb-8919ddd47922
[92mINFO [0m:      Sent reply
[92mINFO [0m:      
[92mINFO [0m:      Received: train message a0dddf9b-dc5b-4aa1-8b69-d0c02feab014
Data poisoning
Data poisoned successfully
[92mINFO [0m:      Sent reply
[92mINFO [0m:      
[92mINFO [0m:      Received: evaluate message 760e26b7-7a69-4ee1-9c32-aec01feca938
[92mINFO [0m:      Sent reply
[92mINFO [0m:      
[92mINFO [0m:      Received: train message 1ca486bd-46ee-4dd6-841e-3f2bb667cfec
Data poisoning
Data poisoned successfully
[92mINFO [0m:      Sent reply
[92mINFO [0m:      
[92mINFO [0m:      Received: evaluate message 0b38c28e-55fa-47c4-bd24-89769dd340ab
[92mINFO [0m:      Sent reply
[92mINFO [0m:      
[92mINFO [0m:      Received: train message bee7ee9d-729c-4f7e-9f6c-cd6e44056a28
Data poisoning
Data poisoned successfully
[92mINFO [0m:      Sent reply
[92mINFO [0m:      
[92mINFO [0m:      Received: evaluate message 418a7c5a-f2fe-4d7d-a2cb-31413995ef3d
[92mINFO [0m:      Sent reply
[92mINFO [0m:      
[92mINFO [0m:      Received: train message b923bcba-c3e4-4c6a-9f17-c7a8b80201f6
Data poisoning
Data poisoned successfully
[92mINFO [0m:      Sent reply
[92mINFO [0m:      
[92mINFO [0m:      Received: evaluate message d623aed8-3945-4d76-b518-9434c167a401
[92mINFO [0m:      Sent reply
[92mINFO [0m:      
[92mINFO [0m:      Received: train message eed56604-6844-45b8-9256-68796e5edced
Data poisoning
Data poisoned successfully
[92mINFO [0m:      Sent reply
[92mINFO [0m:      
[92mINFO [0m:      Received: evaluate message ca5278db-d51f-4213-88f7-839f768e9255
[92mINFO [0m:      Sent reply
[92mINFO [0m:      
[92mINFO [0m:      Received: train message a8a9078c-d087-4ba0-a095-c3ba1c6b177d
Data poisoning
Data poisoned successfully
[92mINFO [0m:      Sent reply
[92mINFO [0m:      
[92mINFO [0m:      Received: evaluate message 25e2aaec-bf77-4595-85d5-726aafac43d1
[92mINFO [0m:      Sent reply
[92mINFO [0m:      
[92mINFO [0m:      Received: train message efcae2e7-6e00-452b-8b66-b82a4f1309d0
Data poisoning
Data poisoned successfully
[92mINFO [0m:      Sent reply
[92mINFO [0m:      
[92mINFO [0m:      Received: evaluate message c6c08d55-c0a4-40e1-8c71-ea8455177e03
[92mINFO [0m:      Sent reply
[92mINFO [0m:      
[92mINFO [0m:      Received: train message ab0c5c57-584c-4238-b66f-a3246d27e408
Data poisoning
Data poisoned successfully
[92mINFO [0m:      Sent reply
[92mINFO [0m:      
[92mINFO [0m:      Received: evaluate message a19f936d-deaf-4d42-99aa-0f18ed436533
[92mINFO [0m:      Sent reply
[92mINFO [0m:      
[92mINFO [0m:      Received: train message a70ed43a-aaf7-40f9-9abf-da19171adfc1
Data poisoning
Data poisoned successfully
[92mINFO [0m:      Sent reply
[92mINFO [0m:      
[92mINFO [0m:      Received: evaluate message a609c75f-f879-47a2-a2b7-edf998bcd708
[92mINFO [0m:      Sent reply
[92mINFO [0m:      
[92mINFO [0m:      Received: train message ddfcdfb7-25ba-447f-b65b-c56c1147132a
Data poisoning
Data poisoned successfully
[92mINFO [0m:      Sent reply
[92mINFO [0m:      
[92mINFO [0m:      Received: evaluate message e9cfdfae-9ae9-4fb8-bdc3-3f6b01df82a1
[92mINFO [0m:      Sent reply
[92mINFO [0m:      
[92mINFO [0m:      Received: train message 9e71aa02-5630-4b40-8868-971eca6e6873
Data poisoning
Data poisoned successfully
[92mINFO [0m:      Sent reply
[92mINFO [0m:      
[92mINFO [0m:      Received: evaluate message 73ca1a47-2270-41ed-ae70-8206ad6d0497
[92mINFO [0m:      Sent reply
[92mINFO [0m:      
[92mINFO [0m:      Received: train message eadc94b3-17f5-4f46-a068-5c2f2a66f44d
Data poisoning
Data poisoned successfully
[92mINFO [0m:      Sent reply
[92mINFO [0m:      
[92mINFO [0m:      Received: evaluate message 878a8307-4077-48ce-adef-72c18bf88de4
[92mINFO [0m:      Sent reply
[92mINFO [0m:      
[92mINFO [0m:      Received: train message 6d223c0e-85c4-49d8-b50e-e1fab1c24922
Data poisoning
Data poisoned successfully
[92mINFO [0m:      Sent reply
[92mINFO [0m:      
[92mINFO [0m:      Received: evaluate message 38b68879-9c23-4390-832c-8aff25e84b84
[92mINFO [0m:      Sent reply
[92mINFO [0m:      
[92mINFO [0m:      Received: train message 89088095-c7d2-42f2-adf0-0b67a75c59d0
Data poisoning
Data poisoned successfully
[92mINFO [0m:      Sent reply
[92mINFO [0m:      
[92mINFO [0m:      Received: evaluate message a6b2f550-447e-4b8f-9a14-4322b479d30a
[92mINFO [0m:      Sent reply
[92mINFO [0m:      
[92mINFO [0m:      Received: train message 1989ffcd-c3f0-4c28-b71b-ad15335e9759
Data poisoning
Data poisoned successfully
[92mINFO [0m:      Sent reply
[92mINFO [0m:      
[92mINFO [0m:      Received: evaluate message be6e56aa-d538-4c2f-8630-ec660bc64e9c
[92mINFO [0m:      Sent reply
[92mINFO [0m:      
[92mINFO [0m:      Received: train message 02674472-7902-4bc4-b736-fbe2a9d78cc8
Data poisoning
Data poisoned successfully
[92mINFO [0m:      Sent reply
[92mINFO [0m:      
[92mINFO [0m:      Received: evaluate message bdf02c40-777e-4eb7-b002-58e2ded2d4a5
[92mINFO [0m:      Sent reply
[92mINFO [0m:      
[92mINFO [0m:      Received: train message a2d89d12-bb66-4033-9de2-1a50d6d488cd
Data poisoning
Data poisoned successfully
[92mINFO [0m:      Sent reply
[92mINFO [0m:      
[92mINFO [0m:      Received: evaluate message a9033062-95fb-4333-9529-19ec4d62fd95
[92mINFO [0m:      Sent reply
[92mINFO [0m:      
[92mINFO [0m:      Received: train message 93c99aa0-efa3-4644-95a3-7817f5c8c9c3
Data poisoning
Data poisoned successfully
[92mINFO [0m:      Sent reply
[92mINFO [0m:      
[92mINFO [0m:      Received: evaluate message 1c72087e-721a-48eb-9c1f-afacabdb316f
[92mINFO [0m:      Sent reply
[92mINFO [0m:      
[92mINFO [0m:      Received: train message ffffb299-772d-4b2a-b75f-61e78b7f5c51
Data poisoning
Data poisoned successfully
[92mINFO [0m:      Sent reply
[92mINFO [0m:      
[92mINFO [0m:      Received: evaluate message b61bb449-a617-430d-ab25-bc78664929cf
[92mINFO [0m:      Sent reply
[92mINFO [0m:      
[92mINFO [0m:      Received: train message b9206a48-9d25-416b-942b-9e6c3edf19cc
Data poisoning
Data poisoned successfully
[92mINFO [0m:      Sent reply
[92mINFO [0m:      
[92mINFO [0m:      Received: evaluate message 6c797641-f759-4e7a-a3c5-1572c724982c
[92mINFO [0m:      Sent reply
[92mINFO [0m:      
[92mINFO [0m:      Received: train message 6ba32c70-7e79-4849-a935-ac4172b4cda0
Data poisoning
Data poisoned successfully
[92mINFO [0m:      Sent reply
[92mINFO [0m:      
[92mINFO [0m:      Received: evaluate message 19d869e7-011b-45ce-97b0-acbc8187f588
[92mINFO [0m:      Sent reply
[92mINFO [0m:      
[92mINFO [0m:      Received: train message bb545486-340a-49fa-af00-e4cde38bc86a
Data poisoning
Data poisoned successfully
[92mINFO [0m:      Sent reply
[92mINFO [0m:      
[92mINFO [0m:      Received: evaluate message c17405c1-3615-4c05-98d4-7f591eb6380f
[92mINFO [0m:      Sent reply
[92mINFO [0m:      
[92mINFO [0m:      Received: train message d789ada3-f463-45fa-8dea-cf566569bd9f
Data poisoning
Data poisoned successfully
[92mINFO [0m:      Sent reply
[92mINFO [0m:      
[92mINFO [0m:      Received: evaluate message 11cb93ed-acfe-4afc-94b3-d4ca7d1b2ed3
[92mINFO [0m:      Sent reply
[92mINFO [0m:      
[92mINFO [0m:      Received: train message 71074bd7-20e4-4679-9ffd-2cb115ce4d84
Data poisoning
Data poisoned successfully
[92mINFO [0m:      Sent reply
[92mINFO [0m:      
[92mINFO [0m:      Received: evaluate message 782ae482-1d8c-4ad8-ab01-8aa4cedc8ab0
[92mINFO [0m:      Sent reply
[92mINFO [0m:      
[92mINFO [0m:      Received: train message a027a3a1-791b-49ed-b88d-241296b4824d
Data poisoning
Data poisoned successfully
[92mINFO [0m:      Sent reply
[92mINFO [0m:      
[92mINFO [0m:      Received: evaluate message 52781d55-76eb-4c79-be4f-e3d2da8d46d8
[92mINFO [0m:      Sent reply
[92mINFO [0m:      
[92mINFO [0m:      Received: train message 1f927ec6-12ab-4831-b69a-8ff923b4667d
Data poisoning
Data poisoned successfully
[92mINFO [0m:      Sent reply
[92mINFO [0m:      
[92mINFO [0m:      Received: evaluate message 3ccc85cb-6b06-40c1-99c9-61d7ad7f7c44
[92mINFO [0m:      Sent reply
[92mINFO [0m:      
[92mINFO [0m:      Received: train message af60b7cd-e798-4b03-af84-1f66da7ca66e
Data poisoning
Data poisoned successfully
[92mINFO [0m:      Sent reply
[92mINFO [0m:      
[92mINFO [0m:      Received: evaluate message f56869c9-c73c-4176-8071-54c0b2eaa1dd
[92mINFO [0m:      Sent reply
[92mINFO [0m:      
[92mINFO [0m:      Received: train message 93a89e21-2be5-4851-9d54-0b222c927e52
Data poisoning
Data poisoned successfully
[92mINFO [0m:      Sent reply
[92mINFO [0m:      
[92mINFO [0m:      Received: evaluate message b0071bc1-9d0b-42d3-9c03-542a570056a4
[92mINFO [0m:      Sent reply
[92mINFO [0m:      
[92mINFO [0m:      Received: train message 5de1b7ba-e4e5-46e8-9509-93042d766b80
Data poisoning
Data poisoned successfully
[92mINFO [0m:      Sent reply
[92mINFO [0m:      
[92mINFO [0m:      Received: evaluate message c8650d17-2c16-4eaa-a7c3-5245850a6a7e
[92mINFO [0m:      Sent reply
[92mINFO [0m:      
[92mINFO [0m:      Received: train message 2e720c6b-a72a-4efb-962e-9d262398c616
Data poisoning
Data poisoned successfully
[92mINFO [0m:      Sent reply
[92mINFO [0m:      
[92mINFO [0m:      Received: evaluate message 375c6e90-d222-4433-aaf9-322a17908f2c
[92mINFO [0m:      Sent reply
[92mINFO [0m:      
[92mINFO [0m:      Received: train message b3f91a59-9a61-4b7f-9f29-494d3a59b094
Data poisoning
Data poisoned successfully
[92mINFO [0m:      Sent reply
[92mINFO [0m:      
[92mINFO [0m:      Received: evaluate message 07ba5f38-198d-418f-a32b-70d14fbc9364
[92mINFO [0m:      Sent reply
[92mINFO [0m:      
[92mINFO [0m:      Received: train message 554874d5-053c-42a2-8c2f-6529a49c5906
Data poisoning
Data poisoned successfully
[92mINFO [0m:      Sent reply
[92mINFO [0m:      
[92mINFO [0m:      Received: evaluate message 7a651452-2523-435e-a044-5d59e99b76bd
[92mINFO [0m:      Sent reply
[92mINFO [0m:      
[92mINFO [0m:      Received: train message d1bd99cb-1b5c-458a-be12-298849c0cb74
Data poisoning
Data poisoned successfully
[92mINFO [0m:      Sent reply
[92mINFO [0m:      
[92mINFO [0m:      Received: evaluate message 9e498aec-3c90-4ff2-9c63-e9532fc5013f
[92mINFO [0m:      Sent reply
[92mINFO [0m:      
[92mINFO [0m:      Received: train message b76c78c2-ad4f-498b-aaf1-c978b14937d2
Data poisoning
Data poisoned successfully
[92mINFO [0m:      Sent reply
[92mINFO [0m:      
[92mINFO [0m:      Received: evaluate message 1fe71fbc-f274-441c-8bcd-43b28be7f261
[92mINFO [0m:      Sent reply
[92mINFO [0m:      
[92mINFO [0m:      Received: train message 58bca13d-ac7e-4300-a289-4ec38f67b225
Data poisoning
Data poisoned successfully
[92mINFO [0m:      Sent reply
[92mINFO [0m:      
[92mINFO [0m:      Received: evaluate message e9892fd0-c0d5-4dee-a531-bad6061748b4
[92mINFO [0m:      Sent reply
[92mINFO [0m:      
[92mINFO [0m:      Received: train message 65ab2683-ead9-46c1-a9aa-de2a5957d33c
Data poisoning
Data poisoned successfully
[92mINFO [0m:      Sent reply
[92mINFO [0m:      
[92mINFO [0m:      Received: evaluate message 431cd823-c61f-496c-ac2e-682804408638
[92mINFO [0m:      Sent reply
[92mINFO [0m:      
[92mINFO [0m:      Received: train message 0ac97ff3-890b-4391-b042-68ae8968496d
Data poisoning
Data poisoned successfully
[92mINFO [0m:      Sent reply
[92mINFO [0m:      
[92mINFO [0m:      Received: evaluate message 57703ae0-0d44-461d-ba59-14e90e030fcd
[92mINFO [0m:      Sent reply
[92mINFO [0m:      
[92mINFO [0m:      Received: train message 613ae70b-7038-4ec2-831b-50ae0bba81f4
Data poisoning
Data poisoned successfully
[92mINFO [0m:      Sent reply
[92mINFO [0m:      
[92mINFO [0m:      Received: evaluate message c1a28a12-25ee-4bc2-9fd7-947e66d5f812
[92mINFO [0m:      Sent reply
[92mINFO [0m:      
[92mINFO [0m:      Received: train message 1c86c0f0-6b44-4118-866f-c3a568568a90
Data poisoning
Data poisoned successfully
[92mINFO [0m:      Sent reply
[92mINFO [0m:      
[92mINFO [0m:      Received: evaluate message 5c4ebeaf-8101-4da4-a32a-f2c32dc85d88
[92mINFO [0m:      Sent reply
[92mINFO [0m:      
[92mINFO [0m:      Received: train message 150114e5-5457-4b1c-8665-ab1d4c14dc1a
Data poisoning
Data poisoned successfully
[92mINFO [0m:      Sent reply
[92mINFO [0m:      
[92mINFO [0m:      Received: evaluate message 7acad4b3-543b-4f5a-9123-ff9b3435744f
[92mINFO [0m:      Sent reply
[92mINFO [0m:      
[92mINFO [0m:      Received: train message 48e2a3c7-7115-406a-8ab6-afbcdeeb9c4b
Data poisoning
Data poisoned successfully
[92mINFO [0m:      Sent reply
[92mINFO [0m:      
[92mINFO [0m:      Received: evaluate message 90f47984-ba09-4429-a61c-f14d34243246
[92mINFO [0m:      Sent reply
[92mINFO [0m:      
[92mINFO [0m:      Received: train message c6def290-32d1-4f2c-9ff5-d1921b987dd1
Data poisoning
Data poisoned successfully
[92mINFO [0m:      Sent reply
[92mINFO [0m:      
[92mINFO [0m:      Received: evaluate message b512f9b5-6bb8-480b-a7ba-6ab963ff8cc3
[92mINFO [0m:      Sent reply
[92mINFO [0m:      
[92mINFO [0m:      Received: reconnect message 8dc96b82-4c1f-493b-8c65-105ac084698f
[92mINFO [0m:      Disconnect and shut down
