[93mWARNING [0m:   DEPRECATED FEATURE: flwr.client.start_client() is deprecated.
	Instead, use the `flower-supernode` CLI command to start a SuperNode as shown below:

		$ flower-supernode --insecure --superlink='<IP>:<PORT>'

	To view all available options, run:

		$ flower-supernode --help

	Using `start_client()` is deprecated.

            This is a deprecated feature. It will be removed
            entirely in future versions of Flower.
        
[92mINFO [0m:      
[92mINFO [0m:      Received: train message 81f04a6a-fc32-4229-b793-a780a9049aa3
[92mINFO [0m:      Sent reply
[92mINFO [0m:      
[92mINFO [0m:      Received: evaluate message fd933370-2556-428c-b168-4b38b6c79847
[92mINFO [0m:      Sent reply
[92mINFO [0m:      
[92mINFO [0m:      Received: train message 12be11b2-6bd5-4f29-8cfa-2a935c58b5bf
[92mINFO [0m:      Sent reply
[92mINFO [0m:      
[92mINFO [0m:      Received: evaluate message b36c0105-93e8-438b-8a41-1f75f7228ed5
[92mINFO [0m:      Sent reply
[92mINFO [0m:      
[92mINFO [0m:      Received: train message f9d1808e-7fe6-4867-a0fd-cd0479862483
[92mINFO [0m:      Sent reply
[92mINFO [0m:      
[92mINFO [0m:      Received: evaluate message 815dfd8a-1224-4366-95a2-4d7ac0121b16
[92mINFO [0m:      Sent reply
[92mINFO [0m:      
[92mINFO [0m:      Received: train message 98718972-5a8a-4552-8815-be76db087c76
[92mINFO [0m:      Sent reply
[92mINFO [0m:      
[92mINFO [0m:      Received: evaluate message 4edcc197-fd4d-44d1-adc2-ad6a8cff1f78
[92mINFO [0m:      Sent reply
[92mINFO [0m:      
[92mINFO [0m:      Received: train message 97197dad-5cd8-4c7a-bed3-bf8f304b20b5
[92mINFO [0m:      Sent reply
[92mINFO [0m:      
[92mINFO [0m:      Received: evaluate message 10d0fa9b-7f43-44cc-b656-4d68b39b7896
[92mINFO [0m:      Sent reply
[92mINFO [0m:      
[92mINFO [0m:      Received: train message 9d99b08e-7704-47f5-8cc7-49e4e13491be
[92mINFO [0m:      Sent reply
[92mINFO [0m:      
[92mINFO [0m:      Received: evaluate message ee9773df-a662-4aa1-898c-0602a681b706
[92mINFO [0m:      Sent reply
[92mINFO [0m:      
[92mINFO [0m:      Received: train message 4ed37051-6296-4d65-8317-8e58f00f68d8
[92mINFO [0m:      Sent reply
[92mINFO [0m:      
[92mINFO [0m:      Received: evaluate message 0da3a696-2486-44d5-9a8d-d6f5cd33fe50
[92mINFO [0m:      Sent reply
[92mINFO [0m:      
[92mINFO [0m:      Received: train message 59e0bc38-a14b-485a-99c4-2e0ea8ea27c9
[92mINFO [0m:      Sent reply
[92mINFO [0m:      
[92mINFO [0m:      Received: evaluate message a0bc370c-f590-481e-a25e-fef6a4b73ad7
[92mINFO [0m:      Sent reply
[92mINFO [0m:      
[92mINFO [0m:      Received: train message 5f1618d6-edb7-46f2-b343-9151cf933bfb
[92mINFO [0m:      Sent reply
[92mINFO [0m:      
[92mINFO [0m:      Received: evaluate message 098f21e8-3e5e-420c-ac21-b172fa6d2114
[92mINFO [0m:      Sent reply
[92mINFO [0m:      
[92mINFO [0m:      Received: train message 5657bc2e-f4b2-4c01-ad78-e043e8d44060
[92mINFO [0m:      Sent reply
[92mINFO [0m:      
[92mINFO [0m:      Received: evaluate message 6c0534cd-88c3-4259-8a32-b77b92d0e288
[92mINFO [0m:      Sent reply
[92mINFO [0m:      
[92mINFO [0m:      Received: train message d34d2d13-5378-4195-9dfc-1cec89492539
[92mINFO [0m:      Sent reply
[92mINFO [0m:      
[92mINFO [0m:      Received: evaluate message 1322ad90-8cb2-4dc2-857d-e38c4ee461ea
[92mINFO [0m:      Sent reply
[92mINFO [0m:      
[92mINFO [0m:      Received: train message f947e0e3-5761-408a-be5a-9fd32b6374bc
[92mINFO [0m:      Sent reply
[92mINFO [0m:      
[92mINFO [0m:      Received: evaluate message a3f6dc24-e992-492a-b2ea-620aefe9d3d7
[92mINFO [0m:      Sent reply
[92mINFO [0m:      
[92mINFO [0m:      Received: train message 33724f29-063f-46d5-8625-c249086d7c80
[92mINFO [0m:      Sent reply
[92mINFO [0m:      
[92mINFO [0m:      Received: evaluate message 8eb6f91a-da0a-4a20-b104-352a816a2e8d
[92mINFO [0m:      Sent reply
[92mINFO [0m:      
[92mINFO [0m:      Received: train message 5761323a-2286-4495-91ba-0110e85c6a37
[92mINFO [0m:      Sent reply
[92mINFO [0m:      
[92mINFO [0m:      Received: evaluate message b2a0d3fc-7498-486a-a922-8161ec56430d
[92mINFO [0m:      Sent reply
[92mINFO [0m:      
[92mINFO [0m:      Received: train message 61a13efa-cb05-4b5e-b34c-09bcec163f89
[92mINFO [0m:      Sent reply
[92mINFO [0m:      
[92mINFO [0m:      Received: evaluate message d2c247cf-5c0f-44ea-bda1-888887b8788d
[92mINFO [0m:      Sent reply
[92mINFO [0m:      
[92mINFO [0m:      Received: train message a8dd70e0-ab66-40e0-b415-4aa1618186ab
[92mINFO [0m:      Sent reply
[92mINFO [0m:      
[92mINFO [0m:      Received: evaluate message 3c9dd512-d072-4e47-a40c-10424ea95beb
[92mINFO [0m:      Sent reply
[92mINFO [0m:      
[92mINFO [0m:      Received: train message e98885e2-ff19-4914-93ff-d23d0266b1fe
[92mINFO [0m:      Sent reply
[92mINFO [0m:      
[92mINFO [0m:      Received: evaluate message bb6f445d-d26e-4038-b565-8821938f3d44
[92mINFO [0m:      Sent reply
[92mINFO [0m:      
[92mINFO [0m:      Received: train message d6efa1d0-ca36-42a7-945a-9dea159a14dc
[92mINFO [0m:      Sent reply
[92mINFO [0m:      
[92mINFO [0m:      Received: evaluate message 7167a25b-ba33-4896-936d-bde0a4409be8
[92mINFO [0m:      Sent reply
[92mINFO [0m:      
[92mINFO [0m:      Received: train message b096613a-3fca-452c-bc0c-bd917376bde3
[92mINFO [0m:      Sent reply
[92mINFO [0m:      
[92mINFO [0m:      Received: evaluate message 8f5cb4b5-7a8c-45bd-8d2a-caacfba71946
[92mINFO [0m:      Sent reply
[92mINFO [0m:      
[92mINFO [0m:      Received: train message 5e370ffe-d1f8-40b2-8f21-a6dbca7794bb
[92mINFO [0m:      Sent reply
[92mINFO [0m:      
[92mINFO [0m:      Received: evaluate message 1aea05a1-7d43-46ea-83a1-dd55af7c74ce
[92mINFO [0m:      Sent reply
[92mINFO [0m:      
[92mINFO [0m:      Received: train message 3c963500-0f95-4d43-a28f-bbf693a76dca
[92mINFO [0m:      Sent reply
[92mINFO [0m:      
[92mINFO [0m:      Received: evaluate message d95cddea-5ee8-43fa-823e-4da4b603a7f2
[92mINFO [0m:      Sent reply
[92mINFO [0m:      
[92mINFO [0m:      Received: train message 77ca5324-21a0-4dda-8ed1-960ed6d61859
[92mINFO [0m:      Sent reply
[92mINFO [0m:      
[92mINFO [0m:      Received: evaluate message 8f09980f-ade8-4cb7-88c9-714955b0d0bf
[92mINFO [0m:      Sent reply
[92mINFO [0m:      
[92mINFO [0m:      Received: train message adca5e25-09cc-4299-964c-d8549af05068
[92mINFO [0m:      Sent reply
[92mINFO [0m:      
[92mINFO [0m:      Received: evaluate message c70c7e77-a8a9-406b-ad1a-d4ab4cc8ff41
[92mINFO [0m:      Sent reply
[92mINFO [0m:      
[92mINFO [0m:      Received: train message ce8f9627-3a1d-4b54-964e-b03c16138b52
[92mINFO [0m:      Sent reply
[92mINFO [0m:      
[92mINFO [0m:      Received: evaluate message 5efe818f-feec-41e3-8159-fe005ae57398
[92mINFO [0m:      Sent reply
[92mINFO [0m:      
[92mINFO [0m:      Received: train message 208f6a36-3700-4751-9ba0-afefcab13c9a
[92mINFO [0m:      Sent reply
[92mINFO [0m:      
[92mINFO [0m:      Received: evaluate message 7fa16f4a-7699-41ca-8883-d49c86f4aa78
[92mINFO [0m:      Sent reply
[92mINFO [0m:      
[92mINFO [0m:      Received: train message f1f89349-7d5e-4061-9498-46af8e6bdbbe
[92mINFO [0m:      Sent reply
[92mINFO [0m:      
[92mINFO [0m:      Received: evaluate message b5c817d7-0d98-47a4-9b59-0d793db43a0a
[92mINFO [0m:      Sent reply
[92mINFO [0m:      
[92mINFO [0m:      Received: train message bd2b785f-0d7d-4f0c-8167-d83f0760bfe7
[92mINFO [0m:      Sent reply
[92mINFO [0m:      
[92mINFO [0m:      Received: evaluate message 100a6b5d-8ebb-4458-9ac9-8dcc8b3a2d9e
[92mINFO [0m:      Sent reply
[92mINFO [0m:      
[92mINFO [0m:      Received: train message ddbb0bf3-7dd2-486d-935b-f7919161ca97
[92mINFO [0m:      Sent reply
[92mINFO [0m:      
[92mINFO [0m:      Received: evaluate message 79323eeb-aaa5-47d2-ae25-afee7735fc6a
[92mINFO [0m:      Sent reply
[92mINFO [0m:      
[92mINFO [0m:      Received: train message aad249c6-9b7a-41e3-998f-24f4e5779f71
[92mINFO [0m:      Sent reply
[92mINFO [0m:      
[92mINFO [0m:      Received: evaluate message 857386be-dd61-4a41-98d9-e4314f07ee11
[92mINFO [0m:      Sent reply
[92mINFO [0m:      
[92mINFO [0m:      Received: train message 3798e2db-5d50-4169-b5f1-d8f7dba710fb
[92mINFO [0m:      Sent reply
[92mINFO [0m:      
[92mINFO [0m:      Received: evaluate message 8dbb3e04-269e-4c08-8459-4d9f85a0b883
[92mINFO [0m:      Sent reply
[92mINFO [0m:      
[92mINFO [0m:      Received: train message 4eeb6170-8bc5-4a48-b2eb-7fe2662c7eb2
[92mINFO [0m:      Sent reply
[92mINFO [0m:      
[92mINFO [0m:      Received: evaluate message c884c3e4-d7cc-414d-9605-1ff9e9881a13
[92mINFO [0m:      Sent reply
[92mINFO [0m:      
[92mINFO [0m:      Received: train message 94fac0dc-2dc2-450a-b338-54fd22f50d7a
[92mINFO [0m:      Sent reply
[92mINFO [0m:      
[92mINFO [0m:      Received: evaluate message e0979a45-232b-4ffe-9a4e-4a91b69298c4
[92mINFO [0m:      Sent reply
[92mINFO [0m:      
[92mINFO [0m:      Received: train message 0bae6ab4-b547-4368-b1a4-97b94fe31770
[92mINFO [0m:      Sent reply
[92mINFO [0m:      
[92mINFO [0m:      Received: evaluate message e409230c-b4ec-433c-9e55-8b4b7a608d95
[92mINFO [0m:      Sent reply
[92mINFO [0m:      
[92mINFO [0m:      Received: train message 8924ec9f-1d9c-4e58-b125-b6e13fe955c6
[92mINFO [0m:      Sent reply
[92mINFO [0m:      
[92mINFO [0m:      Received: evaluate message 2ffffdd4-d5ee-4269-8c4d-0041ce40a28b
[92mINFO [0m:      Sent reply
[92mINFO [0m:      
[92mINFO [0m:      Received: train message fcb7834b-32b9-4af1-be25-15e179813fc3
[92mINFO [0m:      Sent reply
[92mINFO [0m:      
[92mINFO [0m:      Received: evaluate message 25542a96-c8ab-4da5-933c-619e227b902d
[92mINFO [0m:      Sent reply
[92mINFO [0m:      
[92mINFO [0m:      Received: train message d9ad376a-cfe3-478b-9698-899ef9e98b17
[92mINFO [0m:      Sent reply
[92mINFO [0m:      
[92mINFO [0m:      Received: evaluate message 01d83cbe-8132-44fd-982a-439f9cefca54
[92mINFO [0m:      Sent reply
[92mINFO [0m:      
[92mINFO [0m:      Received: train message 6420283f-6228-41f0-9443-799b424d2ddc
[92mINFO [0m:      Sent reply
[92mINFO [0m:      
[92mINFO [0m:      Received: evaluate message d56d20ee-c249-4756-8bd5-6d71ed76c0e5
[92mINFO [0m:      Sent reply
[92mINFO [0m:      
[92mINFO [0m:      Received: train message 1c5e0974-2853-4f83-9845-ac5659832de0
[92mINFO [0m:      Sent reply
[92mINFO [0m:      
[92mINFO [0m:      Received: evaluate message 253c3ea0-2041-4e5e-b950-423bbd3b0885
[92mINFO [0m:      Sent reply
[92mINFO [0m:      
[92mINFO [0m:      Received: train message c257bf60-4e1d-42a2-8322-ef4d527adb4a
[92mINFO [0m:      Sent reply
[92mINFO [0m:      
[92mINFO [0m:      Received: evaluate message fb267f28-9b69-4275-9538-7a6d01ed6101
[92mINFO [0m:      Sent reply
[92mINFO [0m:      
[92mINFO [0m:      Received: train message 01913c9e-ea2c-4f25-a264-07e7445695a4
[92mINFO [0m:      Sent reply
[92mINFO [0m:      
[92mINFO [0m:      Received: evaluate message f78a98ef-f2f8-4d99-944c-57ed835b4b16
[92mINFO [0m:      Sent reply
[92mINFO [0m:      
[92mINFO [0m:      Received: train message 5eb48830-99c1-4e0d-b128-54d2fd1e373e
[92mINFO [0m:      Sent reply
[92mINFO [0m:      
[92mINFO [0m:      Received: evaluate message f68b618a-32ed-4ceb-a45f-9700e87bff88
[92mINFO [0m:      Sent reply
[92mINFO [0m:      
[92mINFO [0m:      Received: train message 987c7661-d8e9-495f-b333-142041106d80
[92mINFO [0m:      Sent reply
[92mINFO [0m:      
[92mINFO [0m:      Received: evaluate message ebc9d805-1567-4480-819c-53af58846f9e
[92mINFO [0m:      Sent reply
[92mINFO [0m:      
[92mINFO [0m:      Received: train message b73009cb-3078-4c2a-8349-7a001329d166
[92mINFO [0m:      Sent reply
[92mINFO [0m:      
[92mINFO [0m:      Received: evaluate message bdea51eb-88e6-4b71-8abf-9bb0a622efe8
[92mINFO [0m:      Sent reply
[92mINFO [0m:      
[92mINFO [0m:      Received: train message 6d77aa91-9692-41a3-927f-a9797db6ffe5
[92mINFO [0m:      Sent reply
[92mINFO [0m:      
[92mINFO [0m:      Received: evaluate message 5a176846-6a7c-4fb7-90ba-97f91f066593
[92mINFO [0m:      Sent reply
[92mINFO [0m:      
[92mINFO [0m:      Received: train message 968f8617-8c34-424f-985a-84eef5def766
[92mINFO [0m:      Sent reply
[92mINFO [0m:      
[92mINFO [0m:      Received: evaluate message 4c5fbe45-2e95-46d1-9f62-bd5dbfbdbf9a
[92mINFO [0m:      Sent reply
[92mINFO [0m:      
[92mINFO [0m:      Received: train message 09788bef-8c9c-48b8-9c65-71c79d134ce9
[92mINFO [0m:      Sent reply
[92mINFO [0m:      
[92mINFO [0m:      Received: evaluate message 271fba60-c677-4151-81cc-4a7c32da176f
[92mINFO [0m:      Sent reply
[92mINFO [0m:      
[92mINFO [0m:      Received: train message b1270fe9-5793-48df-a0c1-a7167ce9ce85
[92mINFO [0m:      Sent reply
[92mINFO [0m:      
[92mINFO [0m:      Received: evaluate message 6b9158ee-0cbd-4a32-935c-ce191402ebe9
[92mINFO [0m:      Sent reply
[92mINFO [0m:      
[92mINFO [0m:      Received: train message c9fbba9e-4a0f-4f57-aee0-03cc52757b02
[92mINFO [0m:      Sent reply
[92mINFO [0m:      
[92mINFO [0m:      Received: evaluate message 4f2f39b4-557c-4b8d-9f14-439cbe825190
[92mINFO [0m:      Sent reply
[92mINFO [0m:      
[92mINFO [0m:      Received: train message b166444c-8426-4df6-a3cf-0934764620ba
[92mINFO [0m:      Sent reply
[92mINFO [0m:      
[92mINFO [0m:      Received: evaluate message 26ca915b-3606-46ca-970b-0aa712d3c565
[92mINFO [0m:      Sent reply
[92mINFO [0m:      
[92mINFO [0m:      Received: train message 98224e4d-6017-454b-a30c-b73606ef98f6
[92mINFO [0m:      Sent reply
[92mINFO [0m:      
[92mINFO [0m:      Received: evaluate message 211ac9b8-78f6-4fa7-9f9f-3733de59c127
[92mINFO [0m:      Sent reply
[92mINFO [0m:      
[92mINFO [0m:      Received: reconnect message 9b173a2e-6a4a-44d1-b1ba-1c9e215d4c7f
[92mINFO [0m:      Disconnect and shut down
