[93mWARNING [0m:   DEPRECATED FEATURE: flwr.client.start_client() is deprecated.
	Instead, use the `flower-supernode` CLI command to start a SuperNode as shown below:

		$ flower-supernode --insecure --superlink='<IP>:<PORT>'

	To view all available options, run:

		$ flower-supernode --help

	Using `start_client()` is deprecated.

            This is a deprecated feature. It will be removed
            entirely in future versions of Flower.
        
[92mINFO [0m:      
[92mINFO [0m:      Received: train message e84229a0-f99e-487b-ac50-bcede3f93bd8
[92mINFO [0m:      Sent reply
[92mINFO [0m:      
[92mINFO [0m:      Received: evaluate message 266fbf5b-5cb5-4218-a3c0-d93d1474a84d
[92mINFO [0m:      Sent reply
[92mINFO [0m:      
[92mINFO [0m:      Received: train message 4d604efc-4e41-47b0-99a8-9d611408c534
[92mINFO [0m:      Sent reply
[92mINFO [0m:      
[92mINFO [0m:      Received: evaluate message 1473732d-1e99-4707-bd99-c0351eb45155
[92mINFO [0m:      Sent reply
[92mINFO [0m:      
[92mINFO [0m:      Received: train message f4860bdd-273c-4903-8eb8-b5ecf1b16a4e
[92mINFO [0m:      Sent reply
[92mINFO [0m:      
[92mINFO [0m:      Received: evaluate message 7c4bad77-1605-42f9-a577-f7e2c2f1b778
[92mINFO [0m:      Sent reply
[92mINFO [0m:      
[92mINFO [0m:      Received: train message 814d5e76-dc61-4bff-8a2b-f2782ac0b4c6
[92mINFO [0m:      Sent reply
[92mINFO [0m:      
[92mINFO [0m:      Received: evaluate message 2a8e7ea5-a8f8-4cac-aae1-a79e562e3d9e
[92mINFO [0m:      Sent reply
[92mINFO [0m:      
[92mINFO [0m:      Received: train message 0fa3bd62-5d5b-4417-b826-4444442226ea
[92mINFO [0m:      Sent reply
[92mINFO [0m:      
[92mINFO [0m:      Received: evaluate message 0c82f45d-bfcf-4187-88a7-ff85cdeb5729
[92mINFO [0m:      Sent reply
[92mINFO [0m:      
[92mINFO [0m:      Received: train message d8dd8af2-1a5a-445c-aac1-7aa400547e04
[92mINFO [0m:      Sent reply
[92mINFO [0m:      
[92mINFO [0m:      Received: evaluate message 23e7196c-0895-4d29-8202-608bd9e0998e
[92mINFO [0m:      Sent reply
[92mINFO [0m:      
[92mINFO [0m:      Received: train message 2f1aaa68-130c-4af2-830f-aad64282eab5
[92mINFO [0m:      Sent reply
[92mINFO [0m:      
[92mINFO [0m:      Received: evaluate message 0bbfcd97-7531-4b21-b177-610b691cfafb
[92mINFO [0m:      Sent reply
[92mINFO [0m:      
[92mINFO [0m:      Received: train message c8737653-dee7-40f9-bbaa-e711b1b557ea
[92mINFO [0m:      Sent reply
[92mINFO [0m:      
[92mINFO [0m:      Received: evaluate message 5ca311e8-731f-4490-8839-77b617ba2d31
[92mINFO [0m:      Sent reply
[92mINFO [0m:      
[92mINFO [0m:      Received: train message 51b3bf77-97a7-4e41-9655-f1b16360f889
[92mINFO [0m:      Sent reply
[92mINFO [0m:      
[92mINFO [0m:      Received: evaluate message 32a626b9-01cd-4a62-a539-45c26ddc1194
[92mINFO [0m:      Sent reply
[92mINFO [0m:      
[92mINFO [0m:      Received: train message ca353e63-e622-45ab-8332-45a4fb09557a
[92mINFO [0m:      Sent reply
[92mINFO [0m:      
[92mINFO [0m:      Received: evaluate message c2d23519-f68c-4ae5-9703-9affd9f45d82
[92mINFO [0m:      Sent reply
[92mINFO [0m:      
[92mINFO [0m:      Received: train message ee28fc91-e2ec-445b-97f7-a30e28ab919b
[92mINFO [0m:      Sent reply
[92mINFO [0m:      
[92mINFO [0m:      Received: evaluate message 0b46cbfb-8786-4198-aade-1c492fd45ed5
[92mINFO [0m:      Sent reply
[92mINFO [0m:      
[92mINFO [0m:      Received: train message f75add49-a669-4180-9edb-488029526daf
[92mINFO [0m:      Sent reply
[92mINFO [0m:      
[92mINFO [0m:      Received: evaluate message efe39c3f-5d0e-4247-9216-5a790fff159b
[92mINFO [0m:      Sent reply
[92mINFO [0m:      
[92mINFO [0m:      Received: train message a9564c5a-84cb-4fab-8d5b-1d693f9a098c
[92mINFO [0m:      Sent reply
[92mINFO [0m:      
[92mINFO [0m:      Received: evaluate message 76a660e2-c6df-45b2-8d38-d6be90a69d66
[92mINFO [0m:      Sent reply
[92mINFO [0m:      
[92mINFO [0m:      Received: train message c0cd6a90-3b1b-4b58-9d75-4358fb07df14
[92mINFO [0m:      Sent reply
[92mINFO [0m:      
[92mINFO [0m:      Received: evaluate message 34c906c6-6701-44cf-8352-67dc63a34627
[92mINFO [0m:      Sent reply
[92mINFO [0m:      
[92mINFO [0m:      Received: train message 2e10b3cb-655f-4da0-878f-6c5221e5ee19
[92mINFO [0m:      Sent reply
[92mINFO [0m:      
[92mINFO [0m:      Received: evaluate message f5467abb-d122-40c5-9478-518bab583eea
[92mINFO [0m:      Sent reply
[92mINFO [0m:      
[92mINFO [0m:      Received: train message 1c90309b-b3f0-4421-944c-b1dc6637cf8d
[92mINFO [0m:      Sent reply
[92mINFO [0m:      
[92mINFO [0m:      Received: evaluate message b1608d4e-5c40-4ad8-88dc-e6c883e00804
[92mINFO [0m:      Sent reply
[92mINFO [0m:      
[92mINFO [0m:      Received: train message 2485fb75-982d-4b05-9efd-3d6a48cb3315
[92mINFO [0m:      Sent reply
[92mINFO [0m:      
[92mINFO [0m:      Received: evaluate message bd9119b8-5877-4b47-b57c-e4e4a4c42ab9
[92mINFO [0m:      Sent reply
[92mINFO [0m:      
[92mINFO [0m:      Received: train message c546523c-044f-49a4-9cb3-f0f4e1f62d6a
[92mINFO [0m:      Sent reply
[92mINFO [0m:      
[92mINFO [0m:      Received: evaluate message d032d457-f265-4c4a-8153-8b090eb8c9d2
[92mINFO [0m:      Sent reply
[92mINFO [0m:      
[92mINFO [0m:      Received: train message 5f5de5a7-1865-4ad1-80bc-22d712b8989b
[92mINFO [0m:      Sent reply
[92mINFO [0m:      
[92mINFO [0m:      Received: evaluate message badc8b36-4d4e-491d-a9dd-89eae97ea0aa
[92mINFO [0m:      Sent reply
[92mINFO [0m:      
[92mINFO [0m:      Received: train message 689e8af9-f74a-427c-bacf-8145a20df0bc
[92mINFO [0m:      Sent reply
[92mINFO [0m:      
[92mINFO [0m:      Received: evaluate message 20517e03-6813-4687-87cb-8304d3581646
[92mINFO [0m:      Sent reply
[92mINFO [0m:      
[92mINFO [0m:      Received: train message 42371563-233f-455f-a2cc-8ebed4e4d738
[92mINFO [0m:      Sent reply
[92mINFO [0m:      
[92mINFO [0m:      Received: evaluate message a3c54f6b-bc5e-4498-8237-e56bfd363a18
[92mINFO [0m:      Sent reply
[92mINFO [0m:      
[92mINFO [0m:      Received: train message 14d5ffb1-404d-4025-bdde-26d7576a499f
[92mINFO [0m:      Sent reply
[92mINFO [0m:      
[92mINFO [0m:      Received: evaluate message 4afa2b11-0359-4a0e-8708-0f5897a22274
[92mINFO [0m:      Sent reply
[92mINFO [0m:      
[92mINFO [0m:      Received: train message 80673b99-84df-45a5-bdd2-969de0a40e6e
[92mINFO [0m:      Sent reply
[92mINFO [0m:      
[92mINFO [0m:      Received: evaluate message 9604bf81-c809-4dbe-b138-6df1bbf540a6
[92mINFO [0m:      Sent reply
[92mINFO [0m:      
[92mINFO [0m:      Received: train message ab436746-3063-441e-8ab8-b17ec5975cfb
[92mINFO [0m:      Sent reply
[92mINFO [0m:      
[92mINFO [0m:      Received: evaluate message 8c64ec4b-a92e-4f35-aeb8-2f9a18bb6616
[92mINFO [0m:      Sent reply
[92mINFO [0m:      
[92mINFO [0m:      Received: train message 5732667b-9285-4493-87e9-0b4313f507b6
[92mINFO [0m:      Sent reply
[92mINFO [0m:      
[92mINFO [0m:      Received: evaluate message 1ec3917f-7b00-40bb-88e7-b84369901df0
[92mINFO [0m:      Sent reply
[92mINFO [0m:      
[92mINFO [0m:      Received: train message ecebfc1d-c34a-4921-ac6d-903a2967db50
[92mINFO [0m:      Sent reply
[92mINFO [0m:      
[92mINFO [0m:      Received: evaluate message be1ed4f7-3e35-4806-8bf5-a4c5b2fe5715
[92mINFO [0m:      Sent reply
[92mINFO [0m:      
[92mINFO [0m:      Received: train message ae45d6f0-4fed-4662-84f6-c9ef59a96650
[92mINFO [0m:      Sent reply
[92mINFO [0m:      
[92mINFO [0m:      Received: evaluate message c8ab69bc-c246-4e03-ad1f-b6368741e737
[92mINFO [0m:      Sent reply
[92mINFO [0m:      
[92mINFO [0m:      Received: train message 1b0822d6-ec01-41ed-8665-62de9871bb62
[92mINFO [0m:      Sent reply
[92mINFO [0m:      
[92mINFO [0m:      Received: evaluate message 077dd9b3-ad0f-4b65-8427-228b2c2667f4
[92mINFO [0m:      Sent reply
[92mINFO [0m:      
[92mINFO [0m:      Received: train message f70e3b2b-785e-4db5-9e0f-a16800416de7
[92mINFO [0m:      Sent reply
[92mINFO [0m:      
[92mINFO [0m:      Received: evaluate message be555381-05a3-4bc8-a7d4-0f94cdfba170
[92mINFO [0m:      Sent reply
[92mINFO [0m:      
[92mINFO [0m:      Received: train message eb67fb70-663d-4907-a1c5-245c104aa714
[92mINFO [0m:      Sent reply
[92mINFO [0m:      
[92mINFO [0m:      Received: evaluate message 5120af53-5f27-400c-bda4-d03c5c3d23ca
[92mINFO [0m:      Sent reply
[92mINFO [0m:      
[92mINFO [0m:      Received: train message e7009c62-0cc9-45c7-9a31-339bf8e1bc8f
[92mINFO [0m:      Sent reply
[92mINFO [0m:      
[92mINFO [0m:      Received: evaluate message 249d9578-940e-4fb2-b064-be11cae3b242
[92mINFO [0m:      Sent reply
[92mINFO [0m:      
[92mINFO [0m:      Received: train message ab44e3e9-4e0b-457b-9406-dc4d0c75173c
[92mINFO [0m:      Sent reply
[92mINFO [0m:      
[92mINFO [0m:      Received: evaluate message f3e710ed-6f7e-48d9-bebf-1a80fadce350
[92mINFO [0m:      Sent reply
[92mINFO [0m:      
[92mINFO [0m:      Received: train message a8940ed0-02be-4db8-b8fd-359165c92202
[92mINFO [0m:      Sent reply
[92mINFO [0m:      
[92mINFO [0m:      Received: evaluate message 3df814f8-e760-424e-9a8a-052f468a98de
[92mINFO [0m:      Sent reply
[92mINFO [0m:      
[92mINFO [0m:      Received: train message 2d9f5fee-8f17-4153-bce3-1f4094fcf3a2
[92mINFO [0m:      Sent reply
[92mINFO [0m:      
[92mINFO [0m:      Received: evaluate message 66bc4fc2-78e6-42af-a96b-d4ff37a46840
[92mINFO [0m:      Sent reply
[92mINFO [0m:      
[92mINFO [0m:      Received: train message 42cc30e4-0bd0-4cc9-89fe-d020f7f5edbb
[92mINFO [0m:      Sent reply
[92mINFO [0m:      
[92mINFO [0m:      Received: evaluate message 20fdd6e9-4627-4b4a-b017-0403cf889f05
[92mINFO [0m:      Sent reply
[92mINFO [0m:      
[92mINFO [0m:      Received: train message d5dff477-775a-4c85-a4ac-6bcb1804d071
[92mINFO [0m:      Sent reply
[92mINFO [0m:      
[92mINFO [0m:      Received: evaluate message b7fdefc5-418e-4bed-9557-18b1f3a55175
[92mINFO [0m:      Sent reply
[92mINFO [0m:      
[92mINFO [0m:      Received: train message 27fdd2bd-c17b-4eda-b325-9a666bc75436
[92mINFO [0m:      Sent reply
[92mINFO [0m:      
[92mINFO [0m:      Received: evaluate message 216f3eea-bb73-4d73-a0de-32149871ae00
[92mINFO [0m:      Sent reply
[92mINFO [0m:      
[92mINFO [0m:      Received: train message ea1560e7-2c3d-4f91-94fc-4744b08d5996
[92mINFO [0m:      Sent reply
[92mINFO [0m:      
[92mINFO [0m:      Received: evaluate message 030c086b-2eda-4932-a440-0143ec1b0edb
[92mINFO [0m:      Sent reply
[92mINFO [0m:      
[92mINFO [0m:      Received: train message 8767c95f-d676-4539-a266-2497ec9ec621
[92mINFO [0m:      Sent reply
[92mINFO [0m:      
[92mINFO [0m:      Received: evaluate message 551dc56e-5eaa-4362-aac9-69497eba7a1f
[92mINFO [0m:      Sent reply
[92mINFO [0m:      
[92mINFO [0m:      Received: train message fb580fa8-9638-4526-bc88-8553fbf4875b
[92mINFO [0m:      Sent reply
[92mINFO [0m:      
[92mINFO [0m:      Received: evaluate message ba88d00f-861f-4d73-bdb5-983839d32ad9
[92mINFO [0m:      Sent reply
[92mINFO [0m:      
[92mINFO [0m:      Received: train message b00566c2-c94f-43cc-b7c4-d810093fad0d
[92mINFO [0m:      Sent reply
[92mINFO [0m:      
[92mINFO [0m:      Received: evaluate message c4bb5b3e-8738-485b-bae1-cbf13ccc6179
[92mINFO [0m:      Sent reply
[92mINFO [0m:      
[92mINFO [0m:      Received: train message d5c04bc1-5cfe-4096-b563-1be0def73c6f
[92mINFO [0m:      Sent reply
[92mINFO [0m:      
[92mINFO [0m:      Received: evaluate message 28cc6946-6916-4783-beb3-047a304c31b2
[92mINFO [0m:      Sent reply
[92mINFO [0m:      
[92mINFO [0m:      Received: train message b12ae25b-5f26-4c1e-8d9b-3a0bc6c27892
[92mINFO [0m:      Sent reply
[92mINFO [0m:      
[92mINFO [0m:      Received: evaluate message dd8b65e5-6a0d-41ce-b8e6-8142de67c150
[92mINFO [0m:      Sent reply
[92mINFO [0m:      
[92mINFO [0m:      Received: train message 3a3954b2-d778-4b3b-a3ba-9396f1f02044
[92mINFO [0m:      Sent reply
[92mINFO [0m:      
[92mINFO [0m:      Received: evaluate message 5c9baa2e-e77d-4b61-b037-6a27622d4db1
[92mINFO [0m:      Sent reply
[92mINFO [0m:      
[92mINFO [0m:      Received: train message f0310773-257f-4f1e-8c20-a46afff4fdb5
[92mINFO [0m:      Sent reply
[92mINFO [0m:      
[92mINFO [0m:      Received: evaluate message a6f3df30-6474-447b-85c2-c10aeb25c467
[92mINFO [0m:      Sent reply
[92mINFO [0m:      
[92mINFO [0m:      Received: train message d5504186-c1d8-4f98-8d25-4cc7865bb11a
[92mINFO [0m:      Sent reply
[92mINFO [0m:      
[92mINFO [0m:      Received: evaluate message 21e17d6b-ef27-4705-ba59-61a8da43cb53
[92mINFO [0m:      Sent reply
[92mINFO [0m:      
[92mINFO [0m:      Received: train message 714ad896-fec1-4a3d-9b57-843614b17464
[92mINFO [0m:      Sent reply
[92mINFO [0m:      
[92mINFO [0m:      Received: evaluate message 606316cd-6020-40db-988b-a439c338fc98
[92mINFO [0m:      Sent reply
[92mINFO [0m:      
[92mINFO [0m:      Received: train message 735c1d08-c409-4985-b538-6d95b0abec45
[92mINFO [0m:      Sent reply
[92mINFO [0m:      
[92mINFO [0m:      Received: evaluate message 39f066fe-ec26-450e-b437-bf47cdec91dd
[92mINFO [0m:      Sent reply
[92mINFO [0m:      
[92mINFO [0m:      Received: train message 6d95515c-c36b-4618-9944-bc08706537f1
[92mINFO [0m:      Sent reply
[92mINFO [0m:      
[92mINFO [0m:      Received: evaluate message d68fb963-6cfd-49a7-be5d-3cdf55eb333e
[92mINFO [0m:      Sent reply
[92mINFO [0m:      
[92mINFO [0m:      Received: train message 63866b8c-0eef-4234-845e-47f7fcc2e38f
[92mINFO [0m:      Sent reply
[92mINFO [0m:      
[92mINFO [0m:      Received: evaluate message 026e6759-4c66-4793-bccc-b5308bc82df1
[92mINFO [0m:      Sent reply
[92mINFO [0m:      
[92mINFO [0m:      Received: reconnect message 2c33b301-e686-4b3d-8315-7fd5724702bc
[92mINFO [0m:      Disconnect and shut down
