[93mWARNING [0m:   DEPRECATED FEATURE: flwr.client.start_client() is deprecated.
	Instead, use the `flower-supernode` CLI command to start a SuperNode as shown below:

		$ flower-supernode --insecure --superlink='<IP>:<PORT>'

	To view all available options, run:

		$ flower-supernode --help

	Using `start_client()` is deprecated.

            This is a deprecated feature. It will be removed
            entirely in future versions of Flower.
        
[92mINFO [0m:      
[92mINFO [0m:      Received: train message ca0a8e90-3f25-4336-b6ff-3cff127f32d4
[92mINFO [0m:      Sent reply
[92mINFO [0m:      
[92mINFO [0m:      Received: evaluate message a51e9ff4-f01c-410e-8db9-f0b773c261be
[92mINFO [0m:      Sent reply
[92mINFO [0m:      
[92mINFO [0m:      Received: train message 2539593f-58e1-4e87-be57-21e5b6d89a7c
[92mINFO [0m:      Sent reply
[92mINFO [0m:      
[92mINFO [0m:      Received: evaluate message d4a824a5-a649-43ee-bff8-a65cda1e9f9a
[92mINFO [0m:      Sent reply
[92mINFO [0m:      
[92mINFO [0m:      Received: train message 8d4f099b-0bb6-4762-be4d-a2395096e357
[92mINFO [0m:      Sent reply
[92mINFO [0m:      
[92mINFO [0m:      Received: evaluate message 5bf1ced5-214f-4edc-b87d-aa26bd0eccbd
[92mINFO [0m:      Sent reply
[92mINFO [0m:      
[92mINFO [0m:      Received: train message b69af708-949b-41ed-9f03-ab2708aa4cdf
[92mINFO [0m:      Sent reply
[92mINFO [0m:      
[92mINFO [0m:      Received: evaluate message e54d38e5-6509-492d-9486-7a80bacde831
[92mINFO [0m:      Sent reply
[92mINFO [0m:      
[92mINFO [0m:      Received: train message dc9d7d02-f263-4578-9adb-c381dc92d87a
[92mINFO [0m:      Sent reply
[92mINFO [0m:      
[92mINFO [0m:      Received: evaluate message b1ef0409-21cd-4909-85f6-e9f14fdd21f3
[92mINFO [0m:      Sent reply
[92mINFO [0m:      
[92mINFO [0m:      Received: train message 4bcb0cb4-4540-4d73-8068-26d61f8cdb7e
[92mINFO [0m:      Sent reply
[92mINFO [0m:      
[92mINFO [0m:      Received: evaluate message 49c0f0e7-0c9c-4535-b2f1-978ec1fd2539
[92mINFO [0m:      Sent reply
[92mINFO [0m:      
[92mINFO [0m:      Received: train message 7a298f9e-2466-40cc-a533-bf6d8d36c8cc
[92mINFO [0m:      Sent reply
[92mINFO [0m:      
[92mINFO [0m:      Received: evaluate message 9e259fd0-16a0-4b80-8976-7440f6c24032
[92mINFO [0m:      Sent reply
[92mINFO [0m:      
[92mINFO [0m:      Received: train message 2131ee5c-c96f-48d4-b035-ac50fe6c973f
[92mINFO [0m:      Sent reply
[92mINFO [0m:      
[92mINFO [0m:      Received: evaluate message da8095a7-2d60-41db-a125-33b5b5dce1c4
[92mINFO [0m:      Sent reply
[92mINFO [0m:      
[92mINFO [0m:      Received: train message 0d894106-8254-4753-9be5-2e1cafea6d3e
[92mINFO [0m:      Sent reply
[92mINFO [0m:      
[92mINFO [0m:      Received: evaluate message 9d9b01c9-b9cf-4c98-aa7c-0daa7afaf9a8
[92mINFO [0m:      Sent reply
[92mINFO [0m:      
[92mINFO [0m:      Received: train message 88205cdf-6b8c-48ae-a026-fea55e10216f
[92mINFO [0m:      Sent reply
[92mINFO [0m:      
[92mINFO [0m:      Received: evaluate message 50cf842b-3310-40f0-92de-85502901405c
[92mINFO [0m:      Sent reply
[92mINFO [0m:      
[92mINFO [0m:      Received: train message f0293652-a7fe-4927-9a5f-b283b2d147f5
[92mINFO [0m:      Sent reply
[92mINFO [0m:      
[92mINFO [0m:      Received: evaluate message 34c63253-3983-4dcb-967f-d8be3095c976
[92mINFO [0m:      Sent reply
[92mINFO [0m:      
[92mINFO [0m:      Received: train message 3a3ff541-3fa8-4f66-b06b-f7889641684d
[92mINFO [0m:      Sent reply
[92mINFO [0m:      
[92mINFO [0m:      Received: evaluate message f7f66242-e6f1-4639-8008-147429a2110a
[92mINFO [0m:      Sent reply
[92mINFO [0m:      
[92mINFO [0m:      Received: train message 1e78978e-717c-455d-a2f9-ca882cfce802
[92mINFO [0m:      Sent reply
[92mINFO [0m:      
[92mINFO [0m:      Received: evaluate message fbf400a1-2bd1-4651-b168-8c3474280370
[92mINFO [0m:      Sent reply
[92mINFO [0m:      
[92mINFO [0m:      Received: train message bb5a6cb6-f073-4283-9cdb-2b313800fb5b
[92mINFO [0m:      Sent reply
[92mINFO [0m:      
[92mINFO [0m:      Received: evaluate message e6aba6e6-b070-423c-9735-cd2a24e47302
[92mINFO [0m:      Sent reply
[92mINFO [0m:      
[92mINFO [0m:      Received: train message da187fdc-75b6-432d-8e26-b6166ff610ca
[92mINFO [0m:      Sent reply
[92mINFO [0m:      
[92mINFO [0m:      Received: evaluate message 16443b98-6672-4388-87b3-5675dd9d14c7
[92mINFO [0m:      Sent reply
[92mINFO [0m:      
[92mINFO [0m:      Received: train message f11b155d-6f27-4873-898b-328dbadbfdc8
[92mINFO [0m:      Sent reply
[92mINFO [0m:      
[92mINFO [0m:      Received: evaluate message 1fcb6a6f-2f94-4b95-a84c-60cfccb82028
[92mINFO [0m:      Sent reply
[92mINFO [0m:      
[92mINFO [0m:      Received: train message 3eaf8a2e-2e9e-483a-b956-514539c5d341
[92mINFO [0m:      Sent reply
[92mINFO [0m:      
[92mINFO [0m:      Received: evaluate message 05afe327-3030-452e-bfdd-d19fdcdb3996
[92mINFO [0m:      Sent reply
[92mINFO [0m:      
[92mINFO [0m:      Received: train message cebafd81-bcee-4c1e-817a-bff140cf1e14
[92mINFO [0m:      Sent reply
[92mINFO [0m:      
[92mINFO [0m:      Received: evaluate message b7e6e5a0-68fb-49fd-86a2-ae2706753feb
[92mINFO [0m:      Sent reply
[92mINFO [0m:      
[92mINFO [0m:      Received: train message f4cd8854-7d40-4e6a-8cd3-07dfd3eddf87
[92mINFO [0m:      Sent reply
[92mINFO [0m:      
[92mINFO [0m:      Received: evaluate message bf262df7-005a-4ba3-a073-1cd98b0bcd70
[92mINFO [0m:      Sent reply
[92mINFO [0m:      
[92mINFO [0m:      Received: train message 9b505555-9264-41e8-879a-1d9cca2d152b
[92mINFO [0m:      Sent reply
[92mINFO [0m:      
[92mINFO [0m:      Received: evaluate message 6b8cecaa-8149-40a4-bec3-4c17b5338147
[92mINFO [0m:      Sent reply
[92mINFO [0m:      
[92mINFO [0m:      Received: train message 7d9fc875-1f60-401b-b7e7-c02fb13faf70
[92mINFO [0m:      Sent reply
[92mINFO [0m:      
[92mINFO [0m:      Received: evaluate message b89e3ec5-3e52-4798-be94-f8d6d7e32d82
[92mINFO [0m:      Sent reply
[92mINFO [0m:      
[92mINFO [0m:      Received: train message 3036f40b-7de0-4440-acff-d50973f31e7d
[92mINFO [0m:      Sent reply
[92mINFO [0m:      
[92mINFO [0m:      Received: evaluate message 475c315c-0ca4-484b-aa99-79b29f1dafd3
[92mINFO [0m:      Sent reply
[92mINFO [0m:      
[92mINFO [0m:      Received: train message 82daff2a-8720-479a-a24c-31d20de2807b
[92mINFO [0m:      Sent reply
[92mINFO [0m:      
[92mINFO [0m:      Received: evaluate message 1f50a303-e149-4b36-9c20-b0b5a1b44b6d
[92mINFO [0m:      Sent reply
[92mINFO [0m:      
[92mINFO [0m:      Received: train message f653a966-a70c-4281-b100-0555ef18558d
[92mINFO [0m:      Sent reply
[92mINFO [0m:      
[92mINFO [0m:      Received: evaluate message 09d9ebf3-9d04-4356-9492-2712a2a04b24
[92mINFO [0m:      Sent reply
[92mINFO [0m:      
[92mINFO [0m:      Received: train message 81e2362f-1cf3-4b2f-b22f-9e196a8e67d4
[92mINFO [0m:      Sent reply
[92mINFO [0m:      
[92mINFO [0m:      Received: evaluate message 9e17af48-d74a-4485-bf00-8a943c885c4f
[92mINFO [0m:      Sent reply
[92mINFO [0m:      
[92mINFO [0m:      Received: train message fbbff2d4-3c94-4379-b817-ebdd76cf8620
[92mINFO [0m:      Sent reply
[92mINFO [0m:      
[92mINFO [0m:      Received: evaluate message c78901a9-4d9c-460f-91ef-a6e6788d9c2a
[92mINFO [0m:      Sent reply
[92mINFO [0m:      
[92mINFO [0m:      Received: train message 64278e8f-726a-45a4-a475-4953f04c3ac6
[92mINFO [0m:      Sent reply
[92mINFO [0m:      
[92mINFO [0m:      Received: evaluate message 605f853b-c8e3-42dc-8169-69bb51daa46d
[92mINFO [0m:      Sent reply
[92mINFO [0m:      
[92mINFO [0m:      Received: train message d9f0d6d5-cae6-4bd5-b867-1f73d6d58efe
[92mINFO [0m:      Sent reply
[92mINFO [0m:      
[92mINFO [0m:      Received: evaluate message 35fdaf7c-e611-4d6d-b786-2341a5fd35bf
[92mINFO [0m:      Sent reply
[92mINFO [0m:      
[92mINFO [0m:      Received: train message 574cd246-fc6c-40a0-af82-614ec0fd1014
[92mINFO [0m:      Sent reply
[92mINFO [0m:      
[92mINFO [0m:      Received: evaluate message e08b5d58-1d64-4290-8452-a30a432ac8e2
[92mINFO [0m:      Sent reply
[92mINFO [0m:      
[92mINFO [0m:      Received: train message 0b7a0c34-6846-4850-b4be-e2a8775fa09b
[92mINFO [0m:      Sent reply
[92mINFO [0m:      
[92mINFO [0m:      Received: evaluate message 429a5da3-5ac9-43b7-a92d-f3b2780010c3
[92mINFO [0m:      Sent reply
[92mINFO [0m:      
[92mINFO [0m:      Received: train message ffb79730-69bc-4870-a2ad-e9c856e163fc
[92mINFO [0m:      Sent reply
[92mINFO [0m:      
[92mINFO [0m:      Received: evaluate message 58c9c3df-d9cf-4dc6-89df-23a23a09783f
[92mINFO [0m:      Sent reply
[92mINFO [0m:      
[92mINFO [0m:      Received: train message d5a64ad4-ea48-4155-956c-eb0e81d0be17
[92mINFO [0m:      Sent reply
[92mINFO [0m:      
[92mINFO [0m:      Received: evaluate message 06361c43-94c2-4276-b26d-22a012bfdcf6
[92mINFO [0m:      Sent reply
[92mINFO [0m:      
[92mINFO [0m:      Received: train message 25cba4d0-47ab-4069-960e-f5ad58b66cce
[92mINFO [0m:      Sent reply
[92mINFO [0m:      
[92mINFO [0m:      Received: evaluate message d060d3af-e5b8-4d2a-bc7d-edc53794139e
[92mINFO [0m:      Sent reply
[92mINFO [0m:      
[92mINFO [0m:      Received: train message 154c3446-a388-40b9-88a3-b75f5ec19aaf
[92mINFO [0m:      Sent reply
[92mINFO [0m:      
[92mINFO [0m:      Received: evaluate message a16796bc-089c-4597-acf6-ea875943f32a
[92mINFO [0m:      Sent reply
[92mINFO [0m:      
[92mINFO [0m:      Received: train message eb44de23-b107-47ae-b16b-8d244d624e45
[92mINFO [0m:      Sent reply
[92mINFO [0m:      
[92mINFO [0m:      Received: evaluate message 76e162da-09c2-4cd9-85e3-9dcda127c1d3
[92mINFO [0m:      Sent reply
[92mINFO [0m:      
[92mINFO [0m:      Received: train message 728f3297-1886-4163-a753-de38ab91dfd9
[92mINFO [0m:      Sent reply
[92mINFO [0m:      
[92mINFO [0m:      Received: evaluate message 6dd57a41-8ca5-409a-9486-24cc044ff975
[92mINFO [0m:      Sent reply
[92mINFO [0m:      
[92mINFO [0m:      Received: train message 481f5212-8dba-4e94-9154-0d2dc8b032cf
[92mINFO [0m:      Sent reply
[92mINFO [0m:      
[92mINFO [0m:      Received: evaluate message 63864e94-06ed-4e52-b44e-5837ed405bfc
[92mINFO [0m:      Sent reply
[92mINFO [0m:      
[92mINFO [0m:      Received: train message 62515721-d5a4-4b5c-8191-7b7e0c4fa752
[92mINFO [0m:      Sent reply
[92mINFO [0m:      
[92mINFO [0m:      Received: evaluate message 620b4778-c359-45af-87dc-be4f04da105a
[92mINFO [0m:      Sent reply
[92mINFO [0m:      
[92mINFO [0m:      Received: train message b1a7147f-5cc4-4788-ae91-38118f1bb2b5
[92mINFO [0m:      Sent reply
[92mINFO [0m:      
[92mINFO [0m:      Received: evaluate message 76936a6a-0b7b-4de1-a5c9-5c63b032c42e
[92mINFO [0m:      Sent reply
[92mINFO [0m:      
[92mINFO [0m:      Received: train message 32f635bf-14e9-4065-800b-c7e0813b5e4e
[92mINFO [0m:      Sent reply
[92mINFO [0m:      
[92mINFO [0m:      Received: evaluate message 74892a49-91dd-4ff6-a63c-ec24dcf86204
[92mINFO [0m:      Sent reply
[92mINFO [0m:      
[92mINFO [0m:      Received: train message 69def4fa-248d-4150-82e4-c2f1add03f20
[92mINFO [0m:      Sent reply
[92mINFO [0m:      
[92mINFO [0m:      Received: evaluate message fdf01fa5-8249-4cff-84fe-4eb195e39ccd
[92mINFO [0m:      Sent reply
[92mINFO [0m:      
[92mINFO [0m:      Received: train message 607de2d8-4bf9-4a1d-99cd-d0b0a1471899
[92mINFO [0m:      Sent reply
[92mINFO [0m:      
[92mINFO [0m:      Received: evaluate message 36aef432-1235-453d-979e-28982c6f3ee2
[92mINFO [0m:      Sent reply
[92mINFO [0m:      
[92mINFO [0m:      Received: train message 2c87ed6a-48f5-49ff-9531-c4a04dae6693
[92mINFO [0m:      Sent reply
[92mINFO [0m:      
[92mINFO [0m:      Received: evaluate message e443cae8-9b52-4d43-b2b8-286a58ca57c8
[92mINFO [0m:      Sent reply
[92mINFO [0m:      
[92mINFO [0m:      Received: train message 166953a8-5bf9-4f05-8f3d-0a27f6a16ea5
[92mINFO [0m:      Sent reply
[92mINFO [0m:      
[92mINFO [0m:      Received: evaluate message f418b776-4d12-4d68-be8d-2f80fa80fd06
[92mINFO [0m:      Sent reply
[92mINFO [0m:      
[92mINFO [0m:      Received: train message 789c5395-6ccf-4b25-888c-2af840ef4703
[92mINFO [0m:      Sent reply
[92mINFO [0m:      
[92mINFO [0m:      Received: evaluate message b1f866c4-9265-4104-8a2d-fc62d73961eb
[92mINFO [0m:      Sent reply
[92mINFO [0m:      
[92mINFO [0m:      Received: train message bc4fd993-c11d-44fe-a19e-09f11e429d44
[92mINFO [0m:      Sent reply
[92mINFO [0m:      
[92mINFO [0m:      Received: evaluate message 65a16d26-7bfa-4be9-b976-db94c0c33f0f
[92mINFO [0m:      Sent reply
[92mINFO [0m:      
[92mINFO [0m:      Received: train message 7dff0804-f81e-44d5-868f-06512cd70423
[92mINFO [0m:      Sent reply
[92mINFO [0m:      
[92mINFO [0m:      Received: evaluate message 5b030a78-3a20-4413-8f22-ea8148e7fab9
[92mINFO [0m:      Sent reply
[92mINFO [0m:      
[92mINFO [0m:      Received: train message 11be3dae-ffad-4442-a970-c2ac5cf7f6cd
[92mINFO [0m:      Sent reply
[92mINFO [0m:      
[92mINFO [0m:      Received: evaluate message 70784238-ecbf-4b30-ae3f-6ef27252010c
[92mINFO [0m:      Sent reply
[92mINFO [0m:      
[92mINFO [0m:      Received: train message f62ff8c8-0e72-4e1e-9b4e-72c5426679be
[92mINFO [0m:      Sent reply
[92mINFO [0m:      
[92mINFO [0m:      Received: evaluate message 296e7c44-0cd1-48e3-8e9e-a8eae56bfdd0
[92mINFO [0m:      Sent reply
[92mINFO [0m:      
[92mINFO [0m:      Received: train message 64d0a26c-b89a-48d5-8f9e-135a452586f8
[92mINFO [0m:      Sent reply
[92mINFO [0m:      
[92mINFO [0m:      Received: evaluate message cbb03b2b-c7b9-43e4-aa19-0b122e361db9
[92mINFO [0m:      Sent reply
[92mINFO [0m:      
[92mINFO [0m:      Received: reconnect message caa4340a-5baf-464e-8125-b9e6d5d339c9
[92mINFO [0m:      Disconnect and shut down
