[93mWARNING [0m:   DEPRECATED FEATURE: flwr.client.start_client() is deprecated.
	Instead, use the `flower-supernode` CLI command to start a SuperNode as shown below:

		$ flower-supernode --insecure --superlink='<IP>:<PORT>'

	To view all available options, run:

		$ flower-supernode --help

	Using `start_client()` is deprecated.

            This is a deprecated feature. It will be removed
            entirely in future versions of Flower.
        
[92mINFO [0m:      
[92mINFO [0m:      Received: train message 6795c0d9-ef8e-48c8-885b-6e852d5d4240
[92mINFO [0m:      Sent reply
[92mINFO [0m:      
[92mINFO [0m:      Received: evaluate message cec4a10f-e741-4090-9575-9e3a92f40141
[92mINFO [0m:      Sent reply
[92mINFO [0m:      
[92mINFO [0m:      Received: train message a3ca92d2-fb50-4bb7-b43b-07d86ee4163f
[92mINFO [0m:      Sent reply
[92mINFO [0m:      
[92mINFO [0m:      Received: evaluate message fb8ed506-5404-45e5-8a38-0868549eabbb
[92mINFO [0m:      Sent reply
[92mINFO [0m:      
[92mINFO [0m:      Received: train message 0543c4da-56c2-441b-bde2-4743a9520d06
[92mINFO [0m:      Sent reply
[92mINFO [0m:      
[92mINFO [0m:      Received: evaluate message 88f44618-a84e-4cdb-b2d9-0c7f8d5a800c
[92mINFO [0m:      Sent reply
[92mINFO [0m:      
[92mINFO [0m:      Received: train message e0732c37-29c3-4644-ac80-bfbfbc62b2e4
[92mINFO [0m:      Sent reply
[92mINFO [0m:      
[92mINFO [0m:      Received: evaluate message d2c5ace5-908d-4a0c-9e47-c2635cb6cdb7
[92mINFO [0m:      Sent reply
[92mINFO [0m:      
[92mINFO [0m:      Received: train message 9eb78e3a-679c-494b-a6b7-c82ffe253a93
[92mINFO [0m:      Sent reply
[92mINFO [0m:      
[92mINFO [0m:      Received: evaluate message 8a0898de-77d2-45b2-a411-ebe71c628894
[92mINFO [0m:      Sent reply
[92mINFO [0m:      
[92mINFO [0m:      Received: train message fa0859df-7e17-47e3-94cb-5e0a406952ea
[92mINFO [0m:      Sent reply
[92mINFO [0m:      
[92mINFO [0m:      Received: evaluate message 06c542da-6465-407c-b6f0-a7f67fe18df2
[92mINFO [0m:      Sent reply
[92mINFO [0m:      
[92mINFO [0m:      Received: train message 077f55d1-a2e6-4609-95c5-27893d2d1980
[92mINFO [0m:      Sent reply
[92mINFO [0m:      
[92mINFO [0m:      Received: evaluate message c75808cf-c4d8-4d63-920e-2dfa6850cfc5
[92mINFO [0m:      Sent reply
[92mINFO [0m:      
[92mINFO [0m:      Received: train message 22b84418-dbbe-434e-a4ca-6e487652471f
[92mINFO [0m:      Sent reply
[92mINFO [0m:      
[92mINFO [0m:      Received: evaluate message 30655a70-1617-4f7e-8289-4a6065c22acd
[92mINFO [0m:      Sent reply
[92mINFO [0m:      
[92mINFO [0m:      Received: train message 28fe3743-e332-47b7-ae8e-7093fd1001e9
[92mINFO [0m:      Sent reply
[92mINFO [0m:      
[92mINFO [0m:      Received: evaluate message a8be56ef-5698-4244-adf8-8a6a1f2958f6
[92mINFO [0m:      Sent reply
[92mINFO [0m:      
[92mINFO [0m:      Received: train message 56727207-d38a-4fd3-b9ef-dfa07e2b4179
[92mINFO [0m:      Sent reply
[92mINFO [0m:      
[92mINFO [0m:      Received: evaluate message 824d21b1-759c-45a9-9067-2d40c8a2b4be
[92mINFO [0m:      Sent reply
[92mINFO [0m:      
[92mINFO [0m:      Received: train message ca29ec49-41bb-4a2a-a346-44bd58dca4fa
[92mINFO [0m:      Sent reply
[92mINFO [0m:      
[92mINFO [0m:      Received: evaluate message fa8a760b-9d94-487e-8364-ecfa9f24dcaf
[92mINFO [0m:      Sent reply
[92mINFO [0m:      
[92mINFO [0m:      Received: train message 7c6d4541-50ff-44d0-968f-ca041f02459c
[92mINFO [0m:      Sent reply
[92mINFO [0m:      
[92mINFO [0m:      Received: evaluate message e364512c-ec07-4329-bf96-1c4f690959b5
[92mINFO [0m:      Sent reply
[92mINFO [0m:      
[92mINFO [0m:      Received: train message ea2cb04e-2407-4787-950d-7b640db379f8
[92mINFO [0m:      Sent reply
[92mINFO [0m:      
[92mINFO [0m:      Received: evaluate message 4ebe12b4-eace-4511-b084-81657913e216
[92mINFO [0m:      Sent reply
[92mINFO [0m:      
[92mINFO [0m:      Received: train message baa547a7-928c-45b5-8efa-c1329f054d30
[92mINFO [0m:      Sent reply
[92mINFO [0m:      
[92mINFO [0m:      Received: evaluate message 715e6a8b-4b3b-491b-8ffe-462e0a0cc6a7
[92mINFO [0m:      Sent reply
[92mINFO [0m:      
[92mINFO [0m:      Received: train message 67ee2676-4b41-4b2d-8bb8-4e148190d989
[92mINFO [0m:      Sent reply
[92mINFO [0m:      
[92mINFO [0m:      Received: evaluate message 04356065-08df-49c9-94f7-5268655ad794
[92mINFO [0m:      Sent reply
[92mINFO [0m:      
[92mINFO [0m:      Received: train message 2a691c5d-31e5-4130-8697-c9deca595e96
[92mINFO [0m:      Sent reply
[92mINFO [0m:      
[92mINFO [0m:      Received: evaluate message 24e3b482-a2b6-43cb-80bb-724bae96168e
[92mINFO [0m:      Sent reply
[92mINFO [0m:      
[92mINFO [0m:      Received: train message c7d7e007-e9ff-466e-9199-e183b08d6274
[92mINFO [0m:      Sent reply
[92mINFO [0m:      
[92mINFO [0m:      Received: evaluate message 8b6e4213-b233-4e9e-9ffa-da98f869df21
[92mINFO [0m:      Sent reply
[92mINFO [0m:      
[92mINFO [0m:      Received: train message 2d12de37-1aa0-48cc-8e36-adac17de963a
[92mINFO [0m:      Sent reply
[92mINFO [0m:      
[92mINFO [0m:      Received: evaluate message fd534271-ce1c-4d60-b1a3-8d8b892092e8
[92mINFO [0m:      Sent reply
[92mINFO [0m:      
[92mINFO [0m:      Received: train message 778d5d0a-fcb0-4523-b9d2-988266dafcac
[92mINFO [0m:      Sent reply
[92mINFO [0m:      
[92mINFO [0m:      Received: evaluate message d5862760-0b4b-4dbd-a88e-9ebd7b36063b
[92mINFO [0m:      Sent reply
[92mINFO [0m:      
[92mINFO [0m:      Received: train message 8aa4925d-51bf-4266-bb1d-ebaca524a4df
[92mINFO [0m:      Sent reply
[92mINFO [0m:      
[92mINFO [0m:      Received: evaluate message 7aba1b6b-1edb-4aaf-b840-47c2e46f5ac7
[92mINFO [0m:      Sent reply
[92mINFO [0m:      
[92mINFO [0m:      Received: train message e944574d-fa9e-4923-91bf-286c7e2f313c
[92mINFO [0m:      Sent reply
[92mINFO [0m:      
[92mINFO [0m:      Received: evaluate message 205674b4-971f-4da1-a49d-de85e6494644
[92mINFO [0m:      Sent reply
[92mINFO [0m:      
[92mINFO [0m:      Received: train message 04fcb44e-9df6-46c0-a45c-6a59c1352878
[92mINFO [0m:      Sent reply
[92mINFO [0m:      
[92mINFO [0m:      Received: evaluate message ffb4dd5d-9a08-43a3-b078-814e4aae4b76
[92mINFO [0m:      Sent reply
[92mINFO [0m:      
[92mINFO [0m:      Received: train message aa0eb3bb-4fc0-47de-9851-b066f0b976cb
[92mINFO [0m:      Sent reply
[92mINFO [0m:      
[92mINFO [0m:      Received: evaluate message 84740235-5e98-4a2e-ae5d-ca180df88dcb
[92mINFO [0m:      Sent reply
[92mINFO [0m:      
[92mINFO [0m:      Received: train message a66865d6-9864-4fb0-9590-cb7eaec3da2b
[92mINFO [0m:      Sent reply
[92mINFO [0m:      
[92mINFO [0m:      Received: evaluate message ae34e910-1ec6-45c2-8e4e-e510bd90822d
[92mINFO [0m:      Sent reply
[92mINFO [0m:      
[92mINFO [0m:      Received: train message 59e0ce60-a8cd-434d-90da-44f0109fa40d
[92mINFO [0m:      Sent reply
[92mINFO [0m:      
[92mINFO [0m:      Received: evaluate message 9916ac46-c273-4f31-b310-b4948dc77f2f
[92mINFO [0m:      Sent reply
[92mINFO [0m:      
[92mINFO [0m:      Received: train message f8812371-404e-47d1-9546-1929686fbbe7
[92mINFO [0m:      Sent reply
[92mINFO [0m:      
[92mINFO [0m:      Received: evaluate message fefe8969-ed2d-43b2-9af1-6cb04f1985af
[92mINFO [0m:      Sent reply
[92mINFO [0m:      
[92mINFO [0m:      Received: train message d823f00f-13b4-42ec-8dd7-9e79c2c730ab
[92mINFO [0m:      Sent reply
[92mINFO [0m:      
[92mINFO [0m:      Received: evaluate message 79576c09-14a6-47e4-93d6-ff6808aff7a8
[92mINFO [0m:      Sent reply
[92mINFO [0m:      
[92mINFO [0m:      Received: train message 7fbd7437-9463-4470-84d2-bbd07bddbd79
[92mINFO [0m:      Sent reply
[92mINFO [0m:      
[92mINFO [0m:      Received: evaluate message 42d251d1-69ce-4959-b8ef-c0101fa8206e
[92mINFO [0m:      Sent reply
[92mINFO [0m:      
[92mINFO [0m:      Received: train message 0ea47975-9137-4139-a241-5f5f04c45766
[92mINFO [0m:      Sent reply
[92mINFO [0m:      
[92mINFO [0m:      Received: evaluate message 9da5b53d-1b19-4c05-a026-154186c1cf66
[92mINFO [0m:      Sent reply
[92mINFO [0m:      
[92mINFO [0m:      Received: train message 6eb97d21-85af-4b2d-bd30-09891aa90953
[92mINFO [0m:      Sent reply
[92mINFO [0m:      
[92mINFO [0m:      Received: evaluate message a3df152f-96eb-42a7-9d59-3d9a36badfeb
[92mINFO [0m:      Sent reply
[92mINFO [0m:      
[92mINFO [0m:      Received: train message 876c3b13-7cde-4fdb-9d83-e7b3d0343d61
[92mINFO [0m:      Sent reply
[92mINFO [0m:      
[92mINFO [0m:      Received: evaluate message ad72fdbc-7514-461a-b5be-28b7733952a5
[92mINFO [0m:      Sent reply
[92mINFO [0m:      
[92mINFO [0m:      Received: train message 0884af43-8153-449d-aca4-dbaa8890b5b8
[92mINFO [0m:      Sent reply
[92mINFO [0m:      
[92mINFO [0m:      Received: evaluate message bfc11732-edaf-4db2-b0a4-fecb5c8ba429
[92mINFO [0m:      Sent reply
[92mINFO [0m:      
[92mINFO [0m:      Received: train message 20fd7b46-2ed9-44ec-8976-ebe1add5f38a
[92mINFO [0m:      Sent reply
[92mINFO [0m:      
[92mINFO [0m:      Received: evaluate message cd4c1100-2fa5-4b7d-8e42-11705b9bd584
[92mINFO [0m:      Sent reply
[92mINFO [0m:      
[92mINFO [0m:      Received: train message 01ee4998-09b7-4029-9385-474d043301a4
[92mINFO [0m:      Sent reply
[92mINFO [0m:      
[92mINFO [0m:      Received: evaluate message 1e9d7966-1d30-46ac-b757-191e51762af6
[92mINFO [0m:      Sent reply
[92mINFO [0m:      
[92mINFO [0m:      Received: train message 028ea027-d4ee-471a-ac8c-0457aff8ed29
[92mINFO [0m:      Sent reply
[92mINFO [0m:      
[92mINFO [0m:      Received: evaluate message 04804bfc-7adb-4a77-bb6d-000f72894a5c
[92mINFO [0m:      Sent reply
[92mINFO [0m:      
[92mINFO [0m:      Received: train message 454ceca4-c3cc-4767-9b66-15e69d636733
[92mINFO [0m:      Sent reply
[92mINFO [0m:      
[92mINFO [0m:      Received: evaluate message 2353d32e-f992-49ac-8f5a-40445a5c53b2
[92mINFO [0m:      Sent reply
[92mINFO [0m:      
[92mINFO [0m:      Received: train message db4f9c65-17cd-4069-8b3b-8c7f30a96d51
[92mINFO [0m:      Sent reply
[92mINFO [0m:      
[92mINFO [0m:      Received: evaluate message c26e1ce0-3676-498b-9cd7-4164b0b1812b
[92mINFO [0m:      Sent reply
[92mINFO [0m:      
[92mINFO [0m:      Received: train message 4fdb8dd4-de39-40a2-98a1-2c7e26539d2e
[92mINFO [0m:      Sent reply
[92mINFO [0m:      
[92mINFO [0m:      Received: evaluate message 0d6507f9-cf71-4159-920b-19b9b16c8a27
[92mINFO [0m:      Sent reply
[92mINFO [0m:      
[92mINFO [0m:      Received: train message 69b6dd31-2d51-430b-b235-081cfb48d5f4
[92mINFO [0m:      Sent reply
[92mINFO [0m:      
[92mINFO [0m:      Received: evaluate message 02856649-e7c4-49bc-a129-144466a4ea5f
[92mINFO [0m:      Sent reply
[92mINFO [0m:      
[92mINFO [0m:      Received: train message 35e51ebc-b7c5-4355-a4e3-f0ee5f0540e1
[92mINFO [0m:      Sent reply
[92mINFO [0m:      
[92mINFO [0m:      Received: evaluate message d40696c8-3886-43f4-abab-ce5a3c3c5987
[92mINFO [0m:      Sent reply
[92mINFO [0m:      
[92mINFO [0m:      Received: train message 59519fd2-a367-48b5-88a1-93457c122798
[92mINFO [0m:      Sent reply
[92mINFO [0m:      
[92mINFO [0m:      Received: evaluate message 75e92c39-a631-4982-a685-3eddca9812dd
[92mINFO [0m:      Sent reply
[92mINFO [0m:      
[92mINFO [0m:      Received: train message 1d13eb1e-f7cb-4a35-87fb-c5cc0fd1ea86
[92mINFO [0m:      Sent reply
[92mINFO [0m:      
[92mINFO [0m:      Received: evaluate message 876baecf-77df-4a77-8334-f7350e077c63
[92mINFO [0m:      Sent reply
[92mINFO [0m:      
[92mINFO [0m:      Received: train message ced2970e-7985-4a3a-9dd7-658329423510
[92mINFO [0m:      Sent reply
[92mINFO [0m:      
[92mINFO [0m:      Received: evaluate message b1ed1d08-e58d-4753-a394-950747c36430
[92mINFO [0m:      Sent reply
[92mINFO [0m:      
[92mINFO [0m:      Received: train message 280f4b69-83d6-4e10-9caf-67aa1ea47c3e
[92mINFO [0m:      Sent reply
[92mINFO [0m:      
[92mINFO [0m:      Received: evaluate message 7fbc5fb1-16be-4b66-a665-26ecbe9e3682
[92mINFO [0m:      Sent reply
[92mINFO [0m:      
[92mINFO [0m:      Received: train message cdc369ff-ae7b-48e0-a8ed-67194753ebaf
[92mINFO [0m:      Sent reply
[92mINFO [0m:      
[92mINFO [0m:      Received: evaluate message 2db4d2b1-868c-486b-a98e-83a047f5ad20
[92mINFO [0m:      Sent reply
[92mINFO [0m:      
[92mINFO [0m:      Received: train message c5071b4c-f584-4dd3-8827-170e6c71d7f0
[92mINFO [0m:      Sent reply
[92mINFO [0m:      
[92mINFO [0m:      Received: evaluate message 685423b5-07fd-4ecd-adff-9a4135fb5671
[92mINFO [0m:      Sent reply
[92mINFO [0m:      
[92mINFO [0m:      Received: train message b51dd7e0-415c-4246-b958-041b701636c5
[92mINFO [0m:      Sent reply
[92mINFO [0m:      
[92mINFO [0m:      Received: evaluate message 5b9de465-0942-404f-9f03-73dd6c5c17cc
[92mINFO [0m:      Sent reply
[92mINFO [0m:      
[92mINFO [0m:      Received: train message 376c7d60-b664-42b5-ada1-645c0d3bda7a
[92mINFO [0m:      Sent reply
[92mINFO [0m:      
[92mINFO [0m:      Received: evaluate message 796e0c73-bc78-4a44-b022-fb22a8f08621
[92mINFO [0m:      Sent reply
[92mINFO [0m:      
[92mINFO [0m:      Received: train message f3a64981-f305-44df-ba51-19fa10c6d635
[92mINFO [0m:      Sent reply
[92mINFO [0m:      
[92mINFO [0m:      Received: evaluate message 44719212-5484-4fb9-a9a0-888d45384fe3
[92mINFO [0m:      Sent reply
[92mINFO [0m:      
[92mINFO [0m:      Received: train message ce1e1740-3edc-4b4a-9246-8cca8bdf3c3c
[92mINFO [0m:      Sent reply
[92mINFO [0m:      
[92mINFO [0m:      Received: evaluate message 071a72d6-32b0-4b30-af86-6e06c34055ab
[92mINFO [0m:      Sent reply
[92mINFO [0m:      
[92mINFO [0m:      Received: reconnect message c9bb0603-cfd8-4f25-ac10-e4b092c70c27
[92mINFO [0m:      Disconnect and shut down
