[93mWARNING [0m:   DEPRECATED FEATURE: flwr.client.start_client() is deprecated.
	Instead, use the `flower-supernode` CLI command to start a SuperNode as shown below:

		$ flower-supernode --insecure --superlink='<IP>:<PORT>'

	To view all available options, run:

		$ flower-supernode --help

	Using `start_client()` is deprecated.

            This is a deprecated feature. It will be removed
            entirely in future versions of Flower.
        
[92mINFO [0m:      
[92mINFO [0m:      Received: train message b98205be-6c1b-46a5-89a0-30087d59625a
[92mINFO [0m:      Sent reply
[92mINFO [0m:      
[92mINFO [0m:      Received: evaluate message f92ca653-4077-4114-a953-4b61c7c0da14
[92mINFO [0m:      Sent reply
[92mINFO [0m:      
[92mINFO [0m:      Received: train message 44b4ca92-7b69-4602-abc4-be6ae5983163
[92mINFO [0m:      Sent reply
[92mINFO [0m:      
[92mINFO [0m:      Received: evaluate message 53ce2c94-d18d-4337-bd3f-c04e0b8940ef
[92mINFO [0m:      Sent reply
[92mINFO [0m:      
[92mINFO [0m:      Received: train message 1779619f-f181-4033-882a-49c1071a0061
[92mINFO [0m:      Sent reply
[92mINFO [0m:      
[92mINFO [0m:      Received: train message 622c2d05-d8d8-4278-b8e1-674a94010d80
[92mINFO [0m:      Sent reply
[92mINFO [0m:      
[92mINFO [0m:      Received: train message 84996d1d-2d8c-4b3f-8053-6a0d2de65bb6
[92mINFO [0m:      Sent reply
[92mINFO [0m:      
[92mINFO [0m:      Received: train message 5db88a1e-274f-4384-b9f6-0e6bf4e6c723
[92mINFO [0m:      Sent reply
[92mINFO [0m:      
[92mINFO [0m:      Received: evaluate message 15bc412b-da09-4996-8491-925f96939efa
[92mINFO [0m:      Sent reply
[92mINFO [0m:      
[92mINFO [0m:      Received: evaluate message 3408eb01-e086-4080-91e3-af24772a084a
[92mINFO [0m:      Sent reply
[92mINFO [0m:      
[92mINFO [0m:      Received: train message 4f0b8817-e6e4-4df6-bc5b-3da5b65a4e53
[92mINFO [0m:      Sent reply
[92mINFO [0m:      
[92mINFO [0m:      Received: evaluate message 3173f8a9-aaa3-4fe0-ae0b-996c6297a114
[92mINFO [0m:      Sent reply
[92mINFO [0m:      
[92mINFO [0m:      Received: train message 4122b86d-f692-43f5-9f8c-105f04739893
[92mINFO [0m:      Sent reply
[92mINFO [0m:      
[92mINFO [0m:      Received: evaluate message a61169e3-408f-417a-bbf5-7ad97b210524
[92mINFO [0m:      Sent reply
[92mINFO [0m:      
[92mINFO [0m:      Received: train message 87548431-c836-4f3b-aaf7-57b6e77f8a08
[92mINFO [0m:      Sent reply
[92mINFO [0m:      
[92mINFO [0m:      Received: train message 6a75e368-e176-4337-907f-0bd226634e49
[92mINFO [0m:      Sent reply
[92mINFO [0m:      
[92mINFO [0m:      Received: train message de33e114-0a8e-4858-954c-ec83abe68ce2
[92mINFO [0m:      Sent reply
[92mINFO [0m:      
[92mINFO [0m:      Received: train message 8728766e-e09c-4b9e-8d30-5adecaecf028
[92mINFO [0m:      Sent reply
[92mINFO [0m:      
[92mINFO [0m:      Received: evaluate message 12f90ffd-efb8-4fa8-93f2-08dd5aa3b587
[92mINFO [0m:      Sent reply
[92mINFO [0m:      
[92mINFO [0m:      Received: train message 7f04a973-095a-4088-bc74-b3a3ddf9f9f2
[92mINFO [0m:      Sent reply
[92mINFO [0m:      
[92mINFO [0m:      Received: evaluate message 3a77122d-7817-4251-89c6-45d9a47f97f7
[92mINFO [0m:      Sent reply
[92mINFO [0m:      
[92mINFO [0m:      Received: train message 94f3442c-fb74-4c0a-80da-4dec08df5f67
[92mINFO [0m:      Sent reply
[92mINFO [0m:      
[92mINFO [0m:      Received: evaluate message 581017bb-c55e-428b-82a8-96e6f152ff1d
[92mINFO [0m:      Sent reply
[92mINFO [0m:      
[92mINFO [0m:      Received: train message 9b7f8061-bb10-4bfa-8a0f-b1f6be3e717c
[92mINFO [0m:      Sent reply
[92mINFO [0m:      
[92mINFO [0m:      Received: train message a1378b10-7670-483c-a9df-20f227912bc2
[92mINFO [0m:      Sent reply
[92mINFO [0m:      
[92mINFO [0m:      Received: evaluate message e2b94617-fe95-4616-94a5-46f84c1c93cc
[92mINFO [0m:      Sent reply
[92mINFO [0m:      
[92mINFO [0m:      Received: evaluate message 42eeb0c7-a254-4b79-b466-fcac0b8637ee
[92mINFO [0m:      Sent reply
[92mINFO [0m:      
[92mINFO [0m:      Received: evaluate message f71902b6-b683-48c8-8200-2e8680f3cb00
[92mINFO [0m:      Sent reply
[92mINFO [0m:      
[92mINFO [0m:      Received: train message d10a35ac-d016-4792-a19f-4c800d98862f
[92mINFO [0m:      Sent reply
[92mINFO [0m:      
[92mINFO [0m:      Received: evaluate message 205e13b2-229a-4ea7-bcb8-85dee84e2e92
[92mINFO [0m:      Sent reply
[92mINFO [0m:      
[92mINFO [0m:      Received: evaluate message bce1fd13-85ef-4ff3-a4e3-f1c78198ce6a
[92mINFO [0m:      Sent reply
[92mINFO [0m:      
[92mINFO [0m:      Received: reconnect message 9bb6d64c-554a-488d-a835-e64038cbc80a
[92mINFO [0m:      Disconnect and shut down
