[93mWARNING [0m:   DEPRECATED FEATURE: flwr.client.start_client() is deprecated.
	Instead, use the `flower-supernode` CLI command to start a SuperNode as shown below:

		$ flower-supernode --insecure --superlink='<IP>:<PORT>'

	To view all available options, run:

		$ flower-supernode --help

	Using `start_client()` is deprecated.

            This is a deprecated feature. It will be removed
            entirely in future versions of Flower.
        
[92mINFO [0m:      
[92mINFO [0m:      Received: train message b5a38247-a63f-4a2e-bd7f-3fc6fffefb93
[92mINFO [0m:      Sent reply
[92mINFO [0m:      
[92mINFO [0m:      Received: evaluate message 5060ea66-4cff-46ed-8524-fc8b1d42b067
[92mINFO [0m:      Sent reply
[92mINFO [0m:      
[92mINFO [0m:      Received: train message 068797cb-5d08-4a74-9c1f-b5ebe82b6bb6
[92mINFO [0m:      Sent reply
[92mINFO [0m:      
[92mINFO [0m:      Received: evaluate message 455c4185-1ac8-442b-85dc-b725e21637a3
[92mINFO [0m:      Sent reply
[92mINFO [0m:      
[92mINFO [0m:      Received: train message 89bcb546-f1c3-49da-904a-61d4dac62510
[92mINFO [0m:      Sent reply
[92mINFO [0m:      
[92mINFO [0m:      Received: train message e88b983b-e234-46ca-b011-456b278fae41
[92mINFO [0m:      Sent reply
[92mINFO [0m:      
[92mINFO [0m:      Received: evaluate message 06992309-3bfc-4576-b4a7-90cb3e2f16d0
[92mINFO [0m:      Sent reply
[92mINFO [0m:      
[92mINFO [0m:      Received: evaluate message a018df20-658b-40da-9e8c-df708a9e990f
[92mINFO [0m:      Sent reply
[92mINFO [0m:      
[92mINFO [0m:      Received: train message a5987562-2792-44e0-9cb4-9e55f6146d4d
[92mINFO [0m:      Sent reply
[92mINFO [0m:      
[92mINFO [0m:      Received: evaluate message a02ea5ec-eb13-4697-8c88-49f2b5e09478
[92mINFO [0m:      Sent reply
[92mINFO [0m:      
[92mINFO [0m:      Received: evaluate message bcf61f92-b5fc-4b2d-b043-dce2d2130413
[92mINFO [0m:      Sent reply
[92mINFO [0m:      
[92mINFO [0m:      Received: train message 377afbcf-5136-4db5-9f55-2a61aa85b7fa
[92mINFO [0m:      Sent reply
[92mINFO [0m:      
[92mINFO [0m:      Received: evaluate message 0fdd8428-e9f1-4141-a9a2-feaf157db3f2
[92mINFO [0m:      Sent reply
[92mINFO [0m:      
[92mINFO [0m:      Received: train message e666a908-57e7-4bc6-b352-0606e5c3caa5
[92mINFO [0m:      Sent reply
[92mINFO [0m:      
[92mINFO [0m:      Received: evaluate message 4bc61a29-0ab6-4fe9-b54d-f9e2808a80a1
[92mINFO [0m:      Sent reply
[92mINFO [0m:      
[92mINFO [0m:      Received: train message 2910f4f4-e59d-42a9-a17b-63bb4da3b0e6
[92mINFO [0m:      Sent reply
[92mINFO [0m:      
[92mINFO [0m:      Received: train message db34c662-72b4-4cae-9353-d7b497995be1
[92mINFO [0m:      Sent reply
[92mINFO [0m:      
[92mINFO [0m:      Received: train message f3312416-75cf-45a7-855b-ac829156a0a1
[92mINFO [0m:      Sent reply
[92mINFO [0m:      
[92mINFO [0m:      Received: train message e94b1d99-0661-4555-8871-7e4d658a3654
[92mINFO [0m:      Sent reply
[92mINFO [0m:      
[92mINFO [0m:      Received: train message e3c97c47-9634-4810-804f-971f6f5957ef
[92mINFO [0m:      Sent reply
[92mINFO [0m:      
[92mINFO [0m:      Received: evaluate message bf079d5b-c065-488c-8ece-cbb4312ead32
[92mINFO [0m:      Sent reply
[92mINFO [0m:      
[92mINFO [0m:      Received: evaluate message ae62cad2-8719-474e-94c5-f54ce9991b53
[92mINFO [0m:      Sent reply
[92mINFO [0m:      
[92mINFO [0m:      Received: evaluate message d9cdb48d-e99c-477f-ad02-f5c7adc64136
[92mINFO [0m:      Sent reply
[92mINFO [0m:      
[92mINFO [0m:      Received: evaluate message 77753ba9-5b77-4cae-bac7-79836ed96950
[92mINFO [0m:      Sent reply
[92mINFO [0m:      
[92mINFO [0m:      Received: evaluate message 63042fd3-be82-46c1-8ad0-607ffce82943
[92mINFO [0m:      Sent reply
[92mINFO [0m:      
[92mINFO [0m:      Received: train message 71cd7dcf-9267-4fa7-b8dd-5b0602d27e61
[92mINFO [0m:      Sent reply
[92mINFO [0m:      
[92mINFO [0m:      Received: evaluate message 1d64e753-48dc-4fb8-8b9a-c6c9c5e8a4a4
[92mINFO [0m:      Sent reply
[92mINFO [0m:      
[92mINFO [0m:      Received: train message 77b1bf72-d5f2-48b6-acc6-a874227bd635
[92mINFO [0m:      Sent reply
[92mINFO [0m:      
[92mINFO [0m:      Received: reconnect message 27203dd5-1780-4dd2-80e9-be14d9d11fde
[92mINFO [0m:      Disconnect and shut down
