[93mWARNING [0m:   DEPRECATED FEATURE: flwr.client.start_client() is deprecated.
	Instead, use the `flower-supernode` CLI command to start a SuperNode as shown below:

		$ flower-supernode --insecure --superlink='<IP>:<PORT>'

	To view all available options, run:

		$ flower-supernode --help

	Using `start_client()` is deprecated.

            This is a deprecated feature. It will be removed
            entirely in future versions of Flower.
        
[92mINFO [0m:      
[92mINFO [0m:      Received: evaluate message 24cc63a8-893e-4226-9680-144d948bc37a
[92mINFO [0m:      Sent reply
[92mINFO [0m:      
[92mINFO [0m:      Received: train message 8abfe50c-81b7-4a2d-a1a0-91e045ee7e19
[92mINFO [0m:      Sent reply
[92mINFO [0m:      
[92mINFO [0m:      Received: evaluate message edd224b4-30d5-47a7-a772-e4671340540e
[92mINFO [0m:      Sent reply
[92mINFO [0m:      
[92mINFO [0m:      Received: train message 26ce0d9a-a119-49f9-bd87-34de5d325b75
[92mINFO [0m:      Sent reply
[92mINFO [0m:      
[92mINFO [0m:      Received: evaluate message 964a63d4-df95-456a-b1a7-6a7a92c6a17e
[92mINFO [0m:      Sent reply
[92mINFO [0m:      
[92mINFO [0m:      Received: train message a199a1fd-8a89-4204-8dd4-3262b338b8d7
[92mINFO [0m:      Sent reply
[92mINFO [0m:      
[92mINFO [0m:      Received: train message 79c6abee-3419-47aa-9a9f-07394d8a67a1
[92mINFO [0m:      Sent reply
[92mINFO [0m:      
[92mINFO [0m:      Received: evaluate message 079739c0-8016-40b3-ae87-508727c42aac
[92mINFO [0m:      Sent reply
[92mINFO [0m:      
[92mINFO [0m:      Received: train message 01392f99-7143-4513-9d16-d17094c06469
[92mINFO [0m:      Sent reply
[92mINFO [0m:      
[92mINFO [0m:      Received: evaluate message b8fb7ca9-e152-4944-bcf3-acb936457248
[92mINFO [0m:      Sent reply
[92mINFO [0m:      
[92mINFO [0m:      Received: train message 57a2133e-593b-4063-8689-4273362a3a62
[92mINFO [0m:      Sent reply
[92mINFO [0m:      
[92mINFO [0m:      Received: train message 047b0439-97f1-44c6-85de-605f6a086939
[92mINFO [0m:      Sent reply
[92mINFO [0m:      
[92mINFO [0m:      Received: train message ceddc279-d23d-4b04-a3e6-d9fad9b34f3a
[92mINFO [0m:      Sent reply
[92mINFO [0m:      
[92mINFO [0m:      Received: evaluate message ae8c33a7-8a36-4bf4-9712-63d0b81e7c80
[92mINFO [0m:      Sent reply
[92mINFO [0m:      
[92mINFO [0m:      Received: evaluate message e515b328-0503-4db7-b816-e1a1c8058959
[92mINFO [0m:      Sent reply
[92mINFO [0m:      
[92mINFO [0m:      Received: train message 7fcab1f0-94eb-4847-8303-c5f4b398edd7
[92mINFO [0m:      Sent reply
[92mINFO [0m:      
[92mINFO [0m:      Received: train message 4dc5d98a-85cc-45f6-b271-3170401f5025
[92mINFO [0m:      Sent reply
[92mINFO [0m:      
[92mINFO [0m:      Received: evaluate message 37163347-f270-4cc2-9a66-2ce2fae7fa88
[92mINFO [0m:      Sent reply
[92mINFO [0m:      
[92mINFO [0m:      Received: evaluate message 8049da7c-00a2-4a31-8423-bae256d0e072
[92mINFO [0m:      Sent reply
[92mINFO [0m:      
[92mINFO [0m:      Received: train message b15413e6-ab44-4b08-8765-d524ab587d98
[92mINFO [0m:      Sent reply
[92mINFO [0m:      
[92mINFO [0m:      Received: evaluate message 6324a6e6-5d95-493a-bc01-e89686249914
[92mINFO [0m:      Sent reply
[92mINFO [0m:      
[92mINFO [0m:      Received: train message 19bf7185-5c22-4d44-b895-08759b603615
[92mINFO [0m:      Sent reply
[92mINFO [0m:      
[92mINFO [0m:      Received: train message f382f881-f214-44e6-ab77-797b5fa88af8
[92mINFO [0m:      Sent reply
[92mINFO [0m:      
[92mINFO [0m:      Received: evaluate message abf0a2d5-d568-418c-a1e4-46a2b9fc4fe4
[92mINFO [0m:      Sent reply
[92mINFO [0m:      
[92mINFO [0m:      Received: train message 5f2e7e42-7778-4b73-9b7d-844a3cae2129
[92mINFO [0m:      Sent reply
[92mINFO [0m:      
[92mINFO [0m:      Received: train message 1cae5d81-f917-4a19-b353-89e3bdebf840
[92mINFO [0m:      Sent reply
[92mINFO [0m:      
[92mINFO [0m:      Received: evaluate message 64bc085f-d4be-44bd-976c-246e07736a5c
[92mINFO [0m:      Sent reply
[92mINFO [0m:      
[92mINFO [0m:      Received: train message 56e637e1-23ae-4774-b586-d37ec289ed74
[92mINFO [0m:      Sent reply
[92mINFO [0m:      
[92mINFO [0m:      Received: train message 0708b83f-893a-4c4c-b1df-a84a757a50b8
[92mINFO [0m:      Sent reply
[92mINFO [0m:      
[92mINFO [0m:      Received: train message 31f183f8-ee50-4ea7-af40-8ac3234031e5
[92mINFO [0m:      Sent reply
[92mINFO [0m:      
[92mINFO [0m:      Received: evaluate message 39edc4fe-8478-4b8c-b657-48a2cab6e441
[92mINFO [0m:      Sent reply
[92mINFO [0m:      
[92mINFO [0m:      Received: train message e56005ca-e7b6-46c5-9b6a-784d38b8cdf0
[92mINFO [0m:      Sent reply
[92mINFO [0m:      
[92mINFO [0m:      Received: train message 32875777-a49a-49e9-b7ab-a76c047f2d3b
[92mINFO [0m:      Sent reply
[92mINFO [0m:      
[92mINFO [0m:      Received: evaluate message ab21ff1a-b2d8-45ac-8911-f715a8202d1d
[92mINFO [0m:      Sent reply
[92mINFO [0m:      
[92mINFO [0m:      Received: evaluate message a20c17d9-2082-405f-a516-f51b6920cb3a
[92mINFO [0m:      Sent reply
[92mINFO [0m:      
[92mINFO [0m:      Received: reconnect message 51916f34-726f-4f7d-be59-9ae0df281f96
[92mINFO [0m:      Disconnect and shut down
