[93mWARNING [0m:   DEPRECATED FEATURE: flwr.client.start_client() is deprecated.
	Instead, use the `flower-supernode` CLI command to start a SuperNode as shown below:

		$ flower-supernode --insecure --superlink='<IP>:<PORT>'

	To view all available options, run:

		$ flower-supernode --help

	Using `start_client()` is deprecated.

            This is a deprecated feature. It will be removed
            entirely in future versions of Flower.
        
[92mINFO [0m:      
[92mINFO [0m:      Received: evaluate message ef3c17ed-4873-4b25-84ee-848f39b3c86c
[92mINFO [0m:      Sent reply
[92mINFO [0m:      
[92mINFO [0m:      Received: train message 7eefb934-f82d-465a-9ee0-7908e59b0eaf
[92mINFO [0m:      Sent reply
[92mINFO [0m:      
[92mINFO [0m:      Received: evaluate message 7551983a-3d5e-41bc-8b36-3c5e95b4145d
[92mINFO [0m:      Sent reply
[92mINFO [0m:      
[92mINFO [0m:      Received: train message 79aa8e35-3e57-40e4-9ea1-6788487c5dcf
[92mINFO [0m:      Sent reply
[92mINFO [0m:      
[92mINFO [0m:      Received: evaluate message 1053cc26-b6ea-4f7c-bd66-34c15c8bea0e
[92mINFO [0m:      Sent reply
[92mINFO [0m:      
[92mINFO [0m:      Received: evaluate message 2b3bf443-3729-4f75-b380-8cc59eaf9937
[92mINFO [0m:      Sent reply
[92mINFO [0m:      
[92mINFO [0m:      Received: train message 2eb9d084-9122-4ba4-ba14-597948d99301
[92mINFO [0m:      Sent reply
[92mINFO [0m:      
[92mINFO [0m:      Received: train message 030b4ef4-2b31-42ba-8b5b-833cabffe652
[92mINFO [0m:      Sent reply
[92mINFO [0m:      
[92mINFO [0m:      Received: evaluate message c908364c-76ae-4bb4-9243-8592777c99aa
[92mINFO [0m:      Sent reply
[92mINFO [0m:      
[92mINFO [0m:      Received: train message 7424f41c-97b9-476f-80f9-203620a476d5
[92mINFO [0m:      Sent reply
[92mINFO [0m:      
[92mINFO [0m:      Received: train message 3bf48166-2bd8-486f-b452-3d73919645a3
[92mINFO [0m:      Sent reply
[92mINFO [0m:      
[92mINFO [0m:      Received: evaluate message 0c404797-856b-4093-95a5-b74d5a7f07e9
[92mINFO [0m:      Sent reply
[92mINFO [0m:      
[92mINFO [0m:      Received: evaluate message 5c82e5a0-0341-47bf-b979-64b8a12f0743
[92mINFO [0m:      Sent reply
[92mINFO [0m:      
[92mINFO [0m:      Received: train message 87252bdf-99b1-4885-ba33-40a067460267
[92mINFO [0m:      Sent reply
[92mINFO [0m:      
[92mINFO [0m:      Received: evaluate message 7157eb2e-52d1-43b2-a1cc-13b20c11b1f0
[92mINFO [0m:      Sent reply
[92mINFO [0m:      
[92mINFO [0m:      Received: evaluate message 856aa7e5-0419-4a5b-bd94-c60ee14fce29
[92mINFO [0m:      Sent reply
[92mINFO [0m:      
[92mINFO [0m:      Received: train message 0dd4df49-0054-4c50-b092-979aecfc6f4c
[92mINFO [0m:      Sent reply
[92mINFO [0m:      
[92mINFO [0m:      Received: evaluate message 65d13600-ef18-459f-b6e6-657deb87caa4
[92mINFO [0m:      Sent reply
[92mINFO [0m:      
[92mINFO [0m:      Received: evaluate message 81b147b3-613d-4dab-88ef-1691238bff31
[92mINFO [0m:      Sent reply
[92mINFO [0m:      
[92mINFO [0m:      Received: train message 745106bc-5283-48f7-aa94-69d74e260c14
[92mINFO [0m:      Sent reply
[92mINFO [0m:      
[92mINFO [0m:      Received: train message 5edf110a-0f7c-423d-a982-e197b6229f17
[92mINFO [0m:      Sent reply
[92mINFO [0m:      
[92mINFO [0m:      Received: evaluate message d5731888-7834-46c0-890f-ae7cb1197c88
[92mINFO [0m:      Sent reply
[92mINFO [0m:      
[92mINFO [0m:      Received: train message 941a47e6-061b-4ba1-a250-abeec0f96d8d
[92mINFO [0m:      Sent reply
[92mINFO [0m:      
[92mINFO [0m:      Received: evaluate message c17e4aaf-1061-4c27-9987-8da88d0ac90b
[92mINFO [0m:      Sent reply
[92mINFO [0m:      
[92mINFO [0m:      Received: evaluate message a39c07af-95b0-495b-8259-b118fdc6e06f
[92mINFO [0m:      Sent reply
[92mINFO [0m:      
[92mINFO [0m:      Received: train message ca2b79c4-60f2-406f-b39d-21522b440469
[92mINFO [0m:      Sent reply
[92mINFO [0m:      
[92mINFO [0m:      Received: evaluate message 489c2690-d536-4cbf-84fb-19bdb6318840
[92mINFO [0m:      Sent reply
[92mINFO [0m:      
[92mINFO [0m:      Received: train message eab8c620-057b-4120-8d8b-5a24cf87031e
[92mINFO [0m:      Sent reply
[92mINFO [0m:      
[92mINFO [0m:      Received: evaluate message 1474a661-59ca-40f6-aa5b-a1b61cdf695e
[92mINFO [0m:      Sent reply
[92mINFO [0m:      
[92mINFO [0m:      Received: evaluate message 0444f364-e205-44be-a14a-5482c1fc545c
[92mINFO [0m:      Sent reply
[92mINFO [0m:      
[92mINFO [0m:      Received: evaluate message 2e060491-9b05-4181-9452-59950f174822
[92mINFO [0m:      Sent reply
[92mINFO [0m:      
[92mINFO [0m:      Received: train message 7e14a9b1-bf60-4439-9ed4-ffaf0349150a
[92mINFO [0m:      Sent reply
[92mINFO [0m:      
[92mINFO [0m:      Received: reconnect message 8c5f1781-048e-4ffb-b756-0e0e2aaca98f
[92mINFO [0m:      Disconnect and shut down
