[93mWARNING [0m:   DEPRECATED FEATURE: flwr.client.start_client() is deprecated.
	Instead, use the `flower-supernode` CLI command to start a SuperNode as shown below:

		$ flower-supernode --insecure --superlink='<IP>:<PORT>'

	To view all available options, run:

		$ flower-supernode --help

	Using `start_client()` is deprecated.

            This is a deprecated feature. It will be removed
            entirely in future versions of Flower.
        
[92mINFO [0m:      
[92mINFO [0m:      Received: evaluate message 0165f8de-d043-4a49-8a8c-33ad5431a063
[92mINFO [0m:      Sent reply
[92mINFO [0m:      
[92mINFO [0m:      Received: train message 47e979c6-6a15-4dcb-b3ab-ca22f876e5ff
[92mINFO [0m:      Sent reply
[92mINFO [0m:      
[92mINFO [0m:      Received: evaluate message 87859800-329b-4de5-a7bb-9210f4d1cb81
[92mINFO [0m:      Sent reply
[92mINFO [0m:      
[92mINFO [0m:      Received: train message 1f6866c7-bbe9-41ba-85ca-3a5f4c45ef96
[92mINFO [0m:      Sent reply
[92mINFO [0m:      
[92mINFO [0m:      Received: evaluate message 70d96002-0654-4596-923e-611673da50dd
[92mINFO [0m:      Sent reply
[92mINFO [0m:      
[92mINFO [0m:      Received: evaluate message 2f1a2f84-e358-4ec9-8451-4d5ae7aae8ae
[92mINFO [0m:      Sent reply
[92mINFO [0m:      
[92mINFO [0m:      Received: train message 9d5d4837-57f5-4ff6-8abd-e8f6eec60519
[92mINFO [0m:      Sent reply
[92mINFO [0m:      
[92mINFO [0m:      Received: train message 00f0b075-3b02-40f7-a150-06f76749f452
[92mINFO [0m:      Sent reply
[92mINFO [0m:      
[92mINFO [0m:      Received: evaluate message 8f34a80e-d4f0-4429-bf50-514c4bb6ef55
[92mINFO [0m:      Sent reply
[92mINFO [0m:      
[92mINFO [0m:      Received: train message 9dfd03ac-17f6-4518-aedc-a1af44aa6973
[92mINFO [0m:      Sent reply
[92mINFO [0m:      
[92mINFO [0m:      Received: train message 7f413d02-1f26-4772-989e-3b3cdf7f7d36
[92mINFO [0m:      Sent reply
[92mINFO [0m:      
[92mINFO [0m:      Received: evaluate message 01f1d755-2ecd-491e-8f74-00fa966aef8f
[92mINFO [0m:      Sent reply
[92mINFO [0m:      
[92mINFO [0m:      Received: evaluate message cae63485-cd15-42ad-af53-94aecbc615d6
[92mINFO [0m:      Sent reply
[92mINFO [0m:      
[92mINFO [0m:      Received: train message 13e0c8f1-d81e-4847-86cd-7a25880ffc40
[92mINFO [0m:      Sent reply
[92mINFO [0m:      
[92mINFO [0m:      Received: evaluate message 1cef639a-e147-48ce-b185-2a793175be8d
[92mINFO [0m:      Sent reply
[92mINFO [0m:      
[92mINFO [0m:      Received: evaluate message 382d4fe1-b3a1-43e3-9578-1aad6c3a446d
[92mINFO [0m:      Sent reply
[92mINFO [0m:      
[92mINFO [0m:      Received: train message c113853c-4a5a-4e87-a74d-7897efaac590
[92mINFO [0m:      Sent reply
[92mINFO [0m:      
[92mINFO [0m:      Received: evaluate message 4af30e3d-b2af-44de-9b81-4a0b65ca7771
[92mINFO [0m:      Sent reply
[92mINFO [0m:      
[92mINFO [0m:      Received: evaluate message db5a230e-c3bd-4ecd-bd09-2d7f49d9acd4
[92mINFO [0m:      Sent reply
[92mINFO [0m:      
[92mINFO [0m:      Received: train message 3cb43e6d-66cf-47d8-a504-3db612f1003d
[92mINFO [0m:      Sent reply
[92mINFO [0m:      
[92mINFO [0m:      Received: train message a39df1b1-86f7-4cc9-8de9-34cb3d8ca74c
[92mINFO [0m:      Sent reply
[92mINFO [0m:      
[92mINFO [0m:      Received: evaluate message c9cc8544-c42d-4229-9343-e9b0ecc94d9a
[92mINFO [0m:      Sent reply
[92mINFO [0m:      
[92mINFO [0m:      Received: train message 6070805b-076e-45d5-9e6f-c49b219b911e
[92mINFO [0m:      Sent reply
[92mINFO [0m:      
[92mINFO [0m:      Received: evaluate message 3e74eef4-564b-450b-9556-dd041de69099
[92mINFO [0m:      Sent reply
[92mINFO [0m:      
[92mINFO [0m:      Received: evaluate message d68a3a86-a8d3-4014-a4e9-616d933f529e
[92mINFO [0m:      Sent reply
[92mINFO [0m:      
[92mINFO [0m:      Received: train message 87d7903c-a5bb-4e7e-bb3e-137f9268685b
[92mINFO [0m:      Sent reply
[92mINFO [0m:      
[92mINFO [0m:      Received: evaluate message 24f57714-ec42-4081-95a5-030e30b14734
[92mINFO [0m:      Sent reply
[92mINFO [0m:      
[92mINFO [0m:      Received: train message b548c8e2-d49c-4b87-bf6b-0287526de7c4
[92mINFO [0m:      Sent reply
[92mINFO [0m:      
[92mINFO [0m:      Received: evaluate message 83eb64bc-5869-4a43-9efa-2e4651795028
[92mINFO [0m:      Sent reply
[92mINFO [0m:      
[92mINFO [0m:      Received: evaluate message a509540a-767f-4e45-a873-111180503c0d
[92mINFO [0m:      Sent reply
[92mINFO [0m:      
[92mINFO [0m:      Received: evaluate message 0c111178-7e2d-4d30-a788-50b46b3416c3
[92mINFO [0m:      Sent reply
[92mINFO [0m:      
[92mINFO [0m:      Received: train message 176fcb24-28c9-4fef-9283-09f25a703ed2
[92mINFO [0m:      Sent reply
[92mINFO [0m:      
[92mINFO [0m:      Received: reconnect message 46aa3dcd-c551-48b1-9d52-066951f89e5e
[92mINFO [0m:      Disconnect and shut down
