[93mWARNING [0m:   DEPRECATED FEATURE: flwr.client.start_client() is deprecated.
	Instead, use the `flower-supernode` CLI command to start a SuperNode as shown below:

		$ flower-supernode --insecure --superlink='<IP>:<PORT>'

	To view all available options, run:

		$ flower-supernode --help

	Using `start_client()` is deprecated.

            This is a deprecated feature. It will be removed
            entirely in future versions of Flower.
        
[92mINFO [0m:      
[92mINFO [0m:      Received: train message b60321b8-b680-4003-bf73-95807c7708fe
[92mINFO [0m:      Sent reply
[92mINFO [0m:      
[92mINFO [0m:      Received: evaluate message 52c0cea1-8366-454d-bbdd-0b33752e9586
[92mINFO [0m:      Sent reply
[92mINFO [0m:      
[92mINFO [0m:      Received: train message 536650fc-933d-4378-8282-91d78748d6cf
[92mINFO [0m:      Sent reply
[92mINFO [0m:      
[92mINFO [0m:      Received: evaluate message b60011a7-40d5-45fc-80a4-e12949cb8cc8
[92mINFO [0m:      Sent reply
[92mINFO [0m:      
[92mINFO [0m:      Received: train message e2e180dd-4039-407b-879a-1cb775eb3a36
[92mINFO [0m:      Sent reply
[92mINFO [0m:      
[92mINFO [0m:      Received: train message 3f0a3f15-a4b3-4cf4-8d30-406061a2b12c
[92mINFO [0m:      Sent reply
[92mINFO [0m:      
[92mINFO [0m:      Received: train message 98c1f0ca-eb3d-478a-b423-b5ede3890a72
[92mINFO [0m:      Sent reply
[92mINFO [0m:      
[92mINFO [0m:      Received: evaluate message f62b44ba-a087-47fe-a3e5-85e0323296c3
[92mINFO [0m:      Sent reply
[92mINFO [0m:      
[92mINFO [0m:      Received: train message ad7434b4-5715-4bc5-b9bb-bea6a174f71c
[92mINFO [0m:      Sent reply
[92mINFO [0m:      
[92mINFO [0m:      Received: evaluate message b4dd6024-33eb-44e0-aaca-8a50b0eb5ec9
[92mINFO [0m:      Sent reply
[92mINFO [0m:      
[92mINFO [0m:      Received: evaluate message b4246ef1-4b89-4c34-95e6-cc4750f11390
[92mINFO [0m:      Sent reply
[92mINFO [0m:      
[92mINFO [0m:      Received: train message 1759b621-8f19-4072-b91c-9a908a400a8a
[92mINFO [0m:      Sent reply
[92mINFO [0m:      
[92mINFO [0m:      Received: evaluate message e9ad06d0-0b5a-48f0-9a44-ce76473b3178
[92mINFO [0m:      Sent reply
[92mINFO [0m:      
[92mINFO [0m:      Received: train message 200b4020-f16e-496c-9185-6c1ac005a115
[92mINFO [0m:      Sent reply
[92mINFO [0m:      
[92mINFO [0m:      Received: evaluate message 82aaf3a6-8167-46d3-b4af-a9cc5969060b
[92mINFO [0m:      Sent reply
[92mINFO [0m:      
[92mINFO [0m:      Received: train message a1e7a5b8-0b83-4ef5-8be7-ff754a2be6ee
[92mINFO [0m:      Sent reply
[92mINFO [0m:      
[92mINFO [0m:      Received: evaluate message 103bb38f-2326-48c6-9490-a0b55ea478c5
[92mINFO [0m:      Sent reply
[92mINFO [0m:      
[92mINFO [0m:      Received: evaluate message 585f6dee-88c6-4a46-b1ff-492cd9e5822f
[92mINFO [0m:      Sent reply
[92mINFO [0m:      
[92mINFO [0m:      Received: evaluate message 67e8e20e-0dd2-44ed-8f7e-28583d06dc77
[92mINFO [0m:      Sent reply
[92mINFO [0m:      
[92mINFO [0m:      Received: train message 1c0f5ee3-bd33-478b-8394-6e08f6f1502b
[92mINFO [0m:      Sent reply
[92mINFO [0m:      
[92mINFO [0m:      Received: evaluate message 0c2d2f42-5380-4016-802a-6015fb4d2a0b
[92mINFO [0m:      Sent reply
[92mINFO [0m:      
[92mINFO [0m:      Received: evaluate message af55a96a-0e1e-45d6-aaf6-529ff9742470
[92mINFO [0m:      Sent reply
[92mINFO [0m:      
[92mINFO [0m:      Received: train message b9f521ad-a276-4333-b6d0-3af250ecb6fd
[92mINFO [0m:      Sent reply
[92mINFO [0m:      
[92mINFO [0m:      Received: evaluate message dcc5af96-67e7-4be2-ac65-2c94d24787d2
[92mINFO [0m:      Sent reply
[92mINFO [0m:      
[92mINFO [0m:      Received: train message 1d3722c6-75e9-4ebb-af72-d3f072cb7f8c
[92mINFO [0m:      Sent reply
[92mINFO [0m:      
[92mINFO [0m:      Received: train message c142e8f9-08d7-45be-9800-6d4d873fc95b
[92mINFO [0m:      Sent reply
[92mINFO [0m:      
[92mINFO [0m:      Received: evaluate message bb7c9400-5914-45b6-a5bd-3bf9bb6683f5
[92mINFO [0m:      Sent reply
[92mINFO [0m:      
[92mINFO [0m:      Received: train message 6731ff6b-1d9e-4ca0-8833-e008d355a69e
[92mINFO [0m:      Sent reply
[92mINFO [0m:      
[92mINFO [0m:      Received: evaluate message 36aa3ff8-9735-42c2-8caa-19b50cc820d3
[92mINFO [0m:      Sent reply
[92mINFO [0m:      
[92mINFO [0m:      Received: train message b92df54a-62a9-45fa-ae82-13bb8579fa43
[92mINFO [0m:      Sent reply
[92mINFO [0m:      
[92mINFO [0m:      Received: train message e081cb7d-5526-40bc-b56d-c4dac10b7922
[92mINFO [0m:      Sent reply
[92mINFO [0m:      
[92mINFO [0m:      Received: train message 35896e49-39d2-4f47-a00d-92f218ea854f
[92mINFO [0m:      Sent reply
[92mINFO [0m:      
[92mINFO [0m:      Received: evaluate message ae34ca1c-3182-490e-a63a-599a41321e45
[92mINFO [0m:      Sent reply
[92mINFO [0m:      
[92mINFO [0m:      Received: train message d6e49430-4f0b-458f-9128-1ced34ec55a0
[92mINFO [0m:      Sent reply
[92mINFO [0m:      
[92mINFO [0m:      Received: evaluate message 1e589d85-23c0-48ed-93e8-a9f877bf99c3
[92mINFO [0m:      Sent reply
[92mINFO [0m:      
[92mINFO [0m:      Received: reconnect message 1dfa2e90-8944-45b0-8b35-bb40cf837672
[92mINFO [0m:      Disconnect and shut down
