[93mWARNING [0m:   DEPRECATED FEATURE: flwr.client.start_client() is deprecated.
	Instead, use the `flower-supernode` CLI command to start a SuperNode as shown below:

		$ flower-supernode --insecure --superlink='<IP>:<PORT>'

	To view all available options, run:

		$ flower-supernode --help

	Using `start_client()` is deprecated.

            This is a deprecated feature. It will be removed
            entirely in future versions of Flower.
        
[92mINFO [0m:      
[92mINFO [0m:      Received: evaluate message 5544cbe9-750c-4cd6-b7c3-f4a9e1e2975b
[92mINFO [0m:      Sent reply
[92mINFO [0m:      
[92mINFO [0m:      Received: train message 19711f94-da33-4a0c-9545-cde9aa924202
[92mINFO [0m:      Sent reply
[92mINFO [0m:      
[92mINFO [0m:      Received: evaluate message 57dbce33-af52-44cd-a728-d4c4c4674650
[92mINFO [0m:      Sent reply
[92mINFO [0m:      
[92mINFO [0m:      Received: train message 5a18a603-3d0d-4eb3-93b6-f3f2065ad01f
[92mINFO [0m:      Sent reply
[92mINFO [0m:      
[92mINFO [0m:      Received: evaluate message 2fcbc777-54b6-47ac-99f6-f9a912d72d2b
[92mINFO [0m:      Sent reply
[92mINFO [0m:      
[92mINFO [0m:      Received: train message f8a9843d-c94c-4438-9b4c-d566f21cf664
[92mINFO [0m:      Sent reply
[92mINFO [0m:      
[92mINFO [0m:      Received: train message 8f080565-89e5-427f-9096-778a822e2af1
[92mINFO [0m:      Sent reply
[92mINFO [0m:      
[92mINFO [0m:      Received: evaluate message 5a7f4474-2739-4cc2-b6f2-99f3611dd6b1
[92mINFO [0m:      Sent reply
[92mINFO [0m:      
[92mINFO [0m:      Received: train message 332e4e42-9a58-410a-9221-89fb072a00f4
[92mINFO [0m:      Sent reply
[92mINFO [0m:      
[92mINFO [0m:      Received: evaluate message 07bbb882-8b98-4dec-a510-f460a934fb53
[92mINFO [0m:      Sent reply
[92mINFO [0m:      
[92mINFO [0m:      Received: train message 900776ee-cf85-45e7-a8b9-43790d94454e
[92mINFO [0m:      Sent reply
[92mINFO [0m:      
[92mINFO [0m:      Received: train message 6a248455-42da-4a6a-a2a9-43121fba0e76
[92mINFO [0m:      Sent reply
[92mINFO [0m:      
[92mINFO [0m:      Received: train message f4556388-4329-40fe-842d-837582e780c0
[92mINFO [0m:      Sent reply
[92mINFO [0m:      
[92mINFO [0m:      Received: evaluate message e8de8ce1-2ced-40ee-8b44-4ffaac17bcbe
[92mINFO [0m:      Sent reply
[92mINFO [0m:      
[92mINFO [0m:      Received: evaluate message d8f9fe92-74a2-4651-942f-b0aa39c386fc
[92mINFO [0m:      Sent reply
[92mINFO [0m:      
[92mINFO [0m:      Received: train message f0289b01-2868-4ca5-ba74-f3c1852ea08b
[92mINFO [0m:      Sent reply
[92mINFO [0m:      
[92mINFO [0m:      Received: train message 2d62a396-3f05-4e80-9120-62ff54cd62af
[92mINFO [0m:      Sent reply
[92mINFO [0m:      
[92mINFO [0m:      Received: evaluate message 046c7d9d-27f7-4bae-96fb-cc50df7778d3
[92mINFO [0m:      Sent reply
[92mINFO [0m:      
[92mINFO [0m:      Received: evaluate message f43a0db2-c311-4faf-8ed2-9bec025f5762
[92mINFO [0m:      Sent reply
[92mINFO [0m:      
[92mINFO [0m:      Received: train message 3f517d81-dd79-47b7-84b7-17e00cb32449
[92mINFO [0m:      Sent reply
[92mINFO [0m:      
[92mINFO [0m:      Received: evaluate message 9026b97f-81db-4cd7-90d1-116a6125613d
[92mINFO [0m:      Sent reply
[92mINFO [0m:      
[92mINFO [0m:      Received: train message 098559cb-c12c-4e28-aaec-5355ac5f146a
[92mINFO [0m:      Sent reply
[92mINFO [0m:      
[92mINFO [0m:      Received: train message c3cadaf5-cbd9-45e2-9141-7a26c17449e8
[92mINFO [0m:      Sent reply
[92mINFO [0m:      
[92mINFO [0m:      Received: evaluate message 886cdb5d-274e-4206-aaa9-43b0cd6d9b02
[92mINFO [0m:      Sent reply
[92mINFO [0m:      
[92mINFO [0m:      Received: train message 1027e7bd-003e-48e1-ac42-7592baf656fe
[92mINFO [0m:      Sent reply
[92mINFO [0m:      
[92mINFO [0m:      Received: train message 28328c2b-fe5e-441c-89c8-67ff8a2c60a5
[92mINFO [0m:      Sent reply
[92mINFO [0m:      
[92mINFO [0m:      Received: evaluate message 639e26d1-a322-4d25-80c6-8bb016677d58
[92mINFO [0m:      Sent reply
[92mINFO [0m:      
[92mINFO [0m:      Received: train message 6aeb130e-c38d-463d-849f-0b180540ac83
[92mINFO [0m:      Sent reply
[92mINFO [0m:      
[92mINFO [0m:      Received: train message 21f23cc7-a3fd-4d01-bf25-565c5d9251f5
[92mINFO [0m:      Sent reply
[92mINFO [0m:      
[92mINFO [0m:      Received: train message dc5a52b6-2d84-488b-9502-8f1ddca4e377
[92mINFO [0m:      Sent reply
[92mINFO [0m:      
[92mINFO [0m:      Received: evaluate message 1a225967-6b69-4c1d-b2b5-6d7c7c497b98
[92mINFO [0m:      Sent reply
[92mINFO [0m:      
[92mINFO [0m:      Received: train message 2ee0405e-3bbc-41f3-b45d-50a608621dee
[92mINFO [0m:      Sent reply
[92mINFO [0m:      
[92mINFO [0m:      Received: train message 09c22873-3caf-418f-9b85-4819276eebb6
[92mINFO [0m:      Sent reply
[92mINFO [0m:      
[92mINFO [0m:      Received: evaluate message cefc22b5-9e33-433a-bc17-a74196451a96
[92mINFO [0m:      Sent reply
[92mINFO [0m:      
[92mINFO [0m:      Received: evaluate message 5f2f70d7-8b3c-4189-9857-2a1bcb34a0f3
[92mINFO [0m:      Sent reply
[92mINFO [0m:      
[92mINFO [0m:      Received: reconnect message 0f325009-bb1b-46c8-8e75-7ed5ccf357fe
[92mINFO [0m:      Disconnect and shut down
