[93mWARNING [0m:   DEPRECATED FEATURE: flwr.client.start_client() is deprecated.
	Instead, use the `flower-supernode` CLI command to start a SuperNode as shown below:

		$ flower-supernode --insecure --superlink='<IP>:<PORT>'

	To view all available options, run:

		$ flower-supernode --help

	Using `start_client()` is deprecated.

            This is a deprecated feature. It will be removed
            entirely in future versions of Flower.
        
[92mINFO [0m:      
[92mINFO [0m:      Received: train message 97dff73f-50b7-4dfe-ac72-bcf7d0429a3a
[92mINFO [0m:      Sent reply
[92mINFO [0m:      
[92mINFO [0m:      Received: evaluate message a7921dc0-965d-4b9b-8d99-ab0fad87e47d
[92mINFO [0m:      Sent reply
[92mINFO [0m:      
[92mINFO [0m:      Received: train message dd49de80-797a-4f32-809a-8bfbe90b2ef7
[92mINFO [0m:      Sent reply
[92mINFO [0m:      
[92mINFO [0m:      Received: train message d6d19748-4f5e-4a1f-8e71-88dd8be375ef
[92mINFO [0m:      Sent reply
[92mINFO [0m:      
[92mINFO [0m:      Received: evaluate message e776c0b8-5a4b-4d0f-bc13-efef1e51f092
[92mINFO [0m:      Sent reply
[92mINFO [0m:      
[92mINFO [0m:      Received: evaluate message 5b6bb0cb-2fed-449b-b9e5-d3c768f148d3
[92mINFO [0m:      Sent reply
[92mINFO [0m:      
[92mINFO [0m:      Received: evaluate message 7450797b-11c0-42c3-b1a4-20b87f60e1b3
[92mINFO [0m:      Sent reply
[92mINFO [0m:      
[92mINFO [0m:      Received: train message 3006b029-1bf9-4be2-82c3-c01b068fb91d
[92mINFO [0m:      Sent reply
[92mINFO [0m:      
[92mINFO [0m:      Received: evaluate message f2af99db-0c92-4c45-bc39-06ef2d370118
[92mINFO [0m:      Sent reply
[92mINFO [0m:      
[92mINFO [0m:      Received: train message 857a1f3c-b9a4-4045-b44b-ff688975be2f
[92mINFO [0m:      Sent reply
[92mINFO [0m:      
[92mINFO [0m:      Received: train message f261b725-88bc-4353-9d0a-8394a653eb65
[92mINFO [0m:      Sent reply
[92mINFO [0m:      
[92mINFO [0m:      Received: evaluate message 2fecd63d-35e0-4019-98d3-0686c8f329d6
[92mINFO [0m:      Sent reply
[92mINFO [0m:      
[92mINFO [0m:      Received: evaluate message ec54eff0-9be5-4232-9630-905771a418f3
[92mINFO [0m:      Sent reply
[92mINFO [0m:      
[92mINFO [0m:      Received: train message 83ac3e8c-e642-49b8-9baf-2d53892bda16
[92mINFO [0m:      Sent reply
[92mINFO [0m:      
[92mINFO [0m:      Received: evaluate message 3fee9dfe-2218-4e7a-9407-60ca52113e34
[92mINFO [0m:      Sent reply
[92mINFO [0m:      
[92mINFO [0m:      Received: train message 80c56b71-5733-4879-9105-309754e5a243
[92mINFO [0m:      Sent reply
[92mINFO [0m:      
[92mINFO [0m:      Received: train message 41457989-8181-438a-968e-07fd2f0dd115
[92mINFO [0m:      Sent reply
[92mINFO [0m:      
[92mINFO [0m:      Received: evaluate message 39a6138c-e70a-4a74-8163-1b504d5efb2d
[92mINFO [0m:      Sent reply
[92mINFO [0m:      
[92mINFO [0m:      Received: train message 8ee1f3b1-4687-4f72-965d-42fa96dcc8d6
[92mINFO [0m:      Sent reply
[92mINFO [0m:      
[92mINFO [0m:      Received: evaluate message a164ba3c-6104-44cd-a03d-2c007ee9a236
[92mINFO [0m:      Sent reply
[92mINFO [0m:      
[92mINFO [0m:      Received: train message 9df75d4e-14a7-4918-971a-8729135039c8
[92mINFO [0m:      Sent reply
[92mINFO [0m:      
[92mINFO [0m:      Received: train message 3cb824db-feca-41d7-aeeb-75959454ae85
[92mINFO [0m:      Sent reply
[92mINFO [0m:      
[92mINFO [0m:      Received: train message 5f25163b-3762-431e-96b6-1bd4448ad097
[92mINFO [0m:      Sent reply
[92mINFO [0m:      
[92mINFO [0m:      Received: evaluate message 0f8490ac-4b64-41f9-9514-5054d6cc9efb
[92mINFO [0m:      Sent reply
[92mINFO [0m:      
[92mINFO [0m:      Received: train message b35f5d6a-c097-4a25-a061-a6cc0dd7c490
[92mINFO [0m:      Sent reply
[92mINFO [0m:      
[92mINFO [0m:      Received: train message e103ecba-9fdc-438b-b414-2727c42c0e76
[92mINFO [0m:      Sent reply
[92mINFO [0m:      
[92mINFO [0m:      Received: evaluate message 051843be-ef1e-40d3-90d0-668a3498ec48
[92mINFO [0m:      Sent reply
[92mINFO [0m:      
[92mINFO [0m:      Received: evaluate message 69972449-42b6-438b-867a-c5c54978b3ab
[92mINFO [0m:      Sent reply
[92mINFO [0m:      
[92mINFO [0m:      Received: train message b72144f3-5822-4393-ac58-440f09093d21
[92mINFO [0m:      Sent reply
[92mINFO [0m:      
[92mINFO [0m:      Received: evaluate message 729b825a-d1f7-424c-9a27-2c45213fad92
[92mINFO [0m:      Sent reply
[92mINFO [0m:      
[92mINFO [0m:      Received: evaluate message 8f529598-ce75-4dac-86bb-16abe75c46b2
[92mINFO [0m:      Sent reply
[92mINFO [0m:      
[92mINFO [0m:      Received: train message 37762641-eae8-463c-b8a6-ad2c7f611330
[92mINFO [0m:      Sent reply
[92mINFO [0m:      
[92mINFO [0m:      Received: evaluate message 34bf0a55-20cb-4d8e-be61-50e990db6b6c
[92mINFO [0m:      Sent reply
[92mINFO [0m:      
[92mINFO [0m:      Received: evaluate message d1848593-eeb4-47e1-82e6-e9ce00023d71
[92mINFO [0m:      Sent reply
[92mINFO [0m:      
[92mINFO [0m:      Received: train message 855db7d4-0f6a-4437-9a05-a1fc77bcebf1
[92mINFO [0m:      Sent reply
[92mINFO [0m:      
[92mINFO [0m:      Received: evaluate message cd849abb-51b1-4289-9aed-b778e822629c
[92mINFO [0m:      Sent reply
[92mINFO [0m:      
[92mINFO [0m:      Received: train message d4a3988e-9b14-4af9-a45f-f817b0af3d41
[92mINFO [0m:      Sent reply
[92mINFO [0m:      
[92mINFO [0m:      Received: evaluate message 7b4ef8d5-25bc-4f0e-8534-61deced78045
[92mINFO [0m:      Sent reply
[92mINFO [0m:      
[92mINFO [0m:      Received: train message cccc1f25-b5af-4d2d-ae46-ffea037cb2f0
[92mINFO [0m:      Sent reply
[92mINFO [0m:      
[92mINFO [0m:      Received: train message 4dc5e78f-1562-4a8e-9e4a-71a53e00c234
[92mINFO [0m:      Sent reply
[92mINFO [0m:      
[92mINFO [0m:      Received: evaluate message b5c7648f-4991-462d-b393-51f1a962992d
[92mINFO [0m:      Sent reply
[92mINFO [0m:      
[92mINFO [0m:      Received: evaluate message 6725e63c-0bfb-4380-8d89-fa35b0a397cc
[92mINFO [0m:      Sent reply
[92mINFO [0m:      
[92mINFO [0m:      Received: train message 64a9b493-a2d3-4e1f-853a-cafd5be0dc5d
[92mINFO [0m:      Sent reply
[92mINFO [0m:      
[92mINFO [0m:      Received: evaluate message e9d23d20-c04b-4f8c-b9f8-47449e210af6
[92mINFO [0m:      Sent reply
[92mINFO [0m:      
[92mINFO [0m:      Received: train message b306dd2f-6225-431c-9ee7-a57cd8934cdf
[92mINFO [0m:      Sent reply
[92mINFO [0m:      
[92mINFO [0m:      Received: train message 4c90f5f1-cc3a-4436-9713-8224c17c0ed3
[92mINFO [0m:      Sent reply
[92mINFO [0m:      
[92mINFO [0m:      Received: evaluate message 2bc05592-b06e-40c9-b8f6-eeb41496fd67
[92mINFO [0m:      Sent reply
[92mINFO [0m:      
[92mINFO [0m:      Received: evaluate message 01607ff8-d96e-40ec-baa6-a40efebed6c4
[92mINFO [0m:      Sent reply
[92mINFO [0m:      
[92mINFO [0m:      Received: train message e23465c4-e12f-47f1-bf00-63908aec1518
[92mINFO [0m:      Sent reply
[92mINFO [0m:      
[92mINFO [0m:      Received: train message 032c0da5-dd2c-4f9b-870c-5d542f7fa006
[92mINFO [0m:      Sent reply
[92mINFO [0m:      
[92mINFO [0m:      Received: train message 87ee3e75-ec88-4e0b-819d-6a3bd6926a02
[92mINFO [0m:      Sent reply
[92mINFO [0m:      
[92mINFO [0m:      Received: evaluate message 97fb1573-589c-4ae8-b506-6f974a461280
[92mINFO [0m:      Sent reply
[92mINFO [0m:      
[92mINFO [0m:      Received: evaluate message 0ccc1561-f9e5-478b-ae3d-66022270c20e
[92mINFO [0m:      Sent reply
[92mINFO [0m:      
[92mINFO [0m:      Received: train message 63ced384-dd8d-4105-a641-545100b0de40
[92mINFO [0m:      Sent reply
[92mINFO [0m:      
[92mINFO [0m:      Received: evaluate message 041826ae-e9ac-4591-81ec-893973dbe936
[92mINFO [0m:      Sent reply
[92mINFO [0m:      
[92mINFO [0m:      Received: train message 007d4126-c21b-4386-9206-b775ea713317
[92mINFO [0m:      Sent reply
[92mINFO [0m:      
[92mINFO [0m:      Received: train message 823eeaec-5209-469b-b817-83f5f88eceb5
[92mINFO [0m:      Sent reply
[92mINFO [0m:      
[92mINFO [0m:      Received: train message a40cfdf3-ffd9-4f7a-8807-8f8b070d204a
[92mINFO [0m:      Sent reply
[92mINFO [0m:      
[92mINFO [0m:      Received: evaluate message 08ff2588-712e-4a16-a4c6-8ab8eef19c4b
[92mINFO [0m:      Sent reply
[92mINFO [0m:      
[92mINFO [0m:      Received: train message abe00818-495e-4d4d-9841-8d1d60be99e3
[92mINFO [0m:      Sent reply
[92mINFO [0m:      
[92mINFO [0m:      Received: evaluate message 00845211-fd92-4d09-8f05-0b5e02c73f7f
[92mINFO [0m:      Sent reply
[92mINFO [0m:      
[92mINFO [0m:      Received: train message 557f5025-47b8-4956-ab49-77e03dd1457f
[92mINFO [0m:      Sent reply
[92mINFO [0m:      
[92mINFO [0m:      Received: evaluate message 5fe80dda-a0cd-4e62-907f-997a717e03c8
[92mINFO [0m:      Sent reply
[92mINFO [0m:      
[92mINFO [0m:      Received: train message a57a83d4-cdba-46dc-ae80-df5719ddae21
[92mINFO [0m:      Sent reply
[92mINFO [0m:      
[92mINFO [0m:      Received: evaluate message aa21817a-c793-40a2-8b7c-cfc88f5695a9
[92mINFO [0m:      Sent reply
[92mINFO [0m:      
[92mINFO [0m:      Received: evaluate message abe8065b-9211-4078-9193-81fe15a5bd99
[92mINFO [0m:      Sent reply
[92mINFO [0m:      
[92mINFO [0m:      Received: train message 099bc49b-34e8-477b-8b4f-2b8581b8259b
[92mINFO [0m:      Sent reply
[92mINFO [0m:      
[92mINFO [0m:      Received: train message 6d3db517-3e82-48e0-a72a-111c69eeb78a
[92mINFO [0m:      Sent reply
[92mINFO [0m:      
[92mINFO [0m:      Received: evaluate message 7ef58f22-1e5f-41bf-9710-11a9536544ed
[92mINFO [0m:      Sent reply
[92mINFO [0m:      
[92mINFO [0m:      Received: train message db221d68-88d5-4a07-b817-816165feff9a
[92mINFO [0m:      Sent reply
[92mINFO [0m:      
[92mINFO [0m:      Received: train message 1cab4246-2f0b-4f95-a35a-72259538be05
[92mINFO [0m:      Sent reply
[92mINFO [0m:      
[92mINFO [0m:      Received: train message 5637ef61-f31c-4ae6-8445-1fcfddeda0de
[92mINFO [0m:      Sent reply
[92mINFO [0m:      
[92mINFO [0m:      Received: train message 49dbfcf6-5bea-4f04-b030-5efcb65cb2f5
[92mINFO [0m:      Sent reply
[92mINFO [0m:      
[92mINFO [0m:      Received: evaluate message 7ff685fe-b18c-4f17-acf6-efaf00ff0bba
[92mINFO [0m:      Sent reply
[92mINFO [0m:      
[92mINFO [0m:      Received: train message 1ab356e1-230d-4c3a-a51f-8242f2b49d22
[92mINFO [0m:      Sent reply
[92mINFO [0m:      
[92mINFO [0m:      Received: evaluate message 20e82ebb-94ff-4016-8f70-b59587208586
[92mINFO [0m:      Sent reply
[92mINFO [0m:      
[92mINFO [0m:      Received: train message 12e5d9a3-49c2-4a79-9b94-cf223bb51656
[92mINFO [0m:      Sent reply
[92mINFO [0m:      
[92mINFO [0m:      Received: evaluate message c8b0e226-ec86-4e17-98ae-38c633d9e6bc
[92mINFO [0m:      Sent reply
[92mINFO [0m:      
[92mINFO [0m:      Received: evaluate message 2ae748bf-039b-47d1-b3f5-d86e3cc53c72
[92mINFO [0m:      Sent reply
[92mINFO [0m:      
[92mINFO [0m:      Received: train message 950b30d2-ddab-4860-b48b-14dbe98a13c0
[92mINFO [0m:      Sent reply
[92mINFO [0m:      
[92mINFO [0m:      Received: evaluate message 6341fff1-a255-4a31-81e3-c093aaf601c1
[92mINFO [0m:      Sent reply
[92mINFO [0m:      
[92mINFO [0m:      Received: evaluate message 44f127b2-08c9-49cc-b989-dd561b913377
[92mINFO [0m:      Sent reply
[92mINFO [0m:      
[92mINFO [0m:      Received: train message 15b77122-ce81-4c73-87a1-c9bc83dcc8f9
[92mINFO [0m:      Sent reply
[92mINFO [0m:      
[92mINFO [0m:      Received: evaluate message 16f7d816-b9e3-46b1-83cd-9dcbdacbce8e
[92mINFO [0m:      Sent reply
[92mINFO [0m:      
[92mINFO [0m:      Received: evaluate message 648b63f5-323a-46f5-988e-a512a090f1f9
[92mINFO [0m:      Sent reply
[92mINFO [0m:      
[92mINFO [0m:      Received: evaluate message 4aeace9c-dcb0-45c1-a1f8-d405de3604c2
[92mINFO [0m:      Sent reply
[92mINFO [0m:      
[92mINFO [0m:      Received: train message dc26ff24-5306-46e8-a518-d27eda402813
[92mINFO [0m:      Sent reply
[92mINFO [0m:      
[92mINFO [0m:      Received: train message 8e9402bb-7dba-4d1e-b60c-e8edf7f364ad
[92mINFO [0m:      Sent reply
[92mINFO [0m:      
[92mINFO [0m:      Received: train message 0bcf3a93-6f71-45ea-bbc8-b6430a039b3d
[92mINFO [0m:      Sent reply
[92mINFO [0m:      
[92mINFO [0m:      Received: evaluate message 9873ccc5-dbfc-4fc6-bf0a-f5fc5f43127d
[92mINFO [0m:      Sent reply
[92mINFO [0m:      
[92mINFO [0m:      Received: train message 22ee3817-1f32-4ce6-9c81-2195b51c92e3
[92mINFO [0m:      Sent reply
[92mINFO [0m:      
[92mINFO [0m:      Received: evaluate message 0172c61c-4d95-4d54-b113-78cf1e6ac69d
[92mINFO [0m:      Sent reply
[92mINFO [0m:      
[92mINFO [0m:      Received: evaluate message ba799698-fd0d-430d-9b20-c614b08ad80a
[92mINFO [0m:      Sent reply
[92mINFO [0m:      
[92mINFO [0m:      Received: train message 80197367-86a3-482c-a1e6-d9771b932c08
[92mINFO [0m:      Sent reply
[92mINFO [0m:      
[92mINFO [0m:      Received: evaluate message b50ee88f-ecea-4cf1-9cc2-6dae2be6674d
[92mINFO [0m:      Sent reply
[92mINFO [0m:      
[92mINFO [0m:      Received: evaluate message 815e83da-b93f-4a33-b940-fa456d80bf3a
[92mINFO [0m:      Sent reply
[92mINFO [0m:      
[92mINFO [0m:      Received: evaluate message 35281de1-b21a-4326-a136-2bad4732a70c
[92mINFO [0m:      Sent reply
[92mINFO [0m:      
[92mINFO [0m:      Received: train message ac93bb31-7507-4f61-a615-02aef718d91b
[92mINFO [0m:      Sent reply
[92mINFO [0m:      
[92mINFO [0m:      Received: evaluate message 75e140a0-52a5-4451-915e-86f8ace5cd20
[92mINFO [0m:      Sent reply
[92mINFO [0m:      
[92mINFO [0m:      Received: train message afa17069-057f-4864-a964-184c29efcf5d
[92mINFO [0m:      Sent reply
[92mINFO [0m:      
[92mINFO [0m:      Received: evaluate message f524a842-e6ee-46aa-adfa-9888ffb4c709
[92mINFO [0m:      Sent reply
[92mINFO [0m:      
[92mINFO [0m:      Received: train message a9d4539d-0618-468a-b8a8-274d4ed1e896
[92mINFO [0m:      Sent reply
[92mINFO [0m:      
[92mINFO [0m:      Received: evaluate message d8dff71a-9227-4c8e-b30d-8c1b8bb84f05
[92mINFO [0m:      Sent reply
[92mINFO [0m:      
[92mINFO [0m:      Received: train message 88662302-14c8-4703-8e7a-dce6e580566e
[92mINFO [0m:      Sent reply
[92mINFO [0m:      
[92mINFO [0m:      Received: evaluate message 417714c6-be22-4514-a418-2d28e1889b70
[92mINFO [0m:      Sent reply
[92mINFO [0m:      
[92mINFO [0m:      Received: train message 2a196031-d5e4-4502-9613-8d85c464e3e5
[92mINFO [0m:      Sent reply
[92mINFO [0m:      
[92mINFO [0m:      Received: train message 5df95dec-9666-4de6-bf6b-11e4523e7902
[92mINFO [0m:      Sent reply
[92mINFO [0m:      
[92mINFO [0m:      Received: evaluate message b6ac9cdb-e11b-408b-8b55-f18c59bb06cc
[92mINFO [0m:      Sent reply
[92mINFO [0m:      
[92mINFO [0m:      Received: train message 30506b03-f1cf-425e-b0d5-94e78af4d7d7
[92mINFO [0m:      Sent reply
[92mINFO [0m:      
[92mINFO [0m:      Received: train message b0bd5568-a9a4-4602-8082-fb187e35f5c3
[92mINFO [0m:      Sent reply
[92mINFO [0m:      
[92mINFO [0m:      Received: train message 60d4164b-8f91-4398-b6ac-492c1cfdaaec
[92mINFO [0m:      Sent reply
[92mINFO [0m:      
[92mINFO [0m:      Received: evaluate message 1a42856d-4365-4385-8165-ee58fe29426b
[92mINFO [0m:      Sent reply
[92mINFO [0m:      
[92mINFO [0m:      Received: evaluate message b57f1890-7b73-49a9-998b-797333dcb0dd
[92mINFO [0m:      Sent reply
[92mINFO [0m:      
[92mINFO [0m:      Received: train message 120c676a-9b0a-4744-90c9-250b78d03a34
[92mINFO [0m:      Sent reply
[92mINFO [0m:      
[92mINFO [0m:      Received: evaluate message 63c7e344-ed34-42ff-94c8-7c2a26a69343
[92mINFO [0m:      Sent reply
[92mINFO [0m:      
[92mINFO [0m:      Received: train message abe25893-5071-4fbc-b7bc-f45d87c51f91
[92mINFO [0m:      Sent reply
[92mINFO [0m:      
[92mINFO [0m:      Received: train message bf209b83-f288-4c2d-a055-ec60aa8e7dc3
[92mINFO [0m:      Sent reply
[92mINFO [0m:      
[92mINFO [0m:      Received: train message 3325560d-77cb-41dc-97f5-fda5982aeebf
[92mINFO [0m:      Sent reply
[92mINFO [0m:      
[92mINFO [0m:      Received: evaluate message 8545db91-9807-4e47-b1e0-a71904bc4d71
[92mINFO [0m:      Sent reply
[92mINFO [0m:      
[92mINFO [0m:      Received: train message 749da273-afe1-4091-af6a-c721f7c1a498
[92mINFO [0m:      Sent reply
[92mINFO [0m:      
[92mINFO [0m:      Received: train message 7fe670ef-e483-4d3f-aa5f-45fce9ea827f
[92mINFO [0m:      Sent reply
[92mINFO [0m:      
[92mINFO [0m:      Received: evaluate message 6972ace7-55e0-4982-83ff-640d5b91d936
[92mINFO [0m:      Sent reply
[92mINFO [0m:      
[92mINFO [0m:      Received: train message 570073fb-266f-4f6f-91a9-3bfb262a4e40
[92mINFO [0m:      Sent reply
[92mINFO [0m:      
[92mINFO [0m:      Received: evaluate message fc99fbc0-f36e-4b8d-aa1d-89ab64b952ec
[92mINFO [0m:      Sent reply
[92mINFO [0m:      
[92mINFO [0m:      Received: train message c615f16a-e151-4cc0-a3a6-3dd7d5b90e9c
[92mINFO [0m:      Sent reply
[92mINFO [0m:      
[92mINFO [0m:      Received: evaluate message 07538adc-627c-46be-beb3-017c0fb846df
[92mINFO [0m:      Sent reply
[92mINFO [0m:      
[92mINFO [0m:      Received: evaluate message b40a5143-fccf-43f0-9ee6-67991afd40f5
[92mINFO [0m:      Sent reply
[92mINFO [0m:      
[92mINFO [0m:      Received: evaluate message f1510312-d083-4942-b137-6b7cf9ab24ae
[92mINFO [0m:      Sent reply
[92mINFO [0m:      
[92mINFO [0m:      Received: train message dce69391-9fc9-426c-8ae4-0d2e6f4695b2
[92mINFO [0m:      Sent reply
[92mINFO [0m:      
[92mINFO [0m:      Received: evaluate message 58e57168-9a9d-4a61-8356-399a426ad8cf
[92mINFO [0m:      Sent reply
[92mINFO [0m:      
[92mINFO [0m:      Received: evaluate message 953c2186-3342-42e3-ba7f-9fc6373731e6
[92mINFO [0m:      Sent reply
[92mINFO [0m:      
[92mINFO [0m:      Received: evaluate message b503b392-384f-4eb4-b005-212d7fadb045
[92mINFO [0m:      Sent reply
[92mINFO [0m:      
[92mINFO [0m:      Received: train message 19c613f7-ded2-4db7-9d8c-33d046e6ebc3
[92mINFO [0m:      Sent reply
[92mINFO [0m:      
[92mINFO [0m:      Received: evaluate message 635737ff-8ae5-418e-a6e2-21c4dade1ce7
[92mINFO [0m:      Sent reply
[92mINFO [0m:      
[92mINFO [0m:      Received: train message f6b07c15-737f-4291-a645-3eb2e7125111
[92mINFO [0m:      Sent reply
[92mINFO [0m:      
[92mINFO [0m:      Received: reconnect message 169ebedc-4568-4ceb-81a6-c3305e7fdbd1
[92mINFO [0m:      Disconnect and shut down
