[93mWARNING [0m:   DEPRECATED FEATURE: flwr.client.start_client() is deprecated.
	Instead, use the `flower-supernode` CLI command to start a SuperNode as shown below:

		$ flower-supernode --insecure --superlink='<IP>:<PORT>'

	To view all available options, run:

		$ flower-supernode --help

	Using `start_client()` is deprecated.

            This is a deprecated feature. It will be removed
            entirely in future versions of Flower.
        
[92mINFO [0m:      
[92mINFO [0m:      Received: train message 2325d476-295b-45ef-bd86-46a195c68c07
[92mINFO [0m:      Sent reply
[92mINFO [0m:      
[92mINFO [0m:      Received: train message d63f4ed1-5e8e-431e-a37c-56410174f959
[92mINFO [0m:      Sent reply
[92mINFO [0m:      
[92mINFO [0m:      Received: evaluate message e26f050d-6726-4ef3-bfbe-afa936070dae
[92mINFO [0m:      Sent reply
[92mINFO [0m:      
[92mINFO [0m:      Received: evaluate message 70ef9635-de8d-4980-84c9-2bbe0fca1402
[92mINFO [0m:      Sent reply
[92mINFO [0m:      
[92mINFO [0m:      Received: evaluate message 2bc43870-7b70-471e-84f1-e0173fc44e40
[92mINFO [0m:      Sent reply
[92mINFO [0m:      
[92mINFO [0m:      Received: train message 6c3895aa-1a1f-45fc-98c5-c27b34f07c75
[92mINFO [0m:      Sent reply
[92mINFO [0m:      
[92mINFO [0m:      Received: evaluate message b54cdfe5-4d5b-4a8b-8e90-92b17d0b10e8
[92mINFO [0m:      Sent reply
[92mINFO [0m:      
[92mINFO [0m:      Received: train message f06ffc95-c2aa-4550-83a9-6697b35f8140
[92mINFO [0m:      Sent reply
[92mINFO [0m:      
[92mINFO [0m:      Received: evaluate message 95b4070e-d391-4615-86b1-11bed3e8a6fc
[92mINFO [0m:      Sent reply
[92mINFO [0m:      
[92mINFO [0m:      Received: train message c42adbca-2256-4cba-bf35-ab0574d9098e
[92mINFO [0m:      Sent reply
[92mINFO [0m:      
[92mINFO [0m:      Received: evaluate message b53544e0-dcb9-42df-be1f-79c09933cf9b
[92mINFO [0m:      Sent reply
[92mINFO [0m:      
[92mINFO [0m:      Received: train message 68cf4eeb-179d-4be2-bcde-a5d3edae57b2
[92mINFO [0m:      Sent reply
[92mINFO [0m:      
[92mINFO [0m:      Received: evaluate message abb4b68b-e3ba-449c-8cc6-79484e4ecef3
[92mINFO [0m:      Sent reply
[92mINFO [0m:      
[92mINFO [0m:      Received: train message 1345201d-21e2-4ebd-adde-2ac694a8235f
[92mINFO [0m:      Sent reply
[92mINFO [0m:      
[92mINFO [0m:      Received: evaluate message ff90b381-bc43-47c0-8bc4-8f5ac5fce3cc
[92mINFO [0m:      Sent reply
[92mINFO [0m:      
[92mINFO [0m:      Received: train message cce152cd-3dd7-4cab-bc51-29a2859b6e7c
[92mINFO [0m:      Sent reply
[92mINFO [0m:      
[92mINFO [0m:      Received: evaluate message d7acf79a-06f3-42e2-afe4-bb5305c4ac2e
[92mINFO [0m:      Sent reply
[92mINFO [0m:      
[92mINFO [0m:      Received: train message b28ed94b-695d-401e-a5c4-5350f28df7b3
[92mINFO [0m:      Sent reply
[92mINFO [0m:      
[92mINFO [0m:      Received: evaluate message 33718a86-c59e-4f8e-a7d4-4f8fb097d6b9
[92mINFO [0m:      Sent reply
[92mINFO [0m:      
[92mINFO [0m:      Received: train message 7ea95ddf-5c74-4bd9-869f-a9229c1401dc
[92mINFO [0m:      Sent reply
[92mINFO [0m:      
[92mINFO [0m:      Received: evaluate message 43722824-8d5e-4636-ac31-2bae0cf2531b
[92mINFO [0m:      Sent reply
[92mINFO [0m:      
[92mINFO [0m:      Received: evaluate message 7eb86f31-aa22-4544-8f6f-7dccf9a7dc3a
[92mINFO [0m:      Sent reply
[92mINFO [0m:      
[92mINFO [0m:      Received: evaluate message b49e669e-1485-4cf5-aadd-4e932e245181
[92mINFO [0m:      Sent reply
[92mINFO [0m:      
[92mINFO [0m:      Received: train message 9ba6933f-e530-4388-88e4-89f342f6c52d
[92mINFO [0m:      Sent reply
[92mINFO [0m:      
[92mINFO [0m:      Received: evaluate message c33262c3-0049-4e5d-ae94-118b9603469f
[92mINFO [0m:      Sent reply
[92mINFO [0m:      
[92mINFO [0m:      Received: train message 90e04110-bbbf-4ec4-ac28-20b723639d0a
[92mINFO [0m:      Sent reply
[92mINFO [0m:      
[92mINFO [0m:      Received: train message 4b996927-79c0-432c-a129-3c0cffcfc7bf
[92mINFO [0m:      Sent reply
[92mINFO [0m:      
[92mINFO [0m:      Received: evaluate message 60fd9a56-c83c-4bd4-8380-4e727c1cc166
[92mINFO [0m:      Sent reply
[92mINFO [0m:      
[92mINFO [0m:      Received: train message c6be2564-25ea-47fd-8a25-7849c3aaafd6
[92mINFO [0m:      Sent reply
[92mINFO [0m:      
[92mINFO [0m:      Received: evaluate message 1e23c45a-ff51-4c99-a9b8-279f7b4d556a
[92mINFO [0m:      Sent reply
[92mINFO [0m:      
[92mINFO [0m:      Received: train message ca6431b8-63f1-47ba-819e-e81d31076492
[92mINFO [0m:      Sent reply
[92mINFO [0m:      
[92mINFO [0m:      Received: evaluate message 53eade57-427f-47aa-8ffc-35e59ebd4ae0
[92mINFO [0m:      Sent reply
[92mINFO [0m:      
[92mINFO [0m:      Received: train message e32c30ac-8dcc-4ef6-8c0e-d15cf561aff4
[92mINFO [0m:      Sent reply
[92mINFO [0m:      
[92mINFO [0m:      Received: evaluate message 418e1c29-aa13-402a-9282-469b2ddc1771
[92mINFO [0m:      Sent reply
[92mINFO [0m:      
[92mINFO [0m:      Received: evaluate message 6c752e29-fa0d-4d9a-977b-51309b2dcbff
[92mINFO [0m:      Sent reply
[92mINFO [0m:      
[92mINFO [0m:      Received: train message b213b06e-9e10-4d4d-a92e-3329d1c830e9
[92mINFO [0m:      Sent reply
[92mINFO [0m:      
[92mINFO [0m:      Received: evaluate message 3a9ffeb2-16ce-4be5-a3c0-c3d7e26a56e9
[92mINFO [0m:      Sent reply
[92mINFO [0m:      
[92mINFO [0m:      Received: train message eb44f838-5bd7-4be8-901f-3cb160c246e1
[92mINFO [0m:      Sent reply
[92mINFO [0m:      
[92mINFO [0m:      Received: train message 40efa67c-0bf0-480d-b0a6-7c99fc0c4bc9
[92mINFO [0m:      Sent reply
[92mINFO [0m:      
[92mINFO [0m:      Received: evaluate message 49ea555c-d6a1-4e20-b5a2-651020acf118
[92mINFO [0m:      Sent reply
[92mINFO [0m:      
[92mINFO [0m:      Received: evaluate message 1022a1b0-4fd7-4d32-b47b-46e933c67d63
[92mINFO [0m:      Sent reply
[92mINFO [0m:      
[92mINFO [0m:      Received: train message 9b54333a-7647-4ae7-a662-de819e05f7cc
[92mINFO [0m:      Sent reply
[92mINFO [0m:      
[92mINFO [0m:      Received: evaluate message ab2a7704-d8a2-4bd0-ae56-6087ac8c3f81
[92mINFO [0m:      Sent reply
[92mINFO [0m:      
[92mINFO [0m:      Received: evaluate message d64e1572-98bc-4633-8b7e-1af44cd6c82b
[92mINFO [0m:      Sent reply
[92mINFO [0m:      
[92mINFO [0m:      Received: evaluate message 6a81504b-e6ef-4f58-919b-960a2a036774
[92mINFO [0m:      Sent reply
[92mINFO [0m:      
[92mINFO [0m:      Received: train message c6b3b15d-c8e2-4afb-8f5d-ff8f1739ccde
[92mINFO [0m:      Sent reply
[92mINFO [0m:      
[92mINFO [0m:      Received: train message 16ad0492-2378-49c5-97ff-46f4d9dc62a3
[92mINFO [0m:      Sent reply
[92mINFO [0m:      
[92mINFO [0m:      Received: evaluate message 4ac193de-2b08-48a2-a96e-43420c9328ba
[92mINFO [0m:      Sent reply
[92mINFO [0m:      
[92mINFO [0m:      Received: train message 48fea00a-efc6-47fa-91ae-a819155308bf
[92mINFO [0m:      Sent reply
[92mINFO [0m:      
[92mINFO [0m:      Received: evaluate message d34c6739-f66b-48ae-8451-7e787fa466c9
[92mINFO [0m:      Sent reply
[92mINFO [0m:      
[92mINFO [0m:      Received: train message dde5bdc6-6ac2-434a-9b82-49a0fba1c8ea
[92mINFO [0m:      Sent reply
[92mINFO [0m:      
[92mINFO [0m:      Received: evaluate message 57fcd389-7954-476e-bc71-a187621ba698
[92mINFO [0m:      Sent reply
[92mINFO [0m:      
[92mINFO [0m:      Received: train message 48f243bf-3c08-4034-9db5-d96c2d80c919
[92mINFO [0m:      Sent reply
[92mINFO [0m:      
[92mINFO [0m:      Received: evaluate message d5122079-02aa-46cb-bd6d-28da5eb09dc2
[92mINFO [0m:      Sent reply
[92mINFO [0m:      
[92mINFO [0m:      Received: train message 5e5edfe7-168d-41d4-a127-7a08edb3c791
[92mINFO [0m:      Sent reply
[92mINFO [0m:      
[92mINFO [0m:      Received: train message 80167d91-a699-483a-8715-e7d2f8d6fbde
[92mINFO [0m:      Sent reply
[92mINFO [0m:      
[92mINFO [0m:      Received: train message 8231708d-94c0-4485-a220-320037fcb1c8
[92mINFO [0m:      Sent reply
[92mINFO [0m:      
[92mINFO [0m:      Received: evaluate message fa4056a7-76fb-43b7-9319-0e7e8fc4cf64
[92mINFO [0m:      Sent reply
[92mINFO [0m:      
[92mINFO [0m:      Received: evaluate message 64f29a2a-2eb1-4ea5-b5b6-a264cedbc051
[92mINFO [0m:      Sent reply
[92mINFO [0m:      
[92mINFO [0m:      Received: train message 56c3295e-b331-4628-b1ea-655203711c9f
[92mINFO [0m:      Sent reply
[92mINFO [0m:      
[92mINFO [0m:      Received: evaluate message 67b131d6-f5dd-49b0-aabc-1b15883753fd
[92mINFO [0m:      Sent reply
[92mINFO [0m:      
[92mINFO [0m:      Received: evaluate message c2d27f3d-fc46-4bad-9ad1-f58b0a2c0f89
[92mINFO [0m:      Sent reply
[92mINFO [0m:      
[92mINFO [0m:      Received: train message 8cc52ad6-fcf0-4051-82da-626a6afd8850
[92mINFO [0m:      Sent reply
[92mINFO [0m:      
[92mINFO [0m:      Received: evaluate message c167e954-36e5-4768-b1eb-4a287ea0c118
[92mINFO [0m:      Sent reply
[92mINFO [0m:      
[92mINFO [0m:      Received: train message b6165e57-e0a5-4cd7-9b72-4ce2fea8af8c
[92mINFO [0m:      Sent reply
[92mINFO [0m:      
[92mINFO [0m:      Received: evaluate message 1ad46496-5068-4a7b-9945-c413a7dbe019
[92mINFO [0m:      Sent reply
[92mINFO [0m:      
[92mINFO [0m:      Received: train message 5bfe67c2-eacb-43fb-9995-3a2d02cdb0ec
[92mINFO [0m:      Sent reply
[92mINFO [0m:      
[92mINFO [0m:      Received: train message 47b5f0db-fb64-4100-9c32-1a6af7433461
[92mINFO [0m:      Sent reply
[92mINFO [0m:      
[92mINFO [0m:      Received: train message 10c8558d-a1d6-478b-a7ea-c4026f0fd472
[92mINFO [0m:      Sent reply
[92mINFO [0m:      
[92mINFO [0m:      Received: train message 674dc4cd-83d8-4bb1-a942-711d7899f76a
[92mINFO [0m:      Sent reply
[92mINFO [0m:      
[92mINFO [0m:      Received: evaluate message ab909fa6-0ee8-423a-a239-6a3c15808e0a
[92mINFO [0m:      Sent reply
[92mINFO [0m:      
[92mINFO [0m:      Received: evaluate message 59630c3d-7e16-42cc-8a00-2efa0f36a2d6
[92mINFO [0m:      Sent reply
[92mINFO [0m:      
[92mINFO [0m:      Received: train message 70c5ac2b-a822-4049-adbd-4c3efc906d19
[92mINFO [0m:      Sent reply
[92mINFO [0m:      
[92mINFO [0m:      Received: train message 745a0677-8f6d-4732-9299-853920507bdd
[92mINFO [0m:      Sent reply
[92mINFO [0m:      
[92mINFO [0m:      Received: evaluate message 37130338-8d49-4214-87c6-c80fa25a2a45
[92mINFO [0m:      Sent reply
[92mINFO [0m:      
[92mINFO [0m:      Received: train message a8a3d535-d410-4c40-a428-5deb86901df7
[92mINFO [0m:      Sent reply
[92mINFO [0m:      
[92mINFO [0m:      Received: train message c2199679-af48-465f-a5b4-2c7a6b720dc6
[92mINFO [0m:      Sent reply
[92mINFO [0m:      
[92mINFO [0m:      Received: train message 541d2ebb-d366-4a24-8b5a-de7e2d10713e
[92mINFO [0m:      Sent reply
[92mINFO [0m:      
[92mINFO [0m:      Received: evaluate message d2ffee8b-4780-4def-b3b9-15bcfb1dc4ca
[92mINFO [0m:      Sent reply
[92mINFO [0m:      
[92mINFO [0m:      Received: train message 3d5bdb21-9e21-4a56-81f7-90f7c057bfce
[92mINFO [0m:      Sent reply
[92mINFO [0m:      
[92mINFO [0m:      Received: train message f15b4966-a271-45e0-9a1a-046c8b5a9027
[92mINFO [0m:      Sent reply
[92mINFO [0m:      
[92mINFO [0m:      Received: evaluate message 575c7df8-3afc-4d32-a70e-4c42f3f12aae
[92mINFO [0m:      Sent reply
[92mINFO [0m:      
[92mINFO [0m:      Received: train message b5bf27a9-c893-447c-bedb-09f9c920549b
[92mINFO [0m:      Sent reply
[92mINFO [0m:      
[92mINFO [0m:      Received: evaluate message 3f23f88c-d83e-4287-b2d1-3509623b9252
[92mINFO [0m:      Sent reply
[92mINFO [0m:      
[92mINFO [0m:      Received: evaluate message c90d30ca-5c63-4659-9bfc-528ccc13a58e
[92mINFO [0m:      Sent reply
[92mINFO [0m:      
[92mINFO [0m:      Received: train message 410b298a-0c48-4ba7-a9a7-30d8634f03a9
[92mINFO [0m:      Sent reply
[92mINFO [0m:      
[92mINFO [0m:      Received: train message a09a64d5-65e6-467b-84f6-302bffe66b47
[92mINFO [0m:      Sent reply
[92mINFO [0m:      
[92mINFO [0m:      Received: evaluate message 3a1f1632-4318-4d69-9a46-df4e518ef2d3
[92mINFO [0m:      Sent reply
[92mINFO [0m:      
[92mINFO [0m:      Received: train message 38dc3b9d-bcfe-476a-b700-37745bfb5439
[92mINFO [0m:      Sent reply
[92mINFO [0m:      
[92mINFO [0m:      Received: train message 0b3e35f7-5e9e-463a-b1cc-52cde6e045ee
[92mINFO [0m:      Sent reply
[92mINFO [0m:      
[92mINFO [0m:      Received: train message 7c211683-4cfd-432d-8fdb-d8576c0e5212
[92mINFO [0m:      Sent reply
[92mINFO [0m:      
[92mINFO [0m:      Received: train message 957c7411-4813-4288-a982-33b856150431
[92mINFO [0m:      Sent reply
[92mINFO [0m:      
[92mINFO [0m:      Received: train message 61723666-21d9-4173-85f3-252d0071d172
[92mINFO [0m:      Sent reply
[92mINFO [0m:      
[92mINFO [0m:      Received: train message 478c1a9a-a54c-4ccd-96d8-00656f0550c1
[92mINFO [0m:      Sent reply
[92mINFO [0m:      
[92mINFO [0m:      Received: evaluate message e5b6c67d-6041-49a5-b68d-1e7972b2bbf5
[92mINFO [0m:      Sent reply
[92mINFO [0m:      
[92mINFO [0m:      Received: train message 4f8453df-4f91-4f13-9232-aa24dc4f34a0
[92mINFO [0m:      Sent reply
[92mINFO [0m:      
[92mINFO [0m:      Received: train message 2537d10c-202d-42c2-8224-00caeae2d663
[92mINFO [0m:      Sent reply
[92mINFO [0m:      
[92mINFO [0m:      Received: train message 3035dc51-ecc9-43a3-b911-0d8c47d6590b
[92mINFO [0m:      Sent reply
[92mINFO [0m:      
[92mINFO [0m:      Received: evaluate message a988f795-30d1-47b5-b387-54f45319debc
[92mINFO [0m:      Sent reply
[92mINFO [0m:      
[92mINFO [0m:      Received: train message afc769a1-8126-4a51-893d-a8d962185441
[92mINFO [0m:      Sent reply
[92mINFO [0m:      
[92mINFO [0m:      Received: train message 07e2cf3a-e63c-46b7-a27b-0a9488d26626
[92mINFO [0m:      Sent reply
[92mINFO [0m:      
[92mINFO [0m:      Received: evaluate message 4d062d24-8d5f-4a86-a814-6d010cfea2e5
[92mINFO [0m:      Sent reply
[92mINFO [0m:      
[92mINFO [0m:      Received: train message 54fc8ad1-b414-43d1-a511-6538c7b75674
[92mINFO [0m:      Sent reply
[92mINFO [0m:      
[92mINFO [0m:      Received: train message 203e3647-1938-4e2b-be75-ac84a076b47b
[92mINFO [0m:      Sent reply
[92mINFO [0m:      
[92mINFO [0m:      Received: evaluate message 2d02dac9-6018-44bb-9351-8e1504473602
[92mINFO [0m:      Sent reply
[92mINFO [0m:      
[92mINFO [0m:      Received: evaluate message ae26ec8c-7799-4fc2-a516-dffc0fe603c2
[92mINFO [0m:      Sent reply
[92mINFO [0m:      
[92mINFO [0m:      Received: train message 58ecba5d-408f-4bcf-b55b-ca9747dabf6d
[92mINFO [0m:      Sent reply
[92mINFO [0m:      
[92mINFO [0m:      Received: evaluate message d989e44e-0976-45e2-b698-7f38c09dd30b
[92mINFO [0m:      Sent reply
[92mINFO [0m:      
[92mINFO [0m:      Received: train message 776d650d-f766-4c26-b1da-c004d8c444e3
[92mINFO [0m:      Sent reply
[92mINFO [0m:      
[92mINFO [0m:      Received: train message a3074903-80c8-4da4-bd7f-d8f1a73807fd
[92mINFO [0m:      Sent reply
[92mINFO [0m:      
[92mINFO [0m:      Received: evaluate message 3ed7c3e1-0910-42a2-af4c-0558280b7bff
[92mINFO [0m:      Sent reply
[92mINFO [0m:      
[92mINFO [0m:      Received: evaluate message 860f208c-0619-417b-8b8f-e1b7ee988990
[92mINFO [0m:      Sent reply
[92mINFO [0m:      
[92mINFO [0m:      Received: train message 06dc7d4d-eb9f-46da-bba0-cfca41d63a6b
[92mINFO [0m:      Sent reply
[92mINFO [0m:      
[92mINFO [0m:      Received: train message 08637ea7-b65b-4a33-b5c4-7ab5e8aa4dfd
[92mINFO [0m:      Sent reply
[92mINFO [0m:      
[92mINFO [0m:      Received: evaluate message 6068d4ae-10ee-4de8-a89f-87b71c9b23fa
[92mINFO [0m:      Sent reply
[92mINFO [0m:      
[92mINFO [0m:      Received: train message bfafe78b-37fd-4ce3-bc82-532ec4269a6e
[92mINFO [0m:      Sent reply
[92mINFO [0m:      
[92mINFO [0m:      Received: evaluate message 97a85c9d-87ab-4480-a160-ebc20f7cdd8b
[92mINFO [0m:      Sent reply
[92mINFO [0m:      
[92mINFO [0m:      Received: evaluate message 970ad080-de4c-4772-8a44-8d578471aaf8
[92mINFO [0m:      Sent reply
[92mINFO [0m:      
[92mINFO [0m:      Received: train message 16fc6120-b693-493c-bbfa-35b0f95eb832
[92mINFO [0m:      Sent reply
[92mINFO [0m:      
[92mINFO [0m:      Received: train message 2aaa8728-34cb-424e-a4b7-0a2ad0464ae8
[92mINFO [0m:      Sent reply
[92mINFO [0m:      
[92mINFO [0m:      Received: evaluate message 5d481e37-daf8-4778-a550-8420d2d91270
[92mINFO [0m:      Sent reply
[92mINFO [0m:      
[92mINFO [0m:      Received: evaluate message 668b6a33-d5b0-46df-b93e-679ba3d9c00f
[92mINFO [0m:      Sent reply
[92mINFO [0m:      
[92mINFO [0m:      Received: reconnect message 05eac763-b54c-4287-8594-bba9204009d2
[92mINFO [0m:      Disconnect and shut down
