[93mWARNING [0m:   DEPRECATED FEATURE: flwr.client.start_client() is deprecated.
	Instead, use the `flower-supernode` CLI command to start a SuperNode as shown below:

		$ flower-supernode --insecure --superlink='<IP>:<PORT>'

	To view all available options, run:

		$ flower-supernode --help

	Using `start_client()` is deprecated.

            This is a deprecated feature. It will be removed
            entirely in future versions of Flower.
        
[92mINFO [0m:      
[92mINFO [0m:      Received: evaluate message 5ce47123-770c-4f43-a49b-e3e7445541ef
[92mINFO [0m:      Sent reply
[92mINFO [0m:      
[92mINFO [0m:      Received: evaluate message b07c5109-2e51-4294-a29e-2708b88883c9
[92mINFO [0m:      Sent reply
[92mINFO [0m:      
[92mINFO [0m:      Received: train message 9b380fda-3ce0-4329-8331-56d9017e17f9
[92mINFO [0m:      Sent reply
[92mINFO [0m:      
[92mINFO [0m:      Received: evaluate message 247fdc5d-d3b7-4200-9ad7-c4df3671b4f3
[92mINFO [0m:      Sent reply
[92mINFO [0m:      
[92mINFO [0m:      Received: train message 6a0216db-860a-43f6-b239-5c64502c4d6e
[92mINFO [0m:      Sent reply
[92mINFO [0m:      
[92mINFO [0m:      Received: train message 27da7905-a4a8-48ed-a1cc-56d9161c485b
[92mINFO [0m:      Sent reply
[92mINFO [0m:      
[92mINFO [0m:      Received: evaluate message 49ab8a2c-3fef-4b9c-bc89-5b9e2644dfc3
[92mINFO [0m:      Sent reply
[92mINFO [0m:      
[92mINFO [0m:      Received: train message 55c7fd62-baa9-4213-be01-ac8555e7edc4
[92mINFO [0m:      Sent reply
[92mINFO [0m:      
[92mINFO [0m:      Received: evaluate message 6c73ab01-20e1-4c3a-9713-c4808954cf11
[92mINFO [0m:      Sent reply
[92mINFO [0m:      
[92mINFO [0m:      Received: train message 073ad45b-fb5d-4055-8c8c-98f9384715b1
[92mINFO [0m:      Sent reply
[92mINFO [0m:      
[92mINFO [0m:      Received: evaluate message 5ce76d54-cb2f-4167-a80a-6b32ac79389b
[92mINFO [0m:      Sent reply
[92mINFO [0m:      
[92mINFO [0m:      Received: train message 8232cd62-40f5-4476-bd83-ac7e3d81b319
[92mINFO [0m:      Sent reply
[92mINFO [0m:      
[92mINFO [0m:      Received: train message 80a0a3c5-3c22-49df-8565-04ff83576e9d
[92mINFO [0m:      Sent reply
[92mINFO [0m:      
[92mINFO [0m:      Received: train message 60aed8e9-0ba2-4918-be66-acdf0ef000f0
[92mINFO [0m:      Sent reply
[92mINFO [0m:      
[92mINFO [0m:      Received: evaluate message c04b7ef9-4ec7-43c6-98e8-cdfc280f232c
[92mINFO [0m:      Sent reply
[92mINFO [0m:      
[92mINFO [0m:      Received: train message 2502b4fe-eda3-4a97-9c04-2eb3483a2623
[92mINFO [0m:      Sent reply
[92mINFO [0m:      
[92mINFO [0m:      Received: evaluate message ff0dffcc-5511-47e9-98c5-576136e2d468
[92mINFO [0m:      Sent reply
[92mINFO [0m:      
[92mINFO [0m:      Received: evaluate message 254620e1-1cf0-4c57-8388-63daa317ca88
[92mINFO [0m:      Sent reply
[92mINFO [0m:      
[92mINFO [0m:      Received: evaluate message eee01dff-8d14-4f57-a121-813055d04a92
[92mINFO [0m:      Sent reply
[92mINFO [0m:      
[92mINFO [0m:      Received: train message f9e5a1cd-854a-4cf0-b597-d9640b80ccf9
[92mINFO [0m:      Sent reply
[92mINFO [0m:      
[92mINFO [0m:      Received: evaluate message 214528d4-2d50-466a-a087-218714a1d6f5
[92mINFO [0m:      Sent reply
[92mINFO [0m:      
[92mINFO [0m:      Received: train message 85ac460f-a419-4ba5-bdec-713ad3cea79f
[92mINFO [0m:      Sent reply
[92mINFO [0m:      
[92mINFO [0m:      Received: evaluate message 3372fe22-988e-4c66-a8b8-f32849612687
[92mINFO [0m:      Sent reply
[92mINFO [0m:      
[92mINFO [0m:      Received: train message 0adb8318-fe48-4795-9662-c29d9230564f
[92mINFO [0m:      Sent reply
[92mINFO [0m:      
[92mINFO [0m:      Received: evaluate message a00381ca-6826-4613-9d7e-90f857ce9c45
[92mINFO [0m:      Sent reply
[92mINFO [0m:      
[92mINFO [0m:      Received: train message b5b83047-bbfe-45e4-bdce-76cf293dbacd
[92mINFO [0m:      Sent reply
[92mINFO [0m:      
[92mINFO [0m:      Received: evaluate message 5a98f239-b7b9-40da-b772-86bb97ac9c37
[92mINFO [0m:      Sent reply
[92mINFO [0m:      
[92mINFO [0m:      Received: train message c2ed859f-b197-4277-9ca3-b37602e44906
[92mINFO [0m:      Sent reply
[92mINFO [0m:      
[92mINFO [0m:      Received: evaluate message 1b29845b-1fa6-4177-bdc7-1a2a35f72009
[92mINFO [0m:      Sent reply
[92mINFO [0m:      
[92mINFO [0m:      Received: train message 01b7f139-45d4-4ae0-9db0-c7e98ab993ae
[92mINFO [0m:      Sent reply
[92mINFO [0m:      
[92mINFO [0m:      Received: evaluate message c7bb153a-e9af-499f-86a9-e4fda5d10c3c
[92mINFO [0m:      Sent reply
[92mINFO [0m:      
[92mINFO [0m:      Received: train message 125bafb8-5fe2-49d0-a4be-1b9856a349c9
[92mINFO [0m:      Sent reply
[92mINFO [0m:      
[92mINFO [0m:      Received: evaluate message 93cd25f7-059b-471e-bc0a-cf9a58d2a161
[92mINFO [0m:      Sent reply
[92mINFO [0m:      
[92mINFO [0m:      Received: evaluate message 8ba5a4e2-e2e8-4192-a807-4a1bb19e6442
[92mINFO [0m:      Sent reply
[92mINFO [0m:      
[92mINFO [0m:      Received: train message 85b7cdfe-4541-4a56-ad6b-5f32803fe9b5
[92mINFO [0m:      Sent reply
[92mINFO [0m:      
[92mINFO [0m:      Received: evaluate message c370f444-12e5-43fa-8035-a099abb91d68
[92mINFO [0m:      Sent reply
[92mINFO [0m:      
[92mINFO [0m:      Received: evaluate message 8c8d7899-7c42-45f0-86d4-8c7bf60380b7
[92mINFO [0m:      Sent reply
[92mINFO [0m:      
[92mINFO [0m:      Received: train message d3990a62-f6a5-46bc-88ee-8387ef523871
[92mINFO [0m:      Sent reply
[92mINFO [0m:      
[92mINFO [0m:      Received: evaluate message 38da4ea6-17be-4b69-a946-cbcb9b29f397
[92mINFO [0m:      Sent reply
[92mINFO [0m:      
[92mINFO [0m:      Received: train message 17f9ce02-9bcb-4dc0-80ef-b6af8286d3de
[92mINFO [0m:      Sent reply
[92mINFO [0m:      
[92mINFO [0m:      Received: train message 9fedac92-e9bc-4665-aa26-8d37a3e05b03
[92mINFO [0m:      Sent reply
[92mINFO [0m:      
[92mINFO [0m:      Received: train message 0f4c3ec3-6e1e-424b-9879-53711ee3c46d
[92mINFO [0m:      Sent reply
[92mINFO [0m:      
[92mINFO [0m:      Received: train message 0ed647e9-09c0-45dc-9d54-0af7a47dd4c3
[92mINFO [0m:      Sent reply
[92mINFO [0m:      
[92mINFO [0m:      Received: train message bbdafa6c-c399-4d72-9cec-4f28c8072619
[92mINFO [0m:      Sent reply
[92mINFO [0m:      
[92mINFO [0m:      Received: evaluate message 3e959747-3fc7-4390-8e4f-9fc0c6dddf01
[92mINFO [0m:      Sent reply
[92mINFO [0m:      
[92mINFO [0m:      Received: train message 7b1f3f1e-bbcc-46a8-80f2-31b0c4920504
[92mINFO [0m:      Sent reply
[92mINFO [0m:      
[92mINFO [0m:      Received: evaluate message a1969d11-c873-4eed-88cd-6a4dd3e19f32
[92mINFO [0m:      Sent reply
[92mINFO [0m:      
[92mINFO [0m:      Received: train message 4af04060-19c6-4a0d-8b74-a65b1b4237c6
[92mINFO [0m:      Sent reply
[92mINFO [0m:      
[92mINFO [0m:      Received: evaluate message 9d6017f6-ac97-49aa-b305-4f431b713c81
[92mINFO [0m:      Sent reply
[92mINFO [0m:      
[92mINFO [0m:      Received: evaluate message 987c8447-1411-4dc8-bc66-87507fc49f8a
[92mINFO [0m:      Sent reply
[92mINFO [0m:      
[92mINFO [0m:      Received: train message 9d4c0249-d8d4-4212-9547-ffc258e4ade5
[92mINFO [0m:      Sent reply
[92mINFO [0m:      
[92mINFO [0m:      Received: evaluate message d49dc69c-ad72-4090-9714-cf62617ed744
[92mINFO [0m:      Sent reply
[92mINFO [0m:      
[92mINFO [0m:      Received: train message 1f0c63bc-08dc-4dec-8cae-1bb2780c61f6
[92mINFO [0m:      Sent reply
[92mINFO [0m:      
[92mINFO [0m:      Received: evaluate message b56cb5c4-0439-4371-b4e2-ba6442eccf71
[92mINFO [0m:      Sent reply
[92mINFO [0m:      
[92mINFO [0m:      Received: train message fd307a2c-0cfd-44f1-a3e8-9f477460529f
[92mINFO [0m:      Sent reply
[92mINFO [0m:      
[92mINFO [0m:      Received: evaluate message 795b59c9-3c9f-4aa3-b41e-ca5519955c17
[92mINFO [0m:      Sent reply
[92mINFO [0m:      
[92mINFO [0m:      Received: train message 1edcb520-6750-4949-b4af-f1d87e291ddb
[92mINFO [0m:      Sent reply
[92mINFO [0m:      
[92mINFO [0m:      Received: evaluate message 6e1b4533-8008-402e-882c-98605610c42e
[92mINFO [0m:      Sent reply
[92mINFO [0m:      
[92mINFO [0m:      Received: evaluate message c86d99ea-ef70-4985-9489-0a294cf934af
[92mINFO [0m:      Sent reply
[92mINFO [0m:      
[92mINFO [0m:      Received: train message f7b77ee1-0237-4aff-8d4b-c2b8dd64ff45
[92mINFO [0m:      Sent reply
[92mINFO [0m:      
[92mINFO [0m:      Received: train message 6cc004f0-ed73-4af5-87e3-6b847f0f9b35
[92mINFO [0m:      Sent reply
[92mINFO [0m:      
[92mINFO [0m:      Received: evaluate message 4f17cb20-f8a0-4d6d-91a8-1f4d20be8a01
[92mINFO [0m:      Sent reply
[92mINFO [0m:      
[92mINFO [0m:      Received: evaluate message 4a60e3db-00d3-4828-938e-5e29839c5efb
[92mINFO [0m:      Sent reply
[92mINFO [0m:      
[92mINFO [0m:      Received: train message e10d699f-4cfd-4c0f-acc6-05235fea2991
[92mINFO [0m:      Sent reply
[92mINFO [0m:      
[92mINFO [0m:      Received: evaluate message 15aebd69-4a13-438d-9445-fddd9474cc24
[92mINFO [0m:      Sent reply
[92mINFO [0m:      
[92mINFO [0m:      Received: train message 5e9bde27-2fb1-4905-8502-b9623d61d2ec
[92mINFO [0m:      Sent reply
[92mINFO [0m:      
[92mINFO [0m:      Received: evaluate message 20183a37-a00e-4d5f-a721-55d093b21cd0
[92mINFO [0m:      Sent reply
[92mINFO [0m:      
[92mINFO [0m:      Received: train message 740e1e70-75af-4b80-8520-f68ce9d47ecb
[92mINFO [0m:      Sent reply
[92mINFO [0m:      
[92mINFO [0m:      Received: evaluate message 4e0ce5e2-13bc-428f-b363-81e5089ffff2
[92mINFO [0m:      Sent reply
[92mINFO [0m:      
[92mINFO [0m:      Received: train message ba8b30a9-83ca-4597-95ea-8605cfe6eeae
[92mINFO [0m:      Sent reply
[92mINFO [0m:      
[92mINFO [0m:      Received: evaluate message eb7767c9-6643-415f-8ae4-c5334db461ea
[92mINFO [0m:      Sent reply
[92mINFO [0m:      
[92mINFO [0m:      Received: train message 5d33a459-26d3-4e63-ad4f-c073d7e967e1
[92mINFO [0m:      Sent reply
[92mINFO [0m:      
[92mINFO [0m:      Received: train message a5009bd8-c75b-4ae6-a41c-55bd53e1aed1
[92mINFO [0m:      Sent reply
[92mINFO [0m:      
[92mINFO [0m:      Received: evaluate message 593188a6-9abc-40ae-a33f-39e4e219432c
[92mINFO [0m:      Sent reply
[92mINFO [0m:      
[92mINFO [0m:      Received: train message 52d3f03c-c262-4108-aadc-20dada465d53
[92mINFO [0m:      Sent reply
[92mINFO [0m:      
[92mINFO [0m:      Received: evaluate message b4d588c7-407c-4061-a342-d18afa873424
[92mINFO [0m:      Sent reply
[92mINFO [0m:      
[92mINFO [0m:      Received: train message 120f0ab4-2b5f-44b6-b0ee-6cf19c8f3eff
[92mINFO [0m:      Sent reply
[92mINFO [0m:      
[92mINFO [0m:      Received: evaluate message 9f43dcfd-487a-40a1-ad13-4b11ee61b3e8
[92mINFO [0m:      Sent reply
[92mINFO [0m:      
[92mINFO [0m:      Received: evaluate message 3913b24e-8b5d-4a3f-97de-b3c57ded6b48
[92mINFO [0m:      Sent reply
[92mINFO [0m:      
[92mINFO [0m:      Received: evaluate message 91d6dd66-e7f5-4b80-955b-c2d05132ab9b
[92mINFO [0m:      Sent reply
[92mINFO [0m:      
[92mINFO [0m:      Received: train message b7c261d8-8d55-43fc-8212-95d19dfd7c1b
[92mINFO [0m:      Sent reply
[92mINFO [0m:      
[92mINFO [0m:      Received: train message 35a8c020-5d42-479f-8314-79a063da82d2
[92mINFO [0m:      Sent reply
[92mINFO [0m:      
[92mINFO [0m:      Received: evaluate message 1101ee42-c95d-4619-b908-31fa3c46cc84
[92mINFO [0m:      Sent reply
[92mINFO [0m:      
[92mINFO [0m:      Received: train message 7f69ec5e-7366-4232-87cb-df7c9bccfad3
[92mINFO [0m:      Sent reply
[92mINFO [0m:      
[92mINFO [0m:      Received: evaluate message 2c42f68c-fdeb-4b94-9072-15929ce9ed01
[92mINFO [0m:      Sent reply
[92mINFO [0m:      
[92mINFO [0m:      Received: train message d6869852-c095-4d7b-97b5-07748dfb2113
[92mINFO [0m:      Sent reply
[92mINFO [0m:      
[92mINFO [0m:      Received: evaluate message 8a3900eb-0d9e-4d4b-8335-355956650945
[92mINFO [0m:      Sent reply
[92mINFO [0m:      
[92mINFO [0m:      Received: evaluate message b3464c1e-b5c2-4a64-b8cd-5de777a0e6fc
[92mINFO [0m:      Sent reply
[92mINFO [0m:      
[92mINFO [0m:      Received: train message de0c319f-03d7-4091-ba7a-9b42cec07496
[92mINFO [0m:      Sent reply
[92mINFO [0m:      
[92mINFO [0m:      Received: train message fe1a8f7f-1df5-4d2c-bd8d-6acfd0ff366c
[92mINFO [0m:      Sent reply
[92mINFO [0m:      
[92mINFO [0m:      Received: train message bff64ce0-e879-4a6c-850a-d05706b552a3
[92mINFO [0m:      Sent reply
[92mINFO [0m:      
[92mINFO [0m:      Received: evaluate message bfd4e651-a7d9-404a-bfc4-06548b822c51
[92mINFO [0m:      Sent reply
[92mINFO [0m:      
[92mINFO [0m:      Received: train message 75ceb01f-ef7c-4cb1-8c92-4ac84d8e44e5
[92mINFO [0m:      Sent reply
[92mINFO [0m:      
[92mINFO [0m:      Received: train message a0b01551-805e-4f61-9055-cdfd9a68c33a
[92mINFO [0m:      Sent reply
[92mINFO [0m:      
[92mINFO [0m:      Received: train message ebc9beb1-f75a-449a-87de-616c784e95c1
[92mINFO [0m:      Sent reply
[92mINFO [0m:      
[92mINFO [0m:      Received: train message d0927026-360c-4273-9d26-d7f33e6db0ca
[92mINFO [0m:      Sent reply
[92mINFO [0m:      
[92mINFO [0m:      Received: train message 8e0281ca-d378-4ba4-ad9a-ac62eb820af7
[92mINFO [0m:      Sent reply
[92mINFO [0m:      
[92mINFO [0m:      Received: train message a4c1c72a-2e53-42c4-81f3-9a503682e9af
[92mINFO [0m:      Sent reply
[92mINFO [0m:      
[92mINFO [0m:      Received: evaluate message 0bcd8829-f2ea-49b3-8362-8804855bb48d
[92mINFO [0m:      Sent reply
[92mINFO [0m:      
[92mINFO [0m:      Received: train message eba2e0f8-b303-4ddb-a993-640a9656e416
[92mINFO [0m:      Sent reply
[92mINFO [0m:      
[92mINFO [0m:      Received: evaluate message 63c94b4a-6ec3-48a9-9630-b3f3a6b38fc4
[92mINFO [0m:      Sent reply
[92mINFO [0m:      
[92mINFO [0m:      Received: train message 13481bc6-a77d-4cb1-89cd-0400b9e5387e
[92mINFO [0m:      Sent reply
[92mINFO [0m:      
[92mINFO [0m:      Received: evaluate message 70723a52-d1c2-493c-8387-05b2dd3d70de
[92mINFO [0m:      Sent reply
[92mINFO [0m:      
[92mINFO [0m:      Received: train message c7591713-62ac-4242-83c5-87a280373221
[92mINFO [0m:      Sent reply
[92mINFO [0m:      
[92mINFO [0m:      Received: train message 830f44bb-4fc4-4574-897c-ee60c171e433
[92mINFO [0m:      Sent reply
[92mINFO [0m:      
[92mINFO [0m:      Received: evaluate message 7e82fc4a-02e9-4530-99cc-624e2b004c46
[92mINFO [0m:      Sent reply
[92mINFO [0m:      
[92mINFO [0m:      Received: evaluate message 4543827b-63f7-4e69-91d6-ed79f436fb78
[92mINFO [0m:      Sent reply
[92mINFO [0m:      
[92mINFO [0m:      Received: train message 88010c7e-055a-4061-9192-495657fc7d30
[92mINFO [0m:      Sent reply
[92mINFO [0m:      
[92mINFO [0m:      Received: evaluate message 769ff941-fbe1-4125-a454-80618285d5c7
[92mINFO [0m:      Sent reply
[92mINFO [0m:      
[92mINFO [0m:      Received: evaluate message db17a282-ca8d-4a18-b43d-22e0d182aa38
[92mINFO [0m:      Sent reply
[92mINFO [0m:      
[92mINFO [0m:      Received: evaluate message 7fb1a0cc-0e2c-4790-b456-b5d4cd80c789
[92mINFO [0m:      Sent reply
[92mINFO [0m:      
[92mINFO [0m:      Received: evaluate message 25eec33f-b676-440b-a57d-d602b1edfc93
[92mINFO [0m:      Sent reply
[92mINFO [0m:      
[92mINFO [0m:      Received: train message 49d99f05-187b-4c9a-b5e8-861322a62fe0
[92mINFO [0m:      Sent reply
[92mINFO [0m:      
[92mINFO [0m:      Received: train message 622d94ab-d768-438d-93d5-8160e41aa74e
[92mINFO [0m:      Sent reply
[92mINFO [0m:      
[92mINFO [0m:      Received: evaluate message fa5b11d8-c37b-4ecb-bd1b-835b7e390bfe
[92mINFO [0m:      Sent reply
[92mINFO [0m:      
[92mINFO [0m:      Received: evaluate message d37c59f2-05c2-4082-b657-cda168c3dfa3
[92mINFO [0m:      Sent reply
[92mINFO [0m:      
[92mINFO [0m:      Received: train message 1dfea3a0-f24d-4c4f-aab9-e0b772607298
[92mINFO [0m:      Sent reply
[92mINFO [0m:      
[92mINFO [0m:      Received: evaluate message ee801770-87cb-47d5-b759-24bd966e773c
[92mINFO [0m:      Sent reply
[92mINFO [0m:      
[92mINFO [0m:      Received: train message b930f668-1c25-426f-a8b1-48167b62b279
[92mINFO [0m:      Sent reply
[92mINFO [0m:      
[92mINFO [0m:      Received: train message 744b39f7-b5e9-4195-acbc-9bf2acf93eb7
[92mINFO [0m:      Sent reply
[92mINFO [0m:      
[92mINFO [0m:      Received: train message cbe16ffe-3166-4a98-b82d-20b2a44d3fe0
[92mINFO [0m:      Sent reply
[92mINFO [0m:      
[92mINFO [0m:      Received: train message f1c65c52-d609-473a-b8a1-e9bce509ac2d
[92mINFO [0m:      Sent reply
[92mINFO [0m:      
[92mINFO [0m:      Received: evaluate message 74e9d33e-d577-4230-b8be-a3b54cca5cd7
[92mINFO [0m:      Sent reply
[92mINFO [0m:      
[92mINFO [0m:      Received: evaluate message d624d3af-4483-4b2a-8a4f-cdbe1f02b4b6
[92mINFO [0m:      Sent reply
[92mINFO [0m:      
[92mINFO [0m:      Received: train message 9a1cbad5-b1c7-4cae-9b5e-c80d41128545
[92mINFO [0m:      Sent reply
[92mINFO [0m:      
[92mINFO [0m:      Received: evaluate message 3ec5b3b1-bd56-4604-8d7e-6c6beca3aa58
[92mINFO [0m:      Sent reply
[92mINFO [0m:      
[92mINFO [0m:      Received: evaluate message 0b89833b-d6cd-4ec6-a8f1-2ab7e08bcb5e
[92mINFO [0m:      Sent reply
[92mINFO [0m:      
[92mINFO [0m:      Received: evaluate message 7979d9af-799f-4c04-b282-5d7b9d9bc98e
[92mINFO [0m:      Sent reply
[92mINFO [0m:      
[92mINFO [0m:      Received: reconnect message e52d5444-2047-4e93-8814-3518b8e4a61e
[92mINFO [0m:      Disconnect and shut down
