[93mWARNING [0m:   DEPRECATED FEATURE: flwr.client.start_client() is deprecated.
	Instead, use the `flower-supernode` CLI command to start a SuperNode as shown below:

		$ flower-supernode --insecure --superlink='<IP>:<PORT>'

	To view all available options, run:

		$ flower-supernode --help

	Using `start_client()` is deprecated.

            This is a deprecated feature. It will be removed
            entirely in future versions of Flower.
        
[92mINFO [0m:      
[92mINFO [0m:      Received: evaluate message aa1556a2-260b-4a3f-bf1c-f4d83cb598c8
[92mINFO [0m:      Sent reply
[92mINFO [0m:      
[92mINFO [0m:      Received: evaluate message a5a100b8-8cca-452f-8afd-34175d08871e
[92mINFO [0m:      Sent reply
[92mINFO [0m:      
[92mINFO [0m:      Received: train message 6ebd5f7d-45bb-4788-ba2e-b31e70863320
[92mINFO [0m:      Sent reply
[92mINFO [0m:      
[92mINFO [0m:      Received: train message e523f32f-aa5e-4878-aa1a-7b5bf0b8fada
[92mINFO [0m:      Sent reply
[92mINFO [0m:      
[92mINFO [0m:      Received: train message e6ecb7c3-cdaa-4a76-9837-a10fbc25adfd
[92mINFO [0m:      Sent reply
[92mINFO [0m:      
[92mINFO [0m:      Received: train message 82f2d89a-d307-4964-846c-1b0aaab3eaec
[92mINFO [0m:      Sent reply
[92mINFO [0m:      
[92mINFO [0m:      Received: evaluate message ea75f08c-280b-4ecc-ae67-a2c1ef7e024f
[92mINFO [0m:      Sent reply
[92mINFO [0m:      
[92mINFO [0m:      Received: train message af1c9c89-102d-4c3b-bc5a-68f7116edcb0
[92mINFO [0m:      Sent reply
[92mINFO [0m:      
[92mINFO [0m:      Received: train message 9d190824-c84a-454f-bfe7-df8ebf5e5e9e
[92mINFO [0m:      Sent reply
[92mINFO [0m:      
[92mINFO [0m:      Received: evaluate message 8a37e2be-b5d3-44d5-801f-503c63aa46cf
[92mINFO [0m:      Sent reply
[92mINFO [0m:      
[92mINFO [0m:      Received: train message 7a0d5adb-813a-4439-bb1d-561cd0f53e31
[92mINFO [0m:      Sent reply
[92mINFO [0m:      
[92mINFO [0m:      Received: train message 78e15850-314c-493f-bb8c-634959aa04d7
[92mINFO [0m:      Sent reply
[92mINFO [0m:      
[92mINFO [0m:      Received: evaluate message 94324970-9e7a-4a3d-a307-b6fcb7b4ec33
[92mINFO [0m:      Sent reply
[92mINFO [0m:      
[92mINFO [0m:      Received: evaluate message 718d496a-a078-42d6-ace0-1d7209567328
[92mINFO [0m:      Sent reply
[92mINFO [0m:      
[92mINFO [0m:      Received: train message fe366151-9e8d-4726-a406-300d07a44ab1
[92mINFO [0m:      Sent reply
[92mINFO [0m:      
[92mINFO [0m:      Received: evaluate message 46e370db-0a01-46f6-b399-d9526296893e
[92mINFO [0m:      Sent reply
[92mINFO [0m:      
[92mINFO [0m:      Received: evaluate message a95b363f-8d78-40e3-b686-340f496ce39b
[92mINFO [0m:      Sent reply
[92mINFO [0m:      
[92mINFO [0m:      Received: evaluate message 490192bf-1901-4829-947e-aba06156df1d
[92mINFO [0m:      Sent reply
[92mINFO [0m:      
[92mINFO [0m:      Received: train message 129df902-95f1-42c6-a1fb-abf80086cb2b
[92mINFO [0m:      Sent reply
[92mINFO [0m:      
[92mINFO [0m:      Received: evaluate message a85eab55-7d94-4490-8c0e-bc8408f5fc66
[92mINFO [0m:      Sent reply
[92mINFO [0m:      
[92mINFO [0m:      Received: train message 408aad1f-56b7-495b-b654-1dd956018f9d
[92mINFO [0m:      Sent reply
[92mINFO [0m:      
[92mINFO [0m:      Received: evaluate message b8b16f51-d183-4c95-9ce9-167ba52904c4
[92mINFO [0m:      Sent reply
[92mINFO [0m:      
[92mINFO [0m:      Received: evaluate message 146c6a58-d9c9-4745-84fa-4c6798ee4661
[92mINFO [0m:      Sent reply
[92mINFO [0m:      
[92mINFO [0m:      Received: train message 6465870c-e8c8-4502-baa8-ec6d4a3a3614
[92mINFO [0m:      Sent reply
[92mINFO [0m:      
[92mINFO [0m:      Received: evaluate message 2d6958e9-b527-4294-8258-595cf860e9c3
[92mINFO [0m:      Sent reply
[92mINFO [0m:      
[92mINFO [0m:      Received: train message 6a464d6d-5023-413f-99e6-efa9fb42430e
[92mINFO [0m:      Sent reply
[92mINFO [0m:      
[92mINFO [0m:      Received: evaluate message fdaed6bf-c074-4f9b-8cbf-1b392249127d
[92mINFO [0m:      Sent reply
[92mINFO [0m:      
[92mINFO [0m:      Received: evaluate message 6cf354de-7dd3-497b-ac98-3ffba2f80d34
[92mINFO [0m:      Sent reply
[92mINFO [0m:      
[92mINFO [0m:      Received: train message ef2945f6-4b12-4470-b6d5-46a7f63e4995
[92mINFO [0m:      Sent reply
[92mINFO [0m:      
[92mINFO [0m:      Received: evaluate message 6726df1f-db9b-402f-a120-595a7c4b6ae4
[92mINFO [0m:      Sent reply
[92mINFO [0m:      
[92mINFO [0m:      Received: train message 516d45c4-727b-405f-b0d8-fd67dbd7c78f
[92mINFO [0m:      Sent reply
[92mINFO [0m:      
[92mINFO [0m:      Received: evaluate message 80824261-07d8-49f9-a577-e69efe2dd5d4
[92mINFO [0m:      Sent reply
[92mINFO [0m:      
[92mINFO [0m:      Received: train message 44169641-3851-4a7a-b4ce-98724087692a
[92mINFO [0m:      Sent reply
[92mINFO [0m:      
[92mINFO [0m:      Received: evaluate message 7cbbb60d-b3e3-4c68-bb9b-e152b6c7f42e
[92mINFO [0m:      Sent reply
[92mINFO [0m:      
[92mINFO [0m:      Received: train message 1a18cfdb-221e-41b3-bbbd-b7b43b4069cc
[92mINFO [0m:      Sent reply
[92mINFO [0m:      
[92mINFO [0m:      Received: train message 928e5fa9-5a5f-4ef8-9460-cca3f9090b2a
[92mINFO [0m:      Sent reply
[92mINFO [0m:      
[92mINFO [0m:      Received: evaluate message f954faec-aead-4b7d-ab15-1c396855da33
[92mINFO [0m:      Sent reply
[92mINFO [0m:      
[92mINFO [0m:      Received: train message ce36f365-03a2-4190-8f0a-91d8118bd26f
[92mINFO [0m:      Sent reply
[92mINFO [0m:      
[92mINFO [0m:      Received: evaluate message 3d5e222c-6d26-4e6f-af40-c38cf43bd4ad
[92mINFO [0m:      Sent reply
[92mINFO [0m:      
[92mINFO [0m:      Received: train message 279493f4-e720-44b5-a8cb-6e4be7a8a8c7
[92mINFO [0m:      Sent reply
[92mINFO [0m:      
[92mINFO [0m:      Received: evaluate message ec37d677-5a72-444a-83dd-d9e6e68d8a27
[92mINFO [0m:      Sent reply
[92mINFO [0m:      
[92mINFO [0m:      Received: evaluate message b257ce9c-de14-42bb-9210-da0c00b4a306
[92mINFO [0m:      Sent reply
[92mINFO [0m:      
[92mINFO [0m:      Received: train message fdbcb8bc-7c94-4461-acd0-3547f0d05ea9
[92mINFO [0m:      Sent reply
[92mINFO [0m:      
[92mINFO [0m:      Received: evaluate message ccbc886d-c06d-43e5-9389-751e87b59a93
[92mINFO [0m:      Sent reply
[92mINFO [0m:      
[92mINFO [0m:      Received: train message 64f995ca-aee3-4eea-99a8-524280049f3f
[92mINFO [0m:      Sent reply
[92mINFO [0m:      
[92mINFO [0m:      Received: evaluate message 4005a190-d6eb-421d-80b6-5ff1bca8a8d1
[92mINFO [0m:      Sent reply
[92mINFO [0m:      
[92mINFO [0m:      Received: train message b30bc4ef-b8dc-4184-b58a-72e51a62e29b
[92mINFO [0m:      Sent reply
[92mINFO [0m:      
[92mINFO [0m:      Received: train message 47a29d03-f468-4c83-94b2-5f8b3da4762c
[92mINFO [0m:      Sent reply
[92mINFO [0m:      
[92mINFO [0m:      Received: evaluate message 258b09bf-f0a5-4afc-9fa4-a0d9a8b31dd1
[92mINFO [0m:      Sent reply
[92mINFO [0m:      
[92mINFO [0m:      Received: train message 737931cb-31a6-4e3d-94d8-f56156856eb6
[92mINFO [0m:      Sent reply
[92mINFO [0m:      
[92mINFO [0m:      Received: evaluate message 751d5b0b-db55-41a7-a719-153126b0cb2d
[92mINFO [0m:      Sent reply
[92mINFO [0m:      
[92mINFO [0m:      Received: train message 32981599-d7cb-490d-9870-190ffb137d26
[92mINFO [0m:      Sent reply
[92mINFO [0m:      
[92mINFO [0m:      Received: evaluate message adb292d2-eb82-4fdd-82fa-5cd325b8b922
[92mINFO [0m:      Sent reply
[92mINFO [0m:      
[92mINFO [0m:      Received: train message 7f08cf2e-a7ca-4139-a3ad-baee43d9b591
[92mINFO [0m:      Sent reply
[92mINFO [0m:      
[92mINFO [0m:      Received: evaluate message 79712455-b435-4c9b-a28e-eae79f677674
[92mINFO [0m:      Sent reply
[92mINFO [0m:      
[92mINFO [0m:      Received: train message b6bc12c6-8828-4a44-b821-b7574232d814
[92mINFO [0m:      Sent reply
[92mINFO [0m:      
[92mINFO [0m:      Received: evaluate message 7fde6a5a-aea7-4715-bcbc-5d03360ae9d2
[92mINFO [0m:      Sent reply
[92mINFO [0m:      
[92mINFO [0m:      Received: train message 97ca2bf8-ac16-48b7-af41-37f797f83f96
[92mINFO [0m:      Sent reply
[92mINFO [0m:      
[92mINFO [0m:      Received: evaluate message a39afe2b-6a4f-4820-a772-fcb81fecb017
[92mINFO [0m:      Sent reply
[92mINFO [0m:      
[92mINFO [0m:      Received: train message d3c7e495-2204-44c0-9187-0adea1c54443
[92mINFO [0m:      Sent reply
[92mINFO [0m:      
[92mINFO [0m:      Received: evaluate message 609e8e16-9e60-43d7-acf3-e35efd813683
[92mINFO [0m:      Sent reply
[92mINFO [0m:      
[92mINFO [0m:      Received: train message 06be4edd-a960-4f27-af17-e81b502e4472
[92mINFO [0m:      Sent reply
[92mINFO [0m:      
[92mINFO [0m:      Received: evaluate message 99dad0d5-7c6e-4b68-889d-e805512e6de0
[92mINFO [0m:      Sent reply
[92mINFO [0m:      
[92mINFO [0m:      Received: train message 1825467f-f9f4-4afa-bb1a-62435c11c5bd
[92mINFO [0m:      Sent reply
[92mINFO [0m:      
[92mINFO [0m:      Received: evaluate message b861dcfb-a40e-4b5c-9437-82d5322be6ba
[92mINFO [0m:      Sent reply
[92mINFO [0m:      
[92mINFO [0m:      Received: evaluate message eb598cdc-f75e-4b86-8d32-19ef8d850ccb
[92mINFO [0m:      Sent reply
[92mINFO [0m:      
[92mINFO [0m:      Received: train message 01430f8e-e6f5-4184-bc5e-fc6af73eefd0
[92mINFO [0m:      Sent reply
[92mINFO [0m:      
[92mINFO [0m:      Received: evaluate message 54a763e2-17c7-4238-ac0a-01cf0f20f110
[92mINFO [0m:      Sent reply
[92mINFO [0m:      
[92mINFO [0m:      Received: train message e2b4c5e9-8f26-4e5b-816b-4336cf8dd91b
[92mINFO [0m:      Sent reply
[92mINFO [0m:      
[92mINFO [0m:      Received: train message d6aad826-f814-4c54-a299-091447433ec8
[92mINFO [0m:      Sent reply
[92mINFO [0m:      
[92mINFO [0m:      Received: train message fd5c58f5-8aec-44f5-a57a-72590859045d
[92mINFO [0m:      Sent reply
[92mINFO [0m:      
[92mINFO [0m:      Received: evaluate message 33661ab5-f00c-4743-a886-46338f7e8f17
[92mINFO [0m:      Sent reply
[92mINFO [0m:      
[92mINFO [0m:      Received: train message db353a73-652e-488b-8b7a-32bf43c53fdf
[92mINFO [0m:      Sent reply
[92mINFO [0m:      
[92mINFO [0m:      Received: train message 64bd7d2a-0b3b-4f37-8b74-54e3ffff76f0
[92mINFO [0m:      Sent reply
[92mINFO [0m:      
[92mINFO [0m:      Received: evaluate message 311e1fc9-4b0e-4514-84ba-471a7e6a61c3
[92mINFO [0m:      Sent reply
[92mINFO [0m:      
[92mINFO [0m:      Received: train message 43db7053-7573-412b-a8cd-178a91842141
[92mINFO [0m:      Sent reply
[92mINFO [0m:      
[92mINFO [0m:      Received: evaluate message 01fe4b4c-e542-4be8-848f-4e04c23ece1d
[92mINFO [0m:      Sent reply
[92mINFO [0m:      
[92mINFO [0m:      Received: train message 32584a3b-bfd7-43de-95fb-fd4c42153c87
[92mINFO [0m:      Sent reply
[92mINFO [0m:      
[92mINFO [0m:      Received: evaluate message a74d256c-d048-437f-9f4c-6a052e3e56bf
[92mINFO [0m:      Sent reply
[92mINFO [0m:      
[92mINFO [0m:      Received: evaluate message 3f4003e1-23f6-44e8-bf7d-d50dffb46d83
[92mINFO [0m:      Sent reply
[92mINFO [0m:      
[92mINFO [0m:      Received: evaluate message 7e882ed5-1ac8-4af2-9568-08a78132528d
[92mINFO [0m:      Sent reply
[92mINFO [0m:      
[92mINFO [0m:      Received: evaluate message 04e3deff-3499-4e45-a2a3-ee97df3b1176
[92mINFO [0m:      Sent reply
[92mINFO [0m:      
[92mINFO [0m:      Received: train message 5fac97d4-5e9e-47b4-bd85-2587ef40fc42
[92mINFO [0m:      Sent reply
[92mINFO [0m:      
[92mINFO [0m:      Received: train message c17c1e09-2696-448c-9eff-bb25000b3b0a
[92mINFO [0m:      Sent reply
[92mINFO [0m:      
[92mINFO [0m:      Received: evaluate message 894e81dc-d5f6-47ac-a31a-8b64b318fea3
[92mINFO [0m:      Sent reply
[92mINFO [0m:      
[92mINFO [0m:      Received: evaluate message 331ec5ba-fbc0-4218-a5fa-1832d56a993c
[92mINFO [0m:      Sent reply
[92mINFO [0m:      
[92mINFO [0m:      Received: train message 41b2144b-7bf3-4318-b5fe-48441fe9cf88
[92mINFO [0m:      Sent reply
[92mINFO [0m:      
[92mINFO [0m:      Received: evaluate message 698a6d4c-1914-4626-93d1-bc17dc283b97
[92mINFO [0m:      Sent reply
[92mINFO [0m:      
[92mINFO [0m:      Received: evaluate message af8ee9d2-2159-4fa5-a07b-c3f8b7febc0a
[92mINFO [0m:      Sent reply
[92mINFO [0m:      
[92mINFO [0m:      Received: evaluate message ed6de31f-e1c3-4609-955e-5255a6298730
[92mINFO [0m:      Sent reply
[92mINFO [0m:      
[92mINFO [0m:      Received: train message 4c470548-1338-4856-97a3-6a3819810f6f
[92mINFO [0m:      Sent reply
[92mINFO [0m:      
[92mINFO [0m:      Received: evaluate message ceb1f600-83de-4cfc-9662-16eb6134e454
[92mINFO [0m:      Sent reply
[92mINFO [0m:      
[92mINFO [0m:      Received: evaluate message d088eed0-4783-42cf-a4d0-211314843e67
[92mINFO [0m:      Sent reply
[92mINFO [0m:      
[92mINFO [0m:      Received: train message d7cbcf64-be5e-40ce-b34f-8ef5d44d1598
[92mINFO [0m:      Sent reply
[92mINFO [0m:      
[92mINFO [0m:      Received: train message 4d4e347f-90a0-4102-902c-4d2f0f0c8465
[92mINFO [0m:      Sent reply
[92mINFO [0m:      
[92mINFO [0m:      Received: evaluate message b6f2067b-d3b8-4cf8-b981-607e5e77023f
[92mINFO [0m:      Sent reply
[92mINFO [0m:      
[92mINFO [0m:      Received: evaluate message 545c8a82-518f-43d0-804a-90bfa0995ba6
[92mINFO [0m:      Sent reply
[92mINFO [0m:      
[92mINFO [0m:      Received: evaluate message e33b0195-18f5-490e-8dcc-a05128c42650
[92mINFO [0m:      Sent reply
[92mINFO [0m:      
[92mINFO [0m:      Received: train message d6df7f8b-c691-4f21-ba6f-62e6b90ff54d
[92mINFO [0m:      Sent reply
[92mINFO [0m:      
[92mINFO [0m:      Received: train message 52f80277-cb4f-4b86-ac63-f6a7e934e793
[92mINFO [0m:      Sent reply
[92mINFO [0m:      
[92mINFO [0m:      Received: evaluate message 80737296-2f2c-409f-b90f-e08d26792f81
[92mINFO [0m:      Sent reply
[92mINFO [0m:      
[92mINFO [0m:      Received: evaluate message 69e895ed-72d9-46e5-b4d6-96ae50d66d74
[92mINFO [0m:      Sent reply
[92mINFO [0m:      
[92mINFO [0m:      Received: train message 28baf0aa-0e25-426f-b7a0-03ed43949934
[92mINFO [0m:      Sent reply
[92mINFO [0m:      
[92mINFO [0m:      Received: evaluate message 54a68d5b-1924-4d59-918d-f7bc975bd94c
[92mINFO [0m:      Sent reply
[92mINFO [0m:      
[92mINFO [0m:      Received: evaluate message 02fd8d3d-c797-4c0f-81e1-e16589cb18bb
[92mINFO [0m:      Sent reply
[92mINFO [0m:      
[92mINFO [0m:      Received: evaluate message c2967579-1180-4b85-958f-f6f46c71d6c3
[92mINFO [0m:      Sent reply
[92mINFO [0m:      
[92mINFO [0m:      Received: train message 94e4d9c1-6f33-43b9-8f47-1432e8162964
[92mINFO [0m:      Sent reply
[92mINFO [0m:      
[92mINFO [0m:      Received: evaluate message 21dae8bf-810f-423e-a922-9d377bd92034
[92mINFO [0m:      Sent reply
[92mINFO [0m:      
[92mINFO [0m:      Received: evaluate message 4885212c-5823-465c-9afc-94db0825096d
[92mINFO [0m:      Sent reply
[92mINFO [0m:      
[92mINFO [0m:      Received: evaluate message 88b9a77f-6965-4839-9556-d66661a84e2b
[92mINFO [0m:      Sent reply
[92mINFO [0m:      
[92mINFO [0m:      Received: train message e900a200-78f8-47b0-9fa1-dddd53e769ee
[92mINFO [0m:      Sent reply
[92mINFO [0m:      
[92mINFO [0m:      Received: train message b2ae5bab-bab2-4620-95b9-ca53590a2db9
[92mINFO [0m:      Sent reply
[92mINFO [0m:      
[92mINFO [0m:      Received: train message 077ffc1e-b734-4c1e-a224-fc848feb60a8
[92mINFO [0m:      Sent reply
[92mINFO [0m:      
[92mINFO [0m:      Received: train message a74490d4-a357-40db-8129-371b90bfcf85
[92mINFO [0m:      Sent reply
[92mINFO [0m:      
[92mINFO [0m:      Received: train message a5026b0b-83ed-4663-b7b8-3836bee0357b
[92mINFO [0m:      Sent reply
[92mINFO [0m:      
[92mINFO [0m:      Received: train message f1d92603-bbba-41d6-b277-be9cbfd75d83
[92mINFO [0m:      Sent reply
[92mINFO [0m:      
[92mINFO [0m:      Received: evaluate message ff6a1a2a-09af-4794-9c84-ac5c758fb0a1
[92mINFO [0m:      Sent reply
[92mINFO [0m:      
[92mINFO [0m:      Received: train message 47675536-70d4-455e-ac29-38b5ab3ea206
[92mINFO [0m:      Sent reply
[92mINFO [0m:      
[92mINFO [0m:      Received: evaluate message 8f2a563e-48bf-47be-bbdb-5e0d3915952e
[92mINFO [0m:      Sent reply
[92mINFO [0m:      
[92mINFO [0m:      Received: train message 4cc7af1a-f9f4-4851-87b2-bdf32458628c
[92mINFO [0m:      Sent reply
[92mINFO [0m:      
[92mINFO [0m:      Received: reconnect message 03f9f07f-b083-4794-b2b7-1f0efc03d83e
[92mINFO [0m:      Disconnect and shut down
