[93mWARNING [0m:   DEPRECATED FEATURE: flwr.client.start_client() is deprecated.
	Instead, use the `flower-supernode` CLI command to start a SuperNode as shown below:

		$ flower-supernode --insecure --superlink='<IP>:<PORT>'

	To view all available options, run:

		$ flower-supernode --help

	Using `start_client()` is deprecated.

            This is a deprecated feature. It will be removed
            entirely in future versions of Flower.
        
[92mINFO [0m:      
[92mINFO [0m:      Received: evaluate message 76e8c3ed-15b9-464e-937e-77d0b93939a4
[92mINFO [0m:      Sent reply
[92mINFO [0m:      
[92mINFO [0m:      Received: evaluate message bf66e306-410b-4647-b3d2-6d6552e03f5a
[92mINFO [0m:      Sent reply
[92mINFO [0m:      
[92mINFO [0m:      Received: train message ce5ece99-8f38-45fe-8671-72d4b8e7e6bf
[92mINFO [0m:      Sent reply
[92mINFO [0m:      
[92mINFO [0m:      Received: evaluate message deabef38-104b-4902-8cb8-94c8a9a0347e
[92mINFO [0m:      Sent reply
[92mINFO [0m:      
[92mINFO [0m:      Received: evaluate message 9529ef87-37da-4899-8564-b3864b9dd0d6
[92mINFO [0m:      Sent reply
[92mINFO [0m:      
[92mINFO [0m:      Received: train message 404bb27b-e2c3-426a-9257-b24208daa0fb
[92mINFO [0m:      Sent reply
[92mINFO [0m:      
[92mINFO [0m:      Received: evaluate message cb5f3493-794b-4b9f-9ea5-037456420bd8
[92mINFO [0m:      Sent reply
[92mINFO [0m:      
[92mINFO [0m:      Received: evaluate message cd282abe-73fb-4f44-9a27-8b7e943107f5
[92mINFO [0m:      Sent reply
[92mINFO [0m:      
[92mINFO [0m:      Received: evaluate message 9867d7cb-e42d-4ecc-8d00-458711763085
[92mINFO [0m:      Sent reply
[92mINFO [0m:      
[92mINFO [0m:      Received: train message c931826c-d10a-4450-af79-dbca165cf703
[92mINFO [0m:      Sent reply
[92mINFO [0m:      
[92mINFO [0m:      Received: evaluate message 1362349b-bdeb-4802-ad0b-178be5847865
[92mINFO [0m:      Sent reply
[92mINFO [0m:      
[92mINFO [0m:      Received: train message 99eec90b-310f-4b52-8c61-e28f313ffb82
[92mINFO [0m:      Sent reply
[92mINFO [0m:      
[92mINFO [0m:      Received: evaluate message c21b25b2-08d4-494a-a625-f8431a055c48
[92mINFO [0m:      Sent reply
[92mINFO [0m:      
[92mINFO [0m:      Received: train message b431ff74-0341-4891-9bfb-edd652736908
[92mINFO [0m:      Sent reply
[92mINFO [0m:      
[92mINFO [0m:      Received: evaluate message df7c6db6-8fa7-43dd-866e-faca93cc8cea
[92mINFO [0m:      Sent reply
[92mINFO [0m:      
[92mINFO [0m:      Received: evaluate message 44baf8ef-b8f5-4ad0-8eb0-54bb98a48319
[92mINFO [0m:      Sent reply
[92mINFO [0m:      
[92mINFO [0m:      Received: train message 3bb74dc1-30d6-4b5c-a5a2-a3c64cb51294
[92mINFO [0m:      Sent reply
[92mINFO [0m:      
[92mINFO [0m:      Received: evaluate message 338e62a4-c1bf-42c1-9acd-022aea995059
[92mINFO [0m:      Sent reply
[92mINFO [0m:      
[92mINFO [0m:      Received: evaluate message 63c2f134-5d82-491b-a0c7-b4dde406a828
[92mINFO [0m:      Sent reply
[92mINFO [0m:      
[92mINFO [0m:      Received: evaluate message ed42843d-81b2-4fc3-b2aa-60ccee0cd818
[92mINFO [0m:      Sent reply
[92mINFO [0m:      
[92mINFO [0m:      Received: train message 147b1b6b-9d5a-4b93-a92f-845df312d654
[92mINFO [0m:      Sent reply
[92mINFO [0m:      
[92mINFO [0m:      Received: evaluate message 819e7818-0d81-4c99-9b98-5479ba174867
[92mINFO [0m:      Sent reply
[92mINFO [0m:      
[92mINFO [0m:      Received: train message bf8731eb-ad5b-48fe-bc1d-ca69d7c6b547
[92mINFO [0m:      Sent reply
[92mINFO [0m:      
[92mINFO [0m:      Received: evaluate message 404b352f-4263-4e2f-882a-07b0fb864478
[92mINFO [0m:      Sent reply
[92mINFO [0m:      
[92mINFO [0m:      Received: evaluate message fdcac286-4100-42b2-8559-03e6e65c9f99
[92mINFO [0m:      Sent reply
[92mINFO [0m:      
[92mINFO [0m:      Received: train message 15e1009c-c460-4128-af9c-b5a48db0dcf6
[92mINFO [0m:      Sent reply
[92mINFO [0m:      
[92mINFO [0m:      Received: train message a40a3dd5-508e-41d7-803c-4685c0d3e55e
[92mINFO [0m:      Sent reply
[92mINFO [0m:      
[92mINFO [0m:      Received: evaluate message 9177cc2f-7e82-40c0-a686-2064be2580ae
[92mINFO [0m:      Sent reply
[92mINFO [0m:      
[92mINFO [0m:      Received: train message f2bbf9d3-f112-482c-b9ab-4fbfc1ea7ae0
[92mINFO [0m:      Sent reply
[92mINFO [0m:      
[92mINFO [0m:      Received: evaluate message f2c45118-03b2-4f41-a3dd-ea27bd3936ee
[92mINFO [0m:      Sent reply
[92mINFO [0m:      
[92mINFO [0m:      Received: evaluate message 3342ace0-8f95-4af7-a40d-42d4efd4b701
[92mINFO [0m:      Sent reply
[92mINFO [0m:      
[92mINFO [0m:      Received: evaluate message 2bb76bf4-43a6-40cb-ac0a-1bde7f04d7f1
[92mINFO [0m:      Sent reply
[92mINFO [0m:      
[92mINFO [0m:      Received: evaluate message d4995e19-1d90-4b00-8dfd-3e1a77718961
[92mINFO [0m:      Sent reply
[92mINFO [0m:      
[92mINFO [0m:      Received: train message 6ff7a906-9654-4ac8-9a5f-32f3a029487c
[92mINFO [0m:      Sent reply
[92mINFO [0m:      
[92mINFO [0m:      Received: train message 0700ffdb-95ca-4692-8734-fd4cbdcc1db7
[92mINFO [0m:      Sent reply
[92mINFO [0m:      
[92mINFO [0m:      Received: evaluate message 6b0ca27f-8bb8-4925-98d4-b8b01542de8d
[92mINFO [0m:      Sent reply
[92mINFO [0m:      
[92mINFO [0m:      Received: train message d0da63ee-4a24-4a8b-a56d-a0b1488b3f1b
[92mINFO [0m:      Sent reply
[92mINFO [0m:      
[92mINFO [0m:      Received: train message 2661d616-1c26-4017-8059-ad302fb3ee76
[92mINFO [0m:      Sent reply
[92mINFO [0m:      
[92mINFO [0m:      Received: train message 6daad417-5ae2-4f50-86ff-26cbd12daaaf
[92mINFO [0m:      Sent reply
[92mINFO [0m:      
[92mINFO [0m:      Received: evaluate message 619e27f3-3e7d-428f-bc97-1ee653d96e6e
[92mINFO [0m:      Sent reply
[92mINFO [0m:      
[92mINFO [0m:      Received: train message 545c2c7d-d6ed-40cf-bab5-e610c829353e
[92mINFO [0m:      Sent reply
[92mINFO [0m:      
[92mINFO [0m:      Received: evaluate message 0de9ef5d-3d70-4fce-b872-d3f0fac31b32
[92mINFO [0m:      Sent reply
[92mINFO [0m:      
[92mINFO [0m:      Received: evaluate message 0d891cdb-1988-4200-905e-f3cd578a784d
[92mINFO [0m:      Sent reply
[92mINFO [0m:      
[92mINFO [0m:      Received: evaluate message 8624062a-3036-4e83-b290-d05021dfcb00
[92mINFO [0m:      Sent reply
[92mINFO [0m:      
[92mINFO [0m:      Received: train message e6296809-01fc-46ef-ac2c-da054d46d9d6
[92mINFO [0m:      Sent reply
[92mINFO [0m:      
[92mINFO [0m:      Received: train message 6ce1fedb-7589-4b66-aeb1-67e9f5cef426
[92mINFO [0m:      Sent reply
[92mINFO [0m:      
[92mINFO [0m:      Received: evaluate message c50e5639-17a3-451c-b081-10a6e8ce5d6f
[92mINFO [0m:      Sent reply
[92mINFO [0m:      
[92mINFO [0m:      Received: train message bd0bb8ef-5c65-47e7-828d-cdd4bb40fadd
[92mINFO [0m:      Sent reply
[92mINFO [0m:      
[92mINFO [0m:      Received: evaluate message aa46232c-ccda-45a7-bf8c-2f6e8b43b770
[92mINFO [0m:      Sent reply
[92mINFO [0m:      
[92mINFO [0m:      Received: train message a0b9f8f2-2e5b-42a7-8e74-8341fa600346
[92mINFO [0m:      Sent reply
[92mINFO [0m:      
[92mINFO [0m:      Received: train message d46fd295-f641-4e01-b6d9-9d04d8e96a78
[92mINFO [0m:      Sent reply
[92mINFO [0m:      
[92mINFO [0m:      Received: evaluate message 7db6b8a5-7a4d-42cb-8a22-3ea17f1c3c59
[92mINFO [0m:      Sent reply
[92mINFO [0m:      
[92mINFO [0m:      Received: train message 15790018-f218-42d5-b0ae-f2ecd2d0b8e1
[92mINFO [0m:      Sent reply
[92mINFO [0m:      
[92mINFO [0m:      Received: evaluate message ffdac693-ba1a-48b1-ab27-2bd0dfbf5d26
[92mINFO [0m:      Sent reply
[92mINFO [0m:      
[92mINFO [0m:      Received: train message 69403f8e-d07c-4811-a46e-775985f16f04
[92mINFO [0m:      Sent reply
[92mINFO [0m:      
[92mINFO [0m:      Received: train message 1ea79d40-b3cc-43b4-af6e-2302275a6838
[92mINFO [0m:      Sent reply
[92mINFO [0m:      
[92mINFO [0m:      Received: train message fc4407ae-f519-4571-a18f-7dc0886fb329
[92mINFO [0m:      Sent reply
[92mINFO [0m:      
[92mINFO [0m:      Received: evaluate message f09a58ed-d334-41a7-b671-ffda996ee45c
[92mINFO [0m:      Sent reply
[92mINFO [0m:      
[92mINFO [0m:      Received: train message 5bae1b87-be37-4ca0-b84b-91dae679ad1a
[92mINFO [0m:      Sent reply
[92mINFO [0m:      
[92mINFO [0m:      Received: evaluate message f4493cfa-a847-4ef3-801f-413979ca2387
[92mINFO [0m:      Sent reply
[92mINFO [0m:      
[92mINFO [0m:      Received: train message b2a6c056-9f7a-4ed8-9d06-5e710f10d363
[92mINFO [0m:      Sent reply
[92mINFO [0m:      
[92mINFO [0m:      Received: train message 0d4e0fad-8ac8-4176-bb8e-c2da08c6b8ee
[92mINFO [0m:      Sent reply
[92mINFO [0m:      
[92mINFO [0m:      Received: evaluate message 23069560-52c7-4d8c-a595-fe0195b68e50
[92mINFO [0m:      Sent reply
[92mINFO [0m:      
[92mINFO [0m:      Received: evaluate message 3078ae9f-fa2a-4db8-8111-4034d1d3d438
[92mINFO [0m:      Sent reply
[92mINFO [0m:      
[92mINFO [0m:      Received: evaluate message dced681d-72a9-460a-9e3f-0d5394508f2c
[92mINFO [0m:      Sent reply
[92mINFO [0m:      
[92mINFO [0m:      Received: evaluate message d1282415-399e-4cc1-9bdd-a3a0cdfa3380
[92mINFO [0m:      Sent reply
[92mINFO [0m:      
[92mINFO [0m:      Received: train message 6496ddb0-2b15-4c8d-8f29-4d9cb8acacb5
[92mINFO [0m:      Sent reply
[92mINFO [0m:      
[92mINFO [0m:      Received: train message 7ba0a2c9-c796-4deb-9dda-ef3db774ff0a
[92mINFO [0m:      Sent reply
[92mINFO [0m:      
[92mINFO [0m:      Received: evaluate message 70813766-20fc-4077-8259-6f8af89e9eda
[92mINFO [0m:      Sent reply
[92mINFO [0m:      
[92mINFO [0m:      Received: train message 9a028620-7065-40f9-86fb-c17b17641344
[92mINFO [0m:      Sent reply
[92mINFO [0m:      
[92mINFO [0m:      Received: evaluate message b19a507c-3b63-467a-a4ea-d4e11d3b9c09
[92mINFO [0m:      Sent reply
[92mINFO [0m:      
[92mINFO [0m:      Received: train message 73d87e75-9320-4bfa-b793-954a8ae7c5b9
[92mINFO [0m:      Sent reply
[92mINFO [0m:      
[92mINFO [0m:      Received: train message f987d426-1ed6-4234-a007-d1b35c3bdab8
[92mINFO [0m:      Sent reply
[92mINFO [0m:      
[92mINFO [0m:      Received: evaluate message c0c11bec-e96c-4f6a-81b3-18b2342d51c7
[92mINFO [0m:      Sent reply
[92mINFO [0m:      
[92mINFO [0m:      Received: evaluate message 7fb6da82-ccb5-424f-84bc-0d79523a5a33
[92mINFO [0m:      Sent reply
[92mINFO [0m:      
[92mINFO [0m:      Received: evaluate message 0b37f5d3-3920-4214-ac88-152cd46ce857
[92mINFO [0m:      Sent reply
[92mINFO [0m:      
[92mINFO [0m:      Received: train message 9b6c69d3-571c-4118-a169-056641e0ef15
[92mINFO [0m:      Sent reply
[92mINFO [0m:      
[92mINFO [0m:      Received: train message 8b1235f6-0219-4c4d-9bae-aa92ff450553
[92mINFO [0m:      Sent reply
[92mINFO [0m:      
[92mINFO [0m:      Received: train message 0abfe782-681f-4e81-a70b-f59983d654a5
[92mINFO [0m:      Sent reply
[92mINFO [0m:      
[92mINFO [0m:      Received: evaluate message 5aa6f628-388f-44e5-b5b3-9e483c3caeee
[92mINFO [0m:      Sent reply
[92mINFO [0m:      
[92mINFO [0m:      Received: evaluate message 3e2366fc-111d-4231-a7b3-b3f8c9d6570e
[92mINFO [0m:      Sent reply
[92mINFO [0m:      
[92mINFO [0m:      Received: evaluate message 42bc9e2c-deda-45af-80ce-d9bfd8ca65b4
[92mINFO [0m:      Sent reply
[92mINFO [0m:      
[92mINFO [0m:      Received: train message 852da4dc-2046-4fbd-8ceb-b10c05d96bbd
[92mINFO [0m:      Sent reply
[92mINFO [0m:      
[92mINFO [0m:      Received: train message 3f76b317-b342-4b02-a248-564aaf709529
[92mINFO [0m:      Sent reply
[92mINFO [0m:      
[92mINFO [0m:      Received: evaluate message fb214dc2-024c-4256-a74a-113f1a72532a
[92mINFO [0m:      Sent reply
[92mINFO [0m:      
[92mINFO [0m:      Received: train message 3de3db15-0c53-4bc4-ab75-5ab86755c4a7
[92mINFO [0m:      Sent reply
[92mINFO [0m:      
[92mINFO [0m:      Received: evaluate message 5e61b529-c2fb-4931-960a-d51798d4cbf6
[92mINFO [0m:      Sent reply
[92mINFO [0m:      
[92mINFO [0m:      Received: evaluate message 0e6168ac-909f-4a83-b456-ec505226fe09
[92mINFO [0m:      Sent reply
[92mINFO [0m:      
[92mINFO [0m:      Received: evaluate message 2fa0fa05-b7ff-43a2-84bc-43fc66aeb8e4
[92mINFO [0m:      Sent reply
[92mINFO [0m:      
[92mINFO [0m:      Received: train message c41f6629-3192-4a94-a294-094dea2d7264
[92mINFO [0m:      Sent reply
[92mINFO [0m:      
[92mINFO [0m:      Received: train message 5ad30451-b18a-4209-944b-40581276dc9e
[92mINFO [0m:      Sent reply
[92mINFO [0m:      
[92mINFO [0m:      Received: train message 9b30ada6-22dd-4baa-b884-0ee954ea1188
[92mINFO [0m:      Sent reply
[92mINFO [0m:      
[92mINFO [0m:      Received: evaluate message c08f972b-dc0e-4a92-9bec-979316a208ae
[92mINFO [0m:      Sent reply
[92mINFO [0m:      
[92mINFO [0m:      Received: evaluate message 925deee3-72a9-45e8-9e6b-ca5b5931347d
[92mINFO [0m:      Sent reply
[92mINFO [0m:      
[92mINFO [0m:      Received: evaluate message 6098a112-69c2-4c60-9399-438b3b6dc9cf
[92mINFO [0m:      Sent reply
[92mINFO [0m:      
[92mINFO [0m:      Received: evaluate message 6a147814-c972-434f-af49-6083ff78ffa7
[92mINFO [0m:      Sent reply
[92mINFO [0m:      
[92mINFO [0m:      Received: train message 475e753e-6ec9-4875-ba3b-6a06761ca589
[92mINFO [0m:      Sent reply
[92mINFO [0m:      
[92mINFO [0m:      Received: train message 767b240f-1734-439d-8e4c-e7239999a327
[92mINFO [0m:      Sent reply
[92mINFO [0m:      
[92mINFO [0m:      Received: evaluate message e9e7ef1e-172f-4eab-b234-bb69d4a2d2cb
[92mINFO [0m:      Sent reply
[92mINFO [0m:      
[92mINFO [0m:      Received: evaluate message 59517097-164e-4179-a7b3-39250731aa3a
[92mINFO [0m:      Sent reply
[92mINFO [0m:      
[92mINFO [0m:      Received: evaluate message 0fca4fc4-4ccf-4296-8b1c-8cb9fd23e2d1
[92mINFO [0m:      Sent reply
[92mINFO [0m:      
[92mINFO [0m:      Received: evaluate message 2a98460d-3064-4052-b674-71f6deb945a8
[92mINFO [0m:      Sent reply
[92mINFO [0m:      
[92mINFO [0m:      Received: evaluate message f17445a8-d8f9-4474-9f91-ac7e268f4c92
[92mINFO [0m:      Sent reply
[92mINFO [0m:      
[92mINFO [0m:      Received: reconnect message 6f9d3b71-f6ac-4e4e-90f9-91f5317ba60f
[92mINFO [0m:      Disconnect and shut down
