[93mWARNING [0m:   DEPRECATED FEATURE: flwr.client.start_client() is deprecated.
	Instead, use the `flower-supernode` CLI command to start a SuperNode as shown below:

		$ flower-supernode --insecure --superlink='<IP>:<PORT>'

	To view all available options, run:

		$ flower-supernode --help

	Using `start_client()` is deprecated.

            This is a deprecated feature. It will be removed
            entirely in future versions of Flower.
        
[92mINFO [0m:      
[92mINFO [0m:      Received: train message 58840b4f-bca5-491b-a9ef-2fcc7e4abdb1
[92mINFO [0m:      Sent reply
[92mINFO [0m:      
[92mINFO [0m:      Received: evaluate message 7e08d891-b5b2-417d-a220-95266405741c
[92mINFO [0m:      Sent reply
[92mINFO [0m:      
[92mINFO [0m:      Received: evaluate message 760ade05-dbb1-4134-9a5a-ca4371850f67
[92mINFO [0m:      Sent reply
[92mINFO [0m:      
[92mINFO [0m:      Received: train message 4cdeab96-8729-4437-881c-9ee45300b814
[92mINFO [0m:      Sent reply
[92mINFO [0m:      
[92mINFO [0m:      Received: evaluate message 2ffdca58-8a79-4f75-be98-5e60c53d3cff
[92mINFO [0m:      Sent reply
[92mINFO [0m:      
[92mINFO [0m:      Received: evaluate message f1d637c3-a075-4138-86f5-50c8326a8192
[92mINFO [0m:      Sent reply
[92mINFO [0m:      
[92mINFO [0m:      Received: train message 326e1c09-1ea1-41fe-b7df-36193a740110
[92mINFO [0m:      Sent reply
[92mINFO [0m:      
[92mINFO [0m:      Received: evaluate message d5c4cb98-7ff3-417e-bfd1-2649dccd6147
[92mINFO [0m:      Sent reply
[92mINFO [0m:      
[92mINFO [0m:      Received: train message 4ef6c36d-a09e-4bcb-ac58-4e5c25a47d7b
[92mINFO [0m:      Sent reply
[92mINFO [0m:      
[92mINFO [0m:      Received: evaluate message 2a02c329-5261-4ddd-a4c7-a5af274b1a3f
[92mINFO [0m:      Sent reply
Traceback (most recent call last):
  File "/home/rohovyi/DFL/lab1/run_client.py", line 35, in <module>
    run_client()
  File "/home/rohovyi/DFL/lab1/run_client.py", line 29, in run_client
    fl.client.start_client(
  File "/home/rohovyi/DFL/lab1/.venv/lib/python3.12/site-packages/flwr/client/app.py", line 201, in start_client
    start_client_internal(
  File "/home/rohovyi/DFL/lab1/.venv/lib/python3.12/site-packages/flwr/client/app.py", line 438, in start_client_internal
    message = receive()
              ^^^^^^^^^
  File "/home/rohovyi/DFL/lab1/.venv/lib/python3.12/site-packages/flwr/client/grpc_client/connection.py", line 142, in receive
    proto = next(server_message_iterator)
            ^^^^^^^^^^^^^^^^^^^^^^^^^^^^^
  File "/home/rohovyi/DFL/lab1/.venv/lib/python3.12/site-packages/grpc/_channel.py", line 543, in __next__
    return self._next()
           ^^^^^^^^^^^^
  File "/home/rohovyi/DFL/lab1/.venv/lib/python3.12/site-packages/grpc/_channel.py", line 960, in _next
    _common.wait(self._state.condition.wait, _response_ready)
  File "/home/rohovyi/DFL/lab1/.venv/lib/python3.12/site-packages/grpc/_common.py", line 156, in wait
    _wait_once(wait_fn, MAXIMUM_WAIT_TIMEOUT, spin_cb)
  File "/home/rohovyi/DFL/lab1/.venv/lib/python3.12/site-packages/grpc/_common.py", line 116, in _wait_once
    wait_fn(timeout=timeout)
  File "/usr/lib/python3.12/threading.py", line 359, in wait
    gotit = waiter.acquire(True, timeout)
            ^^^^^^^^^^^^^^^^^^^^^^^^^^^^^
KeyboardInterrupt
