[93mWARNING [0m:   DEPRECATED FEATURE: flwr.client.start_client() is deprecated.
	Instead, use the `flower-supernode` CLI command to start a SuperNode as shown below:

		$ flower-supernode --insecure --superlink='<IP>:<PORT>'

	To view all available options, run:

		$ flower-supernode --help

	Using `start_client()` is deprecated.

            This is a deprecated feature. It will be removed
            entirely in future versions of Flower.
        
[92mINFO [0m:      
[92mINFO [0m:      Received: evaluate message 7ce35188-28d5-49e2-a2c5-52d657983fbe
[92mINFO [0m:      Sent reply
[92mINFO [0m:      
[92mINFO [0m:      Received: train message 606ba73c-ffdc-4784-9a45-dbe4b3c7e9d5
[92mINFO [0m:      Sent reply
[92mINFO [0m:      
[92mINFO [0m:      Received: evaluate message 6903f2fa-fd7d-45ee-a7d8-45a17c728011
[92mINFO [0m:      Sent reply
[92mINFO [0m:      
[92mINFO [0m:      Received: evaluate message bda28d0c-8fd4-43de-beee-c5003663ced5
[92mINFO [0m:      Sent reply
[92mINFO [0m:      
[92mINFO [0m:      Received: train message f22bf4e8-d799-4105-a5ce-0a532c9b5003
[92mINFO [0m:      Sent reply
[92mINFO [0m:      
[92mINFO [0m:      Received: evaluate message b5e92d66-08c2-4171-94b0-f1258b227ff0
[92mINFO [0m:      Sent reply
[92mINFO [0m:      
[92mINFO [0m:      Received: train message e1bb5268-f8ec-4ca6-a389-d2c84f60d065
[92mINFO [0m:      Sent reply
[92mINFO [0m:      
[92mINFO [0m:      Received: evaluate message cccf2c29-2228-43ed-a7af-8c4ff8a76322
[92mINFO [0m:      Sent reply
[92mINFO [0m:      
[92mINFO [0m:      Received: train message 44b8f047-d052-434f-901f-f75174614a1c
[92mINFO [0m:      Sent reply
[92mINFO [0m:      
[92mINFO [0m:      Received: evaluate message 26d97ee9-e387-4175-afdc-13c2cfcbcef8
[92mINFO [0m:      Sent reply
[92mINFO [0m:      
[92mINFO [0m:      Received: train message 6ac5ae06-a867-45c9-ab3e-99b8c18b6ef3
[92mINFO [0m:      Sent reply
[92mINFO [0m:      
[92mINFO [0m:      Received: evaluate message 1b28a97d-e278-4b48-b37a-64dc240b0c0b
[92mINFO [0m:      Sent reply
Traceback (most recent call last):
  File "/home/rohovyi/DFL/lab1/run_client.py", line 35, in <module>
    run_client()
  File "/home/rohovyi/DFL/lab1/run_client.py", line 29, in run_client
    fl.client.start_client(
  File "/home/rohovyi/DFL/lab1/.venv/lib/python3.12/site-packages/flwr/client/app.py", line 201, in start_client
    start_client_internal(
  File "/home/rohovyi/DFL/lab1/.venv/lib/python3.12/site-packages/flwr/client/app.py", line 438, in start_client_internal
    message = receive()
              ^^^^^^^^^
  File "/home/rohovyi/DFL/lab1/.venv/lib/python3.12/site-packages/flwr/client/grpc_client/connection.py", line 142, in receive
    proto = next(server_message_iterator)
            ^^^^^^^^^^^^^^^^^^^^^^^^^^^^^
  File "/home/rohovyi/DFL/lab1/.venv/lib/python3.12/site-packages/grpc/_channel.py", line 543, in __next__
    return self._next()
           ^^^^^^^^^^^^
  File "/home/rohovyi/DFL/lab1/.venv/lib/python3.12/site-packages/grpc/_channel.py", line 960, in _next
    _common.wait(self._state.condition.wait, _response_ready)
  File "/home/rohovyi/DFL/lab1/.venv/lib/python3.12/site-packages/grpc/_common.py", line 156, in wait
    _wait_once(wait_fn, MAXIMUM_WAIT_TIMEOUT, spin_cb)
  File "/home/rohovyi/DFL/lab1/.venv/lib/python3.12/site-packages/grpc/_common.py", line 116, in _wait_once
    wait_fn(timeout=timeout)
  File "/usr/lib/python3.12/threading.py", line 359, in wait
    gotit = waiter.acquire(True, timeout)
            ^^^^^^^^^^^^^^^^^^^^^^^^^^^^^
KeyboardInterrupt
