[93mWARNING [0m:   DEPRECATED FEATURE: flwr.client.start_client() is deprecated.
	Instead, use the `flower-supernode` CLI command to start a SuperNode as shown below:

		$ flower-supernode --insecure --superlink='<IP>:<PORT>'

	To view all available options, run:

		$ flower-supernode --help

	Using `start_client()` is deprecated.

            This is a deprecated feature. It will be removed
            entirely in future versions of Flower.
        
[92mINFO [0m:      
[92mINFO [0m:      Received: train message 48b5775c-dc4d-4dc6-a3c4-f575f8a0fe5d
[92mINFO [0m:      Sent reply
[92mINFO [0m:      
[92mINFO [0m:      Received: evaluate message 2ba28c64-ecfd-4fd7-9dd9-9b92a4adbc11
[92mINFO [0m:      Sent reply
[92mINFO [0m:      
[92mINFO [0m:      Received: evaluate message 943ce5c9-13e3-4017-89d8-3771dda84a77
[92mINFO [0m:      Sent reply
[92mINFO [0m:      
[92mINFO [0m:      Received: train message 27eb3717-807c-44f3-83e0-1091b45d7b02
[92mINFO [0m:      Sent reply
[92mINFO [0m:      
[92mINFO [0m:      Received: evaluate message 558f909b-52c4-49ec-8858-b2cd9e01ef41
[92mINFO [0m:      Sent reply
[92mINFO [0m:      
[92mINFO [0m:      Received: train message 95eb7aa5-2094-445a-9324-71f3ed59fd36
[92mINFO [0m:      Sent reply
[92mINFO [0m:      
[92mINFO [0m:      Received: evaluate message c550a872-236e-47ef-937a-a25fa619aed7
[92mINFO [0m:      Sent reply
Traceback (most recent call last):
  File "/home/rohovyi/DFL/lab1/run_client.py", line 35, in <module>
    run_client()
  File "/home/rohovyi/DFL/lab1/run_client.py", line 29, in run_client
    fl.client.start_client(
  File "/home/rohovyi/DFL/lab1/.venv/lib/python3.12/site-packages/flwr/client/app.py", line 201, in start_client
    start_client_internal(
  File "/home/rohovyi/DFL/lab1/.venv/lib/python3.12/site-packages/flwr/client/app.py", line 438, in start_client_internal
    message = receive()
              ^^^^^^^^^
  File "/home/rohovyi/DFL/lab1/.venv/lib/python3.12/site-packages/flwr/client/grpc_client/connection.py", line 142, in receive
    proto = next(server_message_iterator)
            ^^^^^^^^^^^^^^^^^^^^^^^^^^^^^
  File "/home/rohovyi/DFL/lab1/.venv/lib/python3.12/site-packages/grpc/_channel.py", line 543, in __next__
    return self._next()
           ^^^^^^^^^^^^
  File "/home/rohovyi/DFL/lab1/.venv/lib/python3.12/site-packages/grpc/_channel.py", line 960, in _next
    _common.wait(self._state.condition.wait, _response_ready)
  File "/home/rohovyi/DFL/lab1/.venv/lib/python3.12/site-packages/grpc/_common.py", line 156, in wait
    _wait_once(wait_fn, MAXIMUM_WAIT_TIMEOUT, spin_cb)
  File "/home/rohovyi/DFL/lab1/.venv/lib/python3.12/site-packages/grpc/_common.py", line 116, in _wait_once
    wait_fn(timeout=timeout)
  File "/usr/lib/python3.12/threading.py", line 359, in wait
    gotit = waiter.acquire(True, timeout)
            ^^^^^^^^^^^^^^^^^^^^^^^^^^^^^
KeyboardInterrupt
