[93mWARNING [0m:   DEPRECATED FEATURE: flwr.client.start_client() is deprecated.
	Instead, use the `flower-supernode` CLI command to start a SuperNode as shown below:

		$ flower-supernode --insecure --superlink='<IP>:<PORT>'

	To view all available options, run:

		$ flower-supernode --help

	Using `start_client()` is deprecated.

            This is a deprecated feature. It will be removed
            entirely in future versions of Flower.
        
[92mINFO [0m:      
[92mINFO [0m:      Received: train message c2cae6b8-15cf-436e-88c8-eb7323883baf
[92mINFO [0m:      Sent reply
[92mINFO [0m:      
[92mINFO [0m:      Received: evaluate message 1471cc80-67d9-4c0e-82ce-ada4f9fc6ee8
[92mINFO [0m:      Sent reply
[92mINFO [0m:      
[92mINFO [0m:      Received: train message f6440dd6-1094-4d56-a1a4-6256ff690463
[92mINFO [0m:      Sent reply
[92mINFO [0m:      
[92mINFO [0m:      Received: evaluate message fae54d30-c519-48ff-85c5-c7871f9fa370
[92mINFO [0m:      Sent reply
[92mINFO [0m:      
[92mINFO [0m:      Received: evaluate message a162f609-6107-4ee7-aee8-11ebc1ab31a3
[92mINFO [0m:      Sent reply
[92mINFO [0m:      
[92mINFO [0m:      Received: train message 256d6649-2ab1-48f0-aadf-3cdda2afd31d
[92mINFO [0m:      Sent reply
[92mINFO [0m:      
[92mINFO [0m:      Received: evaluate message 4ff50478-64b1-4251-8094-b1f8a6743f8b
[92mINFO [0m:      Sent reply
[92mINFO [0m:      
[92mINFO [0m:      Received: train message 4c27fb90-2f62-41a1-ab35-6dfafd3e5677
[92mINFO [0m:      Sent reply
[92mINFO [0m:      
[92mINFO [0m:      Received: evaluate message b0cadae9-32f5-47c0-be53-76c9f3606616
[92mINFO [0m:      Sent reply
[92mINFO [0m:      
[92mINFO [0m:      Received: train message e1df4a20-7ee1-4ebf-851d-21f9600318f8
[92mINFO [0m:      Sent reply
Traceback (most recent call last):
  File "/home/rohovyi/DFL/lab1/run_client.py", line 35, in <module>
    run_client()
  File "/home/rohovyi/DFL/lab1/run_client.py", line 29, in run_client
    fl.client.start_client(
  File "/home/rohovyi/DFL/lab1/.venv/lib/python3.12/site-packages/flwr/client/app.py", line 201, in start_client
    start_client_internal(
  File "/home/rohovyi/DFL/lab1/.venv/lib/python3.12/site-packages/flwr/client/app.py", line 438, in start_client_internal
    message = receive()
              ^^^^^^^^^
  File "/home/rohovyi/DFL/lab1/.venv/lib/python3.12/site-packages/flwr/client/grpc_client/connection.py", line 142, in receive
    proto = next(server_message_iterator)
            ^^^^^^^^^^^^^^^^^^^^^^^^^^^^^
  File "/home/rohovyi/DFL/lab1/.venv/lib/python3.12/site-packages/grpc/_channel.py", line 543, in __next__
    return self._next()
           ^^^^^^^^^^^^
  File "/home/rohovyi/DFL/lab1/.venv/lib/python3.12/site-packages/grpc/_channel.py", line 960, in _next
    _common.wait(self._state.condition.wait, _response_ready)
  File "/home/rohovyi/DFL/lab1/.venv/lib/python3.12/site-packages/grpc/_common.py", line 156, in wait
    _wait_once(wait_fn, MAXIMUM_WAIT_TIMEOUT, spin_cb)
  File "/home/rohovyi/DFL/lab1/.venv/lib/python3.12/site-packages/grpc/_common.py", line 116, in _wait_once
    wait_fn(timeout=timeout)
  File "/usr/lib/python3.12/threading.py", line 359, in wait
    gotit = waiter.acquire(True, timeout)
            ^^^^^^^^^^^^^^^^^^^^^^^^^^^^^
KeyboardInterrupt
