[93mWARNING [0m:   DEPRECATED FEATURE: flwr.client.start_client() is deprecated.
	Instead, use the `flower-supernode` CLI command to start a SuperNode as shown below:

		$ flower-supernode --insecure --superlink='<IP>:<PORT>'

	To view all available options, run:

		$ flower-supernode --help

	Using `start_client()` is deprecated.

            This is a deprecated feature. It will be removed
            entirely in future versions of Flower.
        
[92mINFO [0m:      
[92mINFO [0m:      Received: train message da405fbb-a642-4ba5-ad5f-dad043623c88
[92mINFO [0m:      Sent reply
[92mINFO [0m:      
[92mINFO [0m:      Received: evaluate message bfaf24fa-198c-43f6-a260-2f28ee5a38b7
[92mINFO [0m:      Sent reply
[92mINFO [0m:      
[92mINFO [0m:      Received: train message 0db31060-34a7-4ae5-9894-146026185cce
[92mINFO [0m:      Sent reply
[92mINFO [0m:      
[92mINFO [0m:      Received: evaluate message f64653ad-470e-4507-85db-1db8039ed2f2
[92mINFO [0m:      Sent reply
[92mINFO [0m:      
[92mINFO [0m:      Received: train message 09405b89-d7e3-45db-9604-d372307ed45a
[92mINFO [0m:      Sent reply
[92mINFO [0m:      
[92mINFO [0m:      Received: evaluate message fde39e80-e84a-4e2c-a54f-6e10511c576e
[92mINFO [0m:      Sent reply
[92mINFO [0m:      
[92mINFO [0m:      Received: train message a37a1d9d-5601-40e3-bcbc-8e540bc82520
[92mINFO [0m:      Sent reply
[92mINFO [0m:      
[92mINFO [0m:      Received: evaluate message 827d85d0-0757-4f01-846c-fead508992d8
[92mINFO [0m:      Sent reply
[92mINFO [0m:      
[92mINFO [0m:      Received: train message f4a014e2-02df-41f1-98b6-7f34940e8770
[92mINFO [0m:      Sent reply
[92mINFO [0m:      
[92mINFO [0m:      Received: evaluate message e0e81a35-c693-43b3-bfb1-7e56521984c9
[92mINFO [0m:      Sent reply
[92mINFO [0m:      
[92mINFO [0m:      Received: train message 8f9594a6-715e-470d-a315-60433f0f47f1
[92mINFO [0m:      Sent reply
[92mINFO [0m:      
[92mINFO [0m:      Received: evaluate message 0190215b-b995-4505-952b-19b8fdd05bdf
[92mINFO [0m:      Sent reply
[92mINFO [0m:      
[92mINFO [0m:      Received: train message 0e73f94e-0084-4ee4-bec6-586a57ff2085
[92mINFO [0m:      Sent reply
[92mINFO [0m:      
[92mINFO [0m:      Received: evaluate message b7f8d850-e3f5-4eea-a1ff-65fc1bf53388
[92mINFO [0m:      Sent reply
[92mINFO [0m:      
[92mINFO [0m:      Received: train message 9522d17e-5e8e-4651-a4ab-34e841a5efac
[92mINFO [0m:      Sent reply
[92mINFO [0m:      
[92mINFO [0m:      Received: evaluate message 324a3f98-f792-4512-aecc-d5ea10a49581
[92mINFO [0m:      Sent reply
[92mINFO [0m:      
[92mINFO [0m:      Received: train message 785a93f2-e441-48af-97e0-3494993c8d24
[92mINFO [0m:      Sent reply
[92mINFO [0m:      
[92mINFO [0m:      Received: evaluate message d645d386-455e-4f58-af8e-a5c3564bbaed
[92mINFO [0m:      Sent reply
[92mINFO [0m:      
[92mINFO [0m:      Received: train message cee8408d-f99f-4982-b555-2ceebbc53cbd
[92mINFO [0m:      Sent reply
[92mINFO [0m:      
[92mINFO [0m:      Received: evaluate message 53eeab0c-aebd-4c74-aa3c-69e00eb51a3e
[92mINFO [0m:      Sent reply
[92mINFO [0m:      
[92mINFO [0m:      Received: train message f7143e25-24b4-4d88-bdf7-e62e43b30869
[92mINFO [0m:      Sent reply
[92mINFO [0m:      
[92mINFO [0m:      Received: evaluate message b8a8addb-202f-459a-9814-48e05d527a45
[92mINFO [0m:      Sent reply
[92mINFO [0m:      
[92mINFO [0m:      Received: train message 8bf3ad9b-158d-433a-9212-3e3bbb0f1367
[92mINFO [0m:      Sent reply
[92mINFO [0m:      
[92mINFO [0m:      Received: evaluate message 564547c8-a49c-4d2f-9960-7f1f49bbfcf5
[92mINFO [0m:      Sent reply
[92mINFO [0m:      
[92mINFO [0m:      Received: train message b2212900-4c3d-4f97-99a2-16c7ea2c0219
[92mINFO [0m:      Sent reply
[92mINFO [0m:      
[92mINFO [0m:      Received: evaluate message 174cd357-8884-4171-9c2a-74b5d1d9a5b2
[92mINFO [0m:      Sent reply
[92mINFO [0m:      
[92mINFO [0m:      Received: train message f4d4dbaa-3587-48f6-8836-0582e9784d38
[92mINFO [0m:      Sent reply
[92mINFO [0m:      
[92mINFO [0m:      Received: evaluate message 9a9c42e5-59b6-4288-94ad-4d7dbe6b1870
[92mINFO [0m:      Sent reply
[92mINFO [0m:      
[92mINFO [0m:      Received: train message 506fbe0a-a750-4f7b-a750-070ac94d8214
[92mINFO [0m:      Sent reply
[92mINFO [0m:      
[92mINFO [0m:      Received: evaluate message ecafa257-536b-499f-9a24-cb1e950395d6
[92mINFO [0m:      Sent reply
[92mINFO [0m:      
[92mINFO [0m:      Received: train message 88d21839-aa44-47fa-a180-ef7c8a616a1d
[92mINFO [0m:      Sent reply
[92mINFO [0m:      
[92mINFO [0m:      Received: evaluate message b0483c0c-3508-4e18-960c-e91bb58a0069
[92mINFO [0m:      Sent reply
[92mINFO [0m:      
[92mINFO [0m:      Received: train message a718fb3d-99d7-4746-bd53-b62fa95ef227
[92mINFO [0m:      Sent reply
[92mINFO [0m:      
[92mINFO [0m:      Received: evaluate message 7b4eac8c-9833-4f1a-b96e-b289fdf1b5c9
[92mINFO [0m:      Sent reply
[92mINFO [0m:      
[92mINFO [0m:      Received: train message 7a435996-766c-4db7-9ee5-870bdd3de7a3
[92mINFO [0m:      Sent reply
[92mINFO [0m:      
[92mINFO [0m:      Received: evaluate message 9b64eeed-a6cd-4736-aa4f-49af31311960
[92mINFO [0m:      Sent reply
[92mINFO [0m:      
[92mINFO [0m:      Received: train message 41f5c540-9496-4806-85f6-9fc250b0d737
[92mINFO [0m:      Sent reply
[92mINFO [0m:      
[92mINFO [0m:      Received: evaluate message 926f15c8-f4b1-44e1-82e4-ec5ad394343a
[92mINFO [0m:      Sent reply
[92mINFO [0m:      
[92mINFO [0m:      Received: train message f310242e-41f2-4702-9695-5410308a5a04
[92mINFO [0m:      Sent reply
[92mINFO [0m:      
[92mINFO [0m:      Received: evaluate message cb5546c6-6505-419c-8b45-17fceca30fa9
[92mINFO [0m:      Sent reply
[92mINFO [0m:      
[92mINFO [0m:      Received: train message 5e571bda-5840-4ef2-b623-33645c2e7731
[92mINFO [0m:      Sent reply
[92mINFO [0m:      
[92mINFO [0m:      Received: evaluate message 756e4d83-5f1a-42cd-ba1b-1cfff969bfd2
[92mINFO [0m:      Sent reply
[92mINFO [0m:      
[92mINFO [0m:      Received: train message b2da22ec-2307-4a3a-84d7-2061f29ff2a2
[92mINFO [0m:      Sent reply
[92mINFO [0m:      
[92mINFO [0m:      Received: evaluate message 4c4f5b66-15e0-4bef-af64-8a427d3c75b3
[92mINFO [0m:      Sent reply
[92mINFO [0m:      
[92mINFO [0m:      Received: train message 7ccb8eb8-0149-4745-a11b-cc69d77f420d
[92mINFO [0m:      Sent reply
[92mINFO [0m:      
[92mINFO [0m:      Received: evaluate message 8b163b4b-5d13-48bd-b052-a5381c7a4bd3
[92mINFO [0m:      Sent reply
[92mINFO [0m:      
[92mINFO [0m:      Received: train message 8d05c03e-46ba-4aba-94eb-9d087b5b2d0a
[92mINFO [0m:      Sent reply
[92mINFO [0m:      
[92mINFO [0m:      Received: evaluate message e6bb8c99-4ecc-4c0b-9757-17a44d7b938e
[92mINFO [0m:      Sent reply
[92mINFO [0m:      
[92mINFO [0m:      Received: train message 75475c13-580e-4dcc-aa78-10fc7f945b2d
[92mINFO [0m:      Sent reply
[92mINFO [0m:      
[92mINFO [0m:      Received: evaluate message 982727e0-5716-43c2-9a7c-bf4c5726489c
[92mINFO [0m:      Sent reply
[92mINFO [0m:      
[92mINFO [0m:      Received: train message cecf7e7c-7696-4df8-a762-a003cbb8cdae
[92mINFO [0m:      Sent reply
[92mINFO [0m:      
[92mINFO [0m:      Received: evaluate message 2f1538dd-14e7-43af-9b70-3f3b057e03d7
[92mINFO [0m:      Sent reply
[92mINFO [0m:      
[92mINFO [0m:      Received: train message 63e5f74e-e989-4239-89f9-0eae727e3d22
[92mINFO [0m:      Sent reply
[92mINFO [0m:      
[92mINFO [0m:      Received: evaluate message 45afc3f5-f23c-40f5-a948-c3f00e4d59df
[92mINFO [0m:      Sent reply
[92mINFO [0m:      
[92mINFO [0m:      Received: train message 8a65e5c1-9674-44b2-acd8-c3901f3eafcc
[92mINFO [0m:      Sent reply
[92mINFO [0m:      
[92mINFO [0m:      Received: evaluate message bcdbdb9d-7662-4322-a9a3-b77685dd6051
[92mINFO [0m:      Sent reply
[92mINFO [0m:      
[92mINFO [0m:      Received: train message f195567c-f9ab-45ba-a092-7c240c7fcb45
[92mINFO [0m:      Sent reply
[92mINFO [0m:      
[92mINFO [0m:      Received: evaluate message fc91ed06-1038-4b66-bf78-3d4103407386
[92mINFO [0m:      Sent reply
[92mINFO [0m:      
[92mINFO [0m:      Received: train message ee4c8a12-6e42-452d-8cd8-47a1b402d563
[92mINFO [0m:      Sent reply
[92mINFO [0m:      
[92mINFO [0m:      Received: evaluate message 48a7f4cb-6fa8-4924-85bb-7734961d4f04
[92mINFO [0m:      Sent reply
[92mINFO [0m:      
[92mINFO [0m:      Received: train message 320a457d-fb00-4e2c-b039-d57553204b7f
[92mINFO [0m:      Sent reply
[92mINFO [0m:      
[92mINFO [0m:      Received: evaluate message 389ecfd1-7fa9-403d-a3da-9f20a088614a
[92mINFO [0m:      Sent reply
[92mINFO [0m:      
[92mINFO [0m:      Received: train message 4107e36b-75ed-40a8-8fd1-8c53a9c13829
[92mINFO [0m:      Sent reply
[92mINFO [0m:      
[92mINFO [0m:      Received: evaluate message 5795fb2e-dcde-4a5f-aa87-8c3ac8c5755b
[92mINFO [0m:      Sent reply
[92mINFO [0m:      
[92mINFO [0m:      Received: train message d64c5cec-48b3-48f1-a260-1695c5c27f9c
[92mINFO [0m:      Sent reply
[92mINFO [0m:      
[92mINFO [0m:      Received: evaluate message 27ff3394-ddd7-412b-977c-b176a9459577
[92mINFO [0m:      Sent reply
[92mINFO [0m:      
[92mINFO [0m:      Received: train message 43480582-1e7d-4948-8a85-b08a745ceee7
[92mINFO [0m:      Sent reply
[92mINFO [0m:      
[92mINFO [0m:      Received: evaluate message 7d7939e5-11ae-4515-9f9f-ed0b9efa2554
[92mINFO [0m:      Sent reply
[92mINFO [0m:      
[92mINFO [0m:      Received: train message f8af0909-85ec-4de4-a667-f741ce89225c
[92mINFO [0m:      Sent reply
[92mINFO [0m:      
[92mINFO [0m:      Received: evaluate message 27bd841e-6a11-4ca0-bece-3d0cf4ef5524
[92mINFO [0m:      Sent reply
[92mINFO [0m:      
[92mINFO [0m:      Received: train message 3f6ced04-6259-4d21-ad13-0521e3874223
[92mINFO [0m:      Sent reply
[92mINFO [0m:      
[92mINFO [0m:      Received: evaluate message c9d06412-d280-42b4-a8d9-b77f6e86c0d8
[92mINFO [0m:      Sent reply
[92mINFO [0m:      
[92mINFO [0m:      Received: train message fdaaf245-0bcb-4f7c-a7a7-c6bcf7868a89
[92mINFO [0m:      Sent reply
[92mINFO [0m:      
[92mINFO [0m:      Received: evaluate message 04708e8e-8fb9-4c59-bda3-5ddd2a824ca1
[92mINFO [0m:      Sent reply
[92mINFO [0m:      
[92mINFO [0m:      Received: train message f03b30c2-6654-4486-9962-0a3dc2022b93
[92mINFO [0m:      Sent reply
[92mINFO [0m:      
[92mINFO [0m:      Received: evaluate message f5c898b6-0333-496a-a932-92fdcdb7e5be
[92mINFO [0m:      Sent reply
[92mINFO [0m:      
[92mINFO [0m:      Received: train message 999fe904-9102-4d08-a7ba-a28693dc1740
[92mINFO [0m:      Sent reply
[92mINFO [0m:      
[92mINFO [0m:      Received: evaluate message 84551008-358b-43c3-afe2-608fe3cb9887
[92mINFO [0m:      Sent reply
[92mINFO [0m:      
[92mINFO [0m:      Received: train message 222ced1a-7caf-4ea0-b2a1-4d798bc7a83b
[92mINFO [0m:      Sent reply
[92mINFO [0m:      
[92mINFO [0m:      Received: evaluate message e7c4554b-f461-43f2-aaa6-d27d218b1d83
[92mINFO [0m:      Sent reply
[92mINFO [0m:      
[92mINFO [0m:      Received: train message e6a704f7-54ca-4e37-a51a-0bfdd5957fb9
[92mINFO [0m:      Sent reply
[92mINFO [0m:      
[92mINFO [0m:      Received: evaluate message 8e22905d-7bac-4b56-a8e1-d304eb3b6b00
[92mINFO [0m:      Sent reply
[92mINFO [0m:      
[92mINFO [0m:      Received: train message 5b4eff26-51e0-4e2f-9f2b-a430030260af
[92mINFO [0m:      Sent reply
[92mINFO [0m:      
[92mINFO [0m:      Received: evaluate message 4afa819a-3301-47aa-b7fc-0003b37f390f
[92mINFO [0m:      Sent reply
[92mINFO [0m:      
[92mINFO [0m:      Received: train message 171f7a34-3c69-4d12-9a3a-ffae6c869ea6
[92mINFO [0m:      Sent reply
[92mINFO [0m:      
[92mINFO [0m:      Received: evaluate message 96e68bed-6feb-4ae3-b4da-07997e3947e4
[92mINFO [0m:      Sent reply
[92mINFO [0m:      
[92mINFO [0m:      Received: train message 5ed51ebc-071a-4148-883c-d87783c3d58c
[92mINFO [0m:      Sent reply
[92mINFO [0m:      
[92mINFO [0m:      Received: evaluate message de8a96cd-295e-439a-8af7-019b4590a539
[92mINFO [0m:      Sent reply
[92mINFO [0m:      
[92mINFO [0m:      Received: train message 99db4463-0af7-4aa9-b3f0-b8fcbfa6b77b
[92mINFO [0m:      Sent reply
[92mINFO [0m:      
[92mINFO [0m:      Received: evaluate message 306ebe45-55d9-408a-97da-04034d2eb1e4
[92mINFO [0m:      Sent reply
[92mINFO [0m:      
[92mINFO [0m:      Received: train message 9556d2c3-a37a-45f8-a445-0f51502b8a63
[92mINFO [0m:      Sent reply
[92mINFO [0m:      
[92mINFO [0m:      Received: evaluate message 17e5e51c-9a72-4e72-819c-5e74af54bba6
[92mINFO [0m:      Sent reply
[92mINFO [0m:      
[92mINFO [0m:      Received: train message 077ab74c-627f-4c07-b318-056a57abd471
[92mINFO [0m:      Sent reply
[92mINFO [0m:      
[92mINFO [0m:      Received: evaluate message bb9f2ddc-7587-4a52-b075-237aa190b149
[92mINFO [0m:      Sent reply
[92mINFO [0m:      
[92mINFO [0m:      Received: train message eb8b64f9-a54f-4b40-9d48-6b8cd437c3ca
[92mINFO [0m:      Sent reply
[92mINFO [0m:      
[92mINFO [0m:      Received: evaluate message 38549f76-0837-4a32-a7c1-fbdd75e2e87f
[92mINFO [0m:      Sent reply
[92mINFO [0m:      
[92mINFO [0m:      Received: train message 7e4be266-57ab-4cf0-9e49-98eae83266fe
[92mINFO [0m:      Sent reply
[92mINFO [0m:      
[92mINFO [0m:      Received: evaluate message 8f730d31-a984-4fc6-b913-350c9851bc85
[92mINFO [0m:      Sent reply
[92mINFO [0m:      
[92mINFO [0m:      Received: train message a9b5dd66-73bc-43c0-92ff-d095237b4ac0
[92mINFO [0m:      Sent reply
[92mINFO [0m:      
[92mINFO [0m:      Received: evaluate message b197e17c-7b2f-42f5-8606-8b02bac3076a
[92mINFO [0m:      Sent reply
[92mINFO [0m:      
[92mINFO [0m:      Received: reconnect message 2bbaefec-01dd-47ab-9edf-a18489d6b9e3
[92mINFO [0m:      Disconnect and shut down
