[93mWARNING [0m:   DEPRECATED FEATURE: flwr.client.start_client() is deprecated.
	Instead, use the `flower-supernode` CLI command to start a SuperNode as shown below:

		$ flower-supernode --insecure --superlink='<IP>:<PORT>'

	To view all available options, run:

		$ flower-supernode --help

	Using `start_client()` is deprecated.

            This is a deprecated feature. It will be removed
            entirely in future versions of Flower.
        
[92mINFO [0m:      
[92mINFO [0m:      Received: train message 6d6fbdc7-b9b0-432d-9174-b40a0728931a
[92mINFO [0m:      Sent reply
[92mINFO [0m:      
[92mINFO [0m:      Received: evaluate message 4ac94107-51e5-4519-8cec-ea75e56f5a39
[92mINFO [0m:      Sent reply
[92mINFO [0m:      
[92mINFO [0m:      Received: train message 7ed710e5-ce45-4905-8652-778763ce2c4e
[92mINFO [0m:      Sent reply
[92mINFO [0m:      
[92mINFO [0m:      Received: evaluate message 01169b5f-b9d7-40b8-94e0-5edd28ddb883
[92mINFO [0m:      Sent reply
[92mINFO [0m:      
[92mINFO [0m:      Received: train message d465e3f9-33c6-4477-b6ac-f95f2d6cb834
[92mINFO [0m:      Sent reply
[92mINFO [0m:      
[92mINFO [0m:      Received: evaluate message afc0b8ef-18e7-462c-9ecf-92827f60b952
[92mINFO [0m:      Sent reply
[92mINFO [0m:      
[92mINFO [0m:      Received: train message e1b73d07-3d41-489d-a085-baa84411f887
[92mINFO [0m:      Sent reply
[92mINFO [0m:      
[92mINFO [0m:      Received: evaluate message 84b9d465-1526-4da3-aba7-167c3f852d0f
[92mINFO [0m:      Sent reply
[92mINFO [0m:      
[92mINFO [0m:      Received: train message 82c94174-3b56-4317-92bb-ef1e61770070
[92mINFO [0m:      Sent reply
[92mINFO [0m:      
[92mINFO [0m:      Received: evaluate message fb54d71d-0867-4ad8-b43e-ae71aa6ecb51
[92mINFO [0m:      Sent reply
[92mINFO [0m:      
[92mINFO [0m:      Received: train message 23995101-d6fe-4906-877b-ece9311dd0c7
[92mINFO [0m:      Sent reply
[92mINFO [0m:      
[92mINFO [0m:      Received: evaluate message 0eb99dfc-4bce-462e-9802-a5676d548103
[92mINFO [0m:      Sent reply
[92mINFO [0m:      
[92mINFO [0m:      Received: train message 72368e9c-4ea6-4e88-8565-5928c9ce5fb9
[92mINFO [0m:      Sent reply
[92mINFO [0m:      
[92mINFO [0m:      Received: evaluate message e98a0bb0-475e-47f9-b632-181b7ffc6d27
[92mINFO [0m:      Sent reply
[92mINFO [0m:      
[92mINFO [0m:      Received: train message 09858be3-38b3-4e6e-8643-527342658585
[92mINFO [0m:      Sent reply
[92mINFO [0m:      
[92mINFO [0m:      Received: evaluate message 6f164867-c100-4d6c-9bcc-39f4f5edc242
[92mINFO [0m:      Sent reply
[92mINFO [0m:      
[92mINFO [0m:      Received: train message 06924247-773b-4031-946d-a8734a8c25d7
[92mINFO [0m:      Sent reply
[92mINFO [0m:      
[92mINFO [0m:      Received: evaluate message 6feb62a0-d9e7-447b-9404-90a8d8e5bf4e
[92mINFO [0m:      Sent reply
[92mINFO [0m:      
[92mINFO [0m:      Received: train message 10a6c49c-b3d1-4dd4-a30d-b20b964f270a
[92mINFO [0m:      Sent reply
[92mINFO [0m:      
[92mINFO [0m:      Received: evaluate message 00630548-24da-40a9-b329-4759a9b61a40
[92mINFO [0m:      Sent reply
[92mINFO [0m:      
[92mINFO [0m:      Received: train message 30de278f-a52f-42af-ae3a-4c2d4f94303d
[92mINFO [0m:      Sent reply
[92mINFO [0m:      
[92mINFO [0m:      Received: evaluate message 3f5b77b3-3a4a-4ae1-a773-632e495807da
[92mINFO [0m:      Sent reply
[92mINFO [0m:      
[92mINFO [0m:      Received: train message 37cb7035-aaf3-4219-98b1-c78de79f69b2
[92mINFO [0m:      Sent reply
[92mINFO [0m:      
[92mINFO [0m:      Received: evaluate message 119e2b44-f274-412e-a27e-eb8a463b7b88
[92mINFO [0m:      Sent reply
[92mINFO [0m:      
[92mINFO [0m:      Received: train message 43322af7-cf02-425f-9d34-ced439d4eef7
[92mINFO [0m:      Sent reply
[92mINFO [0m:      
[92mINFO [0m:      Received: evaluate message 5aa24704-2e73-4f65-b47c-7f1acc531a6d
[92mINFO [0m:      Sent reply
[92mINFO [0m:      
[92mINFO [0m:      Received: train message 8ff1184e-b1d6-47ce-8a16-e2cd0db7a097
[92mINFO [0m:      Sent reply
[92mINFO [0m:      
[92mINFO [0m:      Received: evaluate message 49706019-7e65-44cd-9337-d2ea72e48b8d
[92mINFO [0m:      Sent reply
[92mINFO [0m:      
[92mINFO [0m:      Received: train message eeafc673-8f61-4595-9569-370839671b4e
[92mINFO [0m:      Sent reply
[92mINFO [0m:      
[92mINFO [0m:      Received: evaluate message 8bb7f13c-1b29-4af2-a2d2-b5b792a90538
[92mINFO [0m:      Sent reply
[92mINFO [0m:      
[92mINFO [0m:      Received: train message 975f7c60-744a-4118-a91c-14fc766ae14c
[92mINFO [0m:      Sent reply
[92mINFO [0m:      
[92mINFO [0m:      Received: evaluate message 37ffa053-a7c3-4667-ac32-a4ceaf45c80b
[92mINFO [0m:      Sent reply
[92mINFO [0m:      
[92mINFO [0m:      Received: train message 93984e0b-08df-4e8a-8017-cf7b876b2996
[92mINFO [0m:      Sent reply
[92mINFO [0m:      
[92mINFO [0m:      Received: evaluate message b8462d00-576d-49fc-a389-8754be365c3a
[92mINFO [0m:      Sent reply
[92mINFO [0m:      
[92mINFO [0m:      Received: train message bf35e73b-a8df-49a3-b658-b603431754ea
[92mINFO [0m:      Sent reply
[92mINFO [0m:      
[92mINFO [0m:      Received: evaluate message 94c20fbb-7a74-4f47-9a6b-135e6239d5a0
[92mINFO [0m:      Sent reply
[92mINFO [0m:      
[92mINFO [0m:      Received: train message b6ef9827-88e2-4a87-ac24-307dd1e41cf8
[92mINFO [0m:      Sent reply
[92mINFO [0m:      
[92mINFO [0m:      Received: evaluate message fc790c49-b29c-4420-9171-16b51963570e
[92mINFO [0m:      Sent reply
[92mINFO [0m:      
[92mINFO [0m:      Received: train message e0e42e47-5b13-4c71-9b80-20d4cbc9a6ec
[92mINFO [0m:      Sent reply
[92mINFO [0m:      
[92mINFO [0m:      Received: evaluate message 43bb2d21-4750-4bdf-9a45-0f3748923acf
[92mINFO [0m:      Sent reply
[92mINFO [0m:      
[92mINFO [0m:      Received: train message 37f67017-aad9-489a-b919-11f3adda1b39
[92mINFO [0m:      Sent reply
[92mINFO [0m:      
[92mINFO [0m:      Received: evaluate message 003dfafd-687c-4357-a6f6-f2ec69b8fe6c
[92mINFO [0m:      Sent reply
[92mINFO [0m:      
[92mINFO [0m:      Received: train message 2a50eb17-305b-4752-bce1-223daee9a51e
[92mINFO [0m:      Sent reply
[92mINFO [0m:      
[92mINFO [0m:      Received: evaluate message 578b6569-4ae5-4ab2-ba71-757ee18b242b
[92mINFO [0m:      Sent reply
[92mINFO [0m:      
[92mINFO [0m:      Received: train message 62e494ec-0d59-4332-9ef0-b83178199bee
[92mINFO [0m:      Sent reply
[92mINFO [0m:      
[92mINFO [0m:      Received: evaluate message a2e2336d-93d8-40ae-a33a-d52acf050b36
[92mINFO [0m:      Sent reply
[92mINFO [0m:      
[92mINFO [0m:      Received: train message 3b764a1a-de52-453b-8bdd-469312c51565
[92mINFO [0m:      Sent reply
[92mINFO [0m:      
[92mINFO [0m:      Received: evaluate message 86cfeeb2-2880-462f-ab51-d2d76d703281
[92mINFO [0m:      Sent reply
[92mINFO [0m:      
[92mINFO [0m:      Received: train message 320fc6f8-7063-477d-b801-7bd4d353c1b6
[92mINFO [0m:      Sent reply
[92mINFO [0m:      
[92mINFO [0m:      Received: evaluate message e11229e2-c26d-4ede-885c-29914256459c
[92mINFO [0m:      Sent reply
[92mINFO [0m:      
[92mINFO [0m:      Received: train message f4d780b7-3251-4e62-9aab-7f0d45dd0593
[92mINFO [0m:      Sent reply
[92mINFO [0m:      
[92mINFO [0m:      Received: evaluate message 87e05552-b4d3-4d29-882e-746404a549fa
[92mINFO [0m:      Sent reply
[92mINFO [0m:      
[92mINFO [0m:      Received: train message 89d44c50-3d6e-4586-8828-52fa09a5935b
[92mINFO [0m:      Sent reply
[92mINFO [0m:      
[92mINFO [0m:      Received: evaluate message f7d7a527-f1d0-4660-a8cf-2ecbd133b4fb
[92mINFO [0m:      Sent reply
[92mINFO [0m:      
[92mINFO [0m:      Received: train message efe59a96-c511-4f04-acef-91870d163cf3
[92mINFO [0m:      Sent reply
[92mINFO [0m:      
[92mINFO [0m:      Received: evaluate message b889663d-d76f-4a4f-83b0-96ce1b9c9db4
[92mINFO [0m:      Sent reply
[92mINFO [0m:      
[92mINFO [0m:      Received: train message 8040c5c9-bf1a-4de4-9a3d-ec84da31499e
[92mINFO [0m:      Sent reply
[92mINFO [0m:      
[92mINFO [0m:      Received: evaluate message e57334f3-b287-4cd3-8330-a33fe926b342
[92mINFO [0m:      Sent reply
[92mINFO [0m:      
[92mINFO [0m:      Received: train message 0240358e-c6fa-4a66-b7b0-3b59c090f2de
[92mINFO [0m:      Sent reply
[92mINFO [0m:      
[92mINFO [0m:      Received: evaluate message 76a5af3f-e76f-47b2-b7ca-b9708347bf22
[92mINFO [0m:      Sent reply
[92mINFO [0m:      
[92mINFO [0m:      Received: train message cf381515-520e-4e9e-985b-158daaedd06e
[92mINFO [0m:      Sent reply
[92mINFO [0m:      
[92mINFO [0m:      Received: evaluate message 14f86c43-df09-4979-8620-2a29af90a985
[92mINFO [0m:      Sent reply
[92mINFO [0m:      
[92mINFO [0m:      Received: train message 592e5aec-4609-4e55-8d2e-362034aacf3f
[92mINFO [0m:      Sent reply
[92mINFO [0m:      
[92mINFO [0m:      Received: evaluate message e5609efd-3d44-471b-98dc-c512bad40012
[92mINFO [0m:      Sent reply
[92mINFO [0m:      
[92mINFO [0m:      Received: train message ea637140-d8bc-4f31-ba4e-2de23ca1ef9d
[92mINFO [0m:      Sent reply
[92mINFO [0m:      
[92mINFO [0m:      Received: evaluate message 87cc306b-c2ee-4a87-bfc8-21f90e7a5bfb
[92mINFO [0m:      Sent reply
[92mINFO [0m:      
[92mINFO [0m:      Received: train message ab0ef972-0689-497c-9c3a-f4c2788f8bb8
[92mINFO [0m:      Sent reply
[92mINFO [0m:      
[92mINFO [0m:      Received: evaluate message c8bf27f8-b6aa-4a83-9383-665dc51a4bb8
[92mINFO [0m:      Sent reply
[92mINFO [0m:      
[92mINFO [0m:      Received: train message e4845fa6-1b08-466d-9ca0-d4a3a27f5d14
[92mINFO [0m:      Sent reply
[92mINFO [0m:      
[92mINFO [0m:      Received: evaluate message 2859caf2-39e4-4840-a5fe-391fdbecbe5d
[92mINFO [0m:      Sent reply
[92mINFO [0m:      
[92mINFO [0m:      Received: train message 7b2f3e81-aff8-4489-b06b-01efa8d4fc95
[92mINFO [0m:      Sent reply
[92mINFO [0m:      
[92mINFO [0m:      Received: evaluate message 6f1ad2b5-7ee8-4c41-90c6-316a4e29236c
[92mINFO [0m:      Sent reply
[92mINFO [0m:      
[92mINFO [0m:      Received: train message 6d3b077a-8025-4ae8-94c3-235fc980dbe0
[92mINFO [0m:      Sent reply
[92mINFO [0m:      
[92mINFO [0m:      Received: evaluate message b485c15b-f69d-4519-aac1-e03106296dfb
[92mINFO [0m:      Sent reply
[92mINFO [0m:      
[92mINFO [0m:      Received: train message a4718852-27b8-4b1f-a8c3-acba92576504
[92mINFO [0m:      Sent reply
[92mINFO [0m:      
[92mINFO [0m:      Received: evaluate message c1f49df8-ed7b-4b01-b804-939134a8c9c2
[92mINFO [0m:      Sent reply
[92mINFO [0m:      
[92mINFO [0m:      Received: train message 20882719-b21d-483d-8197-3215cd121832
[92mINFO [0m:      Sent reply
[92mINFO [0m:      
[92mINFO [0m:      Received: evaluate message 57fa3498-642b-44bb-81c0-9a2997020b47
[92mINFO [0m:      Sent reply
[92mINFO [0m:      
[92mINFO [0m:      Received: train message e490db9f-9ab6-42db-9f2c-dc34bdc69815
[92mINFO [0m:      Sent reply
[92mINFO [0m:      
[92mINFO [0m:      Received: evaluate message 6d4ea747-9cae-4699-a52f-1244c33527a4
[92mINFO [0m:      Sent reply
[92mINFO [0m:      
[92mINFO [0m:      Received: train message bb2ae20a-2e3a-47b7-b1bc-9ec425b2b9d7
[92mINFO [0m:      Sent reply
[92mINFO [0m:      
[92mINFO [0m:      Received: evaluate message 07e09502-5410-401e-b45f-5efa1e8e9089
[92mINFO [0m:      Sent reply
[92mINFO [0m:      
[92mINFO [0m:      Received: train message b0bd58ae-ec1a-4bd4-8f53-5f02a2c957f0
[92mINFO [0m:      Sent reply
[92mINFO [0m:      
[92mINFO [0m:      Received: evaluate message 94e49781-bb42-4c92-ac9a-0f2a676de24e
[92mINFO [0m:      Sent reply
[92mINFO [0m:      
[92mINFO [0m:      Received: train message f6bc8af6-62a8-41f3-bb59-0dc5f4603ff7
[92mINFO [0m:      Sent reply
[92mINFO [0m:      
[92mINFO [0m:      Received: evaluate message 8cc0bf98-b5d2-4616-8786-14beb4e3f384
[92mINFO [0m:      Sent reply
[92mINFO [0m:      
[92mINFO [0m:      Received: train message 00c0c0ba-5539-4d12-b503-d4187c46a374
[92mINFO [0m:      Sent reply
[92mINFO [0m:      
[92mINFO [0m:      Received: evaluate message 707f5c5b-3c14-4424-a8cb-76d3c98fbe0d
[92mINFO [0m:      Sent reply
[92mINFO [0m:      
[92mINFO [0m:      Received: train message b0dc63c5-0f2f-48cb-be98-f813c78071ce
[92mINFO [0m:      Sent reply
[92mINFO [0m:      
[92mINFO [0m:      Received: evaluate message 7f6deb0c-cbdc-4654-bd01-819de5cbe8bf
[92mINFO [0m:      Sent reply
[92mINFO [0m:      
[92mINFO [0m:      Received: train message dd57b5af-e8f5-417d-9672-9356e276d9f8
[92mINFO [0m:      Sent reply
[92mINFO [0m:      
[92mINFO [0m:      Received: evaluate message 94882a8b-ddc2-47ac-ae52-a44d19eb2d40
[92mINFO [0m:      Sent reply
[92mINFO [0m:      
[92mINFO [0m:      Received: train message 25eea7fc-5e98-4cff-8d5b-4bd8d3dc4412
[92mINFO [0m:      Sent reply
[92mINFO [0m:      
[92mINFO [0m:      Received: evaluate message 9b0efdb6-4edf-42d7-b0e3-5324659705d2
[92mINFO [0m:      Sent reply
[92mINFO [0m:      
[92mINFO [0m:      Received: train message 2624f9dd-c790-4bfc-9f7a-e76533f65c4f
[92mINFO [0m:      Sent reply
[92mINFO [0m:      
[92mINFO [0m:      Received: evaluate message 573f71de-0c02-4c04-bc59-d8e72f29f8b0
[92mINFO [0m:      Sent reply
[92mINFO [0m:      
[92mINFO [0m:      Received: train message a53d9843-d4c1-48b0-9f0e-607233a7e93b
[92mINFO [0m:      Sent reply
[92mINFO [0m:      
[92mINFO [0m:      Received: evaluate message 251d3b6c-f10c-4ef5-843c-9114cf41b2fb
[92mINFO [0m:      Sent reply
[92mINFO [0m:      
[92mINFO [0m:      Received: train message 0d2f3f7d-60fd-4f93-9974-bca60b5d89a5
[92mINFO [0m:      Sent reply
[92mINFO [0m:      
[92mINFO [0m:      Received: evaluate message 8dadd7ed-e607-40a7-842c-bfdd86f0eb33
[92mINFO [0m:      Sent reply
[92mINFO [0m:      
[92mINFO [0m:      Received: reconnect message 10ceaecd-b081-4567-b8f5-af96f80c0ff3
[92mINFO [0m:      Disconnect and shut down
