[93mWARNING [0m:   DEPRECATED FEATURE: flwr.client.start_client() is deprecated.
	Instead, use the `flower-supernode` CLI command to start a SuperNode as shown below:

		$ flower-supernode --insecure --superlink='<IP>:<PORT>'

	To view all available options, run:

		$ flower-supernode --help

	Using `start_client()` is deprecated.

            This is a deprecated feature. It will be removed
            entirely in future versions of Flower.
        
[92mINFO [0m:      
[92mINFO [0m:      Received: train message c1548eb8-b3c5-482d-8589-68a3a3d5d982
[92mINFO [0m:      Sent reply
[92mINFO [0m:      
[92mINFO [0m:      Received: evaluate message b350a96e-3017-45ba-a3ff-abfef73b088e
[92mINFO [0m:      Sent reply
[92mINFO [0m:      
[92mINFO [0m:      Received: train message ccea2bb0-ff9a-4f34-b07f-f6433d595336
[92mINFO [0m:      Sent reply
[92mINFO [0m:      
[92mINFO [0m:      Received: evaluate message 094deb8d-0b43-4fc9-8015-3f624e76153d
[92mINFO [0m:      Sent reply
[92mINFO [0m:      
[92mINFO [0m:      Received: train message 75573807-0f49-4f9d-980e-974022020bdd
[92mINFO [0m:      Sent reply
[92mINFO [0m:      
[92mINFO [0m:      Received: evaluate message 1a9c30ee-8fd0-4452-bd0c-d15f005dc75f
[92mINFO [0m:      Sent reply
[92mINFO [0m:      
[92mINFO [0m:      Received: train message 8695d727-b544-4c5a-8f5a-0846023c35e9
[92mINFO [0m:      Sent reply
[92mINFO [0m:      
[92mINFO [0m:      Received: evaluate message a43a4904-14db-4ee4-b61c-e872a9ab8614
[92mINFO [0m:      Sent reply
[92mINFO [0m:      
[92mINFO [0m:      Received: train message d7372048-73a7-4679-ba25-7da72d7ea670
[92mINFO [0m:      Sent reply
[92mINFO [0m:      
[92mINFO [0m:      Received: evaluate message aac5e0e6-3d3e-4512-809c-52282f65662b
[92mINFO [0m:      Sent reply
[92mINFO [0m:      
[92mINFO [0m:      Received: train message d85393c4-479c-49ca-bc94-8f4769a1450d
[92mINFO [0m:      Sent reply
[92mINFO [0m:      
[92mINFO [0m:      Received: evaluate message 01e50280-4f66-410b-b7cb-2d8234312471
[92mINFO [0m:      Sent reply
[92mINFO [0m:      
[92mINFO [0m:      Received: train message c324c346-e8f4-488d-ac6c-a878ea73cb34
[92mINFO [0m:      Sent reply
[92mINFO [0m:      
[92mINFO [0m:      Received: evaluate message 6e9d96ec-40ad-4d98-b3de-793f5855cdc5
[92mINFO [0m:      Sent reply
[92mINFO [0m:      
[92mINFO [0m:      Received: train message 36efc82e-c095-4803-9577-53cfddb8fcfc
[92mINFO [0m:      Sent reply
[92mINFO [0m:      
[92mINFO [0m:      Received: evaluate message 98fec32a-20d9-4eea-bc44-2cf05540ff31
[92mINFO [0m:      Sent reply
[92mINFO [0m:      
[92mINFO [0m:      Received: train message 53fe1f04-64d7-4dd0-9280-f9bc0f90a807
[92mINFO [0m:      Sent reply
[92mINFO [0m:      
[92mINFO [0m:      Received: evaluate message 356628ad-682c-47a0-971b-ee238b340f70
[92mINFO [0m:      Sent reply
[92mINFO [0m:      
[92mINFO [0m:      Received: train message f3c46f1e-149c-4b17-8369-ea874daf2647
[92mINFO [0m:      Sent reply
[92mINFO [0m:      
[92mINFO [0m:      Received: evaluate message d6c4edd9-e365-4f57-a5a5-c58aa0473581
[92mINFO [0m:      Sent reply
[92mINFO [0m:      
[92mINFO [0m:      Received: train message 02a31518-2cc8-4552-9e1d-b6e27ffa4e94
[92mINFO [0m:      Sent reply
[92mINFO [0m:      
[92mINFO [0m:      Received: evaluate message 7afcc374-525a-46f5-b767-166833fb86f2
[92mINFO [0m:      Sent reply
[92mINFO [0m:      
[92mINFO [0m:      Received: train message 6b36cd43-3289-4ad6-8094-80c640975bae
[92mINFO [0m:      Sent reply
[92mINFO [0m:      
[92mINFO [0m:      Received: evaluate message 5c6e50ab-8dd8-4ef6-93e5-7b63c40f2e21
[92mINFO [0m:      Sent reply
[92mINFO [0m:      
[92mINFO [0m:      Received: train message c0b0d298-55f8-4a33-b76d-ee00ea1a8017
[92mINFO [0m:      Sent reply
[92mINFO [0m:      
[92mINFO [0m:      Received: evaluate message bd68571f-008a-432d-b4e4-d96374071b77
[92mINFO [0m:      Sent reply
[92mINFO [0m:      
[92mINFO [0m:      Received: train message fe22ebce-f126-42df-9dc9-9ba5eb4a070d
[92mINFO [0m:      Sent reply
[92mINFO [0m:      
[92mINFO [0m:      Received: evaluate message 7aef7ec7-f544-4a6f-8e1c-beb2d9ebd3c4
[92mINFO [0m:      Sent reply
[92mINFO [0m:      
[92mINFO [0m:      Received: train message 706e6b05-55ef-4a0a-909d-205faec8af76
[92mINFO [0m:      Sent reply
[92mINFO [0m:      
[92mINFO [0m:      Received: evaluate message 171cc9b2-8626-4680-8ae3-0b9a1af004d0
[92mINFO [0m:      Sent reply
[92mINFO [0m:      
[92mINFO [0m:      Received: train message e3c899ea-7f1c-4f69-9c92-666e657bc000
[92mINFO [0m:      Sent reply
[92mINFO [0m:      
[92mINFO [0m:      Received: evaluate message 09dab1a0-65da-4b0c-a41a-8a424aef089b
[92mINFO [0m:      Sent reply
[92mINFO [0m:      
[92mINFO [0m:      Received: train message b3d91d86-15a9-4baf-be6e-87edfa5efab6
[92mINFO [0m:      Sent reply
[92mINFO [0m:      
[92mINFO [0m:      Received: evaluate message f5b80f89-58a4-43d5-a180-fdf80709efbd
[92mINFO [0m:      Sent reply
[92mINFO [0m:      
[92mINFO [0m:      Received: train message fcec4730-52f3-4dc4-ac1a-9a39cf3e6218
[92mINFO [0m:      Sent reply
[92mINFO [0m:      
[92mINFO [0m:      Received: evaluate message 6baef196-7c7b-429b-8a6e-cf945b1a9b32
[92mINFO [0m:      Sent reply
[92mINFO [0m:      
[92mINFO [0m:      Received: train message 5ec1ffb5-dbf9-4837-8887-24f7d5c5fa16
[92mINFO [0m:      Sent reply
[92mINFO [0m:      
[92mINFO [0m:      Received: evaluate message 322543c3-ea99-48d1-8deb-3ca5c79e0607
[92mINFO [0m:      Sent reply
[92mINFO [0m:      
[92mINFO [0m:      Received: train message 1d5afd82-769c-486f-8ba7-b6ee7e88bfaf
[92mINFO [0m:      Sent reply
[92mINFO [0m:      
[92mINFO [0m:      Received: evaluate message d7925410-d642-40cf-9a1b-7240b4620e52
[92mINFO [0m:      Sent reply
[92mINFO [0m:      
[92mINFO [0m:      Received: train message a03aa8f1-c750-472f-908f-65146078c98c
[92mINFO [0m:      Sent reply
[92mINFO [0m:      
[92mINFO [0m:      Received: evaluate message af4039a6-f4c3-4609-9016-fe44954a7940
[92mINFO [0m:      Sent reply
[92mINFO [0m:      
[92mINFO [0m:      Received: train message 3424ef93-d437-445c-975b-a33c2c8422d5
[92mINFO [0m:      Sent reply
[92mINFO [0m:      
[92mINFO [0m:      Received: evaluate message 9d509f7c-28b8-4700-8056-3c3316f22210
[92mINFO [0m:      Sent reply
[92mINFO [0m:      
[92mINFO [0m:      Received: train message 2cf2ad11-7d48-45c7-99bb-7391df781dcf
[92mINFO [0m:      Sent reply
[92mINFO [0m:      
[92mINFO [0m:      Received: evaluate message 0504f412-1913-4509-91c8-cd0b7a76e8fa
[92mINFO [0m:      Sent reply
[92mINFO [0m:      
[92mINFO [0m:      Received: train message b76e7e97-cddb-4ad8-9bd8-a077ab539220
[92mINFO [0m:      Sent reply
[92mINFO [0m:      
[92mINFO [0m:      Received: evaluate message f73b1538-c0c2-489d-a8a3-6ddb8eebfa0f
[92mINFO [0m:      Sent reply
[92mINFO [0m:      
[92mINFO [0m:      Received: train message 4985548e-b7b4-49e8-a5c3-a8ac63f293b7
[92mINFO [0m:      Sent reply
[92mINFO [0m:      
[92mINFO [0m:      Received: evaluate message c5d528db-08b9-4b50-8140-c4279a70bc67
[92mINFO [0m:      Sent reply
[92mINFO [0m:      
[92mINFO [0m:      Received: train message a2cdcf0c-5e38-41b3-906d-93d0abda2741
[92mINFO [0m:      Sent reply
[92mINFO [0m:      
[92mINFO [0m:      Received: evaluate message da8f39bb-8a1d-4035-907e-d22b4c36d6c6
[92mINFO [0m:      Sent reply
[92mINFO [0m:      
[92mINFO [0m:      Received: train message 52586855-c8bc-434b-8caf-9117b944c7bf
[92mINFO [0m:      Sent reply
[92mINFO [0m:      
[92mINFO [0m:      Received: evaluate message 1ca996cd-ae14-4782-8dbe-24bc3ed7eaa0
[92mINFO [0m:      Sent reply
[92mINFO [0m:      
[92mINFO [0m:      Received: train message 311b07a1-c467-4bd0-b8b7-1836d6190928
[92mINFO [0m:      Sent reply
[92mINFO [0m:      
[92mINFO [0m:      Received: evaluate message 0d94fa0d-f926-4076-911c-026611773e2d
[92mINFO [0m:      Sent reply
[92mINFO [0m:      
[92mINFO [0m:      Received: train message c87b673c-c0f0-4fba-b5ea-30813cc1295f
[92mINFO [0m:      Sent reply
[92mINFO [0m:      
[92mINFO [0m:      Received: evaluate message 42720db9-9a02-4d11-924d-630c70d124f5
[92mINFO [0m:      Sent reply
[92mINFO [0m:      
[92mINFO [0m:      Received: train message b67cdfef-30c9-4b61-9f67-7d01858cb87a
[92mINFO [0m:      Sent reply
[92mINFO [0m:      
[92mINFO [0m:      Received: evaluate message 937539ba-5dd9-41ad-ab33-60adcda0c515
[92mINFO [0m:      Sent reply
[92mINFO [0m:      
[92mINFO [0m:      Received: train message cfa68cec-00cb-4615-b0c9-5c9d1e9540ea
[92mINFO [0m:      Sent reply
[92mINFO [0m:      
[92mINFO [0m:      Received: evaluate message ea3e4df2-d59a-4b69-9bc4-69d375f497e8
[92mINFO [0m:      Sent reply
[92mINFO [0m:      
[92mINFO [0m:      Received: train message 4c01e499-b70a-401b-b9a1-0984ae3cfb44
[92mINFO [0m:      Sent reply
[92mINFO [0m:      
[92mINFO [0m:      Received: evaluate message 62cc0abd-9c22-4a6a-ab3b-4ea1cd6e7bdf
[92mINFO [0m:      Sent reply
[92mINFO [0m:      
[92mINFO [0m:      Received: train message c2c492fe-2fc7-42f9-9dea-21fc895e1988
[92mINFO [0m:      Sent reply
[92mINFO [0m:      
[92mINFO [0m:      Received: evaluate message 6f52ebad-c7da-428f-b7bf-333807fb2514
[92mINFO [0m:      Sent reply
[92mINFO [0m:      
[92mINFO [0m:      Received: train message 84497f3f-2c8a-4182-97f1-a280efe83c39
[92mINFO [0m:      Sent reply
[92mINFO [0m:      
[92mINFO [0m:      Received: evaluate message 9b9f4d9e-0f92-4692-8e4a-100bb218b0a9
[92mINFO [0m:      Sent reply
[92mINFO [0m:      
[92mINFO [0m:      Received: train message de55d427-1e31-42be-9d3e-34a2856a8f83
[92mINFO [0m:      Sent reply
[92mINFO [0m:      
[92mINFO [0m:      Received: evaluate message fec755a5-6e35-4bda-b449-438719232d99
[92mINFO [0m:      Sent reply
[92mINFO [0m:      
[92mINFO [0m:      Received: train message e07b5a9b-cfe4-4997-a664-212b32276d7a
[92mINFO [0m:      Sent reply
[92mINFO [0m:      
[92mINFO [0m:      Received: evaluate message 33fafbe8-dbb6-4da9-a3fd-88afa0b452c3
[92mINFO [0m:      Sent reply
[92mINFO [0m:      
[92mINFO [0m:      Received: train message 0e86f51f-4c7e-4ce1-bd48-50889ccd5e12
[92mINFO [0m:      Sent reply
[92mINFO [0m:      
[92mINFO [0m:      Received: evaluate message be711864-0fc9-4780-83d4-b16fe0696102
[92mINFO [0m:      Sent reply
[92mINFO [0m:      
[92mINFO [0m:      Received: train message d5b58806-e1c2-40a6-bc75-d78d0f82875a
[92mINFO [0m:      Sent reply
[92mINFO [0m:      
[92mINFO [0m:      Received: evaluate message 33b58ae0-cf2c-4735-8ccd-d0fbc4de9295
[92mINFO [0m:      Sent reply
[92mINFO [0m:      
[92mINFO [0m:      Received: train message b7dcfc32-8afd-4a0e-b2de-45c32d6bf494
[92mINFO [0m:      Sent reply
[92mINFO [0m:      
[92mINFO [0m:      Received: evaluate message 0256bcf7-5d0f-4b5a-b716-bbc1e9c60d26
[92mINFO [0m:      Sent reply
[92mINFO [0m:      
[92mINFO [0m:      Received: train message 81308a4d-58fa-4750-a8b2-6e9504b58fc9
[92mINFO [0m:      Sent reply
[92mINFO [0m:      
[92mINFO [0m:      Received: evaluate message c916e2f3-70bf-49f1-9393-484655f4beeb
[92mINFO [0m:      Sent reply
[92mINFO [0m:      
[92mINFO [0m:      Received: train message e0762d37-7ef0-47f1-8de2-0d76eb576d1c
[92mINFO [0m:      Sent reply
[92mINFO [0m:      
[92mINFO [0m:      Received: evaluate message be4aa43e-2f62-4b9b-9d18-317a6c0880a6
[92mINFO [0m:      Sent reply
[92mINFO [0m:      
[92mINFO [0m:      Received: train message 5f5a75ac-3b6e-47e9-9f25-7b28ba7a4e08
[92mINFO [0m:      Sent reply
[92mINFO [0m:      
[92mINFO [0m:      Received: evaluate message d2580c59-c9ea-4302-a211-1bcee9196d3f
[92mINFO [0m:      Sent reply
[92mINFO [0m:      
[92mINFO [0m:      Received: train message 7eaf2fd9-992e-4810-8a80-c1eacab94b21
[92mINFO [0m:      Sent reply
[92mINFO [0m:      
[92mINFO [0m:      Received: evaluate message c900f7e8-7bec-429a-9f2e-a8b58e6ed4ea
[92mINFO [0m:      Sent reply
[92mINFO [0m:      
[92mINFO [0m:      Received: train message eca337b7-ec95-4705-b3d1-b4d2dcbaf824
[92mINFO [0m:      Sent reply
[92mINFO [0m:      
[92mINFO [0m:      Received: evaluate message d40cebc6-fbb2-4f40-9b85-89364f5d74bc
[92mINFO [0m:      Sent reply
[92mINFO [0m:      
[92mINFO [0m:      Received: train message 8751fb19-ea9c-4801-9fb3-1ef2ff308d6f
[92mINFO [0m:      Sent reply
[92mINFO [0m:      
[92mINFO [0m:      Received: evaluate message 774f7d16-357d-432d-95f7-b289ffafdb22
[92mINFO [0m:      Sent reply
[92mINFO [0m:      
[92mINFO [0m:      Received: train message cc53426e-73e4-46fa-90be-5c983a4eff21
[92mINFO [0m:      Sent reply
[92mINFO [0m:      
[92mINFO [0m:      Received: evaluate message cc16ad69-113e-4854-a404-7b23a53bb906
[92mINFO [0m:      Sent reply
[92mINFO [0m:      
[92mINFO [0m:      Received: train message 414d10c6-862c-4478-9726-c8733d8c1cfe
[92mINFO [0m:      Sent reply
[92mINFO [0m:      
[92mINFO [0m:      Received: evaluate message 60b8ccee-e0a3-458c-996f-89224aea6985
[92mINFO [0m:      Sent reply
[92mINFO [0m:      
[92mINFO [0m:      Received: train message 45c6e01e-7b19-4790-97a9-50e5b7e8dcda
[92mINFO [0m:      Sent reply
[92mINFO [0m:      
[92mINFO [0m:      Received: evaluate message 660b0dbb-c4f4-4cb0-94ee-7af87342e307
[92mINFO [0m:      Sent reply
[92mINFO [0m:      
[92mINFO [0m:      Received: train message 16d73af4-bb5d-40bd-a206-06143d77a78a
[92mINFO [0m:      Sent reply
[92mINFO [0m:      
[92mINFO [0m:      Received: evaluate message 311d930c-7a2e-4edc-bba5-936710d91f98
[92mINFO [0m:      Sent reply
[92mINFO [0m:      
[92mINFO [0m:      Received: train message 33e45b69-cda2-47eb-86bc-28922b61abfd
[92mINFO [0m:      Sent reply
[92mINFO [0m:      
[92mINFO [0m:      Received: evaluate message a066814e-8307-41e6-8bc2-698a0a83a2a4
[92mINFO [0m:      Sent reply
[92mINFO [0m:      
[92mINFO [0m:      Received: reconnect message c2666e1a-1ff3-4478-97f8-9f17f028c2f0
[92mINFO [0m:      Disconnect and shut down
