[93mWARNING [0m:   DEPRECATED FEATURE: flwr.client.start_client() is deprecated.
	Instead, use the `flower-supernode` CLI command to start a SuperNode as shown below:

		$ flower-supernode --insecure --superlink='<IP>:<PORT>'

	To view all available options, run:

		$ flower-supernode --help

	Using `start_client()` is deprecated.

            This is a deprecated feature. It will be removed
            entirely in future versions of Flower.
        
[92mINFO [0m:      
[92mINFO [0m:      Received: train message a1a71925-43c6-49d7-b474-e33609989fdf
[92mINFO [0m:      Sent reply
[92mINFO [0m:      
[92mINFO [0m:      Received: evaluate message d1a62aa4-4b8e-4dbc-b9ab-0eb3f5b2295c
[92mINFO [0m:      Sent reply
[92mINFO [0m:      
[92mINFO [0m:      Received: train message 508483b5-8ec1-4508-89de-e3f92aaecabf
[92mINFO [0m:      Sent reply
[92mINFO [0m:      
[92mINFO [0m:      Received: evaluate message aeb052c3-9983-407d-b321-712196007b48
[92mINFO [0m:      Sent reply
[92mINFO [0m:      
[92mINFO [0m:      Received: train message 652ee767-3987-48d0-9174-1c167c916c98
[92mINFO [0m:      Sent reply
[92mINFO [0m:      
[92mINFO [0m:      Received: evaluate message c9c6c445-eaf1-45fb-930a-929c3dc9368d
[92mINFO [0m:      Sent reply
[92mINFO [0m:      
[92mINFO [0m:      Received: train message d2edc970-05f4-40a1-b589-7f4d663cf60c
[92mINFO [0m:      Sent reply
[92mINFO [0m:      
[92mINFO [0m:      Received: evaluate message 2da48a74-22ec-4022-bc52-e1cb40ce3bac
[92mINFO [0m:      Sent reply
[92mINFO [0m:      
[92mINFO [0m:      Received: evaluate message 9e7e193d-627a-4f4f-8382-162ff981a6b7
[92mINFO [0m:      Sent reply
[92mINFO [0m:      
[92mINFO [0m:      Received: train message 1a39bb34-762d-4c83-80c6-bd9d4a487483
[92mINFO [0m:      Sent reply
[92mINFO [0m:      
[92mINFO [0m:      Received: evaluate message f5b4aebc-d624-490f-96a3-68f0560cb4ee
[92mINFO [0m:      Sent reply
[92mINFO [0m:      
[92mINFO [0m:      Received: train message c5f85f11-104b-4b8e-95fb-0c7fcbe8e5ef
[92mINFO [0m:      Sent reply
[92mINFO [0m:      
[92mINFO [0m:      Received: evaluate message e4366770-dba1-4791-959c-fa80a55c656c
[92mINFO [0m:      Sent reply
[92mINFO [0m:      
[92mINFO [0m:      Received: evaluate message 2a34c4e6-2e03-4adc-8ac7-90606df317d4
[92mINFO [0m:      Sent reply
[92mINFO [0m:      
[92mINFO [0m:      Received: evaluate message bf00637c-ab1f-48b4-8918-ebfe082f4c93
[92mINFO [0m:      Sent reply
[92mINFO [0m:      
[92mINFO [0m:      Received: evaluate message d37505ff-14c8-40c9-aa69-d859f8b96d53
[92mINFO [0m:      Sent reply
[92mINFO [0m:      
[92mINFO [0m:      Received: train message 5fb19e20-260a-4cc2-a706-353e2404c51c
[92mINFO [0m:      Sent reply
[92mINFO [0m:      
[92mINFO [0m:      Received: evaluate message 855c5e97-d886-44d5-bf3c-120534e74995
[92mINFO [0m:      Sent reply
[92mINFO [0m:      
[92mINFO [0m:      Received: train message 9202dc75-3a6b-4cda-b095-c65ae065b47d
[92mINFO [0m:      Sent reply
[92mINFO [0m:      
[92mINFO [0m:      Received: train message f1ae4b2f-6b1b-4e66-81ae-ad538e7fe93d
[92mINFO [0m:      Sent reply
[92mINFO [0m:      
[92mINFO [0m:      Received: train message 22513e30-3872-467f-ba4a-10dc5c2706ad
[92mINFO [0m:      Sent reply
[92mINFO [0m:      
[92mINFO [0m:      Received: evaluate message a0396ea4-fbbe-4b5a-a6d1-6b82ff35ad5c
[92mINFO [0m:      Sent reply
[92mINFO [0m:      
[92mINFO [0m:      Received: evaluate message 558a8d1e-fc63-40be-8a69-e7f78c869dbc
[92mINFO [0m:      Sent reply
[92mINFO [0m:      
[92mINFO [0m:      Received: train message 7045adc6-58ac-4d02-b747-777c3c8be4c9
[92mINFO [0m:      Sent reply
[92mINFO [0m:      
[92mINFO [0m:      Received: evaluate message 12ecd886-faf0-47f5-9b0f-e2fd6b5ce83e
[92mINFO [0m:      Sent reply
[92mINFO [0m:      
[92mINFO [0m:      Received: train message 704989c0-d34a-41ef-bea9-13000404766f
[92mINFO [0m:      Sent reply
[92mINFO [0m:      
[92mINFO [0m:      Received: evaluate message 740ee450-114e-43c3-b034-b8ca4ca2c8ee
[92mINFO [0m:      Sent reply
[92mINFO [0m:      
[92mINFO [0m:      Received: train message a16c7c55-68b7-4c0e-92d6-1b6fe6f5f87a
[92mINFO [0m:      Sent reply
[92mINFO [0m:      
[92mINFO [0m:      Received: evaluate message 70eb9c24-638a-4610-9aaa-581155080af9
[92mINFO [0m:      Sent reply
[92mINFO [0m:      
[92mINFO [0m:      Received: train message dd93ef77-7fd1-440a-a5a1-e620d2ceb5ca
[92mINFO [0m:      Sent reply
[92mINFO [0m:      
[92mINFO [0m:      Received: evaluate message a5c95026-f98f-4391-aed7-3c4699369dd7
[92mINFO [0m:      Sent reply
[92mINFO [0m:      
[92mINFO [0m:      Received: train message 562d59fe-fe0b-4405-83cb-59b9a63589ce
[92mINFO [0m:      Sent reply
[92mINFO [0m:      
[92mINFO [0m:      Received: evaluate message 835d4c24-d69a-47a2-a1da-e263ad248981
[92mINFO [0m:      Sent reply
[92mINFO [0m:      
[92mINFO [0m:      Received: train message 96e94772-ff25-4228-b176-929bff7f45f5
[92mINFO [0m:      Sent reply
[92mINFO [0m:      
[92mINFO [0m:      Received: evaluate message 84cdcecb-fb6f-49c7-b78f-78582b259388
[92mINFO [0m:      Sent reply
[92mINFO [0m:      
[92mINFO [0m:      Received: train message acbe24e6-98db-47d9-8ea9-875f8fccf92a
[92mINFO [0m:      Sent reply
[92mINFO [0m:      
[92mINFO [0m:      Received: evaluate message e244d773-0109-4bf6-9692-3c74b6e19c0d
[92mINFO [0m:      Sent reply
[92mINFO [0m:      
[92mINFO [0m:      Received: train message 18f549ea-911a-47ce-8bb5-ab7cd0bacd93
[92mINFO [0m:      Sent reply
[92mINFO [0m:      
[92mINFO [0m:      Received: evaluate message 61460c1d-dd60-46bb-9b76-49324c9a844b
[92mINFO [0m:      Sent reply
[92mINFO [0m:      
[92mINFO [0m:      Received: train message 57682cbd-ea45-49ac-913d-cb6d33f75aa9
[92mINFO [0m:      Sent reply
[92mINFO [0m:      
[92mINFO [0m:      Received: train message f80825b5-7758-45e8-92c5-567988fd1b43
[92mINFO [0m:      Sent reply
[92mINFO [0m:      
[92mINFO [0m:      Received: evaluate message 51d4554a-8369-4923-b181-1228795c5d84
[92mINFO [0m:      Sent reply
[92mINFO [0m:      
[92mINFO [0m:      Received: train message bffb7534-f101-4234-ad16-1bfb0e658555
[92mINFO [0m:      Sent reply
[92mINFO [0m:      
[92mINFO [0m:      Received: evaluate message bfb2593f-b8c8-4734-a79d-119e9de61299
[92mINFO [0m:      Sent reply
[92mINFO [0m:      
[92mINFO [0m:      Received: train message f24604bc-f47b-4ebe-b405-c7928486dc36
[92mINFO [0m:      Sent reply
[92mINFO [0m:      
[92mINFO [0m:      Received: evaluate message 1b7844a8-c125-4ebb-bc8d-a5d755c6312b
[92mINFO [0m:      Sent reply
[92mINFO [0m:      
[92mINFO [0m:      Received: train message 09bdc8fa-b6d8-4d96-9049-47bc422e2618
[92mINFO [0m:      Sent reply
[92mINFO [0m:      
[92mINFO [0m:      Received: evaluate message 34bb5f5d-ca67-4d04-8fdb-9e8bdc6aabb3
[92mINFO [0m:      Sent reply
[92mINFO [0m:      
[92mINFO [0m:      Received: train message 0162cb1f-709a-46f4-ac4e-3c5bed9c4995
[92mINFO [0m:      Sent reply
[92mINFO [0m:      
[92mINFO [0m:      Received: evaluate message 026d6c5a-59a6-4fc9-aaf9-ec3b975c3e48
[92mINFO [0m:      Sent reply
[92mINFO [0m:      
[92mINFO [0m:      Received: train message e5d6efce-7817-4c24-9e9b-3c5af9f2fb7d
[92mINFO [0m:      Sent reply
[92mINFO [0m:      
[92mINFO [0m:      Received: evaluate message 2271917b-0a5b-4366-abdc-e296318588b2
[92mINFO [0m:      Sent reply
[92mINFO [0m:      
[92mINFO [0m:      Received: evaluate message aa85f2d9-95dc-45a6-86bc-846b7c1c6c34
[92mINFO [0m:      Sent reply
[92mINFO [0m:      
[92mINFO [0m:      Received: evaluate message 81508dbf-3e34-4391-9aa1-65189da65815
[92mINFO [0m:      Sent reply
[92mINFO [0m:      
[92mINFO [0m:      Received: evaluate message 50290b09-d1b3-4039-bfe6-30ccfdbfc320
[92mINFO [0m:      Sent reply
[92mINFO [0m:      
[92mINFO [0m:      Received: train message e892eb46-ae89-4a00-a125-d8507ed9fb2f
[92mINFO [0m:      Sent reply
[92mINFO [0m:      
[92mINFO [0m:      Received: evaluate message f3bdbc91-3f40-4f22-996f-ba750bd1c7b5
[92mINFO [0m:      Sent reply
[92mINFO [0m:      
[92mINFO [0m:      Received: train message 412f044f-4642-40e0-8198-4ed569e581be
[92mINFO [0m:      Sent reply
[92mINFO [0m:      
[92mINFO [0m:      Received: train message 6b134b46-892d-4d11-91ca-b7c869f05db4
[92mINFO [0m:      Sent reply
[92mINFO [0m:      
[92mINFO [0m:      Received: evaluate message b3f0fdae-5152-4489-9194-739085a15f9c
[92mINFO [0m:      Sent reply
[92mINFO [0m:      
[92mINFO [0m:      Received: train message 990a8ba3-86e1-4f43-a190-521309440aab
[92mINFO [0m:      Sent reply
[92mINFO [0m:      
[92mINFO [0m:      Received: evaluate message 262181d3-470e-4463-8fd5-cc297822817e
[92mINFO [0m:      Sent reply
[92mINFO [0m:      
[92mINFO [0m:      Received: evaluate message ae4aeb28-cd8a-4102-b589-2f56c93cd55a
[92mINFO [0m:      Sent reply
[92mINFO [0m:      
[92mINFO [0m:      Received: evaluate message e771484e-eb07-400b-8add-7a5a17de9891
[92mINFO [0m:      Sent reply
[92mINFO [0m:      
[92mINFO [0m:      Received: train message ef40382e-dbf2-4eb0-982d-cdd8900fe2ca
[92mINFO [0m:      Sent reply
[92mINFO [0m:      
[92mINFO [0m:      Received: evaluate message 3f36a005-e4e3-4dc4-9f09-66f51708182d
[92mINFO [0m:      Sent reply
[92mINFO [0m:      
[92mINFO [0m:      Received: evaluate message 4bd5e377-d35c-4141-b82f-be905544eedc
[92mINFO [0m:      Sent reply
[92mINFO [0m:      
[92mINFO [0m:      Received: train message 1e5df7a7-2a4b-4b2d-b649-33b03e0522dd
[92mINFO [0m:      Sent reply
[92mINFO [0m:      
[92mINFO [0m:      Received: evaluate message 2100f7be-fd14-4821-b87f-0bff6ff8ea48
[92mINFO [0m:      Sent reply
[92mINFO [0m:      
[92mINFO [0m:      Received: train message 7c440c4c-5298-414c-bee4-4ae07b3720ba
[92mINFO [0m:      Sent reply
[92mINFO [0m:      
[92mINFO [0m:      Received: evaluate message 84638c58-54d7-4978-a70b-268f50900a81
[92mINFO [0m:      Sent reply
[92mINFO [0m:      
[92mINFO [0m:      Received: train message 248d9893-5871-463e-a1d7-0240f4b027bd
[92mINFO [0m:      Sent reply
[92mINFO [0m:      
[92mINFO [0m:      Received: train message ca583176-092d-43bd-a031-db8b14337bff
[92mINFO [0m:      Sent reply
[92mINFO [0m:      
[92mINFO [0m:      Received: train message fb18b17c-55aa-4185-a721-8c7d7cdf9a11
[92mINFO [0m:      Sent reply
[92mINFO [0m:      
[92mINFO [0m:      Received: evaluate message 8aec1a07-8167-4ad1-9172-5f7bac528821
[92mINFO [0m:      Sent reply
[92mINFO [0m:      
[92mINFO [0m:      Received: train message b15c5c7e-9694-472d-92e7-8426f5509a8b
[92mINFO [0m:      Sent reply
[92mINFO [0m:      
[92mINFO [0m:      Received: train message 31e628e8-22d1-4dc4-9459-67d811a289de
[92mINFO [0m:      Sent reply
[92mINFO [0m:      
[92mINFO [0m:      Received: evaluate message 6e96b387-9941-4185-be82-419fe8f60446
[92mINFO [0m:      Sent reply
[92mINFO [0m:      
[92mINFO [0m:      Received: train message d7efed48-facd-4923-beff-7c088881863e
[92mINFO [0m:      Sent reply
[92mINFO [0m:      
[92mINFO [0m:      Received: evaluate message f73cc842-df85-48cb-addb-cff61d2407ab
[92mINFO [0m:      Sent reply
[92mINFO [0m:      
[92mINFO [0m:      Received: train message bfd0f46d-c218-4d22-9851-3806a6c61960
[92mINFO [0m:      Sent reply
[92mINFO [0m:      
[92mINFO [0m:      Received: evaluate message 098ce020-3536-4ad5-b1e3-b21fb0383b12
[92mINFO [0m:      Sent reply
[92mINFO [0m:      
[92mINFO [0m:      Received: evaluate message 8a68f49a-cc17-40a6-b5c0-8fe7f811bff8
[92mINFO [0m:      Sent reply
[92mINFO [0m:      
[92mINFO [0m:      Received: train message 14e42a57-c6c5-48f5-b974-d636ad3c8f2d
[92mINFO [0m:      Sent reply
[92mINFO [0m:      
[92mINFO [0m:      Received: evaluate message c4ad378f-c691-4630-bd93-9f1dbe2aa837
[92mINFO [0m:      Sent reply
[92mINFO [0m:      
[92mINFO [0m:      Received: evaluate message 7338aa37-609f-46a7-ae77-27d5b0e86b0d
[92mINFO [0m:      Sent reply
[92mINFO [0m:      
[92mINFO [0m:      Received: train message 26497811-16f2-440c-ad05-b27817a0f90a
[92mINFO [0m:      Sent reply
[92mINFO [0m:      
[92mINFO [0m:      Received: evaluate message 222af8ec-f46f-4572-a301-c25c5e6472ae
[92mINFO [0m:      Sent reply
[92mINFO [0m:      
[92mINFO [0m:      Received: evaluate message 83cf1587-c78d-4c1b-826d-429ef86c47ce
[92mINFO [0m:      Sent reply
[92mINFO [0m:      
[92mINFO [0m:      Received: train message 61b2421f-a1ea-48e9-bd29-a66ae483d666
[92mINFO [0m:      Sent reply
[92mINFO [0m:      
[92mINFO [0m:      Received: evaluate message 45693c82-d812-47a3-87c6-a67149c1aa0d
[92mINFO [0m:      Sent reply
[92mINFO [0m:      
[92mINFO [0m:      Received: train message 838d42a2-ea5c-446e-abb0-84b30674d531
[92mINFO [0m:      Sent reply
[92mINFO [0m:      
[92mINFO [0m:      Received: evaluate message 98168bc3-2965-442c-a07c-be7a6158bedf
[92mINFO [0m:      Sent reply
[92mINFO [0m:      
[92mINFO [0m:      Received: train message ab8e458f-c2ba-41e1-86f4-312aa3dfe4cc
[92mINFO [0m:      Sent reply
[92mINFO [0m:      
[92mINFO [0m:      Received: evaluate message 9a4e832b-4f83-4beb-84b1-75dd7e3f9dec
[92mINFO [0m:      Sent reply
[92mINFO [0m:      
[92mINFO [0m:      Received: train message 7719a8d9-15b1-442a-be9e-7d8430c73285
[92mINFO [0m:      Sent reply
[92mINFO [0m:      
[92mINFO [0m:      Received: evaluate message 126819c2-7273-4e30-965b-0b55f5158a50
[92mINFO [0m:      Sent reply
[92mINFO [0m:      
[92mINFO [0m:      Received: evaluate message 029b8820-a0f0-4227-91c5-c1e856e58748
[92mINFO [0m:      Sent reply
[92mINFO [0m:      
[92mINFO [0m:      Received: evaluate message 23d320f3-8071-4c01-8aea-1e47fb61b61f
[92mINFO [0m:      Sent reply
[92mINFO [0m:      
[92mINFO [0m:      Received: train message b57642f1-9121-4503-b917-aa6a156e9ea0
[92mINFO [0m:      Sent reply
[92mINFO [0m:      
[92mINFO [0m:      Received: evaluate message 95548fce-9ade-47ae-84d0-c83819d12f0b
[92mINFO [0m:      Sent reply
[92mINFO [0m:      
[92mINFO [0m:      Received: train message 861a091e-b42c-46c9-80a9-859453c9a077
[92mINFO [0m:      Sent reply
[92mINFO [0m:      
[92mINFO [0m:      Received: train message b5b1b07a-a318-48b1-94a4-3526865830ae
[92mINFO [0m:      Sent reply
[92mINFO [0m:      
[92mINFO [0m:      Received: evaluate message 4987fa26-b2dd-475a-85d0-531554dc38a4
[92mINFO [0m:      Sent reply
[92mINFO [0m:      
[92mINFO [0m:      Received: evaluate message f6a9cd80-9964-441c-9320-d0c351e1df4c
[92mINFO [0m:      Sent reply
[92mINFO [0m:      
[92mINFO [0m:      Received: train message ec8400d7-d296-4ace-9474-da41a7789046
[92mINFO [0m:      Sent reply
[92mINFO [0m:      
[92mINFO [0m:      Received: train message 3005710f-51c6-4cb3-bd2c-289ac3f78fa3
[92mINFO [0m:      Sent reply
[92mINFO [0m:      
[92mINFO [0m:      Received: train message 9babf658-227b-4397-ad61-677664b0c4b4
[92mINFO [0m:      Sent reply
[92mINFO [0m:      
[92mINFO [0m:      Received: evaluate message d2846cc3-ac5c-4f80-bb27-04239c910f6b
[92mINFO [0m:      Sent reply
[92mINFO [0m:      
[92mINFO [0m:      Received: train message 2d8c6962-4cbf-4380-81e0-3020f6dba3fc
[92mINFO [0m:      Sent reply
[92mINFO [0m:      
[92mINFO [0m:      Received: train message 24490bae-d7c0-4c71-a0fe-72bf9e44e4ac
[92mINFO [0m:      Sent reply
[92mINFO [0m:      
[92mINFO [0m:      Received: evaluate message 458c1648-08d9-4f3f-88d6-345393b0d146
[92mINFO [0m:      Sent reply
[92mINFO [0m:      
[92mINFO [0m:      Received: evaluate message 5e0b6e50-0bde-4489-be11-fea0d95dfeee
[92mINFO [0m:      Sent reply
[92mINFO [0m:      
[92mINFO [0m:      Received: train message 3e4fdeed-d714-4714-b84a-78e66c78c66e
[92mINFO [0m:      Sent reply
[92mINFO [0m:      
[92mINFO [0m:      Received: evaluate message f38a6ad7-56e6-435f-9c9c-89cc542ccc4b
[92mINFO [0m:      Sent reply
[92mINFO [0m:      
[92mINFO [0m:      Received: evaluate message 8d3cd50e-c003-42d6-8884-9361039400ea
[92mINFO [0m:      Sent reply
[92mINFO [0m:      
[92mINFO [0m:      Received: train message d057aad4-2c19-4ce5-afae-ed3fbab1fdb7
[92mINFO [0m:      Sent reply
[92mINFO [0m:      
[92mINFO [0m:      Received: evaluate message 61494044-cb98-4a1e-bd9e-43d35ddb69f0
[92mINFO [0m:      Sent reply
[92mINFO [0m:      
[92mINFO [0m:      Received: evaluate message 2f566388-a6d9-411f-bec4-4ab078161475
[92mINFO [0m:      Sent reply
[92mINFO [0m:      
[92mINFO [0m:      Received: evaluate message aa881896-3471-4414-b710-19d498e2789d
[92mINFO [0m:      Sent reply
[92mINFO [0m:      
[92mINFO [0m:      Received: train message 93688723-c0de-414a-a677-551089f8f329
[92mINFO [0m:      Sent reply
[92mINFO [0m:      
[92mINFO [0m:      Received: train message 2ff919c1-9446-41b6-94ec-5f0ba42db15a
[92mINFO [0m:      Sent reply
[92mINFO [0m:      
[92mINFO [0m:      Received: train message 692c94c1-1984-4d01-9702-9db92256162e
[92mINFO [0m:      Sent reply
[92mINFO [0m:      
[92mINFO [0m:      Received: evaluate message d7236793-cd85-4afb-b728-4fd92b675431
[92mINFO [0m:      Sent reply
[92mINFO [0m:      
[92mINFO [0m:      Received: train message c396a8f2-0b6c-4ee1-8a62-4105465bcfe6
[92mINFO [0m:      Sent reply
[92mINFO [0m:      
[92mINFO [0m:      Received: train message 755767f4-1e3b-4f33-8adf-896cd5c86885
[92mINFO [0m:      Sent reply
[92mINFO [0m:      
[92mINFO [0m:      Received: train message 2257aca5-9101-4c71-8e13-b4b1dd993896
[92mINFO [0m:      Sent reply
[92mINFO [0m:      
[92mINFO [0m:      Received: train message c87b9424-a074-411a-95cc-3454e12cc101
[92mINFO [0m:      Sent reply
[92mINFO [0m:      
[92mINFO [0m:      Received: evaluate message 3ae6ce3c-bdd7-4946-9361-35843167677e
[92mINFO [0m:      Sent reply
[92mINFO [0m:      
[92mINFO [0m:      Received: reconnect message 9ff3c7f7-8a50-442c-9aa3-41a5b1dab21d
[92mINFO [0m:      Disconnect and shut down
