[93mWARNING [0m:   DEPRECATED FEATURE: flwr.client.start_client() is deprecated.
	Instead, use the `flower-supernode` CLI command to start a SuperNode as shown below:

		$ flower-supernode --insecure --superlink='<IP>:<PORT>'

	To view all available options, run:

		$ flower-supernode --help

	Using `start_client()` is deprecated.

            This is a deprecated feature. It will be removed
            entirely in future versions of Flower.
        
[92mINFO [0m:      
[92mINFO [0m:      Received: train message 0bb9b535-82c2-4bff-b56b-d7ebcaf50b30
[92mINFO [0m:      Sent reply
[92mINFO [0m:      
[92mINFO [0m:      Received: train message 9f28cd14-5506-4c2a-838e-cea6a81391fd
[92mINFO [0m:      Sent reply
[92mINFO [0m:      
[92mINFO [0m:      Received: evaluate message 60fe6772-8118-4690-b3a1-b600807b2ac9
[92mINFO [0m:      Sent reply
[92mINFO [0m:      
[92mINFO [0m:      Received: train message 1aebef67-1197-445f-8de1-af07375e8af2
[92mINFO [0m:      Sent reply
[92mINFO [0m:      
[92mINFO [0m:      Received: train message 0acc5dad-700b-4e4d-a53d-5c6723889afb
[92mINFO [0m:      Sent reply
[92mINFO [0m:      
[92mINFO [0m:      Received: evaluate message a69bc452-2017-4e32-afea-dc0ac495c53d
[92mINFO [0m:      Sent reply
[92mINFO [0m:      
[92mINFO [0m:      Received: train message acd5c7cf-5f62-453d-839b-365b36aa7930
[92mINFO [0m:      Sent reply
[92mINFO [0m:      
[92mINFO [0m:      Received: evaluate message f25f07cf-1118-49be-a798-92d32f5eae42
[92mINFO [0m:      Sent reply
[92mINFO [0m:      
[92mINFO [0m:      Received: train message ffe65329-2d76-42a7-bd76-0d73ed0715a3
[92mINFO [0m:      Sent reply
[92mINFO [0m:      
[92mINFO [0m:      Received: evaluate message e9b7ee09-ee24-4ade-955d-0916a2746c86
[92mINFO [0m:      Sent reply
[92mINFO [0m:      
[92mINFO [0m:      Received: train message 623f62b7-5bbc-43de-8952-1786288c8864
[92mINFO [0m:      Sent reply
[92mINFO [0m:      
[92mINFO [0m:      Received: evaluate message d23b2d9d-c84e-4b20-a661-6179a971573b
[92mINFO [0m:      Sent reply
[92mINFO [0m:      
[92mINFO [0m:      Received: evaluate message fcacb8ac-703c-43c9-a28e-d346f0a8e648
[92mINFO [0m:      Sent reply
[92mINFO [0m:      
[92mINFO [0m:      Received: train message 9c573067-a492-4759-9d7e-65c30905aa46
[92mINFO [0m:      Sent reply
[92mINFO [0m:      
[92mINFO [0m:      Received: train message 93b25886-e7c5-4edf-a5f5-4c091b812dd8
[92mINFO [0m:      Sent reply
[92mINFO [0m:      
[92mINFO [0m:      Received: evaluate message 2f25dc92-ad79-49d7-a042-c1d252f13392
[92mINFO [0m:      Sent reply
[92mINFO [0m:      
[92mINFO [0m:      Received: evaluate message 0cd0dd3c-73ce-43ad-9d42-5a412ee426ca
[92mINFO [0m:      Sent reply
[92mINFO [0m:      
[92mINFO [0m:      Received: evaluate message f14f2874-6f2d-4fb5-9251-ee3616a8cb07
[92mINFO [0m:      Sent reply
[92mINFO [0m:      
[92mINFO [0m:      Received: evaluate message 6564bb94-12f5-4fb5-94c2-d55a5ed33162
[92mINFO [0m:      Sent reply
[92mINFO [0m:      
[92mINFO [0m:      Received: train message 834f4899-2b57-4a2a-b0ad-5490299acfd7
[92mINFO [0m:      Sent reply
[92mINFO [0m:      
[92mINFO [0m:      Received: evaluate message 705a2a4d-5f7c-43ed-8cf0-600ecc5cf067
[92mINFO [0m:      Sent reply
[92mINFO [0m:      
[92mINFO [0m:      Received: train message 445e57e8-8b72-4501-a1cf-85f90330323d
[92mINFO [0m:      Sent reply
[92mINFO [0m:      
[92mINFO [0m:      Received: evaluate message 85ced244-e507-4735-9983-537dfe6e4329
[92mINFO [0m:      Sent reply
[92mINFO [0m:      
[92mINFO [0m:      Received: train message 613e68fd-e0cb-4fac-9580-6b12f3ea127a
[92mINFO [0m:      Sent reply
[92mINFO [0m:      
[92mINFO [0m:      Received: train message 7fddc7ba-66e2-447e-b050-4c1a1643c801
[92mINFO [0m:      Sent reply
[92mINFO [0m:      
[92mINFO [0m:      Received: evaluate message e19c4cfb-f9fe-4596-b0d6-2b3a1f02625e
[92mINFO [0m:      Sent reply
[92mINFO [0m:      
[92mINFO [0m:      Received: train message 6347367a-0440-4517-9dca-98df686e36a9
[92mINFO [0m:      Sent reply
[92mINFO [0m:      
[92mINFO [0m:      Received: train message 509f61e5-3e18-4a46-9435-eeb14c493955
[92mINFO [0m:      Sent reply
[92mINFO [0m:      
[92mINFO [0m:      Received: evaluate message 90f4ad9f-20b4-4bb9-b541-64e223eb6189
[92mINFO [0m:      Sent reply
[92mINFO [0m:      
[92mINFO [0m:      Received: train message 09972992-af80-40e9-9f3f-c71d7efd234c
[92mINFO [0m:      Sent reply
[92mINFO [0m:      
[92mINFO [0m:      Received: evaluate message 5b43f87a-d0e3-49d2-b617-99feec3cd3bb
[92mINFO [0m:      Sent reply
[92mINFO [0m:      
[92mINFO [0m:      Received: evaluate message c76b2d46-d43c-416c-99dd-ccde0fe923a0
[92mINFO [0m:      Sent reply
[92mINFO [0m:      
[92mINFO [0m:      Received: evaluate message 5ff56826-45bd-4b3a-95cc-7b98560d5647
[92mINFO [0m:      Sent reply
[92mINFO [0m:      
[92mINFO [0m:      Received: train message 8dbf02d4-ef11-437d-b2e4-7864e6702ffd
[92mINFO [0m:      Sent reply
[92mINFO [0m:      
[92mINFO [0m:      Received: evaluate message b500d285-f329-425a-b365-f44ac1861202
[92mINFO [0m:      Sent reply
[92mINFO [0m:      
[92mINFO [0m:      Received: train message 24ef85cc-c27c-48f9-90d5-bdc2a4921b2a
[92mINFO [0m:      Sent reply
[92mINFO [0m:      
[92mINFO [0m:      Received: evaluate message dcd97517-2e52-495a-a5b3-19b4e4115edc
[92mINFO [0m:      Sent reply
[92mINFO [0m:      
[92mINFO [0m:      Received: train message 2d8565c7-d272-471d-88fe-68894b0c77a7
[92mINFO [0m:      Sent reply
[92mINFO [0m:      
[92mINFO [0m:      Received: evaluate message 98322132-94d1-4b7c-8e47-b811b975149e
[92mINFO [0m:      Sent reply
[92mINFO [0m:      
[92mINFO [0m:      Received: train message 5472e42d-85e7-4f82-b004-d6e508f1e8a9
[92mINFO [0m:      Sent reply
[92mINFO [0m:      
[92mINFO [0m:      Received: evaluate message e9655dba-a76a-4325-9fc5-3807ffe2b869
[92mINFO [0m:      Sent reply
[92mINFO [0m:      
[92mINFO [0m:      Received: train message b9b63035-5d3c-48e6-89f7-3e0172f1a7c0
[92mINFO [0m:      Sent reply
[92mINFO [0m:      
[92mINFO [0m:      Received: train message eeee83d6-d254-45fd-ab13-7f745505270e
[92mINFO [0m:      Sent reply
[92mINFO [0m:      
[92mINFO [0m:      Received: evaluate message a73e97d3-5698-4e39-bc4a-a7499f627985
[92mINFO [0m:      Sent reply
[92mINFO [0m:      
[92mINFO [0m:      Received: evaluate message ab1bdcaf-d359-4648-bd9e-3bff3a955b61
[92mINFO [0m:      Sent reply
[92mINFO [0m:      
[92mINFO [0m:      Received: train message a2452e50-cd98-4290-9a66-6d075d46529e
[92mINFO [0m:      Sent reply
[92mINFO [0m:      
[92mINFO [0m:      Received: evaluate message 5ae71c8e-54b4-4e29-b476-43fd5dd8f4ea
[92mINFO [0m:      Sent reply
[92mINFO [0m:      
[92mINFO [0m:      Received: train message aab54dd7-639b-4356-824f-f2ef8998b0ce
[92mINFO [0m:      Sent reply
[92mINFO [0m:      
[92mINFO [0m:      Received: evaluate message 5739674f-924e-4c10-a020-860765e60043
[92mINFO [0m:      Sent reply
[92mINFO [0m:      
[92mINFO [0m:      Received: train message 153185b4-6f0e-4f1e-ad44-6d1fd98666dd
[92mINFO [0m:      Sent reply
[92mINFO [0m:      
[92mINFO [0m:      Received: train message dbbb7226-1425-4035-9b1e-07e8a7673407
[92mINFO [0m:      Sent reply
[92mINFO [0m:      
[92mINFO [0m:      Received: train message e51438a7-5280-4eb4-91e5-fcadf079880e
[92mINFO [0m:      Sent reply
[92mINFO [0m:      
[92mINFO [0m:      Received: train message 3d035c29-7754-41c4-86ed-59adc45b7798
[92mINFO [0m:      Sent reply
[92mINFO [0m:      
[92mINFO [0m:      Received: evaluate message 5bc38332-4ab0-4296-b11b-11f149950ac1
[92mINFO [0m:      Sent reply
[92mINFO [0m:      
[92mINFO [0m:      Received: train message 40e7a485-2834-4a89-a12c-c764070a0589
[92mINFO [0m:      Sent reply
[92mINFO [0m:      
[92mINFO [0m:      Received: train message a1e69d72-e424-4533-99f5-689273d1fd79
[92mINFO [0m:      Sent reply
[92mINFO [0m:      
[92mINFO [0m:      Received: evaluate message edabf693-ddaf-4e1c-a1fb-514a892eb922
[92mINFO [0m:      Sent reply
[92mINFO [0m:      
[92mINFO [0m:      Received: train message 6334d3cf-84d2-4084-b265-fac45d546486
[92mINFO [0m:      Sent reply
[92mINFO [0m:      
[92mINFO [0m:      Received: evaluate message 664ee94b-3f8e-4a39-b7e9-02ceeb342b3c
[92mINFO [0m:      Sent reply
[92mINFO [0m:      
[92mINFO [0m:      Received: train message c9e7080c-8c34-4fff-bf88-eba68a633ce4
[92mINFO [0m:      Sent reply
[92mINFO [0m:      
[92mINFO [0m:      Received: evaluate message 28a33c69-ab1e-4592-bd49-fec53b8741eb
[92mINFO [0m:      Sent reply
[92mINFO [0m:      
[92mINFO [0m:      Received: train message d8b1dd78-caf5-48b7-9865-d5618d9de13f
[92mINFO [0m:      Sent reply
[92mINFO [0m:      
[92mINFO [0m:      Received: evaluate message 41a407b9-9582-4cb2-9e82-3a8a54655d92
[92mINFO [0m:      Sent reply
[92mINFO [0m:      
[92mINFO [0m:      Received: evaluate message 9c6317b3-8881-4b44-aade-367b70e36ceb
[92mINFO [0m:      Sent reply
[92mINFO [0m:      
[92mINFO [0m:      Received: train message e1863f63-2db4-4ecb-9a1b-f78dba67c2ad
[92mINFO [0m:      Sent reply
[92mINFO [0m:      
[92mINFO [0m:      Received: evaluate message 250d3ce3-7f6d-44a5-8b76-d26cb64c9986
[92mINFO [0m:      Sent reply
[92mINFO [0m:      
[92mINFO [0m:      Received: evaluate message 063af757-0f1c-4461-835c-f9534e633208
[92mINFO [0m:      Sent reply
[92mINFO [0m:      
[92mINFO [0m:      Received: train message 9cb6a8ac-1ef8-4584-b764-6358b61a7d81
[92mINFO [0m:      Sent reply
[92mINFO [0m:      
[92mINFO [0m:      Received: train message 5ec12835-9baf-423b-b7d0-424269f357b9
[92mINFO [0m:      Sent reply
[92mINFO [0m:      
[92mINFO [0m:      Received: train message 21031ef1-735a-402f-af4a-c2d36add1143
[92mINFO [0m:      Sent reply
[92mINFO [0m:      
[92mINFO [0m:      Received: evaluate message 9103644e-cacb-449e-9854-ebf3e5ef37d6
[92mINFO [0m:      Sent reply
[92mINFO [0m:      
[92mINFO [0m:      Received: evaluate message 8055b1ec-27cc-4098-a482-56775c1fa665
[92mINFO [0m:      Sent reply
[92mINFO [0m:      
[92mINFO [0m:      Received: train message 10a8b82b-34a0-48ae-a8fd-233e451f9926
[92mINFO [0m:      Sent reply
[92mINFO [0m:      
[92mINFO [0m:      Received: train message cf7320d2-8265-4a09-90d2-6b6345d30b90
[92mINFO [0m:      Sent reply
[92mINFO [0m:      
[92mINFO [0m:      Received: train message a0018822-7a0e-4612-9e66-e2459fc0f95d
[92mINFO [0m:      Sent reply
[92mINFO [0m:      
[92mINFO [0m:      Received: train message db0ba19d-85ac-4a63-b059-b0eecdfea6dd
[92mINFO [0m:      Sent reply
[92mINFO [0m:      
[92mINFO [0m:      Received: evaluate message eb3d0df7-ebd8-41c3-9d56-92ab32a1c7a7
[92mINFO [0m:      Sent reply
[92mINFO [0m:      
[92mINFO [0m:      Received: evaluate message ba030652-fb3d-4a94-a6d9-214f5d9e6365
[92mINFO [0m:      Sent reply
[92mINFO [0m:      
[92mINFO [0m:      Received: train message 10ed98e5-b60a-459c-a55f-3f73066f83a2
[92mINFO [0m:      Sent reply
[92mINFO [0m:      
[92mINFO [0m:      Received: train message 023eaeea-7e0d-433f-a051-99868f3ee647
[92mINFO [0m:      Sent reply
[92mINFO [0m:      
[92mINFO [0m:      Received: evaluate message c78269db-97be-47c8-8990-987593b6f0b9
[92mINFO [0m:      Sent reply
[92mINFO [0m:      
[92mINFO [0m:      Received: evaluate message 8376a029-ce19-4cc8-bb7d-e1e8017c76f3
[92mINFO [0m:      Sent reply
[92mINFO [0m:      
[92mINFO [0m:      Received: evaluate message c0ee1651-38b2-4f01-b3dd-5eb3741dfe46
[92mINFO [0m:      Sent reply
[92mINFO [0m:      
[92mINFO [0m:      Received: train message 7752a561-017f-437e-922c-73a28e65c478
[92mINFO [0m:      Sent reply
[92mINFO [0m:      
[92mINFO [0m:      Received: evaluate message 1a64eb12-e40f-4a25-850d-6061a2129577
[92mINFO [0m:      Sent reply
[92mINFO [0m:      
[92mINFO [0m:      Received: train message c8951214-49aa-4286-bd60-aba89c12d0be
[92mINFO [0m:      Sent reply
[92mINFO [0m:      
[92mINFO [0m:      Received: evaluate message 170d1a6e-1b5a-4439-a271-0151779cd704
[92mINFO [0m:      Sent reply
[92mINFO [0m:      
[92mINFO [0m:      Received: train message a3826d58-4a80-4d6f-9507-86d3239f4d3f
[92mINFO [0m:      Sent reply
[92mINFO [0m:      
[92mINFO [0m:      Received: evaluate message 87abadb1-6eb7-4e6c-af8a-3ecfb3fe9dfc
[92mINFO [0m:      Sent reply
[92mINFO [0m:      
[92mINFO [0m:      Received: train message d4fe8119-a9d3-4709-b446-49a39d4bd65b
[92mINFO [0m:      Sent reply
[92mINFO [0m:      
[92mINFO [0m:      Received: evaluate message e11959ec-7863-4031-9c68-18ba2a4f43e6
[92mINFO [0m:      Sent reply
[92mINFO [0m:      
[92mINFO [0m:      Received: train message 85a900df-7678-482c-9419-a4329d837586
[92mINFO [0m:      Sent reply
[92mINFO [0m:      
[92mINFO [0m:      Received: train message dfab1dfd-5dd2-4505-9b4e-dc521c52db7c
[92mINFO [0m:      Sent reply
[92mINFO [0m:      
[92mINFO [0m:      Received: evaluate message 33d6c5c0-5803-4ca3-b3b3-92460af3e27a
[92mINFO [0m:      Sent reply
[92mINFO [0m:      
[92mINFO [0m:      Received: evaluate message e3502abe-9cd7-4eb8-8aa5-a671b0772c63
[92mINFO [0m:      Sent reply
[92mINFO [0m:      
[92mINFO [0m:      Received: train message 7f30bbb5-5ccd-4c4b-b824-f109e6062e6b
[92mINFO [0m:      Sent reply
[92mINFO [0m:      
[92mINFO [0m:      Received: evaluate message 499fa756-a3a1-447b-803c-99c7122b08db
[92mINFO [0m:      Sent reply
[92mINFO [0m:      
[92mINFO [0m:      Received: train message a456561e-4387-401e-94d7-28133540b5e8
[92mINFO [0m:      Sent reply
[92mINFO [0m:      
[92mINFO [0m:      Received: train message 67348a02-47e2-4a52-b1fa-2b12e7a03599
[92mINFO [0m:      Sent reply
[92mINFO [0m:      
[92mINFO [0m:      Received: evaluate message fdf7a023-8926-4567-8762-820e26e3ba2b
[92mINFO [0m:      Sent reply
[92mINFO [0m:      
[92mINFO [0m:      Received: evaluate message ff067e4b-a1a9-4450-9c0e-1011da10deef
[92mINFO [0m:      Sent reply
[92mINFO [0m:      
[92mINFO [0m:      Received: train message 799687c6-b842-4e65-9be6-820d9393af8d
[92mINFO [0m:      Sent reply
[92mINFO [0m:      
[92mINFO [0m:      Received: train message e530389a-ccc7-4296-96cb-8ae32038bd4b
[92mINFO [0m:      Sent reply
[92mINFO [0m:      
[92mINFO [0m:      Received: evaluate message d555c884-bbee-45d7-9428-6f9af1039613
[92mINFO [0m:      Sent reply
[92mINFO [0m:      
[92mINFO [0m:      Received: train message 394dc717-4926-4423-bed7-5f4192bdb0c2
[92mINFO [0m:      Sent reply
[92mINFO [0m:      
[92mINFO [0m:      Received: evaluate message 4907340d-a08e-4609-8623-82e80c26b048
[92mINFO [0m:      Sent reply
[92mINFO [0m:      
[92mINFO [0m:      Received: train message 037e1a9b-021e-441d-bef4-fe46fad74950
[92mINFO [0m:      Sent reply
[92mINFO [0m:      
[92mINFO [0m:      Received: evaluate message 479a7421-a45d-4654-a1e5-0d8be6a6cae7
[92mINFO [0m:      Sent reply
[92mINFO [0m:      
[92mINFO [0m:      Received: train message b0190c25-bf69-4fc6-91c2-b564fe491896
[92mINFO [0m:      Sent reply
[92mINFO [0m:      
[92mINFO [0m:      Received: evaluate message 0b56022c-6272-4ce1-8d6e-5cb80c55be4e
[92mINFO [0m:      Sent reply
[92mINFO [0m:      
[92mINFO [0m:      Received: train message 62e448d7-93ec-4e99-916d-019e7772677c
[92mINFO [0m:      Sent reply
[92mINFO [0m:      
[92mINFO [0m:      Received: evaluate message e97e23ca-9029-496f-ab4b-eb2125fc9303
[92mINFO [0m:      Sent reply
[92mINFO [0m:      
[92mINFO [0m:      Received: train message d954b4fb-d38f-436a-91f1-b18fcc83137f
[92mINFO [0m:      Sent reply
[92mINFO [0m:      
[92mINFO [0m:      Received: evaluate message 9608cb3c-8e67-478c-9565-07de27e4f2bd
[92mINFO [0m:      Sent reply
[92mINFO [0m:      
[92mINFO [0m:      Received: train message 896531a9-dfc8-4ba3-8fe6-8111cbca09f6
[92mINFO [0m:      Sent reply
[92mINFO [0m:      
[92mINFO [0m:      Received: train message 060b5d96-058d-48cc-bef5-8ea256e41d09
[92mINFO [0m:      Sent reply
[92mINFO [0m:      
[92mINFO [0m:      Received: evaluate message b0dd7e23-af84-48ad-9493-22db71a616c7
[92mINFO [0m:      Sent reply
[92mINFO [0m:      
[92mINFO [0m:      Received: train message 8b7f1921-f15e-4f53-81f8-55584372f5fa
[92mINFO [0m:      Sent reply
[92mINFO [0m:      
[92mINFO [0m:      Received: evaluate message 4578af73-38d3-45f2-a327-4c79f20fc1ea
[92mINFO [0m:      Sent reply
[92mINFO [0m:      
[92mINFO [0m:      Received: train message 26476e9a-9f2f-4184-bd92-3589029bcee2
[92mINFO [0m:      Sent reply
[92mINFO [0m:      
[92mINFO [0m:      Received: evaluate message 0c727281-9b34-4ab2-b069-ba4dd8e31ad2
[92mINFO [0m:      Sent reply
[92mINFO [0m:      
[92mINFO [0m:      Received: train message 70434f5e-aef2-4246-b7fd-8138360cf0f2
[92mINFO [0m:      Sent reply
[92mINFO [0m:      
[92mINFO [0m:      Received: evaluate message 60314d6b-6ff9-4d47-ba97-199ada70f468
[92mINFO [0m:      Sent reply
[92mINFO [0m:      
[92mINFO [0m:      Received: train message c01864d8-4e54-4a9e-8f4c-7ce5d5714cda
[92mINFO [0m:      Sent reply
[92mINFO [0m:      
[92mINFO [0m:      Received: train message 4c74fff5-400e-44b5-bbd5-21266baf83c1
[92mINFO [0m:      Sent reply
[92mINFO [0m:      
[92mINFO [0m:      Received: evaluate message f521023d-737c-4994-9ee5-6bbe716bdd52
[92mINFO [0m:      Sent reply
[92mINFO [0m:      
[92mINFO [0m:      Received: train message 499cb161-2ecf-4e6a-872f-80c8a399a95f
[92mINFO [0m:      Sent reply
[92mINFO [0m:      
[92mINFO [0m:      Received: train message 0bcbd7f5-99c3-4b0e-be67-2d696e2430bf
[92mINFO [0m:      Sent reply
[92mINFO [0m:      
[92mINFO [0m:      Received: evaluate message e235b4ea-4c93-4c58-aa65-d2d891c6213b
[92mINFO [0m:      Sent reply
[92mINFO [0m:      
[92mINFO [0m:      Received: train message 5980a1d2-39a7-44da-9759-e36e530e026b
[92mINFO [0m:      Sent reply
[92mINFO [0m:      
[92mINFO [0m:      Received: evaluate message d4cf4452-19b3-403c-beca-19576e6113d8
[92mINFO [0m:      Sent reply
[92mINFO [0m:      
[92mINFO [0m:      Received: train message 752525b2-5eef-4c3a-b8f5-8d6e5d17b469
[92mINFO [0m:      Sent reply
[92mINFO [0m:      
[92mINFO [0m:      Received: train message 805a557f-f65b-4056-93c0-1f142bc2925b
[92mINFO [0m:      Sent reply
[92mINFO [0m:      
[92mINFO [0m:      Received: train message 3913e510-5196-433b-b67f-c8d1e2ac2771
[92mINFO [0m:      Sent reply
[92mINFO [0m:      
[92mINFO [0m:      Received: reconnect message 5d9338dc-6931-4488-86e1-8f8e1a9d1e63
[92mINFO [0m:      Disconnect and shut down
