[93mWARNING [0m:   DEPRECATED FEATURE: flwr.client.start_client() is deprecated.
	Instead, use the `flower-supernode` CLI command to start a SuperNode as shown below:

		$ flower-supernode --insecure --superlink='<IP>:<PORT>'

	To view all available options, run:

		$ flower-supernode --help

	Using `start_client()` is deprecated.

            This is a deprecated feature. It will be removed
            entirely in future versions of Flower.
        
[92mINFO [0m:      
[92mINFO [0m:      Received: evaluate message 7c06c695-4d80-4101-86cc-95fb3b1d5097
[92mINFO [0m:      Sent reply
[92mINFO [0m:      
[92mINFO [0m:      Received: train message 621a4dce-5331-47a7-b1b2-032fb278aabe
[92mINFO [0m:      Sent reply
[92mINFO [0m:      
[92mINFO [0m:      Received: evaluate message 82a1e543-05c3-4367-a689-12c6ef15a55c
[92mINFO [0m:      Sent reply
[92mINFO [0m:      
[92mINFO [0m:      Received: train message 97f56e71-6a73-457a-869d-36c0991894ed
[92mINFO [0m:      Sent reply
[92mINFO [0m:      
[92mINFO [0m:      Received: evaluate message fd7b7c47-5102-4a51-982d-823296c7c991
[92mINFO [0m:      Sent reply
[92mINFO [0m:      
[92mINFO [0m:      Received: train message 9569f686-5acf-4194-b0bf-b4b8fea02c68
[92mINFO [0m:      Sent reply
[92mINFO [0m:      
[92mINFO [0m:      Received: train message 4cb93a12-4819-43d3-ac7c-bcfeb930d732
[92mINFO [0m:      Sent reply
[92mINFO [0m:      
[92mINFO [0m:      Received: evaluate message 6cbc5311-74de-4375-a4b3-b9cbd905d4e1
[92mINFO [0m:      Sent reply
[92mINFO [0m:      
[92mINFO [0m:      Received: train message db4a5144-ddf4-4686-a58c-ce1f43a74d59
[92mINFO [0m:      Sent reply
[92mINFO [0m:      
[92mINFO [0m:      Received: evaluate message ca7c2e0e-3a2d-4129-bd32-b152f0504db6
[92mINFO [0m:      Sent reply
[92mINFO [0m:      
[92mINFO [0m:      Received: train message c6028f8b-2b2f-459d-b4c9-f8439c270fe4
[92mINFO [0m:      Sent reply
[92mINFO [0m:      
[92mINFO [0m:      Received: train message 689f414e-dc24-4325-8582-bd20932f70e7
[92mINFO [0m:      Sent reply
[92mINFO [0m:      
[92mINFO [0m:      Received: train message 6f3cf89c-01b4-4cdf-802e-c6fe67cc3f7c
[92mINFO [0m:      Sent reply
[92mINFO [0m:      
[92mINFO [0m:      Received: evaluate message 26167f15-8d42-48bc-be93-f8ac79362502
[92mINFO [0m:      Sent reply
[92mINFO [0m:      
[92mINFO [0m:      Received: evaluate message 3b1c8b08-84cc-4142-adde-da4d9392f6fa
[92mINFO [0m:      Sent reply
[92mINFO [0m:      
[92mINFO [0m:      Received: train message ac9ba95c-75d5-4886-b7d6-a7a2fa0eb4d1
[92mINFO [0m:      Sent reply
[92mINFO [0m:      
[92mINFO [0m:      Received: train message 56849186-d0c1-4ba0-ad66-b00166003c52
[92mINFO [0m:      Sent reply
[92mINFO [0m:      
[92mINFO [0m:      Received: evaluate message 2c21e131-b284-424a-9992-3be1d413f44c
[92mINFO [0m:      Sent reply
[92mINFO [0m:      
[92mINFO [0m:      Received: evaluate message 82963554-74ca-48af-a9cc-c1c079ff85ed
[92mINFO [0m:      Sent reply
[92mINFO [0m:      
[92mINFO [0m:      Received: train message 99a533ca-a842-4aea-acd4-8647c0e65423
[92mINFO [0m:      Sent reply
[92mINFO [0m:      
[92mINFO [0m:      Received: evaluate message 210e0562-8b2b-4ea8-a5bb-cb1b0dbe0ec2
[92mINFO [0m:      Sent reply
[92mINFO [0m:      
[92mINFO [0m:      Received: train message 6254c121-0fad-4ff5-a188-579c29ad428f
[92mINFO [0m:      Sent reply
[92mINFO [0m:      
[92mINFO [0m:      Received: train message 274cbcd1-334c-4dea-94fe-8a4acd9bf7e1
[92mINFO [0m:      Sent reply
[92mINFO [0m:      
[92mINFO [0m:      Received: evaluate message ff7ac2ab-26be-43ba-b056-452c30b6a718
[92mINFO [0m:      Sent reply
[92mINFO [0m:      
[92mINFO [0m:      Received: train message f158c55f-49c4-4ef0-b8ad-e60c25879694
[92mINFO [0m:      Sent reply
[92mINFO [0m:      
[92mINFO [0m:      Received: train message 7990bdde-a223-4aa7-8ecd-80db4964f5fd
[92mINFO [0m:      Sent reply
[92mINFO [0m:      
[92mINFO [0m:      Received: evaluate message bab5ef59-0b13-4d23-99ff-29e1ee8ee030
[92mINFO [0m:      Sent reply
[92mINFO [0m:      
[92mINFO [0m:      Received: train message acb5eab9-6006-4a5c-a152-f7cf7461a6ac
[92mINFO [0m:      Sent reply
[92mINFO [0m:      
[92mINFO [0m:      Received: train message 3330d5c1-f705-4afa-93bb-6f0c28618cb8
[92mINFO [0m:      Sent reply
[92mINFO [0m:      
[92mINFO [0m:      Received: train message d0c512c0-ccc6-4cdd-92ce-268f659acf26
[92mINFO [0m:      Sent reply
[92mINFO [0m:      
[92mINFO [0m:      Received: evaluate message 5e81ce4b-e49e-4c86-abef-08da5b08a8b6
[92mINFO [0m:      Sent reply
[92mINFO [0m:      
[92mINFO [0m:      Received: train message 219bd76d-9d59-49b8-a9ac-fce9e00100ed
[92mINFO [0m:      Sent reply
[92mINFO [0m:      
[92mINFO [0m:      Received: train message d5398b6a-6850-410d-a0eb-e40e3731bdfa
[92mINFO [0m:      Sent reply
[92mINFO [0m:      
[92mINFO [0m:      Received: evaluate message ba18337c-cc12-4802-ac89-f24aea973880
[92mINFO [0m:      Sent reply
[92mINFO [0m:      
[92mINFO [0m:      Received: evaluate message a4482773-d12e-49a5-93ca-7690ed437a87
[92mINFO [0m:      Sent reply
[92mINFO [0m:      
[92mINFO [0m:      Received: evaluate message 15cb2bae-1575-4947-b3fa-2dd571279d5e
[92mINFO [0m:      Sent reply
[92mINFO [0m:      
[92mINFO [0m:      Received: train message 27603af6-d408-4daf-ac72-b5d5096d3309
[92mINFO [0m:      Sent reply
[92mINFO [0m:      
[92mINFO [0m:      Received: evaluate message be8fcebd-29de-444a-ac64-e9ce32236c0a
[92mINFO [0m:      Sent reply
[92mINFO [0m:      
[92mINFO [0m:      Received: train message 3437c739-38f0-4868-9c27-2441e4c487ca
[92mINFO [0m:      Sent reply
[92mINFO [0m:      
[92mINFO [0m:      Received: train message b7ea87b3-19e1-4ae5-ad89-eed7950b61e0
[92mINFO [0m:      Sent reply
[92mINFO [0m:      
[92mINFO [0m:      Received: evaluate message ceb33801-717b-4b83-93a4-5b8271b10c9b
[92mINFO [0m:      Sent reply
[92mINFO [0m:      
[92mINFO [0m:      Received: train message aec34312-770c-4f73-80e0-f39117b30f6c
[92mINFO [0m:      Sent reply
[92mINFO [0m:      
[92mINFO [0m:      Received: evaluate message 7c197d14-2b08-46a5-b7b1-c9c319d1f46f
[92mINFO [0m:      Sent reply
[92mINFO [0m:      
[92mINFO [0m:      Received: evaluate message 5c0aeac5-eb81-480d-862b-4fdc1a26bdcc
[92mINFO [0m:      Sent reply
[92mINFO [0m:      
[92mINFO [0m:      Received: evaluate message e39f5cff-1d33-4c41-9d6f-ab75cca67ca1
[92mINFO [0m:      Sent reply
[92mINFO [0m:      
[92mINFO [0m:      Received: evaluate message 67834e73-c919-4f80-ab27-9c0c0fa2d89a
[92mINFO [0m:      Sent reply
[92mINFO [0m:      
[92mINFO [0m:      Received: train message 4add5947-baff-4fcd-bb53-e4ed4963c89d
[92mINFO [0m:      Sent reply
[92mINFO [0m:      
[92mINFO [0m:      Received: evaluate message 48121c81-eb49-4dbc-be42-98fdf20891d0
[92mINFO [0m:      Sent reply
[92mINFO [0m:      
[92mINFO [0m:      Received: train message a4f14f58-7d41-4730-a65b-ecced9cbed88
[92mINFO [0m:      Sent reply
[92mINFO [0m:      
[92mINFO [0m:      Received: train message 0f0aa42a-72bd-4a45-bbbe-e4f873312811
[92mINFO [0m:      Sent reply
[92mINFO [0m:      
[92mINFO [0m:      Received: train message 140770a7-93e3-410a-8f33-8cb68b8dca38
[92mINFO [0m:      Sent reply
[92mINFO [0m:      
[92mINFO [0m:      Received: train message c398b753-2914-4d56-8051-ceac58ebe252
[92mINFO [0m:      Sent reply
[92mINFO [0m:      
[92mINFO [0m:      Received: train message 35627f45-6916-4e2a-b160-22d82711d369
[92mINFO [0m:      Sent reply
[92mINFO [0m:      
[92mINFO [0m:      Received: evaluate message cd372c70-8f74-42f8-a3a9-6a1e78d890ee
[92mINFO [0m:      Sent reply
[92mINFO [0m:      
[92mINFO [0m:      Received: train message e845252c-97fe-485c-856e-c78e63fccf68
[92mINFO [0m:      Sent reply
[92mINFO [0m:      
[92mINFO [0m:      Received: evaluate message 78c9ca1d-d4e9-4806-87ee-870f9f9eaefb
[92mINFO [0m:      Sent reply
[92mINFO [0m:      
[92mINFO [0m:      Received: evaluate message 849f29ad-b9ff-41a7-965e-e29dbd4f18ee
[92mINFO [0m:      Sent reply
[92mINFO [0m:      
[92mINFO [0m:      Received: evaluate message 8f089df4-387e-4f19-8bc1-bd6f7f1bb246
[92mINFO [0m:      Sent reply
[92mINFO [0m:      
[92mINFO [0m:      Received: evaluate message 2aa98ff3-5d31-457e-b281-33a33d28b29f
[92mINFO [0m:      Sent reply
[92mINFO [0m:      
[92mINFO [0m:      Received: evaluate message 39e20ab9-061b-457b-a4f6-08545b7ef35e
[92mINFO [0m:      Sent reply
[92mINFO [0m:      
[92mINFO [0m:      Received: evaluate message 141c6b75-91f2-42a0-8547-d023cddd8a2d
[92mINFO [0m:      Sent reply
[92mINFO [0m:      
[92mINFO [0m:      Received: evaluate message be1c20dc-569d-48f3-97af-63d0d43e6adc
[92mINFO [0m:      Sent reply
[92mINFO [0m:      
[92mINFO [0m:      Received: evaluate message f73e9058-e2ca-446c-ac5d-b1489e07e5c3
[92mINFO [0m:      Sent reply
[92mINFO [0m:      
[92mINFO [0m:      Received: train message a3e3c3f4-1aca-41f1-8797-c78d09bf6797
[92mINFO [0m:      Sent reply
[92mINFO [0m:      
[92mINFO [0m:      Received: train message 62004849-19dc-4d78-8313-4a52baa4b99c
[92mINFO [0m:      Sent reply
[92mINFO [0m:      
[92mINFO [0m:      Received: train message c4de5eac-d41a-4023-a191-255256eb97bd
[92mINFO [0m:      Sent reply
[92mINFO [0m:      
[92mINFO [0m:      Received: train message 060cbedb-9a17-4942-b31c-f3c3c7975e20
[92mINFO [0m:      Sent reply
[92mINFO [0m:      
[92mINFO [0m:      Received: evaluate message 1a983a34-c0da-46ab-bef3-fddef18f6d59
[92mINFO [0m:      Sent reply
[92mINFO [0m:      
[92mINFO [0m:      Received: evaluate message a40a447d-695e-42a7-b7a2-e579b0a6f694
[92mINFO [0m:      Sent reply
[92mINFO [0m:      
[92mINFO [0m:      Received: train message 669834ec-3238-4c24-bd1a-ab0f433f8d36
[92mINFO [0m:      Sent reply
[92mINFO [0m:      
[92mINFO [0m:      Received: evaluate message 1bcf93d3-f4f0-4fcf-98d7-53374b28e256
[92mINFO [0m:      Sent reply
[92mINFO [0m:      
[92mINFO [0m:      Received: train message 2ce6283c-25f0-4e39-8483-a7f6d6b140e9
[92mINFO [0m:      Sent reply
[92mINFO [0m:      
[92mINFO [0m:      Received: evaluate message 7c4ea2e8-605d-4e9a-8554-6d888fabf2dc
[92mINFO [0m:      Sent reply
[92mINFO [0m:      
[92mINFO [0m:      Received: train message 0f272198-f415-443a-8bbd-f2b32a7c5111
[92mINFO [0m:      Sent reply
[92mINFO [0m:      
[92mINFO [0m:      Received: evaluate message d597002f-b362-424c-9d44-2fb25d2f2b53
[92mINFO [0m:      Sent reply
[92mINFO [0m:      
[92mINFO [0m:      Received: train message 6fddaa7a-3b7c-4fe6-8b07-f1305da76703
[92mINFO [0m:      Sent reply
[92mINFO [0m:      
[92mINFO [0m:      Received: evaluate message 8e15181e-00bf-48f4-850e-82751dba6408
[92mINFO [0m:      Sent reply
[92mINFO [0m:      
[92mINFO [0m:      Received: train message 8f4a9377-b671-4f02-b087-ab687b9e5157
[92mINFO [0m:      Sent reply
[92mINFO [0m:      
[92mINFO [0m:      Received: train message a119115d-d6b2-482e-8494-22a55c5657ce
[92mINFO [0m:      Sent reply
[92mINFO [0m:      
[92mINFO [0m:      Received: evaluate message 01b29a5d-52f7-41b6-8570-b7107d7d2b99
[92mINFO [0m:      Sent reply
[92mINFO [0m:      
[92mINFO [0m:      Received: train message 814d473a-87f7-498f-a64e-47b73d2ffcac
[92mINFO [0m:      Sent reply
[92mINFO [0m:      
[92mINFO [0m:      Received: train message 487faa66-f936-4f46-b0bc-4878397c7c23
[92mINFO [0m:      Sent reply
[92mINFO [0m:      
[92mINFO [0m:      Received: evaluate message 87b63e0c-6b16-4027-809a-159bcd9bc19e
[92mINFO [0m:      Sent reply
[92mINFO [0m:      
[92mINFO [0m:      Received: train message c648a946-7087-433b-8e43-0656b52fd68e
[92mINFO [0m:      Sent reply
[92mINFO [0m:      
[92mINFO [0m:      Received: evaluate message 3deb94e6-26ec-4a28-bdb6-6dfd6a18081e
[92mINFO [0m:      Sent reply
[92mINFO [0m:      
[92mINFO [0m:      Received: train message e343d5a6-0ec1-415e-ba5b-b9f52cc9a7f4
[92mINFO [0m:      Sent reply
[92mINFO [0m:      
[92mINFO [0m:      Received: train message ab1177f9-1181-45ea-b19b-f06a12a2e840
[92mINFO [0m:      Sent reply
[92mINFO [0m:      
[92mINFO [0m:      Received: evaluate message 0f0cd4fb-b58a-47f3-abe4-fa71fb22c33d
[92mINFO [0m:      Sent reply
[92mINFO [0m:      
[92mINFO [0m:      Received: train message 3c223973-15ce-4677-8d92-b423f5753f5f
[92mINFO [0m:      Sent reply
[92mINFO [0m:      
[92mINFO [0m:      Received: evaluate message 634aa873-99be-48c4-ab5b-6ca3426f9448
[92mINFO [0m:      Sent reply
[92mINFO [0m:      
[92mINFO [0m:      Received: evaluate message 00bdfc34-f62a-4643-b849-6ddb26358478
[92mINFO [0m:      Sent reply
[92mINFO [0m:      
[92mINFO [0m:      Received: train message 1bb3c539-6bce-4364-8dda-c3c6083f3060
[92mINFO [0m:      Sent reply
[92mINFO [0m:      
[92mINFO [0m:      Received: train message ed9fdcd7-d047-4e0a-8031-cc852b6fe299
[92mINFO [0m:      Sent reply
[92mINFO [0m:      
[92mINFO [0m:      Received: evaluate message e6413246-e3e9-4257-94f0-051560a2f0b2
[92mINFO [0m:      Sent reply
[92mINFO [0m:      
[92mINFO [0m:      Received: train message 63e06da7-0673-44d8-9a49-d7d03c501115
[92mINFO [0m:      Sent reply
[92mINFO [0m:      
[92mINFO [0m:      Received: evaluate message f2721da4-a607-4990-b62c-d6c78172d2a4
[92mINFO [0m:      Sent reply
[92mINFO [0m:      
[92mINFO [0m:      Received: evaluate message e6d0595d-e2fb-4ef0-9641-e6122c6406a1
[92mINFO [0m:      Sent reply
[92mINFO [0m:      
[92mINFO [0m:      Received: train message f421245d-cfda-46b6-9c8a-74ab033d9881
[92mINFO [0m:      Sent reply
[92mINFO [0m:      
[92mINFO [0m:      Received: evaluate message 452e1f79-53d9-45fe-a03f-efa66061880b
[92mINFO [0m:      Sent reply
[92mINFO [0m:      
[92mINFO [0m:      Received: train message 26939522-0cb6-47a8-a576-af44fa7af23e
[92mINFO [0m:      Sent reply
[92mINFO [0m:      
[92mINFO [0m:      Received: evaluate message 5e4291d6-5c6f-42fe-b6ed-68f2d4ef69c1
[92mINFO [0m:      Sent reply
[92mINFO [0m:      
[92mINFO [0m:      Received: train message 3beaca3c-405b-4f56-98ae-37f8fcc80f87
[92mINFO [0m:      Sent reply
[92mINFO [0m:      
[92mINFO [0m:      Received: evaluate message 2c3d0e45-44df-4bf9-8daa-f2ebf3318e07
[92mINFO [0m:      Sent reply
[92mINFO [0m:      
[92mINFO [0m:      Received: train message 240aef12-bcf6-4fc2-949e-28369bb99fa1
[92mINFO [0m:      Sent reply
[92mINFO [0m:      
[92mINFO [0m:      Received: evaluate message dd83dc4b-8992-4f9b-a31b-7693cd382844
[92mINFO [0m:      Sent reply
[92mINFO [0m:      
[92mINFO [0m:      Received: evaluate message 719477b6-0d80-4def-a450-a7f9ce15450d
[92mINFO [0m:      Sent reply
[92mINFO [0m:      
[92mINFO [0m:      Received: train message 26d49ad0-422e-4460-94a7-4a4d5f00f8fb
[92mINFO [0m:      Sent reply
[92mINFO [0m:      
[92mINFO [0m:      Received: train message 845bca71-b4a9-40e0-adab-41b217addbf6
[92mINFO [0m:      Sent reply
[92mINFO [0m:      
[92mINFO [0m:      Received: evaluate message 7dca4a6e-d42d-43cd-b30a-ef6d20578c85
[92mINFO [0m:      Sent reply
[92mINFO [0m:      
[92mINFO [0m:      Received: evaluate message 65143926-9c97-45b8-826a-01db05ed3700
[92mINFO [0m:      Sent reply
[92mINFO [0m:      
[92mINFO [0m:      Received: evaluate message b1062729-7a86-42c1-8e48-c25cc4d87701
[92mINFO [0m:      Sent reply
[92mINFO [0m:      
[92mINFO [0m:      Received: evaluate message 3c70338b-a7ae-45a7-ae90-5397e63ba896
[92mINFO [0m:      Sent reply
[92mINFO [0m:      
[92mINFO [0m:      Received: train message b89ff1d9-19d5-4ebf-84c2-57cf1ae05e18
[92mINFO [0m:      Sent reply
[92mINFO [0m:      
[92mINFO [0m:      Received: train message 46c05c0e-c461-4f91-9509-978fbe1d1cb6
[92mINFO [0m:      Sent reply
[92mINFO [0m:      
[92mINFO [0m:      Received: evaluate message 0155cc9f-2df5-4f2c-8d05-f089a2208883
[92mINFO [0m:      Sent reply
[92mINFO [0m:      
[92mINFO [0m:      Received: train message 36dc329c-df84-436d-8825-e4985c9b4721
[92mINFO [0m:      Sent reply
[92mINFO [0m:      
[92mINFO [0m:      Received: evaluate message 6ad36f0a-17ab-4367-a8a0-0f8c4475d6fb
[92mINFO [0m:      Sent reply
[92mINFO [0m:      
[92mINFO [0m:      Received: evaluate message 0c227001-0ffa-49a0-94fe-5f4873c7438c
[92mINFO [0m:      Sent reply
[92mINFO [0m:      
[92mINFO [0m:      Received: train message bb7ea4ab-10e0-42d0-a253-72ded53c9efa
[92mINFO [0m:      Sent reply
[92mINFO [0m:      
[92mINFO [0m:      Received: train message 04285954-908f-4aa4-a859-d21ac82237cb
[92mINFO [0m:      Sent reply
[92mINFO [0m:      
[92mINFO [0m:      Received: evaluate message 454252fe-b6e2-4655-a4e0-d3740bdc827f
[92mINFO [0m:      Sent reply
[92mINFO [0m:      
[92mINFO [0m:      Received: train message af6d9408-44aa-4532-aaea-54e40be835bd
[92mINFO [0m:      Sent reply
[92mINFO [0m:      
[92mINFO [0m:      Received: train message b0cd5bd6-20da-4d37-b062-89eb2c487334
[92mINFO [0m:      Sent reply
[92mINFO [0m:      
[92mINFO [0m:      Received: evaluate message 124b6cce-5b9c-4744-9d6d-b085b9fa83b7
[92mINFO [0m:      Sent reply
[92mINFO [0m:      
[92mINFO [0m:      Received: train message d2497dcb-bbd2-42e4-9b9b-d92faae6205b
[92mINFO [0m:      Sent reply
[92mINFO [0m:      
[92mINFO [0m:      Received: train message 5880cb5d-fd09-4de2-b9e9-b9c130ea7989
[92mINFO [0m:      Sent reply
[92mINFO [0m:      
[92mINFO [0m:      Received: evaluate message 2e3b642a-0982-4e62-b30b-7acaedadb97d
[92mINFO [0m:      Sent reply
[92mINFO [0m:      
[92mINFO [0m:      Received: evaluate message 8ae6beb2-3845-47e1-a7d0-08a098a1c3a3
[92mINFO [0m:      Sent reply
[92mINFO [0m:      
[92mINFO [0m:      Received: train message 86fdf8f8-3fc3-4fd6-9ab5-4bd067fd079c
[92mINFO [0m:      Sent reply
[92mINFO [0m:      
[92mINFO [0m:      Received: evaluate message 1ddee7ef-589a-40c3-9ec1-35128e6b7705
[92mINFO [0m:      Sent reply
[92mINFO [0m:      
[92mINFO [0m:      Received: reconnect message 3f4ddb1b-3e4b-46a5-a61e-a37785db0595
[92mINFO [0m:      Disconnect and shut down
