[93mWARNING [0m:   DEPRECATED FEATURE: flwr.client.start_client() is deprecated.
	Instead, use the `flower-supernode` CLI command to start a SuperNode as shown below:

		$ flower-supernode --insecure --superlink='<IP>:<PORT>'

	To view all available options, run:

		$ flower-supernode --help

	Using `start_client()` is deprecated.

            This is a deprecated feature. It will be removed
            entirely in future versions of Flower.
        
[92mINFO [0m:      
[92mINFO [0m:      Received: evaluate message 9ec6dff9-af1b-48e0-b7c8-b890eb7ad4d2
[92mINFO [0m:      Sent reply
[92mINFO [0m:      
[92mINFO [0m:      Received: evaluate message 2400abb3-0ef0-4ed3-9cbb-a33835c3e6b4
[92mINFO [0m:      Sent reply
[92mINFO [0m:      
[92mINFO [0m:      Received: train message f96d1519-f171-4ebc-ad27-8e1f91eef885
[92mINFO [0m:      Sent reply
[92mINFO [0m:      
[92mINFO [0m:      Received: evaluate message 384631e8-2051-4a05-8976-5428c4129e58
[92mINFO [0m:      Sent reply
[92mINFO [0m:      
[92mINFO [0m:      Received: evaluate message 7f5ad682-0f7a-47a0-ae02-6aaa83d53f44
[92mINFO [0m:      Sent reply
[92mINFO [0m:      
[92mINFO [0m:      Received: train message c5ecb24b-40e9-4bb5-9658-e8857663ad20
[92mINFO [0m:      Sent reply
[92mINFO [0m:      
[92mINFO [0m:      Received: evaluate message 206a43ff-ad78-47e8-8113-2282d902e205
[92mINFO [0m:      Sent reply
[92mINFO [0m:      
[92mINFO [0m:      Received: evaluate message 74ce1b5e-4eea-4c74-9e8b-2a7911a8ec40
[92mINFO [0m:      Sent reply
[92mINFO [0m:      
[92mINFO [0m:      Received: evaluate message edc130b9-4dbe-477c-879c-0e00d4109662
[92mINFO [0m:      Sent reply
[92mINFO [0m:      
[92mINFO [0m:      Received: train message 4152caba-d88c-4466-9af5-d859421245d1
[92mINFO [0m:      Sent reply
[92mINFO [0m:      
[92mINFO [0m:      Received: evaluate message 0cb7c898-bb59-4c00-9c30-1b8f610d773d
[92mINFO [0m:      Sent reply
[92mINFO [0m:      
[92mINFO [0m:      Received: train message a938d9e5-1be9-48d0-82c7-05a0f50b73e3
[92mINFO [0m:      Sent reply
[92mINFO [0m:      
[92mINFO [0m:      Received: evaluate message bb69a670-21a8-4262-a698-86cae97cedca
[92mINFO [0m:      Sent reply
[92mINFO [0m:      
[92mINFO [0m:      Received: train message de44b9d7-0140-49c5-8b81-b17815b51183
[92mINFO [0m:      Sent reply
[92mINFO [0m:      
[92mINFO [0m:      Received: evaluate message b262cdf6-d8f5-499d-a1bb-7a974aeedf26
[92mINFO [0m:      Sent reply
[92mINFO [0m:      
[92mINFO [0m:      Received: evaluate message 6a5ef9c7-2c2e-43b5-b7e2-147767f55603
[92mINFO [0m:      Sent reply
[92mINFO [0m:      
[92mINFO [0m:      Received: train message 3e2f4e42-0e7f-47c7-97b9-5fa6651bb6e3
[92mINFO [0m:      Sent reply
[92mINFO [0m:      
[92mINFO [0m:      Received: evaluate message 2bac539d-4773-4113-b70a-87cde133f310
[92mINFO [0m:      Sent reply
[92mINFO [0m:      
[92mINFO [0m:      Received: evaluate message 25eebffb-f923-41b8-ac88-169b160bb60e
[92mINFO [0m:      Sent reply
[92mINFO [0m:      
[92mINFO [0m:      Received: evaluate message 21cadc5b-0cbd-43e9-bf2f-2aee8e429ddf
[92mINFO [0m:      Sent reply
[92mINFO [0m:      
[92mINFO [0m:      Received: train message f6ee9257-2237-4b1c-83ff-4bc7054adba0
[92mINFO [0m:      Sent reply
[92mINFO [0m:      
[92mINFO [0m:      Received: evaluate message 8db9bd7d-8db6-49d7-93b7-c0d09215a37e
[92mINFO [0m:      Sent reply
[92mINFO [0m:      
[92mINFO [0m:      Received: train message 2cd31019-5193-4a54-98ea-f8c07ab00e80
[92mINFO [0m:      Sent reply
[92mINFO [0m:      
[92mINFO [0m:      Received: evaluate message c200caa6-7da8-44fe-92c5-7fbe6bc5e54c
[92mINFO [0m:      Sent reply
[92mINFO [0m:      
[92mINFO [0m:      Received: evaluate message 3b3e17e4-8893-4e43-8c92-de746420ea3f
[92mINFO [0m:      Sent reply
[92mINFO [0m:      
[92mINFO [0m:      Received: train message 35af9818-94fc-4443-b1d2-26553dc1428a
[92mINFO [0m:      Sent reply
[92mINFO [0m:      
[92mINFO [0m:      Received: train message ae046014-d0c3-457e-aad6-ef827784769b
[92mINFO [0m:      Sent reply
[92mINFO [0m:      
[92mINFO [0m:      Received: evaluate message 2a93937d-6527-4d8e-85a8-9b375a8bdd02
[92mINFO [0m:      Sent reply
[92mINFO [0m:      
[92mINFO [0m:      Received: train message d28d5caa-a57e-4733-b094-389ec0f0f6d2
[92mINFO [0m:      Sent reply
[92mINFO [0m:      
[92mINFO [0m:      Received: evaluate message 360ba5c5-72b2-476b-8190-67e61ebe98e1
[92mINFO [0m:      Sent reply
[92mINFO [0m:      
[92mINFO [0m:      Received: evaluate message e3295d67-2f55-448d-9463-6a58ec21165d
[92mINFO [0m:      Sent reply
[92mINFO [0m:      
[92mINFO [0m:      Received: evaluate message bb2dd2c6-a289-4a6f-a048-b3cdd0a48b8a
[92mINFO [0m:      Sent reply
[92mINFO [0m:      
[92mINFO [0m:      Received: evaluate message fe7fa172-5c4c-4bad-bd58-184f744a9d06
[92mINFO [0m:      Sent reply
[92mINFO [0m:      
[92mINFO [0m:      Received: train message 9f052df8-ad56-4576-80ca-834a34d38681
[92mINFO [0m:      Sent reply
[92mINFO [0m:      
[92mINFO [0m:      Received: train message faa8d3cd-3af9-4d22-bc71-5c12c44b5421
[92mINFO [0m:      Sent reply
[92mINFO [0m:      
[92mINFO [0m:      Received: evaluate message 69a982cf-cf24-4550-8390-c854d9e50f26
[92mINFO [0m:      Sent reply
[92mINFO [0m:      
[92mINFO [0m:      Received: train message dc2e1031-abf3-4ee5-8b36-51bc1c67c941
[92mINFO [0m:      Sent reply
[92mINFO [0m:      
[92mINFO [0m:      Received: train message a4ce842f-a3ca-4767-8b6a-fbda01d4f6f7
[92mINFO [0m:      Sent reply
[92mINFO [0m:      
[92mINFO [0m:      Received: train message ecb12503-e2b4-43df-934a-41a595cbf99e
[92mINFO [0m:      Sent reply
[92mINFO [0m:      
[92mINFO [0m:      Received: evaluate message 076ad6db-ba8d-45d7-b022-4c8063f33b33
[92mINFO [0m:      Sent reply
[92mINFO [0m:      
[92mINFO [0m:      Received: train message 184c4d08-f9d9-4863-b369-e3a051dec352
[92mINFO [0m:      Sent reply
[92mINFO [0m:      
[92mINFO [0m:      Received: evaluate message 832cec73-d03b-4237-aedd-bb2dac7ff071
[92mINFO [0m:      Sent reply
[92mINFO [0m:      
[92mINFO [0m:      Received: evaluate message 13ee7623-fcf0-49f1-85b8-51f4c7c47b82
[92mINFO [0m:      Sent reply
[92mINFO [0m:      
[92mINFO [0m:      Received: evaluate message 29247afe-6110-496c-b6c3-6356f52a410f
[92mINFO [0m:      Sent reply
[92mINFO [0m:      
[92mINFO [0m:      Received: train message 6a1666f9-d794-44b9-81f5-d0fc2820d708
[92mINFO [0m:      Sent reply
[92mINFO [0m:      
[92mINFO [0m:      Received: train message 7333e2bb-d5cb-4e73-ba10-958b0f004455
[92mINFO [0m:      Sent reply
[92mINFO [0m:      
[92mINFO [0m:      Received: evaluate message 86cf0935-f48a-4413-9956-a40e1b2c02a8
[92mINFO [0m:      Sent reply
[92mINFO [0m:      
[92mINFO [0m:      Received: train message 4dacf427-1d0e-434f-b071-b0447b07273d
[92mINFO [0m:      Sent reply
[92mINFO [0m:      
[92mINFO [0m:      Received: evaluate message bfd76cd0-7521-4d93-9dee-a56512109b3f
[92mINFO [0m:      Sent reply
[92mINFO [0m:      
[92mINFO [0m:      Received: train message 21654018-1ebe-45a6-a508-4fa73757cbd8
[92mINFO [0m:      Sent reply
[92mINFO [0m:      
[92mINFO [0m:      Received: train message 1de435da-5e63-4de0-b228-fed1314beda5
[92mINFO [0m:      Sent reply
[92mINFO [0m:      
[92mINFO [0m:      Received: evaluate message 63fef908-729d-428c-8e51-1ff96492f2af
[92mINFO [0m:      Sent reply
[92mINFO [0m:      
[92mINFO [0m:      Received: train message 9879810e-df96-4958-ac68-16e1a0532f6e
[92mINFO [0m:      Sent reply
[92mINFO [0m:      
[92mINFO [0m:      Received: evaluate message 79f97191-78cd-470f-8ab4-bbe47616c3ab
[92mINFO [0m:      Sent reply
[92mINFO [0m:      
[92mINFO [0m:      Received: train message c503efc7-02ba-49fe-8846-e654d4e4fef7
[92mINFO [0m:      Sent reply
[92mINFO [0m:      
[92mINFO [0m:      Received: train message b621b2c9-8a37-44a6-8999-7f57ddc47d7c
[92mINFO [0m:      Sent reply
[92mINFO [0m:      
[92mINFO [0m:      Received: train message 34bde0b4-1005-45d5-84e3-072421cb5239
[92mINFO [0m:      Sent reply
[92mINFO [0m:      
[92mINFO [0m:      Received: evaluate message 8c354be2-4a04-4127-85b1-1fc95496fef5
[92mINFO [0m:      Sent reply
[92mINFO [0m:      
[92mINFO [0m:      Received: train message 9c4b9ccc-9cf7-45d3-880e-ed046aa743f3
[92mINFO [0m:      Sent reply
[92mINFO [0m:      
[92mINFO [0m:      Received: evaluate message 60b796bb-5e8f-4982-b9bf-2cca1b412242
[92mINFO [0m:      Sent reply
[92mINFO [0m:      
[92mINFO [0m:      Received: train message f7b55ec4-0783-40c6-9142-940c6614e926
[92mINFO [0m:      Sent reply
[92mINFO [0m:      
[92mINFO [0m:      Received: train message a70bed32-3ad9-4783-b54e-b8565b2e4ae8
[92mINFO [0m:      Sent reply
[92mINFO [0m:      
[92mINFO [0m:      Received: evaluate message 4b5a4731-ad86-4144-b188-5f40a33b5c5c
[92mINFO [0m:      Sent reply
[92mINFO [0m:      
[92mINFO [0m:      Received: evaluate message 360d2f3a-c592-478f-93af-bde38bf331c4
[92mINFO [0m:      Sent reply
[92mINFO [0m:      
[92mINFO [0m:      Received: evaluate message ed45f159-34dd-40f2-a91a-1e6b4477958e
[92mINFO [0m:      Sent reply
[92mINFO [0m:      
[92mINFO [0m:      Received: evaluate message 1f08c3d5-72ff-4dfa-bb52-a9f1df7848ad
[92mINFO [0m:      Sent reply
[92mINFO [0m:      
[92mINFO [0m:      Received: train message b488475d-0691-473b-9dde-fd1f34b1655e
[92mINFO [0m:      Sent reply
[92mINFO [0m:      
[92mINFO [0m:      Received: train message a7014804-d718-4d3a-94bc-7c25077e74bc
[92mINFO [0m:      Sent reply
[92mINFO [0m:      
[92mINFO [0m:      Received: evaluate message 41f3262d-7e30-46ea-bcaa-ed5d5767f65d
[92mINFO [0m:      Sent reply
[92mINFO [0m:      
[92mINFO [0m:      Received: train message 0ab3439f-31ad-4df9-aeb1-42964979eccc
[92mINFO [0m:      Sent reply
[92mINFO [0m:      
[92mINFO [0m:      Received: evaluate message f10a36d8-1ecc-40dd-9b35-e80dea4c49d8
[92mINFO [0m:      Sent reply
[92mINFO [0m:      
[92mINFO [0m:      Received: train message 3e52cb4b-1ed3-4bf6-9785-103859dcf033
[92mINFO [0m:      Sent reply
[92mINFO [0m:      
[92mINFO [0m:      Received: train message 9ef45ade-77b8-4c80-b3da-25fb15711693
[92mINFO [0m:      Sent reply
[92mINFO [0m:      
[92mINFO [0m:      Received: evaluate message 4826fadb-5e75-49a6-aadc-d270e138b4f6
[92mINFO [0m:      Sent reply
[92mINFO [0m:      
[92mINFO [0m:      Received: evaluate message 4fee682d-9bbc-4b15-a477-67f6be3387b8
[92mINFO [0m:      Sent reply
[92mINFO [0m:      
[92mINFO [0m:      Received: evaluate message 2ae98b07-62c7-44ff-b901-543f47c7e5bd
[92mINFO [0m:      Sent reply
[92mINFO [0m:      
[92mINFO [0m:      Received: train message b3e95f46-631a-4e59-a156-d09589f70bcd
[92mINFO [0m:      Sent reply
[92mINFO [0m:      
[92mINFO [0m:      Received: train message 60306ded-122e-4b97-b2dc-f91b507e3fcf
[92mINFO [0m:      Sent reply
[92mINFO [0m:      
[92mINFO [0m:      Received: train message 4e1e7c69-af7e-4ded-a2a2-385299ff5af0
[92mINFO [0m:      Sent reply
[92mINFO [0m:      
[92mINFO [0m:      Received: evaluate message 1fd199b3-76a4-464f-8473-d20dac239e89
[92mINFO [0m:      Sent reply
[92mINFO [0m:      
[92mINFO [0m:      Received: evaluate message 37378923-1f24-4879-8f0c-1676e9c44a65
[92mINFO [0m:      Sent reply
[92mINFO [0m:      
[92mINFO [0m:      Received: evaluate message 209364db-50aa-49c5-b30a-7ecea59cd6af
[92mINFO [0m:      Sent reply
[92mINFO [0m:      
[92mINFO [0m:      Received: train message d4cd2e97-de9e-4ef7-9ba9-8d767c39e044
[92mINFO [0m:      Sent reply
[92mINFO [0m:      
[92mINFO [0m:      Received: train message d5353d56-2ccc-4b4c-a1a8-177365c7c10b
[92mINFO [0m:      Sent reply
[92mINFO [0m:      
[92mINFO [0m:      Received: evaluate message 5cdb404a-3fee-4825-b531-58a9e12bdc87
[92mINFO [0m:      Sent reply
[92mINFO [0m:      
[92mINFO [0m:      Received: train message e268f32a-323d-4b9d-8030-a8d8294d34b1
[92mINFO [0m:      Sent reply
[92mINFO [0m:      
[92mINFO [0m:      Received: evaluate message 7115f366-e085-4283-8f18-7a5bc3654603
[92mINFO [0m:      Sent reply
[92mINFO [0m:      
[92mINFO [0m:      Received: evaluate message 02ff522b-b289-45c1-b117-b7db8c8bac51
[92mINFO [0m:      Sent reply
[92mINFO [0m:      
[92mINFO [0m:      Received: evaluate message c397d5bd-25fd-4a89-9c21-857aead36c77
[92mINFO [0m:      Sent reply
[92mINFO [0m:      
[92mINFO [0m:      Received: train message 49a147fe-0731-4e9d-a643-f0df35d9f95c
[92mINFO [0m:      Sent reply
[92mINFO [0m:      
[92mINFO [0m:      Received: train message feb14849-ea48-4070-ad99-c17feeffd613
[92mINFO [0m:      Sent reply
[92mINFO [0m:      
[92mINFO [0m:      Received: train message 238b32c4-464b-40e5-9946-52758681640d
[92mINFO [0m:      Sent reply
[92mINFO [0m:      
[92mINFO [0m:      Received: evaluate message b9338f56-fa13-49f2-99d3-17d151889f49
[92mINFO [0m:      Sent reply
[92mINFO [0m:      
[92mINFO [0m:      Received: evaluate message d998735b-8038-4d27-aca1-74a533c4ea9b
[92mINFO [0m:      Sent reply
[92mINFO [0m:      
[92mINFO [0m:      Received: evaluate message 2d6d5293-ac34-411b-a6ca-4de728782147
[92mINFO [0m:      Sent reply
[92mINFO [0m:      
[92mINFO [0m:      Received: evaluate message 30c32294-1fd3-456c-baa2-8b3ecf1928d3
[92mINFO [0m:      Sent reply
[92mINFO [0m:      
[92mINFO [0m:      Received: train message 0f7879bf-5bba-463d-b2a3-27a12d2ff49d
[92mINFO [0m:      Sent reply
[92mINFO [0m:      
[92mINFO [0m:      Received: train message 9dcbdb1b-4dd9-4ed9-90d1-865649d686b2
[92mINFO [0m:      Sent reply
[92mINFO [0m:      
[92mINFO [0m:      Received: evaluate message 5c3eaebf-9d29-4000-a6af-76d0944ff46a
[92mINFO [0m:      Sent reply
[92mINFO [0m:      
[92mINFO [0m:      Received: evaluate message 4ee58a4f-e78e-43f7-a4d1-f4f0456fb559
[92mINFO [0m:      Sent reply
[92mINFO [0m:      
[92mINFO [0m:      Received: evaluate message c7afaaa9-d65e-4b33-9374-91b2ea60ab8c
[92mINFO [0m:      Sent reply
[92mINFO [0m:      
[92mINFO [0m:      Received: evaluate message 824ddf65-c59c-4b2d-b5c3-7573694ad530
[92mINFO [0m:      Sent reply
[92mINFO [0m:      
[92mINFO [0m:      Received: evaluate message fe187d97-7357-4656-9f35-36b336dcce45
[92mINFO [0m:      Sent reply
[92mINFO [0m:      
[92mINFO [0m:      Received: reconnect message 2eddc6f2-feca-480f-a0f2-687af5483e7e
[92mINFO [0m:      Disconnect and shut down
