[93mWARNING [0m:   DEPRECATED FEATURE: flwr.client.start_client() is deprecated.
	Instead, use the `flower-supernode` CLI command to start a SuperNode as shown below:

		$ flower-supernode --insecure --superlink='<IP>:<PORT>'

	To view all available options, run:

		$ flower-supernode --help

	Using `start_client()` is deprecated.

            This is a deprecated feature. It will be removed
            entirely in future versions of Flower.
        
[92mINFO [0m:      
[92mINFO [0m:      Received: train message 31959b1b-c09d-4bab-8768-c79f0d4b97be
[92mINFO [0m:      Sent reply
[92mINFO [0m:      
[92mINFO [0m:      Received: train message 743ba093-d8a1-438f-8907-f50d4db548f7
[92mINFO [0m:      Sent reply
[92mINFO [0m:      
[92mINFO [0m:      Received: train message 161c0d68-cbec-4790-aaa5-5208b6fb5628
[92mINFO [0m:      Sent reply
[92mINFO [0m:      
[92mINFO [0m:      Received: evaluate message c9c0f789-f1eb-4f66-8fb0-0651b29b72e8
[92mINFO [0m:      Sent reply
[92mINFO [0m:      
[92mINFO [0m:      Received: train message fc6291c7-4c25-4d1b-afce-c734de8cf58e
[92mINFO [0m:      Sent reply
[92mINFO [0m:      
[92mINFO [0m:      Received: evaluate message 2fc6ef8f-1770-492e-a665-977ee290f81b
[92mINFO [0m:      Sent reply
[92mINFO [0m:      
[92mINFO [0m:      Received: train message 33f79aa3-e037-462a-b234-28e2e4c34565
[92mINFO [0m:      Sent reply
[92mINFO [0m:      
[92mINFO [0m:      Received: train message 9d2b5abd-617e-46dc-94df-9221264a86d8
[92mINFO [0m:      Sent reply
[92mINFO [0m:      
[92mINFO [0m:      Received: evaluate message a457a1b7-ec0c-40d7-9472-6eee79741a73
[92mINFO [0m:      Sent reply
[92mINFO [0m:      
[92mINFO [0m:      Received: train message a4d93e19-083b-4631-8612-1b2a8bf8f27b
[92mINFO [0m:      Sent reply
[92mINFO [0m:      
[92mINFO [0m:      Received: train message d4cfac5a-72eb-4278-b03a-71940d3ed7e0
[92mINFO [0m:      Sent reply
[92mINFO [0m:      
[92mINFO [0m:      Received: train message 4948f6e9-b5c5-4f4c-bba0-03be404c93a8
[92mINFO [0m:      Sent reply
[92mINFO [0m:      
[92mINFO [0m:      Received: train message b03db158-e3a1-41df-b926-d4b40dde5895
[92mINFO [0m:      Sent reply
[92mINFO [0m:      
[92mINFO [0m:      Received: evaluate message f7203b56-15c8-457c-abc2-fc30169c4fef
[92mINFO [0m:      Sent reply
[92mINFO [0m:      
[92mINFO [0m:      Received: evaluate message d22c1483-954d-44d7-9c14-7765e31b10d1
[92mINFO [0m:      Sent reply
[92mINFO [0m:      
[92mINFO [0m:      Received: train message 56c11713-0b86-4302-ac9f-b6bf38f50ec5
[92mINFO [0m:      Sent reply
[92mINFO [0m:      
[92mINFO [0m:      Received: evaluate message 10396960-4d6d-4826-b422-b6c0dfc2e230
[92mINFO [0m:      Sent reply
[92mINFO [0m:      
[92mINFO [0m:      Received: train message 571fd2a3-13b3-44e1-922f-4e879e6156ab
[92mINFO [0m:      Sent reply
[92mINFO [0m:      
[92mINFO [0m:      Received: train message b0bdbb5a-f7ec-46e2-9322-50cd813be158
[92mINFO [0m:      Sent reply
[92mINFO [0m:      
[92mINFO [0m:      Received: evaluate message dbbe3ad6-3c6f-40bf-842c-549baecde9fc
[92mINFO [0m:      Sent reply
[92mINFO [0m:      
[92mINFO [0m:      Received: train message e3dea163-9546-40ab-9e07-e8f89d3dd956
[92mINFO [0m:      Sent reply
[92mINFO [0m:      
[92mINFO [0m:      Received: evaluate message 7d620d63-bc84-4cdb-9398-1dc67a895b92
[92mINFO [0m:      Sent reply
[92mINFO [0m:      
[92mINFO [0m:      Received: train message 9f19a238-02ff-4651-8a2d-4086df7e4be7
[92mINFO [0m:      Sent reply
[92mINFO [0m:      
[92mINFO [0m:      Received: evaluate message 63b516d4-19e1-4c73-b1ed-3f2e85f0a7f1
[92mINFO [0m:      Sent reply
[92mINFO [0m:      
[92mINFO [0m:      Received: evaluate message 955eeaf8-8dd9-4d8b-8cb2-386f427438f2
[92mINFO [0m:      Sent reply
[92mINFO [0m:      
[92mINFO [0m:      Received: train message 52c1140e-cf23-41f5-b1cf-e741fb3964a3
[92mINFO [0m:      Sent reply
[92mINFO [0m:      
[92mINFO [0m:      Received: train message af1673c2-682f-4f52-aee4-acd01068bf91
[92mINFO [0m:      Sent reply
[92mINFO [0m:      
[92mINFO [0m:      Received: evaluate message 7ce638a0-320d-4d7f-9ebb-a7704f52fa60
[92mINFO [0m:      Sent reply
[92mINFO [0m:      
[92mINFO [0m:      Received: train message 8782de0f-8588-4637-b782-9ef118f48ad9
[92mINFO [0m:      Sent reply
[92mINFO [0m:      
[92mINFO [0m:      Received: evaluate message 3f67b0a3-432d-48a5-a859-9979ad471381
[92mINFO [0m:      Sent reply
[92mINFO [0m:      
[92mINFO [0m:      Received: train message 1af1e0b6-b798-4b0f-bd48-af3f87a5b8d8
[92mINFO [0m:      Sent reply
[92mINFO [0m:      
[92mINFO [0m:      Received: evaluate message d57f80c8-241b-45fb-b3f6-cbbd0d2676c8
[92mINFO [0m:      Sent reply
[92mINFO [0m:      
[92mINFO [0m:      Received: train message 3012fb19-9685-498f-9392-8913ad8c236e
[92mINFO [0m:      Sent reply
[92mINFO [0m:      
[92mINFO [0m:      Received: evaluate message 1866e0ac-44a8-462d-a80f-13ec9cbb15f7
[92mINFO [0m:      Sent reply
[92mINFO [0m:      
[92mINFO [0m:      Received: evaluate message 458818cd-caca-4089-b8af-e7fe347598e8
[92mINFO [0m:      Sent reply
[92mINFO [0m:      
[92mINFO [0m:      Received: train message 1fbac973-ef24-4092-926d-350c8168d8df
[92mINFO [0m:      Sent reply
[92mINFO [0m:      
[92mINFO [0m:      Received: evaluate message 85da3347-3e3b-4483-acab-cd886d32a25a
[92mINFO [0m:      Sent reply
[92mINFO [0m:      
[92mINFO [0m:      Received: train message 02301594-d91f-407d-be7a-94bcc80e493c
[92mINFO [0m:      Sent reply
[92mINFO [0m:      
[92mINFO [0m:      Received: train message c819bbb9-48fb-45f3-9150-8c0b58c53bdc
[92mINFO [0m:      Sent reply
[92mINFO [0m:      
[92mINFO [0m:      Received: evaluate message fdd660ee-addb-461e-b198-30d3374f742d
[92mINFO [0m:      Sent reply
[92mINFO [0m:      
[92mINFO [0m:      Received: evaluate message 1d25667b-1e50-48cc-9b1e-29ebe2a2e5ce
[92mINFO [0m:      Sent reply
[92mINFO [0m:      
[92mINFO [0m:      Received: evaluate message e8573ce1-391c-4356-8c28-723ad78871c4
[92mINFO [0m:      Sent reply
[92mINFO [0m:      
[92mINFO [0m:      Received: train message 76e184d1-5da8-4425-b9cd-cbf881c22e07
[92mINFO [0m:      Sent reply
[92mINFO [0m:      
[92mINFO [0m:      Received: evaluate message 826fb898-ff49-424e-95b6-53b20ce2f906
[92mINFO [0m:      Sent reply
[92mINFO [0m:      
[92mINFO [0m:      Received: train message f8065431-d2d4-40c0-951b-55b9f16d56a9
[92mINFO [0m:      Sent reply
[92mINFO [0m:      
[92mINFO [0m:      Received: train message 02d3ba5e-2892-4c10-9d97-f40e618375d0
[92mINFO [0m:      Sent reply
[92mINFO [0m:      
[92mINFO [0m:      Received: evaluate message 8eb769c0-eeb9-4953-baba-d1af73ee7507
[92mINFO [0m:      Sent reply
[92mINFO [0m:      
[92mINFO [0m:      Received: train message 0a46acd0-1770-4eb9-ab0d-a38cd07a62e2
[92mINFO [0m:      Sent reply
[92mINFO [0m:      
[92mINFO [0m:      Received: evaluate message 00e74f72-7095-4f24-a57a-cb1f4c6e243a
[92mINFO [0m:      Sent reply
[92mINFO [0m:      
[92mINFO [0m:      Received: train message d772a09a-371b-4431-bc73-223e54892e04
[92mINFO [0m:      Sent reply
[92mINFO [0m:      
[92mINFO [0m:      Received: evaluate message 564a44d5-cf80-4143-a1e6-0d953b380c10
[92mINFO [0m:      Sent reply
[92mINFO [0m:      
[92mINFO [0m:      Received: evaluate message 500a0575-6167-47fa-a9d4-4b64a2d21719
[92mINFO [0m:      Sent reply
[92mINFO [0m:      
[92mINFO [0m:      Received: train message 3424cf6b-1f6e-4724-9723-c98409a47e52
[92mINFO [0m:      Sent reply
[92mINFO [0m:      
[92mINFO [0m:      Received: evaluate message b4931f7d-8004-4a15-8fc1-023f3d988c0c
[92mINFO [0m:      Sent reply
[92mINFO [0m:      
[92mINFO [0m:      Received: train message 64346f72-eabb-4da8-91d3-ffd99a7093c2
[92mINFO [0m:      Sent reply
[92mINFO [0m:      
[92mINFO [0m:      Received: train message aada6ff3-9061-4f88-9d74-790595009c3c
[92mINFO [0m:      Sent reply
[92mINFO [0m:      
[92mINFO [0m:      Received: evaluate message 42619209-0b84-4fe4-8e5b-43ac2527b489
[92mINFO [0m:      Sent reply
[92mINFO [0m:      
[92mINFO [0m:      Received: train message 53b42cb0-3711-4d52-b66f-751db2360b71
[92mINFO [0m:      Sent reply
[92mINFO [0m:      
[92mINFO [0m:      Received: train message 77c33e92-8c42-4241-aaf5-a9476437f0d0
[92mINFO [0m:      Sent reply
[92mINFO [0m:      
[92mINFO [0m:      Received: evaluate message dbc97eea-57b9-48cc-a60b-bea2c4679331
[92mINFO [0m:      Sent reply
[92mINFO [0m:      
[92mINFO [0m:      Received: train message 7d4caae7-00c4-4142-9b77-a031bc14a0c0
[92mINFO [0m:      Sent reply
[92mINFO [0m:      
[92mINFO [0m:      Received: evaluate message f847a496-98ab-41f7-99d3-86fce4b9a4f8
[92mINFO [0m:      Sent reply
[92mINFO [0m:      
[92mINFO [0m:      Received: train message 8ab97d67-2510-415b-abd9-300f932e6a15
[92mINFO [0m:      Sent reply
[92mINFO [0m:      
[92mINFO [0m:      Received: train message 87ddbdd1-9890-4bb7-b31f-7cfd6d27cd35
[92mINFO [0m:      Sent reply
[92mINFO [0m:      
[92mINFO [0m:      Received: train message 0b0d16cc-c218-404b-b7c5-07601259274b
[92mINFO [0m:      Sent reply
[92mINFO [0m:      
[92mINFO [0m:      Received: evaluate message 416af89e-387c-4ccd-9da9-9d60c2d17ee8
[92mINFO [0m:      Sent reply
[92mINFO [0m:      
[92mINFO [0m:      Received: train message c16d7ffa-c2ce-440f-bdae-f92c5a480f8b
[92mINFO [0m:      Sent reply
[92mINFO [0m:      
[92mINFO [0m:      Received: train message 829127ea-3f07-47ee-968e-2b303fc36257
[92mINFO [0m:      Sent reply
[92mINFO [0m:      
[92mINFO [0m:      Received: evaluate message 1e44b8ee-80f5-4ec7-9b2c-a5ae42ad4f8b
[92mINFO [0m:      Sent reply
[92mINFO [0m:      
[92mINFO [0m:      Received: evaluate message f10a76de-94ac-4688-a31a-cab434840317
[92mINFO [0m:      Sent reply
[92mINFO [0m:      
[92mINFO [0m:      Received: evaluate message 49ac3517-f0c6-409f-a537-7e2b7681f472
[92mINFO [0m:      Sent reply
[92mINFO [0m:      
[92mINFO [0m:      Received: evaluate message 1b77f68f-d4be-4b3a-a545-1b8086963fe9
[92mINFO [0m:      Sent reply
[92mINFO [0m:      
[92mINFO [0m:      Received: train message c8f4fdee-b4d3-4e24-bf82-55a2ac2849d6
[92mINFO [0m:      Sent reply
[92mINFO [0m:      
[92mINFO [0m:      Received: evaluate message f2ce937e-2c95-4b37-aca3-a3e411dbac55
[92mINFO [0m:      Sent reply
[92mINFO [0m:      
[92mINFO [0m:      Received: train message 55d37faf-e535-4c8d-a09a-418934c14719
[92mINFO [0m:      Sent reply
[92mINFO [0m:      
[92mINFO [0m:      Received: evaluate message a52b01b0-5e7b-4753-a074-239dc2225701
[92mINFO [0m:      Sent reply
[92mINFO [0m:      
[92mINFO [0m:      Received: train message a5788d75-bdfc-4042-8b3f-e1bb464509aa
[92mINFO [0m:      Sent reply
[92mINFO [0m:      
[92mINFO [0m:      Received: train message ee095931-08d9-42a5-9c0b-458bff00d304
[92mINFO [0m:      Sent reply
[92mINFO [0m:      
[92mINFO [0m:      Received: train message cb311456-37e6-4a2d-8bb8-d3c8ebbef19e
[92mINFO [0m:      Sent reply
[92mINFO [0m:      
[92mINFO [0m:      Received: train message ceb179d1-af3e-4ac9-aa60-f8abcfd33fb2
[92mINFO [0m:      Sent reply
[92mINFO [0m:      
[92mINFO [0m:      Received: evaluate message d36af5bb-08cf-48e7-94e6-425f9f74e2cb
[92mINFO [0m:      Sent reply
[92mINFO [0m:      
[92mINFO [0m:      Received: train message dc9f4393-4f7e-4717-a7b2-607f8bdaa2ef
[92mINFO [0m:      Sent reply
[92mINFO [0m:      
[92mINFO [0m:      Received: evaluate message ddb54dfe-67f6-4a58-901f-2f69136487d1
[92mINFO [0m:      Sent reply
[92mINFO [0m:      
[92mINFO [0m:      Received: train message 7a9a4a66-46a1-42bf-a091-5e040d4dc2c0
[92mINFO [0m:      Sent reply
[92mINFO [0m:      
[92mINFO [0m:      Received: evaluate message 200ed825-3b88-426a-98bc-f218d3b7e420
[92mINFO [0m:      Sent reply
[92mINFO [0m:      
[92mINFO [0m:      Received: evaluate message acfcd291-4483-43d3-9c20-50a2b9a3010f
[92mINFO [0m:      Sent reply
[92mINFO [0m:      
[92mINFO [0m:      Received: train message 0a4d74c4-9a23-4956-837a-8c85684a4a3e
[92mINFO [0m:      Sent reply
[92mINFO [0m:      
[92mINFO [0m:      Received: evaluate message 399efa7d-d877-443a-b4d8-dcf3b7dd010d
[92mINFO [0m:      Sent reply
[92mINFO [0m:      
[92mINFO [0m:      Received: train message e63eb3c1-cfd4-438d-8a23-f5bb82183aff
[92mINFO [0m:      Sent reply
[92mINFO [0m:      
[92mINFO [0m:      Received: evaluate message 4c86a55e-b3a7-46da-ad31-86c54b4c1a4a
[92mINFO [0m:      Sent reply
[92mINFO [0m:      
[92mINFO [0m:      Received: train message 2a5c94a4-be8d-4fdc-b2e1-e5a578035eee
[92mINFO [0m:      Sent reply
[92mINFO [0m:      
[92mINFO [0m:      Received: evaluate message 7b1d15ca-8678-49f9-8e20-e5f61b205eb9
[92mINFO [0m:      Sent reply
[92mINFO [0m:      
[92mINFO [0m:      Received: train message 02513645-6fea-4224-b0e4-49117c3e8e2a
[92mINFO [0m:      Sent reply
[92mINFO [0m:      
[92mINFO [0m:      Received: train message d5600fac-d070-46fd-bba5-297df352db89
[92mINFO [0m:      Sent reply
[92mINFO [0m:      
[92mINFO [0m:      Received: evaluate message 8fabd174-0663-4210-a1be-330fa3ffd0e8
[92mINFO [0m:      Sent reply
[92mINFO [0m:      
[92mINFO [0m:      Received: train message 01bb3d79-0475-4739-8955-86993450cdc7
[92mINFO [0m:      Sent reply
[92mINFO [0m:      
[92mINFO [0m:      Received: evaluate message 923b2044-4445-4ab3-b503-134f19e60d3f
[92mINFO [0m:      Sent reply
[92mINFO [0m:      
[92mINFO [0m:      Received: train message 77ae7da3-ec5b-4a22-843b-87ee1f9edfbb
[92mINFO [0m:      Sent reply
[92mINFO [0m:      
[92mINFO [0m:      Received: evaluate message cb050e48-6f61-4c74-89a7-ec85a5b651ad
[92mINFO [0m:      Sent reply
[92mINFO [0m:      
[92mINFO [0m:      Received: train message e12d42e1-3d69-460e-8702-3c92b4459637
[92mINFO [0m:      Sent reply
[92mINFO [0m:      
[92mINFO [0m:      Received: evaluate message 313a341e-d510-4647-aaeb-5a5a30c335bf
[92mINFO [0m:      Sent reply
[92mINFO [0m:      
[92mINFO [0m:      Received: train message 97e1e66d-18a0-444d-90c5-c7b8bf068ac0
[92mINFO [0m:      Sent reply
[92mINFO [0m:      
[92mINFO [0m:      Received: train message 9d46929c-9d7e-4f4f-b302-fea9cf82394f
[92mINFO [0m:      Sent reply
[92mINFO [0m:      
[92mINFO [0m:      Received: evaluate message 3c3a71c2-6335-436f-9bd6-36a4e9c16102
[92mINFO [0m:      Sent reply
[92mINFO [0m:      
[92mINFO [0m:      Received: evaluate message 06cef70f-a955-4825-9f14-bd67c4bfc87b
[92mINFO [0m:      Sent reply
[92mINFO [0m:      
[92mINFO [0m:      Received: train message ce092257-6376-47a2-9ed2-6947676e1527
[92mINFO [0m:      Sent reply
[92mINFO [0m:      
[92mINFO [0m:      Received: evaluate message cf25199c-29be-4119-a9a6-807471c8dd97
[92mINFO [0m:      Sent reply
[92mINFO [0m:      
[92mINFO [0m:      Received: evaluate message 9ae87fc5-1423-4cb1-bf85-be89f668a479
[92mINFO [0m:      Sent reply
[92mINFO [0m:      
[92mINFO [0m:      Received: train message ee843201-b62d-46dd-832c-749555a4eb82
[92mINFO [0m:      Sent reply
[92mINFO [0m:      
[92mINFO [0m:      Received: evaluate message 57232866-f3d3-47c1-9248-735a7970a42b
[92mINFO [0m:      Sent reply
[92mINFO [0m:      
[92mINFO [0m:      Received: train message b4a375bc-44d4-493c-8e48-9d090306c4c4
[92mINFO [0m:      Sent reply
[92mINFO [0m:      
[92mINFO [0m:      Received: evaluate message c609e82f-e4af-4fc5-8bef-e9587c9bda9d
[92mINFO [0m:      Sent reply
[92mINFO [0m:      
[92mINFO [0m:      Received: train message c937a54d-b48f-4e17-81ae-8794060075e8
[92mINFO [0m:      Sent reply
[92mINFO [0m:      
[92mINFO [0m:      Received: train message 806a0ddc-e02e-4582-a1c1-889c54a69750
[92mINFO [0m:      Sent reply
[92mINFO [0m:      
[92mINFO [0m:      Received: train message 10f60871-9527-4ec6-933b-92f46853870f
[92mINFO [0m:      Sent reply
[92mINFO [0m:      
[92mINFO [0m:      Received: train message 4b2d3183-c8d8-48d4-b549-1769d630dfea
[92mINFO [0m:      Sent reply
[92mINFO [0m:      
[92mINFO [0m:      Received: evaluate message 2f8b25e3-18d1-43b8-ad6b-b88f4b22aafb
[92mINFO [0m:      Sent reply
[92mINFO [0m:      
[92mINFO [0m:      Received: evaluate message 2e94fc71-92a2-431f-b12d-43c225a68c3b
[92mINFO [0m:      Sent reply
[92mINFO [0m:      
[92mINFO [0m:      Received: train message 135714e5-db75-40a6-972e-965d08cb6b97
[92mINFO [0m:      Sent reply
[92mINFO [0m:      
[92mINFO [0m:      Received: evaluate message 8d691eb1-f46e-41d1-af0e-bd1868d862e5
[92mINFO [0m:      Sent reply
[92mINFO [0m:      
[92mINFO [0m:      Received: train message 5f72987d-8c62-484e-a3d5-8492dbbb0e97
[92mINFO [0m:      Sent reply
[92mINFO [0m:      
[92mINFO [0m:      Received: train message f549ea6c-0e67-4785-8fa5-ce1fb7c9f9a0
[92mINFO [0m:      Sent reply
[92mINFO [0m:      
[92mINFO [0m:      Received: train message 9fec1048-a772-4089-9854-a89a3982c122
[92mINFO [0m:      Sent reply
[92mINFO [0m:      
[92mINFO [0m:      Received: evaluate message d31c10e5-aa1a-41e0-8922-6f0c4c2aa4cb
[92mINFO [0m:      Sent reply
[92mINFO [0m:      
[92mINFO [0m:      Received: train message 32d9ce09-514a-4eea-93cd-d5b5ca7c3791
[92mINFO [0m:      Sent reply
[92mINFO [0m:      
[92mINFO [0m:      Received: train message be37df6b-26f4-451a-83ab-f3baf64cfaa9
[92mINFO [0m:      Sent reply
[92mINFO [0m:      
[92mINFO [0m:      Received: evaluate message d4770e95-37c1-43d9-9f23-86f6bc087db0
[92mINFO [0m:      Sent reply
[92mINFO [0m:      
[92mINFO [0m:      Received: train message eab36be9-f382-41f4-a8a4-a7de2abce397
[92mINFO [0m:      Sent reply
[92mINFO [0m:      
[92mINFO [0m:      Received: evaluate message ec05ab2c-c69f-4aea-ac53-dbad4e7a156c
[92mINFO [0m:      Sent reply
[92mINFO [0m:      
[92mINFO [0m:      Received: evaluate message 29bd9603-e648-4d51-8790-244cb75f52a3
[92mINFO [0m:      Sent reply
[92mINFO [0m:      
[92mINFO [0m:      Received: train message c629d068-31fb-49ad-b8cd-e65afd1d766c
[92mINFO [0m:      Sent reply
[92mINFO [0m:      
[92mINFO [0m:      Received: evaluate message 475980c6-8397-4043-a013-948fc3eb983a
[92mINFO [0m:      Sent reply
[92mINFO [0m:      
[92mINFO [0m:      Received: train message a710386e-47d5-4e92-8d7d-0ae539bf317e
[92mINFO [0m:      Sent reply
[92mINFO [0m:      
[92mINFO [0m:      Received: train message 9db66de3-5de8-4180-b7e0-e18106294e28
[92mINFO [0m:      Sent reply
[92mINFO [0m:      
[92mINFO [0m:      Received: reconnect message 1fef09f1-5984-4422-a2f3-7631f5272c8b
[92mINFO [0m:      Disconnect and shut down
