[93mWARNING [0m:   DEPRECATED FEATURE: flwr.client.start_client() is deprecated.
	Instead, use the `flower-supernode` CLI command to start a SuperNode as shown below:

		$ flower-supernode --insecure --superlink='<IP>:<PORT>'

	To view all available options, run:

		$ flower-supernode --help

	Using `start_client()` is deprecated.

            This is a deprecated feature. It will be removed
            entirely in future versions of Flower.
        
[92mINFO [0m:      
[92mINFO [0m:      Received: evaluate message 15471d03-fcd8-4ccb-bfe9-d2a98fea3f6d
[92mINFO [0m:      Sent reply
[92mINFO [0m:      
[92mINFO [0m:      Received: evaluate message ba543640-023c-4149-a3b9-ed2b7cd25666
[92mINFO [0m:      Sent reply
[92mINFO [0m:      
[92mINFO [0m:      Received: train message 9b77f05b-0641-4e97-85af-2bfde6b40246
[92mINFO [0m:      Sent reply
[92mINFO [0m:      
[92mINFO [0m:      Received: train message b00a6d55-5306-41eb-b1fe-b7d8922ac20d
[92mINFO [0m:      Sent reply
[92mINFO [0m:      
[92mINFO [0m:      Received: train message e9643215-b7b0-43a4-bd27-25ce73925df0
[92mINFO [0m:      Sent reply
[92mINFO [0m:      
[92mINFO [0m:      Received: train message 281781b3-52b9-4278-97d2-06c17d63fb8d
[92mINFO [0m:      Sent reply
[92mINFO [0m:      
[92mINFO [0m:      Received: evaluate message 45d96bef-3dd0-4386-b058-e6126fa82aa7
[92mINFO [0m:      Sent reply
[92mINFO [0m:      
[92mINFO [0m:      Received: train message d7a41ea8-0ecb-44fa-aab8-706f5748876b
[92mINFO [0m:      Sent reply
[92mINFO [0m:      
[92mINFO [0m:      Received: train message 73f883c5-4fa6-4877-baab-d327e41bcc56
[92mINFO [0m:      Sent reply
[92mINFO [0m:      
[92mINFO [0m:      Received: evaluate message e850fa8e-33ed-42e1-b99c-715b36fc5842
[92mINFO [0m:      Sent reply
[92mINFO [0m:      
[92mINFO [0m:      Received: train message 140ea9d8-0f54-4897-9b95-d666515f2323
[92mINFO [0m:      Sent reply
[92mINFO [0m:      
[92mINFO [0m:      Received: train message 05b631a3-41ec-4e05-a7c6-8f33f0c3642f
[92mINFO [0m:      Sent reply
[92mINFO [0m:      
[92mINFO [0m:      Received: evaluate message d86df403-5351-4bf5-a267-d0f988cb25f0
[92mINFO [0m:      Sent reply
[92mINFO [0m:      
[92mINFO [0m:      Received: evaluate message b90f6e7f-259d-4b58-9abf-5d8a85ded178
[92mINFO [0m:      Sent reply
[92mINFO [0m:      
[92mINFO [0m:      Received: train message e7dd0d10-0490-4330-b297-7bd49c4393e1
[92mINFO [0m:      Sent reply
[92mINFO [0m:      
[92mINFO [0m:      Received: evaluate message dfae2778-3950-4a01-8f27-d9a9cacec6d8
[92mINFO [0m:      Sent reply
[92mINFO [0m:      
[92mINFO [0m:      Received: evaluate message b8a67c80-375f-4906-bb25-13ca1f39784d
[92mINFO [0m:      Sent reply
[92mINFO [0m:      
[92mINFO [0m:      Received: evaluate message 9125ee75-5b45-441c-8a7f-d96b118b64ea
[92mINFO [0m:      Sent reply
[92mINFO [0m:      
[92mINFO [0m:      Received: train message 9eb4c3d8-af09-42bb-a846-bc1ce20eef5e
[92mINFO [0m:      Sent reply
[92mINFO [0m:      
[92mINFO [0m:      Received: evaluate message 84d7d359-4499-4af5-a3f6-0335add61c9f
[92mINFO [0m:      Sent reply
[92mINFO [0m:      
[92mINFO [0m:      Received: train message f8c834cb-433c-4350-b20d-746fdaa86e4f
[92mINFO [0m:      Sent reply
[92mINFO [0m:      
[92mINFO [0m:      Received: evaluate message cef2d564-f69d-43bb-8b72-488879f52517
[92mINFO [0m:      Sent reply
[92mINFO [0m:      
[92mINFO [0m:      Received: evaluate message b7b7f5f7-d0e6-44cc-9b7e-ac78ffeba526
[92mINFO [0m:      Sent reply
[92mINFO [0m:      
[92mINFO [0m:      Received: train message 8f2009ad-68fd-4f1f-be6f-063e03b471fa
[92mINFO [0m:      Sent reply
[92mINFO [0m:      
[92mINFO [0m:      Received: evaluate message f6a44a61-c8ea-4e02-85df-8b6ed285e5ad
[92mINFO [0m:      Sent reply
[92mINFO [0m:      
[92mINFO [0m:      Received: train message 496078f9-fe0f-4d03-a965-11d5d75fa347
[92mINFO [0m:      Sent reply
[92mINFO [0m:      
[92mINFO [0m:      Received: evaluate message 9c016423-9e5c-41e3-91a0-70c69f4948e4
[92mINFO [0m:      Sent reply
[92mINFO [0m:      
[92mINFO [0m:      Received: evaluate message 00a3b541-e081-447c-b100-4a36fc4ac0f4
[92mINFO [0m:      Sent reply
[92mINFO [0m:      
[92mINFO [0m:      Received: train message 3927a782-91a7-4592-a97f-9da2b4084128
[92mINFO [0m:      Sent reply
[92mINFO [0m:      
[92mINFO [0m:      Received: evaluate message 57737f40-befd-4625-b1be-da8a8426d9e5
[92mINFO [0m:      Sent reply
[92mINFO [0m:      
[92mINFO [0m:      Received: train message f6315fd8-b007-4cec-9f86-0d52027c9e7b
[92mINFO [0m:      Sent reply
[92mINFO [0m:      
[92mINFO [0m:      Received: evaluate message f9076024-a903-4a57-a3bd-592b10a7736f
[92mINFO [0m:      Sent reply
[92mINFO [0m:      
[92mINFO [0m:      Received: train message f5ba343a-6dfb-4cf6-a962-ad11e1339406
[92mINFO [0m:      Sent reply
[92mINFO [0m:      
[92mINFO [0m:      Received: evaluate message d2926e35-dec4-4d30-872c-128f869fc8d0
[92mINFO [0m:      Sent reply
[92mINFO [0m:      
[92mINFO [0m:      Received: train message 1a5d29f1-a7c7-4083-a6b0-9ed4be2a073f
[92mINFO [0m:      Sent reply
[92mINFO [0m:      
[92mINFO [0m:      Received: train message 8d770614-d0fb-422f-a97e-a2005b1e3a83
[92mINFO [0m:      Sent reply
[92mINFO [0m:      
[92mINFO [0m:      Received: evaluate message 0f5b4e2f-af9a-4d25-bb72-9ab72daf07ab
[92mINFO [0m:      Sent reply
[92mINFO [0m:      
[92mINFO [0m:      Received: train message 7898a6e3-c2b1-4238-b208-2cd01cb019df
[92mINFO [0m:      Sent reply
[92mINFO [0m:      
[92mINFO [0m:      Received: evaluate message 7b654f51-cd1a-4e8c-a37d-7f2170bddb54
[92mINFO [0m:      Sent reply
[92mINFO [0m:      
[92mINFO [0m:      Received: train message 0d4c894f-6d92-4e4d-828d-ab86096260df
[92mINFO [0m:      Sent reply
[92mINFO [0m:      
[92mINFO [0m:      Received: evaluate message fd2d4673-2224-4439-a233-ee97b4421b49
[92mINFO [0m:      Sent reply
[92mINFO [0m:      
[92mINFO [0m:      Received: evaluate message e7234250-54d3-4f05-a16a-86fdc15ab423
[92mINFO [0m:      Sent reply
[92mINFO [0m:      
[92mINFO [0m:      Received: train message c1426c43-7211-48da-aaa2-91dc5b2ff4b6
[92mINFO [0m:      Sent reply
[92mINFO [0m:      
[92mINFO [0m:      Received: evaluate message b2314d1a-2107-4f98-823a-8d52944007f4
[92mINFO [0m:      Sent reply
[92mINFO [0m:      
[92mINFO [0m:      Received: train message 682a0de5-0ddc-43b3-9e1b-4c574cee28cb
[92mINFO [0m:      Sent reply
[92mINFO [0m:      
[92mINFO [0m:      Received: evaluate message 6f85f76d-0913-4aea-89ca-b17e5f61bc4b
[92mINFO [0m:      Sent reply
[92mINFO [0m:      
[92mINFO [0m:      Received: train message 91a06377-75a6-4e4c-a8b1-f82c566c265f
[92mINFO [0m:      Sent reply
[92mINFO [0m:      
[92mINFO [0m:      Received: train message 9706361f-e360-4780-abdb-b2b930794690
[92mINFO [0m:      Sent reply
[92mINFO [0m:      
[92mINFO [0m:      Received: evaluate message 3ee30186-536c-4dd7-b1ae-93c2b55086b3
[92mINFO [0m:      Sent reply
[92mINFO [0m:      
[92mINFO [0m:      Received: train message 7c0ef14e-e041-46d4-a248-0d281201bbfd
[92mINFO [0m:      Sent reply
[92mINFO [0m:      
[92mINFO [0m:      Received: evaluate message 5fdb3f90-ef44-44d5-b31e-69337966904d
[92mINFO [0m:      Sent reply
[92mINFO [0m:      
[92mINFO [0m:      Received: train message a13b6e68-72d9-4220-81c2-c73dd52f9a89
[92mINFO [0m:      Sent reply
[92mINFO [0m:      
[92mINFO [0m:      Received: evaluate message 6634dba3-c075-47a7-924d-1c9b027d546d
[92mINFO [0m:      Sent reply
[92mINFO [0m:      
[92mINFO [0m:      Received: train message e800415f-9735-4b50-8874-2d795308723b
[92mINFO [0m:      Sent reply
[92mINFO [0m:      
[92mINFO [0m:      Received: evaluate message 654d571d-2269-43aa-a8db-62f38977ef21
[92mINFO [0m:      Sent reply
[92mINFO [0m:      
[92mINFO [0m:      Received: train message 908c560b-a583-40bd-ba6a-84c8e401fc2f
[92mINFO [0m:      Sent reply
[92mINFO [0m:      
[92mINFO [0m:      Received: evaluate message 9d8370cd-a369-43a5-8c25-f82d27d03c7d
[92mINFO [0m:      Sent reply
[92mINFO [0m:      
[92mINFO [0m:      Received: train message c7c06a8a-3c5c-4308-823e-36dddc8cffaa
[92mINFO [0m:      Sent reply
[92mINFO [0m:      
[92mINFO [0m:      Received: evaluate message f60864f0-4dab-4394-bfb1-6f140874e681
[92mINFO [0m:      Sent reply
[92mINFO [0m:      
[92mINFO [0m:      Received: train message 71d1a8de-982b-470c-be95-925bf93ef5c4
[92mINFO [0m:      Sent reply
[92mINFO [0m:      
[92mINFO [0m:      Received: evaluate message c8b80f30-04fc-4e6c-9ed4-20555550a43a
[92mINFO [0m:      Sent reply
[92mINFO [0m:      
[92mINFO [0m:      Received: train message 9296fe4a-017a-4dc8-a18d-895db4ff9b90
[92mINFO [0m:      Sent reply
[92mINFO [0m:      
[92mINFO [0m:      Received: evaluate message ac3d6d77-1490-4906-9f0f-24db843b5d00
[92mINFO [0m:      Sent reply
[92mINFO [0m:      
[92mINFO [0m:      Received: train message 682a54c9-f54e-4693-875b-448acadcd5ce
[92mINFO [0m:      Sent reply
[92mINFO [0m:      
[92mINFO [0m:      Received: evaluate message 90505f2c-fcd3-486e-b844-f2a6474e0b48
[92mINFO [0m:      Sent reply
[92mINFO [0m:      
[92mINFO [0m:      Received: evaluate message 82c54cde-c950-4175-96de-c355f5f61fa0
[92mINFO [0m:      Sent reply
[92mINFO [0m:      
[92mINFO [0m:      Received: train message 23bacc2d-6bdf-44e4-bd84-8190e433f01f
[92mINFO [0m:      Sent reply
[92mINFO [0m:      
[92mINFO [0m:      Received: evaluate message 071d992f-de47-4578-913a-fa1d14fa09e1
[92mINFO [0m:      Sent reply
[92mINFO [0m:      
[92mINFO [0m:      Received: train message 6506cc11-921e-4863-b86a-eb1dd733dc41
[92mINFO [0m:      Sent reply
[92mINFO [0m:      
[92mINFO [0m:      Received: train message a6718997-9198-4f63-b124-f7ea05472cb6
[92mINFO [0m:      Sent reply
[92mINFO [0m:      
[92mINFO [0m:      Received: train message aa416076-3b62-4847-b53f-9eb26812ee7e
[92mINFO [0m:      Sent reply
[92mINFO [0m:      
[92mINFO [0m:      Received: evaluate message 762e52a9-2729-4619-9c08-04ae23d97694
[92mINFO [0m:      Sent reply
[92mINFO [0m:      
[92mINFO [0m:      Received: train message b7fadd40-9197-4471-9493-38baeabd4cba
[92mINFO [0m:      Sent reply
[92mINFO [0m:      
[92mINFO [0m:      Received: train message f0d856c5-673e-4dec-8f16-6eb4c88796ad
[92mINFO [0m:      Sent reply
[92mINFO [0m:      
[92mINFO [0m:      Received: evaluate message b3f0e88b-61a4-4641-aa37-1cfbe099d971
[92mINFO [0m:      Sent reply
[92mINFO [0m:      
[92mINFO [0m:      Received: train message 0a6806a3-5b5e-4fe1-af5a-a2e689f1e67b
[92mINFO [0m:      Sent reply
[92mINFO [0m:      
[92mINFO [0m:      Received: evaluate message 4cc7cadb-e397-414a-a09a-e336b4f419a0
[92mINFO [0m:      Sent reply
[92mINFO [0m:      
[92mINFO [0m:      Received: train message 26da9ec3-7a17-46fe-acb6-7f99f82443f4
[92mINFO [0m:      Sent reply
[92mINFO [0m:      
[92mINFO [0m:      Received: evaluate message 4a5db757-edbb-4ee5-b62d-f179b59ea4e7
[92mINFO [0m:      Sent reply
[92mINFO [0m:      
[92mINFO [0m:      Received: evaluate message 22fa7458-982b-4564-a13d-6e96d28ce83b
[92mINFO [0m:      Sent reply
[92mINFO [0m:      
[92mINFO [0m:      Received: evaluate message 74b2ff99-b00f-46e5-81f5-e33c2a147287
[92mINFO [0m:      Sent reply
[92mINFO [0m:      
[92mINFO [0m:      Received: evaluate message 78279b60-fec2-4235-a7fd-5468b61d2667
[92mINFO [0m:      Sent reply
[92mINFO [0m:      
[92mINFO [0m:      Received: train message 76151795-8ddd-4df4-a57b-ad12a4ea0b2d
[92mINFO [0m:      Sent reply
[92mINFO [0m:      
[92mINFO [0m:      Received: train message 846410a3-cee9-4bc8-b787-3bef33f0848d
[92mINFO [0m:      Sent reply
[92mINFO [0m:      
[92mINFO [0m:      Received: evaluate message 0751e0cd-f2ee-4ff4-b937-b709e3a96e19
[92mINFO [0m:      Sent reply
[92mINFO [0m:      
[92mINFO [0m:      Received: evaluate message 65daaf56-82c1-4d6d-965f-993e2d2866ae
[92mINFO [0m:      Sent reply
[92mINFO [0m:      
[92mINFO [0m:      Received: train message ede93d5a-1c26-41f9-8837-aa84734a4107
[92mINFO [0m:      Sent reply
[92mINFO [0m:      
[92mINFO [0m:      Received: evaluate message 8349fa10-c73e-4c9e-9132-3a6aed8c7e38
[92mINFO [0m:      Sent reply
[92mINFO [0m:      
[92mINFO [0m:      Received: evaluate message 6fb59aeb-1aad-4234-9d9a-8d3fbd33104b
[92mINFO [0m:      Sent reply
[92mINFO [0m:      
[92mINFO [0m:      Received: evaluate message e96fcc20-ce98-4ad6-ae94-1c912b25cb1b
[92mINFO [0m:      Sent reply
[92mINFO [0m:      
[92mINFO [0m:      Received: train message 882d8ed7-32c3-401c-9421-286ff2b1fb8a
[92mINFO [0m:      Sent reply
[92mINFO [0m:      
[92mINFO [0m:      Received: evaluate message 48d8df0b-a2b7-4d0a-b23c-c445bc85ec13
[92mINFO [0m:      Sent reply
[92mINFO [0m:      
[92mINFO [0m:      Received: evaluate message f766d81f-169a-4c1a-b771-f3ccac266ff0
[92mINFO [0m:      Sent reply
[92mINFO [0m:      
[92mINFO [0m:      Received: train message 989874ed-81bf-4852-97bc-3255a2ae1e23
[92mINFO [0m:      Sent reply
[92mINFO [0m:      
[92mINFO [0m:      Received: train message e13de512-034e-4fdd-9cd7-5da09e591e38
[92mINFO [0m:      Sent reply
[92mINFO [0m:      
[92mINFO [0m:      Received: evaluate message fa355a2a-2796-4ead-bf64-e7073c83fb3e
[92mINFO [0m:      Sent reply
[92mINFO [0m:      
[92mINFO [0m:      Received: evaluate message 85b65002-13bf-406c-aa8c-9398c43d005e
[92mINFO [0m:      Sent reply
[92mINFO [0m:      
[92mINFO [0m:      Received: evaluate message 95772c9d-cacc-49ac-83ad-e56672996249
[92mINFO [0m:      Sent reply
[92mINFO [0m:      
[92mINFO [0m:      Received: train message e6c401c5-4c7c-4f47-baee-4abba23d54f6
[92mINFO [0m:      Sent reply
[92mINFO [0m:      
[92mINFO [0m:      Received: train message 62eb95ab-3735-460f-af79-926b870eb293
[92mINFO [0m:      Sent reply
[92mINFO [0m:      
[92mINFO [0m:      Received: evaluate message f8169e06-dc01-4077-b278-480d0a5155e7
[92mINFO [0m:      Sent reply
[92mINFO [0m:      
[92mINFO [0m:      Received: evaluate message b2b4c576-7963-436b-a4b3-95dd09a7ecb1
[92mINFO [0m:      Sent reply
[92mINFO [0m:      
[92mINFO [0m:      Received: train message d5648477-01d9-43e7-83e0-e11f194fbcec
[92mINFO [0m:      Sent reply
[92mINFO [0m:      
[92mINFO [0m:      Received: evaluate message d57e6749-dca5-4e13-b04c-6f09dd2bc1c8
[92mINFO [0m:      Sent reply
[92mINFO [0m:      
[92mINFO [0m:      Received: evaluate message 60c68f9e-7f49-404f-b32a-e095cf871242
[92mINFO [0m:      Sent reply
[92mINFO [0m:      
[92mINFO [0m:      Received: evaluate message 3d52d917-47de-4c78-978f-c4adf04f80cc
[92mINFO [0m:      Sent reply
[92mINFO [0m:      
[92mINFO [0m:      Received: train message ebda0750-7bd3-4cae-8f88-48ed97a9817c
[92mINFO [0m:      Sent reply
[92mINFO [0m:      
[92mINFO [0m:      Received: evaluate message 1b026cae-af0e-436c-8f8c-bc867b0439ca
[92mINFO [0m:      Sent reply
[92mINFO [0m:      
[92mINFO [0m:      Received: evaluate message b19faad7-9eab-49ef-a207-65701fb80aec
[92mINFO [0m:      Sent reply
[92mINFO [0m:      
[92mINFO [0m:      Received: evaluate message 7640d465-7737-4d83-b64b-ab8b795d6dd5
[92mINFO [0m:      Sent reply
[92mINFO [0m:      
[92mINFO [0m:      Received: train message 0b67c04d-b914-4a87-aaeb-db9efe0bb315
[92mINFO [0m:      Sent reply
[92mINFO [0m:      
[92mINFO [0m:      Received: train message 5398e1fd-1f2f-472f-b2ec-45a56e7e1b80
[92mINFO [0m:      Sent reply
[92mINFO [0m:      
[92mINFO [0m:      Received: train message 89c859fb-44b2-4132-b9e6-bc2f79fb6b0c
[92mINFO [0m:      Sent reply
[92mINFO [0m:      
[92mINFO [0m:      Received: train message 2e574803-4dbe-4f20-ace0-b13c5a346c4b
[92mINFO [0m:      Sent reply
[92mINFO [0m:      
[92mINFO [0m:      Received: train message c3e2adb3-c90a-432b-8ab7-8e41029b1965
[92mINFO [0m:      Sent reply
[92mINFO [0m:      
[92mINFO [0m:      Received: train message 1df0e0f2-e4a4-405d-b4a8-b127a5c26e05
[92mINFO [0m:      Sent reply
[92mINFO [0m:      
[92mINFO [0m:      Received: evaluate message 29cfbe29-be2c-431d-8565-14e976359dcf
[92mINFO [0m:      Sent reply
[92mINFO [0m:      
[92mINFO [0m:      Received: train message 2b5b3541-b860-457b-8930-e8cd190b13ae
[92mINFO [0m:      Sent reply
[92mINFO [0m:      
[92mINFO [0m:      Received: evaluate message fc84d1ac-7e17-4848-b54f-7b87988928d1
[92mINFO [0m:      Sent reply
[92mINFO [0m:      
[92mINFO [0m:      Received: train message 76ad3a36-4cbe-418b-940c-9d44dd5795bb
[92mINFO [0m:      Sent reply
[92mINFO [0m:      
[92mINFO [0m:      Received: reconnect message eb38d49f-bc75-473b-bbf5-da433c458756
[92mINFO [0m:      Disconnect and shut down
