[93mWARNING [0m:   DEPRECATED FEATURE: flwr.client.start_client() is deprecated.
	Instead, use the `flower-supernode` CLI command to start a SuperNode as shown below:

		$ flower-supernode --insecure --superlink='<IP>:<PORT>'

	To view all available options, run:

		$ flower-supernode --help

	Using `start_client()` is deprecated.

            This is a deprecated feature. It will be removed
            entirely in future versions of Flower.
        
[92mINFO [0m:      
[92mINFO [0m:      Received: evaluate message 42d53e71-65da-49e5-a9f6-097b183f400a
[92mINFO [0m:      Sent reply
[92mINFO [0m:      
[92mINFO [0m:      Received: evaluate message 366d4a92-0b01-45b7-8989-725bc1641d12
[92mINFO [0m:      Sent reply
[92mINFO [0m:      
[92mINFO [0m:      Received: train message a84eecee-faa6-4bc1-a80c-57fecbf059a6
[92mINFO [0m:      Sent reply
[92mINFO [0m:      
[92mINFO [0m:      Received: evaluate message 4c293e49-a0fd-43ca-9cb8-8e24cf321780
[92mINFO [0m:      Sent reply
[92mINFO [0m:      
[92mINFO [0m:      Received: train message 5779c4fc-f11a-448c-b0a3-a1e05b63a4d1
[92mINFO [0m:      Sent reply
[92mINFO [0m:      
[92mINFO [0m:      Received: evaluate message 6acd923f-b6ec-4a67-9074-9ca8e0aaf6fa
[92mINFO [0m:      Sent reply
[92mINFO [0m:      
[92mINFO [0m:      Received: evaluate message 6c5f9c7c-7735-474f-9fd2-84701c8cbd42
[92mINFO [0m:      Sent reply
[92mINFO [0m:      
[92mINFO [0m:      Received: train message 4f983fce-7bfc-4a04-ace8-af2a8886d7a6
[92mINFO [0m:      Sent reply
[92mINFO [0m:      
[92mINFO [0m:      Received: evaluate message ef929906-6e8d-451c-9221-f773d081e334
[92mINFO [0m:      Sent reply
[92mINFO [0m:      
[92mINFO [0m:      Received: train message 40a07754-7ba0-4a0b-b791-63ac56fc0937
[92mINFO [0m:      Sent reply
[92mINFO [0m:      
[92mINFO [0m:      Received: evaluate message cdb3061f-99ef-4f4c-8a7a-2dcc7cbb0934
[92mINFO [0m:      Sent reply
[92mINFO [0m:      
[92mINFO [0m:      Received: evaluate message 8d1b8b65-24cf-4861-af5a-9a9ddeaf6914
[92mINFO [0m:      Sent reply
[92mINFO [0m:      
[92mINFO [0m:      Received: train message d3777d9b-88fd-4f7f-ac22-9537f5c24493
[92mINFO [0m:      Sent reply
[92mINFO [0m:      
[92mINFO [0m:      Received: evaluate message 64686c74-9a55-40de-95f8-3514712672f5
[92mINFO [0m:      Sent reply
[92mINFO [0m:      
[92mINFO [0m:      Received: evaluate message 34b65127-326e-4836-b57a-900d8c976813
[92mINFO [0m:      Sent reply
[92mINFO [0m:      
[92mINFO [0m:      Received: train message a6162ccf-c17c-4c3e-a0d1-1ebc64b183b7
[92mINFO [0m:      Sent reply
[92mINFO [0m:      
[92mINFO [0m:      Received: evaluate message c4134b8e-a6d6-4598-9cb0-cf024fcdf53b
[92mINFO [0m:      Sent reply
[92mINFO [0m:      
[92mINFO [0m:      Received: evaluate message 90649c99-6896-47cd-b4e5-7f690757c4a6
[92mINFO [0m:      Sent reply
[92mINFO [0m:      
[92mINFO [0m:      Received: train message 367b65c6-d727-498f-9e3a-fb74db68a5ce
[92mINFO [0m:      Sent reply
[92mINFO [0m:      
[92mINFO [0m:      Received: train message c44a7fdc-e62f-440b-88fc-991642ae908d
[92mINFO [0m:      Sent reply
[92mINFO [0m:      
[92mINFO [0m:      Received: train message 58117411-d5a5-42e5-b0f4-b4271895311a
[92mINFO [0m:      Sent reply
[92mINFO [0m:      
[92mINFO [0m:      Received: train message f9afd1c5-371d-418c-9a11-5b06935ef0d1
[92mINFO [0m:      Sent reply
[92mINFO [0m:      
[92mINFO [0m:      Received: train message 63e74a2d-e165-47f5-8e39-fb7e1f50abce
[92mINFO [0m:      Sent reply
[92mINFO [0m:      
[92mINFO [0m:      Received: train message d380d332-d1a1-438c-a3a9-5fabb6b1fedc
[92mINFO [0m:      Sent reply
[92mINFO [0m:      
[92mINFO [0m:      Received: evaluate message aff3db51-83c6-4c6a-9690-8ea2ce91e638
[92mINFO [0m:      Sent reply
[92mINFO [0m:      
[92mINFO [0m:      Received: evaluate message c1331a06-70e4-4862-805e-8d7ff5faf24f
[92mINFO [0m:      Sent reply
[92mINFO [0m:      
[92mINFO [0m:      Received: train message 15f45b11-6ce1-4ad3-b2e0-2b3f07383c5a
[92mINFO [0m:      Sent reply
[92mINFO [0m:      
[92mINFO [0m:      Received: train message 66769f08-70f9-4cd6-a6cf-43fc4bde848c
[92mINFO [0m:      Sent reply
[92mINFO [0m:      
[92mINFO [0m:      Received: train message 7e97c445-c0fb-46a5-8981-c27cf74839d1
[92mINFO [0m:      Sent reply
[92mINFO [0m:      
[92mINFO [0m:      Received: evaluate message f7763757-54ac-407a-bca0-1a413e657f65
[92mINFO [0m:      Sent reply
[92mINFO [0m:      
[92mINFO [0m:      Received: train message 7ab6d621-f4f5-4656-980e-aca8fb27e3ca
[92mINFO [0m:      Sent reply
[92mINFO [0m:      
[92mINFO [0m:      Received: evaluate message d71ad9b8-d000-4c24-8e8f-4bef4989ac07
[92mINFO [0m:      Sent reply
[92mINFO [0m:      
[92mINFO [0m:      Received: train message 5ff8d14e-af4a-41a4-876e-e1525f0611a9
[92mINFO [0m:      Sent reply
[92mINFO [0m:      
[92mINFO [0m:      Received: train message a35ff49d-1955-4b35-83af-42c1607ec8ef
[92mINFO [0m:      Sent reply
[92mINFO [0m:      
[92mINFO [0m:      Received: evaluate message ca1cc6c4-ea7b-4314-ba1f-7313eeb113eb
[92mINFO [0m:      Sent reply
[92mINFO [0m:      
[92mINFO [0m:      Received: evaluate message 7d6ee891-5229-4e32-a738-da5e5bd5bfe7
[92mINFO [0m:      Sent reply
[92mINFO [0m:      
[92mINFO [0m:      Received: train message 8c0ed927-51de-4ace-94e7-887df08309f2
[92mINFO [0m:      Sent reply
[92mINFO [0m:      
[92mINFO [0m:      Received: evaluate message a471f929-37d9-498a-a2c8-c20d07b12ecd
[92mINFO [0m:      Sent reply
[92mINFO [0m:      
[92mINFO [0m:      Received: train message 6a2c4aee-4c3c-41b5-a63a-8da6466b02f2
[92mINFO [0m:      Sent reply
[92mINFO [0m:      
[92mINFO [0m:      Received: train message 55486be8-c7eb-437d-902b-426937f37530
[92mINFO [0m:      Sent reply
[92mINFO [0m:      
[92mINFO [0m:      Received: train message 578c2f79-0cd4-4da3-a069-5f195f882fe6
[92mINFO [0m:      Sent reply
[92mINFO [0m:      
[92mINFO [0m:      Received: train message 0fec982b-004f-471b-a7ac-17ff455676fd
[92mINFO [0m:      Sent reply
[92mINFO [0m:      
[92mINFO [0m:      Received: evaluate message 8d7a4709-79df-478e-b5fd-ed9fc160380a
[92mINFO [0m:      Sent reply
[92mINFO [0m:      
[92mINFO [0m:      Received: evaluate message f63be449-14ca-4a90-a95a-11b38480e336
[92mINFO [0m:      Sent reply
[92mINFO [0m:      
[92mINFO [0m:      Received: evaluate message 202ecdd3-a5eb-4731-b0c3-4703e35121a5
[92mINFO [0m:      Sent reply
[92mINFO [0m:      
[92mINFO [0m:      Received: evaluate message fa36e276-6538-49b8-a876-342bfbebd7b6
[92mINFO [0m:      Sent reply
[92mINFO [0m:      
[92mINFO [0m:      Received: train message 348ca729-76a8-4ccb-9049-d6711efc68ba
[92mINFO [0m:      Sent reply
[92mINFO [0m:      
[92mINFO [0m:      Received: evaluate message 49fa1d2f-8d0a-410f-952f-efb5e8084c7e
[92mINFO [0m:      Sent reply
[92mINFO [0m:      
[92mINFO [0m:      Received: train message 1bf6158f-3c73-4cb2-9ed5-ae63fa9c16dc
[92mINFO [0m:      Sent reply
[92mINFO [0m:      
[92mINFO [0m:      Received: evaluate message 9399bb0e-93ba-4f61-9c8b-da772fe3e174
[92mINFO [0m:      Sent reply
[92mINFO [0m:      
[92mINFO [0m:      Received: train message c92fc7a7-3d22-496c-8ddc-f9f661a41c4d
[92mINFO [0m:      Sent reply
[92mINFO [0m:      
[92mINFO [0m:      Received: evaluate message ede9e557-d435-48ce-8c9c-fd88afe984a3
[92mINFO [0m:      Sent reply
[92mINFO [0m:      
[92mINFO [0m:      Received: train message 31e1cac4-a28e-4516-9bf0-fe07f79ec59a
[92mINFO [0m:      Sent reply
[92mINFO [0m:      
[92mINFO [0m:      Received: train message 92d27f6b-ed0b-411d-ad9a-af736f9c910c
[92mINFO [0m:      Sent reply
[92mINFO [0m:      
[92mINFO [0m:      Received: train message 1e8f7789-9b3f-46c6-ac26-f7aa7c838526
[92mINFO [0m:      Sent reply
[92mINFO [0m:      
[92mINFO [0m:      Received: evaluate message 4a8808c7-a776-4505-9bf1-f331b6e5b4f3
[92mINFO [0m:      Sent reply
[92mINFO [0m:      
[92mINFO [0m:      Received: evaluate message 4fb31f39-cc9a-4092-a666-53ed4b25a205
[92mINFO [0m:      Sent reply
[92mINFO [0m:      
[92mINFO [0m:      Received: train message 1c7e7410-f10b-4aae-bfeb-869f817cec12
[92mINFO [0m:      Sent reply
[92mINFO [0m:      
[92mINFO [0m:      Received: evaluate message c4e1771a-f00d-4539-84cc-81c373fc48ae
[92mINFO [0m:      Sent reply
[92mINFO [0m:      
[92mINFO [0m:      Received: train message 4bb28b33-a1b4-4398-9e08-e2854a77bc00
[92mINFO [0m:      Sent reply
[92mINFO [0m:      
[92mINFO [0m:      Received: train message a5e135bd-6a3d-4a16-bf25-1fc26f58b465
[92mINFO [0m:      Sent reply
[92mINFO [0m:      
[92mINFO [0m:      Received: evaluate message 24acd246-7e97-4e99-9aa9-0cde7267cf0a
[92mINFO [0m:      Sent reply
[92mINFO [0m:      
[92mINFO [0m:      Received: train message 77ac95a8-bcf7-4490-90e2-4a4e5cfca07b
[92mINFO [0m:      Sent reply
[92mINFO [0m:      
[92mINFO [0m:      Received: evaluate message c1183b31-34d0-4786-94a0-c0a7b437ab6c
[92mINFO [0m:      Sent reply
[92mINFO [0m:      
[92mINFO [0m:      Received: train message 242c69f3-c28e-45b0-9f92-bf21f0538c11
[92mINFO [0m:      Sent reply
[92mINFO [0m:      
[92mINFO [0m:      Received: evaluate message 24292256-9733-43d0-84a6-76b6c4341c9f
[92mINFO [0m:      Sent reply
[92mINFO [0m:      
[92mINFO [0m:      Received: train message d288fe8b-94e0-4e5e-9ce4-8b83b179e26f
[92mINFO [0m:      Sent reply
[92mINFO [0m:      
[92mINFO [0m:      Received: evaluate message 52ac16b9-5a74-4d29-ab23-e5a576032e2a
[92mINFO [0m:      Sent reply
[92mINFO [0m:      
[92mINFO [0m:      Received: evaluate message 4c3b0a70-0f3a-4192-a78a-8a8641ece5e8
[92mINFO [0m:      Sent reply
[92mINFO [0m:      
[92mINFO [0m:      Received: train message 6cb850c2-5ea3-455a-b6fb-105dc327ae8c
[92mINFO [0m:      Sent reply
[92mINFO [0m:      
[92mINFO [0m:      Received: evaluate message abd065d9-2520-450c-8e15-4d9ab2f8053e
[92mINFO [0m:      Sent reply
[92mINFO [0m:      
[92mINFO [0m:      Received: train message 56406444-dd93-4809-a4ce-8face886d5e5
[92mINFO [0m:      Sent reply
[92mINFO [0m:      
[92mINFO [0m:      Received: evaluate message f29a6813-d9eb-40b8-abc8-77251aaf6607
[92mINFO [0m:      Sent reply
[92mINFO [0m:      
[92mINFO [0m:      Received: train message 9a2f7360-3761-489a-9003-dec40f40cef5
[92mINFO [0m:      Sent reply
[92mINFO [0m:      
[92mINFO [0m:      Received: evaluate message 6a6c4f50-92be-4a27-b750-85378e4dbd03
[92mINFO [0m:      Sent reply
[92mINFO [0m:      
[92mINFO [0m:      Received: evaluate message aad58b20-288b-4d2c-b0e8-ea6c48a55203
[92mINFO [0m:      Sent reply
[92mINFO [0m:      
[92mINFO [0m:      Received: evaluate message 775d676b-733b-4ac1-a965-9ae87409101d
[92mINFO [0m:      Sent reply
[92mINFO [0m:      
[92mINFO [0m:      Received: evaluate message 15b56aad-5f71-44c3-9f9a-8e5b56be9b3f
[92mINFO [0m:      Sent reply
[92mINFO [0m:      
[92mINFO [0m:      Received: train message c10e53d5-896e-4a34-ad44-903decd7fe99
[92mINFO [0m:      Sent reply
[92mINFO [0m:      
[92mINFO [0m:      Received: evaluate message 692db4d5-281f-4f6f-b99c-c484be9e6448
[92mINFO [0m:      Sent reply
[92mINFO [0m:      
[92mINFO [0m:      Received: train message 0ae8b4bc-af83-4e70-8480-209ae4d57f20
[92mINFO [0m:      Sent reply
[92mINFO [0m:      
[92mINFO [0m:      Received: evaluate message 17a02f78-d373-4ecb-9eac-7ab38ecb52a7
[92mINFO [0m:      Sent reply
[92mINFO [0m:      
[92mINFO [0m:      Received: evaluate message b37ac216-0f81-4af3-982d-cb467c647403
[92mINFO [0m:      Sent reply
[92mINFO [0m:      
[92mINFO [0m:      Received: train message 1b2538be-b77a-40d8-805d-cabf3baa0c8b
[92mINFO [0m:      Sent reply
[92mINFO [0m:      
[92mINFO [0m:      Received: evaluate message fa36b255-a87b-499a-9a77-858623a74f29
[92mINFO [0m:      Sent reply
[92mINFO [0m:      
[92mINFO [0m:      Received: train message 920f113f-9763-4ffe-afbd-4c04d4010b61
[92mINFO [0m:      Sent reply
[92mINFO [0m:      
[92mINFO [0m:      Received: train message a49bf5d6-db85-4bab-b839-e98350eaa6d9
[92mINFO [0m:      Sent reply
[92mINFO [0m:      
[92mINFO [0m:      Received: evaluate message 84debdc6-f2d3-46c7-881a-dddb808936f8
[92mINFO [0m:      Sent reply
[92mINFO [0m:      
[92mINFO [0m:      Received: evaluate message 3549cc9c-832f-4efc-84a0-ba71d88a1395
[92mINFO [0m:      Sent reply
[92mINFO [0m:      
[92mINFO [0m:      Received: train message cf73f18f-15aa-4bea-b493-3e59749a9ad1
[92mINFO [0m:      Sent reply
[92mINFO [0m:      
[92mINFO [0m:      Received: train message 12b161e9-195a-4a54-95fb-1972c34f1bc3
[92mINFO [0m:      Sent reply
[92mINFO [0m:      
[92mINFO [0m:      Received: evaluate message b8e679cc-fe61-4451-ac09-2156f88fcab5
[92mINFO [0m:      Sent reply
[92mINFO [0m:      
[92mINFO [0m:      Received: train message d231929c-1c55-40e6-8e3d-18ca8438a730
[92mINFO [0m:      Sent reply
[92mINFO [0m:      
[92mINFO [0m:      Received: evaluate message 229eb214-e1cf-4787-8f15-2bf1d7ea6dd7
[92mINFO [0m:      Sent reply
[92mINFO [0m:      
[92mINFO [0m:      Received: train message 1c0c2113-7c43-469c-a788-7ba6a18efa99
[92mINFO [0m:      Sent reply
[92mINFO [0m:      
[92mINFO [0m:      Received: train message 43453ed5-b711-40c2-89bb-6511d7ebb52c
[92mINFO [0m:      Sent reply
[92mINFO [0m:      
[92mINFO [0m:      Received: evaluate message ab3050e9-dfef-4a32-b72a-4f679cb6d283
[92mINFO [0m:      Sent reply
[92mINFO [0m:      
[92mINFO [0m:      Received: train message 3ac68ccc-3654-44b5-8bfe-303ebeda7015
[92mINFO [0m:      Sent reply
[92mINFO [0m:      
[92mINFO [0m:      Received: evaluate message 0e06833c-1e11-4b63-bf2b-6432ec7b848a
[92mINFO [0m:      Sent reply
[92mINFO [0m:      
[92mINFO [0m:      Received: evaluate message c86d9a81-98d6-42cf-ba7d-7df24644dbae
[92mINFO [0m:      Sent reply
[92mINFO [0m:      
[92mINFO [0m:      Received: train message ff5249f4-9e61-4639-91d9-cfb5d3a038e7
[92mINFO [0m:      Sent reply
[92mINFO [0m:      
[92mINFO [0m:      Received: evaluate message 3c96e0b6-b3f5-43f9-a9ec-7de301c0a46f
[92mINFO [0m:      Sent reply
[92mINFO [0m:      
[92mINFO [0m:      Received: evaluate message b8bd8cfd-dd06-42a3-a15f-79f2247b94ca
[92mINFO [0m:      Sent reply
[92mINFO [0m:      
[92mINFO [0m:      Received: train message 8a6b5439-9de9-42b6-aa82-6a1969c89475
[92mINFO [0m:      Sent reply
[92mINFO [0m:      
[92mINFO [0m:      Received: evaluate message 6a6dbccf-bc21-4039-84aa-6618e667b5c6
[92mINFO [0m:      Sent reply
[92mINFO [0m:      
[92mINFO [0m:      Received: evaluate message 40d58881-74bc-433e-9fa2-fc5fce036bc9
[92mINFO [0m:      Sent reply
[92mINFO [0m:      
[92mINFO [0m:      Received: train message 2bd6fbb3-0754-46f7-9e4a-c45dbd358047
[92mINFO [0m:      Sent reply
[92mINFO [0m:      
[92mINFO [0m:      Received: evaluate message acf28e98-64df-44a4-8c15-5ae7b4c80e6a
[92mINFO [0m:      Sent reply
[92mINFO [0m:      
[92mINFO [0m:      Received: train message 66193b32-7fcd-4be5-9953-01ea8c8b8ce8
[92mINFO [0m:      Sent reply
[92mINFO [0m:      
[92mINFO [0m:      Received: train message c4b85800-8568-4124-ade4-499f7fc76549
[92mINFO [0m:      Sent reply
[92mINFO [0m:      
[92mINFO [0m:      Received: evaluate message 89afa12c-7ab5-4242-b549-468980402909
[92mINFO [0m:      Sent reply
[92mINFO [0m:      
[92mINFO [0m:      Received: evaluate message f1e72116-fe7e-4ee8-b128-de3496bcfd79
[92mINFO [0m:      Sent reply
[92mINFO [0m:      
[92mINFO [0m:      Received: train message 60e4b2bf-9b51-4273-89de-5d79492f6b23
[92mINFO [0m:      Sent reply
[92mINFO [0m:      
[92mINFO [0m:      Received: train message d23cf321-bb2e-440b-9adb-e0603c30ab3b
[92mINFO [0m:      Sent reply
[92mINFO [0m:      
[92mINFO [0m:      Received: evaluate message 87952c28-b47a-482b-b0b0-d4966685fcf7
[92mINFO [0m:      Sent reply
[92mINFO [0m:      
[92mINFO [0m:      Received: train message c49b43e8-cf3b-4394-842f-58976d7de8fe
[92mINFO [0m:      Sent reply
[92mINFO [0m:      
[92mINFO [0m:      Received: train message cfc86b69-d0bf-4418-8c1d-295fc3792af6
[92mINFO [0m:      Sent reply
[92mINFO [0m:      
[92mINFO [0m:      Received: evaluate message 32c32a55-45b3-4856-9961-780a550e70cb
[92mINFO [0m:      Sent reply
[92mINFO [0m:      
[92mINFO [0m:      Received: train message 5ce5ec41-3d26-4cfd-b2a9-e05e9b643a2b
[92mINFO [0m:      Sent reply
[92mINFO [0m:      
[92mINFO [0m:      Received: evaluate message 8b9ad1ef-7e5a-4f70-931b-26b1f3f4e4be
[92mINFO [0m:      Sent reply
[92mINFO [0m:      
[92mINFO [0m:      Received: train message ce0f5664-0b07-456b-91e9-2abe3f401c10
[92mINFO [0m:      Sent reply
[92mINFO [0m:      
[92mINFO [0m:      Received: evaluate message a1375d53-c4cf-4619-8c36-f4376189773c
[92mINFO [0m:      Sent reply
[92mINFO [0m:      
[92mINFO [0m:      Received: evaluate message 6f9f2ada-b362-4614-b21b-f22d5091f2f5
[92mINFO [0m:      Sent reply
[92mINFO [0m:      
[92mINFO [0m:      Received: train message 73b89487-8e3a-4ee0-ab4f-26112137d0f2
[92mINFO [0m:      Sent reply
[92mINFO [0m:      
[92mINFO [0m:      Received: train message 97f8d1b2-1129-48ed-81ea-507a7eabdc2a
[92mINFO [0m:      Sent reply
[92mINFO [0m:      
[92mINFO [0m:      Received: evaluate message b689d81e-a815-445b-add4-0e253bdb4838
[92mINFO [0m:      Sent reply
[92mINFO [0m:      
[92mINFO [0m:      Received: evaluate message f90358a3-aff8-4549-a602-34eba5e1dcac
[92mINFO [0m:      Sent reply
[92mINFO [0m:      
[92mINFO [0m:      Received: evaluate message 007d7f73-069c-4d6c-b96a-85845486d01e
[92mINFO [0m:      Sent reply
[92mINFO [0m:      
[92mINFO [0m:      Received: train message ef4b666e-1cc1-42c3-b4de-50371c880605
[92mINFO [0m:      Sent reply
[92mINFO [0m:      
[92mINFO [0m:      Received: train message b255761c-e4f6-4287-ad87-9fec9f365005
[92mINFO [0m:      Sent reply
[92mINFO [0m:      
[92mINFO [0m:      Received: evaluate message c22a97eb-7e12-45b8-b8d6-5c19475759f2
[92mINFO [0m:      Sent reply
[92mINFO [0m:      
[92mINFO [0m:      Received: train message 92ea0d40-65ed-4b56-ab8c-173593234ed8
[92mINFO [0m:      Sent reply
[92mINFO [0m:      
[92mINFO [0m:      Received: evaluate message 1d09ae66-7d1d-4588-9e53-98694ef6184e
[92mINFO [0m:      Sent reply
[92mINFO [0m:      
[92mINFO [0m:      Received: evaluate message bcffc69b-d73f-4ff7-b623-02478cfac262
[92mINFO [0m:      Sent reply
[92mINFO [0m:      
[92mINFO [0m:      Received: train message 1fc683e6-f7b5-4097-beca-391073007fed
[92mINFO [0m:      Sent reply
[92mINFO [0m:      
[92mINFO [0m:      Received: evaluate message 843a00b7-6972-421f-b387-55d7b9c990b7
[92mINFO [0m:      Sent reply
[92mINFO [0m:      
[92mINFO [0m:      Received: reconnect message 08503f9c-7480-4577-bcbf-6657badbf4d1
[92mINFO [0m:      Disconnect and shut down
