[93mWARNING [0m:   DEPRECATED FEATURE: flwr.client.start_client() is deprecated.
	Instead, use the `flower-supernode` CLI command to start a SuperNode as shown below:

		$ flower-supernode --insecure --superlink='<IP>:<PORT>'

	To view all available options, run:

		$ flower-supernode --help

	Using `start_client()` is deprecated.

            This is a deprecated feature. It will be removed
            entirely in future versions of Flower.
        
[92mINFO [0m:      
[92mINFO [0m:      Received: evaluate message e942539d-d41d-42f1-bede-56faf6a0dbc1
[92mINFO [0m:      Sent reply
[92mINFO [0m:      
[92mINFO [0m:      Received: evaluate message 1e54c541-754f-4ef0-b9b5-b1f4c91620e5
[92mINFO [0m:      Sent reply
[92mINFO [0m:      
[92mINFO [0m:      Received: train message 6aef2189-9f46-41af-a925-793470fd46ae
[92mINFO [0m:      Sent reply
[92mINFO [0m:      
[92mINFO [0m:      Received: evaluate message 01a7b903-bd77-4f03-804d-9d95645a9a97
[92mINFO [0m:      Sent reply
[92mINFO [0m:      
[92mINFO [0m:      Received: evaluate message cbae219f-7311-4bbd-abe3-19583aed1a5c
[92mINFO [0m:      Sent reply
[92mINFO [0m:      
[92mINFO [0m:      Received: train message 417fa1a5-e0aa-4b92-9e86-9a41f10f7a14
[92mINFO [0m:      Sent reply
[92mINFO [0m:      
[92mINFO [0m:      Received: evaluate message 47aac8fd-9bc7-441e-b35d-3a44ef748016
[92mINFO [0m:      Sent reply
[92mINFO [0m:      
[92mINFO [0m:      Received: evaluate message e4915724-7950-421c-a5bc-2ce2a650d607
[92mINFO [0m:      Sent reply
[92mINFO [0m:      
[92mINFO [0m:      Received: evaluate message edfd267c-e931-4a83-a6c3-f9e51eef86e7
[92mINFO [0m:      Sent reply
[92mINFO [0m:      
[92mINFO [0m:      Received: train message adc4e8ee-a97f-4682-8af9-7975f7511424
[92mINFO [0m:      Sent reply
[92mINFO [0m:      
[92mINFO [0m:      Received: evaluate message 1a181bc8-5266-4dde-9e27-c012709fc6a7
[92mINFO [0m:      Sent reply
[92mINFO [0m:      
[92mINFO [0m:      Received: train message 0fd19541-5ce1-4343-9728-db8dbfd04cec
[92mINFO [0m:      Sent reply
[92mINFO [0m:      
[92mINFO [0m:      Received: evaluate message 8be7a98e-30d3-4b19-92d8-558883d77b22
[92mINFO [0m:      Sent reply
[92mINFO [0m:      
[92mINFO [0m:      Received: train message b38fc1f4-f8f6-4d85-a375-8dc947e88e5b
[92mINFO [0m:      Sent reply
[92mINFO [0m:      
[92mINFO [0m:      Received: evaluate message dce9f28a-e7f9-4112-9f62-59fe55193102
[92mINFO [0m:      Sent reply
[92mINFO [0m:      
[92mINFO [0m:      Received: evaluate message c8e68467-f60e-42f0-be14-f4ad123645da
[92mINFO [0m:      Sent reply
[92mINFO [0m:      
[92mINFO [0m:      Received: train message b384ee11-39f4-4e07-90ef-227261c0424c
[92mINFO [0m:      Sent reply
[92mINFO [0m:      
[92mINFO [0m:      Received: evaluate message adbd7f81-7019-4694-a51b-3031ebda6edd
[92mINFO [0m:      Sent reply
[92mINFO [0m:      
[92mINFO [0m:      Received: evaluate message baef5d2b-1eff-4bd4-8604-47269b9eac38
[92mINFO [0m:      Sent reply
[92mINFO [0m:      
[92mINFO [0m:      Received: evaluate message e9245899-f520-4d36-8cb6-7bd33b1f10c9
[92mINFO [0m:      Sent reply
[92mINFO [0m:      
[92mINFO [0m:      Received: train message 89aac0b6-dc37-4b66-abdd-06deddfdfa83
[92mINFO [0m:      Sent reply
[92mINFO [0m:      
[92mINFO [0m:      Received: evaluate message 178fb19c-855e-4c90-ab9b-263afed9ff46
[92mINFO [0m:      Sent reply
[92mINFO [0m:      
[92mINFO [0m:      Received: train message 3c453f47-615e-4d25-8013-1418ef217732
[92mINFO [0m:      Sent reply
[92mINFO [0m:      
[92mINFO [0m:      Received: evaluate message f4976334-d9f6-412d-acf0-e2fe60f89f09
[92mINFO [0m:      Sent reply
[92mINFO [0m:      
[92mINFO [0m:      Received: evaluate message ef83d8f2-c349-4570-b424-793b9b8f87b1
[92mINFO [0m:      Sent reply
[92mINFO [0m:      
[92mINFO [0m:      Received: train message 742af4d9-8b87-4189-a7bb-d66665ce6d49
[92mINFO [0m:      Sent reply
[92mINFO [0m:      
[92mINFO [0m:      Received: train message b5a8ea45-bb9a-4613-ade6-df9ddd722cd9
[92mINFO [0m:      Sent reply
[92mINFO [0m:      
[92mINFO [0m:      Received: evaluate message 6b51e0d2-6c3d-440c-aadf-2b9ab0fa0cb0
[92mINFO [0m:      Sent reply
[92mINFO [0m:      
[92mINFO [0m:      Received: train message 93c2117b-c8a7-4fa6-a4a9-1cba7a811178
[92mINFO [0m:      Sent reply
[92mINFO [0m:      
[92mINFO [0m:      Received: evaluate message 699d0535-6d63-4754-9624-850e4bcdd3e1
[92mINFO [0m:      Sent reply
[92mINFO [0m:      
[92mINFO [0m:      Received: evaluate message a42c9851-8750-4534-a5fd-7fa7641cc757
[92mINFO [0m:      Sent reply
[92mINFO [0m:      
[92mINFO [0m:      Received: evaluate message d6539882-80b8-4aa4-9a9f-3576b29b7876
[92mINFO [0m:      Sent reply
[92mINFO [0m:      
[92mINFO [0m:      Received: evaluate message 9b8e7ee0-d7db-4265-8aaf-90300d584c01
[92mINFO [0m:      Sent reply
[92mINFO [0m:      
[92mINFO [0m:      Received: train message 85b07434-c606-40a0-b866-243e4a6ce03c
[92mINFO [0m:      Sent reply
[92mINFO [0m:      
[92mINFO [0m:      Received: train message 7c8aeca3-593d-42d9-af4c-a4569c441d96
[92mINFO [0m:      Sent reply
[92mINFO [0m:      
[92mINFO [0m:      Received: evaluate message f5de0966-eafd-4714-b72c-4a3d2676aabb
[92mINFO [0m:      Sent reply
[92mINFO [0m:      
[92mINFO [0m:      Received: train message c5f2915f-56bb-421d-99d2-03c33f8d3228
[92mINFO [0m:      Sent reply
[92mINFO [0m:      
[92mINFO [0m:      Received: train message 75f69667-6890-47f5-b9e4-81c129cd510a
[92mINFO [0m:      Sent reply
[92mINFO [0m:      
[92mINFO [0m:      Received: train message 5c7ca196-b03d-43e9-8132-811819d69a9e
[92mINFO [0m:      Sent reply
[92mINFO [0m:      
[92mINFO [0m:      Received: evaluate message 0278da11-6df5-4cb2-ae88-7572cae3a1b8
[92mINFO [0m:      Sent reply
[92mINFO [0m:      
[92mINFO [0m:      Received: train message f879dc53-6c4d-4585-9990-046131d66b2c
[92mINFO [0m:      Sent reply
[92mINFO [0m:      
[92mINFO [0m:      Received: evaluate message 45f820ea-6756-48ec-a61e-2a9dff4159e4
[92mINFO [0m:      Sent reply
[92mINFO [0m:      
[92mINFO [0m:      Received: evaluate message a20f434e-56eb-464a-8067-62061ade84df
[92mINFO [0m:      Sent reply
[92mINFO [0m:      
[92mINFO [0m:      Received: evaluate message 127fe802-2326-4ea6-b8f5-89ab04713fef
[92mINFO [0m:      Sent reply
[92mINFO [0m:      
[92mINFO [0m:      Received: train message 96a3fe10-9a15-486b-8b1a-27291ca1cc05
[92mINFO [0m:      Sent reply
[92mINFO [0m:      
[92mINFO [0m:      Received: train message 6ae80827-0d24-4451-9431-785d2a87d5cb
[92mINFO [0m:      Sent reply
[92mINFO [0m:      
[92mINFO [0m:      Received: evaluate message bd705caf-19dc-4ea4-9f4d-8108076a0d5d
[92mINFO [0m:      Sent reply
[92mINFO [0m:      
[92mINFO [0m:      Received: train message b8866688-b14e-4011-9ad7-69489389e196
[92mINFO [0m:      Sent reply
[92mINFO [0m:      
[92mINFO [0m:      Received: evaluate message dcec6bb6-c194-4066-a577-5f19e5942342
[92mINFO [0m:      Sent reply
[92mINFO [0m:      
[92mINFO [0m:      Received: train message 611ff62c-9c7e-4da5-a829-993f1c7d5ba1
[92mINFO [0m:      Sent reply
[92mINFO [0m:      
[92mINFO [0m:      Received: train message 3cb18406-2396-4075-95eb-138ee1637061
[92mINFO [0m:      Sent reply
[92mINFO [0m:      
[92mINFO [0m:      Received: evaluate message 4aa32af5-7030-4aa2-be5f-14f7db7a6609
[92mINFO [0m:      Sent reply
[92mINFO [0m:      
[92mINFO [0m:      Received: train message 9b7a3c3e-3cf9-439d-b335-4a6a509a6c5d
[92mINFO [0m:      Sent reply
[92mINFO [0m:      
[92mINFO [0m:      Received: evaluate message ffbfde59-2a83-45cf-b762-2bef22ab5f7f
[92mINFO [0m:      Sent reply
[92mINFO [0m:      
[92mINFO [0m:      Received: train message 18641bf5-e84f-4ed7-b6f1-553229f58d33
[92mINFO [0m:      Sent reply
[92mINFO [0m:      
[92mINFO [0m:      Received: train message 44c20970-f560-423a-bee2-449d180058dd
[92mINFO [0m:      Sent reply
[92mINFO [0m:      
[92mINFO [0m:      Received: train message e0541d20-624e-441d-9a29-d753a3f9e6c8
[92mINFO [0m:      Sent reply
[92mINFO [0m:      
[92mINFO [0m:      Received: evaluate message 2c4cb211-18a9-47c9-bc99-9d5ed720c2fd
[92mINFO [0m:      Sent reply
[92mINFO [0m:      
[92mINFO [0m:      Received: train message ef97cb4a-026f-4093-9b19-b90e5a6a21db
[92mINFO [0m:      Sent reply
[92mINFO [0m:      
[92mINFO [0m:      Received: evaluate message 77182e06-1d34-4b6f-ab26-a830c65877e9
[92mINFO [0m:      Sent reply
[92mINFO [0m:      
[92mINFO [0m:      Received: train message 1bd64100-3738-44d4-a0ea-449bbaaa36bc
[92mINFO [0m:      Sent reply
[92mINFO [0m:      
[92mINFO [0m:      Received: train message 4b12e769-af86-4957-8768-0d6f15619f66
[92mINFO [0m:      Sent reply
[92mINFO [0m:      
[92mINFO [0m:      Received: evaluate message 1e3e55ec-056f-4ab0-9a53-4e8684ac488e
[92mINFO [0m:      Sent reply
[92mINFO [0m:      
[92mINFO [0m:      Received: evaluate message b8d3d1d2-2d67-42c5-a92a-96d65af772d0
[92mINFO [0m:      Sent reply
[92mINFO [0m:      
[92mINFO [0m:      Received: evaluate message a3871ce0-ebc1-4ce6-8e08-d78054ba04f7
[92mINFO [0m:      Sent reply
[92mINFO [0m:      
[92mINFO [0m:      Received: evaluate message 8ebb51eb-8fff-4112-ac2e-bffc9ff45b12
[92mINFO [0m:      Sent reply
[92mINFO [0m:      
[92mINFO [0m:      Received: train message 75c1c1c6-e265-4c54-a2a0-2ae2e70f052d
[92mINFO [0m:      Sent reply
[92mINFO [0m:      
[92mINFO [0m:      Received: train message 71f24992-1eca-4334-b7e0-5fd94d9fc1bd
[92mINFO [0m:      Sent reply
[92mINFO [0m:      
[92mINFO [0m:      Received: evaluate message 50b50792-d0c2-4b8b-855e-3a56cbd00450
[92mINFO [0m:      Sent reply
[92mINFO [0m:      
[92mINFO [0m:      Received: train message 9bfc2792-bec5-4165-a72c-9b46d6ececcc
[92mINFO [0m:      Sent reply
[92mINFO [0m:      
[92mINFO [0m:      Received: evaluate message e0565d11-537e-415f-b01b-230cb1449651
[92mINFO [0m:      Sent reply
[92mINFO [0m:      
[92mINFO [0m:      Received: train message fc3846d2-b130-4b5e-9d65-5bd88ecc508b
[92mINFO [0m:      Sent reply
[92mINFO [0m:      
[92mINFO [0m:      Received: train message 8d8af117-99a4-46bc-86d5-34499b6f89a7
[92mINFO [0m:      Sent reply
[92mINFO [0m:      
[92mINFO [0m:      Received: evaluate message 1252b09e-096c-4eee-827c-9b2d50a741d2
[92mINFO [0m:      Sent reply
[92mINFO [0m:      
[92mINFO [0m:      Received: evaluate message 506b789b-2994-403d-921c-e579e1465562
[92mINFO [0m:      Sent reply
[92mINFO [0m:      
[92mINFO [0m:      Received: evaluate message 0b841563-2d56-4892-b393-092564feb0d6
[92mINFO [0m:      Sent reply
[92mINFO [0m:      
[92mINFO [0m:      Received: train message 8d584193-1859-4677-b388-1861a30b3d1b
[92mINFO [0m:      Sent reply
[92mINFO [0m:      
[92mINFO [0m:      Received: train message 3bb12188-cd4f-4b1e-a3a4-c5fccca12c72
[92mINFO [0m:      Sent reply
[92mINFO [0m:      
[92mINFO [0m:      Received: train message 82b6dff8-08a7-46a3-be5b-ff6e0340bf69
[92mINFO [0m:      Sent reply
[92mINFO [0m:      
[92mINFO [0m:      Received: evaluate message b763399b-69a1-4e56-a055-1d250e72bae4
[92mINFO [0m:      Sent reply
[92mINFO [0m:      
[92mINFO [0m:      Received: evaluate message fbf7aa20-418d-482b-b2cb-263899ab3189
[92mINFO [0m:      Sent reply
[92mINFO [0m:      
[92mINFO [0m:      Received: evaluate message 1c85e668-223b-4888-804f-d4593887bc0a
[92mINFO [0m:      Sent reply
[92mINFO [0m:      
[92mINFO [0m:      Received: train message ff434c92-fdff-443d-bd4e-ea571f6d81cb
[92mINFO [0m:      Sent reply
[92mINFO [0m:      
[92mINFO [0m:      Received: train message a0ced3f7-9399-4e71-a9d8-f0aebba9677c
[92mINFO [0m:      Sent reply
[92mINFO [0m:      
[92mINFO [0m:      Received: evaluate message 11bab8b6-cbca-44d8-82f1-bf208d2ed4e5
[92mINFO [0m:      Sent reply
[92mINFO [0m:      
[92mINFO [0m:      Received: train message a8af0378-21dc-41b3-bcd5-dba9598b6900
[92mINFO [0m:      Sent reply
[92mINFO [0m:      
[92mINFO [0m:      Received: evaluate message b01a7561-855a-4c67-9598-c2680d749b76
[92mINFO [0m:      Sent reply
[92mINFO [0m:      
[92mINFO [0m:      Received: evaluate message d921ac95-1ecb-4d59-a1d5-2f9ff8a1ecd4
[92mINFO [0m:      Sent reply
[92mINFO [0m:      
[92mINFO [0m:      Received: evaluate message 76c2a3fa-d3ee-4d2d-be87-6deb076b8a10
[92mINFO [0m:      Sent reply
[92mINFO [0m:      
[92mINFO [0m:      Received: train message c734f9ce-bebf-46fb-bd57-e5f2abe7ef9e
[92mINFO [0m:      Sent reply
[92mINFO [0m:      
[92mINFO [0m:      Received: train message 11ceef22-e806-4760-aeb0-615475119de1
[92mINFO [0m:      Sent reply
[92mINFO [0m:      
[92mINFO [0m:      Received: train message a0e5fd98-d74a-42a1-b0da-ff1b29aab0c7
[92mINFO [0m:      Sent reply
[92mINFO [0m:      
[92mINFO [0m:      Received: evaluate message 88fb3000-7401-4b0e-8b84-6e1d17436afd
[92mINFO [0m:      Sent reply
[92mINFO [0m:      
[92mINFO [0m:      Received: evaluate message c0cf7a41-235b-40f0-844d-16569ae2a37b
[92mINFO [0m:      Sent reply
[92mINFO [0m:      
[92mINFO [0m:      Received: evaluate message 07bfdf0f-adac-4db3-a1b3-5de04865c276
[92mINFO [0m:      Sent reply
[92mINFO [0m:      
[92mINFO [0m:      Received: evaluate message 35f72201-b7a3-413f-b4d9-1fbce468e339
[92mINFO [0m:      Sent reply
[92mINFO [0m:      
[92mINFO [0m:      Received: train message 0927d49b-2fca-4f7b-9cab-b756558dc3b2
[92mINFO [0m:      Sent reply
[92mINFO [0m:      
[92mINFO [0m:      Received: train message b40529ad-b217-4559-9749-8c427888cb1b
[92mINFO [0m:      Sent reply
[92mINFO [0m:      
[92mINFO [0m:      Received: evaluate message 47ef9797-de17-4a22-bfd1-131c705a672c
[92mINFO [0m:      Sent reply
[92mINFO [0m:      
[92mINFO [0m:      Received: evaluate message 54c311b1-36c6-498b-9eae-1d3036001017
[92mINFO [0m:      Sent reply
[92mINFO [0m:      
[92mINFO [0m:      Received: evaluate message 37ba214b-e523-4ee3-9f41-73e847351865
[92mINFO [0m:      Sent reply
[92mINFO [0m:      
[92mINFO [0m:      Received: evaluate message dbf48026-6d36-4cfd-94ad-adef5c1012b9
[92mINFO [0m:      Sent reply
[92mINFO [0m:      
[92mINFO [0m:      Received: evaluate message 08c48762-c69a-48ec-8858-57d911f15ac3
[92mINFO [0m:      Sent reply
[92mINFO [0m:      
[92mINFO [0m:      Received: reconnect message ef8f714d-800c-47e8-9f8d-568c26ff4bf0
[92mINFO [0m:      Disconnect and shut down
