[93mWARNING [0m:   DEPRECATED FEATURE: flwr.client.start_client() is deprecated.
	Instead, use the `flower-supernode` CLI command to start a SuperNode as shown below:

		$ flower-supernode --insecure --superlink='<IP>:<PORT>'

	To view all available options, run:

		$ flower-supernode --help

	Using `start_client()` is deprecated.

            This is a deprecated feature. It will be removed
            entirely in future versions of Flower.
        
[92mINFO [0m:      
[92mINFO [0m:      Received: train message 2c8c26f5-3753-456b-a0eb-a34a9b1cbaee
[92mINFO [0m:      Sent reply
[92mINFO [0m:      
[92mINFO [0m:      Received: train message 81d02dff-b40d-4ecd-9213-1e23cee0e34b
[92mINFO [0m:      Sent reply
[92mINFO [0m:      
[92mINFO [0m:      Received: evaluate message 0680fc72-1b79-42c7-82ce-be8f93d3b291
[92mINFO [0m:      Sent reply
[92mINFO [0m:      
[92mINFO [0m:      Received: evaluate message 14e744a3-3ab3-4539-ac21-0d6de35d4786
[92mINFO [0m:      Sent reply
[92mINFO [0m:      
[92mINFO [0m:      Received: evaluate message fb05bd02-bb13-4cb8-9b40-31f929606544
[92mINFO [0m:      Sent reply
[92mINFO [0m:      
[92mINFO [0m:      Received: train message ed3d86a3-2177-4c82-9036-bb859ddcb880
[92mINFO [0m:      Sent reply
[92mINFO [0m:      
[92mINFO [0m:      Received: evaluate message da816657-a042-4c58-8d6b-2258414d4055
[92mINFO [0m:      Sent reply
[92mINFO [0m:      
[92mINFO [0m:      Received: train message 1b209d43-c693-415c-885c-397ded6cab2d
[92mINFO [0m:      Sent reply
[92mINFO [0m:      
[92mINFO [0m:      Received: evaluate message 28d15c9d-c60e-41ad-b323-6fef2e465fae
[92mINFO [0m:      Sent reply
[92mINFO [0m:      
[92mINFO [0m:      Received: train message 3a04f61e-91e8-4331-a854-b35cffb40026
[92mINFO [0m:      Sent reply
[92mINFO [0m:      
[92mINFO [0m:      Received: evaluate message 10771c1c-3ea2-49b7-8d81-4d6ccb815e01
[92mINFO [0m:      Sent reply
[92mINFO [0m:      
[92mINFO [0m:      Received: train message 5b3dec08-86bf-431f-8956-76e238a021de
[92mINFO [0m:      Sent reply
[92mINFO [0m:      
[92mINFO [0m:      Received: evaluate message f4d39c3d-93e4-4208-a25f-fe669f23976b
[92mINFO [0m:      Sent reply
[92mINFO [0m:      
[92mINFO [0m:      Received: train message d0186a09-eb2a-45ff-ba5a-01537c47be72
[92mINFO [0m:      Sent reply
[92mINFO [0m:      
[92mINFO [0m:      Received: evaluate message 4e32cbea-d7e4-4663-90b0-fd3c21b1639d
[92mINFO [0m:      Sent reply
[92mINFO [0m:      
[92mINFO [0m:      Received: train message 40955d6a-f839-4e3b-a49c-055ebd1e4884
[92mINFO [0m:      Sent reply
[92mINFO [0m:      
[92mINFO [0m:      Received: evaluate message a9eb34f6-ace9-4d8b-ab49-834c0ae0573e
[92mINFO [0m:      Sent reply
[92mINFO [0m:      
[92mINFO [0m:      Received: train message a6a47ef5-b75e-4ff5-956d-440ee807c33a
[92mINFO [0m:      Sent reply
[92mINFO [0m:      
[92mINFO [0m:      Received: evaluate message 8ed1d8f8-39b7-472a-891d-02a00d5c5747
[92mINFO [0m:      Sent reply
[92mINFO [0m:      
[92mINFO [0m:      Received: train message ebb18082-b44e-4fdf-9699-d9db00b28414
[92mINFO [0m:      Sent reply
[92mINFO [0m:      
[92mINFO [0m:      Received: evaluate message be8ab34d-61a7-4d8e-9a5d-74006832c476
[92mINFO [0m:      Sent reply
[92mINFO [0m:      
[92mINFO [0m:      Received: evaluate message 3fdfe04a-0798-4303-8c3d-b67b257b7ef5
[92mINFO [0m:      Sent reply
[92mINFO [0m:      
[92mINFO [0m:      Received: evaluate message 1054509c-768c-46ce-97f1-54709f4b482b
[92mINFO [0m:      Sent reply
[92mINFO [0m:      
[92mINFO [0m:      Received: train message 9682c963-e7ec-46f5-82b1-fb87c4fde710
[92mINFO [0m:      Sent reply
[92mINFO [0m:      
[92mINFO [0m:      Received: evaluate message 83566efd-0d8f-487b-9e12-d3876c33e880
[92mINFO [0m:      Sent reply
[92mINFO [0m:      
[92mINFO [0m:      Received: train message eb4cc6ce-5a5f-4bd5-a61b-478e12530c21
[92mINFO [0m:      Sent reply
[92mINFO [0m:      
[92mINFO [0m:      Received: train message 6108ce3a-1dcb-4896-a022-7de3f778d3ff
[92mINFO [0m:      Sent reply
[92mINFO [0m:      
[92mINFO [0m:      Received: evaluate message 17beae00-dc72-4b24-acb0-2511a288d283
[92mINFO [0m:      Sent reply
[92mINFO [0m:      
[92mINFO [0m:      Received: train message 4f334dda-beb3-415c-9da9-8bf938b5d388
[92mINFO [0m:      Sent reply
[92mINFO [0m:      
[92mINFO [0m:      Received: evaluate message 4c3a53e8-7cb8-46b8-9ab1-b784bf3d9529
[92mINFO [0m:      Sent reply
[92mINFO [0m:      
[92mINFO [0m:      Received: train message 1de9c61f-400a-43a6-90e2-0647dc3eb6ae
[92mINFO [0m:      Sent reply
[92mINFO [0m:      
[92mINFO [0m:      Received: evaluate message 0845615e-99eb-4424-a93c-baf7e6a1dc49
[92mINFO [0m:      Sent reply
[92mINFO [0m:      
[92mINFO [0m:      Received: train message e429b1f6-26de-480d-90e2-5ced70746eea
[92mINFO [0m:      Sent reply
[92mINFO [0m:      
[92mINFO [0m:      Received: evaluate message 60174ba2-9825-44be-9be4-130efea106ac
[92mINFO [0m:      Sent reply
[92mINFO [0m:      
[92mINFO [0m:      Received: evaluate message 505d14da-e844-4ee5-acb2-ef39af430227
[92mINFO [0m:      Sent reply
[92mINFO [0m:      
[92mINFO [0m:      Received: train message 68824b44-dfa1-43ed-8941-95a8e4729717
[92mINFO [0m:      Sent reply
[92mINFO [0m:      
[92mINFO [0m:      Received: evaluate message 5dd67f4c-1052-4cb4-be8e-dfbe7efb156e
[92mINFO [0m:      Sent reply
[92mINFO [0m:      
[92mINFO [0m:      Received: train message e2139090-f087-4b72-95b5-a8910d00b39e
[92mINFO [0m:      Sent reply
[92mINFO [0m:      
[92mINFO [0m:      Received: train message aa9fb500-1207-43f4-84bf-497bb737cf06
[92mINFO [0m:      Sent reply
[92mINFO [0m:      
[92mINFO [0m:      Received: evaluate message 4cf4b627-79a4-47cd-9d7b-32f3b4498b7c
[92mINFO [0m:      Sent reply
[92mINFO [0m:      
[92mINFO [0m:      Received: evaluate message fcd4f89a-51ed-4444-b72b-139395f017ac
[92mINFO [0m:      Sent reply
[92mINFO [0m:      
[92mINFO [0m:      Received: train message 2a9a0845-4024-4c2c-beae-c166b7b52235
[92mINFO [0m:      Sent reply
[92mINFO [0m:      
[92mINFO [0m:      Received: evaluate message 72996f1b-70bb-42ac-92e7-543e4c39f6f6
[92mINFO [0m:      Sent reply
[92mINFO [0m:      
[92mINFO [0m:      Received: evaluate message 0ab62f5c-f552-4119-b57f-1b49ea27eadb
[92mINFO [0m:      Sent reply
[92mINFO [0m:      
[92mINFO [0m:      Received: evaluate message 19401eb0-f161-4240-9324-41860d07454a
[92mINFO [0m:      Sent reply
[92mINFO [0m:      
[92mINFO [0m:      Received: train message 52dc365e-9e12-46b9-a15b-292af78eea82
[92mINFO [0m:      Sent reply
[92mINFO [0m:      
[92mINFO [0m:      Received: train message a7d7658e-e122-4e68-8db0-8e199d663a00
[92mINFO [0m:      Sent reply
[92mINFO [0m:      
[92mINFO [0m:      Received: evaluate message 470a8a4d-edac-4624-964e-040a4a16e5f9
[92mINFO [0m:      Sent reply
[92mINFO [0m:      
[92mINFO [0m:      Received: train message a6f1db3c-0e05-4084-9ed2-f6308fd84b66
[92mINFO [0m:      Sent reply
[92mINFO [0m:      
[92mINFO [0m:      Received: evaluate message aaee5df7-0db0-4027-92e0-6b0fb724783b
[92mINFO [0m:      Sent reply
[92mINFO [0m:      
[92mINFO [0m:      Received: train message 3b0ceb7c-f34c-4739-8687-799d89f419c3
[92mINFO [0m:      Sent reply
[92mINFO [0m:      
[92mINFO [0m:      Received: evaluate message c5dec851-e120-446e-aa70-28e3af3b5acb
[92mINFO [0m:      Sent reply
[92mINFO [0m:      
[92mINFO [0m:      Received: train message 81a86abd-0473-4cf8-8b71-741fdcc05035
[92mINFO [0m:      Sent reply
[92mINFO [0m:      
[92mINFO [0m:      Received: evaluate message 8289e228-4e4e-4487-94ba-b133a2aa213c
[92mINFO [0m:      Sent reply
[92mINFO [0m:      
[92mINFO [0m:      Received: train message 14122014-b7a5-4049-85ac-2a45204015a2
[92mINFO [0m:      Sent reply
[92mINFO [0m:      
[92mINFO [0m:      Received: train message 8f23c12d-6f30-4640-b24b-2002b26de8a9
[92mINFO [0m:      Sent reply
[92mINFO [0m:      
[92mINFO [0m:      Received: train message 8c6c41ed-3f80-483d-ac4a-2c8bcdc74b87
[92mINFO [0m:      Sent reply
[92mINFO [0m:      
[92mINFO [0m:      Received: evaluate message 1c7b682d-b5a3-4c2e-9dc8-709a670a7799
[92mINFO [0m:      Sent reply
[92mINFO [0m:      
[92mINFO [0m:      Received: evaluate message 8c7e4d10-cd84-4054-97fc-a1567eca140f
[92mINFO [0m:      Sent reply
[92mINFO [0m:      
[92mINFO [0m:      Received: train message 4898a3ea-284d-485e-a10a-3161a55da0a9
[92mINFO [0m:      Sent reply
[92mINFO [0m:      
[92mINFO [0m:      Received: evaluate message 12f31dc8-23b4-4b5a-96dd-031ef7676541
[92mINFO [0m:      Sent reply
[92mINFO [0m:      
[92mINFO [0m:      Received: evaluate message 6b8a16fe-b0a0-410a-bd1e-177c4c21bfd5
[92mINFO [0m:      Sent reply
[92mINFO [0m:      
[92mINFO [0m:      Received: train message 91b63959-1666-42bc-bc10-360a3b892d6a
[92mINFO [0m:      Sent reply
[92mINFO [0m:      
[92mINFO [0m:      Received: evaluate message 57414bee-eed0-4ac1-b961-a3004f39c001
[92mINFO [0m:      Sent reply
[92mINFO [0m:      
[92mINFO [0m:      Received: train message ed419ca0-6be3-461e-8b04-9d0dca09737b
[92mINFO [0m:      Sent reply
[92mINFO [0m:      
[92mINFO [0m:      Received: evaluate message 22dba4ce-adde-4417-9018-9596a87b40e3
[92mINFO [0m:      Sent reply
[92mINFO [0m:      
[92mINFO [0m:      Received: train message 0364bfe5-2cda-4274-b528-de705461a177
[92mINFO [0m:      Sent reply
[92mINFO [0m:      
[92mINFO [0m:      Received: train message b0b25d68-ba79-4090-b077-f577c54cdc6c
[92mINFO [0m:      Sent reply
[92mINFO [0m:      
[92mINFO [0m:      Received: train message 7cecc04b-1933-4946-873e-84be4b49d4e1
[92mINFO [0m:      Sent reply
[92mINFO [0m:      
[92mINFO [0m:      Received: train message c3e6a74a-d67e-4b97-bcec-ca2b981c1917
[92mINFO [0m:      Sent reply
[92mINFO [0m:      
[92mINFO [0m:      Received: evaluate message e696e512-750a-4130-baf4-157bfed183b2
[92mINFO [0m:      Sent reply
[92mINFO [0m:      
[92mINFO [0m:      Received: evaluate message 641b6cc4-978c-4c37-ae91-ad2ee063a087
[92mINFO [0m:      Sent reply
[92mINFO [0m:      
[92mINFO [0m:      Received: train message caf7c210-fe36-4d51-b2aa-636cd4a70200
[92mINFO [0m:      Sent reply
[92mINFO [0m:      
[92mINFO [0m:      Received: train message b09962a8-937e-4400-8248-090436801d2a
[92mINFO [0m:      Sent reply
[92mINFO [0m:      
[92mINFO [0m:      Received: evaluate message eae025ce-c9f8-403f-910a-10b31ee16761
[92mINFO [0m:      Sent reply
[92mINFO [0m:      
[92mINFO [0m:      Received: train message bf758754-f5a1-4a57-9a8b-835e9d97c3ac
[92mINFO [0m:      Sent reply
[92mINFO [0m:      
[92mINFO [0m:      Received: train message d67094ee-3fef-4fca-b6b1-98001033d71d
[92mINFO [0m:      Sent reply
[92mINFO [0m:      
[92mINFO [0m:      Received: train message 0589c37b-f1d1-4d23-bb0d-be9430e8d03c
[92mINFO [0m:      Sent reply
[92mINFO [0m:      
[92mINFO [0m:      Received: evaluate message 1386ae03-2145-4899-8e2a-6c1029b1d32e
[92mINFO [0m:      Sent reply
[92mINFO [0m:      
[92mINFO [0m:      Received: train message efb8cac6-d02e-4bab-a743-8b4e6e2e2979
[92mINFO [0m:      Sent reply
[92mINFO [0m:      
[92mINFO [0m:      Received: train message edee2880-a482-4a23-a932-31a1115dc951
[92mINFO [0m:      Sent reply
[92mINFO [0m:      
[92mINFO [0m:      Received: evaluate message aaead34e-d593-41ed-856f-b77a667f2275
[92mINFO [0m:      Sent reply
[92mINFO [0m:      
[92mINFO [0m:      Received: train message 09c3b969-06d0-402b-a9a1-5a09652e77bd
[92mINFO [0m:      Sent reply
[92mINFO [0m:      
[92mINFO [0m:      Received: evaluate message 4dbc6cbb-503e-471a-982b-ad659f152e1a
[92mINFO [0m:      Sent reply
[92mINFO [0m:      
[92mINFO [0m:      Received: evaluate message f7102701-9c71-4833-bdcb-6a5369e8ae75
[92mINFO [0m:      Sent reply
[92mINFO [0m:      
[92mINFO [0m:      Received: train message 20a5c3d8-25ef-4ae0-ab48-4ca697494e9f
[92mINFO [0m:      Sent reply
[92mINFO [0m:      
[92mINFO [0m:      Received: train message 97950e53-d416-4a33-b583-48432a5b9741
[92mINFO [0m:      Sent reply
[92mINFO [0m:      
[92mINFO [0m:      Received: evaluate message 2c02c051-804a-4b5e-b0c2-df584d3fec97
[92mINFO [0m:      Sent reply
[92mINFO [0m:      
[92mINFO [0m:      Received: train message 67229cd5-7d74-48d5-b983-f01ee31c48af
[92mINFO [0m:      Sent reply
[92mINFO [0m:      
[92mINFO [0m:      Received: train message 59c31170-3af2-417f-9419-5df0700dff98
[92mINFO [0m:      Sent reply
[92mINFO [0m:      
[92mINFO [0m:      Received: train message 2bf3f885-f958-4311-809f-9feef0f4a8f4
[92mINFO [0m:      Sent reply
[92mINFO [0m:      
[92mINFO [0m:      Received: train message fce29497-3f9d-454d-9036-d8226beae756
[92mINFO [0m:      Sent reply
[92mINFO [0m:      
[92mINFO [0m:      Received: train message f9c0e3d9-35d8-444e-86ca-e8780284301a
[92mINFO [0m:      Sent reply
[92mINFO [0m:      
[92mINFO [0m:      Received: train message 3d08e0d5-2c3e-4715-9241-363bca1d48e0
[92mINFO [0m:      Sent reply
[92mINFO [0m:      
[92mINFO [0m:      Received: evaluate message ed2c24f6-7546-473b-a98f-4d1390a48522
[92mINFO [0m:      Sent reply
[92mINFO [0m:      
[92mINFO [0m:      Received: train message b575e4db-0e28-4776-8717-967d5ddf0c5a
[92mINFO [0m:      Sent reply
[92mINFO [0m:      
[92mINFO [0m:      Received: train message 96518bd3-7e63-47fa-ab9b-1ccc0e67e782
[92mINFO [0m:      Sent reply
[92mINFO [0m:      
[92mINFO [0m:      Received: train message 4a468e3e-1db2-4f15-8603-2299e1dfa1b8
[92mINFO [0m:      Sent reply
[92mINFO [0m:      
[92mINFO [0m:      Received: evaluate message fb7b8153-3cbe-44d0-b245-1b20fa49c7aa
[92mINFO [0m:      Sent reply
[92mINFO [0m:      
[92mINFO [0m:      Received: train message bb6c5fac-8a4e-4861-b274-7b4f5314fc07
[92mINFO [0m:      Sent reply
[92mINFO [0m:      
[92mINFO [0m:      Received: train message 73c048b9-7f6c-4808-92a6-87daf667d045
[92mINFO [0m:      Sent reply
[92mINFO [0m:      
[92mINFO [0m:      Received: evaluate message 593ab43f-d0e0-4640-a05e-c086669e22bb
[92mINFO [0m:      Sent reply
[92mINFO [0m:      
[92mINFO [0m:      Received: train message 7aea2950-a0dc-4d8b-93a1-8e2d9c50de3f
[92mINFO [0m:      Sent reply
[92mINFO [0m:      
[92mINFO [0m:      Received: train message 377ed10c-7dcc-441c-986e-0984c585ecd1
[92mINFO [0m:      Sent reply
[92mINFO [0m:      
[92mINFO [0m:      Received: evaluate message d538c9c7-8bad-4673-afb5-d828fef32e0e
[92mINFO [0m:      Sent reply
[92mINFO [0m:      
[92mINFO [0m:      Received: evaluate message c28d98d7-dd2b-4d80-a10c-842a998542be
[92mINFO [0m:      Sent reply
[92mINFO [0m:      
[92mINFO [0m:      Received: train message 19b4926f-16bf-49a6-b579-5460a7e800fd
[92mINFO [0m:      Sent reply
[92mINFO [0m:      
[92mINFO [0m:      Received: evaluate message 186d5634-caf0-46bd-bb2f-ddf408556bb1
[92mINFO [0m:      Sent reply
[92mINFO [0m:      
[92mINFO [0m:      Received: train message 952c741f-662e-41f4-8a8c-bf43a9a04e8a
[92mINFO [0m:      Sent reply
[92mINFO [0m:      
[92mINFO [0m:      Received: train message 9cea1d16-3992-4722-89e9-c360df40eeb0
[92mINFO [0m:      Sent reply
[92mINFO [0m:      
[92mINFO [0m:      Received: evaluate message 98bb48c4-3150-4058-9c1c-e8e01699c9af
[92mINFO [0m:      Sent reply
[92mINFO [0m:      
[92mINFO [0m:      Received: evaluate message b4621763-05af-4e07-bca5-008262b02473
[92mINFO [0m:      Sent reply
[92mINFO [0m:      
[92mINFO [0m:      Received: train message b249c6e0-000d-4b3b-82a1-a5bec5e8152b
[92mINFO [0m:      Sent reply
[92mINFO [0m:      
[92mINFO [0m:      Received: train message 6cea3406-f89b-4f92-8c5b-0f1b2a5d003e
[92mINFO [0m:      Sent reply
[92mINFO [0m:      
[92mINFO [0m:      Received: evaluate message af0488ab-4fcb-4eff-a1c8-1020d78572a2
[92mINFO [0m:      Sent reply
[92mINFO [0m:      
[92mINFO [0m:      Received: train message fc3481c8-7548-4e9c-91c8-a9783a5d275f
[92mINFO [0m:      Sent reply
[92mINFO [0m:      
[92mINFO [0m:      Received: evaluate message 689d8bdb-d316-4961-a8f2-7f72c2f7ff38
[92mINFO [0m:      Sent reply
[92mINFO [0m:      
[92mINFO [0m:      Received: evaluate message de36c4ed-a1b5-4afa-9ff8-e6c1114a1a34
[92mINFO [0m:      Sent reply
[92mINFO [0m:      
[92mINFO [0m:      Received: train message 22b95748-e569-4d9f-b9b1-ebf6a021a757
[92mINFO [0m:      Sent reply
[92mINFO [0m:      
[92mINFO [0m:      Received: train message 0cfb0657-7664-4977-8492-97cf203917a9
[92mINFO [0m:      Sent reply
[92mINFO [0m:      
[92mINFO [0m:      Received: evaluate message 1a43b479-5592-4232-bca4-4ed0857541c6
[92mINFO [0m:      Sent reply
[92mINFO [0m:      
[92mINFO [0m:      Received: evaluate message dd465b50-194a-4154-a562-a3930b8beffd
[92mINFO [0m:      Sent reply
[92mINFO [0m:      
[92mINFO [0m:      Received: reconnect message a2446ee4-230c-473b-a4c2-e507288c2ad7
[92mINFO [0m:      Disconnect and shut down
