[93mWARNING [0m:   DEPRECATED FEATURE: flwr.client.start_client() is deprecated.
	Instead, use the `flower-supernode` CLI command to start a SuperNode as shown below:

		$ flower-supernode --insecure --superlink='<IP>:<PORT>'

	To view all available options, run:

		$ flower-supernode --help

	Using `start_client()` is deprecated.

            This is a deprecated feature. It will be removed
            entirely in future versions of Flower.
        
[92mINFO [0m:      
[92mINFO [0m:      Received: train message 755b66cf-f700-40ae-818f-e5c350d6af09
[92mINFO [0m:      Sent reply
[92mINFO [0m:      
[92mINFO [0m:      Received: train message 6ef6b5b6-d1c7-487c-8465-60ba3f2a2d29
[92mINFO [0m:      Sent reply
[92mINFO [0m:      
[92mINFO [0m:      Received: train message 27048643-954b-44c3-ac9c-0f196426817f
[92mINFO [0m:      Sent reply
[92mINFO [0m:      
[92mINFO [0m:      Received: evaluate message 1e4c1f48-4cf3-458a-ac27-92a705470b48
[92mINFO [0m:      Sent reply
[92mINFO [0m:      
[92mINFO [0m:      Received: train message 3e809469-1c6b-4a6b-816f-0aae508e541d
[92mINFO [0m:      Sent reply
[92mINFO [0m:      
[92mINFO [0m:      Received: evaluate message a5ee755e-2e16-44aa-b140-ca48b5292872
[92mINFO [0m:      Sent reply
[92mINFO [0m:      
[92mINFO [0m:      Received: train message 94435101-554b-4c4d-9250-d6075ef0bdc2
[92mINFO [0m:      Sent reply
[92mINFO [0m:      
[92mINFO [0m:      Received: train message 417b1689-0e86-4e68-a576-ef1c3b32b2c2
[92mINFO [0m:      Sent reply
[92mINFO [0m:      
[92mINFO [0m:      Received: evaluate message 563685b1-84bf-44e9-967a-f2a412e44218
[92mINFO [0m:      Sent reply
[92mINFO [0m:      
[92mINFO [0m:      Received: train message 5aaa14a4-e188-49a3-84a3-d8352bb546a2
[92mINFO [0m:      Sent reply
[92mINFO [0m:      
[92mINFO [0m:      Received: train message 63299640-04ee-45ff-a967-b8b088cb3558
[92mINFO [0m:      Sent reply
[92mINFO [0m:      
[92mINFO [0m:      Received: train message ba30eb2e-93dc-4bf7-abcd-a2d78a8370e2
[92mINFO [0m:      Sent reply
[92mINFO [0m:      
[92mINFO [0m:      Received: train message 32539c7a-22fa-4b59-b2b0-572c39914058
[92mINFO [0m:      Sent reply
[92mINFO [0m:      
[92mINFO [0m:      Received: evaluate message 718c5958-c7d1-4cfc-a828-3f3955eed0fa
[92mINFO [0m:      Sent reply
[92mINFO [0m:      
[92mINFO [0m:      Received: evaluate message c07a8136-e11b-4c83-8ce1-52fa0017b4ac
[92mINFO [0m:      Sent reply
[92mINFO [0m:      
[92mINFO [0m:      Received: train message 60381139-a2c9-4bfd-9c5f-8088235d1983
[92mINFO [0m:      Sent reply
[92mINFO [0m:      
[92mINFO [0m:      Received: evaluate message b24466a4-c954-4ebf-a8a0-f553b5bc1375
[92mINFO [0m:      Sent reply
[92mINFO [0m:      
[92mINFO [0m:      Received: train message 12018007-d783-4436-aa5a-0ba00c9cf00c
[92mINFO [0m:      Sent reply
[92mINFO [0m:      
[92mINFO [0m:      Received: train message afb41f81-8d5b-4cf9-9ed8-658d47c6ea2b
[92mINFO [0m:      Sent reply
[92mINFO [0m:      
[92mINFO [0m:      Received: evaluate message 0e8256ea-930d-46c1-8c0e-13c5bfd330f9
[92mINFO [0m:      Sent reply
[92mINFO [0m:      
[92mINFO [0m:      Received: train message 796fb292-7f1f-42bc-8660-0bec7334665e
[92mINFO [0m:      Sent reply
[92mINFO [0m:      
[92mINFO [0m:      Received: evaluate message cc68b1d0-2f09-41c0-b13c-edddcf5882e4
[92mINFO [0m:      Sent reply
[92mINFO [0m:      
[92mINFO [0m:      Received: train message 3c03c270-b1ed-497e-b8ba-e64a7a613574
[92mINFO [0m:      Sent reply
[92mINFO [0m:      
[92mINFO [0m:      Received: evaluate message 4127bbdb-6e78-455a-afe7-ec24a8bfd6e1
[92mINFO [0m:      Sent reply
[92mINFO [0m:      
[92mINFO [0m:      Received: evaluate message f9f7bbe5-0467-4966-b245-92a3d0a4bf25
[92mINFO [0m:      Sent reply
[92mINFO [0m:      
[92mINFO [0m:      Received: train message a42614ec-3e7b-45b4-9dd1-d96be4fe23ad
[92mINFO [0m:      Sent reply
[92mINFO [0m:      
[92mINFO [0m:      Received: train message 08f554cd-9c1f-44ed-9281-ac4799ac9b7f
[92mINFO [0m:      Sent reply
[92mINFO [0m:      
[92mINFO [0m:      Received: evaluate message d0e0321d-1435-41bb-aec7-83f549e2636e
[92mINFO [0m:      Sent reply
[92mINFO [0m:      
[92mINFO [0m:      Received: train message 205d2c6b-a2b0-45fc-a7ae-d08663bb337b
[92mINFO [0m:      Sent reply
[92mINFO [0m:      
[92mINFO [0m:      Received: evaluate message 29e16a53-2400-4175-ba74-64bcc9e296bb
[92mINFO [0m:      Sent reply
[92mINFO [0m:      
[92mINFO [0m:      Received: train message d09fc033-47a1-4c09-951a-04b3a6bc74f5
[92mINFO [0m:      Sent reply
[92mINFO [0m:      
[92mINFO [0m:      Received: evaluate message dba85587-b762-4c9d-aa30-ef17d7516a5a
[92mINFO [0m:      Sent reply
[92mINFO [0m:      
[92mINFO [0m:      Received: train message 85c7ac61-89c4-43d9-b730-271db1d7375a
[92mINFO [0m:      Sent reply
[92mINFO [0m:      
[92mINFO [0m:      Received: evaluate message 23b4a354-c919-4510-9799-e4ce4f23dd91
[92mINFO [0m:      Sent reply
[92mINFO [0m:      
[92mINFO [0m:      Received: evaluate message 16a3f64e-842b-4cb7-9847-414cf3ec5a24
[92mINFO [0m:      Sent reply
[92mINFO [0m:      
[92mINFO [0m:      Received: train message a45bee26-8028-4bb2-ad28-6e23c969d196
[92mINFO [0m:      Sent reply
[92mINFO [0m:      
[92mINFO [0m:      Received: evaluate message b25a9a05-e2fa-4f48-a8bb-6efe8c31a0b6
[92mINFO [0m:      Sent reply
[92mINFO [0m:      
[92mINFO [0m:      Received: train message e10d1196-e8bf-43e5-85b5-04fdee04ede9
[92mINFO [0m:      Sent reply
[92mINFO [0m:      
[92mINFO [0m:      Received: train message 0fa82d5f-f5fa-4c88-9463-077cf7f70de8
[92mINFO [0m:      Sent reply
[92mINFO [0m:      
[92mINFO [0m:      Received: evaluate message c8069ca0-6c72-42b1-af73-2a4fdff10999
[92mINFO [0m:      Sent reply
[92mINFO [0m:      
[92mINFO [0m:      Received: evaluate message c95208d7-bdbc-4061-a05c-54a47f820b6e
[92mINFO [0m:      Sent reply
[92mINFO [0m:      
[92mINFO [0m:      Received: evaluate message 6b53a549-a236-4d48-b290-2967beca49cd
[92mINFO [0m:      Sent reply
[92mINFO [0m:      
[92mINFO [0m:      Received: train message c67c9c52-34f6-432a-89b7-19518196b778
[92mINFO [0m:      Sent reply
[92mINFO [0m:      
[92mINFO [0m:      Received: evaluate message d9e59644-fc87-45e2-adc3-75d224eb2981
[92mINFO [0m:      Sent reply
[92mINFO [0m:      
[92mINFO [0m:      Received: train message 275e4dd3-afe7-4f84-b1e1-7f0c5298c762
[92mINFO [0m:      Sent reply
[92mINFO [0m:      
[92mINFO [0m:      Received: train message ee5666f7-ad3f-4ad5-b267-07eb771614ca
[92mINFO [0m:      Sent reply
[92mINFO [0m:      
[92mINFO [0m:      Received: evaluate message c5554397-8e2d-48a3-84fb-15f27f982c95
[92mINFO [0m:      Sent reply
[92mINFO [0m:      
[92mINFO [0m:      Received: train message 962ce6ec-04a5-4456-b080-113ac1ff5f6c
[92mINFO [0m:      Sent reply
[92mINFO [0m:      
[92mINFO [0m:      Received: evaluate message 103383c7-f5ac-414f-be8f-ace6b5bfb923
[92mINFO [0m:      Sent reply
[92mINFO [0m:      
[92mINFO [0m:      Received: train message 3ccd570e-d703-45ce-90f6-0001ccdd5efb
[92mINFO [0m:      Sent reply
[92mINFO [0m:      
[92mINFO [0m:      Received: evaluate message 5b96bfa6-1a93-46c0-bec9-62c80be149b7
[92mINFO [0m:      Sent reply
[92mINFO [0m:      
[92mINFO [0m:      Received: evaluate message e67c92f5-df23-4fa4-b150-a12b72589dc5
[92mINFO [0m:      Sent reply
[92mINFO [0m:      
[92mINFO [0m:      Received: train message fbb54c12-0842-49b2-9ebe-e583b1abb35f
[92mINFO [0m:      Sent reply
[92mINFO [0m:      
[92mINFO [0m:      Received: evaluate message 3f8bae47-6a58-4607-a344-d3230541e0f5
[92mINFO [0m:      Sent reply
[92mINFO [0m:      
[92mINFO [0m:      Received: train message a203ab5b-b3f0-405a-8cc3-c9d5acaf1ff4
[92mINFO [0m:      Sent reply
[92mINFO [0m:      
[92mINFO [0m:      Received: train message 8beb26c1-a502-44bf-960b-091e3de05cda
[92mINFO [0m:      Sent reply
[92mINFO [0m:      
[92mINFO [0m:      Received: evaluate message 235fa9a6-3735-4a58-b3f8-e66fb5176db1
[92mINFO [0m:      Sent reply
[92mINFO [0m:      
[92mINFO [0m:      Received: train message 2d17e94a-b1cf-42c7-9906-ac6d5fd4b867
[92mINFO [0m:      Sent reply
[92mINFO [0m:      
[92mINFO [0m:      Received: train message b80242c4-35b9-4415-9d96-3897f52c7450
[92mINFO [0m:      Sent reply
[92mINFO [0m:      
[92mINFO [0m:      Received: evaluate message f099278d-1adc-4776-ad39-ccf8246d6afc
[92mINFO [0m:      Sent reply
[92mINFO [0m:      
[92mINFO [0m:      Received: train message 5d6866e9-6fe0-4d48-b1e3-09754360ada8
[92mINFO [0m:      Sent reply
[92mINFO [0m:      
[92mINFO [0m:      Received: evaluate message 184dda02-8d08-475a-b257-fec88e72bf2a
[92mINFO [0m:      Sent reply
[92mINFO [0m:      
[92mINFO [0m:      Received: train message 08656622-8aed-4062-aa8e-f959fd2aa1fe
[92mINFO [0m:      Sent reply
[92mINFO [0m:      
[92mINFO [0m:      Received: train message fa8ce920-86bc-4e74-b973-f20aff655196
[92mINFO [0m:      Sent reply
[92mINFO [0m:      
[92mINFO [0m:      Received: train message 5fff945a-d6ad-469d-9a0e-c34f87cc03f1
[92mINFO [0m:      Sent reply
[92mINFO [0m:      
[92mINFO [0m:      Received: evaluate message b36e6815-caa7-4996-a893-f48e6db6acb2
[92mINFO [0m:      Sent reply
[92mINFO [0m:      
[92mINFO [0m:      Received: train message 68bfe972-e5ce-4724-8bbb-fdc17ffe9354
[92mINFO [0m:      Sent reply
[92mINFO [0m:      
[92mINFO [0m:      Received: train message e21bf992-a2b7-4803-8f42-3afd12d5a993
[92mINFO [0m:      Sent reply
[92mINFO [0m:      
[92mINFO [0m:      Received: evaluate message 23b74ab7-20f9-46ff-a70f-8a09c60f028b
[92mINFO [0m:      Sent reply
[92mINFO [0m:      
[92mINFO [0m:      Received: evaluate message a1bd6cf2-7888-4553-b322-1b942e65a710
[92mINFO [0m:      Sent reply
[92mINFO [0m:      
[92mINFO [0m:      Received: evaluate message fa4b940b-ef39-46fa-a5ec-2073c7a0dd83
[92mINFO [0m:      Sent reply
[92mINFO [0m:      
[92mINFO [0m:      Received: evaluate message 87784a1e-266e-4b2b-9fb2-92fc0635396d
[92mINFO [0m:      Sent reply
[92mINFO [0m:      
[92mINFO [0m:      Received: train message bea61029-5907-4cb0-ba65-c6a1aba209fe
[92mINFO [0m:      Sent reply
[92mINFO [0m:      
[92mINFO [0m:      Received: evaluate message 18a43b04-ee53-4a9d-8eb1-070ce332b51e
[92mINFO [0m:      Sent reply
[92mINFO [0m:      
[92mINFO [0m:      Received: train message 5507cc95-9928-408a-aad9-eea597344ff2
[92mINFO [0m:      Sent reply
[92mINFO [0m:      
[92mINFO [0m:      Received: evaluate message 313de627-8014-47f5-aa31-6d123ee8eb4c
[92mINFO [0m:      Sent reply
[92mINFO [0m:      
[92mINFO [0m:      Received: train message 7bf48c48-d265-4b18-887d-0eb941e7f9ca
[92mINFO [0m:      Sent reply
[92mINFO [0m:      
[92mINFO [0m:      Received: train message 28d04220-df02-4901-aa89-1c87daceb18e
[92mINFO [0m:      Sent reply
[92mINFO [0m:      
[92mINFO [0m:      Received: train message b30e0a0b-5b27-4029-855c-9d77449414f3
[92mINFO [0m:      Sent reply
[92mINFO [0m:      
[92mINFO [0m:      Received: train message d6c8d8cf-18a1-41ac-bc45-f92adf59d54e
[92mINFO [0m:      Sent reply
[92mINFO [0m:      
[92mINFO [0m:      Received: evaluate message 33cfa69f-4ff7-47d0-a87d-455b1d11aa7a
[92mINFO [0m:      Sent reply
[92mINFO [0m:      
[92mINFO [0m:      Received: train message 1e1012b6-5019-46d9-8535-d47a5874b9e7
[92mINFO [0m:      Sent reply
[92mINFO [0m:      
[92mINFO [0m:      Received: evaluate message b783fd4d-af7a-4995-bb94-b407a9eaa891
[92mINFO [0m:      Sent reply
[92mINFO [0m:      
[92mINFO [0m:      Received: train message 9824e42e-a2e0-4271-9bc1-2e975263c450
[92mINFO [0m:      Sent reply
[92mINFO [0m:      
[92mINFO [0m:      Received: evaluate message 091c2528-3297-4af1-a80b-128e01f77254
[92mINFO [0m:      Sent reply
[92mINFO [0m:      
[92mINFO [0m:      Received: evaluate message 137589e0-dc63-4954-8652-c04ef7aac3b7
[92mINFO [0m:      Sent reply
[92mINFO [0m:      
[92mINFO [0m:      Received: train message ca13bf28-2ef3-4db7-9b4b-9f7f6f5429d1
[92mINFO [0m:      Sent reply
[92mINFO [0m:      
[92mINFO [0m:      Received: evaluate message 5a51a97c-85e1-41bd-9613-8fb8ba47afc0
[92mINFO [0m:      Sent reply
[92mINFO [0m:      
[92mINFO [0m:      Received: train message 1f253b79-83b8-4d5a-b109-8cefec0e88bd
[92mINFO [0m:      Sent reply
[92mINFO [0m:      
[92mINFO [0m:      Received: evaluate message 3a3d4d32-7256-4d2e-9e1e-867da857984d
[92mINFO [0m:      Sent reply
[92mINFO [0m:      
[92mINFO [0m:      Received: train message 915dcd53-58dd-4b8c-969e-7c5975722b63
[92mINFO [0m:      Sent reply
[92mINFO [0m:      
[92mINFO [0m:      Received: evaluate message b82b5445-1323-4ba9-80d5-c6f907bf0797
[92mINFO [0m:      Sent reply
[92mINFO [0m:      
[92mINFO [0m:      Received: train message 6dbdde27-8e80-4433-af75-df61f901a408
[92mINFO [0m:      Sent reply
[92mINFO [0m:      
[92mINFO [0m:      Received: train message e4dc9955-0374-4696-a93c-6d7c676d4e69
[92mINFO [0m:      Sent reply
[92mINFO [0m:      
[92mINFO [0m:      Received: evaluate message c648d2a7-de38-4f7d-b9f8-ff41c94a36a5
[92mINFO [0m:      Sent reply
[92mINFO [0m:      
[92mINFO [0m:      Received: train message d843f4f2-ed94-4c5b-ba1c-8c7c33187bfa
[92mINFO [0m:      Sent reply
[92mINFO [0m:      
[92mINFO [0m:      Received: evaluate message a446849e-ef8b-4e48-9a72-c9645abee7a3
[92mINFO [0m:      Sent reply
[92mINFO [0m:      
[92mINFO [0m:      Received: train message f2859e99-ee8e-43dd-b6a2-8841c0e279cc
[92mINFO [0m:      Sent reply
[92mINFO [0m:      
[92mINFO [0m:      Received: evaluate message ed7c11f2-318c-4744-b11c-0fc2c5346c02
[92mINFO [0m:      Sent reply
[92mINFO [0m:      
[92mINFO [0m:      Received: train message c832c7ee-1f08-44dc-8e54-b0477504d478
[92mINFO [0m:      Sent reply
[92mINFO [0m:      
[92mINFO [0m:      Received: evaluate message fa81b02f-2f0b-47ba-b795-3946105da7e8
[92mINFO [0m:      Sent reply
[92mINFO [0m:      
[92mINFO [0m:      Received: train message f004a9fc-3575-4442-b848-d6f6381468ca
[92mINFO [0m:      Sent reply
[92mINFO [0m:      
[92mINFO [0m:      Received: train message a52bf25c-49b2-4b59-9e3e-79ba6cd48e33
[92mINFO [0m:      Sent reply
[92mINFO [0m:      
[92mINFO [0m:      Received: evaluate message d450563e-2c18-4b6f-a687-0b331facf362
[92mINFO [0m:      Sent reply
[92mINFO [0m:      
[92mINFO [0m:      Received: evaluate message f70d5969-f937-419b-bc16-c086673c24dc
[92mINFO [0m:      Sent reply
[92mINFO [0m:      
[92mINFO [0m:      Received: train message e6b9eb6a-a163-47ce-bbb0-049baf1519a2
[92mINFO [0m:      Sent reply
[92mINFO [0m:      
[92mINFO [0m:      Received: evaluate message 51d48555-73d9-4263-b204-2d2b6a47141a
[92mINFO [0m:      Sent reply
[92mINFO [0m:      
[92mINFO [0m:      Received: evaluate message 34dbffd1-6ea0-4247-9714-315b324543e0
[92mINFO [0m:      Sent reply
[92mINFO [0m:      
[92mINFO [0m:      Received: train message 1e45f132-80bb-4203-9f9f-0ca4e7d6f0f8
[92mINFO [0m:      Sent reply
[92mINFO [0m:      
[92mINFO [0m:      Received: evaluate message f77a7a47-7702-4f2b-aae7-92fc706fd18c
[92mINFO [0m:      Sent reply
[92mINFO [0m:      
[92mINFO [0m:      Received: train message 30b9a237-6b36-4a54-b825-f5008baa2b82
[92mINFO [0m:      Sent reply
[92mINFO [0m:      
[92mINFO [0m:      Received: evaluate message b9507834-ba35-4d12-9888-16d0fa841b97
[92mINFO [0m:      Sent reply
[92mINFO [0m:      
[92mINFO [0m:      Received: train message 68ee13cf-a423-4625-abe0-b0223a142d9a
[92mINFO [0m:      Sent reply
[92mINFO [0m:      
[92mINFO [0m:      Received: train message 29806da7-94b1-48fa-af39-286d9b4023e1
[92mINFO [0m:      Sent reply
[92mINFO [0m:      
[92mINFO [0m:      Received: train message 2a4e3afb-3d3b-44f2-91f8-53c7e7249c89
[92mINFO [0m:      Sent reply
[92mINFO [0m:      
[92mINFO [0m:      Received: train message 2e5e2ac8-8d44-4547-ae5d-457f0e79d31e
[92mINFO [0m:      Sent reply
[92mINFO [0m:      
[92mINFO [0m:      Received: evaluate message ac673b62-db59-4d78-b8b4-fa6d71a29e2b
[92mINFO [0m:      Sent reply
[92mINFO [0m:      
[92mINFO [0m:      Received: evaluate message 8422f0be-8826-4013-868e-13ca5c812e97
[92mINFO [0m:      Sent reply
[92mINFO [0m:      
[92mINFO [0m:      Received: train message 8d430001-3871-4ec7-b903-c4e66553d327
[92mINFO [0m:      Sent reply
[92mINFO [0m:      
[92mINFO [0m:      Received: evaluate message 5d84af2a-f32d-49cc-87a1-f4e00fb0c482
[92mINFO [0m:      Sent reply
[92mINFO [0m:      
[92mINFO [0m:      Received: train message 9e503f26-ccf0-4e54-b6e4-d117c031ecd2
[92mINFO [0m:      Sent reply
[92mINFO [0m:      
[92mINFO [0m:      Received: train message 798425f6-3235-4aef-bf2b-08852d2d2079
[92mINFO [0m:      Sent reply
[92mINFO [0m:      
[92mINFO [0m:      Received: train message 5c1245ed-ba3d-4186-9d70-6acff0e31dc3
[92mINFO [0m:      Sent reply
[92mINFO [0m:      
[92mINFO [0m:      Received: evaluate message 0203dd04-e5df-4b36-bf05-eedc8e55b825
[92mINFO [0m:      Sent reply
[92mINFO [0m:      
[92mINFO [0m:      Received: train message 0a1f6c59-e558-4d3a-b950-ee0cee64abfa
[92mINFO [0m:      Sent reply
[92mINFO [0m:      
[92mINFO [0m:      Received: train message cbb1feca-32fe-44d2-8ec8-a04f221f6df6
[92mINFO [0m:      Sent reply
[92mINFO [0m:      
[92mINFO [0m:      Received: evaluate message d05551ff-fee4-4ece-a91f-2b46d5421de7
[92mINFO [0m:      Sent reply
[92mINFO [0m:      
[92mINFO [0m:      Received: train message daf660a1-921b-4f76-940b-3571bc3a9b33
[92mINFO [0m:      Sent reply
[92mINFO [0m:      
[92mINFO [0m:      Received: evaluate message b3c974f6-afeb-4ecc-87f8-4bae95d9ae3b
[92mINFO [0m:      Sent reply
[92mINFO [0m:      
[92mINFO [0m:      Received: evaluate message 99656329-a8b4-41b0-a154-b31ada6620b8
[92mINFO [0m:      Sent reply
[92mINFO [0m:      
[92mINFO [0m:      Received: train message f208e7d3-47fc-4d1e-90ee-5992703dd8d7
[92mINFO [0m:      Sent reply
[92mINFO [0m:      
[92mINFO [0m:      Received: evaluate message 6cdc3882-acf2-4347-8130-686a639b50f0
[92mINFO [0m:      Sent reply
[92mINFO [0m:      
[92mINFO [0m:      Received: train message 0c39bce0-619f-4296-9264-d4ff143a5577
[92mINFO [0m:      Sent reply
[92mINFO [0m:      
[92mINFO [0m:      Received: train message 15b0e273-c2a2-4d23-b988-cf94d567b2d7
[92mINFO [0m:      Sent reply
[92mINFO [0m:      
[92mINFO [0m:      Received: reconnect message 9bc9d9a7-0e53-4d69-8eca-0e82f607bf43
[92mINFO [0m:      Disconnect and shut down
