[93mWARNING [0m:   DEPRECATED FEATURE: flwr.client.start_client() is deprecated.
	Instead, use the `flower-supernode` CLI command to start a SuperNode as shown below:

		$ flower-supernode --insecure --superlink='<IP>:<PORT>'

	To view all available options, run:

		$ flower-supernode --help

	Using `start_client()` is deprecated.

            This is a deprecated feature. It will be removed
            entirely in future versions of Flower.
        
[92mINFO [0m:      
[92mINFO [0m:      Received: train message ed1109e2-b775-4f2c-9321-a558c91654b7
[92mINFO [0m:      Sent reply
[92mINFO [0m:      
[92mINFO [0m:      Received: evaluate message 37b69be3-594e-424a-bfa1-ca482d3a5a60
[92mINFO [0m:      Sent reply
[92mINFO [0m:      
[92mINFO [0m:      Received: train message cd40e6d3-d9f8-4a97-8647-fdf0a49c31bf
[92mINFO [0m:      Sent reply
[92mINFO [0m:      
[92mINFO [0m:      Received: train message 06c60d84-949c-4d10-8ac2-32c50898529c
[92mINFO [0m:      Sent reply
[92mINFO [0m:      
[92mINFO [0m:      Received: evaluate message 218121c1-546b-4371-807c-a8fd4afb110b
[92mINFO [0m:      Sent reply
[92mINFO [0m:      
[92mINFO [0m:      Received: evaluate message 7730c5c2-875b-4b7a-b927-8d39743a997c
[92mINFO [0m:      Sent reply
[92mINFO [0m:      
[92mINFO [0m:      Received: evaluate message 997a0690-a2e1-4e6f-b918-bb42578e3925
[92mINFO [0m:      Sent reply
[92mINFO [0m:      
[92mINFO [0m:      Received: train message 0ddcbe55-557a-4a40-b049-edf6657e8f63
[92mINFO [0m:      Sent reply
[92mINFO [0m:      
[92mINFO [0m:      Received: evaluate message 175175fa-31ab-49e8-8124-404d0f33bc32
[92mINFO [0m:      Sent reply
[92mINFO [0m:      
[92mINFO [0m:      Received: train message e7ce3276-69f2-4173-a4b0-685d2cbf8355
[92mINFO [0m:      Sent reply
[92mINFO [0m:      
[92mINFO [0m:      Received: train message 80b06bdb-2c7e-4c61-88b4-832f883162b1
[92mINFO [0m:      Sent reply
[92mINFO [0m:      
[92mINFO [0m:      Received: evaluate message 143b10e4-a7c4-4660-b5c7-e2386a650f52
[92mINFO [0m:      Sent reply
[92mINFO [0m:      
[92mINFO [0m:      Received: evaluate message 1da00ba3-95eb-46b5-a4e8-39e3535c3af3
[92mINFO [0m:      Sent reply
[92mINFO [0m:      
[92mINFO [0m:      Received: train message 421f68b0-6782-454b-8763-c74e9abaf639
[92mINFO [0m:      Sent reply
[92mINFO [0m:      
[92mINFO [0m:      Received: evaluate message ce27237b-7a1e-499d-857a-eea3779634c3
[92mINFO [0m:      Sent reply
[92mINFO [0m:      
[92mINFO [0m:      Received: train message b6a4f7a7-1658-4e77-b262-5816a16a88e7
[92mINFO [0m:      Sent reply
[92mINFO [0m:      
[92mINFO [0m:      Received: train message 0d2f2a77-30c3-4481-b10c-0769cc89a253
[92mINFO [0m:      Sent reply
[92mINFO [0m:      
[92mINFO [0m:      Received: evaluate message d5c07a64-3f9d-4ade-b377-01a2d033832b
[92mINFO [0m:      Sent reply
[92mINFO [0m:      
[92mINFO [0m:      Received: train message e626d252-06db-4e59-a365-8708ce60732a
[92mINFO [0m:      Sent reply
[92mINFO [0m:      
[92mINFO [0m:      Received: evaluate message 434adb61-c4b0-43ce-b1aa-735bf14df1be
[92mINFO [0m:      Sent reply
[92mINFO [0m:      
[92mINFO [0m:      Received: train message 9d4937e5-9ffe-482f-9092-bcc771696721
[92mINFO [0m:      Sent reply
[92mINFO [0m:      
[92mINFO [0m:      Received: train message 8aad83cd-bf0e-4c08-a4a2-1a870621ae0d
[92mINFO [0m:      Sent reply
[92mINFO [0m:      
[92mINFO [0m:      Received: train message 5ee5150f-17a9-4c64-b00d-696f1f1d3a81
[92mINFO [0m:      Sent reply
[92mINFO [0m:      
[92mINFO [0m:      Received: evaluate message 4f2f44a4-4c16-4d86-924d-026465729125
[92mINFO [0m:      Sent reply
[92mINFO [0m:      
[92mINFO [0m:      Received: train message ddbf0b08-eeb9-43e4-b0dc-d97623a085bf
[92mINFO [0m:      Sent reply
[92mINFO [0m:      
[92mINFO [0m:      Received: train message 2141aa69-7493-490e-be2e-69fe0a6b1499
[92mINFO [0m:      Sent reply
[92mINFO [0m:      
[92mINFO [0m:      Received: evaluate message 46cef8de-02b7-49a4-aff3-ba58333555bd
[92mINFO [0m:      Sent reply
[92mINFO [0m:      
[92mINFO [0m:      Received: evaluate message 9b1d39a5-11cc-427b-88c8-e34047494bff
[92mINFO [0m:      Sent reply
[92mINFO [0m:      
[92mINFO [0m:      Received: train message 201add80-0aed-4899-9f44-fe501a3af68d
[92mINFO [0m:      Sent reply
[92mINFO [0m:      
[92mINFO [0m:      Received: evaluate message e23be175-10a0-4f0b-87f2-280bd5cb6092
[92mINFO [0m:      Sent reply
[92mINFO [0m:      
[92mINFO [0m:      Received: evaluate message b4dde2c4-6932-48ed-93fb-ce55d37d5bcd
[92mINFO [0m:      Sent reply
[92mINFO [0m:      
[92mINFO [0m:      Received: train message bf6bb2ab-86e3-4994-9afb-0c794f7a0c34
[92mINFO [0m:      Sent reply
[92mINFO [0m:      
[92mINFO [0m:      Received: evaluate message 6c2e3668-4a1e-4eaf-bb90-8d87b07ff646
[92mINFO [0m:      Sent reply
[92mINFO [0m:      
[92mINFO [0m:      Received: evaluate message 1f125ecb-b30b-4932-94c0-5f6561402a4a
[92mINFO [0m:      Sent reply
[92mINFO [0m:      
[92mINFO [0m:      Received: train message 8f9dcb85-8864-4467-b6c8-fbe5326a2547
[92mINFO [0m:      Sent reply
[92mINFO [0m:      
[92mINFO [0m:      Received: evaluate message b05ca419-8b9c-484f-b838-06f30c0cc29f
[92mINFO [0m:      Sent reply
[92mINFO [0m:      
[92mINFO [0m:      Received: train message f6f3568f-ba8e-4e78-ae02-5e6c069682ad
[92mINFO [0m:      Sent reply
[92mINFO [0m:      
[92mINFO [0m:      Received: evaluate message 42b9b0f8-8eda-4b6a-a37b-046d2bc05ac2
[92mINFO [0m:      Sent reply
[92mINFO [0m:      
[92mINFO [0m:      Received: train message e96238fa-39d6-4679-a343-6ffdf06d71bb
[92mINFO [0m:      Sent reply
[92mINFO [0m:      
[92mINFO [0m:      Received: train message 7d4e235d-6957-4625-8ad4-7d622ed6e3f8
[92mINFO [0m:      Sent reply
[92mINFO [0m:      
[92mINFO [0m:      Received: evaluate message e25c175c-0b7c-408c-8639-65fcaeb47c62
[92mINFO [0m:      Sent reply
[92mINFO [0m:      
[92mINFO [0m:      Received: evaluate message 4a5679fc-4ac5-4669-ac86-11f48bbfb34b
[92mINFO [0m:      Sent reply
[92mINFO [0m:      
[92mINFO [0m:      Received: train message 9d256c53-864f-441e-bbc2-d1050734ca9b
[92mINFO [0m:      Sent reply
[92mINFO [0m:      
[92mINFO [0m:      Received: evaluate message fd6ef85f-b256-4d83-87d2-755ecd3155dc
[92mINFO [0m:      Sent reply
[92mINFO [0m:      
[92mINFO [0m:      Received: train message 5df83ebd-7816-481c-819f-8b1b3f673e7d
[92mINFO [0m:      Sent reply
[92mINFO [0m:      
[92mINFO [0m:      Received: train message b4aafbe4-e9e9-42d2-8fd7-345348534fa4
[92mINFO [0m:      Sent reply
[92mINFO [0m:      
[92mINFO [0m:      Received: evaluate message ed85d10b-038c-4e97-a4e2-55a070b59ffe
[92mINFO [0m:      Sent reply
[92mINFO [0m:      
[92mINFO [0m:      Received: evaluate message e125d3f0-9408-4075-a068-4d329b519519
[92mINFO [0m:      Sent reply
[92mINFO [0m:      
[92mINFO [0m:      Received: train message fdeadd10-3823-4db4-befc-b152549c0d97
[92mINFO [0m:      Sent reply
[92mINFO [0m:      
[92mINFO [0m:      Received: train message 55fbd5bb-adb5-4cb2-84de-a72eebdc5580
[92mINFO [0m:      Sent reply
[92mINFO [0m:      
[92mINFO [0m:      Received: train message e87f693e-f84c-41d6-9ff3-33a12acb1cf2
[92mINFO [0m:      Sent reply
[92mINFO [0m:      
[92mINFO [0m:      Received: evaluate message b0e95200-326e-4898-a967-04c20fead77d
[92mINFO [0m:      Sent reply
[92mINFO [0m:      
[92mINFO [0m:      Received: evaluate message cc7fd828-0375-43fb-8b66-cf7b8b087315
[92mINFO [0m:      Sent reply
[92mINFO [0m:      
[92mINFO [0m:      Received: train message 7ca4c8fc-53b5-46a4-99c5-d5969c21a3c7
[92mINFO [0m:      Sent reply
[92mINFO [0m:      
[92mINFO [0m:      Received: evaluate message 78aa9a27-9ed0-4401-9602-71358a534f47
[92mINFO [0m:      Sent reply
[92mINFO [0m:      
[92mINFO [0m:      Received: train message 0627bf4b-ae33-43f3-bc78-30896e0d9641
[92mINFO [0m:      Sent reply
[92mINFO [0m:      
[92mINFO [0m:      Received: train message b95b81ec-d957-41dd-be39-532016cf3619
[92mINFO [0m:      Sent reply
[92mINFO [0m:      
[92mINFO [0m:      Received: train message 03e80c8f-9fe2-4486-a9fc-5016544a4c78
[92mINFO [0m:      Sent reply
[92mINFO [0m:      
[92mINFO [0m:      Received: evaluate message 8d3ed557-717e-42fc-ac39-b01295ae0dc2
[92mINFO [0m:      Sent reply
[92mINFO [0m:      
[92mINFO [0m:      Received: train message 6153a91b-b978-44ec-8171-f2079da30aee
[92mINFO [0m:      Sent reply
[92mINFO [0m:      
[92mINFO [0m:      Received: evaluate message 493f39b0-31f6-47ea-9e57-c4b06c8032ff
[92mINFO [0m:      Sent reply
[92mINFO [0m:      
[92mINFO [0m:      Received: train message 1b80cc3b-62fb-4e73-8ee8-8fcae469ae33
[92mINFO [0m:      Sent reply
[92mINFO [0m:      
[92mINFO [0m:      Received: evaluate message 320b7863-80b8-40bf-81ed-90af97c16b6a
[92mINFO [0m:      Sent reply
[92mINFO [0m:      
[92mINFO [0m:      Received: train message 0c01fb10-bd3b-45fc-bdce-cb72e4bc2b62
[92mINFO [0m:      Sent reply
[92mINFO [0m:      
[92mINFO [0m:      Received: evaluate message 143fae61-9a69-4f22-829e-b7bbe50e411c
[92mINFO [0m:      Sent reply
[92mINFO [0m:      
[92mINFO [0m:      Received: evaluate message d182dd87-0474-4ec7-a8bf-8b8debdad924
[92mINFO [0m:      Sent reply
[92mINFO [0m:      
[92mINFO [0m:      Received: train message e035a33c-d8e7-4272-888f-a65ccba382b8
[92mINFO [0m:      Sent reply
[92mINFO [0m:      
[92mINFO [0m:      Received: train message 0d8c816c-75c0-4131-a572-1ac78124b5be
[92mINFO [0m:      Sent reply
[92mINFO [0m:      
[92mINFO [0m:      Received: evaluate message 4ed95875-c3fa-4e94-a934-cce87a89175f
[92mINFO [0m:      Sent reply
[92mINFO [0m:      
[92mINFO [0m:      Received: train message 979e0fa9-ce2a-4aff-96d8-20d4f26360d1
[92mINFO [0m:      Sent reply
[92mINFO [0m:      
[92mINFO [0m:      Received: train message dbe6dcaa-8781-4de7-9278-5aba64972968
[92mINFO [0m:      Sent reply
[92mINFO [0m:      
[92mINFO [0m:      Received: train message 86639f06-ef1d-440a-bbea-fec6c983b2fc
[92mINFO [0m:      Sent reply
[92mINFO [0m:      
[92mINFO [0m:      Received: train message c3fe3718-fe9c-47a0-9391-5f9f288584e4
[92mINFO [0m:      Sent reply
[92mINFO [0m:      
[92mINFO [0m:      Received: evaluate message cbf10570-09d6-425c-8820-03594abed4bb
[92mINFO [0m:      Sent reply
[92mINFO [0m:      
[92mINFO [0m:      Received: train message 8ce6e6ae-7290-400b-86b1-2f2181935ce0
[92mINFO [0m:      Sent reply
[92mINFO [0m:      
[92mINFO [0m:      Received: evaluate message f7e8415f-6d99-4990-8d47-f516d9d049ad
[92mINFO [0m:      Sent reply
[92mINFO [0m:      
[92mINFO [0m:      Received: train message a1fcec4f-a96d-4de5-8fb1-f0f90f0ba858
[92mINFO [0m:      Sent reply
[92mINFO [0m:      
[92mINFO [0m:      Received: evaluate message 493bbc2d-4e24-473f-a6bb-42a735c54fde
[92mINFO [0m:      Sent reply
[92mINFO [0m:      
[92mINFO [0m:      Received: evaluate message 3cd0e8e9-20f3-45e0-bfe0-0ac310cdf538
[92mINFO [0m:      Sent reply
[92mINFO [0m:      
[92mINFO [0m:      Received: train message 8f426aa2-99b5-430c-978c-5153f00df0d2
[92mINFO [0m:      Sent reply
[92mINFO [0m:      
[92mINFO [0m:      Received: evaluate message 4a2b30d3-9ec7-4614-be0b-caff63d46bb3
[92mINFO [0m:      Sent reply
[92mINFO [0m:      
[92mINFO [0m:      Received: evaluate message cd381d3a-46df-47a8-9791-a2cca7e9e5df
[92mINFO [0m:      Sent reply
[92mINFO [0m:      
[92mINFO [0m:      Received: train message 1f396557-346a-4428-ad6d-f21de158b50c
[92mINFO [0m:      Sent reply
[92mINFO [0m:      
[92mINFO [0m:      Received: evaluate message 5433393e-2f88-4268-965f-4bf6beaed7da
[92mINFO [0m:      Sent reply
[92mINFO [0m:      
[92mINFO [0m:      Received: evaluate message d0a25aa1-00f9-4c5a-93aa-68fcfdd431a4
[92mINFO [0m:      Sent reply
[92mINFO [0m:      
[92mINFO [0m:      Received: evaluate message 9b4ec0aa-b672-4257-bf58-bd347db7877f
[92mINFO [0m:      Sent reply
[92mINFO [0m:      
[92mINFO [0m:      Received: train message e2e00371-4b76-481a-abc1-e259a1cb3fff
[92mINFO [0m:      Sent reply
[92mINFO [0m:      
[92mINFO [0m:      Received: train message fc8bda7e-f8c8-4122-a861-f967b9e88529
[92mINFO [0m:      Sent reply
[92mINFO [0m:      
[92mINFO [0m:      Received: train message c2038f96-d3e3-4dae-95b4-7f4832719c3f
[92mINFO [0m:      Sent reply
[92mINFO [0m:      
[92mINFO [0m:      Received: evaluate message cf41f26a-afc5-415d-978f-d9a179a633d2
[92mINFO [0m:      Sent reply
[92mINFO [0m:      
[92mINFO [0m:      Received: train message d1e58591-e7b4-4d5e-b147-adc2daef83bf
[92mINFO [0m:      Sent reply
[92mINFO [0m:      
[92mINFO [0m:      Received: evaluate message 7cf9cb12-024f-4869-9690-39fb22edda01
[92mINFO [0m:      Sent reply
[92mINFO [0m:      
[92mINFO [0m:      Received: evaluate message f64e87bd-e608-4037-ba63-4b6be94d2429
[92mINFO [0m:      Sent reply
[92mINFO [0m:      
[92mINFO [0m:      Received: train message afaa7be2-ed44-4bee-9092-6ef56007d6c9
[92mINFO [0m:      Sent reply
[92mINFO [0m:      
[92mINFO [0m:      Received: evaluate message 58d791f0-0d32-4f2e-a6b6-01dfa64d61af
[92mINFO [0m:      Sent reply
[92mINFO [0m:      
[92mINFO [0m:      Received: evaluate message a8c7a70a-ea1b-4aa7-aff4-f03862360835
[92mINFO [0m:      Sent reply
[92mINFO [0m:      
[92mINFO [0m:      Received: evaluate message d3608536-a9d8-4c27-a92e-fabfc04acb1d
[92mINFO [0m:      Sent reply
[92mINFO [0m:      
[92mINFO [0m:      Received: train message 5ffb07fd-0728-4725-8466-7c651aba9aae
[92mINFO [0m:      Sent reply
[92mINFO [0m:      
[92mINFO [0m:      Received: evaluate message a2ae062b-d217-411f-bb07-39fa3d45b1f4
[92mINFO [0m:      Sent reply
[92mINFO [0m:      
[92mINFO [0m:      Received: train message bcb35914-d711-4926-a40a-f0eef85d4646
[92mINFO [0m:      Sent reply
[92mINFO [0m:      
[92mINFO [0m:      Received: evaluate message f32322fb-0e33-4ab3-99e8-16dc870aca70
[92mINFO [0m:      Sent reply
[92mINFO [0m:      
[92mINFO [0m:      Received: train message 30563e1b-b674-4aae-8f86-23c08dd9273d
[92mINFO [0m:      Sent reply
[92mINFO [0m:      
[92mINFO [0m:      Received: evaluate message 4e540e7b-4c06-491f-834f-7c006d04bae5
[92mINFO [0m:      Sent reply
[92mINFO [0m:      
[92mINFO [0m:      Received: train message 3b30a9cc-cc0b-4638-9d48-18e353e7c56b
[92mINFO [0m:      Sent reply
[92mINFO [0m:      
[92mINFO [0m:      Received: evaluate message 0c0e2dd4-520a-41cf-952c-871b4b68ec0b
[92mINFO [0m:      Sent reply
[92mINFO [0m:      
[92mINFO [0m:      Received: train message 1c1ee8b5-06f7-43d4-a2e5-dfe19cd256eb
[92mINFO [0m:      Sent reply
[92mINFO [0m:      
[92mINFO [0m:      Received: train message 0315df32-4284-4223-8a34-8459a2d4e8bb
[92mINFO [0m:      Sent reply
[92mINFO [0m:      
[92mINFO [0m:      Received: evaluate message 7399212d-5c28-43f0-b13f-aaa0b9ddf691
[92mINFO [0m:      Sent reply
[92mINFO [0m:      
[92mINFO [0m:      Received: train message 54c8d09a-b77c-4c50-8699-14773ff8260c
[92mINFO [0m:      Sent reply
[92mINFO [0m:      
[92mINFO [0m:      Received: train message 9c32cbcf-438e-4e16-9a77-05b11f5a1f9f
[92mINFO [0m:      Sent reply
[92mINFO [0m:      
[92mINFO [0m:      Received: train message c41a87b0-46de-4275-a1b0-69210bbea343
[92mINFO [0m:      Sent reply
[92mINFO [0m:      
[92mINFO [0m:      Received: evaluate message 2f34b284-1435-44ee-8831-cf948638bbf9
[92mINFO [0m:      Sent reply
[92mINFO [0m:      
[92mINFO [0m:      Received: evaluate message 2b280794-b72d-475b-811e-69d7d4a388ec
[92mINFO [0m:      Sent reply
[92mINFO [0m:      
[92mINFO [0m:      Received: train message 3c665f66-f558-4eae-b8b5-26aa84a84320
[92mINFO [0m:      Sent reply
[92mINFO [0m:      
[92mINFO [0m:      Received: evaluate message 8017ee9f-e2d3-4cc5-9bff-3dff5af775c6
[92mINFO [0m:      Sent reply
[92mINFO [0m:      
[92mINFO [0m:      Received: train message bbd2be7a-b56b-4a39-a4d3-0b5347082872
[92mINFO [0m:      Sent reply
[92mINFO [0m:      
[92mINFO [0m:      Received: train message 80d34fd2-129f-4b29-8a4d-efd3a4f2c0f6
[92mINFO [0m:      Sent reply
[92mINFO [0m:      
[92mINFO [0m:      Received: train message 843a0465-2f65-41d7-8026-013ba88ce889
[92mINFO [0m:      Sent reply
[92mINFO [0m:      
[92mINFO [0m:      Received: evaluate message 731188ed-1300-481a-a4ab-84b10c1ba002
[92mINFO [0m:      Sent reply
[92mINFO [0m:      
[92mINFO [0m:      Received: train message eb076c79-4a35-412c-b4a2-211106c3fcc0
[92mINFO [0m:      Sent reply
[92mINFO [0m:      
[92mINFO [0m:      Received: train message 229df0ef-2fd3-41de-856c-9c59efb6577a
[92mINFO [0m:      Sent reply
[92mINFO [0m:      
[92mINFO [0m:      Received: evaluate message b256a121-4173-4e54-ae3a-e8aacd4b2048
[92mINFO [0m:      Sent reply
[92mINFO [0m:      
[92mINFO [0m:      Received: train message 08dee993-cc37-4f8f-bd4a-5d09da7424b3
[92mINFO [0m:      Sent reply
[92mINFO [0m:      
[92mINFO [0m:      Received: evaluate message 13a2a21b-54dc-4a0f-b285-07118149081a
[92mINFO [0m:      Sent reply
[92mINFO [0m:      
[92mINFO [0m:      Received: train message aabe8fa6-46e7-4efb-bdc9-5e2a8920ae4c
[92mINFO [0m:      Sent reply
[92mINFO [0m:      
[92mINFO [0m:      Received: evaluate message 8e7ce67a-d6c4-4ee8-8229-ed9f923b2320
[92mINFO [0m:      Sent reply
[92mINFO [0m:      
[92mINFO [0m:      Received: evaluate message abaef408-b5de-4f89-8366-aa86efa3364c
[92mINFO [0m:      Sent reply
[92mINFO [0m:      
[92mINFO [0m:      Received: evaluate message faa12ce1-daae-4db7-89db-ab9c4cb0a658
[92mINFO [0m:      Sent reply
[92mINFO [0m:      
[92mINFO [0m:      Received: train message da4430f2-18c1-418d-bc5a-5433963beda7
[92mINFO [0m:      Sent reply
[92mINFO [0m:      
[92mINFO [0m:      Received: evaluate message d7cf8b32-87eb-4e6d-b7f7-ac5a2ef5a500
[92mINFO [0m:      Sent reply
[92mINFO [0m:      
[92mINFO [0m:      Received: evaluate message 18b5e580-cd9d-42a0-9846-0cc9f72e1b72
[92mINFO [0m:      Sent reply
[92mINFO [0m:      
[92mINFO [0m:      Received: evaluate message fc8c227d-e9e4-4139-9b62-77a402c1a375
[92mINFO [0m:      Sent reply
[92mINFO [0m:      
[92mINFO [0m:      Received: train message 6edc8dc1-d2b9-43d4-85cb-c2ecfc33b8e1
[92mINFO [0m:      Sent reply
[92mINFO [0m:      
[92mINFO [0m:      Received: evaluate message f68073c3-0121-4937-b76d-e601994ab223
[92mINFO [0m:      Sent reply
[92mINFO [0m:      
[92mINFO [0m:      Received: train message 7a6cbda9-ce24-4f99-8938-d715d49db886
[92mINFO [0m:      Sent reply
[92mINFO [0m:      
[92mINFO [0m:      Received: reconnect message 9b050c93-0538-4965-a269-ecfa2d585669
[92mINFO [0m:      Disconnect and shut down
