[93mWARNING [0m:   DEPRECATED FEATURE: flwr.client.start_client() is deprecated.
	Instead, use the `flower-supernode` CLI command to start a SuperNode as shown below:

		$ flower-supernode --insecure --superlink='<IP>:<PORT>'

	To view all available options, run:

		$ flower-supernode --help

	Using `start_client()` is deprecated.

            This is a deprecated feature. It will be removed
            entirely in future versions of Flower.
        
[92mINFO [0m:      
[92mINFO [0m:      Received: train message 6d3265ab-fd9f-4c57-a1a0-d78e173e1109
[92mINFO [0m:      Sent reply
[92mINFO [0m:      
[92mINFO [0m:      Received: train message 7681e9b1-93d6-4e9b-988c-ec3349b48415
[92mINFO [0m:      Sent reply
[92mINFO [0m:      
[92mINFO [0m:      Received: evaluate message c174e610-c7b7-4669-a03c-bdc363d4110e
[92mINFO [0m:      Sent reply
[92mINFO [0m:      
[92mINFO [0m:      Received: train message b12a7cef-c27e-42bf-b7f2-75c9a84071dd
[92mINFO [0m:      Sent reply
[92mINFO [0m:      
[92mINFO [0m:      Received: evaluate message 4664d78d-1d79-4998-a0e9-103e8355ee13
[92mINFO [0m:      Sent reply
[92mINFO [0m:      
[92mINFO [0m:      Received: evaluate message 63924751-793f-46a5-9f64-678e3b6fe3dd
[92mINFO [0m:      Sent reply
[92mINFO [0m:      
[92mINFO [0m:      Received: train message 8c1c403f-2fbb-4877-9892-cabbf92a32db
[92mINFO [0m:      Sent reply
[92mINFO [0m:      
[92mINFO [0m:      Received: train message bb729076-af60-4a65-bbe1-529209520c18
[92mINFO [0m:      Sent reply
[92mINFO [0m:      
[92mINFO [0m:      Received: evaluate message 40e17fd9-504e-40d8-9a42-775ae01d437a
[92mINFO [0m:      Sent reply
[92mINFO [0m:      
[92mINFO [0m:      Received: evaluate message 665054bd-709f-464d-88c2-16bcf9f7b5f5
[92mINFO [0m:      Sent reply
[92mINFO [0m:      
[92mINFO [0m:      Received: train message f7421915-c244-4b29-9428-7cc1db09ce69
[92mINFO [0m:      Sent reply
[92mINFO [0m:      
[92mINFO [0m:      Received: evaluate message bf077a1e-6160-4ab8-8719-d5facd0684ab
[92mINFO [0m:      Sent reply
[92mINFO [0m:      
[92mINFO [0m:      Received: train message 544ab197-adf7-4f8a-9449-a041178ab7e9
[92mINFO [0m:      Sent reply
[92mINFO [0m:      
[92mINFO [0m:      Received: train message bad1681a-f38a-40b4-a27d-221068e23659
[92mINFO [0m:      Sent reply
[92mINFO [0m:      
[92mINFO [0m:      Received: evaluate message 0f4d30cf-e916-40ed-85f4-13d2306167b2
[92mINFO [0m:      Sent reply
[92mINFO [0m:      
[92mINFO [0m:      Received: train message ac5724e8-58f7-4f67-9e24-e99d601056fa
[92mINFO [0m:      Sent reply
[92mINFO [0m:      
[92mINFO [0m:      Received: train message 78ad74df-d218-4284-b56b-1ec92ecf117b
[92mINFO [0m:      Sent reply
[92mINFO [0m:      
[92mINFO [0m:      Received: train message 6fe754e5-231a-47b7-93d7-56f508e415f8
[92mINFO [0m:      Sent reply
[92mINFO [0m:      
[92mINFO [0m:      Received: evaluate message 4f16f9b5-c238-403c-961c-8e0b64fe82e2
[92mINFO [0m:      Sent reply
[92mINFO [0m:      
[92mINFO [0m:      Received: train message d1089d46-f602-4392-b333-352747812922
[92mINFO [0m:      Sent reply
[92mINFO [0m:      
[92mINFO [0m:      Received: train message cb7d7538-31d9-49d7-ad61-4ff2a3bda794
[92mINFO [0m:      Sent reply
[92mINFO [0m:      
[92mINFO [0m:      Received: evaluate message d88383e7-4075-4286-95a8-3204c9c1433a
[92mINFO [0m:      Sent reply
[92mINFO [0m:      
[92mINFO [0m:      Received: train message 5973340c-e65e-4bcc-8d93-71da4385a464
[92mINFO [0m:      Sent reply
[92mINFO [0m:      
[92mINFO [0m:      Received: train message 285158ac-3aba-44d6-ac16-db42ea711a83
[92mINFO [0m:      Sent reply
[92mINFO [0m:      
[92mINFO [0m:      Received: train message 8ec9856d-9c59-47b6-9b66-3ce467b037f2
[92mINFO [0m:      Sent reply
[92mINFO [0m:      
[92mINFO [0m:      Received: train message 90466d88-84cb-4853-adfa-d3878c08d7ba
[92mINFO [0m:      Sent reply
[92mINFO [0m:      
[92mINFO [0m:      Received: evaluate message e962b07c-8310-42b7-9d80-58656d794a00
[92mINFO [0m:      Sent reply
[92mINFO [0m:      
[92mINFO [0m:      Received: train message 9be0899a-55d6-417b-a602-d5d0df157b7f
[92mINFO [0m:      Sent reply
[92mINFO [0m:      
[92mINFO [0m:      Received: evaluate message 98c3871a-9b06-4358-9436-fd2df64e8653
[92mINFO [0m:      Sent reply
[92mINFO [0m:      
[92mINFO [0m:      Received: train message 71fa6e31-5055-463e-89b6-11ab53243015
[92mINFO [0m:      Sent reply
[92mINFO [0m:      
[92mINFO [0m:      Received: evaluate message 57c12477-3bfb-47d4-89fc-7381321a3b9f
[92mINFO [0m:      Sent reply
[92mINFO [0m:      
[92mINFO [0m:      Received: train message 1a642dfe-fd6c-457d-ae55-f525d98aaae6
[92mINFO [0m:      Sent reply
[92mINFO [0m:      
[92mINFO [0m:      Received: train message ceecc89b-e229-430a-8a79-6077dfb2c3ae
[92mINFO [0m:      Sent reply
[92mINFO [0m:      
[92mINFO [0m:      Received: train message e47e3743-7216-4230-b05b-c4124b9c70d9
[92mINFO [0m:      Sent reply
[92mINFO [0m:      
[92mINFO [0m:      Received: train message 7b5009c1-5420-4ef7-8760-10d3e081f7c2
[92mINFO [0m:      Sent reply
[92mINFO [0m:      
[92mINFO [0m:      Received: train message ba40ed9b-3fb8-4770-8209-c326098438bb
[92mINFO [0m:      Sent reply
[92mINFO [0m:      
[92mINFO [0m:      Received: evaluate message 2e264e9f-a92e-44f8-a8c2-9fb88c1651c3
[92mINFO [0m:      Sent reply
[92mINFO [0m:      
[92mINFO [0m:      Received: evaluate message 23c4d10f-f49c-46a8-8689-9316278d8f44
[92mINFO [0m:      Sent reply
[92mINFO [0m:      
[92mINFO [0m:      Received: train message ffaa699f-d04d-47eb-b552-da196b5ec7c8
[92mINFO [0m:      Sent reply
[92mINFO [0m:      
[92mINFO [0m:      Received: evaluate message e705c3dd-6148-4409-ada5-d81948409579
[92mINFO [0m:      Sent reply
[92mINFO [0m:      
[92mINFO [0m:      Received: train message 09265d29-e2af-4ab4-9073-37b2305f9b4b
[92mINFO [0m:      Sent reply
[92mINFO [0m:      
[92mINFO [0m:      Received: evaluate message bbec74fe-fe80-4dd6-8e0a-78e7ed915bc5
[92mINFO [0m:      Sent reply
[92mINFO [0m:      
[92mINFO [0m:      Received: train message 2936eb69-2ab1-4807-8351-ef1ea60d070b
[92mINFO [0m:      Sent reply
[92mINFO [0m:      
[92mINFO [0m:      Received: train message 4ea5341f-0d6a-4414-89bd-9771f6bd3192
[92mINFO [0m:      Sent reply
[92mINFO [0m:      
[92mINFO [0m:      Received: evaluate message 55087cfe-8b14-4744-b005-9e4a8c4a376b
[92mINFO [0m:      Sent reply
[92mINFO [0m:      
[92mINFO [0m:      Received: train message 0d232d0d-8016-45f6-bd68-828c9692bb84
[92mINFO [0m:      Sent reply
[92mINFO [0m:      
[92mINFO [0m:      Received: evaluate message 58caf955-8939-4b2d-bde0-b0075f67eb9e
[92mINFO [0m:      Sent reply
[92mINFO [0m:      
[92mINFO [0m:      Received: train message da4cb86b-9793-4ac0-8465-4fda7135b89f
[92mINFO [0m:      Sent reply
[92mINFO [0m:      
[92mINFO [0m:      Received: evaluate message ff001592-fefa-4a76-8953-927c937dff65
[92mINFO [0m:      Sent reply
[92mINFO [0m:      
[92mINFO [0m:      Received: evaluate message ad5568ad-e8fd-4172-b06b-ac25b8ec372b
[92mINFO [0m:      Sent reply
[92mINFO [0m:      
[92mINFO [0m:      Received: evaluate message dae770a8-7778-4a36-9cbe-2066c03cc6d0
[92mINFO [0m:      Sent reply
[92mINFO [0m:      
[92mINFO [0m:      Received: train message 33b10187-9f4b-4dec-871e-7996666ef463
[92mINFO [0m:      Sent reply
[92mINFO [0m:      
[92mINFO [0m:      Received: train message c92e5462-bc05-48fd-ac08-86a98007af76
[92mINFO [0m:      Sent reply
[92mINFO [0m:      
[92mINFO [0m:      Received: evaluate message 64bf9645-31ed-4bcb-90a9-627ddcf78f69
[92mINFO [0m:      Sent reply
[92mINFO [0m:      
[92mINFO [0m:      Received: train message 8eae3737-356d-4bba-a0a1-a6551c1d503a
[92mINFO [0m:      Sent reply
[92mINFO [0m:      
[92mINFO [0m:      Received: evaluate message 640ad1c5-3524-4474-941b-7dd8262622cc
[92mINFO [0m:      Sent reply
[92mINFO [0m:      
[92mINFO [0m:      Received: evaluate message b1a2a2f1-8bf8-4d3e-8402-ccf8ed3dc745
[92mINFO [0m:      Sent reply
[92mINFO [0m:      
[92mINFO [0m:      Received: train message b766d63d-2c87-48fc-8133-a15818cdb07b
[92mINFO [0m:      Sent reply
[92mINFO [0m:      
[92mINFO [0m:      Received: evaluate message 0b92e386-3bea-4f3b-b673-9620e37b3066
[92mINFO [0m:      Sent reply
[92mINFO [0m:      
[92mINFO [0m:      Received: evaluate message f3b03826-11fe-43ed-9667-ce868f8ece39
[92mINFO [0m:      Sent reply
[92mINFO [0m:      
[92mINFO [0m:      Received: evaluate message ec50880e-ad97-489e-95bd-e06de066a8ce
[92mINFO [0m:      Sent reply
[92mINFO [0m:      
[92mINFO [0m:      Received: train message b211a37c-c4ed-45a0-8b57-baaf05f1353c
[92mINFO [0m:      Sent reply
[92mINFO [0m:      
[92mINFO [0m:      Received: evaluate message 949de0f0-9918-4149-94ed-aef097182c55
[92mINFO [0m:      Sent reply
[92mINFO [0m:      
[92mINFO [0m:      Received: evaluate message 45fc78c1-58f6-413f-9b28-77cbab6d2edb
[92mINFO [0m:      Sent reply
[92mINFO [0m:      
[92mINFO [0m:      Received: train message 7dfd867e-aadb-4aa4-8aa8-17fc9b47dc35
[92mINFO [0m:      Sent reply
[92mINFO [0m:      
[92mINFO [0m:      Received: evaluate message 994c77eb-227b-44af-ba96-6ae1c8b6836c
[92mINFO [0m:      Sent reply
[92mINFO [0m:      
[92mINFO [0m:      Received: train message 5e3ac9bc-550a-45cd-8df5-da633c268ebe
[92mINFO [0m:      Sent reply
[92mINFO [0m:      
[92mINFO [0m:      Received: evaluate message c564acd9-b788-4406-84e2-a5429faedaa1
[92mINFO [0m:      Sent reply
[92mINFO [0m:      
[92mINFO [0m:      Received: evaluate message ea2921bc-0369-4656-b935-9fd5ccc06f4e
[92mINFO [0m:      Sent reply
[92mINFO [0m:      
[92mINFO [0m:      Received: train message 40aba974-3c63-4207-9ab1-c267e18e2c58
[92mINFO [0m:      Sent reply
[92mINFO [0m:      
[92mINFO [0m:      Received: train message 856eee25-b55d-41bd-a830-7c93c5c1f169
[92mINFO [0m:      Sent reply
[92mINFO [0m:      
[92mINFO [0m:      Received: evaluate message 26ac2b72-7867-40f2-9208-4acfdf053aeb
[92mINFO [0m:      Sent reply
[92mINFO [0m:      
[92mINFO [0m:      Received: evaluate message 64ad86a3-79b9-4f14-bd90-b07cc7831ae5
[92mINFO [0m:      Sent reply
[92mINFO [0m:      
[92mINFO [0m:      Received: train message f7d362b1-263e-47c7-9452-8c57822e620d
[92mINFO [0m:      Sent reply
[92mINFO [0m:      
[92mINFO [0m:      Received: evaluate message dfe538aa-34e4-4ec2-b575-2cbf0a76a6b2
[92mINFO [0m:      Sent reply
[92mINFO [0m:      
[92mINFO [0m:      Received: train message d93caafb-ad13-4937-a994-5c9ed7154f2b
[92mINFO [0m:      Sent reply
[92mINFO [0m:      
[92mINFO [0m:      Received: evaluate message b6372637-7682-4f67-825b-ccbe25b26117
[92mINFO [0m:      Sent reply
[92mINFO [0m:      
[92mINFO [0m:      Received: train message 389bb821-69de-4e6d-acc7-f9539cd33561
[92mINFO [0m:      Sent reply
[92mINFO [0m:      
[92mINFO [0m:      Received: train message 2c8ccfc2-2fba-497b-9f77-6ddd286eec86
[92mINFO [0m:      Sent reply
[92mINFO [0m:      
[92mINFO [0m:      Received: train message 0b4cc3cd-c96f-4246-b093-a42f08c59afa
[92mINFO [0m:      Sent reply
[92mINFO [0m:      
[92mINFO [0m:      Received: train message bdbbe359-e1d9-4b47-8ac5-80ccb04b4d20
[92mINFO [0m:      Sent reply
[92mINFO [0m:      
[92mINFO [0m:      Received: evaluate message d34c3d6f-f4f6-481a-bd22-9f95b2246114
[92mINFO [0m:      Sent reply
[92mINFO [0m:      
[92mINFO [0m:      Received: evaluate message b268cb59-379e-4038-9b02-f4f5b9b4e3df
[92mINFO [0m:      Sent reply
[92mINFO [0m:      
[92mINFO [0m:      Received: train message 30a7f93d-89ac-4c0d-9442-6ec4ce3a5b43
[92mINFO [0m:      Sent reply
[92mINFO [0m:      
[92mINFO [0m:      Received: evaluate message 98b5e754-183f-4a00-bd52-34dcba2e4799
[92mINFO [0m:      Sent reply
[92mINFO [0m:      
[92mINFO [0m:      Received: train message 1e9f88b7-893b-4014-8a1f-bd4fd07f5c49
[92mINFO [0m:      Sent reply
[92mINFO [0m:      
[92mINFO [0m:      Received: train message 8a7816c9-7e2e-424e-9e23-1269bb8fffc3
[92mINFO [0m:      Sent reply
[92mINFO [0m:      
[92mINFO [0m:      Received: evaluate message 3f009b60-e89a-4f32-9c60-bfa78d0df25e
[92mINFO [0m:      Sent reply
[92mINFO [0m:      
[92mINFO [0m:      Received: evaluate message 62a600e1-c2fd-42a2-8c1b-07c73263a485
[92mINFO [0m:      Sent reply
[92mINFO [0m:      
[92mINFO [0m:      Received: evaluate message af7d9ac7-5614-4181-b96a-38d4d0af8888
[92mINFO [0m:      Sent reply
[92mINFO [0m:      
[92mINFO [0m:      Received: evaluate message a6086c8b-426a-4085-9fec-ca3677279cb4
[92mINFO [0m:      Sent reply
[92mINFO [0m:      
[92mINFO [0m:      Received: evaluate message 30cff3c6-f5d1-401f-8d9e-20caea81797b
[92mINFO [0m:      Sent reply
[92mINFO [0m:      
[92mINFO [0m:      Received: train message e2bc6753-f944-48f5-8541-f0fbb17ff7ea
[92mINFO [0m:      Sent reply
[92mINFO [0m:      
[92mINFO [0m:      Received: evaluate message f2478c0a-09ca-4134-a1ce-75daaa67ccbb
[92mINFO [0m:      Sent reply
[92mINFO [0m:      
[92mINFO [0m:      Received: evaluate message 215f3646-8c34-4faa-b18e-0490f7f58805
[92mINFO [0m:      Sent reply
[92mINFO [0m:      
[92mINFO [0m:      Received: train message 4ee3dad2-8aff-4314-b728-b76ead4a6b32
[92mINFO [0m:      Sent reply
[92mINFO [0m:      
[92mINFO [0m:      Received: evaluate message 82b7aa93-3419-4b7d-a18f-470498150d12
[92mINFO [0m:      Sent reply
[92mINFO [0m:      
[92mINFO [0m:      Received: train message 1b6548bd-17bb-421b-aeee-09b455478a40
[92mINFO [0m:      Sent reply
[92mINFO [0m:      
[92mINFO [0m:      Received: train message 3c2c1f4d-312f-4a22-9b6b-50d9028f25f7
[92mINFO [0m:      Sent reply
[92mINFO [0m:      
[92mINFO [0m:      Received: evaluate message 87d4ac3f-7316-472a-9153-e6f8450cea1a
[92mINFO [0m:      Sent reply
[92mINFO [0m:      
[92mINFO [0m:      Received: train message ffb5db9c-e2ee-4255-b4f1-8ed3f4791f75
[92mINFO [0m:      Sent reply
[92mINFO [0m:      
[92mINFO [0m:      Received: evaluate message 1bfc1eca-01bd-4c04-ae0b-28214346194d
[92mINFO [0m:      Sent reply
[92mINFO [0m:      
[92mINFO [0m:      Received: train message 4dcc2fc1-476b-40a7-bd22-94fb31cf1823
[92mINFO [0m:      Sent reply
[92mINFO [0m:      
[92mINFO [0m:      Received: train message 7c65b576-f84f-4183-b134-c664e3b56cd5
[92mINFO [0m:      Sent reply
[92mINFO [0m:      
[92mINFO [0m:      Received: evaluate message 6d85121a-1f55-4fa8-a268-4550c7380111
[92mINFO [0m:      Sent reply
[92mINFO [0m:      
[92mINFO [0m:      Received: evaluate message 87a821d9-7d25-4d1b-b81a-b3a56df8b5f2
[92mINFO [0m:      Sent reply
[92mINFO [0m:      
[92mINFO [0m:      Received: train message cf9d46f9-a9bc-4c9f-b9de-eaa73bc02eb9
[92mINFO [0m:      Sent reply
[92mINFO [0m:      
[92mINFO [0m:      Received: evaluate message a3bc2948-2564-4e38-8295-b3640e5786b0
[92mINFO [0m:      Sent reply
[92mINFO [0m:      
[92mINFO [0m:      Received: train message 118a522f-5168-44b5-9ffa-3c8a842d92c9
[92mINFO [0m:      Sent reply
[92mINFO [0m:      
[92mINFO [0m:      Received: evaluate message 72a12ecf-0ee3-4868-ab3c-bbd33fca2a18
[92mINFO [0m:      Sent reply
[92mINFO [0m:      
[92mINFO [0m:      Received: evaluate message e0ed0a19-d31f-4a4f-9424-0779266dd280
[92mINFO [0m:      Sent reply
[92mINFO [0m:      
[92mINFO [0m:      Received: evaluate message 94980a41-c155-4604-b626-7aceb1443e87
[92mINFO [0m:      Sent reply
[92mINFO [0m:      
[92mINFO [0m:      Received: train message 6a892418-a8dc-49e6-a2cf-b5a5ee814a69
[92mINFO [0m:      Sent reply
[92mINFO [0m:      
[92mINFO [0m:      Received: evaluate message b8353e67-cf1d-42cb-9a92-217e9c660250
[92mINFO [0m:      Sent reply
[92mINFO [0m:      
[92mINFO [0m:      Received: train message 4ac9be5a-0e67-439a-b135-442831efcbd9
[92mINFO [0m:      Sent reply
[92mINFO [0m:      
[92mINFO [0m:      Received: evaluate message 7a096f3e-a89d-4be8-a9b0-be63ac0409fd
[92mINFO [0m:      Sent reply
[92mINFO [0m:      
[92mINFO [0m:      Received: evaluate message 4e6f4637-a003-42d8-a8dd-b7cc74e6342a
[92mINFO [0m:      Sent reply
[92mINFO [0m:      
[92mINFO [0m:      Received: train message da71e2f0-de66-49e4-8f57-98fe25790ec1
[92mINFO [0m:      Sent reply
[92mINFO [0m:      
[92mINFO [0m:      Received: evaluate message bcb4b13c-f880-4005-9b8e-12ac97938c2e
[92mINFO [0m:      Sent reply
[92mINFO [0m:      
[92mINFO [0m:      Received: evaluate message 12bb29c1-0e6a-41ca-a030-38da939ef639
[92mINFO [0m:      Sent reply
[92mINFO [0m:      
[92mINFO [0m:      Received: train message 40adf7f0-49b5-4839-8391-06ba2f9dfd4e
[92mINFO [0m:      Sent reply
[92mINFO [0m:      
[92mINFO [0m:      Received: train message 870c04cb-8ffb-421b-bae7-94f095ca1e7e
[92mINFO [0m:      Sent reply
[92mINFO [0m:      
[92mINFO [0m:      Received: evaluate message bcd5aade-c86d-48ab-a44d-0347900d89ba
[92mINFO [0m:      Sent reply
[92mINFO [0m:      
[92mINFO [0m:      Received: evaluate message 2d71ae8e-e17f-4559-a7c7-89f8bdf881a8
[92mINFO [0m:      Sent reply
[92mINFO [0m:      
[92mINFO [0m:      Received: train message 42dd6fbe-8c8b-4c77-a947-29f7ddd866dd
[92mINFO [0m:      Sent reply
[92mINFO [0m:      
[92mINFO [0m:      Received: evaluate message 4edebda8-9884-4414-a69b-28a652f2be3a
[92mINFO [0m:      Sent reply
[92mINFO [0m:      
[92mINFO [0m:      Received: train message 85601082-b3a8-4ad4-b3d1-2dc85979dc07
[92mINFO [0m:      Sent reply
[92mINFO [0m:      
[92mINFO [0m:      Received: evaluate message 6a795017-f90f-496a-813d-bc40848dd08e
[92mINFO [0m:      Sent reply
[92mINFO [0m:      
[92mINFO [0m:      Received: train message cc99feed-0774-4eee-94cb-0904eb8739f0
[92mINFO [0m:      Sent reply
[92mINFO [0m:      
[92mINFO [0m:      Received: evaluate message 4da7ce4c-41fa-4653-beba-6f695993f54a
[92mINFO [0m:      Sent reply
[92mINFO [0m:      
[92mINFO [0m:      Received: evaluate message 4af68f43-e335-4cc1-a76b-a477a85ab576
[92mINFO [0m:      Sent reply
[92mINFO [0m:      
[92mINFO [0m:      Received: reconnect message 26e99501-601e-469c-932f-c513240c6cef
[92mINFO [0m:      Disconnect and shut down
