[93mWARNING [0m:   DEPRECATED FEATURE: flwr.client.start_client() is deprecated.
	Instead, use the `flower-supernode` CLI command to start a SuperNode as shown below:

		$ flower-supernode --insecure --superlink='<IP>:<PORT>'

	To view all available options, run:

		$ flower-supernode --help

	Using `start_client()` is deprecated.

            This is a deprecated feature. It will be removed
            entirely in future versions of Flower.
        
[92mINFO [0m:      
[92mINFO [0m:      Received: train message 72e6a809-48d4-40ea-be72-8d9b1918531d
[92mINFO [0m:      Sent reply
[92mINFO [0m:      
[92mINFO [0m:      Received: evaluate message 249d17a7-fada-4c87-a8b2-64ebb4913c14
[92mINFO [0m:      Sent reply
[92mINFO [0m:      
[92mINFO [0m:      Received: train message bd3f0e5d-36b8-47e7-863a-0cab13dcb85b
[92mINFO [0m:      Sent reply
[92mINFO [0m:      
[92mINFO [0m:      Received: evaluate message 3ec8f02e-f7c8-485e-bb79-8ef52e651ad0
[92mINFO [0m:      Sent reply
[92mINFO [0m:      
[92mINFO [0m:      Received: train message 0b2cdeab-5c30-4c88-a92f-cd1c21982e6e
[92mINFO [0m:      Sent reply
[92mINFO [0m:      
[92mINFO [0m:      Received: train message c0b1dfc2-faf0-4b3d-8911-a092aea8ae2c
[92mINFO [0m:      Sent reply
[92mINFO [0m:      
[92mINFO [0m:      Received: train message e3f5d79c-e8f1-4c1c-ac49-a958cfd81292
[92mINFO [0m:      Sent reply
[92mINFO [0m:      
[92mINFO [0m:      Received: train message 7a1837f4-5565-4c98-a6b7-b64885a7642c
[92mINFO [0m:      Sent reply
[92mINFO [0m:      
[92mINFO [0m:      Received: evaluate message 2dc4744b-c4ed-42a6-8812-638bcb5a81ae
[92mINFO [0m:      Sent reply
[92mINFO [0m:      
[92mINFO [0m:      Received: evaluate message a780a0b3-b49f-4070-813f-ae9d646c74f5
[92mINFO [0m:      Sent reply
[92mINFO [0m:      
[92mINFO [0m:      Received: train message 5bc1100d-6606-4409-bee6-0927d59760d4
[92mINFO [0m:      Sent reply
[92mINFO [0m:      
[92mINFO [0m:      Received: evaluate message f1bcdd69-66bc-4e6e-a2f3-ed55bc505d7b
[92mINFO [0m:      Sent reply
[92mINFO [0m:      
[92mINFO [0m:      Received: train message 2ba372bd-8f2a-4d97-81d8-4e5cd8daa9fc
[92mINFO [0m:      Sent reply
[92mINFO [0m:      
[92mINFO [0m:      Received: evaluate message 7dd89c85-8f2c-4fa6-b8ec-fe4c178f049d
[92mINFO [0m:      Sent reply
[92mINFO [0m:      
[92mINFO [0m:      Received: train message 338faa58-5317-4552-98b6-5c89ac5b6343
[92mINFO [0m:      Sent reply
[92mINFO [0m:      
[92mINFO [0m:      Received: train message 6dc8e627-69fa-4f1e-a70b-1d5c1af9a98c
[92mINFO [0m:      Sent reply
[92mINFO [0m:      
[92mINFO [0m:      Received: train message bdbb6b0b-bc68-4030-9dc1-fe73298e1737
[92mINFO [0m:      Sent reply
[92mINFO [0m:      
[92mINFO [0m:      Received: train message f7ba8c85-1d94-468b-bf83-3232d6b55bab
[92mINFO [0m:      Sent reply
[92mINFO [0m:      
[92mINFO [0m:      Received: evaluate message 2ac7acf0-1618-4e1c-803f-de362ca2bbb9
[92mINFO [0m:      Sent reply
[92mINFO [0m:      
[92mINFO [0m:      Received: train message d54cb70e-6902-49f7-9e30-4fb2f00fff44
[92mINFO [0m:      Sent reply
[92mINFO [0m:      
[92mINFO [0m:      Received: evaluate message 8c2dadcb-1c4e-41de-82c5-c7972c77664d
[92mINFO [0m:      Sent reply
[92mINFO [0m:      
[92mINFO [0m:      Received: train message 421b90f0-d0d1-47f6-80fb-2c16df76acab
[92mINFO [0m:      Sent reply
[92mINFO [0m:      
[92mINFO [0m:      Received: evaluate message 7ec4414c-7eaf-4a08-b1ae-fd0085e23ad0
[92mINFO [0m:      Sent reply
[92mINFO [0m:      
[92mINFO [0m:      Received: train message 3bf19868-d90e-428b-89ec-d662c2b706a0
[92mINFO [0m:      Sent reply
[92mINFO [0m:      
[92mINFO [0m:      Received: train message b9a7f0c2-ec33-439d-89ae-3c2d0f17fb66
[92mINFO [0m:      Sent reply
[92mINFO [0m:      
[92mINFO [0m:      Received: evaluate message 13bb8e77-8233-4e0f-acdc-82a16e36952c
[92mINFO [0m:      Sent reply
[92mINFO [0m:      
[92mINFO [0m:      Received: evaluate message 7cd49ff0-021f-47d6-b91b-001e9b29b616
[92mINFO [0m:      Sent reply
[92mINFO [0m:      
[92mINFO [0m:      Received: evaluate message 21aeaa91-9424-4b94-bba4-7ba00d2d6860
[92mINFO [0m:      Sent reply
[92mINFO [0m:      
[92mINFO [0m:      Received: train message 8db23f5f-ffc4-4891-a085-36eafd1f7c06
[92mINFO [0m:      Sent reply
[92mINFO [0m:      
[92mINFO [0m:      Received: evaluate message 3a47477e-152d-4684-a814-2a1e96748aad
[92mINFO [0m:      Sent reply
[92mINFO [0m:      
[92mINFO [0m:      Received: evaluate message b8e534ff-03d9-4b8d-8d5c-71652a504c62
[92mINFO [0m:      Sent reply
[92mINFO [0m:      
[92mINFO [0m:      Received: train message cf8ae55a-efc5-4559-b200-4e50b23ad1ab
[92mINFO [0m:      Sent reply
[92mINFO [0m:      
[92mINFO [0m:      Received: train message 341df557-c169-4106-9327-a325e79ef083
[92mINFO [0m:      Sent reply
[92mINFO [0m:      
[92mINFO [0m:      Received: train message cf768aaf-1ac8-4dd6-9b0c-35d5c1bff28c
[92mINFO [0m:      Sent reply
[92mINFO [0m:      
[92mINFO [0m:      Received: train message 6810876e-70b2-4751-a78f-c9dc9b3e8613
[92mINFO [0m:      Sent reply
[92mINFO [0m:      
[92mINFO [0m:      Received: evaluate message e5a2f4a3-6b5d-4902-bb71-08125bf86e0b
[92mINFO [0m:      Sent reply
[92mINFO [0m:      
[92mINFO [0m:      Received: evaluate message d21cd307-165c-4cdd-a729-258d0981404b
[92mINFO [0m:      Sent reply
[92mINFO [0m:      
[92mINFO [0m:      Received: train message 288255d8-8feb-43a8-9d05-7341db709119
[92mINFO [0m:      Sent reply
[92mINFO [0m:      
[92mINFO [0m:      Received: evaluate message a2be7dc7-e858-4bad-9a36-8d05ddf0a2cb
[92mINFO [0m:      Sent reply
[92mINFO [0m:      
[92mINFO [0m:      Received: train message ed64b079-5aa4-4232-b499-5a61f5c0fecc
[92mINFO [0m:      Sent reply
[92mINFO [0m:      
[92mINFO [0m:      Received: evaluate message 8106ad2c-1aca-41e6-952f-8a01c9fa6e7d
[92mINFO [0m:      Sent reply
[92mINFO [0m:      
[92mINFO [0m:      Received: train message e42e6132-356e-4253-aba1-7fe6f6b7272e
[92mINFO [0m:      Sent reply
[92mINFO [0m:      
[92mINFO [0m:      Received: evaluate message c0782623-caf3-4823-aeef-8c9daf0a3599
[92mINFO [0m:      Sent reply
[92mINFO [0m:      
[92mINFO [0m:      Received: train message 4cf6edd0-e8f2-4e0e-b48e-eaa820692196
[92mINFO [0m:      Sent reply
[92mINFO [0m:      
[92mINFO [0m:      Received: train message c3788c44-093b-4236-aa4e-056be064fe0c
[92mINFO [0m:      Sent reply
[92mINFO [0m:      
[92mINFO [0m:      Received: evaluate message 484bf8b3-a734-4b19-b1ca-141ed1531a02
[92mINFO [0m:      Sent reply
[92mINFO [0m:      
[92mINFO [0m:      Received: train message e96e02ca-60f4-449f-9a54-3199bbb2e8fe
[92mINFO [0m:      Sent reply
[92mINFO [0m:      
[92mINFO [0m:      Received: evaluate message 50db4a0a-187d-4353-b947-29848e7f9a1e
[92mINFO [0m:      Sent reply
[92mINFO [0m:      
[92mINFO [0m:      Received: train message c629688a-3666-4801-b18e-aaf6daee9ddf
[92mINFO [0m:      Sent reply
[92mINFO [0m:      
[92mINFO [0m:      Received: evaluate message 231e6dd1-f9f9-496f-91c3-5d2ee397bcaa
[92mINFO [0m:      Sent reply
[92mINFO [0m:      
[92mINFO [0m:      Received: train message 694369ee-9017-4ad4-b7ba-2bc643fd0f38
[92mINFO [0m:      Sent reply
[92mINFO [0m:      
[92mINFO [0m:      Received: evaluate message 7f360688-ec84-46c1-ab44-23bf88e4bc24
[92mINFO [0m:      Sent reply
[92mINFO [0m:      
[92mINFO [0m:      Received: train message 3783e2c2-53c1-4ddb-8a66-0af7af26a06d
[92mINFO [0m:      Sent reply
[92mINFO [0m:      
[92mINFO [0m:      Received: evaluate message 8c92142c-f14e-4c33-be4e-dae524a0e204
[92mINFO [0m:      Sent reply
[92mINFO [0m:      
[92mINFO [0m:      Received: train message 5abdeaa0-ba5f-4037-9f84-92b96f9cbe2c
[92mINFO [0m:      Sent reply
[92mINFO [0m:      
[92mINFO [0m:      Received: train message 3efc8616-10ba-425a-a52f-a1c7a9a6c640
[92mINFO [0m:      Sent reply
[92mINFO [0m:      
[92mINFO [0m:      Received: evaluate message 957cd2e5-92a0-4c5d-a01a-09140b242356
[92mINFO [0m:      Sent reply
[92mINFO [0m:      
[92mINFO [0m:      Received: evaluate message fde0acfc-5e0d-45e4-8604-c35a8916a3e8
[92mINFO [0m:      Sent reply
[92mINFO [0m:      
[92mINFO [0m:      Received: train message 86bcf87e-b27e-4a26-9df3-46c1efb7c38e
[92mINFO [0m:      Sent reply
[92mINFO [0m:      
[92mINFO [0m:      Received: evaluate message 38088341-1168-441e-864d-eaaeb0609eff
[92mINFO [0m:      Sent reply
[92mINFO [0m:      
[92mINFO [0m:      Received: train message f9d6bb05-6974-4cc8-a125-48d48e68e570
[92mINFO [0m:      Sent reply
[92mINFO [0m:      
[92mINFO [0m:      Received: evaluate message 5cf9d276-d0e9-4d46-a5be-7653a6fd3afa
[92mINFO [0m:      Sent reply
[92mINFO [0m:      
[92mINFO [0m:      Received: train message 7c49177e-8fdb-4505-865f-4c6961c0278e
[92mINFO [0m:      Sent reply
[92mINFO [0m:      
[92mINFO [0m:      Received: evaluate message 849ce794-ae8e-4a7d-a142-df869d820e2a
[92mINFO [0m:      Sent reply
[92mINFO [0m:      
[92mINFO [0m:      Received: train message 18bc78d3-2fba-465b-a4c7-418b164cad23
[92mINFO [0m:      Sent reply
[92mINFO [0m:      
[92mINFO [0m:      Received: evaluate message b1238fc4-395e-4358-ba43-e88e5c532fb9
[92mINFO [0m:      Sent reply
[92mINFO [0m:      
[92mINFO [0m:      Received: train message 785c5b48-8897-4316-9104-a7d5bf30b3d2
[92mINFO [0m:      Sent reply
[92mINFO [0m:      
[92mINFO [0m:      Received: train message b6223252-ddc1-42e1-8092-439da35426d9
[92mINFO [0m:      Sent reply
[92mINFO [0m:      
[92mINFO [0m:      Received: evaluate message f464ccfa-77b9-4ce5-8a0f-de546d390e1b
[92mINFO [0m:      Sent reply
[92mINFO [0m:      
[92mINFO [0m:      Received: evaluate message 947d2b3e-7025-435d-bdfe-7876ee3705f4
[92mINFO [0m:      Sent reply
[92mINFO [0m:      
[92mINFO [0m:      Received: train message 8c0a2c36-27b3-4485-a36a-47af66d23fe0
[92mINFO [0m:      Sent reply
[92mINFO [0m:      
[92mINFO [0m:      Received: evaluate message 0aa999ec-63fd-444d-b9fb-3ebfd2862418
[92mINFO [0m:      Sent reply
[92mINFO [0m:      
[92mINFO [0m:      Received: train message 0ed8805e-1b8e-4751-b7e9-b7e7a84c6474
[92mINFO [0m:      Sent reply
[92mINFO [0m:      
[92mINFO [0m:      Received: evaluate message ca48abd2-37d8-45b9-8be0-7ac9a98e9c9c
[92mINFO [0m:      Sent reply
[92mINFO [0m:      
[92mINFO [0m:      Received: train message 15b055fc-6e08-47da-8b2c-0a5d4914c613
[92mINFO [0m:      Sent reply
[92mINFO [0m:      
[92mINFO [0m:      Received: evaluate message c5958d1c-1117-4511-95fb-412cf39c53ec
[92mINFO [0m:      Sent reply
[92mINFO [0m:      
[92mINFO [0m:      Received: evaluate message e2991462-cd43-4fb4-abc6-67ac7a244773
[92mINFO [0m:      Sent reply
[92mINFO [0m:      
[92mINFO [0m:      Received: train message bd2ba5e3-4248-4814-a3b1-dd09143f2429
[92mINFO [0m:      Sent reply
[92mINFO [0m:      
[92mINFO [0m:      Received: evaluate message 5b356b0b-f12f-4dd3-bdda-2b30749dd683
[92mINFO [0m:      Sent reply
[92mINFO [0m:      
[92mINFO [0m:      Received: train message fdb6fe82-95fc-48b8-84af-2cb54f8b1dff
[92mINFO [0m:      Sent reply
[92mINFO [0m:      
[92mINFO [0m:      Received: evaluate message 1afc0c9e-c39b-4bd8-a3f3-1e7e16f8c3c6
[92mINFO [0m:      Sent reply
[92mINFO [0m:      
[92mINFO [0m:      Received: train message d86dc100-2966-4af3-ae23-3409c3b912a8
[92mINFO [0m:      Sent reply
[92mINFO [0m:      
[92mINFO [0m:      Received: train message 11b8f4d4-c518-42a4-b3e6-228f2db6aa6f
[92mINFO [0m:      Sent reply
[92mINFO [0m:      
[92mINFO [0m:      Received: evaluate message ae9099b3-e26e-4163-819b-a8b1be9a6e1c
[92mINFO [0m:      Sent reply
[92mINFO [0m:      
[92mINFO [0m:      Received: evaluate message ffb244a7-2fc9-43d6-94af-5cc53993595f
[92mINFO [0m:      Sent reply
[92mINFO [0m:      
[92mINFO [0m:      Received: train message 1c9eb937-3ccb-4d96-8ae5-614d3031f311
[92mINFO [0m:      Sent reply
[92mINFO [0m:      
[92mINFO [0m:      Received: evaluate message 6acfc302-74b6-4622-bd7e-a1a68af22293
[92mINFO [0m:      Sent reply
[92mINFO [0m:      
[92mINFO [0m:      Received: train message 6cfa610c-caec-41a5-96cc-fc3e5aad023d
[92mINFO [0m:      Sent reply
[92mINFO [0m:      
[92mINFO [0m:      Received: train message 4c95e754-3aaf-4aef-aec2-9b45542bd7ed
[92mINFO [0m:      Sent reply
[92mINFO [0m:      
[92mINFO [0m:      Received: evaluate message c644a534-b4ac-4edd-a5c5-9b36caf986de
[92mINFO [0m:      Sent reply
[92mINFO [0m:      
[92mINFO [0m:      Received: evaluate message b878686c-0986-4fa5-99d0-560697e40b00
[92mINFO [0m:      Sent reply
[92mINFO [0m:      
[92mINFO [0m:      Received: train message e27016ec-b88b-4440-a0f1-e5872a55da80
[92mINFO [0m:      Sent reply
[92mINFO [0m:      
[92mINFO [0m:      Received: evaluate message d976833b-1b73-4d39-b036-d72afdd60e2b
[92mINFO [0m:      Sent reply
[92mINFO [0m:      
[92mINFO [0m:      Received: evaluate message 29d37db3-c063-4f9e-817e-fd5b9ba1f093
[92mINFO [0m:      Sent reply
[92mINFO [0m:      
[92mINFO [0m:      Received: evaluate message aec3e161-8c78-4a7f-ade2-ea20185f800b
[92mINFO [0m:      Sent reply
[92mINFO [0m:      
[92mINFO [0m:      Received: train message cda879be-0e4f-4378-95b3-50e6b1b74dbe
[92mINFO [0m:      Sent reply
[92mINFO [0m:      
[92mINFO [0m:      Received: train message 510745b7-f284-479d-be6e-97c67cef2e2d
[92mINFO [0m:      Sent reply
[92mINFO [0m:      
[92mINFO [0m:      Received: evaluate message 6dd37375-f540-4bc0-9208-b03a81f9e22f
[92mINFO [0m:      Sent reply
[92mINFO [0m:      
[92mINFO [0m:      Received: train message eea5a358-2fec-49f8-8b12-22d86a83ed04
[92mINFO [0m:      Sent reply
[92mINFO [0m:      
[92mINFO [0m:      Received: evaluate message 0a1ab0e5-9076-4bfe-bbe2-92d541985170
[92mINFO [0m:      Sent reply
[92mINFO [0m:      
[92mINFO [0m:      Received: train message d8482f40-581f-4bdb-971b-4e37764d49f8
[92mINFO [0m:      Sent reply
[92mINFO [0m:      
[92mINFO [0m:      Received: evaluate message c1d19453-21c1-49f5-be61-0ece85ed0864
[92mINFO [0m:      Sent reply
[92mINFO [0m:      
[92mINFO [0m:      Received: train message f80f6a78-35f8-44ff-af83-7ddf2dd18c8b
[92mINFO [0m:      Sent reply
[92mINFO [0m:      
[92mINFO [0m:      Received: train message ad787cd5-26a7-44ba-9ad8-2e2bec38c9e3
[92mINFO [0m:      Sent reply
[92mINFO [0m:      
[92mINFO [0m:      Received: evaluate message 5536da14-5094-4f88-8bc5-d7aa80f074d9
[92mINFO [0m:      Sent reply
[92mINFO [0m:      
[92mINFO [0m:      Received: evaluate message 041e6fd2-17ea-4be3-a62e-272e3c2db240
[92mINFO [0m:      Sent reply
[92mINFO [0m:      
[92mINFO [0m:      Received: train message d375ff06-7521-4689-bdfe-5e3540d4df0e
[92mINFO [0m:      Sent reply
[92mINFO [0m:      
[92mINFO [0m:      Received: train message bd51c075-1b4c-4f16-8fb0-63cf3e6371e4
[92mINFO [0m:      Sent reply
[92mINFO [0m:      
[92mINFO [0m:      Received: evaluate message 9222461b-19bb-4dea-8d4d-5f50991aaca2
[92mINFO [0m:      Sent reply
[92mINFO [0m:      
[92mINFO [0m:      Received: evaluate message 78e61524-cfe9-4959-854f-7a8efaf16fb9
[92mINFO [0m:      Sent reply
[92mINFO [0m:      
[92mINFO [0m:      Received: evaluate message 815e7aea-7ac8-447d-a501-d43aa39e58bd
[92mINFO [0m:      Sent reply
[92mINFO [0m:      
[92mINFO [0m:      Received: evaluate message 96022351-0490-4d4b-a59d-806e07b761c6
[92mINFO [0m:      Sent reply
[92mINFO [0m:      
[92mINFO [0m:      Received: evaluate message c0efe050-eab7-4a1b-9dc8-42ff6a066064
[92mINFO [0m:      Sent reply
[92mINFO [0m:      
[92mINFO [0m:      Received: train message 4e0d0f39-655d-4d0c-b2ad-3739c01b0f23
[92mINFO [0m:      Sent reply
[92mINFO [0m:      
[92mINFO [0m:      Received: evaluate message e2f22edc-abc7-46c9-85b1-d1fad5362ced
[92mINFO [0m:      Sent reply
[92mINFO [0m:      
[92mINFO [0m:      Received: evaluate message 34e06ff0-1536-4675-a284-42db9c68b05b
[92mINFO [0m:      Sent reply
[92mINFO [0m:      
[92mINFO [0m:      Received: evaluate message 59ecc4ca-d66f-44b7-9449-fb1d2b1bb635
[92mINFO [0m:      Sent reply
[92mINFO [0m:      
[92mINFO [0m:      Received: evaluate message 856f00ef-9538-47fc-a35f-007f47655003
[92mINFO [0m:      Sent reply
[92mINFO [0m:      
[92mINFO [0m:      Received: evaluate message ff94a957-8f52-4469-9ae4-4af2ea772bbb
[92mINFO [0m:      Sent reply
[92mINFO [0m:      
[92mINFO [0m:      Received: evaluate message 3049ac48-65ce-40cb-beb6-4eecb479589a
[92mINFO [0m:      Sent reply
[92mINFO [0m:      
[92mINFO [0m:      Received: train message 9024c09f-09e6-415d-b53d-cfbbc40a1f66
[92mINFO [0m:      Sent reply
[92mINFO [0m:      
[92mINFO [0m:      Received: train message 2b05d025-f743-40bb-abac-60ec1d6f94b2
[92mINFO [0m:      Sent reply
[92mINFO [0m:      
[92mINFO [0m:      Received: evaluate message 7a9a980e-54c2-4923-8d66-68fa29d9fb62
[92mINFO [0m:      Sent reply
[92mINFO [0m:      
[92mINFO [0m:      Received: evaluate message de70f226-5cf7-42be-a089-7ee8fda75425
[92mINFO [0m:      Sent reply
[92mINFO [0m:      
[92mINFO [0m:      Received: reconnect message e70023eb-6aa2-47f1-8f1b-cf8ac7f13d2b
[92mINFO [0m:      Disconnect and shut down
