[93mWARNING [0m:   DEPRECATED FEATURE: flwr.client.start_client() is deprecated.
	Instead, use the `flower-supernode` CLI command to start a SuperNode as shown below:

		$ flower-supernode --insecure --superlink='<IP>:<PORT>'

	To view all available options, run:

		$ flower-supernode --help

	Using `start_client()` is deprecated.

            This is a deprecated feature. It will be removed
            entirely in future versions of Flower.
        
[92mINFO [0m:      
[92mINFO [0m:      Received: train message c2ed0330-3604-403e-b7b4-8d850936eeb1
[92mINFO [0m:      Sent reply
[92mINFO [0m:      
[92mINFO [0m:      Received: train message 1d846f20-b769-4ba3-b2ca-4194cb9606ad
[92mINFO [0m:      Sent reply
[92mINFO [0m:      
[92mINFO [0m:      Received: evaluate message 28fe8f2b-c54c-403d-a5d3-f646cd375d31
[92mINFO [0m:      Sent reply
[92mINFO [0m:      
[92mINFO [0m:      Received: train message 84a0ba50-1713-49dc-805b-be19ea16ed30
[92mINFO [0m:      Sent reply
[92mINFO [0m:      
[92mINFO [0m:      Received: train message 037856cc-dd17-409e-855a-7a1fa6d821b3
[92mINFO [0m:      Sent reply
[92mINFO [0m:      
[92mINFO [0m:      Received: evaluate message b986483c-08c0-4af3-90c3-44d5ae389686
[92mINFO [0m:      Sent reply
[92mINFO [0m:      
[92mINFO [0m:      Received: train message 64373277-e3f1-44b0-a9f8-a2b09ce55cb1
[92mINFO [0m:      Sent reply
[92mINFO [0m:      
[92mINFO [0m:      Received: evaluate message 0e4a9349-ae34-4ddc-abec-8a8cd8f64232
[92mINFO [0m:      Sent reply
[92mINFO [0m:      
[92mINFO [0m:      Received: train message 81c9c645-f769-48a1-aece-336fb439ee71
[92mINFO [0m:      Sent reply
[92mINFO [0m:      
[92mINFO [0m:      Received: evaluate message d4b22dfa-8a9a-4cd4-996b-2fb4d9b98b29
[92mINFO [0m:      Sent reply
[92mINFO [0m:      
[92mINFO [0m:      Received: train message b522b9f2-4150-45b4-99c4-607cafcc92b6
[92mINFO [0m:      Sent reply
[92mINFO [0m:      
[92mINFO [0m:      Received: evaluate message e16e1d43-cdb5-4274-9ac6-10ce65dcae63
[92mINFO [0m:      Sent reply
[92mINFO [0m:      
[92mINFO [0m:      Received: evaluate message f3551841-ea05-4647-b4e7-62d606e4b1de
[92mINFO [0m:      Sent reply
[92mINFO [0m:      
[92mINFO [0m:      Received: train message 46316d1c-a9e5-43bc-b11b-615d13ba354f
[92mINFO [0m:      Sent reply
[92mINFO [0m:      
[92mINFO [0m:      Received: train message f56525d7-92ee-431c-b697-d6b661a41928
[92mINFO [0m:      Sent reply
[92mINFO [0m:      
[92mINFO [0m:      Received: evaluate message 441fd887-e6ae-4092-8ab7-f7316ead9a6f
[92mINFO [0m:      Sent reply
[92mINFO [0m:      
[92mINFO [0m:      Received: evaluate message 6853fe9d-1740-4e16-9837-9c5b4d8539c8
[92mINFO [0m:      Sent reply
[92mINFO [0m:      
[92mINFO [0m:      Received: evaluate message 80fce8eb-865b-42c8-9159-0bbd5661faf3
[92mINFO [0m:      Sent reply
[92mINFO [0m:      
[92mINFO [0m:      Received: evaluate message 0675d227-765c-479b-9ef0-34214404c17c
[92mINFO [0m:      Sent reply
[92mINFO [0m:      
[92mINFO [0m:      Received: train message 3966d084-1e32-471b-b802-379372aa904c
[92mINFO [0m:      Sent reply
[92mINFO [0m:      
[92mINFO [0m:      Received: evaluate message 66c1e6a1-3159-4e2c-819d-e34255c29ddc
[92mINFO [0m:      Sent reply
[92mINFO [0m:      
[92mINFO [0m:      Received: train message 42dac96d-9e1f-463e-b18e-1163235f6c90
[92mINFO [0m:      Sent reply
[92mINFO [0m:      
[92mINFO [0m:      Received: evaluate message 9cca705d-89fc-48cd-bc48-2892c7742623
[92mINFO [0m:      Sent reply
[92mINFO [0m:      
[92mINFO [0m:      Received: train message fd5cd944-c223-4faa-9a1e-2b26e89008c9
[92mINFO [0m:      Sent reply
[92mINFO [0m:      
[92mINFO [0m:      Received: train message 6154943d-502c-4fdb-9104-bf968f6647bb
[92mINFO [0m:      Sent reply
[92mINFO [0m:      
[92mINFO [0m:      Received: evaluate message 9a55b7cb-fa8f-43b7-8428-0238b03cb4ea
[92mINFO [0m:      Sent reply
[92mINFO [0m:      
[92mINFO [0m:      Received: train message 38d87647-4e4f-4dff-a97a-0ef656eb935c
[92mINFO [0m:      Sent reply
[92mINFO [0m:      
[92mINFO [0m:      Received: train message 0bbbc97d-c74a-4985-9f9b-816aaf9d6247
[92mINFO [0m:      Sent reply
[92mINFO [0m:      
[92mINFO [0m:      Received: evaluate message 0c2eaa90-65ea-4002-9c16-5ff78aec3b5e
[92mINFO [0m:      Sent reply
[92mINFO [0m:      
[92mINFO [0m:      Received: train message 3ac743e9-f2ba-46cb-9a47-64c0b76f6fe3
[92mINFO [0m:      Sent reply
[92mINFO [0m:      
[92mINFO [0m:      Received: evaluate message 488a3948-9c48-47dd-b709-09b5dc171dd4
[92mINFO [0m:      Sent reply
[92mINFO [0m:      
[92mINFO [0m:      Received: evaluate message f5736cb3-a2d8-484f-b34a-dee1ce88eabe
[92mINFO [0m:      Sent reply
[92mINFO [0m:      
[92mINFO [0m:      Received: evaluate message 24a13185-4cef-46fa-b929-fff352da2eda
[92mINFO [0m:      Sent reply
[92mINFO [0m:      
[92mINFO [0m:      Received: train message 9f9b788b-e70b-48a7-a9c1-a17596626792
[92mINFO [0m:      Sent reply
[92mINFO [0m:      
[92mINFO [0m:      Received: evaluate message d8956468-6362-4ae9-9247-34a180e35c4d
[92mINFO [0m:      Sent reply
[92mINFO [0m:      
[92mINFO [0m:      Received: train message 143a6ec3-5a3a-4a73-9827-4a863c92d7e7
[92mINFO [0m:      Sent reply
[92mINFO [0m:      
[92mINFO [0m:      Received: evaluate message 289ccf21-eefd-4204-962b-fb39bdba8306
[92mINFO [0m:      Sent reply
[92mINFO [0m:      
[92mINFO [0m:      Received: train message 6566aca0-e58b-403d-b9f6-8d526f41509e
[92mINFO [0m:      Sent reply
[92mINFO [0m:      
[92mINFO [0m:      Received: evaluate message ce38a62b-3cf1-4cd0-90fa-355a1d0a01d5
[92mINFO [0m:      Sent reply
[92mINFO [0m:      
[92mINFO [0m:      Received: train message ab045344-27bf-4bcb-9b67-0e4592684a83
[92mINFO [0m:      Sent reply
[92mINFO [0m:      
[92mINFO [0m:      Received: evaluate message 2771ba79-7394-4e71-b896-3106976a156c
[92mINFO [0m:      Sent reply
[92mINFO [0m:      
[92mINFO [0m:      Received: train message e9e59dba-5efd-4873-a734-098a32c5e557
[92mINFO [0m:      Sent reply
[92mINFO [0m:      
[92mINFO [0m:      Received: train message 21bcf34e-8268-4a71-bb7a-9bf40cc9d9f6
[92mINFO [0m:      Sent reply
[92mINFO [0m:      
[92mINFO [0m:      Received: evaluate message 77d65317-248b-48b3-9b4b-8de8196935b5
[92mINFO [0m:      Sent reply
[92mINFO [0m:      
[92mINFO [0m:      Received: evaluate message a0b78971-46b4-40b1-b566-655e0c9ecbb2
[92mINFO [0m:      Sent reply
[92mINFO [0m:      
[92mINFO [0m:      Received: train message 20153993-0f3c-4aba-8542-b89725dbd7d2
[92mINFO [0m:      Sent reply
[92mINFO [0m:      
[92mINFO [0m:      Received: evaluate message 015af273-3b69-4bb0-a930-e02fd1fc0298
[92mINFO [0m:      Sent reply
[92mINFO [0m:      
[92mINFO [0m:      Received: train message f270f3c5-1b2d-4a75-907e-59468cde1611
[92mINFO [0m:      Sent reply
[92mINFO [0m:      
[92mINFO [0m:      Received: evaluate message a04a4804-3ada-47e8-b536-51d061bce38d
[92mINFO [0m:      Sent reply
[92mINFO [0m:      
[92mINFO [0m:      Received: train message 8d166604-c6c7-469b-9732-80ea0578f86c
[92mINFO [0m:      Sent reply
[92mINFO [0m:      
[92mINFO [0m:      Received: train message ee2e245c-45f7-40fd-aa47-469fc9e6bff1
[92mINFO [0m:      Sent reply
[92mINFO [0m:      
[92mINFO [0m:      Received: train message cdc4d66f-d64e-4b68-9fd3-46264f4d3bbc
[92mINFO [0m:      Sent reply
[92mINFO [0m:      
[92mINFO [0m:      Received: train message 4b877e07-7fb5-4491-ae4b-810447dddefd
[92mINFO [0m:      Sent reply
[92mINFO [0m:      
[92mINFO [0m:      Received: evaluate message 284de1cd-26f3-401d-99dc-b35f523509f4
[92mINFO [0m:      Sent reply
[92mINFO [0m:      
[92mINFO [0m:      Received: train message c1824efa-e76a-4738-80c5-46c56add8eac
[92mINFO [0m:      Sent reply
[92mINFO [0m:      
[92mINFO [0m:      Received: train message 72bdce82-5699-47da-a8c9-981a20aa898a
[92mINFO [0m:      Sent reply
[92mINFO [0m:      
[92mINFO [0m:      Received: evaluate message cf90abe4-e24d-47ec-b2cf-11e01310f8e1
[92mINFO [0m:      Sent reply
[92mINFO [0m:      
[92mINFO [0m:      Received: train message 8d5922d6-ed60-43eb-8c60-47e95198101b
[92mINFO [0m:      Sent reply
[92mINFO [0m:      
[92mINFO [0m:      Received: evaluate message 589054dd-3443-4d9c-8d78-78c70b7c3ff7
[92mINFO [0m:      Sent reply
[92mINFO [0m:      
[92mINFO [0m:      Received: train message a8a1d769-4567-4878-ae1d-b09dabb64926
[92mINFO [0m:      Sent reply
[92mINFO [0m:      
[92mINFO [0m:      Received: evaluate message e6e4d7a5-43e8-43d6-ab0e-54cadf5caba8
[92mINFO [0m:      Sent reply
[92mINFO [0m:      
[92mINFO [0m:      Received: train message 183fbe1d-53c9-4e51-b954-651113414b7a
[92mINFO [0m:      Sent reply
[92mINFO [0m:      
[92mINFO [0m:      Received: evaluate message f183a2bd-49a8-4f5f-b395-610712aefab4
[92mINFO [0m:      Sent reply
[92mINFO [0m:      
[92mINFO [0m:      Received: evaluate message 83493920-ebff-4b45-ad4d-7c2b0e85cfbd
[92mINFO [0m:      Sent reply
[92mINFO [0m:      
[92mINFO [0m:      Received: train message 564072c9-e33e-462b-90be-50b20fb923ba
[92mINFO [0m:      Sent reply
[92mINFO [0m:      
[92mINFO [0m:      Received: evaluate message b7a6fbe6-adc7-41d4-97a4-0452c821f4a0
[92mINFO [0m:      Sent reply
[92mINFO [0m:      
[92mINFO [0m:      Received: evaluate message e8650915-107a-4f66-b714-810c2e49aae7
[92mINFO [0m:      Sent reply
[92mINFO [0m:      
[92mINFO [0m:      Received: train message 80ae3816-7d31-4bb6-98aa-64eb423a9ced
[92mINFO [0m:      Sent reply
[92mINFO [0m:      
[92mINFO [0m:      Received: train message d2d53d88-a116-454d-a006-ed4d9c95f01a
[92mINFO [0m:      Sent reply
[92mINFO [0m:      
[92mINFO [0m:      Received: train message dc7e40ec-492d-4372-8526-7cac26ccef74
[92mINFO [0m:      Sent reply
[92mINFO [0m:      
[92mINFO [0m:      Received: evaluate message af9ede37-c4ba-4d41-826e-5d31f26c1f7f
[92mINFO [0m:      Sent reply
[92mINFO [0m:      
[92mINFO [0m:      Received: evaluate message 59e76443-162a-423d-94e6-876ce27b23b0
[92mINFO [0m:      Sent reply
[92mINFO [0m:      
[92mINFO [0m:      Received: train message 6459d1bd-3913-402a-aa14-2f513c74a3d7
[92mINFO [0m:      Sent reply
[92mINFO [0m:      
[92mINFO [0m:      Received: train message c1527082-13c4-4fe9-8831-f9a95fff5c7d
[92mINFO [0m:      Sent reply
[92mINFO [0m:      
[92mINFO [0m:      Received: train message 31ec8e06-de16-4fe2-adcd-5f28151e5fa6
[92mINFO [0m:      Sent reply
[92mINFO [0m:      
[92mINFO [0m:      Received: train message b1f17117-2c70-4e5c-8589-54e210f1c3dd
[92mINFO [0m:      Sent reply
[92mINFO [0m:      
[92mINFO [0m:      Received: evaluate message 737e6696-4494-4f78-b722-e9ce60cbbe2a
[92mINFO [0m:      Sent reply
[92mINFO [0m:      
[92mINFO [0m:      Received: evaluate message ac203ed6-63f4-4a88-9e3c-cf614cb0823f
[92mINFO [0m:      Sent reply
[92mINFO [0m:      
[92mINFO [0m:      Received: train message ac336f67-3d9a-46ee-b5d0-c108a7794301
[92mINFO [0m:      Sent reply
[92mINFO [0m:      
[92mINFO [0m:      Received: train message 1bfe8f62-9965-499d-b150-d91124d0ab63
[92mINFO [0m:      Sent reply
[92mINFO [0m:      
[92mINFO [0m:      Received: evaluate message 0312ea89-0939-4e06-accf-c391d2844c7e
[92mINFO [0m:      Sent reply
[92mINFO [0m:      
[92mINFO [0m:      Received: evaluate message 786e0819-f8dc-42ba-8e10-b5876e1bd02b
[92mINFO [0m:      Sent reply
[92mINFO [0m:      
[92mINFO [0m:      Received: evaluate message 2dde4386-4633-40b7-8d25-d93c296d5865
[92mINFO [0m:      Sent reply
[92mINFO [0m:      
[92mINFO [0m:      Received: train message 7f193e9b-058b-440d-ba9f-0bb6ac523be4
[92mINFO [0m:      Sent reply
[92mINFO [0m:      
[92mINFO [0m:      Received: evaluate message 30694b3a-8212-4e39-bc21-ae9c3a09e0db
[92mINFO [0m:      Sent reply
[92mINFO [0m:      
[92mINFO [0m:      Received: train message 71c33782-c9d2-4df2-a2ee-bf04ce26b150
[92mINFO [0m:      Sent reply
[92mINFO [0m:      
[92mINFO [0m:      Received: evaluate message 802540d2-0458-4495-bf8c-dd67ff33fc3b
[92mINFO [0m:      Sent reply
[92mINFO [0m:      
[92mINFO [0m:      Received: train message a89ed83d-eb20-47c7-9788-004e56329d2e
[92mINFO [0m:      Sent reply
[92mINFO [0m:      
[92mINFO [0m:      Received: evaluate message 998cbd6a-853d-40be-9359-2cbf83ab96bf
[92mINFO [0m:      Sent reply
[92mINFO [0m:      
[92mINFO [0m:      Received: train message 04a3227c-41f4-479f-9869-32e80c69fded
[92mINFO [0m:      Sent reply
[92mINFO [0m:      
[92mINFO [0m:      Received: evaluate message 9a513515-d5a6-4dd7-a528-55626793e139
[92mINFO [0m:      Sent reply
[92mINFO [0m:      
[92mINFO [0m:      Received: train message 5617db89-14a7-46c4-9700-df1c3e8f40fd
[92mINFO [0m:      Sent reply
[92mINFO [0m:      
[92mINFO [0m:      Received: train message 73762392-94ef-467c-9a46-06a4b166602a
[92mINFO [0m:      Sent reply
[92mINFO [0m:      
[92mINFO [0m:      Received: evaluate message 5663d0a5-111b-4149-9eb8-d0bd722a5c95
[92mINFO [0m:      Sent reply
[92mINFO [0m:      
[92mINFO [0m:      Received: evaluate message aa8b1218-1b06-4cab-8da9-d42b05692647
[92mINFO [0m:      Sent reply
[92mINFO [0m:      
[92mINFO [0m:      Received: train message 4b104646-39d9-4a52-90c6-d6f0257facd4
[92mINFO [0m:      Sent reply
[92mINFO [0m:      
[92mINFO [0m:      Received: evaluate message 9a896bd2-45fb-41b7-bfb3-585248b0d317
[92mINFO [0m:      Sent reply
[92mINFO [0m:      
[92mINFO [0m:      Received: train message ffc62de5-b608-48ff-8e35-f3563909e500
[92mINFO [0m:      Sent reply
[92mINFO [0m:      
[92mINFO [0m:      Received: train message 29b41cd3-a0f7-466f-8334-d34eb8fbe956
[92mINFO [0m:      Sent reply
[92mINFO [0m:      
[92mINFO [0m:      Received: evaluate message d64d8c08-2168-4806-a81b-accbd58a7d3e
[92mINFO [0m:      Sent reply
[92mINFO [0m:      
[92mINFO [0m:      Received: evaluate message 5ba082c0-da76-4514-85d4-f40902102ab2
[92mINFO [0m:      Sent reply
[92mINFO [0m:      
[92mINFO [0m:      Received: train message 27baee97-9391-4187-80ff-da02e5a807c1
[92mINFO [0m:      Sent reply
[92mINFO [0m:      
[92mINFO [0m:      Received: train message 0b694d60-1cb8-4a92-b78a-16e9cf499039
[92mINFO [0m:      Sent reply
[92mINFO [0m:      
[92mINFO [0m:      Received: evaluate message 086183ef-613e-45ef-9631-5101593a5fc5
[92mINFO [0m:      Sent reply
[92mINFO [0m:      
[92mINFO [0m:      Received: train message fad2d44d-08e9-47c3-a35b-60da617a05c0
[92mINFO [0m:      Sent reply
[92mINFO [0m:      
[92mINFO [0m:      Received: evaluate message c7b85e00-5be6-4862-99d7-6a08bdb7aa92
[92mINFO [0m:      Sent reply
[92mINFO [0m:      
[92mINFO [0m:      Received: train message 2bf690fe-437e-4f73-922b-fa3d2b4fc00a
[92mINFO [0m:      Sent reply
[92mINFO [0m:      
[92mINFO [0m:      Received: evaluate message 790efcb2-47b2-44f7-84c6-d72e052a8aef
[92mINFO [0m:      Sent reply
[92mINFO [0m:      
[92mINFO [0m:      Received: train message a3c22011-68ae-4e99-a02d-fdcb05d1a8fb
[92mINFO [0m:      Sent reply
[92mINFO [0m:      
[92mINFO [0m:      Received: evaluate message deab8aca-c106-47f8-9fc6-8458192b7731
[92mINFO [0m:      Sent reply
[92mINFO [0m:      
[92mINFO [0m:      Received: train message 3327b0db-39eb-47a9-9e97-75cc3c69ad9c
[92mINFO [0m:      Sent reply
[92mINFO [0m:      
[92mINFO [0m:      Received: evaluate message a31230d1-39b0-447c-83b2-401fca2042df
[92mINFO [0m:      Sent reply
[92mINFO [0m:      
[92mINFO [0m:      Received: train message dffe0f63-69d4-409a-89d1-d188b02dce0d
[92mINFO [0m:      Sent reply
[92mINFO [0m:      
[92mINFO [0m:      Received: evaluate message e5d6c5f5-9fd3-4677-968a-d9ae27e434f6
[92mINFO [0m:      Sent reply
[92mINFO [0m:      
[92mINFO [0m:      Received: train message ef362896-f370-46e4-bd5a-88950ec7985f
[92mINFO [0m:      Sent reply
[92mINFO [0m:      
[92mINFO [0m:      Received: train message 84c60287-bc9a-4b49-98e5-9836ebfc1791
[92mINFO [0m:      Sent reply
[92mINFO [0m:      
[92mINFO [0m:      Received: evaluate message b0bdfbdb-bab8-4c95-84d9-e70c3609ea7c
[92mINFO [0m:      Sent reply
[92mINFO [0m:      
[92mINFO [0m:      Received: train message e7253b9a-aad2-415e-9e61-d93f0b8b1ef7
[92mINFO [0m:      Sent reply
[92mINFO [0m:      
[92mINFO [0m:      Received: evaluate message c97bfc08-1096-454d-8044-c21bba0f6a59
[92mINFO [0m:      Sent reply
[92mINFO [0m:      
[92mINFO [0m:      Received: train message 8d7cb9b5-5f53-4c7f-a76f-39b4f9e7f6b7
[92mINFO [0m:      Sent reply
[92mINFO [0m:      
[92mINFO [0m:      Received: evaluate message 3097be03-ac1b-4f9f-b7ae-67f2ca15620e
[92mINFO [0m:      Sent reply
[92mINFO [0m:      
[92mINFO [0m:      Received: train message 31e5b6be-3889-4e01-9bbf-4a9de4b5e2e5
[92mINFO [0m:      Sent reply
[92mINFO [0m:      
[92mINFO [0m:      Received: evaluate message 689a6080-c339-4774-9bf0-46d6042987c6
[92mINFO [0m:      Sent reply
[92mINFO [0m:      
[92mINFO [0m:      Received: train message cd907d84-a559-406b-bca6-bee7abf54f80
[92mINFO [0m:      Sent reply
[92mINFO [0m:      
[92mINFO [0m:      Received: train message 2ec8be2f-c750-4b70-9482-ecf60bad1e8c
[92mINFO [0m:      Sent reply
[92mINFO [0m:      
[92mINFO [0m:      Received: evaluate message 88ff4ee5-ae00-4c67-9f19-25f9896783fa
[92mINFO [0m:      Sent reply
[92mINFO [0m:      
[92mINFO [0m:      Received: train message c8fb6a6c-3713-42de-8f28-7e730a22f3dc
[92mINFO [0m:      Sent reply
[92mINFO [0m:      
[92mINFO [0m:      Received: train message 5fd6800e-b089-4af3-903b-8c693e4d82ff
[92mINFO [0m:      Sent reply
[92mINFO [0m:      
[92mINFO [0m:      Received: evaluate message aca2e20e-bef2-47f4-9ebb-a2f30daa8b81
[92mINFO [0m:      Sent reply
[92mINFO [0m:      
[92mINFO [0m:      Received: train message 89c01df4-998b-4e56-ae62-9733e36627d2
[92mINFO [0m:      Sent reply
[92mINFO [0m:      
[92mINFO [0m:      Received: evaluate message 80ae840a-eb87-4997-b42e-8927982f2b7e
[92mINFO [0m:      Sent reply
[92mINFO [0m:      
[92mINFO [0m:      Received: train message 8a2bdbb7-04c3-424c-a79e-5f26c3e5fd08
[92mINFO [0m:      Sent reply
[92mINFO [0m:      
[92mINFO [0m:      Received: train message 0dd2bd18-56a3-4f05-93c1-b29db93c044f
[92mINFO [0m:      Sent reply
[92mINFO [0m:      
[92mINFO [0m:      Received: train message 06a8a442-3ac8-4aa4-a9ba-a21b018d0539
[92mINFO [0m:      Sent reply
[92mINFO [0m:      
[92mINFO [0m:      Received: reconnect message 5cd8bbf2-f2ed-4588-be98-4bc50fbd6ef0
[92mINFO [0m:      Disconnect and shut down
