[93mWARNING [0m:   DEPRECATED FEATURE: flwr.client.start_client() is deprecated.
	Instead, use the `flower-supernode` CLI command to start a SuperNode as shown below:

		$ flower-supernode --insecure --superlink='<IP>:<PORT>'

	To view all available options, run:

		$ flower-supernode --help

	Using `start_client()` is deprecated.

            This is a deprecated feature. It will be removed
            entirely in future versions of Flower.
        
[92mINFO [0m:      
[92mINFO [0m:      Received: evaluate message 449f9aca-6cf7-4d12-81ef-bf171bd070a4
[92mINFO [0m:      Sent reply
[92mINFO [0m:      
[92mINFO [0m:      Received: train message c74c83fa-9d25-4651-b309-ae45e6955beb
[92mINFO [0m:      Sent reply
[92mINFO [0m:      
[92mINFO [0m:      Received: evaluate message de257c5c-8ed1-4e1a-ab20-6125bee0d0cb
[92mINFO [0m:      Sent reply
[92mINFO [0m:      
[92mINFO [0m:      Received: train message 10668516-e6db-4562-a815-74ba5cf78231
[92mINFO [0m:      Sent reply
[92mINFO [0m:      
[92mINFO [0m:      Received: evaluate message f205ef4d-891b-475b-9617-af2908d90505
[92mINFO [0m:      Sent reply
[92mINFO [0m:      
[92mINFO [0m:      Received: train message d1dcb6f3-c0ed-4434-9992-e1364dab96d3
[92mINFO [0m:      Sent reply
[92mINFO [0m:      
[92mINFO [0m:      Received: train message 16a125db-e14d-4d1a-9e10-b8a44d3360ed
[92mINFO [0m:      Sent reply
[92mINFO [0m:      
[92mINFO [0m:      Received: evaluate message 3ad93a6d-159c-429d-800b-461ed98d429e
[92mINFO [0m:      Sent reply
[92mINFO [0m:      
[92mINFO [0m:      Received: train message 4bb30ba9-d490-4073-a1cd-4896a3fe8df7
[92mINFO [0m:      Sent reply
[92mINFO [0m:      
[92mINFO [0m:      Received: evaluate message 8c6abd52-75be-41d2-8931-300cad12d716
[92mINFO [0m:      Sent reply
[92mINFO [0m:      
[92mINFO [0m:      Received: train message bee7690e-34b7-4422-8f45-a0585b3ceba2
[92mINFO [0m:      Sent reply
[92mINFO [0m:      
[92mINFO [0m:      Received: train message 240a370b-20bd-4654-8145-0cf0902f4302
[92mINFO [0m:      Sent reply
[92mINFO [0m:      
[92mINFO [0m:      Received: train message 23912fa6-34ee-4287-a594-3971a03bd98b
[92mINFO [0m:      Sent reply
[92mINFO [0m:      
[92mINFO [0m:      Received: evaluate message 3902d174-33e0-49dc-b93f-4fe96cb899dc
[92mINFO [0m:      Sent reply
[92mINFO [0m:      
[92mINFO [0m:      Received: evaluate message 83223fb3-309c-4c33-b4ae-209e68b0c7de
[92mINFO [0m:      Sent reply
[92mINFO [0m:      
[92mINFO [0m:      Received: train message 79065b76-f512-48a0-881d-0435eced925c
[92mINFO [0m:      Sent reply
[92mINFO [0m:      
[92mINFO [0m:      Received: train message 62e6ef96-54d4-4730-94fa-e1943ee21ba8
[92mINFO [0m:      Sent reply
[92mINFO [0m:      
[92mINFO [0m:      Received: evaluate message 01c7a161-2b8a-4a69-9f90-4a14839fb914
[92mINFO [0m:      Sent reply
[92mINFO [0m:      
[92mINFO [0m:      Received: evaluate message d9d19557-f781-4d95-967a-8850375011d6
[92mINFO [0m:      Sent reply
[92mINFO [0m:      
[92mINFO [0m:      Received: train message f94e9a1e-eaa4-458e-a985-ea8ac7c6ae02
[92mINFO [0m:      Sent reply
[92mINFO [0m:      
[92mINFO [0m:      Received: evaluate message bc2d9467-5e88-4815-82fc-34fc18ce0ff9
[92mINFO [0m:      Sent reply
[92mINFO [0m:      
[92mINFO [0m:      Received: train message 3cd033b8-d0a2-456f-9790-827cd97c5eba
[92mINFO [0m:      Sent reply
[92mINFO [0m:      
[92mINFO [0m:      Received: train message 18a09a9a-bbbb-45c6-bdf7-4bf593f3674f
[92mINFO [0m:      Sent reply
[92mINFO [0m:      
[92mINFO [0m:      Received: evaluate message ab13001d-6ff6-4caa-a2bc-cbe8c4c1a7c0
[92mINFO [0m:      Sent reply
[92mINFO [0m:      
[92mINFO [0m:      Received: train message dc63af53-e406-4205-8c0f-5967468ac033
[92mINFO [0m:      Sent reply
[92mINFO [0m:      
[92mINFO [0m:      Received: train message eb949834-fcc7-4f39-8d7c-11f9a57fa460
[92mINFO [0m:      Sent reply
[92mINFO [0m:      
[92mINFO [0m:      Received: evaluate message 10892d41-06b0-4b12-bed8-48604ab1cc8b
[92mINFO [0m:      Sent reply
[92mINFO [0m:      
[92mINFO [0m:      Received: train message 18eebe9e-ba76-404a-b82b-0f2915892577
[92mINFO [0m:      Sent reply
[92mINFO [0m:      
[92mINFO [0m:      Received: train message 31e912cb-b404-4e30-b4a2-33df1ebdb6d7
[92mINFO [0m:      Sent reply
[92mINFO [0m:      
[92mINFO [0m:      Received: train message 7dbbbe19-21d5-494b-a9e0-71e56e00772a
[92mINFO [0m:      Sent reply
[92mINFO [0m:      
[92mINFO [0m:      Received: evaluate message d7a96f09-7171-4877-a347-4d37fa21777c
[92mINFO [0m:      Sent reply
[92mINFO [0m:      
[92mINFO [0m:      Received: train message b5496f87-39d0-44ba-a704-bb0f83e56187
[92mINFO [0m:      Sent reply
[92mINFO [0m:      
[92mINFO [0m:      Received: train message 06f8d1fc-73db-445b-83c1-cc78a5ccf36d
[92mINFO [0m:      Sent reply
[92mINFO [0m:      
[92mINFO [0m:      Received: evaluate message fa26598f-dd72-4f84-92e2-d543e7b1244e
[92mINFO [0m:      Sent reply
[92mINFO [0m:      
[92mINFO [0m:      Received: evaluate message 73eabf4a-50a7-4c9e-89ce-674782413371
[92mINFO [0m:      Sent reply
[92mINFO [0m:      
[92mINFO [0m:      Received: evaluate message 28a776c1-0495-4de7-9354-094c5b796e9e
[92mINFO [0m:      Sent reply
[92mINFO [0m:      
[92mINFO [0m:      Received: train message babd4aca-39cf-4160-8437-0796611e06b2
[92mINFO [0m:      Sent reply
[92mINFO [0m:      
[92mINFO [0m:      Received: evaluate message a15c9e48-3507-4bab-9f77-f3572e2613e2
[92mINFO [0m:      Sent reply
[92mINFO [0m:      
[92mINFO [0m:      Received: train message deedfea2-43cc-4681-b0d5-3c44aaa04ce6
[92mINFO [0m:      Sent reply
[92mINFO [0m:      
[92mINFO [0m:      Received: train message ff0d46b5-862c-4d2c-99fb-405201b8ec4e
[92mINFO [0m:      Sent reply
[92mINFO [0m:      
[92mINFO [0m:      Received: evaluate message 367e1543-1d8a-45db-a21d-b4edff37803e
[92mINFO [0m:      Sent reply
[92mINFO [0m:      
[92mINFO [0m:      Received: train message aad95e31-aac9-4754-8666-eacd68466771
[92mINFO [0m:      Sent reply
[92mINFO [0m:      
[92mINFO [0m:      Received: evaluate message a7bb2acb-f2ca-4fe3-ba38-6e39abb5b1af
[92mINFO [0m:      Sent reply
[92mINFO [0m:      
[92mINFO [0m:      Received: evaluate message 7db674d7-a899-436d-8a3d-3781e470af9a
[92mINFO [0m:      Sent reply
[92mINFO [0m:      
[92mINFO [0m:      Received: evaluate message 4698f473-8d36-40cf-a090-43d8bc7dec9e
[92mINFO [0m:      Sent reply
[92mINFO [0m:      
[92mINFO [0m:      Received: evaluate message 7b008fc2-8e00-44ef-acf0-40bce885c76a
[92mINFO [0m:      Sent reply
[92mINFO [0m:      
[92mINFO [0m:      Received: train message c58e2007-7ab4-4a7d-abd1-207d188ee6f2
[92mINFO [0m:      Sent reply
[92mINFO [0m:      
[92mINFO [0m:      Received: evaluate message e1c04059-6f3b-417c-ad22-246b53903a26
[92mINFO [0m:      Sent reply
[92mINFO [0m:      
[92mINFO [0m:      Received: train message 88647f13-1cb1-46a6-bdfb-26df484330e7
[92mINFO [0m:      Sent reply
[92mINFO [0m:      
[92mINFO [0m:      Received: train message 77baf9ae-6ca7-4310-ae9d-f404e5cfa634
[92mINFO [0m:      Sent reply
[92mINFO [0m:      
[92mINFO [0m:      Received: train message dc3497ce-d6ec-4186-bf6f-dc69e133d8bc
[92mINFO [0m:      Sent reply
[92mINFO [0m:      
[92mINFO [0m:      Received: train message 46e28302-862c-412b-b56d-55ed72191521
[92mINFO [0m:      Sent reply
[92mINFO [0m:      
[92mINFO [0m:      Received: train message 19727cd8-f040-4202-90a0-7a1421dc6196
[92mINFO [0m:      Sent reply
[92mINFO [0m:      
[92mINFO [0m:      Received: evaluate message 38659d54-b154-4391-a7a2-15e7a1abcbb1
[92mINFO [0m:      Sent reply
[92mINFO [0m:      
[92mINFO [0m:      Received: train message e8842ffe-8040-4585-849d-a69cef1f4b85
[92mINFO [0m:      Sent reply
[92mINFO [0m:      
[92mINFO [0m:      Received: evaluate message 7c36ade0-9e9f-463d-8ce5-ba5aa8e2ec9a
[92mINFO [0m:      Sent reply
[92mINFO [0m:      
[92mINFO [0m:      Received: evaluate message 401b3a72-06ad-48ec-8ddf-b3b539a3469f
[92mINFO [0m:      Sent reply
[92mINFO [0m:      
[92mINFO [0m:      Received: evaluate message e70b18f9-8db4-4e85-a13a-81c468c61297
[92mINFO [0m:      Sent reply
[92mINFO [0m:      
[92mINFO [0m:      Received: evaluate message 3972d38f-fff5-45f0-bda0-fe9ec9093d7d
[92mINFO [0m:      Sent reply
[92mINFO [0m:      
[92mINFO [0m:      Received: evaluate message 115a89c5-881f-4900-9b1f-1dd12637502e
[92mINFO [0m:      Sent reply
[92mINFO [0m:      
[92mINFO [0m:      Received: evaluate message 4c933878-7ed2-4232-9aea-f71143ea69a1
[92mINFO [0m:      Sent reply
[92mINFO [0m:      
[92mINFO [0m:      Received: evaluate message eebdc8a5-1831-466d-98f8-b0a356e1b916
[92mINFO [0m:      Sent reply
[92mINFO [0m:      
[92mINFO [0m:      Received: evaluate message 05d04618-6e2b-4d45-b090-919408fa2e1d
[92mINFO [0m:      Sent reply
[92mINFO [0m:      
[92mINFO [0m:      Received: train message 7bc76a7a-938e-4d1c-9318-055c000a857f
[92mINFO [0m:      Sent reply
[92mINFO [0m:      
[92mINFO [0m:      Received: train message 1f8222f4-9202-4f88-a7cc-fd520167ac2a
[92mINFO [0m:      Sent reply
[92mINFO [0m:      
[92mINFO [0m:      Received: train message 7f8c8027-f779-435a-bd6a-86d8c2d2cfc4
[92mINFO [0m:      Sent reply
[92mINFO [0m:      
[92mINFO [0m:      Received: train message 7f7a1572-4a51-4057-a934-ed1972c49af0
[92mINFO [0m:      Sent reply
[92mINFO [0m:      
[92mINFO [0m:      Received: evaluate message f76e4bee-8eb3-417a-9cdc-1ea00417729e
[92mINFO [0m:      Sent reply
[92mINFO [0m:      
[92mINFO [0m:      Received: evaluate message c43ff19f-289c-4360-9329-078519887733
[92mINFO [0m:      Sent reply
[92mINFO [0m:      
[92mINFO [0m:      Received: train message 1622bc7d-885a-4b97-9633-38893a084fcd
[92mINFO [0m:      Sent reply
[92mINFO [0m:      
[92mINFO [0m:      Received: evaluate message 96e1c712-07c7-4d34-899d-7768ddbc05cc
[92mINFO [0m:      Sent reply
[92mINFO [0m:      
[92mINFO [0m:      Received: train message 0e214440-451e-4402-bc43-098395ca0c10
[92mINFO [0m:      Sent reply
[92mINFO [0m:      
[92mINFO [0m:      Received: evaluate message ddb6478c-3909-4388-935e-7a98ad079360
[92mINFO [0m:      Sent reply
[92mINFO [0m:      
[92mINFO [0m:      Received: train message cd7a57ee-6053-4017-94d6-826ebd69884f
[92mINFO [0m:      Sent reply
[92mINFO [0m:      
[92mINFO [0m:      Received: evaluate message 51ed1669-6d3e-4ee3-a506-479f66f872fa
[92mINFO [0m:      Sent reply
[92mINFO [0m:      
[92mINFO [0m:      Received: train message 6622b9b0-07b5-4c04-9f96-ac18a1ec06be
[92mINFO [0m:      Sent reply
[92mINFO [0m:      
[92mINFO [0m:      Received: evaluate message b3cd0b50-d3fd-437e-87dc-de1a859e37c6
[92mINFO [0m:      Sent reply
[92mINFO [0m:      
[92mINFO [0m:      Received: train message 90709a73-2e8c-45e5-87f4-fb99cfdf5982
[92mINFO [0m:      Sent reply
[92mINFO [0m:      
[92mINFO [0m:      Received: train message 4dba3db8-8df4-4ca4-b481-6490b45d60b1
[92mINFO [0m:      Sent reply
[92mINFO [0m:      
[92mINFO [0m:      Received: evaluate message bb67a177-ec36-439e-82b2-d0a4a531f5fd
[92mINFO [0m:      Sent reply
[92mINFO [0m:      
[92mINFO [0m:      Received: train message cf4030fa-f2c2-4a70-a7c7-8173b6f2d6e2
[92mINFO [0m:      Sent reply
[92mINFO [0m:      
[92mINFO [0m:      Received: train message 0bab9f68-9415-4d5b-b51f-a657f5815054
[92mINFO [0m:      Sent reply
[92mINFO [0m:      
[92mINFO [0m:      Received: evaluate message 0ed57963-2200-4b97-9dfb-cbfb85d002c5
[92mINFO [0m:      Sent reply
[92mINFO [0m:      
[92mINFO [0m:      Received: train message 7c96d055-0660-49e8-9ef0-81dcb421ea93
[92mINFO [0m:      Sent reply
[92mINFO [0m:      
[92mINFO [0m:      Received: evaluate message 8a588a3e-a2f1-4bb9-a979-672ddd872f2f
[92mINFO [0m:      Sent reply
[92mINFO [0m:      
[92mINFO [0m:      Received: train message d92fedbd-a7ed-400a-9ce5-b858c840c1e9
[92mINFO [0m:      Sent reply
[92mINFO [0m:      
[92mINFO [0m:      Received: train message a1c08fb6-6269-4e2a-a463-7d895d54e096
[92mINFO [0m:      Sent reply
[92mINFO [0m:      
[92mINFO [0m:      Received: evaluate message 0b44374c-4bc1-4234-9222-15ca86b1195b
[92mINFO [0m:      Sent reply
[92mINFO [0m:      
[92mINFO [0m:      Received: train message ba54c4cf-933c-4866-99d2-95bf8b702011
[92mINFO [0m:      Sent reply
[92mINFO [0m:      
[92mINFO [0m:      Received: evaluate message 442ed3ed-3a74-4585-9e9f-2b78d19f6bf5
[92mINFO [0m:      Sent reply
[92mINFO [0m:      
[92mINFO [0m:      Received: evaluate message 7ceb346f-b90e-48e7-b8cd-7289ac1dd416
[92mINFO [0m:      Sent reply
[92mINFO [0m:      
[92mINFO [0m:      Received: train message 4c46adef-e820-40df-826e-51a9637273bf
[92mINFO [0m:      Sent reply
[92mINFO [0m:      
[92mINFO [0m:      Received: train message d8652feb-b21c-4b46-8b52-f568b6b2da13
[92mINFO [0m:      Sent reply
[92mINFO [0m:      
[92mINFO [0m:      Received: evaluate message 7bb45669-5f60-4b7f-b121-73b024009989
[92mINFO [0m:      Sent reply
[92mINFO [0m:      
[92mINFO [0m:      Received: train message b87fa03c-df6b-4456-b35a-c420384eb8ae
[92mINFO [0m:      Sent reply
[92mINFO [0m:      
[92mINFO [0m:      Received: evaluate message b75530c3-01c0-4a66-9d84-d0d15be9b240
[92mINFO [0m:      Sent reply
[92mINFO [0m:      
[92mINFO [0m:      Received: evaluate message 79b8771d-174c-45b1-b31b-403b68317574
[92mINFO [0m:      Sent reply
[92mINFO [0m:      
[92mINFO [0m:      Received: train message 73467384-952c-40c2-bed2-4f5a1e858150
[92mINFO [0m:      Sent reply
[92mINFO [0m:      
[92mINFO [0m:      Received: evaluate message 14587441-7418-4c36-a4ba-a01b559dcf1c
[92mINFO [0m:      Sent reply
[92mINFO [0m:      
[92mINFO [0m:      Received: train message dc2025a3-884c-441a-ad37-12f9bd11508a
[92mINFO [0m:      Sent reply
[92mINFO [0m:      
[92mINFO [0m:      Received: evaluate message 12585d4d-fda2-4200-bf6e-86beae4bcc0a
[92mINFO [0m:      Sent reply
[92mINFO [0m:      
[92mINFO [0m:      Received: train message 2cb90036-94ca-4d07-ab83-69e7f6b7e287
[92mINFO [0m:      Sent reply
[92mINFO [0m:      
[92mINFO [0m:      Received: evaluate message 9b14e40b-50a8-4c58-9bff-1df0b429691a
[92mINFO [0m:      Sent reply
[92mINFO [0m:      
[92mINFO [0m:      Received: train message 19cbfdeb-539f-42bd-bbc5-0d08ce8698be
[92mINFO [0m:      Sent reply
[92mINFO [0m:      
[92mINFO [0m:      Received: evaluate message 30e3b2ce-00b9-41f2-8abf-8457df235633
[92mINFO [0m:      Sent reply
[92mINFO [0m:      
[92mINFO [0m:      Received: evaluate message 7643a41d-28b3-4523-939d-390730339f36
[92mINFO [0m:      Sent reply
[92mINFO [0m:      
[92mINFO [0m:      Received: train message c90dd333-56ad-43ff-ba16-b320b9613889
[92mINFO [0m:      Sent reply
[92mINFO [0m:      
[92mINFO [0m:      Received: train message fc29a5b7-a721-4e4f-a313-4787a7dbc7bd
[92mINFO [0m:      Sent reply
[92mINFO [0m:      
[92mINFO [0m:      Received: evaluate message 3dbf2a01-bfb0-4b91-ad70-f156d5e36101
[92mINFO [0m:      Sent reply
[92mINFO [0m:      
[92mINFO [0m:      Received: evaluate message 46cc1e66-2596-4aa6-bc22-4823ecef1a4c
[92mINFO [0m:      Sent reply
[92mINFO [0m:      
[92mINFO [0m:      Received: evaluate message 934fa3c7-4894-4adc-9d46-030530ec3cfe
[92mINFO [0m:      Sent reply
[92mINFO [0m:      
[92mINFO [0m:      Received: evaluate message 6669e969-11c4-46db-8ec7-c77f74d65dc4
[92mINFO [0m:      Sent reply
[92mINFO [0m:      
[92mINFO [0m:      Received: train message 65cc21eb-e536-40a9-a0d3-bf01e24d93d3
[92mINFO [0m:      Sent reply
[92mINFO [0m:      
[92mINFO [0m:      Received: train message 5812ad80-9eae-4d67-9e9a-0d6f9c00b013
[92mINFO [0m:      Sent reply
[92mINFO [0m:      
[92mINFO [0m:      Received: evaluate message d5692c62-e771-4e07-90df-f8b2af779e89
[92mINFO [0m:      Sent reply
[92mINFO [0m:      
[92mINFO [0m:      Received: train message afae1ccf-11e6-4b89-86e9-42c5b58bfee8
[92mINFO [0m:      Sent reply
[92mINFO [0m:      
[92mINFO [0m:      Received: evaluate message a512e2ef-de02-4e30-80c9-b54c80c56d79
[92mINFO [0m:      Sent reply
[92mINFO [0m:      
[92mINFO [0m:      Received: evaluate message 8dc0f4d3-3b54-42ca-8002-2f8b986f6a4d
[92mINFO [0m:      Sent reply
[92mINFO [0m:      
[92mINFO [0m:      Received: train message c46e9d69-394e-40f3-80ae-072198c3d18d
[92mINFO [0m:      Sent reply
[92mINFO [0m:      
[92mINFO [0m:      Received: train message 178f9be7-fff5-4e7d-82df-dfdf2d41066f
[92mINFO [0m:      Sent reply
[92mINFO [0m:      
[92mINFO [0m:      Received: evaluate message 194c3aa6-49b4-49fe-88ac-e994d9aeb912
[92mINFO [0m:      Sent reply
[92mINFO [0m:      
[92mINFO [0m:      Received: train message 55b852e5-d9db-47d5-8546-07c997e5e005
[92mINFO [0m:      Sent reply
[92mINFO [0m:      
[92mINFO [0m:      Received: train message 51679ab4-8e1e-4a8e-ad6b-f6402a684c78
[92mINFO [0m:      Sent reply
[92mINFO [0m:      
[92mINFO [0m:      Received: evaluate message 1adcf5cc-fd99-4d19-ab70-dea7de948912
[92mINFO [0m:      Sent reply
[92mINFO [0m:      
[92mINFO [0m:      Received: train message 598d46cf-43ff-4c26-b721-dba82116c155
[92mINFO [0m:      Sent reply
[92mINFO [0m:      
[92mINFO [0m:      Received: train message 0002d4e0-f349-41ae-ac4e-6abb8c92aa54
[92mINFO [0m:      Sent reply
[92mINFO [0m:      
[92mINFO [0m:      Received: evaluate message ae99fbf4-53f9-4f2f-988c-5b8f39ac9a34
[92mINFO [0m:      Sent reply
[92mINFO [0m:      
[92mINFO [0m:      Received: evaluate message c9aa0f3d-a25b-4dc8-bcc4-7b368a524041
[92mINFO [0m:      Sent reply
[92mINFO [0m:      
[92mINFO [0m:      Received: train message fc467f4d-9c58-475e-b93a-f79c95cb0b30
[92mINFO [0m:      Sent reply
[92mINFO [0m:      
[92mINFO [0m:      Received: evaluate message b6e5a40e-bdf0-45ce-bf9a-f26b442a08d9
[92mINFO [0m:      Sent reply
[92mINFO [0m:      
[92mINFO [0m:      Received: reconnect message 71971245-b038-451a-87f5-aa5362365906
[92mINFO [0m:      Disconnect and shut down
