[93mWARNING [0m:   DEPRECATED FEATURE: flwr.client.start_client() is deprecated.
	Instead, use the `flower-supernode` CLI command to start a SuperNode as shown below:

		$ flower-supernode --insecure --superlink='<IP>:<PORT>'

	To view all available options, run:

		$ flower-supernode --help

	Using `start_client()` is deprecated.

            This is a deprecated feature. It will be removed
            entirely in future versions of Flower.
        
[92mINFO [0m:      
[92mINFO [0m:      Received: train message 2d5ca955-3bf6-4a53-ad0d-a267e5fc4917
[92mINFO [0m:      Sent reply
[92mINFO [0m:      
[92mINFO [0m:      Received: evaluate message f2faa2d1-0251-4f47-97d5-34f92b2f831c
[92mINFO [0m:      Sent reply
[92mINFO [0m:      
[92mINFO [0m:      Received: train message 5850d72d-5ba8-4457-906a-8bb726fcfc5b
[92mINFO [0m:      Sent reply
[92mINFO [0m:      
[92mINFO [0m:      Received: evaluate message d6e67cfa-ed20-40ce-9fca-96e2f2908ea9
[92mINFO [0m:      Sent reply
[92mINFO [0m:      
[92mINFO [0m:      Received: train message e7302cd3-8082-44a1-8b50-f863209c7705
[92mINFO [0m:      Sent reply
[92mINFO [0m:      
[92mINFO [0m:      Received: train message b9b46503-17b1-4652-9835-760f7c13e3ef
[92mINFO [0m:      Sent reply
[92mINFO [0m:      
[92mINFO [0m:      Received: evaluate message ba722380-436e-4656-8087-4bd704c746af
[92mINFO [0m:      Sent reply
[92mINFO [0m:      
[92mINFO [0m:      Received: evaluate message c536b3f2-d2b0-4d1a-a013-63c5cb4a0370
[92mINFO [0m:      Sent reply
[92mINFO [0m:      
[92mINFO [0m:      Received: train message 854e7901-e5c1-4112-94a6-c3fb939c1ef5
[92mINFO [0m:      Sent reply
[92mINFO [0m:      
[92mINFO [0m:      Received: evaluate message 07c2f9b2-f206-45b6-af25-93eef5a78f1a
[92mINFO [0m:      Sent reply
[92mINFO [0m:      
[92mINFO [0m:      Received: evaluate message a85ecfe1-3b3a-44df-a1c3-b6fc47d1abc0
[92mINFO [0m:      Sent reply
[92mINFO [0m:      
[92mINFO [0m:      Received: train message 09141b6e-23ff-4b60-8e73-1a3eb12b7f84
[92mINFO [0m:      Sent reply
[92mINFO [0m:      
[92mINFO [0m:      Received: evaluate message 1fe804e8-ac6e-4467-ac77-4a02a3b2c017
[92mINFO [0m:      Sent reply
[92mINFO [0m:      
[92mINFO [0m:      Received: train message 6a2ed0c6-0d97-4342-aef7-5f9cacdeb215
[92mINFO [0m:      Sent reply
[92mINFO [0m:      
[92mINFO [0m:      Received: evaluate message 654e6c25-364d-4f35-a6cf-a164b1248406
[92mINFO [0m:      Sent reply
[92mINFO [0m:      
[92mINFO [0m:      Received: train message 9b6046b2-590c-4e8f-af30-455037afba49
[92mINFO [0m:      Sent reply
[92mINFO [0m:      
[92mINFO [0m:      Received: train message fcb8f94f-d368-4e89-ab69-8a12c509facb
[92mINFO [0m:      Sent reply
[92mINFO [0m:      
[92mINFO [0m:      Received: train message 6abf7b5b-d20f-469e-97a3-d7419abd54a5
[92mINFO [0m:      Sent reply
[92mINFO [0m:      
[92mINFO [0m:      Received: train message 1aa2c20f-06ff-4c19-a32a-1180ec2e89ed
[92mINFO [0m:      Sent reply
[92mINFO [0m:      
[92mINFO [0m:      Received: train message d4634c78-560d-48bd-adfb-f54993c3b516
[92mINFO [0m:      Sent reply
[92mINFO [0m:      
[92mINFO [0m:      Received: evaluate message 0b81ad69-1964-4e5c-92c0-4c7c87c9ff02
[92mINFO [0m:      Sent reply
[92mINFO [0m:      
[92mINFO [0m:      Received: evaluate message 188f015b-a969-4d9c-9a28-3d0bc47e1ca4
[92mINFO [0m:      Sent reply
[92mINFO [0m:      
[92mINFO [0m:      Received: evaluate message 7fa1061e-6539-49ab-9fdf-d09c97d1f793
[92mINFO [0m:      Sent reply
[92mINFO [0m:      
[92mINFO [0m:      Received: evaluate message 6308542d-4e2c-42a2-9564-91135c420725
[92mINFO [0m:      Sent reply
[92mINFO [0m:      
[92mINFO [0m:      Received: evaluate message e35306a1-7073-4146-8fd1-14821133b4da
[92mINFO [0m:      Sent reply
[92mINFO [0m:      
[92mINFO [0m:      Received: train message 67b6286b-6538-41e0-934d-61f3cfec36b6
[92mINFO [0m:      Sent reply
[92mINFO [0m:      
[92mINFO [0m:      Received: evaluate message 283b3649-cf7f-43fc-ae24-e15bc751486d
[92mINFO [0m:      Sent reply
[92mINFO [0m:      
[92mINFO [0m:      Received: train message 3603d409-cad3-4b7d-8399-0d875a2c42df
[92mINFO [0m:      Sent reply
[92mINFO [0m:      
[92mINFO [0m:      Received: train message 57c96dcc-bfa6-4a2e-8a01-198eded6a587
[92mINFO [0m:      Sent reply
[92mINFO [0m:      
[92mINFO [0m:      Received: evaluate message ebd45d91-843d-424a-ac77-4be4946754b9
[92mINFO [0m:      Sent reply
[92mINFO [0m:      
[92mINFO [0m:      Received: evaluate message b1f675e6-852a-4c45-bfed-71e52e82a104
[92mINFO [0m:      Sent reply
[92mINFO [0m:      
[92mINFO [0m:      Received: evaluate message 01fa4a5a-5409-41fd-b504-c87c4d99b276
[92mINFO [0m:      Sent reply
[92mINFO [0m:      
[92mINFO [0m:      Received: train message 83c27ff1-4994-4dd2-b06e-050d6a82a0eb
[92mINFO [0m:      Sent reply
[92mINFO [0m:      
[92mINFO [0m:      Received: train message 60ce727f-3009-46a0-8af2-e8442e199dc9
[92mINFO [0m:      Sent reply
[92mINFO [0m:      
[92mINFO [0m:      Received: evaluate message 749c55ff-9dcf-431f-92e8-562ad02db43a
[92mINFO [0m:      Sent reply
[92mINFO [0m:      
[92mINFO [0m:      Received: train message 27420c86-e137-46bf-8459-f8d976e6e571
[92mINFO [0m:      Sent reply
[92mINFO [0m:      
[92mINFO [0m:      Received: evaluate message 30d595f5-579c-4d6d-8b47-82975aa9d5d6
[92mINFO [0m:      Sent reply
[92mINFO [0m:      
[92mINFO [0m:      Received: evaluate message 5a62717e-aa04-43fe-a2d9-858fc4aee52b
[92mINFO [0m:      Sent reply
[92mINFO [0m:      
[92mINFO [0m:      Received: evaluate message b2f675d8-3cc3-4a9f-b4a4-9484e82826ea
[92mINFO [0m:      Sent reply
[92mINFO [0m:      
[92mINFO [0m:      Received: train message 4b90b205-640e-4c0c-8fee-43c4be418672
[92mINFO [0m:      Sent reply
[92mINFO [0m:      
[92mINFO [0m:      Received: evaluate message 3d630777-76a2-4ec6-999f-79abb8591342
[92mINFO [0m:      Sent reply
[92mINFO [0m:      
[92mINFO [0m:      Received: train message 2de77a9e-1e28-4083-a076-c60b6bf04972
[92mINFO [0m:      Sent reply
[92mINFO [0m:      
[92mINFO [0m:      Received: evaluate message 2a122e70-dbf6-4aed-a4c5-c468382755ea
[92mINFO [0m:      Sent reply
[92mINFO [0m:      
[92mINFO [0m:      Received: evaluate message b986c46a-19c8-4277-8eb6-6c77d21463d0
[92mINFO [0m:      Sent reply
[92mINFO [0m:      
[92mINFO [0m:      Received: train message 2f2b0254-67c2-4aaf-b8c2-abab0bd7fc9b
[92mINFO [0m:      Sent reply
[92mINFO [0m:      
[92mINFO [0m:      Received: evaluate message 673cbf12-1b0f-4752-9ac6-ae48b7bb32c3
[92mINFO [0m:      Sent reply
[92mINFO [0m:      
[92mINFO [0m:      Received: evaluate message dca73883-ff75-4ecb-9c5f-2e6bd95d103d
[92mINFO [0m:      Sent reply
[92mINFO [0m:      
[92mINFO [0m:      Received: train message bf5b33d5-0687-4563-bea6-1046e82691bf
[92mINFO [0m:      Sent reply
[92mINFO [0m:      
[92mINFO [0m:      Received: evaluate message 64224cb6-23bb-4963-a598-84e6e8f6ea71
[92mINFO [0m:      Sent reply
[92mINFO [0m:      
[92mINFO [0m:      Received: train message 6ee166b9-8567-4708-802d-1dd0c2e35186
[92mINFO [0m:      Sent reply
[92mINFO [0m:      
[92mINFO [0m:      Received: evaluate message 517fc05a-3d25-4665-872b-7101352d3dea
[92mINFO [0m:      Sent reply
[92mINFO [0m:      
[92mINFO [0m:      Received: train message 03953069-bc8f-4b20-97e1-eddb9d35075d
[92mINFO [0m:      Sent reply
[92mINFO [0m:      
[92mINFO [0m:      Received: evaluate message e7073d6c-6bf9-47fa-824a-8844c74382f6
[92mINFO [0m:      Sent reply
[92mINFO [0m:      
[92mINFO [0m:      Received: train message 91e7b9fb-89ef-481b-bdb3-f40d0365e5fc
[92mINFO [0m:      Sent reply
[92mINFO [0m:      
[92mINFO [0m:      Received: train message e3ecbc2b-9920-4804-9ca5-6ae58dbd3886
[92mINFO [0m:      Sent reply
[92mINFO [0m:      
[92mINFO [0m:      Received: train message 6993fdc4-47ef-4a5a-9043-b9c23c7cb123
[92mINFO [0m:      Sent reply
[92mINFO [0m:      
[92mINFO [0m:      Received: evaluate message ef75f493-f233-49cb-9ad5-98ce2bad7998
[92mINFO [0m:      Sent reply
[92mINFO [0m:      
[92mINFO [0m:      Received: train message f65fe92e-5800-49e6-98e1-08679af6be11
[92mINFO [0m:      Sent reply
[92mINFO [0m:      
[92mINFO [0m:      Received: evaluate message b46374d6-c7a1-481e-998d-4de1b1227dcf
[92mINFO [0m:      Sent reply
[92mINFO [0m:      
[92mINFO [0m:      Received: train message bb080bde-1fc3-430f-86a5-b1e61dc922ce
[92mINFO [0m:      Sent reply
[92mINFO [0m:      
[92mINFO [0m:      Received: train message 9c0569dc-a5ee-4aa4-8ff3-841bee46d867
[92mINFO [0m:      Sent reply
[92mINFO [0m:      
[92mINFO [0m:      Received: train message 8e840d9d-3f43-4b53-81de-ff6a1056c90a
[92mINFO [0m:      Sent reply
[92mINFO [0m:      
[92mINFO [0m:      Received: evaluate message 4eda5ab5-e9d6-43c4-9436-bb1dd5a5cddc
[92mINFO [0m:      Sent reply
[92mINFO [0m:      
[92mINFO [0m:      Received: train message a0c3483e-80cc-4e2f-8718-7b7bcae8a7ad
[92mINFO [0m:      Sent reply
[92mINFO [0m:      
[92mINFO [0m:      Received: evaluate message 3f2c023b-295f-400a-aa45-78a5f824b25b
[92mINFO [0m:      Sent reply
[92mINFO [0m:      
[92mINFO [0m:      Received: train message 9189eb48-d349-4643-b20a-caa29b0ad794
[92mINFO [0m:      Sent reply
[92mINFO [0m:      
[92mINFO [0m:      Received: train message 46ddee14-2c53-4669-8513-13553f569d38
[92mINFO [0m:      Sent reply
[92mINFO [0m:      
[92mINFO [0m:      Received: evaluate message b93922d2-a654-4b64-8e4e-ea3b9609a1a8
[92mINFO [0m:      Sent reply
[92mINFO [0m:      
[92mINFO [0m:      Received: evaluate message 38a5f619-6f2d-4795-abcf-dfdf5d87edec
[92mINFO [0m:      Sent reply
[92mINFO [0m:      
[92mINFO [0m:      Received: evaluate message 1a284cb2-588b-45b1-8e50-b0ea9e9f9ea1
[92mINFO [0m:      Sent reply
[92mINFO [0m:      
[92mINFO [0m:      Received: train message 3dea33f5-9bd2-4371-b654-b23dffb3a8f2
[92mINFO [0m:      Sent reply
[92mINFO [0m:      
[92mINFO [0m:      Received: evaluate message 181ee363-24b9-4170-a796-5b6f07ae47cb
[92mINFO [0m:      Sent reply
[92mINFO [0m:      
[92mINFO [0m:      Received: train message 26847a5a-913e-4d2d-a4a9-e3a9c3432d53
[92mINFO [0m:      Sent reply
[92mINFO [0m:      
[92mINFO [0m:      Received: evaluate message bd548c68-2235-4040-bc57-f00539b12349
[92mINFO [0m:      Sent reply
[92mINFO [0m:      
[92mINFO [0m:      Received: train message ac357114-2201-4d60-b48f-cd33a29c14f7
[92mINFO [0m:      Sent reply
[92mINFO [0m:      
[92mINFO [0m:      Received: evaluate message 623f2e56-045e-43b1-867d-771167f7c950
[92mINFO [0m:      Sent reply
[92mINFO [0m:      
[92mINFO [0m:      Received: evaluate message 95ce07e2-adfb-451c-803c-d0a3fba06a9c
[92mINFO [0m:      Sent reply
[92mINFO [0m:      
[92mINFO [0m:      Received: train message 5dc03b43-75db-42b9-a7a3-0fcb9a3bcb57
[92mINFO [0m:      Sent reply
[92mINFO [0m:      
[92mINFO [0m:      Received: evaluate message 9235dc9c-a6bd-4530-8cad-f140c972da0d
[92mINFO [0m:      Sent reply
[92mINFO [0m:      
[92mINFO [0m:      Received: train message 9e2ee442-b6c1-4be6-9c89-ee7006e24a98
[92mINFO [0m:      Sent reply
[92mINFO [0m:      
[92mINFO [0m:      Received: evaluate message 24b82112-b793-44e8-9fca-2661c4b70112
[92mINFO [0m:      Sent reply
[92mINFO [0m:      
[92mINFO [0m:      Received: train message 3e211ae4-c89d-4f01-b1d2-295ad318c479
[92mINFO [0m:      Sent reply
[92mINFO [0m:      
[92mINFO [0m:      Received: train message f5625457-9de4-497c-85b0-33b8e5afc964
[92mINFO [0m:      Sent reply
[92mINFO [0m:      
[92mINFO [0m:      Received: evaluate message 515a51e1-bec6-4eac-9e0d-97d15b88f11d
[92mINFO [0m:      Sent reply
[92mINFO [0m:      
[92mINFO [0m:      Received: train message df36b85c-08e2-483e-81e3-aa07bae7e12e
[92mINFO [0m:      Sent reply
[92mINFO [0m:      
[92mINFO [0m:      Received: train message b84fd918-7238-4761-a41c-3c7cf751c8ef
[92mINFO [0m:      Sent reply
[92mINFO [0m:      
[92mINFO [0m:      Received: train message ec900a5c-c19b-4652-93ea-98d7efe2f805
[92mINFO [0m:      Sent reply
[92mINFO [0m:      
[92mINFO [0m:      Received: evaluate message 2d30656e-2c8e-4db3-b859-69ae83e0fc8c
[92mINFO [0m:      Sent reply
[92mINFO [0m:      
[92mINFO [0m:      Received: train message 3b1fda3f-3cd3-4c61-95d8-bd74b29fe523
[92mINFO [0m:      Sent reply
[92mINFO [0m:      
[92mINFO [0m:      Received: train message 095bb7fa-8a95-4c2b-8164-c6e457535e1c
[92mINFO [0m:      Sent reply
[92mINFO [0m:      
[92mINFO [0m:      Received: evaluate message e7caef30-9941-4945-a5d9-5b4231cd27cf
[92mINFO [0m:      Sent reply
[92mINFO [0m:      
[92mINFO [0m:      Received: train message 1b8a5fcc-ce62-46fb-bade-4b961d0816ee
[92mINFO [0m:      Sent reply
[92mINFO [0m:      
[92mINFO [0m:      Received: train message 48dcaed9-74d5-4bda-84a3-8f724da37bcc
[92mINFO [0m:      Sent reply
[92mINFO [0m:      
[92mINFO [0m:      Received: train message 7be410e3-a4f9-4002-98eb-bfb270c31039
[92mINFO [0m:      Sent reply
[92mINFO [0m:      
[92mINFO [0m:      Received: evaluate message 6c7c4d3d-deae-44a3-b96b-5cf4767efba9
[92mINFO [0m:      Sent reply
[92mINFO [0m:      
[92mINFO [0m:      Received: evaluate message 45e3102f-23e7-4320-b495-506ee56fe68b
[92mINFO [0m:      Sent reply
[92mINFO [0m:      
[92mINFO [0m:      Received: train message 2bc79f34-ee78-44eb-a578-8dd7fd921397
[92mINFO [0m:      Sent reply
[92mINFO [0m:      
[92mINFO [0m:      Received: train message 779a6dc7-31b6-4e04-b681-792faee15c8a
[92mINFO [0m:      Sent reply
[92mINFO [0m:      
[92mINFO [0m:      Received: train message acdddc86-0285-4100-834b-ab295be04e44
[92mINFO [0m:      Sent reply
[92mINFO [0m:      
[92mINFO [0m:      Received: evaluate message 26cdb5e3-300f-458f-bdb6-8f82480795b9
[92mINFO [0m:      Sent reply
[92mINFO [0m:      
[92mINFO [0m:      Received: train message 80e20bbe-a3f7-42a5-bd0c-0fb87bbc7910
[92mINFO [0m:      Sent reply
[92mINFO [0m:      
[92mINFO [0m:      Received: evaluate message a451f2b0-8fab-4975-98fb-fbee7ba5ce35
[92mINFO [0m:      Sent reply
[92mINFO [0m:      
[92mINFO [0m:      Received: train message 007cc1e8-09f4-4ff4-acde-42e7b1346754
[92mINFO [0m:      Sent reply
[92mINFO [0m:      
[92mINFO [0m:      Received: evaluate message 209309c5-a8b9-49f2-9df7-fd4dbf982bef
[92mINFO [0m:      Sent reply
[92mINFO [0m:      
[92mINFO [0m:      Received: train message 2cedb932-d083-4b44-8479-63e311c15d53
[92mINFO [0m:      Sent reply
[92mINFO [0m:      
[92mINFO [0m:      Received: train message 831ffe31-6e35-4cdb-a8fe-e93d9b0944e7
[92mINFO [0m:      Sent reply
[92mINFO [0m:      
[92mINFO [0m:      Received: train message cb03270d-f9b4-4d68-88ae-e1c11439d9cb
[92mINFO [0m:      Sent reply
[92mINFO [0m:      
[92mINFO [0m:      Received: evaluate message 2ec12d70-e231-4a16-9a69-38b10182701b
[92mINFO [0m:      Sent reply
[92mINFO [0m:      
[92mINFO [0m:      Received: evaluate message 4cbf242a-ae4e-4a2d-b582-ae9fdb4f18ee
[92mINFO [0m:      Sent reply
[92mINFO [0m:      
[92mINFO [0m:      Received: evaluate message 4ff94b47-6f5d-45b4-a313-cb900f43ec76
[92mINFO [0m:      Sent reply
[92mINFO [0m:      
[92mINFO [0m:      Received: evaluate message 8260ba55-0b84-4772-bbd0-aaaf3bdc3f63
[92mINFO [0m:      Sent reply
[92mINFO [0m:      
[92mINFO [0m:      Received: evaluate message c09be33c-577f-48ad-bdcb-cc916c807564
[92mINFO [0m:      Sent reply
[92mINFO [0m:      
[92mINFO [0m:      Received: evaluate message a7e8d0b1-b000-48ee-bee2-3a46b55b2951
[92mINFO [0m:      Sent reply
[92mINFO [0m:      
[92mINFO [0m:      Received: train message 9ce6260e-dc16-4f4b-98bc-93a4d7277e08
[92mINFO [0m:      Sent reply
[92mINFO [0m:      
[92mINFO [0m:      Received: train message c087b24e-c1ca-4090-93b8-5ce86d4dd11a
[92mINFO [0m:      Sent reply
[92mINFO [0m:      
[92mINFO [0m:      Received: evaluate message 32ceb95b-183d-451c-9c36-f6e3b1214021
[92mINFO [0m:      Sent reply
[92mINFO [0m:      
[92mINFO [0m:      Received: train message 5bc6a06e-4051-427e-bb14-094e7b3533d5
[92mINFO [0m:      Sent reply
[92mINFO [0m:      
[92mINFO [0m:      Received: evaluate message 8d157661-7137-4e4d-b74e-c26652c80e9e
[92mINFO [0m:      Sent reply
[92mINFO [0m:      
[92mINFO [0m:      Received: evaluate message 0ab1b22b-062c-4768-a9e3-273f6910f344
[92mINFO [0m:      Sent reply
[92mINFO [0m:      
[92mINFO [0m:      Received: evaluate message f17f7c84-5540-433f-a0bc-eb7ae3a830dd
[92mINFO [0m:      Sent reply
[92mINFO [0m:      
[92mINFO [0m:      Received: train message 03e05eb1-b40b-4d33-a989-05987bbfc953
[92mINFO [0m:      Sent reply
[92mINFO [0m:      
[92mINFO [0m:      Received: evaluate message 737bbbfb-40ec-46c1-8a07-00d6f6022da4
[92mINFO [0m:      Sent reply
[92mINFO [0m:      
[92mINFO [0m:      Received: reconnect message 2943e154-17c7-44d1-8775-6bcbad3ccbb7
[92mINFO [0m:      Disconnect and shut down
