[93mWARNING [0m:   DEPRECATED FEATURE: flwr.client.start_client() is deprecated.
	Instead, use the `flower-supernode` CLI command to start a SuperNode as shown below:

		$ flower-supernode --insecure --superlink='<IP>:<PORT>'

	To view all available options, run:

		$ flower-supernode --help

	Using `start_client()` is deprecated.

            This is a deprecated feature. It will be removed
            entirely in future versions of Flower.
        
[92mINFO [0m:      
[92mINFO [0m:      Received: train message a3d68b2a-ffc4-4824-9647-adfe1716c357
[92mINFO [0m:      Sent reply
[92mINFO [0m:      
[92mINFO [0m:      Received: evaluate message 8d5aaf74-22ae-4abd-9f1a-fad7e1ef7956
[92mINFO [0m:      Sent reply
[92mINFO [0m:      
[92mINFO [0m:      Received: train message 76d23314-6789-4221-a5a4-5c0e3478a1ee
[92mINFO [0m:      Sent reply
[92mINFO [0m:      
[92mINFO [0m:      Received: evaluate message db48ca98-db8f-4946-bcef-4fab314de44f
[92mINFO [0m:      Sent reply
[92mINFO [0m:      
[92mINFO [0m:      Received: train message 3d05a46e-2f90-4b07-8007-78af21d95a43
[92mINFO [0m:      Sent reply
[92mINFO [0m:      
[92mINFO [0m:      Received: evaluate message 0acc8725-4039-4163-936e-5ea85e6009fc
[92mINFO [0m:      Sent reply
[92mINFO [0m:      
[92mINFO [0m:      Received: train message 3dd22a53-84c0-470a-9731-444c1d411034
[92mINFO [0m:      Sent reply
[92mINFO [0m:      
[92mINFO [0m:      Received: evaluate message 02bf9b9e-869c-48e7-a9b1-5d9dc4466708
[92mINFO [0m:      Sent reply
[92mINFO [0m:      
[92mINFO [0m:      Received: train message 90ca625b-52e2-4111-8f10-b3fd97a7253e
[92mINFO [0m:      Sent reply
[92mINFO [0m:      
[92mINFO [0m:      Received: evaluate message 9e882dfe-8036-4450-826f-ca83e41a6f99
[92mINFO [0m:      Sent reply
[92mINFO [0m:      
[92mINFO [0m:      Received: train message f79ab5cc-e2c8-4e6e-9a84-9d7a2784f65f
[92mINFO [0m:      Sent reply
[92mINFO [0m:      
[92mINFO [0m:      Received: evaluate message d2d5ec00-628c-46a3-85d5-b733a3e8416e
[92mINFO [0m:      Sent reply
[92mINFO [0m:      
[92mINFO [0m:      Received: train message c117e8b0-0df5-4dd0-b15d-643cb7c0f457
[92mINFO [0m:      Sent reply
[92mINFO [0m:      
[92mINFO [0m:      Received: evaluate message 5750c3ca-21b8-4c1b-be6e-1b481dc19883
[92mINFO [0m:      Sent reply
[92mINFO [0m:      
[92mINFO [0m:      Received: train message ecf9a1dd-8432-408a-bace-3fbd2859ec14
[92mINFO [0m:      Sent reply
[92mINFO [0m:      
[92mINFO [0m:      Received: evaluate message 93f14d8e-521c-4441-9b48-3adb81c88b16
[92mINFO [0m:      Sent reply
[92mINFO [0m:      
[92mINFO [0m:      Received: train message 90f9fc26-a38a-4c05-9ff8-e6f5edb15e56
[92mINFO [0m:      Sent reply
[92mINFO [0m:      
[92mINFO [0m:      Received: evaluate message edabb192-7b32-4a46-8dad-8ccbddd38f35
[92mINFO [0m:      Sent reply
[92mINFO [0m:      
[92mINFO [0m:      Received: train message ae4eafb5-7db4-4c10-a49b-1d0565766401
[92mINFO [0m:      Sent reply
[92mINFO [0m:      
[92mINFO [0m:      Received: evaluate message 83b51b2f-b5e5-42b6-ad49-3066d3878546
[92mINFO [0m:      Sent reply
[92mINFO [0m:      
[92mINFO [0m:      Received: train message d72bef9d-1dc2-42a1-ab70-cd9ff9a87eec
[92mINFO [0m:      Sent reply
[92mINFO [0m:      
[92mINFO [0m:      Received: evaluate message ef12b45c-6fbd-4f0e-988d-98ac88e3ce0c
[92mINFO [0m:      Sent reply
[92mINFO [0m:      
[92mINFO [0m:      Received: train message e97ac2c0-49a9-47bb-8ef9-bd0211841528
[92mINFO [0m:      Sent reply
[92mINFO [0m:      
[92mINFO [0m:      Received: evaluate message 2b5850de-aaaa-4af1-a32d-15d7e667ee7d
[92mINFO [0m:      Sent reply
[92mINFO [0m:      
[92mINFO [0m:      Received: train message a5649e4f-0157-42f2-a27f-279564ab71e3
[92mINFO [0m:      Sent reply
[92mINFO [0m:      
[92mINFO [0m:      Received: evaluate message b4d968f7-8c3d-4457-86a7-9886c25a024b
[92mINFO [0m:      Sent reply
[92mINFO [0m:      
[92mINFO [0m:      Received: train message 7436ffef-8747-4101-87b6-d97118ca281e
[92mINFO [0m:      Sent reply
[92mINFO [0m:      
[92mINFO [0m:      Received: evaluate message d06e3ea3-f3db-4b23-8636-8e2a446154a3
[92mINFO [0m:      Sent reply
[92mINFO [0m:      
[92mINFO [0m:      Received: train message ca6afb97-12c3-48b3-839a-91106d8f3958
[92mINFO [0m:      Sent reply
[92mINFO [0m:      
[92mINFO [0m:      Received: evaluate message 7d14f6ca-c6eb-452f-a741-56261462d554
[92mINFO [0m:      Sent reply
[92mINFO [0m:      
[92mINFO [0m:      Received: train message 41d3ab6e-07f7-48af-87b7-0e140ca2ac4e
[92mINFO [0m:      Sent reply
[92mINFO [0m:      
[92mINFO [0m:      Received: evaluate message afc2e87b-a6ae-479a-85bf-68c283d8a225
[92mINFO [0m:      Sent reply
[92mINFO [0m:      
[92mINFO [0m:      Received: train message 46962ea4-3c01-48fa-8361-254873ef53d7
[92mINFO [0m:      Sent reply
[92mINFO [0m:      
[92mINFO [0m:      Received: evaluate message a0ef978e-0118-4b8b-a33f-304b725b6657
[92mINFO [0m:      Sent reply
[92mINFO [0m:      
[92mINFO [0m:      Received: train message d50fe314-3000-4c2c-9a30-6782dc7a0cec
[92mINFO [0m:      Sent reply
[92mINFO [0m:      
[92mINFO [0m:      Received: evaluate message 3f502168-f3a4-41f9-af1d-f39a2a86e315
[92mINFO [0m:      Sent reply
[92mINFO [0m:      
[92mINFO [0m:      Received: train message 7fa97655-a716-4d40-906e-cb9ffce32295
[92mINFO [0m:      Sent reply
[92mINFO [0m:      
[92mINFO [0m:      Received: evaluate message 5272df6c-dcd3-47d8-859e-012a285b7614
[92mINFO [0m:      Sent reply
[92mINFO [0m:      
[92mINFO [0m:      Received: train message 14a6ce3f-ce89-4a26-bbc8-b023c67c2671
[92mINFO [0m:      Sent reply
[92mINFO [0m:      
[92mINFO [0m:      Received: evaluate message c922171d-067f-4c3c-af2b-4059aedbddbc
[92mINFO [0m:      Sent reply
[92mINFO [0m:      
[92mINFO [0m:      Received: train message e6a49998-1e06-4571-a529-9c36ff293031
[92mINFO [0m:      Sent reply
[92mINFO [0m:      
[92mINFO [0m:      Received: evaluate message 48d63efa-5be8-4f6b-92a5-d82d30f3585f
[92mINFO [0m:      Sent reply
[92mINFO [0m:      
[92mINFO [0m:      Received: train message 1b81d457-75c0-442c-98fe-ede8052eb0db
[92mINFO [0m:      Sent reply
[92mINFO [0m:      
[92mINFO [0m:      Received: evaluate message 7ed7c6f7-5291-4dc2-8e5d-5e41b170e8e9
[92mINFO [0m:      Sent reply
[92mINFO [0m:      
[92mINFO [0m:      Received: train message 05b9214d-d1e0-4718-a3b8-2dcd972542fd
[92mINFO [0m:      Sent reply
[92mINFO [0m:      
[92mINFO [0m:      Received: evaluate message 20bba01d-ed2f-4a48-87e9-86c1e13dc410
[92mINFO [0m:      Sent reply
[92mINFO [0m:      
[92mINFO [0m:      Received: train message 904b74b7-6544-4c64-9386-18545f7d1bc6
[92mINFO [0m:      Sent reply
[92mINFO [0m:      
[92mINFO [0m:      Received: evaluate message 4a034bfb-11d2-46b3-b76b-691ea74cffa6
[92mINFO [0m:      Sent reply
[92mINFO [0m:      
[92mINFO [0m:      Received: train message 990fa86c-2148-4e20-85dd-ddd41eeb2a19
[92mINFO [0m:      Sent reply
[92mINFO [0m:      
[92mINFO [0m:      Received: evaluate message 1ebf3b61-f71c-4416-b8cb-c183fee10b94
[92mINFO [0m:      Sent reply
[92mINFO [0m:      
[92mINFO [0m:      Received: train message 012501b7-a760-4024-b63b-091ed5a6295b
[92mINFO [0m:      Sent reply
[92mINFO [0m:      
[92mINFO [0m:      Received: evaluate message b851b96c-4af0-4360-8202-99b32d7dcfc1
[92mINFO [0m:      Sent reply
[92mINFO [0m:      
[92mINFO [0m:      Received: train message 51fc93e3-34e0-41c7-b5f0-f15dabbd7e57
[92mINFO [0m:      Sent reply
[92mINFO [0m:      
[92mINFO [0m:      Received: evaluate message 6bbaa163-5112-4b65-8ced-a059ff3a4208
[92mINFO [0m:      Sent reply
[92mINFO [0m:      
[92mINFO [0m:      Received: train message f43cde94-2732-44f9-a568-bc468173d826
[92mINFO [0m:      Sent reply
[92mINFO [0m:      
[92mINFO [0m:      Received: evaluate message 65cfdcb2-e80a-48be-81bd-6b068bfedd6c
[92mINFO [0m:      Sent reply
[92mINFO [0m:      
[92mINFO [0m:      Received: train message 997b2d54-369b-4729-a874-313bcbfbc66c
[92mINFO [0m:      Sent reply
[92mINFO [0m:      
[92mINFO [0m:      Received: evaluate message 72deb9fa-8736-48ef-b720-837c7ff2bcea
[92mINFO [0m:      Sent reply
[92mINFO [0m:      
[92mINFO [0m:      Received: train message ddf942dc-b418-4e50-9df6-4a562876a8ca
[92mINFO [0m:      Sent reply
[92mINFO [0m:      
[92mINFO [0m:      Received: evaluate message d2866b02-4240-490c-ac15-928103e54f67
[92mINFO [0m:      Sent reply
[92mINFO [0m:      
[92mINFO [0m:      Received: train message d5987e54-e6be-4939-b5eb-116689be48ac
[92mINFO [0m:      Sent reply
[92mINFO [0m:      
[92mINFO [0m:      Received: evaluate message d0137cee-9d8c-4d0f-a7e7-73b36b0631f8
[92mINFO [0m:      Sent reply
[92mINFO [0m:      
[92mINFO [0m:      Received: train message ccc36671-e602-4299-be7a-50eea7f7873e
[92mINFO [0m:      Sent reply
[92mINFO [0m:      
[92mINFO [0m:      Received: evaluate message b5b4c62f-22d6-4002-bafe-ff897b4a8a3a
[92mINFO [0m:      Sent reply
[92mINFO [0m:      
[92mINFO [0m:      Received: train message 0c0be687-f511-4967-8e47-def71c3bc970
[92mINFO [0m:      Sent reply
[92mINFO [0m:      
[92mINFO [0m:      Received: evaluate message a9e1a8d3-86a0-447b-80de-4b1eb3e7f9b8
[92mINFO [0m:      Sent reply
[92mINFO [0m:      
[92mINFO [0m:      Received: train message 11a520a6-e75a-4821-8e46-d005c5cf1c80
[92mINFO [0m:      Sent reply
[92mINFO [0m:      
[92mINFO [0m:      Received: evaluate message 63917e15-23c7-4acd-88ec-8d52ca45bf82
[92mINFO [0m:      Sent reply
[92mINFO [0m:      
[92mINFO [0m:      Received: train message f956045a-d8fa-4067-8174-f673e4586331
[92mINFO [0m:      Sent reply
[92mINFO [0m:      
[92mINFO [0m:      Received: evaluate message 3d6ff72c-c81a-45ab-abf7-cde4ff5cd071
[92mINFO [0m:      Sent reply
[92mINFO [0m:      
[92mINFO [0m:      Received: train message 031aa220-46ee-4977-9a8c-d75106129eb6
[92mINFO [0m:      Sent reply
[92mINFO [0m:      
[92mINFO [0m:      Received: evaluate message dcc783d7-7fec-4218-9164-eab575350d6d
[92mINFO [0m:      Sent reply
[92mINFO [0m:      
[92mINFO [0m:      Received: train message 6ec4ace5-deeb-4d5a-9803-1e8b899f141b
[92mINFO [0m:      Sent reply
[92mINFO [0m:      
[92mINFO [0m:      Received: evaluate message 7b0358d2-fead-49d9-89fd-1f4418f095f5
[92mINFO [0m:      Sent reply
[92mINFO [0m:      
[92mINFO [0m:      Received: train message f8ca8b29-9317-4710-9052-9bde3b0c9b39
[92mINFO [0m:      Sent reply
[92mINFO [0m:      
[92mINFO [0m:      Received: evaluate message 1d8c120d-f3be-47e4-98b8-faa69bc47953
[92mINFO [0m:      Sent reply
[92mINFO [0m:      
[92mINFO [0m:      Received: train message fb3f6388-4241-4543-bb06-0187d9e891c1
[92mINFO [0m:      Sent reply
[92mINFO [0m:      
[92mINFO [0m:      Received: evaluate message 375961b0-94ec-43fa-85e6-95a3f4696a78
[92mINFO [0m:      Sent reply
[92mINFO [0m:      
[92mINFO [0m:      Received: train message fdf1f1ea-9f49-4bd9-a086-3dd2c677772c
[92mINFO [0m:      Sent reply
[92mINFO [0m:      
[92mINFO [0m:      Received: evaluate message 6269eaa1-8a23-454c-98e9-037f812596e1
[92mINFO [0m:      Sent reply
[92mINFO [0m:      
[92mINFO [0m:      Received: train message eb057d6e-f178-4253-99a3-9a47fbc3e16e
[92mINFO [0m:      Sent reply
[92mINFO [0m:      
[92mINFO [0m:      Received: evaluate message 31843a0d-f811-4e69-9c77-1528f8bd27c4
[92mINFO [0m:      Sent reply
[92mINFO [0m:      
[92mINFO [0m:      Received: train message c98f7a17-bd62-4772-9f83-d59a02480eef
[92mINFO [0m:      Sent reply
[92mINFO [0m:      
[92mINFO [0m:      Received: evaluate message 389b04a6-ed0b-41ab-b16c-067fe0beb37b
[92mINFO [0m:      Sent reply
[92mINFO [0m:      
[92mINFO [0m:      Received: train message 30c13b58-125a-456f-b111-05638f8118e4
[92mINFO [0m:      Sent reply
[92mINFO [0m:      
[92mINFO [0m:      Received: evaluate message 42a41971-da05-4922-afcb-e00fe2bdafb4
[92mINFO [0m:      Sent reply
[92mINFO [0m:      
[92mINFO [0m:      Received: train message 4726d6cb-f21f-4742-9e31-e8d5b5fd2024
[92mINFO [0m:      Sent reply
[92mINFO [0m:      
[92mINFO [0m:      Received: evaluate message fd3c2bde-2f56-456c-95db-3af3844c2a18
[92mINFO [0m:      Sent reply
[92mINFO [0m:      
[92mINFO [0m:      Received: train message 12a8085b-2acc-43d0-ac7d-913bba38a34e
[92mINFO [0m:      Sent reply
[92mINFO [0m:      
[92mINFO [0m:      Received: evaluate message fe117af5-82b0-4175-82be-ad3bfb8fa141
[92mINFO [0m:      Sent reply
[92mINFO [0m:      
[92mINFO [0m:      Received: train message bdd73a42-1be2-4e52-a486-43badb44522b
[92mINFO [0m:      Sent reply
[92mINFO [0m:      
[92mINFO [0m:      Received: evaluate message bff2a068-bd1a-4929-ab66-16feedcca3b7
[92mINFO [0m:      Sent reply
[92mINFO [0m:      
[92mINFO [0m:      Received: train message d3dcf753-5f98-4ee9-a65a-757b51298e89
[92mINFO [0m:      Sent reply
[92mINFO [0m:      
[92mINFO [0m:      Received: evaluate message 7ca680f7-c2f8-4f4e-9ba2-841552b182f3
[92mINFO [0m:      Sent reply
[92mINFO [0m:      
[92mINFO [0m:      Received: train message 68bdcb6e-a636-40c1-ac5c-b8c1dceb33ce
[92mINFO [0m:      Sent reply
[92mINFO [0m:      
[92mINFO [0m:      Received: evaluate message e0ca301f-58a5-43c1-8caa-01a6eb3bacd6
[92mINFO [0m:      Sent reply
[92mINFO [0m:      
[92mINFO [0m:      Received: train message 87f249e8-428b-4880-8610-d87c56f7c1c6
[92mINFO [0m:      Sent reply
[92mINFO [0m:      
[92mINFO [0m:      Received: evaluate message b7ef20f0-9580-4241-8cbe-da5882ef3b6e
[92mINFO [0m:      Sent reply
[92mINFO [0m:      
[92mINFO [0m:      Received: train message 9dcf9909-ab8e-45a6-9b98-0143bb8d8f9a
[92mINFO [0m:      Sent reply
[92mINFO [0m:      
[92mINFO [0m:      Received: evaluate message 0ca9f170-a860-44ab-b5c0-f0db77da4e18
[92mINFO [0m:      Sent reply
[92mINFO [0m:      
[92mINFO [0m:      Received: reconnect message d5ab7b1f-b8af-43c0-8d98-130ca08010a4
[92mINFO [0m:      Disconnect and shut down
