[93mWARNING [0m:   DEPRECATED FEATURE: flwr.client.start_client() is deprecated.
	Instead, use the `flower-supernode` CLI command to start a SuperNode as shown below:

		$ flower-supernode --insecure --superlink='<IP>:<PORT>'

	To view all available options, run:

		$ flower-supernode --help

	Using `start_client()` is deprecated.

            This is a deprecated feature. It will be removed
            entirely in future versions of Flower.
        
[92mINFO [0m:      
[92mINFO [0m:      Received: train message 30ba422a-43d1-41f0-ae62-61ecbbed7974
[92mINFO [0m:      Sent reply
[92mINFO [0m:      
[92mINFO [0m:      Received: evaluate message e3171835-c205-4d67-8111-4e91987025f4
[92mINFO [0m:      Sent reply
[92mINFO [0m:      
[92mINFO [0m:      Received: train message b0219fc4-47d5-46e7-9163-1aa4c7a82767
[92mINFO [0m:      Sent reply
[92mINFO [0m:      
[92mINFO [0m:      Received: evaluate message d837bd86-6317-408c-96e1-5d6be2dcb00e
[92mINFO [0m:      Sent reply
[92mINFO [0m:      
[92mINFO [0m:      Received: train message aabf9fa5-7737-424c-8828-38eeb2afb34a
[92mINFO [0m:      Sent reply
[92mINFO [0m:      
[92mINFO [0m:      Received: evaluate message bcdd7fb9-a100-436c-8efd-5cfa71ceaa07
[92mINFO [0m:      Sent reply
[92mINFO [0m:      
[92mINFO [0m:      Received: train message 905437c6-cbcb-4f11-b84e-d3757327c5d8
[92mINFO [0m:      Sent reply
[92mINFO [0m:      
[92mINFO [0m:      Received: evaluate message 04c08c78-ebac-4726-b166-f8df77c13a97
[92mINFO [0m:      Sent reply
[92mINFO [0m:      
[92mINFO [0m:      Received: train message 3924b214-1e2d-4aee-88ee-f8bd160e5bf3
[92mINFO [0m:      Sent reply
[92mINFO [0m:      
[92mINFO [0m:      Received: evaluate message 00678a8f-82d1-494b-b642-1259b1021def
[92mINFO [0m:      Sent reply
[92mINFO [0m:      
[92mINFO [0m:      Received: train message 711a2328-32e4-4232-96b2-7c273f207e9b
[92mINFO [0m:      Sent reply
[92mINFO [0m:      
[92mINFO [0m:      Received: evaluate message 28fa6452-124e-459a-8a39-66949d8346c6
[92mINFO [0m:      Sent reply
[92mINFO [0m:      
[92mINFO [0m:      Received: train message 47d319a4-6bc7-4675-bf66-d4185bc008ed
[92mINFO [0m:      Sent reply
[92mINFO [0m:      
[92mINFO [0m:      Received: evaluate message 0007c483-8992-4294-948c-d7e1ff8e063f
[92mINFO [0m:      Sent reply
[92mINFO [0m:      
[92mINFO [0m:      Received: train message a09e3239-c395-4e99-a25a-cb98a908a23e
[92mINFO [0m:      Sent reply
[92mINFO [0m:      
[92mINFO [0m:      Received: evaluate message fc441041-6c5a-4d24-b67c-8956ef95f7e9
[92mINFO [0m:      Sent reply
[92mINFO [0m:      
[92mINFO [0m:      Received: train message b73182f9-ef4b-4f93-92e4-db3ebc12741a
[92mINFO [0m:      Sent reply
[92mINFO [0m:      
[92mINFO [0m:      Received: evaluate message 51c3a5d6-2e9e-4e82-bb37-d8164d03d6f3
[92mINFO [0m:      Sent reply
[92mINFO [0m:      
[92mINFO [0m:      Received: train message 3d16428f-5537-464a-89c3-dd286a0d1cc5
[92mINFO [0m:      Sent reply
[92mINFO [0m:      
[92mINFO [0m:      Received: evaluate message af376049-6f35-48c0-806c-10c605413daa
[92mINFO [0m:      Sent reply
[92mINFO [0m:      
[92mINFO [0m:      Received: train message a8b94ba2-3cb4-4658-9c88-47ad71fe3036
[92mINFO [0m:      Sent reply
[92mINFO [0m:      
[92mINFO [0m:      Received: evaluate message b02afe6e-7bac-45d1-81f0-ab11b2ec4f4f
[92mINFO [0m:      Sent reply
[92mINFO [0m:      
[92mINFO [0m:      Received: train message 89a3df05-1703-43be-ae3b-7b8f553577bd
[92mINFO [0m:      Sent reply
[92mINFO [0m:      
[92mINFO [0m:      Received: evaluate message 04a9ce1a-6f96-41be-9a62-b1d6f5068799
[92mINFO [0m:      Sent reply
[92mINFO [0m:      
[92mINFO [0m:      Received: train message ac3a8afe-7979-4959-8601-7d97dab5a617
[92mINFO [0m:      Sent reply
[92mINFO [0m:      
[92mINFO [0m:      Received: evaluate message 3c5ee30a-dec9-42dc-9054-3a268fc5fb91
[92mINFO [0m:      Sent reply
[92mINFO [0m:      
[92mINFO [0m:      Received: train message ca5c8473-a31b-4400-9933-c972291c6db6
[92mINFO [0m:      Sent reply
[92mINFO [0m:      
[92mINFO [0m:      Received: evaluate message 7bedaa5a-9f6e-4d8e-b3b6-c933d4cff0fb
[92mINFO [0m:      Sent reply
[92mINFO [0m:      
[92mINFO [0m:      Received: train message c6481728-b453-4147-a9d8-d725d9c88168
[92mINFO [0m:      Sent reply
[92mINFO [0m:      
[92mINFO [0m:      Received: evaluate message 4920220e-4b97-4f1b-bc1f-9eeb4b06fc17
[92mINFO [0m:      Sent reply
[92mINFO [0m:      
[92mINFO [0m:      Received: train message 491b67ef-7326-499c-a301-c0724b3cfd9b
[92mINFO [0m:      Sent reply
[92mINFO [0m:      
[92mINFO [0m:      Received: evaluate message e14c8c93-9c5f-42f4-ad86-5589ddc5aade
[92mINFO [0m:      Sent reply
[92mINFO [0m:      
[92mINFO [0m:      Received: train message 285ad40f-3ecf-4534-904b-bf10403142a1
[92mINFO [0m:      Sent reply
[92mINFO [0m:      
[92mINFO [0m:      Received: evaluate message 047e83e3-5cf3-4850-a044-b065b02c782c
[92mINFO [0m:      Sent reply
[92mINFO [0m:      
[92mINFO [0m:      Received: train message 3a47c8ee-18b6-4827-885a-e43c339d8fef
[92mINFO [0m:      Sent reply
[92mINFO [0m:      
[92mINFO [0m:      Received: evaluate message 6cbfa272-68ff-401d-9cd3-15c0dd0f43d8
[92mINFO [0m:      Sent reply
[92mINFO [0m:      
[92mINFO [0m:      Received: train message f7c8851f-2fb2-4f30-8624-ed2feeab67ba
[92mINFO [0m:      Sent reply
[92mINFO [0m:      
[92mINFO [0m:      Received: evaluate message 8e6db1aa-d725-4b8e-aad2-d115fc1a8b6d
[92mINFO [0m:      Sent reply
[92mINFO [0m:      
[92mINFO [0m:      Received: train message 78abc39c-b360-49f9-9329-2f1eaeb20b9a
[92mINFO [0m:      Sent reply
[92mINFO [0m:      
[92mINFO [0m:      Received: evaluate message 100d0997-2ce7-4f63-857e-cbca16542eef
[92mINFO [0m:      Sent reply
[92mINFO [0m:      
[92mINFO [0m:      Received: train message 3ed2bf2c-c67a-43d7-9a3e-3f340197ac10
[92mINFO [0m:      Sent reply
[92mINFO [0m:      
[92mINFO [0m:      Received: evaluate message d6397299-1f6e-4b5c-86ce-e142062e5c64
[92mINFO [0m:      Sent reply
[92mINFO [0m:      
[92mINFO [0m:      Received: train message f65481f6-cc84-4881-b53c-7405b688b3df
[92mINFO [0m:      Sent reply
[92mINFO [0m:      
[92mINFO [0m:      Received: evaluate message acf96125-1f61-44c1-a2e8-67d42970c8fc
[92mINFO [0m:      Sent reply
[92mINFO [0m:      
[92mINFO [0m:      Received: train message b334fa80-f14b-41a3-9655-69e5bcf3c2b3
[92mINFO [0m:      Sent reply
[92mINFO [0m:      
[92mINFO [0m:      Received: evaluate message 0418c43b-ef0c-4c51-8e24-5b061097974b
[92mINFO [0m:      Sent reply
[92mINFO [0m:      
[92mINFO [0m:      Received: train message 2eec3f1a-b895-4ab2-ac06-3ec7daf6f04e
[92mINFO [0m:      Sent reply
[92mINFO [0m:      
[92mINFO [0m:      Received: evaluate message e41a62de-5199-46f4-96f0-ddc1897bfea9
[92mINFO [0m:      Sent reply
[92mINFO [0m:      
[92mINFO [0m:      Received: train message af562ed3-0737-42c0-af2d-8608f2d7107d
[92mINFO [0m:      Sent reply
[92mINFO [0m:      
[92mINFO [0m:      Received: evaluate message 5996a907-ba86-4393-b7c7-b0dc9953fb01
[92mINFO [0m:      Sent reply
[92mINFO [0m:      
[92mINFO [0m:      Received: train message c70fd15e-372b-44cc-82c0-9451a6944e91
[92mINFO [0m:      Sent reply
[92mINFO [0m:      
[92mINFO [0m:      Received: evaluate message dcc7793b-c068-479a-a0a1-46da93cde1b8
[92mINFO [0m:      Sent reply
[92mINFO [0m:      
[92mINFO [0m:      Received: train message 4214a2af-0275-46cc-a266-bfbdf18ae1e2
[92mINFO [0m:      Sent reply
[92mINFO [0m:      
[92mINFO [0m:      Received: evaluate message 01c9d7a0-f52e-4dd5-98d9-584d19bf6ee8
[92mINFO [0m:      Sent reply
[92mINFO [0m:      
[92mINFO [0m:      Received: train message fdd27771-bc30-496f-8654-ded17e00a010
[92mINFO [0m:      Sent reply
[92mINFO [0m:      
[92mINFO [0m:      Received: evaluate message da9bdebd-cf03-46b1-9c60-4eee291423d3
[92mINFO [0m:      Sent reply
[92mINFO [0m:      
[92mINFO [0m:      Received: train message d14384f3-6668-434e-bbd9-80cdbc2ad93f
[92mINFO [0m:      Sent reply
[92mINFO [0m:      
[92mINFO [0m:      Received: evaluate message ffa11a73-8761-4af6-bf70-5d9b2a17a30d
[92mINFO [0m:      Sent reply
[92mINFO [0m:      
[92mINFO [0m:      Received: train message d5e608a9-ca32-4883-969b-fbb079904fba
[92mINFO [0m:      Sent reply
[92mINFO [0m:      
[92mINFO [0m:      Received: evaluate message 186570bd-632f-47a0-b5d3-2bccb90bd3af
[92mINFO [0m:      Sent reply
[92mINFO [0m:      
[92mINFO [0m:      Received: train message 32339fe2-b0dd-43c6-8ed7-03d248ce08ae
[92mINFO [0m:      Sent reply
[92mINFO [0m:      
[92mINFO [0m:      Received: evaluate message 70328dd8-782d-43da-9e36-dbae8deb9818
[92mINFO [0m:      Sent reply
[92mINFO [0m:      
[92mINFO [0m:      Received: train message 83b57b6f-bb00-4d0c-a6ae-41383c95f592
[92mINFO [0m:      Sent reply
[92mINFO [0m:      
[92mINFO [0m:      Received: evaluate message 0e97ae19-d2ec-47ee-a636-2ad298adfdf2
[92mINFO [0m:      Sent reply
[92mINFO [0m:      
[92mINFO [0m:      Received: train message fd8659fd-05cf-499d-a0c3-4277f91df08a
[92mINFO [0m:      Sent reply
[92mINFO [0m:      
[92mINFO [0m:      Received: evaluate message 0952b919-8e4f-4a99-b8be-9ca80d7f45e9
[92mINFO [0m:      Sent reply
[92mINFO [0m:      
[92mINFO [0m:      Received: train message 19928019-cc9e-409c-8041-1334a227f8c5
[92mINFO [0m:      Sent reply
[92mINFO [0m:      
[92mINFO [0m:      Received: evaluate message c1123030-478c-4d89-b61c-4d60f0e2ee9b
[92mINFO [0m:      Sent reply
[92mINFO [0m:      
[92mINFO [0m:      Received: train message 7d88abcc-447f-46b2-a79b-dd47b73d875d
[92mINFO [0m:      Sent reply
[92mINFO [0m:      
[92mINFO [0m:      Received: evaluate message 6571c3f3-a1c8-4a7d-a416-c89e1a31393f
[92mINFO [0m:      Sent reply
[92mINFO [0m:      
[92mINFO [0m:      Received: train message ca8a1b64-39f6-413c-8abe-89c4c0583e1f
[92mINFO [0m:      Sent reply
[92mINFO [0m:      
[92mINFO [0m:      Received: evaluate message af5a6392-4631-49ea-bb98-0dc95b00d5e1
[92mINFO [0m:      Sent reply
[92mINFO [0m:      
[92mINFO [0m:      Received: train message be6c8dea-07ec-4fe0-9706-fa4567ddb9b9
[92mINFO [0m:      Sent reply
[92mINFO [0m:      
[92mINFO [0m:      Received: evaluate message 6f002a21-b943-4796-85a6-bba633e30e91
[92mINFO [0m:      Sent reply
[92mINFO [0m:      
[92mINFO [0m:      Received: train message 58ca0e0b-8349-4d33-a5f7-e6b0bd38e92d
[92mINFO [0m:      Sent reply
[92mINFO [0m:      
[92mINFO [0m:      Received: evaluate message 1bcc5cc6-53f9-4b8b-b678-8f4cbf844518
[92mINFO [0m:      Sent reply
[92mINFO [0m:      
[92mINFO [0m:      Received: train message 6b1bf674-baa9-4bd6-9d31-3cffcd965c4f
[92mINFO [0m:      Sent reply
[92mINFO [0m:      
[92mINFO [0m:      Received: evaluate message 8cec01c3-7798-4502-aecb-b54cd31e643c
[92mINFO [0m:      Sent reply
[92mINFO [0m:      
[92mINFO [0m:      Received: train message 036e3e33-6c8c-4890-8fbd-8d6606bbe567
[92mINFO [0m:      Sent reply
[92mINFO [0m:      
[92mINFO [0m:      Received: evaluate message dc6d4a25-b8f8-483f-9ccd-6a725a30f92b
[92mINFO [0m:      Sent reply
[92mINFO [0m:      
[92mINFO [0m:      Received: train message b49c3430-9809-42d0-9ffb-c290c80439a2
[92mINFO [0m:      Sent reply
[92mINFO [0m:      
[92mINFO [0m:      Received: evaluate message 79aa418e-ec28-4acc-a675-2c2dbcf4cf99
[92mINFO [0m:      Sent reply
[92mINFO [0m:      
[92mINFO [0m:      Received: train message 8365dd13-366f-4813-92a3-bc40040ffcda
[92mINFO [0m:      Sent reply
[92mINFO [0m:      
[92mINFO [0m:      Received: evaluate message 3a7e8b3b-a394-4dec-9cb6-68e380ff6058
[92mINFO [0m:      Sent reply
[92mINFO [0m:      
[92mINFO [0m:      Received: train message af009c4b-c0a9-4c2f-9c24-f735af69c8b1
[92mINFO [0m:      Sent reply
[92mINFO [0m:      
[92mINFO [0m:      Received: evaluate message 693cc377-c4be-4cf7-a132-740d4a18c2db
[92mINFO [0m:      Sent reply
[92mINFO [0m:      
[92mINFO [0m:      Received: train message c593d35d-8c9a-417d-b0be-a8d2113fa494
[92mINFO [0m:      Sent reply
[92mINFO [0m:      
[92mINFO [0m:      Received: evaluate message 42cf92d4-3c3a-4b73-90c5-3824a69b0493
[92mINFO [0m:      Sent reply
[92mINFO [0m:      
[92mINFO [0m:      Received: train message d6816a12-0a05-463b-a7cd-4325384d676a
[92mINFO [0m:      Sent reply
[92mINFO [0m:      
[92mINFO [0m:      Received: evaluate message e1a48cda-5995-424c-8ad6-456d48bf1104
[92mINFO [0m:      Sent reply
[92mINFO [0m:      
[92mINFO [0m:      Received: train message b131e0f4-d289-4d81-bb23-b346a3d5ecfa
[92mINFO [0m:      Sent reply
[92mINFO [0m:      
[92mINFO [0m:      Received: evaluate message aa7968a1-7b01-44c6-a1ae-8b1534905b21
[92mINFO [0m:      Sent reply
[92mINFO [0m:      
[92mINFO [0m:      Received: train message 65deb6ce-8d8c-4020-a1aa-a10f465206ee
[92mINFO [0m:      Sent reply
[92mINFO [0m:      
[92mINFO [0m:      Received: evaluate message 0e7ef11e-1cfb-41b7-9e6a-1669275a3f73
[92mINFO [0m:      Sent reply
[92mINFO [0m:      
[92mINFO [0m:      Received: train message 274782ee-8d33-4b0a-88e0-f6c69bb44b00
[92mINFO [0m:      Sent reply
[92mINFO [0m:      
[92mINFO [0m:      Received: evaluate message 5d5ee282-56dd-4b77-9cfa-f0fcd6a4b988
[92mINFO [0m:      Sent reply
[92mINFO [0m:      
[92mINFO [0m:      Received: train message ce785114-d9fb-4b2e-a106-a485ee356340
[92mINFO [0m:      Sent reply
[92mINFO [0m:      
[92mINFO [0m:      Received: evaluate message 424941fa-3066-4945-9969-4d41943a130f
[92mINFO [0m:      Sent reply
[92mINFO [0m:      
[92mINFO [0m:      Received: train message f7ff6b5a-7f5a-4eb4-8fa0-b1725489e29a
[92mINFO [0m:      Sent reply
[92mINFO [0m:      
[92mINFO [0m:      Received: evaluate message d5d12b4b-c13c-4e35-85f5-bfd523b36468
[92mINFO [0m:      Sent reply
[92mINFO [0m:      
[92mINFO [0m:      Received: reconnect message 21938a74-cfb9-4ed7-9401-f976fad07566
[92mINFO [0m:      Disconnect and shut down
