[93mWARNING [0m:   DEPRECATED FEATURE: flwr.client.start_client() is deprecated.
	Instead, use the `flower-supernode` CLI command to start a SuperNode as shown below:

		$ flower-supernode --insecure --superlink='<IP>:<PORT>'

	To view all available options, run:

		$ flower-supernode --help

	Using `start_client()` is deprecated.

            This is a deprecated feature. It will be removed
            entirely in future versions of Flower.
        
[92mINFO [0m:      
[92mINFO [0m:      Received: train message 102a0bfc-6111-4cf6-ab92-198c931bd42e
[92mINFO [0m:      Sent reply
[92mINFO [0m:      
[92mINFO [0m:      Received: evaluate message 2d5721e3-03f9-4e9c-8421-88e963f38468
[92mINFO [0m:      Sent reply
[92mINFO [0m:      
[92mINFO [0m:      Received: train message e0e78bb7-5e07-4550-a725-a2d12f658e65
[92mINFO [0m:      Sent reply
[92mINFO [0m:      
[92mINFO [0m:      Received: evaluate message 78d19102-a586-4559-b0c5-1690787ded3f
[92mINFO [0m:      Sent reply
[92mINFO [0m:      
[92mINFO [0m:      Received: train message bf1435ef-9c9f-4a86-aacf-06a15950bb18
[92mINFO [0m:      Sent reply
[92mINFO [0m:      
[92mINFO [0m:      Received: evaluate message 1a1a9ea0-a9df-4b5d-9fe5-8d5a9084a333
[92mINFO [0m:      Sent reply
[92mINFO [0m:      
[92mINFO [0m:      Received: train message f89fe877-97b2-41d7-bc3a-b808a2f9c43c
[92mINFO [0m:      Sent reply
[92mINFO [0m:      
[92mINFO [0m:      Received: evaluate message 4fa286ab-1cc5-4c72-ac91-65d1d300fa05
[92mINFO [0m:      Sent reply
[92mINFO [0m:      
[92mINFO [0m:      Received: train message 4c783a23-73d3-405f-b51f-f72405723d7e
[92mINFO [0m:      Sent reply
[92mINFO [0m:      
[92mINFO [0m:      Received: evaluate message 0b636dfd-8c93-42ad-a7f4-a5eaf7048a67
[92mINFO [0m:      Sent reply
[92mINFO [0m:      
[92mINFO [0m:      Received: train message b2ac7556-094b-48f5-a2c6-2bb4997f3b04
[92mINFO [0m:      Sent reply
[92mINFO [0m:      
[92mINFO [0m:      Received: evaluate message 25a909ae-8b07-44f9-b35b-7fa247e26056
[92mINFO [0m:      Sent reply
[92mINFO [0m:      
[92mINFO [0m:      Received: train message 281aca7d-a333-43f5-b08f-dd4eba19d46a
[92mINFO [0m:      Sent reply
[92mINFO [0m:      
[92mINFO [0m:      Received: evaluate message 119c9a8d-e1ae-49bc-9240-ad2fd9376ab7
[92mINFO [0m:      Sent reply
[92mINFO [0m:      
[92mINFO [0m:      Received: train message ae57b751-d94d-490e-9aa0-dfd6cebc4eb6
[92mINFO [0m:      Sent reply
[92mINFO [0m:      
[92mINFO [0m:      Received: evaluate message ede51508-e976-46f7-9b7c-15146e937771
[92mINFO [0m:      Sent reply
[92mINFO [0m:      
[92mINFO [0m:      Received: train message b42048eb-c763-4a0d-af25-21c9735972ee
[92mINFO [0m:      Sent reply
[92mINFO [0m:      
[92mINFO [0m:      Received: evaluate message 45f87df3-f301-4b8e-bd65-e69a05429972
[92mINFO [0m:      Sent reply
[92mINFO [0m:      
[92mINFO [0m:      Received: train message bd126a48-8586-4630-8897-1b5611905549
[92mINFO [0m:      Sent reply
[92mINFO [0m:      
[92mINFO [0m:      Received: evaluate message abdcf84d-2d93-4dac-99c3-903073eef25e
[92mINFO [0m:      Sent reply
[92mINFO [0m:      
[92mINFO [0m:      Received: train message 59806e46-0f46-4ed8-9309-9a6f1cfa311e
[92mINFO [0m:      Sent reply
[92mINFO [0m:      
[92mINFO [0m:      Received: evaluate message 157a19c3-0037-4711-9f2e-5201a3c6823a
[92mINFO [0m:      Sent reply
[92mINFO [0m:      
[92mINFO [0m:      Received: train message b254214b-c694-45f8-b05f-d539b20a56d9
[92mINFO [0m:      Sent reply
[92mINFO [0m:      
[92mINFO [0m:      Received: evaluate message 16739b57-78d5-48d5-a322-a11584369b27
[92mINFO [0m:      Sent reply
[92mINFO [0m:      
[92mINFO [0m:      Received: train message dcf9d842-10d5-4636-a3c6-c5ce69312603
[92mINFO [0m:      Sent reply
[92mINFO [0m:      
[92mINFO [0m:      Received: evaluate message 91235698-0850-4682-946b-e52f531a8514
[92mINFO [0m:      Sent reply
[92mINFO [0m:      
[92mINFO [0m:      Received: train message 99bede69-c4b2-412f-a185-14b3ef50e65c
[92mINFO [0m:      Sent reply
[92mINFO [0m:      
[92mINFO [0m:      Received: evaluate message 56497241-c8f5-40ee-864a-fc71f334d93f
[92mINFO [0m:      Sent reply
[92mINFO [0m:      
[92mINFO [0m:      Received: train message be9e3061-33fa-446a-8429-48b61e946f9f
[92mINFO [0m:      Sent reply
[92mINFO [0m:      
[92mINFO [0m:      Received: evaluate message 5688e68e-c7d8-4450-8039-626e9d4d2ca4
[92mINFO [0m:      Sent reply
[92mINFO [0m:      
[92mINFO [0m:      Received: train message 316c49dc-c5ae-4577-9c5e-93bf32c92a4b
[92mINFO [0m:      Sent reply
[92mINFO [0m:      
[92mINFO [0m:      Received: evaluate message 5dae4208-e142-425c-8b8a-d1904dde1d50
[92mINFO [0m:      Sent reply
[92mINFO [0m:      
[92mINFO [0m:      Received: train message a5722cd8-1d73-4bf1-acf1-01c0d3413ea4
[92mINFO [0m:      Sent reply
[92mINFO [0m:      
[92mINFO [0m:      Received: evaluate message 3ca4611c-4fc2-4e05-a8e2-f40ddf6b830b
[92mINFO [0m:      Sent reply
[92mINFO [0m:      
[92mINFO [0m:      Received: train message f09acf36-dbbe-4107-8c44-9427c6867e08
[92mINFO [0m:      Sent reply
[92mINFO [0m:      
[92mINFO [0m:      Received: evaluate message eb65817b-9804-4a6a-a5cf-8bef325a4555
[92mINFO [0m:      Sent reply
[92mINFO [0m:      
[92mINFO [0m:      Received: train message e749c333-48c5-4dea-be01-d7538aec444a
[92mINFO [0m:      Sent reply
[92mINFO [0m:      
[92mINFO [0m:      Received: evaluate message 7f7d3990-d4ab-4b89-a684-4a94ba70cf1f
[92mINFO [0m:      Sent reply
[92mINFO [0m:      
[92mINFO [0m:      Received: train message d0633a91-33e0-440a-b76d-7925247deadd
[92mINFO [0m:      Sent reply
[92mINFO [0m:      
[92mINFO [0m:      Received: evaluate message 17033293-b848-4479-b50c-0dbc291417c8
[92mINFO [0m:      Sent reply
[92mINFO [0m:      
[92mINFO [0m:      Received: train message dcd7c1bb-9fa8-4bbc-87fe-9b9ac6b10c14
[92mINFO [0m:      Sent reply
[92mINFO [0m:      
[92mINFO [0m:      Received: evaluate message 8d1bddad-3fd9-4f08-8b47-6fdfb466cac4
[92mINFO [0m:      Sent reply
[92mINFO [0m:      
[92mINFO [0m:      Received: train message 311ecf72-ef07-43a8-9344-2b0de9a9c8bf
[92mINFO [0m:      Sent reply
[92mINFO [0m:      
[92mINFO [0m:      Received: evaluate message 2adb9c9b-66a5-46ee-a7ef-57a32dc2bb64
[92mINFO [0m:      Sent reply
[92mINFO [0m:      
[92mINFO [0m:      Received: train message 54215c51-813c-443a-bf39-6cb74d5f1048
[92mINFO [0m:      Sent reply
[92mINFO [0m:      
[92mINFO [0m:      Received: evaluate message b8614014-bdf2-47e3-98a2-b68b00ede4ee
[92mINFO [0m:      Sent reply
[92mINFO [0m:      
[92mINFO [0m:      Received: train message 8a512c5e-5816-433c-9c2d-bbd3af9a2550
[92mINFO [0m:      Sent reply
[92mINFO [0m:      
[92mINFO [0m:      Received: evaluate message cfdb2de2-f3c7-4559-bb62-c6510bbedc90
[92mINFO [0m:      Sent reply
[92mINFO [0m:      
[92mINFO [0m:      Received: train message d67a8a00-1b33-45ce-96f8-87d76f876e2b
[92mINFO [0m:      Sent reply
[92mINFO [0m:      
[92mINFO [0m:      Received: evaluate message 3362c6ea-e850-443a-9f36-744f9524fe16
[92mINFO [0m:      Sent reply
[92mINFO [0m:      
[92mINFO [0m:      Received: train message 97795e8e-1975-4d54-b8fb-a3b88c00b6ac
[92mINFO [0m:      Sent reply
[92mINFO [0m:      
[92mINFO [0m:      Received: evaluate message c2023eda-0b73-4015-88ee-53336d956bdd
[92mINFO [0m:      Sent reply
[92mINFO [0m:      
[92mINFO [0m:      Received: train message b845eb20-84c0-4493-98d5-36bfebfaefd6
[92mINFO [0m:      Sent reply
[92mINFO [0m:      
[92mINFO [0m:      Received: evaluate message 042e6df6-83f1-4e4a-9c54-b50ce95fb9dc
[92mINFO [0m:      Sent reply
[92mINFO [0m:      
[92mINFO [0m:      Received: train message 27183734-42ee-4cc4-8eed-62f64947a501
[92mINFO [0m:      Sent reply
[92mINFO [0m:      
[92mINFO [0m:      Received: evaluate message bad098e0-8c16-4b2e-bfb4-2a7c92682d86
[92mINFO [0m:      Sent reply
[92mINFO [0m:      
[92mINFO [0m:      Received: train message 35149da1-ec17-4c8f-bb5e-40eb23f80a41
[92mINFO [0m:      Sent reply
[92mINFO [0m:      
[92mINFO [0m:      Received: evaluate message 585f9a70-d41e-4616-927b-da9953630bc1
[92mINFO [0m:      Sent reply
[92mINFO [0m:      
[92mINFO [0m:      Received: train message b4df5808-d8d6-4f64-adeb-50992a64be98
[92mINFO [0m:      Sent reply
[92mINFO [0m:      
[92mINFO [0m:      Received: evaluate message eb8f3277-fc06-4774-9a52-a01017c14d61
[92mINFO [0m:      Sent reply
[92mINFO [0m:      
[92mINFO [0m:      Received: train message 6a09c439-d227-4b57-9332-161719ab7c96
[92mINFO [0m:      Sent reply
[92mINFO [0m:      
[92mINFO [0m:      Received: evaluate message 9baa5cbf-743e-46df-8237-fea2217e8b9d
[92mINFO [0m:      Sent reply
[92mINFO [0m:      
[92mINFO [0m:      Received: train message e3a15b91-f668-4abc-a859-6be7f91cfb4c
[92mINFO [0m:      Sent reply
[92mINFO [0m:      
[92mINFO [0m:      Received: evaluate message 3d9ed734-3b8d-4c9e-a8fe-60005ac54761
[92mINFO [0m:      Sent reply
[92mINFO [0m:      
[92mINFO [0m:      Received: train message 602c78ae-543e-496e-9113-35ba821a0ee4
[92mINFO [0m:      Sent reply
[92mINFO [0m:      
[92mINFO [0m:      Received: evaluate message d2964e5e-6886-47dc-a5aa-477d1635bae7
[92mINFO [0m:      Sent reply
[92mINFO [0m:      
[92mINFO [0m:      Received: train message cd7ff3dd-d81c-4a1b-beb6-8e71edaa4e7d
[92mINFO [0m:      Sent reply
[92mINFO [0m:      
[92mINFO [0m:      Received: evaluate message f1381d6f-687c-4403-9cf9-e3f5841290a0
[92mINFO [0m:      Sent reply
[92mINFO [0m:      
[92mINFO [0m:      Received: train message 8ba12346-37e3-439a-870e-bbdf79fd9f3c
[92mINFO [0m:      Sent reply
[92mINFO [0m:      
[92mINFO [0m:      Received: evaluate message e89ce587-1bf4-4e35-8bee-c71be908317c
[92mINFO [0m:      Sent reply
[92mINFO [0m:      
[92mINFO [0m:      Received: train message 33c4cac6-9ddd-431f-82b0-f61c80847aaf
[92mINFO [0m:      Sent reply
[92mINFO [0m:      
[92mINFO [0m:      Received: evaluate message a7c44ec3-e2a0-4b65-96c8-8dd5f07be066
[92mINFO [0m:      Sent reply
[92mINFO [0m:      
[92mINFO [0m:      Received: train message b0c87824-18e8-4b2d-b7f5-14f37c777afe
[92mINFO [0m:      Sent reply
[92mINFO [0m:      
[92mINFO [0m:      Received: evaluate message d4bd2c63-6c3c-4250-a414-77b689951a46
[92mINFO [0m:      Sent reply
[92mINFO [0m:      
[92mINFO [0m:      Received: train message 4f76a5cd-9fc6-4d1c-bae3-00fb7b103aac
[92mINFO [0m:      Sent reply
[92mINFO [0m:      
[92mINFO [0m:      Received: evaluate message a16a460f-2c55-4a87-b565-18396adbaa2a
[92mINFO [0m:      Sent reply
[92mINFO [0m:      
[92mINFO [0m:      Received: train message 6a621354-87f4-4dff-b5cd-1622718a351b
[92mINFO [0m:      Sent reply
[92mINFO [0m:      
[92mINFO [0m:      Received: evaluate message 5a1ee6b5-2d27-4e05-8ec7-e8c3fd6ade54
[92mINFO [0m:      Sent reply
[92mINFO [0m:      
[92mINFO [0m:      Received: train message e32f2cd7-9470-459d-9041-2d1f3e53558c
[92mINFO [0m:      Sent reply
[92mINFO [0m:      
[92mINFO [0m:      Received: evaluate message a78bffbd-92fe-4cea-98b4-62c0d9f1779f
[92mINFO [0m:      Sent reply
[92mINFO [0m:      
[92mINFO [0m:      Received: train message 899cc6fd-03e3-4af6-b86f-d466c2c3a848
[92mINFO [0m:      Sent reply
[92mINFO [0m:      
[92mINFO [0m:      Received: evaluate message 52b923e1-4091-4b48-9ce5-17ab0d40ff82
[92mINFO [0m:      Sent reply
[92mINFO [0m:      
[92mINFO [0m:      Received: train message 5c765588-122b-4b1c-ab7a-ce531ee3d92e
[92mINFO [0m:      Sent reply
[92mINFO [0m:      
[92mINFO [0m:      Received: evaluate message cc454552-0993-4946-b4a5-d2e758a5a783
[92mINFO [0m:      Sent reply
[92mINFO [0m:      
[92mINFO [0m:      Received: train message 875e45f1-1629-473d-ad65-0a78a64457c7
[92mINFO [0m:      Sent reply
[92mINFO [0m:      
[92mINFO [0m:      Received: evaluate message f69e1dcb-aeeb-49ba-9ff0-562a10b4cdba
[92mINFO [0m:      Sent reply
[92mINFO [0m:      
[92mINFO [0m:      Received: train message 6f4d50ab-d3f1-462e-bbbb-88e1fafb60f2
[92mINFO [0m:      Sent reply
[92mINFO [0m:      
[92mINFO [0m:      Received: evaluate message acf748b6-8d12-4e0a-b6e7-acd93e0ef9e6
[92mINFO [0m:      Sent reply
[92mINFO [0m:      
[92mINFO [0m:      Received: train message e80f1232-dfb7-4a4d-a563-0a6b761ea6ca
[92mINFO [0m:      Sent reply
[92mINFO [0m:      
[92mINFO [0m:      Received: evaluate message 58c19bde-2e97-4ff0-a651-f302f6287a5b
[92mINFO [0m:      Sent reply
[92mINFO [0m:      
[92mINFO [0m:      Received: train message 60eee1cb-560f-4201-9543-c3f8941b9c7f
[92mINFO [0m:      Sent reply
[92mINFO [0m:      
[92mINFO [0m:      Received: evaluate message a59ba545-11f8-465e-96b8-2c72ff142071
[92mINFO [0m:      Sent reply
[92mINFO [0m:      
[92mINFO [0m:      Received: train message 0c57069b-f941-45af-a026-babf90164459
[92mINFO [0m:      Sent reply
[92mINFO [0m:      
[92mINFO [0m:      Received: evaluate message 8d1aff6b-aa27-4368-8885-01840a031395
[92mINFO [0m:      Sent reply
[92mINFO [0m:      
[92mINFO [0m:      Received: train message 7fcf24c6-2f1c-4646-837c-c70c2cb72991
[92mINFO [0m:      Sent reply
[92mINFO [0m:      
[92mINFO [0m:      Received: evaluate message 36aa3779-f599-44cd-9ee6-ce8c66bc9ede
[92mINFO [0m:      Sent reply
[92mINFO [0m:      
[92mINFO [0m:      Received: train message 81606fb1-f50b-48e2-a27b-b060709a91a8
[92mINFO [0m:      Sent reply
[92mINFO [0m:      
[92mINFO [0m:      Received: evaluate message 70c4f571-921d-4305-920c-77a3af444089
[92mINFO [0m:      Sent reply
[92mINFO [0m:      
[92mINFO [0m:      Received: train message d43a9323-83e0-4ac9-8724-46958c85fe68
[92mINFO [0m:      Sent reply
[92mINFO [0m:      
[92mINFO [0m:      Received: evaluate message 00595e47-fb92-4aed-95cf-d4cc923f83de
[92mINFO [0m:      Sent reply
[92mINFO [0m:      
[92mINFO [0m:      Received: reconnect message 4a2de7e5-e9f9-4c94-8362-fcb6b42acaf3
[92mINFO [0m:      Disconnect and shut down
