[93mWARNING [0m:   DEPRECATED FEATURE: flwr.client.start_client() is deprecated.
	Instead, use the `flower-supernode` CLI command to start a SuperNode as shown below:

		$ flower-supernode --insecure --superlink='<IP>:<PORT>'

	To view all available options, run:

		$ flower-supernode --help

	Using `start_client()` is deprecated.

            This is a deprecated feature. It will be removed
            entirely in future versions of Flower.
        
[92mINFO [0m:      
[92mINFO [0m:      Received: train message edf646b1-f76c-4585-a916-ab3b4082eea6
[92mINFO [0m:      Sent reply
[92mINFO [0m:      
[92mINFO [0m:      Received: evaluate message a8cc5dac-e58f-470c-a6bc-95cc09b0d7e2
[92mINFO [0m:      Sent reply
[92mINFO [0m:      
[92mINFO [0m:      Received: train message 6e450165-60ba-4ad3-bf93-0a4517043b9a
[92mINFO [0m:      Sent reply
[92mINFO [0m:      
[92mINFO [0m:      Received: evaluate message d471262e-f045-49f8-ada4-70254a4de2df
[92mINFO [0m:      Sent reply
[92mINFO [0m:      
[92mINFO [0m:      Received: train message c4e6c61d-56c7-4a08-bda5-7c9cdaba7919
[92mINFO [0m:      Sent reply
[92mINFO [0m:      
[92mINFO [0m:      Received: evaluate message a6851ee6-2529-4856-99b2-b105b131ee9f
[92mINFO [0m:      Sent reply
[92mINFO [0m:      
[92mINFO [0m:      Received: train message 7f16ba67-16a4-4dfd-8109-2c4c83b31e31
[92mINFO [0m:      Sent reply
[92mINFO [0m:      
[92mINFO [0m:      Received: evaluate message 378d322e-4902-474b-b7e5-f1c34d89814b
[92mINFO [0m:      Sent reply
[92mINFO [0m:      
[92mINFO [0m:      Received: train message b0d12f50-c636-49fb-ae47-59b49d053f52
[92mINFO [0m:      Sent reply
[92mINFO [0m:      
[92mINFO [0m:      Received: evaluate message c53360ee-0682-48e9-a91d-8be140d8a0f4
[92mINFO [0m:      Sent reply
[92mINFO [0m:      
[92mINFO [0m:      Received: train message 7f6b38bb-144f-4f03-8488-d03624340e34
[92mINFO [0m:      Sent reply
[92mINFO [0m:      
[92mINFO [0m:      Received: evaluate message 5270e31a-19b7-4c6b-acd9-342466e5a496
[92mINFO [0m:      Sent reply
[92mINFO [0m:      
[92mINFO [0m:      Received: train message 63deb762-ae01-4fc7-b78e-a1a0fbb8cad8
[92mINFO [0m:      Sent reply
[92mINFO [0m:      
[92mINFO [0m:      Received: evaluate message 8f0f4529-4624-42f4-aed2-b1b87e3b4cbb
[92mINFO [0m:      Sent reply
[92mINFO [0m:      
[92mINFO [0m:      Received: train message 9b1a9292-4205-4fba-ab88-d138e1f2a441
[92mINFO [0m:      Sent reply
[92mINFO [0m:      
[92mINFO [0m:      Received: evaluate message 947b02cc-6e11-42aa-949f-6f15faab8ee1
[92mINFO [0m:      Sent reply
[92mINFO [0m:      
[92mINFO [0m:      Received: train message 35056b98-bada-40c0-9da5-5892f5567198
[92mINFO [0m:      Sent reply
[92mINFO [0m:      
[92mINFO [0m:      Received: evaluate message e12705f9-6756-4a2e-80a2-c5616b68dfd5
[92mINFO [0m:      Sent reply
[92mINFO [0m:      
[92mINFO [0m:      Received: train message 559e243f-34d0-4561-b8e6-32ff853a77ef
[92mINFO [0m:      Sent reply
[92mINFO [0m:      
[92mINFO [0m:      Received: evaluate message 74056bcf-078f-4e9d-b675-c29e6698c98f
[92mINFO [0m:      Sent reply
[92mINFO [0m:      
[92mINFO [0m:      Received: train message 6c6de90a-485d-4527-81df-2996f30838f6
[92mINFO [0m:      Sent reply
[92mINFO [0m:      
[92mINFO [0m:      Received: evaluate message f3ff990e-5e90-46a9-8549-906df56df907
[92mINFO [0m:      Sent reply
[92mINFO [0m:      
[92mINFO [0m:      Received: train message c6c3dceb-60a3-44f7-8abe-631224c45d11
[92mINFO [0m:      Sent reply
[92mINFO [0m:      
[92mINFO [0m:      Received: evaluate message c8583315-5528-4036-969e-866ea3522459
[92mINFO [0m:      Sent reply
[92mINFO [0m:      
[92mINFO [0m:      Received: train message 2e2c237a-887e-4da2-9bf3-283a160895b5
[92mINFO [0m:      Sent reply
[92mINFO [0m:      
[92mINFO [0m:      Received: evaluate message 77e63a84-d5d9-44c9-b390-603636a8e3e3
[92mINFO [0m:      Sent reply
[92mINFO [0m:      
[92mINFO [0m:      Received: train message ca18e16f-574a-4791-84e9-29baed8beee3
[92mINFO [0m:      Sent reply
[92mINFO [0m:      
[92mINFO [0m:      Received: evaluate message 728f9ddd-d0ce-402a-a728-29520e6c0c51
[92mINFO [0m:      Sent reply
[92mINFO [0m:      
[92mINFO [0m:      Received: train message f3e64232-c16d-429f-8cc9-b12a81673aca
[92mINFO [0m:      Sent reply
[92mINFO [0m:      
[92mINFO [0m:      Received: evaluate message 96aa9e65-23d6-40ac-816a-b05cf464861d
[92mINFO [0m:      Sent reply
[92mINFO [0m:      
[92mINFO [0m:      Received: train message 1e3c4828-f70b-494d-b718-37f756e16e71
[92mINFO [0m:      Sent reply
[92mINFO [0m:      
[92mINFO [0m:      Received: evaluate message 8839ea3c-e23a-4fea-a0e4-73de73c72875
[92mINFO [0m:      Sent reply
[92mINFO [0m:      
[92mINFO [0m:      Received: train message c09f2418-88f2-4e9c-b80c-82e5aa8345c0
[92mINFO [0m:      Sent reply
[92mINFO [0m:      
[92mINFO [0m:      Received: evaluate message 6dadb17e-be52-438c-bd04-b945b8022566
[92mINFO [0m:      Sent reply
[92mINFO [0m:      
[92mINFO [0m:      Received: train message a855f385-b487-443a-89dc-69daf8a80d14
[92mINFO [0m:      Sent reply
[92mINFO [0m:      
[92mINFO [0m:      Received: evaluate message 09360e00-e4c5-4ba6-ad64-f181e73ab732
[92mINFO [0m:      Sent reply
[92mINFO [0m:      
[92mINFO [0m:      Received: train message b8042170-b53f-4bb5-b71d-a258569812f1
[92mINFO [0m:      Sent reply
[92mINFO [0m:      
[92mINFO [0m:      Received: evaluate message d6759c8c-5cc4-409f-a22c-465c1432eb33
[92mINFO [0m:      Sent reply
[92mINFO [0m:      
[92mINFO [0m:      Received: train message 4a244071-a5a4-4dfb-9b28-fb462cd7e59b
[92mINFO [0m:      Sent reply
[92mINFO [0m:      
[92mINFO [0m:      Received: evaluate message 8ca05111-e20d-4a3a-95e1-9d8360f7eed3
[92mINFO [0m:      Sent reply
[92mINFO [0m:      
[92mINFO [0m:      Received: train message 0f942dc4-6ed7-49d0-a0f4-394c453d678a
[92mINFO [0m:      Sent reply
[92mINFO [0m:      
[92mINFO [0m:      Received: evaluate message 1a06e44d-3e1e-4e56-a493-2c851bbdb4cd
[92mINFO [0m:      Sent reply
[92mINFO [0m:      
[92mINFO [0m:      Received: train message bbb19cf2-3a8e-453c-a028-cc686a7bdd3c
[92mINFO [0m:      Sent reply
[92mINFO [0m:      
[92mINFO [0m:      Received: evaluate message 980a0761-9940-4a3b-8ada-b81b441ca70d
[92mINFO [0m:      Sent reply
[92mINFO [0m:      
[92mINFO [0m:      Received: train message d404ef42-d644-467c-81c5-acd068766f42
[92mINFO [0m:      Sent reply
[92mINFO [0m:      
[92mINFO [0m:      Received: evaluate message ba709f28-9e71-42e2-b16a-19ac56b16dec
[92mINFO [0m:      Sent reply
[92mINFO [0m:      
[92mINFO [0m:      Received: train message 41d46a15-1a8e-43d1-8bf3-a2ab65763dc5
[92mINFO [0m:      Sent reply
[92mINFO [0m:      
[92mINFO [0m:      Received: evaluate message 23d748c5-216e-483c-b2b6-d9487c23c24a
[92mINFO [0m:      Sent reply
[92mINFO [0m:      
[92mINFO [0m:      Received: train message ab94c6d1-c41f-4742-8a0a-ddc1dae93380
[92mINFO [0m:      Sent reply
[92mINFO [0m:      
[92mINFO [0m:      Received: evaluate message 03f38322-60c8-46fa-9cb5-4e7ea0be9fc3
[92mINFO [0m:      Sent reply
[92mINFO [0m:      
[92mINFO [0m:      Received: train message 59c19d22-10c0-4b1a-b206-694220b3fec1
[92mINFO [0m:      Sent reply
[92mINFO [0m:      
[92mINFO [0m:      Received: evaluate message aac35917-f63b-4f36-a174-31675607da88
[92mINFO [0m:      Sent reply
[92mINFO [0m:      
[92mINFO [0m:      Received: train message 06161b9a-dc65-4958-a9cb-5559119a8888
[92mINFO [0m:      Sent reply
[92mINFO [0m:      
[92mINFO [0m:      Received: evaluate message c20027a7-4fa0-4f55-9f8e-c8cf08610002
[92mINFO [0m:      Sent reply
[92mINFO [0m:      
[92mINFO [0m:      Received: train message 9de47a42-f8cc-4ddb-973f-8eaeb6f7ee29
[92mINFO [0m:      Sent reply
[92mINFO [0m:      
[92mINFO [0m:      Received: evaluate message f75e65a4-dc54-4144-8e8d-830462bb1058
[92mINFO [0m:      Sent reply
[92mINFO [0m:      
[92mINFO [0m:      Received: train message 003bc856-aa55-4362-be33-507a635724e2
[92mINFO [0m:      Sent reply
[92mINFO [0m:      
[92mINFO [0m:      Received: evaluate message 33751919-1c6f-4c31-946a-8740166e92dc
[92mINFO [0m:      Sent reply
[92mINFO [0m:      
[92mINFO [0m:      Received: train message f3b0c068-0a63-4cdc-a2ab-ac18da5be62f
[92mINFO [0m:      Sent reply
[92mINFO [0m:      
[92mINFO [0m:      Received: evaluate message 99ee9b42-047e-4cf5-8fc9-0f41f9466594
[92mINFO [0m:      Sent reply
[92mINFO [0m:      
[92mINFO [0m:      Received: train message cf4ce913-a89e-4308-a1b7-76da33ee2768
[92mINFO [0m:      Sent reply
[92mINFO [0m:      
[92mINFO [0m:      Received: evaluate message f2399142-94c6-429b-811d-b2e7bfeaff89
[92mINFO [0m:      Sent reply
[92mINFO [0m:      
[92mINFO [0m:      Received: train message f294cdee-fe31-4527-a780-83e242b205f7
[92mINFO [0m:      Sent reply
[92mINFO [0m:      
[92mINFO [0m:      Received: evaluate message 58c19b07-e014-4b8e-bb7b-e68f44740805
[92mINFO [0m:      Sent reply
[92mINFO [0m:      
[92mINFO [0m:      Received: train message b857dfe2-6a26-4f77-9054-76655f8f7ab3
[92mINFO [0m:      Sent reply
[92mINFO [0m:      
[92mINFO [0m:      Received: evaluate message 02ed7788-0e92-48b2-87b9-2676ecda1383
[92mINFO [0m:      Sent reply
[92mINFO [0m:      
[92mINFO [0m:      Received: train message 4444fdd8-2f5d-42a7-89de-d4f96f235d9d
[92mINFO [0m:      Sent reply
[92mINFO [0m:      
[92mINFO [0m:      Received: evaluate message 0de4adf6-5e9b-4313-a996-4943171c670c
[92mINFO [0m:      Sent reply
[92mINFO [0m:      
[92mINFO [0m:      Received: train message 596bd502-c9de-49cd-910f-5989804015d1
[92mINFO [0m:      Sent reply
[92mINFO [0m:      
[92mINFO [0m:      Received: evaluate message 38ad095d-1a43-4183-88f9-595358451e67
[92mINFO [0m:      Sent reply
[92mINFO [0m:      
[92mINFO [0m:      Received: train message fd2e4bb8-cdbe-422a-a269-af3db0a7ac21
[92mINFO [0m:      Sent reply
[92mINFO [0m:      
[92mINFO [0m:      Received: evaluate message 943513bf-0b5d-4e49-b2e4-867489ee82ed
[92mINFO [0m:      Sent reply
[92mINFO [0m:      
[92mINFO [0m:      Received: train message 8809732f-84ab-42a5-b947-301ccac8f01c
[92mINFO [0m:      Sent reply
[92mINFO [0m:      
[92mINFO [0m:      Received: evaluate message 3e03895f-a334-4968-ae79-8f7f87b76c6c
[92mINFO [0m:      Sent reply
[92mINFO [0m:      
[92mINFO [0m:      Received: train message 18151bb9-3478-4c58-b0e5-44314cabcf24
[92mINFO [0m:      Sent reply
[92mINFO [0m:      
[92mINFO [0m:      Received: evaluate message 4bf069d0-ac97-4e42-81a3-1c4702feabdf
[92mINFO [0m:      Sent reply
[92mINFO [0m:      
[92mINFO [0m:      Received: train message 9d836068-6677-4b4a-aaf2-a1e88a89b28f
[92mINFO [0m:      Sent reply
[92mINFO [0m:      
[92mINFO [0m:      Received: evaluate message 888e6bad-0e4a-4b50-8177-4a3ab4c575bf
[92mINFO [0m:      Sent reply
[92mINFO [0m:      
[92mINFO [0m:      Received: train message 45bc5609-3d3d-4cce-9a53-3a5a200d95c4
[92mINFO [0m:      Sent reply
[92mINFO [0m:      
[92mINFO [0m:      Received: evaluate message 384ef934-7537-4f4f-b121-e3dffb13e089
[92mINFO [0m:      Sent reply
[92mINFO [0m:      
[92mINFO [0m:      Received: train message e7f50f76-3099-48c4-991b-5ea41ef4fadb
[92mINFO [0m:      Sent reply
[92mINFO [0m:      
[92mINFO [0m:      Received: evaluate message 34a82734-dc9e-4236-b68d-767dcaa4779f
[92mINFO [0m:      Sent reply
[92mINFO [0m:      
[92mINFO [0m:      Received: train message 2c355e90-144d-49a9-b963-3478f56d43dc
[92mINFO [0m:      Sent reply
[92mINFO [0m:      
[92mINFO [0m:      Received: evaluate message 8396ec2b-a598-4a40-b2bc-fb4c97ee640a
[92mINFO [0m:      Sent reply
[92mINFO [0m:      
[92mINFO [0m:      Received: train message ce28489c-b4f4-4738-a442-c655a385c1bf
[92mINFO [0m:      Sent reply
[92mINFO [0m:      
[92mINFO [0m:      Received: evaluate message 3f8bf719-e95f-49cc-8608-0d18fe4fbf06
[92mINFO [0m:      Sent reply
[92mINFO [0m:      
[92mINFO [0m:      Received: train message d6e71cea-5bc9-4405-9c16-82714d209254
[92mINFO [0m:      Sent reply
[92mINFO [0m:      
[92mINFO [0m:      Received: evaluate message 5e505373-4761-4c24-80b3-a3757ecbfd18
[92mINFO [0m:      Sent reply
[92mINFO [0m:      
[92mINFO [0m:      Received: train message 02287f4d-f74f-4511-9c96-4fa9d797e3b0
[92mINFO [0m:      Sent reply
[92mINFO [0m:      
[92mINFO [0m:      Received: evaluate message 2fa6e7c5-037c-4ad4-9315-d182301f7b19
[92mINFO [0m:      Sent reply
[92mINFO [0m:      
[92mINFO [0m:      Received: train message 03f98086-59ac-409c-9001-a9e5b7630aea
[92mINFO [0m:      Sent reply
[92mINFO [0m:      
[92mINFO [0m:      Received: evaluate message 377e79c8-cb7e-4757-bc2a-fa887fa0ac66
[92mINFO [0m:      Sent reply
[92mINFO [0m:      
[92mINFO [0m:      Received: train message 590c2b6f-7767-49f5-9c1c-9049cf4a77f5
[92mINFO [0m:      Sent reply
[92mINFO [0m:      
[92mINFO [0m:      Received: evaluate message cf237f7a-5e57-4640-8fce-54c7ac5ff46e
[92mINFO [0m:      Sent reply
[92mINFO [0m:      
[92mINFO [0m:      Received: train message 92a84359-a60f-4926-89cc-5767cc061c89
[92mINFO [0m:      Sent reply
[92mINFO [0m:      
[92mINFO [0m:      Received: evaluate message 9d4cebec-60b0-4d66-8c7e-d055f446d7ee
[92mINFO [0m:      Sent reply
[92mINFO [0m:      
[92mINFO [0m:      Received: train message 2a52df56-fc81-4b08-bfef-1f55afaa0816
[92mINFO [0m:      Sent reply
[92mINFO [0m:      
[92mINFO [0m:      Received: evaluate message 4fc6db8b-e08a-4333-9ab5-7772d8b6a17f
[92mINFO [0m:      Sent reply
[92mINFO [0m:      
[92mINFO [0m:      Received: train message 2299f5de-e26f-4c01-b878-91fabe2c61cd
[92mINFO [0m:      Sent reply
[92mINFO [0m:      
[92mINFO [0m:      Received: evaluate message 72f92c81-55a4-4533-a0ce-5905e3a4492e
[92mINFO [0m:      Sent reply
[92mINFO [0m:      
[92mINFO [0m:      Received: reconnect message 86a28769-6cf6-4b62-9c92-592dbcf0c069
[92mINFO [0m:      Disconnect and shut down
