[93mWARNING [0m:   DEPRECATED FEATURE: flwr.client.start_client() is deprecated.
	Instead, use the `flower-supernode` CLI command to start a SuperNode as shown below:

		$ flower-supernode --insecure --superlink='<IP>:<PORT>'

	To view all available options, run:

		$ flower-supernode --help

	Using `start_client()` is deprecated.

            This is a deprecated feature. It will be removed
            entirely in future versions of Flower.
        
[92mINFO [0m:      
[92mINFO [0m:      Received: train message e066aab5-c8dd-4866-8e7f-d88b3e2d6f5d
[92mINFO [0m:      Sent reply
[92mINFO [0m:      
[92mINFO [0m:      Received: evaluate message 7930fe7c-aab9-4a28-842f-ef806f59bd06
[92mINFO [0m:      Sent reply
[92mINFO [0m:      
[92mINFO [0m:      Received: train message 8f9b3424-458b-43ca-9bec-9eb69b2b7ad4
[92mINFO [0m:      Sent reply
[92mINFO [0m:      
[92mINFO [0m:      Received: evaluate message 61c3c620-ae97-4516-84af-2635952beade
[92mINFO [0m:      Sent reply
[92mINFO [0m:      
[92mINFO [0m:      Received: train message 4c6cc3c1-4890-460b-8de8-ae33f13d6f90
[92mINFO [0m:      Sent reply
[92mINFO [0m:      
[92mINFO [0m:      Received: evaluate message f93c33a2-c9cd-4f9d-8a5e-fd179b77ed0e
[92mINFO [0m:      Sent reply
[92mINFO [0m:      
[92mINFO [0m:      Received: train message e3a38c32-d382-4075-b775-65f7e4367dc5
[92mINFO [0m:      Sent reply
[92mINFO [0m:      
[92mINFO [0m:      Received: evaluate message 2648c0f1-069c-46f0-a493-33bba89ef2ab
[92mINFO [0m:      Sent reply
[92mINFO [0m:      
[92mINFO [0m:      Received: train message 91c2cc28-f2c3-4527-ab0d-954e09f2ffdd
[92mINFO [0m:      Sent reply
[92mINFO [0m:      
[92mINFO [0m:      Received: evaluate message 2d617fdc-6ee4-4e2b-b433-b4dc3e96e62e
[92mINFO [0m:      Sent reply
[92mINFO [0m:      
[92mINFO [0m:      Received: train message 9b656260-a417-4f26-a4c4-c53ecba05ce0
[92mINFO [0m:      Sent reply
[92mINFO [0m:      
[92mINFO [0m:      Received: evaluate message 6273f9a4-fb78-4263-9846-f957e2d9f618
[92mINFO [0m:      Sent reply
[92mINFO [0m:      
[92mINFO [0m:      Received: train message b575d967-53e7-4153-b9eb-82c43fbdff36
[92mINFO [0m:      Sent reply
[92mINFO [0m:      
[92mINFO [0m:      Received: evaluate message 48eb3837-50b9-4f04-8e77-38f5f64fdd19
[92mINFO [0m:      Sent reply
[92mINFO [0m:      
[92mINFO [0m:      Received: train message 3741f367-c578-4bc6-b64b-812fabe3b91e
[92mINFO [0m:      Sent reply
[92mINFO [0m:      
[92mINFO [0m:      Received: evaluate message 6f53127d-07ac-4a4b-aaa2-7708fd9d3c07
[92mINFO [0m:      Sent reply
[92mINFO [0m:      
[92mINFO [0m:      Received: train message 66923a60-24fe-4d06-a58a-e47727b91028
[92mINFO [0m:      Sent reply
[92mINFO [0m:      
[92mINFO [0m:      Received: evaluate message b6dc1fb3-85d6-4ffd-97b2-1505c6bffe91
[92mINFO [0m:      Sent reply
[92mINFO [0m:      
[92mINFO [0m:      Received: train message 40b8a9b9-e528-4717-9638-5000c49e24a8
[92mINFO [0m:      Sent reply
[92mINFO [0m:      
[92mINFO [0m:      Received: evaluate message bdc0c9aa-f4e6-4d82-91e6-0da1950ee253
[92mINFO [0m:      Sent reply
[92mINFO [0m:      
[92mINFO [0m:      Received: train message 1160614c-5670-42b0-a192-a8ca2d24e326
[92mINFO [0m:      Sent reply
[92mINFO [0m:      
[92mINFO [0m:      Received: evaluate message 6e1dc6ad-85e6-4044-b6fd-9d7b74f774c4
[92mINFO [0m:      Sent reply
[92mINFO [0m:      
[92mINFO [0m:      Received: train message b54cd3e0-fff3-4af7-8389-e12d963f382d
[92mINFO [0m:      Sent reply
[92mINFO [0m:      
[92mINFO [0m:      Received: evaluate message 474f0e9f-2e9f-4b31-b7ab-63e84b9da7e4
[92mINFO [0m:      Sent reply
[92mINFO [0m:      
[92mINFO [0m:      Received: train message 88127c42-2d5d-4bd8-9c22-77f80bc63fd2
[92mINFO [0m:      Sent reply
[92mINFO [0m:      
[92mINFO [0m:      Received: evaluate message 94571b04-e0b2-47a2-95b2-237ae139d980
[92mINFO [0m:      Sent reply
[92mINFO [0m:      
[92mINFO [0m:      Received: train message 024505df-3900-44b8-87b1-fb17eea53dd9
[92mINFO [0m:      Sent reply
[92mINFO [0m:      
[92mINFO [0m:      Received: evaluate message fae441f7-b282-4e61-8813-6a9f1ab5ff3d
[92mINFO [0m:      Sent reply
[92mINFO [0m:      
[92mINFO [0m:      Received: train message 3cf132c0-621a-487a-bc1c-0c29f7017495
[92mINFO [0m:      Sent reply
[92mINFO [0m:      
[92mINFO [0m:      Received: evaluate message 0c4ca557-979b-4abf-b8b0-b808776575a0
[92mINFO [0m:      Sent reply
[92mINFO [0m:      
[92mINFO [0m:      Received: train message 46b08026-6ff2-4da9-bf58-9745f68c1bd2
[92mINFO [0m:      Sent reply
[92mINFO [0m:      
[92mINFO [0m:      Received: evaluate message 6dff3794-d264-4977-b759-65704728a8b0
[92mINFO [0m:      Sent reply
[92mINFO [0m:      
[92mINFO [0m:      Received: train message 49cf23f0-4084-4ba6-ad38-92093e1d238f
[92mINFO [0m:      Sent reply
[92mINFO [0m:      
[92mINFO [0m:      Received: evaluate message 43d63317-48ac-46cf-8339-63a234ca4d9e
[92mINFO [0m:      Sent reply
[92mINFO [0m:      
[92mINFO [0m:      Received: train message 8eae461d-4b11-45dc-84d9-910336c4bed7
[92mINFO [0m:      Sent reply
[92mINFO [0m:      
[92mINFO [0m:      Received: evaluate message 34cac1dc-0bda-470b-905f-ae469b497b78
[92mINFO [0m:      Sent reply
[92mINFO [0m:      
[92mINFO [0m:      Received: train message f7f9506c-4550-4325-84db-32213eb2a987
[92mINFO [0m:      Sent reply
[92mINFO [0m:      
[92mINFO [0m:      Received: evaluate message d275aaaa-0dd6-488c-b24e-0e2dcb1d2016
[92mINFO [0m:      Sent reply
[92mINFO [0m:      
[92mINFO [0m:      Received: train message 794044be-9f8a-4206-bd68-bdbe2a61ab8f
[92mINFO [0m:      Sent reply
[92mINFO [0m:      
[92mINFO [0m:      Received: evaluate message a8041065-75bf-4058-b8f3-6d500a66fbb0
[92mINFO [0m:      Sent reply
[92mINFO [0m:      
[92mINFO [0m:      Received: train message b24062a8-aed4-47aa-8bcf-5544f9d7bafe
[92mINFO [0m:      Sent reply
[92mINFO [0m:      
[92mINFO [0m:      Received: evaluate message 34f2d4a1-822a-4ec9-817f-d8f3623d342c
[92mINFO [0m:      Sent reply
[92mINFO [0m:      
[92mINFO [0m:      Received: train message 77429017-0007-4f5d-967e-eb23cd321de0
[92mINFO [0m:      Sent reply
[92mINFO [0m:      
[92mINFO [0m:      Received: evaluate message 57702843-9b4a-4731-90eb-62ae7d18cf53
[92mINFO [0m:      Sent reply
[92mINFO [0m:      
[92mINFO [0m:      Received: train message 8011ee77-742f-486c-a2ae-cac99a3d0e34
[92mINFO [0m:      Sent reply
[92mINFO [0m:      
[92mINFO [0m:      Received: evaluate message a63d98d2-0f9a-4de3-bfd5-1ad77bc6754a
[92mINFO [0m:      Sent reply
[92mINFO [0m:      
[92mINFO [0m:      Received: train message 6e9fccc9-21f8-467f-af9b-9f37b0cb6a10
[92mINFO [0m:      Sent reply
[92mINFO [0m:      
[92mINFO [0m:      Received: evaluate message e410e096-1292-48e0-946f-314add127a55
[92mINFO [0m:      Sent reply
[92mINFO [0m:      
[92mINFO [0m:      Received: train message e41d595e-efc8-45fe-b5f5-38d306a497f1
[92mINFO [0m:      Sent reply
[92mINFO [0m:      
[92mINFO [0m:      Received: evaluate message f29af544-4f54-426b-bcb2-f4602d4f6c15
[92mINFO [0m:      Sent reply
[92mINFO [0m:      
[92mINFO [0m:      Received: train message b909f8f2-0086-4090-9c7b-9649aeae57ac
[92mINFO [0m:      Sent reply
[92mINFO [0m:      
[92mINFO [0m:      Received: evaluate message f6324e11-da02-4ef0-8e9a-e623044d96bb
[92mINFO [0m:      Sent reply
[92mINFO [0m:      
[92mINFO [0m:      Received: train message 2b79e0a2-b6f1-48d4-bfd3-a7847e6ae4ac
[92mINFO [0m:      Sent reply
[92mINFO [0m:      
[92mINFO [0m:      Received: evaluate message e6fcf5de-581a-4324-8a85-8796ed19c547
[92mINFO [0m:      Sent reply
[92mINFO [0m:      
[92mINFO [0m:      Received: train message afad7dca-236f-4a0d-b107-5e31ee0b569c
[92mINFO [0m:      Sent reply
[92mINFO [0m:      
[92mINFO [0m:      Received: evaluate message 5203a501-8380-4efd-a5ca-b4120060d413
[92mINFO [0m:      Sent reply
[92mINFO [0m:      
[92mINFO [0m:      Received: train message 4f9041f5-dd33-4623-8d7d-4856c9b14940
[92mINFO [0m:      Sent reply
[92mINFO [0m:      
[92mINFO [0m:      Received: evaluate message 012c801a-6ebd-4c96-9ae0-2e52f12de163
[92mINFO [0m:      Sent reply
[92mINFO [0m:      
[92mINFO [0m:      Received: train message fa980ce0-2fdd-4981-b582-d52f2413147f
[92mINFO [0m:      Sent reply
[92mINFO [0m:      
[92mINFO [0m:      Received: evaluate message 932b0f49-4ca0-4489-a3cb-f77d7be09f28
[92mINFO [0m:      Sent reply
[92mINFO [0m:      
[92mINFO [0m:      Received: train message d6eaab4d-35bf-4b64-b200-e96366672db2
[92mINFO [0m:      Sent reply
[92mINFO [0m:      
[92mINFO [0m:      Received: evaluate message 78858232-cb9f-4016-9d36-489a56379adc
[92mINFO [0m:      Sent reply
[92mINFO [0m:      
[92mINFO [0m:      Received: train message 75318fec-5d3d-4aed-954d-49837884de5f
[92mINFO [0m:      Sent reply
[92mINFO [0m:      
[92mINFO [0m:      Received: evaluate message 3cacb647-0a80-4887-9e02-a61d5c45ad03
[92mINFO [0m:      Sent reply
[92mINFO [0m:      
[92mINFO [0m:      Received: train message bbc504dc-f535-4aa9-9aac-9e0ae397a235
[92mINFO [0m:      Sent reply
[92mINFO [0m:      
[92mINFO [0m:      Received: evaluate message fd38a6cb-d880-425d-bd82-fe22aeddb3d8
[92mINFO [0m:      Sent reply
[92mINFO [0m:      
[92mINFO [0m:      Received: train message 24ad9e19-53a6-4145-982f-439f50c5feac
[92mINFO [0m:      Sent reply
[92mINFO [0m:      
[92mINFO [0m:      Received: evaluate message 410ac5c6-d094-473d-8c3a-f7cf09b2f492
[92mINFO [0m:      Sent reply
[92mINFO [0m:      
[92mINFO [0m:      Received: train message 12c1212f-071e-4849-b20b-1cf3506701e3
[92mINFO [0m:      Sent reply
[92mINFO [0m:      
[92mINFO [0m:      Received: evaluate message b6060064-43f7-4a02-a82e-d9fe649c500d
[92mINFO [0m:      Sent reply
[92mINFO [0m:      
[92mINFO [0m:      Received: train message da6f7b0a-8ece-43fd-be31-1a8ed8703cab
[92mINFO [0m:      Sent reply
[92mINFO [0m:      
[92mINFO [0m:      Received: evaluate message 3f162395-e281-4507-8158-04f9a251307d
[92mINFO [0m:      Sent reply
[92mINFO [0m:      
[92mINFO [0m:      Received: train message 1025ee92-6412-4c72-b270-516bc0bce1e8
[92mINFO [0m:      Sent reply
[92mINFO [0m:      
[92mINFO [0m:      Received: evaluate message 87d1e64a-99bf-404b-8e4a-c20a5d02422c
[92mINFO [0m:      Sent reply
[92mINFO [0m:      
[92mINFO [0m:      Received: train message cc2dbaec-76c7-4484-b9c8-37937eef12dc
[92mINFO [0m:      Sent reply
[92mINFO [0m:      
[92mINFO [0m:      Received: evaluate message a18c692e-28a3-429c-a4c0-2c6ebfde044d
[92mINFO [0m:      Sent reply
[92mINFO [0m:      
[92mINFO [0m:      Received: train message 1acba327-24af-4d16-b18b-a68f0b82df97
[92mINFO [0m:      Sent reply
[92mINFO [0m:      
[92mINFO [0m:      Received: evaluate message a0473a26-a506-4881-8a12-8a3590a6e85a
[92mINFO [0m:      Sent reply
[92mINFO [0m:      
[92mINFO [0m:      Received: train message ef3b3462-0e1b-4ac0-bb99-4ab2e4dc4394
[92mINFO [0m:      Sent reply
[92mINFO [0m:      
[92mINFO [0m:      Received: evaluate message 703aa5ff-3017-46f4-9af3-03a0b22c3b81
[92mINFO [0m:      Sent reply
[92mINFO [0m:      
[92mINFO [0m:      Received: train message 70f03eb7-5256-45e9-83e6-871553e46a97
[92mINFO [0m:      Sent reply
[92mINFO [0m:      
[92mINFO [0m:      Received: evaluate message 0cb6f543-2d50-4ca4-871a-b637bf3a70cb
[92mINFO [0m:      Sent reply
[92mINFO [0m:      
[92mINFO [0m:      Received: train message 4ba9bf04-547b-4dd3-9469-97ee081da037
[92mINFO [0m:      Sent reply
[92mINFO [0m:      
[92mINFO [0m:      Received: evaluate message a1d48f6b-5495-4b78-961a-5147fdb27c88
[92mINFO [0m:      Sent reply
[92mINFO [0m:      
[92mINFO [0m:      Received: train message fa01e650-5f50-46ca-9639-1a39ba1e1082
[92mINFO [0m:      Sent reply
[92mINFO [0m:      
[92mINFO [0m:      Received: evaluate message d4a3727c-219f-4c8e-b797-7ab47ea8942f
[92mINFO [0m:      Sent reply
[92mINFO [0m:      
[92mINFO [0m:      Received: train message 63b6c8da-1b3b-4af5-be23-3af11cb69644
[92mINFO [0m:      Sent reply
[92mINFO [0m:      
[92mINFO [0m:      Received: evaluate message 83d3c178-214f-4ed4-9f1a-0842a9f9140f
[92mINFO [0m:      Sent reply
[92mINFO [0m:      
[92mINFO [0m:      Received: train message 983208a4-96f9-4dcb-a8ef-a18328021334
[92mINFO [0m:      Sent reply
[92mINFO [0m:      
[92mINFO [0m:      Received: evaluate message 2a5b9fca-7553-483b-83f6-6de7b782f7ab
[92mINFO [0m:      Sent reply
[92mINFO [0m:      
[92mINFO [0m:      Received: train message 37c46f20-3467-46ed-8dd9-136bcb506b24
[92mINFO [0m:      Sent reply
[92mINFO [0m:      
[92mINFO [0m:      Received: evaluate message cb186475-390e-45db-8aeb-37140e5b8ad0
[92mINFO [0m:      Sent reply
[92mINFO [0m:      
[92mINFO [0m:      Received: train message ea756097-db86-41d3-9a95-3de47b1a8f8b
[92mINFO [0m:      Sent reply
[92mINFO [0m:      
[92mINFO [0m:      Received: evaluate message 5fe94c5a-4a92-43af-94e7-e7caddbc5149
[92mINFO [0m:      Sent reply
[92mINFO [0m:      
[92mINFO [0m:      Received: train message 996b832d-76ee-44bf-b2f3-ef3871102cc5
[92mINFO [0m:      Sent reply
[92mINFO [0m:      
[92mINFO [0m:      Received: evaluate message bfab05e4-7353-46ad-ac5b-0d58c9b966d3
[92mINFO [0m:      Sent reply
[92mINFO [0m:      
[92mINFO [0m:      Received: train message 9c8e01ca-6553-4c62-bdb7-6cf814cc56e4
[92mINFO [0m:      Sent reply
[92mINFO [0m:      
[92mINFO [0m:      Received: evaluate message a028bb30-3f1d-4d91-96b1-809db33b7ec6
[92mINFO [0m:      Sent reply
[92mINFO [0m:      
[92mINFO [0m:      Received: train message edb1665d-7676-4a99-96ee-f41b4ea9341e
[92mINFO [0m:      Sent reply
[92mINFO [0m:      
[92mINFO [0m:      Received: evaluate message dd92b811-0cb8-4c1f-b509-665749a74d3c
[92mINFO [0m:      Sent reply
[92mINFO [0m:      
[92mINFO [0m:      Received: reconnect message 1bb65b25-ed23-4390-b2ab-e40bed1c2ee9
[92mINFO [0m:      Disconnect and shut down
