[93mWARNING [0m:   DEPRECATED FEATURE: flwr.client.start_client() is deprecated.
	Instead, use the `flower-supernode` CLI command to start a SuperNode as shown below:

		$ flower-supernode --insecure --superlink='<IP>:<PORT>'

	To view all available options, run:

		$ flower-supernode --help

	Using `start_client()` is deprecated.

            This is a deprecated feature. It will be removed
            entirely in future versions of Flower.
        
[92mINFO [0m:      
[92mINFO [0m:      Received: train message 61a7740a-4610-45f6-b57e-0b2e42398855
[92mINFO [0m:      Sent reply
[92mINFO [0m:      
[92mINFO [0m:      Received: evaluate message 114dc118-35d7-489b-9469-90dd790e1c77
[92mINFO [0m:      Sent reply
[92mINFO [0m:      
[92mINFO [0m:      Received: train message c1ba76bb-5c98-4ffb-abc0-1aa077606c30
[92mINFO [0m:      Sent reply
[92mINFO [0m:      
[92mINFO [0m:      Received: evaluate message b91ea83a-f8b5-4146-bd38-56227e521a97
[92mINFO [0m:      Sent reply
[92mINFO [0m:      
[92mINFO [0m:      Received: train message 220b1dbc-ca32-4792-8038-0e7bf3ca97b3
[92mINFO [0m:      Sent reply
[92mINFO [0m:      
[92mINFO [0m:      Received: evaluate message 101c5708-0708-4d8b-8788-b1b754c25fd7
[92mINFO [0m:      Sent reply
[92mINFO [0m:      
[92mINFO [0m:      Received: train message c905073a-77cb-4d0d-bff5-58ab796ac097
[92mINFO [0m:      Sent reply
[92mINFO [0m:      
[92mINFO [0m:      Received: evaluate message b7376d12-ae59-46f9-9fe5-b78d2f456a58
[92mINFO [0m:      Sent reply
[92mINFO [0m:      
[92mINFO [0m:      Received: train message 1a631667-feaa-41e0-98c8-62c5cc66c50f
[92mINFO [0m:      Sent reply
[92mINFO [0m:      
[92mINFO [0m:      Received: evaluate message b505e39c-ff71-486f-b9a7-2c86b5513dc0
[92mINFO [0m:      Sent reply
[92mINFO [0m:      
[92mINFO [0m:      Received: train message a841102e-207a-4f9d-bbe9-85d15e3a72ee
[92mINFO [0m:      Sent reply
[92mINFO [0m:      
[92mINFO [0m:      Received: evaluate message f42f699c-f2c2-4e94-b688-b075db476905
[92mINFO [0m:      Sent reply
[92mINFO [0m:      
[92mINFO [0m:      Received: train message f104df77-d926-41f5-bdcc-c85c383fce6f
[92mINFO [0m:      Sent reply
[92mINFO [0m:      
[92mINFO [0m:      Received: evaluate message e9231e79-6106-4dbf-b382-5d47c72edeb9
[92mINFO [0m:      Sent reply
[92mINFO [0m:      
[92mINFO [0m:      Received: train message 5fea83e5-8d0f-4b7f-a720-dc13aabf36b9
[92mINFO [0m:      Sent reply
[92mINFO [0m:      
[92mINFO [0m:      Received: evaluate message 785156a4-b9f7-4783-8148-f43df52de440
[92mINFO [0m:      Sent reply
[92mINFO [0m:      
[92mINFO [0m:      Received: train message e0b02ec6-3ad6-4769-936e-7ed646cbb01e
[92mINFO [0m:      Sent reply
[92mINFO [0m:      
[92mINFO [0m:      Received: evaluate message d8c602b5-1103-4a47-8eaf-36e4ea9e04e0
[92mINFO [0m:      Sent reply
[92mINFO [0m:      
[92mINFO [0m:      Received: train message ff41170d-7c4e-492e-a14f-f828dddf2bf1
[92mINFO [0m:      Sent reply
[92mINFO [0m:      
[92mINFO [0m:      Received: evaluate message ca4c0c4f-df6f-4806-99df-288ef773b153
[92mINFO [0m:      Sent reply
[92mINFO [0m:      
[92mINFO [0m:      Received: train message 22eebe6f-a270-4342-b1b9-ba5046d4f6e8
[92mINFO [0m:      Sent reply
[92mINFO [0m:      
[92mINFO [0m:      Received: evaluate message 6e47d38b-7e03-4e8f-94e7-a24d8bd9b6fd
[92mINFO [0m:      Sent reply
[92mINFO [0m:      
[92mINFO [0m:      Received: train message 60ab5ae2-e38b-46e7-a3ae-06ed9dec269d
[92mINFO [0m:      Sent reply
[92mINFO [0m:      
[92mINFO [0m:      Received: evaluate message d3c97c91-0738-4588-aa97-0b14c50b97d6
[92mINFO [0m:      Sent reply
[92mINFO [0m:      
[92mINFO [0m:      Received: train message 887941a3-0367-45b9-bd95-dd36f8896ed5
[92mINFO [0m:      Sent reply
[92mINFO [0m:      
[92mINFO [0m:      Received: evaluate message 5cf953f6-d02b-4fb4-ab6e-f91a7f1e5360
[92mINFO [0m:      Sent reply
[92mINFO [0m:      
[92mINFO [0m:      Received: train message f30d548e-1346-446d-9c87-ae78007a1815
[92mINFO [0m:      Sent reply
[92mINFO [0m:      
[92mINFO [0m:      Received: evaluate message 95494dff-e704-411e-a3a8-050cd9dd21c2
[92mINFO [0m:      Sent reply
[92mINFO [0m:      
[92mINFO [0m:      Received: train message f2351683-3326-4e06-bccf-3d846a090a1b
[92mINFO [0m:      Sent reply
[92mINFO [0m:      
[92mINFO [0m:      Received: evaluate message 7eb0eb4c-d08c-4e9f-a6a0-4cecce5150b2
[92mINFO [0m:      Sent reply
[92mINFO [0m:      
[92mINFO [0m:      Received: train message f223c0db-02e5-404b-92fb-6830ad353261
[92mINFO [0m:      Sent reply
[92mINFO [0m:      
[92mINFO [0m:      Received: evaluate message af7a39e0-2575-465c-9280-ef6d3935ad74
[92mINFO [0m:      Sent reply
[92mINFO [0m:      
[92mINFO [0m:      Received: train message 6b6df913-d48c-4cd1-839a-a990cae5d6fb
[92mINFO [0m:      Sent reply
[92mINFO [0m:      
[92mINFO [0m:      Received: evaluate message b7c1a5c0-5ba6-44d1-ac2e-e66f41005fcb
[92mINFO [0m:      Sent reply
[92mINFO [0m:      
[92mINFO [0m:      Received: train message 943a5efb-944d-4d41-8324-d8f9696c7749
[92mINFO [0m:      Sent reply
[92mINFO [0m:      
[92mINFO [0m:      Received: evaluate message 8dcd62b2-acb9-469b-9ccc-9429983a1881
[92mINFO [0m:      Sent reply
[92mINFO [0m:      
[92mINFO [0m:      Received: train message 23bfbbf1-146a-4a02-ac57-103d2dcbadbf
[92mINFO [0m:      Sent reply
[92mINFO [0m:      
[92mINFO [0m:      Received: evaluate message 5a6bd031-f9c4-49e1-a7fc-2fb201e8ab86
[92mINFO [0m:      Sent reply
[92mINFO [0m:      
[92mINFO [0m:      Received: train message 10c413c1-9b1b-415f-8106-a7857174fc08
[92mINFO [0m:      Sent reply
[92mINFO [0m:      
[92mINFO [0m:      Received: evaluate message 1810538d-6177-4f26-b8d3-ba98e379a5a2
[92mINFO [0m:      Sent reply
[92mINFO [0m:      
[92mINFO [0m:      Received: train message 4e58fe02-d13d-4213-8eee-89ffb3d23e74
[92mINFO [0m:      Sent reply
[92mINFO [0m:      
[92mINFO [0m:      Received: evaluate message aaf92341-a21d-47ed-b74e-8048badc2400
[92mINFO [0m:      Sent reply
[92mINFO [0m:      
[92mINFO [0m:      Received: train message dde1f1ba-e054-4eba-b313-9124f6f14195
[92mINFO [0m:      Sent reply
[92mINFO [0m:      
[92mINFO [0m:      Received: evaluate message 2c3aa5cd-30fd-4fa5-a078-189fc7f6cb91
[92mINFO [0m:      Sent reply
[92mINFO [0m:      
[92mINFO [0m:      Received: train message 153f9521-aa52-4a18-9fbf-382a453a9909
[92mINFO [0m:      Sent reply
[92mINFO [0m:      
[92mINFO [0m:      Received: evaluate message 909233b5-7420-46c3-b9e2-39015d6da2ab
[92mINFO [0m:      Sent reply
[92mINFO [0m:      
[92mINFO [0m:      Received: train message b2ec7e8e-7bb4-4d4a-8a07-949e058c2fb4
[92mINFO [0m:      Sent reply
[92mINFO [0m:      
[92mINFO [0m:      Received: evaluate message 7ebad1b3-0e3f-4f4a-963c-dec1a93291c5
[92mINFO [0m:      Sent reply
[92mINFO [0m:      
[92mINFO [0m:      Received: train message 56b87405-da10-4b8a-ac0c-ebb415f358b8
[92mINFO [0m:      Sent reply
[92mINFO [0m:      
[92mINFO [0m:      Received: evaluate message 9e675593-d102-40d4-8fc8-cecce4ebe787
[92mINFO [0m:      Sent reply
[92mINFO [0m:      
[92mINFO [0m:      Received: train message 0ed7772c-9fb1-47b5-ae38-e12d7b50e214
[92mINFO [0m:      Sent reply
[92mINFO [0m:      
[92mINFO [0m:      Received: evaluate message 187b77d2-7ed0-4e1f-89ff-465c906b670c
[92mINFO [0m:      Sent reply
[92mINFO [0m:      
[92mINFO [0m:      Received: train message dbde3692-54c4-41b8-8150-9eedee9d411e
[92mINFO [0m:      Sent reply
[92mINFO [0m:      
[92mINFO [0m:      Received: evaluate message 584b9a66-ebbd-4e67-9967-2bb5fac7e65b
[92mINFO [0m:      Sent reply
[92mINFO [0m:      
[92mINFO [0m:      Received: train message 35262d26-0138-4ee8-9607-3d6173c85578
[92mINFO [0m:      Sent reply
[92mINFO [0m:      
[92mINFO [0m:      Received: evaluate message d36992bf-994d-4a06-a8b8-dfbbe1da9cf1
[92mINFO [0m:      Sent reply
[92mINFO [0m:      
[92mINFO [0m:      Received: train message 4302dff5-0940-4cd5-a288-52e326b0d2c0
[92mINFO [0m:      Sent reply
[92mINFO [0m:      
[92mINFO [0m:      Received: evaluate message fb0ef353-275b-434e-b3d2-2e7bc47533c1
[92mINFO [0m:      Sent reply
[92mINFO [0m:      
[92mINFO [0m:      Received: train message 1b2294e3-1b54-4832-906b-d6207bac151c
[92mINFO [0m:      Sent reply
[92mINFO [0m:      
[92mINFO [0m:      Received: evaluate message 0be5aa39-d365-4213-9122-edf881ac264c
[92mINFO [0m:      Sent reply
[92mINFO [0m:      
[92mINFO [0m:      Received: train message faa29a2a-8bc4-417c-9891-bb081b77653a
[92mINFO [0m:      Sent reply
[92mINFO [0m:      
[92mINFO [0m:      Received: evaluate message 38ccc9bb-b571-4a18-96c6-0c3efe88ee6f
[92mINFO [0m:      Sent reply
[92mINFO [0m:      
[92mINFO [0m:      Received: train message 8301171d-aa04-4d9d-b707-cc7ac1c54d04
[92mINFO [0m:      Sent reply
[92mINFO [0m:      
[92mINFO [0m:      Received: evaluate message b97b0215-942f-4b12-838f-38757d7350dc
[92mINFO [0m:      Sent reply
[92mINFO [0m:      
[92mINFO [0m:      Received: train message 86625fb9-aa66-40d8-ad71-0e8dfad6306c
[92mINFO [0m:      Sent reply
[92mINFO [0m:      
[92mINFO [0m:      Received: evaluate message 86703006-2ff0-421e-b622-66dc7b86cef3
[92mINFO [0m:      Sent reply
[92mINFO [0m:      
[92mINFO [0m:      Received: train message 1061cca4-f5a6-4915-beea-be2314acfa2d
[92mINFO [0m:      Sent reply
[92mINFO [0m:      
[92mINFO [0m:      Received: evaluate message 9f64a544-7127-415f-903f-6fe8304488c8
[92mINFO [0m:      Sent reply
[92mINFO [0m:      
[92mINFO [0m:      Received: train message 977064df-6a5f-45b2-9bd1-6498c28038f8
[92mINFO [0m:      Sent reply
[92mINFO [0m:      
[92mINFO [0m:      Received: evaluate message e94e2c66-4cb1-4b8d-829d-d996e3e0b5fc
[92mINFO [0m:      Sent reply
[92mINFO [0m:      
[92mINFO [0m:      Received: train message 87c6b3f0-e641-4234-945b-902bf3904bea
[92mINFO [0m:      Sent reply
[92mINFO [0m:      
[92mINFO [0m:      Received: evaluate message 364d06c5-1303-470f-aeab-0f7dbca7d8b2
[92mINFO [0m:      Sent reply
[92mINFO [0m:      
[92mINFO [0m:      Received: train message 47077851-07b2-45bd-9165-dce6477dc1f8
[92mINFO [0m:      Sent reply
[92mINFO [0m:      
[92mINFO [0m:      Received: evaluate message 80e7eb4a-af1c-47f9-89b6-bd23e755e085
[92mINFO [0m:      Sent reply
[92mINFO [0m:      
[92mINFO [0m:      Received: train message ee621319-b0aa-4ebf-ada7-4263c81f7940
[92mINFO [0m:      Sent reply
[92mINFO [0m:      
[92mINFO [0m:      Received: evaluate message 48c74c8e-abaf-49d2-938b-ab4f534ed03c
[92mINFO [0m:      Sent reply
[92mINFO [0m:      
[92mINFO [0m:      Received: train message a48a6aa7-00dd-4338-8d3e-3a3753e0a28e
[92mINFO [0m:      Sent reply
[92mINFO [0m:      
[92mINFO [0m:      Received: evaluate message 0e8ad9d5-2ebc-48a8-bf11-dca51f1b6414
[92mINFO [0m:      Sent reply
[92mINFO [0m:      
[92mINFO [0m:      Received: train message ec32c704-a22a-485e-890d-408b7fe61b9e
[92mINFO [0m:      Sent reply
[92mINFO [0m:      
[92mINFO [0m:      Received: evaluate message ef200d77-525a-424e-b30d-61360ed8687f
[92mINFO [0m:      Sent reply
[92mINFO [0m:      
[92mINFO [0m:      Received: train message 40c26355-3370-4560-8a8a-d11f11a9fea5
[92mINFO [0m:      Sent reply
[92mINFO [0m:      
[92mINFO [0m:      Received: evaluate message 76ae4813-d9ab-4f8c-9b49-2b705c188f38
[92mINFO [0m:      Sent reply
[92mINFO [0m:      
[92mINFO [0m:      Received: train message 0e83bd8b-12da-4678-9f3e-b4479d7bb0cb
[92mINFO [0m:      Sent reply
[92mINFO [0m:      
[92mINFO [0m:      Received: evaluate message d3fe58d2-61b7-4b49-962a-2c3d75c32410
[92mINFO [0m:      Sent reply
[92mINFO [0m:      
[92mINFO [0m:      Received: train message 1e5fd958-29d5-4a7e-8b25-244e17b3666f
[92mINFO [0m:      Sent reply
[92mINFO [0m:      
[92mINFO [0m:      Received: evaluate message fc6af253-a9d6-4544-a0c1-47524a19e03b
[92mINFO [0m:      Sent reply
[92mINFO [0m:      
[92mINFO [0m:      Received: train message 4c09f8a4-c966-4478-8a19-bbbd1dcdac74
[92mINFO [0m:      Sent reply
[92mINFO [0m:      
[92mINFO [0m:      Received: evaluate message 8f89f506-9ae1-463a-811b-758d158ee988
[92mINFO [0m:      Sent reply
[92mINFO [0m:      
[92mINFO [0m:      Received: train message a658d709-b979-4251-8057-246b0701e19e
[92mINFO [0m:      Sent reply
[92mINFO [0m:      
[92mINFO [0m:      Received: evaluate message e01914c2-5239-48f1-8857-4c1e449839f3
[92mINFO [0m:      Sent reply
[92mINFO [0m:      
[92mINFO [0m:      Received: train message 445c0285-6667-416a-a8d6-3d02a59bfe03
[92mINFO [0m:      Sent reply
[92mINFO [0m:      
[92mINFO [0m:      Received: evaluate message 3f16e7c2-4ff4-4737-91d5-f3b93f19a172
[92mINFO [0m:      Sent reply
[92mINFO [0m:      
[92mINFO [0m:      Received: train message fc7207cb-678d-4118-9bd7-2c7e89d7fee8
[92mINFO [0m:      Sent reply
[92mINFO [0m:      
[92mINFO [0m:      Received: evaluate message 68def12d-985b-4ba3-bb0a-1cd2f13b2f68
[92mINFO [0m:      Sent reply
[92mINFO [0m:      
[92mINFO [0m:      Received: train message 02fcb05d-0ee1-4de2-9b75-6b7c4cdc2fc8
[92mINFO [0m:      Sent reply
[92mINFO [0m:      
[92mINFO [0m:      Received: evaluate message c5a2b48f-1abe-4ac4-9854-4efd0272e403
[92mINFO [0m:      Sent reply
[92mINFO [0m:      
[92mINFO [0m:      Received: train message c45fbd45-a62d-4d4d-98da-5aa3bdb73e96
[92mINFO [0m:      Sent reply
[92mINFO [0m:      
[92mINFO [0m:      Received: evaluate message dd208e1c-be99-4e2f-a298-00c44c934c2a
[92mINFO [0m:      Sent reply
[92mINFO [0m:      
[92mINFO [0m:      Received: train message 74d7bb4b-3e71-4e55-bfe1-7e5203a6e0ce
[92mINFO [0m:      Sent reply
[92mINFO [0m:      
[92mINFO [0m:      Received: evaluate message ccbb8eac-35d8-41f0-8a7e-b3f264dfa5eb
[92mINFO [0m:      Sent reply
[92mINFO [0m:      
[92mINFO [0m:      Received: reconnect message 05060e87-316a-45e6-a04d-c0f1b52a82e9
[92mINFO [0m:      Disconnect and shut down
