[93mWARNING [0m:   DEPRECATED FEATURE: flwr.client.start_client() is deprecated.
	Instead, use the `flower-supernode` CLI command to start a SuperNode as shown below:

		$ flower-supernode --insecure --superlink='<IP>:<PORT>'

	To view all available options, run:

		$ flower-supernode --help

	Using `start_client()` is deprecated.

            This is a deprecated feature. It will be removed
            entirely in future versions of Flower.
        
[92mINFO [0m:      
[92mINFO [0m:      Received: train message 2a586f7c-c01b-45c5-adf3-41107eb706d2
[92mINFO [0m:      Sent reply
[92mINFO [0m:      
[92mINFO [0m:      Received: evaluate message 73c7e81d-28fc-48f2-88aa-3920aa8c231a
[92mINFO [0m:      Sent reply
[92mINFO [0m:      
[92mINFO [0m:      Received: train message 01bc35bf-61c8-40db-8555-01cfbc3266ca
[92mINFO [0m:      Sent reply
[92mINFO [0m:      
[92mINFO [0m:      Received: evaluate message 5a022e64-b230-401c-a5f4-e40cedd312b0
[92mINFO [0m:      Sent reply
[92mINFO [0m:      
[92mINFO [0m:      Received: train message c341b23b-48c0-4b13-b612-59dee0dafb00
[92mINFO [0m:      Sent reply
[92mINFO [0m:      
[92mINFO [0m:      Received: evaluate message 1304f668-a75e-4eb6-ae08-8d6c56e5890b
[92mINFO [0m:      Sent reply
[92mINFO [0m:      
[92mINFO [0m:      Received: train message fb7d9af3-6d61-403d-bda1-ae0c5114cbcb
[92mINFO [0m:      Sent reply
[92mINFO [0m:      
[92mINFO [0m:      Received: evaluate message dfc68fbd-8d1a-47d6-91a7-e20eb4361681
[92mINFO [0m:      Sent reply
[92mINFO [0m:      
[92mINFO [0m:      Received: train message c3013b08-2d18-40a9-a60f-b2be8287f51b
[92mINFO [0m:      Sent reply
[92mINFO [0m:      
[92mINFO [0m:      Received: evaluate message 18f98f51-b70d-4d11-bcfd-d90dd4d53851
[92mINFO [0m:      Sent reply
[92mINFO [0m:      
[92mINFO [0m:      Received: train message 5f82427f-7eb9-4886-bbba-e547448ad16e
[92mINFO [0m:      Sent reply
[92mINFO [0m:      
[92mINFO [0m:      Received: evaluate message 2a36db7b-1090-46be-9856-413394747911
[92mINFO [0m:      Sent reply
[92mINFO [0m:      
[92mINFO [0m:      Received: train message bf8f4e6b-cf5f-436d-9b98-d93de8125df3
[92mINFO [0m:      Sent reply
[92mINFO [0m:      
[92mINFO [0m:      Received: evaluate message d15dd7a9-be1a-49c3-952c-4b427bf98159
[92mINFO [0m:      Sent reply
[92mINFO [0m:      
[92mINFO [0m:      Received: train message 129a43d4-f2da-4455-b986-3e7a02145c52
[92mINFO [0m:      Sent reply
[92mINFO [0m:      
[92mINFO [0m:      Received: evaluate message f43db20a-a3b8-400d-9184-066f740a42e6
[92mINFO [0m:      Sent reply
[92mINFO [0m:      
[92mINFO [0m:      Received: train message d61133e3-4b98-4f16-88da-b6965c464826
[92mINFO [0m:      Sent reply
[92mINFO [0m:      
[92mINFO [0m:      Received: evaluate message c4e94731-ac24-4950-9fba-b47090657b7a
[92mINFO [0m:      Sent reply
[92mINFO [0m:      
[92mINFO [0m:      Received: train message fe896964-2bf3-4e93-a2e8-332787c383b7
[92mINFO [0m:      Sent reply
[92mINFO [0m:      
[92mINFO [0m:      Received: evaluate message 0b96bac0-b946-45d1-aa0f-c26894e118b3
[92mINFO [0m:      Sent reply
[92mINFO [0m:      
[92mINFO [0m:      Received: train message 9a6ae328-0807-49ae-b741-cc41f8cc8a19
[92mINFO [0m:      Sent reply
[92mINFO [0m:      
[92mINFO [0m:      Received: evaluate message 33d73d2b-f478-4390-89e6-ff9ad56462be
[92mINFO [0m:      Sent reply
[92mINFO [0m:      
[92mINFO [0m:      Received: train message eae8f881-8c69-45c1-a154-da341ca46276
[92mINFO [0m:      Sent reply
[92mINFO [0m:      
[92mINFO [0m:      Received: evaluate message 7fd14460-e3c8-486e-b7f9-228ec8da43ca
[92mINFO [0m:      Sent reply
[92mINFO [0m:      
[92mINFO [0m:      Received: train message 586d2617-0613-4435-ac63-93dc27fd1d6d
[92mINFO [0m:      Sent reply
[92mINFO [0m:      
[92mINFO [0m:      Received: evaluate message ddbe1c7b-8307-4782-a610-167fa17294dc
[92mINFO [0m:      Sent reply
[92mINFO [0m:      
[92mINFO [0m:      Received: train message 5bf94e6a-44f7-40b0-a3b5-acd1685a0beb
[92mINFO [0m:      Sent reply
[92mINFO [0m:      
[92mINFO [0m:      Received: evaluate message 6b17dede-d2f2-43aa-a0d0-79afccd9681b
[92mINFO [0m:      Sent reply
[92mINFO [0m:      
[92mINFO [0m:      Received: train message c2e5455d-886a-4cd0-90ac-8f0a10f6c8d2
[92mINFO [0m:      Sent reply
[92mINFO [0m:      
[92mINFO [0m:      Received: evaluate message f5180088-7942-4377-9b95-f5c6bcbc1b9b
[92mINFO [0m:      Sent reply
[92mINFO [0m:      
[92mINFO [0m:      Received: train message 6efd3be6-0840-4663-8b02-0ba3394a470c
[92mINFO [0m:      Sent reply
[92mINFO [0m:      
[92mINFO [0m:      Received: evaluate message a69e12a6-0bda-4171-9766-e0f69fc1efa7
[92mINFO [0m:      Sent reply
[92mINFO [0m:      
[92mINFO [0m:      Received: train message c6f78e6f-9b5f-47f3-8de6-f65066eaaf30
[92mINFO [0m:      Sent reply
[92mINFO [0m:      
[92mINFO [0m:      Received: evaluate message bcbf7d01-4542-4082-969d-a4d4a85979c8
[92mINFO [0m:      Sent reply
[92mINFO [0m:      
[92mINFO [0m:      Received: train message 1cc08908-1219-4381-811c-ab9b2af9123d
[92mINFO [0m:      Sent reply
[92mINFO [0m:      
[92mINFO [0m:      Received: evaluate message 6987acf6-c1fb-4bc1-97c2-0c4472a624a1
[92mINFO [0m:      Sent reply
[92mINFO [0m:      
[92mINFO [0m:      Received: train message aca83916-1dd4-45bc-b155-80f2333e6f97
[92mINFO [0m:      Sent reply
[92mINFO [0m:      
[92mINFO [0m:      Received: evaluate message 6fa34a57-d3f9-4c23-84d3-3e48e69e9b6f
[92mINFO [0m:      Sent reply
[92mINFO [0m:      
[92mINFO [0m:      Received: train message acf36cdf-ddb9-40a2-aafe-e9ebfd18cd03
[92mINFO [0m:      Sent reply
[92mINFO [0m:      
[92mINFO [0m:      Received: evaluate message 3d997768-5ad9-487b-9f22-37427c8b7d91
[92mINFO [0m:      Sent reply
[92mINFO [0m:      
[92mINFO [0m:      Received: train message 7166aa44-86ac-4ba4-a196-26d284faafd8
[92mINFO [0m:      Sent reply
[92mINFO [0m:      
[92mINFO [0m:      Received: evaluate message 5de3e8ee-30f6-4106-9d0c-7e2dc51cdc4c
[92mINFO [0m:      Sent reply
[92mINFO [0m:      
[92mINFO [0m:      Received: train message f9052bd6-8849-4520-8e90-bfd6d93d09ac
[92mINFO [0m:      Sent reply
[92mINFO [0m:      
[92mINFO [0m:      Received: evaluate message 213a1403-4a50-4c1c-8238-37d88594a8f1
[92mINFO [0m:      Sent reply
[92mINFO [0m:      
[92mINFO [0m:      Received: train message a54302f8-4067-4dab-9778-0b07dd272bea
[92mINFO [0m:      Sent reply
[92mINFO [0m:      
[92mINFO [0m:      Received: evaluate message 08e32f58-06e2-433a-ae05-f8247aa0f300
[92mINFO [0m:      Sent reply
[92mINFO [0m:      
[92mINFO [0m:      Received: train message 33ef988c-1728-4fde-8098-c3a39e410715
[92mINFO [0m:      Sent reply
[92mINFO [0m:      
[92mINFO [0m:      Received: evaluate message 4fcc3c72-2c46-4ba0-957d-a07ca44d1e69
[92mINFO [0m:      Sent reply
[92mINFO [0m:      
[92mINFO [0m:      Received: train message ff8c33a6-ebe7-44c8-aa73-29e5a6a34057
[92mINFO [0m:      Sent reply
[92mINFO [0m:      
[92mINFO [0m:      Received: evaluate message c7494c49-2b4f-455b-907a-7dc3c5caed6f
[92mINFO [0m:      Sent reply
[92mINFO [0m:      
[92mINFO [0m:      Received: train message a9ec5f4b-fd4a-4f91-ae3b-89c289d5cb41
[92mINFO [0m:      Sent reply
[92mINFO [0m:      
[92mINFO [0m:      Received: evaluate message 07bafb60-ab22-4c15-944e-8635b1c241e9
[92mINFO [0m:      Sent reply
[92mINFO [0m:      
[92mINFO [0m:      Received: train message 56111c31-578e-4b5e-a736-de60eadb6bf4
[92mINFO [0m:      Sent reply
[92mINFO [0m:      
[92mINFO [0m:      Received: evaluate message 827efa63-5800-4619-8dcf-23e0bf898602
[92mINFO [0m:      Sent reply
[92mINFO [0m:      
[92mINFO [0m:      Received: train message 1d34cc43-e8d4-419e-b334-9e4f8a3e4fa3
[92mINFO [0m:      Sent reply
[92mINFO [0m:      
[92mINFO [0m:      Received: evaluate message 74349b84-b3a5-4bd4-bd94-fd00a082f784
[92mINFO [0m:      Sent reply
[92mINFO [0m:      
[92mINFO [0m:      Received: train message 44cd05f6-61fe-469b-93d8-84429cda8d62
[92mINFO [0m:      Sent reply
[92mINFO [0m:      
[92mINFO [0m:      Received: evaluate message 1cd8363e-2a4e-4c0c-896b-7c019c8ba7e6
[92mINFO [0m:      Sent reply
[92mINFO [0m:      
[92mINFO [0m:      Received: train message 788abc53-e8bc-4629-9487-450f5dbb03ae
[92mINFO [0m:      Sent reply
[92mINFO [0m:      
[92mINFO [0m:      Received: evaluate message 949075ad-7d2a-430d-acd7-05522b4ab788
[92mINFO [0m:      Sent reply
[92mINFO [0m:      
[92mINFO [0m:      Received: train message 019ba1d4-dcb2-4fef-9cd4-0c33d1a35fcc
[92mINFO [0m:      Sent reply
[92mINFO [0m:      
[92mINFO [0m:      Received: evaluate message d8141fe6-2289-4e93-b0da-2280eaf86a87
[92mINFO [0m:      Sent reply
[92mINFO [0m:      
[92mINFO [0m:      Received: train message 2be3448d-941f-4738-aadc-93b6c208a79a
[92mINFO [0m:      Sent reply
[92mINFO [0m:      
[92mINFO [0m:      Received: evaluate message e1628c4f-ac2f-4236-b8f0-2930250d8434
[92mINFO [0m:      Sent reply
[92mINFO [0m:      
[92mINFO [0m:      Received: train message 6fccef98-c814-4de7-b81f-c3fbbd9c690c
[92mINFO [0m:      Sent reply
[92mINFO [0m:      
[92mINFO [0m:      Received: evaluate message ffe2e2a1-690d-40aa-913a-d61fd2068c1a
[92mINFO [0m:      Sent reply
[92mINFO [0m:      
[92mINFO [0m:      Received: train message 5d73a0ad-945f-4b49-9bcc-11c8d9276277
[92mINFO [0m:      Sent reply
[92mINFO [0m:      
[92mINFO [0m:      Received: evaluate message 5259a60d-12c9-4651-9913-276f431a382b
[92mINFO [0m:      Sent reply
[92mINFO [0m:      
[92mINFO [0m:      Received: train message 9535af03-89b2-477a-aaeb-fa5051f607f6
[92mINFO [0m:      Sent reply
[92mINFO [0m:      
[92mINFO [0m:      Received: evaluate message 4f6efd73-3559-4860-8858-9d670704dc92
[92mINFO [0m:      Sent reply
[92mINFO [0m:      
[92mINFO [0m:      Received: train message e5f7b31d-76f4-4941-a7a7-57ec3bcbde70
[92mINFO [0m:      Sent reply
[92mINFO [0m:      
[92mINFO [0m:      Received: evaluate message 6146d6bb-024a-45ba-80c6-1e7bc8120a70
[92mINFO [0m:      Sent reply
[92mINFO [0m:      
[92mINFO [0m:      Received: train message 88ae1c27-9aca-4eef-bdd5-538711f0891a
[92mINFO [0m:      Sent reply
[92mINFO [0m:      
[92mINFO [0m:      Received: evaluate message 33b7aaec-5d07-4ac2-a029-fdf5edb140c3
[92mINFO [0m:      Sent reply
[92mINFO [0m:      
[92mINFO [0m:      Received: train message 4c2ce17f-b8dc-445c-bca9-694020d5b0d0
[92mINFO [0m:      Sent reply
[92mINFO [0m:      
[92mINFO [0m:      Received: evaluate message faaaabbc-92e6-45aa-9199-ddeef0c0b2bf
[92mINFO [0m:      Sent reply
[92mINFO [0m:      
[92mINFO [0m:      Received: train message 73485d28-8536-42c4-a8e7-fb0fa38751c3
[92mINFO [0m:      Sent reply
[92mINFO [0m:      
[92mINFO [0m:      Received: evaluate message 00708817-19d2-43e3-b136-000094dff889
[92mINFO [0m:      Sent reply
[92mINFO [0m:      
[92mINFO [0m:      Received: train message a74ace73-5b1c-4bbf-98bb-3ebbb45a09a5
[92mINFO [0m:      Sent reply
[92mINFO [0m:      
[92mINFO [0m:      Received: evaluate message 98735c36-0a41-4660-8bda-2d17a14ffca8
[92mINFO [0m:      Sent reply
[92mINFO [0m:      
[92mINFO [0m:      Received: train message b07fd1cc-0df7-4220-b9c2-68474a05d993
[92mINFO [0m:      Sent reply
[92mINFO [0m:      
[92mINFO [0m:      Received: evaluate message 527324da-b9bd-43c2-b8f9-bff1c0bc9b3c
[92mINFO [0m:      Sent reply
[92mINFO [0m:      
[92mINFO [0m:      Received: train message 94dc0f1f-a30a-4eaa-a620-e96fc7f48321
[92mINFO [0m:      Sent reply
[92mINFO [0m:      
[92mINFO [0m:      Received: evaluate message 2408fb52-5a91-498a-a1d6-643c9fb14946
[92mINFO [0m:      Sent reply
[92mINFO [0m:      
[92mINFO [0m:      Received: train message 683c0099-c37f-4d38-bd13-bfe4e5107480
[92mINFO [0m:      Sent reply
[92mINFO [0m:      
[92mINFO [0m:      Received: evaluate message 5092eb3a-ad13-434d-a3d9-457eea42457b
[92mINFO [0m:      Sent reply
[92mINFO [0m:      
[92mINFO [0m:      Received: train message 6a8aafea-798d-4909-9e70-62b23cca3f83
[92mINFO [0m:      Sent reply
[92mINFO [0m:      
[92mINFO [0m:      Received: evaluate message 0044698d-951a-4091-982e-afc52b0bf4fb
[92mINFO [0m:      Sent reply
[92mINFO [0m:      
[92mINFO [0m:      Received: train message 039d4aba-ac59-45f5-b7c5-544fec1e90e2
[92mINFO [0m:      Sent reply
[92mINFO [0m:      
[92mINFO [0m:      Received: evaluate message 60a01203-ff93-43d2-a4e6-a3adbc6c61d5
[92mINFO [0m:      Sent reply
[92mINFO [0m:      
[92mINFO [0m:      Received: train message 128e76aa-9faf-48d2-a1ec-42e58ec7cdfe
[92mINFO [0m:      Sent reply
[92mINFO [0m:      
[92mINFO [0m:      Received: evaluate message db6701d4-d216-485a-8918-8efc7cc73ad2
[92mINFO [0m:      Sent reply
[92mINFO [0m:      
[92mINFO [0m:      Received: train message 3c1358df-bfdd-41be-afd5-544f9e1d0295
[92mINFO [0m:      Sent reply
[92mINFO [0m:      
[92mINFO [0m:      Received: evaluate message fec7e02f-8601-436e-8293-0beeedaa3350
[92mINFO [0m:      Sent reply
[92mINFO [0m:      
[92mINFO [0m:      Received: train message b6a2c52d-2908-4413-b5aa-6742a67a73b2
[92mINFO [0m:      Sent reply
[92mINFO [0m:      
[92mINFO [0m:      Received: evaluate message 4195735c-71ca-44c3-931d-07266bae093f
[92mINFO [0m:      Sent reply
[92mINFO [0m:      
[92mINFO [0m:      Received: train message 935c95e3-a397-4cbd-91d8-a5d587d5803b
[92mINFO [0m:      Sent reply
[92mINFO [0m:      
[92mINFO [0m:      Received: evaluate message bb0d5a68-4afa-4df4-9f4f-16fa8257bc8b
[92mINFO [0m:      Sent reply
[92mINFO [0m:      
[92mINFO [0m:      Received: train message 808678f6-d738-4fc3-9019-2a973d32fc7c
[92mINFO [0m:      Sent reply
[92mINFO [0m:      
[92mINFO [0m:      Received: evaluate message 9f942662-d8ef-4a2e-a38c-4ea2a580d62f
[92mINFO [0m:      Sent reply
[92mINFO [0m:      
[92mINFO [0m:      Received: reconnect message 7df115e0-4974-4280-acc8-33525f54410a
[92mINFO [0m:      Disconnect and shut down
