[93mWARNING [0m:   DEPRECATED FEATURE: flwr.client.start_client() is deprecated.
	Instead, use the `flower-supernode` CLI command to start a SuperNode as shown below:

		$ flower-supernode --insecure --superlink='<IP>:<PORT>'

	To view all available options, run:

		$ flower-supernode --help

	Using `start_client()` is deprecated.

            This is a deprecated feature. It will be removed
            entirely in future versions of Flower.
        
[92mINFO [0m:      
[92mINFO [0m:      Received: train message b59b9934-fbb3-4ccb-bcdb-e9603bb379cf
[92mINFO [0m:      Sent reply
[92mINFO [0m:      
[92mINFO [0m:      Received: evaluate message 5dff8785-fb9e-4304-90ca-8f945d010d2e
[92mINFO [0m:      Sent reply
[92mINFO [0m:      
[92mINFO [0m:      Received: train message fc4cd742-90c5-411e-8166-d85f4fe9168c
[92mINFO [0m:      Sent reply
[92mINFO [0m:      
[92mINFO [0m:      Received: evaluate message 9a3aead6-0115-4df1-b1e4-883e4a7ade8a
[92mINFO [0m:      Sent reply
[92mINFO [0m:      
[92mINFO [0m:      Received: train message 19e5b744-986b-4348-8722-114ee69dc33c
[92mINFO [0m:      Sent reply
[92mINFO [0m:      
[92mINFO [0m:      Received: evaluate message a22391ef-c872-457d-81d1-bc063f746dd7
[92mINFO [0m:      Sent reply
[92mINFO [0m:      
[92mINFO [0m:      Received: train message 9937704b-8ec5-4979-83da-a9f3a75a8954
[92mINFO [0m:      Sent reply
[92mINFO [0m:      
[92mINFO [0m:      Received: evaluate message a7f71517-b201-4156-8f5b-d490e2860f65
[92mINFO [0m:      Sent reply
[92mINFO [0m:      
[92mINFO [0m:      Received: train message 01cf5c34-d7f7-443d-a4e4-d6fd6ad3f811
[92mINFO [0m:      Sent reply
[92mINFO [0m:      
[92mINFO [0m:      Received: evaluate message 85358d0a-81bb-410f-99ff-98430a933077
[92mINFO [0m:      Sent reply
[92mINFO [0m:      
[92mINFO [0m:      Received: train message a8ce589b-8657-4ec4-bdbd-acccf670b9f2
[92mINFO [0m:      Sent reply
[92mINFO [0m:      
[92mINFO [0m:      Received: evaluate message 856f3a90-775c-4005-af11-1a07342e86e1
[92mINFO [0m:      Sent reply
[92mINFO [0m:      
[92mINFO [0m:      Received: train message b70b949d-efa6-4912-a2e0-b97a2fdebc76
[92mINFO [0m:      Sent reply
[92mINFO [0m:      
[92mINFO [0m:      Received: evaluate message 47e08070-92cd-45c1-8e13-ed10b541bf5e
[92mINFO [0m:      Sent reply
[92mINFO [0m:      
[92mINFO [0m:      Received: train message 11003f58-1603-41eb-9336-d113e329be9b
[92mINFO [0m:      Sent reply
[92mINFO [0m:      
[92mINFO [0m:      Received: evaluate message 95a759e0-0510-4749-b348-c29afba5f31d
[92mINFO [0m:      Sent reply
[92mINFO [0m:      
[92mINFO [0m:      Received: train message f58c9b30-348c-470e-bc69-711a13028727
[92mINFO [0m:      Sent reply
[92mINFO [0m:      
[92mINFO [0m:      Received: evaluate message c4baac36-ddf8-4ef1-8945-842a6c340d56
[92mINFO [0m:      Sent reply
[92mINFO [0m:      
[92mINFO [0m:      Received: train message aac9d53b-2e66-48f8-ad25-6e1792e7be40
[92mINFO [0m:      Sent reply
[92mINFO [0m:      
[92mINFO [0m:      Received: evaluate message a1759232-8f85-4b50-a15c-34d916797c21
[92mINFO [0m:      Sent reply
[92mINFO [0m:      
[92mINFO [0m:      Received: train message 3e8f7830-c467-489c-8d5c-d53880402e71
[92mINFO [0m:      Sent reply
[92mINFO [0m:      
[92mINFO [0m:      Received: evaluate message 6c45534f-823e-4679-8e16-b534f8189043
[92mINFO [0m:      Sent reply
[92mINFO [0m:      
[92mINFO [0m:      Received: train message 9549ee7e-1cd2-494c-9ce0-34d4b04223ec
[92mINFO [0m:      Sent reply
[92mINFO [0m:      
[92mINFO [0m:      Received: evaluate message 5c8a8856-bd14-4244-9e60-565776529e65
[92mINFO [0m:      Sent reply
[92mINFO [0m:      
[92mINFO [0m:      Received: train message 668946dd-1d82-4505-9208-003fed549b18
[92mINFO [0m:      Sent reply
[92mINFO [0m:      
[92mINFO [0m:      Received: evaluate message ca700d28-478e-47c7-b77c-eec731aaf573
[92mINFO [0m:      Sent reply
[92mINFO [0m:      
[92mINFO [0m:      Received: train message 4f0c896d-8e2c-4513-867f-d007f0ae6ac0
[92mINFO [0m:      Sent reply
[92mINFO [0m:      
[92mINFO [0m:      Received: evaluate message 9875b886-0d0a-4475-8687-d120aa8f3714
[92mINFO [0m:      Sent reply
[92mINFO [0m:      
[92mINFO [0m:      Received: train message a4f544db-41a6-4f71-8ca4-f42a884a338f
[92mINFO [0m:      Sent reply
[92mINFO [0m:      
[92mINFO [0m:      Received: evaluate message 5f6051ea-9766-4239-b87d-a650c0f3321b
[92mINFO [0m:      Sent reply
[92mINFO [0m:      
[92mINFO [0m:      Received: train message 20c73c9d-917e-4ad2-a121-dbadf1d20042
[92mINFO [0m:      Sent reply
[92mINFO [0m:      
[92mINFO [0m:      Received: evaluate message ebae9b9b-1504-4e4b-a4ea-38767678990c
[92mINFO [0m:      Sent reply
[92mINFO [0m:      
[92mINFO [0m:      Received: train message 1f98b401-19f1-402c-a46a-d47fe16ddf94
[92mINFO [0m:      Sent reply
[92mINFO [0m:      
[92mINFO [0m:      Received: evaluate message dd421c9f-8843-43f6-a271-34c18ce43c50
[92mINFO [0m:      Sent reply
[92mINFO [0m:      
[92mINFO [0m:      Received: train message 0cc4dc48-dbb3-4a77-9b0b-af26c70f6d3c
[92mINFO [0m:      Sent reply
[92mINFO [0m:      
[92mINFO [0m:      Received: evaluate message 9a437d1c-c9f4-46b9-8914-246dd94ef360
[92mINFO [0m:      Sent reply
[92mINFO [0m:      
[92mINFO [0m:      Received: train message bf8e9851-3ef0-44a6-9f0c-24d881a676ab
[92mINFO [0m:      Sent reply
[92mINFO [0m:      
[92mINFO [0m:      Received: evaluate message 369f278b-d2b3-4ec0-a5fc-ebdb6e84fe1c
[92mINFO [0m:      Sent reply
[92mINFO [0m:      
[92mINFO [0m:      Received: train message e5642968-b56e-4d3e-a5ba-2927c5e24e05
[92mINFO [0m:      Sent reply
[92mINFO [0m:      
[92mINFO [0m:      Received: evaluate message 1452334e-b3e4-48f2-a49a-3c0f09c0dbdd
[92mINFO [0m:      Sent reply
[92mINFO [0m:      
[92mINFO [0m:      Received: train message e99eaa4e-17c1-4f63-93a6-4f66ed4ae000
[92mINFO [0m:      Sent reply
[92mINFO [0m:      
[92mINFO [0m:      Received: evaluate message b9a40aed-e43a-4c06-81c7-649881ac3ed1
[92mINFO [0m:      Sent reply
[92mINFO [0m:      
[92mINFO [0m:      Received: train message af10ae6c-e930-43cd-b7d4-c11299e8f6aa
[92mINFO [0m:      Sent reply
[92mINFO [0m:      
[92mINFO [0m:      Received: evaluate message fee953a2-1872-41bd-8997-f048fb47e61f
[92mINFO [0m:      Sent reply
[92mINFO [0m:      
[92mINFO [0m:      Received: train message 02e0cdee-28e7-4844-b536-32fff0a4e582
[92mINFO [0m:      Sent reply
[92mINFO [0m:      
[92mINFO [0m:      Received: evaluate message 208f5c05-6c0b-4d8f-b3f8-d511e7706f25
[92mINFO [0m:      Sent reply
[92mINFO [0m:      
[92mINFO [0m:      Received: train message 07d607b1-1a7e-430b-be3f-ad531e35736a
[92mINFO [0m:      Sent reply
[92mINFO [0m:      
[92mINFO [0m:      Received: evaluate message a68523b3-ccd0-4f69-8423-9a72266e9ccc
[92mINFO [0m:      Sent reply
[92mINFO [0m:      
[92mINFO [0m:      Received: train message 6eab7064-3c5d-4bb0-afc1-8c851021e7de
[92mINFO [0m:      Sent reply
[92mINFO [0m:      
[92mINFO [0m:      Received: evaluate message 8fcb4670-31e2-4311-bd13-d7a6ff80a132
[92mINFO [0m:      Sent reply
[92mINFO [0m:      
[92mINFO [0m:      Received: train message 193481f6-1fef-4ada-a99d-f35b6145a5e9
[92mINFO [0m:      Sent reply
[92mINFO [0m:      
[92mINFO [0m:      Received: evaluate message a94fd867-c8d8-4a51-bb47-fe1d52c7c8b4
[92mINFO [0m:      Sent reply
[92mINFO [0m:      
[92mINFO [0m:      Received: train message f74ac0e5-4325-4584-906a-3cbdaf3e1c00
[92mINFO [0m:      Sent reply
[92mINFO [0m:      
[92mINFO [0m:      Received: evaluate message 273ddd46-ee37-4232-a805-e42d251556a4
[92mINFO [0m:      Sent reply
[92mINFO [0m:      
[92mINFO [0m:      Received: train message ce11beca-ee50-4f0c-a988-a71061fd4bc2
[92mINFO [0m:      Sent reply
[92mINFO [0m:      
[92mINFO [0m:      Received: evaluate message 44d15f51-a5a6-47b2-b2cf-42b15c3b001f
[92mINFO [0m:      Sent reply
[92mINFO [0m:      
[92mINFO [0m:      Received: train message 807077f6-f9fc-4ae9-a3a7-4de0e04c238e
[92mINFO [0m:      Sent reply
[92mINFO [0m:      
[92mINFO [0m:      Received: evaluate message e9a62880-4673-4e11-bc31-3120abe42acb
[92mINFO [0m:      Sent reply
[92mINFO [0m:      
[92mINFO [0m:      Received: train message eb30877b-cae1-4a76-b801-ba84e905a48e
[92mINFO [0m:      Sent reply
[92mINFO [0m:      
[92mINFO [0m:      Received: evaluate message d660ae0f-83cc-453a-aa72-29c1af628495
[92mINFO [0m:      Sent reply
[92mINFO [0m:      
[92mINFO [0m:      Received: train message 73cbe4c3-2124-4d13-86bf-df6ecfafd4e6
[92mINFO [0m:      Sent reply
[92mINFO [0m:      
[92mINFO [0m:      Received: evaluate message 02563fc7-51cc-4878-bd36-7c8bc4e3d025
[92mINFO [0m:      Sent reply
[92mINFO [0m:      
[92mINFO [0m:      Received: train message 619031a5-1fce-47c7-9623-12c1c0164020
[92mINFO [0m:      Sent reply
[92mINFO [0m:      
[92mINFO [0m:      Received: evaluate message f27c508c-4545-40ad-95ba-aa419bc4767c
[92mINFO [0m:      Sent reply
[92mINFO [0m:      
[92mINFO [0m:      Received: train message 3cbeda62-58cc-47be-8706-46c63fe8d680
[92mINFO [0m:      Sent reply
[92mINFO [0m:      
[92mINFO [0m:      Received: evaluate message 1396c5e9-4a76-402d-ade4-3e4b1233dfad
[92mINFO [0m:      Sent reply
[92mINFO [0m:      
[92mINFO [0m:      Received: train message c0fd8d75-dc30-4186-b4ba-cf850f3484cb
[92mINFO [0m:      Sent reply
[92mINFO [0m:      
[92mINFO [0m:      Received: evaluate message 3b977220-cfda-404d-985e-910fbe128ccb
[92mINFO [0m:      Sent reply
[92mINFO [0m:      
[92mINFO [0m:      Received: train message 1356e314-c0c8-435c-a48b-95e30c5e7634
[92mINFO [0m:      Sent reply
[92mINFO [0m:      
[92mINFO [0m:      Received: evaluate message 75b9e8d7-9e46-410b-b7f6-84f287ddb117
[92mINFO [0m:      Sent reply
[92mINFO [0m:      
[92mINFO [0m:      Received: train message 16449576-63ff-4152-9998-ff416c5446a7
[92mINFO [0m:      Sent reply
[92mINFO [0m:      
[92mINFO [0m:      Received: evaluate message 8958927c-4771-4e5f-9984-fece7865b6fb
[92mINFO [0m:      Sent reply
[92mINFO [0m:      
[92mINFO [0m:      Received: train message cbf1aeca-c049-4baa-8832-269a24b04096
[92mINFO [0m:      Sent reply
[92mINFO [0m:      
[92mINFO [0m:      Received: evaluate message 3b73df49-ffb4-4882-a83e-19e98eb8b02d
[92mINFO [0m:      Sent reply
[92mINFO [0m:      
[92mINFO [0m:      Received: train message 561196d9-0e0f-41b1-bcec-db587effe774
[92mINFO [0m:      Sent reply
[92mINFO [0m:      
[92mINFO [0m:      Received: evaluate message 09b7e5dd-fc8e-4a0e-b8a9-a9426406fbaa
[92mINFO [0m:      Sent reply
[92mINFO [0m:      
[92mINFO [0m:      Received: train message 234f1e19-fea2-4c25-bd86-e94b148f961b
[92mINFO [0m:      Sent reply
[92mINFO [0m:      
[92mINFO [0m:      Received: evaluate message 3eee68ef-7a99-4113-9771-214542f7544c
[92mINFO [0m:      Sent reply
[92mINFO [0m:      
[92mINFO [0m:      Received: train message d59ea983-81c4-42a6-9b71-961f233dc83b
[92mINFO [0m:      Sent reply
[92mINFO [0m:      
[92mINFO [0m:      Received: evaluate message 97794367-8f61-4add-b267-fb63589afe6e
[92mINFO [0m:      Sent reply
[92mINFO [0m:      
[92mINFO [0m:      Received: train message 760b63b7-229f-4c0a-8cb1-2fe38637a138
[92mINFO [0m:      Sent reply
[92mINFO [0m:      
[92mINFO [0m:      Received: evaluate message 160a890e-6c90-4983-bafd-3854f4fe9b02
[92mINFO [0m:      Sent reply
[92mINFO [0m:      
[92mINFO [0m:      Received: train message f4b9d69c-4989-4b6f-8261-f4ec893fdc76
[92mINFO [0m:      Sent reply
[92mINFO [0m:      
[92mINFO [0m:      Received: evaluate message 34545b4f-7f47-41ed-b2e6-f3def45281ab
[92mINFO [0m:      Sent reply
[92mINFO [0m:      
[92mINFO [0m:      Received: train message b1f4c43a-32b0-4689-a008-ba93825481c3
[92mINFO [0m:      Sent reply
[92mINFO [0m:      
[92mINFO [0m:      Received: evaluate message 817ba16a-3373-44fd-88b3-1b759b7faed4
[92mINFO [0m:      Sent reply
[92mINFO [0m:      
[92mINFO [0m:      Received: train message eb926954-8504-4cb3-a272-6ec99460baf6
[92mINFO [0m:      Sent reply
[92mINFO [0m:      
[92mINFO [0m:      Received: evaluate message 498439db-b1d8-44ef-a299-03ab40a41926
[92mINFO [0m:      Sent reply
[92mINFO [0m:      
[92mINFO [0m:      Received: train message ea9c9a7a-5bee-4cd4-b02c-81e982c9b933
[92mINFO [0m:      Sent reply
[92mINFO [0m:      
[92mINFO [0m:      Received: evaluate message b4d96ed2-17cb-4c15-9bce-79ea138a8b00
[92mINFO [0m:      Sent reply
[92mINFO [0m:      
[92mINFO [0m:      Received: train message b38e2834-bcac-4650-9162-5fd7923edb07
[92mINFO [0m:      Sent reply
[92mINFO [0m:      
[92mINFO [0m:      Received: evaluate message c02a748e-69c4-495a-ab5b-d76b16327c8f
[92mINFO [0m:      Sent reply
[92mINFO [0m:      
[92mINFO [0m:      Received: train message f065d38a-a805-4f09-a138-7b4e6679ef0a
[92mINFO [0m:      Sent reply
[92mINFO [0m:      
[92mINFO [0m:      Received: evaluate message edc48042-ee2c-4cbe-a850-34ce51a94a66
[92mINFO [0m:      Sent reply
[92mINFO [0m:      
[92mINFO [0m:      Received: train message ed14f3a9-a3dc-4a82-9e21-e6be1586f54f
[92mINFO [0m:      Sent reply
[92mINFO [0m:      
[92mINFO [0m:      Received: evaluate message dd17de18-967f-4f4d-a2ab-781408047aeb
[92mINFO [0m:      Sent reply
[92mINFO [0m:      
[92mINFO [0m:      Received: train message bf883c39-c059-47a6-afa9-4e87d9e6a965
[92mINFO [0m:      Sent reply
[92mINFO [0m:      
[92mINFO [0m:      Received: evaluate message d4cdd55d-88b2-4704-9025-11eadb525f64
[92mINFO [0m:      Sent reply
[92mINFO [0m:      
[92mINFO [0m:      Received: train message 88fef7ce-e867-4df3-ab9a-be28df588166
[92mINFO [0m:      Sent reply
[92mINFO [0m:      
[92mINFO [0m:      Received: evaluate message d75f88dd-2426-4a33-ab47-f3290fa21268
[92mINFO [0m:      Sent reply
[92mINFO [0m:      
[92mINFO [0m:      Received: reconnect message ca856387-e7f6-42a1-82fa-238dd4387c5d
[92mINFO [0m:      Disconnect and shut down
