[93mWARNING [0m:   DEPRECATED FEATURE: flwr.client.start_client() is deprecated.
	Instead, use the `flower-supernode` CLI command to start a SuperNode as shown below:

		$ flower-supernode --insecure --superlink='<IP>:<PORT>'

	To view all available options, run:

		$ flower-supernode --help

	Using `start_client()` is deprecated.

            This is a deprecated feature. It will be removed
            entirely in future versions of Flower.
        
[92mINFO [0m:      
[92mINFO [0m:      Received: train message ad6d7f3c-c988-4385-b0df-c0aee91a4c81
[92mINFO [0m:      Sent reply
[92mINFO [0m:      
[92mINFO [0m:      Received: evaluate message 814f6243-a341-4cac-9830-f23ee1fbd1b5
[92mINFO [0m:      Sent reply
[92mINFO [0m:      
[92mINFO [0m:      Received: train message 024e6c49-1437-4f65-9467-a1caeb96fd48
[92mINFO [0m:      Sent reply
[92mINFO [0m:      
[92mINFO [0m:      Received: evaluate message e340ef8f-8dfa-4a3e-badd-6d3506db2356
[92mINFO [0m:      Sent reply
[92mINFO [0m:      
[92mINFO [0m:      Received: train message dc5d09dd-5f7a-4057-ae89-39072e8ec245
[92mINFO [0m:      Sent reply
[92mINFO [0m:      
[92mINFO [0m:      Received: evaluate message 899f384c-3dc4-4415-af5e-ca64d2e4580c
[92mINFO [0m:      Sent reply
[92mINFO [0m:      
[92mINFO [0m:      Received: train message 3f4d3020-d3e7-4141-995b-929a9b02afd3
[92mINFO [0m:      Sent reply
[92mINFO [0m:      
[92mINFO [0m:      Received: evaluate message 56976592-4922-4bbc-8c94-b6a18ecbe71e
[92mINFO [0m:      Sent reply
[92mINFO [0m:      
[92mINFO [0m:      Received: train message 40a0b807-8b30-44a3-a5f5-6db9bd57d59d
[92mINFO [0m:      Sent reply
[92mINFO [0m:      
[92mINFO [0m:      Received: evaluate message f97b909d-95e0-48a2-8ff1-a9d1cc819299
[92mINFO [0m:      Sent reply
[92mINFO [0m:      
[92mINFO [0m:      Received: train message 68640eea-3f13-48ca-b1ba-6266c3475da4
[92mINFO [0m:      Sent reply
[92mINFO [0m:      
[92mINFO [0m:      Received: evaluate message 7f813f4b-414a-4daf-968c-379594365bd6
[92mINFO [0m:      Sent reply
[92mINFO [0m:      
[92mINFO [0m:      Received: train message 49c32c5c-2da4-4f44-8973-b136d547bfee
[92mINFO [0m:      Sent reply
[92mINFO [0m:      
[92mINFO [0m:      Received: evaluate message 7d18ec55-99e6-4abe-a901-58cc3df75fee
[92mINFO [0m:      Sent reply
[92mINFO [0m:      
[92mINFO [0m:      Received: train message 895147fb-b734-4b02-bb4d-a2b1d52e85b6
[92mINFO [0m:      Sent reply
[92mINFO [0m:      
[92mINFO [0m:      Received: evaluate message 7e1b3787-92f3-4cfb-93a7-af1d72cf8d16
[92mINFO [0m:      Sent reply
[92mINFO [0m:      
[92mINFO [0m:      Received: train message 40962006-983c-4afc-ad11-843aca35610a
[92mINFO [0m:      Sent reply
[92mINFO [0m:      
[92mINFO [0m:      Received: evaluate message c105e226-6f57-4f95-9274-b2a9a712bee6
[92mINFO [0m:      Sent reply
[92mINFO [0m:      
[92mINFO [0m:      Received: train message 731f4ff0-03fd-4d94-a691-106678d48ad5
[92mINFO [0m:      Sent reply
[92mINFO [0m:      
[92mINFO [0m:      Received: evaluate message b4355eb8-1a1c-456f-a7d1-504f5dea78c0
[92mINFO [0m:      Sent reply
[92mINFO [0m:      
[92mINFO [0m:      Received: train message 34cbfe53-0eab-4e49-abac-d4a70da21485
[92mINFO [0m:      Sent reply
[92mINFO [0m:      
[92mINFO [0m:      Received: evaluate message 60f3c8cc-0404-4796-a745-ee5e77ea0113
[92mINFO [0m:      Sent reply
[92mINFO [0m:      
[92mINFO [0m:      Received: train message 8a70e711-9ac1-4f20-874c-78fbc66ceb12
[92mINFO [0m:      Sent reply
[92mINFO [0m:      
[92mINFO [0m:      Received: evaluate message 0814cec1-86ef-4809-a364-d2113c1406a2
[92mINFO [0m:      Sent reply
[92mINFO [0m:      
[92mINFO [0m:      Received: train message 384c48c1-3127-4452-8cfc-72f76c36fbed
[92mINFO [0m:      Sent reply
[92mINFO [0m:      
[92mINFO [0m:      Received: evaluate message ad564674-3fed-4419-b078-71d401e5d913
[92mINFO [0m:      Sent reply
[92mINFO [0m:      
[92mINFO [0m:      Received: train message dee761a6-dc94-487c-b417-eb4d94f9f45b
[92mINFO [0m:      Sent reply
[92mINFO [0m:      
[92mINFO [0m:      Received: evaluate message e1876b8a-4b1c-462e-83ff-271937317c56
[92mINFO [0m:      Sent reply
[92mINFO [0m:      
[92mINFO [0m:      Received: train message 6227ad8d-d91a-41d3-87b0-849021242e18
[92mINFO [0m:      Sent reply
[92mINFO [0m:      
[92mINFO [0m:      Received: evaluate message 7ed3df57-48a3-404b-a82f-63b22a409fff
[92mINFO [0m:      Sent reply
[92mINFO [0m:      
[92mINFO [0m:      Received: train message b478c87c-8f28-452b-9254-1b715d220496
[92mINFO [0m:      Sent reply
[92mINFO [0m:      
[92mINFO [0m:      Received: evaluate message 2c89d0e5-e814-4036-bedd-ff507b11e19d
[92mINFO [0m:      Sent reply
[92mINFO [0m:      
[92mINFO [0m:      Received: train message 1381c17a-f735-4249-b1ab-4defeb131593
[92mINFO [0m:      Sent reply
[92mINFO [0m:      
[92mINFO [0m:      Received: evaluate message 2e3a5de3-a5d6-488f-bc64-aa4646b6a2b6
[92mINFO [0m:      Sent reply
[92mINFO [0m:      
[92mINFO [0m:      Received: train message 827c1beb-5339-462b-8280-dbc5b026c8ef
[92mINFO [0m:      Sent reply
[92mINFO [0m:      
[92mINFO [0m:      Received: evaluate message b7737098-c14f-48cc-aaf8-5af46c09cd80
[92mINFO [0m:      Sent reply
[92mINFO [0m:      
[92mINFO [0m:      Received: train message a3d18031-7380-40c4-b06e-cfeadd716b26
[92mINFO [0m:      Sent reply
[92mINFO [0m:      
[92mINFO [0m:      Received: evaluate message 05be79e4-7ae5-4219-8a30-f26a7cc69641
[92mINFO [0m:      Sent reply
[92mINFO [0m:      
[92mINFO [0m:      Received: train message 015a126d-9e41-4e5b-9e3e-766674bed134
[92mINFO [0m:      Sent reply
[92mINFO [0m:      
[92mINFO [0m:      Received: evaluate message 5dc9bee1-0054-4129-887e-c3b0e558725b
[92mINFO [0m:      Sent reply
[92mINFO [0m:      
[92mINFO [0m:      Received: train message 4cbc5bb1-40c9-41b6-850f-6c0a027e4f87
[92mINFO [0m:      Sent reply
[92mINFO [0m:      
[92mINFO [0m:      Received: evaluate message a35a523a-9e28-4c60-ad06-90bde12dac41
[92mINFO [0m:      Sent reply
[92mINFO [0m:      
[92mINFO [0m:      Received: train message 36591e0b-b3f1-4e77-95f3-a3fd5d0cc249
[92mINFO [0m:      Sent reply
[92mINFO [0m:      
[92mINFO [0m:      Received: evaluate message 5937d7cf-4d2a-429d-930f-cce222feb898
[92mINFO [0m:      Sent reply
[92mINFO [0m:      
[92mINFO [0m:      Received: train message c14948b7-c835-459d-9291-f1487ff610ab
[92mINFO [0m:      Sent reply
[92mINFO [0m:      
[92mINFO [0m:      Received: evaluate message f8f4328b-42ed-4fcb-860f-a729e24890ce
[92mINFO [0m:      Sent reply
[92mINFO [0m:      
[92mINFO [0m:      Received: train message 3995fa6e-bd62-4805-975b-c50743797f58
[92mINFO [0m:      Sent reply
[92mINFO [0m:      
[92mINFO [0m:      Received: evaluate message 82197840-b15a-48c9-b3a4-8a6fbce27b57
[92mINFO [0m:      Sent reply
[92mINFO [0m:      
[92mINFO [0m:      Received: train message 2b17d3ea-3f77-40a3-9147-a45b03571cc7
[92mINFO [0m:      Sent reply
[92mINFO [0m:      
[92mINFO [0m:      Received: evaluate message 79470aae-5ff5-43bd-a84a-304b767e0f49
[92mINFO [0m:      Sent reply
[92mINFO [0m:      
[92mINFO [0m:      Received: train message 29c81b5c-fc6f-450e-8808-24fccaf59bf2
[92mINFO [0m:      Sent reply
[92mINFO [0m:      
[92mINFO [0m:      Received: evaluate message bc3e9627-d57c-4de5-bd53-09e0bdeff9d5
[92mINFO [0m:      Sent reply
[92mINFO [0m:      
[92mINFO [0m:      Received: train message ba1d26be-9a24-4354-808a-42c6699bc6e8
[92mINFO [0m:      Sent reply
[92mINFO [0m:      
[92mINFO [0m:      Received: evaluate message b1aa950a-2e51-4c02-8d11-70bf0f76c69e
[92mINFO [0m:      Sent reply
[92mINFO [0m:      
[92mINFO [0m:      Received: train message 427024cc-f5c7-460d-8061-d0a1e6071359
[92mINFO [0m:      Sent reply
[92mINFO [0m:      
[92mINFO [0m:      Received: evaluate message bff4fbd9-0838-45b8-8c33-1af0fbdabb17
[92mINFO [0m:      Sent reply
[92mINFO [0m:      
[92mINFO [0m:      Received: train message 8234b663-4cd0-4e8c-b859-a18ece082386
[92mINFO [0m:      Sent reply
[92mINFO [0m:      
[92mINFO [0m:      Received: evaluate message 14e09eff-1d82-4fbe-989b-0a3f75781b51
[92mINFO [0m:      Sent reply
[92mINFO [0m:      
[92mINFO [0m:      Received: train message 75baa1eb-20e8-4c84-acde-e9166c02cb8e
[92mINFO [0m:      Sent reply
[92mINFO [0m:      
[92mINFO [0m:      Received: evaluate message 274e8e1a-6cd4-432a-9f71-1bb4a9b3a83c
[92mINFO [0m:      Sent reply
[92mINFO [0m:      
[92mINFO [0m:      Received: train message 607ec927-9127-479a-b1fd-150732537f3e
[92mINFO [0m:      Sent reply
[92mINFO [0m:      
[92mINFO [0m:      Received: evaluate message 1a3ad05e-cf60-43ed-b96e-cbaabf24ff77
[92mINFO [0m:      Sent reply
[92mINFO [0m:      
[92mINFO [0m:      Received: train message 4422f6e9-ce16-435e-806a-aa7de11d8f10
[92mINFO [0m:      Sent reply
[92mINFO [0m:      
[92mINFO [0m:      Received: evaluate message b3bdf2cd-f062-43b3-beb2-f2fdd57da698
[92mINFO [0m:      Sent reply
[92mINFO [0m:      
[92mINFO [0m:      Received: train message f0d7a1f8-b89e-45de-9598-71d3797783bc
[92mINFO [0m:      Sent reply
[92mINFO [0m:      
[92mINFO [0m:      Received: evaluate message bd78cf59-b3d2-413d-800c-8b50ecbe6d52
[92mINFO [0m:      Sent reply
[92mINFO [0m:      
[92mINFO [0m:      Received: train message c16af61d-bbb8-4a04-a341-8501b36b3f0a
[92mINFO [0m:      Sent reply
[92mINFO [0m:      
[92mINFO [0m:      Received: evaluate message ba340f72-ffee-4084-a045-58b8ba27f47f
[92mINFO [0m:      Sent reply
[92mINFO [0m:      
[92mINFO [0m:      Received: train message 7838d62e-a2bb-4ade-949e-34519ffc4b7d
[92mINFO [0m:      Sent reply
[92mINFO [0m:      
[92mINFO [0m:      Received: evaluate message caa355ce-8eff-4221-81b3-cd2e73fac591
[92mINFO [0m:      Sent reply
[92mINFO [0m:      
[92mINFO [0m:      Received: train message 1cd8773b-af67-4f80-b5e3-b5ef60a97e4c
[92mINFO [0m:      Sent reply
[92mINFO [0m:      
[92mINFO [0m:      Received: evaluate message 0b81c616-b995-47df-a2e7-655db1c4c8a8
[92mINFO [0m:      Sent reply
[92mINFO [0m:      
[92mINFO [0m:      Received: train message 1176a4b5-3850-4d1b-a7b0-2f9bcd7d18a0
[92mINFO [0m:      Sent reply
[92mINFO [0m:      
[92mINFO [0m:      Received: evaluate message cc50fe79-68f2-4b21-a83b-c8f6e7b43cd3
[92mINFO [0m:      Sent reply
[92mINFO [0m:      
[92mINFO [0m:      Received: train message 05e5a869-4d8c-417f-a44f-9f4c09cb2ebb
[92mINFO [0m:      Sent reply
[92mINFO [0m:      
[92mINFO [0m:      Received: evaluate message 99956757-f5d4-472e-b4f5-dfb6dd2f37cf
[92mINFO [0m:      Sent reply
[92mINFO [0m:      
[92mINFO [0m:      Received: train message 3463d568-a3d6-4096-acca-c710448915d9
[92mINFO [0m:      Sent reply
[92mINFO [0m:      
[92mINFO [0m:      Received: evaluate message 989d7e33-1c25-4950-941c-e8612682f4f2
[92mINFO [0m:      Sent reply
[92mINFO [0m:      
[92mINFO [0m:      Received: train message 5318aab5-e369-41e1-92d9-b89eb88469ee
[92mINFO [0m:      Sent reply
[92mINFO [0m:      
[92mINFO [0m:      Received: evaluate message d606666c-4916-4985-9ac9-8934cd7b4f50
[92mINFO [0m:      Sent reply
[92mINFO [0m:      
[92mINFO [0m:      Received: train message 81dcd28c-224f-4071-88e5-2fad2b55bef4
[92mINFO [0m:      Sent reply
[92mINFO [0m:      
[92mINFO [0m:      Received: evaluate message af2dc9cc-a08f-4a7c-9a88-94a22d55b098
[92mINFO [0m:      Sent reply
[92mINFO [0m:      
[92mINFO [0m:      Received: train message d5f7ea3a-1cce-43a3-a2fa-84b3da640a7b
[92mINFO [0m:      Sent reply
[92mINFO [0m:      
[92mINFO [0m:      Received: evaluate message 2ac60250-fcf4-4152-b63d-ea323504d93a
[92mINFO [0m:      Sent reply
[92mINFO [0m:      
[92mINFO [0m:      Received: train message d09dbd28-aa86-49ea-b11d-d4049ad7c910
[92mINFO [0m:      Sent reply
[92mINFO [0m:      
[92mINFO [0m:      Received: evaluate message dfafe204-1dbb-4861-a38e-78fa4e2e8ff0
[92mINFO [0m:      Sent reply
[92mINFO [0m:      
[92mINFO [0m:      Received: train message b43e94a8-dabd-48cf-a372-08744e8e79dc
[92mINFO [0m:      Sent reply
[92mINFO [0m:      
[92mINFO [0m:      Received: evaluate message a38b1031-823a-4e5e-98c3-a651da5a7fce
[92mINFO [0m:      Sent reply
[92mINFO [0m:      
[92mINFO [0m:      Received: train message 57895912-7e10-477b-bd5a-b150143b6676
[92mINFO [0m:      Sent reply
[92mINFO [0m:      
[92mINFO [0m:      Received: evaluate message 7d397b12-4bbe-4248-b133-f8821920b824
[92mINFO [0m:      Sent reply
[92mINFO [0m:      
[92mINFO [0m:      Received: train message c81c47e8-4a36-4c70-bc71-c7ddc9004784
[92mINFO [0m:      Sent reply
[92mINFO [0m:      
[92mINFO [0m:      Received: evaluate message 585f75e4-60f4-4fa2-9815-c9e715279d1a
[92mINFO [0m:      Sent reply
[92mINFO [0m:      
[92mINFO [0m:      Received: train message 4085bfbd-1679-47d1-ba7c-1dbf24187932
[92mINFO [0m:      Sent reply
[92mINFO [0m:      
[92mINFO [0m:      Received: evaluate message fd07e724-dbc5-4636-b64d-fadb26432d17
[92mINFO [0m:      Sent reply
[92mINFO [0m:      
[92mINFO [0m:      Received: train message cb6a94ce-498a-406c-a162-94c6ce86d1e6
[92mINFO [0m:      Sent reply
[92mINFO [0m:      
[92mINFO [0m:      Received: evaluate message 6fc1eea0-a307-4332-a301-e1642edb84fa
[92mINFO [0m:      Sent reply
[92mINFO [0m:      
[92mINFO [0m:      Received: train message cb15f66f-bdaa-4401-b5a8-0d7c1569002b
[92mINFO [0m:      Sent reply
[92mINFO [0m:      
[92mINFO [0m:      Received: evaluate message ad69bb36-d099-4880-b2e3-57909b392a4c
[92mINFO [0m:      Sent reply
[92mINFO [0m:      
[92mINFO [0m:      Received: train message 907a9e87-bf84-4362-9945-a22cc76345c5
[92mINFO [0m:      Sent reply
[92mINFO [0m:      
[92mINFO [0m:      Received: evaluate message e7ff274f-3bed-4298-88c3-e83294497b5f
[92mINFO [0m:      Sent reply
[92mINFO [0m:      
[92mINFO [0m:      Received: reconnect message c146078e-5f9c-4c53-9e4a-8bf5f680b590
[92mINFO [0m:      Disconnect and shut down
