[93mWARNING [0m:   DEPRECATED FEATURE: flwr.client.start_client() is deprecated.
	Instead, use the `flower-supernode` CLI command to start a SuperNode as shown below:

		$ flower-supernode --insecure --superlink='<IP>:<PORT>'

	To view all available options, run:

		$ flower-supernode --help

	Using `start_client()` is deprecated.

            This is a deprecated feature. It will be removed
            entirely in future versions of Flower.
        
[92mINFO [0m:      
[92mINFO [0m:      Received: train message 8e4b8829-3d60-41d2-8641-2db6a4d99141
[92mINFO [0m:      Sent reply
[92mINFO [0m:      
[92mINFO [0m:      Received: evaluate message 07bf4f63-419e-4e38-8cc6-751ec2f03887
[92mINFO [0m:      Sent reply
[92mINFO [0m:      
[92mINFO [0m:      Received: train message 82123b8e-a383-4884-9a28-1ad2b63d58a0
[92mINFO [0m:      Sent reply
[92mINFO [0m:      
[92mINFO [0m:      Received: evaluate message b911e4aa-528d-4726-86ec-28c72ec2e112
[92mINFO [0m:      Sent reply
[92mINFO [0m:      
[92mINFO [0m:      Received: train message c4ef06bb-9605-416a-a69f-4dc25e9edd0c
[92mINFO [0m:      Sent reply
[92mINFO [0m:      
[92mINFO [0m:      Received: evaluate message 971a3364-2a67-4049-9965-ad67fd58ec95
[92mINFO [0m:      Sent reply
[92mINFO [0m:      
[92mINFO [0m:      Received: train message 7598cbe1-3020-4f5a-bea9-ba85773a31c5
[92mINFO [0m:      Sent reply
[92mINFO [0m:      
[92mINFO [0m:      Received: evaluate message abfe9f2d-2311-4f80-8c93-1dd823bfc02d
[92mINFO [0m:      Sent reply
[92mINFO [0m:      
[92mINFO [0m:      Received: train message 807c3dd2-732d-4cae-9078-4da37c92d719
[92mINFO [0m:      Sent reply
[92mINFO [0m:      
[92mINFO [0m:      Received: evaluate message 5731c9ae-5063-400e-a5c6-b6a5ac5923dc
[92mINFO [0m:      Sent reply
[92mINFO [0m:      
[92mINFO [0m:      Received: train message 3c7c88ea-3e3e-4e9b-92cb-e45e008a8195
[92mINFO [0m:      Sent reply
[92mINFO [0m:      
[92mINFO [0m:      Received: evaluate message 541f4bff-c015-4283-89a3-704fa0b18637
[92mINFO [0m:      Sent reply
[92mINFO [0m:      
[92mINFO [0m:      Received: train message c3e3f2a7-14f3-48de-b3c6-88f2c311c591
[92mINFO [0m:      Sent reply
[92mINFO [0m:      
[92mINFO [0m:      Received: evaluate message 4b86d7aa-6616-4bbc-b999-7d901bb1df78
[92mINFO [0m:      Sent reply
[92mINFO [0m:      
[92mINFO [0m:      Received: train message b2aea3cb-26d0-440d-b0fd-01ca39ddde08
[92mINFO [0m:      Sent reply
[92mINFO [0m:      
[92mINFO [0m:      Received: evaluate message 9f4d57e8-4c51-4b80-ba23-7f45a8d0a6b8
[92mINFO [0m:      Sent reply
[92mINFO [0m:      
[92mINFO [0m:      Received: train message 8246ce19-57b3-422d-b5dc-a9c7b7542658
[92mINFO [0m:      Sent reply
[92mINFO [0m:      
[92mINFO [0m:      Received: evaluate message 44a835e3-0d30-494b-b0e1-259770a38289
[92mINFO [0m:      Sent reply
[92mINFO [0m:      
[92mINFO [0m:      Received: train message eabfc351-4eb2-4e6e-9b4c-a8ce0d7b5983
[92mINFO [0m:      Sent reply
[92mINFO [0m:      
[92mINFO [0m:      Received: evaluate message c74a2c05-19d4-4073-b704-ee686e685995
[92mINFO [0m:      Sent reply
[92mINFO [0m:      
[92mINFO [0m:      Received: train message 35fdba5a-8036-48d0-bcb7-6d3cfc9cc0c7
[92mINFO [0m:      Sent reply
[92mINFO [0m:      
[92mINFO [0m:      Received: evaluate message f5783a26-dbd1-4206-a24d-cf272efdc93a
[92mINFO [0m:      Sent reply
[92mINFO [0m:      
[92mINFO [0m:      Received: train message 8f3b0576-f316-41e0-9f54-27edf7faffd1
[92mINFO [0m:      Sent reply
[92mINFO [0m:      
[92mINFO [0m:      Received: evaluate message c635a97a-98ad-40c7-bb0f-5109d44fc57f
[92mINFO [0m:      Sent reply
[92mINFO [0m:      
[92mINFO [0m:      Received: train message 83cdea50-ba76-4015-8ef3-c088731ebb2c
[92mINFO [0m:      Sent reply
[92mINFO [0m:      
[92mINFO [0m:      Received: evaluate message e0375e5f-4392-4988-986c-56ef4866f03c
[92mINFO [0m:      Sent reply
[92mINFO [0m:      
[92mINFO [0m:      Received: train message 2cdafd37-1815-464e-9fdf-13ea85522131
[92mINFO [0m:      Sent reply
[92mINFO [0m:      
[92mINFO [0m:      Received: evaluate message f8892246-f18c-4601-a42b-dc807d0a61a4
[92mINFO [0m:      Sent reply
[92mINFO [0m:      
[92mINFO [0m:      Received: train message a150e93a-1d16-4a2d-8914-9b7f7a489cf8
[92mINFO [0m:      Sent reply
[92mINFO [0m:      
[92mINFO [0m:      Received: evaluate message 03f569b2-0ce5-4851-ba04-3ff824dc3d20
[92mINFO [0m:      Sent reply
[92mINFO [0m:      
[92mINFO [0m:      Received: train message 4534a58d-af22-4080-98d5-abe82f4642f5
[92mINFO [0m:      Sent reply
[92mINFO [0m:      
[92mINFO [0m:      Received: evaluate message 6ba324b5-0c3f-4eab-b050-904ce21febc4
[92mINFO [0m:      Sent reply
[92mINFO [0m:      
[92mINFO [0m:      Received: train message fb24e3c3-cfe3-4bf7-a4ef-91e4ed374b70
[92mINFO [0m:      Sent reply
[92mINFO [0m:      
[92mINFO [0m:      Received: evaluate message 67764bd6-9090-4cc3-b6bf-7cc2b5fc4b65
[92mINFO [0m:      Sent reply
[92mINFO [0m:      
[92mINFO [0m:      Received: train message df9b6e14-96b0-4700-8863-d68c163dd002
[92mINFO [0m:      Sent reply
[92mINFO [0m:      
[92mINFO [0m:      Received: evaluate message 5a201e32-0b49-40a2-bd91-bfcefe476b1d
[92mINFO [0m:      Sent reply
[92mINFO [0m:      
[92mINFO [0m:      Received: train message 0b2110e2-4538-4707-a331-8bab2b18f9ab
[92mINFO [0m:      Sent reply
[92mINFO [0m:      
[92mINFO [0m:      Received: evaluate message b68d74f4-8396-4d03-a41d-51b4517a6d7e
[92mINFO [0m:      Sent reply
[92mINFO [0m:      
[92mINFO [0m:      Received: train message 9bc748fe-6602-4284-95d1-0981bae17e64
[92mINFO [0m:      Sent reply
[92mINFO [0m:      
[92mINFO [0m:      Received: evaluate message 86bc96c9-725a-4440-8b16-9e2d6cc65189
[92mINFO [0m:      Sent reply
[92mINFO [0m:      
[92mINFO [0m:      Received: train message fdb53416-d745-43bd-8226-db2945b69564
[92mINFO [0m:      Sent reply
[92mINFO [0m:      
[92mINFO [0m:      Received: evaluate message 4f9f4d7d-c731-40a6-8c4b-5c1d8d0cc0f4
[92mINFO [0m:      Sent reply
[92mINFO [0m:      
[92mINFO [0m:      Received: train message a6e0e383-937a-4c5f-a373-e32824c0ce88
[92mINFO [0m:      Sent reply
[92mINFO [0m:      
[92mINFO [0m:      Received: evaluate message 96fb6537-eda3-48db-9bbc-bcdd4dbd4979
[92mINFO [0m:      Sent reply
[92mINFO [0m:      
[92mINFO [0m:      Received: train message 09f84ded-22ed-41fb-aa8f-7c15e257d02a
[92mINFO [0m:      Sent reply
[92mINFO [0m:      
[92mINFO [0m:      Received: evaluate message 52f24781-bc4e-4a38-873c-a499feefcb83
[92mINFO [0m:      Sent reply
[92mINFO [0m:      
[92mINFO [0m:      Received: train message 2f5ef38d-6063-4936-be31-6fad2026aa9b
[92mINFO [0m:      Sent reply
[92mINFO [0m:      
[92mINFO [0m:      Received: evaluate message 00221c5d-7f57-4e5e-b382-3304d25f528d
[92mINFO [0m:      Sent reply
[92mINFO [0m:      
[92mINFO [0m:      Received: train message cabe84cd-afd7-452f-9124-f193db42a0c3
[92mINFO [0m:      Sent reply
[92mINFO [0m:      
[92mINFO [0m:      Received: evaluate message fbcc7daa-085a-4f7b-be34-cbe47fd6e12d
[92mINFO [0m:      Sent reply
[92mINFO [0m:      
[92mINFO [0m:      Received: train message 813b5d55-4ad7-4f1e-a6a2-5a2cc14034df
[92mINFO [0m:      Sent reply
[92mINFO [0m:      
[92mINFO [0m:      Received: evaluate message b05ad122-f535-496e-9894-6414758d4490
[92mINFO [0m:      Sent reply
[92mINFO [0m:      
[92mINFO [0m:      Received: train message 59bdc829-f316-4f1b-811a-24651ffb7b5a
[92mINFO [0m:      Sent reply
[92mINFO [0m:      
[92mINFO [0m:      Received: evaluate message 2a01a149-a264-4e0e-8d7c-74e1ce22bf0a
[92mINFO [0m:      Sent reply
[92mINFO [0m:      
[92mINFO [0m:      Received: train message db0f6dc0-271c-4206-adb0-27b52c07b307
[92mINFO [0m:      Sent reply
[92mINFO [0m:      
[92mINFO [0m:      Received: evaluate message b3384a68-7dd9-4358-9536-dfa7b2c314bc
[92mINFO [0m:      Sent reply
[92mINFO [0m:      
[92mINFO [0m:      Received: train message 14402f15-8fd2-458a-bba0-55574b55ed41
[92mINFO [0m:      Sent reply
[92mINFO [0m:      
[92mINFO [0m:      Received: evaluate message 4b81a7c8-46d0-4101-a6c2-99802514957b
[92mINFO [0m:      Sent reply
[92mINFO [0m:      
[92mINFO [0m:      Received: train message 68a8d17b-ba8a-40bc-b9a9-895b781b0045
[92mINFO [0m:      Sent reply
[92mINFO [0m:      
[92mINFO [0m:      Received: evaluate message 31b36eb6-b08b-4e4d-a8f2-c3bc7064d630
[92mINFO [0m:      Sent reply
[92mINFO [0m:      
[92mINFO [0m:      Received: train message 62930f7b-a58e-4d24-bcc5-2abb54b072d6
[92mINFO [0m:      Sent reply
[92mINFO [0m:      
[92mINFO [0m:      Received: evaluate message 3f6e6c14-ffb8-463d-b318-dbc6a82711a0
[92mINFO [0m:      Sent reply
[92mINFO [0m:      
[92mINFO [0m:      Received: train message 977c36e0-f06d-4e24-9479-6105f58edde0
[92mINFO [0m:      Sent reply
[92mINFO [0m:      
[92mINFO [0m:      Received: evaluate message 3148d4cc-3503-41d7-972e-59a7671b774e
[92mINFO [0m:      Sent reply
[92mINFO [0m:      
[92mINFO [0m:      Received: train message 9dace77c-1154-4ef1-92a8-e87e561f3434
[92mINFO [0m:      Sent reply
[92mINFO [0m:      
[92mINFO [0m:      Received: evaluate message d0e06936-69a1-4aff-91ad-19964202bac9
[92mINFO [0m:      Sent reply
[92mINFO [0m:      
[92mINFO [0m:      Received: train message f6c05bb6-ccea-49b5-8140-462416af834c
[92mINFO [0m:      Sent reply
[92mINFO [0m:      
[92mINFO [0m:      Received: evaluate message 041fc4d0-2052-4b4c-bce5-e57fb9967a2a
[92mINFO [0m:      Sent reply
[92mINFO [0m:      
[92mINFO [0m:      Received: train message e4cfc1ef-bcef-4265-bd3b-a768fbf8fc98
[92mINFO [0m:      Sent reply
[92mINFO [0m:      
[92mINFO [0m:      Received: evaluate message e39574e9-eb85-4e7c-9537-0dd1d8ce9171
[92mINFO [0m:      Sent reply
[92mINFO [0m:      
[92mINFO [0m:      Received: train message 7611e8f9-f501-45e5-96ad-4a146ffe0f4b
[92mINFO [0m:      Sent reply
[92mINFO [0m:      
[92mINFO [0m:      Received: evaluate message 118a8dff-0ab4-4d96-a692-e7193871063c
[92mINFO [0m:      Sent reply
[92mINFO [0m:      
[92mINFO [0m:      Received: train message 22545545-ac6b-4477-9c61-b83a13402b18
[92mINFO [0m:      Sent reply
[92mINFO [0m:      
[92mINFO [0m:      Received: evaluate message b75d18b5-18f3-4686-96d1-c38a6d0c5cf3
[92mINFO [0m:      Sent reply
[92mINFO [0m:      
[92mINFO [0m:      Received: train message 8ed64944-9b45-4196-a218-ec713c661d63
[92mINFO [0m:      Sent reply
[92mINFO [0m:      
[92mINFO [0m:      Received: evaluate message 6ad697fd-9ad2-4f86-bb96-e2a7b0ab5629
[92mINFO [0m:      Sent reply
[92mINFO [0m:      
[92mINFO [0m:      Received: train message 3278a9e2-389b-477a-8123-dc76ab64e56c
[92mINFO [0m:      Sent reply
[92mINFO [0m:      
[92mINFO [0m:      Received: evaluate message 1e94c73a-845e-470f-8843-4c4cf228cfd5
[92mINFO [0m:      Sent reply
[92mINFO [0m:      
[92mINFO [0m:      Received: train message 4caddddf-a123-4263-b5d6-38cf37bfe068
[92mINFO [0m:      Sent reply
[92mINFO [0m:      
[92mINFO [0m:      Received: evaluate message d31c4b82-91a5-4a29-ae10-a4e19d4faf37
[92mINFO [0m:      Sent reply
[92mINFO [0m:      
[92mINFO [0m:      Received: train message 739d27bd-356a-4fe1-ba96-687f51a26f5e
[92mINFO [0m:      Sent reply
[92mINFO [0m:      
[92mINFO [0m:      Received: evaluate message 094e889d-dd29-4b70-a826-0e3407f9fbe8
[92mINFO [0m:      Sent reply
[92mINFO [0m:      
[92mINFO [0m:      Received: train message efa3d88b-5113-45da-896d-5af9590cbecc
[92mINFO [0m:      Sent reply
[92mINFO [0m:      
[92mINFO [0m:      Received: evaluate message 56f6ab37-c5a0-41a8-abba-c0cc6f0d83fe
[92mINFO [0m:      Sent reply
[92mINFO [0m:      
[92mINFO [0m:      Received: train message 917d0ddd-1775-4536-9062-9db2f6fec7e5
[92mINFO [0m:      Sent reply
[92mINFO [0m:      
[92mINFO [0m:      Received: evaluate message 83997195-033f-4c60-86e5-d8718338b072
[92mINFO [0m:      Sent reply
[92mINFO [0m:      
[92mINFO [0m:      Received: train message 1682e953-81b8-4e21-ba99-9ce0cf7f581c
[92mINFO [0m:      Sent reply
[92mINFO [0m:      
[92mINFO [0m:      Received: evaluate message 06f479ea-dd9e-4591-92d0-a5fa8907caf9
[92mINFO [0m:      Sent reply
[92mINFO [0m:      
[92mINFO [0m:      Received: train message 8c6eb93f-d48b-4ee1-9111-a1cbc234474e
[92mINFO [0m:      Sent reply
[92mINFO [0m:      
[92mINFO [0m:      Received: evaluate message e36a1db3-248f-4e40-9350-ba7fe0fcb455
[92mINFO [0m:      Sent reply
[92mINFO [0m:      
[92mINFO [0m:      Received: train message 702ecb32-a95c-4e7c-893e-123380f7e315
[92mINFO [0m:      Sent reply
[92mINFO [0m:      
[92mINFO [0m:      Received: evaluate message f7ac9918-6dff-4d7c-8ccb-8d572e6d8a96
[92mINFO [0m:      Sent reply
[92mINFO [0m:      
[92mINFO [0m:      Received: train message 669a8048-6ed7-40bf-9ca0-53da1fe2bd3a
[92mINFO [0m:      Sent reply
[92mINFO [0m:      
[92mINFO [0m:      Received: evaluate message d95d5594-6fde-4a27-9635-4994004129ef
[92mINFO [0m:      Sent reply
[92mINFO [0m:      
[92mINFO [0m:      Received: train message b9da55e9-5ea0-4a70-9bc2-e94230aff3b5
[92mINFO [0m:      Sent reply
[92mINFO [0m:      
[92mINFO [0m:      Received: evaluate message 23961c94-18c0-4094-bab2-425213b279cd
[92mINFO [0m:      Sent reply
[92mINFO [0m:      
[92mINFO [0m:      Received: train message f902f6af-81fe-44b8-8d65-6b8831764d51
[92mINFO [0m:      Sent reply
[92mINFO [0m:      
[92mINFO [0m:      Received: evaluate message 11f3a30c-301a-462e-9b73-ba46e03aa2a2
[92mINFO [0m:      Sent reply
[92mINFO [0m:      
[92mINFO [0m:      Received: train message c2872ed4-f6cf-4f5b-85d1-f0ee0c5eb739
[92mINFO [0m:      Sent reply
[92mINFO [0m:      
[92mINFO [0m:      Received: evaluate message 7a7261f8-ef28-4847-8844-0692ee0cb5a6
[92mINFO [0m:      Sent reply
[92mINFO [0m:      
[92mINFO [0m:      Received: reconnect message b520f7ad-f9d8-4ecf-be91-711ae00fd0ee
[92mINFO [0m:      Disconnect and shut down
