[93mWARNING [0m:   DEPRECATED FEATURE: flwr.client.start_client() is deprecated.
	Instead, use the `flower-supernode` CLI command to start a SuperNode as shown below:

		$ flower-supernode --insecure --superlink='<IP>:<PORT>'

	To view all available options, run:

		$ flower-supernode --help

	Using `start_client()` is deprecated.

            This is a deprecated feature. It will be removed
            entirely in future versions of Flower.
        
[92mINFO [0m:      
[92mINFO [0m:      Received: train message 5203518f-f613-4732-a4e3-409a252a1e82
[92mINFO [0m:      Sent reply
[92mINFO [0m:      
[92mINFO [0m:      Received: evaluate message 8f0e7641-caa0-45cf-9df0-bd1b5f455454
[92mINFO [0m:      Sent reply
[92mINFO [0m:      
[92mINFO [0m:      Received: train message 1c649c6b-fee9-4394-9b1e-ec2da2e19d98
[92mINFO [0m:      Sent reply
[92mINFO [0m:      
[92mINFO [0m:      Received: evaluate message 78846dc7-5070-4ab9-bf31-b23eba0c4602
[92mINFO [0m:      Sent reply
[92mINFO [0m:      
[92mINFO [0m:      Received: train message 7d3c331b-fb39-4928-99e2-2763ae19ea25
[92mINFO [0m:      Sent reply
[92mINFO [0m:      
[92mINFO [0m:      Received: evaluate message a8f3e809-8b8c-4bfd-9291-dd6c4ae2bb24
[92mINFO [0m:      Sent reply
[92mINFO [0m:      
[92mINFO [0m:      Received: train message 3887cffd-fa85-4072-b713-4415ffaca041
[92mINFO [0m:      Sent reply
[92mINFO [0m:      
[92mINFO [0m:      Received: evaluate message af273720-7e93-43bd-ba59-06ed418903ad
[92mINFO [0m:      Sent reply
[92mINFO [0m:      
[92mINFO [0m:      Received: train message 7379c75a-cbed-4f59-be7c-3fd5601c2500
[92mINFO [0m:      Sent reply
[92mINFO [0m:      
[92mINFO [0m:      Received: evaluate message 06dc5720-40fe-4185-a9b4-a99fc3d47394
[92mINFO [0m:      Sent reply
[92mINFO [0m:      
[92mINFO [0m:      Received: train message 8b0f4682-db8a-4af0-ab1e-40970ec0f059
[92mINFO [0m:      Sent reply
[92mINFO [0m:      
[92mINFO [0m:      Received: evaluate message aae89649-cd05-4f31-b40d-d5291fd5c9cc
[92mINFO [0m:      Sent reply
[92mINFO [0m:      
[92mINFO [0m:      Received: train message 59636e1f-d237-49bc-aaf9-aae9a564a35b
[92mINFO [0m:      Sent reply
[92mINFO [0m:      
[92mINFO [0m:      Received: evaluate message 6f8c130b-9e44-4b52-9608-13d405427d6e
[92mINFO [0m:      Sent reply
[92mINFO [0m:      
[92mINFO [0m:      Received: train message 875523ad-d669-4ebc-881c-8063f4ebba60
[92mINFO [0m:      Sent reply
[92mINFO [0m:      
[92mINFO [0m:      Received: evaluate message 0a4a5a0b-0887-4cac-adbd-b78f710d862a
[92mINFO [0m:      Sent reply
[92mINFO [0m:      
[92mINFO [0m:      Received: train message 3835c850-baaf-416e-884e-4437928a218e
[92mINFO [0m:      Sent reply
[92mINFO [0m:      
[92mINFO [0m:      Received: evaluate message 3a263d55-0366-4bef-aa03-ff21a6cc506b
[92mINFO [0m:      Sent reply
[92mINFO [0m:      
[92mINFO [0m:      Received: train message 74382919-e85e-4922-a79f-ef07091bbf87
[92mINFO [0m:      Sent reply
[92mINFO [0m:      
[92mINFO [0m:      Received: evaluate message 2bb88836-a382-4443-8daa-02a0b2473e7b
[92mINFO [0m:      Sent reply
[92mINFO [0m:      
[92mINFO [0m:      Received: train message 461a1044-f462-4103-b873-3028714a0414
[92mINFO [0m:      Sent reply
[92mINFO [0m:      
[92mINFO [0m:      Received: evaluate message 50bf5231-8102-4c46-b25b-05e31c121e0f
[92mINFO [0m:      Sent reply
[92mINFO [0m:      
[92mINFO [0m:      Received: train message 009808c8-71eb-4e28-88c8-5517193c1fe8
[92mINFO [0m:      Sent reply
[92mINFO [0m:      
[92mINFO [0m:      Received: evaluate message cf9ca61d-b446-4a08-81ab-74b90e5460fe
[92mINFO [0m:      Sent reply
[92mINFO [0m:      
[92mINFO [0m:      Received: train message 27b86090-b6d9-4d67-9b54-48bb667f5022
[92mINFO [0m:      Sent reply
[92mINFO [0m:      
[92mINFO [0m:      Received: evaluate message dbf453dc-0af8-425f-90f2-20576af7b584
[92mINFO [0m:      Sent reply
[92mINFO [0m:      
[92mINFO [0m:      Received: train message 76d78f1c-71c7-4d99-8fab-6c474309d86d
[92mINFO [0m:      Sent reply
[92mINFO [0m:      
[92mINFO [0m:      Received: evaluate message 539f1e40-e29d-453c-bc51-46e50e7ac8ce
[92mINFO [0m:      Sent reply
[92mINFO [0m:      
[92mINFO [0m:      Received: train message 24f7aa13-1545-45ee-86ad-500877969386
[92mINFO [0m:      Sent reply
[92mINFO [0m:      
[92mINFO [0m:      Received: evaluate message 52076888-1e34-4f50-b481-a6ae49f6f0fd
[92mINFO [0m:      Sent reply
[92mINFO [0m:      
[92mINFO [0m:      Received: train message d21a4e98-3a8b-4b46-b2c7-71cf47c505fd
[92mINFO [0m:      Sent reply
[92mINFO [0m:      
[92mINFO [0m:      Received: evaluate message 2b99d7be-7e13-462b-81d8-3a4a9701b452
[92mINFO [0m:      Sent reply
[92mINFO [0m:      
[92mINFO [0m:      Received: train message d83e015f-13be-4ea8-9310-29edd1e09fa4
[92mINFO [0m:      Sent reply
[92mINFO [0m:      
[92mINFO [0m:      Received: evaluate message 0954aec4-8b4e-4ef6-bebd-0cf538d5c1ff
[92mINFO [0m:      Sent reply
[92mINFO [0m:      
[92mINFO [0m:      Received: train message 49fbeca0-0134-4fc3-9391-c582fd50cd55
[92mINFO [0m:      Sent reply
[92mINFO [0m:      
[92mINFO [0m:      Received: evaluate message 9005ff08-b4ba-4ea4-ab40-3a86a66aea43
[92mINFO [0m:      Sent reply
[92mINFO [0m:      
[92mINFO [0m:      Received: train message a47c6df0-563f-42b9-ba7c-4d090102c69e
[92mINFO [0m:      Sent reply
[92mINFO [0m:      
[92mINFO [0m:      Received: evaluate message 2b48416f-a251-41f1-bfaa-2ca2faea0449
[92mINFO [0m:      Sent reply
[92mINFO [0m:      
[92mINFO [0m:      Received: train message a7a97f39-118b-435a-917f-15d39aab58b5
[92mINFO [0m:      Sent reply
[92mINFO [0m:      
[92mINFO [0m:      Received: evaluate message fcc3f1ff-2173-4f96-8c5f-fb8956ea0ef1
[92mINFO [0m:      Sent reply
[92mINFO [0m:      
[92mINFO [0m:      Received: train message fecaa2d4-3f88-4670-ae96-ae4e761acc45
[92mINFO [0m:      Sent reply
[92mINFO [0m:      
[92mINFO [0m:      Received: evaluate message f4f9304c-2e1d-4047-9b54-fdadc0d380e5
[92mINFO [0m:      Sent reply
[92mINFO [0m:      
[92mINFO [0m:      Received: train message 8758b997-f79a-4da9-a2d1-8eaf9bfcc3d9
[92mINFO [0m:      Sent reply
[92mINFO [0m:      
[92mINFO [0m:      Received: evaluate message 66de53c8-d52c-46e4-a84c-f4dc504da098
[92mINFO [0m:      Sent reply
[92mINFO [0m:      
[92mINFO [0m:      Received: train message 576915c7-c250-470e-b841-80e9f28b0685
[92mINFO [0m:      Sent reply
[92mINFO [0m:      
[92mINFO [0m:      Received: evaluate message e1dcc1da-c5d8-46bf-b511-7190acc093eb
[92mINFO [0m:      Sent reply
[92mINFO [0m:      
[92mINFO [0m:      Received: train message 1a731c20-6adf-46d4-aee5-0ef01f35e786
[92mINFO [0m:      Sent reply
[92mINFO [0m:      
[92mINFO [0m:      Received: evaluate message 03cf6dec-29b9-4af3-8855-457a02195c45
[92mINFO [0m:      Sent reply
[92mINFO [0m:      
[92mINFO [0m:      Received: train message 66f3aa26-4411-4984-81d1-537dc5011af9
[92mINFO [0m:      Sent reply
[92mINFO [0m:      
[92mINFO [0m:      Received: evaluate message ddf1c879-0a69-45f2-8959-11b4dad6dee4
[92mINFO [0m:      Sent reply
[92mINFO [0m:      
[92mINFO [0m:      Received: train message 1b854d6e-54d8-4149-bd0c-a4c429a7278d
[92mINFO [0m:      Sent reply
[92mINFO [0m:      
[92mINFO [0m:      Received: evaluate message 8867dad4-bf4c-46e0-87df-d9570e302674
[92mINFO [0m:      Sent reply
[92mINFO [0m:      
[92mINFO [0m:      Received: train message 4f14e8d7-ab49-412c-b2df-9ce8533af8b8
[92mINFO [0m:      Sent reply
[92mINFO [0m:      
[92mINFO [0m:      Received: evaluate message f0966a74-50ab-48a9-badc-7c26f410a3a8
[92mINFO [0m:      Sent reply
[92mINFO [0m:      
[92mINFO [0m:      Received: train message 5f359df2-8248-4563-b30f-3dd40140dbf8
[92mINFO [0m:      Sent reply
[92mINFO [0m:      
[92mINFO [0m:      Received: evaluate message 94ca3070-5318-4389-a313-76364fd7b002
[92mINFO [0m:      Sent reply
[92mINFO [0m:      
[92mINFO [0m:      Received: train message ed3aed05-c7b5-4237-9063-12c711562d88
[92mINFO [0m:      Sent reply
[92mINFO [0m:      
[92mINFO [0m:      Received: evaluate message 47266216-add5-496b-a420-3bfd4282411b
[92mINFO [0m:      Sent reply
[92mINFO [0m:      
[92mINFO [0m:      Received: train message 387b07ad-f3d4-4fe7-8684-dd0381b41911
[92mINFO [0m:      Sent reply
[92mINFO [0m:      
[92mINFO [0m:      Received: evaluate message bc03ddbb-51be-4588-af29-5bd67a5098b8
[92mINFO [0m:      Sent reply
[92mINFO [0m:      
[92mINFO [0m:      Received: train message c419b93d-2068-4c20-8037-5fd0907fcee9
[92mINFO [0m:      Sent reply
[92mINFO [0m:      
[92mINFO [0m:      Received: evaluate message 4ca0347d-1292-4cf3-8095-d2c38228d410
[92mINFO [0m:      Sent reply
[92mINFO [0m:      
[92mINFO [0m:      Received: train message cd626e1c-9b96-4881-b7bc-bf5742cf2eca
[92mINFO [0m:      Sent reply
[92mINFO [0m:      
[92mINFO [0m:      Received: evaluate message a22730aa-d4fe-4269-b9e6-3257a7b79a7d
[92mINFO [0m:      Sent reply
[92mINFO [0m:      
[92mINFO [0m:      Received: train message c7197ddd-665b-4d84-920a-3879ac6ebed9
[92mINFO [0m:      Sent reply
[92mINFO [0m:      
[92mINFO [0m:      Received: evaluate message e74c14dc-0e66-4adf-8759-9aa7547ab501
[92mINFO [0m:      Sent reply
[92mINFO [0m:      
[92mINFO [0m:      Received: train message d0eea578-f8d1-4882-ae96-887e096babb1
[92mINFO [0m:      Sent reply
[92mINFO [0m:      
[92mINFO [0m:      Received: evaluate message c09a374d-4457-403b-a536-ebcf4a00f751
[92mINFO [0m:      Sent reply
[92mINFO [0m:      
[92mINFO [0m:      Received: train message f2407cda-5310-4c3f-8798-4b5286698b7b
[92mINFO [0m:      Sent reply
[92mINFO [0m:      
[92mINFO [0m:      Received: evaluate message 545623b3-fa5a-4742-ad81-605890642a62
[92mINFO [0m:      Sent reply
[92mINFO [0m:      
[92mINFO [0m:      Received: train message 2df9cafb-eee5-4be5-afbc-2b172862ae6d
[92mINFO [0m:      Sent reply
[92mINFO [0m:      
[92mINFO [0m:      Received: evaluate message 178d239a-89ab-40d4-b115-0574a5bbc839
[92mINFO [0m:      Sent reply
[92mINFO [0m:      
[92mINFO [0m:      Received: train message 5d5e3fa5-c9e0-468c-90c8-0f185edc508a
[92mINFO [0m:      Sent reply
[92mINFO [0m:      
[92mINFO [0m:      Received: evaluate message fd87f523-68d0-41ab-908a-c0af83ca85b1
[92mINFO [0m:      Sent reply
[92mINFO [0m:      
[92mINFO [0m:      Received: train message 619e4fc9-aa39-4d41-95d7-1fd5ea54eb49
[92mINFO [0m:      Sent reply
[92mINFO [0m:      
[92mINFO [0m:      Received: evaluate message 153b9642-6d31-4d26-8c7d-55c96a3005d5
[92mINFO [0m:      Sent reply
[92mINFO [0m:      
[92mINFO [0m:      Received: train message 93347357-131b-4272-886c-ce456b91aa45
[92mINFO [0m:      Sent reply
[92mINFO [0m:      
[92mINFO [0m:      Received: evaluate message 3bc2b18b-5ab2-4ea6-a76d-663365c8eba1
[92mINFO [0m:      Sent reply
[92mINFO [0m:      
[92mINFO [0m:      Received: train message 5c18fd8c-2f83-4e97-a762-d809f459ceb6
[92mINFO [0m:      Sent reply
[92mINFO [0m:      
[92mINFO [0m:      Received: evaluate message 88851a4c-a8e9-45df-a856-22e1cc534046
[92mINFO [0m:      Sent reply
[92mINFO [0m:      
[92mINFO [0m:      Received: train message 507aa77f-02e3-41b7-8ed2-6688fa31249f
[92mINFO [0m:      Sent reply
[92mINFO [0m:      
[92mINFO [0m:      Received: evaluate message ad6b3182-d875-4db6-bdcf-88640e4b0ece
[92mINFO [0m:      Sent reply
[92mINFO [0m:      
[92mINFO [0m:      Received: train message 477e2309-024a-4a3c-b6e3-755381df5c21
[92mINFO [0m:      Sent reply
[92mINFO [0m:      
[92mINFO [0m:      Received: evaluate message 4573f206-85ab-479e-b73d-86fa77dbd363
[92mINFO [0m:      Sent reply
[92mINFO [0m:      
[92mINFO [0m:      Received: train message c83bf842-7eac-4d54-95fa-0bcd30f48864
[92mINFO [0m:      Sent reply
[92mINFO [0m:      
[92mINFO [0m:      Received: evaluate message afa0eee8-904c-4a52-83ad-ebfa4ed27e1f
[92mINFO [0m:      Sent reply
[92mINFO [0m:      
[92mINFO [0m:      Received: train message dedf752d-926f-4fce-a909-e5b8ec7452ae
[92mINFO [0m:      Sent reply
[92mINFO [0m:      
[92mINFO [0m:      Received: evaluate message 80559251-92de-4dc5-917d-41686bb28f64
[92mINFO [0m:      Sent reply
[92mINFO [0m:      
[92mINFO [0m:      Received: train message 819a229c-9929-442b-88a9-4a25965ef5c7
[92mINFO [0m:      Sent reply
[92mINFO [0m:      
[92mINFO [0m:      Received: evaluate message ea2cbe20-b41f-4137-95ee-53178ca3cc9a
[92mINFO [0m:      Sent reply
[92mINFO [0m:      
[92mINFO [0m:      Received: train message 1f73d5e0-0d44-4eee-9bb1-0cd74e04f1d4
[92mINFO [0m:      Sent reply
[92mINFO [0m:      
[92mINFO [0m:      Received: evaluate message 7584306e-f45e-49d8-ac0d-202387889603
[92mINFO [0m:      Sent reply
[92mINFO [0m:      
[92mINFO [0m:      Received: train message 096256fc-7233-463c-a7fb-5282a1a87702
[92mINFO [0m:      Sent reply
[92mINFO [0m:      
[92mINFO [0m:      Received: evaluate message afdcf646-34b6-45bd-83d0-1c1eae4c7c6d
[92mINFO [0m:      Sent reply
[92mINFO [0m:      
[92mINFO [0m:      Received: train message 9574a5b9-97dd-4954-9a12-c9d435f9d154
[92mINFO [0m:      Sent reply
[92mINFO [0m:      
[92mINFO [0m:      Received: evaluate message 8f3c3fe0-8224-4683-a273-3d73b4597003
[92mINFO [0m:      Sent reply
[92mINFO [0m:      
[92mINFO [0m:      Received: train message d0a9c593-5f49-4c6f-b733-9aa8cd9fbd1c
[92mINFO [0m:      Sent reply
[92mINFO [0m:      
[92mINFO [0m:      Received: evaluate message 50f04296-ee5f-436c-abfc-42329fefcc8f
[92mINFO [0m:      Sent reply
[92mINFO [0m:      
[92mINFO [0m:      Received: train message b650d05c-1315-4cec-be57-bdf3b758186e
[92mINFO [0m:      Sent reply
[92mINFO [0m:      
[92mINFO [0m:      Received: evaluate message 2e201b02-370e-4260-b4be-1684a837defc
[92mINFO [0m:      Sent reply
[92mINFO [0m:      
[92mINFO [0m:      Received: reconnect message 390018e8-ca14-440f-9ed1-69ef62dacf04
[92mINFO [0m:      Disconnect and shut down
