[93mWARNING [0m:   DEPRECATED FEATURE: flwr.client.start_client() is deprecated.
	Instead, use the `flower-supernode` CLI command to start a SuperNode as shown below:

		$ flower-supernode --insecure --superlink='<IP>:<PORT>'

	To view all available options, run:

		$ flower-supernode --help

	Using `start_client()` is deprecated.

            This is a deprecated feature. It will be removed
            entirely in future versions of Flower.
        
[92mINFO [0m:      
[92mINFO [0m:      Received: train message 66357d28-9062-4f3c-888e-5606e4423d86
[92mINFO [0m:      Sent reply
[92mINFO [0m:      
[92mINFO [0m:      Received: evaluate message 37e4fa2f-9eb8-48e3-bf19-1d9e38d2a637
[92mINFO [0m:      Sent reply
[92mINFO [0m:      
[92mINFO [0m:      Received: train message 2df2a97f-24e6-4968-b6c1-f973b1486e28
[92mINFO [0m:      Sent reply
[92mINFO [0m:      
[92mINFO [0m:      Received: evaluate message 4235ec5c-14b4-4eed-8e84-d019777f578e
[92mINFO [0m:      Sent reply
[92mINFO [0m:      
[92mINFO [0m:      Received: train message 6bf13054-1c42-462b-9064-14fdb7e7afdf
[92mINFO [0m:      Sent reply
[92mINFO [0m:      
[92mINFO [0m:      Received: evaluate message ea2d5a46-83cf-4b21-be4f-bc59d50fe0e7
[92mINFO [0m:      Sent reply
[92mINFO [0m:      
[92mINFO [0m:      Received: train message 8fbe9a07-095d-499b-aad6-13ad48c1c6e2
[92mINFO [0m:      Sent reply
[92mINFO [0m:      
[92mINFO [0m:      Received: evaluate message 6f6ff4f4-1cde-414a-b375-c3237aabe2c4
[92mINFO [0m:      Sent reply
[92mINFO [0m:      
[92mINFO [0m:      Received: train message 4ef6127a-8db7-47b1-a8bc-f5efe356fd4e
[92mINFO [0m:      Sent reply
[92mINFO [0m:      
[92mINFO [0m:      Received: evaluate message f5d7bc68-0808-42f8-b7f9-d392b1465c97
[92mINFO [0m:      Sent reply
[92mINFO [0m:      
[92mINFO [0m:      Received: train message 50018823-c018-424c-91ca-006f714f181a
[92mINFO [0m:      Sent reply
[92mINFO [0m:      
[92mINFO [0m:      Received: evaluate message 200a2f20-f18f-4977-beb7-54239323c81b
[92mINFO [0m:      Sent reply
[92mINFO [0m:      
[92mINFO [0m:      Received: train message 5109ec3c-69c2-4586-b561-cab59596ac4a
[92mINFO [0m:      Sent reply
[92mINFO [0m:      
[92mINFO [0m:      Received: evaluate message b60d2807-81c3-4ae4-b7ee-14fe2db9f8b0
[92mINFO [0m:      Sent reply
[92mINFO [0m:      
[92mINFO [0m:      Received: train message 07293dea-e541-41b4-a9a3-98ca9481c052
[92mINFO [0m:      Sent reply
[92mINFO [0m:      
[92mINFO [0m:      Received: evaluate message 0960b9f3-c096-4ef1-b131-f3d93d1ca906
[92mINFO [0m:      Sent reply
[92mINFO [0m:      
[92mINFO [0m:      Received: train message 95361348-81ab-4066-a669-f7885a56cb67
[92mINFO [0m:      Sent reply
[92mINFO [0m:      
[92mINFO [0m:      Received: evaluate message 3d3d5fce-c075-491c-b975-db55266c7590
[92mINFO [0m:      Sent reply
[92mINFO [0m:      
[92mINFO [0m:      Received: train message 6fa28de7-bbb4-40ac-8d92-d80b5fcf8829
[92mINFO [0m:      Sent reply
[92mINFO [0m:      
[92mINFO [0m:      Received: evaluate message 3d9b0c3b-47da-42fc-bc24-dc7dd0fc8cc9
[92mINFO [0m:      Sent reply
[92mINFO [0m:      
[92mINFO [0m:      Received: train message 2a116539-ebc3-4efd-894d-e57ce429504a
[92mINFO [0m:      Sent reply
[92mINFO [0m:      
[92mINFO [0m:      Received: evaluate message 12e3149a-5d9d-477a-ad50-9f7499980e31
[92mINFO [0m:      Sent reply
[92mINFO [0m:      
[92mINFO [0m:      Received: train message eb96fccd-e436-42d5-a00b-1a878e21b323
[92mINFO [0m:      Sent reply
[92mINFO [0m:      
[92mINFO [0m:      Received: evaluate message 2c94cb14-0f34-45c5-b357-d4cdfb0d5065
[92mINFO [0m:      Sent reply
[92mINFO [0m:      
[92mINFO [0m:      Received: train message 83589509-dec6-4cfa-8922-80d62b23f929
[92mINFO [0m:      Sent reply
[92mINFO [0m:      
[92mINFO [0m:      Received: evaluate message e85286cb-c6bb-4ef6-b8fc-b97c407f6083
[92mINFO [0m:      Sent reply
[92mINFO [0m:      
[92mINFO [0m:      Received: train message d3d48ded-6fa7-444f-ab8d-b058c8502a61
[92mINFO [0m:      Sent reply
[92mINFO [0m:      
[92mINFO [0m:      Received: evaluate message 3634f107-3e13-4de0-b02b-298a8eff121d
[92mINFO [0m:      Sent reply
[92mINFO [0m:      
[92mINFO [0m:      Received: train message 342aae82-aa7c-4d43-9983-23a23d90d74a
[92mINFO [0m:      Sent reply
[92mINFO [0m:      
[92mINFO [0m:      Received: evaluate message f9c1dc1a-deef-4978-b2cd-f85d2348e3df
[92mINFO [0m:      Sent reply
[92mINFO [0m:      
[92mINFO [0m:      Received: train message dc7375c6-d1ca-472b-81d3-fe318040f99c
[92mINFO [0m:      Sent reply
[92mINFO [0m:      
[92mINFO [0m:      Received: evaluate message db43593e-3e6a-4040-88fb-8a741aefb175
[92mINFO [0m:      Sent reply
[92mINFO [0m:      
[92mINFO [0m:      Received: train message 689e12ad-cfc5-4311-b933-3b49f5e79790
[92mINFO [0m:      Sent reply
[92mINFO [0m:      
[92mINFO [0m:      Received: evaluate message ef4ee78d-45c0-4185-80ce-42835222e70b
[92mINFO [0m:      Sent reply
[92mINFO [0m:      
[92mINFO [0m:      Received: train message 30f9e918-69c4-4716-9d8f-8d94615aabfe
[92mINFO [0m:      Sent reply
[92mINFO [0m:      
[92mINFO [0m:      Received: evaluate message 87478726-af8b-4b40-a09f-e6f4350ab945
[92mINFO [0m:      Sent reply
[92mINFO [0m:      
[92mINFO [0m:      Received: train message 24237f89-07f2-4197-b5d0-f84289f1187d
[92mINFO [0m:      Sent reply
[92mINFO [0m:      
[92mINFO [0m:      Received: evaluate message 67426ec6-3028-47c5-9a11-7161edd10259
[92mINFO [0m:      Sent reply
[92mINFO [0m:      
[92mINFO [0m:      Received: train message f9d47ee7-d1d0-451f-902b-c058f18ee68c
[92mINFO [0m:      Sent reply
[92mINFO [0m:      
[92mINFO [0m:      Received: evaluate message d55ded9d-39d7-4687-b709-720a3b035996
[92mINFO [0m:      Sent reply
[92mINFO [0m:      
[92mINFO [0m:      Received: train message 131b7da0-cb7d-4379-83d7-b4c96b796203
[92mINFO [0m:      Sent reply
[92mINFO [0m:      
[92mINFO [0m:      Received: evaluate message 8a89e194-0d04-4010-a799-0fae383a9d72
[92mINFO [0m:      Sent reply
[92mINFO [0m:      
[92mINFO [0m:      Received: train message de1dff7b-c316-4984-9030-cc57a1dc88d3
[92mINFO [0m:      Sent reply
[92mINFO [0m:      
[92mINFO [0m:      Received: evaluate message 782cb6da-42cc-4ff0-a472-6f6d582e5524
[92mINFO [0m:      Sent reply
[92mINFO [0m:      
[92mINFO [0m:      Received: train message e6c9fc42-1d18-432d-8938-4b289611bb62
[92mINFO [0m:      Sent reply
[92mINFO [0m:      
[92mINFO [0m:      Received: evaluate message 020886ff-4bda-40ad-bbe4-874093448563
[92mINFO [0m:      Sent reply
[92mINFO [0m:      
[92mINFO [0m:      Received: train message ee4f6934-2f29-4376-ae99-8cfe838a8836
[92mINFO [0m:      Sent reply
[92mINFO [0m:      
[92mINFO [0m:      Received: evaluate message c0b90502-6110-49b1-8c35-659b231e9e4e
[92mINFO [0m:      Sent reply
[92mINFO [0m:      
[92mINFO [0m:      Received: train message f573fe76-2720-4a25-af3d-4e16700a4c04
[92mINFO [0m:      Sent reply
[92mINFO [0m:      
[92mINFO [0m:      Received: evaluate message 58a19aa5-a775-41b1-9a57-064d2602c13f
[92mINFO [0m:      Sent reply
[92mINFO [0m:      
[92mINFO [0m:      Received: train message 8f2d4067-8ea6-451e-b9b0-48d9e1731498
[92mINFO [0m:      Sent reply
[92mINFO [0m:      
[92mINFO [0m:      Received: evaluate message f4a8a452-142f-437f-8289-0e9893bbd7f1
[92mINFO [0m:      Sent reply
[92mINFO [0m:      
[92mINFO [0m:      Received: train message 10a782ef-08bc-4998-b8ac-6963ab7b76ae
[92mINFO [0m:      Sent reply
[92mINFO [0m:      
[92mINFO [0m:      Received: evaluate message 2b16652c-5eae-4606-a05b-a68e50c3c71f
[92mINFO [0m:      Sent reply
[92mINFO [0m:      
[92mINFO [0m:      Received: train message 1ab70539-b7bb-4926-b94c-00716a76c962
[92mINFO [0m:      Sent reply
[92mINFO [0m:      
[92mINFO [0m:      Received: evaluate message 34e41316-3660-472d-980c-14349c17056d
[92mINFO [0m:      Sent reply
[92mINFO [0m:      
[92mINFO [0m:      Received: train message 853b8bd6-f99a-4103-9b9f-3cec17e98354
[92mINFO [0m:      Sent reply
[92mINFO [0m:      
[92mINFO [0m:      Received: evaluate message 539f6e04-238d-4550-84fa-d6450ed29353
[92mINFO [0m:      Sent reply
[92mINFO [0m:      
[92mINFO [0m:      Received: train message 2453ffb9-5e9c-4d25-83a0-bdeedefc5556
[92mINFO [0m:      Sent reply
[92mINFO [0m:      
[92mINFO [0m:      Received: evaluate message 919d93a6-cb08-457e-ade8-dc0fdbcbcb42
[92mINFO [0m:      Sent reply
[92mINFO [0m:      
[92mINFO [0m:      Received: train message 092ea6b4-46e0-4c56-ae4a-85d09458900a
[92mINFO [0m:      Sent reply
[92mINFO [0m:      
[92mINFO [0m:      Received: evaluate message 39bf5343-3c8f-4be6-8e61-abb0440c2567
[92mINFO [0m:      Sent reply
[92mINFO [0m:      
[92mINFO [0m:      Received: train message 1717b815-1fc6-4956-b435-956451741afe
[92mINFO [0m:      Sent reply
[92mINFO [0m:      
[92mINFO [0m:      Received: evaluate message 406e846d-b062-4a38-b202-4dc5bc9d31b8
[92mINFO [0m:      Sent reply
[92mINFO [0m:      
[92mINFO [0m:      Received: train message 08eb5bfd-e0e9-4775-baae-68cef3947e28
[92mINFO [0m:      Sent reply
[92mINFO [0m:      
[92mINFO [0m:      Received: evaluate message 0a3e1eb8-1167-47f2-a94e-4e990681bc1d
[92mINFO [0m:      Sent reply
[92mINFO [0m:      
[92mINFO [0m:      Received: train message 1588481a-e2b2-4121-81f3-9268674e1d01
[92mINFO [0m:      Sent reply
[92mINFO [0m:      
[92mINFO [0m:      Received: evaluate message c4356b8e-58dd-4f86-9217-c7398c41f2e3
[92mINFO [0m:      Sent reply
[92mINFO [0m:      
[92mINFO [0m:      Received: train message e5068932-040f-4dac-97d4-24bbc94a9f99
[92mINFO [0m:      Sent reply
[92mINFO [0m:      
[92mINFO [0m:      Received: evaluate message 4d73e65c-d2fb-47e6-ac32-2a934ae89cbe
[92mINFO [0m:      Sent reply
[92mINFO [0m:      
[92mINFO [0m:      Received: train message 3d6a0919-47c6-408d-977f-863eb2ecc04b
[92mINFO [0m:      Sent reply
[92mINFO [0m:      
[92mINFO [0m:      Received: evaluate message 640df96d-ff9c-4c74-94e2-6fca9835c937
[92mINFO [0m:      Sent reply
[92mINFO [0m:      
[92mINFO [0m:      Received: train message 5b923c0a-8607-4fbb-a0c8-fcb1b963f88f
[92mINFO [0m:      Sent reply
[92mINFO [0m:      
[92mINFO [0m:      Received: evaluate message 1375254e-17c3-46e0-b46a-468de2103cd7
[92mINFO [0m:      Sent reply
[92mINFO [0m:      
[92mINFO [0m:      Received: train message 414542a2-0353-42d0-8088-3dae73282f73
[92mINFO [0m:      Sent reply
[92mINFO [0m:      
[92mINFO [0m:      Received: evaluate message afbee5d2-810e-4779-be3d-14364e4c4ca5
[92mINFO [0m:      Sent reply
[92mINFO [0m:      
[92mINFO [0m:      Received: train message 98764c8b-0730-458b-a3d8-44b018eb3cb9
[92mINFO [0m:      Sent reply
[92mINFO [0m:      
[92mINFO [0m:      Received: evaluate message a84396de-aa8a-48b6-9dfa-d3a8ce977b77
[92mINFO [0m:      Sent reply
[92mINFO [0m:      
[92mINFO [0m:      Received: train message 34dbd243-175c-44c9-93b0-ab085d5c82d8
[92mINFO [0m:      Sent reply
[92mINFO [0m:      
[92mINFO [0m:      Received: evaluate message 868fc8dd-f689-41bf-920f-030a2e43b0ba
[92mINFO [0m:      Sent reply
[92mINFO [0m:      
[92mINFO [0m:      Received: train message cd94b14b-934d-4559-9707-f3f7d03e189b
[92mINFO [0m:      Sent reply
[92mINFO [0m:      
[92mINFO [0m:      Received: evaluate message 03518507-be0b-4bde-b7c0-f5bf82d5f797
[92mINFO [0m:      Sent reply
[92mINFO [0m:      
[92mINFO [0m:      Received: train message ad61e8ed-7d55-478a-8046-b05678137b6e
[92mINFO [0m:      Sent reply
[92mINFO [0m:      
[92mINFO [0m:      Received: evaluate message d268f694-1480-4764-bab7-514e92fd7895
[92mINFO [0m:      Sent reply
[92mINFO [0m:      
[92mINFO [0m:      Received: train message a55ad282-8a20-4594-9b81-63128baba8b1
[92mINFO [0m:      Sent reply
[92mINFO [0m:      
[92mINFO [0m:      Received: evaluate message 63b19755-91a7-4a84-aad1-3a090e5a57bc
[92mINFO [0m:      Sent reply
[92mINFO [0m:      
[92mINFO [0m:      Received: train message ba985b50-0e3f-4e56-b254-f2215854cbf8
[92mINFO [0m:      Sent reply
[92mINFO [0m:      
[92mINFO [0m:      Received: evaluate message 67697f5f-09a2-4d89-bb8a-25fc38ea815d
[92mINFO [0m:      Sent reply
[92mINFO [0m:      
[92mINFO [0m:      Received: train message b865142a-8022-4428-a9da-f66e8dda10ed
[92mINFO [0m:      Sent reply
[92mINFO [0m:      
[92mINFO [0m:      Received: evaluate message baa7bdeb-1ef7-4735-9920-e615a231f94b
[92mINFO [0m:      Sent reply
[92mINFO [0m:      
[92mINFO [0m:      Received: train message 22048704-d1b7-4c4a-8f01-aa14b8e252fc
[92mINFO [0m:      Sent reply
[92mINFO [0m:      
[92mINFO [0m:      Received: evaluate message 68d2afc6-abba-4ef3-a783-52181195f444
[92mINFO [0m:      Sent reply
[92mINFO [0m:      
[92mINFO [0m:      Received: train message 8edda50d-2942-40d6-ac4a-2a8f74b4f240
[92mINFO [0m:      Sent reply
[92mINFO [0m:      
[92mINFO [0m:      Received: evaluate message 72dc8546-5739-4d7f-a8fd-3197f68e2eb5
[92mINFO [0m:      Sent reply
[92mINFO [0m:      
[92mINFO [0m:      Received: train message 2221a382-5fbb-477b-84cf-55666ef93cfc
[92mINFO [0m:      Sent reply
[92mINFO [0m:      
[92mINFO [0m:      Received: evaluate message 0fd0266c-6c4e-48c2-929d-4f7e11924fc9
[92mINFO [0m:      Sent reply
[92mINFO [0m:      
[92mINFO [0m:      Received: train message 58ead324-8bd7-4da8-bb5f-545ce7c65e6d
[92mINFO [0m:      Sent reply
[92mINFO [0m:      
[92mINFO [0m:      Received: evaluate message 63029c72-8877-415e-b74b-48d39159136e
[92mINFO [0m:      Sent reply
[92mINFO [0m:      
[92mINFO [0m:      Received: train message 525defd9-5438-4598-b23c-dc8e282d1934
[92mINFO [0m:      Sent reply
[92mINFO [0m:      
[92mINFO [0m:      Received: evaluate message fb4903ec-7668-4f63-8b34-651caa3afb34
[92mINFO [0m:      Sent reply
[92mINFO [0m:      
[92mINFO [0m:      Received: reconnect message 99bf0a81-1290-431e-a893-02c4648a5fb4
[92mINFO [0m:      Disconnect and shut down
