[93mWARNING [0m:   DEPRECATED FEATURE: flwr.client.start_client() is deprecated.
	Instead, use the `flower-supernode` CLI command to start a SuperNode as shown below:

		$ flower-supernode --insecure --superlink='<IP>:<PORT>'

	To view all available options, run:

		$ flower-supernode --help

	Using `start_client()` is deprecated.

            This is a deprecated feature. It will be removed
            entirely in future versions of Flower.
        
[92mINFO [0m:      
[92mINFO [0m:      Received: train message d962d7cb-a971-435a-8d6b-7e71072c952a
[92mINFO [0m:      Sent reply
[92mINFO [0m:      
[92mINFO [0m:      Received: evaluate message e8b8c06a-3e71-45dc-82fc-ab3e22cded7e
[92mINFO [0m:      Sent reply
[92mINFO [0m:      
[92mINFO [0m:      Received: train message 000c5368-cc93-4255-9fc1-0a926470f903
[92mINFO [0m:      Sent reply
[92mINFO [0m:      
[92mINFO [0m:      Received: evaluate message a308eae4-2366-427a-9370-c9c0e0151ce7
[92mINFO [0m:      Sent reply
[92mINFO [0m:      
[92mINFO [0m:      Received: train message 690bf0a6-7c01-419b-8f8f-272770085865
[92mINFO [0m:      Sent reply
[92mINFO [0m:      
[92mINFO [0m:      Received: evaluate message 40b3f742-125c-4274-8878-3709c614aecc
[92mINFO [0m:      Sent reply
[92mINFO [0m:      
[92mINFO [0m:      Received: train message 99d5d723-a08d-4a92-9f04-72fd9fa66c1f
[92mINFO [0m:      Sent reply
[92mINFO [0m:      
[92mINFO [0m:      Received: evaluate message f464f9e9-2dbe-4ecd-95c4-60d9fb053f4e
[92mINFO [0m:      Sent reply
[92mINFO [0m:      
[92mINFO [0m:      Received: train message a0035c5a-c74d-41ea-9cb1-9097075051fd
[92mINFO [0m:      Sent reply
[92mINFO [0m:      
[92mINFO [0m:      Received: evaluate message 254082f4-eb5b-4c5d-b744-37f41dfa90c4
[92mINFO [0m:      Sent reply
[92mINFO [0m:      
[92mINFO [0m:      Received: train message 0663792b-ef9b-42c1-81c5-ad9049a3d034
[92mINFO [0m:      Sent reply
[92mINFO [0m:      
[92mINFO [0m:      Received: evaluate message c67dd3f0-ddd0-42d4-b694-7a3e57e51d01
[92mINFO [0m:      Sent reply
[92mINFO [0m:      
[92mINFO [0m:      Received: train message bd6c0d73-4834-41e4-b5e2-54b36dd76716
[92mINFO [0m:      Sent reply
[92mINFO [0m:      
[92mINFO [0m:      Received: evaluate message 5eb971a4-dc98-415e-abba-e118f6aec3a9
[92mINFO [0m:      Sent reply
[92mINFO [0m:      
[92mINFO [0m:      Received: train message f9ccbaf2-44ee-40fb-a6c5-0c62682652dd
[92mINFO [0m:      Sent reply
[92mINFO [0m:      
[92mINFO [0m:      Received: evaluate message 6385023d-646a-476d-924e-2581b981ee28
[92mINFO [0m:      Sent reply
[92mINFO [0m:      
[92mINFO [0m:      Received: train message 7aeb53dd-728d-42f4-8029-0441884bd416
[92mINFO [0m:      Sent reply
[92mINFO [0m:      
[92mINFO [0m:      Received: evaluate message b698a5ef-61ce-40a2-a496-942ad0522f02
[92mINFO [0m:      Sent reply
[92mINFO [0m:      
[92mINFO [0m:      Received: train message ad7bb2c1-6653-451c-af25-cf6d2bec5bea
[92mINFO [0m:      Sent reply
[92mINFO [0m:      
[92mINFO [0m:      Received: evaluate message 45ec0a03-4ff7-4afc-946c-169c96af0efd
[92mINFO [0m:      Sent reply
[92mINFO [0m:      
[92mINFO [0m:      Received: train message e991460a-6f67-474a-9e44-603a2f338db6
[92mINFO [0m:      Sent reply
[92mINFO [0m:      
[92mINFO [0m:      Received: evaluate message af020b0f-cf59-4246-b848-42928a76ed4c
[92mINFO [0m:      Sent reply
[92mINFO [0m:      
[92mINFO [0m:      Received: train message ad22618c-51d4-481b-bc93-6a59564f40c0
[92mINFO [0m:      Sent reply
[92mINFO [0m:      
[92mINFO [0m:      Received: evaluate message f1fd7683-efb1-4ddf-b900-8494833d285b
[92mINFO [0m:      Sent reply
[92mINFO [0m:      
[92mINFO [0m:      Received: train message 0bb79427-3803-4cf0-8f13-9c770273d21a
[92mINFO [0m:      Sent reply
[92mINFO [0m:      
[92mINFO [0m:      Received: evaluate message 127e9a5d-d80d-4a3b-b5be-960ba5b490c4
[92mINFO [0m:      Sent reply
[92mINFO [0m:      
[92mINFO [0m:      Received: train message 67cc804d-d6c0-46e3-8361-68364759cfa0
[92mINFO [0m:      Sent reply
[92mINFO [0m:      
[92mINFO [0m:      Received: evaluate message 7a8e6931-55ca-4894-b344-779f76c6b617
[92mINFO [0m:      Sent reply
[92mINFO [0m:      
[92mINFO [0m:      Received: train message 69fd1fe1-db0b-42cb-b55a-67fc20c272b9
[92mINFO [0m:      Sent reply
[92mINFO [0m:      
[92mINFO [0m:      Received: evaluate message e6919103-42ce-4d10-91ba-c581b22de62f
[92mINFO [0m:      Sent reply
[92mINFO [0m:      
[92mINFO [0m:      Received: train message d8e75402-3d2f-49e3-b66b-c40463d67017
[92mINFO [0m:      Sent reply
[92mINFO [0m:      
[92mINFO [0m:      Received: evaluate message a389915d-7a4e-4761-92b3-cfc9b0df90ff
[92mINFO [0m:      Sent reply
[92mINFO [0m:      
[92mINFO [0m:      Received: train message 9b992010-da60-4864-86a3-1d51565bce47
[92mINFO [0m:      Sent reply
[92mINFO [0m:      
[92mINFO [0m:      Received: evaluate message b2a8cc74-2a23-4442-98ac-620bb0b05aff
[92mINFO [0m:      Sent reply
[92mINFO [0m:      
[92mINFO [0m:      Received: train message 58e33bf5-a903-47fd-8f50-ada95f463e96
[92mINFO [0m:      Sent reply
[92mINFO [0m:      
[92mINFO [0m:      Received: evaluate message 82844998-ab5c-4f68-af6f-94a6c30a39c6
[92mINFO [0m:      Sent reply
[92mINFO [0m:      
[92mINFO [0m:      Received: train message 9261ecb4-846d-4ccf-bd72-d9f71673ba62
[92mINFO [0m:      Sent reply
[92mINFO [0m:      
[92mINFO [0m:      Received: evaluate message 9d97b312-1947-4a8e-8b3c-7c8eb2a833b7
[92mINFO [0m:      Sent reply
[92mINFO [0m:      
[92mINFO [0m:      Received: train message f1d9d7db-3527-4ef0-b761-3bebea7f0472
[92mINFO [0m:      Sent reply
[92mINFO [0m:      
[92mINFO [0m:      Received: evaluate message ee6382ac-c7a4-4aa3-b124-89efae4bd7c6
[92mINFO [0m:      Sent reply
[92mINFO [0m:      
[92mINFO [0m:      Received: train message d22eafc5-0dc9-4277-b3eb-bec7e2c17612
[92mINFO [0m:      Sent reply
[92mINFO [0m:      
[92mINFO [0m:      Received: evaluate message a8047712-8597-4928-a248-190986f1c799
[92mINFO [0m:      Sent reply
[92mINFO [0m:      
[92mINFO [0m:      Received: train message 2b6805e0-f8d4-4f4a-ae53-c53f9cc85bac
[92mINFO [0m:      Sent reply
[92mINFO [0m:      
[92mINFO [0m:      Received: evaluate message 5732cdfa-12ed-4c59-8f41-9cc9952c937f
[92mINFO [0m:      Sent reply
[92mINFO [0m:      
[92mINFO [0m:      Received: train message 0af120f2-efad-40e0-9edc-c71d51abbfdf
[92mINFO [0m:      Sent reply
[92mINFO [0m:      
[92mINFO [0m:      Received: evaluate message f1aff4ed-d956-484a-b24f-5962231f39d4
[92mINFO [0m:      Sent reply
[92mINFO [0m:      
[92mINFO [0m:      Received: train message 1c796ea0-4a50-424e-8b00-b5652ee1539d
[92mINFO [0m:      Sent reply
[92mINFO [0m:      
[92mINFO [0m:      Received: evaluate message d6cccce5-af0e-42c3-8d6b-b20d9886d8f1
[92mINFO [0m:      Sent reply
[92mINFO [0m:      
[92mINFO [0m:      Received: train message 3bfb6896-abc6-40f9-9bd7-99a862e6479d
[92mINFO [0m:      Sent reply
[92mINFO [0m:      
[92mINFO [0m:      Received: evaluate message ece3595c-33f9-4b40-931e-c59a1c851af6
[92mINFO [0m:      Sent reply
[92mINFO [0m:      
[92mINFO [0m:      Received: train message 72bc6bfe-0200-4e0e-b212-1c04a49fa36b
[92mINFO [0m:      Sent reply
[92mINFO [0m:      
[92mINFO [0m:      Received: evaluate message e01b0cb7-2e96-4ef1-a2ab-03346193e378
[92mINFO [0m:      Sent reply
[92mINFO [0m:      
[92mINFO [0m:      Received: train message dd910b86-7a9a-48df-9fb5-d2a5b7018c35
[92mINFO [0m:      Sent reply
[92mINFO [0m:      
[92mINFO [0m:      Received: evaluate message a28ef9ec-c944-4251-917e-44429d99cc1f
[92mINFO [0m:      Sent reply
[92mINFO [0m:      
[92mINFO [0m:      Received: train message 3db29fef-f7c5-42c3-9c54-e7d449e59cde
[92mINFO [0m:      Sent reply
[92mINFO [0m:      
[92mINFO [0m:      Received: evaluate message dda94ca7-c494-4647-9e28-69a4cbdfcd76
[92mINFO [0m:      Sent reply
[92mINFO [0m:      
[92mINFO [0m:      Received: train message eadb9760-87ef-4a33-9ec4-5cad9c965d70
[92mINFO [0m:      Sent reply
[92mINFO [0m:      
[92mINFO [0m:      Received: evaluate message 872fac04-b7a0-4cdf-9406-b31df5994076
[92mINFO [0m:      Sent reply
[92mINFO [0m:      
[92mINFO [0m:      Received: train message b86e22ed-30b5-43c5-a4a7-b8daa7184b8d
[92mINFO [0m:      Sent reply
[92mINFO [0m:      
[92mINFO [0m:      Received: evaluate message 4066a778-0b2c-48a5-bc1a-0ef5bee1d84f
[92mINFO [0m:      Sent reply
[92mINFO [0m:      
[92mINFO [0m:      Received: train message 10296fa3-c742-4771-bd16-39c9c024e364
[92mINFO [0m:      Sent reply
[92mINFO [0m:      
[92mINFO [0m:      Received: evaluate message 3db571ca-a666-4ff5-9768-3d2fc8170d78
[92mINFO [0m:      Sent reply
[92mINFO [0m:      
[92mINFO [0m:      Received: train message 4549a569-e45c-49fa-afe4-8b0778c65d2d
[92mINFO [0m:      Sent reply
[92mINFO [0m:      
[92mINFO [0m:      Received: evaluate message 16699b06-f3de-4907-92d7-cbba7453b4b0
[92mINFO [0m:      Sent reply
[92mINFO [0m:      
[92mINFO [0m:      Received: train message fc4d7bf5-c040-4bc7-8541-6620cccc1c9f
[92mINFO [0m:      Sent reply
[92mINFO [0m:      
[92mINFO [0m:      Received: evaluate message fc22824f-49ef-4193-aae7-5da1c707dad0
[92mINFO [0m:      Sent reply
[92mINFO [0m:      
[92mINFO [0m:      Received: train message 18fe0618-89c0-4b55-a238-0396b0a875eb
[92mINFO [0m:      Sent reply
[92mINFO [0m:      
[92mINFO [0m:      Received: evaluate message c8a0933d-c4cd-4111-97ca-df99bae0b36d
[92mINFO [0m:      Sent reply
[92mINFO [0m:      
[92mINFO [0m:      Received: train message ee4557a6-d573-474b-a487-48cf38b1eb66
[92mINFO [0m:      Sent reply
[92mINFO [0m:      
[92mINFO [0m:      Received: evaluate message d26db06c-3b72-4e60-b18c-188ce97db71b
[92mINFO [0m:      Sent reply
[92mINFO [0m:      
[92mINFO [0m:      Received: train message fa10efda-d8ec-43ff-b143-90a4344f857e
[92mINFO [0m:      Sent reply
[92mINFO [0m:      
[92mINFO [0m:      Received: evaluate message 60299c9d-c0ff-47db-802a-336743462ca3
[92mINFO [0m:      Sent reply
[92mINFO [0m:      
[92mINFO [0m:      Received: train message eabb8c8a-5b29-4de4-ab75-2eae74056986
[92mINFO [0m:      Sent reply
[92mINFO [0m:      
[92mINFO [0m:      Received: evaluate message 4df9af79-681e-4666-a6ba-04590a31c9e9
[92mINFO [0m:      Sent reply
[92mINFO [0m:      
[92mINFO [0m:      Received: train message 29c031aa-224b-4ab7-b14b-b82f87830b20
[92mINFO [0m:      Sent reply
[92mINFO [0m:      
[92mINFO [0m:      Received: evaluate message 68f21893-0b38-4e29-8b15-3e71eab4f054
[92mINFO [0m:      Sent reply
[92mINFO [0m:      
[92mINFO [0m:      Received: train message ee41a6ff-0392-4efa-9c91-63c04e82253e
[92mINFO [0m:      Sent reply
[92mINFO [0m:      
[92mINFO [0m:      Received: evaluate message 3fd4f634-c0ee-407b-bcd4-03e33092b4b0
[92mINFO [0m:      Sent reply
[92mINFO [0m:      
[92mINFO [0m:      Received: train message 90110b34-e793-4302-b68f-edc4f1cd8797
[92mINFO [0m:      Sent reply
[92mINFO [0m:      
[92mINFO [0m:      Received: evaluate message 7487e907-1e96-4288-ae9b-cd2b83f77fc1
[92mINFO [0m:      Sent reply
[92mINFO [0m:      
[92mINFO [0m:      Received: train message 0e93055f-50b9-4686-a6e0-911f11f9ce3d
[92mINFO [0m:      Sent reply
[92mINFO [0m:      
[92mINFO [0m:      Received: evaluate message 2ed18eae-35dc-40d5-aff4-cc0a23d494bc
[92mINFO [0m:      Sent reply
[92mINFO [0m:      
[92mINFO [0m:      Received: train message 14db4213-8124-45ed-9ae5-738dd06e9431
[92mINFO [0m:      Sent reply
[92mINFO [0m:      
[92mINFO [0m:      Received: evaluate message a6747aba-9274-4560-92e3-8ad1439ef4bc
[92mINFO [0m:      Sent reply
[92mINFO [0m:      
[92mINFO [0m:      Received: train message c64d5288-9731-4916-96da-6994c587c3bf
[92mINFO [0m:      Sent reply
[92mINFO [0m:      
[92mINFO [0m:      Received: evaluate message 94ad3ec2-c6ec-4810-b864-f52681b0e23c
[92mINFO [0m:      Sent reply
[92mINFO [0m:      
[92mINFO [0m:      Received: train message 7094f572-01ca-418a-aee5-00e736b8ce5c
[92mINFO [0m:      Sent reply
[92mINFO [0m:      
[92mINFO [0m:      Received: evaluate message 9bde5f0e-0c95-4eb6-91b5-a83a86b11de4
[92mINFO [0m:      Sent reply
[92mINFO [0m:      
[92mINFO [0m:      Received: train message 252c1551-a434-48f7-916d-750d9a51b25c
[92mINFO [0m:      Sent reply
[92mINFO [0m:      
[92mINFO [0m:      Received: evaluate message 031a4261-3246-4913-a4a1-682fd928c75c
[92mINFO [0m:      Sent reply
[92mINFO [0m:      
[92mINFO [0m:      Received: train message 6e57c688-9360-4716-9bc7-f3695ec6f182
[92mINFO [0m:      Sent reply
[92mINFO [0m:      
[92mINFO [0m:      Received: evaluate message c826f9b2-8252-4242-a17c-04d4ec158220
[92mINFO [0m:      Sent reply
[92mINFO [0m:      
[92mINFO [0m:      Received: train message 16dcc0b3-be33-4eec-b7ea-6014f474a155
[92mINFO [0m:      Sent reply
[92mINFO [0m:      
[92mINFO [0m:      Received: evaluate message 70ce81e6-d347-4320-b4b3-b2f479240e68
[92mINFO [0m:      Sent reply
[92mINFO [0m:      
[92mINFO [0m:      Received: train message 444eb24b-2c87-4902-9e82-352bd66fc8ae
[92mINFO [0m:      Sent reply
[92mINFO [0m:      
[92mINFO [0m:      Received: evaluate message 46fbac2d-1e58-4f4b-b5f9-db707fce4d2a
[92mINFO [0m:      Sent reply
[92mINFO [0m:      
[92mINFO [0m:      Received: train message 4f1ec097-378a-4e27-9218-84654930a1a6
[92mINFO [0m:      Sent reply
[92mINFO [0m:      
[92mINFO [0m:      Received: evaluate message 8cb905e6-5cc2-493a-85c5-55db16be32e5
[92mINFO [0m:      Sent reply
[92mINFO [0m:      
[92mINFO [0m:      Received: train message f64c85cc-b059-4356-9249-7d7b286744e9
[92mINFO [0m:      Sent reply
[92mINFO [0m:      
[92mINFO [0m:      Received: evaluate message f5578811-d418-4261-b759-afdf689b5587
[92mINFO [0m:      Sent reply
[92mINFO [0m:      
[92mINFO [0m:      Received: reconnect message 71d4554e-0994-4d62-881e-9b3f1ab2a72d
[92mINFO [0m:      Disconnect and shut down
