[93mWARNING [0m:   DEPRECATED FEATURE: flwr.client.start_client() is deprecated.
	Instead, use the `flower-supernode` CLI command to start a SuperNode as shown below:

		$ flower-supernode --insecure --superlink='<IP>:<PORT>'

	To view all available options, run:

		$ flower-supernode --help

	Using `start_client()` is deprecated.

            This is a deprecated feature. It will be removed
            entirely in future versions of Flower.
        
[92mINFO [0m:      
[92mINFO [0m:      Received: train message 8cfb63e0-7cec-4858-8e71-e3e01c1eb060
[92mINFO [0m:      Sent reply
[92mINFO [0m:      
[92mINFO [0m:      Received: evaluate message e79140d4-3340-4c78-9306-e079efd5c12a
[92mINFO [0m:      Sent reply
[92mINFO [0m:      
[92mINFO [0m:      Received: train message 8af2aaab-92f1-4cd2-b9d0-a9b54da7a9eb
[92mINFO [0m:      Sent reply
[92mINFO [0m:      
[92mINFO [0m:      Received: evaluate message 79539a16-b3a3-4462-928a-b8c2ee152031
[92mINFO [0m:      Sent reply
[92mINFO [0m:      
[92mINFO [0m:      Received: train message 94c78aae-e622-42b1-9010-0c03e71870ea
[92mINFO [0m:      Sent reply
[92mINFO [0m:      
[92mINFO [0m:      Received: evaluate message 60b9ec86-a59a-4d29-8df9-714c1b5f6c99
[92mINFO [0m:      Sent reply
[92mINFO [0m:      
[92mINFO [0m:      Received: train message 9f309328-bcee-4ca7-b0e7-14c1617b8f60
[92mINFO [0m:      Sent reply
[92mINFO [0m:      
[92mINFO [0m:      Received: evaluate message 9bbe683b-cbb5-4ce7-9348-78b066a7d9a6
[92mINFO [0m:      Sent reply
[92mINFO [0m:      
[92mINFO [0m:      Received: train message dd63b172-6284-4554-b29a-b0ebd2182d74
[92mINFO [0m:      Sent reply
[92mINFO [0m:      
[92mINFO [0m:      Received: evaluate message d9339758-c4dc-4bd7-b4dd-92fbcd4765ef
[92mINFO [0m:      Sent reply
[92mINFO [0m:      
[92mINFO [0m:      Received: train message 1f51c466-527f-44cc-b682-df3ac6c43589
[92mINFO [0m:      Sent reply
[92mINFO [0m:      
[92mINFO [0m:      Received: evaluate message 12ede99a-5524-462d-8921-b9f4806a2512
[92mINFO [0m:      Sent reply
[92mINFO [0m:      
[92mINFO [0m:      Received: train message 4d967e09-b57e-4e3c-8288-774cf90792e7
[92mINFO [0m:      Sent reply
[92mINFO [0m:      
[92mINFO [0m:      Received: evaluate message 31463258-e409-435c-b9c7-5a4e4ee75247
[92mINFO [0m:      Sent reply
[92mINFO [0m:      
[92mINFO [0m:      Received: train message 662a3a23-26c7-40dc-bd37-172a2cfe23d2
[92mINFO [0m:      Sent reply
[92mINFO [0m:      
[92mINFO [0m:      Received: evaluate message 4f95e614-3bac-49a7-9f24-4db72fc543bc
[92mINFO [0m:      Sent reply
[92mINFO [0m:      
[92mINFO [0m:      Received: train message 453e535e-ad6a-4fca-a6e8-c5b8c70538ca
[92mINFO [0m:      Sent reply
[92mINFO [0m:      
[92mINFO [0m:      Received: evaluate message 7e63bfdd-fa3a-47cb-a414-2e4d76869c07
[92mINFO [0m:      Sent reply
[92mINFO [0m:      
[92mINFO [0m:      Received: train message f8b45d8b-ee0d-4456-902d-203fc6c71061
[92mINFO [0m:      Sent reply
[92mINFO [0m:      
[92mINFO [0m:      Received: evaluate message 917dfcef-1f09-4803-a83a-9333877cb514
[92mINFO [0m:      Sent reply
[92mINFO [0m:      
[92mINFO [0m:      Received: train message db39a3f2-b09d-44d0-ba64-16a32044c51f
[92mINFO [0m:      Sent reply
[92mINFO [0m:      
[92mINFO [0m:      Received: evaluate message 3c46c40b-d2e5-49aa-a03a-70e45d9f8533
[92mINFO [0m:      Sent reply
[92mINFO [0m:      
[92mINFO [0m:      Received: train message 712ff2a0-58e6-49de-a1b2-95ddd2f61c4f
[92mINFO [0m:      Sent reply
[92mINFO [0m:      
[92mINFO [0m:      Received: evaluate message 1d9611e5-3b21-4769-8316-dea0258db5f5
[92mINFO [0m:      Sent reply
[92mINFO [0m:      
[92mINFO [0m:      Received: train message 43b6498c-c8f1-4f96-9d79-944a6471c420
[92mINFO [0m:      Sent reply
[92mINFO [0m:      
[92mINFO [0m:      Received: evaluate message 6acc5f60-4394-4dd3-b66f-f1a602d50c8b
[92mINFO [0m:      Sent reply
[92mINFO [0m:      
[92mINFO [0m:      Received: train message d4f72c29-9bde-41a3-b635-54ef5213e78a
[92mINFO [0m:      Sent reply
[92mINFO [0m:      
[92mINFO [0m:      Received: evaluate message 50997521-b751-4e60-b274-513fafecf7ae
[92mINFO [0m:      Sent reply
[92mINFO [0m:      
[92mINFO [0m:      Received: train message e6c56a5f-98bd-4db4-b0d5-16cc8c256cc6
[92mINFO [0m:      Sent reply
[92mINFO [0m:      
[92mINFO [0m:      Received: evaluate message 416711f6-88ab-4e95-b85c-492f0aedcbe6
[92mINFO [0m:      Sent reply
[92mINFO [0m:      
[92mINFO [0m:      Received: train message 65613dfa-7f64-4a68-99ee-fc9e4ad70472
[92mINFO [0m:      Sent reply
[92mINFO [0m:      
[92mINFO [0m:      Received: evaluate message 6e28e2d7-9b7a-4018-83d2-594a86968b8d
[92mINFO [0m:      Sent reply
[92mINFO [0m:      
[92mINFO [0m:      Received: train message 3ab7b8aa-c26c-4687-8f79-0ea721314361
[92mINFO [0m:      Sent reply
[92mINFO [0m:      
[92mINFO [0m:      Received: evaluate message f53710a1-2257-44b6-a296-b965ca86a593
[92mINFO [0m:      Sent reply
[92mINFO [0m:      
[92mINFO [0m:      Received: train message 9cdd0d04-0ad8-49e6-8bd9-e5a12bc01a38
[92mINFO [0m:      Sent reply
[92mINFO [0m:      
[92mINFO [0m:      Received: evaluate message 45ec77f9-0be5-4ce1-b23b-e5fc9d983915
[92mINFO [0m:      Sent reply
[92mINFO [0m:      
[92mINFO [0m:      Received: train message 2baa5bf4-23b1-4b16-a0a0-85c604f8abd1
[92mINFO [0m:      Sent reply
[92mINFO [0m:      
[92mINFO [0m:      Received: evaluate message bdb3fd37-5a93-4e31-9c9d-e5f73cc1cfa7
[92mINFO [0m:      Sent reply
[92mINFO [0m:      
[92mINFO [0m:      Received: train message 6321a26c-93ee-44b1-9b3e-45b045562fe2
[92mINFO [0m:      Sent reply
[92mINFO [0m:      
[92mINFO [0m:      Received: evaluate message bb6125b5-a606-42b9-8931-0b38e3f8bdb8
[92mINFO [0m:      Sent reply
[92mINFO [0m:      
[92mINFO [0m:      Received: train message 48dcf6e4-6de7-4cbf-8a5e-0ce373d3746c
[92mINFO [0m:      Sent reply
[92mINFO [0m:      
[92mINFO [0m:      Received: evaluate message 75de5136-33f4-4c55-8f6c-a998f3780d11
[92mINFO [0m:      Sent reply
[92mINFO [0m:      
[92mINFO [0m:      Received: train message c7bb1e90-f3cf-4472-b28c-7816cbf6334a
[92mINFO [0m:      Sent reply
[92mINFO [0m:      
[92mINFO [0m:      Received: evaluate message 591331a1-c5f8-439c-bc6c-c7c47c2639b4
[92mINFO [0m:      Sent reply
[92mINFO [0m:      
[92mINFO [0m:      Received: train message 93edbf7a-a763-4468-ba90-584e266f4090
[92mINFO [0m:      Sent reply
[92mINFO [0m:      
[92mINFO [0m:      Received: evaluate message 9463e336-8118-4de4-b0a8-2b818ab88b2e
[92mINFO [0m:      Sent reply
[92mINFO [0m:      
[92mINFO [0m:      Received: train message 09f8bb80-339a-4d30-8748-74cb7773b1f5
[92mINFO [0m:      Sent reply
[92mINFO [0m:      
[92mINFO [0m:      Received: evaluate message 844d12f1-2c0d-4f88-8bb9-a6ea3466909e
[92mINFO [0m:      Sent reply
[92mINFO [0m:      
[92mINFO [0m:      Received: train message 0dcf168e-060f-46c4-96b6-a0fd949bdfa7
[92mINFO [0m:      Sent reply
[92mINFO [0m:      
[92mINFO [0m:      Received: evaluate message 1fb3836e-ae7b-41e3-8827-b2202a0214d2
[92mINFO [0m:      Sent reply
[92mINFO [0m:      
[92mINFO [0m:      Received: train message 0cd6dc30-f910-493f-b324-ed8e78c53a61
[92mINFO [0m:      Sent reply
[92mINFO [0m:      
[92mINFO [0m:      Received: evaluate message 5f948f30-5e24-42e1-929f-958dd46c5b85
[92mINFO [0m:      Sent reply
[92mINFO [0m:      
[92mINFO [0m:      Received: train message a5084061-05de-41c2-8c2c-2525f677e8fb
[92mINFO [0m:      Sent reply
[92mINFO [0m:      
[92mINFO [0m:      Received: evaluate message c4347ffe-eae4-4326-9271-1970f8ec80bf
[92mINFO [0m:      Sent reply
[92mINFO [0m:      
[92mINFO [0m:      Received: train message 0cd29913-40df-47fc-bccd-37d2ee6c9b89
[92mINFO [0m:      Sent reply
[92mINFO [0m:      
[92mINFO [0m:      Received: evaluate message 3465c692-8ba3-4a47-a7c8-0f061176af12
[92mINFO [0m:      Sent reply
[92mINFO [0m:      
[92mINFO [0m:      Received: train message 01bed92a-eeab-4244-846a-3c6b544bb679
[92mINFO [0m:      Sent reply
[92mINFO [0m:      
[92mINFO [0m:      Received: evaluate message 31b0d942-3d7e-4357-88d4-a3f6a73be43f
[92mINFO [0m:      Sent reply
[92mINFO [0m:      
[92mINFO [0m:      Received: train message 310dd479-a0e0-4c3c-a6f3-15395a951977
[92mINFO [0m:      Sent reply
[92mINFO [0m:      
[92mINFO [0m:      Received: evaluate message 68b154bd-6f66-4e39-ba54-6337772433b7
[92mINFO [0m:      Sent reply
[92mINFO [0m:      
[92mINFO [0m:      Received: train message 82752f1c-7fc0-4cac-a32a-e49e59e584dd
[92mINFO [0m:      Sent reply
[92mINFO [0m:      
[92mINFO [0m:      Received: evaluate message ab5ba96a-11dd-4d96-86c6-4880f44d94fa
[92mINFO [0m:      Sent reply
[92mINFO [0m:      
[92mINFO [0m:      Received: train message b20258f4-2ef2-43bb-a87b-adf138f59930
[92mINFO [0m:      Sent reply
[92mINFO [0m:      
[92mINFO [0m:      Received: evaluate message 53cd907b-cd15-4f77-982a-82419749f364
[92mINFO [0m:      Sent reply
[92mINFO [0m:      
[92mINFO [0m:      Received: train message f325c15d-2285-443e-84d7-d4f89d821793
[92mINFO [0m:      Sent reply
[92mINFO [0m:      
[92mINFO [0m:      Received: evaluate message b1a2d640-8eb9-484d-9495-0b664191f1fb
[92mINFO [0m:      Sent reply
[92mINFO [0m:      
[92mINFO [0m:      Received: train message 294e134a-51f1-4b06-a659-40e787c78c17
[92mINFO [0m:      Sent reply
[92mINFO [0m:      
[92mINFO [0m:      Received: evaluate message df506389-4988-4492-bcbe-a79c112d4386
[92mINFO [0m:      Sent reply
[92mINFO [0m:      
[92mINFO [0m:      Received: train message 273f449b-d1ac-4b7c-9676-afa621817c3b
[92mINFO [0m:      Sent reply
[92mINFO [0m:      
[92mINFO [0m:      Received: evaluate message 4628b739-a4bf-49ef-a9a4-80655e7af120
[92mINFO [0m:      Sent reply
[92mINFO [0m:      
[92mINFO [0m:      Received: train message 313eb7f2-fce3-4615-bb15-e2dee06a3eaf
[92mINFO [0m:      Sent reply
[92mINFO [0m:      
[92mINFO [0m:      Received: evaluate message b466500d-df51-466e-8804-cf9a44c08218
[92mINFO [0m:      Sent reply
[92mINFO [0m:      
[92mINFO [0m:      Received: train message 64d8b51b-5f7c-48ed-afaa-3f74bcd466cb
[92mINFO [0m:      Sent reply
[92mINFO [0m:      
[92mINFO [0m:      Received: evaluate message d4c6854d-4159-4fe8-bcc8-599587195af4
[92mINFO [0m:      Sent reply
[92mINFO [0m:      
[92mINFO [0m:      Received: train message 583666d5-1120-4357-9faa-e697efe85f0f
[92mINFO [0m:      Sent reply
[92mINFO [0m:      
[92mINFO [0m:      Received: evaluate message ac171100-f7bf-47ad-9ef6-e596f1f79760
[92mINFO [0m:      Sent reply
[92mINFO [0m:      
[92mINFO [0m:      Received: train message fda62a69-cff1-4f49-8325-2f8da147974e
[92mINFO [0m:      Sent reply
[92mINFO [0m:      
[92mINFO [0m:      Received: evaluate message fa5f3330-4c66-4f18-a832-67d3fa73dbe7
[92mINFO [0m:      Sent reply
[92mINFO [0m:      
[92mINFO [0m:      Received: train message 3d4ac2bd-bb02-4306-b44b-7a7b6cbbd45e
[92mINFO [0m:      Sent reply
[92mINFO [0m:      
[92mINFO [0m:      Received: evaluate message bf1ad745-3e73-4a3a-907b-48fd09536633
[92mINFO [0m:      Sent reply
[92mINFO [0m:      
[92mINFO [0m:      Received: train message f2f94393-4f51-42e1-9ac2-0af65535fb59
[92mINFO [0m:      Sent reply
[92mINFO [0m:      
[92mINFO [0m:      Received: evaluate message ee91b13e-e24f-41d0-a924-4cfdb3fe9f56
[92mINFO [0m:      Sent reply
[92mINFO [0m:      
[92mINFO [0m:      Received: train message 99865c8a-8ca3-4f28-9f4e-1cb6479ef9c4
[92mINFO [0m:      Sent reply
[92mINFO [0m:      
[92mINFO [0m:      Received: evaluate message cefc2c7f-11ba-456d-b975-7c426f361f3c
[92mINFO [0m:      Sent reply
[92mINFO [0m:      
[92mINFO [0m:      Received: train message 5ac0739a-7819-4bca-bce0-54f577d7b357
[92mINFO [0m:      Sent reply
[92mINFO [0m:      
[92mINFO [0m:      Received: evaluate message 2a4396ea-463f-462a-91ad-215d8fdac8fb
[92mINFO [0m:      Sent reply
[92mINFO [0m:      
[92mINFO [0m:      Received: train message 45c13d2c-3ce2-4c82-a1aa-8b84e5893810
[92mINFO [0m:      Sent reply
[92mINFO [0m:      
[92mINFO [0m:      Received: evaluate message db453c5c-71f7-47e8-86fc-a056e0935890
[92mINFO [0m:      Sent reply
[92mINFO [0m:      
[92mINFO [0m:      Received: train message 82d8f021-3e5c-4f1f-940c-536ff02f89a3
[92mINFO [0m:      Sent reply
[92mINFO [0m:      
[92mINFO [0m:      Received: evaluate message 0548879a-c98b-4dc6-9dc3-77ac5ef9514d
[92mINFO [0m:      Sent reply
[92mINFO [0m:      
[92mINFO [0m:      Received: train message 99bd7f7d-bb95-44e2-be86-e3823ed60810
[92mINFO [0m:      Sent reply
[92mINFO [0m:      
[92mINFO [0m:      Received: evaluate message 9dbabe88-4f0a-4766-bf63-f26c4265ba0b
[92mINFO [0m:      Sent reply
[92mINFO [0m:      
[92mINFO [0m:      Received: train message 6c42e4d5-77b4-4a6f-b946-9544dd201e65
[92mINFO [0m:      Sent reply
[92mINFO [0m:      
[92mINFO [0m:      Received: evaluate message 6ce47d8d-9e37-4244-be8c-70372807c4e4
[92mINFO [0m:      Sent reply
[92mINFO [0m:      
[92mINFO [0m:      Received: train message af9f809d-ebed-4095-8180-14b06608cf9f
[92mINFO [0m:      Sent reply
[92mINFO [0m:      
[92mINFO [0m:      Received: evaluate message 87fb3e7e-0985-4b9b-8bd4-64f929da25e3
[92mINFO [0m:      Sent reply
[92mINFO [0m:      
[92mINFO [0m:      Received: train message 7a4b8d5f-f249-44a9-b840-56a3f6cd49a2
[92mINFO [0m:      Sent reply
[92mINFO [0m:      
[92mINFO [0m:      Received: evaluate message 3a4c1cba-45b7-4f6d-9a59-94ddd985ab78
[92mINFO [0m:      Sent reply
[92mINFO [0m:      
[92mINFO [0m:      Received: train message fb2510df-a86b-49d8-a91d-a1c71eafc156
[92mINFO [0m:      Sent reply
[92mINFO [0m:      
[92mINFO [0m:      Received: evaluate message 6d1dab3f-a0a3-4295-8a39-c8c93f62d9e5
[92mINFO [0m:      Sent reply
[92mINFO [0m:      
[92mINFO [0m:      Received: reconnect message b2925b4a-138f-454d-a7de-e42e2cc8412b
[92mINFO [0m:      Disconnect and shut down
