[93mWARNING [0m:   DEPRECATED FEATURE: flwr.client.start_client() is deprecated.
	Instead, use the `flower-supernode` CLI command to start a SuperNode as shown below:

		$ flower-supernode --insecure --superlink='<IP>:<PORT>'

	To view all available options, run:

		$ flower-supernode --help

	Using `start_client()` is deprecated.

            This is a deprecated feature. It will be removed
            entirely in future versions of Flower.
        
[92mINFO [0m:      
[92mINFO [0m:      Received: train message e8fb4ef0-c032-4e32-aa4d-058205d5ec1a
[92mINFO [0m:      Sent reply
[92mINFO [0m:      
[92mINFO [0m:      Received: evaluate message 5359a219-afd7-4322-8145-6ebfa83ac6c0
[92mINFO [0m:      Sent reply
[92mINFO [0m:      
[92mINFO [0m:      Received: train message 63ef205e-fe34-44e3-aeda-cc944a8b8e1b
[92mINFO [0m:      Sent reply
[92mINFO [0m:      
[92mINFO [0m:      Received: evaluate message 2d083377-355d-4df1-b5b3-62557dc5bb8e
[92mINFO [0m:      Sent reply
[92mINFO [0m:      
[92mINFO [0m:      Received: train message effa1a65-2c11-4db1-bbc0-ec93763b6b8f
[92mINFO [0m:      Sent reply
[92mINFO [0m:      
[92mINFO [0m:      Received: evaluate message b48f62e7-0387-4d41-bc92-e3b35e70b376
[92mINFO [0m:      Sent reply
[92mINFO [0m:      
[92mINFO [0m:      Received: train message 0cc0ab8e-9966-4728-a611-fcc5e8fc1749
[92mINFO [0m:      Sent reply
[92mINFO [0m:      
[92mINFO [0m:      Received: evaluate message ff42ec5b-5e15-4a4e-82c0-79f61df46a1a
[92mINFO [0m:      Sent reply
[92mINFO [0m:      
[92mINFO [0m:      Received: train message 81800596-7b82-483a-b8a5-b97999ef2721
[92mINFO [0m:      Sent reply
[92mINFO [0m:      
[92mINFO [0m:      Received: evaluate message b7ff3055-a4c6-4391-aa28-4bfe1aad82a5
[92mINFO [0m:      Sent reply
[92mINFO [0m:      
[92mINFO [0m:      Received: train message bf9a63de-addb-4cdd-b5fe-b983096b4d67
[92mINFO [0m:      Sent reply
[92mINFO [0m:      
[92mINFO [0m:      Received: evaluate message 2900a16e-9a05-4fa3-83e1-5284e79032d0
[92mINFO [0m:      Sent reply
[92mINFO [0m:      
[92mINFO [0m:      Received: train message d6ca0a08-6f60-4f06-8e8c-25e67d34bbb7
[92mINFO [0m:      Sent reply
[92mINFO [0m:      
[92mINFO [0m:      Received: evaluate message a313a049-0f75-4a93-a244-05ae0b3f19f1
[92mINFO [0m:      Sent reply
[92mINFO [0m:      
[92mINFO [0m:      Received: train message d121fee6-64a1-4dd5-9bb5-d3d6ab243cff
[92mINFO [0m:      Sent reply
[92mINFO [0m:      
[92mINFO [0m:      Received: evaluate message c328f3a1-937f-4f87-8631-d26fb9076807
[92mINFO [0m:      Sent reply
[92mINFO [0m:      
[92mINFO [0m:      Received: train message f954a300-d719-49bd-a55a-fba7829ae797
[92mINFO [0m:      Sent reply
[92mINFO [0m:      
[92mINFO [0m:      Received: evaluate message 5ef9d2b2-feb7-4242-8c6d-1a032d21b30b
[92mINFO [0m:      Sent reply
[92mINFO [0m:      
[92mINFO [0m:      Received: train message 8a796e18-e04b-448e-9ebc-27f31feebd39
[92mINFO [0m:      Sent reply
[92mINFO [0m:      
[92mINFO [0m:      Received: evaluate message 01e8509a-857b-43f5-a621-6dad7a5b5d43
[92mINFO [0m:      Sent reply
[92mINFO [0m:      
[92mINFO [0m:      Received: train message ce07f2da-b02a-4ea6-8d28-a77f01246ed8
[92mINFO [0m:      Sent reply
[92mINFO [0m:      
[92mINFO [0m:      Received: evaluate message 0d621d5c-0374-4c65-bcdf-7992ede3da6b
[92mINFO [0m:      Sent reply
[92mINFO [0m:      
[92mINFO [0m:      Received: train message 8ec9ab70-aac6-4109-a920-68e08cf6bc5c
[92mINFO [0m:      Sent reply
[92mINFO [0m:      
[92mINFO [0m:      Received: evaluate message d4cf065e-6f72-4998-a2fa-cd1615383421
[92mINFO [0m:      Sent reply
[92mINFO [0m:      
[92mINFO [0m:      Received: train message 70077729-6bce-42ac-9397-1100c8162421
[92mINFO [0m:      Sent reply
[92mINFO [0m:      
[92mINFO [0m:      Received: evaluate message df8c1bfe-4846-45c1-ba60-56c5ee7cde68
[92mINFO [0m:      Sent reply
[92mINFO [0m:      
[92mINFO [0m:      Received: train message b3187179-2c4d-4c15-a981-60320d0ba527
[92mINFO [0m:      Sent reply
[92mINFO [0m:      
[92mINFO [0m:      Received: evaluate message 87ad7586-21d2-4bd3-8087-fb2d0e713b9b
[92mINFO [0m:      Sent reply
[92mINFO [0m:      
[92mINFO [0m:      Received: train message 4b132e79-6913-4742-893e-691318200ad7
[92mINFO [0m:      Sent reply
[92mINFO [0m:      
[92mINFO [0m:      Received: evaluate message 28fd6e7c-db66-414b-b9df-73484487fe5b
[92mINFO [0m:      Sent reply
[92mINFO [0m:      
[92mINFO [0m:      Received: train message e6148b4b-4234-4e61-aa78-afb75caec082
[92mINFO [0m:      Sent reply
[92mINFO [0m:      
[92mINFO [0m:      Received: evaluate message ce3ef61b-f24b-4a94-b0c2-6962e2aecfb2
[92mINFO [0m:      Sent reply
[92mINFO [0m:      
[92mINFO [0m:      Received: train message b6537420-e811-4a6a-9f27-c2352c72fd57
[92mINFO [0m:      Sent reply
[92mINFO [0m:      
[92mINFO [0m:      Received: evaluate message 544c765c-c75b-44bd-8e46-0f88d7dacc06
[92mINFO [0m:      Sent reply
[92mINFO [0m:      
[92mINFO [0m:      Received: train message def43c39-c9ac-4e87-9556-73b050c5640b
[92mINFO [0m:      Sent reply
[92mINFO [0m:      
[92mINFO [0m:      Received: evaluate message 18291204-5309-41a4-bf38-ae311ad1b1ef
[92mINFO [0m:      Sent reply
[92mINFO [0m:      
[92mINFO [0m:      Received: train message f276919d-d812-4b2e-b87f-faf7b8ff049a
[92mINFO [0m:      Sent reply
[92mINFO [0m:      
[92mINFO [0m:      Received: evaluate message 328614d1-ed71-437e-a4db-8a71b03ef7cb
[92mINFO [0m:      Sent reply
[92mINFO [0m:      
[92mINFO [0m:      Received: train message 64ab5f87-0fb6-41ae-8600-62e64ba12040
[92mINFO [0m:      Sent reply
[92mINFO [0m:      
[92mINFO [0m:      Received: evaluate message 7da801c2-693f-4e7a-b057-106b3c851bd5
[92mINFO [0m:      Sent reply
[92mINFO [0m:      
[92mINFO [0m:      Received: train message 392f2fd9-5ab8-487d-9f5d-b59834e870cc
[92mINFO [0m:      Sent reply
[92mINFO [0m:      
[92mINFO [0m:      Received: evaluate message 998be9d1-d017-4cba-88aa-233f531d319b
[92mINFO [0m:      Sent reply
[92mINFO [0m:      
[92mINFO [0m:      Received: train message d7e8dc92-9d04-4ad9-a8b6-f7f39abf76d4
[92mINFO [0m:      Sent reply
[92mINFO [0m:      
[92mINFO [0m:      Received: evaluate message 5879980d-dcea-4412-90f0-98cd41b8ce7a
[92mINFO [0m:      Sent reply
[92mINFO [0m:      
[92mINFO [0m:      Received: train message 664e532f-a61b-4d13-ae01-957e87403082
[92mINFO [0m:      Sent reply
[92mINFO [0m:      
[92mINFO [0m:      Received: evaluate message af814bc7-b87b-460a-af9e-5a2609a0885f
[92mINFO [0m:      Sent reply
[92mINFO [0m:      
[92mINFO [0m:      Received: train message a8a36c18-4a8f-4b05-adeb-3f9990656fca
[92mINFO [0m:      Sent reply
[92mINFO [0m:      
[92mINFO [0m:      Received: evaluate message 98d1bbe4-bb13-42e3-b189-ff9c4f175172
[92mINFO [0m:      Sent reply
[92mINFO [0m:      
[92mINFO [0m:      Received: train message 0d9ec151-eca9-4f09-8681-9a285e27a74a
[92mINFO [0m:      Sent reply
[92mINFO [0m:      
[92mINFO [0m:      Received: evaluate message 6212527e-54f3-4bea-b096-7273da8d1885
[92mINFO [0m:      Sent reply
[92mINFO [0m:      
[92mINFO [0m:      Received: train message e4b1db54-5750-4bfd-92ef-c824b861ff97
[92mINFO [0m:      Sent reply
[92mINFO [0m:      
[92mINFO [0m:      Received: evaluate message 0aaa526c-5a0f-4317-b4ef-60189e34fab1
[92mINFO [0m:      Sent reply
[92mINFO [0m:      
[92mINFO [0m:      Received: train message dbeee93e-10ab-40e1-aba6-92fa4b10c215
[92mINFO [0m:      Sent reply
[92mINFO [0m:      
[92mINFO [0m:      Received: evaluate message b57bad95-5163-4a92-836e-55f9b5e0cb49
[92mINFO [0m:      Sent reply
[92mINFO [0m:      
[92mINFO [0m:      Received: train message caaa40b7-74cb-43cc-b5c4-3a772e9873dc
[92mINFO [0m:      Sent reply
[92mINFO [0m:      
[92mINFO [0m:      Received: evaluate message 91cb89a2-1ce4-4873-9bd1-b2ab0daf2b2f
[92mINFO [0m:      Sent reply
[92mINFO [0m:      
[92mINFO [0m:      Received: train message 99088bbf-ed5a-4d33-af1e-f28e8e5843ce
[92mINFO [0m:      Sent reply
[92mINFO [0m:      
[92mINFO [0m:      Received: evaluate message 86fab299-ff36-48cd-95ba-b5add2fc23de
[92mINFO [0m:      Sent reply
[92mINFO [0m:      
[92mINFO [0m:      Received: train message 75e3e11c-b716-4217-80f6-d8e5c8e87385
[92mINFO [0m:      Sent reply
[92mINFO [0m:      
[92mINFO [0m:      Received: evaluate message 3fc07a5d-35e5-4ac4-a7b2-e62266a91646
[92mINFO [0m:      Sent reply
[92mINFO [0m:      
[92mINFO [0m:      Received: train message 17b74201-3bdc-4b6d-8c2a-471b8d8811a1
[92mINFO [0m:      Sent reply
[92mINFO [0m:      
[92mINFO [0m:      Received: evaluate message b753379e-3bcc-424a-a2a0-20a2889b27f2
[92mINFO [0m:      Sent reply
[92mINFO [0m:      
[92mINFO [0m:      Received: train message 538d32a6-95dc-4121-b0f5-766727552d3b
[92mINFO [0m:      Sent reply
[92mINFO [0m:      
[92mINFO [0m:      Received: evaluate message 51669795-7368-4e91-b5cf-4644d8b354ab
[92mINFO [0m:      Sent reply
[92mINFO [0m:      
[92mINFO [0m:      Received: train message 7fd7f461-8ccc-4235-ab49-21a8018f5b2f
[92mINFO [0m:      Sent reply
[92mINFO [0m:      
[92mINFO [0m:      Received: evaluate message 31fd496c-e07a-46ed-bcc7-d63bc774d8e7
[92mINFO [0m:      Sent reply
[92mINFO [0m:      
[92mINFO [0m:      Received: train message c45a4305-d2c9-4cba-a1ca-95f3335abeaf
[92mINFO [0m:      Sent reply
[92mINFO [0m:      
[92mINFO [0m:      Received: evaluate message fc2654e6-3be6-4ffb-b2be-57ce1eb82a4d
[92mINFO [0m:      Sent reply
[92mINFO [0m:      
[92mINFO [0m:      Received: train message 5aff88b2-b2da-4b65-a20d-46b7c8677d0a
[92mINFO [0m:      Sent reply
[92mINFO [0m:      
[92mINFO [0m:      Received: evaluate message 7859f54f-7fe2-4b5b-9914-5e7974d3ddee
[92mINFO [0m:      Sent reply
[92mINFO [0m:      
[92mINFO [0m:      Received: train message 6f70e176-aebd-4e0e-a489-f2138f050993
[92mINFO [0m:      Sent reply
[92mINFO [0m:      
[92mINFO [0m:      Received: evaluate message e00c1376-9914-4766-9c2f-1d547b40f488
[92mINFO [0m:      Sent reply
[92mINFO [0m:      
[92mINFO [0m:      Received: train message 14789c13-d571-485a-bd44-6250f3614b27
[92mINFO [0m:      Sent reply
[92mINFO [0m:      
[92mINFO [0m:      Received: evaluate message 1f3a3a07-af3d-455a-982c-aea7eee1dd91
[92mINFO [0m:      Sent reply
[92mINFO [0m:      
[92mINFO [0m:      Received: train message bcc2a2ce-84fe-4877-a2d1-6a91382291f4
[92mINFO [0m:      Sent reply
[92mINFO [0m:      
[92mINFO [0m:      Received: evaluate message 5a0b0e02-a289-453b-b410-ea1d885ed1b7
[92mINFO [0m:      Sent reply
[92mINFO [0m:      
[92mINFO [0m:      Received: train message c1a46da7-7532-4688-9091-b55e99079bba
[92mINFO [0m:      Sent reply
[92mINFO [0m:      
[92mINFO [0m:      Received: evaluate message 4ea0bec0-e4d7-4433-bc0a-cde09d8621aa
[92mINFO [0m:      Sent reply
[92mINFO [0m:      
[92mINFO [0m:      Received: train message f93429b5-e30d-4e60-846c-8f33fc20ca9b
[92mINFO [0m:      Sent reply
[92mINFO [0m:      
[92mINFO [0m:      Received: evaluate message acdf605a-7e72-4c08-b1ea-770d2591d971
[92mINFO [0m:      Sent reply
[92mINFO [0m:      
[92mINFO [0m:      Received: train message e2d5b52b-dfa2-40ae-a8c1-4a0128f075a3
[92mINFO [0m:      Sent reply
[92mINFO [0m:      
[92mINFO [0m:      Received: evaluate message 1da066a6-089a-4ae1-84b0-f276f1f8ca67
[92mINFO [0m:      Sent reply
[92mINFO [0m:      
[92mINFO [0m:      Received: train message acd01389-eaf5-45a8-aefc-8cb6cf6d1c05
[92mINFO [0m:      Sent reply
[92mINFO [0m:      
[92mINFO [0m:      Received: evaluate message c2eafa85-4010-46f9-9f86-9c0ea2be406d
[92mINFO [0m:      Sent reply
[92mINFO [0m:      
[92mINFO [0m:      Received: train message 492c044f-00ae-486d-aaa9-cc48d6cf62b0
[92mINFO [0m:      Sent reply
[92mINFO [0m:      
[92mINFO [0m:      Received: evaluate message 0dc03dd3-7193-40ce-82c5-df2e8c311a08
[92mINFO [0m:      Sent reply
[92mINFO [0m:      
[92mINFO [0m:      Received: train message 4e5eed3e-a5ab-48be-9f65-a84d6e54f83e
[92mINFO [0m:      Sent reply
[92mINFO [0m:      
[92mINFO [0m:      Received: evaluate message 871d83fe-5613-45e5-ad36-f82f2d1991fa
[92mINFO [0m:      Sent reply
[92mINFO [0m:      
[92mINFO [0m:      Received: train message 0d9d9b1e-3be1-4c55-a455-56ff5cdedb6c
[92mINFO [0m:      Sent reply
[92mINFO [0m:      
[92mINFO [0m:      Received: evaluate message d2d3e9f3-8afb-4aa9-9bbe-954b196134f0
[92mINFO [0m:      Sent reply
[92mINFO [0m:      
[92mINFO [0m:      Received: train message 1ddd1dff-d502-4623-9f99-2b30bf24ae3a
[92mINFO [0m:      Sent reply
[92mINFO [0m:      
[92mINFO [0m:      Received: evaluate message 142619ab-3e32-4c74-8932-e069c21c4342
[92mINFO [0m:      Sent reply
[92mINFO [0m:      
[92mINFO [0m:      Received: train message 71f9f74c-d622-42f4-8b92-158380c93108
[92mINFO [0m:      Sent reply
[92mINFO [0m:      
[92mINFO [0m:      Received: evaluate message 9e11f46e-4321-417c-b509-5be71d812dd3
[92mINFO [0m:      Sent reply
[92mINFO [0m:      
[92mINFO [0m:      Received: train message 0875dd3b-35c2-4e68-90e7-a88db875f67c
[92mINFO [0m:      Sent reply
[92mINFO [0m:      
[92mINFO [0m:      Received: evaluate message c58fd955-fe81-434b-bc78-836ca77bfed9
[92mINFO [0m:      Sent reply
[92mINFO [0m:      
[92mINFO [0m:      Received: train message a29431b6-6729-450f-ba09-e9714def9eca
[92mINFO [0m:      Sent reply
[92mINFO [0m:      
[92mINFO [0m:      Received: evaluate message 0d560be3-7bff-44a1-ba25-73a3bfb31307
[92mINFO [0m:      Sent reply
[92mINFO [0m:      
[92mINFO [0m:      Received: train message cb1b8f3a-f5a8-4582-a238-732fc4b39159
[92mINFO [0m:      Sent reply
[92mINFO [0m:      
[92mINFO [0m:      Received: evaluate message 33c5a77c-095c-41d2-9a68-78924c795804
[92mINFO [0m:      Sent reply
[92mINFO [0m:      
[92mINFO [0m:      Received: reconnect message a2978f94-36f2-47f0-b598-35db55b347a7
[92mINFO [0m:      Disconnect and shut down
