[93mWARNING [0m:   DEPRECATED FEATURE: flwr.client.start_client() is deprecated.
	Instead, use the `flower-supernode` CLI command to start a SuperNode as shown below:

		$ flower-supernode --insecure --superlink='<IP>:<PORT>'

	To view all available options, run:

		$ flower-supernode --help

	Using `start_client()` is deprecated.

            This is a deprecated feature. It will be removed
            entirely in future versions of Flower.
        
[92mINFO [0m:      
[92mINFO [0m:      Received: train message 6cbd2a48-faa3-4721-9ec7-115ee7f2b043
[92mINFO [0m:      Sent reply
[92mINFO [0m:      
[92mINFO [0m:      Received: evaluate message ec02e043-ad77-4916-83d1-2e75dc90f41e
[92mINFO [0m:      Sent reply
[92mINFO [0m:      
[92mINFO [0m:      Received: train message 11cd2dcc-5dda-41da-85ff-3fa38b9eb4ee
[92mINFO [0m:      Sent reply
[92mINFO [0m:      
[92mINFO [0m:      Received: evaluate message dc94ab07-2f80-4862-bdfd-2c7905332077
[92mINFO [0m:      Sent reply
[92mINFO [0m:      
[92mINFO [0m:      Received: train message fc430a72-de88-43c4-bfec-e0d924135e1d
[92mINFO [0m:      Sent reply
[92mINFO [0m:      
[92mINFO [0m:      Received: evaluate message 2f237582-bc53-49b9-a50f-f2a67150e6db
[92mINFO [0m:      Sent reply
[92mINFO [0m:      
[92mINFO [0m:      Received: train message 74567e8b-dde4-4ef7-8261-5296251bb763
[92mINFO [0m:      Sent reply
[92mINFO [0m:      
[92mINFO [0m:      Received: evaluate message 78fa9971-2a35-4732-8824-e7c76f789541
[92mINFO [0m:      Sent reply
[92mINFO [0m:      
[92mINFO [0m:      Received: train message 011869ed-8de9-4b65-8352-2366805440ac
[92mINFO [0m:      Sent reply
[92mINFO [0m:      
[92mINFO [0m:      Received: evaluate message 524dbfac-9d15-4675-874f-0b8f9f113f6d
[92mINFO [0m:      Sent reply
[92mINFO [0m:      
[92mINFO [0m:      Received: train message 12213404-1e07-45c5-a944-2bb04faf1750
[92mINFO [0m:      Sent reply
[92mINFO [0m:      
[92mINFO [0m:      Received: evaluate message fd1aa39b-b7e3-4a46-a1a8-49e4df565f40
[92mINFO [0m:      Sent reply
[92mINFO [0m:      
[92mINFO [0m:      Received: train message 1cdf3763-5f91-4702-a1f5-03d633175f89
[92mINFO [0m:      Sent reply
[92mINFO [0m:      
[92mINFO [0m:      Received: evaluate message 6d4b01a6-b498-4ab3-adb1-f46792fb0a5a
[92mINFO [0m:      Sent reply
[92mINFO [0m:      
[92mINFO [0m:      Received: train message eae6e7ea-19fa-4a31-bc53-0b4c4013b130
[92mINFO [0m:      Sent reply
[92mINFO [0m:      
[92mINFO [0m:      Received: evaluate message fefde9a6-fdb0-438d-a476-0c3e869603b5
[92mINFO [0m:      Sent reply
[92mINFO [0m:      
[92mINFO [0m:      Received: train message dd4a9d7c-14c8-4a29-afd3-81d161276b54
[92mINFO [0m:      Sent reply
[92mINFO [0m:      
[92mINFO [0m:      Received: evaluate message 40e1a8ff-0874-4a5d-97f8-d5ac9cfed04f
[92mINFO [0m:      Sent reply
[92mINFO [0m:      
[92mINFO [0m:      Received: train message 59742614-acf6-4269-9ac2-070a05f7a45a
[92mINFO [0m:      Sent reply
[92mINFO [0m:      
[92mINFO [0m:      Received: evaluate message dc656b5b-698e-45e0-a8ce-da74ba68cadd
[92mINFO [0m:      Sent reply
[92mINFO [0m:      
[92mINFO [0m:      Received: train message 0fc730e9-8a1b-46a0-b3ef-6a03bf174b0e
[92mINFO [0m:      Sent reply
[92mINFO [0m:      
[92mINFO [0m:      Received: evaluate message 3fd7c5a0-244e-486b-912c-095c24ee74b9
[92mINFO [0m:      Sent reply
[92mINFO [0m:      
[92mINFO [0m:      Received: train message 24285dfc-5946-4eca-86bf-a017ea42b14d
[92mINFO [0m:      Sent reply
[92mINFO [0m:      
[92mINFO [0m:      Received: evaluate message 19611426-d82e-430a-b745-17418d01db8b
[92mINFO [0m:      Sent reply
[92mINFO [0m:      
[92mINFO [0m:      Received: train message b4068b82-9695-425a-a218-af7e0b676bb2
[92mINFO [0m:      Sent reply
[92mINFO [0m:      
[92mINFO [0m:      Received: evaluate message 792b6da9-aa1d-452d-b54b-be1bb4b61e8f
[92mINFO [0m:      Sent reply
[92mINFO [0m:      
[92mINFO [0m:      Received: train message 1fbb6e1c-581c-49a7-9aad-fb75ddb270e8
[92mINFO [0m:      Sent reply
[92mINFO [0m:      
[92mINFO [0m:      Received: evaluate message a1fef26c-8f05-43dc-84f2-4be3a96fad9c
[92mINFO [0m:      Sent reply
[92mINFO [0m:      
[92mINFO [0m:      Received: train message 91b123a1-594f-47af-8622-8c76ada22f11
[92mINFO [0m:      Sent reply
[92mINFO [0m:      
[92mINFO [0m:      Received: evaluate message 2f39134d-4569-48ea-ad17-ccf48a746b1c
[92mINFO [0m:      Sent reply
[92mINFO [0m:      
[92mINFO [0m:      Received: train message 3db26977-fa71-4a3e-8606-95e60771ba01
[92mINFO [0m:      Sent reply
[92mINFO [0m:      
[92mINFO [0m:      Received: evaluate message 8fa4e24d-1f25-4c06-b503-7684067aa12f
[92mINFO [0m:      Sent reply
[92mINFO [0m:      
[92mINFO [0m:      Received: train message 42bb95e7-c57c-4acf-8c94-28e5aeaa1ab5
[92mINFO [0m:      Sent reply
[92mINFO [0m:      
[92mINFO [0m:      Received: evaluate message e6fbe3d6-576c-4714-b118-6300f6f8c89e
[92mINFO [0m:      Sent reply
[92mINFO [0m:      
[92mINFO [0m:      Received: train message 782ad912-67f2-4a1e-a631-e297aa6574e8
[92mINFO [0m:      Sent reply
[92mINFO [0m:      
[92mINFO [0m:      Received: evaluate message bba0dab2-4ed9-4e0a-b64b-64e2a609ddbc
[92mINFO [0m:      Sent reply
[92mINFO [0m:      
[92mINFO [0m:      Received: train message 7058bdaa-e331-4d22-88d8-62dee1f6d169
[92mINFO [0m:      Sent reply
[92mINFO [0m:      
[92mINFO [0m:      Received: evaluate message 189d9ba3-5536-4c54-b80b-cd3834fa9bbe
[92mINFO [0m:      Sent reply
[92mINFO [0m:      
[92mINFO [0m:      Received: train message d6b159d0-10fc-4113-9df1-8400fef69910
[92mINFO [0m:      Sent reply
[92mINFO [0m:      
[92mINFO [0m:      Received: evaluate message 4cefc9d3-226d-450f-b3a1-c41f8ae9d809
[92mINFO [0m:      Sent reply
[92mINFO [0m:      
[92mINFO [0m:      Received: train message 1b603080-229f-44d6-82c5-a8b67d2ad4b2
[92mINFO [0m:      Sent reply
[92mINFO [0m:      
[92mINFO [0m:      Received: evaluate message e422f497-b662-4951-a7c6-0a61523169f5
[92mINFO [0m:      Sent reply
[92mINFO [0m:      
[92mINFO [0m:      Received: train message c7aac2cd-fe9f-440e-872e-bc059fc8ee2f
[92mINFO [0m:      Sent reply
[92mINFO [0m:      
[92mINFO [0m:      Received: evaluate message b650e91c-a923-4812-aaee-0918c99477b3
[92mINFO [0m:      Sent reply
[92mINFO [0m:      
[92mINFO [0m:      Received: train message da4d924d-7bb8-4d69-b37e-2bb7c0dc99f4
[92mINFO [0m:      Sent reply
[92mINFO [0m:      
[92mINFO [0m:      Received: evaluate message 065107ad-b15d-4318-ad29-e6e303c3a38f
[92mINFO [0m:      Sent reply
[92mINFO [0m:      
[92mINFO [0m:      Received: train message 3ce18159-a853-44cf-9b3f-89529a006b44
[92mINFO [0m:      Sent reply
[92mINFO [0m:      
[92mINFO [0m:      Received: evaluate message c385607a-dfa1-4904-8476-cd4547c5566c
[92mINFO [0m:      Sent reply
[92mINFO [0m:      
[92mINFO [0m:      Received: train message f872a597-cb35-465a-ad89-5c74b1af292b
[92mINFO [0m:      Sent reply
[92mINFO [0m:      
[92mINFO [0m:      Received: evaluate message f455cd7a-9fec-4142-893b-c41aba00c557
[92mINFO [0m:      Sent reply
[92mINFO [0m:      
[92mINFO [0m:      Received: train message ee3170a4-0790-45cd-8d05-7cb1d4f4f8be
[92mINFO [0m:      Sent reply
[92mINFO [0m:      
[92mINFO [0m:      Received: evaluate message 5e6146a5-9112-428b-860c-1d272de575ec
[92mINFO [0m:      Sent reply
[92mINFO [0m:      
[92mINFO [0m:      Received: train message b0e0da3c-f375-4bb3-92cd-d2e17cb52bd9
[92mINFO [0m:      Sent reply
[92mINFO [0m:      
[92mINFO [0m:      Received: evaluate message d531a0b9-3230-467b-acfe-5af5d5640693
[92mINFO [0m:      Sent reply
[92mINFO [0m:      
[92mINFO [0m:      Received: train message 368aab2d-a5ac-4bed-9f2f-b7360b0c9f49
[92mINFO [0m:      Sent reply
[92mINFO [0m:      
[92mINFO [0m:      Received: evaluate message 28bf6559-8b01-4bbd-982d-6a79fd710b97
[92mINFO [0m:      Sent reply
[92mINFO [0m:      
[92mINFO [0m:      Received: train message 3008e456-bf6b-41d0-a273-d08b64a2712a
[92mINFO [0m:      Sent reply
[92mINFO [0m:      
[92mINFO [0m:      Received: evaluate message 609914e3-bd7d-4ddf-bc9f-3bbc530546b0
[92mINFO [0m:      Sent reply
[92mINFO [0m:      
[92mINFO [0m:      Received: train message 64ad40ba-9016-4ea3-b7ff-7eb529b48b46
[92mINFO [0m:      Sent reply
[92mINFO [0m:      
[92mINFO [0m:      Received: evaluate message 78fdb00c-ae55-4fa2-ae0f-d606557e6112
[92mINFO [0m:      Sent reply
[92mINFO [0m:      
[92mINFO [0m:      Received: train message cda2f6fd-2deb-4c52-be4c-114d93027ccb
[92mINFO [0m:      Sent reply
[92mINFO [0m:      
[92mINFO [0m:      Received: evaluate message e9858b43-5bc4-45fa-a5b0-aa09b0261825
[92mINFO [0m:      Sent reply
[92mINFO [0m:      
[92mINFO [0m:      Received: train message 18edf858-fc9f-42c8-9d2a-98c5a780dd7e
[92mINFO [0m:      Sent reply
[92mINFO [0m:      
[92mINFO [0m:      Received: evaluate message 0be3f40a-1db8-4873-b5d1-58662c8c8ad9
[92mINFO [0m:      Sent reply
[92mINFO [0m:      
[92mINFO [0m:      Received: train message a238db4b-b4de-4599-a89c-be248917d76e
[92mINFO [0m:      Sent reply
[92mINFO [0m:      
[92mINFO [0m:      Received: evaluate message fbe83cb2-c186-4716-8c7d-8803b574ffc3
[92mINFO [0m:      Sent reply
[92mINFO [0m:      
[92mINFO [0m:      Received: train message 2ac9a5b2-b471-4bf1-898e-a91e3c0d365d
[92mINFO [0m:      Sent reply
[92mINFO [0m:      
[92mINFO [0m:      Received: evaluate message a125939d-8302-4d3c-85ad-7e96553ecca0
[92mINFO [0m:      Sent reply
[92mINFO [0m:      
[92mINFO [0m:      Received: train message 13968c40-7974-4ac2-8247-3eb9d9eebe54
[92mINFO [0m:      Sent reply
[92mINFO [0m:      
[92mINFO [0m:      Received: evaluate message f626e84f-a5e8-47d3-8670-07ecfe17f816
[92mINFO [0m:      Sent reply
[92mINFO [0m:      
[92mINFO [0m:      Received: train message 655fe1a2-de50-4be7-a9e5-7ca966ee98b0
[92mINFO [0m:      Sent reply
[92mINFO [0m:      
[92mINFO [0m:      Received: evaluate message 3197ffce-2367-4737-bc44-0e609470c213
[92mINFO [0m:      Sent reply
[92mINFO [0m:      
[92mINFO [0m:      Received: train message f8f4f7c3-a3b2-41eb-b862-bc0c941cbe01
[92mINFO [0m:      Sent reply
[92mINFO [0m:      
[92mINFO [0m:      Received: evaluate message 1b185987-e9b1-4d24-a656-89201c019b46
[92mINFO [0m:      Sent reply
[92mINFO [0m:      
[92mINFO [0m:      Received: train message be512e33-e8a7-4e73-8344-7d0ae60a218e
[92mINFO [0m:      Sent reply
[92mINFO [0m:      
[92mINFO [0m:      Received: evaluate message 7c9e4f86-9631-4738-b14e-4392365269c5
[92mINFO [0m:      Sent reply
[92mINFO [0m:      
[92mINFO [0m:      Received: train message 787a8fa9-30f4-4d2a-a1ec-df4deb8c9aa9
[92mINFO [0m:      Sent reply
[92mINFO [0m:      
[92mINFO [0m:      Received: evaluate message d366d61e-c530-485f-8b6f-8b06e791e761
[92mINFO [0m:      Sent reply
[92mINFO [0m:      
[92mINFO [0m:      Received: train message 5706387f-872b-4a8d-b4fa-b3eae72808f6
[92mINFO [0m:      Sent reply
[92mINFO [0m:      
[92mINFO [0m:      Received: evaluate message 68c7b90d-78ad-4dca-b8fb-350a4700daec
[92mINFO [0m:      Sent reply
[92mINFO [0m:      
[92mINFO [0m:      Received: train message 68982b0f-30a2-424c-8142-4c665410aebf
[92mINFO [0m:      Sent reply
[92mINFO [0m:      
[92mINFO [0m:      Received: evaluate message 1893fd77-d5fc-4225-941a-286d71870778
[92mINFO [0m:      Sent reply
[92mINFO [0m:      
[92mINFO [0m:      Received: train message 8a388e1a-1778-4158-830a-f920630674f0
[92mINFO [0m:      Sent reply
[92mINFO [0m:      
[92mINFO [0m:      Received: evaluate message f5efe7c5-349a-445a-ae6d-19c1a710d1ae
[92mINFO [0m:      Sent reply
[92mINFO [0m:      
[92mINFO [0m:      Received: train message 4a0bdf0e-4642-429f-8a60-e934172ca1b4
[92mINFO [0m:      Sent reply
[92mINFO [0m:      
[92mINFO [0m:      Received: evaluate message d49c69d5-9718-4898-b684-ddded0c0129b
[92mINFO [0m:      Sent reply
[92mINFO [0m:      
[92mINFO [0m:      Received: train message 6656ae84-eb93-447b-b1c3-a12be6a2c18a
[92mINFO [0m:      Sent reply
[92mINFO [0m:      
[92mINFO [0m:      Received: evaluate message c99c7f80-cf25-40b3-95e6-91a56dc57531
[92mINFO [0m:      Sent reply
[92mINFO [0m:      
[92mINFO [0m:      Received: train message 81e202fd-54be-4fb2-8078-39ebe76dbb5e
[92mINFO [0m:      Sent reply
[92mINFO [0m:      
[92mINFO [0m:      Received: evaluate message 37db4b27-246c-4a87-88e5-2e569c6fce96
[92mINFO [0m:      Sent reply
[92mINFO [0m:      
[92mINFO [0m:      Received: train message e4477be4-761c-4736-94fd-c6c48209e1cc
[92mINFO [0m:      Sent reply
[92mINFO [0m:      
[92mINFO [0m:      Received: evaluate message d5d0b3a7-31fb-45c2-8e79-122c60816fe8
[92mINFO [0m:      Sent reply
[92mINFO [0m:      
[92mINFO [0m:      Received: train message 307269e6-5049-4a5d-8a21-e4a31edf1326
[92mINFO [0m:      Sent reply
[92mINFO [0m:      
[92mINFO [0m:      Received: evaluate message 90009e27-34aa-43e8-83e9-07464eed1673
[92mINFO [0m:      Sent reply
[92mINFO [0m:      
[92mINFO [0m:      Received: train message 198f5578-49f6-4a14-a3cf-509324c62b1f
[92mINFO [0m:      Sent reply
[92mINFO [0m:      
[92mINFO [0m:      Received: evaluate message 6b8c4130-e0a1-4678-affc-cd48940073b8
[92mINFO [0m:      Sent reply
[92mINFO [0m:      
[92mINFO [0m:      Received: train message 7f3bde23-6ded-4fc2-b4c1-bbf870d83b63
[92mINFO [0m:      Sent reply
[92mINFO [0m:      
[92mINFO [0m:      Received: evaluate message 75788293-c82e-4507-a297-39284f12cd00
[92mINFO [0m:      Sent reply
[92mINFO [0m:      
[92mINFO [0m:      Received: train message 92eb4400-511a-4ed4-a688-4567ceda5e62
[92mINFO [0m:      Sent reply
[92mINFO [0m:      
[92mINFO [0m:      Received: evaluate message 9a64a435-ea16-43c6-890f-b1c4801a45c2
[92mINFO [0m:      Sent reply
[92mINFO [0m:      
[92mINFO [0m:      Received: reconnect message b99db0e2-d17b-4497-a0ef-9d596af1e87e
[92mINFO [0m:      Disconnect and shut down
