[93mWARNING [0m:   DEPRECATED FEATURE: flwr.client.start_client() is deprecated.
	Instead, use the `flower-supernode` CLI command to start a SuperNode as shown below:

		$ flower-supernode --insecure --superlink='<IP>:<PORT>'

	To view all available options, run:

		$ flower-supernode --help

	Using `start_client()` is deprecated.

            This is a deprecated feature. It will be removed
            entirely in future versions of Flower.
        
[92mINFO [0m:      
[92mINFO [0m:      Received: train message b3b6a346-129e-4682-9c26-77321ab5efe9
[92mINFO [0m:      Sent reply
[92mINFO [0m:      
[92mINFO [0m:      Received: evaluate message 4a96271d-1aec-4c8c-8e84-9eb6bd392fb8
[92mINFO [0m:      Sent reply
[92mINFO [0m:      
[92mINFO [0m:      Received: train message 5f443139-d293-415f-8100-dfe62a5967fa
[92mINFO [0m:      Sent reply
[92mINFO [0m:      
[92mINFO [0m:      Received: evaluate message 5a51ae3f-0532-4424-863e-95e9c30ef241
[92mINFO [0m:      Sent reply
[92mINFO [0m:      
[92mINFO [0m:      Received: train message a630278d-2844-48a2-99f3-850ef45df1c8
[92mINFO [0m:      Sent reply
[92mINFO [0m:      
[92mINFO [0m:      Received: evaluate message f847dd81-e885-482b-924f-8f708d66064c
[92mINFO [0m:      Sent reply
[92mINFO [0m:      
[92mINFO [0m:      Received: train message fcbab667-7173-410c-b876-a6678bb2644a
[92mINFO [0m:      Sent reply
[92mINFO [0m:      
[92mINFO [0m:      Received: evaluate message dba7ca93-6e8a-46c9-bc20-05a1b5192bd9
[92mINFO [0m:      Sent reply
[92mINFO [0m:      
[92mINFO [0m:      Received: train message b2249be3-bf55-44b5-8b57-b9280e62ca71
[92mINFO [0m:      Sent reply
[92mINFO [0m:      
[92mINFO [0m:      Received: evaluate message d1343443-977b-42f4-a4f7-ae298761f298
[92mINFO [0m:      Sent reply
[92mINFO [0m:      
[92mINFO [0m:      Received: train message 58e37c3d-9b5a-4e47-84e1-26a1c87bfdcb
[92mINFO [0m:      Sent reply
[92mINFO [0m:      
[92mINFO [0m:      Received: evaluate message 68288b30-6672-439a-9b6d-04317600fa87
[92mINFO [0m:      Sent reply
[92mINFO [0m:      
[92mINFO [0m:      Received: train message 6fd4f9ae-b5af-4cfd-aece-137516332b98
[92mINFO [0m:      Sent reply
[92mINFO [0m:      
[92mINFO [0m:      Received: evaluate message 0c9c602f-eed6-438b-8bfb-01af72a2fcf8
[92mINFO [0m:      Sent reply
[92mINFO [0m:      
[92mINFO [0m:      Received: train message fa03a087-da13-420c-bced-a0908887776f
[92mINFO [0m:      Sent reply
[92mINFO [0m:      
[92mINFO [0m:      Received: evaluate message 2fe484d4-0fd2-42b3-9096-0a6d44007199
[92mINFO [0m:      Sent reply
[92mINFO [0m:      
[92mINFO [0m:      Received: train message ab592ae1-ef88-4457-9446-c03a688f642b
[92mINFO [0m:      Sent reply
[92mINFO [0m:      
[92mINFO [0m:      Received: evaluate message a85ee50a-b84f-4e0b-888c-16a1231aab7b
[92mINFO [0m:      Sent reply
[92mINFO [0m:      
[92mINFO [0m:      Received: train message 6a0a1d05-7d38-4bbc-b222-496360f0230e
[92mINFO [0m:      Sent reply
[92mINFO [0m:      
[92mINFO [0m:      Received: evaluate message 347f622a-6f5b-47ff-811c-8085a9cd0af1
[92mINFO [0m:      Sent reply
[92mINFO [0m:      
[92mINFO [0m:      Received: train message 978a31b1-f428-40c8-837d-82df5a4717a4
[92mINFO [0m:      Sent reply
[92mINFO [0m:      
[92mINFO [0m:      Received: evaluate message f210c175-e440-4bef-be02-448feae7122d
[92mINFO [0m:      Sent reply
[92mINFO [0m:      
[92mINFO [0m:      Received: train message 6465fbce-e98c-4f5e-b461-973a056e70d2
[92mINFO [0m:      Sent reply
[92mINFO [0m:      
[92mINFO [0m:      Received: evaluate message 443ceeef-0a84-4cc8-9708-5d03a8053122
[92mINFO [0m:      Sent reply
[92mINFO [0m:      
[92mINFO [0m:      Received: train message 2f2a687f-e299-4cdf-b514-09493da89a2d
[92mINFO [0m:      Sent reply
[92mINFO [0m:      
[92mINFO [0m:      Received: evaluate message 1c6a4a8b-35e5-4ce1-8952-32167a884450
[92mINFO [0m:      Sent reply
[92mINFO [0m:      
[92mINFO [0m:      Received: train message 9fcf0b66-f2cb-4beb-aa59-399f55d61386
[92mINFO [0m:      Sent reply
[92mINFO [0m:      
[92mINFO [0m:      Received: evaluate message 3853284a-c561-4746-8746-0058afbbf849
[92mINFO [0m:      Sent reply
[92mINFO [0m:      
[92mINFO [0m:      Received: train message b51fafb4-4428-422c-98fd-7e1116677252
[92mINFO [0m:      Sent reply
[92mINFO [0m:      
[92mINFO [0m:      Received: evaluate message 0998f5cb-2f82-456a-ace0-81d556421166
[92mINFO [0m:      Sent reply
[92mINFO [0m:      
[92mINFO [0m:      Received: train message ea5fdedc-6ea9-42a1-8401-a1a2ca4d5f48
[92mINFO [0m:      Sent reply
[92mINFO [0m:      
[92mINFO [0m:      Received: evaluate message e8d2ac90-743f-4b12-a7e9-d0d91604d159
[92mINFO [0m:      Sent reply
[92mINFO [0m:      
[92mINFO [0m:      Received: train message c9f962df-e883-40cd-829b-2b7643f1fe38
[92mINFO [0m:      Sent reply
[92mINFO [0m:      
[92mINFO [0m:      Received: evaluate message e16183cf-9af6-48ef-a09d-85819338e1f3
[92mINFO [0m:      Sent reply
[92mINFO [0m:      
[92mINFO [0m:      Received: train message fb6c9ce9-5482-4ce7-9b1b-506d539092ad
[92mINFO [0m:      Sent reply
[92mINFO [0m:      
[92mINFO [0m:      Received: evaluate message 8674de6e-16d4-4b80-a615-6f96bc1bf252
[92mINFO [0m:      Sent reply
[92mINFO [0m:      
[92mINFO [0m:      Received: train message 5569f68b-182a-4cc4-9393-73246cf9034f
[92mINFO [0m:      Sent reply
[92mINFO [0m:      
[92mINFO [0m:      Received: evaluate message 133ba0e5-0af3-4f61-8b59-bc6c256479ed
[92mINFO [0m:      Sent reply
[92mINFO [0m:      
[92mINFO [0m:      Received: train message 7db1612f-7372-43ff-87f0-e6e643c85072
[92mINFO [0m:      Sent reply
[92mINFO [0m:      
[92mINFO [0m:      Received: evaluate message 9a5bdbb8-723a-4102-8fcf-5d43f3e30733
[92mINFO [0m:      Sent reply
[92mINFO [0m:      
[92mINFO [0m:      Received: train message 92e1fcce-5743-40f6-8002-80aa30e427fb
[92mINFO [0m:      Sent reply
[92mINFO [0m:      
[92mINFO [0m:      Received: evaluate message bec7348f-618c-45fa-b1d5-f47410a8978a
[92mINFO [0m:      Sent reply
[92mINFO [0m:      
[92mINFO [0m:      Received: train message 17873ba6-464b-447d-820d-ef30e6f3f1db
[92mINFO [0m:      Sent reply
[92mINFO [0m:      
[92mINFO [0m:      Received: evaluate message 01f16d8d-2411-4724-ba66-411d2f38e04b
[92mINFO [0m:      Sent reply
[92mINFO [0m:      
[92mINFO [0m:      Received: train message 617319ad-8209-478e-9f76-a68d5546d214
[92mINFO [0m:      Sent reply
[92mINFO [0m:      
[92mINFO [0m:      Received: evaluate message 83de148b-87ee-4f30-856d-c8fe46269ccd
[92mINFO [0m:      Sent reply
[92mINFO [0m:      
[92mINFO [0m:      Received: train message 4d2cb824-0224-4b7b-afbb-21b47f58af1b
[92mINFO [0m:      Sent reply
[92mINFO [0m:      
[92mINFO [0m:      Received: evaluate message c7ec927b-9f6b-4853-be99-6c10a3f16b60
[92mINFO [0m:      Sent reply
[92mINFO [0m:      
[92mINFO [0m:      Received: train message 412555b9-836b-409f-8db2-b2e4dcdbad69
[92mINFO [0m:      Sent reply
[92mINFO [0m:      
[92mINFO [0m:      Received: evaluate message 1d2e5b16-7a5e-4433-a23a-721022b1817c
[92mINFO [0m:      Sent reply
[92mINFO [0m:      
[92mINFO [0m:      Received: train message 0643f0f1-93cc-41d6-91dd-991ca8556c20
[92mINFO [0m:      Sent reply
[92mINFO [0m:      
[92mINFO [0m:      Received: evaluate message 272e4e0e-f21a-467f-9ec8-f93c68a0c20f
[92mINFO [0m:      Sent reply
[92mINFO [0m:      
[92mINFO [0m:      Received: train message 7f70d84d-8837-42c0-a995-d1287289e75d
[92mINFO [0m:      Sent reply
[92mINFO [0m:      
[92mINFO [0m:      Received: evaluate message 044c7844-662c-4f89-8092-5f4df066e3ec
[92mINFO [0m:      Sent reply
[92mINFO [0m:      
[92mINFO [0m:      Received: train message dad3541d-9fee-483c-b861-6f7dc1018164
[92mINFO [0m:      Sent reply
[92mINFO [0m:      
[92mINFO [0m:      Received: evaluate message e2f01d8c-f6fd-40e3-b9f3-6e9001ad53a9
[92mINFO [0m:      Sent reply
[92mINFO [0m:      
[92mINFO [0m:      Received: train message 6a79ad14-5032-4153-8520-9a943c221c5d
[92mINFO [0m:      Sent reply
[92mINFO [0m:      
[92mINFO [0m:      Received: evaluate message 50880225-b031-4514-84b7-7382cd544d1a
[92mINFO [0m:      Sent reply
[92mINFO [0m:      
[92mINFO [0m:      Received: train message dbe56d2b-4925-407d-8102-68ae3174aa03
[92mINFO [0m:      Sent reply
[92mINFO [0m:      
[92mINFO [0m:      Received: evaluate message f9b4ec3a-4f22-461e-9e4c-f9ad3a679174
[92mINFO [0m:      Sent reply
[92mINFO [0m:      
[92mINFO [0m:      Received: train message 8b67005f-c103-42e3-81a5-4979e23ed119
[92mINFO [0m:      Sent reply
[92mINFO [0m:      
[92mINFO [0m:      Received: evaluate message 41429e5c-8cf0-41e8-a77f-9c5fa6aa6a99
[92mINFO [0m:      Sent reply
[92mINFO [0m:      
[92mINFO [0m:      Received: train message 8afae4a5-4c28-469d-915f-eddae5cbc998
[92mINFO [0m:      Sent reply
[92mINFO [0m:      
[92mINFO [0m:      Received: evaluate message 367f4c65-6523-47c8-9b42-4ffbd21357ea
[92mINFO [0m:      Sent reply
[92mINFO [0m:      
[92mINFO [0m:      Received: train message 1587d402-0b88-4453-9611-afa64cce9cd1
[92mINFO [0m:      Sent reply
[92mINFO [0m:      
[92mINFO [0m:      Received: evaluate message 7a4460b7-fc02-4b87-9bf2-52127e343c6a
[92mINFO [0m:      Sent reply
[92mINFO [0m:      
[92mINFO [0m:      Received: train message b6c6f07d-2d31-4df1-923c-7ee59ad75a4d
[92mINFO [0m:      Sent reply
[92mINFO [0m:      
[92mINFO [0m:      Received: evaluate message 639ceca9-7c14-48c1-a514-c74d5a1f89fc
[92mINFO [0m:      Sent reply
[92mINFO [0m:      
[92mINFO [0m:      Received: train message 035a06d6-8a16-49e3-a8b5-a02d4925033e
[92mINFO [0m:      Sent reply
[92mINFO [0m:      
[92mINFO [0m:      Received: evaluate message e1d16737-97a4-45d6-8c1e-3fe409b8e453
[92mINFO [0m:      Sent reply
[92mINFO [0m:      
[92mINFO [0m:      Received: train message 648f8b50-1531-4676-8acc-21e3a465292b
[92mINFO [0m:      Sent reply
[92mINFO [0m:      
[92mINFO [0m:      Received: evaluate message 266c4c12-869c-478a-9aea-7e544a5cf610
[92mINFO [0m:      Sent reply
[92mINFO [0m:      
[92mINFO [0m:      Received: train message 1557e65b-ce8f-4089-8eed-f2f9457865b7
[92mINFO [0m:      Sent reply
[92mINFO [0m:      
[92mINFO [0m:      Received: evaluate message f4b6942a-45f5-4462-ab42-7b2c5fa0753f
[92mINFO [0m:      Sent reply
[92mINFO [0m:      
[92mINFO [0m:      Received: train message 4a7e5da9-1494-4ef5-8de4-74e9bad95c2a
[92mINFO [0m:      Sent reply
[92mINFO [0m:      
[92mINFO [0m:      Received: evaluate message 5de42847-e253-4710-8ee0-4daeee7ff803
[92mINFO [0m:      Sent reply
[92mINFO [0m:      
[92mINFO [0m:      Received: train message 151e904c-321f-4a62-b3f7-e8e4a9e122ac
[92mINFO [0m:      Sent reply
[92mINFO [0m:      
[92mINFO [0m:      Received: evaluate message 8d509e42-6183-4d48-b0f8-175e6121c6b5
[92mINFO [0m:      Sent reply
[92mINFO [0m:      
[92mINFO [0m:      Received: train message 2892a625-ab80-41ee-be46-d519c6941599
[92mINFO [0m:      Sent reply
[92mINFO [0m:      
[92mINFO [0m:      Received: evaluate message 11a7bf55-d911-41ea-93b3-b24ea87d0d7a
[92mINFO [0m:      Sent reply
[92mINFO [0m:      
[92mINFO [0m:      Received: train message c9cb68bd-8fa1-496f-9b91-bdc2d8206584
[92mINFO [0m:      Sent reply
[92mINFO [0m:      
[92mINFO [0m:      Received: evaluate message 1bc8bc10-0f7f-4713-a367-438b50c84a9d
[92mINFO [0m:      Sent reply
[92mINFO [0m:      
[92mINFO [0m:      Received: train message 324c4c89-b49d-43e3-9bfd-02178f9808c9
[92mINFO [0m:      Sent reply
[92mINFO [0m:      
[92mINFO [0m:      Received: evaluate message 2299b2f7-6c1b-4b1f-9c20-06fb196f51ec
[92mINFO [0m:      Sent reply
[92mINFO [0m:      
[92mINFO [0m:      Received: train message c3805382-3934-4dc8-922b-09604e2d2745
[92mINFO [0m:      Sent reply
[92mINFO [0m:      
[92mINFO [0m:      Received: evaluate message 6c2e7ce4-fe27-46e0-a1cf-e348d39f78a6
[92mINFO [0m:      Sent reply
[92mINFO [0m:      
[92mINFO [0m:      Received: train message 0f714f79-b4f6-40fc-8481-b32208988298
[92mINFO [0m:      Sent reply
[92mINFO [0m:      
[92mINFO [0m:      Received: evaluate message 06baba9a-185e-46b6-b857-fa86b4df3c0a
[92mINFO [0m:      Sent reply
[92mINFO [0m:      
[92mINFO [0m:      Received: train message dd6b95dd-c1f6-4506-8c6f-d0ce5a62221e
[92mINFO [0m:      Sent reply
[92mINFO [0m:      
[92mINFO [0m:      Received: evaluate message 7a48c38f-ecda-4189-a46e-ce72b82c4a64
[92mINFO [0m:      Sent reply
[92mINFO [0m:      
[92mINFO [0m:      Received: train message 39207b11-dd70-4b1b-92ee-26826a8aa0a4
[92mINFO [0m:      Sent reply
[92mINFO [0m:      
[92mINFO [0m:      Received: evaluate message 3a39d85e-5af4-495e-86cb-5bd04c39fb90
[92mINFO [0m:      Sent reply
[92mINFO [0m:      
[92mINFO [0m:      Received: train message 125f285f-2e13-4ada-aad2-80423750a93c
[92mINFO [0m:      Sent reply
[92mINFO [0m:      
[92mINFO [0m:      Received: evaluate message c14d3104-d93f-46c6-a6de-f7addac24dbc
[92mINFO [0m:      Sent reply
[92mINFO [0m:      
[92mINFO [0m:      Received: train message f7dae314-a751-4018-b94b-0352fc08b7df
[92mINFO [0m:      Sent reply
[92mINFO [0m:      
[92mINFO [0m:      Received: evaluate message 81ebab1b-8272-40a6-bc2a-75137b4a7497
[92mINFO [0m:      Sent reply
[92mINFO [0m:      
[92mINFO [0m:      Received: train message 76eeb9d2-51ca-4c46-87cd-507711776ee8
[92mINFO [0m:      Sent reply
[92mINFO [0m:      
[92mINFO [0m:      Received: evaluate message 69ab9627-8b96-4e22-a231-5be18fc4619e
[92mINFO [0m:      Sent reply
[92mINFO [0m:      
[92mINFO [0m:      Received: train message bd19b927-a26e-4165-b470-c3262743e028
[92mINFO [0m:      Sent reply
[92mINFO [0m:      
[92mINFO [0m:      Received: evaluate message 2e1d68ce-ba0f-48be-a38d-1838f55424cb
[92mINFO [0m:      Sent reply
[92mINFO [0m:      
[92mINFO [0m:      Received: reconnect message 1fbf13ec-1881-40c9-89de-94a4ea4043d3
[92mINFO [0m:      Disconnect and shut down
