[93mWARNING [0m:   DEPRECATED FEATURE: flwr.client.start_client() is deprecated.
	Instead, use the `flower-supernode` CLI command to start a SuperNode as shown below:

		$ flower-supernode --insecure --superlink='<IP>:<PORT>'

	To view all available options, run:

		$ flower-supernode --help

	Using `start_client()` is deprecated.

            This is a deprecated feature. It will be removed
            entirely in future versions of Flower.
        
[92mINFO [0m:      
[92mINFO [0m:      Received: train message 382f5088-edba-448b-8ad7-81bace634083
[92mINFO [0m:      Sent reply
[92mINFO [0m:      
[92mINFO [0m:      Received: evaluate message 71782661-d19b-446f-a876-850a40174a22
[92mINFO [0m:      Sent reply
[92mINFO [0m:      
[92mINFO [0m:      Received: train message c2c1f735-4ccd-48c6-b51a-8319de8d484c
[92mINFO [0m:      Sent reply
[92mINFO [0m:      
[92mINFO [0m:      Received: evaluate message 16a2f635-07f0-4db3-be55-59f7ac2a56ea
[92mINFO [0m:      Sent reply
[92mINFO [0m:      
[92mINFO [0m:      Received: train message 511d89b1-32a4-4f37-a440-768ba2347286
[92mINFO [0m:      Sent reply
[92mINFO [0m:      
[92mINFO [0m:      Received: evaluate message 4a0b17f7-0966-42f1-826f-a5c014f46e98
[92mINFO [0m:      Sent reply
[92mINFO [0m:      
[92mINFO [0m:      Received: train message 63f24376-9c3a-4f0b-b0b3-39a9c2a24359
[92mINFO [0m:      Sent reply
[92mINFO [0m:      
[92mINFO [0m:      Received: evaluate message d410b590-5c8f-4ddb-8788-27522ceaa9e8
[92mINFO [0m:      Sent reply
[92mINFO [0m:      
[92mINFO [0m:      Received: train message d2b6677c-07db-4293-8f3e-311f280f6f50
[92mINFO [0m:      Sent reply
[92mINFO [0m:      
[92mINFO [0m:      Received: evaluate message a77e69f0-8b30-4f69-8ecb-32783b2c3a1b
[92mINFO [0m:      Sent reply
[92mINFO [0m:      
[92mINFO [0m:      Received: train message 6eabb710-e032-4d34-bda1-66dfa61ca85c
[92mINFO [0m:      Sent reply
[92mINFO [0m:      
[92mINFO [0m:      Received: evaluate message fe2c0b7d-3467-4dba-9a58-757f88347816
[92mINFO [0m:      Sent reply
[92mINFO [0m:      
[92mINFO [0m:      Received: train message 3185f011-eff7-4193-ae40-c6358daf6c5f
[92mINFO [0m:      Sent reply
[92mINFO [0m:      
[92mINFO [0m:      Received: evaluate message f9b7d518-a2d3-4200-944f-cdc182ae5c34
[92mINFO [0m:      Sent reply
[92mINFO [0m:      
[92mINFO [0m:      Received: train message e545b55d-ecb2-4c8b-b80c-b861706389c7
[92mINFO [0m:      Sent reply
[92mINFO [0m:      
[92mINFO [0m:      Received: evaluate message c7d9c4c4-73e3-4a82-86b8-252515762e3c
[92mINFO [0m:      Sent reply
[92mINFO [0m:      
[92mINFO [0m:      Received: train message 14646bca-70b5-4c29-9e87-6562ecb55293
[92mINFO [0m:      Sent reply
[92mINFO [0m:      
[92mINFO [0m:      Received: evaluate message 7d2764b9-4047-4582-9860-3f9e7745c60a
[92mINFO [0m:      Sent reply
[92mINFO [0m:      
[92mINFO [0m:      Received: train message c25c8bdf-2f11-4b40-b8c5-07232c6c502a
[92mINFO [0m:      Sent reply
[92mINFO [0m:      
[92mINFO [0m:      Received: evaluate message fc46f3c7-defa-4e7a-bb80-7353511c595b
[92mINFO [0m:      Sent reply
[92mINFO [0m:      
[92mINFO [0m:      Received: train message a9d1b119-5899-4243-8b7c-546aec2151f0
[92mINFO [0m:      Sent reply
[92mINFO [0m:      
[92mINFO [0m:      Received: evaluate message e1fc95b2-5772-4725-b660-2e4bb017ae71
[92mINFO [0m:      Sent reply
[92mINFO [0m:      
[92mINFO [0m:      Received: train message 830f0369-630f-47aa-bdbf-16a14cf072a2
[92mINFO [0m:      Sent reply
[92mINFO [0m:      
[92mINFO [0m:      Received: evaluate message 9307a202-d855-420e-9a9d-41f4edd4a7d2
[92mINFO [0m:      Sent reply
[92mINFO [0m:      
[92mINFO [0m:      Received: train message 754bbfef-2939-4356-a4e1-fa7cb1bef297
[92mINFO [0m:      Sent reply
[92mINFO [0m:      
[92mINFO [0m:      Received: evaluate message 75b7eef4-1c00-4d23-9855-eaa822413b51
[92mINFO [0m:      Sent reply
[92mINFO [0m:      
[92mINFO [0m:      Received: train message 80dc4f53-b615-4e81-81a3-77aa4ca1d9f7
[92mINFO [0m:      Sent reply
[92mINFO [0m:      
[92mINFO [0m:      Received: evaluate message 26f749e5-6d5a-4013-bbfd-b9fdfd1b0398
[92mINFO [0m:      Sent reply
[92mINFO [0m:      
[92mINFO [0m:      Received: train message 7b447426-f51b-4ab2-8ead-70e45a94c1f0
[92mINFO [0m:      Sent reply
[92mINFO [0m:      
[92mINFO [0m:      Received: evaluate message b1847850-071c-4289-bae3-09dd8e588357
[92mINFO [0m:      Sent reply
[92mINFO [0m:      
[92mINFO [0m:      Received: train message 24dbee11-7b71-431f-8e5c-90806b7e6878
[92mINFO [0m:      Sent reply
[92mINFO [0m:      
[92mINFO [0m:      Received: evaluate message 4c3d68a4-bed8-4162-8a5f-59a465c31c9e
[92mINFO [0m:      Sent reply
[92mINFO [0m:      
[92mINFO [0m:      Received: train message 5ef78f2b-9819-43ef-8a13-aca7a0ce8d28
[92mINFO [0m:      Sent reply
[92mINFO [0m:      
[92mINFO [0m:      Received: evaluate message 03d04e47-92df-48a1-a782-625c84377515
[92mINFO [0m:      Sent reply
[92mINFO [0m:      
[92mINFO [0m:      Received: train message c8e774b3-4ff2-4b11-b856-cb102efaaf5e
[92mINFO [0m:      Sent reply
[92mINFO [0m:      
[92mINFO [0m:      Received: evaluate message 3640e11c-7764-4ef0-8a86-1e28e1ab1ff1
[92mINFO [0m:      Sent reply
[92mINFO [0m:      
[92mINFO [0m:      Received: train message 5045505d-79da-4490-b2ad-769dfb2c07e6
[92mINFO [0m:      Sent reply
[92mINFO [0m:      
[92mINFO [0m:      Received: evaluate message 6bfa391a-a477-4cd8-8ebd-4ac3cc4d9ede
[92mINFO [0m:      Sent reply
[92mINFO [0m:      
[92mINFO [0m:      Received: train message 934afcb1-eb20-4dbb-ae87-c127a48517b2
[92mINFO [0m:      Sent reply
[92mINFO [0m:      
[92mINFO [0m:      Received: evaluate message 44824fd2-889d-474d-94db-29374197810f
[92mINFO [0m:      Sent reply
[92mINFO [0m:      
[92mINFO [0m:      Received: train message cd58be69-bfb4-4c3c-924e-c226e77f9835
[92mINFO [0m:      Sent reply
[92mINFO [0m:      
[92mINFO [0m:      Received: evaluate message caade703-de07-4d4b-9818-48c0bc6ab756
[92mINFO [0m:      Sent reply
[92mINFO [0m:      
[92mINFO [0m:      Received: train message 998ebc24-3388-496b-88ba-1de94ab0760d
[92mINFO [0m:      Sent reply
[92mINFO [0m:      
[92mINFO [0m:      Received: evaluate message d6ae6388-a46f-4524-b854-1203deb9f209
[92mINFO [0m:      Sent reply
[92mINFO [0m:      
[92mINFO [0m:      Received: train message 86181b00-53ed-4930-bcea-06f6352dbf56
[92mINFO [0m:      Sent reply
[92mINFO [0m:      
[92mINFO [0m:      Received: evaluate message 2a308e3c-c539-4dc6-b011-301a03985bc6
[92mINFO [0m:      Sent reply
[92mINFO [0m:      
[92mINFO [0m:      Received: train message 5b92becf-602f-47df-8878-00b1ce0b7f06
[92mINFO [0m:      Sent reply
[92mINFO [0m:      
[92mINFO [0m:      Received: evaluate message 8d5b96d7-4922-4d83-bc65-5b42d6342408
[92mINFO [0m:      Sent reply
[92mINFO [0m:      
[92mINFO [0m:      Received: train message a36a6f68-22b6-4b32-9e6f-a9404152ed76
[92mINFO [0m:      Sent reply
[92mINFO [0m:      
[92mINFO [0m:      Received: evaluate message 34b20741-5d07-421d-a862-3f65894abb8d
[92mINFO [0m:      Sent reply
[92mINFO [0m:      
[92mINFO [0m:      Received: train message b3754588-fd85-4f2d-9301-4c8853737314
[92mINFO [0m:      Sent reply
[92mINFO [0m:      
[92mINFO [0m:      Received: evaluate message ccb0929b-68ca-4d00-9f74-6ff306df2b16
[92mINFO [0m:      Sent reply
[92mINFO [0m:      
[92mINFO [0m:      Received: train message fd1b6373-1355-4328-a13d-2216671f244e
[92mINFO [0m:      Sent reply
[92mINFO [0m:      
[92mINFO [0m:      Received: evaluate message 31ccb7d4-9bb5-4b37-81a1-ffc705cbde50
[92mINFO [0m:      Sent reply
[92mINFO [0m:      
[92mINFO [0m:      Received: train message 84ccec2a-27d5-485f-8986-48de547646f6
[92mINFO [0m:      Sent reply
[92mINFO [0m:      
[92mINFO [0m:      Received: evaluate message 0448bbca-bce6-468e-949e-14731602af8b
[92mINFO [0m:      Sent reply
[92mINFO [0m:      
[92mINFO [0m:      Received: train message 3b51e70a-c6cd-4420-a029-44667d396875
[92mINFO [0m:      Sent reply
[92mINFO [0m:      
[92mINFO [0m:      Received: evaluate message b0a7e99e-6601-4385-bed4-59d31a5abea1
[92mINFO [0m:      Sent reply
[92mINFO [0m:      
[92mINFO [0m:      Received: train message e880a703-26ec-43df-9ac2-0f7ddb684f09
[92mINFO [0m:      Sent reply
[92mINFO [0m:      
[92mINFO [0m:      Received: evaluate message 00682382-7cba-456b-a0cc-766d6a5b74ad
[92mINFO [0m:      Sent reply
[92mINFO [0m:      
[92mINFO [0m:      Received: train message 09b84a9e-6f46-4f77-8ca1-8dcbf026226e
[92mINFO [0m:      Sent reply
[92mINFO [0m:      
[92mINFO [0m:      Received: evaluate message 7a232d2b-2a9f-41f6-b2aa-1634ec4f6f88
[92mINFO [0m:      Sent reply
[92mINFO [0m:      
[92mINFO [0m:      Received: train message 1521b821-f9e1-40d1-8c71-c68238a87e91
[92mINFO [0m:      Sent reply
[92mINFO [0m:      
[92mINFO [0m:      Received: evaluate message 88ba897e-1b5b-4c39-923a-51475b6abc0e
[92mINFO [0m:      Sent reply
[92mINFO [0m:      
[92mINFO [0m:      Received: train message b1a8c269-1ac4-4a97-aa3d-fdb0084e4eae
[92mINFO [0m:      Sent reply
[92mINFO [0m:      
[92mINFO [0m:      Received: evaluate message 844525a5-8ce0-4a7a-81a1-a6b352b7cae3
[92mINFO [0m:      Sent reply
[92mINFO [0m:      
[92mINFO [0m:      Received: train message c1f66630-4f29-497f-a08f-ae086cc8a3c9
[92mINFO [0m:      Sent reply
[92mINFO [0m:      
[92mINFO [0m:      Received: evaluate message 448e7522-022b-4abf-81d9-ce031c101e6b
[92mINFO [0m:      Sent reply
[92mINFO [0m:      
[92mINFO [0m:      Received: train message 809aad6b-ff2f-485b-a2dc-d60bf63c59e0
[92mINFO [0m:      Sent reply
[92mINFO [0m:      
[92mINFO [0m:      Received: evaluate message 0ddb1d65-2222-4990-888b-719f1b80fcaf
[92mINFO [0m:      Sent reply
[92mINFO [0m:      
[92mINFO [0m:      Received: train message 47f9df4d-7f32-4657-b07b-1ffc76a96bfe
[92mINFO [0m:      Sent reply
[92mINFO [0m:      
[92mINFO [0m:      Received: evaluate message fc0ed10b-5da5-4aca-a2c2-65159bc57351
[92mINFO [0m:      Sent reply
[92mINFO [0m:      
[92mINFO [0m:      Received: train message 53b7093d-9d9c-4aa8-ada8-0ae18a31d7dd
[92mINFO [0m:      Sent reply
[92mINFO [0m:      
[92mINFO [0m:      Received: evaluate message 1e69ddfd-c045-48b9-8fce-2ad7abe607c5
[92mINFO [0m:      Sent reply
[92mINFO [0m:      
[92mINFO [0m:      Received: train message a2d6f200-025d-4e19-ba37-e4a587ab6418
[92mINFO [0m:      Sent reply
[92mINFO [0m:      
[92mINFO [0m:      Received: evaluate message 8b7946a9-04a6-4c47-bcd1-4cc4e1e94b06
[92mINFO [0m:      Sent reply
[92mINFO [0m:      
[92mINFO [0m:      Received: train message cd6f7bec-6860-400d-b780-fa65c3d83f59
[92mINFO [0m:      Sent reply
[92mINFO [0m:      
[92mINFO [0m:      Received: evaluate message bca89bb8-da15-46be-a2c2-cb8d7827eab0
[92mINFO [0m:      Sent reply
[92mINFO [0m:      
[92mINFO [0m:      Received: train message 5649e360-2cda-462f-badc-1a1e63ecaeac
[92mINFO [0m:      Sent reply
[92mINFO [0m:      
[92mINFO [0m:      Received: evaluate message a435fdfb-55d1-4bee-a2f4-a89df781e682
[92mINFO [0m:      Sent reply
[92mINFO [0m:      
[92mINFO [0m:      Received: train message e3d9752f-521d-4e08-9798-b3543b07e0cd
[92mINFO [0m:      Sent reply
[92mINFO [0m:      
[92mINFO [0m:      Received: evaluate message 9ad29632-02db-46a8-8ea3-68b1153148ea
[92mINFO [0m:      Sent reply
[92mINFO [0m:      
[92mINFO [0m:      Received: train message 38d603e0-fb6f-46de-9f33-e35824f4a0dc
[92mINFO [0m:      Sent reply
[92mINFO [0m:      
[92mINFO [0m:      Received: evaluate message cc395062-9251-495f-a0ac-56d3c68c6c37
[92mINFO [0m:      Sent reply
[92mINFO [0m:      
[92mINFO [0m:      Received: train message 4963c269-955d-4248-9fab-7c836832cb6a
[92mINFO [0m:      Sent reply
[92mINFO [0m:      
[92mINFO [0m:      Received: evaluate message 2eb3944d-f453-4571-8c0f-8634754337c2
[92mINFO [0m:      Sent reply
[92mINFO [0m:      
[92mINFO [0m:      Received: train message ca5cb1c0-daf3-40a5-8950-86753cb5993e
[92mINFO [0m:      Sent reply
[92mINFO [0m:      
[92mINFO [0m:      Received: evaluate message 207d6dba-4d8c-45ee-b1bf-ef2e7e9c8056
[92mINFO [0m:      Sent reply
[92mINFO [0m:      
[92mINFO [0m:      Received: train message 31b36b6e-96de-4c62-8ea3-36be8fa9ac5c
[92mINFO [0m:      Sent reply
[92mINFO [0m:      
[92mINFO [0m:      Received: evaluate message 7b1773e3-aa72-44aa-9879-67a55ab8c372
[92mINFO [0m:      Sent reply
[92mINFO [0m:      
[92mINFO [0m:      Received: train message 78185093-a776-42d7-b6d3-9533647d9788
[92mINFO [0m:      Sent reply
[92mINFO [0m:      
[92mINFO [0m:      Received: evaluate message 47a87c30-9b3f-4f95-9c21-38d604f4f09a
[92mINFO [0m:      Sent reply
[92mINFO [0m:      
[92mINFO [0m:      Received: train message 9c25ef3e-336a-40a1-a720-382858f0fcad
[92mINFO [0m:      Sent reply
[92mINFO [0m:      
[92mINFO [0m:      Received: evaluate message 9a6374b9-6023-435a-b7ab-c2635f09e3a2
[92mINFO [0m:      Sent reply
[92mINFO [0m:      
[92mINFO [0m:      Received: train message 1b6debc4-a88d-46d4-bfb0-9045d1712367
[92mINFO [0m:      Sent reply
[92mINFO [0m:      
[92mINFO [0m:      Received: evaluate message 4ec69734-9532-4b71-8b72-9e564d89c12c
[92mINFO [0m:      Sent reply
[92mINFO [0m:      
[92mINFO [0m:      Received: train message c6858c66-ee1f-4e23-b07f-2c2ccc5ca5b5
[92mINFO [0m:      Sent reply
[92mINFO [0m:      
[92mINFO [0m:      Received: evaluate message ba426a46-442d-462a-94f5-adceaf4bc0fc
[92mINFO [0m:      Sent reply
[92mINFO [0m:      
[92mINFO [0m:      Received: train message e19d3717-b01c-4202-a63c-e15a8f6b24b6
[92mINFO [0m:      Sent reply
[92mINFO [0m:      
[92mINFO [0m:      Received: evaluate message 17810ed5-566c-423f-a33f-9f9b52a2b17a
[92mINFO [0m:      Sent reply
[92mINFO [0m:      
[92mINFO [0m:      Received: reconnect message 8881d66d-7ed8-42f8-80fe-0eb98503c305
[92mINFO [0m:      Disconnect and shut down
