[93mWARNING [0m:   DEPRECATED FEATURE: flwr.client.start_client() is deprecated.
	Instead, use the `flower-supernode` CLI command to start a SuperNode as shown below:

		$ flower-supernode --insecure --superlink='<IP>:<PORT>'

	To view all available options, run:

		$ flower-supernode --help

	Using `start_client()` is deprecated.

            This is a deprecated feature. It will be removed
            entirely in future versions of Flower.
        
[92mINFO [0m:      
[92mINFO [0m:      Received: evaluate message 28c5ed9e-8921-442d-8a2e-42ffbf81fb6a
[92mINFO [0m:      Sent reply
[92mINFO [0m:      
[92mINFO [0m:      Received: evaluate message 92eec945-801a-4a3e-b38b-b729223fc02e
[92mINFO [0m:      Sent reply
[92mINFO [0m:      
[92mINFO [0m:      Received: train message 5e4c4081-083b-4b2a-8063-dca37a898e2a
[92mINFO [0m:      Sent reply
[92mINFO [0m:      
[92mINFO [0m:      Received: evaluate message b9bc42d4-28ba-4d6e-9572-6ab97274cb85
[92mINFO [0m:      Sent reply
[92mINFO [0m:      
[92mINFO [0m:      Received: train message 7667aafb-3c1a-4b72-8dd5-927772898d17
[92mINFO [0m:      Sent reply
[92mINFO [0m:      
[92mINFO [0m:      Received: evaluate message 5419883e-1805-4cbc-835a-390c23123615
[92mINFO [0m:      Sent reply
[92mINFO [0m:      
[92mINFO [0m:      Received: evaluate message 911f2b58-5f23-4e0e-a66a-3301e991904a
[92mINFO [0m:      Sent reply
[92mINFO [0m:      
[92mINFO [0m:      Received: train message e515243b-5804-40bc-aad8-02c1e96ab5c2
[92mINFO [0m:      Sent reply
[92mINFO [0m:      
[92mINFO [0m:      Received: evaluate message fb968aaa-1ce3-43b4-86c6-793698c193a9
[92mINFO [0m:      Sent reply
[92mINFO [0m:      
[92mINFO [0m:      Received: train message 8ce28fc1-d891-4e1a-8599-b549aaf1f61c
[92mINFO [0m:      Sent reply
[92mINFO [0m:      
[92mINFO [0m:      Received: evaluate message 68f3c0f9-b03d-4fec-bb39-76b1a5f033eb
[92mINFO [0m:      Sent reply
[92mINFO [0m:      
[92mINFO [0m:      Received: evaluate message b87b0e88-480b-40d6-86e1-ee6e8ec58157
[92mINFO [0m:      Sent reply
[92mINFO [0m:      
[92mINFO [0m:      Received: train message 4c05490b-f18f-409f-974c-2c9f1762aa7b
[92mINFO [0m:      Sent reply
[92mINFO [0m:      
[92mINFO [0m:      Received: evaluate message 2240f866-a159-4ec6-b123-360e5318b7dc
[92mINFO [0m:      Sent reply
[92mINFO [0m:      
[92mINFO [0m:      Received: evaluate message cef637d1-35ef-445d-b713-800e1814039f
[92mINFO [0m:      Sent reply
[92mINFO [0m:      
[92mINFO [0m:      Received: train message e68d81bd-8076-4033-9696-72f52564717a
[92mINFO [0m:      Sent reply
[92mINFO [0m:      
[92mINFO [0m:      Received: evaluate message 8f916e35-46c2-40e4-8451-25e499fc09f2
[92mINFO [0m:      Sent reply
[92mINFO [0m:      
[92mINFO [0m:      Received: evaluate message a29459f8-3a72-4f4b-aa11-ceaf4510303c
[92mINFO [0m:      Sent reply
[92mINFO [0m:      
[92mINFO [0m:      Received: train message 745dc197-2016-48cd-a612-5d3380bdc624
[92mINFO [0m:      Sent reply
[92mINFO [0m:      
[92mINFO [0m:      Received: train message 980999f1-98fe-4ed4-bb10-3143ac763321
[92mINFO [0m:      Sent reply
[92mINFO [0m:      
[92mINFO [0m:      Received: train message 12cb9e3b-3db8-4630-964c-1661ca2cfe29
[92mINFO [0m:      Sent reply
[92mINFO [0m:      
[92mINFO [0m:      Received: train message 53c53e05-d159-4fb7-b5af-df3a2f56d846
[92mINFO [0m:      Sent reply
[92mINFO [0m:      
[92mINFO [0m:      Received: train message 4d3d8e52-71aa-46bd-9511-909f84790e84
[92mINFO [0m:      Sent reply
[92mINFO [0m:      
[92mINFO [0m:      Received: train message f04b8e1a-f8ad-4490-865e-d4eb456b75bb
[92mINFO [0m:      Sent reply
[92mINFO [0m:      
[92mINFO [0m:      Received: evaluate message 473fa187-d26c-4079-a738-0753e0167bad
[92mINFO [0m:      Sent reply
[92mINFO [0m:      
[92mINFO [0m:      Received: evaluate message f0150e64-97bc-435f-875d-a61288b5b177
[92mINFO [0m:      Sent reply
[92mINFO [0m:      
[92mINFO [0m:      Received: train message 361f3d78-6b3b-482d-97d5-16dec91ea1bf
[92mINFO [0m:      Sent reply
[92mINFO [0m:      
[92mINFO [0m:      Received: train message 22a5daa7-5998-4f02-b20f-6dbf1a5d4edf
[92mINFO [0m:      Sent reply
[92mINFO [0m:      
[92mINFO [0m:      Received: train message d358391d-79cf-4b5d-8377-6ef857a59a51
[92mINFO [0m:      Sent reply
[92mINFO [0m:      
[92mINFO [0m:      Received: evaluate message 215754d8-589d-4642-8f44-cb7326af76e4
[92mINFO [0m:      Sent reply
[92mINFO [0m:      
[92mINFO [0m:      Received: train message 785da778-5788-4de3-b62b-fe53d4bd5408
[92mINFO [0m:      Sent reply
[92mINFO [0m:      
[92mINFO [0m:      Received: evaluate message fa70db5e-49bc-42c1-90ca-440168bca64d
[92mINFO [0m:      Sent reply
[92mINFO [0m:      
[92mINFO [0m:      Received: train message 5a26da2a-649d-4975-9069-5302dd03b1df
[92mINFO [0m:      Sent reply
[92mINFO [0m:      
[92mINFO [0m:      Received: train message f4e70162-2e49-43fc-a070-f4fa9194bf9d
[92mINFO [0m:      Sent reply
[92mINFO [0m:      
[92mINFO [0m:      Received: evaluate message 9bfeec83-ff3b-49d1-a86a-36c1e101adda
[92mINFO [0m:      Sent reply
[92mINFO [0m:      
[92mINFO [0m:      Received: evaluate message d2b00ee7-f05f-47d0-a946-0991a16b44bd
[92mINFO [0m:      Sent reply
[92mINFO [0m:      
[92mINFO [0m:      Received: train message 5d4ad16f-6662-4bd6-b990-aaee51ff59ac
[92mINFO [0m:      Sent reply
[92mINFO [0m:      
[92mINFO [0m:      Received: evaluate message 47b1dec8-4687-4818-9912-ef0464334f39
[92mINFO [0m:      Sent reply
[92mINFO [0m:      
[92mINFO [0m:      Received: train message ca8aeb9e-35d1-4718-9eed-32aae9b3a0c6
[92mINFO [0m:      Sent reply
[92mINFO [0m:      
[92mINFO [0m:      Received: train message 6aab377a-65d4-4ccb-ae29-3905c0df2d70
[92mINFO [0m:      Sent reply
[92mINFO [0m:      
[92mINFO [0m:      Received: train message 0be374a2-4c43-42de-a224-8f9874455839
[92mINFO [0m:      Sent reply
[92mINFO [0m:      
[92mINFO [0m:      Received: train message ec2f0fb6-ff35-4e23-a31e-b97c839d538f
[92mINFO [0m:      Sent reply
[92mINFO [0m:      
[92mINFO [0m:      Received: evaluate message 4a74f02c-1694-465c-9c8e-c7853fa619df
[92mINFO [0m:      Sent reply
[92mINFO [0m:      
[92mINFO [0m:      Received: evaluate message e8b6d8bf-97bd-4df5-9b2e-e9e9d92ced22
[92mINFO [0m:      Sent reply
[92mINFO [0m:      
[92mINFO [0m:      Received: evaluate message b5fd669d-539d-4a8a-bf83-7765de2f5f50
[92mINFO [0m:      Sent reply
[92mINFO [0m:      
[92mINFO [0m:      Received: evaluate message 1b27b83c-3df0-4fb7-a721-37578fff3204
[92mINFO [0m:      Sent reply
[92mINFO [0m:      
[92mINFO [0m:      Received: train message da5f6228-4615-4675-87b4-5beec8b63801
[92mINFO [0m:      Sent reply
[92mINFO [0m:      
[92mINFO [0m:      Received: evaluate message 6e0e9cea-d282-45a4-ac6a-ab60907f571c
[92mINFO [0m:      Sent reply
[92mINFO [0m:      
[92mINFO [0m:      Received: train message e9e1dcd3-5a39-4e63-ae23-95328b1fcf96
[92mINFO [0m:      Sent reply
[92mINFO [0m:      
[92mINFO [0m:      Received: evaluate message 71f9c0bf-d59c-474e-8cf0-57b0f9e37328
[92mINFO [0m:      Sent reply
[92mINFO [0m:      
[92mINFO [0m:      Received: train message 6039bf13-95e5-4b2b-8f42-3f5e897e8497
[92mINFO [0m:      Sent reply
[92mINFO [0m:      
[92mINFO [0m:      Received: evaluate message 2cb13bda-08dc-42a3-8018-5f5a9669aa7a
[92mINFO [0m:      Sent reply
[92mINFO [0m:      
[92mINFO [0m:      Received: train message ac7a5ff3-e02d-4d54-abbd-6bc2d66eb14a
[92mINFO [0m:      Sent reply
[92mINFO [0m:      
[92mINFO [0m:      Received: train message 4d6ee867-564a-49e3-8d27-780a633e3468
[92mINFO [0m:      Sent reply
[92mINFO [0m:      
[92mINFO [0m:      Received: train message 0e4c2f49-1528-4eb8-8ced-43e6963a5b17
[92mINFO [0m:      Sent reply
[92mINFO [0m:      
[92mINFO [0m:      Received: evaluate message 695f989b-b0d1-49ba-bc08-1e56d3026ccf
[92mINFO [0m:      Sent reply
[92mINFO [0m:      
[92mINFO [0m:      Received: evaluate message 4d76b47d-ab47-4eae-ba0a-1bce103e404c
[92mINFO [0m:      Sent reply
[92mINFO [0m:      
[92mINFO [0m:      Received: train message 9953be87-3849-46ee-9d7c-8ed10384d58e
[92mINFO [0m:      Sent reply
[92mINFO [0m:      
[92mINFO [0m:      Received: evaluate message 1f6a646c-a4c9-4b81-a96f-72631ad114d0
[92mINFO [0m:      Sent reply
[92mINFO [0m:      
[92mINFO [0m:      Received: train message 5469a5a3-d5ed-4a51-9075-a55adb7502f9
[92mINFO [0m:      Sent reply
[92mINFO [0m:      
[92mINFO [0m:      Received: train message 349d330b-f711-457b-b671-723b6e33da0a
[92mINFO [0m:      Sent reply
[92mINFO [0m:      
[92mINFO [0m:      Received: evaluate message 07881ba5-1d8a-4442-9329-52adf834eba5
[92mINFO [0m:      Sent reply
[92mINFO [0m:      
[92mINFO [0m:      Received: train message 6eef5400-825a-40de-a273-9915682c059b
[92mINFO [0m:      Sent reply
[92mINFO [0m:      
[92mINFO [0m:      Received: evaluate message 0613564b-6f2c-4ec9-87ad-21990e9f2722
[92mINFO [0m:      Sent reply
[92mINFO [0m:      
[92mINFO [0m:      Received: train message 2f45a4d3-6a1f-42ac-857a-0f1924604c12
[92mINFO [0m:      Sent reply
[92mINFO [0m:      
[92mINFO [0m:      Received: evaluate message 93ef2e69-09e1-4aa4-9a48-0fa80e08699e
[92mINFO [0m:      Sent reply
[92mINFO [0m:      
[92mINFO [0m:      Received: train message 95edfc8f-0233-4100-b897-5732003313a5
[92mINFO [0m:      Sent reply
[92mINFO [0m:      
[92mINFO [0m:      Received: evaluate message fb979a9d-6b69-43e4-87d3-88330f74f64a
[92mINFO [0m:      Sent reply
[92mINFO [0m:      
[92mINFO [0m:      Received: evaluate message 3ebf1ed1-7fb4-46a5-82dd-b1ef986faeb5
[92mINFO [0m:      Sent reply
[92mINFO [0m:      
[92mINFO [0m:      Received: train message 2ebb6093-72bd-49bb-98d6-663f8e7b8fd3
[92mINFO [0m:      Sent reply
[92mINFO [0m:      
[92mINFO [0m:      Received: evaluate message fa3ca7b3-49f5-444d-8cca-9ae084ebccbe
[92mINFO [0m:      Sent reply
[92mINFO [0m:      
[92mINFO [0m:      Received: reconnect message 98347fd2-038b-4a53-82e8-d94de76c6340
[92mINFO [0m:      Disconnect and shut down
