[93mWARNING [0m:   DEPRECATED FEATURE: flwr.client.start_client() is deprecated.
	Instead, use the `flower-supernode` CLI command to start a SuperNode as shown below:

		$ flower-supernode --insecure --superlink='<IP>:<PORT>'

	To view all available options, run:

		$ flower-supernode --help

	Using `start_client()` is deprecated.

            This is a deprecated feature. It will be removed
            entirely in future versions of Flower.
        
[92mINFO [0m:      
[92mINFO [0m:      Received: evaluate message 6c8630bb-f583-4a1e-9ee2-2400e6a6a757
[92mINFO [0m:      Sent reply
[92mINFO [0m:      
[92mINFO [0m:      Received: evaluate message 3d3c31d0-398d-4448-a658-35795f47c66a
[92mINFO [0m:      Sent reply
[92mINFO [0m:      
[92mINFO [0m:      Received: train message 8c56d931-922d-4f67-be35-47a7fc9a25e2
[92mINFO [0m:      Sent reply
[92mINFO [0m:      
[92mINFO [0m:      Received: evaluate message b2b26f79-a7f3-4461-8b74-b66699c59854
[92mINFO [0m:      Sent reply
[92mINFO [0m:      
[92mINFO [0m:      Received: train message 6e85153f-10b8-401d-a8f0-905860b98f8a
[92mINFO [0m:      Sent reply
[92mINFO [0m:      
[92mINFO [0m:      Received: train message 1337d191-12d9-47ba-a1b9-b09495f8fedd
[92mINFO [0m:      Sent reply
[92mINFO [0m:      
[92mINFO [0m:      Received: evaluate message e39bddd9-5d81-45e9-b3a0-53d737de464e
[92mINFO [0m:      Sent reply
[92mINFO [0m:      
[92mINFO [0m:      Received: train message 15680705-ba17-433b-bf47-88e4923955c0
[92mINFO [0m:      Sent reply
[92mINFO [0m:      
[92mINFO [0m:      Received: evaluate message 36045017-414a-4489-8f76-2ef59563d043
[92mINFO [0m:      Sent reply
[92mINFO [0m:      
[92mINFO [0m:      Received: train message 01ec4055-fb0f-428d-8c14-ca0d7fae0289
[92mINFO [0m:      Sent reply
[92mINFO [0m:      
[92mINFO [0m:      Received: evaluate message fca2138d-4ace-4ccd-b56c-0663d01ef4b7
[92mINFO [0m:      Sent reply
[92mINFO [0m:      
[92mINFO [0m:      Received: train message f65c83f7-bd9a-4d15-a952-35fd6ec180af
[92mINFO [0m:      Sent reply
[92mINFO [0m:      
[92mINFO [0m:      Received: train message e784ab97-a2ea-49f8-afa0-695cf2f84319
[92mINFO [0m:      Sent reply
[92mINFO [0m:      
[92mINFO [0m:      Received: train message 5014cb5c-e5e4-465e-af24-3db08c331c0f
[92mINFO [0m:      Sent reply
[92mINFO [0m:      
[92mINFO [0m:      Received: evaluate message 9ad84b35-b119-4d91-9c99-867488260c91
[92mINFO [0m:      Sent reply
[92mINFO [0m:      
[92mINFO [0m:      Received: train message 9ffab1b1-d1c8-4a85-86d0-4e4fd8b4fcc4
[92mINFO [0m:      Sent reply
[92mINFO [0m:      
[92mINFO [0m:      Received: evaluate message 3b5025db-1682-4c52-887f-681cc21c5a34
[92mINFO [0m:      Sent reply
[92mINFO [0m:      
[92mINFO [0m:      Received: evaluate message b47b629a-afcd-467f-ab8b-cc5667d66e16
[92mINFO [0m:      Sent reply
[92mINFO [0m:      
[92mINFO [0m:      Received: evaluate message 33f23f1c-804e-4b77-b007-c7705d9630b6
[92mINFO [0m:      Sent reply
[92mINFO [0m:      
[92mINFO [0m:      Received: train message 47cd259d-9928-44bc-b694-5f2facd5370e
[92mINFO [0m:      Sent reply
[92mINFO [0m:      
[92mINFO [0m:      Received: evaluate message d6bdf28a-4d48-4b93-a006-dda0b348b695
[92mINFO [0m:      Sent reply
[92mINFO [0m:      
[92mINFO [0m:      Received: train message f0bfa7d1-6de4-4f8a-87c3-f090b02bae13
[92mINFO [0m:      Sent reply
[92mINFO [0m:      
[92mINFO [0m:      Received: evaluate message cd75560a-3250-4183-9f1e-98a5a0cafc97
[92mINFO [0m:      Sent reply
[92mINFO [0m:      
[92mINFO [0m:      Received: train message 529a74f1-3ba6-419d-8bc0-2297870a3fde
[92mINFO [0m:      Sent reply
[92mINFO [0m:      
[92mINFO [0m:      Received: evaluate message ee2fdaca-ca6b-4f49-a9ae-a213ad3ed072
[92mINFO [0m:      Sent reply
[92mINFO [0m:      
[92mINFO [0m:      Received: train message 2732b9af-ef65-4b87-8c25-824564629aea
[92mINFO [0m:      Sent reply
[92mINFO [0m:      
[92mINFO [0m:      Received: evaluate message 04fdc18c-0d62-46d0-aa41-232e2dedb7be
[92mINFO [0m:      Sent reply
[92mINFO [0m:      
[92mINFO [0m:      Received: train message 2659eeec-377e-4c44-b8a1-da48f6a1e2a2
[92mINFO [0m:      Sent reply
[92mINFO [0m:      
[92mINFO [0m:      Received: evaluate message 5a5933f1-8fc8-455e-b237-d36fc1920e86
[92mINFO [0m:      Sent reply
[92mINFO [0m:      
[92mINFO [0m:      Received: train message 81732503-e916-41b8-925c-b53f0a3a3373
[92mINFO [0m:      Sent reply
[92mINFO [0m:      
[92mINFO [0m:      Received: evaluate message 332f3d12-1554-4476-abe4-eda4d6062829
[92mINFO [0m:      Sent reply
[92mINFO [0m:      
[92mINFO [0m:      Received: train message bdf29bbd-b779-4d12-ae0e-c9e72689cb51
[92mINFO [0m:      Sent reply
[92mINFO [0m:      
[92mINFO [0m:      Received: evaluate message 74aeecc4-bf14-43aa-8902-9e37700eb6a4
[92mINFO [0m:      Sent reply
[92mINFO [0m:      
[92mINFO [0m:      Received: evaluate message b5861fba-6b9d-402d-a1d3-464d7bd88f74
[92mINFO [0m:      Sent reply
[92mINFO [0m:      
[92mINFO [0m:      Received: train message 3b22d104-b66c-466a-b303-2929c0447c2c
[92mINFO [0m:      Sent reply
[92mINFO [0m:      
[92mINFO [0m:      Received: evaluate message 66f0c8c3-6a2f-4913-a8c8-73bedbac2e3a
[92mINFO [0m:      Sent reply
[92mINFO [0m:      
[92mINFO [0m:      Received: evaluate message 9ca7d75b-8e95-4fd9-a7a9-a5b494f7bdea
[92mINFO [0m:      Sent reply
[92mINFO [0m:      
[92mINFO [0m:      Received: train message 88f7f93f-6767-46b5-8c44-8092ec94b3d4
[92mINFO [0m:      Sent reply
[92mINFO [0m:      
[92mINFO [0m:      Received: evaluate message bde53289-9bf9-485d-9462-a69fccc0db99
[92mINFO [0m:      Sent reply
[92mINFO [0m:      
[92mINFO [0m:      Received: train message 8893aa1d-fbb1-4d85-a62d-877d14a08407
[92mINFO [0m:      Sent reply
[92mINFO [0m:      
[92mINFO [0m:      Received: train message c63499f6-143c-4806-ae42-e93bde1fd2a2
[92mINFO [0m:      Sent reply
[92mINFO [0m:      
[92mINFO [0m:      Received: train message 09be08a9-e8f0-4c91-8543-ea0a948ff283
[92mINFO [0m:      Sent reply
[92mINFO [0m:      
[92mINFO [0m:      Received: train message b84fb602-30ec-4cc0-9c2b-355a951629ca
[92mINFO [0m:      Sent reply
[92mINFO [0m:      
[92mINFO [0m:      Received: train message 350c50c3-3613-4b49-a513-5fc4248fff50
[92mINFO [0m:      Sent reply
[92mINFO [0m:      
[92mINFO [0m:      Received: evaluate message f9e75e9b-bc38-45b1-915c-81f51f1cd409
[92mINFO [0m:      Sent reply
[92mINFO [0m:      
[92mINFO [0m:      Received: train message e6c257fc-09f3-4825-8b88-193b42c1c1e6
[92mINFO [0m:      Sent reply
[92mINFO [0m:      
[92mINFO [0m:      Received: evaluate message 8dd09a43-b879-4a82-b982-3d6cfd99532d
[92mINFO [0m:      Sent reply
[92mINFO [0m:      
[92mINFO [0m:      Received: train message 41362e6d-61fd-403f-95e2-f6a8a53e843d
[92mINFO [0m:      Sent reply
[92mINFO [0m:      
[92mINFO [0m:      Received: evaluate message 28b3f82a-a3ca-4c9f-aa86-bd792a55633e
[92mINFO [0m:      Sent reply
[92mINFO [0m:      
[92mINFO [0m:      Received: evaluate message db6d0bd9-0f89-489e-9979-c31aadba0372
[92mINFO [0m:      Sent reply
[92mINFO [0m:      
[92mINFO [0m:      Received: train message 8cae8ae4-2af7-4ca4-a4f9-6716687d4970
[92mINFO [0m:      Sent reply
[92mINFO [0m:      
[92mINFO [0m:      Received: evaluate message b65fe164-cc54-46cc-b1c1-4edbaabca78e
[92mINFO [0m:      Sent reply
[92mINFO [0m:      
[92mINFO [0m:      Received: train message 74577a0b-12d1-4911-a732-3d7f4c6b2e73
[92mINFO [0m:      Sent reply
[92mINFO [0m:      
[92mINFO [0m:      Received: evaluate message ceda9326-e17f-4233-89ae-7d7fdda3084c
[92mINFO [0m:      Sent reply
[92mINFO [0m:      
[92mINFO [0m:      Received: train message 23f13179-46ad-4fb0-bbd7-f5abd6b8b153
[92mINFO [0m:      Sent reply
[92mINFO [0m:      
[92mINFO [0m:      Received: evaluate message 6f4d4162-1aea-4eb2-b40a-6e730c87566f
[92mINFO [0m:      Sent reply
[92mINFO [0m:      
[92mINFO [0m:      Received: train message ef0b5037-dc76-4d82-92d5-567e437f987a
[92mINFO [0m:      Sent reply
[92mINFO [0m:      
[92mINFO [0m:      Received: evaluate message e2716e2a-eb57-4b12-90a4-d396b965df1c
[92mINFO [0m:      Sent reply
[92mINFO [0m:      
[92mINFO [0m:      Received: evaluate message c81d350a-078b-402f-ae30-60dd266c5e13
[92mINFO [0m:      Sent reply
[92mINFO [0m:      
[92mINFO [0m:      Received: train message 50b35357-6575-49b3-a8fb-d0ed049d5caa
[92mINFO [0m:      Sent reply
[92mINFO [0m:      
[92mINFO [0m:      Received: train message d661d402-89c8-472e-88f0-0d77ea40a6e5
[92mINFO [0m:      Sent reply
[92mINFO [0m:      
[92mINFO [0m:      Received: evaluate message 802dba91-61d9-4ca2-a5fa-7d29783f3a6c
[92mINFO [0m:      Sent reply
[92mINFO [0m:      
[92mINFO [0m:      Received: evaluate message 2fdaa7e0-e21b-4bc2-ae40-6d9e6f5448f5
[92mINFO [0m:      Sent reply
[92mINFO [0m:      
[92mINFO [0m:      Received: train message 208f7ffd-8534-4d25-9f19-23b2a32662c9
[92mINFO [0m:      Sent reply
[92mINFO [0m:      
[92mINFO [0m:      Received: evaluate message f59d0088-e898-43bf-8262-bfd9160e551a
[92mINFO [0m:      Sent reply
[92mINFO [0m:      
[92mINFO [0m:      Received: train message 0495f88c-28da-4bcf-b74a-060457f00c75
[92mINFO [0m:      Sent reply
[92mINFO [0m:      
[92mINFO [0m:      Received: evaluate message 2f376f73-dc0b-49d9-aca5-5442e5e50034
[92mINFO [0m:      Sent reply
[92mINFO [0m:      
[92mINFO [0m:      Received: train message 8db056f5-6faf-4d8a-8b17-6badadfb13c2
[92mINFO [0m:      Sent reply
[92mINFO [0m:      
[92mINFO [0m:      Received: evaluate message e854c751-d12b-4e3b-863e-6717dd0393f3
[92mINFO [0m:      Sent reply
[92mINFO [0m:      
[92mINFO [0m:      Received: reconnect message 0441c3ec-afbe-4396-8d5f-6149a29d013f
[92mINFO [0m:      Disconnect and shut down
