[93mWARNING [0m:   DEPRECATED FEATURE: flwr.client.start_client() is deprecated.
	Instead, use the `flower-supernode` CLI command to start a SuperNode as shown below:

		$ flower-supernode --insecure --superlink='<IP>:<PORT>'

	To view all available options, run:

		$ flower-supernode --help

	Using `start_client()` is deprecated.

            This is a deprecated feature. It will be removed
            entirely in future versions of Flower.
        
[92mINFO [0m:      
[92mINFO [0m:      Received: evaluate message ec9d2d29-ba21-4082-a8b4-d71af441c64e
[92mINFO [0m:      Sent reply
[92mINFO [0m:      
[92mINFO [0m:      Received: evaluate message 443b9506-ee0a-4d12-99d8-106a85b8f142
[92mINFO [0m:      Sent reply
[92mINFO [0m:      
[92mINFO [0m:      Received: train message d252fdde-1324-4cc8-9bb4-bcd1c9ae9a0a
[92mINFO [0m:      Sent reply
[92mINFO [0m:      
[92mINFO [0m:      Received: evaluate message 10f3d7b5-0e95-482a-ba54-2cd7ca51eec0
[92mINFO [0m:      Sent reply
[92mINFO [0m:      
[92mINFO [0m:      Received: evaluate message e603d57e-29c4-4848-adfa-ed47fdeb618f
[92mINFO [0m:      Sent reply
[92mINFO [0m:      
[92mINFO [0m:      Received: train message 4164a0c4-5380-437c-8616-b173b6874041
[92mINFO [0m:      Sent reply
[92mINFO [0m:      
[92mINFO [0m:      Received: evaluate message e642f36e-012b-4650-bbc6-e29bf0fcf252
[92mINFO [0m:      Sent reply
[92mINFO [0m:      
[92mINFO [0m:      Received: evaluate message 712e4382-0700-460c-a416-caf8ab649f38
[92mINFO [0m:      Sent reply
[92mINFO [0m:      
[92mINFO [0m:      Received: evaluate message c6d49f61-0e1c-44bc-b87b-72f8579b6874
[92mINFO [0m:      Sent reply
[92mINFO [0m:      
[92mINFO [0m:      Received: train message 222fc407-5db9-4077-8868-2b928ed60b6c
[92mINFO [0m:      Sent reply
[92mINFO [0m:      
[92mINFO [0m:      Received: evaluate message 1f0b75ff-66fd-4c5b-86f1-36c34e92f7bd
[92mINFO [0m:      Sent reply
[92mINFO [0m:      
[92mINFO [0m:      Received: train message 938f136a-d103-4749-b1ca-67929e838094
[92mINFO [0m:      Sent reply
[92mINFO [0m:      
[92mINFO [0m:      Received: evaluate message 7d1836b1-ef2b-46eb-b2b9-50f8dc51bdc5
[92mINFO [0m:      Sent reply
[92mINFO [0m:      
[92mINFO [0m:      Received: train message 734ac7a6-3472-42ff-9758-5c7701110eea
[92mINFO [0m:      Sent reply
[92mINFO [0m:      
[92mINFO [0m:      Received: evaluate message e8c64294-289a-46d7-9185-716af830f956
[92mINFO [0m:      Sent reply
[92mINFO [0m:      
[92mINFO [0m:      Received: evaluate message 44a352e9-6901-4200-8035-24c9c1728ced
[92mINFO [0m:      Sent reply
[92mINFO [0m:      
[92mINFO [0m:      Received: train message f783b42d-ae8a-4678-ba58-aa145c9fa63d
[92mINFO [0m:      Sent reply
[92mINFO [0m:      
[92mINFO [0m:      Received: evaluate message c62fc5fc-b35a-4035-8e45-133e0235c883
[92mINFO [0m:      Sent reply
[92mINFO [0m:      
[92mINFO [0m:      Received: evaluate message e57f46b7-81b6-4735-99f4-1e5af02690cd
[92mINFO [0m:      Sent reply
[92mINFO [0m:      
[92mINFO [0m:      Received: evaluate message 7c969cc0-c688-4167-ba75-049da187d20b
[92mINFO [0m:      Sent reply
[92mINFO [0m:      
[92mINFO [0m:      Received: train message f863c1a4-c110-445c-9cf4-e344de013fb0
[92mINFO [0m:      Sent reply
[92mINFO [0m:      
[92mINFO [0m:      Received: evaluate message 26e771d4-a7b3-4ad9-bf25-46b4231ffdb7
[92mINFO [0m:      Sent reply
[92mINFO [0m:      
[92mINFO [0m:      Received: train message 8c0e3237-a679-47c6-b866-3fd18f1de5c0
[92mINFO [0m:      Sent reply
[92mINFO [0m:      
[92mINFO [0m:      Received: evaluate message 701c7cd4-9301-4d11-a2af-4b406799fa4a
[92mINFO [0m:      Sent reply
[92mINFO [0m:      
[92mINFO [0m:      Received: evaluate message 64a9a0f4-5e0b-4fad-ad7a-04b50f948447
[92mINFO [0m:      Sent reply
[92mINFO [0m:      
[92mINFO [0m:      Received: train message e1b559d8-92d1-4531-b572-ee6fdd118436
[92mINFO [0m:      Sent reply
[92mINFO [0m:      
[92mINFO [0m:      Received: train message 4e67e13f-7092-4587-b1db-c6b326e0fe63
[92mINFO [0m:      Sent reply
[92mINFO [0m:      
[92mINFO [0m:      Received: evaluate message 2f492317-0312-4632-9e81-6e2d5e31c6f6
[92mINFO [0m:      Sent reply
[92mINFO [0m:      
[92mINFO [0m:      Received: train message 285abf0f-b55f-47de-a0d6-15609e7ada46
[92mINFO [0m:      Sent reply
[92mINFO [0m:      
[92mINFO [0m:      Received: evaluate message 5d2443c6-fb0c-42ee-8e0a-62b91c7c4f36
[92mINFO [0m:      Sent reply
[92mINFO [0m:      
[92mINFO [0m:      Received: evaluate message c79dab82-2dd8-45b4-bb07-c07d600083b3
[92mINFO [0m:      Sent reply
[92mINFO [0m:      
[92mINFO [0m:      Received: evaluate message 1759d9d9-08c4-4941-8185-9caccefe30c2
[92mINFO [0m:      Sent reply
[92mINFO [0m:      
[92mINFO [0m:      Received: evaluate message 9dfb5ae0-ec0a-45da-b064-9c5d0d74f823
[92mINFO [0m:      Sent reply
[92mINFO [0m:      
[92mINFO [0m:      Received: train message 62668b10-9111-4643-aa7d-768859d47595
[92mINFO [0m:      Sent reply
[92mINFO [0m:      
[92mINFO [0m:      Received: train message 4bc970a7-b3f1-45b5-8427-a18f58a5bc66
[92mINFO [0m:      Sent reply
[92mINFO [0m:      
[92mINFO [0m:      Received: evaluate message eb423bd0-e786-428f-8e47-f018cd2184a4
[92mINFO [0m:      Sent reply
[92mINFO [0m:      
[92mINFO [0m:      Received: train message e06ce6ed-356e-40b1-8511-1e2c4a666079
[92mINFO [0m:      Sent reply
[92mINFO [0m:      
[92mINFO [0m:      Received: train message 690c2e3d-b545-4589-ae35-27d8b89953fc
[92mINFO [0m:      Sent reply
[92mINFO [0m:      
[92mINFO [0m:      Received: train message 8b9ab128-20c1-44ba-8f6a-1209268dd11a
[92mINFO [0m:      Sent reply
[92mINFO [0m:      
[92mINFO [0m:      Received: evaluate message 7cc74cf2-c89a-4d2b-a788-496d87c60f01
[92mINFO [0m:      Sent reply
[92mINFO [0m:      
[92mINFO [0m:      Received: train message bbd48b1d-a306-4d40-9798-d46d0fd31551
[92mINFO [0m:      Sent reply
[92mINFO [0m:      
[92mINFO [0m:      Received: evaluate message c11ed897-f2bd-4510-86ba-d5e08803f263
[92mINFO [0m:      Sent reply
[92mINFO [0m:      
[92mINFO [0m:      Received: evaluate message e16b88d2-9df7-4472-bc9d-dace77bf5d93
[92mINFO [0m:      Sent reply
[92mINFO [0m:      
[92mINFO [0m:      Received: evaluate message 34d3cf32-72b2-4261-a137-e8cdf2389953
[92mINFO [0m:      Sent reply
[92mINFO [0m:      
[92mINFO [0m:      Received: train message a6d6f745-b58f-409c-9272-fc18fc6d21be
[92mINFO [0m:      Sent reply
[92mINFO [0m:      
[92mINFO [0m:      Received: train message 7a82be80-8256-427b-a1f2-e0f7bf6aa026
[92mINFO [0m:      Sent reply
[92mINFO [0m:      
[92mINFO [0m:      Received: evaluate message 15ace7d5-1235-4d0f-90cd-e69750c7cd15
[92mINFO [0m:      Sent reply
[92mINFO [0m:      
[92mINFO [0m:      Received: train message 2ff8e110-0785-461b-b1b9-d78c1e4b77e0
[92mINFO [0m:      Sent reply
[92mINFO [0m:      
[92mINFO [0m:      Received: evaluate message 318b6f0f-297f-4749-a4a3-e4a19a9c5c1f
[92mINFO [0m:      Sent reply
[92mINFO [0m:      
[92mINFO [0m:      Received: train message b816e3e2-11ec-4df3-843d-673a0badf8b7
[92mINFO [0m:      Sent reply
[92mINFO [0m:      
[92mINFO [0m:      Received: train message 8ee6dd07-879b-4a11-9649-4b2ce9b30d93
[92mINFO [0m:      Sent reply
[92mINFO [0m:      
[92mINFO [0m:      Received: evaluate message ce8babd1-e426-46c7-a112-4b9748d1ef55
[92mINFO [0m:      Sent reply
[92mINFO [0m:      
[92mINFO [0m:      Received: train message 82d69c55-d20c-4bbc-a949-bee9813d570a
[92mINFO [0m:      Sent reply
[92mINFO [0m:      
[92mINFO [0m:      Received: reconnect message 7cbfe984-802c-4b3a-80bf-15d37c857076
[92mINFO [0m:      Disconnect and shut down
