[93mWARNING [0m:   DEPRECATED FEATURE: flwr.client.start_client() is deprecated.
	Instead, use the `flower-supernode` CLI command to start a SuperNode as shown below:

		$ flower-supernode --insecure --superlink='<IP>:<PORT>'

	To view all available options, run:

		$ flower-supernode --help

	Using `start_client()` is deprecated.

            This is a deprecated feature. It will be removed
            entirely in future versions of Flower.
        
[92mINFO [0m:      
[92mINFO [0m:      Received: train message eb1f2f97-bb97-424e-be5f-631aeea15ffa
[92mINFO [0m:      Sent reply
[92mINFO [0m:      
[92mINFO [0m:      Received: evaluate message 19be6ed6-bfbe-4780-886b-d29182935936
[92mINFO [0m:      Sent reply
[92mINFO [0m:      
[92mINFO [0m:      Received: train message 727ab7cc-9147-4fb1-8f44-91e4b419566b
[92mINFO [0m:      Sent reply
[92mINFO [0m:      
[92mINFO [0m:      Received: evaluate message 82feb6b3-565c-4df4-a054-f185b264c732
[92mINFO [0m:      Sent reply
[92mINFO [0m:      
[92mINFO [0m:      Received: train message e514f7cf-f8d4-48af-8777-24f8d0ff2ef7
[92mINFO [0m:      Sent reply
[92mINFO [0m:      
[92mINFO [0m:      Received: evaluate message 85743c61-e726-443a-84ca-6f9f1d8d14b0
[92mINFO [0m:      Sent reply
[92mINFO [0m:      
[92mINFO [0m:      Received: train message ac708941-d07a-4da4-80e3-b2a56154f1c3
[92mINFO [0m:      Sent reply
[92mINFO [0m:      
[92mINFO [0m:      Received: evaluate message ea410d63-fcb2-42b9-94ec-70f2a3c68acb
[92mINFO [0m:      Sent reply
[92mINFO [0m:      
[92mINFO [0m:      Received: train message cd733a2a-5db1-4918-b7c6-397701fade61
[92mINFO [0m:      Sent reply
[92mINFO [0m:      
[92mINFO [0m:      Received: evaluate message 2af42e05-3c56-4453-8326-2309c227776b
[92mINFO [0m:      Sent reply
[92mINFO [0m:      
[92mINFO [0m:      Received: train message 8a87bd68-12f4-4c89-b76d-74e0442a8ed7
[92mINFO [0m:      Sent reply
[92mINFO [0m:      
[92mINFO [0m:      Received: evaluate message 872816f5-8a31-4a29-9ab5-db9d360f1653
[92mINFO [0m:      Sent reply
[92mINFO [0m:      
[92mINFO [0m:      Received: train message f5eaab66-7427-4aed-be32-0aa65001837d
[92mINFO [0m:      Sent reply
[92mINFO [0m:      
[92mINFO [0m:      Received: evaluate message 7485013d-1962-4b28-8bcb-fefbbadfad19
[92mINFO [0m:      Sent reply
[92mINFO [0m:      
[92mINFO [0m:      Received: train message 9bd4b332-7f49-4f13-83c9-24f914dadf6e
[92mINFO [0m:      Sent reply
[92mINFO [0m:      
[92mINFO [0m:      Received: evaluate message 7da204ca-bca6-4f06-8f03-6a2bf6b6521d
[92mINFO [0m:      Sent reply
[92mINFO [0m:      
[92mINFO [0m:      Received: train message 98eb8d19-4bc7-4bae-afda-8cd81bd7737e
[92mINFO [0m:      Sent reply
[92mINFO [0m:      
[92mINFO [0m:      Received: evaluate message 4c78ac4b-8065-4f34-8749-bfb92e9e36db
[92mINFO [0m:      Sent reply
[92mINFO [0m:      
[92mINFO [0m:      Received: train message 7fbc619c-7288-4d77-bbe2-14037584f5d5
[92mINFO [0m:      Sent reply
[92mINFO [0m:      
[92mINFO [0m:      Received: evaluate message 230a2ba1-853e-4862-afe6-ac3401c637c3
[92mINFO [0m:      Sent reply
[92mINFO [0m:      
[92mINFO [0m:      Received: train message f9810c87-5454-4a45-9936-621a91974346
[92mINFO [0m:      Sent reply
[92mINFO [0m:      
[92mINFO [0m:      Received: evaluate message 11651213-0a49-456d-9e00-f69dc00638de
[92mINFO [0m:      Sent reply
[92mINFO [0m:      
[92mINFO [0m:      Received: train message 3614d399-f247-4d3c-85a5-3bcb6e5c349c
[92mINFO [0m:      Sent reply
[92mINFO [0m:      
[92mINFO [0m:      Received: evaluate message f4845834-1ab8-499e-8425-683ecab8eb9b
[92mINFO [0m:      Sent reply
[92mINFO [0m:      
[92mINFO [0m:      Received: train message 674e549e-267a-4e55-a883-7825cc64522a
[92mINFO [0m:      Sent reply
[92mINFO [0m:      
[92mINFO [0m:      Received: evaluate message 654608d5-6348-4bfc-9c7f-a02d14a80f7d
[92mINFO [0m:      Sent reply
[92mINFO [0m:      
[92mINFO [0m:      Received: train message 2430c39c-ea8d-4218-b408-f5f8d60cd81d
[92mINFO [0m:      Sent reply
[92mINFO [0m:      
[92mINFO [0m:      Received: evaluate message fac99b4b-635c-4685-87e5-9b680f4d42a5
[92mINFO [0m:      Sent reply
[92mINFO [0m:      
[92mINFO [0m:      Received: train message c4ea141a-b733-4ec2-9b8a-f4bf785b9a8a
[92mINFO [0m:      Sent reply
[92mINFO [0m:      
[92mINFO [0m:      Received: evaluate message 0cdd1bd7-366d-408e-af92-af3fb572c29b
[92mINFO [0m:      Sent reply
[92mINFO [0m:      
[92mINFO [0m:      Received: train message b3ff7d6c-4075-4cd9-8807-a52a573625ce
[92mINFO [0m:      Sent reply
[92mINFO [0m:      
[92mINFO [0m:      Received: evaluate message e93c24c8-1d06-4b84-8d2a-052373b08768
[92mINFO [0m:      Sent reply
[92mINFO [0m:      
[92mINFO [0m:      Received: train message a662554f-1b4f-42e0-aa2b-0b2caf25e78c
[92mINFO [0m:      Sent reply
[92mINFO [0m:      
[92mINFO [0m:      Received: evaluate message a28947c7-8d0b-4572-b141-9e5328b4ec00
[92mINFO [0m:      Sent reply
[92mINFO [0m:      
[92mINFO [0m:      Received: train message 2619d1df-5576-4cdf-a47a-d5f313306763
[92mINFO [0m:      Sent reply
[92mINFO [0m:      
[92mINFO [0m:      Received: evaluate message 79b0e171-5096-4916-9d77-444192bcfc86
[92mINFO [0m:      Sent reply
[92mINFO [0m:      
[92mINFO [0m:      Received: train message cd25ca9f-2f97-44ab-bead-48451b401762
[92mINFO [0m:      Sent reply
[92mINFO [0m:      
[92mINFO [0m:      Received: evaluate message 71cbb2b8-c411-4e5d-84ca-32666f49369d
[92mINFO [0m:      Sent reply
[92mINFO [0m:      
[92mINFO [0m:      Received: train message f00e09a5-7449-4ab1-bcd2-9ddedf96720e
[92mINFO [0m:      Sent reply
[92mINFO [0m:      
[92mINFO [0m:      Received: evaluate message a245bf54-802c-48b0-9a99-818811a52624
[92mINFO [0m:      Sent reply
[92mINFO [0m:      
[92mINFO [0m:      Received: train message 4e47e016-c18e-49c0-b84f-09fbcba2aad6
[92mINFO [0m:      Sent reply
[92mINFO [0m:      
[92mINFO [0m:      Received: evaluate message a2fd2718-aea7-4a48-9408-9b8809dc2eb7
[92mINFO [0m:      Sent reply
[92mINFO [0m:      
[92mINFO [0m:      Received: train message 4480f2e8-5c87-43a5-98a7-a98a25975ea6
[92mINFO [0m:      Sent reply
[92mINFO [0m:      
[92mINFO [0m:      Received: evaluate message 71172765-3cf6-47bb-b5ae-6b38fdbd317b
[92mINFO [0m:      Sent reply
[92mINFO [0m:      
[92mINFO [0m:      Received: train message fdca5bf0-71e7-4bab-9419-fe123180300d
[92mINFO [0m:      Sent reply
[92mINFO [0m:      
[92mINFO [0m:      Received: evaluate message 75660c14-135d-4ff2-aee7-7551db2b1d83
[92mINFO [0m:      Sent reply
[92mINFO [0m:      
[92mINFO [0m:      Received: train message c3095cd4-ad78-48bc-8820-563c71f7b722
[92mINFO [0m:      Sent reply
[92mINFO [0m:      
[92mINFO [0m:      Received: evaluate message 948303b0-ba34-4752-b227-3cc44c8475bc
[92mINFO [0m:      Sent reply
[92mINFO [0m:      
[92mINFO [0m:      Received: train message 741ecb39-5a43-47e9-89b1-7201f709edd7
[92mINFO [0m:      Sent reply
[92mINFO [0m:      
[92mINFO [0m:      Received: evaluate message 87918ae9-d802-4ee8-ba28-ac61f2ac3a80
[92mINFO [0m:      Sent reply
[92mINFO [0m:      
[92mINFO [0m:      Received: train message eeb047d1-b928-441a-bc14-35b937655255
[92mINFO [0m:      Sent reply
[92mINFO [0m:      
[92mINFO [0m:      Received: evaluate message 4757dfb4-f7b9-44bf-ac8d-d52462ad5689
[92mINFO [0m:      Sent reply
[92mINFO [0m:      
[92mINFO [0m:      Received: train message 29f841ef-43a7-4376-a47a-3f0a7a49e00a
[92mINFO [0m:      Sent reply
[92mINFO [0m:      
[92mINFO [0m:      Received: evaluate message eba0e448-2781-4680-a24b-05fe314c9358
[92mINFO [0m:      Sent reply
[92mINFO [0m:      
[92mINFO [0m:      Received: train message 1ecb3a88-27d7-40b3-82b1-119bd6f025f0
[92mINFO [0m:      Sent reply
[92mINFO [0m:      
[92mINFO [0m:      Received: evaluate message 252e10b4-d0d3-47f6-b24e-00604f1df29a
[92mINFO [0m:      Sent reply
[92mINFO [0m:      
[92mINFO [0m:      Received: train message 90e90a9c-42e5-4cf6-a61d-1e731630af7e
[92mINFO [0m:      Sent reply
[92mINFO [0m:      
[92mINFO [0m:      Received: evaluate message 756b539b-d579-4cdd-821c-8cd107d5358d
[92mINFO [0m:      Sent reply
[92mINFO [0m:      
[92mINFO [0m:      Received: train message 02021abe-3371-4bc9-a961-325029eb9859
[92mINFO [0m:      Sent reply
[92mINFO [0m:      
[92mINFO [0m:      Received: evaluate message a7968fcd-8894-4fb4-a9a1-2bf13b6f40b5
[92mINFO [0m:      Sent reply
[92mINFO [0m:      
[92mINFO [0m:      Received: train message e14b534c-ded9-429a-a643-c5681f58e5f8
[92mINFO [0m:      Sent reply
[92mINFO [0m:      
[92mINFO [0m:      Received: evaluate message 1d7ebe1f-04c9-4332-8278-fb2e9b6340b9
[92mINFO [0m:      Sent reply
[92mINFO [0m:      
[92mINFO [0m:      Received: train message beca1517-4de2-4188-8d5d-b1144279658b
[92mINFO [0m:      Sent reply
[92mINFO [0m:      
[92mINFO [0m:      Received: evaluate message 752e7844-55f2-4131-a458-e67b6d3d30b2
[92mINFO [0m:      Sent reply
[92mINFO [0m:      
[92mINFO [0m:      Received: train message 4a5761e4-dde6-40bc-a71c-5660c8a5bc57
[92mINFO [0m:      Sent reply
[92mINFO [0m:      
[92mINFO [0m:      Received: evaluate message a0e507c8-a32f-437e-9499-f1980d83b587
[92mINFO [0m:      Sent reply
[92mINFO [0m:      
[92mINFO [0m:      Received: train message fc34c04d-b128-4b6b-9fa9-82f6526f76bb
[92mINFO [0m:      Sent reply
[92mINFO [0m:      
[92mINFO [0m:      Received: evaluate message 4e3f1e0a-e2cb-4f6c-827e-27d04d411495
[92mINFO [0m:      Sent reply
[92mINFO [0m:      
[92mINFO [0m:      Received: train message 018a670e-0016-4080-825f-0b740701c1cb
[92mINFO [0m:      Sent reply
[92mINFO [0m:      
[92mINFO [0m:      Received: evaluate message 7c5deaf6-a15e-4c4b-8d0f-807125c03ac7
[92mINFO [0m:      Sent reply
[92mINFO [0m:      
[92mINFO [0m:      Received: train message bc10786d-5005-46e9-9788-701a2ee6ed10
[92mINFO [0m:      Sent reply
[92mINFO [0m:      
[92mINFO [0m:      Received: evaluate message 1b302d17-6a6c-4e4c-abc6-9b388f8e05e4
[92mINFO [0m:      Sent reply
[92mINFO [0m:      
[92mINFO [0m:      Received: train message 96b1319a-0d78-4509-b66e-b7b8bff81445
[92mINFO [0m:      Sent reply
[92mINFO [0m:      
[92mINFO [0m:      Received: evaluate message a6ba7681-5135-480a-881c-0b22d64ae81a
[92mINFO [0m:      Sent reply
[92mINFO [0m:      
[92mINFO [0m:      Received: train message 602f3d3d-d5a9-4218-b5a3-a03b6fce86d6
[92mINFO [0m:      Sent reply
[92mINFO [0m:      
[92mINFO [0m:      Received: evaluate message aeec1002-5658-435b-92d0-5a57dfe52334
[92mINFO [0m:      Sent reply
[92mINFO [0m:      
[92mINFO [0m:      Received: train message 82189730-8380-45cc-a8bd-2d85fa6a1a42
[92mINFO [0m:      Sent reply
[92mINFO [0m:      
[92mINFO [0m:      Received: evaluate message 7883e6cf-c054-4635-aae7-93c9bdf146f5
[92mINFO [0m:      Sent reply
[92mINFO [0m:      
[92mINFO [0m:      Received: train message f373deba-9c3b-4dc3-9d35-566393672a40
[92mINFO [0m:      Sent reply
[92mINFO [0m:      
[92mINFO [0m:      Received: evaluate message fc4e627b-a44e-4f86-98aa-fb86b855d992
[92mINFO [0m:      Sent reply
[92mINFO [0m:      
[92mINFO [0m:      Received: train message 3bb50027-b88c-4987-9fe0-f2e2dda8870f
[92mINFO [0m:      Sent reply
[92mINFO [0m:      
[92mINFO [0m:      Received: evaluate message adac84a7-5b07-4a4e-8268-357d0e64e783
[92mINFO [0m:      Sent reply
[92mINFO [0m:      
[92mINFO [0m:      Received: train message 8605ed3d-d4fc-4730-afc2-c7298dc29014
[92mINFO [0m:      Sent reply
[92mINFO [0m:      
[92mINFO [0m:      Received: evaluate message 876d36c5-477b-4697-83a8-911749ede597
[92mINFO [0m:      Sent reply
[92mINFO [0m:      
[92mINFO [0m:      Received: train message 9471693a-bf26-4b22-b896-93e8b91ffd63
[92mINFO [0m:      Sent reply
[92mINFO [0m:      
[92mINFO [0m:      Received: evaluate message 03f12745-f031-44c0-b82d-d8616477566f
[92mINFO [0m:      Sent reply
[92mINFO [0m:      
[92mINFO [0m:      Received: train message 7b64b97d-fa71-4a8e-b084-ad70f7ea3ed0
[92mINFO [0m:      Sent reply
[92mINFO [0m:      
[92mINFO [0m:      Received: evaluate message e46f898f-4249-475c-bbfc-7cd01ebc3aff
[92mINFO [0m:      Sent reply
[92mINFO [0m:      
[92mINFO [0m:      Received: train message 7c792427-b640-4b9b-becd-5ae7b42e5ece
[92mINFO [0m:      Sent reply
[92mINFO [0m:      
[92mINFO [0m:      Received: evaluate message 9a52e8ee-1ba5-4908-93ca-a60517967332
[92mINFO [0m:      Sent reply
[92mINFO [0m:      
[92mINFO [0m:      Received: train message 23c75f64-a72a-44fa-8aa4-99a816502e50
[92mINFO [0m:      Sent reply
[92mINFO [0m:      
[92mINFO [0m:      Received: evaluate message 73ee1c2f-7aea-4edc-aa49-88b60a9c6aec
[92mINFO [0m:      Sent reply
[92mINFO [0m:      
[92mINFO [0m:      Received: train message d5795b1c-a4d6-4b68-8440-2f3325e2b664
[92mINFO [0m:      Sent reply
[92mINFO [0m:      
[92mINFO [0m:      Received: evaluate message c941f1a8-5519-46ff-91e8-9e871223460f
[92mINFO [0m:      Sent reply
[92mINFO [0m:      
[92mINFO [0m:      Received: train message 2e2ffc39-e44b-456d-8b32-1ea0eab8c26e
[92mINFO [0m:      Sent reply
[92mINFO [0m:      
[92mINFO [0m:      Received: evaluate message 60b883c8-30c4-406f-a5ce-a23707fe4944
[92mINFO [0m:      Sent reply
[92mINFO [0m:      
[92mINFO [0m:      Received: train message 0f36aebb-723d-4378-9c74-4c62daffad12
[92mINFO [0m:      Sent reply
[92mINFO [0m:      
[92mINFO [0m:      Received: evaluate message df0a7384-f2b0-42d1-be09-30426197d17b
[92mINFO [0m:      Sent reply
[92mINFO [0m:      
[92mINFO [0m:      Received: train message 0931aca1-68bb-47b7-99dd-2ed4fb91f533
[92mINFO [0m:      Sent reply
[92mINFO [0m:      
[92mINFO [0m:      Received: evaluate message 2195713f-daad-4b1b-af12-b07220a22de1
[92mINFO [0m:      Sent reply
[92mINFO [0m:      
[92mINFO [0m:      Received: reconnect message 40b7b8f8-5be3-4ff4-9dc4-0f7ceae0185b
[92mINFO [0m:      Disconnect and shut down
