[93mWARNING [0m:   DEPRECATED FEATURE: flwr.client.start_client() is deprecated.
	Instead, use the `flower-supernode` CLI command to start a SuperNode as shown below:

		$ flower-supernode --insecure --superlink='<IP>:<PORT>'

	To view all available options, run:

		$ flower-supernode --help

	Using `start_client()` is deprecated.

            This is a deprecated feature. It will be removed
            entirely in future versions of Flower.
        
[92mINFO [0m:      
[92mINFO [0m:      Received: train message 142a0a8d-046d-425d-b70b-4950f1bf0768
[92mINFO [0m:      Sent reply
[92mINFO [0m:      
[92mINFO [0m:      Received: evaluate message bfd7dea4-3afe-438d-835a-335f2aabf7f0
[92mINFO [0m:      Sent reply
[92mINFO [0m:      
[92mINFO [0m:      Received: train message dfb51fcb-bfdf-49e6-9069-04596a75cb01
[92mINFO [0m:      Sent reply
[92mINFO [0m:      
[92mINFO [0m:      Received: evaluate message 8980188e-aef4-49cc-977b-55b2c2c4b91e
[92mINFO [0m:      Sent reply
[92mINFO [0m:      
[92mINFO [0m:      Received: train message e6e6ea15-1c20-43e4-9ec4-8c6f554da3f2
[92mINFO [0m:      Sent reply
[92mINFO [0m:      
[92mINFO [0m:      Received: evaluate message d3173f05-ca67-4c19-b202-4b9e15768e99
[92mINFO [0m:      Sent reply
[92mINFO [0m:      
[92mINFO [0m:      Received: train message 6f474091-8f4a-46b7-bb99-5aa43f1c7aa8
[92mINFO [0m:      Sent reply
[92mINFO [0m:      
[92mINFO [0m:      Received: evaluate message 4d1f38c4-d75a-48dc-92a0-fd04f134d6e9
[92mINFO [0m:      Sent reply
[92mINFO [0m:      
[92mINFO [0m:      Received: train message 7578b3b6-e591-4859-8cbe-c97a192b8333
[92mINFO [0m:      Sent reply
[92mINFO [0m:      
[92mINFO [0m:      Received: evaluate message bb04dc1d-2022-45ca-849c-256a98ebbc48
[92mINFO [0m:      Sent reply
[92mINFO [0m:      
[92mINFO [0m:      Received: train message 189b22f5-ebcb-4a33-ba18-b211dfdd69b2
[92mINFO [0m:      Sent reply
[92mINFO [0m:      
[92mINFO [0m:      Received: evaluate message 4d1271dc-e0b0-46f0-8323-265cd44a0463
[92mINFO [0m:      Sent reply
[92mINFO [0m:      
[92mINFO [0m:      Received: train message 35aa2eca-b0d2-445f-8df5-4528c200c20c
[92mINFO [0m:      Sent reply
[92mINFO [0m:      
[92mINFO [0m:      Received: evaluate message d6e82a93-a618-424b-be0a-7c673ec3c604
[92mINFO [0m:      Sent reply
[92mINFO [0m:      
[92mINFO [0m:      Received: train message 67582d2d-18b3-47ec-9edf-eb55cd440c99
[92mINFO [0m:      Sent reply
[92mINFO [0m:      
[92mINFO [0m:      Received: evaluate message d9ed8464-fda6-4906-ab59-e371fd551927
[92mINFO [0m:      Sent reply
[92mINFO [0m:      
[92mINFO [0m:      Received: train message 928fb0bb-7f08-44e0-8edb-ac65fe6f9fdf
[92mINFO [0m:      Sent reply
[92mINFO [0m:      
[92mINFO [0m:      Received: evaluate message 785071c2-ac10-450e-9650-916bed19e6db
[92mINFO [0m:      Sent reply
[92mINFO [0m:      
[92mINFO [0m:      Received: train message 74743cbe-80d1-43a3-a0d2-8d7565929c04
[92mINFO [0m:      Sent reply
[92mINFO [0m:      
[92mINFO [0m:      Received: evaluate message 671c6a38-16f0-481f-bc17-41fdeeb11685
[92mINFO [0m:      Sent reply
[92mINFO [0m:      
[92mINFO [0m:      Received: train message d814bc2a-27e4-4aa8-90e4-47d572c4aaf0
[92mINFO [0m:      Sent reply
[92mINFO [0m:      
[92mINFO [0m:      Received: evaluate message da534bbe-23c7-4baa-acf7-6b00c420c071
[92mINFO [0m:      Sent reply
[92mINFO [0m:      
[92mINFO [0m:      Received: train message 7747e863-44ba-41fb-9aba-2b0cab9c6fa0
[92mINFO [0m:      Sent reply
[92mINFO [0m:      
[92mINFO [0m:      Received: evaluate message c09291f7-f4e5-42f8-9088-592a5d8cb9c8
[92mINFO [0m:      Sent reply
[92mINFO [0m:      
[92mINFO [0m:      Received: train message 40ea0b68-33b4-48a6-8337-078fe820d07a
[92mINFO [0m:      Sent reply
[92mINFO [0m:      
[92mINFO [0m:      Received: evaluate message 05a73687-2cfc-4b0e-acd0-66907f552c51
[92mINFO [0m:      Sent reply
[92mINFO [0m:      
[92mINFO [0m:      Received: train message e89740a3-792c-43c0-ab91-c74a88cfbff1
[92mINFO [0m:      Sent reply
[92mINFO [0m:      
[92mINFO [0m:      Received: evaluate message ebb59f7a-e65b-4a9b-be58-8cb11bb6d4d7
[92mINFO [0m:      Sent reply
[92mINFO [0m:      
[92mINFO [0m:      Received: train message 9992d27f-4ed1-4c3e-bb4c-2f86d47c6135
[92mINFO [0m:      Sent reply
[92mINFO [0m:      
[92mINFO [0m:      Received: evaluate message 43f03c91-560b-41e4-9e64-d5610ce2435f
[92mINFO [0m:      Sent reply
[92mINFO [0m:      
[92mINFO [0m:      Received: train message b5634096-cb4f-4173-9a81-5145b1e9a3e7
[92mINFO [0m:      Sent reply
[92mINFO [0m:      
[92mINFO [0m:      Received: evaluate message 00407d90-4eaf-41c4-ab1f-6fa95a211090
[92mINFO [0m:      Sent reply
[92mINFO [0m:      
[92mINFO [0m:      Received: train message f9a7f1ac-9d30-4130-8061-8854e73cce44
[92mINFO [0m:      Sent reply
[92mINFO [0m:      
[92mINFO [0m:      Received: evaluate message 2c50e9f8-cb97-4b24-bab7-133cbf495120
[92mINFO [0m:      Sent reply
[92mINFO [0m:      
[92mINFO [0m:      Received: train message c9ae5bb4-91a4-479b-a1b4-2c537261ed20
[92mINFO [0m:      Sent reply
[92mINFO [0m:      
[92mINFO [0m:      Received: evaluate message 9a0f9d92-3b7c-4d80-b226-ee6368823a9b
[92mINFO [0m:      Sent reply
[92mINFO [0m:      
[92mINFO [0m:      Received: train message 2de65d4b-f035-4c61-9de7-f372ddaa76f7
[92mINFO [0m:      Sent reply
[92mINFO [0m:      
[92mINFO [0m:      Received: evaluate message f1eb5d64-9293-4642-8af2-b10575890169
[92mINFO [0m:      Sent reply
[92mINFO [0m:      
[92mINFO [0m:      Received: train message 54840f73-18ca-428c-8eb5-7cb5e9371bb1
[92mINFO [0m:      Sent reply
[92mINFO [0m:      
[92mINFO [0m:      Received: evaluate message 26b4490d-e3dc-42e8-9852-ac82ce49433f
[92mINFO [0m:      Sent reply
[92mINFO [0m:      
[92mINFO [0m:      Received: train message 770eed5f-10d2-4ecc-9fe1-6ee07a206b40
[92mINFO [0m:      Sent reply
[92mINFO [0m:      
[92mINFO [0m:      Received: evaluate message 1a3510b2-3eeb-4f6e-bae5-d11236f9e67b
[92mINFO [0m:      Sent reply
[92mINFO [0m:      
[92mINFO [0m:      Received: train message a66f7efe-c1d9-491d-a7a5-ff5c1d3cc7c0
[92mINFO [0m:      Sent reply
[92mINFO [0m:      
[92mINFO [0m:      Received: evaluate message a14bcd91-07f4-485e-9092-8b18e712c7c5
[92mINFO [0m:      Sent reply
[92mINFO [0m:      
[92mINFO [0m:      Received: train message 0a9561c6-fa07-4465-90e2-ac3921378459
[92mINFO [0m:      Sent reply
[92mINFO [0m:      
[92mINFO [0m:      Received: evaluate message 8b3d6ad6-e115-475e-b6f7-b180953b3897
[92mINFO [0m:      Sent reply
[92mINFO [0m:      
[92mINFO [0m:      Received: train message 9f403121-af46-4337-81cc-2e2a69076a06
[92mINFO [0m:      Sent reply
[92mINFO [0m:      
[92mINFO [0m:      Received: evaluate message 68d58303-552d-4d1b-b75b-15d376884f11
[92mINFO [0m:      Sent reply
[92mINFO [0m:      
[92mINFO [0m:      Received: train message 41ac8937-71f2-4eab-9717-9680918ae58d
[92mINFO [0m:      Sent reply
[92mINFO [0m:      
[92mINFO [0m:      Received: evaluate message 5e13caab-fa5c-4e7b-ab21-2767b9b9a878
[92mINFO [0m:      Sent reply
[92mINFO [0m:      
[92mINFO [0m:      Received: train message eb030cc1-130d-4af4-8f9f-0c88daa471ee
[92mINFO [0m:      Sent reply
[92mINFO [0m:      
[92mINFO [0m:      Received: evaluate message 6e2a6011-1696-447d-9840-ae6f318b8d56
[92mINFO [0m:      Sent reply
[92mINFO [0m:      
[92mINFO [0m:      Received: train message 35f485e8-b725-4aac-9ab0-5c8f1d302cf6
[92mINFO [0m:      Sent reply
[92mINFO [0m:      
[92mINFO [0m:      Received: evaluate message e6490b7b-976c-4829-98bf-1ed41638a6e7
[92mINFO [0m:      Sent reply
[92mINFO [0m:      
[92mINFO [0m:      Received: train message b885f0ce-21d7-4940-b9e8-fb9d83d07a88
[92mINFO [0m:      Sent reply
[92mINFO [0m:      
[92mINFO [0m:      Received: evaluate message bc0d3f05-be60-4086-a202-041fea986220
[92mINFO [0m:      Sent reply
[92mINFO [0m:      
[92mINFO [0m:      Received: train message cfd9dd40-8911-4bbc-a182-a2af64b63ba2
[92mINFO [0m:      Sent reply
[92mINFO [0m:      
[92mINFO [0m:      Received: evaluate message 8f64f870-b8ab-4dbd-83bc-f2e595439225
[92mINFO [0m:      Sent reply
[92mINFO [0m:      
[92mINFO [0m:      Received: train message 4732f958-8af6-40f8-9282-95a175185fe4
[92mINFO [0m:      Sent reply
[92mINFO [0m:      
[92mINFO [0m:      Received: evaluate message b732af40-e4a8-41fc-86f2-6bdf61bb6dce
[92mINFO [0m:      Sent reply
[92mINFO [0m:      
[92mINFO [0m:      Received: train message fb35f160-8dab-464a-aa70-4c94db20f953
[92mINFO [0m:      Sent reply
[92mINFO [0m:      
[92mINFO [0m:      Received: evaluate message a5cafc57-4f0f-482e-abec-77dd5f7d27ec
[92mINFO [0m:      Sent reply
[92mINFO [0m:      
[92mINFO [0m:      Received: train message 1b1fc60f-b767-4785-9dc6-362648b31066
[92mINFO [0m:      Sent reply
[92mINFO [0m:      
[92mINFO [0m:      Received: evaluate message a53d8d14-9fc8-4f8d-a29d-4659784d4d64
[92mINFO [0m:      Sent reply
[92mINFO [0m:      
[92mINFO [0m:      Received: train message b67b7690-dcf2-48e0-a857-77de5aab3d7e
[92mINFO [0m:      Sent reply
[92mINFO [0m:      
[92mINFO [0m:      Received: evaluate message 47a2acc0-df0b-443e-8b23-311ec0d03f3c
[92mINFO [0m:      Sent reply
[92mINFO [0m:      
[92mINFO [0m:      Received: train message f2ac8165-4d53-48bf-a910-67710372fab9
[92mINFO [0m:      Sent reply
[92mINFO [0m:      
[92mINFO [0m:      Received: evaluate message 861f2c69-e7a6-4ca5-8fc0-5d5feb78b031
[92mINFO [0m:      Sent reply
[92mINFO [0m:      
[92mINFO [0m:      Received: train message ce0237ae-3909-46e3-86e0-01ff52b79511
[92mINFO [0m:      Sent reply
[92mINFO [0m:      
[92mINFO [0m:      Received: evaluate message 4b1b6b7b-3cf3-4615-bbf6-51566a6de2cd
[92mINFO [0m:      Sent reply
[92mINFO [0m:      
[92mINFO [0m:      Received: train message a050446d-8dca-4474-9855-188341e5a986
[92mINFO [0m:      Sent reply
[92mINFO [0m:      
[92mINFO [0m:      Received: evaluate message f327789e-ca0d-402d-b8a1-908820edcb17
[92mINFO [0m:      Sent reply
[92mINFO [0m:      
[92mINFO [0m:      Received: train message 2e6287c4-25c0-471b-bdb9-cde47dc9721b
[92mINFO [0m:      Sent reply
[92mINFO [0m:      
[92mINFO [0m:      Received: evaluate message 44d2de82-c765-440d-bfc8-f9f701e3c26b
[92mINFO [0m:      Sent reply
[92mINFO [0m:      
[92mINFO [0m:      Received: train message cc2babc9-0e8c-49ae-80ad-3eecd5c560c8
[92mINFO [0m:      Sent reply
[92mINFO [0m:      
[92mINFO [0m:      Received: evaluate message 57d40f5e-ad1f-4d1a-aa1e-354064b10acd
[92mINFO [0m:      Sent reply
[92mINFO [0m:      
[92mINFO [0m:      Received: train message 8d761917-6364-4d13-84a4-85e5449a7622
[92mINFO [0m:      Sent reply
[92mINFO [0m:      
[92mINFO [0m:      Received: evaluate message bfaef0bd-8fbe-4829-9a3c-41223ba99d48
[92mINFO [0m:      Sent reply
[92mINFO [0m:      
[92mINFO [0m:      Received: train message 9140900c-1682-4750-83f7-02450c732214
[92mINFO [0m:      Sent reply
[92mINFO [0m:      
[92mINFO [0m:      Received: evaluate message 0d8606f4-6a78-4187-b611-9c8729596511
[92mINFO [0m:      Sent reply
[92mINFO [0m:      
[92mINFO [0m:      Received: train message 64a866e2-704d-4d28-b9b6-8ea454aec930
[92mINFO [0m:      Sent reply
[92mINFO [0m:      
[92mINFO [0m:      Received: evaluate message 63940a52-3376-4138-b7ea-393bd17749c8
[92mINFO [0m:      Sent reply
[92mINFO [0m:      
[92mINFO [0m:      Received: train message 5903b7ce-b862-4470-9c0c-6c22762edab4
[92mINFO [0m:      Sent reply
[92mINFO [0m:      
[92mINFO [0m:      Received: evaluate message 2b7bc2de-8a74-4932-b781-afbfe6d2387d
[92mINFO [0m:      Sent reply
[92mINFO [0m:      
[92mINFO [0m:      Received: train message c4eb79fa-bbed-4def-b4e2-2cd4d11b3a44
[92mINFO [0m:      Sent reply
[92mINFO [0m:      
[92mINFO [0m:      Received: evaluate message d08d40ed-c527-4567-abec-5d051feb6513
[92mINFO [0m:      Sent reply
[92mINFO [0m:      
[92mINFO [0m:      Received: train message 0cd731a5-263b-4a1d-9654-38f5f9682bf4
[92mINFO [0m:      Sent reply
[92mINFO [0m:      
[92mINFO [0m:      Received: evaluate message 0a5e3598-eb84-43a5-8ec2-9ecf401ddd9d
[92mINFO [0m:      Sent reply
[92mINFO [0m:      
[92mINFO [0m:      Received: train message 02589b95-1122-4dd9-8977-d69cc2145c7c
[92mINFO [0m:      Sent reply
[92mINFO [0m:      
[92mINFO [0m:      Received: evaluate message c06386ff-a62c-46bc-816e-7efc7677e03f
[92mINFO [0m:      Sent reply
[92mINFO [0m:      
[92mINFO [0m:      Received: train message 83f03921-b5bb-4760-9296-236e0171d8ab
[92mINFO [0m:      Sent reply
[92mINFO [0m:      
[92mINFO [0m:      Received: evaluate message 4fd45444-ed8b-4c08-a354-960d8041efe9
[92mINFO [0m:      Sent reply
[92mINFO [0m:      
[92mINFO [0m:      Received: train message 0a7eebd9-8c9d-4d0e-8fce-619189b61be7
[92mINFO [0m:      Sent reply
[92mINFO [0m:      
[92mINFO [0m:      Received: evaluate message feef98f7-c31a-4bfe-ad52-812683b0b3d5
[92mINFO [0m:      Sent reply
[92mINFO [0m:      
[92mINFO [0m:      Received: train message 3bde8381-49c1-4430-94f8-2fadaccdd4b5
[92mINFO [0m:      Sent reply
[92mINFO [0m:      
[92mINFO [0m:      Received: evaluate message 3da18b20-f0a7-4794-9bab-fd29b29434d2
[92mINFO [0m:      Sent reply
[92mINFO [0m:      
[92mINFO [0m:      Received: train message 6f659938-4069-49f2-b7a1-2558f7bc0626
[92mINFO [0m:      Sent reply
[92mINFO [0m:      
[92mINFO [0m:      Received: evaluate message 8bdd2973-1db7-4a0a-a77d-9e19703775d1
[92mINFO [0m:      Sent reply
[92mINFO [0m:      
[92mINFO [0m:      Received: train message b7a5ec18-8014-4d39-ba7e-417b57fb0937
[92mINFO [0m:      Sent reply
[92mINFO [0m:      
[92mINFO [0m:      Received: evaluate message a8a95042-4e46-43aa-b874-16faf11f56da
[92mINFO [0m:      Sent reply
[92mINFO [0m:      
[92mINFO [0m:      Received: reconnect message e4f53ee3-d637-4546-9aa4-5eec6005954f
[92mINFO [0m:      Disconnect and shut down
