[93mWARNING [0m:   DEPRECATED FEATURE: flwr.client.start_client() is deprecated.
	Instead, use the `flower-supernode` CLI command to start a SuperNode as shown below:

		$ flower-supernode --insecure --superlink='<IP>:<PORT>'

	To view all available options, run:

		$ flower-supernode --help

	Using `start_client()` is deprecated.

            This is a deprecated feature. It will be removed
            entirely in future versions of Flower.
        
[92mINFO [0m:      
[92mINFO [0m:      Received: train message b8642f7e-69fe-403b-97d5-65963f5f7f51
[92mINFO [0m:      Sent reply
[92mINFO [0m:      
[92mINFO [0m:      Received: evaluate message 6dfabe70-aad5-4082-b75b-90d1fc2def84
[92mINFO [0m:      Sent reply
[92mINFO [0m:      
[92mINFO [0m:      Received: train message 66f3c376-d771-4589-852c-f61ab4e60ed7
[92mINFO [0m:      Sent reply
[92mINFO [0m:      
[92mINFO [0m:      Received: evaluate message 9e51fa96-ab25-4be2-aa41-cd1c7cf1bc1c
[92mINFO [0m:      Sent reply
[92mINFO [0m:      
[92mINFO [0m:      Received: train message 0da8e357-9779-42d3-9183-cce98dd339b1
[92mINFO [0m:      Sent reply
[92mINFO [0m:      
[92mINFO [0m:      Received: evaluate message f60f9bf6-6ccc-4d7c-852d-5fb037cb9ee8
[92mINFO [0m:      Sent reply
[92mINFO [0m:      
[92mINFO [0m:      Received: train message fefd436b-36c6-498a-8aba-9767cc9d7204
[92mINFO [0m:      Sent reply
[92mINFO [0m:      
[92mINFO [0m:      Received: evaluate message 829b71ea-8a1c-4c1e-a456-36f6428a5939
[92mINFO [0m:      Sent reply
[92mINFO [0m:      
[92mINFO [0m:      Received: train message 70dd2738-be88-4d6a-b048-e4f78a1c3ffe
[92mINFO [0m:      Sent reply
[92mINFO [0m:      
[92mINFO [0m:      Received: evaluate message 3690f8f8-e29e-423b-ba01-5709fbbb0846
[92mINFO [0m:      Sent reply
[92mINFO [0m:      
[92mINFO [0m:      Received: train message 5009dced-c863-40e6-9bcf-daac76680c52
[92mINFO [0m:      Sent reply
[92mINFO [0m:      
[92mINFO [0m:      Received: evaluate message ad83656a-059a-4db1-9abc-91847d474016
[92mINFO [0m:      Sent reply
[92mINFO [0m:      
[92mINFO [0m:      Received: train message 4db4be0f-13c1-47ce-b5fe-1f9a11a61bcb
[92mINFO [0m:      Sent reply
[92mINFO [0m:      
[92mINFO [0m:      Received: evaluate message a100aa28-fb35-4088-8e81-72fe752d107d
[92mINFO [0m:      Sent reply
[92mINFO [0m:      
[92mINFO [0m:      Received: train message 5d1a6697-7aac-45b5-8f12-7ef0defb4da0
[92mINFO [0m:      Sent reply
[92mINFO [0m:      
[92mINFO [0m:      Received: evaluate message 57715744-b9b7-4184-a78f-d68e30590817
[92mINFO [0m:      Sent reply
[92mINFO [0m:      
[92mINFO [0m:      Received: train message a6efb97c-2727-4e02-9135-56094a213156
[92mINFO [0m:      Sent reply
[92mINFO [0m:      
[92mINFO [0m:      Received: evaluate message 14ff377b-f8d1-4c18-991a-a4d908620a32
[92mINFO [0m:      Sent reply
[92mINFO [0m:      
[92mINFO [0m:      Received: train message a8bc4cc8-714a-493f-b424-5a87f23bddf9
[92mINFO [0m:      Sent reply
[92mINFO [0m:      
[92mINFO [0m:      Received: evaluate message f5268b92-dd08-47fe-aef8-085fefe4e3a0
[92mINFO [0m:      Sent reply
[92mINFO [0m:      
[92mINFO [0m:      Received: train message 901afaf7-3fdb-45ec-ae0a-3fb9eff1825d
[92mINFO [0m:      Sent reply
[92mINFO [0m:      
[92mINFO [0m:      Received: evaluate message 6be86928-c552-486e-8aee-c05ff19264ab
[92mINFO [0m:      Sent reply
[92mINFO [0m:      
[92mINFO [0m:      Received: train message a5dcb37b-5274-4c34-a5b1-e2fc1159ac5c
[92mINFO [0m:      Sent reply
[92mINFO [0m:      
[92mINFO [0m:      Received: evaluate message 987d5be8-4406-4284-983b-35e49183221b
[92mINFO [0m:      Sent reply
[92mINFO [0m:      
[92mINFO [0m:      Received: train message a1e7f972-7044-43f8-a0d0-676bc912118d
[92mINFO [0m:      Sent reply
[92mINFO [0m:      
[92mINFO [0m:      Received: evaluate message f6e693bb-f170-4d87-8ccd-917bba58ab1d
[92mINFO [0m:      Sent reply
[92mINFO [0m:      
[92mINFO [0m:      Received: train message 9cd82c51-6751-4471-98ee-8c080a16f56a
[92mINFO [0m:      Sent reply
[92mINFO [0m:      
[92mINFO [0m:      Received: evaluate message fb88a6d9-7082-43f9-b82c-9249fd7be063
[92mINFO [0m:      Sent reply
[92mINFO [0m:      
[92mINFO [0m:      Received: train message 903158d6-1c28-4f61-989a-8829fb70a7b2
[92mINFO [0m:      Sent reply
[92mINFO [0m:      
[92mINFO [0m:      Received: evaluate message 85500e12-5daf-480f-ab83-c380ed762eee
[92mINFO [0m:      Sent reply
[92mINFO [0m:      
[92mINFO [0m:      Received: train message 3d4ea2e8-363c-4b52-9c42-f3399aa33e53
[92mINFO [0m:      Sent reply
[92mINFO [0m:      
[92mINFO [0m:      Received: evaluate message fd50b303-a5f1-462b-8ddf-f3f3464abc5a
[92mINFO [0m:      Sent reply
[92mINFO [0m:      
[92mINFO [0m:      Received: train message a4230f5b-61fb-4e8b-92c1-3d6ebbf6c8e4
[92mINFO [0m:      Sent reply
[92mINFO [0m:      
[92mINFO [0m:      Received: evaluate message 501562bc-0463-44a7-be82-ae3adef27219
[92mINFO [0m:      Sent reply
[92mINFO [0m:      
[92mINFO [0m:      Received: train message 24848b67-ca10-453e-92c5-47c6d81d897b
[92mINFO [0m:      Sent reply
[92mINFO [0m:      
[92mINFO [0m:      Received: evaluate message 96d88b63-f4e3-4ec5-a58d-e7f333fb9ac1
[92mINFO [0m:      Sent reply
[92mINFO [0m:      
[92mINFO [0m:      Received: train message cce1e155-5e74-4c8c-a5ef-41bf9bd10d87
[92mINFO [0m:      Sent reply
[92mINFO [0m:      
[92mINFO [0m:      Received: evaluate message 59206043-2331-4351-81a6-b2a3f145098a
[92mINFO [0m:      Sent reply
[92mINFO [0m:      
[92mINFO [0m:      Received: train message a500cbb8-9533-4773-af19-0d2f90ba7f92
[92mINFO [0m:      Sent reply
[92mINFO [0m:      
[92mINFO [0m:      Received: evaluate message 52326b3b-7fca-49cc-a7c1-ffe924541789
[92mINFO [0m:      Sent reply
[92mINFO [0m:      
[92mINFO [0m:      Received: train message 51886d44-2e7f-427e-98ec-e8b41daf9816
[92mINFO [0m:      Sent reply
[92mINFO [0m:      
[92mINFO [0m:      Received: evaluate message 4cb80f78-2fdd-44d0-bfd2-7cf973314e1b
[92mINFO [0m:      Sent reply
[92mINFO [0m:      
[92mINFO [0m:      Received: train message a268f3a7-4e7e-4519-93f5-43f40ffc9d75
[92mINFO [0m:      Sent reply
[92mINFO [0m:      
[92mINFO [0m:      Received: evaluate message 604aff2b-faff-4acc-affc-db2d31b85c98
[92mINFO [0m:      Sent reply
[92mINFO [0m:      
[92mINFO [0m:      Received: train message 50a9383b-ab8c-46dc-a623-009bcfeee311
[92mINFO [0m:      Sent reply
[92mINFO [0m:      
[92mINFO [0m:      Received: evaluate message 2d802f0a-27a3-46e5-9cf1-9dcb240ebdf9
[92mINFO [0m:      Sent reply
[92mINFO [0m:      
[92mINFO [0m:      Received: train message 5d204050-cafa-4058-a97c-c6456c02340a
[92mINFO [0m:      Sent reply
[92mINFO [0m:      
[92mINFO [0m:      Received: evaluate message 1779a957-19a3-438b-b914-c65684b80d3b
[92mINFO [0m:      Sent reply
[92mINFO [0m:      
[92mINFO [0m:      Received: train message 0dd76349-a1ce-4265-975d-7ffeb416ce62
[92mINFO [0m:      Sent reply
[92mINFO [0m:      
[92mINFO [0m:      Received: evaluate message 918f0138-809d-4586-9af0-26f5a88fca76
[92mINFO [0m:      Sent reply
[92mINFO [0m:      
[92mINFO [0m:      Received: train message 37a71418-a4b3-4ad7-8b53-ab1c3b22e943
[92mINFO [0m:      Sent reply
[92mINFO [0m:      
[92mINFO [0m:      Received: evaluate message 3b84d322-e0e9-48af-9587-58f03232c095
[92mINFO [0m:      Sent reply
[92mINFO [0m:      
[92mINFO [0m:      Received: train message f52a6a92-06fb-4bac-8495-5a5f03bb5e3c
[92mINFO [0m:      Sent reply
[92mINFO [0m:      
[92mINFO [0m:      Received: evaluate message b3e2d7c9-3365-4500-9e32-a68fb2a390f0
[92mINFO [0m:      Sent reply
[92mINFO [0m:      
[92mINFO [0m:      Received: train message 9b074dac-df65-40b6-a032-a79ab4cb1dbe
[92mINFO [0m:      Sent reply
[92mINFO [0m:      
[92mINFO [0m:      Received: evaluate message e176b84d-32ff-4474-aa8a-8e8399ff1bd9
[92mINFO [0m:      Sent reply
[92mINFO [0m:      
[92mINFO [0m:      Received: train message bfec57ac-9246-48b1-9085-ead756c40e95
[92mINFO [0m:      Sent reply
[92mINFO [0m:      
[92mINFO [0m:      Received: evaluate message 0bcb38fc-81cf-45ab-b409-9861e892f9d0
[92mINFO [0m:      Sent reply
[92mINFO [0m:      
[92mINFO [0m:      Received: train message fef9cad0-ba8b-4edd-bd16-287b97107387
[92mINFO [0m:      Sent reply
[92mINFO [0m:      
[92mINFO [0m:      Received: evaluate message c2bef9db-87bc-4180-be4f-d99e5c235be1
[92mINFO [0m:      Sent reply
[92mINFO [0m:      
[92mINFO [0m:      Received: train message 6465d8b7-a502-49a8-8a9d-cca74303a56e
[92mINFO [0m:      Sent reply
[92mINFO [0m:      
[92mINFO [0m:      Received: evaluate message ff25a874-99f6-4b4b-a6c5-d00d4c1aff4f
[92mINFO [0m:      Sent reply
[92mINFO [0m:      
[92mINFO [0m:      Received: train message 5164a85d-1c57-4a2d-b987-28c2df24889d
[92mINFO [0m:      Sent reply
[92mINFO [0m:      
[92mINFO [0m:      Received: evaluate message 9af42fbd-ab5d-440d-8ece-b92f80533140
[92mINFO [0m:      Sent reply
[92mINFO [0m:      
[92mINFO [0m:      Received: train message 21007b7a-6b09-4f6f-b3fe-e3e316b110cb
[92mINFO [0m:      Sent reply
[92mINFO [0m:      
[92mINFO [0m:      Received: evaluate message 6b5f429e-b3dd-4f94-945a-fe3a28569bff
[92mINFO [0m:      Sent reply
[92mINFO [0m:      
[92mINFO [0m:      Received: train message 32f3cf3a-f2c9-4a7c-93e7-21c871df7ec8
[92mINFO [0m:      Sent reply
[92mINFO [0m:      
[92mINFO [0m:      Received: evaluate message 7577a888-b221-4d9e-b4e7-6a04165a48a1
[92mINFO [0m:      Sent reply
[92mINFO [0m:      
[92mINFO [0m:      Received: train message 03ea1f63-e1db-4fa2-aab5-8c47237ee7f5
[92mINFO [0m:      Sent reply
[92mINFO [0m:      
[92mINFO [0m:      Received: evaluate message daaf659e-9617-4e04-90b6-bf2b45eba15b
[92mINFO [0m:      Sent reply
[92mINFO [0m:      
[92mINFO [0m:      Received: train message dceee1b8-f040-4a96-bd71-a5efee46fb20
[92mINFO [0m:      Sent reply
[92mINFO [0m:      
[92mINFO [0m:      Received: evaluate message 6ee38e0c-92fd-45ce-ac71-a51a301619f2
[92mINFO [0m:      Sent reply
[92mINFO [0m:      
[92mINFO [0m:      Received: train message c16c12f3-7021-4f92-bb1b-ca0ce558cad1
[92mINFO [0m:      Sent reply
[92mINFO [0m:      
[92mINFO [0m:      Received: evaluate message 4fec5c10-bc8f-4b2a-9414-081a927e3cbc
[92mINFO [0m:      Sent reply
[92mINFO [0m:      
[92mINFO [0m:      Received: train message d8c5198a-a3fa-486f-b176-53813f143905
[92mINFO [0m:      Sent reply
[92mINFO [0m:      
[92mINFO [0m:      Received: evaluate message 89823173-ea5f-4cb4-ba1b-50452bb6f2a2
[92mINFO [0m:      Sent reply
[92mINFO [0m:      
[92mINFO [0m:      Received: train message c0b78f55-c515-4771-8886-44f72b79f1c0
[92mINFO [0m:      Sent reply
[92mINFO [0m:      
[92mINFO [0m:      Received: evaluate message 5e3eebd9-bfab-4425-affd-688d7321332b
[92mINFO [0m:      Sent reply
[92mINFO [0m:      
[92mINFO [0m:      Received: train message f0b7b229-5d05-4c1b-92ef-d3856fb5e99b
[92mINFO [0m:      Sent reply
[92mINFO [0m:      
[92mINFO [0m:      Received: evaluate message 58a97574-ed0f-491e-9fd5-7f0bedff3bb0
[92mINFO [0m:      Sent reply
[92mINFO [0m:      
[92mINFO [0m:      Received: train message 6cb03545-42ac-43ed-aa41-9982ccddb055
[92mINFO [0m:      Sent reply
[92mINFO [0m:      
[92mINFO [0m:      Received: evaluate message b5f928cf-9522-41f6-8fbf-13df5bf9d894
[92mINFO [0m:      Sent reply
[92mINFO [0m:      
[92mINFO [0m:      Received: train message cd47d0ed-9a30-444e-98f5-f618f224ba05
[92mINFO [0m:      Sent reply
[92mINFO [0m:      
[92mINFO [0m:      Received: evaluate message 698ebc64-a9e2-44fe-be39-9a69537e69d5
[92mINFO [0m:      Sent reply
[92mINFO [0m:      
[92mINFO [0m:      Received: train message da112d5b-8cc7-4fbd-b23a-bbbab9647a46
[92mINFO [0m:      Sent reply
[92mINFO [0m:      
[92mINFO [0m:      Received: evaluate message aaaaf6e6-45e6-43be-bb54-ca0d2ea4bf2e
[92mINFO [0m:      Sent reply
[92mINFO [0m:      
[92mINFO [0m:      Received: train message 60b668d6-1186-474e-917b-3be71482507c
[92mINFO [0m:      Sent reply
[92mINFO [0m:      
[92mINFO [0m:      Received: evaluate message ad150a38-42e5-455b-b295-2452c59e8f7a
[92mINFO [0m:      Sent reply
[92mINFO [0m:      
[92mINFO [0m:      Received: train message 90288837-09e5-499a-88e7-58d346cbfa72
[92mINFO [0m:      Sent reply
[92mINFO [0m:      
[92mINFO [0m:      Received: evaluate message 86a80ff4-cbe6-4e26-8d55-ac6e47bacd89
[92mINFO [0m:      Sent reply
[92mINFO [0m:      
[92mINFO [0m:      Received: train message 18a8002b-9276-4b13-a23a-37f7c39f4980
[92mINFO [0m:      Sent reply
[92mINFO [0m:      
[92mINFO [0m:      Received: evaluate message 1c301153-77a9-44dc-9346-b8b6c7b83769
[92mINFO [0m:      Sent reply
[92mINFO [0m:      
[92mINFO [0m:      Received: train message 6b55f75f-47f4-4fe2-b1ad-85800beae8e0
[92mINFO [0m:      Sent reply
[92mINFO [0m:      
[92mINFO [0m:      Received: evaluate message c48a82d2-ee73-4678-8dcc-cd636640b519
[92mINFO [0m:      Sent reply
[92mINFO [0m:      
[92mINFO [0m:      Received: train message 1f34d471-c826-47c7-b000-6edab2ee8832
[92mINFO [0m:      Sent reply
[92mINFO [0m:      
[92mINFO [0m:      Received: evaluate message a40d5070-a7f1-44df-bd77-43a6c3b6ec00
[92mINFO [0m:      Sent reply
[92mINFO [0m:      
[92mINFO [0m:      Received: train message ac3ca530-ce66-4bcb-a9a9-362c88d8e334
[92mINFO [0m:      Sent reply
[92mINFO [0m:      
[92mINFO [0m:      Received: evaluate message 40ae3b1d-3cd4-4be1-a6f1-a175167cef7d
[92mINFO [0m:      Sent reply
[92mINFO [0m:      
[92mINFO [0m:      Received: train message a7ec0f85-b504-4792-ab1a-267e692db449
[92mINFO [0m:      Sent reply
[92mINFO [0m:      
[92mINFO [0m:      Received: evaluate message e31d09b5-6a78-433f-9f8d-b9bc84222e9d
[92mINFO [0m:      Sent reply
[92mINFO [0m:      
[92mINFO [0m:      Received: reconnect message c0a19791-1ae2-4428-9419-bef4597f4e4d
[92mINFO [0m:      Disconnect and shut down
