[93mWARNING [0m:   DEPRECATED FEATURE: flwr.client.start_client() is deprecated.
	Instead, use the `flower-supernode` CLI command to start a SuperNode as shown below:

		$ flower-supernode --insecure --superlink='<IP>:<PORT>'

	To view all available options, run:

		$ flower-supernode --help

	Using `start_client()` is deprecated.

            This is a deprecated feature. It will be removed
            entirely in future versions of Flower.
        
[92mINFO [0m:      
[92mINFO [0m:      Received: train message 7254b8d1-c7db-4bbb-9788-4de78950335e
[92mINFO [0m:      Sent reply
[92mINFO [0m:      
[92mINFO [0m:      Received: evaluate message ac2ba980-a0cf-48c6-aecb-3566cdb20ee6
[92mINFO [0m:      Sent reply
[92mINFO [0m:      
[92mINFO [0m:      Received: train message 42b37f06-b489-486e-a6ea-2f43fe29d14c
[92mINFO [0m:      Sent reply
[92mINFO [0m:      
[92mINFO [0m:      Received: evaluate message 1c382860-6456-4a8d-bfe5-5020f9a876ac
[92mINFO [0m:      Sent reply
[92mINFO [0m:      
[92mINFO [0m:      Received: train message a1ec93d7-3d6b-4855-bac1-27d8b804fafe
[92mINFO [0m:      Sent reply
[92mINFO [0m:      
[92mINFO [0m:      Received: evaluate message 79e89871-45f4-48f5-a220-d90152a7972d
[92mINFO [0m:      Sent reply
[92mINFO [0m:      
[92mINFO [0m:      Received: train message 5e019a67-a573-4a64-95b7-cf02acb3489e
[92mINFO [0m:      Sent reply
[92mINFO [0m:      
[92mINFO [0m:      Received: evaluate message 583245b0-563c-4ce6-864b-28a90f3c3779
[92mINFO [0m:      Sent reply
[92mINFO [0m:      
[92mINFO [0m:      Received: train message d98a169c-f2d0-454f-8b29-17416ad2db7a
[92mINFO [0m:      Sent reply
[92mINFO [0m:      
[92mINFO [0m:      Received: evaluate message a1cf75c8-3b44-4cd5-ad9d-37aafb9a1473
[92mINFO [0m:      Sent reply
[92mINFO [0m:      
[92mINFO [0m:      Received: train message d40c717a-f271-4352-9235-a1ccfe104a97
[92mINFO [0m:      Sent reply
[92mINFO [0m:      
[92mINFO [0m:      Received: evaluate message be69595a-2fd5-485e-891a-bde47a7788fd
[92mINFO [0m:      Sent reply
[92mINFO [0m:      
[92mINFO [0m:      Received: train message 48f2f6d9-999b-47b5-9645-4a371e4c15cd
[92mINFO [0m:      Sent reply
[92mINFO [0m:      
[92mINFO [0m:      Received: evaluate message b4b0a6a6-eab9-430d-9aff-c8e31f2f287d
[92mINFO [0m:      Sent reply
[92mINFO [0m:      
[92mINFO [0m:      Received: train message b004f33b-81fb-415f-bf19-d5535ce5aed0
[92mINFO [0m:      Sent reply
[92mINFO [0m:      
[92mINFO [0m:      Received: evaluate message c66d8a15-076c-4131-9aea-5562d3f8b0c0
[92mINFO [0m:      Sent reply
[92mINFO [0m:      
[92mINFO [0m:      Received: train message 64bebe6c-69eb-44ff-9faa-0c99d93e3286
[92mINFO [0m:      Sent reply
[92mINFO [0m:      
[92mINFO [0m:      Received: evaluate message 5c9ce40b-b532-4c6f-ae38-44d15a777a19
[92mINFO [0m:      Sent reply
[92mINFO [0m:      
[92mINFO [0m:      Received: train message 0823380a-9224-4f46-b554-7bc9eb82cc1b
[92mINFO [0m:      Sent reply
[92mINFO [0m:      
[92mINFO [0m:      Received: evaluate message 086b1c82-9192-465c-b0b8-ebc67c9465ee
[92mINFO [0m:      Sent reply
[92mINFO [0m:      
[92mINFO [0m:      Received: train message 91a93a0c-acf5-405c-88d4-27532328b848
[92mINFO [0m:      Sent reply
[92mINFO [0m:      
[92mINFO [0m:      Received: evaluate message 69e76763-fa54-4208-af90-6117e0e3916d
[92mINFO [0m:      Sent reply
[92mINFO [0m:      
[92mINFO [0m:      Received: train message 5cb69410-6be7-4dbc-a715-f512fde4acfa
[92mINFO [0m:      Sent reply
[92mINFO [0m:      
[92mINFO [0m:      Received: evaluate message c8fbf873-2418-4b55-bf8b-9cc71ba957ae
[92mINFO [0m:      Sent reply
[92mINFO [0m:      
[92mINFO [0m:      Received: train message 6ed43334-ddf4-4a9e-a5c8-d264f41ef9e3
[92mINFO [0m:      Sent reply
[92mINFO [0m:      
[92mINFO [0m:      Received: evaluate message a8d153c2-ab4d-4599-a251-df068b9c730a
[92mINFO [0m:      Sent reply
[92mINFO [0m:      
[92mINFO [0m:      Received: train message 3e0ff0fb-930f-42eb-a930-c9a70d04d674
[92mINFO [0m:      Sent reply
[92mINFO [0m:      
[92mINFO [0m:      Received: evaluate message 91bcbb9d-b0fa-4fe6-aa28-0114b4dd5663
[92mINFO [0m:      Sent reply
[92mINFO [0m:      
[92mINFO [0m:      Received: train message e3d7755e-a3c4-410f-8e53-63d193700ef2
[92mINFO [0m:      Sent reply
[92mINFO [0m:      
[92mINFO [0m:      Received: evaluate message 0b47cd66-ec38-421f-974b-0bfa327669cd
[92mINFO [0m:      Sent reply
[92mINFO [0m:      
[92mINFO [0m:      Received: train message 8ac8bdbb-4e1a-4343-8376-a8bae09545ba
[92mINFO [0m:      Sent reply
[92mINFO [0m:      
[92mINFO [0m:      Received: evaluate message 1471dae5-aac4-435c-ae93-a72c11208f02
[92mINFO [0m:      Sent reply
[92mINFO [0m:      
[92mINFO [0m:      Received: train message 7737337e-a0db-45cb-8f3d-a1a600114bee
[92mINFO [0m:      Sent reply
[92mINFO [0m:      
[92mINFO [0m:      Received: evaluate message 2c984665-902f-4f33-bda0-fba973ee7378
[92mINFO [0m:      Sent reply
[92mINFO [0m:      
[92mINFO [0m:      Received: train message c9d90124-e79b-4a67-a1ee-409d3b2a7732
[92mINFO [0m:      Sent reply
[92mINFO [0m:      
[92mINFO [0m:      Received: evaluate message 52d0b551-20cf-4a0f-98ec-4875e9717d14
[92mINFO [0m:      Sent reply
[92mINFO [0m:      
[92mINFO [0m:      Received: train message f7ab87af-20df-4f6d-a843-3ad930e5ff8d
[92mINFO [0m:      Sent reply
[92mINFO [0m:      
[92mINFO [0m:      Received: evaluate message 91e37b8c-a46b-4012-a1dc-e7e1b1172cc1
[92mINFO [0m:      Sent reply
[92mINFO [0m:      
[92mINFO [0m:      Received: train message 11110e97-d0cc-49bc-9da5-3cc7f0db8cd7
[92mINFO [0m:      Sent reply
[92mINFO [0m:      
[92mINFO [0m:      Received: evaluate message c9334359-f852-461c-a1b5-f66faff1c70e
[92mINFO [0m:      Sent reply
[92mINFO [0m:      
[92mINFO [0m:      Received: train message 1c86e389-67a3-486d-acfa-604ae1f87db7
[92mINFO [0m:      Sent reply
[92mINFO [0m:      
[92mINFO [0m:      Received: evaluate message 7130a438-2dac-4d16-af96-64c5b815879e
[92mINFO [0m:      Sent reply
[92mINFO [0m:      
[92mINFO [0m:      Received: train message 41023d53-c334-45f1-8906-7191b9f4235e
[92mINFO [0m:      Sent reply
[92mINFO [0m:      
[92mINFO [0m:      Received: evaluate message 7fb539c2-6090-4e72-a7be-80998ef74298
[92mINFO [0m:      Sent reply
[92mINFO [0m:      
[92mINFO [0m:      Received: train message aa630a4f-c1f2-4613-8c69-d24f4aa03260
[92mINFO [0m:      Sent reply
[92mINFO [0m:      
[92mINFO [0m:      Received: evaluate message 10b22fa0-1a88-4b81-9dfc-21bedf710bb5
[92mINFO [0m:      Sent reply
[92mINFO [0m:      
[92mINFO [0m:      Received: train message 155c791a-b97c-4385-865e-f1e5c39c7547
[92mINFO [0m:      Sent reply
[92mINFO [0m:      
[92mINFO [0m:      Received: evaluate message 97f24516-72c6-49ea-8794-8e47c1f743af
[92mINFO [0m:      Sent reply
[92mINFO [0m:      
[92mINFO [0m:      Received: train message c60ef92f-4e46-482c-9b89-4806b5c481d9
[92mINFO [0m:      Sent reply
[92mINFO [0m:      
[92mINFO [0m:      Received: evaluate message 1d7327c7-809e-400d-b492-f6eed0372ad9
[92mINFO [0m:      Sent reply
[92mINFO [0m:      
[92mINFO [0m:      Received: train message 2933b996-04ad-43b4-82f7-6907b79ce49d
[92mINFO [0m:      Sent reply
[92mINFO [0m:      
[92mINFO [0m:      Received: evaluate message bfe18636-ff61-421c-acb3-c66b7b6daacf
[92mINFO [0m:      Sent reply
[92mINFO [0m:      
[92mINFO [0m:      Received: train message c993080c-244e-40fa-bf4c-6c6916ab53f0
[92mINFO [0m:      Sent reply
[92mINFO [0m:      
[92mINFO [0m:      Received: evaluate message 1ac94263-9c0f-4146-9d74-3f8562e1fa2e
[92mINFO [0m:      Sent reply
[92mINFO [0m:      
[92mINFO [0m:      Received: train message 4f7a7f1b-f3bf-467b-aa5b-76c970e80cf4
[92mINFO [0m:      Sent reply
[92mINFO [0m:      
[92mINFO [0m:      Received: evaluate message 87e18341-94c8-4b54-8c43-46e92d8467f8
[92mINFO [0m:      Sent reply
[92mINFO [0m:      
[92mINFO [0m:      Received: train message ed9b0933-0667-4376-a8b4-bc21419bc8e8
[92mINFO [0m:      Sent reply
[92mINFO [0m:      
[92mINFO [0m:      Received: evaluate message 9f3ac1e5-bb78-4c9d-ad7f-bd6239f5f399
[92mINFO [0m:      Sent reply
[92mINFO [0m:      
[92mINFO [0m:      Received: train message 38bfbad5-25a5-4206-bd42-550fbeb91867
[92mINFO [0m:      Sent reply
[92mINFO [0m:      
[92mINFO [0m:      Received: evaluate message d990a18f-921b-4721-8149-88fa00ac8a15
[92mINFO [0m:      Sent reply
[92mINFO [0m:      
[92mINFO [0m:      Received: train message 1d691b7e-7b1a-43a5-b7f1-fc080ce4c7a7
[92mINFO [0m:      Sent reply
[92mINFO [0m:      
[92mINFO [0m:      Received: evaluate message 52ad7d40-7204-446b-8236-120b0dc10413
[92mINFO [0m:      Sent reply
[92mINFO [0m:      
[92mINFO [0m:      Received: train message 6723b3d9-e0cb-4e4f-acc8-d12f6150470a
[92mINFO [0m:      Sent reply
[92mINFO [0m:      
[92mINFO [0m:      Received: evaluate message 1c02c61d-78da-4497-9254-73e20e2a8035
[92mINFO [0m:      Sent reply
[92mINFO [0m:      
[92mINFO [0m:      Received: train message 51b35496-fbff-499f-be90-62aef06e3c54
[92mINFO [0m:      Sent reply
[92mINFO [0m:      
[92mINFO [0m:      Received: evaluate message 2988f3a5-0cb0-4bc5-ac16-3bca00aeb7c4
[92mINFO [0m:      Sent reply
[92mINFO [0m:      
[92mINFO [0m:      Received: train message 0f7848e3-4241-4fec-9d07-458a61087ecb
[92mINFO [0m:      Sent reply
[92mINFO [0m:      
[92mINFO [0m:      Received: evaluate message 1848d00a-289a-4fd5-8bbc-3dee5f431136
[92mINFO [0m:      Sent reply
[92mINFO [0m:      
[92mINFO [0m:      Received: train message d0302c5e-009c-48f8-9ed7-745ebd9878f4
[92mINFO [0m:      Sent reply
[92mINFO [0m:      
[92mINFO [0m:      Received: evaluate message 796528bb-2a5b-446d-bc6c-d7b659f617b5
[92mINFO [0m:      Sent reply
[92mINFO [0m:      
[92mINFO [0m:      Received: train message ddb840dc-60eb-445d-9680-cff0f430c3e2
[92mINFO [0m:      Sent reply
[92mINFO [0m:      
[92mINFO [0m:      Received: evaluate message fac6e18f-8014-4556-ba22-a64b0062a7c0
[92mINFO [0m:      Sent reply
[92mINFO [0m:      
[92mINFO [0m:      Received: train message 05435a91-4e32-45e7-9e64-b25239cd621f
[92mINFO [0m:      Sent reply
[92mINFO [0m:      
[92mINFO [0m:      Received: evaluate message ccc4f60b-83d9-4193-b7b4-db7d7cc547b1
[92mINFO [0m:      Sent reply
[92mINFO [0m:      
[92mINFO [0m:      Received: train message cb9af26d-cb21-4201-9cc0-8ba4c2883474
[92mINFO [0m:      Sent reply
[92mINFO [0m:      
[92mINFO [0m:      Received: evaluate message 717a75b5-8560-4bc7-971e-173af4133f15
[92mINFO [0m:      Sent reply
[92mINFO [0m:      
[92mINFO [0m:      Received: train message 626b219e-413c-4dca-b671-fd4e43fd5b6c
[92mINFO [0m:      Sent reply
[92mINFO [0m:      
[92mINFO [0m:      Received: evaluate message f87719ed-b649-433e-8454-5bcde2537990
[92mINFO [0m:      Sent reply
[92mINFO [0m:      
[92mINFO [0m:      Received: train message ac355b07-495e-4fc0-89de-fe4481b5e8f6
[92mINFO [0m:      Sent reply
[92mINFO [0m:      
[92mINFO [0m:      Received: evaluate message 98b75bd7-356e-4de0-8d5a-26a2ed707336
[92mINFO [0m:      Sent reply
[92mINFO [0m:      
[92mINFO [0m:      Received: train message c7be687d-7aa6-41ea-83ea-b133418619a3
[92mINFO [0m:      Sent reply
[92mINFO [0m:      
[92mINFO [0m:      Received: evaluate message 263f4ad8-fcfa-443d-90a0-14f6d54b7993
[92mINFO [0m:      Sent reply
[92mINFO [0m:      
[92mINFO [0m:      Received: train message 0aee954c-eed4-420b-9bec-0eae1334d799
[92mINFO [0m:      Sent reply
[92mINFO [0m:      
[92mINFO [0m:      Received: evaluate message b78d4fda-3260-4e1b-a604-01f29573be00
[92mINFO [0m:      Sent reply
[92mINFO [0m:      
[92mINFO [0m:      Received: train message 2ffaced6-97c3-4f97-aec3-88cf91dd8ab5
[92mINFO [0m:      Sent reply
[92mINFO [0m:      
[92mINFO [0m:      Received: evaluate message d3fc5ce9-d08f-4abb-9a96-b8652a7ce080
[92mINFO [0m:      Sent reply
[92mINFO [0m:      
[92mINFO [0m:      Received: train message 490d8360-bf12-488d-aefd-7d3f94c76f85
[92mINFO [0m:      Sent reply
[92mINFO [0m:      
[92mINFO [0m:      Received: evaluate message 3897d994-fc13-46ce-9922-b6dd0bdcda74
[92mINFO [0m:      Sent reply
[92mINFO [0m:      
[92mINFO [0m:      Received: train message 82941f11-cbac-4bad-9d69-3e082bafa175
[92mINFO [0m:      Sent reply
[92mINFO [0m:      
[92mINFO [0m:      Received: evaluate message 991a51e5-ae7f-43e1-990f-7e7e332fdf03
[92mINFO [0m:      Sent reply
[92mINFO [0m:      
[92mINFO [0m:      Received: train message c4c5af81-8968-41ae-8da8-fbcc62d9392d
[92mINFO [0m:      Sent reply
[92mINFO [0m:      
[92mINFO [0m:      Received: evaluate message eb3348e5-f2e4-4816-9641-9f4e20990e1d
[92mINFO [0m:      Sent reply
[92mINFO [0m:      
[92mINFO [0m:      Received: train message 048bba24-4b42-4705-bb71-bf2a76e6a674
[92mINFO [0m:      Sent reply
[92mINFO [0m:      
[92mINFO [0m:      Received: evaluate message d40661b2-23c9-4b58-974b-806a9b4674a0
[92mINFO [0m:      Sent reply
[92mINFO [0m:      
[92mINFO [0m:      Received: train message 31473fe7-ce88-4b21-baf2-564cadcc6aa4
[92mINFO [0m:      Sent reply
[92mINFO [0m:      
[92mINFO [0m:      Received: evaluate message ffab15f2-b478-4ff8-9d0e-3ed4ed781261
[92mINFO [0m:      Sent reply
[92mINFO [0m:      
[92mINFO [0m:      Received: train message 9826a767-eeb7-4caf-bad1-28342f8fd9f5
[92mINFO [0m:      Sent reply
[92mINFO [0m:      
[92mINFO [0m:      Received: evaluate message 0377f153-4c2e-4c6b-92a1-bc481e45ed6d
[92mINFO [0m:      Sent reply
[92mINFO [0m:      
[92mINFO [0m:      Received: train message 8cb49562-2ed9-4e15-9e6f-185771b22d01
[92mINFO [0m:      Sent reply
[92mINFO [0m:      
[92mINFO [0m:      Received: evaluate message 66801600-61f5-4f2e-8a0d-277a55c72ef2
[92mINFO [0m:      Sent reply
[92mINFO [0m:      
[92mINFO [0m:      Received: reconnect message d2576d65-efb4-459f-9e59-9841bdf0542f
[92mINFO [0m:      Disconnect and shut down
