[93mWARNING [0m:   DEPRECATED FEATURE: flwr.client.start_client() is deprecated.
	Instead, use the `flower-supernode` CLI command to start a SuperNode as shown below:

		$ flower-supernode --insecure --superlink='<IP>:<PORT>'

	To view all available options, run:

		$ flower-supernode --help

	Using `start_client()` is deprecated.

            This is a deprecated feature. It will be removed
            entirely in future versions of Flower.
        
[92mINFO [0m:      
[92mINFO [0m:      Received: evaluate message 02e6112b-dc67-4cf7-8805-e3194419742f
[92mINFO [0m:      Sent reply
[92mINFO [0m:      
[92mINFO [0m:      Received: train message 06f58e44-fa64-452d-b26e-6c6f68520d1d
[92mINFO [0m:      Sent reply
[92mINFO [0m:      
[92mINFO [0m:      Received: evaluate message 85aa6465-4b71-41d5-9444-4dbb8ac2b824
[92mINFO [0m:      Sent reply
[92mINFO [0m:      
[92mINFO [0m:      Received: train message 7c5d079a-196e-4691-afae-fb61c091ae40
[92mINFO [0m:      Sent reply
[92mINFO [0m:      
[92mINFO [0m:      Received: evaluate message c62899ed-5e3f-4e48-bb91-6d1265328d43
[92mINFO [0m:      Sent reply
[92mINFO [0m:      
[92mINFO [0m:      Received: evaluate message 5ff9dc38-62c1-4080-ba97-934ccd2b606e
[92mINFO [0m:      Sent reply
[92mINFO [0m:      
[92mINFO [0m:      Received: train message a347e51d-64a6-46da-8da8-a2fda5c93bf2
[92mINFO [0m:      Sent reply
[92mINFO [0m:      
[92mINFO [0m:      Received: train message 5e218950-0b33-4e5b-a43a-62b5c3449c2b
[92mINFO [0m:      Sent reply
[92mINFO [0m:      
[92mINFO [0m:      Received: evaluate message 9cc31fd4-9d30-4c35-9d79-f4f0f40badf1
[92mINFO [0m:      Sent reply
[92mINFO [0m:      
[92mINFO [0m:      Received: train message fe2e5228-7ec6-4fe1-8778-f01361e86771
[92mINFO [0m:      Sent reply
[92mINFO [0m:      
[92mINFO [0m:      Received: train message 4262d4f1-3d1b-458b-9fbd-3405db9600a5
[92mINFO [0m:      Sent reply
[92mINFO [0m:      
[92mINFO [0m:      Received: evaluate message 91c52687-5216-4914-9037-0c5e5b4b94e2
[92mINFO [0m:      Sent reply
[92mINFO [0m:      
[92mINFO [0m:      Received: evaluate message 7886293c-b6bc-4a17-81ec-cc07b19e2f2e
[92mINFO [0m:      Sent reply
[92mINFO [0m:      
[92mINFO [0m:      Received: train message 1410ff5b-36d9-4a64-9c9b-d7d9fde31098
[92mINFO [0m:      Sent reply
[92mINFO [0m:      
[92mINFO [0m:      Received: evaluate message bfc18b76-4110-4b21-b61b-a5a578eaf8c6
[92mINFO [0m:      Sent reply
[92mINFO [0m:      
[92mINFO [0m:      Received: evaluate message 2c6f8d97-195a-4054-83f2-3b6c7bc926f6
[92mINFO [0m:      Sent reply
[92mINFO [0m:      
[92mINFO [0m:      Received: train message ddb6cab0-55c4-42c4-9d6d-11aa8a86468c
[92mINFO [0m:      Sent reply
[92mINFO [0m:      
[92mINFO [0m:      Received: evaluate message 27c3ae97-6317-4aba-a24e-8bfa49726785
[92mINFO [0m:      Sent reply
[92mINFO [0m:      
[92mINFO [0m:      Received: evaluate message eaeaf3aa-4973-4104-a443-2dee1c472d2c
[92mINFO [0m:      Sent reply
[92mINFO [0m:      
[92mINFO [0m:      Received: train message dd10c721-9e67-4be4-9263-278189fd2cc4
[92mINFO [0m:      Sent reply
[92mINFO [0m:      
[92mINFO [0m:      Received: train message 1b87e81a-7af9-4da5-9547-06191611272b
[92mINFO [0m:      Sent reply
[92mINFO [0m:      
[92mINFO [0m:      Received: evaluate message 9eacf48a-b66b-43d2-a20b-339d5f2523c4
[92mINFO [0m:      Sent reply
[92mINFO [0m:      
[92mINFO [0m:      Received: train message db8e66f6-1392-4da6-a3d0-a58b3e910af7
[92mINFO [0m:      Sent reply
[92mINFO [0m:      
[92mINFO [0m:      Received: evaluate message 574ef2b0-60de-4102-be09-d5082231b3a6
[92mINFO [0m:      Sent reply
[92mINFO [0m:      
[92mINFO [0m:      Received: evaluate message f38bc15f-1b83-455e-8a86-3a1d7b00c47f
[92mINFO [0m:      Sent reply
[92mINFO [0m:      
[92mINFO [0m:      Received: train message 183f9267-5ff3-4edd-a86c-851fcdabf1b9
[92mINFO [0m:      Sent reply
[92mINFO [0m:      
[92mINFO [0m:      Received: evaluate message b5f1c7db-ac7a-4939-9877-c1850f849dea
[92mINFO [0m:      Sent reply
[92mINFO [0m:      
[92mINFO [0m:      Received: train message 3a76ec88-205f-4e62-b6e2-b4c48668584e
[92mINFO [0m:      Sent reply
[92mINFO [0m:      
[92mINFO [0m:      Received: evaluate message 26878426-4a03-4dba-acf4-d3aaa66d52ee
[92mINFO [0m:      Sent reply
[92mINFO [0m:      
[92mINFO [0m:      Received: evaluate message cf071ef5-a50a-42fd-a41c-ab16615f0be8
[92mINFO [0m:      Sent reply
[92mINFO [0m:      
[92mINFO [0m:      Received: evaluate message 9286805e-71b7-4186-bae0-634809ba12fb
[92mINFO [0m:      Sent reply
[92mINFO [0m:      
[92mINFO [0m:      Received: train message fb18197f-1f13-4fbf-bd8b-41c907b1d8c1
[92mINFO [0m:      Sent reply
[92mINFO [0m:      
[92mINFO [0m:      Received: reconnect message 469644ef-9c97-4fcc-a9f8-03dff941087b
[92mINFO [0m:      Disconnect and shut down
