[93mWARNING [0m:   DEPRECATED FEATURE: flwr.client.start_client() is deprecated.
	Instead, use the `flower-supernode` CLI command to start a SuperNode as shown below:

		$ flower-supernode --insecure --superlink='<IP>:<PORT>'

	To view all available options, run:

		$ flower-supernode --help

	Using `start_client()` is deprecated.

            This is a deprecated feature. It will be removed
            entirely in future versions of Flower.
        
[92mINFO [0m:      
[92mINFO [0m:      Received: train message ba835300-9f58-4d02-b8d5-c64d28f3c6cb
[92mINFO [0m:      Sent reply
[92mINFO [0m:      
[92mINFO [0m:      Received: evaluate message ad11c2d7-4705-4751-9d95-89f3c6c5d7c4
[92mINFO [0m:      Sent reply
[92mINFO [0m:      
[92mINFO [0m:      Received: train message 56b62ab2-64ae-4833-aeab-995909be1887
[92mINFO [0m:      Sent reply
[92mINFO [0m:      
[92mINFO [0m:      Received: evaluate message ab5a7d05-de10-46ac-b283-31ba839444d8
[92mINFO [0m:      Sent reply
[92mINFO [0m:      
[92mINFO [0m:      Received: train message 551dc692-82f0-4f4a-800d-850d8a161e02
[92mINFO [0m:      Sent reply
[92mINFO [0m:      
[92mINFO [0m:      Received: train message bff7d5fb-0336-4833-a668-a0f8a781c858
[92mINFO [0m:      Sent reply
[92mINFO [0m:      
[92mINFO [0m:      Received: evaluate message 7719dbb3-28da-44c0-bc35-f378f2062eb5
[92mINFO [0m:      Sent reply
[92mINFO [0m:      
[92mINFO [0m:      Received: evaluate message df375c59-9cc2-46ec-8f73-e909f0de6516
[92mINFO [0m:      Sent reply
[92mINFO [0m:      
[92mINFO [0m:      Received: train message 92dd7d74-e81b-45f4-a741-4bcdf4cb9034
[92mINFO [0m:      Sent reply
[92mINFO [0m:      
[92mINFO [0m:      Received: evaluate message 9b4687f9-b6f9-4e10-8731-ce094f6dd327
[92mINFO [0m:      Sent reply
[92mINFO [0m:      
[92mINFO [0m:      Received: evaluate message e0acf120-f994-4964-b61c-50bebfe2302a
[92mINFO [0m:      Sent reply
[92mINFO [0m:      
[92mINFO [0m:      Received: train message e6c7b4bc-b542-4981-a343-ad2acb5e3697
[92mINFO [0m:      Sent reply
[92mINFO [0m:      
[92mINFO [0m:      Received: evaluate message 7da92b7f-734a-4103-b141-52e5096b1b80
[92mINFO [0m:      Sent reply
[92mINFO [0m:      
[92mINFO [0m:      Received: train message 1b2edede-3505-4114-aca2-0305f7075d8a
[92mINFO [0m:      Sent reply
[92mINFO [0m:      
[92mINFO [0m:      Received: evaluate message 6ebebe1b-ec20-4b25-aca3-5ecc2fa3ab5d
[92mINFO [0m:      Sent reply
[92mINFO [0m:      
[92mINFO [0m:      Received: train message 0bb19d91-1da0-47cb-911b-127b4d9e5dac
[92mINFO [0m:      Sent reply
[92mINFO [0m:      
[92mINFO [0m:      Received: train message 7770018f-b9e4-4087-8b59-ac8ba50577b3
[92mINFO [0m:      Sent reply
[92mINFO [0m:      
[92mINFO [0m:      Received: train message c7b64f41-a1f3-4f02-be64-19bf85203911
[92mINFO [0m:      Sent reply
[92mINFO [0m:      
[92mINFO [0m:      Received: train message d868c17e-bbb4-47c6-9d75-162264633b98
[92mINFO [0m:      Sent reply
[92mINFO [0m:      
[92mINFO [0m:      Received: train message 323b4d8d-69a3-438a-a5d6-26bd2328bccd
[92mINFO [0m:      Sent reply
[92mINFO [0m:      
[92mINFO [0m:      Received: evaluate message a9c5bb22-aa96-46f6-9207-64b3fd0f4673
[92mINFO [0m:      Sent reply
[92mINFO [0m:      
[92mINFO [0m:      Received: evaluate message faa4304b-2341-48c7-922d-64f5ade238c0
[92mINFO [0m:      Sent reply
[92mINFO [0m:      
[92mINFO [0m:      Received: evaluate message 2b590929-0f5c-4712-82d1-5ea8f3c9bde5
[92mINFO [0m:      Sent reply
[92mINFO [0m:      
[92mINFO [0m:      Received: evaluate message 6b6e5188-d678-4635-9713-3f4b6ec7de99
[92mINFO [0m:      Sent reply
[92mINFO [0m:      
[92mINFO [0m:      Received: evaluate message af0a609a-05f3-4245-a97b-4ee83d58a1a0
[92mINFO [0m:      Sent reply
[92mINFO [0m:      
[92mINFO [0m:      Received: train message 5e62db08-2fe8-495b-abad-8415e502c471
[92mINFO [0m:      Sent reply
[92mINFO [0m:      
[92mINFO [0m:      Received: evaluate message ab7a4e50-b9ea-420f-8daf-ca306c629d4b
[92mINFO [0m:      Sent reply
[92mINFO [0m:      
[92mINFO [0m:      Received: train message a3c85302-14b9-4db2-b3cd-89c334757948
[92mINFO [0m:      Sent reply
[92mINFO [0m:      
[92mINFO [0m:      Received: reconnect message 104d8496-7f02-4397-8d73-997b374a2e89
[92mINFO [0m:      Disconnect and shut down
