[93mWARNING [0m:   DEPRECATED FEATURE: flwr.client.start_client() is deprecated.
	Instead, use the `flower-supernode` CLI command to start a SuperNode as shown below:

		$ flower-supernode --insecure --superlink='<IP>:<PORT>'

	To view all available options, run:

		$ flower-supernode --help

	Using `start_client()` is deprecated.

            This is a deprecated feature. It will be removed
            entirely in future versions of Flower.
        
[92mINFO [0m:      
[92mINFO [0m:      Received: train message fb328b73-b642-4dd1-8bd2-3fd588e8e4bc
[92mINFO [0m:      Sent reply
[92mINFO [0m:      
[92mINFO [0m:      Received: evaluate message 4aacdaff-1afb-43e4-b218-a8b0ce8fc3a4
[92mINFO [0m:      Sent reply
[92mINFO [0m:      
[92mINFO [0m:      Received: train message 6df04067-406a-4128-b2a4-d99e53a9cfc7
[92mINFO [0m:      Sent reply
[92mINFO [0m:      
[92mINFO [0m:      Received: evaluate message 6e20c778-574c-40fd-9a38-950292e53afc
[92mINFO [0m:      Sent reply
[92mINFO [0m:      
[92mINFO [0m:      Received: train message aa742a6e-c9ad-4bb8-af9f-be1fbcc6d744
[92mINFO [0m:      Sent reply
[92mINFO [0m:      
[92mINFO [0m:      Received: evaluate message cb5eed32-ad05-4c4f-9dda-05e6e20c9efe
[92mINFO [0m:      Sent reply
[92mINFO [0m:      
[92mINFO [0m:      Received: train message 15825852-e515-4af0-80d3-d509c4dafa1a
[92mINFO [0m:      Sent reply
[92mINFO [0m:      
[92mINFO [0m:      Received: evaluate message 6f819614-f368-49fc-86dd-3cf94d10bc18
[92mINFO [0m:      Sent reply
[92mINFO [0m:      
[92mINFO [0m:      Received: train message 5ca89675-04cf-4928-9841-27dbd06439c0
[92mINFO [0m:      Sent reply
[92mINFO [0m:      
[92mINFO [0m:      Received: evaluate message a0f2fda8-1c3c-41df-88b5-91eaeecc4b9b
[92mINFO [0m:      Sent reply
[92mINFO [0m:      
[92mINFO [0m:      Received: train message edf27c37-9093-4dcc-ae41-ae2b5e6c31dd
[92mINFO [0m:      Sent reply
[92mINFO [0m:      
[92mINFO [0m:      Received: evaluate message e3f5feec-2132-4d7f-8f1e-4566b02e4689
[92mINFO [0m:      Sent reply
[92mINFO [0m:      
[92mINFO [0m:      Received: train message cb9a5e3b-c1a6-4090-b919-956de80737d4
[92mINFO [0m:      Sent reply
[92mINFO [0m:      
[92mINFO [0m:      Received: evaluate message c7292fea-adbc-4d37-9f53-ab6e4944e122
[92mINFO [0m:      Sent reply
[92mINFO [0m:      
[92mINFO [0m:      Received: train message 8fde99fc-8443-4bb6-b691-a9ea34cf258a
[92mINFO [0m:      Sent reply
[92mINFO [0m:      
[92mINFO [0m:      Received: evaluate message 39cb55ad-f514-4e1a-b48d-cb809128b062
[92mINFO [0m:      Sent reply
[92mINFO [0m:      
[92mINFO [0m:      Received: train message 2d09abc0-ff87-40c0-a23f-a357eedf423c
[92mINFO [0m:      Sent reply
[92mINFO [0m:      
[92mINFO [0m:      Received: evaluate message 57c72461-db48-41b1-9ff6-be5c8cd39d23
[92mINFO [0m:      Sent reply
[92mINFO [0m:      
[92mINFO [0m:      Received: train message 66b9fa04-c83f-4c76-90c6-e9a364c38cd8
[92mINFO [0m:      Sent reply
[92mINFO [0m:      
[92mINFO [0m:      Received: evaluate message b8f009eb-3e0d-4b1e-9cda-10b202c82149
[92mINFO [0m:      Sent reply
[92mINFO [0m:      
[92mINFO [0m:      Received: train message 6b75a8ac-dc06-4ee7-9564-6b40e30e115e
[92mINFO [0m:      Sent reply
[92mINFO [0m:      
[92mINFO [0m:      Received: evaluate message e798729b-4ba3-49e7-9ab4-d22320734761
[92mINFO [0m:      Sent reply
[92mINFO [0m:      
[92mINFO [0m:      Received: train message e029bd74-e6dd-4b9f-a775-722635556e25
[92mINFO [0m:      Sent reply
[92mINFO [0m:      
[92mINFO [0m:      Received: evaluate message 711a7ef4-afbf-4daf-bcbf-e8abf19156a7
[92mINFO [0m:      Sent reply
[92mINFO [0m:      
[92mINFO [0m:      Received: train message ab0d01ec-5fd0-43d9-8d06-8cd3749aaaf1
[92mINFO [0m:      Sent reply
[92mINFO [0m:      
[92mINFO [0m:      Received: evaluate message 8951b065-3f56-4133-b700-c279813c2f5d
[92mINFO [0m:      Sent reply
[92mINFO [0m:      
[92mINFO [0m:      Received: train message 170103be-de12-465d-ba2c-284ef31ecad2
[92mINFO [0m:      Sent reply
[92mINFO [0m:      
[92mINFO [0m:      Received: evaluate message 6a682cbd-55a9-4aad-8e21-048d52bc3434
[92mINFO [0m:      Sent reply
[92mINFO [0m:      
[92mINFO [0m:      Received: train message bb66e616-1804-4e12-b5b3-3f4e8473c17c
[92mINFO [0m:      Sent reply
[92mINFO [0m:      
[92mINFO [0m:      Received: evaluate message a2f8eaea-68c8-47bd-8cc9-94066714c690
[92mINFO [0m:      Sent reply
[92mINFO [0m:      
[92mINFO [0m:      Received: train message d646fb15-9167-42ff-9cb1-783dbc896c00
[92mINFO [0m:      Sent reply
[92mINFO [0m:      
[92mINFO [0m:      Received: evaluate message 4dcdf82c-4ce8-4245-bb10-fe02728cf94a
[92mINFO [0m:      Sent reply
[92mINFO [0m:      
[92mINFO [0m:      Received: train message 008bc7b6-4667-4558-bb87-435fafaa2d4f
[92mINFO [0m:      Sent reply
[92mINFO [0m:      
[92mINFO [0m:      Received: evaluate message 0fdd2c4e-cc68-4f97-84ba-5f2f234ca8fc
[92mINFO [0m:      Sent reply
[92mINFO [0m:      
[92mINFO [0m:      Received: train message f5690ac0-d491-4f98-913f-568615532e00
[92mINFO [0m:      Sent reply
[92mINFO [0m:      
[92mINFO [0m:      Received: evaluate message 492d583c-da91-49a7-b303-4a35b97b0c32
[92mINFO [0m:      Sent reply
[92mINFO [0m:      
[92mINFO [0m:      Received: train message d743376c-c86c-4026-adf5-a6ce3ed3979d
[92mINFO [0m:      Sent reply
[92mINFO [0m:      
[92mINFO [0m:      Received: evaluate message 3b7177df-859d-4f9e-8b32-e3d45b66302b
[92mINFO [0m:      Sent reply
[92mINFO [0m:      
[92mINFO [0m:      Received: train message 29516279-c73f-4c69-b22c-54278a9ee979
[92mINFO [0m:      Sent reply
[92mINFO [0m:      
[92mINFO [0m:      Received: evaluate message 99b028bb-5d58-4bfa-83e6-49e4c0b08ee6
[92mINFO [0m:      Sent reply
[92mINFO [0m:      
[92mINFO [0m:      Received: train message 482b4f0d-dc73-4726-a3e7-bf9077dbe54e
[92mINFO [0m:      Sent reply
[92mINFO [0m:      
[92mINFO [0m:      Received: evaluate message 1c2fcb04-d805-49ce-9201-bf928be39465
[92mINFO [0m:      Sent reply
[92mINFO [0m:      
[92mINFO [0m:      Received: train message 365e8039-4c47-4fc7-94db-e42342d82f57
[92mINFO [0m:      Sent reply
[92mINFO [0m:      
[92mINFO [0m:      Received: evaluate message 004f4282-e332-43f6-bf12-0a39d6d6a506
[92mINFO [0m:      Sent reply
[92mINFO [0m:      
[92mINFO [0m:      Received: train message 60cd2c2b-ee8f-45b6-9f99-b48296e163e5
[92mINFO [0m:      Sent reply
[92mINFO [0m:      
[92mINFO [0m:      Received: evaluate message e1fa70f2-0c4c-4105-a9e5-c34c35bebb54
[92mINFO [0m:      Sent reply
[92mINFO [0m:      
[92mINFO [0m:      Received: train message 77672d07-bb79-43b6-a9bd-f7fc7a942c44
[92mINFO [0m:      Sent reply
[92mINFO [0m:      
[92mINFO [0m:      Received: evaluate message e05d07af-66e1-44a8-bf21-5daa7a1647b2
[92mINFO [0m:      Sent reply
[92mINFO [0m:      
[92mINFO [0m:      Received: train message 521627de-fe84-4a10-9995-9ef0fac3a3e6
[92mINFO [0m:      Sent reply
[92mINFO [0m:      
[92mINFO [0m:      Received: evaluate message 1769b647-48c8-4dee-a055-4babe51507e4
[92mINFO [0m:      Sent reply
[92mINFO [0m:      
[92mINFO [0m:      Received: train message 47ca0230-2140-4c85-ab2f-884e862538a9
[92mINFO [0m:      Sent reply
[92mINFO [0m:      
[92mINFO [0m:      Received: evaluate message 6888ff52-86d9-48b6-b464-908a2f6e424c
[92mINFO [0m:      Sent reply
[92mINFO [0m:      
[92mINFO [0m:      Received: train message 5e9916da-920a-4ffa-ac24-4ba5745f3228
[92mINFO [0m:      Sent reply
[92mINFO [0m:      
[92mINFO [0m:      Received: evaluate message 2a0009bf-bc95-4af7-9df2-d2cda5305fc3
[92mINFO [0m:      Sent reply
[92mINFO [0m:      
[92mINFO [0m:      Received: train message fbbe3d38-83ac-4fd9-a06f-854477675501
[92mINFO [0m:      Sent reply
[92mINFO [0m:      
[92mINFO [0m:      Received: evaluate message 1c115294-c243-4728-bde8-72516ad3f4e4
[92mINFO [0m:      Sent reply
[92mINFO [0m:      
[92mINFO [0m:      Received: train message d81bd937-28d0-4819-ab6b-01b1f1039547
[92mINFO [0m:      Sent reply
[92mINFO [0m:      
[92mINFO [0m:      Received: evaluate message c6ddb6ab-707c-4145-a231-5d32213c70c1
[92mINFO [0m:      Sent reply
[92mINFO [0m:      
[92mINFO [0m:      Received: train message d923ce97-dea0-41da-aad8-3221ea9d4dd8
[92mINFO [0m:      Sent reply
[92mINFO [0m:      
[92mINFO [0m:      Received: evaluate message 79073e21-983b-45b0-a984-d608264aec47
[92mINFO [0m:      Sent reply
[92mINFO [0m:      
[92mINFO [0m:      Received: train message 4e72717e-6c17-4f40-bd43-7a4046a879d8
[92mINFO [0m:      Sent reply
[92mINFO [0m:      
[92mINFO [0m:      Received: evaluate message c61ce74f-a0e6-4981-ab3d-d35c78a554fa
[92mINFO [0m:      Sent reply
[92mINFO [0m:      
[92mINFO [0m:      Received: train message 2fd2a82f-5857-4f45-a82b-bca8b0658304
[92mINFO [0m:      Sent reply
[92mINFO [0m:      
[92mINFO [0m:      Received: evaluate message ab0f24ae-0bbd-403c-ab42-9121a1a8142e
[92mINFO [0m:      Sent reply
[92mINFO [0m:      
[92mINFO [0m:      Received: train message 47c97437-fde3-4a35-9f6e-8cf1eee2d59d
[92mINFO [0m:      Sent reply
[92mINFO [0m:      
[92mINFO [0m:      Received: evaluate message d220c8db-923b-4bc8-999c-57bc5bd42e77
[92mINFO [0m:      Sent reply
[92mINFO [0m:      
[92mINFO [0m:      Received: train message 900f02b6-399e-44e2-9738-874ce0aeaa8b
[92mINFO [0m:      Sent reply
[92mINFO [0m:      
[92mINFO [0m:      Received: evaluate message 4582894d-cddf-460f-abde-992c46719a16
[92mINFO [0m:      Sent reply
[92mINFO [0m:      
[92mINFO [0m:      Received: train message 0e5e7344-41ab-44a6-adb7-b0509c9f3ad0
[92mINFO [0m:      Sent reply
[92mINFO [0m:      
[92mINFO [0m:      Received: evaluate message 15631868-0c3b-41fe-b1d0-ace3b0ee0332
[92mINFO [0m:      Sent reply
[92mINFO [0m:      
[92mINFO [0m:      Received: train message cf04d554-8ee6-4894-9b74-7dcfbac6e004
[92mINFO [0m:      Sent reply
[92mINFO [0m:      
[92mINFO [0m:      Received: evaluate message 89e333bc-8dc7-490f-9bb0-78508ddb7362
[92mINFO [0m:      Sent reply
[92mINFO [0m:      
[92mINFO [0m:      Received: train message f3e25c52-0433-4de4-88b2-58f4bf7f7ce0
[92mINFO [0m:      Sent reply
[92mINFO [0m:      
[92mINFO [0m:      Received: evaluate message 1d52fbd9-b385-4cfa-ba5f-709459c20975
[92mINFO [0m:      Sent reply
[92mINFO [0m:      
[92mINFO [0m:      Received: train message 27f12e10-da9d-4852-b129-c25adbe9c80f
[92mINFO [0m:      Sent reply
[92mINFO [0m:      
[92mINFO [0m:      Received: evaluate message 098cb7a1-b0c5-4673-ac18-17d8a9430028
[92mINFO [0m:      Sent reply
[92mINFO [0m:      
[92mINFO [0m:      Received: train message 19bb0162-c072-4f00-a661-a0703d1be2b2
[92mINFO [0m:      Sent reply
[92mINFO [0m:      
[92mINFO [0m:      Received: evaluate message 339f2eb7-9ac6-4a23-bb56-04357efec6b6
[92mINFO [0m:      Sent reply
[92mINFO [0m:      
[92mINFO [0m:      Received: train message e37d6280-e827-4096-94fb-d58e0160ac80
[92mINFO [0m:      Sent reply
[92mINFO [0m:      
[92mINFO [0m:      Received: evaluate message 74f72469-6fde-49a8-937c-ee7ef2481723
[92mINFO [0m:      Sent reply
[92mINFO [0m:      
[92mINFO [0m:      Received: train message a1c46cab-ecc6-49b9-bba1-8dc25f53a562
[92mINFO [0m:      Sent reply
[92mINFO [0m:      
[92mINFO [0m:      Received: evaluate message 8d73a685-2202-4ffa-8bd2-0cf64dfe2810
[92mINFO [0m:      Sent reply
[92mINFO [0m:      
[92mINFO [0m:      Received: train message b6c94c3e-5f09-4999-a76f-647f828f6773
[92mINFO [0m:      Sent reply
[92mINFO [0m:      
[92mINFO [0m:      Received: evaluate message 6bcf1063-d708-4f19-883f-95f7b0cbd36f
[92mINFO [0m:      Sent reply
[92mINFO [0m:      
[92mINFO [0m:      Received: train message 8b66386f-75a2-4878-ae14-c7da2eb9dcc9
[92mINFO [0m:      Sent reply
[92mINFO [0m:      
[92mINFO [0m:      Received: evaluate message b4187cd0-21d5-4e1e-9270-e5947e726bad
[92mINFO [0m:      Sent reply
[92mINFO [0m:      
[92mINFO [0m:      Received: train message 3960b34c-8c52-46a5-a642-e5a738391827
[92mINFO [0m:      Sent reply
[92mINFO [0m:      
[92mINFO [0m:      Received: evaluate message 29568874-27e8-471d-9392-a68603a0719a
[92mINFO [0m:      Sent reply
[92mINFO [0m:      
[92mINFO [0m:      Received: train message 07c3f07a-1c29-420d-9d3d-86ecdcd28550
[92mINFO [0m:      Sent reply
[92mINFO [0m:      
[92mINFO [0m:      Received: evaluate message 358cfa9c-8e4f-42d6-958b-05293585566b
[92mINFO [0m:      Sent reply
[92mINFO [0m:      
[92mINFO [0m:      Received: train message 4908095a-6d21-4263-8d40-aa62b6388dce
[92mINFO [0m:      Sent reply
[92mINFO [0m:      
[92mINFO [0m:      Received: evaluate message 10656c0a-9b84-405c-bbae-355dbbca2f6b
[92mINFO [0m:      Sent reply
[92mINFO [0m:      
[92mINFO [0m:      Received: train message abe88a82-932c-421b-bd95-9cda1bc03aa9
[92mINFO [0m:      Sent reply
[92mINFO [0m:      
[92mINFO [0m:      Received: evaluate message 5407ed09-45e9-415e-a4db-99f54038f89e
[92mINFO [0m:      Sent reply
[92mINFO [0m:      
[92mINFO [0m:      Received: train message 4c982f7a-c346-476a-85e7-32a49b6e905c
[92mINFO [0m:      Sent reply
[92mINFO [0m:      
[92mINFO [0m:      Received: evaluate message 3e5007d6-400c-4898-8a97-10ff1bb8d382
[92mINFO [0m:      Sent reply
[92mINFO [0m:      
[92mINFO [0m:      Received: train message f36eb2a7-1be0-47bc-b159-6a872d91c0dc
[92mINFO [0m:      Sent reply
[92mINFO [0m:      
[92mINFO [0m:      Received: evaluate message e1081bf9-0c91-4c2b-a1b7-c2142348bfd0
[92mINFO [0m:      Sent reply
[92mINFO [0m:      
[92mINFO [0m:      Received: train message b2e19355-7dc5-47d6-bffa-64f1abf42b17
[92mINFO [0m:      Sent reply
[92mINFO [0m:      
[92mINFO [0m:      Received: evaluate message 53f4b1e4-04c3-414f-99aa-98be48f34171
[92mINFO [0m:      Sent reply
[92mINFO [0m:      
[92mINFO [0m:      Received: reconnect message f12138ca-e05a-4be6-9b0a-d723389b1bd4
[92mINFO [0m:      Disconnect and shut down
