[93mWARNING [0m:   DEPRECATED FEATURE: flwr.client.start_client() is deprecated.
	Instead, use the `flower-supernode` CLI command to start a SuperNode as shown below:

		$ flower-supernode --insecure --superlink='<IP>:<PORT>'

	To view all available options, run:

		$ flower-supernode --help

	Using `start_client()` is deprecated.

            This is a deprecated feature. It will be removed
            entirely in future versions of Flower.
        
[92mINFO [0m:      
[92mINFO [0m:      Received: train message e310cbef-11e1-4fd4-8a0c-0f59cf3f0e36
[92mINFO [0m:      Sent reply
[92mINFO [0m:      
[92mINFO [0m:      Received: evaluate message d67d564e-c231-4eb5-8fb1-c68320213f39
[92mINFO [0m:      Sent reply
[92mINFO [0m:      
[92mINFO [0m:      Received: train message 6b450942-95c2-4d8d-a7ba-03512fe57d14
[92mINFO [0m:      Sent reply
[92mINFO [0m:      
[92mINFO [0m:      Received: evaluate message 4e87423f-06b2-49d3-9286-3d54535f1e58
[92mINFO [0m:      Sent reply
[92mINFO [0m:      
[92mINFO [0m:      Received: train message 30b3e996-1674-4f7d-ba1a-f3eb17ae881d
[92mINFO [0m:      Sent reply
[92mINFO [0m:      
[92mINFO [0m:      Received: evaluate message 2cd3826d-8a32-4cb8-a0fd-97ba96ee2d55
[92mINFO [0m:      Sent reply
[92mINFO [0m:      
[92mINFO [0m:      Received: train message b24a3c7c-6793-4148-b853-7a98d5f75367
[92mINFO [0m:      Sent reply
[92mINFO [0m:      
[92mINFO [0m:      Received: evaluate message f0d839d9-8d3a-451d-b038-3e90d9a27ef7
[92mINFO [0m:      Sent reply
[92mINFO [0m:      
[92mINFO [0m:      Received: train message 827cac00-4ee9-4283-a2d9-6a7d0d19248c
[92mINFO [0m:      Sent reply
[92mINFO [0m:      
[92mINFO [0m:      Received: evaluate message e3998bdb-1b7c-45fd-84fa-29fb33b5b34e
[92mINFO [0m:      Sent reply
[92mINFO [0m:      
[92mINFO [0m:      Received: train message 277cd876-2b23-4764-a0cb-4f4a57e33e48
[92mINFO [0m:      Sent reply
[92mINFO [0m:      
[92mINFO [0m:      Received: evaluate message 9fdee161-f08f-4a3e-b71f-dc63640a6e1f
[92mINFO [0m:      Sent reply
[92mINFO [0m:      
[92mINFO [0m:      Received: train message b511f43b-626a-4e7f-8f8f-a52ca772482e
[92mINFO [0m:      Sent reply
[92mINFO [0m:      
[92mINFO [0m:      Received: evaluate message 198621a5-eb3e-42de-becc-0a94b83ecdd4
[92mINFO [0m:      Sent reply
[92mINFO [0m:      
[92mINFO [0m:      Received: train message c4db4d6c-b290-4f03-b830-5e924286dc7c
[92mINFO [0m:      Sent reply
[92mINFO [0m:      
[92mINFO [0m:      Received: evaluate message 085f1a27-d2c6-4e14-ac8c-9269fd2c6960
[92mINFO [0m:      Sent reply
[92mINFO [0m:      
[92mINFO [0m:      Received: train message a4cba66b-f8c0-4569-8fb2-24b0ce462755
[92mINFO [0m:      Sent reply
[92mINFO [0m:      
[92mINFO [0m:      Received: evaluate message b0e35ff9-5d8b-4309-8265-542b639eb2c1
[92mINFO [0m:      Sent reply
[92mINFO [0m:      
[92mINFO [0m:      Received: train message 739b1583-5757-44a3-9447-a0364449c45e
[92mINFO [0m:      Sent reply
[92mINFO [0m:      
[92mINFO [0m:      Received: evaluate message f43e211b-21b7-4a90-97f5-332db2a87f83
[92mINFO [0m:      Sent reply
[92mINFO [0m:      
[92mINFO [0m:      Received: train message 3b98e806-6fdc-4359-83d8-93999f17326a
[92mINFO [0m:      Sent reply
[92mINFO [0m:      
[92mINFO [0m:      Received: evaluate message 433db59e-267a-4d57-8d1c-9b54f1e409de
[92mINFO [0m:      Sent reply
[92mINFO [0m:      
[92mINFO [0m:      Received: train message 6866e154-3ed0-4660-9996-472183fc0620
[92mINFO [0m:      Sent reply
[92mINFO [0m:      
[92mINFO [0m:      Received: evaluate message 512c0fc8-629e-40ce-b4b0-ba4b9ecffc0f
[92mINFO [0m:      Sent reply
[92mINFO [0m:      
[92mINFO [0m:      Received: train message 841b458f-cfc0-4057-9041-2406839b6b48
[92mINFO [0m:      Sent reply
[92mINFO [0m:      
[92mINFO [0m:      Received: evaluate message 84e30b66-8027-48ef-8535-0a93d60a3901
[92mINFO [0m:      Sent reply
[92mINFO [0m:      
[92mINFO [0m:      Received: train message 9e9327b1-88d4-49e0-b2f9-59cecf1241c2
[92mINFO [0m:      Sent reply
[92mINFO [0m:      
[92mINFO [0m:      Received: evaluate message b455ba0d-84f4-4842-935c-332919030cc2
[92mINFO [0m:      Sent reply
[92mINFO [0m:      
[92mINFO [0m:      Received: train message 62fb6be1-3a5f-4d15-89df-04bd0ede986e
[92mINFO [0m:      Sent reply
[92mINFO [0m:      
[92mINFO [0m:      Received: evaluate message 63c71f42-3686-41f5-8140-964bd8663345
[92mINFO [0m:      Sent reply
[92mINFO [0m:      
[92mINFO [0m:      Received: train message c653545c-91fe-4e1e-9f79-6fd8b8cdd8ff
[92mINFO [0m:      Sent reply
[92mINFO [0m:      
[92mINFO [0m:      Received: evaluate message 34011803-f518-4dee-b26a-8baffb08cb0f
[92mINFO [0m:      Sent reply
[92mINFO [0m:      
[92mINFO [0m:      Received: train message f68468a2-3f25-40d1-a868-827526c4036b
[92mINFO [0m:      Sent reply
[92mINFO [0m:      
[92mINFO [0m:      Received: evaluate message 342e6a1a-ee03-45fc-9056-2aad17dc1ed1
[92mINFO [0m:      Sent reply
[92mINFO [0m:      
[92mINFO [0m:      Received: train message 999473e5-7b87-42ac-a935-f143963cc0e4
[92mINFO [0m:      Sent reply
[92mINFO [0m:      
[92mINFO [0m:      Received: evaluate message 454d72fa-6f91-4fdc-9a0b-8a2aa167d8b0
[92mINFO [0m:      Sent reply
[92mINFO [0m:      
[92mINFO [0m:      Received: train message 58b47711-6d7c-4d8a-8a1f-fdf9f56ba7ca
[92mINFO [0m:      Sent reply
[92mINFO [0m:      
[92mINFO [0m:      Received: evaluate message 4bc546f7-62f4-4ca6-b049-0193194ad7d6
[92mINFO [0m:      Sent reply
[92mINFO [0m:      
[92mINFO [0m:      Received: train message fdfbbd05-6206-4547-9066-1a04331f8fd9
[92mINFO [0m:      Sent reply
[92mINFO [0m:      
[92mINFO [0m:      Received: evaluate message 84bfbf97-89d6-40eb-8fa6-ce92c29358d9
[92mINFO [0m:      Sent reply
[92mINFO [0m:      
[92mINFO [0m:      Received: train message c23f8ced-3b0a-49cc-b789-c7de0b287084
[92mINFO [0m:      Sent reply
[92mINFO [0m:      
[92mINFO [0m:      Received: evaluate message 8d52baf9-0f03-4474-a178-a823b6a3280d
[92mINFO [0m:      Sent reply
[92mINFO [0m:      
[92mINFO [0m:      Received: train message db56b4c5-3584-42f8-b2b7-be8f68a319dd
[92mINFO [0m:      Sent reply
[92mINFO [0m:      
[92mINFO [0m:      Received: evaluate message 3413158a-1ee9-4dd1-a6aa-acad217a63a3
[92mINFO [0m:      Sent reply
[92mINFO [0m:      
[92mINFO [0m:      Received: train message 4af4ee4a-e044-433e-ba9f-4a6e478f906f
[92mINFO [0m:      Sent reply
[92mINFO [0m:      
[92mINFO [0m:      Received: evaluate message 5cf5c76d-8bd5-4113-a26f-36d67698f7d8
[92mINFO [0m:      Sent reply
[92mINFO [0m:      
[92mINFO [0m:      Received: train message 10ebd0c1-e28e-40b3-b375-eff920957037
[92mINFO [0m:      Sent reply
[92mINFO [0m:      
[92mINFO [0m:      Received: evaluate message 7ddb2288-a6ee-41e6-a6a5-f07f29d15ee5
[92mINFO [0m:      Sent reply
[92mINFO [0m:      
[92mINFO [0m:      Received: train message e3c4c283-61d5-41bf-8d1d-f0054e7ccdac
[92mINFO [0m:      Sent reply
[92mINFO [0m:      
[92mINFO [0m:      Received: evaluate message 557567c2-0f6e-4c11-b05f-2cd3427c8260
[92mINFO [0m:      Sent reply
[92mINFO [0m:      
[92mINFO [0m:      Received: train message 34f4cce0-f5ac-47f7-8327-fc88a819883c
[92mINFO [0m:      Sent reply
[92mINFO [0m:      
[92mINFO [0m:      Received: evaluate message 977aeaa4-fadb-4325-9633-9597e4a818c8
[92mINFO [0m:      Sent reply
[92mINFO [0m:      
[92mINFO [0m:      Received: train message 17dcfe5d-5584-45b1-a3c8-419c44367878
[92mINFO [0m:      Sent reply
[92mINFO [0m:      
[92mINFO [0m:      Received: evaluate message 9824a32f-391e-4c8a-9136-7ae99d77fe54
[92mINFO [0m:      Sent reply
[92mINFO [0m:      
[92mINFO [0m:      Received: train message 73baa50d-3b2a-4500-8662-fdd23899e468
[92mINFO [0m:      Sent reply
[92mINFO [0m:      
[92mINFO [0m:      Received: evaluate message 660253fb-1b17-4220-8f4e-bca956a7e2a0
[92mINFO [0m:      Sent reply
[92mINFO [0m:      
[92mINFO [0m:      Received: train message 0ae147a3-e503-4a31-b553-90b2e29f53e6
[92mINFO [0m:      Sent reply
[92mINFO [0m:      
[92mINFO [0m:      Received: evaluate message 61063f9a-7804-4a4d-b48b-597abe943ee8
[92mINFO [0m:      Sent reply
[92mINFO [0m:      
[92mINFO [0m:      Received: train message aff2641c-5fcf-49dc-b627-56ad5a21fe28
[92mINFO [0m:      Sent reply
[92mINFO [0m:      
[92mINFO [0m:      Received: evaluate message 81d6361a-2a4a-4f96-9a19-1674c5309567
[92mINFO [0m:      Sent reply
[92mINFO [0m:      
[92mINFO [0m:      Received: train message 8fd7601e-7123-4ba5-941b-832875baf00b
[92mINFO [0m:      Sent reply
[92mINFO [0m:      
[92mINFO [0m:      Received: evaluate message 2825a35a-655d-4376-8d90-92b6926a33c0
[92mINFO [0m:      Sent reply
[92mINFO [0m:      
[92mINFO [0m:      Received: train message 53028c82-6625-4d92-adfb-c82f87e200c5
[92mINFO [0m:      Sent reply
[92mINFO [0m:      
[92mINFO [0m:      Received: evaluate message 014fa62c-5ca0-4343-bbb3-370fe69d283c
[92mINFO [0m:      Sent reply
[92mINFO [0m:      
[92mINFO [0m:      Received: train message 444d693f-71e9-4aab-bd3b-401f3a7b65bf
[92mINFO [0m:      Sent reply
[92mINFO [0m:      
[92mINFO [0m:      Received: evaluate message 3f0ddfc2-7472-448e-b11b-865574970c84
[92mINFO [0m:      Sent reply
[92mINFO [0m:      
[92mINFO [0m:      Received: train message c37467c8-0e9f-42b5-89cd-e79adfa9c0ed
[92mINFO [0m:      Sent reply
[92mINFO [0m:      
[92mINFO [0m:      Received: evaluate message adb268b8-967d-44b3-b7d5-c5c2b89df942
[92mINFO [0m:      Sent reply
[92mINFO [0m:      
[92mINFO [0m:      Received: train message 20228e3c-5a1f-4e59-af48-97bfde2cadcf
[92mINFO [0m:      Sent reply
[92mINFO [0m:      
[92mINFO [0m:      Received: evaluate message 8ba4b9ad-fb68-4603-8b20-0df5301cebd3
[92mINFO [0m:      Sent reply
[92mINFO [0m:      
[92mINFO [0m:      Received: train message 0e3564ac-c3f6-47e2-a48b-51465d5fd2a3
[92mINFO [0m:      Sent reply
[92mINFO [0m:      
[92mINFO [0m:      Received: evaluate message 1d158d8d-3d79-4c7c-a5b1-6d440c383387
[92mINFO [0m:      Sent reply
[92mINFO [0m:      
[92mINFO [0m:      Received: train message 885409a2-223c-4020-9321-57396bf9f1dc
[92mINFO [0m:      Sent reply
[92mINFO [0m:      
[92mINFO [0m:      Received: evaluate message ea87fe39-2f94-404c-a270-716ab0caacd4
[92mINFO [0m:      Sent reply
[92mINFO [0m:      
[92mINFO [0m:      Received: train message 1a33b3ef-2a23-41e6-a938-d73bcff2d3fa
[92mINFO [0m:      Sent reply
[92mINFO [0m:      
[92mINFO [0m:      Received: evaluate message 5bef3b56-fbbd-4d99-8879-41c1faf3d35c
[92mINFO [0m:      Sent reply
[92mINFO [0m:      
[92mINFO [0m:      Received: train message ed67c4d0-964b-4e0e-96b0-0e098ec75464
[92mINFO [0m:      Sent reply
[92mINFO [0m:      
[92mINFO [0m:      Received: evaluate message b4f341d9-93ed-4bff-b807-37dcb3dc5295
[92mINFO [0m:      Sent reply
[92mINFO [0m:      
[92mINFO [0m:      Received: train message 7012b24c-c6d0-45e1-b75e-cfb3571c310b
[92mINFO [0m:      Sent reply
[92mINFO [0m:      
[92mINFO [0m:      Received: evaluate message eb28b5fd-b2bf-4f05-be2f-d175b0078632
[92mINFO [0m:      Sent reply
[92mINFO [0m:      
[92mINFO [0m:      Received: train message b0bf34dd-d17c-4b69-a7ab-44dcceb96b69
[92mINFO [0m:      Sent reply
[92mINFO [0m:      
[92mINFO [0m:      Received: evaluate message a9ea73e0-3338-4c27-8662-85e87d791e28
[92mINFO [0m:      Sent reply
[92mINFO [0m:      
[92mINFO [0m:      Received: train message 55e33617-02bd-4e04-a9a9-27ddbab3ecfc
[92mINFO [0m:      Sent reply
[92mINFO [0m:      
[92mINFO [0m:      Received: evaluate message c2b01f04-cc7d-4a51-a6d8-ac8ca40ba843
[92mINFO [0m:      Sent reply
[92mINFO [0m:      
[92mINFO [0m:      Received: train message 3c6031ec-b28b-4cdf-aa6a-7151808e74dc
[92mINFO [0m:      Sent reply
[92mINFO [0m:      
[92mINFO [0m:      Received: evaluate message c4b0bf62-1a71-460e-b2dc-c65169efd6db
[92mINFO [0m:      Sent reply
[92mINFO [0m:      
[92mINFO [0m:      Received: train message e7786943-e4ab-4151-a24a-cc55444a7e6c
[92mINFO [0m:      Sent reply
[92mINFO [0m:      
[92mINFO [0m:      Received: evaluate message 69d154e5-ec97-4420-bfb3-b5a96c3e015d
[92mINFO [0m:      Sent reply
[92mINFO [0m:      
[92mINFO [0m:      Received: train message 3ec506b5-18db-4155-9e8c-75f2eb77a87b
[92mINFO [0m:      Sent reply
[92mINFO [0m:      
[92mINFO [0m:      Received: evaluate message 0243519b-17ee-466f-86ac-36b7a1400570
[92mINFO [0m:      Sent reply
[92mINFO [0m:      
[92mINFO [0m:      Received: train message a2707c43-47dc-4724-83b4-bf0642535b46
[92mINFO [0m:      Sent reply
[92mINFO [0m:      
[92mINFO [0m:      Received: evaluate message 5cf84f7b-47ca-47af-a480-c26dfa00d045
[92mINFO [0m:      Sent reply
[92mINFO [0m:      
[92mINFO [0m:      Received: train message cd32cab7-73be-4471-88de-b2bd068fdb55
[92mINFO [0m:      Sent reply
[92mINFO [0m:      
[92mINFO [0m:      Received: evaluate message d4496db6-0254-43e5-a304-6eb09921cc1d
[92mINFO [0m:      Sent reply
[92mINFO [0m:      
[92mINFO [0m:      Received: train message 2c01b058-7408-4d9e-a0f2-5c1f428f2cd1
[92mINFO [0m:      Sent reply
[92mINFO [0m:      
[92mINFO [0m:      Received: evaluate message 677a37a6-0506-4784-810d-e1dd5220bf49
[92mINFO [0m:      Sent reply
[92mINFO [0m:      
[92mINFO [0m:      Received: train message f0ee5bd5-fe43-4e67-8f23-48c6fb9bfb5d
[92mINFO [0m:      Sent reply
[92mINFO [0m:      
[92mINFO [0m:      Received: evaluate message 4a14ec60-c2b9-4909-af17-7e44d0e041d9
[92mINFO [0m:      Sent reply
[92mINFO [0m:      
[92mINFO [0m:      Received: train message 0d6e571b-840f-4cac-ae3c-2d185c8e6ca0
[92mINFO [0m:      Sent reply
[92mINFO [0m:      
[92mINFO [0m:      Received: evaluate message fbb25e54-13d8-4a3f-909d-833c69128b07
[92mINFO [0m:      Sent reply
[92mINFO [0m:      
[92mINFO [0m:      Received: reconnect message 73915c4d-fbb6-414b-b8cc-8bf71ea49f31
[92mINFO [0m:      Disconnect and shut down
