[93mWARNING [0m:   DEPRECATED FEATURE: flwr.client.start_client() is deprecated.
	Instead, use the `flower-supernode` CLI command to start a SuperNode as shown below:

		$ flower-supernode --insecure --superlink='<IP>:<PORT>'

	To view all available options, run:

		$ flower-supernode --help

	Using `start_client()` is deprecated.

            This is a deprecated feature. It will be removed
            entirely in future versions of Flower.
        
[92mINFO [0m:      
[92mINFO [0m:      Received: train message 0069a9d1-7de3-4efb-a21c-dea35fa61794
[92mINFO [0m:      Sent reply
[92mINFO [0m:      
[92mINFO [0m:      Received: evaluate message f36f4c8e-8a9d-47e8-8e6b-c24538368fac
[92mINFO [0m:      Sent reply
[92mINFO [0m:      
[92mINFO [0m:      Received: train message bdabb47e-d886-4b5f-841c-e1e279ac3e1d
[92mINFO [0m:      Sent reply
[92mINFO [0m:      
[92mINFO [0m:      Received: evaluate message 6e981259-e8c8-437b-b261-eb75cba08bd5
[92mINFO [0m:      Sent reply
[92mINFO [0m:      
[92mINFO [0m:      Received: train message b744785c-f9bf-4092-9e96-6b9c69a6c33d
[92mINFO [0m:      Sent reply
[92mINFO [0m:      
[92mINFO [0m:      Received: evaluate message 422bd51a-1f93-434c-a4c9-45a40b2b1c51
[92mINFO [0m:      Sent reply
[92mINFO [0m:      
[92mINFO [0m:      Received: train message ef4c2155-6906-4ff2-a455-6080cceed2d7
[92mINFO [0m:      Sent reply
[92mINFO [0m:      
[92mINFO [0m:      Received: evaluate message 713ae18e-02e4-4c9b-949f-2540915017eb
[92mINFO [0m:      Sent reply
[92mINFO [0m:      
[92mINFO [0m:      Received: train message 16512abc-38ab-4163-b26f-643af04e2376
[92mINFO [0m:      Sent reply
[92mINFO [0m:      
[92mINFO [0m:      Received: evaluate message fce543e2-831b-467c-9843-87334460cb72
[92mINFO [0m:      Sent reply
[92mINFO [0m:      
[92mINFO [0m:      Received: train message 17e6cadb-9480-4ac3-847a-db90666973ba
[92mINFO [0m:      Sent reply
[92mINFO [0m:      
[92mINFO [0m:      Received: evaluate message 28631246-b36f-41d3-b000-c12e362a40dd
[92mINFO [0m:      Sent reply
[92mINFO [0m:      
[92mINFO [0m:      Received: train message 928c74b5-270a-4d3c-8ec8-62e60a89df01
[92mINFO [0m:      Sent reply
[92mINFO [0m:      
[92mINFO [0m:      Received: evaluate message 2a150565-62ee-4022-8cb0-83a91e475e68
[92mINFO [0m:      Sent reply
[92mINFO [0m:      
[92mINFO [0m:      Received: train message 388b72c7-df2d-4082-bcf7-49842e7d7d76
[92mINFO [0m:      Sent reply
[92mINFO [0m:      
[92mINFO [0m:      Received: evaluate message 38f077bf-ec13-4b52-94b4-1b33417c854d
[92mINFO [0m:      Sent reply
[92mINFO [0m:      
[92mINFO [0m:      Received: train message ad12e56e-128b-484b-8602-95c7ee4c0d90
[92mINFO [0m:      Sent reply
[92mINFO [0m:      
[92mINFO [0m:      Received: evaluate message de717a5e-0ecd-480c-821b-902193d2f40b
[92mINFO [0m:      Sent reply
[92mINFO [0m:      
[92mINFO [0m:      Received: train message e63b88df-df2a-4eea-a99c-929689e46878
[92mINFO [0m:      Sent reply
[92mINFO [0m:      
[92mINFO [0m:      Received: evaluate message 2125b4f8-03c5-485d-8190-be1f1ef1f811
[92mINFO [0m:      Sent reply
[92mINFO [0m:      
[92mINFO [0m:      Received: train message 638aaa8b-82fe-45d1-87eb-0583301c7ef1
[92mINFO [0m:      Sent reply
[92mINFO [0m:      
[92mINFO [0m:      Received: evaluate message 91a3e615-3ea7-4efd-beb6-15a725a1eea8
[92mINFO [0m:      Sent reply
[92mINFO [0m:      
[92mINFO [0m:      Received: train message ac6e98d3-f7cf-4824-9d49-fde93ec712bc
[92mINFO [0m:      Sent reply
[92mINFO [0m:      
[92mINFO [0m:      Received: evaluate message 999a38ae-7697-4c41-8eda-0942cfbc6746
[92mINFO [0m:      Sent reply
[92mINFO [0m:      
[92mINFO [0m:      Received: train message c32769a8-ec2e-4dc9-a794-1a3e1659206a
[92mINFO [0m:      Sent reply
[92mINFO [0m:      
[92mINFO [0m:      Received: evaluate message 7a82ee83-fe69-48b7-a968-f1df6b00984a
[92mINFO [0m:      Sent reply
[92mINFO [0m:      
[92mINFO [0m:      Received: train message 30e7cf29-c48d-475c-9a86-ca19af0a5f7d
[92mINFO [0m:      Sent reply
[92mINFO [0m:      
[92mINFO [0m:      Received: evaluate message 1e8d7b59-1ab6-4f34-826d-0c89415d9eef
[92mINFO [0m:      Sent reply
[92mINFO [0m:      
[92mINFO [0m:      Received: train message c5348862-30af-4034-88af-54707edf3c1d
[92mINFO [0m:      Sent reply
[92mINFO [0m:      
[92mINFO [0m:      Received: evaluate message 86d2251d-3b05-40cd-9deb-a6b4d8fe7106
[92mINFO [0m:      Sent reply
[92mINFO [0m:      
[92mINFO [0m:      Received: train message cbd79611-8453-42c8-a183-8335649e4085
[92mINFO [0m:      Sent reply
[92mINFO [0m:      
[92mINFO [0m:      Received: evaluate message 0dba7032-fc9c-4669-b088-7aa4b1a99434
[92mINFO [0m:      Sent reply
[92mINFO [0m:      
[92mINFO [0m:      Received: train message 2cda4eb8-107c-4795-a829-e5f83bc9896b
[92mINFO [0m:      Sent reply
[92mINFO [0m:      
[92mINFO [0m:      Received: evaluate message d53219ca-13e6-4bca-85a4-16b60851c40b
[92mINFO [0m:      Sent reply
[92mINFO [0m:      
[92mINFO [0m:      Received: train message ff23ebdb-d91b-4369-8b0e-6652e1f68a16
[92mINFO [0m:      Sent reply
[92mINFO [0m:      
[92mINFO [0m:      Received: evaluate message 65c58b20-1d3c-453f-ba5d-750136eaa9c1
[92mINFO [0m:      Sent reply
[92mINFO [0m:      
[92mINFO [0m:      Received: train message adfb6cfc-400f-421d-81f0-b949161ba61d
[92mINFO [0m:      Sent reply
[92mINFO [0m:      
[92mINFO [0m:      Received: evaluate message 1bbb9713-bdff-4e22-8b5e-f5b908fae64b
[92mINFO [0m:      Sent reply
[92mINFO [0m:      
[92mINFO [0m:      Received: train message 17196399-df89-4f42-9552-3e8a08c200f9
[92mINFO [0m:      Sent reply
[92mINFO [0m:      
[92mINFO [0m:      Received: evaluate message b612115b-c1d4-4a6b-880d-ebbe0452e67a
[92mINFO [0m:      Sent reply
[92mINFO [0m:      
[92mINFO [0m:      Received: train message fe6e3aea-1f64-438e-9f2b-ec19722e005a
[92mINFO [0m:      Sent reply
[92mINFO [0m:      
[92mINFO [0m:      Received: evaluate message ff29efde-631e-49e3-9529-2d3008eec681
[92mINFO [0m:      Sent reply
[92mINFO [0m:      
[92mINFO [0m:      Received: train message 3a6de6ef-76b5-4612-bdca-ed62a6bf5cc7
[92mINFO [0m:      Sent reply
[92mINFO [0m:      
[92mINFO [0m:      Received: evaluate message 0813ac47-54fb-4123-a949-51074fbcd1c0
[92mINFO [0m:      Sent reply
[92mINFO [0m:      
[92mINFO [0m:      Received: train message e5f70a99-7faf-448c-a7cf-baa166cfd166
[92mINFO [0m:      Sent reply
[92mINFO [0m:      
[92mINFO [0m:      Received: evaluate message c45063b1-96f2-4a16-9613-a04f8396a329
[92mINFO [0m:      Sent reply
[92mINFO [0m:      
[92mINFO [0m:      Received: train message 89f8cf1b-e100-4297-ba0e-a580df6f6df9
[92mINFO [0m:      Sent reply
[92mINFO [0m:      
[92mINFO [0m:      Received: evaluate message 3870dd15-9b81-494f-8b59-d037055c2b6b
[92mINFO [0m:      Sent reply
[92mINFO [0m:      
[92mINFO [0m:      Received: train message d27bc2b1-fdf0-48e4-87c9-43d00d63021a
[92mINFO [0m:      Sent reply
[92mINFO [0m:      
[92mINFO [0m:      Received: evaluate message ed5d5393-c6d6-4faf-9948-626137b800e3
[92mINFO [0m:      Sent reply
[92mINFO [0m:      
[92mINFO [0m:      Received: train message 75ca1e5f-129c-4ad7-91b9-9aad04990670
[92mINFO [0m:      Sent reply
[92mINFO [0m:      
[92mINFO [0m:      Received: evaluate message c7174e21-b973-4428-b11b-05891834bb88
[92mINFO [0m:      Sent reply
[92mINFO [0m:      
[92mINFO [0m:      Received: train message 62a19062-484f-43c3-9100-d80f64599d1a
[92mINFO [0m:      Sent reply
[92mINFO [0m:      
[92mINFO [0m:      Received: evaluate message 984cfb9c-e277-4e63-9e37-f611b800264c
[92mINFO [0m:      Sent reply
[92mINFO [0m:      
[92mINFO [0m:      Received: train message e5cc707c-e119-45ca-b769-867e797e5eb0
[92mINFO [0m:      Sent reply
[92mINFO [0m:      
[92mINFO [0m:      Received: evaluate message 302de346-258c-45f4-8671-48b22d594047
[92mINFO [0m:      Sent reply
[92mINFO [0m:      
[92mINFO [0m:      Received: train message 58d603b9-ccbd-4989-9706-1198fb112994
[92mINFO [0m:      Sent reply
[92mINFO [0m:      
[92mINFO [0m:      Received: evaluate message 3e1d43f1-b6c6-4fb2-86dc-e0141aa904ff
[92mINFO [0m:      Sent reply
[92mINFO [0m:      
[92mINFO [0m:      Received: train message 391af68c-4e62-4da8-afae-1017aa6bc24a
[92mINFO [0m:      Sent reply
[92mINFO [0m:      
[92mINFO [0m:      Received: evaluate message 57dc329e-85cc-4694-b8f5-27455f385fb7
[92mINFO [0m:      Sent reply
[92mINFO [0m:      
[92mINFO [0m:      Received: train message bf82c5c6-fe2c-4c8d-a946-2096686ee2f0
[92mINFO [0m:      Sent reply
[92mINFO [0m:      
[92mINFO [0m:      Received: evaluate message 7b64bae1-0216-40c6-b8b9-009e2b1ef6d9
[92mINFO [0m:      Sent reply
[92mINFO [0m:      
[92mINFO [0m:      Received: train message 7dd72700-4e81-4efb-b691-818efc47ab41
[92mINFO [0m:      Sent reply
[92mINFO [0m:      
[92mINFO [0m:      Received: evaluate message b2049918-3108-492e-8bc1-134dbc341ab3
[92mINFO [0m:      Sent reply
[92mINFO [0m:      
[92mINFO [0m:      Received: train message c2e75f53-97f4-4eec-94b6-669a4c8a3b38
[92mINFO [0m:      Sent reply
[92mINFO [0m:      
[92mINFO [0m:      Received: evaluate message 47b4673f-2c39-4af6-90d1-1a4d16a63e81
[92mINFO [0m:      Sent reply
[92mINFO [0m:      
[92mINFO [0m:      Received: train message 6d8628c0-4fa8-451c-904c-e93db9291ea8
[92mINFO [0m:      Sent reply
[92mINFO [0m:      
[92mINFO [0m:      Received: evaluate message 789e9e65-d461-4e82-9d5b-8bf18f9dd40f
[92mINFO [0m:      Sent reply
[92mINFO [0m:      
[92mINFO [0m:      Received: train message 5a92b6c5-8a55-4a23-b701-49f29147bb1a
[92mINFO [0m:      Sent reply
[92mINFO [0m:      
[92mINFO [0m:      Received: evaluate message b10292cf-f068-478d-9e9d-4122511e5ff2
[92mINFO [0m:      Sent reply
[92mINFO [0m:      
[92mINFO [0m:      Received: train message 93e145a9-58d2-43df-b289-d1e8a588ed69
[92mINFO [0m:      Sent reply
[92mINFO [0m:      
[92mINFO [0m:      Received: evaluate message d169b22a-cb69-47fd-8643-7f2f18329cff
[92mINFO [0m:      Sent reply
[92mINFO [0m:      
[92mINFO [0m:      Received: train message 64a2abfd-2221-4011-b3ae-3d7f46b811fe
[92mINFO [0m:      Sent reply
[92mINFO [0m:      
[92mINFO [0m:      Received: evaluate message 64cb0dd2-3558-4bf5-b7aa-9c8ebd3b1bb6
[92mINFO [0m:      Sent reply
[92mINFO [0m:      
[92mINFO [0m:      Received: train message 59295f1e-aa2c-4375-86ab-97dd408d684e
[92mINFO [0m:      Sent reply
[92mINFO [0m:      
[92mINFO [0m:      Received: evaluate message 9e545aa4-ae13-4ac8-a0ee-d8dc1f82b72c
[92mINFO [0m:      Sent reply
[92mINFO [0m:      
[92mINFO [0m:      Received: train message 8172a32c-0ec5-4e3e-b3d0-2d8e61dd6531
[92mINFO [0m:      Sent reply
[92mINFO [0m:      
[92mINFO [0m:      Received: evaluate message 92e57715-a8c0-4904-8c43-7cd7b61f6192
[92mINFO [0m:      Sent reply
[92mINFO [0m:      
[92mINFO [0m:      Received: train message 9f6426b9-fe9a-4b90-94bc-704b3261eeb7
[92mINFO [0m:      Sent reply
[92mINFO [0m:      
[92mINFO [0m:      Received: evaluate message 36a74286-e20d-4cb5-80ad-dd5a26aa2267
[92mINFO [0m:      Sent reply
[92mINFO [0m:      
[92mINFO [0m:      Received: train message 835711a6-d691-40bc-97be-e87c46f0d35e
[92mINFO [0m:      Sent reply
[92mINFO [0m:      
[92mINFO [0m:      Received: evaluate message 3b487c25-ce98-4088-ac99-2e763cefb385
[92mINFO [0m:      Sent reply
[92mINFO [0m:      
[92mINFO [0m:      Received: train message 5da1a234-7001-430d-a5d3-93610e6a2525
[92mINFO [0m:      Sent reply
[92mINFO [0m:      
[92mINFO [0m:      Received: evaluate message c539c27d-81cb-4549-b2e1-f43fd0253d97
[92mINFO [0m:      Sent reply
[92mINFO [0m:      
[92mINFO [0m:      Received: train message 7968c3c4-b49d-4340-8528-0108bb4f5e13
[92mINFO [0m:      Sent reply
[92mINFO [0m:      
[92mINFO [0m:      Received: evaluate message 85a8a9c8-0815-4b69-b37c-e37f667fabc9
[92mINFO [0m:      Sent reply
[92mINFO [0m:      
[92mINFO [0m:      Received: train message c9dc9d8a-937b-4adf-b134-1d7c33570143
[92mINFO [0m:      Sent reply
[92mINFO [0m:      
[92mINFO [0m:      Received: evaluate message bc9b4c48-2515-4f7a-8904-05cc1059d8cb
[92mINFO [0m:      Sent reply
[92mINFO [0m:      
[92mINFO [0m:      Received: train message c09a8ce0-caa2-48a3-bd14-61758f107d88
[92mINFO [0m:      Sent reply
[92mINFO [0m:      
[92mINFO [0m:      Received: evaluate message 0093bf20-9107-41c6-89bf-c715b85735df
[92mINFO [0m:      Sent reply
[92mINFO [0m:      
[92mINFO [0m:      Received: train message 2400e748-65bf-4dab-bc32-baeff76c01a8
[92mINFO [0m:      Sent reply
[92mINFO [0m:      
[92mINFO [0m:      Received: evaluate message a3e3fef6-c937-443e-b6f6-7dfb305cde56
[92mINFO [0m:      Sent reply
[92mINFO [0m:      
[92mINFO [0m:      Received: train message 812d33cb-6d8f-4726-ab25-2e55baa4a172
[92mINFO [0m:      Sent reply
[92mINFO [0m:      
[92mINFO [0m:      Received: evaluate message ce0863b1-c999-43e8-b17e-41b4c0e6f4cd
[92mINFO [0m:      Sent reply
[92mINFO [0m:      
[92mINFO [0m:      Received: train message e7bc9b9e-b92d-4146-90bb-bddb5ddaa1aa
[92mINFO [0m:      Sent reply
[92mINFO [0m:      
[92mINFO [0m:      Received: evaluate message 4c8b2910-1527-4947-a0bf-4972385d690c
[92mINFO [0m:      Sent reply
[92mINFO [0m:      
[92mINFO [0m:      Received: train message 60f57e99-ca1e-4e61-b81e-425e7c93b605
[92mINFO [0m:      Sent reply
[92mINFO [0m:      
[92mINFO [0m:      Received: evaluate message 6af43786-aea0-4f92-b223-ed15239aa814
[92mINFO [0m:      Sent reply
[92mINFO [0m:      
[92mINFO [0m:      Received: train message 21aab257-751e-4c27-acab-a82098290dfb
[92mINFO [0m:      Sent reply
[92mINFO [0m:      
[92mINFO [0m:      Received: evaluate message f4695804-4e51-44d1-94f1-76a9eac4ce7c
[92mINFO [0m:      Sent reply
[92mINFO [0m:      
[92mINFO [0m:      Received: reconnect message a366d250-a0a7-4eee-ba67-0f52be9b2d6e
[92mINFO [0m:      Disconnect and shut down
