[93mWARNING [0m:   DEPRECATED FEATURE: flwr.client.start_client() is deprecated.
	Instead, use the `flower-supernode` CLI command to start a SuperNode as shown below:

		$ flower-supernode --insecure --superlink='<IP>:<PORT>'

	To view all available options, run:

		$ flower-supernode --help

	Using `start_client()` is deprecated.

            This is a deprecated feature. It will be removed
            entirely in future versions of Flower.
        
[92mINFO [0m:      
[92mINFO [0m:      Received: train message 5c5c660b-3d0d-46a2-9f43-c3d4b0955f7c
[92mINFO [0m:      Sent reply
[92mINFO [0m:      
[92mINFO [0m:      Received: evaluate message 5c8038b7-2174-4d7d-b031-f9ffbc1db57d
[92mINFO [0m:      Sent reply
[92mINFO [0m:      
[92mINFO [0m:      Received: train message 8b8de26d-0174-450f-98ff-a71a0344d847
[92mINFO [0m:      Sent reply
[92mINFO [0m:      
[92mINFO [0m:      Received: evaluate message 943537f4-7c14-427c-ab86-ead20203f508
[92mINFO [0m:      Sent reply
[92mINFO [0m:      
[92mINFO [0m:      Received: train message 7b365599-9108-4425-85ea-977688d978ff
[92mINFO [0m:      Sent reply
[92mINFO [0m:      
[92mINFO [0m:      Received: evaluate message 581685ad-d488-4c32-9dfb-b48086c24ade
[92mINFO [0m:      Sent reply
[92mINFO [0m:      
[92mINFO [0m:      Received: train message 2f85424c-8b89-4aeb-ab11-d813ec2814f8
[92mINFO [0m:      Sent reply
[92mINFO [0m:      
[92mINFO [0m:      Received: evaluate message d300df9c-f08f-4265-869a-131f0b35691e
[92mINFO [0m:      Sent reply
[92mINFO [0m:      
[92mINFO [0m:      Received: train message 7007aba2-39a9-4494-9bc1-0580bc6b8d1e
[92mINFO [0m:      Sent reply
[92mINFO [0m:      
[92mINFO [0m:      Received: evaluate message cf411659-5d57-4e03-95f8-a5310a4783c7
[92mINFO [0m:      Sent reply
[92mINFO [0m:      
[92mINFO [0m:      Received: train message 6c7b209f-0cd5-4214-b4e1-8c9c85f61b2d
[92mINFO [0m:      Sent reply
[92mINFO [0m:      
[92mINFO [0m:      Received: evaluate message a2ab078b-e02b-481f-a39a-d3a765a743ff
[92mINFO [0m:      Sent reply
[92mINFO [0m:      
[92mINFO [0m:      Received: train message 593dbaea-1b31-4b9f-b040-d82cb49491f6
[92mINFO [0m:      Sent reply
[92mINFO [0m:      
[92mINFO [0m:      Received: evaluate message d083031e-7024-4f22-928f-14cbaa65e3f6
[92mINFO [0m:      Sent reply
[92mINFO [0m:      
[92mINFO [0m:      Received: train message 452392df-798c-44b1-9199-2b1fdef3bae5
[92mINFO [0m:      Sent reply
[92mINFO [0m:      
[92mINFO [0m:      Received: evaluate message 30fd3b74-096f-44d5-86d4-b23024ef0d19
[92mINFO [0m:      Sent reply
[92mINFO [0m:      
[92mINFO [0m:      Received: train message 713b7f5c-bd1b-4966-a8fb-7c34193049f3
[92mINFO [0m:      Sent reply
[92mINFO [0m:      
[92mINFO [0m:      Received: evaluate message 3dd6b7d4-f65d-4cc2-8d1b-24280c97afb0
[92mINFO [0m:      Sent reply
[92mINFO [0m:      
[92mINFO [0m:      Received: train message 6319cc85-1806-4084-80ce-8d6f01c2faea
[92mINFO [0m:      Sent reply
[92mINFO [0m:      
[92mINFO [0m:      Received: evaluate message df2cb51c-3436-4003-a2b3-dacdae988fd0
[92mINFO [0m:      Sent reply
[92mINFO [0m:      
[92mINFO [0m:      Received: train message f80e6243-ddc3-4f03-83f7-0a2adb5f950f
[92mINFO [0m:      Sent reply
[92mINFO [0m:      
[92mINFO [0m:      Received: evaluate message 57cd9490-efac-4060-a1b1-f63192e3f270
[92mINFO [0m:      Sent reply
[92mINFO [0m:      
[92mINFO [0m:      Received: train message 3037a481-469f-40b2-a1bf-ea45be02a770
[92mINFO [0m:      Sent reply
[92mINFO [0m:      
[92mINFO [0m:      Received: evaluate message 50c0b51f-5070-41ef-b6da-4eebf7160eef
[92mINFO [0m:      Sent reply
[92mINFO [0m:      
[92mINFO [0m:      Received: train message 52767c9f-f911-496e-8b0b-6beff7a220e9
[92mINFO [0m:      Sent reply
[92mINFO [0m:      
[92mINFO [0m:      Received: evaluate message e45b750a-76d5-4832-9334-111f2d1de70f
[92mINFO [0m:      Sent reply
[92mINFO [0m:      
[92mINFO [0m:      Received: train message 7aadc3d8-12ae-4a44-8b20-91863455c9f1
[92mINFO [0m:      Sent reply
[92mINFO [0m:      
[92mINFO [0m:      Received: evaluate message 5d495f55-1a0e-4c8b-b3db-7eb4f6951d0a
[92mINFO [0m:      Sent reply
[92mINFO [0m:      
[92mINFO [0m:      Received: train message fa6ec74d-98c3-44ef-be74-edd3be6d8a52
[92mINFO [0m:      Sent reply
[92mINFO [0m:      
[92mINFO [0m:      Received: evaluate message 356e71fd-6a3b-48b6-9c97-6709f2d738ab
[92mINFO [0m:      Sent reply
[92mINFO [0m:      
[92mINFO [0m:      Received: train message 60e83d10-084c-4dc7-b243-63a008ea3ea8
[92mINFO [0m:      Sent reply
[92mINFO [0m:      
[92mINFO [0m:      Received: evaluate message 58fdb94b-15ff-49f3-8502-6e722f124442
[92mINFO [0m:      Sent reply
[92mINFO [0m:      
[92mINFO [0m:      Received: train message fcfb76be-6ae8-42ad-b740-31be0aa85489
[92mINFO [0m:      Sent reply
[92mINFO [0m:      
[92mINFO [0m:      Received: evaluate message 414439b2-aab3-47f7-a3c7-25ae231f2fac
[92mINFO [0m:      Sent reply
[92mINFO [0m:      
[92mINFO [0m:      Received: train message 37f46776-ba16-4bd0-9067-3062586652f6
[92mINFO [0m:      Sent reply
[92mINFO [0m:      
[92mINFO [0m:      Received: evaluate message a202a9cf-829f-4a5a-b12c-c2ea8ed24ae2
[92mINFO [0m:      Sent reply
[92mINFO [0m:      
[92mINFO [0m:      Received: train message 572a6553-67c9-486d-b35e-8ff72a8c0673
[92mINFO [0m:      Sent reply
[92mINFO [0m:      
[92mINFO [0m:      Received: evaluate message 92aa4618-0cad-46b7-a4a3-cbaff612f7cc
[92mINFO [0m:      Sent reply
[92mINFO [0m:      
[92mINFO [0m:      Received: train message 75b3f258-a39e-4a11-bf2f-1084f2894d76
[92mINFO [0m:      Sent reply
[92mINFO [0m:      
[92mINFO [0m:      Received: evaluate message ce713417-8575-48c9-a0bd-87ef82af673a
[92mINFO [0m:      Sent reply
[92mINFO [0m:      
[92mINFO [0m:      Received: train message df603039-2dd5-4e0a-a5a0-66cf33c53d3a
[92mINFO [0m:      Sent reply
[92mINFO [0m:      
[92mINFO [0m:      Received: evaluate message 5d461061-0f46-499f-a32a-6b9f86bb478c
[92mINFO [0m:      Sent reply
[92mINFO [0m:      
[92mINFO [0m:      Received: train message 39910288-c22d-4524-be9a-bbeb2931e40a
[92mINFO [0m:      Sent reply
[92mINFO [0m:      
[92mINFO [0m:      Received: evaluate message 61efba0e-0eb3-4f62-ba73-04d3e009331c
[92mINFO [0m:      Sent reply
[92mINFO [0m:      
[92mINFO [0m:      Received: train message 48e0e8be-9bb7-4486-a552-7999f876de62
[92mINFO [0m:      Sent reply
[92mINFO [0m:      
[92mINFO [0m:      Received: evaluate message 2fa69195-01fc-4042-aa3c-40aee8eac1f4
[92mINFO [0m:      Sent reply
[92mINFO [0m:      
[92mINFO [0m:      Received: train message 689803d5-c4e0-4618-b2d5-071c4ec4f966
[92mINFO [0m:      Sent reply
[92mINFO [0m:      
[92mINFO [0m:      Received: evaluate message 245b1ff5-8288-4d47-9267-5b4087da3e56
[92mINFO [0m:      Sent reply
[92mINFO [0m:      
[92mINFO [0m:      Received: train message e4746bdb-3d1f-43b8-ac7b-dc5013e4fb62
[92mINFO [0m:      Sent reply
[92mINFO [0m:      
[92mINFO [0m:      Received: evaluate message 86e12821-9eda-4164-9b66-3f666462dc53
[92mINFO [0m:      Sent reply
[92mINFO [0m:      
[92mINFO [0m:      Received: train message 94e4efd9-1d49-4a76-b1a4-3ea56dc176a4
[92mINFO [0m:      Sent reply
[92mINFO [0m:      
[92mINFO [0m:      Received: evaluate message 73d6b79d-f8cb-457d-8daf-286becce2255
[92mINFO [0m:      Sent reply
[92mINFO [0m:      
[92mINFO [0m:      Received: train message ce1a066d-513a-47b6-9c9a-b91d56431320
[92mINFO [0m:      Sent reply
[92mINFO [0m:      
[92mINFO [0m:      Received: evaluate message b51afa28-02a6-47f2-8bcd-f11d7fd82ece
[92mINFO [0m:      Sent reply
[92mINFO [0m:      
[92mINFO [0m:      Received: train message 56447d5c-6ee5-4f0a-9a67-f3ded80eaf97
[92mINFO [0m:      Sent reply
[92mINFO [0m:      
[92mINFO [0m:      Received: evaluate message c31d8622-9ad3-4d5f-becc-9d1aea471618
[92mINFO [0m:      Sent reply
[92mINFO [0m:      
[92mINFO [0m:      Received: train message 61285c79-ff2d-4c23-8446-aec76b296399
[92mINFO [0m:      Sent reply
[92mINFO [0m:      
[92mINFO [0m:      Received: evaluate message 0e3576f5-7014-4fde-9d28-e351c48b6555
[92mINFO [0m:      Sent reply
[92mINFO [0m:      
[92mINFO [0m:      Received: train message d9c8b82f-8b4b-4334-8d60-4d37c2ab8bf6
[92mINFO [0m:      Sent reply
[92mINFO [0m:      
[92mINFO [0m:      Received: evaluate message 6a227250-02ba-41fb-8281-c6231c2dbf7b
[92mINFO [0m:      Sent reply
[92mINFO [0m:      
[92mINFO [0m:      Received: train message 22156cd5-eff0-42cb-b447-7d5cc6dc14c7
[92mINFO [0m:      Sent reply
[92mINFO [0m:      
[92mINFO [0m:      Received: evaluate message 7975e15a-2365-4c5a-9386-ce26e618e48c
[92mINFO [0m:      Sent reply
[92mINFO [0m:      
[92mINFO [0m:      Received: train message 0d408f34-c271-4d37-bdfd-32e230f24ae4
[92mINFO [0m:      Sent reply
[92mINFO [0m:      
[92mINFO [0m:      Received: evaluate message 517de5b6-f447-4748-a688-ba5458e36a1d
[92mINFO [0m:      Sent reply
[92mINFO [0m:      
[92mINFO [0m:      Received: train message 8382f5bc-24fc-4465-8faf-cac40e66aab4
[92mINFO [0m:      Sent reply
[92mINFO [0m:      
[92mINFO [0m:      Received: evaluate message c19d18cc-781f-4a90-a172-aa2c402e9cb3
[92mINFO [0m:      Sent reply
[92mINFO [0m:      
[92mINFO [0m:      Received: train message 466ac26d-efa8-4327-b3fc-02eba380551e
[92mINFO [0m:      Sent reply
[92mINFO [0m:      
[92mINFO [0m:      Received: evaluate message 029ad079-d0c9-4f75-843e-3e976ae3d130
[92mINFO [0m:      Sent reply
[92mINFO [0m:      
[92mINFO [0m:      Received: train message a8465098-4ff5-4392-8bb5-78a9e24a30aa
[92mINFO [0m:      Sent reply
[92mINFO [0m:      
[92mINFO [0m:      Received: evaluate message b1226546-7660-4638-9971-94d2f0f41f7d
[92mINFO [0m:      Sent reply
[92mINFO [0m:      
[92mINFO [0m:      Received: train message 2d29687a-a889-4864-b045-33804f2508b7
[92mINFO [0m:      Sent reply
[92mINFO [0m:      
[92mINFO [0m:      Received: evaluate message 12bc49aa-13aa-4017-9683-3757ace0baf1
[92mINFO [0m:      Sent reply
[92mINFO [0m:      
[92mINFO [0m:      Received: train message 47150c55-6b88-4aae-b0a5-075eb9292e71
[92mINFO [0m:      Sent reply
[92mINFO [0m:      
[92mINFO [0m:      Received: evaluate message b210947a-dc86-44e4-8caf-f3ca695b6e8e
[92mINFO [0m:      Sent reply
[92mINFO [0m:      
[92mINFO [0m:      Received: train message bbf17197-6269-478c-a0b0-de5abbde2cbe
[92mINFO [0m:      Sent reply
[92mINFO [0m:      
[92mINFO [0m:      Received: evaluate message 3025dc29-af16-4de7-b5c4-280035c5cebb
[92mINFO [0m:      Sent reply
[92mINFO [0m:      
[92mINFO [0m:      Received: train message 5e7ecd1b-6459-4539-ac70-c7b6f9e86515
[92mINFO [0m:      Sent reply
[92mINFO [0m:      
[92mINFO [0m:      Received: evaluate message 93fd2d90-6da1-40b0-8cb5-f7093cb7403b
[92mINFO [0m:      Sent reply
[92mINFO [0m:      
[92mINFO [0m:      Received: train message efea5c9a-878a-4aa8-988b-056f0f71b645
[92mINFO [0m:      Sent reply
[92mINFO [0m:      
[92mINFO [0m:      Received: evaluate message ff9d1258-4b76-4213-a638-d4618bdff010
[92mINFO [0m:      Sent reply
[92mINFO [0m:      
[92mINFO [0m:      Received: train message eab3ecb5-7d37-4508-9536-55eefa2f0c3d
[92mINFO [0m:      Sent reply
[92mINFO [0m:      
[92mINFO [0m:      Received: evaluate message d1b2f92e-7153-45d4-9aa6-5a7971b7479b
[92mINFO [0m:      Sent reply
[92mINFO [0m:      
[92mINFO [0m:      Received: train message 219becca-f56e-4402-920e-29ffd7bf2789
[92mINFO [0m:      Sent reply
[92mINFO [0m:      
[92mINFO [0m:      Received: evaluate message 29017638-0e47-41fe-b987-0e27da74d1c0
[92mINFO [0m:      Sent reply
[92mINFO [0m:      
[92mINFO [0m:      Received: train message 835feda9-66db-4f2e-b227-7271bfe3994b
[92mINFO [0m:      Sent reply
[92mINFO [0m:      
[92mINFO [0m:      Received: evaluate message 2d99187c-2787-400b-97bd-89669c3b9239
[92mINFO [0m:      Sent reply
[92mINFO [0m:      
[92mINFO [0m:      Received: train message c48727b9-8198-4079-aa57-94ce3c5c0072
[92mINFO [0m:      Sent reply
[92mINFO [0m:      
[92mINFO [0m:      Received: evaluate message c82fab14-9ca0-4bfc-a6ab-e5c37a96f83d
[92mINFO [0m:      Sent reply
[92mINFO [0m:      
[92mINFO [0m:      Received: train message 5460ca18-50db-41bf-995e-b5ca6a743ae1
[92mINFO [0m:      Sent reply
[92mINFO [0m:      
[92mINFO [0m:      Received: evaluate message e8bd486b-c114-4bd6-b5cf-c86a087a938c
[92mINFO [0m:      Sent reply
[92mINFO [0m:      
[92mINFO [0m:      Received: train message 3f4be1bb-aaef-42f0-88bd-e699df9c64ed
[92mINFO [0m:      Sent reply
[92mINFO [0m:      
[92mINFO [0m:      Received: evaluate message c9ca8290-d0d6-4cac-ba00-62dc0479c3f2
[92mINFO [0m:      Sent reply
[92mINFO [0m:      
[92mINFO [0m:      Received: train message 168aa967-cdfc-434d-b122-c13299915be6
[92mINFO [0m:      Sent reply
[92mINFO [0m:      
[92mINFO [0m:      Received: evaluate message 58e42915-a781-4367-8b65-54454c1732ae
[92mINFO [0m:      Sent reply
[92mINFO [0m:      
[92mINFO [0m:      Received: train message 02d98367-3fe8-4622-90f0-4c032a66bf54
[92mINFO [0m:      Sent reply
[92mINFO [0m:      
[92mINFO [0m:      Received: evaluate message 3a68896e-d9a0-4547-8aa1-bb0eff43654a
[92mINFO [0m:      Sent reply
[92mINFO [0m:      
[92mINFO [0m:      Received: train message 5c02c414-31fa-4642-92ae-c560b04bd21a
[92mINFO [0m:      Sent reply
[92mINFO [0m:      
[92mINFO [0m:      Received: evaluate message b6f5f980-2a1c-44c2-9707-8568829d99fc
[92mINFO [0m:      Sent reply
[92mINFO [0m:      
[92mINFO [0m:      Received: train message 84da7205-12b4-49ab-a5c8-ac900164a1fa
[92mINFO [0m:      Sent reply
[92mINFO [0m:      
[92mINFO [0m:      Received: evaluate message 7e4844ce-aa7c-4708-968d-8138fdbd3c89
[92mINFO [0m:      Sent reply
[92mINFO [0m:      
[92mINFO [0m:      Received: reconnect message 278b10fb-4489-4d8b-a35e-bd4213d184eb
[92mINFO [0m:      Disconnect and shut down
