[93mWARNING [0m:   DEPRECATED FEATURE: flwr.client.start_client() is deprecated.
	Instead, use the `flower-supernode` CLI command to start a SuperNode as shown below:

		$ flower-supernode --insecure --superlink='<IP>:<PORT>'

	To view all available options, run:

		$ flower-supernode --help

	Using `start_client()` is deprecated.

            This is a deprecated feature. It will be removed
            entirely in future versions of Flower.
        
[92mINFO [0m:      
[92mINFO [0m:      Received: train message b9e6282b-8fd7-4653-aa88-49a432ba0e67
[92mINFO [0m:      Sent reply
[92mINFO [0m:      
[92mINFO [0m:      Received: evaluate message 6f87d049-18ee-4560-a233-b76e85d5c756
[92mINFO [0m:      Sent reply
[92mINFO [0m:      
[92mINFO [0m:      Received: train message 4b0530ad-8964-4c53-ad95-49322a3cbcf9
[92mINFO [0m:      Sent reply
[92mINFO [0m:      
[92mINFO [0m:      Received: evaluate message 8154f113-8831-4dae-a63e-811dd15dcb5d
[92mINFO [0m:      Sent reply
[92mINFO [0m:      
[92mINFO [0m:      Received: train message 5584db47-6185-4d3a-b9e2-4285461ef2c2
[92mINFO [0m:      Sent reply
[92mINFO [0m:      
[92mINFO [0m:      Received: evaluate message aca77240-e7df-41d6-81a1-dce2da0cbf3a
[92mINFO [0m:      Sent reply
[92mINFO [0m:      
[92mINFO [0m:      Received: train message d95c363b-3b7b-42dd-950f-eeb317e553c2
[92mINFO [0m:      Sent reply
[92mINFO [0m:      
[92mINFO [0m:      Received: evaluate message 8acdd526-ac99-4889-a1fe-c03c6d90e0a1
[92mINFO [0m:      Sent reply
[92mINFO [0m:      
[92mINFO [0m:      Received: train message 39459c32-58b6-44e0-a04e-28a2ff4e8175
[92mINFO [0m:      Sent reply
[92mINFO [0m:      
[92mINFO [0m:      Received: evaluate message db35c6b8-0549-4a59-b43e-5a7c96d09805
[92mINFO [0m:      Sent reply
[92mINFO [0m:      
[92mINFO [0m:      Received: train message 6bd88543-c94d-494b-ad97-632c41603dac
[92mINFO [0m:      Sent reply
[92mINFO [0m:      
[92mINFO [0m:      Received: evaluate message 843ed0e3-8859-4ee3-93e0-af34db6663f2
[92mINFO [0m:      Sent reply
[92mINFO [0m:      
[92mINFO [0m:      Received: train message ba66fb90-3f0a-4fe7-bf96-22e0d08149af
[92mINFO [0m:      Sent reply
[92mINFO [0m:      
[92mINFO [0m:      Received: evaluate message 84b103b5-5f60-4585-872a-07ff90aebe6c
[92mINFO [0m:      Sent reply
[92mINFO [0m:      
[92mINFO [0m:      Received: train message c6eab181-220e-4fb6-a518-1564e0a64ff6
[92mINFO [0m:      Sent reply
[92mINFO [0m:      
[92mINFO [0m:      Received: evaluate message 466f1501-6e8a-4574-8571-54a80aa9ebf6
[92mINFO [0m:      Sent reply
[92mINFO [0m:      
[92mINFO [0m:      Received: train message 982efdfa-1f3c-4cc5-a43b-c588ba7e7d00
[92mINFO [0m:      Sent reply
[92mINFO [0m:      
[92mINFO [0m:      Received: evaluate message 89ef0822-43ed-4060-b07a-41f780ae94ac
[92mINFO [0m:      Sent reply
[92mINFO [0m:      
[92mINFO [0m:      Received: train message 44af417c-3daa-4a3f-b40b-cb8a30a63e3f
[92mINFO [0m:      Sent reply
[92mINFO [0m:      
[92mINFO [0m:      Received: evaluate message 4186e0bd-cf55-4635-abb5-47a0a57fe9dd
[92mINFO [0m:      Sent reply
[92mINFO [0m:      
[92mINFO [0m:      Received: train message 8c5bdc0b-f1cf-4999-bf7c-f752a01c19b1
[92mINFO [0m:      Sent reply
[92mINFO [0m:      
[92mINFO [0m:      Received: evaluate message 0a082146-d6a0-464d-a627-040c2e6b72f3
[92mINFO [0m:      Sent reply
[92mINFO [0m:      
[92mINFO [0m:      Received: train message 36232fdd-e336-4320-8cbd-1d80fb04eb83
[92mINFO [0m:      Sent reply
[92mINFO [0m:      
[92mINFO [0m:      Received: evaluate message abadc47a-ff6a-4b5a-8bd1-16bf01e996e7
[92mINFO [0m:      Sent reply
[92mINFO [0m:      
[92mINFO [0m:      Received: train message 5e1a565a-c155-4302-94d2-61dff52dd91a
[92mINFO [0m:      Sent reply
[92mINFO [0m:      
[92mINFO [0m:      Received: evaluate message 8bc8d1e1-43bc-4e05-a397-3943da3c7c73
[92mINFO [0m:      Sent reply
[92mINFO [0m:      
[92mINFO [0m:      Received: train message 389377d7-52ed-4ba1-94ba-bde0899e7311
[92mINFO [0m:      Sent reply
[92mINFO [0m:      
[92mINFO [0m:      Received: evaluate message 63817240-36cd-4234-8cd8-a3b569fabbac
[92mINFO [0m:      Sent reply
[92mINFO [0m:      
[92mINFO [0m:      Received: train message d9de4480-2d56-45bf-8d11-3712a2eeb8cb
[92mINFO [0m:      Sent reply
[92mINFO [0m:      
[92mINFO [0m:      Received: evaluate message d145dd05-4905-480e-afc3-348013a05ad6
[92mINFO [0m:      Sent reply
[92mINFO [0m:      
[92mINFO [0m:      Received: train message 1b1b053d-1629-4a6f-8535-9b03f1cfca8e
[92mINFO [0m:      Sent reply
[92mINFO [0m:      
[92mINFO [0m:      Received: evaluate message a120cca9-5dd9-4f38-804b-eda106e0bcc1
[92mINFO [0m:      Sent reply
[92mINFO [0m:      
[92mINFO [0m:      Received: train message d5bda39c-3e2b-4a32-b78c-7db98ae5fee1
[92mINFO [0m:      Sent reply
[92mINFO [0m:      
[92mINFO [0m:      Received: evaluate message 1bbe2784-1162-4c82-85dd-6fb73e5dd887
[92mINFO [0m:      Sent reply
[92mINFO [0m:      
[92mINFO [0m:      Received: train message 74264dce-79a7-4fc0-ae87-165e5d64f225
[92mINFO [0m:      Sent reply
[92mINFO [0m:      
[92mINFO [0m:      Received: evaluate message f0498fda-f8c2-4168-8a21-e21c21a3d4de
[92mINFO [0m:      Sent reply
[92mINFO [0m:      
[92mINFO [0m:      Received: train message 2c05912f-ba6a-4d59-be6c-9b09e05be13e
[92mINFO [0m:      Sent reply
[92mINFO [0m:      
[92mINFO [0m:      Received: evaluate message 6e560148-ec47-4f1e-90a6-02c429ef7f5f
[92mINFO [0m:      Sent reply
[92mINFO [0m:      
[92mINFO [0m:      Received: train message ba39102e-dace-4e7e-b22e-34a4c474218b
[92mINFO [0m:      Sent reply
[92mINFO [0m:      
[92mINFO [0m:      Received: evaluate message d8151c7b-64e5-4a20-9b44-cd5b9c48567b
[92mINFO [0m:      Sent reply
[92mINFO [0m:      
[92mINFO [0m:      Received: train message a95294ba-4b6e-4113-8d72-e68fe2811967
[92mINFO [0m:      Sent reply
[92mINFO [0m:      
[92mINFO [0m:      Received: evaluate message 18d7115d-ce15-4dbe-b7ed-b8d0ccd24b20
[92mINFO [0m:      Sent reply
[92mINFO [0m:      
[92mINFO [0m:      Received: train message eb3940f9-6bbc-4c85-a07b-939620c91ba3
[92mINFO [0m:      Sent reply
[92mINFO [0m:      
[92mINFO [0m:      Received: evaluate message a098fb41-c0ce-409e-baad-9f0be68f9e11
[92mINFO [0m:      Sent reply
[92mINFO [0m:      
[92mINFO [0m:      Received: train message 7a326dd2-c705-416f-8be1-ef8f43625fd1
[92mINFO [0m:      Sent reply
[92mINFO [0m:      
[92mINFO [0m:      Received: evaluate message f3a6f999-6295-4119-a6d0-e0a9cad40ddf
[92mINFO [0m:      Sent reply
[92mINFO [0m:      
[92mINFO [0m:      Received: train message c0e2d449-9541-45c0-a37c-e46bc8a5f650
[92mINFO [0m:      Sent reply
[92mINFO [0m:      
[92mINFO [0m:      Received: evaluate message 29b379b7-7872-4c08-aef7-8c69fd966d67
[92mINFO [0m:      Sent reply
[92mINFO [0m:      
[92mINFO [0m:      Received: train message 69f2405a-8127-4b9f-b5e9-cc5c4648d4b1
[92mINFO [0m:      Sent reply
[92mINFO [0m:      
[92mINFO [0m:      Received: evaluate message 81b9dbd9-be94-4a3f-8d22-aaa1734ada9e
[92mINFO [0m:      Sent reply
[92mINFO [0m:      
[92mINFO [0m:      Received: train message 729f2370-294a-4fb9-8565-2e31016a3f2a
[92mINFO [0m:      Sent reply
[92mINFO [0m:      
[92mINFO [0m:      Received: evaluate message 08bc75ab-730a-4dd8-97bd-01d718a1e383
[92mINFO [0m:      Sent reply
[92mINFO [0m:      
[92mINFO [0m:      Received: train message e79d64fa-a008-40dd-a49e-f41aeeaee86a
[92mINFO [0m:      Sent reply
[92mINFO [0m:      
[92mINFO [0m:      Received: evaluate message 27101c7a-eb31-4a17-b3da-56d8518b6980
[92mINFO [0m:      Sent reply
[92mINFO [0m:      
[92mINFO [0m:      Received: train message 09de9532-b972-4591-8366-07b0914160d6
[92mINFO [0m:      Sent reply
[92mINFO [0m:      
[92mINFO [0m:      Received: evaluate message 04125775-d4ca-4658-8746-6fcb2d3cd394
[92mINFO [0m:      Sent reply
[92mINFO [0m:      
[92mINFO [0m:      Received: train message f8920cb9-8492-44c9-b927-bc73ba121a79
[92mINFO [0m:      Sent reply
[92mINFO [0m:      
[92mINFO [0m:      Received: evaluate message e9bd7f90-5d8f-48cc-9548-b59ea0253a50
[92mINFO [0m:      Sent reply
[92mINFO [0m:      
[92mINFO [0m:      Received: train message 9e9aa736-6a17-4537-8e41-b44502a94dfa
[92mINFO [0m:      Sent reply
[92mINFO [0m:      
[92mINFO [0m:      Received: evaluate message dfbf7c0c-7690-457a-87f0-5ce6fab5dd67
[92mINFO [0m:      Sent reply
[92mINFO [0m:      
[92mINFO [0m:      Received: train message fc309133-fc4f-48ac-811b-6bfe77b445e9
[92mINFO [0m:      Sent reply
[92mINFO [0m:      
[92mINFO [0m:      Received: evaluate message 56df5ebc-4fa1-4a09-b327-a5e8c2c3c42b
[92mINFO [0m:      Sent reply
[92mINFO [0m:      
[92mINFO [0m:      Received: train message db980c45-fcdd-4402-8fe3-e29f13b4cb50
[92mINFO [0m:      Sent reply
[92mINFO [0m:      
[92mINFO [0m:      Received: evaluate message 09c2830f-3c13-4b20-84e5-b352a55252ec
[92mINFO [0m:      Sent reply
[92mINFO [0m:      
[92mINFO [0m:      Received: train message b0bfe3e2-7874-4274-9a00-a9c7c624476e
[92mINFO [0m:      Sent reply
[92mINFO [0m:      
[92mINFO [0m:      Received: evaluate message 81e507dc-0525-46d8-89fd-4a9dbaced1d8
[92mINFO [0m:      Sent reply
[92mINFO [0m:      
[92mINFO [0m:      Received: train message 49b948fe-ba4b-44bc-9a96-94d1b0284766
[92mINFO [0m:      Sent reply
[92mINFO [0m:      
[92mINFO [0m:      Received: evaluate message 988141ca-120a-4fd9-8a0a-f33b0c86f65c
[92mINFO [0m:      Sent reply
[92mINFO [0m:      
[92mINFO [0m:      Received: train message d50a2be3-463b-45db-a055-aace32a3a906
[92mINFO [0m:      Sent reply
[92mINFO [0m:      
[92mINFO [0m:      Received: evaluate message 9fba31fd-b55c-4724-b79b-e12126f72051
[92mINFO [0m:      Sent reply
[92mINFO [0m:      
[92mINFO [0m:      Received: train message 06e4bc04-3a51-4021-a7af-60d83c3284b9
[92mINFO [0m:      Sent reply
[92mINFO [0m:      
[92mINFO [0m:      Received: evaluate message c5c21be8-c87e-4c53-9272-70567a324f06
[92mINFO [0m:      Sent reply
[92mINFO [0m:      
[92mINFO [0m:      Received: train message 265e176a-0d7f-49c7-8da7-bf9f693d16a3
[92mINFO [0m:      Sent reply
[92mINFO [0m:      
[92mINFO [0m:      Received: evaluate message 5e1b379f-fc64-4d56-8612-11205d0e5823
[92mINFO [0m:      Sent reply
[92mINFO [0m:      
[92mINFO [0m:      Received: train message b632f89d-fc7b-49db-8096-923aa847b16b
[92mINFO [0m:      Sent reply
[92mINFO [0m:      
[92mINFO [0m:      Received: evaluate message f20d819b-d6dd-4f14-895e-2895a297aae9
[92mINFO [0m:      Sent reply
[92mINFO [0m:      
[92mINFO [0m:      Received: train message 698cad41-ab79-48f1-b308-7f2a39386ba7
[92mINFO [0m:      Sent reply
[92mINFO [0m:      
[92mINFO [0m:      Received: evaluate message 3d5ef7d9-4711-4b98-8f71-13b9c4bd2734
[92mINFO [0m:      Sent reply
[92mINFO [0m:      
[92mINFO [0m:      Received: train message 1549cf2d-69f7-42a7-9281-9cefa189a066
[92mINFO [0m:      Sent reply
[92mINFO [0m:      
[92mINFO [0m:      Received: evaluate message 34e6d6cc-729b-459e-b0a0-6ff16bd25ff1
[92mINFO [0m:      Sent reply
[92mINFO [0m:      
[92mINFO [0m:      Received: train message e25f27e9-93d2-489c-8107-33e71c5f5d6f
[92mINFO [0m:      Sent reply
[92mINFO [0m:      
[92mINFO [0m:      Received: evaluate message e7d82df9-7ba9-4066-bd54-034eea5e5b21
[92mINFO [0m:      Sent reply
[92mINFO [0m:      
[92mINFO [0m:      Received: train message e24a6b41-1b59-4480-938b-57a7ade27621
[92mINFO [0m:      Sent reply
[92mINFO [0m:      
[92mINFO [0m:      Received: evaluate message d631169f-655a-4a09-91d9-11b95f80aa11
[92mINFO [0m:      Sent reply
[92mINFO [0m:      
[92mINFO [0m:      Received: train message d146bf16-b6b9-4710-a851-a66a3d53ebd3
[92mINFO [0m:      Sent reply
[92mINFO [0m:      
[92mINFO [0m:      Received: evaluate message 255bd19a-2db1-49b9-ac11-9e64d6edea85
[92mINFO [0m:      Sent reply
[92mINFO [0m:      
[92mINFO [0m:      Received: train message 76f5fcd2-efcf-4832-ba6f-2524ff693af6
[92mINFO [0m:      Sent reply
[92mINFO [0m:      
[92mINFO [0m:      Received: evaluate message 0454244c-ae04-4299-9833-f167f1bc20b7
[92mINFO [0m:      Sent reply
[92mINFO [0m:      
[92mINFO [0m:      Received: train message c5d16fa1-808f-4ed5-9748-c3aa79b6165b
[92mINFO [0m:      Sent reply
[92mINFO [0m:      
[92mINFO [0m:      Received: evaluate message 94fbb3b5-e595-41c6-963e-c0464cf7c315
[92mINFO [0m:      Sent reply
[92mINFO [0m:      
[92mINFO [0m:      Received: train message efa84a85-37d4-4826-90ac-c0fa14ae3632
[92mINFO [0m:      Sent reply
[92mINFO [0m:      
[92mINFO [0m:      Received: evaluate message 8a8486da-72ff-4e94-b188-a081701effb8
[92mINFO [0m:      Sent reply
[92mINFO [0m:      
[92mINFO [0m:      Received: train message 8037f82f-9a3d-4cef-8877-0df384f42505
[92mINFO [0m:      Sent reply
[92mINFO [0m:      
[92mINFO [0m:      Received: evaluate message 059938f6-c169-4cc5-b7ee-b7f583223f37
[92mINFO [0m:      Sent reply
[92mINFO [0m:      
[92mINFO [0m:      Received: train message 33f1c73c-fe6b-4715-bb77-4c02fe76e785
[92mINFO [0m:      Sent reply
[92mINFO [0m:      
[92mINFO [0m:      Received: evaluate message e0a1ba7e-acce-4434-9e16-5a2a4c0f3156
[92mINFO [0m:      Sent reply
[92mINFO [0m:      
[92mINFO [0m:      Received: train message 2e0f19f4-b87e-4409-83af-2289b47b150b
[92mINFO [0m:      Sent reply
[92mINFO [0m:      
[92mINFO [0m:      Received: evaluate message c19e11ce-63ad-44c8-aad8-8bfad4f2d450
[92mINFO [0m:      Sent reply
[92mINFO [0m:      
[92mINFO [0m:      Received: train message a406b335-8865-4c73-bee1-3d0d10d22381
[92mINFO [0m:      Sent reply
[92mINFO [0m:      
[92mINFO [0m:      Received: evaluate message dbbbbde3-280b-40fe-a875-b2c5986fb1ae
[92mINFO [0m:      Sent reply
[92mINFO [0m:      
[92mINFO [0m:      Received: reconnect message afb00c77-af91-47bf-8023-0a832a900bb0
[92mINFO [0m:      Disconnect and shut down
