[93mWARNING [0m:   DEPRECATED FEATURE: flwr.client.start_client() is deprecated.
	Instead, use the `flower-supernode` CLI command to start a SuperNode as shown below:

		$ flower-supernode --insecure --superlink='<IP>:<PORT>'

	To view all available options, run:

		$ flower-supernode --help

	Using `start_client()` is deprecated.

            This is a deprecated feature. It will be removed
            entirely in future versions of Flower.
        
[92mINFO [0m:      
[92mINFO [0m:      Received: train message c7ab66c4-8aad-4aeb-b1f9-7e4922e6ea03
[92mINFO [0m:      Sent reply
[92mINFO [0m:      
[92mINFO [0m:      Received: evaluate message d2cd2978-742c-4396-9885-fd220df6a8b6
[92mINFO [0m:      Sent reply
[92mINFO [0m:      
[92mINFO [0m:      Received: train message 43f3cfa0-7ce7-4af3-bb87-93a02b331c86
[92mINFO [0m:      Sent reply
[92mINFO [0m:      
[92mINFO [0m:      Received: evaluate message 5a953324-bbc0-4ace-b623-22f909398096
[92mINFO [0m:      Sent reply
[92mINFO [0m:      
[92mINFO [0m:      Received: train message 9b87e4ca-b58a-4b06-b261-de25e3ab57d0
[92mINFO [0m:      Sent reply
[92mINFO [0m:      
[92mINFO [0m:      Received: evaluate message a809a746-124d-4a6c-b4c2-594b5d515302
[92mINFO [0m:      Sent reply
[92mINFO [0m:      
[92mINFO [0m:      Received: train message f3e5fabe-21ac-4023-8be5-30f1451aea3a
[92mINFO [0m:      Sent reply
[92mINFO [0m:      
[92mINFO [0m:      Received: evaluate message 65fb3744-2c74-41a2-9885-7ac25b3dfe00
[92mINFO [0m:      Sent reply
[92mINFO [0m:      
[92mINFO [0m:      Received: train message a23f1be9-48ff-4ff3-bf1a-de6999c0686c
[92mINFO [0m:      Sent reply
[92mINFO [0m:      
[92mINFO [0m:      Received: evaluate message c2bcd184-7f32-4116-a6e4-b6c8c3557677
[92mINFO [0m:      Sent reply
[92mINFO [0m:      
[92mINFO [0m:      Received: train message 0148a53c-59fe-4ba3-bb01-682ae85cfc29
[92mINFO [0m:      Sent reply
[92mINFO [0m:      
[92mINFO [0m:      Received: evaluate message 03b300f7-7176-421a-b373-ba9c6774b2e7
[92mINFO [0m:      Sent reply
[92mINFO [0m:      
[92mINFO [0m:      Received: train message fd405dc8-4c86-432a-a110-fbb2dc43be55
[92mINFO [0m:      Sent reply
[92mINFO [0m:      
[92mINFO [0m:      Received: evaluate message 80ce6567-fe8e-4483-a033-7cdcbdf00c0b
[92mINFO [0m:      Sent reply
[92mINFO [0m:      
[92mINFO [0m:      Received: train message 582e780e-bd43-4dfa-ac8b-237f256e8b9d
[92mINFO [0m:      Sent reply
[92mINFO [0m:      
[92mINFO [0m:      Received: evaluate message 128364f3-a4c8-4567-ab32-ef781b5aa173
[92mINFO [0m:      Sent reply
[92mINFO [0m:      
[92mINFO [0m:      Received: train message 97c82361-9104-4613-9878-d8f57091dfcf
[92mINFO [0m:      Sent reply
[92mINFO [0m:      
[92mINFO [0m:      Received: evaluate message 9b5714a3-f8c3-4494-b79c-13e4c62e8e1a
[92mINFO [0m:      Sent reply
[92mINFO [0m:      
[92mINFO [0m:      Received: train message 9c9e7e95-b98c-4fb9-be05-91ae47b5b8a8
[92mINFO [0m:      Sent reply
[92mINFO [0m:      
[92mINFO [0m:      Received: evaluate message 1d3a3ac2-eac1-4ecd-88e5-a42c699bdef7
[92mINFO [0m:      Sent reply
[92mINFO [0m:      
[92mINFO [0m:      Received: train message c3ae1d76-1907-43ef-933e-a1b64cb61d2d
[92mINFO [0m:      Sent reply
[92mINFO [0m:      
[92mINFO [0m:      Received: evaluate message 555ad21d-d9e3-4d12-b607-d79b1a2ca911
[92mINFO [0m:      Sent reply
[92mINFO [0m:      
[92mINFO [0m:      Received: train message 70a7a8f3-b686-49c1-b3ee-26fadbaec523
[92mINFO [0m:      Sent reply
[92mINFO [0m:      
[92mINFO [0m:      Received: evaluate message 0fdbbf7c-3184-4fd4-aad2-ae3925d828af
[92mINFO [0m:      Sent reply
[92mINFO [0m:      
[92mINFO [0m:      Received: train message 6dd6881f-b53e-48a4-bf1e-a1a4d9129a8d
[92mINFO [0m:      Sent reply
[92mINFO [0m:      
[92mINFO [0m:      Received: evaluate message a6749be0-1393-486f-a899-3f7bffdfd4b1
[92mINFO [0m:      Sent reply
[92mINFO [0m:      
[92mINFO [0m:      Received: train message a9e68dad-f34d-441f-887e-bf4d690e4e1f
[92mINFO [0m:      Sent reply
[92mINFO [0m:      
[92mINFO [0m:      Received: evaluate message c4a51927-18b3-436e-89e9-de74d7ecf64c
[92mINFO [0m:      Sent reply
[92mINFO [0m:      
[92mINFO [0m:      Received: train message 6e28391e-3a12-4639-8c4b-89521131eead
[92mINFO [0m:      Sent reply
[92mINFO [0m:      
[92mINFO [0m:      Received: evaluate message b391e442-7965-42df-9ff6-39d9e69897a7
[92mINFO [0m:      Sent reply
[92mINFO [0m:      
[92mINFO [0m:      Received: train message 4626b5f0-a251-4297-a4fd-32304f09fe02
[92mINFO [0m:      Sent reply
[92mINFO [0m:      
[92mINFO [0m:      Received: evaluate message a6eca387-c780-470d-ad47-ad4a7ee579f6
[92mINFO [0m:      Sent reply
[92mINFO [0m:      
[92mINFO [0m:      Received: train message 3dae5741-4ce9-4764-b378-15327f197bba
[92mINFO [0m:      Sent reply
[92mINFO [0m:      
[92mINFO [0m:      Received: evaluate message 39a75786-1b75-4d02-9c9e-6bed1c6f50f1
[92mINFO [0m:      Sent reply
[92mINFO [0m:      
[92mINFO [0m:      Received: train message e9992f44-525f-4ca2-aaa7-9e935e15d6ca
[92mINFO [0m:      Sent reply
[92mINFO [0m:      
[92mINFO [0m:      Received: evaluate message 7c55f1ed-156d-4140-bb6e-def45db0a933
[92mINFO [0m:      Sent reply
[92mINFO [0m:      
[92mINFO [0m:      Received: train message bd9d46d8-8706-4852-af31-e39ec76f3e45
[92mINFO [0m:      Sent reply
[92mINFO [0m:      
[92mINFO [0m:      Received: evaluate message 983303f7-e4e6-4ffe-bc28-648f3dc973cf
[92mINFO [0m:      Sent reply
[92mINFO [0m:      
[92mINFO [0m:      Received: train message 5cd08f58-c99e-4faf-ac12-dab79e0a4b14
[92mINFO [0m:      Sent reply
[92mINFO [0m:      
[92mINFO [0m:      Received: evaluate message d1b52832-be46-414f-bad2-12a43bfd81f0
[92mINFO [0m:      Sent reply
[92mINFO [0m:      
[92mINFO [0m:      Received: train message 534cc979-a66b-4b6d-923f-d49ba7059b67
[92mINFO [0m:      Sent reply
[92mINFO [0m:      
[92mINFO [0m:      Received: evaluate message 91d9f2ef-d706-4055-8bba-2a75a3d1d729
[92mINFO [0m:      Sent reply
[92mINFO [0m:      
[92mINFO [0m:      Received: train message d52568f6-3459-4c12-a30b-ca5335586a69
[92mINFO [0m:      Sent reply
[92mINFO [0m:      
[92mINFO [0m:      Received: evaluate message f7cb0924-2ef8-41ca-a326-49b555b71ccb
[92mINFO [0m:      Sent reply
[92mINFO [0m:      
[92mINFO [0m:      Received: train message bf737345-b185-4d7c-a2da-c46127f4e489
[92mINFO [0m:      Sent reply
[92mINFO [0m:      
[92mINFO [0m:      Received: evaluate message 2d32d4b4-5051-43d7-9b4e-ae431bb8df58
[92mINFO [0m:      Sent reply
[92mINFO [0m:      
[92mINFO [0m:      Received: train message cb5e5cdc-b9a3-4dbb-89db-97f466eed732
[92mINFO [0m:      Sent reply
[92mINFO [0m:      
[92mINFO [0m:      Received: evaluate message 7c93ea35-aadb-4ca1-885d-f18d57c5abab
[92mINFO [0m:      Sent reply
[92mINFO [0m:      
[92mINFO [0m:      Received: train message 89fd17b0-fae2-44b6-88d6-7ae4932e819d
[92mINFO [0m:      Sent reply
[92mINFO [0m:      
[92mINFO [0m:      Received: evaluate message aed803e8-7c4b-413e-9134-a8d2afcd7fed
[92mINFO [0m:      Sent reply
[92mINFO [0m:      
[92mINFO [0m:      Received: train message b2a3bdc6-3424-4dfa-b852-feaca4f8a80a
[92mINFO [0m:      Sent reply
[92mINFO [0m:      
[92mINFO [0m:      Received: evaluate message 25f0a0b4-9b86-4913-91b0-a25963538525
[92mINFO [0m:      Sent reply
[92mINFO [0m:      
[92mINFO [0m:      Received: train message f5759082-de42-4be8-a4e0-fae71eedf02d
[92mINFO [0m:      Sent reply
[92mINFO [0m:      
[92mINFO [0m:      Received: evaluate message d6ad2bb5-b430-4fe1-be26-3979675f7ab4
[92mINFO [0m:      Sent reply
[92mINFO [0m:      
[92mINFO [0m:      Received: train message 874e9bb4-48a7-4346-a166-c5505a2f795c
[92mINFO [0m:      Sent reply
[92mINFO [0m:      
[92mINFO [0m:      Received: evaluate message d7443417-6231-4af5-b757-5e2a63c22759
[92mINFO [0m:      Sent reply
[92mINFO [0m:      
[92mINFO [0m:      Received: train message dc78453a-8ba6-4127-8273-1b4bb4a7d3dd
[92mINFO [0m:      Sent reply
[92mINFO [0m:      
[92mINFO [0m:      Received: evaluate message 963c33bd-3e01-4b48-ba25-b4899debe80f
[92mINFO [0m:      Sent reply
[92mINFO [0m:      
[92mINFO [0m:      Received: train message fa9a24ca-5604-4160-a4f1-e6e30c1e14e0
[92mINFO [0m:      Sent reply
[92mINFO [0m:      
[92mINFO [0m:      Received: evaluate message b856f72f-0e85-4769-a59d-48b558c7cff7
[92mINFO [0m:      Sent reply
[92mINFO [0m:      
[92mINFO [0m:      Received: train message 96df9ef7-4872-4ab9-ad0e-860512697bf7
[92mINFO [0m:      Sent reply
[92mINFO [0m:      
[92mINFO [0m:      Received: evaluate message b6b3dcf2-bc76-4daa-94e5-01646f52bdef
[92mINFO [0m:      Sent reply
[92mINFO [0m:      
[92mINFO [0m:      Received: train message 4b8536b4-2610-4f2d-a81b-7251589553db
[92mINFO [0m:      Sent reply
[92mINFO [0m:      
[92mINFO [0m:      Received: evaluate message 065df3d4-8daa-48b7-890f-31a2b546cb14
[92mINFO [0m:      Sent reply
[92mINFO [0m:      
[92mINFO [0m:      Received: train message a9bad128-9ff8-446e-8c46-875354b2f615
[92mINFO [0m:      Sent reply
[92mINFO [0m:      
[92mINFO [0m:      Received: evaluate message c6002652-f74d-4f7c-8519-9889a9c6a242
[92mINFO [0m:      Sent reply
[92mINFO [0m:      
[92mINFO [0m:      Received: train message 8b6fa320-5dbd-41a8-8efc-9abd26449a17
[92mINFO [0m:      Sent reply
[92mINFO [0m:      
[92mINFO [0m:      Received: evaluate message 0cd36a7a-504a-4945-90de-f30893c0fa01
[92mINFO [0m:      Sent reply
[92mINFO [0m:      
[92mINFO [0m:      Received: train message 699be057-5196-4a5c-a660-33d83a11cdc6
[92mINFO [0m:      Sent reply
[92mINFO [0m:      
[92mINFO [0m:      Received: evaluate message af781bda-72e9-4deb-818c-6452aaff429a
[92mINFO [0m:      Sent reply
[92mINFO [0m:      
[92mINFO [0m:      Received: train message 49677a36-ada9-4477-8331-ae1e4c0cb5a7
[92mINFO [0m:      Sent reply
[92mINFO [0m:      
[92mINFO [0m:      Received: evaluate message dad0d2b5-39cd-41ef-9784-dde03aa3f5ef
[92mINFO [0m:      Sent reply
[92mINFO [0m:      
[92mINFO [0m:      Received: train message 888f5af4-5491-4caa-a93f-90ee44db9607
[92mINFO [0m:      Sent reply
[92mINFO [0m:      
[92mINFO [0m:      Received: evaluate message beed8325-ca41-42f7-aa8f-bf3a7372d7c1
[92mINFO [0m:      Sent reply
[92mINFO [0m:      
[92mINFO [0m:      Received: train message 2165f16b-d18b-4690-bf4c-e1792094bf3f
[92mINFO [0m:      Sent reply
[92mINFO [0m:      
[92mINFO [0m:      Received: evaluate message 1d3c60e6-26de-47f1-97aa-4f808727f906
[92mINFO [0m:      Sent reply
[92mINFO [0m:      
[92mINFO [0m:      Received: train message 4d14cfe9-1327-4e97-b751-fbf2c6c99a2b
[92mINFO [0m:      Sent reply
[92mINFO [0m:      
[92mINFO [0m:      Received: evaluate message 4678945b-b3ca-4b60-a200-53bef4ddf043
[92mINFO [0m:      Sent reply
[92mINFO [0m:      
[92mINFO [0m:      Received: train message 3a07eee4-0e7e-4bf8-be80-5c669fe7fece
[92mINFO [0m:      Sent reply
[92mINFO [0m:      
[92mINFO [0m:      Received: evaluate message 2c5a06b8-2a0c-4474-b890-a93bd00ee7a6
[92mINFO [0m:      Sent reply
[92mINFO [0m:      
[92mINFO [0m:      Received: train message 19672483-01f3-46fc-9196-5a48d0167fd6
[92mINFO [0m:      Sent reply
[92mINFO [0m:      
[92mINFO [0m:      Received: evaluate message 5e21fbca-8ba3-4759-a4bf-9013dd1fae9b
[92mINFO [0m:      Sent reply
[92mINFO [0m:      
[92mINFO [0m:      Received: train message 0116fce8-b409-4ccc-b5d8-fcc4b91cec5c
[92mINFO [0m:      Sent reply
[92mINFO [0m:      
[92mINFO [0m:      Received: evaluate message 1c4f800a-fb5a-44b5-a81e-301c50047a02
[92mINFO [0m:      Sent reply
[92mINFO [0m:      
[92mINFO [0m:      Received: train message 3cde4cc9-d5b9-4200-b75c-3c51514842e3
[92mINFO [0m:      Sent reply
[92mINFO [0m:      
[92mINFO [0m:      Received: evaluate message 2e013a0f-5d51-4d17-baba-d02ad0cd1c30
[92mINFO [0m:      Sent reply
[92mINFO [0m:      
[92mINFO [0m:      Received: train message f8abce4c-43a6-4e4c-9173-c71f45e3b1d6
[92mINFO [0m:      Sent reply
[92mINFO [0m:      
[92mINFO [0m:      Received: evaluate message f0fe5544-f607-4ddb-b353-56bb264343a3
[92mINFO [0m:      Sent reply
[92mINFO [0m:      
[92mINFO [0m:      Received: train message 5b91d77e-4370-4bb6-9cb5-2169b73e6ad5
[92mINFO [0m:      Sent reply
[92mINFO [0m:      
[92mINFO [0m:      Received: evaluate message 45e9fd7a-9772-4a27-825b-d81173c0edc2
[92mINFO [0m:      Sent reply
[92mINFO [0m:      
[92mINFO [0m:      Received: train message 7d54a350-1a5e-4380-90df-bac227b3ac13
[92mINFO [0m:      Sent reply
[92mINFO [0m:      
[92mINFO [0m:      Received: evaluate message 05bd026f-52ba-4f23-b0e5-2182e9b113fe
[92mINFO [0m:      Sent reply
[92mINFO [0m:      
[92mINFO [0m:      Received: train message 28135b35-560a-4338-a5da-456f6095c33d
[92mINFO [0m:      Sent reply
[92mINFO [0m:      
[92mINFO [0m:      Received: evaluate message 9bebf0e1-cbfa-4d1f-8232-cdd0a4cec52b
[92mINFO [0m:      Sent reply
[92mINFO [0m:      
[92mINFO [0m:      Received: train message 0d5e03f7-c06b-4d68-84e8-6c699c33dc54
[92mINFO [0m:      Sent reply
[92mINFO [0m:      
[92mINFO [0m:      Received: evaluate message a96683f3-d460-43cb-b7fe-60e673ad137c
[92mINFO [0m:      Sent reply
[92mINFO [0m:      
[92mINFO [0m:      Received: train message 4db18a2f-d794-4c1f-9d90-7081e2209552
[92mINFO [0m:      Sent reply
[92mINFO [0m:      
[92mINFO [0m:      Received: evaluate message d8d0300a-6bfe-4b09-a424-2354016fc4b8
[92mINFO [0m:      Sent reply
[92mINFO [0m:      
[92mINFO [0m:      Received: train message 04dc6f83-e927-4b34-ad4f-0d614f003560
[92mINFO [0m:      Sent reply
[92mINFO [0m:      
[92mINFO [0m:      Received: evaluate message 00addaf1-12a2-4974-b3fe-346244074b29
[92mINFO [0m:      Sent reply
[92mINFO [0m:      
[92mINFO [0m:      Received: reconnect message 674ae176-d51a-404f-a851-2c0538fdc50b
[92mINFO [0m:      Disconnect and shut down
