[93mWARNING [0m:   DEPRECATED FEATURE: flwr.client.start_client() is deprecated.
	Instead, use the `flower-supernode` CLI command to start a SuperNode as shown below:

		$ flower-supernode --insecure --superlink='<IP>:<PORT>'

	To view all available options, run:

		$ flower-supernode --help

	Using `start_client()` is deprecated.

            This is a deprecated feature. It will be removed
            entirely in future versions of Flower.
        
[92mINFO [0m:      
[92mINFO [0m:      Received: train message fb6d6145-3acc-4e83-94e2-d425f02ace2b
[92mINFO [0m:      Sent reply
[92mINFO [0m:      
[92mINFO [0m:      Received: evaluate message 3f811f63-fc9c-4e86-8eeb-c0ebe0eaeecc
[92mINFO [0m:      Sent reply
[92mINFO [0m:      
[92mINFO [0m:      Received: train message 4128d329-9cae-49fa-9dd7-79d4b0ffec28
[92mINFO [0m:      Sent reply
[92mINFO [0m:      
[92mINFO [0m:      Received: evaluate message 87d725ed-9b61-46b1-b91a-5c0f8fb20391
[92mINFO [0m:      Sent reply
[92mINFO [0m:      
[92mINFO [0m:      Received: train message e0fd7abb-289d-4b59-a4a9-8ec40368958c
[92mINFO [0m:      Sent reply
[92mINFO [0m:      
[92mINFO [0m:      Received: evaluate message 0f415461-be54-40dd-857d-502bb5a412cf
[92mINFO [0m:      Sent reply
[92mINFO [0m:      
[92mINFO [0m:      Received: train message f661e307-c181-4452-a85e-2258cd682490
[92mINFO [0m:      Sent reply
[92mINFO [0m:      
[92mINFO [0m:      Received: evaluate message fba0cebe-787e-49a9-9663-6c7cca425520
[92mINFO [0m:      Sent reply
[92mINFO [0m:      
[92mINFO [0m:      Received: train message e8071196-d130-4b3d-ac7c-b0213368b00a
[92mINFO [0m:      Sent reply
[92mINFO [0m:      
[92mINFO [0m:      Received: evaluate message cbf2226b-ef06-4720-aae5-639540badebd
[92mINFO [0m:      Sent reply
[92mINFO [0m:      
[92mINFO [0m:      Received: train message a4aaea3e-6c24-405e-87be-0897f81a4db9
[92mINFO [0m:      Sent reply
[92mINFO [0m:      
[92mINFO [0m:      Received: evaluate message 6013ba47-232c-449e-b542-6d5c8fc4b48d
[92mINFO [0m:      Sent reply
[92mINFO [0m:      
[92mINFO [0m:      Received: train message 436472c2-8de0-4cfd-a265-8d29baf6044b
[92mINFO [0m:      Sent reply
[92mINFO [0m:      
[92mINFO [0m:      Received: evaluate message e645e70f-b46a-4552-9917-df62291c8c1d
[92mINFO [0m:      Sent reply
[92mINFO [0m:      
[92mINFO [0m:      Received: train message 314f46e6-2fa5-4844-84a4-8fd6b4918f9a
[92mINFO [0m:      Sent reply
[92mINFO [0m:      
[92mINFO [0m:      Received: evaluate message 2e273a12-36ae-4f61-a159-2f43cdab5dba
[92mINFO [0m:      Sent reply
[92mINFO [0m:      
[92mINFO [0m:      Received: train message a238ceab-7062-4b7e-9208-2b538aa4194f
[92mINFO [0m:      Sent reply
[92mINFO [0m:      
[92mINFO [0m:      Received: evaluate message c60b476d-1290-4f7f-aeaf-894834975a14
[92mINFO [0m:      Sent reply
[92mINFO [0m:      
[92mINFO [0m:      Received: train message 50415800-3b38-4830-88f7-46f1f15dcba2
[92mINFO [0m:      Sent reply
[92mINFO [0m:      
[92mINFO [0m:      Received: evaluate message dbcf1990-07c0-4175-b756-b635ddea01bd
[92mINFO [0m:      Sent reply
[92mINFO [0m:      
[92mINFO [0m:      Received: train message 76861f62-053c-407c-8029-6407b357e8b0
[92mINFO [0m:      Sent reply
[92mINFO [0m:      
[92mINFO [0m:      Received: evaluate message d17eb9f6-7484-4d13-a3c2-5f10414dd46c
[92mINFO [0m:      Sent reply
[92mINFO [0m:      
[92mINFO [0m:      Received: train message fc08d72d-f8bc-4ebb-8f44-f0aff2022657
[92mINFO [0m:      Sent reply
[92mINFO [0m:      
[92mINFO [0m:      Received: evaluate message 6e396558-894c-4b7a-a01d-8ec50949d30e
[92mINFO [0m:      Sent reply
[92mINFO [0m:      
[92mINFO [0m:      Received: train message 14139006-b2b9-4446-9db3-6adb20ce25a8
[92mINFO [0m:      Sent reply
[92mINFO [0m:      
[92mINFO [0m:      Received: evaluate message b0706bbe-df50-4ced-8260-064e1bbc35bf
[92mINFO [0m:      Sent reply
[92mINFO [0m:      
[92mINFO [0m:      Received: train message 7b1afd93-caab-43a8-a599-7637e2b0b7b1
[92mINFO [0m:      Sent reply
[92mINFO [0m:      
[92mINFO [0m:      Received: evaluate message 92c2864a-d908-4178-a473-025d361f48ec
[92mINFO [0m:      Sent reply
[92mINFO [0m:      
[92mINFO [0m:      Received: train message e1086aba-c183-4e81-907c-ad4122474d2e
[92mINFO [0m:      Sent reply
[92mINFO [0m:      
[92mINFO [0m:      Received: evaluate message 45e06c24-e8fa-4734-9139-c62bc40a0487
[92mINFO [0m:      Sent reply
[92mINFO [0m:      
[92mINFO [0m:      Received: train message 2bb32b67-c792-4305-b59b-30bf28903c35
[92mINFO [0m:      Sent reply
[92mINFO [0m:      
[92mINFO [0m:      Received: evaluate message c7f76c83-cf61-47cc-b9ed-c09b90cc838e
[92mINFO [0m:      Sent reply
[92mINFO [0m:      
[92mINFO [0m:      Received: train message 61471652-a731-40e3-aba3-86cc1975b2d8
[92mINFO [0m:      Sent reply
[92mINFO [0m:      
[92mINFO [0m:      Received: evaluate message 3754a599-6163-42f6-90e7-4006b78bb82c
[92mINFO [0m:      Sent reply
[92mINFO [0m:      
[92mINFO [0m:      Received: train message 1492414a-0394-4c68-b962-0aa7da8327db
[92mINFO [0m:      Sent reply
[92mINFO [0m:      
[92mINFO [0m:      Received: evaluate message 3553d567-753a-4f1e-bfbc-4e527eb21d78
[92mINFO [0m:      Sent reply
[92mINFO [0m:      
[92mINFO [0m:      Received: train message 16a131d0-1456-4c65-9abe-61ddedf9afc9
[92mINFO [0m:      Sent reply
[92mINFO [0m:      
[92mINFO [0m:      Received: evaluate message 7a00b22f-7599-4549-9a8c-148f8a2560bc
[92mINFO [0m:      Sent reply
[92mINFO [0m:      
[92mINFO [0m:      Received: train message ae868a5b-8c80-4606-82b2-fa293a412210
[92mINFO [0m:      Sent reply
[92mINFO [0m:      
[92mINFO [0m:      Received: evaluate message a46a4461-0a23-4596-9b2d-dc74565d54d1
[92mINFO [0m:      Sent reply
[92mINFO [0m:      
[92mINFO [0m:      Received: train message 85aa5051-d66f-47d8-8237-6a5a47bc1178
[92mINFO [0m:      Sent reply
[92mINFO [0m:      
[92mINFO [0m:      Received: evaluate message 8104385b-7684-43d0-8295-1d9df04790eb
[92mINFO [0m:      Sent reply
[92mINFO [0m:      
[92mINFO [0m:      Received: train message 579d6579-9134-46ab-bba1-01f6d8d64eda
[92mINFO [0m:      Sent reply
[92mINFO [0m:      
[92mINFO [0m:      Received: evaluate message 5f86bcb9-cddb-4faa-8920-6966e52f72c7
[92mINFO [0m:      Sent reply
[92mINFO [0m:      
[92mINFO [0m:      Received: train message 128498cc-3d27-4bb9-938c-a5278bb6439f
[92mINFO [0m:      Sent reply
[92mINFO [0m:      
[92mINFO [0m:      Received: evaluate message d20ef19e-22f6-4e60-a68f-3bef74fbc8c3
[92mINFO [0m:      Sent reply
[92mINFO [0m:      
[92mINFO [0m:      Received: train message a080fed6-23a2-44db-b67f-35ad201543c5
[92mINFO [0m:      Sent reply
[92mINFO [0m:      
[92mINFO [0m:      Received: evaluate message 1e08e363-2521-4825-8ad1-49b04ac6079e
[92mINFO [0m:      Sent reply
[92mINFO [0m:      
[92mINFO [0m:      Received: train message a1335db7-d332-4198-b430-6007a30dd290
[92mINFO [0m:      Sent reply
[92mINFO [0m:      
[92mINFO [0m:      Received: evaluate message c50c394b-248f-4804-8dbd-83942f1faa8b
[92mINFO [0m:      Sent reply
[92mINFO [0m:      
[92mINFO [0m:      Received: train message a4e784da-7e97-4f55-b903-406eb5f23f8e
[92mINFO [0m:      Sent reply
[92mINFO [0m:      
[92mINFO [0m:      Received: evaluate message 8372dfa8-f9f1-4952-81af-fca1f7eb473d
[92mINFO [0m:      Sent reply
[92mINFO [0m:      
[92mINFO [0m:      Received: train message c3f1e58f-b12e-4420-97d1-ddd78f51de2c
[92mINFO [0m:      Sent reply
[92mINFO [0m:      
[92mINFO [0m:      Received: evaluate message 62166367-2fa9-42ce-8897-ef5006b45bd9
[92mINFO [0m:      Sent reply
[92mINFO [0m:      
[92mINFO [0m:      Received: train message adfc064c-9acb-4f6a-99b4-bfe52ec748ea
[92mINFO [0m:      Sent reply
[92mINFO [0m:      
[92mINFO [0m:      Received: evaluate message 0160d2cb-0292-469a-8cf2-91faff4f5da6
[92mINFO [0m:      Sent reply
[92mINFO [0m:      
[92mINFO [0m:      Received: train message 970f44af-6619-44dc-8e94-2cccc86c9b29
[92mINFO [0m:      Sent reply
[92mINFO [0m:      
[92mINFO [0m:      Received: evaluate message 521d7178-ca21-4dd3-bb34-ee7e6b76d7bb
[92mINFO [0m:      Sent reply
[92mINFO [0m:      
[92mINFO [0m:      Received: train message e1c0e65c-c484-4b9e-b33d-c66e4b24364b
[92mINFO [0m:      Sent reply
[92mINFO [0m:      
[92mINFO [0m:      Received: evaluate message e5f6fb2b-5efc-4f11-bf46-c571f081c868
[92mINFO [0m:      Sent reply
[92mINFO [0m:      
[92mINFO [0m:      Received: train message c4c16651-6f2d-4758-a98d-cd95d1705804
[92mINFO [0m:      Sent reply
[92mINFO [0m:      
[92mINFO [0m:      Received: evaluate message 3f7a71fa-92cc-4456-8e93-8c896e338a01
[92mINFO [0m:      Sent reply
[92mINFO [0m:      
[92mINFO [0m:      Received: train message 35a0a134-e836-4acf-bb6d-60eef0a4e0cc
[92mINFO [0m:      Sent reply
[92mINFO [0m:      
[92mINFO [0m:      Received: evaluate message e0f5f5d0-3481-415e-a673-ac4eb4b18093
[92mINFO [0m:      Sent reply
[92mINFO [0m:      
[92mINFO [0m:      Received: train message a8d7cd05-6889-4453-aef6-8488c4c67ef8
[92mINFO [0m:      Sent reply
[92mINFO [0m:      
[92mINFO [0m:      Received: evaluate message 1c2c8bd8-6d5a-429f-9ab0-86967b2e6021
[92mINFO [0m:      Sent reply
[92mINFO [0m:      
[92mINFO [0m:      Received: train message c86b22ae-6f69-4a70-92aa-a5595a27fffc
[92mINFO [0m:      Sent reply
[92mINFO [0m:      
[92mINFO [0m:      Received: evaluate message 4e84b2b5-2cba-4dc2-9464-347ec3cf92f8
[92mINFO [0m:      Sent reply
[92mINFO [0m:      
[92mINFO [0m:      Received: train message d2e157ef-3d13-4be3-a997-763b725117cb
[92mINFO [0m:      Sent reply
[92mINFO [0m:      
[92mINFO [0m:      Received: evaluate message bda655a5-8982-448d-a844-5918e0e36438
[92mINFO [0m:      Sent reply
[92mINFO [0m:      
[92mINFO [0m:      Received: train message 026dc378-a6da-4b7f-829d-bbf587fe9a83
[92mINFO [0m:      Sent reply
[92mINFO [0m:      
[92mINFO [0m:      Received: evaluate message d91c99fc-e363-4b27-95f7-0ccddab336c5
[92mINFO [0m:      Sent reply
[92mINFO [0m:      
[92mINFO [0m:      Received: train message 58c4ed35-294e-4ae8-8af3-4453d7dbfa55
[92mINFO [0m:      Sent reply
[92mINFO [0m:      
[92mINFO [0m:      Received: evaluate message 81010fda-13d3-4ff9-92ca-fea6c87c7865
[92mINFO [0m:      Sent reply
[92mINFO [0m:      
[92mINFO [0m:      Received: train message fbc5dd4b-d3b6-485e-aed3-bfddf4344c0a
[92mINFO [0m:      Sent reply
[92mINFO [0m:      
[92mINFO [0m:      Received: evaluate message 1f7254a0-749e-433a-b1b5-f1471b0f3bf9
[92mINFO [0m:      Sent reply
[92mINFO [0m:      
[92mINFO [0m:      Received: train message 02ae30ca-4e7c-4c4e-8e4b-581642b1a211
[92mINFO [0m:      Sent reply
[92mINFO [0m:      
[92mINFO [0m:      Received: evaluate message 66ef52ee-1784-46c1-9cbe-8f30a0f93924
[92mINFO [0m:      Sent reply
[92mINFO [0m:      
[92mINFO [0m:      Received: train message e39ace64-f148-4feb-9a1b-97e5d2c658c2
[92mINFO [0m:      Sent reply
[92mINFO [0m:      
[92mINFO [0m:      Received: evaluate message df43e6c3-d5b1-4650-b4d0-aed98879013a
[92mINFO [0m:      Sent reply
[92mINFO [0m:      
[92mINFO [0m:      Received: train message 5eeee3b8-fb50-49b8-a6c1-bc02b69a050e
[92mINFO [0m:      Sent reply
[92mINFO [0m:      
[92mINFO [0m:      Received: evaluate message d4933205-94c5-4a3b-a0ed-7506d1a8930b
[92mINFO [0m:      Sent reply
[92mINFO [0m:      
[92mINFO [0m:      Received: train message 7b4f85a7-9e16-453e-928e-342bd7889033
[92mINFO [0m:      Sent reply
[92mINFO [0m:      
[92mINFO [0m:      Received: evaluate message 358b2e74-4395-4238-b411-82b9acc317fb
[92mINFO [0m:      Sent reply
[92mINFO [0m:      
[92mINFO [0m:      Received: train message 68b1dcdd-912f-454e-9d60-252b4b918aff
[92mINFO [0m:      Sent reply
[92mINFO [0m:      
[92mINFO [0m:      Received: evaluate message 771a11b8-d673-4d38-bc85-7b74133b2dc4
[92mINFO [0m:      Sent reply
[92mINFO [0m:      
[92mINFO [0m:      Received: train message 3f75313d-b21b-4ce5-a3d7-0dd2f62358a0
[92mINFO [0m:      Sent reply
[92mINFO [0m:      
[92mINFO [0m:      Received: evaluate message 57d5cce4-7044-47c9-8cad-0fe273eb2608
[92mINFO [0m:      Sent reply
[92mINFO [0m:      
[92mINFO [0m:      Received: train message 0e511e8a-6013-4bd0-b51c-855404cd1dd7
[92mINFO [0m:      Sent reply
[92mINFO [0m:      
[92mINFO [0m:      Received: evaluate message f5cb8772-0741-4676-953a-644ac3e7f84a
[92mINFO [0m:      Sent reply
[92mINFO [0m:      
[92mINFO [0m:      Received: train message 8b58b8f7-4193-4ce7-9c36-b151225d3c1a
[92mINFO [0m:      Sent reply
[92mINFO [0m:      
[92mINFO [0m:      Received: evaluate message 9b150b86-9cc9-4f3a-ba8c-de2f54dc2f35
[92mINFO [0m:      Sent reply
[92mINFO [0m:      
[92mINFO [0m:      Received: train message 8af21b12-49b7-44ce-983b-05ae3f093f19
[92mINFO [0m:      Sent reply
[92mINFO [0m:      
[92mINFO [0m:      Received: evaluate message 359cc0ea-637f-4cd7-8afd-f973466ea969
[92mINFO [0m:      Sent reply
[92mINFO [0m:      
[92mINFO [0m:      Received: train message a87ee887-5a5e-4492-9743-527804d4bcff
[92mINFO [0m:      Sent reply
[92mINFO [0m:      
[92mINFO [0m:      Received: evaluate message 18503ac4-c76e-40ff-8b25-09c832e96290
[92mINFO [0m:      Sent reply
[92mINFO [0m:      
[92mINFO [0m:      Received: train message ec6da95a-c158-4034-a646-77d0e3505257
[92mINFO [0m:      Sent reply
[92mINFO [0m:      
[92mINFO [0m:      Received: evaluate message bce21171-dfd8-4d99-be71-8f5af9c1531e
[92mINFO [0m:      Sent reply
[92mINFO [0m:      
[92mINFO [0m:      Received: train message fbe09ec8-13ad-449b-b07c-a0bc24275c22
[92mINFO [0m:      Sent reply
[92mINFO [0m:      
[92mINFO [0m:      Received: evaluate message 6c112215-307d-4bda-a367-2c40ec62b693
[92mINFO [0m:      Sent reply
[92mINFO [0m:      
[92mINFO [0m:      Received: reconnect message c2cb9268-38a8-4561-91e9-abaea26fc92c
[92mINFO [0m:      Disconnect and shut down
