[93mWARNING [0m:   DEPRECATED FEATURE: flwr.client.start_client() is deprecated.
	Instead, use the `flower-supernode` CLI command to start a SuperNode as shown below:

		$ flower-supernode --insecure --superlink='<IP>:<PORT>'

	To view all available options, run:

		$ flower-supernode --help

	Using `start_client()` is deprecated.

            This is a deprecated feature. It will be removed
            entirely in future versions of Flower.
        
[92mINFO [0m:      
[92mINFO [0m:      Received: train message 62960f63-5c9e-48b6-9ccf-2b8dcaa0f5e7
[92mINFO [0m:      Sent reply
[92mINFO [0m:      
[92mINFO [0m:      Received: evaluate message c8c13929-9f34-4350-9675-90f045428874
[92mINFO [0m:      Sent reply
[92mINFO [0m:      
[92mINFO [0m:      Received: train message 63b59771-7205-4c7b-a335-147f76666294
[92mINFO [0m:      Sent reply
[92mINFO [0m:      
[92mINFO [0m:      Received: evaluate message 8585adac-b5d7-4b84-ba04-fe5708dbc965
[92mINFO [0m:      Sent reply
[92mINFO [0m:      
[92mINFO [0m:      Received: train message 7a6be600-42b4-497d-8276-242129e21d09
[92mINFO [0m:      Sent reply
[92mINFO [0m:      
[92mINFO [0m:      Received: train message 8dd89dd6-71ff-4874-8ec0-0abeb68b0fdf
[92mINFO [0m:      Sent reply
[92mINFO [0m:      
[92mINFO [0m:      Received: train message 4d99fedf-33e9-4eec-aaf0-d2cea0e89322
[92mINFO [0m:      Sent reply
[92mINFO [0m:      
[92mINFO [0m:      Received: evaluate message 05062613-db81-4f2e-ba08-8d6dcc64783e
[92mINFO [0m:      Sent reply
[92mINFO [0m:      
[92mINFO [0m:      Received: train message b2888faf-7ac4-4c3b-ad4b-161b410ea687
[92mINFO [0m:      Sent reply
[92mINFO [0m:      
[92mINFO [0m:      Received: evaluate message 9b12f03f-eb4a-478b-9ad4-1e3bebf70ea7
[92mINFO [0m:      Sent reply
[92mINFO [0m:      
[92mINFO [0m:      Received: evaluate message 13c394e9-94a7-409e-beda-fa62bbefac2b
[92mINFO [0m:      Sent reply
[92mINFO [0m:      
[92mINFO [0m:      Received: train message 13ba43e8-e37b-4ca4-8e54-51725a3c8746
[92mINFO [0m:      Sent reply
[92mINFO [0m:      
[92mINFO [0m:      Received: evaluate message b0c82cb4-fab0-487e-b2e6-2620b59a1e05
[92mINFO [0m:      Sent reply
[92mINFO [0m:      
[92mINFO [0m:      Received: train message 81239b9b-80b2-4b27-a98d-129199db706d
[92mINFO [0m:      Sent reply
[92mINFO [0m:      
[92mINFO [0m:      Received: evaluate message 882abdeb-abd6-4a71-bc60-45b97d9abfd3
[92mINFO [0m:      Sent reply
[92mINFO [0m:      
[92mINFO [0m:      Received: train message d4408802-c1aa-4010-acf8-978f096c7942
[92mINFO [0m:      Sent reply
[92mINFO [0m:      
[92mINFO [0m:      Received: evaluate message 07701c85-4913-42f9-a1be-0f82405c9b27
[92mINFO [0m:      Sent reply
[92mINFO [0m:      
[92mINFO [0m:      Received: evaluate message 5f36245d-b05f-4948-a4cd-a0de3eea53b7
[92mINFO [0m:      Sent reply
[92mINFO [0m:      
[92mINFO [0m:      Received: evaluate message ea8ba1c7-085d-4963-b978-9f79236797b8
[92mINFO [0m:      Sent reply
[92mINFO [0m:      
[92mINFO [0m:      Received: train message 8f34e846-8e55-46db-97f1-54291daedea3
[92mINFO [0m:      Sent reply
[92mINFO [0m:      
[92mINFO [0m:      Received: evaluate message 4f895805-64fc-4ad9-8413-67d4e07cb1d6
[92mINFO [0m:      Sent reply
[92mINFO [0m:      
[92mINFO [0m:      Received: evaluate message 0f9bc776-91d9-4f73-ae02-598a3793ba81
[92mINFO [0m:      Sent reply
[92mINFO [0m:      
[92mINFO [0m:      Received: train message 04187456-365c-4dfe-a19f-4957640d665f
[92mINFO [0m:      Sent reply
[92mINFO [0m:      
[92mINFO [0m:      Received: evaluate message 195f98c5-c7a5-488a-bf76-787a9325c322
[92mINFO [0m:      Sent reply
[92mINFO [0m:      
[92mINFO [0m:      Received: train message 85ae9c7c-3253-4f4f-a08a-ffeff9ada7f0
[92mINFO [0m:      Sent reply
[92mINFO [0m:      
[92mINFO [0m:      Received: train message b2623535-bbbe-4f59-b1bb-018c917e885e
[92mINFO [0m:      Sent reply
[92mINFO [0m:      
[92mINFO [0m:      Received: evaluate message 6a65baf0-7587-4ae9-98fc-be1a6e260f11
[92mINFO [0m:      Sent reply
[92mINFO [0m:      
[92mINFO [0m:      Received: train message 1fe1f997-f67d-41fa-84cf-f16c9fd0337b
[92mINFO [0m:      Sent reply
[92mINFO [0m:      
[92mINFO [0m:      Received: evaluate message f80f59c5-5c6c-4110-83c3-6821889950da
[92mINFO [0m:      Sent reply
[92mINFO [0m:      
[92mINFO [0m:      Received: train message 0dc26ca5-ed07-483f-a23f-b62438017b95
[92mINFO [0m:      Sent reply
[92mINFO [0m:      
[92mINFO [0m:      Received: train message f7ad34de-9e4c-4ae3-aaa2-01c2b678c281
[92mINFO [0m:      Sent reply
[92mINFO [0m:      
[92mINFO [0m:      Received: train message 760e6d07-6600-41fc-b385-80b6e5411286
[92mINFO [0m:      Sent reply
[92mINFO [0m:      
[92mINFO [0m:      Received: evaluate message 014a1af9-4f16-45ea-9c05-3f4f49df199d
[92mINFO [0m:      Sent reply
[92mINFO [0m:      
[92mINFO [0m:      Received: train message dd66f307-9e85-4d38-bdd8-a07c65a0f8ce
[92mINFO [0m:      Sent reply
[92mINFO [0m:      
[92mINFO [0m:      Received: evaluate message 7ee5a1f0-cfab-4e76-865a-5674e0387e7c
[92mINFO [0m:      Sent reply
[92mINFO [0m:      
[92mINFO [0m:      Received: reconnect message 8c5468ee-1537-4765-9a8e-aca6da052a2c
[92mINFO [0m:      Disconnect and shut down
