[93mWARNING [0m:   DEPRECATED FEATURE: flwr.client.start_client() is deprecated.
	Instead, use the `flower-supernode` CLI command to start a SuperNode as shown below:

		$ flower-supernode --insecure --superlink='<IP>:<PORT>'

	To view all available options, run:

		$ flower-supernode --help

	Using `start_client()` is deprecated.

            This is a deprecated feature. It will be removed
            entirely in future versions of Flower.
        
[92mINFO [0m:      
[92mINFO [0m:      Received: train message be0386f3-1fe4-42c5-97f4-603335b07ac0
[92mINFO [0m:      Sent reply
[92mINFO [0m:      
[92mINFO [0m:      Received: evaluate message 703f88e3-a8db-4495-ab8d-5596c5d264d9
[92mINFO [0m:      Sent reply
[92mINFO [0m:      
[92mINFO [0m:      Received: train message c2cf6304-f24d-4d60-aec2-eb8bb78e4afd
[92mINFO [0m:      Sent reply
[92mINFO [0m:      
[92mINFO [0m:      Received: evaluate message 437c8262-5b15-4c0d-b636-07576c7f9237
[92mINFO [0m:      Sent reply
[92mINFO [0m:      
[92mINFO [0m:      Received: train message 7de60642-2ff3-4223-bd9a-399eb2be59c7
[92mINFO [0m:      Sent reply
[92mINFO [0m:      
[92mINFO [0m:      Received: train message c4aa5e63-86e6-4883-99b3-00385810d4d2
[92mINFO [0m:      Sent reply
[92mINFO [0m:      
[92mINFO [0m:      Received: evaluate message 7738a6ab-bef7-48e7-9286-6460c9af806a
[92mINFO [0m:      Sent reply
[92mINFO [0m:      
[92mINFO [0m:      Received: evaluate message ebaa36e1-2ffd-4aef-a315-bb860263b070
[92mINFO [0m:      Sent reply
[92mINFO [0m:      
[92mINFO [0m:      Received: train message 52ca88cf-1bf4-4889-9b49-1b61be928fc8
[92mINFO [0m:      Sent reply
[92mINFO [0m:      
[92mINFO [0m:      Received: evaluate message ddb5fdd9-6b73-4745-993a-5a3d130a84d4
[92mINFO [0m:      Sent reply
[92mINFO [0m:      
[92mINFO [0m:      Received: evaluate message 6723d2e4-b23e-47ab-8517-5b412aa7962b
[92mINFO [0m:      Sent reply
[92mINFO [0m:      
[92mINFO [0m:      Received: train message 53cef015-cc77-4d53-8c35-e15e54bad514
[92mINFO [0m:      Sent reply
[92mINFO [0m:      
[92mINFO [0m:      Received: evaluate message 88a8199d-0807-42d0-b903-8aaf74fe73d4
[92mINFO [0m:      Sent reply
[92mINFO [0m:      
[92mINFO [0m:      Received: train message 4f56193e-2688-4f67-b926-4e4fbbd5ef63
[92mINFO [0m:      Sent reply
[92mINFO [0m:      
[92mINFO [0m:      Received: evaluate message f874a716-06fb-4bd1-9593-9b25a354f5fb
[92mINFO [0m:      Sent reply
[92mINFO [0m:      
[92mINFO [0m:      Received: train message 3c07048c-6e3d-4679-8b91-a3778e7b070e
[92mINFO [0m:      Sent reply
[92mINFO [0m:      
[92mINFO [0m:      Received: train message d4298a02-fed3-416b-a47c-9569eeb9a4be
[92mINFO [0m:      Sent reply
[92mINFO [0m:      
[92mINFO [0m:      Received: train message d9bc8d32-b7e3-408a-929e-3fc9231b9b82
[92mINFO [0m:      Sent reply
[92mINFO [0m:      
[92mINFO [0m:      Received: train message 03ebff92-7948-4d82-9f1b-e1f910b9c68c
[92mINFO [0m:      Sent reply
[92mINFO [0m:      
[92mINFO [0m:      Received: train message 922dbf2a-2b21-4ff5-b2a6-d2d9ad901330
[92mINFO [0m:      Sent reply
[92mINFO [0m:      
[92mINFO [0m:      Received: evaluate message d1390343-5339-4919-9a81-55d19c00b822
[92mINFO [0m:      Sent reply
[92mINFO [0m:      
[92mINFO [0m:      Received: evaluate message ff2f912e-0c19-400a-b4b7-25a943494b9b
[92mINFO [0m:      Sent reply
[92mINFO [0m:      
[92mINFO [0m:      Received: evaluate message 0c5014e4-1134-4141-be83-866968147346
[92mINFO [0m:      Sent reply
[92mINFO [0m:      
[92mINFO [0m:      Received: evaluate message f7d71402-4b75-4008-9160-b11cd571902a
[92mINFO [0m:      Sent reply
[92mINFO [0m:      
[92mINFO [0m:      Received: evaluate message cfd32a15-c595-4b21-a081-88b6bc111b5e
[92mINFO [0m:      Sent reply
[92mINFO [0m:      
[92mINFO [0m:      Received: train message a80b5309-4316-4048-a89a-81394ed3872f
[92mINFO [0m:      Sent reply
[92mINFO [0m:      
[92mINFO [0m:      Received: evaluate message fd2f5117-4808-4d85-9fda-5d1c6798e302
[92mINFO [0m:      Sent reply
[92mINFO [0m:      
[92mINFO [0m:      Received: train message b77e9c8f-40ea-47d5-9d0d-9135018285d0
[92mINFO [0m:      Sent reply
[92mINFO [0m:      
[92mINFO [0m:      Received: reconnect message c9a00089-b560-4ee9-aac3-57ce393936b0
[92mINFO [0m:      Disconnect and shut down
