[93mWARNING [0m:   DEPRECATED FEATURE: flwr.client.start_client() is deprecated.
	Instead, use the `flower-supernode` CLI command to start a SuperNode as shown below:

		$ flower-supernode --insecure --superlink='<IP>:<PORT>'

	To view all available options, run:

		$ flower-supernode --help

	Using `start_client()` is deprecated.

            This is a deprecated feature. It will be removed
            entirely in future versions of Flower.
        
[92mINFO [0m:      
[92mINFO [0m:      Received: evaluate message 2d786330-e430-4bdb-a5b2-17f1f5190fa1
[92mINFO [0m:      Sent reply
[92mINFO [0m:      
[92mINFO [0m:      Received: evaluate message da17a80c-74bc-40fd-ae86-46d1d3b2fa05
[92mINFO [0m:      Sent reply
[92mINFO [0m:      
[92mINFO [0m:      Received: evaluate message 233891fc-4099-4487-a943-6c8d2f272b07
[92mINFO [0m:      Sent reply
[92mINFO [0m:      
[92mINFO [0m:      Received: evaluate message b25ed7df-3b42-48ac-b2e0-0bcfac7b6f00
[92mINFO [0m:      Sent reply
[92mINFO [0m:      
[92mINFO [0m:      Received: train message b6fe1563-9348-4e99-aab4-99b9f729532f
[92mINFO [0m:      Sent reply
[92mINFO [0m:      
[92mINFO [0m:      Received: evaluate message 682bd65e-e89e-43d3-9993-a68f2e19ce3c
[92mINFO [0m:      Sent reply
[92mINFO [0m:      
[92mINFO [0m:      Received: train message 7a2097dd-78e1-478f-bc48-3cff4bba1775
[92mINFO [0m:      Sent reply
[92mINFO [0m:      
[92mINFO [0m:      Received: train message 15f79e38-120c-4396-915c-9fe522e3a01a
[92mINFO [0m:      Sent reply
[92mINFO [0m:      
[92mINFO [0m:      Received: train message 4d25eb70-9b4d-4666-ac6d-157cda95ba08
[92mINFO [0m:      Sent reply
[92mINFO [0m:      
[92mINFO [0m:      Received: evaluate message c274b6f0-4d11-4484-89ce-90955f9fb600
[92mINFO [0m:      Sent reply
[92mINFO [0m:      
[92mINFO [0m:      Received: evaluate message ff9138d8-d4fb-4d16-9b02-a8eb1494073b
[92mINFO [0m:      Sent reply
[92mINFO [0m:      
[92mINFO [0m:      Received: train message 9761dba4-c50a-428b-aca3-efb9c118cce8
[92mINFO [0m:      Sent reply
[92mINFO [0m:      
[92mINFO [0m:      Received: evaluate message b2306a33-8088-4d99-85aa-e8de145d5402
[92mINFO [0m:      Sent reply
[92mINFO [0m:      
[92mINFO [0m:      Received: evaluate message fac5f1e9-235b-43ba-8d47-48d982cf170b
[92mINFO [0m:      Sent reply
[92mINFO [0m:      
[92mINFO [0m:      Received: train message 21a9fc03-8b48-4b97-bb70-e6cb3b4da4ab
[92mINFO [0m:      Sent reply
[92mINFO [0m:      
[92mINFO [0m:      Received: evaluate message ba54e7da-cbe7-4a5d-81d4-87b37e83559a
[92mINFO [0m:      Sent reply
[92mINFO [0m:      
[92mINFO [0m:      Received: train message 8fca5749-e6d0-4f8a-ba22-5f327d9e5cde
[92mINFO [0m:      Sent reply
[92mINFO [0m:      
[92mINFO [0m:      Received: evaluate message 4cc20016-aa3e-4351-8c25-9c45844295be
[92mINFO [0m:      Sent reply
[92mINFO [0m:      
[92mINFO [0m:      Received: evaluate message 08132a45-1d86-4bf8-a9e9-2559f22b0ab4
[92mINFO [0m:      Sent reply
[92mINFO [0m:      
[92mINFO [0m:      Received: train message 6eea7346-af3d-4f50-8715-11f636f1a15a
[92mINFO [0m:      Sent reply
[92mINFO [0m:      
[92mINFO [0m:      Received: train message aaacb8d5-59b4-446c-82fd-31ee46c188c4
[92mINFO [0m:      Sent reply
[92mINFO [0m:      
[92mINFO [0m:      Received: evaluate message 9040af08-a4a4-4e6a-8ffd-f5a59adfbcbb
[92mINFO [0m:      Sent reply
[92mINFO [0m:      
[92mINFO [0m:      Received: train message 55a1ebe8-e297-4b94-b07c-6c1fb36c7347
[92mINFO [0m:      Sent reply
[92mINFO [0m:      
[92mINFO [0m:      Received: evaluate message e19cbb09-b9f8-481d-9828-9d82f3fafbe2
[92mINFO [0m:      Sent reply
[92mINFO [0m:      
[92mINFO [0m:      Received: train message 0dc22d9d-be88-4f1d-a7d7-b7b8f5b5455c
[92mINFO [0m:      Sent reply
[92mINFO [0m:      
[92mINFO [0m:      Received: evaluate message 312a0d74-f3ce-43de-95f3-416eb2df5192
[92mINFO [0m:      Sent reply
[92mINFO [0m:      
[92mINFO [0m:      Received: train message 786f88bd-cd8d-452d-a852-71cb5190ff56
[92mINFO [0m:      Sent reply
[92mINFO [0m:      
[92mINFO [0m:      Received: train message e3633fbd-2611-44a5-bc96-f1f07d2ab0f5
[92mINFO [0m:      Sent reply
[92mINFO [0m:      
[92mINFO [0m:      Received: evaluate message 6260e25e-7ed1-46eb-8fa1-c1262d5df500
[92mINFO [0m:      Sent reply
[92mINFO [0m:      
[92mINFO [0m:      Received: evaluate message 3f0b5d55-5eab-46e1-8fd6-f8e96462d60a
[92mINFO [0m:      Sent reply
[92mINFO [0m:      
[92mINFO [0m:      Received: reconnect message 870bf997-b9a6-400b-8dde-79664eba04fe
[92mINFO [0m:      Disconnect and shut down
