[93mWARNING [0m:   DEPRECATED FEATURE: flwr.client.start_client() is deprecated.
	Instead, use the `flower-supernode` CLI command to start a SuperNode as shown below:

		$ flower-supernode --insecure --superlink='<IP>:<PORT>'

	To view all available options, run:

		$ flower-supernode --help

	Using `start_client()` is deprecated.

            This is a deprecated feature. It will be removed
            entirely in future versions of Flower.
        
[92mINFO [0m:      
[92mINFO [0m:      Received: evaluate message 7e764f64-4c66-4bc5-aab2-64e0881d403e
[92mINFO [0m:      Sent reply
[92mINFO [0m:      
[92mINFO [0m:      Received: train message 85e79691-f7e9-4f5f-a67b-657d6b96460a
[92mINFO [0m:      Sent reply
[92mINFO [0m:      
[92mINFO [0m:      Received: evaluate message e2c3816a-cfca-4f69-9766-730df29aec24
[92mINFO [0m:      Sent reply
[92mINFO [0m:      
[92mINFO [0m:      Received: train message bcce5108-26f5-4904-a26b-0e0e30fef6e4
[92mINFO [0m:      Sent reply
[92mINFO [0m:      
[92mINFO [0m:      Received: evaluate message e0ff4f57-0920-4af5-8f48-70519d61a37e
[92mINFO [0m:      Sent reply
[92mINFO [0m:      
[92mINFO [0m:      Received: evaluate message 20150476-1e62-43b6-95ef-4be479f9f116
[92mINFO [0m:      Sent reply
[92mINFO [0m:      
[92mINFO [0m:      Received: train message b40b875d-502d-435a-b977-7398a2882f79
[92mINFO [0m:      Sent reply
[92mINFO [0m:      
[92mINFO [0m:      Received: train message 5d6fb003-f4fd-4659-91be-9ac66e83eeb0
[92mINFO [0m:      Sent reply
[92mINFO [0m:      
[92mINFO [0m:      Received: evaluate message 0c4a39ed-8dca-4fc7-b098-18069e1307c1
[92mINFO [0m:      Sent reply
[92mINFO [0m:      
[92mINFO [0m:      Received: train message 797a5f7b-e362-4514-b4c2-1db60ae1e188
[92mINFO [0m:      Sent reply
[92mINFO [0m:      
[92mINFO [0m:      Received: train message 9dc7c583-af48-441d-8f6d-44430bb9f587
[92mINFO [0m:      Sent reply
[92mINFO [0m:      
[92mINFO [0m:      Received: evaluate message cb72c25a-90ca-46bf-8a4f-11586dd1f5a6
[92mINFO [0m:      Sent reply
[92mINFO [0m:      
[92mINFO [0m:      Received: evaluate message 4336bf59-6ff2-43d5-9938-6c5e765f0fe0
[92mINFO [0m:      Sent reply
[92mINFO [0m:      
[92mINFO [0m:      Received: train message e3951daf-0e12-4bd5-b958-1519ab8e5ad9
[92mINFO [0m:      Sent reply
[92mINFO [0m:      
[92mINFO [0m:      Received: evaluate message 9e8e686b-159a-4451-a8f6-93ad642409c7
[92mINFO [0m:      Sent reply
[92mINFO [0m:      
[92mINFO [0m:      Received: evaluate message 8cd0ad4d-6446-4129-bdde-2c79ae2a2d49
[92mINFO [0m:      Sent reply
[92mINFO [0m:      
[92mINFO [0m:      Received: train message 268b21b0-8791-4841-a6f8-6e35304cda2f
[92mINFO [0m:      Sent reply
[92mINFO [0m:      
[92mINFO [0m:      Received: evaluate message 74836530-ccf4-4f8f-a126-0b7c7942b235
[92mINFO [0m:      Sent reply
[92mINFO [0m:      
[92mINFO [0m:      Received: evaluate message b25b1ce4-a260-45d0-a565-59ca302120d1
[92mINFO [0m:      Sent reply
[92mINFO [0m:      
[92mINFO [0m:      Received: train message 8be49fe9-e012-4ca5-9293-7f7a701b8bf2
[92mINFO [0m:      Sent reply
[92mINFO [0m:      
[92mINFO [0m:      Received: train message 71ff7005-7d63-4ada-850f-0d793e227a3b
[92mINFO [0m:      Sent reply
[92mINFO [0m:      
[92mINFO [0m:      Received: evaluate message 72c173dd-ca6c-4e80-a51b-fa8728b97aa1
[92mINFO [0m:      Sent reply
[92mINFO [0m:      
[92mINFO [0m:      Received: train message 51f141ad-d1bc-4844-a0df-d8bee1f38361
[92mINFO [0m:      Sent reply
[92mINFO [0m:      
[92mINFO [0m:      Received: evaluate message 89d54903-95cf-4848-a8cb-5612bb50fed6
[92mINFO [0m:      Sent reply
[92mINFO [0m:      
[92mINFO [0m:      Received: evaluate message 6f75ba94-114b-4be2-a302-b4f6a96bdd63
[92mINFO [0m:      Sent reply
[92mINFO [0m:      
[92mINFO [0m:      Received: train message b552e5c2-d0a3-497b-9621-c796c4e8f803
[92mINFO [0m:      Sent reply
[92mINFO [0m:      
[92mINFO [0m:      Received: evaluate message 4a06f137-26ae-4d54-861c-6ce371202c98
[92mINFO [0m:      Sent reply
[92mINFO [0m:      
[92mINFO [0m:      Received: train message bcb65a53-c9a6-4a29-ace4-ce7ae681c880
[92mINFO [0m:      Sent reply
[92mINFO [0m:      
[92mINFO [0m:      Received: evaluate message 7acbd0ba-cad7-4c00-93ff-3e72a6b9eeb1
[92mINFO [0m:      Sent reply
[92mINFO [0m:      
[92mINFO [0m:      Received: evaluate message 9de8566d-47f2-4018-8c6a-9f105862f9cd
[92mINFO [0m:      Sent reply
[92mINFO [0m:      
[92mINFO [0m:      Received: evaluate message 0c864f40-3b7a-4020-b03d-e09ebfb4eeb9
[92mINFO [0m:      Sent reply
[92mINFO [0m:      
[92mINFO [0m:      Received: train message a6a67299-a9a3-4766-8776-e3557eb904b7
[92mINFO [0m:      Sent reply
[92mINFO [0m:      
[92mINFO [0m:      Received: reconnect message fa3c6c13-c765-4bb3-904d-73403de664c4
[92mINFO [0m:      Disconnect and shut down
