[93mWARNING [0m:   DEPRECATED FEATURE: flwr.client.start_client() is deprecated.
	Instead, use the `flower-supernode` CLI command to start a SuperNode as shown below:

		$ flower-supernode --insecure --superlink='<IP>:<PORT>'

	To view all available options, run:

		$ flower-supernode --help

	Using `start_client()` is deprecated.

            This is a deprecated feature. It will be removed
            entirely in future versions of Flower.
        
[92mINFO [0m:      
[92mINFO [0m:      Received: train message a8f37882-4576-4720-8289-74bfd08dffb9
[92mINFO [0m:      Sent reply
[92mINFO [0m:      
[92mINFO [0m:      Received: evaluate message c3e131ee-8730-4af8-954e-3646f974fbc5
[92mINFO [0m:      Sent reply
[92mINFO [0m:      
[92mINFO [0m:      Received: train message fd922caf-6575-4049-b4df-12a6b9f8f09a
[92mINFO [0m:      Sent reply
[92mINFO [0m:      
[92mINFO [0m:      Received: evaluate message 6c29471e-e3c1-43c9-b3bb-3f77d0243001
[92mINFO [0m:      Sent reply
[92mINFO [0m:      
[92mINFO [0m:      Received: train message c182af37-5e5e-4cab-85a9-6f167d92bc8e
[92mINFO [0m:      Sent reply
[92mINFO [0m:      
[92mINFO [0m:      Received: evaluate message 8e1a405d-a522-4861-9845-fd7ce2115e3f
[92mINFO [0m:      Sent reply
[92mINFO [0m:      
[92mINFO [0m:      Received: train message d8812bf4-95a8-4751-96f6-4b4fdd7e4cde
[92mINFO [0m:      Sent reply
[92mINFO [0m:      
[92mINFO [0m:      Received: evaluate message 359f7333-02c7-4d5d-a093-33bf8b974a7f
[92mINFO [0m:      Sent reply
[92mINFO [0m:      
[92mINFO [0m:      Received: train message 0884af84-0a29-4aa9-a39d-558e89d2e397
[92mINFO [0m:      Sent reply
[92mINFO [0m:      
[92mINFO [0m:      Received: evaluate message 40eb67fe-f297-49a9-b387-f906f33b3073
[92mINFO [0m:      Sent reply
[92mINFO [0m:      
[92mINFO [0m:      Received: train message 2a5d8815-0d0b-4717-aaf0-86e760391068
[92mINFO [0m:      Sent reply
[92mINFO [0m:      
[92mINFO [0m:      Received: evaluate message 7b1b2fdf-0fe1-4d92-8d4a-35f88e2e4cfd
[92mINFO [0m:      Sent reply
[92mINFO [0m:      
[92mINFO [0m:      Received: train message ca15177c-ee4c-4c32-bf58-79d8fc071b2a
[92mINFO [0m:      Sent reply
[92mINFO [0m:      
[92mINFO [0m:      Received: evaluate message 0a2a6696-3e6b-4bcb-9557-da3afce9aa5c
[92mINFO [0m:      Sent reply
[92mINFO [0m:      
[92mINFO [0m:      Received: train message f36037fa-c3b1-4884-bbf9-4789f1453466
[92mINFO [0m:      Sent reply
[92mINFO [0m:      
[92mINFO [0m:      Received: evaluate message c928b0b5-e111-426e-84e7-d187d10f8efb
[92mINFO [0m:      Sent reply
[92mINFO [0m:      
[92mINFO [0m:      Received: train message 7d0dfe60-6340-49bf-a478-b66b1a2715a5
[92mINFO [0m:      Sent reply
[92mINFO [0m:      
[92mINFO [0m:      Received: evaluate message 8e5adf87-09da-4bf8-aabd-1ff88c0558f5
[92mINFO [0m:      Sent reply
[92mINFO [0m:      
[92mINFO [0m:      Received: train message f96b0b98-fcfe-4b14-8dfb-f2cc2405bd43
[92mINFO [0m:      Sent reply
[92mINFO [0m:      
[92mINFO [0m:      Received: evaluate message 7c6c3828-a606-49d7-8d86-f73f2d012584
[92mINFO [0m:      Sent reply
[92mINFO [0m:      
[92mINFO [0m:      Received: train message 0272adb3-fd5a-4d82-aa74-3fdf2477f01a
[92mINFO [0m:      Sent reply
[92mINFO [0m:      
[92mINFO [0m:      Received: evaluate message e3705a22-dc5c-4e69-a8c6-d6cb8744a595
[92mINFO [0m:      Sent reply
[92mINFO [0m:      
[92mINFO [0m:      Received: train message 791c717e-111a-4d63-addc-731a1fcf6e94
[92mINFO [0m:      Sent reply
[92mINFO [0m:      
[92mINFO [0m:      Received: evaluate message 6225c9cd-2529-48c0-a96c-99337eabdd82
[92mINFO [0m:      Sent reply
[92mINFO [0m:      
[92mINFO [0m:      Received: train message b0b05a25-92e8-43b3-8a63-94b506807bc8
[92mINFO [0m:      Sent reply
[92mINFO [0m:      
[92mINFO [0m:      Received: evaluate message 7b3a69dd-0a72-4889-8fe8-f5daabbb7a16
[92mINFO [0m:      Sent reply
[92mINFO [0m:      
[92mINFO [0m:      Received: train message eecd6761-4203-40a1-b2c1-60a4e95d93e3
[92mINFO [0m:      Sent reply
[92mINFO [0m:      
[92mINFO [0m:      Received: evaluate message a5edd3b5-4d06-44f1-8f81-b472f3a49443
[92mINFO [0m:      Sent reply
[92mINFO [0m:      
[92mINFO [0m:      Received: train message 1464b9f2-2049-4a35-8a7f-fa389cfb2dd9
[92mINFO [0m:      Sent reply
[92mINFO [0m:      
[92mINFO [0m:      Received: evaluate message 4752eeee-3310-4751-b5f8-d7a954fdb312
[92mINFO [0m:      Sent reply
[92mINFO [0m:      
[92mINFO [0m:      Received: train message 5d5002a2-981b-487e-9096-1e6bc245b498
[92mINFO [0m:      Sent reply
[92mINFO [0m:      
[92mINFO [0m:      Received: evaluate message 5978ac18-c871-41f2-875a-97c22747aa7d
[92mINFO [0m:      Sent reply
[92mINFO [0m:      
[92mINFO [0m:      Received: train message a07f6c2b-2e95-451d-8a78-59c51aa6353a
[92mINFO [0m:      Sent reply
[92mINFO [0m:      
[92mINFO [0m:      Received: evaluate message de92a17c-36bb-4329-a09d-1bc76b3f1721
[92mINFO [0m:      Sent reply
[92mINFO [0m:      
[92mINFO [0m:      Received: train message c78e8b36-963e-4104-80ad-38ec750f4e08
[92mINFO [0m:      Sent reply
[92mINFO [0m:      
[92mINFO [0m:      Received: evaluate message 69adf05c-2954-4aad-a22c-822a255a4359
[92mINFO [0m:      Sent reply
[92mINFO [0m:      
[92mINFO [0m:      Received: train message dc02b8bf-eaae-4f29-8fcc-46cb33e65f2f
[92mINFO [0m:      Sent reply
[92mINFO [0m:      
[92mINFO [0m:      Received: evaluate message 821ad3e3-afb1-4728-9079-9d0d98fe0550
[92mINFO [0m:      Sent reply
[92mINFO [0m:      
[92mINFO [0m:      Received: train message 9f58cfed-3a3f-4e7a-b34a-54e90f6d0cb1
[92mINFO [0m:      Sent reply
[92mINFO [0m:      
[92mINFO [0m:      Received: evaluate message 4a13810b-e52d-4735-ad4c-942716d609f0
[92mINFO [0m:      Sent reply
[92mINFO [0m:      
[92mINFO [0m:      Received: train message a9f2df2c-2586-4c08-a06a-a64a6868ef21
[92mINFO [0m:      Sent reply
[92mINFO [0m:      
[92mINFO [0m:      Received: evaluate message f7e9b1cb-3fd9-4c49-b3f3-617d830f4e6e
[92mINFO [0m:      Sent reply
[92mINFO [0m:      
[92mINFO [0m:      Received: train message 9481b100-c257-4562-bc93-c629be50aa3e
[92mINFO [0m:      Sent reply
[92mINFO [0m:      
[92mINFO [0m:      Received: evaluate message c3b79d7a-9264-46d5-a633-f2a165698ef5
[92mINFO [0m:      Sent reply
[92mINFO [0m:      
[92mINFO [0m:      Received: train message cee8d48b-b3af-4ab2-af93-eea6c06be1db
[92mINFO [0m:      Sent reply
[92mINFO [0m:      
[92mINFO [0m:      Received: evaluate message 90b1d9fb-7e40-4d08-bc24-7a61d17f69fe
[92mINFO [0m:      Sent reply
[92mINFO [0m:      
[92mINFO [0m:      Received: train message 5c696fca-8e28-4480-a597-f41fe5f9cac0
[92mINFO [0m:      Sent reply
[92mINFO [0m:      
[92mINFO [0m:      Received: evaluate message 4bfb76e6-c6a1-4de9-8305-c745c7798b96
[92mINFO [0m:      Sent reply
[92mINFO [0m:      
[92mINFO [0m:      Received: train message 258ccfd4-6821-4398-ab21-d3222662df12
[92mINFO [0m:      Sent reply
[92mINFO [0m:      
[92mINFO [0m:      Received: evaluate message 075605d8-cbbd-48de-afdb-7d0722babf5f
[92mINFO [0m:      Sent reply
[92mINFO [0m:      
[92mINFO [0m:      Received: train message 8b95b961-da3f-46a7-914e-c74804d9ffd5
[92mINFO [0m:      Sent reply
[92mINFO [0m:      
[92mINFO [0m:      Received: evaluate message cb59c13c-49f7-43c6-8bb9-38956fbf6ce1
[92mINFO [0m:      Sent reply
[92mINFO [0m:      
[92mINFO [0m:      Received: train message e0707cf1-b027-4dce-82b8-65b4d2d4d68d
[92mINFO [0m:      Sent reply
[92mINFO [0m:      
[92mINFO [0m:      Received: evaluate message 66c17efd-8a71-4ce9-b13e-7c86bece26bb
[92mINFO [0m:      Sent reply
[92mINFO [0m:      
[92mINFO [0m:      Received: train message f0f09012-6cc2-4eb9-b1ad-0546091e2117
[92mINFO [0m:      Sent reply
[92mINFO [0m:      
[92mINFO [0m:      Received: evaluate message ffd04e85-1232-4105-b553-16b6320e73a2
[92mINFO [0m:      Sent reply
[92mINFO [0m:      
[92mINFO [0m:      Received: train message c967a2c5-8422-426f-832c-65291981acf0
[92mINFO [0m:      Sent reply
[92mINFO [0m:      
[92mINFO [0m:      Received: evaluate message f1f7daf3-df42-4e0f-82d3-c9723830b252
[92mINFO [0m:      Sent reply
[92mINFO [0m:      
[92mINFO [0m:      Received: train message d1c455d6-53b9-4820-a055-2e47144aff88
[92mINFO [0m:      Sent reply
[92mINFO [0m:      
[92mINFO [0m:      Received: evaluate message d9dfb56d-c0de-4329-98dc-f31a8a7e38ba
[92mINFO [0m:      Sent reply
[92mINFO [0m:      
[92mINFO [0m:      Received: train message 53444d50-b752-4eda-91da-272805111ac6
[92mINFO [0m:      Sent reply
[92mINFO [0m:      
[92mINFO [0m:      Received: evaluate message b6126f9e-3de3-44be-b7fc-cc309d7e0155
[92mINFO [0m:      Sent reply
[92mINFO [0m:      
[92mINFO [0m:      Received: train message c44204a9-e1cd-40f6-b08e-3dcaa3a9d790
[92mINFO [0m:      Sent reply
[92mINFO [0m:      
[92mINFO [0m:      Received: evaluate message baacc111-7a39-4d99-8974-9ac97e58bb16
[92mINFO [0m:      Sent reply
[92mINFO [0m:      
[92mINFO [0m:      Received: train message 520aa7ff-c8c8-42b8-92c4-5afe375b62fd
[92mINFO [0m:      Sent reply
[92mINFO [0m:      
[92mINFO [0m:      Received: evaluate message b92d5477-1dfc-4f0b-ba9d-fb7b006fb6c9
[92mINFO [0m:      Sent reply
[92mINFO [0m:      
[92mINFO [0m:      Received: train message bf195eeb-8dee-44b1-b2ef-7fc8790b1b20
[92mINFO [0m:      Sent reply
[92mINFO [0m:      
[92mINFO [0m:      Received: evaluate message b630837b-dcef-448a-b636-b11124b37c87
[92mINFO [0m:      Sent reply
[92mINFO [0m:      
[92mINFO [0m:      Received: train message 2e0e22d2-6d39-49a9-80fe-eeafbb48054c
[92mINFO [0m:      Sent reply
[92mINFO [0m:      
[92mINFO [0m:      Received: evaluate message 3e92c62c-e19f-4b53-9f52-f9ff84a6818e
[92mINFO [0m:      Sent reply
[92mINFO [0m:      
[92mINFO [0m:      Received: train message e0878da0-232a-45f0-9d0e-15cd4d1445a7
[92mINFO [0m:      Sent reply
[92mINFO [0m:      
[92mINFO [0m:      Received: evaluate message 3889f6e4-79d6-4ce8-91fd-becbcc235f80
[92mINFO [0m:      Sent reply
[92mINFO [0m:      
[92mINFO [0m:      Received: train message ead3e37c-a3ed-4d25-8793-6e49e4665a17
[92mINFO [0m:      Sent reply
[92mINFO [0m:      
[92mINFO [0m:      Received: evaluate message 5549e92c-36cf-401e-ac97-ff9eec520238
[92mINFO [0m:      Sent reply
[92mINFO [0m:      
[92mINFO [0m:      Received: train message c2b269d2-ac94-43b4-a1ea-a2931debe218
[92mINFO [0m:      Sent reply
[92mINFO [0m:      
[92mINFO [0m:      Received: evaluate message e189e111-e224-4bf6-8802-24fc24585fd4
[92mINFO [0m:      Sent reply
[92mINFO [0m:      
[92mINFO [0m:      Received: train message 0dc5c1fd-dba2-44e6-9b23-b041ab31bc4e
[92mINFO [0m:      Sent reply
[92mINFO [0m:      
[92mINFO [0m:      Received: evaluate message f8bf79cb-79a2-4117-b287-550d1adc0261
[92mINFO [0m:      Sent reply
[92mINFO [0m:      
[92mINFO [0m:      Received: train message 11e857dc-d690-46e4-9140-1221f80cb464
[92mINFO [0m:      Sent reply
[92mINFO [0m:      
[92mINFO [0m:      Received: evaluate message af5d758f-4a01-44ad-9261-a57d75f924f8
[92mINFO [0m:      Sent reply
[92mINFO [0m:      
[92mINFO [0m:      Received: train message cea2bda1-a021-4af3-b762-b2c2cc241fb3
[92mINFO [0m:      Sent reply
[92mINFO [0m:      
[92mINFO [0m:      Received: evaluate message 2d2c57ab-3423-4599-9542-214b49db98cc
[92mINFO [0m:      Sent reply
[92mINFO [0m:      
[92mINFO [0m:      Received: train message 31112f32-6a34-4e2f-87c3-e4fc0c4b91ef
[92mINFO [0m:      Sent reply
[92mINFO [0m:      
[92mINFO [0m:      Received: evaluate message 90195534-9fc3-46fc-a340-2d5b5d1568fe
[92mINFO [0m:      Sent reply
[92mINFO [0m:      
[92mINFO [0m:      Received: train message 6a292a96-7253-4f7b-9847-fd282b99c256
[92mINFO [0m:      Sent reply
[92mINFO [0m:      
[92mINFO [0m:      Received: evaluate message fa5f18d7-eddf-4258-bb94-42fc6ae03b93
[92mINFO [0m:      Sent reply
[92mINFO [0m:      
[92mINFO [0m:      Received: train message c4109972-b403-4c10-98c9-1842cdc3314c
[92mINFO [0m:      Sent reply
[92mINFO [0m:      
[92mINFO [0m:      Received: evaluate message 833d5115-8c03-4119-95c1-e9265ef5d5e0
[92mINFO [0m:      Sent reply
[92mINFO [0m:      
[92mINFO [0m:      Received: train message f1212c79-7702-48f7-87ee-f8c2a1baeafd
[92mINFO [0m:      Sent reply
[92mINFO [0m:      
[92mINFO [0m:      Received: evaluate message 5c454d87-1594-40e0-94f2-284f1673bda3
[92mINFO [0m:      Sent reply
[92mINFO [0m:      
[92mINFO [0m:      Received: train message d819e08a-4fb5-4d60-9be2-bd6153a8ac86
[92mINFO [0m:      Sent reply
[92mINFO [0m:      
[92mINFO [0m:      Received: evaluate message a566a340-fc64-49c7-b418-fc8cf1facb10
[92mINFO [0m:      Sent reply
[92mINFO [0m:      
[92mINFO [0m:      Received: train message 400a8842-ae33-47c5-a23c-a81bd0e3836b
[92mINFO [0m:      Sent reply
[92mINFO [0m:      
[92mINFO [0m:      Received: evaluate message 30df2d19-ffa2-461f-b0f6-6c07844320a9
[92mINFO [0m:      Sent reply
[92mINFO [0m:      
[92mINFO [0m:      Received: train message 78b1410c-79e5-4eda-96a2-174c514cf8a5
[92mINFO [0m:      Sent reply
[92mINFO [0m:      
[92mINFO [0m:      Received: evaluate message f96bd938-fbbe-4d92-862c-67ae780d6636
[92mINFO [0m:      Sent reply
[92mINFO [0m:      
[92mINFO [0m:      Received: train message 3a0787df-0eea-4cfb-9ddc-e41d92899bc5
[92mINFO [0m:      Sent reply
[92mINFO [0m:      
[92mINFO [0m:      Received: evaluate message b6d89eb5-f8df-4b1d-ac22-29c5fded4c1e
[92mINFO [0m:      Sent reply
[92mINFO [0m:      
[92mINFO [0m:      Received: train message 69d2acfe-3c81-422d-bc9c-e7e9ebbef4a5
[92mINFO [0m:      Sent reply
[92mINFO [0m:      
[92mINFO [0m:      Received: evaluate message 9c3f9c6a-8b5a-4c94-aa74-ea4beff7d915
[92mINFO [0m:      Sent reply
[92mINFO [0m:      
[92mINFO [0m:      Received: reconnect message fd1f5bed-9a57-445e-a4f2-104409c7f3e8
[92mINFO [0m:      Disconnect and shut down
