[93mWARNING [0m:   DEPRECATED FEATURE: flwr.client.start_client() is deprecated.
	Instead, use the `flower-supernode` CLI command to start a SuperNode as shown below:

		$ flower-supernode --insecure --superlink='<IP>:<PORT>'

	To view all available options, run:

		$ flower-supernode --help

	Using `start_client()` is deprecated.

            This is a deprecated feature. It will be removed
            entirely in future versions of Flower.
        
[92mINFO [0m:      
[92mINFO [0m:      Received: train message 790920d3-dbb3-422f-bcc4-8476f5baa0f6
[92mINFO [0m:      Sent reply
[92mINFO [0m:      
[92mINFO [0m:      Received: evaluate message e98b400b-c5f1-4cd4-8bae-4e42f1f35762
[92mINFO [0m:      Sent reply
[92mINFO [0m:      
[92mINFO [0m:      Received: train message 9b7a1605-6fbe-46c9-8bc2-c7420a10ef26
[92mINFO [0m:      Sent reply
[92mINFO [0m:      
[92mINFO [0m:      Received: evaluate message 33c9c5ff-0756-4a09-b1d3-a0ce4d8e025e
[92mINFO [0m:      Sent reply
[92mINFO [0m:      
[92mINFO [0m:      Received: train message 0006d175-1708-426c-82d0-3ca3492b9afd
[92mINFO [0m:      Sent reply
[92mINFO [0m:      
[92mINFO [0m:      Received: evaluate message a1cc273c-24cd-44ee-9334-b269f4d72579
[92mINFO [0m:      Sent reply
[92mINFO [0m:      
[92mINFO [0m:      Received: train message 458b453f-11fd-46fa-9425-2644c348b2d4
[92mINFO [0m:      Sent reply
[92mINFO [0m:      
[92mINFO [0m:      Received: evaluate message d3fae6d4-e48b-48ee-9df2-a719d8c1ae9c
[92mINFO [0m:      Sent reply
[92mINFO [0m:      
[92mINFO [0m:      Received: train message fd8fe0e3-342f-4a93-beb8-51761e977f32
[92mINFO [0m:      Sent reply
[92mINFO [0m:      
[92mINFO [0m:      Received: evaluate message a59ff2aa-fe37-42f7-b26d-e7ad0cc46404
[92mINFO [0m:      Sent reply
[92mINFO [0m:      
[92mINFO [0m:      Received: train message ef7f2364-1ca5-4aa8-94a5-d5321d515362
[92mINFO [0m:      Sent reply
[92mINFO [0m:      
[92mINFO [0m:      Received: evaluate message cadde259-7ef5-4eb3-872e-8deed7e62fd9
[92mINFO [0m:      Sent reply
[92mINFO [0m:      
[92mINFO [0m:      Received: train message 4fa6664c-ffbd-44d9-b08a-36e388d68d24
[92mINFO [0m:      Sent reply
[92mINFO [0m:      
[92mINFO [0m:      Received: evaluate message ae538307-c392-43ea-80b6-03cf7ddd1cdf
[92mINFO [0m:      Sent reply
[92mINFO [0m:      
[92mINFO [0m:      Received: train message f2cc0faf-56ce-4dfa-b1c8-baed9ae5e42d
[92mINFO [0m:      Sent reply
[92mINFO [0m:      
[92mINFO [0m:      Received: evaluate message 45284d6a-f472-46a8-b034-7f268ad7aee4
[92mINFO [0m:      Sent reply
[92mINFO [0m:      
[92mINFO [0m:      Received: train message 48b8637a-632a-4644-9c18-9c36fdf133b6
[92mINFO [0m:      Sent reply
[92mINFO [0m:      
[92mINFO [0m:      Received: evaluate message 2bde9767-15f6-4b81-b367-d602826ecc07
[92mINFO [0m:      Sent reply
[92mINFO [0m:      
[92mINFO [0m:      Received: train message bbb98f90-3cff-4f4d-bb07-bc2936d7977a
[92mINFO [0m:      Sent reply
[92mINFO [0m:      
[92mINFO [0m:      Received: evaluate message af9ad1df-dacb-462d-b8f5-b6a138e6e6dc
[92mINFO [0m:      Sent reply
[92mINFO [0m:      
[92mINFO [0m:      Received: train message 727e4040-158a-4263-942e-2c2fee2b200e
[92mINFO [0m:      Sent reply
[92mINFO [0m:      
[92mINFO [0m:      Received: evaluate message e9f8c528-58e3-4d41-840c-2e2239a9ffed
[92mINFO [0m:      Sent reply
[92mINFO [0m:      
[92mINFO [0m:      Received: train message 77ebd735-df16-4627-b104-19d7b9e598f0
[92mINFO [0m:      Sent reply
[92mINFO [0m:      
[92mINFO [0m:      Received: evaluate message 4f4c562f-399f-41c6-8a82-6fc287e6ddbd
[92mINFO [0m:      Sent reply
[92mINFO [0m:      
[92mINFO [0m:      Received: train message 3515e28f-7418-4f61-99c4-8fcb711603ca
[92mINFO [0m:      Sent reply
[92mINFO [0m:      
[92mINFO [0m:      Received: evaluate message c7b18feb-191c-475a-a091-e4393189785c
[92mINFO [0m:      Sent reply
[92mINFO [0m:      
[92mINFO [0m:      Received: train message ebc16268-0e52-4949-8e0e-8a3ad2d2fceb
[92mINFO [0m:      Sent reply
[92mINFO [0m:      
[92mINFO [0m:      Received: evaluate message 1980586a-5c00-4228-ac90-9312a94dd716
[92mINFO [0m:      Sent reply
[92mINFO [0m:      
[92mINFO [0m:      Received: train message 3d71d7ef-6e9e-4851-aa3a-647885a3d420
[92mINFO [0m:      Sent reply
[92mINFO [0m:      
[92mINFO [0m:      Received: evaluate message 0681d4c3-3547-4aff-8d14-95f39f9082ec
[92mINFO [0m:      Sent reply
[92mINFO [0m:      
[92mINFO [0m:      Received: train message d280f4d7-d1d0-4fc3-9cd1-2f8a6a674c99
[92mINFO [0m:      Sent reply
[92mINFO [0m:      
[92mINFO [0m:      Received: evaluate message 9faf88cb-1d42-49f8-8d83-47de1c5f561a
[92mINFO [0m:      Sent reply
[92mINFO [0m:      
[92mINFO [0m:      Received: train message 6b46daa5-c92a-4c2e-a7b7-36bfba851a38
[92mINFO [0m:      Sent reply
[92mINFO [0m:      
[92mINFO [0m:      Received: evaluate message 7b61bf75-c217-4194-aa66-cafc5fc6996d
[92mINFO [0m:      Sent reply
[92mINFO [0m:      
[92mINFO [0m:      Received: train message 483521f6-8d63-490e-a2aa-575c713df4ee
[92mINFO [0m:      Sent reply
[92mINFO [0m:      
[92mINFO [0m:      Received: evaluate message 2a5626d8-0929-453d-a07c-fe914155510a
[92mINFO [0m:      Sent reply
[92mINFO [0m:      
[92mINFO [0m:      Received: train message cb196c4a-27d2-42a4-98d9-a111184fbb84
[92mINFO [0m:      Sent reply
[92mINFO [0m:      
[92mINFO [0m:      Received: evaluate message 398bd135-4d17-4a55-ad13-3921ae155d28
[92mINFO [0m:      Sent reply
[92mINFO [0m:      
[92mINFO [0m:      Received: train message c81a5322-f1e6-4bf9-a281-b9c9d04ead64
[92mINFO [0m:      Sent reply
[92mINFO [0m:      
[92mINFO [0m:      Received: evaluate message 1eda41dd-d96c-4cd8-886f-e1cf4037cf17
[92mINFO [0m:      Sent reply
[92mINFO [0m:      
[92mINFO [0m:      Received: train message 9263a370-4422-45fb-9c1a-55a37714efff
[92mINFO [0m:      Sent reply
[92mINFO [0m:      
[92mINFO [0m:      Received: evaluate message bc3701ae-459b-48e6-bc65-48fb1f1ce19e
[92mINFO [0m:      Sent reply
[92mINFO [0m:      
[92mINFO [0m:      Received: train message 428f7b76-93f1-4a00-b76b-822c95c6e9a8
[92mINFO [0m:      Sent reply
[92mINFO [0m:      
[92mINFO [0m:      Received: evaluate message 48a9191c-f529-443a-833d-0a3b6c90ed2f
[92mINFO [0m:      Sent reply
[92mINFO [0m:      
[92mINFO [0m:      Received: train message 7c93e0d0-dcba-4419-a17b-3fd793ffabdf
[92mINFO [0m:      Sent reply
[92mINFO [0m:      
[92mINFO [0m:      Received: evaluate message 8c3c4e34-28e5-4e20-8260-2d8a39ed8686
[92mINFO [0m:      Sent reply
[92mINFO [0m:      
[92mINFO [0m:      Received: train message b361e0a8-2731-4400-9862-bc321c746015
[92mINFO [0m:      Sent reply
[92mINFO [0m:      
[92mINFO [0m:      Received: evaluate message 2c8bef3b-e5ae-419b-97a4-aa22bc56c44a
[92mINFO [0m:      Sent reply
[92mINFO [0m:      
[92mINFO [0m:      Received: train message f3c710fa-a651-40c1-8b56-15dc8ac4ed60
[92mINFO [0m:      Sent reply
[92mINFO [0m:      
[92mINFO [0m:      Received: evaluate message 7aaf4900-52d6-430b-804c-ed4518dc3130
[92mINFO [0m:      Sent reply
[92mINFO [0m:      
[92mINFO [0m:      Received: train message b5c53581-70df-4683-bfe7-fa297d1222b8
[92mINFO [0m:      Sent reply
[92mINFO [0m:      
[92mINFO [0m:      Received: evaluate message 948f465f-f369-4290-84b4-dca3ced26f5f
[92mINFO [0m:      Sent reply
[92mINFO [0m:      
[92mINFO [0m:      Received: train message 96181c6d-25e4-4aa5-b86a-9a4eedcf511c
[92mINFO [0m:      Sent reply
[92mINFO [0m:      
[92mINFO [0m:      Received: evaluate message 56782b22-762d-4b20-b675-20a4d8ada287
[92mINFO [0m:      Sent reply
[92mINFO [0m:      
[92mINFO [0m:      Received: train message ce70171a-b19a-40b0-8e30-383f4c22cd09
[92mINFO [0m:      Sent reply
[92mINFO [0m:      
[92mINFO [0m:      Received: evaluate message 5c6cdaad-3f9d-4538-8476-a9d785da5249
[92mINFO [0m:      Sent reply
[92mINFO [0m:      
[92mINFO [0m:      Received: train message 21b66e0d-77d3-4096-aa84-ad3a8d37e3fa
[92mINFO [0m:      Sent reply
[92mINFO [0m:      
[92mINFO [0m:      Received: evaluate message 5bcf8652-3e82-4df8-a390-3f00bd976c80
[92mINFO [0m:      Sent reply
[92mINFO [0m:      
[92mINFO [0m:      Received: train message 6dfc6acb-faf9-4cea-b5f5-8a65349ca158
[92mINFO [0m:      Sent reply
[92mINFO [0m:      
[92mINFO [0m:      Received: evaluate message d0d38c3a-e7dc-48df-9b18-3b776a4642d7
[92mINFO [0m:      Sent reply
[92mINFO [0m:      
[92mINFO [0m:      Received: train message 90b12ea5-3c4c-4e60-aa22-ae8954cc3382
[92mINFO [0m:      Sent reply
[92mINFO [0m:      
[92mINFO [0m:      Received: evaluate message 7d825285-86c4-417c-89d1-2078ae4d1c6a
[92mINFO [0m:      Sent reply
[92mINFO [0m:      
[92mINFO [0m:      Received: train message a6eed224-1f0b-4591-b7f1-91ad0c64f285
[92mINFO [0m:      Sent reply
[92mINFO [0m:      
[92mINFO [0m:      Received: evaluate message 382c9d55-2110-4cfe-b494-5998e45f0d0a
[92mINFO [0m:      Sent reply
[92mINFO [0m:      
[92mINFO [0m:      Received: train message b704e0ba-daf5-4316-8c40-7aa20fab770f
[92mINFO [0m:      Sent reply
[92mINFO [0m:      
[92mINFO [0m:      Received: evaluate message 7d0758da-4eeb-4e87-b209-2e817d428efa
[92mINFO [0m:      Sent reply
[92mINFO [0m:      
[92mINFO [0m:      Received: train message de7862a7-1d5b-46df-a03f-174c8fd7258d
[92mINFO [0m:      Sent reply
[92mINFO [0m:      
[92mINFO [0m:      Received: evaluate message 7c2750be-b361-4df9-875c-d6ce884d22e6
[92mINFO [0m:      Sent reply
[92mINFO [0m:      
[92mINFO [0m:      Received: train message b683d184-e4ea-4415-bdba-547f1f60c52e
[92mINFO [0m:      Sent reply
[92mINFO [0m:      
[92mINFO [0m:      Received: evaluate message 092e3a5a-813f-4117-b052-ab3140eae33e
[92mINFO [0m:      Sent reply
[92mINFO [0m:      
[92mINFO [0m:      Received: train message 1def2078-0e29-4b6b-b78e-761fbf9e7aca
[92mINFO [0m:      Sent reply
[92mINFO [0m:      
[92mINFO [0m:      Received: evaluate message be50c340-a0a8-41e4-b9f3-ddf1b70b8f29
[92mINFO [0m:      Sent reply
[92mINFO [0m:      
[92mINFO [0m:      Received: train message a4c2d685-e0e1-49bc-9a5b-028ebe590c7f
[92mINFO [0m:      Sent reply
[92mINFO [0m:      
[92mINFO [0m:      Received: evaluate message be4357c7-21ad-4773-a134-1e21359287f3
[92mINFO [0m:      Sent reply
[92mINFO [0m:      
[92mINFO [0m:      Received: train message 107d69e8-d12a-4352-8efe-d0702be6755c
[92mINFO [0m:      Sent reply
[92mINFO [0m:      
[92mINFO [0m:      Received: evaluate message b48d2e50-c98e-4ec7-9d62-345ae8e34edb
[92mINFO [0m:      Sent reply
[92mINFO [0m:      
[92mINFO [0m:      Received: train message ad2e8b56-6fd3-4bf6-b66f-bc59afe22342
[92mINFO [0m:      Sent reply
[92mINFO [0m:      
[92mINFO [0m:      Received: evaluate message 7a1e18d6-2086-4c4a-a06a-862953cc89e3
[92mINFO [0m:      Sent reply
[92mINFO [0m:      
[92mINFO [0m:      Received: train message d780ef41-bafc-4e2a-a1d1-8f6ecc55489f
[92mINFO [0m:      Sent reply
[92mINFO [0m:      
[92mINFO [0m:      Received: evaluate message dd903902-4299-4e3c-83a9-c40cbe878eb5
[92mINFO [0m:      Sent reply
[92mINFO [0m:      
[92mINFO [0m:      Received: train message ee86390a-5292-4448-8518-52790d6cb364
[92mINFO [0m:      Sent reply
[92mINFO [0m:      
[92mINFO [0m:      Received: evaluate message 0c4c52fc-8eee-4cc3-a8a5-3d54080ff75c
[92mINFO [0m:      Sent reply
[92mINFO [0m:      
[92mINFO [0m:      Received: train message 30dad836-2930-46de-af33-63f800774dae
[92mINFO [0m:      Sent reply
[92mINFO [0m:      
[92mINFO [0m:      Received: evaluate message 06522984-45ef-42a2-8790-eda7071f565c
[92mINFO [0m:      Sent reply
[92mINFO [0m:      
[92mINFO [0m:      Received: train message b1aea1b6-b48d-43fb-ad04-b04527ffa4e1
[92mINFO [0m:      Sent reply
[92mINFO [0m:      
[92mINFO [0m:      Received: evaluate message 4fdad774-d4b8-426e-9cb5-5a75c0917b30
[92mINFO [0m:      Sent reply
[92mINFO [0m:      
[92mINFO [0m:      Received: train message a6b4c377-a7d9-4406-940f-f5f250b61383
[92mINFO [0m:      Sent reply
[92mINFO [0m:      
[92mINFO [0m:      Received: evaluate message bfff32a4-c9ed-4603-96e8-7e90b0aee485
[92mINFO [0m:      Sent reply
[92mINFO [0m:      
[92mINFO [0m:      Received: train message ab9dca41-a1fb-4690-b216-05f8e6dc01c9
[92mINFO [0m:      Sent reply
[92mINFO [0m:      
[92mINFO [0m:      Received: evaluate message 7169f16a-1cca-4017-b402-d95d65c0bb2e
[92mINFO [0m:      Sent reply
[92mINFO [0m:      
[92mINFO [0m:      Received: train message abb52e71-ddd3-4a1d-b9e2-12f57034165e
[92mINFO [0m:      Sent reply
[92mINFO [0m:      
[92mINFO [0m:      Received: evaluate message 0374d9f2-0975-4d3a-adf7-53ed6fd3d6f2
[92mINFO [0m:      Sent reply
[92mINFO [0m:      
[92mINFO [0m:      Received: train message c5dd65e2-58f3-474e-915b-85ce376f98ed
[92mINFO [0m:      Sent reply
[92mINFO [0m:      
[92mINFO [0m:      Received: evaluate message cfd9c380-f718-4664-bb4d-657cd862c099
[92mINFO [0m:      Sent reply
[92mINFO [0m:      
[92mINFO [0m:      Received: train message 508f659b-bcb8-4c35-94d5-f47f1d7aca6c
[92mINFO [0m:      Sent reply
[92mINFO [0m:      
[92mINFO [0m:      Received: evaluate message 790670f8-f653-4e25-9017-611a055b2bc2
[92mINFO [0m:      Sent reply
[92mINFO [0m:      
[92mINFO [0m:      Received: train message 2dbc94fc-b1df-429b-a091-4a6dc00fd59f
[92mINFO [0m:      Sent reply
[92mINFO [0m:      
[92mINFO [0m:      Received: evaluate message fe2fe287-750c-4ad3-ad5e-15d24981c3e4
[92mINFO [0m:      Sent reply
[92mINFO [0m:      
[92mINFO [0m:      Received: train message 05b41e89-2f27-4795-a9a6-915161e9581d
[92mINFO [0m:      Sent reply
[92mINFO [0m:      
[92mINFO [0m:      Received: evaluate message 544d7e1f-21d5-479b-a9d8-d5ab200df95c
[92mINFO [0m:      Sent reply
[92mINFO [0m:      
[92mINFO [0m:      Received: reconnect message 0198c262-40a0-453f-9e46-699b1cfcdb91
[92mINFO [0m:      Disconnect and shut down
