[93mWARNING [0m:   DEPRECATED FEATURE: flwr.client.start_client() is deprecated.
	Instead, use the `flower-supernode` CLI command to start a SuperNode as shown below:

		$ flower-supernode --insecure --superlink='<IP>:<PORT>'

	To view all available options, run:

		$ flower-supernode --help

	Using `start_client()` is deprecated.

            This is a deprecated feature. It will be removed
            entirely in future versions of Flower.
        
[92mINFO [0m:      
[92mINFO [0m:      Received: train message 7008511a-dc47-4155-b7d5-2c9a4cf34f2e
[92mINFO [0m:      Sent reply
[92mINFO [0m:      
[92mINFO [0m:      Received: evaluate message ac1ccb7b-cd5b-4345-b06c-607edbb3bfaf
[92mINFO [0m:      Sent reply
[92mINFO [0m:      
[92mINFO [0m:      Received: train message f41a26ad-affe-4abb-b850-3c1680936eb4
[92mINFO [0m:      Sent reply
[92mINFO [0m:      
[92mINFO [0m:      Received: evaluate message dcb6512f-baa9-48c5-83cb-8f1a0f07dd8b
[92mINFO [0m:      Sent reply
[92mINFO [0m:      
[92mINFO [0m:      Received: train message a7bd28b0-8eba-4500-b8f2-067a57a2b6b1
[92mINFO [0m:      Sent reply
[92mINFO [0m:      
[92mINFO [0m:      Received: evaluate message 8e34f667-17ca-4205-a148-2e9dd6216dcb
[92mINFO [0m:      Sent reply
[92mINFO [0m:      
[92mINFO [0m:      Received: train message 4d341457-90ba-4778-95a5-c3f76e556e6a
[92mINFO [0m:      Sent reply
[92mINFO [0m:      
[92mINFO [0m:      Received: evaluate message ee9ffca3-45fa-465b-b292-701a750dbfa1
[92mINFO [0m:      Sent reply
[92mINFO [0m:      
[92mINFO [0m:      Received: train message 2a3f7740-5c17-428d-b143-688bf63e1b48
[92mINFO [0m:      Sent reply
[92mINFO [0m:      
[92mINFO [0m:      Received: evaluate message ea72cbd6-9831-4b95-bae9-726f147e491d
[92mINFO [0m:      Sent reply
[92mINFO [0m:      
[92mINFO [0m:      Received: train message 34287f1e-1f28-419d-97ca-9aa418510d8f
[92mINFO [0m:      Sent reply
[92mINFO [0m:      
[92mINFO [0m:      Received: evaluate message 74eb8e3a-4961-4c09-91f1-4aa506da54db
[92mINFO [0m:      Sent reply
[92mINFO [0m:      
[92mINFO [0m:      Received: train message 7ff6ea3c-9184-4bf4-8dd1-f66048b82b89
[92mINFO [0m:      Sent reply
[92mINFO [0m:      
[92mINFO [0m:      Received: evaluate message 8b09c8ae-8cea-4737-94fc-5d5c92a9dcfb
[92mINFO [0m:      Sent reply
[92mINFO [0m:      
[92mINFO [0m:      Received: train message 9567945d-9825-48b3-8533-caa5065e3b60
[92mINFO [0m:      Sent reply
[92mINFO [0m:      
[92mINFO [0m:      Received: evaluate message 1517e300-f572-43f4-91e4-8ddf23999e39
[92mINFO [0m:      Sent reply
[92mINFO [0m:      
[92mINFO [0m:      Received: train message d793f4b0-0071-43d0-a8d6-77563c7aa7eb
[92mINFO [0m:      Sent reply
[92mINFO [0m:      
[92mINFO [0m:      Received: evaluate message 9b8f6068-8b5f-4437-a2ec-25b6491d1b18
[92mINFO [0m:      Sent reply
[92mINFO [0m:      
[92mINFO [0m:      Received: train message 61f1018f-d58e-4d38-8b80-e5e61c17e349
[92mINFO [0m:      Sent reply
[92mINFO [0m:      
[92mINFO [0m:      Received: evaluate message 24451a5d-4ebe-46eb-b725-cf66ca93042f
[92mINFO [0m:      Sent reply
[92mINFO [0m:      
[92mINFO [0m:      Received: train message 4f5861b0-4963-447c-b2a4-506d8e62ed1e
[92mINFO [0m:      Sent reply
[92mINFO [0m:      
[92mINFO [0m:      Received: evaluate message b3394784-a47e-45c4-a48b-3fb12807167a
[92mINFO [0m:      Sent reply
[92mINFO [0m:      
[92mINFO [0m:      Received: train message 2db898d6-aa20-4d2c-a074-43a02bf94986
[92mINFO [0m:      Sent reply
[92mINFO [0m:      
[92mINFO [0m:      Received: evaluate message 4b6dd332-327d-483a-bcad-ba4636bd041e
[92mINFO [0m:      Sent reply
[92mINFO [0m:      
[92mINFO [0m:      Received: train message e03267d4-a1fc-4894-bf2a-00349cf8a683
[92mINFO [0m:      Sent reply
[92mINFO [0m:      
[92mINFO [0m:      Received: evaluate message 950734f3-8d4c-4626-ad2e-8c6ca8df6fe7
[92mINFO [0m:      Sent reply
[92mINFO [0m:      
[92mINFO [0m:      Received: train message 76461578-4026-4f3e-8229-81f0916ae28d
[92mINFO [0m:      Sent reply
[92mINFO [0m:      
[92mINFO [0m:      Received: evaluate message a52c1a36-502a-48e3-9a13-466cc1a038e0
[92mINFO [0m:      Sent reply
[92mINFO [0m:      
[92mINFO [0m:      Received: train message 4c0fb6b1-7798-4257-8f51-00ab892a7060
[92mINFO [0m:      Sent reply
[92mINFO [0m:      
[92mINFO [0m:      Received: evaluate message f9981986-385d-473c-bba7-e28ffdfa8048
[92mINFO [0m:      Sent reply
[92mINFO [0m:      
[92mINFO [0m:      Received: train message 9547e5a9-515c-486e-8554-416db3000e47
[92mINFO [0m:      Sent reply
[92mINFO [0m:      
[92mINFO [0m:      Received: evaluate message e2d1e296-9a1f-456d-b696-87332af12521
[92mINFO [0m:      Sent reply
[92mINFO [0m:      
[92mINFO [0m:      Received: train message c63f1d4d-359c-4247-b0db-97f06e0e6ffb
[92mINFO [0m:      Sent reply
[92mINFO [0m:      
[92mINFO [0m:      Received: evaluate message 7958e09c-fa28-4026-ba2e-fdda4666d091
[92mINFO [0m:      Sent reply
[92mINFO [0m:      
[92mINFO [0m:      Received: train message d214bd27-36d8-40ae-bbb4-344c55d70221
[92mINFO [0m:      Sent reply
[92mINFO [0m:      
[92mINFO [0m:      Received: evaluate message d8f0e425-5a7a-4066-8ad7-6ca2b32aa833
[92mINFO [0m:      Sent reply
[92mINFO [0m:      
[92mINFO [0m:      Received: train message dbd8a0dd-ac46-479f-8f68-4b32267104c9
[92mINFO [0m:      Sent reply
[92mINFO [0m:      
[92mINFO [0m:      Received: evaluate message 6c3af4ed-bf2c-4b5c-96a1-815df5d97509
[92mINFO [0m:      Sent reply
[92mINFO [0m:      
[92mINFO [0m:      Received: train message b729b8ba-22c7-44a3-a979-81404a56a1f6
[92mINFO [0m:      Sent reply
[92mINFO [0m:      
[92mINFO [0m:      Received: evaluate message 4908b4c2-16b3-49b0-b49c-0277ff589f47
[92mINFO [0m:      Sent reply
[92mINFO [0m:      
[92mINFO [0m:      Received: train message 83ead20f-26f5-4ec3-b9b6-1f126db1de50
[92mINFO [0m:      Sent reply
[92mINFO [0m:      
[92mINFO [0m:      Received: evaluate message cd2974f1-a2fa-4baf-a08a-42967cdec8ae
[92mINFO [0m:      Sent reply
[92mINFO [0m:      
[92mINFO [0m:      Received: train message a6402247-04f5-4678-9eba-69debd93870f
[92mINFO [0m:      Sent reply
[92mINFO [0m:      
[92mINFO [0m:      Received: evaluate message 925f679d-de8f-408e-8286-f6de41e96885
[92mINFO [0m:      Sent reply
[92mINFO [0m:      
[92mINFO [0m:      Received: train message 1d3ed78a-29c9-4440-be77-927eed258cef
[92mINFO [0m:      Sent reply
[92mINFO [0m:      
[92mINFO [0m:      Received: evaluate message 958d2737-abfa-4a2f-807d-a1d70b040597
[92mINFO [0m:      Sent reply
[92mINFO [0m:      
[92mINFO [0m:      Received: train message 5f0cff57-8118-4471-a809-3bdf6a2c7724
[92mINFO [0m:      Sent reply
[92mINFO [0m:      
[92mINFO [0m:      Received: evaluate message 7cee14f7-9a4e-4bc7-9c63-b2ef229116f7
[92mINFO [0m:      Sent reply
[92mINFO [0m:      
[92mINFO [0m:      Received: train message ba5cc002-53cb-4f76-bf4e-7ac6925c7f08
[92mINFO [0m:      Sent reply
[92mINFO [0m:      
[92mINFO [0m:      Received: evaluate message 8e73b4a2-c3ea-4dd4-b0d0-6afab35bf179
[92mINFO [0m:      Sent reply
[92mINFO [0m:      
[92mINFO [0m:      Received: train message d7088c60-aa0f-4e05-8fe5-8c9e48d38b35
[92mINFO [0m:      Sent reply
[92mINFO [0m:      
[92mINFO [0m:      Received: evaluate message ea79810f-dc30-429b-9003-34cf3a117555
[92mINFO [0m:      Sent reply
[92mINFO [0m:      
[92mINFO [0m:      Received: train message 299fdbd2-12e4-4a61-8f23-6f8116d25094
[92mINFO [0m:      Sent reply
[92mINFO [0m:      
[92mINFO [0m:      Received: evaluate message 7ee52350-27b4-4cc5-a736-6b27a72b792b
[92mINFO [0m:      Sent reply
[92mINFO [0m:      
[92mINFO [0m:      Received: train message f39fbe04-4f56-4025-b4d7-5793afbd3ef2
[92mINFO [0m:      Sent reply
[92mINFO [0m:      
[92mINFO [0m:      Received: evaluate message 4290c124-a0eb-485b-a4e3-063e2a9a38df
[92mINFO [0m:      Sent reply
[92mINFO [0m:      
[92mINFO [0m:      Received: train message 27813711-38fe-4772-b97c-04731525ab11
[92mINFO [0m:      Sent reply
[92mINFO [0m:      
[92mINFO [0m:      Received: evaluate message 5a2b0adc-d59f-479b-b2c3-8d8a21c26baf
[92mINFO [0m:      Sent reply
[92mINFO [0m:      
[92mINFO [0m:      Received: train message e11bb5ba-11b6-4087-a59a-fd658d102f7e
[92mINFO [0m:      Sent reply
[92mINFO [0m:      
[92mINFO [0m:      Received: evaluate message d1f0fa31-e9da-4f88-b0db-75f4314cf25a
[92mINFO [0m:      Sent reply
[92mINFO [0m:      
[92mINFO [0m:      Received: train message badf9372-f28b-4672-8e39-7bf5b2759fc2
[92mINFO [0m:      Sent reply
[92mINFO [0m:      
[92mINFO [0m:      Received: evaluate message def95fa7-172e-4680-a240-75609f522994
[92mINFO [0m:      Sent reply
[92mINFO [0m:      
[92mINFO [0m:      Received: train message d613227d-7e36-43f1-b1c6-3b9a45727fab
[92mINFO [0m:      Sent reply
[92mINFO [0m:      
[92mINFO [0m:      Received: evaluate message 3d159af7-b2bc-4434-a502-b06434914936
[92mINFO [0m:      Sent reply
[92mINFO [0m:      
[92mINFO [0m:      Received: train message b895f095-7f47-4aae-9393-c94a695c3ed8
[92mINFO [0m:      Sent reply
[92mINFO [0m:      
[92mINFO [0m:      Received: evaluate message 4034d401-5a40-4d22-a6c0-040f5a02883c
[92mINFO [0m:      Sent reply
[92mINFO [0m:      
[92mINFO [0m:      Received: train message 06065920-cfa4-413e-91aa-5591158359a7
[92mINFO [0m:      Sent reply
[92mINFO [0m:      
[92mINFO [0m:      Received: evaluate message e4e26d1a-2ba8-48ae-9657-d64cf9133453
[92mINFO [0m:      Sent reply
[92mINFO [0m:      
[92mINFO [0m:      Received: train message dcbe89a5-1403-4208-9948-07b89b7951fa
[92mINFO [0m:      Sent reply
[92mINFO [0m:      
[92mINFO [0m:      Received: evaluate message 87ea0f4b-090c-4666-9a0b-4c965b9e3b13
[92mINFO [0m:      Sent reply
[92mINFO [0m:      
[92mINFO [0m:      Received: train message cd064278-19ec-438b-b71c-9dfc0b4e6e01
[92mINFO [0m:      Sent reply
[92mINFO [0m:      
[92mINFO [0m:      Received: evaluate message c34e7f61-436c-47c3-913e-e2048cf22223
[92mINFO [0m:      Sent reply
[92mINFO [0m:      
[92mINFO [0m:      Received: train message 79180347-2b32-4102-bbfa-febf87c66d5b
[92mINFO [0m:      Sent reply
[92mINFO [0m:      
[92mINFO [0m:      Received: evaluate message ef8c3be1-dfcd-478f-98b7-ff50b9d6da25
[92mINFO [0m:      Sent reply
[92mINFO [0m:      
[92mINFO [0m:      Received: train message 27a96a41-8d1d-4873-bab5-c3b3a951cd90
[92mINFO [0m:      Sent reply
[92mINFO [0m:      
[92mINFO [0m:      Received: evaluate message f5530922-ec0e-4ae8-a514-2c660634556c
[92mINFO [0m:      Sent reply
[92mINFO [0m:      
[92mINFO [0m:      Received: train message 55a4ed8b-5e7d-41d0-acb7-8fed884f6066
[92mINFO [0m:      Sent reply
[92mINFO [0m:      
[92mINFO [0m:      Received: evaluate message 59bbaa70-a6c1-4885-b32d-eacf16ff838a
[92mINFO [0m:      Sent reply
[92mINFO [0m:      
[92mINFO [0m:      Received: train message 95c7b0ba-708c-4956-ac27-98f1265a261e
[92mINFO [0m:      Sent reply
[92mINFO [0m:      
[92mINFO [0m:      Received: evaluate message 744d16ed-3dde-4eda-ad79-40165060a8e5
[92mINFO [0m:      Sent reply
[92mINFO [0m:      
[92mINFO [0m:      Received: train message 46fc1062-283a-4025-a1d5-1621c9dc1e37
[92mINFO [0m:      Sent reply
[92mINFO [0m:      
[92mINFO [0m:      Received: evaluate message 862c3ee9-1bb1-4c2f-ba05-9eec452ec5ee
[92mINFO [0m:      Sent reply
[92mINFO [0m:      
[92mINFO [0m:      Received: train message 80b8f264-f1b7-4d15-bb7a-e4a3c137e508
[92mINFO [0m:      Sent reply
[92mINFO [0m:      
[92mINFO [0m:      Received: evaluate message 84b5d76a-2c51-426a-88d3-55bebc864be0
[92mINFO [0m:      Sent reply
[92mINFO [0m:      
[92mINFO [0m:      Received: train message c99841f0-ea18-4674-9798-56cd055cf57c
[92mINFO [0m:      Sent reply
[92mINFO [0m:      
[92mINFO [0m:      Received: evaluate message 179853ab-b8b8-4220-ba37-984b6b798479
[92mINFO [0m:      Sent reply
[92mINFO [0m:      
[92mINFO [0m:      Received: train message 7a5a9c1a-d2c4-4c91-9b04-38e6fd0bcbc3
[92mINFO [0m:      Sent reply
[92mINFO [0m:      
[92mINFO [0m:      Received: evaluate message 22119bfd-5c8f-4fdf-a528-86f1368b45aa
[92mINFO [0m:      Sent reply
[92mINFO [0m:      
[92mINFO [0m:      Received: train message 5698e4ec-854a-43aa-bd97-240025235a09
[92mINFO [0m:      Sent reply
[92mINFO [0m:      
[92mINFO [0m:      Received: evaluate message 862ad19e-24e2-4cc7-931b-4558d97fad3d
[92mINFO [0m:      Sent reply
[92mINFO [0m:      
[92mINFO [0m:      Received: train message 6c29db3f-35dc-4acd-a4ed-072aa956ad75
[92mINFO [0m:      Sent reply
[92mINFO [0m:      
[92mINFO [0m:      Received: evaluate message 3f01aa10-4a45-4ef4-ad7f-91dca877cd0f
[92mINFO [0m:      Sent reply
[92mINFO [0m:      
[92mINFO [0m:      Received: train message f4656478-7e7c-477f-b5b0-c26588db08ef
[92mINFO [0m:      Sent reply
[92mINFO [0m:      
[92mINFO [0m:      Received: evaluate message 0a7702c6-f658-4598-a01e-5031240601c5
[92mINFO [0m:      Sent reply
[92mINFO [0m:      
[92mINFO [0m:      Received: train message d153cb58-02f5-439b-a86c-b7a27762c8c5
[92mINFO [0m:      Sent reply
[92mINFO [0m:      
[92mINFO [0m:      Received: evaluate message 4de70c83-cd85-43b6-85a9-42a1307c85ae
[92mINFO [0m:      Sent reply
[92mINFO [0m:      
[92mINFO [0m:      Received: train message be9f2749-aa0f-4329-8734-ac6908546af2
[92mINFO [0m:      Sent reply
[92mINFO [0m:      
[92mINFO [0m:      Received: evaluate message 5e839305-8814-4a79-95d0-f17fe764d618
[92mINFO [0m:      Sent reply
[92mINFO [0m:      
[92mINFO [0m:      Received: train message 83ec1c99-3ae7-4a89-b634-290c5c767a17
[92mINFO [0m:      Sent reply
[92mINFO [0m:      
[92mINFO [0m:      Received: evaluate message f2066485-aaa5-4526-855f-68a44e77a924
[92mINFO [0m:      Sent reply
[92mINFO [0m:      
[92mINFO [0m:      Received: reconnect message 0ce41d83-e1bf-4324-b395-ca2266035fea
[92mINFO [0m:      Disconnect and shut down
