[93mWARNING [0m:   DEPRECATED FEATURE: flwr.client.start_client() is deprecated.
	Instead, use the `flower-supernode` CLI command to start a SuperNode as shown below:

		$ flower-supernode --insecure --superlink='<IP>:<PORT>'

	To view all available options, run:

		$ flower-supernode --help

	Using `start_client()` is deprecated.

            This is a deprecated feature. It will be removed
            entirely in future versions of Flower.
        
[92mINFO [0m:      
[92mINFO [0m:      Received: train message ae28ed60-4d34-47b9-b6ba-49a5c23c4531
[92mINFO [0m:      Sent reply
[92mINFO [0m:      
[92mINFO [0m:      Received: evaluate message cb45860a-0e4f-44d3-8683-1ce44c1457e8
[92mINFO [0m:      Sent reply
[92mINFO [0m:      
[92mINFO [0m:      Received: train message 6789cfef-c0c0-43af-bb8a-4c9a457d2e4c
[92mINFO [0m:      Sent reply
[92mINFO [0m:      
[92mINFO [0m:      Received: evaluate message f6e5b829-e49a-4b45-9bfb-04d6dfaf8155
[92mINFO [0m:      Sent reply
[92mINFO [0m:      
[92mINFO [0m:      Received: train message 8752cba1-5b09-4bcb-a1fc-895e974d77d3
[92mINFO [0m:      Sent reply
[92mINFO [0m:      
[92mINFO [0m:      Received: evaluate message 3708d001-72f7-4ce3-8f66-6d74b23182d9
[92mINFO [0m:      Sent reply
[92mINFO [0m:      
[92mINFO [0m:      Received: train message c9494cdd-6214-4a73-8a9c-2e6d82f41ec9
[92mINFO [0m:      Sent reply
[92mINFO [0m:      
[92mINFO [0m:      Received: evaluate message b854d759-9e42-437b-9d2e-e36d4177a2ad
[92mINFO [0m:      Sent reply
[92mINFO [0m:      
[92mINFO [0m:      Received: train message 76cb45bb-6d33-4f35-8592-6e4a870bfd9b
[92mINFO [0m:      Sent reply
[92mINFO [0m:      
[92mINFO [0m:      Received: evaluate message fda7a44c-3307-4bb0-a70f-fc4d573dc1a2
[92mINFO [0m:      Sent reply
[92mINFO [0m:      
[92mINFO [0m:      Received: train message fc5d28ed-1f92-484c-a22e-7394430e39ac
[92mINFO [0m:      Sent reply
[92mINFO [0m:      
[92mINFO [0m:      Received: evaluate message a3e58309-f1c4-4563-8d57-988f737ecaf7
[92mINFO [0m:      Sent reply
[92mINFO [0m:      
[92mINFO [0m:      Received: train message f0be0589-51a3-49b3-b10a-08763ce571c8
[92mINFO [0m:      Sent reply
[92mINFO [0m:      
[92mINFO [0m:      Received: evaluate message 3d2cc697-168a-4675-be48-904d66c5c766
[92mINFO [0m:      Sent reply
[92mINFO [0m:      
[92mINFO [0m:      Received: train message 1439f918-942a-4076-a59e-d41a1d05443f
[92mINFO [0m:      Sent reply
[92mINFO [0m:      
[92mINFO [0m:      Received: evaluate message c2938bb4-6d68-487d-90fb-1d17a76e0e83
[92mINFO [0m:      Sent reply
[92mINFO [0m:      
[92mINFO [0m:      Received: train message 32091abe-b3c4-4eb5-b916-bc19dc7a0342
[92mINFO [0m:      Sent reply
[92mINFO [0m:      
[92mINFO [0m:      Received: evaluate message bd2d2707-33b6-4937-bc35-34d98b260723
[92mINFO [0m:      Sent reply
[92mINFO [0m:      
[92mINFO [0m:      Received: train message 96a40491-cff8-42cd-afff-6f96d0459eb6
[92mINFO [0m:      Sent reply
[92mINFO [0m:      
[92mINFO [0m:      Received: evaluate message 28dc0bca-f77b-4ec4-9f24-14e9f6f08844
[92mINFO [0m:      Sent reply
[92mINFO [0m:      
[92mINFO [0m:      Received: train message ac581027-6f81-4a55-a565-ed47e389e745
[92mINFO [0m:      Sent reply
[92mINFO [0m:      
[92mINFO [0m:      Received: evaluate message dccd4a93-4165-4695-8fba-d5c693eadc56
[92mINFO [0m:      Sent reply
[92mINFO [0m:      
[92mINFO [0m:      Received: train message e19bf26e-ae3d-4058-b875-85a0d945d9d7
[92mINFO [0m:      Sent reply
[92mINFO [0m:      
[92mINFO [0m:      Received: evaluate message 2872597b-6c33-4a17-971a-eda1ff7041fa
[92mINFO [0m:      Sent reply
[92mINFO [0m:      
[92mINFO [0m:      Received: train message d48b5b49-4813-427b-b56c-3e20bdc32a94
[92mINFO [0m:      Sent reply
[92mINFO [0m:      
[92mINFO [0m:      Received: evaluate message 5c4ff9e2-190c-4995-93b7-83378ed9cf62
[92mINFO [0m:      Sent reply
[92mINFO [0m:      
[92mINFO [0m:      Received: train message fe52dd45-f0f9-4c6d-82e0-e8efc7c91a3d
[92mINFO [0m:      Sent reply
[92mINFO [0m:      
[92mINFO [0m:      Received: evaluate message 85dda244-686a-4a15-9842-c87f16b6ccfb
[92mINFO [0m:      Sent reply
[92mINFO [0m:      
[92mINFO [0m:      Received: train message 5106a359-990a-4399-ba32-3b1daad7df5d
[92mINFO [0m:      Sent reply
[92mINFO [0m:      
[92mINFO [0m:      Received: evaluate message 7929bf21-bc85-484d-b2f3-2538fc196fe6
[92mINFO [0m:      Sent reply
[92mINFO [0m:      
[92mINFO [0m:      Received: train message 32e7237e-f911-418a-b8d4-abbcdc16c76b
[92mINFO [0m:      Sent reply
[92mINFO [0m:      
[92mINFO [0m:      Received: evaluate message 67ddc4c9-ebb7-4e0c-ae3c-519ba2d2128d
[92mINFO [0m:      Sent reply
[92mINFO [0m:      
[92mINFO [0m:      Received: train message d78cfcde-0d43-4a7c-9b22-8e2b5646277e
[92mINFO [0m:      Sent reply
[92mINFO [0m:      
[92mINFO [0m:      Received: evaluate message 11eec39e-9bc9-4800-8f27-9d00b00adbdd
[92mINFO [0m:      Sent reply
[92mINFO [0m:      
[92mINFO [0m:      Received: train message 81005d23-7392-499c-a17e-3309f7cafe62
[92mINFO [0m:      Sent reply
[92mINFO [0m:      
[92mINFO [0m:      Received: evaluate message 958adc4e-9d8b-46ff-886b-44e1cead90c7
[92mINFO [0m:      Sent reply
[92mINFO [0m:      
[92mINFO [0m:      Received: train message c3f34660-66c9-44e1-bdcb-751b9628688d
[92mINFO [0m:      Sent reply
[92mINFO [0m:      
[92mINFO [0m:      Received: evaluate message 3d28d551-3b8e-4c1b-86bf-141f52e15db7
[92mINFO [0m:      Sent reply
[92mINFO [0m:      
[92mINFO [0m:      Received: train message 78e7e27e-b588-4855-8f84-276ccb059f84
[92mINFO [0m:      Sent reply
[92mINFO [0m:      
[92mINFO [0m:      Received: evaluate message 00a5a521-31e6-407f-891f-e34568ceb801
[92mINFO [0m:      Sent reply
[92mINFO [0m:      
[92mINFO [0m:      Received: train message 95590f26-75a0-4c0e-9735-df7d0666c50d
[92mINFO [0m:      Sent reply
[92mINFO [0m:      
[92mINFO [0m:      Received: evaluate message 6f7a2400-4823-4f2f-9623-d629f3a531bc
[92mINFO [0m:      Sent reply
[92mINFO [0m:      
[92mINFO [0m:      Received: train message d7a849f8-ae11-402d-aea8-6373b9ee0ded
[92mINFO [0m:      Sent reply
[92mINFO [0m:      
[92mINFO [0m:      Received: evaluate message 7504f6c7-285b-4df1-8944-cb021c6e4158
[92mINFO [0m:      Sent reply
[92mINFO [0m:      
[92mINFO [0m:      Received: train message 6ea740b2-a730-41d9-8443-bc9b93cadb85
[92mINFO [0m:      Sent reply
[92mINFO [0m:      
[92mINFO [0m:      Received: evaluate message ff054d1e-9ce1-4f74-a438-4e14d6d73dec
[92mINFO [0m:      Sent reply
[92mINFO [0m:      
[92mINFO [0m:      Received: train message dbb5c4e0-9565-4dee-a536-b7e0fdd042df
[92mINFO [0m:      Sent reply
[92mINFO [0m:      
[92mINFO [0m:      Received: evaluate message 40565129-2d52-4b34-96b8-06d6d4c2c330
[92mINFO [0m:      Sent reply
[92mINFO [0m:      
[92mINFO [0m:      Received: train message fa765b4e-455c-4870-800d-0fbc43742ab6
[92mINFO [0m:      Sent reply
[92mINFO [0m:      
[92mINFO [0m:      Received: evaluate message 4291cd5b-c93e-4c7c-a1b0-15f818e58a3a
[92mINFO [0m:      Sent reply
[92mINFO [0m:      
[92mINFO [0m:      Received: train message 6c3116d9-172c-4ff5-9261-e4f0669af64a
[92mINFO [0m:      Sent reply
[92mINFO [0m:      
[92mINFO [0m:      Received: evaluate message 544874af-8434-4f45-98ce-4c065d22c4c3
[92mINFO [0m:      Sent reply
[92mINFO [0m:      
[92mINFO [0m:      Received: train message 8a8413a3-8a35-4eb3-9ca9-182c521094e1
[92mINFO [0m:      Sent reply
[92mINFO [0m:      
[92mINFO [0m:      Received: evaluate message 76971ab3-c6e7-4524-8101-800201e61bf3
[92mINFO [0m:      Sent reply
[92mINFO [0m:      
[92mINFO [0m:      Received: train message 61d2b5be-d77b-4cbb-8730-0ef543ba006a
[92mINFO [0m:      Sent reply
[92mINFO [0m:      
[92mINFO [0m:      Received: evaluate message 9915ddc3-d8a6-43b9-be0f-a25a09cefcdd
[92mINFO [0m:      Sent reply
[92mINFO [0m:      
[92mINFO [0m:      Received: train message c2464041-72e9-42c2-a617-ab8833dc4116
[92mINFO [0m:      Sent reply
[92mINFO [0m:      
[92mINFO [0m:      Received: evaluate message 186be65a-0048-4d01-bc2d-0066289dce4c
[92mINFO [0m:      Sent reply
[92mINFO [0m:      
[92mINFO [0m:      Received: train message f40d66f8-345c-4504-9ead-f6c5c376755c
[92mINFO [0m:      Sent reply
[92mINFO [0m:      
[92mINFO [0m:      Received: evaluate message b12f2084-7b1b-42c4-8aee-abb058340ab7
[92mINFO [0m:      Sent reply
[92mINFO [0m:      
[92mINFO [0m:      Received: train message 6ec8d066-ef0f-43a1-88a2-4cadd586e3e9
[92mINFO [0m:      Sent reply
[92mINFO [0m:      
[92mINFO [0m:      Received: evaluate message 5d5df792-e2fb-4fe8-93b2-d15418463cd2
[92mINFO [0m:      Sent reply
[92mINFO [0m:      
[92mINFO [0m:      Received: train message 8865602c-960a-47df-8ffe-6edb72904a09
[92mINFO [0m:      Sent reply
[92mINFO [0m:      
[92mINFO [0m:      Received: evaluate message 9ba10c60-9896-4663-a930-7f0556d76775
[92mINFO [0m:      Sent reply
[92mINFO [0m:      
[92mINFO [0m:      Received: train message ff2e4826-a649-4f8c-8af7-4e7c2fb1ab7b
[92mINFO [0m:      Sent reply
[92mINFO [0m:      
[92mINFO [0m:      Received: evaluate message 9d6a058b-0988-41dd-bc6d-abbe5e75c875
[92mINFO [0m:      Sent reply
[92mINFO [0m:      
[92mINFO [0m:      Received: train message 94d3e761-a58e-4a62-99c2-70bd43433f02
[92mINFO [0m:      Sent reply
[92mINFO [0m:      
[92mINFO [0m:      Received: evaluate message d9088049-568b-454f-bb42-7b416ab8af58
[92mINFO [0m:      Sent reply
[92mINFO [0m:      
[92mINFO [0m:      Received: train message 0c999767-4ba8-4439-97c4-0ece7232e3e8
[92mINFO [0m:      Sent reply
[92mINFO [0m:      
[92mINFO [0m:      Received: evaluate message a2e589af-c874-414d-b75d-8579ec5407c4
[92mINFO [0m:      Sent reply
[92mINFO [0m:      
[92mINFO [0m:      Received: train message bb64b9ac-2245-4d0c-ae8a-37d22a16ab70
[92mINFO [0m:      Sent reply
[92mINFO [0m:      
[92mINFO [0m:      Received: evaluate message 9edad59b-646c-4389-9fe2-fbd7fc111eac
[92mINFO [0m:      Sent reply
[92mINFO [0m:      
[92mINFO [0m:      Received: train message 2b81abf6-35c6-4871-8363-f947d8482e64
[92mINFO [0m:      Sent reply
[92mINFO [0m:      
[92mINFO [0m:      Received: evaluate message 4718b8a2-c180-4cba-a598-56cbfa25cdbb
[92mINFO [0m:      Sent reply
[92mINFO [0m:      
[92mINFO [0m:      Received: train message 386998d5-8f85-45a0-b786-76aa8905a5c4
[92mINFO [0m:      Sent reply
[92mINFO [0m:      
[92mINFO [0m:      Received: evaluate message df8f304c-634b-4752-8ce8-4f656eda31fb
[92mINFO [0m:      Sent reply
[92mINFO [0m:      
[92mINFO [0m:      Received: train message f3db9019-a226-4cd8-bb69-f294d4fc26d9
[92mINFO [0m:      Sent reply
[92mINFO [0m:      
[92mINFO [0m:      Received: evaluate message f802abbb-1b3c-4d0e-8a3b-77ff02bc0566
[92mINFO [0m:      Sent reply
[92mINFO [0m:      
[92mINFO [0m:      Received: train message e1f8e744-6b73-4e4a-91ea-396dfe3034f3
[92mINFO [0m:      Sent reply
[92mINFO [0m:      
[92mINFO [0m:      Received: evaluate message 40c76056-cba3-4246-b54c-0e80b7f31c11
[92mINFO [0m:      Sent reply
[92mINFO [0m:      
[92mINFO [0m:      Received: train message d827d1b4-a1dd-4426-99fd-a090b4c510aa
[92mINFO [0m:      Sent reply
[92mINFO [0m:      
[92mINFO [0m:      Received: evaluate message c0869aa0-d9a0-4e14-8317-fb4aa808a565
[92mINFO [0m:      Sent reply
[92mINFO [0m:      
[92mINFO [0m:      Received: train message 15470d05-5866-4929-80a7-3e4b3b1e6402
[92mINFO [0m:      Sent reply
[92mINFO [0m:      
[92mINFO [0m:      Received: evaluate message 48e8c2ee-0763-4022-87a9-562196626861
[92mINFO [0m:      Sent reply
[92mINFO [0m:      
[92mINFO [0m:      Received: train message 08378b5e-75e4-4b19-b7a9-f72dff4dc6ec
[92mINFO [0m:      Sent reply
[92mINFO [0m:      
[92mINFO [0m:      Received: evaluate message b6839c4b-fda7-4eb2-8eea-1b20bd205252
[92mINFO [0m:      Sent reply
[92mINFO [0m:      
[92mINFO [0m:      Received: train message dbe1dc52-1a16-409b-b689-ac20f97270ce
[92mINFO [0m:      Sent reply
[92mINFO [0m:      
[92mINFO [0m:      Received: evaluate message f412bee8-589e-477a-83f5-713985a6f22b
[92mINFO [0m:      Sent reply
[92mINFO [0m:      
[92mINFO [0m:      Received: train message 99b4efc2-2226-450d-878a-7b851c0f0126
[92mINFO [0m:      Sent reply
[92mINFO [0m:      
[92mINFO [0m:      Received: evaluate message eb7c8598-0030-48e4-b769-a2dae37bb369
[92mINFO [0m:      Sent reply
[92mINFO [0m:      
[92mINFO [0m:      Received: train message 44138f76-d447-4762-9a4d-a08a8f14afdd
[92mINFO [0m:      Sent reply
[92mINFO [0m:      
[92mINFO [0m:      Received: evaluate message dcbdae51-ab06-4c9f-bbc6-c99a8d439264
[92mINFO [0m:      Sent reply
[92mINFO [0m:      
[92mINFO [0m:      Received: train message 8e82fb26-67ae-405e-b939-a25560794b01
[92mINFO [0m:      Sent reply
[92mINFO [0m:      
[92mINFO [0m:      Received: evaluate message f83a6e96-924f-4b61-aac8-d563256e6867
[92mINFO [0m:      Sent reply
[92mINFO [0m:      
[92mINFO [0m:      Received: train message ce9ee557-8035-4f94-a826-34fc1c6f5b08
[92mINFO [0m:      Sent reply
[92mINFO [0m:      
[92mINFO [0m:      Received: evaluate message 0bfd3efd-5b8a-4b5e-a6b0-23ddb30ab0cf
[92mINFO [0m:      Sent reply
[92mINFO [0m:      
[92mINFO [0m:      Received: train message 0f6ed44e-62ea-42cf-b977-1a2ab7b9a1f5
[92mINFO [0m:      Sent reply
[92mINFO [0m:      
[92mINFO [0m:      Received: evaluate message e7449ef9-6294-4d19-a470-d5c853c9563e
[92mINFO [0m:      Sent reply
[92mINFO [0m:      
[92mINFO [0m:      Received: train message c8cc443e-0d64-4569-ade4-b64894fdd6d9
[92mINFO [0m:      Sent reply
[92mINFO [0m:      
[92mINFO [0m:      Received: evaluate message 608e4c10-5313-475a-9018-0e8f091831f8
[92mINFO [0m:      Sent reply
[92mINFO [0m:      
[92mINFO [0m:      Received: reconnect message fb2b516e-ab29-4ed6-8846-68ca6268249d
[92mINFO [0m:      Disconnect and shut down
