[93mWARNING [0m:   DEPRECATED FEATURE: flwr.client.start_client() is deprecated.
	Instead, use the `flower-supernode` CLI command to start a SuperNode as shown below:

		$ flower-supernode --insecure --superlink='<IP>:<PORT>'

	To view all available options, run:

		$ flower-supernode --help

	Using `start_client()` is deprecated.

            This is a deprecated feature. It will be removed
            entirely in future versions of Flower.
        
[92mINFO [0m:      
[92mINFO [0m:      Received: train message 3a1588d9-618d-439c-bb49-3880b1be4048
[92mINFO [0m:      Sent reply
[92mINFO [0m:      
[92mINFO [0m:      Received: evaluate message 1e54d775-c0fc-41c2-b8cf-55262eaca651
[92mINFO [0m:      Sent reply
[92mINFO [0m:      
[92mINFO [0m:      Received: train message 23cfc491-3bec-4632-bfe8-7f6447bfa6c3
[92mINFO [0m:      Sent reply
[92mINFO [0m:      
[92mINFO [0m:      Received: evaluate message 2406c40b-8af7-4ded-b0c7-508c642346ac
[92mINFO [0m:      Sent reply
[92mINFO [0m:      
[92mINFO [0m:      Received: train message 6c785f9a-2e12-4a3c-91ad-3b4c29be3a0d
[92mINFO [0m:      Sent reply
[92mINFO [0m:      
[92mINFO [0m:      Received: evaluate message ff2edb1f-23a0-4309-9d58-13d627871876
[92mINFO [0m:      Sent reply
[92mINFO [0m:      
[92mINFO [0m:      Received: train message 4f6de3db-a012-4976-b586-a2d11da48ba3
[92mINFO [0m:      Sent reply
[92mINFO [0m:      
[92mINFO [0m:      Received: evaluate message d913cbc8-8fcb-48a5-a5b1-e3bfc12987a4
[92mINFO [0m:      Sent reply
[92mINFO [0m:      
[92mINFO [0m:      Received: train message 48818b6d-139b-43b8-96a2-d16530a7c822
[92mINFO [0m:      Sent reply
[92mINFO [0m:      
[92mINFO [0m:      Received: evaluate message 5ef477fb-4106-4ea4-822b-971b8aa1f62c
[92mINFO [0m:      Sent reply
[92mINFO [0m:      
[92mINFO [0m:      Received: train message 146ff52b-02b0-41a0-b639-e759463c0a86
[92mINFO [0m:      Sent reply
[92mINFO [0m:      
[92mINFO [0m:      Received: evaluate message a963b0f4-22ad-413c-8f5c-791c8512df43
[92mINFO [0m:      Sent reply
[92mINFO [0m:      
[92mINFO [0m:      Received: train message a120678e-b1e2-4f2d-8a90-a4830226d768
[92mINFO [0m:      Sent reply
[92mINFO [0m:      
[92mINFO [0m:      Received: evaluate message e62b9f35-a4a1-47e5-a126-332beed8231d
[92mINFO [0m:      Sent reply
[92mINFO [0m:      
[92mINFO [0m:      Received: train message 7ae5c4b6-e310-48ca-b86b-7fd32691c27f
[92mINFO [0m:      Sent reply
[92mINFO [0m:      
[92mINFO [0m:      Received: evaluate message 858b4f53-ab2b-48a5-bf2f-80ab4d359e5d
[92mINFO [0m:      Sent reply
[92mINFO [0m:      
[92mINFO [0m:      Received: train message d6d8f969-9136-462b-b4cc-c83aad4db0da
[92mINFO [0m:      Sent reply
[92mINFO [0m:      
[92mINFO [0m:      Received: evaluate message 750563c2-5e61-4eab-ad86-b74836833eba
[92mINFO [0m:      Sent reply
[92mINFO [0m:      
[92mINFO [0m:      Received: train message 64f96330-9302-4252-abf8-d81de9900802
[92mINFO [0m:      Sent reply
[92mINFO [0m:      
[92mINFO [0m:      Received: evaluate message f3119c24-ff1e-43ca-b15c-9b143db9b111
[92mINFO [0m:      Sent reply
[92mINFO [0m:      
[92mINFO [0m:      Received: train message fbceae4e-7a2c-425f-98da-3be9c8b044bf
[92mINFO [0m:      Sent reply
[92mINFO [0m:      
[92mINFO [0m:      Received: evaluate message 02bca647-97c1-42c1-bea3-1f362695b85d
[92mINFO [0m:      Sent reply
[92mINFO [0m:      
[92mINFO [0m:      Received: train message 8e8b0e40-471f-4651-b794-e3392556968b
[92mINFO [0m:      Sent reply
[92mINFO [0m:      
[92mINFO [0m:      Received: evaluate message 9a270c36-4243-4587-9008-0a84e3906626
[92mINFO [0m:      Sent reply
[92mINFO [0m:      
[92mINFO [0m:      Received: train message 7bf8f704-953b-49a8-9b3d-9a3d1816ab13
[92mINFO [0m:      Sent reply
[92mINFO [0m:      
[92mINFO [0m:      Received: evaluate message fd175adf-bc90-4150-aecd-28d811e4cbec
[92mINFO [0m:      Sent reply
[92mINFO [0m:      
[92mINFO [0m:      Received: train message e8d570f1-bdea-4fc7-b6c3-2dc7659a1bf3
[92mINFO [0m:      Sent reply
[92mINFO [0m:      
[92mINFO [0m:      Received: evaluate message d89614a5-01e3-4d90-aa85-f8fed407122f
[92mINFO [0m:      Sent reply
[92mINFO [0m:      
[92mINFO [0m:      Received: train message 0114ef9e-138d-4163-8bc2-f9b0af691bd4
[92mINFO [0m:      Sent reply
[92mINFO [0m:      
[92mINFO [0m:      Received: evaluate message 03c234d9-dcb0-4940-b3dd-664b6b91e8de
[92mINFO [0m:      Sent reply
[92mINFO [0m:      
[92mINFO [0m:      Received: train message 444ea3fb-c255-490f-8709-87948fae14df
[92mINFO [0m:      Sent reply
[92mINFO [0m:      
[92mINFO [0m:      Received: evaluate message cdfb5ddc-fec1-40ca-9e8b-ef15207cd89c
[92mINFO [0m:      Sent reply
[92mINFO [0m:      
[92mINFO [0m:      Received: train message 976667ba-73e9-44e1-be83-bc5201b37b95
[92mINFO [0m:      Sent reply
[92mINFO [0m:      
[92mINFO [0m:      Received: evaluate message cb4dd7a0-3fd7-4b50-a20a-cc5d111a41fc
[92mINFO [0m:      Sent reply
[92mINFO [0m:      
[92mINFO [0m:      Received: train message 2dcd9fef-d9f9-4eee-940d-a02e2433a9a1
[92mINFO [0m:      Sent reply
[92mINFO [0m:      
[92mINFO [0m:      Received: evaluate message d9a3d0cc-a089-4b7d-a2db-d9a9932e7b4b
[92mINFO [0m:      Sent reply
[92mINFO [0m:      
[92mINFO [0m:      Received: train message e598fa4c-71a7-4fb7-8f03-27e5a271e1b4
[92mINFO [0m:      Sent reply
[92mINFO [0m:      
[92mINFO [0m:      Received: evaluate message 7eecb3c4-3ee8-44d6-acca-8e55b8727ffb
[92mINFO [0m:      Sent reply
[92mINFO [0m:      
[92mINFO [0m:      Received: train message 31bae2c3-6b1c-440e-b0ad-c6e3e041cd9e
[92mINFO [0m:      Sent reply
[92mINFO [0m:      
[92mINFO [0m:      Received: evaluate message 1409aec8-d990-4c22-be70-2404d28aecf2
[92mINFO [0m:      Sent reply
[92mINFO [0m:      
[92mINFO [0m:      Received: train message 00270279-641d-4a9a-9ee3-b46e61d19244
[92mINFO [0m:      Sent reply
[92mINFO [0m:      
[92mINFO [0m:      Received: evaluate message 6049b6cf-36e6-42f4-a91d-a7ed73497f26
[92mINFO [0m:      Sent reply
[92mINFO [0m:      
[92mINFO [0m:      Received: train message 7073bb5f-9c8f-4fa5-9b77-b86ecdab635e
[92mINFO [0m:      Sent reply
[92mINFO [0m:      
[92mINFO [0m:      Received: evaluate message 1d2f20a2-09e0-43ab-b435-2a7d02df5cb7
[92mINFO [0m:      Sent reply
[92mINFO [0m:      
[92mINFO [0m:      Received: train message 2eaf7eae-8948-4330-b814-504262c1f698
[92mINFO [0m:      Sent reply
[92mINFO [0m:      
[92mINFO [0m:      Received: evaluate message cb8a5691-3bef-498b-9c3b-6bc6fa3ac75a
[92mINFO [0m:      Sent reply
[92mINFO [0m:      
[92mINFO [0m:      Received: train message 8bc42f5d-16b4-4e0d-97e5-1cfa0aa85a2e
[92mINFO [0m:      Sent reply
[92mINFO [0m:      
[92mINFO [0m:      Received: evaluate message 84a5b948-252d-456e-bb34-34411cfaff3b
[92mINFO [0m:      Sent reply
[92mINFO [0m:      
[92mINFO [0m:      Received: train message 483134fa-5ba0-4636-8d4b-f7006dc31e3a
[92mINFO [0m:      Sent reply
[92mINFO [0m:      
[92mINFO [0m:      Received: evaluate message f5ec0155-c574-4f60-8a89-89e0c5c743a4
[92mINFO [0m:      Sent reply
[92mINFO [0m:      
[92mINFO [0m:      Received: train message 383cd3da-fa96-4dc1-991a-0ee347fbfd92
[92mINFO [0m:      Sent reply
[92mINFO [0m:      
[92mINFO [0m:      Received: evaluate message 4d8029a9-afd6-4329-a6e6-c515a9997800
[92mINFO [0m:      Sent reply
[92mINFO [0m:      
[92mINFO [0m:      Received: train message 812c2846-a9d0-4dac-acef-7bfc56e4e83c
[92mINFO [0m:      Sent reply
[92mINFO [0m:      
[92mINFO [0m:      Received: evaluate message ed190c9b-1fe1-49e7-a2ee-d8637459b4f2
[92mINFO [0m:      Sent reply
[92mINFO [0m:      
[92mINFO [0m:      Received: train message f18592d8-04ce-43ce-9ec2-6e8cfc68d5c8
[92mINFO [0m:      Sent reply
[92mINFO [0m:      
[92mINFO [0m:      Received: evaluate message a89d3764-8fe3-4b47-af4b-e3c16a248a12
[92mINFO [0m:      Sent reply
[92mINFO [0m:      
[92mINFO [0m:      Received: train message c192baac-d0b7-4d78-9504-d78cdf6dc7f9
[92mINFO [0m:      Sent reply
[92mINFO [0m:      
[92mINFO [0m:      Received: evaluate message 05f4a1f0-ec33-48e7-95a9-afe5da290f36
[92mINFO [0m:      Sent reply
[92mINFO [0m:      
[92mINFO [0m:      Received: train message 26ed1742-28f9-4b3e-8366-b2e8f76c7a58
[92mINFO [0m:      Sent reply
[92mINFO [0m:      
[92mINFO [0m:      Received: evaluate message 4128c6ca-6b43-4bae-b5d8-56afd057aa82
[92mINFO [0m:      Sent reply
[92mINFO [0m:      
[92mINFO [0m:      Received: train message 2cabb900-5df7-4d4a-996e-b3b0ea6903b5
[92mINFO [0m:      Sent reply
[92mINFO [0m:      
[92mINFO [0m:      Received: evaluate message 38f8f41b-5dc7-42cd-9ab0-36fc2ae74ad1
[92mINFO [0m:      Sent reply
[92mINFO [0m:      
[92mINFO [0m:      Received: train message 34db22bc-c82e-4bda-ac9d-c5022addcd68
[92mINFO [0m:      Sent reply
[92mINFO [0m:      
[92mINFO [0m:      Received: evaluate message ee51a6d4-8b5a-40f3-b4c4-3d8b7a2c92dc
[92mINFO [0m:      Sent reply
[92mINFO [0m:      
[92mINFO [0m:      Received: train message 74d595c5-2d71-4950-b2e8-9f384354608b
[92mINFO [0m:      Sent reply
[92mINFO [0m:      
[92mINFO [0m:      Received: evaluate message 288f40b2-8406-4241-92f6-991869d736a3
[92mINFO [0m:      Sent reply
[92mINFO [0m:      
[92mINFO [0m:      Received: train message 75e0d240-e3d5-48a1-8167-9e24f6306e02
[92mINFO [0m:      Sent reply
[92mINFO [0m:      
[92mINFO [0m:      Received: evaluate message be553ffb-bd9b-4007-ac9c-1103a77d5931
[92mINFO [0m:      Sent reply
[92mINFO [0m:      
[92mINFO [0m:      Received: train message c0d8e340-bc24-4c09-95f5-d28ce33d8783
[92mINFO [0m:      Sent reply
[92mINFO [0m:      
[92mINFO [0m:      Received: evaluate message 512e7375-e81c-4def-9383-09a7afdcebd5
[92mINFO [0m:      Sent reply
[92mINFO [0m:      
[92mINFO [0m:      Received: train message c96f7caa-8ae5-409d-b6e7-97cba565a79c
[92mINFO [0m:      Sent reply
[92mINFO [0m:      
[92mINFO [0m:      Received: evaluate message 62c8efa9-3d5e-4e9a-947c-7e57374d8fda
[92mINFO [0m:      Sent reply
[92mINFO [0m:      
[92mINFO [0m:      Received: train message 806f8902-42f4-4ff4-9fa3-53d602c1d566
[92mINFO [0m:      Sent reply
[92mINFO [0m:      
[92mINFO [0m:      Received: evaluate message da60931a-708f-4392-990c-c52a0b824507
[92mINFO [0m:      Sent reply
[92mINFO [0m:      
[92mINFO [0m:      Received: train message 731dea9f-f2bf-46ad-af0f-a1ed8db8a27c
[92mINFO [0m:      Sent reply
[92mINFO [0m:      
[92mINFO [0m:      Received: evaluate message c1c50f16-7d2a-4e5a-ad89-fdb9b3d38822
[92mINFO [0m:      Sent reply
[92mINFO [0m:      
[92mINFO [0m:      Received: train message 9c000782-2b28-47dc-bc48-47de4032c628
[92mINFO [0m:      Sent reply
[92mINFO [0m:      
[92mINFO [0m:      Received: evaluate message f4fe78c3-efa9-4d3e-8d07-164ea26b49bd
[92mINFO [0m:      Sent reply
[92mINFO [0m:      
[92mINFO [0m:      Received: train message afb537e8-50f7-4664-a8ad-069d90c683d1
[92mINFO [0m:      Sent reply
[92mINFO [0m:      
[92mINFO [0m:      Received: evaluate message c8142395-41c7-424c-81c2-adadee365b59
[92mINFO [0m:      Sent reply
[92mINFO [0m:      
[92mINFO [0m:      Received: train message 3ca07af6-46bd-4cb5-bcfe-c20f064dddd3
[92mINFO [0m:      Sent reply
[92mINFO [0m:      
[92mINFO [0m:      Received: evaluate message f06c7123-51a8-4b13-9410-2fff4413de24
[92mINFO [0m:      Sent reply
[92mINFO [0m:      
[92mINFO [0m:      Received: train message a0b775d0-e552-47a7-a7e6-5823f3fb8d9c
[92mINFO [0m:      Sent reply
[92mINFO [0m:      
[92mINFO [0m:      Received: evaluate message 94e08102-1571-4b20-bd29-28084c9c7255
[92mINFO [0m:      Sent reply
[92mINFO [0m:      
[92mINFO [0m:      Received: train message 2941f053-f7b2-4c2d-99ef-74d14b686f10
[92mINFO [0m:      Sent reply
[92mINFO [0m:      
[92mINFO [0m:      Received: evaluate message 4ed2be0d-b7fb-4740-9244-de7d9c7c9809
[92mINFO [0m:      Sent reply
[92mINFO [0m:      
[92mINFO [0m:      Received: train message f3690886-d090-4032-b5b1-51843d898335
[92mINFO [0m:      Sent reply
[92mINFO [0m:      
[92mINFO [0m:      Received: evaluate message bdddfbb4-a3a0-446a-94db-c0754b61cd51
[92mINFO [0m:      Sent reply
[92mINFO [0m:      
[92mINFO [0m:      Received: train message 1b8e6368-0abe-4ad6-90d6-55104b108d8d
[92mINFO [0m:      Sent reply
[92mINFO [0m:      
[92mINFO [0m:      Received: evaluate message 622fb5ce-4bf8-4e7c-8bcd-69ce507491d7
[92mINFO [0m:      Sent reply
[92mINFO [0m:      
[92mINFO [0m:      Received: train message c1c936e3-bdcc-4a50-93a6-7ee4c5d0d367
[92mINFO [0m:      Sent reply
[92mINFO [0m:      
[92mINFO [0m:      Received: evaluate message 75974aa2-d0df-46cc-a073-86b6e2640622
[92mINFO [0m:      Sent reply
[92mINFO [0m:      
[92mINFO [0m:      Received: train message 4f0fa07e-69a0-4969-8a32-be51acb46e47
[92mINFO [0m:      Sent reply
[92mINFO [0m:      
[92mINFO [0m:      Received: evaluate message 7bf96144-15b7-42bd-b5bd-c13d17e9fdc2
[92mINFO [0m:      Sent reply
[92mINFO [0m:      
[92mINFO [0m:      Received: train message 3d6490a1-e84d-41ab-882d-035f2976faba
[92mINFO [0m:      Sent reply
[92mINFO [0m:      
[92mINFO [0m:      Received: evaluate message e6d4fd37-e6db-4109-9122-0765811f5719
[92mINFO [0m:      Sent reply
[92mINFO [0m:      
[92mINFO [0m:      Received: train message bbadadb1-7609-4d09-a95a-db2060dd37ff
[92mINFO [0m:      Sent reply
[92mINFO [0m:      
[92mINFO [0m:      Received: evaluate message 5c68c328-3019-4bf6-a80a-1a1d7b70d5af
[92mINFO [0m:      Sent reply
[92mINFO [0m:      
[92mINFO [0m:      Received: train message 15779b41-44ca-4acc-b262-c9a2f82c22c0
[92mINFO [0m:      Sent reply
[92mINFO [0m:      
[92mINFO [0m:      Received: evaluate message 2e3cde5e-2b60-4daf-9b0a-34278bef211d
[92mINFO [0m:      Sent reply
[92mINFO [0m:      
[92mINFO [0m:      Received: reconnect message 7132521c-db51-4b27-8d8f-7db23eeeae6c
[92mINFO [0m:      Disconnect and shut down
