[93mWARNING [0m:   DEPRECATED FEATURE: flwr.client.start_client() is deprecated.
	Instead, use the `flower-supernode` CLI command to start a SuperNode as shown below:

		$ flower-supernode --insecure --superlink='<IP>:<PORT>'

	To view all available options, run:

		$ flower-supernode --help

	Using `start_client()` is deprecated.

            This is a deprecated feature. It will be removed
            entirely in future versions of Flower.
        
[92mINFO [0m:      
[92mINFO [0m:      Received: train message c2e0a9bf-8a41-4df9-abc1-a76a97ef3eb3
[92mINFO [0m:      Sent reply
[92mINFO [0m:      
[92mINFO [0m:      Received: evaluate message 518e35aa-1321-4311-863f-b20b5dcd6a33
[92mINFO [0m:      Sent reply
[92mINFO [0m:      
[92mINFO [0m:      Received: train message 88957149-9893-45af-9aa5-23a43cfbba67
[92mINFO [0m:      Sent reply
[92mINFO [0m:      
[92mINFO [0m:      Received: evaluate message e77e404c-f280-4411-b228-83348094a1b6
[92mINFO [0m:      Sent reply
[92mINFO [0m:      
[92mINFO [0m:      Received: train message 7fc19b1b-d19b-475a-9821-6cb259a4c60c
[92mINFO [0m:      Sent reply
[92mINFO [0m:      
[92mINFO [0m:      Received: evaluate message 9a333eed-e426-4608-a0c3-aa08e0ccf584
[92mINFO [0m:      Sent reply
[92mINFO [0m:      
[92mINFO [0m:      Received: train message 909d39b3-9496-4b12-9b26-c8190ef2b2f1
[92mINFO [0m:      Sent reply
[92mINFO [0m:      
[92mINFO [0m:      Received: evaluate message 55f55a79-29eb-4d91-af6b-8ffb489c3df7
[92mINFO [0m:      Sent reply
[92mINFO [0m:      
[92mINFO [0m:      Received: train message 9c09b547-9d4e-442b-9239-bd7b1bb4cf21
[92mINFO [0m:      Sent reply
[92mINFO [0m:      
[92mINFO [0m:      Received: evaluate message 09d3a278-1955-4d82-95c1-8519cd1e5dd4
[92mINFO [0m:      Sent reply
[92mINFO [0m:      
[92mINFO [0m:      Received: train message 12f3c3b5-f57d-4722-94f1-c3d1f321b427
[92mINFO [0m:      Sent reply
[92mINFO [0m:      
[92mINFO [0m:      Received: evaluate message 2cbcdfe4-23fc-4151-ac02-0921a410353c
[92mINFO [0m:      Sent reply
[92mINFO [0m:      
[92mINFO [0m:      Received: train message 3899c54e-7492-4186-a233-568fd8ff31c7
[92mINFO [0m:      Sent reply
[92mINFO [0m:      
[92mINFO [0m:      Received: evaluate message b69ec148-de34-42ba-9a82-07ea01f82109
[92mINFO [0m:      Sent reply
[92mINFO [0m:      
[92mINFO [0m:      Received: train message 2247a783-834e-4908-84aa-a9a4b379879f
[92mINFO [0m:      Sent reply
[92mINFO [0m:      
[92mINFO [0m:      Received: evaluate message 4b51285f-649c-4e0c-81ba-c75c32fd0177
[92mINFO [0m:      Sent reply
[92mINFO [0m:      
[92mINFO [0m:      Received: train message 0f899c6e-3b3f-40ff-abc8-65fe8bd956de
[92mINFO [0m:      Sent reply
[92mINFO [0m:      
[92mINFO [0m:      Received: evaluate message 10a3a9c2-4357-4710-a158-556c2d97c6c2
[92mINFO [0m:      Sent reply
[92mINFO [0m:      
[92mINFO [0m:      Received: train message b08e8fe2-1cbc-489b-9abc-dd5058fb9836
[92mINFO [0m:      Sent reply
[92mINFO [0m:      
[92mINFO [0m:      Received: evaluate message c69d65f9-fa20-44c1-9683-b8c177786751
[92mINFO [0m:      Sent reply
[92mINFO [0m:      
[92mINFO [0m:      Received: train message 46296b70-dbbf-4e9c-8ef3-19012b0336fa
[92mINFO [0m:      Sent reply
[92mINFO [0m:      
[92mINFO [0m:      Received: evaluate message dc298043-d87f-462c-8334-8c13ae0051d9
[92mINFO [0m:      Sent reply
[92mINFO [0m:      
[92mINFO [0m:      Received: train message a0b2d824-3274-4687-b085-821a7924d43c
[92mINFO [0m:      Sent reply
[92mINFO [0m:      
[92mINFO [0m:      Received: evaluate message 3911e253-93e3-4eb0-9468-48687da070b5
[92mINFO [0m:      Sent reply
[92mINFO [0m:      
[92mINFO [0m:      Received: train message 14097891-c84b-44ec-84b7-830a7dd37204
[92mINFO [0m:      Sent reply
[92mINFO [0m:      
[92mINFO [0m:      Received: evaluate message e3e4b1da-5cea-431e-8121-ab8566a5775c
[92mINFO [0m:      Sent reply
[92mINFO [0m:      
[92mINFO [0m:      Received: train message 8b0977a7-ffdc-4a7d-915d-7ef892b79658
[92mINFO [0m:      Sent reply
[92mINFO [0m:      
[92mINFO [0m:      Received: evaluate message ac4aac04-07c9-4496-b97f-94337b11a08b
[92mINFO [0m:      Sent reply
[92mINFO [0m:      
[92mINFO [0m:      Received: train message 22510deb-c586-49f2-a2f7-5737839dc7be
[92mINFO [0m:      Sent reply
[92mINFO [0m:      
[92mINFO [0m:      Received: evaluate message 5e00583d-03c4-40d7-9c6a-d5bb4d806240
[92mINFO [0m:      Sent reply
[92mINFO [0m:      
[92mINFO [0m:      Received: train message f649f70f-eca1-42fb-82f4-151be4781b8a
[92mINFO [0m:      Sent reply
[92mINFO [0m:      
[92mINFO [0m:      Received: evaluate message 7a18199c-8fd6-42f4-8adb-82cde3e1b3da
[92mINFO [0m:      Sent reply
[92mINFO [0m:      
[92mINFO [0m:      Received: train message 7031d8e6-6bdc-4d61-a75e-899f5a2f5556
[92mINFO [0m:      Sent reply
[92mINFO [0m:      
[92mINFO [0m:      Received: evaluate message 1b13d792-ff48-424d-801f-b8482ffb2ab1
[92mINFO [0m:      Sent reply
[92mINFO [0m:      
[92mINFO [0m:      Received: train message 0e6bc0b7-65e4-4503-bb2d-380550f6e804
[92mINFO [0m:      Sent reply
[92mINFO [0m:      
[92mINFO [0m:      Received: evaluate message 3ed54f0c-27cd-40f7-abb2-b6f977405375
[92mINFO [0m:      Sent reply
[92mINFO [0m:      
[92mINFO [0m:      Received: train message 0219c744-868e-4546-bbe8-8dd3cc494ac2
[92mINFO [0m:      Sent reply
[92mINFO [0m:      
[92mINFO [0m:      Received: evaluate message 0213e562-7fab-4486-a434-7ed31e43463c
[92mINFO [0m:      Sent reply
[92mINFO [0m:      
[92mINFO [0m:      Received: train message 90bb24b5-a010-4b74-a3e9-955ee6df9804
[92mINFO [0m:      Sent reply
[92mINFO [0m:      
[92mINFO [0m:      Received: evaluate message af2d8284-8051-4f15-8981-457b87fbf22d
[92mINFO [0m:      Sent reply
[92mINFO [0m:      
[92mINFO [0m:      Received: train message c87a6188-68da-4a13-89d7-9c94513aa184
[92mINFO [0m:      Sent reply
[92mINFO [0m:      
[92mINFO [0m:      Received: evaluate message 491156b2-1054-4dfa-a396-eac1283a891a
[92mINFO [0m:      Sent reply
[92mINFO [0m:      
[92mINFO [0m:      Received: train message 357947e8-0374-45b4-8338-a0e824b64b7a
[92mINFO [0m:      Sent reply
[92mINFO [0m:      
[92mINFO [0m:      Received: evaluate message dca277b6-7fb3-4f7e-bc77-2b3b189e31bd
[92mINFO [0m:      Sent reply
[92mINFO [0m:      
[92mINFO [0m:      Received: train message da457773-1720-4f5a-acc0-c61c768075bf
[92mINFO [0m:      Sent reply
[92mINFO [0m:      
[92mINFO [0m:      Received: evaluate message 1bc62781-ebd7-4d21-be32-a8b847072343
[92mINFO [0m:      Sent reply
[92mINFO [0m:      
[92mINFO [0m:      Received: train message 796a295e-889e-4e31-a20d-89c059ec59a3
[92mINFO [0m:      Sent reply
[92mINFO [0m:      
[92mINFO [0m:      Received: evaluate message 5ef431a6-8fc5-4325-98d9-b8a7eb8a45c4
[92mINFO [0m:      Sent reply
[92mINFO [0m:      
[92mINFO [0m:      Received: train message 14925fa6-f669-400e-8b90-0594802f40c6
[92mINFO [0m:      Sent reply
[92mINFO [0m:      
[92mINFO [0m:      Received: evaluate message 7231da1d-f333-4c3a-b5eb-b19641b4f011
[92mINFO [0m:      Sent reply
[92mINFO [0m:      
[92mINFO [0m:      Received: train message f0026a60-8415-4811-8e6b-b805d1e42aa0
[92mINFO [0m:      Sent reply
[92mINFO [0m:      
[92mINFO [0m:      Received: evaluate message 71132d50-d938-437c-945b-ac10ed10bb68
[92mINFO [0m:      Sent reply
[92mINFO [0m:      
[92mINFO [0m:      Received: train message 9c20385f-0459-4cdc-b3c7-ebbdb9ec0292
[92mINFO [0m:      Sent reply
[92mINFO [0m:      
[92mINFO [0m:      Received: evaluate message 7c6c03fa-b275-4275-9b19-8e67b06ee1cb
[92mINFO [0m:      Sent reply
[92mINFO [0m:      
[92mINFO [0m:      Received: train message d82a15ba-0844-46ce-9541-b916d6bd8614
[92mINFO [0m:      Sent reply
[92mINFO [0m:      
[92mINFO [0m:      Received: evaluate message 5639cfac-ac3b-42d2-a2f9-7f9a01ec3d16
[92mINFO [0m:      Sent reply
[92mINFO [0m:      
[92mINFO [0m:      Received: train message 6fef767d-99ee-434c-b228-ac56959af007
[92mINFO [0m:      Sent reply
[92mINFO [0m:      
[92mINFO [0m:      Received: evaluate message 0529f6b1-e32a-4ca1-adc3-77bdfd155a67
[92mINFO [0m:      Sent reply
[92mINFO [0m:      
[92mINFO [0m:      Received: train message 0261d89a-c92b-473d-9922-214d8bc517dd
[92mINFO [0m:      Sent reply
[92mINFO [0m:      
[92mINFO [0m:      Received: evaluate message eb4f10a0-2fdb-49a1-a2e8-dae27e982573
[92mINFO [0m:      Sent reply
[92mINFO [0m:      
[92mINFO [0m:      Received: train message 79129c86-9666-40ce-94c1-e7669b96c235
[92mINFO [0m:      Sent reply
[92mINFO [0m:      
[92mINFO [0m:      Received: evaluate message 53321602-5e59-487c-85cd-117110b8790f
[92mINFO [0m:      Sent reply
[92mINFO [0m:      
[92mINFO [0m:      Received: train message dc3bd9d3-4cb6-4b81-850f-e06b75168ad6
[92mINFO [0m:      Sent reply
[92mINFO [0m:      
[92mINFO [0m:      Received: evaluate message cc04c307-ddc2-4dba-bb9a-0674c6964ba6
[92mINFO [0m:      Sent reply
[92mINFO [0m:      
[92mINFO [0m:      Received: train message 6003643b-8ac3-4b7f-b4c9-51b606c13ef5
[92mINFO [0m:      Sent reply
[92mINFO [0m:      
[92mINFO [0m:      Received: evaluate message 0c1bbbae-ed3f-4d9f-840d-42459052e32f
[92mINFO [0m:      Sent reply
[92mINFO [0m:      
[92mINFO [0m:      Received: train message e8dc61c9-3a3b-470d-948e-dd3f83ac4996
[92mINFO [0m:      Sent reply
[92mINFO [0m:      
[92mINFO [0m:      Received: evaluate message 99aeba18-c59d-4428-a7eb-3ddfe9965554
[92mINFO [0m:      Sent reply
[92mINFO [0m:      
[92mINFO [0m:      Received: train message 53e3c3ed-63ca-4563-9c1a-5e8c3b59fc7a
[92mINFO [0m:      Sent reply
[92mINFO [0m:      
[92mINFO [0m:      Received: evaluate message ab476395-9bb3-4c49-a3d2-2d9cf89a66f5
[92mINFO [0m:      Sent reply
[92mINFO [0m:      
[92mINFO [0m:      Received: train message 0c2dd4ee-8c8d-4a7c-9b01-7cd0c8f9743e
[92mINFO [0m:      Sent reply
[92mINFO [0m:      
[92mINFO [0m:      Received: evaluate message 5891c7ab-5455-4694-94bc-8673adc7057d
[92mINFO [0m:      Sent reply
[92mINFO [0m:      
[92mINFO [0m:      Received: train message d74ed211-a880-49be-87df-e98d2396d8a5
[92mINFO [0m:      Sent reply
[92mINFO [0m:      
[92mINFO [0m:      Received: evaluate message f21cbc98-db56-4fe9-a376-93cd61e2c22a
[92mINFO [0m:      Sent reply
[92mINFO [0m:      
[92mINFO [0m:      Received: train message f0ffa206-f4af-4c75-afa8-a803014641d5
[92mINFO [0m:      Sent reply
[92mINFO [0m:      
[92mINFO [0m:      Received: evaluate message ec3387cc-61bd-4393-8a1d-73c67a925c67
[92mINFO [0m:      Sent reply
[92mINFO [0m:      
[92mINFO [0m:      Received: train message d0cb2974-dd70-46c3-83b4-5c8bfa21002f
[92mINFO [0m:      Sent reply
[92mINFO [0m:      
[92mINFO [0m:      Received: evaluate message dbde2340-2df3-474b-8d17-f6bc5d74cc25
[92mINFO [0m:      Sent reply
[92mINFO [0m:      
[92mINFO [0m:      Received: train message 9e7cf169-9ed6-47ff-9443-49f6590fad36
[92mINFO [0m:      Sent reply
[92mINFO [0m:      
[92mINFO [0m:      Received: evaluate message b5eb9c47-d298-4ace-a6f6-b82983b07043
[92mINFO [0m:      Sent reply
[92mINFO [0m:      
[92mINFO [0m:      Received: train message c95d94db-1d25-4f45-85fc-be668f310563
[92mINFO [0m:      Sent reply
[92mINFO [0m:      
[92mINFO [0m:      Received: evaluate message 473e0241-ac9b-4890-8e50-b1dfac09fc86
[92mINFO [0m:      Sent reply
[92mINFO [0m:      
[92mINFO [0m:      Received: train message 2f7f6f28-0354-4415-9de2-9523c52fa78f
[92mINFO [0m:      Sent reply
[92mINFO [0m:      
[92mINFO [0m:      Received: evaluate message 8d754d33-c216-471a-a074-7f566392f767
[92mINFO [0m:      Sent reply
[92mINFO [0m:      
[92mINFO [0m:      Received: train message 3cdac824-539b-49b0-b3b5-60ada88164e9
[92mINFO [0m:      Sent reply
[92mINFO [0m:      
[92mINFO [0m:      Received: evaluate message 0309f5e9-3733-4e4d-bbb8-a39dfcab56f3
[92mINFO [0m:      Sent reply
[92mINFO [0m:      
[92mINFO [0m:      Received: train message eabb646d-7cb4-450b-88c4-a6a7759998a2
[92mINFO [0m:      Sent reply
[92mINFO [0m:      
[92mINFO [0m:      Received: evaluate message 022706f6-315e-46fb-8ccb-fdf1f852f4c6
[92mINFO [0m:      Sent reply
[92mINFO [0m:      
[92mINFO [0m:      Received: train message f5d4d8c6-5bf8-486d-89fd-c7bc3fb82db3
[92mINFO [0m:      Sent reply
[92mINFO [0m:      
[92mINFO [0m:      Received: evaluate message db9d3947-fe6d-43b5-9eca-9d1ed88bbf79
[92mINFO [0m:      Sent reply
[92mINFO [0m:      
[92mINFO [0m:      Received: train message a028d71f-ce6f-4b8c-a3e5-e036b08ed1da
[92mINFO [0m:      Sent reply
[92mINFO [0m:      
[92mINFO [0m:      Received: evaluate message a7bc9879-3e97-4fba-a789-bd58ab4a3522
[92mINFO [0m:      Sent reply
[92mINFO [0m:      
[92mINFO [0m:      Received: train message 241dd1aa-dad4-4206-abcd-8c03206c576a
[92mINFO [0m:      Sent reply
[92mINFO [0m:      
[92mINFO [0m:      Received: evaluate message bac825ff-e55b-4468-8e50-db2ec0c65c61
[92mINFO [0m:      Sent reply
[92mINFO [0m:      
[92mINFO [0m:      Received: train message 3db9522b-3808-4af7-be2e-f89a33b1a09d
[92mINFO [0m:      Sent reply
[92mINFO [0m:      
[92mINFO [0m:      Received: evaluate message 293f4fee-94e5-4cde-a89d-05aaf98a158e
[92mINFO [0m:      Sent reply
[92mINFO [0m:      
[92mINFO [0m:      Received: train message 040ae7ef-23d4-4904-99af-7cdc18653f1a
[92mINFO [0m:      Sent reply
[92mINFO [0m:      
[92mINFO [0m:      Received: evaluate message 37cd5747-ad8c-45fb-ad0c-c76b367d36ea
[92mINFO [0m:      Sent reply
[92mINFO [0m:      
[92mINFO [0m:      Received: train message 19819b49-ed02-416e-9268-f96ec849e00e
[92mINFO [0m:      Sent reply
[92mINFO [0m:      
[92mINFO [0m:      Received: evaluate message 2e3d7326-5bfe-4740-b3df-a3bde2fbb47c
[92mINFO [0m:      Sent reply
[92mINFO [0m:      
[92mINFO [0m:      Received: reconnect message e30ca388-f98d-4c1e-b7ee-1ff35a3521f5
[92mINFO [0m:      Disconnect and shut down
