[93mWARNING [0m:   DEPRECATED FEATURE: flwr.client.start_client() is deprecated.
	Instead, use the `flower-supernode` CLI command to start a SuperNode as shown below:

		$ flower-supernode --insecure --superlink='<IP>:<PORT>'

	To view all available options, run:

		$ flower-supernode --help

	Using `start_client()` is deprecated.

            This is a deprecated feature. It will be removed
            entirely in future versions of Flower.
        
[92mINFO [0m:      
[92mINFO [0m:      Received: train message 0b9f1124-ba53-437e-b91a-ae773d1a7a76
[92mINFO [0m:      Sent reply
[92mINFO [0m:      
[92mINFO [0m:      Received: evaluate message 58ea8e69-dfa0-4f74-98df-1aab37538f10
[92mINFO [0m:      Sent reply
[92mINFO [0m:      
[92mINFO [0m:      Received: train message 79864e1a-f4b8-4111-8225-e684ac11ff23
[92mINFO [0m:      Sent reply
[92mINFO [0m:      
[92mINFO [0m:      Received: evaluate message d4aa9be6-2620-4289-babf-299044c7d7ba
[92mINFO [0m:      Sent reply
[92mINFO [0m:      
[92mINFO [0m:      Received: train message d296c91e-1e25-44ac-a1d0-9e58662ec627
[92mINFO [0m:      Sent reply
[92mINFO [0m:      
[92mINFO [0m:      Received: evaluate message 57cdccee-0166-4ebc-91ff-48c124a31704
[92mINFO [0m:      Sent reply
[92mINFO [0m:      
[92mINFO [0m:      Received: train message 86efc4fc-85e8-43a8-be33-69a29e0e55fc
[92mINFO [0m:      Sent reply
[92mINFO [0m:      
[92mINFO [0m:      Received: evaluate message 069339d2-4b34-4616-8371-2cb2e70f1b03
[92mINFO [0m:      Sent reply
[92mINFO [0m:      
[92mINFO [0m:      Received: train message f3364f66-36de-49ef-baa1-8c3a9f556b66
[92mINFO [0m:      Sent reply
[92mINFO [0m:      
[92mINFO [0m:      Received: evaluate message a2daeb52-77ae-459e-866c-0bacece82040
[92mINFO [0m:      Sent reply
[92mINFO [0m:      
[92mINFO [0m:      Received: train message dad2bd18-2acb-46d4-bb9f-c7c4a1564e07
[92mINFO [0m:      Sent reply
[92mINFO [0m:      
[92mINFO [0m:      Received: evaluate message 36cc82c7-d5ed-42ee-9a3c-30f693acf52b
[92mINFO [0m:      Sent reply
[92mINFO [0m:      
[92mINFO [0m:      Received: train message 4bdcb3ff-1a20-4d4c-93b2-e18039679637
[92mINFO [0m:      Sent reply
[92mINFO [0m:      
[92mINFO [0m:      Received: evaluate message 5ca42f28-8edc-4bad-bb1e-21db82062696
[92mINFO [0m:      Sent reply
[92mINFO [0m:      
[92mINFO [0m:      Received: train message e2471a36-0b9a-43cd-b679-82ea1395caee
[92mINFO [0m:      Sent reply
[92mINFO [0m:      
[92mINFO [0m:      Received: evaluate message e18f66b2-0aad-4f99-8d99-a7fab07e6e64
[92mINFO [0m:      Sent reply
[92mINFO [0m:      
[92mINFO [0m:      Received: train message b3aba12c-59e1-4262-b046-686e43f208bd
[92mINFO [0m:      Sent reply
[92mINFO [0m:      
[92mINFO [0m:      Received: evaluate message f8e6adbf-4fc8-48d2-8f7d-75d18662c1d3
[92mINFO [0m:      Sent reply
[92mINFO [0m:      
[92mINFO [0m:      Received: train message f94b7d31-0bdd-43b4-8426-7491a94d3090
[92mINFO [0m:      Sent reply
[92mINFO [0m:      
[92mINFO [0m:      Received: evaluate message 3a731bc2-c489-46a7-b5d9-19ffd5f31817
[92mINFO [0m:      Sent reply
[92mINFO [0m:      
[92mINFO [0m:      Received: train message 59e17d0b-01d2-468e-b1e0-0df7e8210524
[92mINFO [0m:      Sent reply
[92mINFO [0m:      
[92mINFO [0m:      Received: evaluate message d251109d-9cf2-4936-a8ba-f376df0b319f
[92mINFO [0m:      Sent reply
[92mINFO [0m:      
[92mINFO [0m:      Received: train message d5635030-bbc5-44a3-a122-7373b712b46e
[92mINFO [0m:      Sent reply
[92mINFO [0m:      
[92mINFO [0m:      Received: evaluate message 8e33cf1c-5887-467b-aa3e-3613314ae305
[92mINFO [0m:      Sent reply
[92mINFO [0m:      
[92mINFO [0m:      Received: train message d2098573-f728-45be-b495-6b5c9e846254
[92mINFO [0m:      Sent reply
[92mINFO [0m:      
[92mINFO [0m:      Received: evaluate message 587bffbf-3d1b-4b06-a7ee-96f589453013
[92mINFO [0m:      Sent reply
[92mINFO [0m:      
[92mINFO [0m:      Received: train message ae16e19f-1b1c-4801-b62b-2cb4400e7f96
[92mINFO [0m:      Sent reply
[92mINFO [0m:      
[92mINFO [0m:      Received: evaluate message 9d491343-f434-4200-9ef1-b6711fd598e9
[92mINFO [0m:      Sent reply
[92mINFO [0m:      
[92mINFO [0m:      Received: train message 8f67ace9-f0de-4c3e-b0fb-07bb66cebc6a
[92mINFO [0m:      Sent reply
[92mINFO [0m:      
[92mINFO [0m:      Received: evaluate message dde4a143-f359-44e0-9817-e4bed591125a
[92mINFO [0m:      Sent reply
[92mINFO [0m:      
[92mINFO [0m:      Received: train message 6c12ec22-c939-413d-b37b-08f7d6b4eb27
[92mINFO [0m:      Sent reply
[92mINFO [0m:      
[92mINFO [0m:      Received: evaluate message 9d611f05-d2d8-42db-9215-51719837d5bd
[92mINFO [0m:      Sent reply
[92mINFO [0m:      
[92mINFO [0m:      Received: train message 5410b571-549a-4ece-ab8d-f9cd525b34c4
[92mINFO [0m:      Sent reply
[92mINFO [0m:      
[92mINFO [0m:      Received: evaluate message 7d88725c-2182-4a5e-a4ab-d17230f54995
[92mINFO [0m:      Sent reply
[92mINFO [0m:      
[92mINFO [0m:      Received: train message c25a1465-132c-4663-9e64-abdeff0e77c0
[92mINFO [0m:      Sent reply
[92mINFO [0m:      
[92mINFO [0m:      Received: evaluate message b62a5751-5d4c-48cb-b3ed-86fe676051e4
[92mINFO [0m:      Sent reply
[92mINFO [0m:      
[92mINFO [0m:      Received: train message b5cd5db2-5367-4509-9750-2bf7c2944214
[92mINFO [0m:      Sent reply
[92mINFO [0m:      
[92mINFO [0m:      Received: evaluate message fbe88d8e-304a-431e-8767-a946d6fb319a
[92mINFO [0m:      Sent reply
[92mINFO [0m:      
[92mINFO [0m:      Received: train message 61875b39-9017-4e44-9755-be0993e7ca6f
[92mINFO [0m:      Sent reply
[92mINFO [0m:      
[92mINFO [0m:      Received: evaluate message 716ccc74-ec11-48ec-8d20-a7f91d36d7c3
[92mINFO [0m:      Sent reply
[92mINFO [0m:      
[92mINFO [0m:      Received: train message 302d7115-5515-409e-b8cb-9a599b044891
[92mINFO [0m:      Sent reply
[92mINFO [0m:      
[92mINFO [0m:      Received: evaluate message 6038623f-c736-4443-b289-20a2ebc2fd73
[92mINFO [0m:      Sent reply
[92mINFO [0m:      
[92mINFO [0m:      Received: train message 21add776-5459-4237-837a-6ea618f75844
[92mINFO [0m:      Sent reply
[92mINFO [0m:      
[92mINFO [0m:      Received: evaluate message b690861b-5038-455b-b30f-86cda7588c3f
[92mINFO [0m:      Sent reply
[92mINFO [0m:      
[92mINFO [0m:      Received: train message 90708e5a-930c-45df-b3ac-112d721cf0d9
[92mINFO [0m:      Sent reply
[92mINFO [0m:      
[92mINFO [0m:      Received: evaluate message 309b2be4-2f02-4918-822a-5be11f142923
[92mINFO [0m:      Sent reply
[92mINFO [0m:      
[92mINFO [0m:      Received: train message 35993b45-558e-4e4a-a311-12f306ad4373
[92mINFO [0m:      Sent reply
[92mINFO [0m:      
[92mINFO [0m:      Received: evaluate message 4a306466-af40-46f6-9200-dee292c867ac
[92mINFO [0m:      Sent reply
[92mINFO [0m:      
[92mINFO [0m:      Received: train message 83c25a06-d525-4f5a-948e-81f4c4d7cfb9
[92mINFO [0m:      Sent reply
[92mINFO [0m:      
[92mINFO [0m:      Received: evaluate message f0ea4b53-58bc-4d81-bcca-c21b5cc8ddfa
[92mINFO [0m:      Sent reply
[92mINFO [0m:      
[92mINFO [0m:      Received: train message 3efa994b-4b1c-44ea-9fb8-ab8f815debb6
[92mINFO [0m:      Sent reply
[92mINFO [0m:      
[92mINFO [0m:      Received: evaluate message 76580730-9a46-406c-93b3-308f5911f78a
[92mINFO [0m:      Sent reply
[92mINFO [0m:      
[92mINFO [0m:      Received: train message 815203f9-ede5-441e-8981-25d835cc6afc
[92mINFO [0m:      Sent reply
[92mINFO [0m:      
[92mINFO [0m:      Received: evaluate message 6b6ced9f-ae63-42fe-abff-f55717d228a3
[92mINFO [0m:      Sent reply
[92mINFO [0m:      
[92mINFO [0m:      Received: train message b5f4a53b-3415-45d1-8d0e-048c63c92ef0
[92mINFO [0m:      Sent reply
[92mINFO [0m:      
[92mINFO [0m:      Received: evaluate message 5eb8e781-0ecd-4f2e-b284-3e79014d37a2
[92mINFO [0m:      Sent reply
[92mINFO [0m:      
[92mINFO [0m:      Received: train message 85c7bfc6-72f0-4b87-a78d-6a3aab25fe30
[92mINFO [0m:      Sent reply
[92mINFO [0m:      
[92mINFO [0m:      Received: evaluate message 3a1e3973-d995-4887-8162-4dda959e8296
[92mINFO [0m:      Sent reply
[92mINFO [0m:      
[92mINFO [0m:      Received: train message ccb065ac-cf1a-4fbf-a016-170bb66b2b06
[92mINFO [0m:      Sent reply
[92mINFO [0m:      
[92mINFO [0m:      Received: evaluate message 9cb36014-ce80-4e6f-846b-cd94344c987a
[92mINFO [0m:      Sent reply
[92mINFO [0m:      
[92mINFO [0m:      Received: train message b9fcc7ee-7c78-4f65-bf2c-a7bd15dc73be
[92mINFO [0m:      Sent reply
[92mINFO [0m:      
[92mINFO [0m:      Received: evaluate message 98e322e6-7f87-4016-82aa-9a9657c9e4b5
[92mINFO [0m:      Sent reply
[92mINFO [0m:      
[92mINFO [0m:      Received: train message ad30fe16-bb3b-44ee-8d9e-450324635ed8
[92mINFO [0m:      Sent reply
[92mINFO [0m:      
[92mINFO [0m:      Received: evaluate message 8d55fd77-ebc7-42f3-979f-0060f398d5b5
[92mINFO [0m:      Sent reply
[92mINFO [0m:      
[92mINFO [0m:      Received: train message 815603a4-3310-4293-abe8-f3a998ccc9d3
[92mINFO [0m:      Sent reply
[92mINFO [0m:      
[92mINFO [0m:      Received: evaluate message 1416e2a9-9cd9-441e-99ed-ba810e2c47d7
[92mINFO [0m:      Sent reply
[92mINFO [0m:      
[92mINFO [0m:      Received: train message 85989c1d-ec3f-4c19-baf3-ab09d8526b65
[92mINFO [0m:      Sent reply
[92mINFO [0m:      
[92mINFO [0m:      Received: evaluate message b551af02-14e2-4d74-8771-843cb335ab6c
[92mINFO [0m:      Sent reply
[92mINFO [0m:      
[92mINFO [0m:      Received: train message 2c7aadf0-bb60-4a93-9da7-596060e9bd98
[92mINFO [0m:      Sent reply
[92mINFO [0m:      
[92mINFO [0m:      Received: evaluate message 6d33d39c-1f0d-4259-9d7c-d8aeac78a650
[92mINFO [0m:      Sent reply
[92mINFO [0m:      
[92mINFO [0m:      Received: train message 8dffbc1e-5a59-4d0e-8c78-7bd1a3bf500e
[92mINFO [0m:      Sent reply
[92mINFO [0m:      
[92mINFO [0m:      Received: evaluate message 0bca1bba-23dd-4295-8c8a-1ce5a34cacc6
[92mINFO [0m:      Sent reply
[92mINFO [0m:      
[92mINFO [0m:      Received: train message 0b4e337a-a49a-4c7f-adbc-538d7ff8ea7a
[92mINFO [0m:      Sent reply
[92mINFO [0m:      
[92mINFO [0m:      Received: evaluate message 8b4a7179-7995-442f-b6e3-319641e6b5b6
[92mINFO [0m:      Sent reply
[92mINFO [0m:      
[92mINFO [0m:      Received: train message 2701d2c7-5fe4-4636-bb2f-bd69b62fa2f3
[92mINFO [0m:      Sent reply
[92mINFO [0m:      
[92mINFO [0m:      Received: evaluate message 3acb8390-6c0d-4ee2-b96d-34eb1bf91ff8
[92mINFO [0m:      Sent reply
[92mINFO [0m:      
[92mINFO [0m:      Received: train message fd295535-78e3-4d78-b5f9-412f3e2e8533
[92mINFO [0m:      Sent reply
[92mINFO [0m:      
[92mINFO [0m:      Received: evaluate message efde39c4-9d4b-4fe2-bbe0-64101b6171d6
[92mINFO [0m:      Sent reply
[92mINFO [0m:      
[92mINFO [0m:      Received: train message 1e9528e1-b637-4e6f-8187-ef0fb003cf5c
[92mINFO [0m:      Sent reply
[92mINFO [0m:      
[92mINFO [0m:      Received: evaluate message ad9209f7-0160-4dc8-8f0d-3cd03533062c
[92mINFO [0m:      Sent reply
[92mINFO [0m:      
[92mINFO [0m:      Received: train message 9d8b9148-c5f5-4fb3-afe6-67bfe5c2bb9c
[92mINFO [0m:      Sent reply
[92mINFO [0m:      
[92mINFO [0m:      Received: evaluate message 3b480832-bdc4-45ae-98e2-c1fed459dd92
[92mINFO [0m:      Sent reply
[92mINFO [0m:      
[92mINFO [0m:      Received: train message b7cb329b-29eb-475c-959f-29968174898a
[92mINFO [0m:      Sent reply
[92mINFO [0m:      
[92mINFO [0m:      Received: evaluate message c2439183-81f9-482b-b59a-d3c565967d32
[92mINFO [0m:      Sent reply
[92mINFO [0m:      
[92mINFO [0m:      Received: train message 4ca55615-da1b-432c-9d4c-4813adb9cc3e
[92mINFO [0m:      Sent reply
[92mINFO [0m:      
[92mINFO [0m:      Received: evaluate message 693ca809-d667-48c0-955f-3646832e2286
[92mINFO [0m:      Sent reply
[92mINFO [0m:      
[92mINFO [0m:      Received: train message 54855d91-4f57-4ab4-9b7a-179feaf0de16
[92mINFO [0m:      Sent reply
[92mINFO [0m:      
[92mINFO [0m:      Received: evaluate message 24f3d630-67bb-4e85-9443-0dfdac01f776
[92mINFO [0m:      Sent reply
[92mINFO [0m:      
[92mINFO [0m:      Received: train message e5690931-ee34-4d96-9676-e4dadb559434
[92mINFO [0m:      Sent reply
[92mINFO [0m:      
[92mINFO [0m:      Received: evaluate message 861f7861-f9b7-4ce7-8315-0dbac4c46f36
[92mINFO [0m:      Sent reply
[92mINFO [0m:      
[92mINFO [0m:      Received: train message 6b0384c8-8d4b-4af4-8a7b-e761b108b25a
[92mINFO [0m:      Sent reply
[92mINFO [0m:      
[92mINFO [0m:      Received: evaluate message 91991d02-ea87-414c-8a5d-0dc600335a11
[92mINFO [0m:      Sent reply
[92mINFO [0m:      
[92mINFO [0m:      Received: train message a6910c30-d752-42fa-be76-d1f82bfdfae9
[92mINFO [0m:      Sent reply
[92mINFO [0m:      
[92mINFO [0m:      Received: evaluate message 06ef5e71-23ef-4804-ad65-659246197326
[92mINFO [0m:      Sent reply
[92mINFO [0m:      
[92mINFO [0m:      Received: train message 1befc175-1948-4fdb-9ba6-f959f5894746
[92mINFO [0m:      Sent reply
[92mINFO [0m:      
[92mINFO [0m:      Received: evaluate message c97ef138-d0bd-4814-b35b-9764e8fdc0ef
[92mINFO [0m:      Sent reply
[92mINFO [0m:      
[92mINFO [0m:      Received: train message 6beae9c4-2c13-46aa-9752-a3fc2349416a
[92mINFO [0m:      Sent reply
[92mINFO [0m:      
[92mINFO [0m:      Received: evaluate message 6d42f83e-f091-4607-ac68-69336903792f
[92mINFO [0m:      Sent reply
[92mINFO [0m:      
[92mINFO [0m:      Received: train message 0da20599-3da1-4044-a3ff-3f2ab2d43304
[92mINFO [0m:      Sent reply
[92mINFO [0m:      
[92mINFO [0m:      Received: evaluate message 4669ff71-0211-4674-9fd6-4d8a29a6d7ca
[92mINFO [0m:      Sent reply
[92mINFO [0m:      
[92mINFO [0m:      Received: reconnect message fcb26881-ffe3-4e21-a16a-66d28bae453c
[92mINFO [0m:      Disconnect and shut down
