[93mWARNING [0m:   DEPRECATED FEATURE: flwr.client.start_client() is deprecated.
	Instead, use the `flower-supernode` CLI command to start a SuperNode as shown below:

		$ flower-supernode --insecure --superlink='<IP>:<PORT>'

	To view all available options, run:

		$ flower-supernode --help

	Using `start_client()` is deprecated.

            This is a deprecated feature. It will be removed
            entirely in future versions of Flower.
        
[92mINFO [0m:      
[92mINFO [0m:      Received: train message 8eb35da3-568a-42c6-8bf3-a02eb1cfb460
[92mINFO [0m:      Sent reply
[92mINFO [0m:      
[92mINFO [0m:      Received: evaluate message 62d50acc-dd85-42de-b1e7-6c3be0d8d919
[92mINFO [0m:      Sent reply
[92mINFO [0m:      
[92mINFO [0m:      Received: train message a158d72e-f608-4410-b0b6-61f85696003b
[92mINFO [0m:      Sent reply
[92mINFO [0m:      
[92mINFO [0m:      Received: evaluate message 68b3bc43-f9ef-4da6-b635-bc7167ec0274
[92mINFO [0m:      Sent reply
[92mINFO [0m:      
[92mINFO [0m:      Received: train message bd425370-717f-49d6-9f17-801f263853b8
[92mINFO [0m:      Sent reply
[92mINFO [0m:      
[92mINFO [0m:      Received: evaluate message b3defe17-79a9-47fd-be69-71f83ee0fce1
[92mINFO [0m:      Sent reply
[92mINFO [0m:      
[92mINFO [0m:      Received: train message 430a1de4-8aee-4736-be10-9726277be49e
[92mINFO [0m:      Sent reply
[92mINFO [0m:      
[92mINFO [0m:      Received: evaluate message e3405f36-5e7a-4988-b2fe-a557387ecae8
[92mINFO [0m:      Sent reply
[92mINFO [0m:      
[92mINFO [0m:      Received: train message 7f0c055b-2fcc-4153-a087-c4335e330473
[92mINFO [0m:      Sent reply
[92mINFO [0m:      
[92mINFO [0m:      Received: evaluate message 5c453e77-c8f3-4cf4-bae1-45bb2037fe89
[92mINFO [0m:      Sent reply
[92mINFO [0m:      
[92mINFO [0m:      Received: train message f28389a5-93af-414f-be4d-3f441b31877b
[92mINFO [0m:      Sent reply
[92mINFO [0m:      
[92mINFO [0m:      Received: evaluate message ee450fae-af8b-40c1-8139-dd93d9b7a559
[92mINFO [0m:      Sent reply
[92mINFO [0m:      
[92mINFO [0m:      Received: train message d5192b57-5903-4cae-b95d-92d18fca01e3
[92mINFO [0m:      Sent reply
[92mINFO [0m:      
[92mINFO [0m:      Received: evaluate message 870b58d2-2ba9-4165-9bc8-a544656b893a
[92mINFO [0m:      Sent reply
[92mINFO [0m:      
[92mINFO [0m:      Received: train message 024d0926-b07c-4341-b5e0-94f267bc36a2
[92mINFO [0m:      Sent reply
[92mINFO [0m:      
[92mINFO [0m:      Received: evaluate message f30e1dea-66df-438d-93f8-d219720b6861
[92mINFO [0m:      Sent reply
[92mINFO [0m:      
[92mINFO [0m:      Received: train message 185b15da-f175-4970-9750-dc65d149520b
[92mINFO [0m:      Sent reply
[92mINFO [0m:      
[92mINFO [0m:      Received: evaluate message d424be09-4569-4b22-b2df-2ce459fbe467
[92mINFO [0m:      Sent reply
[92mINFO [0m:      
[92mINFO [0m:      Received: train message a9f1d68a-a92e-4669-bcea-1d5252e4dd3d
[92mINFO [0m:      Sent reply
[92mINFO [0m:      
[92mINFO [0m:      Received: evaluate message dae4f257-e4ca-4451-81fd-0e076e09843c
[92mINFO [0m:      Sent reply
[92mINFO [0m:      
[92mINFO [0m:      Received: train message ba054359-2223-4160-8385-4819463dd3a1
[92mINFO [0m:      Sent reply
[92mINFO [0m:      
[92mINFO [0m:      Received: evaluate message 203c0a2b-86e2-459d-90ea-95ad4f222ce1
[92mINFO [0m:      Sent reply
[92mINFO [0m:      
[92mINFO [0m:      Received: train message 40bab6e0-bffe-4122-bd2b-03c2f42be44a
[92mINFO [0m:      Sent reply
[92mINFO [0m:      
[92mINFO [0m:      Received: evaluate message a8cb2b8f-9529-4401-b63b-2deddfaa09d3
[92mINFO [0m:      Sent reply
[92mINFO [0m:      
[92mINFO [0m:      Received: train message 1902da21-328e-45b7-915d-293cd943fa98
[92mINFO [0m:      Sent reply
[92mINFO [0m:      
[92mINFO [0m:      Received: evaluate message d07bc5c7-c82f-4f98-bc30-a974a065e8bb
[92mINFO [0m:      Sent reply
[92mINFO [0m:      
[92mINFO [0m:      Received: train message 9b9d45f7-f009-4597-8a35-afd7a4bff047
[92mINFO [0m:      Sent reply
[92mINFO [0m:      
[92mINFO [0m:      Received: evaluate message a1d865e0-e0a6-43b1-8729-060e53f62b2c
[92mINFO [0m:      Sent reply
[92mINFO [0m:      
[92mINFO [0m:      Received: train message fd658bf8-ec9c-4aac-ba18-87cc5d6280eb
[92mINFO [0m:      Sent reply
[92mINFO [0m:      
[92mINFO [0m:      Received: evaluate message 489f0bfb-c164-4848-938c-8cdd8b812371
[92mINFO [0m:      Sent reply
[92mINFO [0m:      
[92mINFO [0m:      Received: train message ede8164d-2748-4945-ab1a-3bcf105e75ba
[92mINFO [0m:      Sent reply
[92mINFO [0m:      
[92mINFO [0m:      Received: evaluate message 07bd12cd-1da6-4ff8-92ba-28820ad0f289
[92mINFO [0m:      Sent reply
[92mINFO [0m:      
[92mINFO [0m:      Received: train message cf116d26-67db-4540-9538-689af35eda58
[92mINFO [0m:      Sent reply
[92mINFO [0m:      
[92mINFO [0m:      Received: evaluate message 038e8d5b-5680-495c-8182-1c349bc5b0dd
[92mINFO [0m:      Sent reply
[92mINFO [0m:      
[92mINFO [0m:      Received: train message 49d2d304-4ee6-4152-ab3e-7cd0b7843e6f
[92mINFO [0m:      Sent reply
[92mINFO [0m:      
[92mINFO [0m:      Received: evaluate message 30cb96fa-9921-4cb1-9c3a-cfe56ce76a8c
[92mINFO [0m:      Sent reply
[92mINFO [0m:      
[92mINFO [0m:      Received: train message 53f15e92-54ac-4b16-bd6d-3e5c9eae8276
[92mINFO [0m:      Sent reply
[92mINFO [0m:      
[92mINFO [0m:      Received: evaluate message 65af7b9c-df23-4efc-94d6-463b72f058a2
[92mINFO [0m:      Sent reply
[92mINFO [0m:      
[92mINFO [0m:      Received: train message 36fb0a30-7e43-400c-a541-9042d61328de
[92mINFO [0m:      Sent reply
[92mINFO [0m:      
[92mINFO [0m:      Received: evaluate message 6928adfc-a27b-4b22-99ec-fa8e7b2d18f1
[92mINFO [0m:      Sent reply
[92mINFO [0m:      
[92mINFO [0m:      Received: train message 8be92235-140a-4801-9ed4-3509367640c4
[92mINFO [0m:      Sent reply
[92mINFO [0m:      
[92mINFO [0m:      Received: evaluate message bed36ec9-554f-4884-9a40-913cd399cd1d
[92mINFO [0m:      Sent reply
[92mINFO [0m:      
[92mINFO [0m:      Received: train message 1ebf2dfc-e7d9-4147-afd9-8da020c1bcef
[92mINFO [0m:      Sent reply
[92mINFO [0m:      
[92mINFO [0m:      Received: evaluate message 1d72b595-f866-4cfe-958f-5e25ee777a91
[92mINFO [0m:      Sent reply
[92mINFO [0m:      
[92mINFO [0m:      Received: train message ade4fd98-ae8f-416f-bbaf-f32ee4b2887a
[92mINFO [0m:      Sent reply
[92mINFO [0m:      
[92mINFO [0m:      Received: evaluate message baa4e2c1-0d46-4590-abd5-8ce358d308f1
[92mINFO [0m:      Sent reply
[92mINFO [0m:      
[92mINFO [0m:      Received: train message 00a7c714-a67e-4bb7-ac57-37fe9896e6dd
[92mINFO [0m:      Sent reply
[92mINFO [0m:      
[92mINFO [0m:      Received: evaluate message 0588735a-4576-41a2-9c26-ca6a20afdcbe
[92mINFO [0m:      Sent reply
[92mINFO [0m:      
[92mINFO [0m:      Received: train message 4ec384d8-dc44-4d91-bef7-df8ba2516e3d
[92mINFO [0m:      Sent reply
[92mINFO [0m:      
[92mINFO [0m:      Received: evaluate message 98eebe6c-b2eb-4187-9da2-d0bb5c33c93d
[92mINFO [0m:      Sent reply
[92mINFO [0m:      
[92mINFO [0m:      Received: train message 01bc9423-848b-4b5a-8718-8a3839f85a9a
[92mINFO [0m:      Sent reply
[92mINFO [0m:      
[92mINFO [0m:      Received: evaluate message df1b4442-9b0c-4e1f-8a7e-dd5e12a81840
[92mINFO [0m:      Sent reply
[92mINFO [0m:      
[92mINFO [0m:      Received: train message 4cb720fc-e267-431c-906a-19d3b505067b
[92mINFO [0m:      Sent reply
[92mINFO [0m:      
[92mINFO [0m:      Received: evaluate message ae26562e-91b3-4bcf-9dd4-8e127f5ef3d0
[92mINFO [0m:      Sent reply
[92mINFO [0m:      
[92mINFO [0m:      Received: train message af10274f-fab9-4166-8702-788a1aeddc33
[92mINFO [0m:      Sent reply
[92mINFO [0m:      
[92mINFO [0m:      Received: evaluate message e4afe42c-ab7c-4e3a-8498-8535d2ae7758
[92mINFO [0m:      Sent reply
[92mINFO [0m:      
[92mINFO [0m:      Received: train message ec388950-1b31-48c0-9d53-6ad62bff5eb3
[92mINFO [0m:      Sent reply
[92mINFO [0m:      
[92mINFO [0m:      Received: evaluate message 154a4b32-ef1a-4142-869c-84c575256fd4
[92mINFO [0m:      Sent reply
[92mINFO [0m:      
[92mINFO [0m:      Received: train message abffef36-3251-4803-89fa-19167df5e957
[92mINFO [0m:      Sent reply
[92mINFO [0m:      
[92mINFO [0m:      Received: evaluate message b874ac8c-dc2c-4150-9aa1-ea1be6722427
[92mINFO [0m:      Sent reply
[92mINFO [0m:      
[92mINFO [0m:      Received: train message f7d3ef49-7617-42a3-97fd-b9ed8ffd434f
[92mINFO [0m:      Sent reply
[92mINFO [0m:      
[92mINFO [0m:      Received: evaluate message caeaaf5a-33a9-42dc-8cde-f399e844a113
[92mINFO [0m:      Sent reply
[92mINFO [0m:      
[92mINFO [0m:      Received: train message 6708d452-a92b-4b79-8a1c-0a2e020e9d07
[92mINFO [0m:      Sent reply
[92mINFO [0m:      
[92mINFO [0m:      Received: evaluate message 12bd9174-e1a9-4764-b14d-c1530ba1ba74
[92mINFO [0m:      Sent reply
[92mINFO [0m:      
[92mINFO [0m:      Received: train message 8b3a79cd-6159-4337-897b-8284f8f8c57f
[92mINFO [0m:      Sent reply
[92mINFO [0m:      
[92mINFO [0m:      Received: evaluate message b028856d-0497-4af6-9920-1259d5ff6291
[92mINFO [0m:      Sent reply
[92mINFO [0m:      
[92mINFO [0m:      Received: train message b57c2d32-ec01-4896-bf38-f7431f1bb89d
[92mINFO [0m:      Sent reply
[92mINFO [0m:      
[92mINFO [0m:      Received: evaluate message d8e69352-88d9-4a24-a99a-b18c27b66ff7
[92mINFO [0m:      Sent reply
[92mINFO [0m:      
[92mINFO [0m:      Received: train message 38f06341-01ce-4af7-887b-514670ec38f5
[92mINFO [0m:      Sent reply
[92mINFO [0m:      
[92mINFO [0m:      Received: evaluate message c58d1c64-6145-4bcd-b9c7-18868dbe01ed
[92mINFO [0m:      Sent reply
[92mINFO [0m:      
[92mINFO [0m:      Received: train message 0ef52638-66d4-4ae0-a216-9660f4d0e24c
[92mINFO [0m:      Sent reply
[92mINFO [0m:      
[92mINFO [0m:      Received: evaluate message 55e82ee8-3cf1-4e7f-a33a-f4ebc654245a
[92mINFO [0m:      Sent reply
[92mINFO [0m:      
[92mINFO [0m:      Received: train message d1dcfaf6-121e-426a-a222-073dada843f8
[92mINFO [0m:      Sent reply
[92mINFO [0m:      
[92mINFO [0m:      Received: evaluate message e48504eb-d280-4773-9c4a-7c03468618ba
[92mINFO [0m:      Sent reply
[92mINFO [0m:      
[92mINFO [0m:      Received: train message 4d8aaee5-5635-4c00-82ea-25a22a2ea2a5
[92mINFO [0m:      Sent reply
[92mINFO [0m:      
[92mINFO [0m:      Received: evaluate message 18e17598-c5c1-49c4-af4f-0e7f1411cdba
[92mINFO [0m:      Sent reply
[92mINFO [0m:      
[92mINFO [0m:      Received: train message 54094e33-aef3-4c82-8baa-4e7dcb936f75
[92mINFO [0m:      Sent reply
[92mINFO [0m:      
[92mINFO [0m:      Received: evaluate message f558291e-7421-4770-8585-4ad53197b6a2
[92mINFO [0m:      Sent reply
[92mINFO [0m:      
[92mINFO [0m:      Received: train message d5ef01f6-73a1-440f-8b26-d7e5fb8fc1dd
[92mINFO [0m:      Sent reply
[92mINFO [0m:      
[92mINFO [0m:      Received: evaluate message 31d26ebf-bb35-4115-b4cf-6a3f40679663
[92mINFO [0m:      Sent reply
[92mINFO [0m:      
[92mINFO [0m:      Received: train message 891541f7-3cb0-4ed7-ab12-86872aaf4f41
[92mINFO [0m:      Sent reply
[92mINFO [0m:      
[92mINFO [0m:      Received: evaluate message e694fc13-9015-4e4f-88af-cb8ae4eece03
[92mINFO [0m:      Sent reply
[92mINFO [0m:      
[92mINFO [0m:      Received: train message 8340fcc8-0697-4e04-9f6a-90d60447cbd6
[92mINFO [0m:      Sent reply
[92mINFO [0m:      
[92mINFO [0m:      Received: evaluate message 259d2ea7-f55e-4dfd-ba94-e4c9891cc05d
[92mINFO [0m:      Sent reply
[92mINFO [0m:      
[92mINFO [0m:      Received: train message ab718d09-5ee4-46dc-9d9b-3588604f3f74
[92mINFO [0m:      Sent reply
[92mINFO [0m:      
[92mINFO [0m:      Received: evaluate message 48922d5a-bdb2-40b1-98d3-278ae4112ed9
[92mINFO [0m:      Sent reply
[92mINFO [0m:      
[92mINFO [0m:      Received: train message 3a6e05af-828c-49d7-b852-53185b93536b
[92mINFO [0m:      Sent reply
[92mINFO [0m:      
[92mINFO [0m:      Received: evaluate message 4818ef45-3c95-4e0a-80b6-1d0bfbd2bb38
[92mINFO [0m:      Sent reply
[92mINFO [0m:      
[92mINFO [0m:      Received: train message 84f0957e-8fb3-44c1-8d63-1af1e548849b
[92mINFO [0m:      Sent reply
[92mINFO [0m:      
[92mINFO [0m:      Received: evaluate message d454b0e1-fd53-4695-a212-51f92f1d35ea
[92mINFO [0m:      Sent reply
[92mINFO [0m:      
[92mINFO [0m:      Received: train message b5d90959-57bb-4ffe-9d2f-b9ce87d0c2c1
[92mINFO [0m:      Sent reply
[92mINFO [0m:      
[92mINFO [0m:      Received: evaluate message 308a5798-6e6d-40f4-8648-29a5bc2d9cc2
[92mINFO [0m:      Sent reply
[92mINFO [0m:      
[92mINFO [0m:      Received: train message 291b09f4-fc7b-4323-b27f-cd9a292bc4f9
[92mINFO [0m:      Sent reply
[92mINFO [0m:      
[92mINFO [0m:      Received: evaluate message 194841b5-faf1-49f4-b593-ca2ae43925a8
[92mINFO [0m:      Sent reply
[92mINFO [0m:      
[92mINFO [0m:      Received: train message cd5b0eef-8d63-4c3b-a6e2-b8e5e1853389
[92mINFO [0m:      Sent reply
[92mINFO [0m:      
[92mINFO [0m:      Received: evaluate message 692325b2-8760-4d35-b089-c48ea9248105
[92mINFO [0m:      Sent reply
[92mINFO [0m:      
[92mINFO [0m:      Received: train message f0949077-b12d-499d-a0e9-8dee21bcd9ce
[92mINFO [0m:      Sent reply
[92mINFO [0m:      
[92mINFO [0m:      Received: evaluate message 02eb56c2-8d3b-4846-865f-06f7e2767664
[92mINFO [0m:      Sent reply
[92mINFO [0m:      
[92mINFO [0m:      Received: train message 82718785-6adf-4d1f-930c-c3f8252d81d9
[92mINFO [0m:      Sent reply
[92mINFO [0m:      
[92mINFO [0m:      Received: evaluate message 046088ee-861a-4607-8cbf-64a78e5e610f
[92mINFO [0m:      Sent reply
[92mINFO [0m:      
[92mINFO [0m:      Received: reconnect message 4a48ed79-e6cc-488f-978f-6e4e1cb3d234
[92mINFO [0m:      Disconnect and shut down
