[93mWARNING [0m:   DEPRECATED FEATURE: flwr.client.start_client() is deprecated.
	Instead, use the `flower-supernode` CLI command to start a SuperNode as shown below:

		$ flower-supernode --insecure --superlink='<IP>:<PORT>'

	To view all available options, run:

		$ flower-supernode --help

	Using `start_client()` is deprecated.

            This is a deprecated feature. It will be removed
            entirely in future versions of Flower.
        
[92mINFO [0m:      
[92mINFO [0m:      Received: train message c19f542e-afe7-48d6-9b70-b3886e359af6
[92mINFO [0m:      Sent reply
[92mINFO [0m:      
[92mINFO [0m:      Received: evaluate message 725ebc6f-c0c7-4f4f-bf37-52d58f534ec7
[92mINFO [0m:      Sent reply
[92mINFO [0m:      
[92mINFO [0m:      Received: train message ec5112b0-ee2e-48c7-88f0-97e28d0925d8
[92mINFO [0m:      Sent reply
[92mINFO [0m:      
[92mINFO [0m:      Received: evaluate message 5c611ca4-13b4-446c-89ef-3ea1c68fbb00
[92mINFO [0m:      Sent reply
[92mINFO [0m:      
[92mINFO [0m:      Received: train message cee05d99-002a-4cbe-bf0c-a64ec2d7cadd
[92mINFO [0m:      Sent reply
[92mINFO [0m:      
[92mINFO [0m:      Received: evaluate message 782126eb-448f-4c15-8c50-f7528c34f671
[92mINFO [0m:      Sent reply
[92mINFO [0m:      
[92mINFO [0m:      Received: train message 9e0a0bf7-b615-4b06-a8e6-f6fe2c789ba6
[92mINFO [0m:      Sent reply
[92mINFO [0m:      
[92mINFO [0m:      Received: evaluate message 88495775-a8e7-4099-abd3-668250495290
[92mINFO [0m:      Sent reply
[92mINFO [0m:      
[92mINFO [0m:      Received: train message 601a4257-837f-4cb3-a458-ecf824a6b506
[92mINFO [0m:      Sent reply
[92mINFO [0m:      
[92mINFO [0m:      Received: evaluate message deb6c7d4-c162-4bb2-bc40-7607eaa8c9d8
[92mINFO [0m:      Sent reply
[92mINFO [0m:      
[92mINFO [0m:      Received: train message 766c2840-1387-4b4b-b369-65482e1d7e90
[92mINFO [0m:      Sent reply
[92mINFO [0m:      
[92mINFO [0m:      Received: evaluate message 9ade2e8c-5505-4f78-80c7-09ab303f7a46
[92mINFO [0m:      Sent reply
[92mINFO [0m:      
[92mINFO [0m:      Received: train message 41d72002-9d60-46ca-a25a-ec31f917f28e
[92mINFO [0m:      Sent reply
[92mINFO [0m:      
[92mINFO [0m:      Received: evaluate message d2da2853-a235-4b9f-b061-b157e98f6bf4
[92mINFO [0m:      Sent reply
[92mINFO [0m:      
[92mINFO [0m:      Received: train message e30ff22e-4bb8-4752-b407-615103d13667
[92mINFO [0m:      Sent reply
[92mINFO [0m:      
[92mINFO [0m:      Received: evaluate message b2b09e59-1f3f-4283-8f63-168c89d1fe22
[92mINFO [0m:      Sent reply
[92mINFO [0m:      
[92mINFO [0m:      Received: train message f38e3dd6-f65e-4242-8c11-a3ea1071c15f
[92mINFO [0m:      Sent reply
[92mINFO [0m:      
[92mINFO [0m:      Received: evaluate message 3e2c5f2c-c344-43c3-a01b-11f0c76c26eb
[92mINFO [0m:      Sent reply
[92mINFO [0m:      
[92mINFO [0m:      Received: train message 906e1ce7-1df5-409b-9eb4-dd16c4579962
[92mINFO [0m:      Sent reply
[92mINFO [0m:      
[92mINFO [0m:      Received: evaluate message a4791802-0205-4b8a-b309-3372ac51fb0b
[92mINFO [0m:      Sent reply
[92mINFO [0m:      
[92mINFO [0m:      Received: train message f03724c9-b7dc-4bc3-b1a5-ad339dab7999
[92mINFO [0m:      Sent reply
[92mINFO [0m:      
[92mINFO [0m:      Received: evaluate message 09243056-6b3f-4f68-ac33-db47bc5d7082
[92mINFO [0m:      Sent reply
[92mINFO [0m:      
[92mINFO [0m:      Received: train message e5d0eb68-86fc-4ebc-80c3-43432177a7fd
[92mINFO [0m:      Sent reply
[92mINFO [0m:      
[92mINFO [0m:      Received: evaluate message c5cbfbc3-e9c5-44e6-8d82-921439583776
[92mINFO [0m:      Sent reply
[92mINFO [0m:      
[92mINFO [0m:      Received: train message 04807fd0-9b6e-42b0-af47-4dc58bb5b16a
[92mINFO [0m:      Sent reply
[92mINFO [0m:      
[92mINFO [0m:      Received: evaluate message cf7d3f3b-5743-402e-a769-5a482a7b5980
[92mINFO [0m:      Sent reply
[92mINFO [0m:      
[92mINFO [0m:      Received: train message 1055b77e-5d2d-4200-92fb-421a53fed617
[92mINFO [0m:      Sent reply
[92mINFO [0m:      
[92mINFO [0m:      Received: evaluate message 66015e14-d7e8-4b16-a413-b8949ba009ca
[92mINFO [0m:      Sent reply
[92mINFO [0m:      
[92mINFO [0m:      Received: train message 3e3324ac-97d9-42aa-8951-6e8c19952cb5
[92mINFO [0m:      Sent reply
[92mINFO [0m:      
[92mINFO [0m:      Received: evaluate message 9fbdb8c3-42f1-4f6e-b0a0-f7bec1464286
[92mINFO [0m:      Sent reply
[92mINFO [0m:      
[92mINFO [0m:      Received: train message cb23cc41-9e01-4d44-b7f8-1014bbdfb22b
[92mINFO [0m:      Sent reply
[92mINFO [0m:      
[92mINFO [0m:      Received: evaluate message a670d4e9-7efd-4987-8180-425edaf1bba4
[92mINFO [0m:      Sent reply
[92mINFO [0m:      
[92mINFO [0m:      Received: train message 3bee180e-3c2c-4fee-83ad-5ceac1308da5
[92mINFO [0m:      Sent reply
[92mINFO [0m:      
[92mINFO [0m:      Received: evaluate message fddd0beb-68f6-4a4f-a1c7-39530fcd5709
[92mINFO [0m:      Sent reply
[92mINFO [0m:      
[92mINFO [0m:      Received: train message 903e74b8-8a53-4289-907a-07c2595fa608
[92mINFO [0m:      Sent reply
[92mINFO [0m:      
[92mINFO [0m:      Received: evaluate message f30e6d4d-35cb-4322-ba25-9db9751bc73d
[92mINFO [0m:      Sent reply
[92mINFO [0m:      
[92mINFO [0m:      Received: train message 606fce14-c7a7-423a-b428-998dddc78eca
[92mINFO [0m:      Sent reply
[92mINFO [0m:      
[92mINFO [0m:      Received: evaluate message 052d1cac-5a35-4bf9-9eb0-a8cf00d94363
[92mINFO [0m:      Sent reply
[92mINFO [0m:      
[92mINFO [0m:      Received: train message 6466ed47-29cf-4fff-8883-56c2447aebe5
[92mINFO [0m:      Sent reply
[92mINFO [0m:      
[92mINFO [0m:      Received: evaluate message 100efc55-ffbf-4595-96aa-d1500ff30bd7
[92mINFO [0m:      Sent reply
[92mINFO [0m:      
[92mINFO [0m:      Received: train message 3fc7af99-a3e3-46bb-9ead-7725da1f1479
[92mINFO [0m:      Sent reply
[92mINFO [0m:      
[92mINFO [0m:      Received: evaluate message c8a04584-b5df-4299-88f5-9f157b516228
[92mINFO [0m:      Sent reply
[92mINFO [0m:      
[92mINFO [0m:      Received: train message 1697f497-4aa6-41ce-b25a-5e8af1b7782a
[92mINFO [0m:      Sent reply
[92mINFO [0m:      
[92mINFO [0m:      Received: evaluate message 89973828-1c4a-414c-b6da-c503811b6942
[92mINFO [0m:      Sent reply
[92mINFO [0m:      
[92mINFO [0m:      Received: train message af230ab1-eadf-44f0-a99c-95e5bffb370e
[92mINFO [0m:      Sent reply
[92mINFO [0m:      
[92mINFO [0m:      Received: evaluate message 07899301-b132-4c7f-825c-7ce2dd8bc93f
[92mINFO [0m:      Sent reply
[92mINFO [0m:      
[92mINFO [0m:      Received: train message f5037dd3-079c-4be8-a537-073d178db815
[92mINFO [0m:      Sent reply
[92mINFO [0m:      
[92mINFO [0m:      Received: evaluate message bd3f8a1a-2190-4235-b82f-c2c6e8218dcc
[92mINFO [0m:      Sent reply
[92mINFO [0m:      
[92mINFO [0m:      Received: train message c576b326-b51f-4ddf-a3d4-9d99a193cbca
[92mINFO [0m:      Sent reply
[92mINFO [0m:      
[92mINFO [0m:      Received: evaluate message 8f88aa45-9366-4e04-80a5-ea0ce7884dd2
[92mINFO [0m:      Sent reply
[92mINFO [0m:      
[92mINFO [0m:      Received: train message fa82a12f-badb-4059-a835-3c20a1fc4b26
[92mINFO [0m:      Sent reply
[92mINFO [0m:      
[92mINFO [0m:      Received: evaluate message a3341220-c85f-48a9-b729-539fb97f055f
[92mINFO [0m:      Sent reply
[92mINFO [0m:      
[92mINFO [0m:      Received: train message 7cee5bd0-4b82-40af-9f62-08414d702117
[92mINFO [0m:      Sent reply
[92mINFO [0m:      
[92mINFO [0m:      Received: evaluate message b731355e-4542-4633-8191-4405acc72605
[92mINFO [0m:      Sent reply
[92mINFO [0m:      
[92mINFO [0m:      Received: train message 342e4ab4-73b1-46d0-87f4-8459ffd0b063
[92mINFO [0m:      Sent reply
[92mINFO [0m:      
[92mINFO [0m:      Received: evaluate message ffd6ee19-04d8-4040-a390-2ab017a49030
[92mINFO [0m:      Sent reply
[92mINFO [0m:      
[92mINFO [0m:      Received: train message 6d80bce4-dc6c-411b-b7aa-480bdf620fd0
[92mINFO [0m:      Sent reply
[92mINFO [0m:      
[92mINFO [0m:      Received: evaluate message c95df7a4-8b30-43a1-a008-38e69930c1a1
[92mINFO [0m:      Sent reply
[92mINFO [0m:      
[92mINFO [0m:      Received: train message ac39b403-4731-4851-840a-caaba31598da
[92mINFO [0m:      Sent reply
[92mINFO [0m:      
[92mINFO [0m:      Received: evaluate message 09e3bf7e-ac08-429d-8309-b7a9bd703c66
[92mINFO [0m:      Sent reply
[92mINFO [0m:      
[92mINFO [0m:      Received: train message e40c53ff-1d49-47dc-96b9-a3a352d41afb
[92mINFO [0m:      Sent reply
[92mINFO [0m:      
[92mINFO [0m:      Received: evaluate message 1f950866-9e5f-4f5a-855d-5bfab280a9c9
[92mINFO [0m:      Sent reply
[92mINFO [0m:      
[92mINFO [0m:      Received: train message 89e5b546-712b-4e94-bf9c-8f3aa1935259
[92mINFO [0m:      Sent reply
[92mINFO [0m:      
[92mINFO [0m:      Received: evaluate message 08021c95-1eab-4529-8022-59a8f6adace6
[92mINFO [0m:      Sent reply
[92mINFO [0m:      
[92mINFO [0m:      Received: train message f8d76215-d739-436f-8875-1923c3e19f6a
[92mINFO [0m:      Sent reply
[92mINFO [0m:      
[92mINFO [0m:      Received: evaluate message 84669d7d-c3fb-42f8-952c-abce2d8a709d
[92mINFO [0m:      Sent reply
[92mINFO [0m:      
[92mINFO [0m:      Received: train message 8466a6b1-c42a-40ef-9756-5000b3649b44
[92mINFO [0m:      Sent reply
[92mINFO [0m:      
[92mINFO [0m:      Received: evaluate message f21e45fc-fb6f-44ab-80c1-2dd2a175417b
[92mINFO [0m:      Sent reply
[92mINFO [0m:      
[92mINFO [0m:      Received: train message 84376cb0-4bf9-46ce-99bf-3b825a72244a
[92mINFO [0m:      Sent reply
[92mINFO [0m:      
[92mINFO [0m:      Received: evaluate message 2db4d7d2-6f72-4c55-9779-3fc97199e174
[92mINFO [0m:      Sent reply
[92mINFO [0m:      
[92mINFO [0m:      Received: train message acf1521f-1199-457b-86d6-e70968707fb5
[92mINFO [0m:      Sent reply
[92mINFO [0m:      
[92mINFO [0m:      Received: evaluate message 0f4f0991-9897-4aa1-82c3-f446ab841932
[92mINFO [0m:      Sent reply
[92mINFO [0m:      
[92mINFO [0m:      Received: train message 8bdb2433-43a7-40b1-a11d-aeeddbf9d5ef
[92mINFO [0m:      Sent reply
[92mINFO [0m:      
[92mINFO [0m:      Received: evaluate message f85e8a64-4a48-4cc6-b02c-5eb3898b59f1
[92mINFO [0m:      Sent reply
[92mINFO [0m:      
[92mINFO [0m:      Received: train message ddfb2037-d101-4bfe-ba98-720707cf7f9b
[92mINFO [0m:      Sent reply
[92mINFO [0m:      
[92mINFO [0m:      Received: evaluate message 4bc3f0dd-7772-4de3-975f-2de072f5ab4b
[92mINFO [0m:      Sent reply
[92mINFO [0m:      
[92mINFO [0m:      Received: train message 54fd3f2a-396e-4a24-888e-5672b2074011
[92mINFO [0m:      Sent reply
[92mINFO [0m:      
[92mINFO [0m:      Received: evaluate message 77d90ac1-6be5-4d2e-aaf5-6e69c5ab5907
[92mINFO [0m:      Sent reply
[92mINFO [0m:      
[92mINFO [0m:      Received: train message e5ed03bf-c5bb-42e0-aa34-02804fbcf9ff
[92mINFO [0m:      Sent reply
[92mINFO [0m:      
[92mINFO [0m:      Received: evaluate message f8fb366f-4bf9-4b00-b513-07921629d8cd
[92mINFO [0m:      Sent reply
[92mINFO [0m:      
[92mINFO [0m:      Received: train message d4c98b8b-d1ec-4ad5-b78c-2e1ff64a8cf5
[92mINFO [0m:      Sent reply
[92mINFO [0m:      
[92mINFO [0m:      Received: evaluate message f8255844-04bd-4d70-8dda-8d705cf0a3af
[92mINFO [0m:      Sent reply
[92mINFO [0m:      
[92mINFO [0m:      Received: train message 8f252156-5e2a-4585-b8b6-13a9b461be30
[92mINFO [0m:      Sent reply
[92mINFO [0m:      
[92mINFO [0m:      Received: evaluate message debbe5e8-90ec-4573-8a84-1a74022c2d6c
[92mINFO [0m:      Sent reply
[92mINFO [0m:      
[92mINFO [0m:      Received: train message aaa784e0-bb44-40e8-95bd-436c83b43426
[92mINFO [0m:      Sent reply
[92mINFO [0m:      
[92mINFO [0m:      Received: evaluate message 391209bc-ba95-4c9d-bb82-4ed317087aa2
[92mINFO [0m:      Sent reply
[92mINFO [0m:      
[92mINFO [0m:      Received: train message 4a7e5c27-6192-4680-8032-8c8914e077a0
[92mINFO [0m:      Sent reply
[92mINFO [0m:      
[92mINFO [0m:      Received: evaluate message 3cc60efd-a40a-4b71-94fe-f9b759e4273c
[92mINFO [0m:      Sent reply
[92mINFO [0m:      
[92mINFO [0m:      Received: train message 73f81490-1a88-4292-9ce8-28c7f5d42ba8
[92mINFO [0m:      Sent reply
[92mINFO [0m:      
[92mINFO [0m:      Received: evaluate message 63555fca-0c50-41c6-883f-24c2fb2dfd99
[92mINFO [0m:      Sent reply
[92mINFO [0m:      
[92mINFO [0m:      Received: train message 4981f6bf-3568-4c74-b6a1-20704aff8793
[92mINFO [0m:      Sent reply
[92mINFO [0m:      
[92mINFO [0m:      Received: evaluate message 610c6d9c-bd1e-4467-8be3-e086aea0f36e
[92mINFO [0m:      Sent reply
[92mINFO [0m:      
[92mINFO [0m:      Received: train message 5bee1efb-cc11-424c-a376-d2ff677c0a07
[92mINFO [0m:      Sent reply
[92mINFO [0m:      
[92mINFO [0m:      Received: evaluate message 7be6b143-81da-4262-bdee-ebfdfda6fc6a
[92mINFO [0m:      Sent reply
[92mINFO [0m:      
[92mINFO [0m:      Received: train message 0907beb7-5e7c-451d-a640-8b61bde1524f
[92mINFO [0m:      Sent reply
[92mINFO [0m:      
[92mINFO [0m:      Received: evaluate message a6704a3d-6193-416f-b646-a447df23ca75
[92mINFO [0m:      Sent reply
[92mINFO [0m:      
[92mINFO [0m:      Received: train message dbec627f-c95f-461f-bc8f-5b47cf64332e
[92mINFO [0m:      Sent reply
[92mINFO [0m:      
[92mINFO [0m:      Received: evaluate message e6e98627-24a7-4a6c-9801-027a0f7caaf0
[92mINFO [0m:      Sent reply
[92mINFO [0m:      
[92mINFO [0m:      Received: train message 4e09e2d7-998a-469f-84f6-0edcecd24417
[92mINFO [0m:      Sent reply
[92mINFO [0m:      
[92mINFO [0m:      Received: evaluate message 091ea0b4-2a5a-4ea4-93e3-b5d1c2b15764
[92mINFO [0m:      Sent reply
[92mINFO [0m:      
[92mINFO [0m:      Received: reconnect message ebb1b5b6-46f6-4f34-8c7a-986db0379efb
[92mINFO [0m:      Disconnect and shut down
