[93mWARNING [0m:   DEPRECATED FEATURE: flwr.client.start_client() is deprecated.
	Instead, use the `flower-supernode` CLI command to start a SuperNode as shown below:

		$ flower-supernode --insecure --superlink='<IP>:<PORT>'

	To view all available options, run:

		$ flower-supernode --help

	Using `start_client()` is deprecated.

            This is a deprecated feature. It will be removed
            entirely in future versions of Flower.
        
[92mINFO [0m:      
[92mINFO [0m:      Received: train message 8afdbeed-c063-4167-8c6c-c02c663586b0
[92mINFO [0m:      Sent reply
[92mINFO [0m:      
[92mINFO [0m:      Received: train message 29c98852-04e9-460e-9450-e8c4ccc1b106
[92mINFO [0m:      Sent reply
[92mINFO [0m:      
[92mINFO [0m:      Received: evaluate message 0d66a6cd-1ea7-40cb-aff0-47a575722d93
[92mINFO [0m:      Sent reply
[92mINFO [0m:      
[92mINFO [0m:      Received: train message bbf00413-ed9c-4054-9770-59c0e6cb0c3a
[92mINFO [0m:      Sent reply
[92mINFO [0m:      
[92mINFO [0m:      Received: train message 13a81b98-b1c9-4cd5-93aa-12cca77e51e7
[92mINFO [0m:      Sent reply
[92mINFO [0m:      
[92mINFO [0m:      Received: evaluate message 2e5302e5-8310-4769-87bc-4d516524617b
[92mINFO [0m:      Sent reply
[92mINFO [0m:      
[92mINFO [0m:      Received: train message 4b84c9d2-f089-40ef-b995-a33cd19dfef7
[92mINFO [0m:      Sent reply
[92mINFO [0m:      
[92mINFO [0m:      Received: evaluate message 8a2e9388-91f4-4fbe-904d-315644dd9f31
[92mINFO [0m:      Sent reply
[92mINFO [0m:      
[92mINFO [0m:      Received: train message 63512cc0-76cb-49c0-a0f8-29b7b8309bbb
[92mINFO [0m:      Sent reply
[92mINFO [0m:      
[92mINFO [0m:      Received: evaluate message 0d53893e-263d-438b-bc55-963293c29ec1
[92mINFO [0m:      Sent reply
[92mINFO [0m:      
[92mINFO [0m:      Received: train message b67bef67-d303-4c02-bffa-da9501114dc2
[92mINFO [0m:      Sent reply
[92mINFO [0m:      
[92mINFO [0m:      Received: evaluate message c8ed1999-063f-4534-af8e-a68d522f51b3
[92mINFO [0m:      Sent reply
[92mINFO [0m:      
[92mINFO [0m:      Received: evaluate message 5d199e21-767e-4bdc-b3ae-3f4769207d99
[92mINFO [0m:      Sent reply
[92mINFO [0m:      
[92mINFO [0m:      Received: train message aec2ea1a-ad5c-4cd6-a2f5-4257049843c5
[92mINFO [0m:      Sent reply
[92mINFO [0m:      
[92mINFO [0m:      Received: train message 84aa92bc-d06f-4ed2-ba5d-a283cdc88bc1
[92mINFO [0m:      Sent reply
[92mINFO [0m:      
[92mINFO [0m:      Received: evaluate message f9afcd68-1fb0-459c-81fd-0729c87cabe8
[92mINFO [0m:      Sent reply
[92mINFO [0m:      
[92mINFO [0m:      Received: evaluate message 69d56f52-04ed-4472-9504-1c459807b114
[92mINFO [0m:      Sent reply
[92mINFO [0m:      
[92mINFO [0m:      Received: evaluate message a4396b01-c94e-4f71-b80b-56c11b9bc508
[92mINFO [0m:      Sent reply
[92mINFO [0m:      
[92mINFO [0m:      Received: evaluate message 1421b837-416a-41f8-b363-d5936faa7281
[92mINFO [0m:      Sent reply
[92mINFO [0m:      
[92mINFO [0m:      Received: train message e513770e-2b8d-45da-867d-4a5e0c004a47
[92mINFO [0m:      Sent reply
[92mINFO [0m:      
[92mINFO [0m:      Received: evaluate message 7ff2ac3e-c1da-4ae3-ad7c-9c91c071151c
[92mINFO [0m:      Sent reply
[92mINFO [0m:      
[92mINFO [0m:      Received: train message 09684bb5-d8bc-4b7d-a5f3-3ac6b6dd0679
[92mINFO [0m:      Sent reply
[92mINFO [0m:      
[92mINFO [0m:      Received: evaluate message 999e5608-6bd7-4920-8e34-1c05fd88b4c7
[92mINFO [0m:      Sent reply
[92mINFO [0m:      
[92mINFO [0m:      Received: train message 3a1441c3-2cd8-45ee-84b4-2dc28c66375b
[92mINFO [0m:      Sent reply
[92mINFO [0m:      
[92mINFO [0m:      Received: train message 8fb09d61-2ad0-4b05-87a9-84bf8a954c6f
[92mINFO [0m:      Sent reply
[92mINFO [0m:      
[92mINFO [0m:      Received: evaluate message 366aefb4-6a9d-4574-888d-c0a8e396f9fa
[92mINFO [0m:      Sent reply
[92mINFO [0m:      
[92mINFO [0m:      Received: train message d86041ed-4d5b-4d01-9687-e3c748eb58bd
[92mINFO [0m:      Sent reply
[92mINFO [0m:      
[92mINFO [0m:      Received: train message c87a9965-7958-41a8-94cd-303a618a2cfd
[92mINFO [0m:      Sent reply
[92mINFO [0m:      
[92mINFO [0m:      Received: evaluate message f4621917-9349-48f9-b1f6-87ca0b08045b
[92mINFO [0m:      Sent reply
[92mINFO [0m:      
[92mINFO [0m:      Received: reconnect message 98ea828b-f7b2-4f89-9679-4284496d7678
[92mINFO [0m:      Disconnect and shut down
