[93mWARNING [0m:   DEPRECATED FEATURE: flwr.client.start_client() is deprecated.
	Instead, use the `flower-supernode` CLI command to start a SuperNode as shown below:

		$ flower-supernode --insecure --superlink='<IP>:<PORT>'

	To view all available options, run:

		$ flower-supernode --help

	Using `start_client()` is deprecated.

            This is a deprecated feature. It will be removed
            entirely in future versions of Flower.
        
[92mINFO [0m:      
[92mINFO [0m:      Received: evaluate message fc166b15-0733-41f7-a2be-e8938d855bf1
[92mINFO [0m:      Sent reply
[92mINFO [0m:      
[92mINFO [0m:      Received: train message 796f0af0-80b9-4824-8fb9-6073fcc018ec
[92mINFO [0m:      Sent reply
[92mINFO [0m:      
[92mINFO [0m:      Received: evaluate message 016b3bad-39da-4e0c-9ea6-f00d41e93111
[92mINFO [0m:      Sent reply
[92mINFO [0m:      
[92mINFO [0m:      Received: train message 7a3a0181-06cb-405a-97be-7fca75355e0f
[92mINFO [0m:      Sent reply
[92mINFO [0m:      
[92mINFO [0m:      Received: evaluate message aa04640b-1420-4a0d-bb25-d3043f791ee5
[92mINFO [0m:      Sent reply
[92mINFO [0m:      
[92mINFO [0m:      Received: train message 38f39e95-27e2-47d6-9dd8-09c401d64e3f
[92mINFO [0m:      Sent reply
[92mINFO [0m:      
[92mINFO [0m:      Received: train message 30ab775c-a5c3-4d92-a3b7-4a811fe9c0a1
[92mINFO [0m:      Sent reply
[92mINFO [0m:      
[92mINFO [0m:      Received: evaluate message 418d86ef-3495-4c3b-b065-5b9cb798f43a
[92mINFO [0m:      Sent reply
[92mINFO [0m:      
[92mINFO [0m:      Received: train message b9784c64-b859-4e4c-aa8a-f9bafc235a49
[92mINFO [0m:      Sent reply
[92mINFO [0m:      
[92mINFO [0m:      Received: evaluate message 2e4721cd-62e6-4454-a753-7f50dbc5f363
[92mINFO [0m:      Sent reply
[92mINFO [0m:      
[92mINFO [0m:      Received: train message 5124b23f-ec74-4292-9172-5f7fe106e417
[92mINFO [0m:      Sent reply
[92mINFO [0m:      
[92mINFO [0m:      Received: train message df1b807f-006e-4e5a-9b29-94ae5e5e3a3f
[92mINFO [0m:      Sent reply
[92mINFO [0m:      
[92mINFO [0m:      Received: train message bfd0b081-3ddf-47c8-b8ef-d138becba66e
[92mINFO [0m:      Sent reply
[92mINFO [0m:      
[92mINFO [0m:      Received: evaluate message c0d611b6-21f7-4b56-8f1c-578085c1be01
[92mINFO [0m:      Sent reply
[92mINFO [0m:      
[92mINFO [0m:      Received: evaluate message 17109a68-d86f-46ef-9a0d-227ef739fe46
[92mINFO [0m:      Sent reply
[92mINFO [0m:      
[92mINFO [0m:      Received: train message 3c946941-6a52-40e0-8b6e-7bb2b1c37fab
[92mINFO [0m:      Sent reply
[92mINFO [0m:      
[92mINFO [0m:      Received: train message 87a5b44f-39fb-41b7-8acb-26e72d3783ec
[92mINFO [0m:      Sent reply
[92mINFO [0m:      
[92mINFO [0m:      Received: evaluate message 948171ae-0b25-4295-a5ff-01443958e2f3
[92mINFO [0m:      Sent reply
[92mINFO [0m:      
[92mINFO [0m:      Received: evaluate message 59a479b6-17ca-4cba-8c4c-10fafd996676
[92mINFO [0m:      Sent reply
[92mINFO [0m:      
[92mINFO [0m:      Received: train message a4519c04-1dd9-49c0-a7ba-41fe9682801d
[92mINFO [0m:      Sent reply
[92mINFO [0m:      
[92mINFO [0m:      Received: evaluate message bfcda423-da25-4b79-98e2-6849e742aabc
[92mINFO [0m:      Sent reply
[92mINFO [0m:      
[92mINFO [0m:      Received: train message a645b457-1928-4cd1-84f2-56132c50320f
[92mINFO [0m:      Sent reply
[92mINFO [0m:      
[92mINFO [0m:      Received: train message de6d7dcd-fc50-4649-a740-456fa6f5c590
[92mINFO [0m:      Sent reply
[92mINFO [0m:      
[92mINFO [0m:      Received: evaluate message cb2699b2-7a3d-4d3e-a84e-7be4b289404b
[92mINFO [0m:      Sent reply
[92mINFO [0m:      
[92mINFO [0m:      Received: train message f0f17693-34bf-44a0-8664-e23381317d60
[92mINFO [0m:      Sent reply
[92mINFO [0m:      
[92mINFO [0m:      Received: train message f2d21a03-f01c-476a-8a0e-1d8378cf2907
[92mINFO [0m:      Sent reply
[92mINFO [0m:      
[92mINFO [0m:      Received: evaluate message 0675f050-7e51-4e9d-b0d9-e0d7396ac6b6
[92mINFO [0m:      Sent reply
[92mINFO [0m:      
[92mINFO [0m:      Received: train message 59ebc18c-3855-4a5e-b3dd-c8a2de799ed3
[92mINFO [0m:      Sent reply
[92mINFO [0m:      
[92mINFO [0m:      Received: train message 795d6d03-a09d-404d-afe6-016da8424a1d
[92mINFO [0m:      Sent reply
[92mINFO [0m:      
[92mINFO [0m:      Received: train message d110d27e-1350-4f05-8904-3427cb2a2d54
[92mINFO [0m:      Sent reply
[92mINFO [0m:      
[92mINFO [0m:      Received: evaluate message 3da874af-54ed-4b4e-b342-34f77e53ddd0
[92mINFO [0m:      Sent reply
[92mINFO [0m:      
[92mINFO [0m:      Received: train message e926f11a-a3f3-4c3e-814c-10f7c5de59db
[92mINFO [0m:      Sent reply
[92mINFO [0m:      
[92mINFO [0m:      Received: train message 9067c52c-e06a-4888-b7a7-7890f05ac344
[92mINFO [0m:      Sent reply
[92mINFO [0m:      
[92mINFO [0m:      Received: evaluate message eacd5bf6-d707-41a4-a55d-43fa1a2e29d5
[92mINFO [0m:      Sent reply
[92mINFO [0m:      
[92mINFO [0m:      Received: evaluate message 5d2bc2e9-f6e8-4b4f-a18c-ee4fd723ceb2
[92mINFO [0m:      Sent reply
[92mINFO [0m:      
[92mINFO [0m:      Received: reconnect message 808d16cb-d8b9-49bc-bb91-9a86dbc9a8b0
[92mINFO [0m:      Disconnect and shut down
