[93mWARNING [0m:   DEPRECATED FEATURE: flwr.client.start_client() is deprecated.
	Instead, use the `flower-supernode` CLI command to start a SuperNode as shown below:

		$ flower-supernode --insecure --superlink='<IP>:<PORT>'

	To view all available options, run:

		$ flower-supernode --help

	Using `start_client()` is deprecated.

            This is a deprecated feature. It will be removed
            entirely in future versions of Flower.
        
[92mINFO [0m:      
[92mINFO [0m:      Received: evaluate message 6a39dfdf-a181-4ac1-919e-0cbd09404752
[92mINFO [0m:      Sent reply
[92mINFO [0m:      
[92mINFO [0m:      Received: evaluate message 62f4fc3a-7ae8-43f5-9bfe-68fd4cba7f9c
[92mINFO [0m:      Sent reply
[92mINFO [0m:      
[92mINFO [0m:      Received: evaluate message 97468e52-0835-4e65-8e56-60f9a6d50ceb
[92mINFO [0m:      Sent reply
[92mINFO [0m:      
[92mINFO [0m:      Received: evaluate message ed8b9d10-1d76-4df0-a3d5-38943f65cbb3
[92mINFO [0m:      Sent reply
[92mINFO [0m:      
[92mINFO [0m:      Received: train message add6967d-f802-47e2-b6f3-9eefa42c59f7
[92mINFO [0m:      Sent reply
[92mINFO [0m:      
[92mINFO [0m:      Received: evaluate message 3c566ea6-3cbd-4279-b0e3-ace63a94ec4e
[92mINFO [0m:      Sent reply
[92mINFO [0m:      
[92mINFO [0m:      Received: train message bdab39d5-362a-4385-b50f-5a9bd561dba6
[92mINFO [0m:      Sent reply
[92mINFO [0m:      
[92mINFO [0m:      Received: train message 24970ea4-e834-4165-b15f-f7951e1b1bc6
[92mINFO [0m:      Sent reply
[92mINFO [0m:      
[92mINFO [0m:      Received: train message 06d34fa7-94d8-4499-8e57-49b2fb07b261
[92mINFO [0m:      Sent reply
[92mINFO [0m:      
[92mINFO [0m:      Received: evaluate message 400e5ac7-2eb9-47e4-ab68-d96d138b4aba
[92mINFO [0m:      Sent reply
[92mINFO [0m:      
[92mINFO [0m:      Received: evaluate message 254cb04d-ad61-4442-ba5e-f2fb6962ae82
[92mINFO [0m:      Sent reply
[92mINFO [0m:      
[92mINFO [0m:      Received: train message f5e5da41-9470-4985-ace0-2ff1af6ec4df
[92mINFO [0m:      Sent reply
[92mINFO [0m:      
[92mINFO [0m:      Received: evaluate message ae2a8c7c-b861-4e20-9b56-eadbe0aba9f7
[92mINFO [0m:      Sent reply
[92mINFO [0m:      
[92mINFO [0m:      Received: evaluate message e71c466c-8209-4a34-b0fd-828848c18f6f
[92mINFO [0m:      Sent reply
[92mINFO [0m:      
[92mINFO [0m:      Received: train message dc6aa73d-ce7b-4ad5-a6f3-b923cee60f59
[92mINFO [0m:      Sent reply
[92mINFO [0m:      
[92mINFO [0m:      Received: evaluate message 60839c57-90be-40f1-9fc3-a42235280fc5
[92mINFO [0m:      Sent reply
[92mINFO [0m:      
[92mINFO [0m:      Received: train message 67768eb9-b096-44d9-af8d-ba24268d5278
[92mINFO [0m:      Sent reply
[92mINFO [0m:      
[92mINFO [0m:      Received: evaluate message 2a09b794-2fb8-4eac-9b78-5f8e483629a9
[92mINFO [0m:      Sent reply
[92mINFO [0m:      
[92mINFO [0m:      Received: evaluate message d5455c61-ceed-4fc3-8020-bc18101fd9cb
[92mINFO [0m:      Sent reply
[92mINFO [0m:      
[92mINFO [0m:      Received: train message de9d183b-5063-45d3-a6b5-6c3571ae44c6
[92mINFO [0m:      Sent reply
[92mINFO [0m:      
[92mINFO [0m:      Received: train message 1b973346-63d8-4f0d-9cc2-b8fd7fcedf72
[92mINFO [0m:      Sent reply
[92mINFO [0m:      
[92mINFO [0m:      Received: evaluate message 817e5fa9-0991-4ef3-a0b4-9346b4990dd5
[92mINFO [0m:      Sent reply
[92mINFO [0m:      
[92mINFO [0m:      Received: train message 12024d9f-2890-4c9e-ac60-c0bd2e099385
[92mINFO [0m:      Sent reply
[92mINFO [0m:      
[92mINFO [0m:      Received: evaluate message 905874cc-a8a0-4ff5-ae61-9bf7beeb7223
[92mINFO [0m:      Sent reply
[92mINFO [0m:      
[92mINFO [0m:      Received: train message 36bbe9c8-4b2e-4823-9a9e-496ece84e41a
[92mINFO [0m:      Sent reply
[92mINFO [0m:      
[92mINFO [0m:      Received: evaluate message a542ca71-5a12-450d-b028-36fab2aed1e9
[92mINFO [0m:      Sent reply
[92mINFO [0m:      
[92mINFO [0m:      Received: train message 4392f50b-2bb7-47b4-9fb1-d38aed54f1bd
[92mINFO [0m:      Sent reply
[92mINFO [0m:      
[92mINFO [0m:      Received: train message f9594ecd-f147-4387-9cfc-e7573c719f46
[92mINFO [0m:      Sent reply
[92mINFO [0m:      
[92mINFO [0m:      Received: evaluate message d14d7580-6c2c-45d1-b5f3-20b68c6c12ad
[92mINFO [0m:      Sent reply
[92mINFO [0m:      
[92mINFO [0m:      Received: evaluate message 210840c5-8d3c-40cc-8029-bf8c53589934
[92mINFO [0m:      Sent reply
[92mINFO [0m:      
[92mINFO [0m:      Received: reconnect message d919c062-2d71-4a68-a6d4-8b511d5a1462
[92mINFO [0m:      Disconnect and shut down
