[93mWARNING [0m:   DEPRECATED FEATURE: flwr.client.start_client() is deprecated.
	Instead, use the `flower-supernode` CLI command to start a SuperNode as shown below:

		$ flower-supernode --insecure --superlink='<IP>:<PORT>'

	To view all available options, run:

		$ flower-supernode --help

	Using `start_client()` is deprecated.

            This is a deprecated feature. It will be removed
            entirely in future versions of Flower.
        
[92mINFO [0m:      
[92mINFO [0m:      Received: train message 7ff8d452-0f75-4fcb-906a-deee57ccf642
[92mINFO [0m:      Sent reply
[92mINFO [0m:      
[92mINFO [0m:      Received: evaluate message d9a7c04a-087b-4a83-9fe2-13eec9501f89
[92mINFO [0m:      Sent reply
[92mINFO [0m:      
[92mINFO [0m:      Received: train message 7442caff-ac4a-4cce-99b3-1f3e1c6ccf98
[92mINFO [0m:      Sent reply
[92mINFO [0m:      
[92mINFO [0m:      Received: evaluate message 92ccacf3-492f-4fb8-8e44-7867384dcef2
[92mINFO [0m:      Sent reply
[92mINFO [0m:      
[92mINFO [0m:      Received: train message 4d3b84de-74a5-44a7-a79e-d7d1f5a6732c
[92mINFO [0m:      Sent reply
[92mINFO [0m:      
[92mINFO [0m:      Received: train message 04a10339-4030-409d-8c60-5b8a4ce345f4
[92mINFO [0m:      Sent reply
[92mINFO [0m:      
[92mINFO [0m:      Received: train message 4a6c8d5e-0586-4792-a9b4-88799fb1a0f9
[92mINFO [0m:      Sent reply
[92mINFO [0m:      
[92mINFO [0m:      Received: train message 321d8d7a-2710-4209-917a-46950995078f
[92mINFO [0m:      Sent reply
[92mINFO [0m:      
[92mINFO [0m:      Received: evaluate message 1f3dff15-386c-4468-8a1f-d5d79c43e837
[92mINFO [0m:      Sent reply
[92mINFO [0m:      
[92mINFO [0m:      Received: evaluate message 8be01afb-dea5-4650-a347-3d4e82e4696d
[92mINFO [0m:      Sent reply
[92mINFO [0m:      
[92mINFO [0m:      Received: train message 641f969e-a898-4c4e-8245-e63d8e35f55e
[92mINFO [0m:      Sent reply
[92mINFO [0m:      
[92mINFO [0m:      Received: evaluate message 9929e73b-c885-4c10-a711-3deca1ad934e
[92mINFO [0m:      Sent reply
[92mINFO [0m:      
[92mINFO [0m:      Received: train message fcb8ec59-a212-41e9-8871-c62c9ddcdd59
[92mINFO [0m:      Sent reply
[92mINFO [0m:      
[92mINFO [0m:      Received: evaluate message d7b01c5f-7a43-436e-bfb4-f0260c9b2f55
[92mINFO [0m:      Sent reply
[92mINFO [0m:      
[92mINFO [0m:      Received: train message 49360d5d-b8bb-41aa-a941-211d66415c0f
[92mINFO [0m:      Sent reply
[92mINFO [0m:      
[92mINFO [0m:      Received: train message c60ba793-6824-45d9-8bc5-761db615f6c3
[92mINFO [0m:      Sent reply
[92mINFO [0m:      
[92mINFO [0m:      Received: train message c33d05f9-509a-4cc7-ae95-c976adb72e89
[92mINFO [0m:      Sent reply
[92mINFO [0m:      
[92mINFO [0m:      Received: train message 9cd23fb8-9429-4180-b002-5a7bc581c1d5
[92mINFO [0m:      Sent reply
[92mINFO [0m:      
[92mINFO [0m:      Received: evaluate message 14733a35-776a-48d8-9041-440bdba73aa1
[92mINFO [0m:      Sent reply
[92mINFO [0m:      
[92mINFO [0m:      Received: train message 3305dbd5-9849-458d-907a-c205aa909725
[92mINFO [0m:      Sent reply
[92mINFO [0m:      
[92mINFO [0m:      Received: evaluate message 356e0844-7fc7-46c1-ad0c-fb79b2d69ff7
[92mINFO [0m:      Sent reply
[92mINFO [0m:      
[92mINFO [0m:      Received: train message 84ac21e3-6f2e-45e4-bad2-1b986e822d08
[92mINFO [0m:      Sent reply
[92mINFO [0m:      
[92mINFO [0m:      Received: evaluate message ac662a84-9fa0-437a-9558-1ef97d75990f
[92mINFO [0m:      Sent reply
[92mINFO [0m:      
[92mINFO [0m:      Received: train message 3310a674-b520-4769-a61d-bb3d093fa3c2
[92mINFO [0m:      Sent reply
[92mINFO [0m:      
[92mINFO [0m:      Received: train message fcd8d342-9ae6-4513-8053-e6114620419e
[92mINFO [0m:      Sent reply
[92mINFO [0m:      
[92mINFO [0m:      Received: evaluate message b51f8fce-445c-4203-8598-d40e83beb2e6
[92mINFO [0m:      Sent reply
[92mINFO [0m:      
[92mINFO [0m:      Received: evaluate message 4b2241bb-0b06-4892-8508-e6ae6e9bb33d
[92mINFO [0m:      Sent reply
[92mINFO [0m:      
[92mINFO [0m:      Received: evaluate message cbd33f9c-1d9a-4e3f-acdd-8165286f2ec5
[92mINFO [0m:      Sent reply
[92mINFO [0m:      
[92mINFO [0m:      Received: train message 0ac50289-2754-478f-aa61-8b3b69a79f22
[92mINFO [0m:      Sent reply
[92mINFO [0m:      
[92mINFO [0m:      Received: evaluate message ebe07a03-34b2-49e8-a319-9d6c776a1d56
[92mINFO [0m:      Sent reply
[92mINFO [0m:      
[92mINFO [0m:      Received: evaluate message 250c3dc7-fd29-4fd0-881f-352f74ce53ad
[92mINFO [0m:      Sent reply
[92mINFO [0m:      
[92mINFO [0m:      Received: reconnect message ca958098-ca7b-4764-a3fd-51348b5aa39a
[92mINFO [0m:      Disconnect and shut down
