[93mWARNING [0m:   DEPRECATED FEATURE: flwr.client.start_client() is deprecated.
	Instead, use the `flower-supernode` CLI command to start a SuperNode as shown below:

		$ flower-supernode --insecure --superlink='<IP>:<PORT>'

	To view all available options, run:

		$ flower-supernode --help

	Using `start_client()` is deprecated.

            This is a deprecated feature. It will be removed
            entirely in future versions of Flower.
        
[92mINFO [0m:      
[92mINFO [0m:      Received: train message 1d8b021e-8f86-4d65-bfab-c55c0d3ccce8
[92mINFO [0m:      Sent reply
[92mINFO [0m:      
[92mINFO [0m:      Received: evaluate message 6514b8d4-1515-416e-853e-b76aa596dcec
[92mINFO [0m:      Sent reply
[92mINFO [0m:      
[92mINFO [0m:      Received: train message 622b8274-46c4-4e92-9062-1974080a83b8
[92mINFO [0m:      Sent reply
[92mINFO [0m:      
[92mINFO [0m:      Received: evaluate message 3aef58ac-602c-4e43-86e0-adf8c116be54
[92mINFO [0m:      Sent reply
[92mINFO [0m:      
[92mINFO [0m:      Received: train message 42eabf2a-d69e-44f4-b2c2-d3f957eb4020
[92mINFO [0m:      Sent reply
[92mINFO [0m:      
[92mINFO [0m:      Received: evaluate message e13426e7-97f4-404f-9437-058fefc9b640
[92mINFO [0m:      Sent reply
[92mINFO [0m:      
[92mINFO [0m:      Received: train message 2d813599-a9a2-4ed2-a12a-b66654307782
[92mINFO [0m:      Sent reply
[92mINFO [0m:      
[92mINFO [0m:      Received: evaluate message 5ea076c7-b63a-427c-ad0f-ecdbf082a3a4
[92mINFO [0m:      Sent reply
[92mINFO [0m:      
[92mINFO [0m:      Received: train message 9d787ec5-bc4a-4395-b531-16566bea3a2b
[92mINFO [0m:      Sent reply
[92mINFO [0m:      
[92mINFO [0m:      Received: evaluate message 33fbc0b3-0c1d-47d6-98ab-9ddacdd0da73
[92mINFO [0m:      Sent reply
[92mINFO [0m:      
[92mINFO [0m:      Received: train message 876de591-2208-4c9e-852f-89dfcbcdedd2
[92mINFO [0m:      Sent reply
[92mINFO [0m:      
[92mINFO [0m:      Received: evaluate message 4cd74ead-fd9f-405c-b31f-7916a643d7ed
[92mINFO [0m:      Sent reply
[92mINFO [0m:      
[92mINFO [0m:      Received: train message b986c17f-9778-40e1-8bf9-6954e31a8bf5
[92mINFO [0m:      Sent reply
[92mINFO [0m:      
[92mINFO [0m:      Received: evaluate message 1a4de41a-fd05-404d-899a-e25b0d464d91
[92mINFO [0m:      Sent reply
[92mINFO [0m:      
[92mINFO [0m:      Received: train message 1858cfb5-27df-4865-88e0-4e14eee3e9bd
[92mINFO [0m:      Sent reply
[92mINFO [0m:      
[92mINFO [0m:      Received: evaluate message b8206a47-606a-421f-be52-162dc3f6144d
[92mINFO [0m:      Sent reply
[92mINFO [0m:      
[92mINFO [0m:      Received: train message 194e0f73-cc1a-444c-ae36-56d0bc56986a
[92mINFO [0m:      Sent reply
[92mINFO [0m:      
[92mINFO [0m:      Received: evaluate message 5cae6daf-36f7-4508-b245-a74d1b208af0
[92mINFO [0m:      Sent reply
[92mINFO [0m:      
[92mINFO [0m:      Received: train message 79c45a7c-8fdd-4871-929f-8fcc8eef3dc4
[92mINFO [0m:      Sent reply
[92mINFO [0m:      
[92mINFO [0m:      Received: evaluate message c0922663-078b-4af0-aab9-c2e5bccd73db
[92mINFO [0m:      Sent reply
[92mINFO [0m:      
[92mINFO [0m:      Received: train message ffb00c3f-25c2-4b04-bca4-d2250c37ffa8
[92mINFO [0m:      Sent reply
[92mINFO [0m:      
[92mINFO [0m:      Received: evaluate message 474c45a9-b5cb-4532-9e5e-8c8e960e3855
[92mINFO [0m:      Sent reply
[92mINFO [0m:      
[92mINFO [0m:      Received: train message b1cbafd3-19f5-4502-a0f1-e6887b7c5641
[92mINFO [0m:      Sent reply
[92mINFO [0m:      
[92mINFO [0m:      Received: evaluate message e6943888-58fb-49c1-bfc8-d51b1b4bd5dd
[92mINFO [0m:      Sent reply
[92mINFO [0m:      
[92mINFO [0m:      Received: train message 7b8f9401-dca9-4265-9e12-8515724edb81
[92mINFO [0m:      Sent reply
[92mINFO [0m:      
[92mINFO [0m:      Received: evaluate message 141fded2-eb02-472d-9ee7-9688d5caf372
[92mINFO [0m:      Sent reply
[92mINFO [0m:      
[92mINFO [0m:      Received: train message 835f12a0-6075-4e00-88b3-f8472c64fa04
[92mINFO [0m:      Sent reply
[92mINFO [0m:      
[92mINFO [0m:      Received: evaluate message d9479231-632d-49fb-8fdc-293545562e6d
[92mINFO [0m:      Sent reply
[92mINFO [0m:      
[92mINFO [0m:      Received: train message d22395b3-1f8c-439d-9e6c-25dc43849472
[92mINFO [0m:      Sent reply
[92mINFO [0m:      
[92mINFO [0m:      Received: evaluate message 906534ec-e9ca-4dab-acd9-479e9d27a725
[92mINFO [0m:      Sent reply
[92mINFO [0m:      
[92mINFO [0m:      Received: train message c854f6c1-430c-402a-a1eb-0456c87b1bf8
[92mINFO [0m:      Sent reply
[92mINFO [0m:      
[92mINFO [0m:      Received: evaluate message 85e81265-7062-448a-ae45-a2c4c2d68bc3
[92mINFO [0m:      Sent reply
[92mINFO [0m:      
[92mINFO [0m:      Received: train message 69f8dd90-5ef2-4aee-9490-55f3a7e02e3b
[92mINFO [0m:      Sent reply
[92mINFO [0m:      
[92mINFO [0m:      Received: evaluate message 29c155aa-5ae1-494c-8c42-ca56f4ea860d
[92mINFO [0m:      Sent reply
[92mINFO [0m:      
[92mINFO [0m:      Received: train message 375bede3-084b-4ba5-9a97-73b2b5a725fc
[92mINFO [0m:      Sent reply
[92mINFO [0m:      
[92mINFO [0m:      Received: evaluate message 09e8bc81-f5f7-4f6b-a504-7e72b3159d84
[92mINFO [0m:      Sent reply
[92mINFO [0m:      
[92mINFO [0m:      Received: train message 6b67e9ca-2d3a-4e0b-b978-f4d5a01917ec
[92mINFO [0m:      Sent reply
[92mINFO [0m:      
[92mINFO [0m:      Received: evaluate message 91a40161-69fb-4f5f-84fa-30c1a1623f59
[92mINFO [0m:      Sent reply
[92mINFO [0m:      
[92mINFO [0m:      Received: train message 275a201a-5039-4407-ab98-a109a889bfac
[92mINFO [0m:      Sent reply
[92mINFO [0m:      
[92mINFO [0m:      Received: evaluate message aa3760cf-407f-48c4-ba66-9b2ac357b4fc
[92mINFO [0m:      Sent reply
[92mINFO [0m:      
[92mINFO [0m:      Received: train message 555ef9e6-9cc5-40ca-b148-aab684f8f96b
[92mINFO [0m:      Sent reply
[92mINFO [0m:      
[92mINFO [0m:      Received: evaluate message 8e0d13ed-bed1-403c-812f-52b7f971e842
[92mINFO [0m:      Sent reply
[92mINFO [0m:      
[92mINFO [0m:      Received: train message 777b08f9-bfef-4585-bcb2-fc92304cc09e
[92mINFO [0m:      Sent reply
[92mINFO [0m:      
[92mINFO [0m:      Received: evaluate message 4d3a46f1-30d0-486d-aa45-56b489f4fc14
[92mINFO [0m:      Sent reply
[92mINFO [0m:      
[92mINFO [0m:      Received: train message 012612ed-9ca1-404b-96fc-0fe20c4cb0dc
[92mINFO [0m:      Sent reply
[92mINFO [0m:      
[92mINFO [0m:      Received: evaluate message ff6deb19-9a57-4705-b195-5d7b1343fbbf
[92mINFO [0m:      Sent reply
[92mINFO [0m:      
[92mINFO [0m:      Received: train message 2944c25e-bca2-47c5-8e95-9aa289547509
[92mINFO [0m:      Sent reply
[92mINFO [0m:      
[92mINFO [0m:      Received: evaluate message eaf6d3ef-3ee9-4265-b7bf-58ef07da3796
[92mINFO [0m:      Sent reply
[92mINFO [0m:      
[92mINFO [0m:      Received: train message 5f399efc-acd8-4523-a69c-2dcfb65bd9e2
[92mINFO [0m:      Sent reply
[92mINFO [0m:      
[92mINFO [0m:      Received: evaluate message 7c6807f2-79e5-4653-a450-5be463bf17b8
[92mINFO [0m:      Sent reply
[92mINFO [0m:      
[92mINFO [0m:      Received: train message c4a8cd82-7c81-4e23-b4fb-04f7d18fb7f8
[92mINFO [0m:      Sent reply
[92mINFO [0m:      
[92mINFO [0m:      Received: evaluate message 545de015-96ae-4b58-80be-3fdf69a4a762
[92mINFO [0m:      Sent reply
[92mINFO [0m:      
[92mINFO [0m:      Received: train message 5d706a11-2c16-42b2-bb0e-5ab9f8bf6821
[92mINFO [0m:      Sent reply
[92mINFO [0m:      
[92mINFO [0m:      Received: evaluate message 76577aba-c9f5-41de-b2f8-117079f16b51
[92mINFO [0m:      Sent reply
[92mINFO [0m:      
[92mINFO [0m:      Received: train message e28fe0e6-8291-4ccb-9cae-8922f6e59a4e
[92mINFO [0m:      Sent reply
[92mINFO [0m:      
[92mINFO [0m:      Received: evaluate message 4b61ea62-5f2f-4f60-a145-3d875cd65595
[92mINFO [0m:      Sent reply
[92mINFO [0m:      
[92mINFO [0m:      Received: train message 16515f1d-b95f-4e17-9e30-df54b1c6f05b
[92mINFO [0m:      Sent reply
[92mINFO [0m:      
[92mINFO [0m:      Received: evaluate message b856211d-b60a-4397-9c74-8e0b86e637f7
[92mINFO [0m:      Sent reply
[92mINFO [0m:      
[92mINFO [0m:      Received: train message e3aa6fca-84cf-4f78-aa30-48336fdace8d
[92mINFO [0m:      Sent reply
[92mINFO [0m:      
[92mINFO [0m:      Received: evaluate message 1bce5263-1142-435f-b903-5ec90b361448
[92mINFO [0m:      Sent reply
[92mINFO [0m:      
[92mINFO [0m:      Received: train message c5770539-d3f8-4a65-ba0b-e1ca205e4fa1
[92mINFO [0m:      Sent reply
[92mINFO [0m:      
[92mINFO [0m:      Received: evaluate message ea1654af-8f3a-46e1-97b1-4b9e6afa00e0
[92mINFO [0m:      Sent reply
[92mINFO [0m:      
[92mINFO [0m:      Received: train message 4fe402d2-1910-4fb0-97a0-d29804462869
[92mINFO [0m:      Sent reply
[92mINFO [0m:      
[92mINFO [0m:      Received: evaluate message bfe5548d-5ab0-4263-bc9f-f19a69fb7d5e
[92mINFO [0m:      Sent reply
[92mINFO [0m:      
[92mINFO [0m:      Received: train message 5eed3a43-31ff-4a56-94f1-d45b7bd4d859
[92mINFO [0m:      Sent reply
[92mINFO [0m:      
[92mINFO [0m:      Received: evaluate message ecac003c-c86a-424e-82a3-f68f62210def
[92mINFO [0m:      Sent reply
[92mINFO [0m:      
[92mINFO [0m:      Received: train message 8c69bb7e-89ed-49e6-84a3-602d6f4b510a
[92mINFO [0m:      Sent reply
[92mINFO [0m:      
[92mINFO [0m:      Received: evaluate message 7b072076-a084-42b6-8c1e-f2aff530173d
[92mINFO [0m:      Sent reply
[92mINFO [0m:      
[92mINFO [0m:      Received: train message b5f27fb1-da84-4f1c-bea3-f9f3acd95829
[92mINFO [0m:      Sent reply
[92mINFO [0m:      
[92mINFO [0m:      Received: evaluate message 3f1fd6c4-1e70-49a9-ba18-cb6d084fc6ec
[92mINFO [0m:      Sent reply
[92mINFO [0m:      
[92mINFO [0m:      Received: train message 009cc7da-40d2-4236-b095-6f73c5bfbb11
[92mINFO [0m:      Sent reply
[92mINFO [0m:      
[92mINFO [0m:      Received: evaluate message 306e01a7-1a60-4139-b21e-b7867ae07863
[92mINFO [0m:      Sent reply
[92mINFO [0m:      
[92mINFO [0m:      Received: train message d0f1e9bc-8bf2-4cf2-8249-7bb5fc48d410
[92mINFO [0m:      Sent reply
[92mINFO [0m:      
[92mINFO [0m:      Received: evaluate message bc3257e7-60bc-4a5e-b29b-3459e673d3cd
[92mINFO [0m:      Sent reply
[92mINFO [0m:      
[92mINFO [0m:      Received: train message 68ae0928-5220-43a4-bcf5-94e2455163b7
[92mINFO [0m:      Sent reply
[92mINFO [0m:      
[92mINFO [0m:      Received: evaluate message 839fabbb-f06e-429c-989b-fa86fbc54b74
[92mINFO [0m:      Sent reply
[92mINFO [0m:      
[92mINFO [0m:      Received: train message 801f5b81-28b5-432a-9b8b-77f1c9452477
[92mINFO [0m:      Sent reply
[92mINFO [0m:      
[92mINFO [0m:      Received: evaluate message 054f1d73-00bf-4f5c-a145-9d98d5aa9c03
[92mINFO [0m:      Sent reply
[92mINFO [0m:      
[92mINFO [0m:      Received: train message 1f8c678d-1029-41cf-b177-c203c5d07391
[92mINFO [0m:      Sent reply
[92mINFO [0m:      
[92mINFO [0m:      Received: evaluate message 0f70ef75-d0f6-4232-9a73-3b4bd31b5b02
[92mINFO [0m:      Sent reply
[92mINFO [0m:      
[92mINFO [0m:      Received: train message 14939a1d-8464-4666-bf68-b32da299aa3a
[92mINFO [0m:      Sent reply
[92mINFO [0m:      
[92mINFO [0m:      Received: evaluate message 417f49d5-c460-47b4-b5ff-ab9381f5ba5c
[92mINFO [0m:      Sent reply
[92mINFO [0m:      
[92mINFO [0m:      Received: train message 9d4d2f03-da74-4fc5-beb4-d4fae41eb8af
[92mINFO [0m:      Sent reply
[92mINFO [0m:      
[92mINFO [0m:      Received: evaluate message 67bd62c1-a4e2-4f79-a394-a94e774311de
[92mINFO [0m:      Sent reply
[92mINFO [0m:      
[92mINFO [0m:      Received: train message 5ae603c9-3477-4f63-a8d5-3d7a894f2b3e
[92mINFO [0m:      Sent reply
[92mINFO [0m:      
[92mINFO [0m:      Received: evaluate message 481e68d9-eda3-4b76-9494-3059da339331
[92mINFO [0m:      Sent reply
[92mINFO [0m:      
[92mINFO [0m:      Received: train message 0afab402-b0c3-4561-8a53-b70fb0d43835
[92mINFO [0m:      Sent reply
[92mINFO [0m:      
[92mINFO [0m:      Received: evaluate message c6e30342-9b41-4ca7-9c39-aba95efe0834
[92mINFO [0m:      Sent reply
[92mINFO [0m:      
[92mINFO [0m:      Received: train message 8229af42-b115-4216-bd99-426a8a81f548
[92mINFO [0m:      Sent reply
[92mINFO [0m:      
[92mINFO [0m:      Received: evaluate message 571f35ef-a1c4-43ae-b25a-89152b92e34e
[92mINFO [0m:      Sent reply
[92mINFO [0m:      
[92mINFO [0m:      Received: train message 790b8ff5-81eb-4cb2-b0df-f92837c270ba
[92mINFO [0m:      Sent reply
[92mINFO [0m:      
[92mINFO [0m:      Received: evaluate message e05c613e-0e61-4519-bcfd-ccc651b55184
[92mINFO [0m:      Sent reply
[92mINFO [0m:      
[92mINFO [0m:      Received: train message e180f220-9b37-4804-8139-0db659ab0eba
[92mINFO [0m:      Sent reply
[92mINFO [0m:      
[92mINFO [0m:      Received: evaluate message b22a214c-ca1a-4562-a97c-39f9c52ac568
[92mINFO [0m:      Sent reply
[92mINFO [0m:      
[92mINFO [0m:      Received: train message b312caf4-265a-4f80-bfde-59d8aa77b6c1
[92mINFO [0m:      Sent reply
[92mINFO [0m:      
[92mINFO [0m:      Received: evaluate message 3a568f61-34ff-496b-abc8-656cbe8e2ac6
[92mINFO [0m:      Sent reply
[92mINFO [0m:      
[92mINFO [0m:      Received: train message 3c57bcad-81a7-46ae-a117-6eaafccde40e
[92mINFO [0m:      Sent reply
[92mINFO [0m:      
[92mINFO [0m:      Received: evaluate message 446b6fa0-ed7d-49d8-8c4e-3e21cc30602d
[92mINFO [0m:      Sent reply
[92mINFO [0m:      
[92mINFO [0m:      Received: train message e472e7e0-bd43-49d0-8d4e-e3dc0665595c
[92mINFO [0m:      Sent reply
[92mINFO [0m:      
[92mINFO [0m:      Received: evaluate message 006cd449-6048-43c1-832f-8106d2ab25d5
[92mINFO [0m:      Sent reply
[92mINFO [0m:      
[92mINFO [0m:      Received: reconnect message 2bef82af-84bf-451a-9831-16c1f9095626
[92mINFO [0m:      Disconnect and shut down
