[93mWARNING [0m:   DEPRECATED FEATURE: flwr.client.start_client() is deprecated.
	Instead, use the `flower-supernode` CLI command to start a SuperNode as shown below:

		$ flower-supernode --insecure --superlink='<IP>:<PORT>'

	To view all available options, run:

		$ flower-supernode --help

	Using `start_client()` is deprecated.

            This is a deprecated feature. It will be removed
            entirely in future versions of Flower.
        
[92mINFO [0m:      
[92mINFO [0m:      Received: train message 2defe657-3b57-4965-a13e-4fc04689d502
[92mINFO [0m:      Sent reply
[92mINFO [0m:      
[92mINFO [0m:      Received: evaluate message ab9a00c8-8ed4-4153-800a-7f5f47e3ca71
[92mINFO [0m:      Sent reply
[92mINFO [0m:      
[92mINFO [0m:      Received: train message 3e197348-44d9-415e-a54b-23cf41159450
[92mINFO [0m:      Sent reply
[92mINFO [0m:      
[92mINFO [0m:      Received: evaluate message 15e53495-dfb0-4e89-8d38-0c4e184aa209
[92mINFO [0m:      Sent reply
[92mINFO [0m:      
[92mINFO [0m:      Received: train message 2c4cc804-eee8-4bbf-aed7-39d700c204e3
[92mINFO [0m:      Sent reply
[92mINFO [0m:      
[92mINFO [0m:      Received: evaluate message d580c1d3-f5b0-4671-b0ea-1df041f366b6
[92mINFO [0m:      Sent reply
[92mINFO [0m:      
[92mINFO [0m:      Received: train message 74e66006-f1b7-40b1-b701-589c767af9e3
[92mINFO [0m:      Sent reply
[92mINFO [0m:      
[92mINFO [0m:      Received: evaluate message 0201e6fb-9133-4bab-8c1c-cc7ca2a5df35
[92mINFO [0m:      Sent reply
[92mINFO [0m:      
[92mINFO [0m:      Received: train message ad6dbe95-f144-48ca-a174-bba98a4cffc7
[92mINFO [0m:      Sent reply
[92mINFO [0m:      
[92mINFO [0m:      Received: evaluate message f17034fa-175d-4178-a778-84cab9922d6e
[92mINFO [0m:      Sent reply
[92mINFO [0m:      
[92mINFO [0m:      Received: train message f87ca383-e3d7-484e-9b98-58c933b10ac1
[92mINFO [0m:      Sent reply
[92mINFO [0m:      
[92mINFO [0m:      Received: evaluate message 2ff21234-c3d7-472d-a162-71f0b4773d1f
[92mINFO [0m:      Sent reply
[92mINFO [0m:      
[92mINFO [0m:      Received: train message c6264f9b-0b19-4ea0-9630-a92c685815a2
[92mINFO [0m:      Sent reply
[92mINFO [0m:      
[92mINFO [0m:      Received: evaluate message 2967aded-06e0-4a9a-847c-c972602385a2
[92mINFO [0m:      Sent reply
[92mINFO [0m:      
[92mINFO [0m:      Received: train message 589537a1-d04c-4021-8004-4bd38e96d89c
[92mINFO [0m:      Sent reply
[92mINFO [0m:      
[92mINFO [0m:      Received: evaluate message 518db16a-dbf0-4981-aa29-c0fed4aa6043
[92mINFO [0m:      Sent reply
[92mINFO [0m:      
[92mINFO [0m:      Received: train message 52fe9822-2d43-4d39-ad1c-bbf4fe98e8b1
[92mINFO [0m:      Sent reply
[92mINFO [0m:      
[92mINFO [0m:      Received: evaluate message 1c27d355-62e4-44b6-bbf1-be1b3b08e854
[92mINFO [0m:      Sent reply
[92mINFO [0m:      
[92mINFO [0m:      Received: train message b9d58fce-8016-40b8-87f8-af251f8431bc
[92mINFO [0m:      Sent reply
[92mINFO [0m:      
[92mINFO [0m:      Received: evaluate message 10f5dd0e-aba7-41ce-960a-7dc3c0f77ba1
[92mINFO [0m:      Sent reply
[92mINFO [0m:      
[92mINFO [0m:      Received: train message acc0b146-385f-477b-89d6-00e08101960a
[92mINFO [0m:      Sent reply
[92mINFO [0m:      
[92mINFO [0m:      Received: evaluate message 66aa190b-42ea-4e56-a8f5-0b51ca53d1b9
[92mINFO [0m:      Sent reply
[92mINFO [0m:      
[92mINFO [0m:      Received: train message 62501d46-2cc7-4f45-a83a-4d9cc425f729
[92mINFO [0m:      Sent reply
[92mINFO [0m:      
[92mINFO [0m:      Received: evaluate message 64c08e9e-8596-415d-a04b-ba675188558f
[92mINFO [0m:      Sent reply
[92mINFO [0m:      
[92mINFO [0m:      Received: train message 45b67ec6-b1ea-4140-9239-0c2ad6d3d356
[92mINFO [0m:      Sent reply
[92mINFO [0m:      
[92mINFO [0m:      Received: evaluate message 6a4e4df9-d90e-4d20-b223-c04ca5b55d3c
[92mINFO [0m:      Sent reply
[92mINFO [0m:      
[92mINFO [0m:      Received: train message addbb975-4428-4a79-b23e-f1e021928723
[92mINFO [0m:      Sent reply
[92mINFO [0m:      
[92mINFO [0m:      Received: evaluate message 08ca1cc7-ca22-4a33-b90c-b7a430f869a6
[92mINFO [0m:      Sent reply
[92mINFO [0m:      
[92mINFO [0m:      Received: train message 51d70d31-ba9e-4b0a-8a85-ce13b3f9865c
[92mINFO [0m:      Sent reply
[92mINFO [0m:      
[92mINFO [0m:      Received: evaluate message 8dcd9eaf-2594-4914-b065-6fe4d0812198
[92mINFO [0m:      Sent reply
[92mINFO [0m:      
[92mINFO [0m:      Received: train message aa8f7d52-8eaa-401e-9e61-cb2b8e24efc1
[92mINFO [0m:      Sent reply
[92mINFO [0m:      
[92mINFO [0m:      Received: evaluate message 62b25994-d70e-45e4-8ad4-3ddeb2941c3e
[92mINFO [0m:      Sent reply
[92mINFO [0m:      
[92mINFO [0m:      Received: train message 20f36995-c54a-4d87-9644-a76eb7c60730
[92mINFO [0m:      Sent reply
[92mINFO [0m:      
[92mINFO [0m:      Received: evaluate message 56c778d6-6ce9-4e58-af7c-6b535b441034
[92mINFO [0m:      Sent reply
[92mINFO [0m:      
[92mINFO [0m:      Received: train message 3c1011ad-864e-43a1-a8ee-180e39490df1
[92mINFO [0m:      Sent reply
[92mINFO [0m:      
[92mINFO [0m:      Received: evaluate message 2284be03-0f72-42cb-9549-35e986466560
[92mINFO [0m:      Sent reply
[92mINFO [0m:      
[92mINFO [0m:      Received: train message c2f8f67f-118c-4e5a-800b-bc9ad40ac76d
[92mINFO [0m:      Sent reply
[92mINFO [0m:      
[92mINFO [0m:      Received: evaluate message adc58418-bb45-4cdd-9605-a09516885478
[92mINFO [0m:      Sent reply
[92mINFO [0m:      
[92mINFO [0m:      Received: train message 42fbf8be-eadc-4d24-bac6-2c9c7f2672a2
[92mINFO [0m:      Sent reply
[92mINFO [0m:      
[92mINFO [0m:      Received: evaluate message 7806ac37-ffea-45fb-acad-c0eef60952a2
[92mINFO [0m:      Sent reply
[92mINFO [0m:      
[92mINFO [0m:      Received: train message 320b293b-9aef-4047-bcc8-1a7cf2365d0e
[92mINFO [0m:      Sent reply
[92mINFO [0m:      
[92mINFO [0m:      Received: evaluate message 7ae5e411-742c-4bf0-8154-4b3d594252c5
[92mINFO [0m:      Sent reply
[92mINFO [0m:      
[92mINFO [0m:      Received: train message 01f8a846-1cfa-4eee-9536-a070bc3a9135
[92mINFO [0m:      Sent reply
[92mINFO [0m:      
[92mINFO [0m:      Received: evaluate message d405f73d-fa23-489d-924c-9327b8db8192
[92mINFO [0m:      Sent reply
[92mINFO [0m:      
[92mINFO [0m:      Received: train message 1b6644b0-6885-4baa-99a0-4f2c0b0f687c
[92mINFO [0m:      Sent reply
[92mINFO [0m:      
[92mINFO [0m:      Received: evaluate message 37f7eac6-6228-4d65-8fda-c699031cf9f4
[92mINFO [0m:      Sent reply
[92mINFO [0m:      
[92mINFO [0m:      Received: train message 1a6d9e4b-e6f0-48ae-9bff-236636e4f389
[92mINFO [0m:      Sent reply
[92mINFO [0m:      
[92mINFO [0m:      Received: evaluate message c43370ea-3e27-4bea-b882-6c4f4f535a67
[92mINFO [0m:      Sent reply
[92mINFO [0m:      
[92mINFO [0m:      Received: train message 688452c6-13be-4594-9ec8-7f7b6c8f4ab9
[92mINFO [0m:      Sent reply
[92mINFO [0m:      
[92mINFO [0m:      Received: evaluate message c54c8a5e-c00d-4059-9708-07736995a4b6
[92mINFO [0m:      Sent reply
[92mINFO [0m:      
[92mINFO [0m:      Received: train message b52f1e26-b524-4401-aaf2-1bdd478fd732
[92mINFO [0m:      Sent reply
[92mINFO [0m:      
[92mINFO [0m:      Received: evaluate message e8e171a9-58e3-4a40-89e6-5a0c694c6728
[92mINFO [0m:      Sent reply
[92mINFO [0m:      
[92mINFO [0m:      Received: train message ec4571e4-888e-4fbe-b50d-a4e89c06347a
[92mINFO [0m:      Sent reply
[92mINFO [0m:      
[92mINFO [0m:      Received: evaluate message 422a5ee4-86e7-40e2-9e3f-581cd9e0b763
[92mINFO [0m:      Sent reply
[92mINFO [0m:      
[92mINFO [0m:      Received: train message 49cbaac7-955b-4378-9364-e5e73090e56f
[92mINFO [0m:      Sent reply
[92mINFO [0m:      
[92mINFO [0m:      Received: evaluate message bdd287a4-104a-48e6-84f6-9b426daf5a03
[92mINFO [0m:      Sent reply
[92mINFO [0m:      
[92mINFO [0m:      Received: train message 3a734ba9-fa3f-4af3-8d0c-6ef90972ecd3
[92mINFO [0m:      Sent reply
[92mINFO [0m:      
[92mINFO [0m:      Received: evaluate message 926bb81b-9dab-43ed-93f3-68c1fd971772
[92mINFO [0m:      Sent reply
[92mINFO [0m:      
[92mINFO [0m:      Received: train message 17faf470-c53e-4e7a-bf18-80c5843b5b51
[92mINFO [0m:      Sent reply
[92mINFO [0m:      
[92mINFO [0m:      Received: evaluate message 5d826129-d8bb-4838-9778-1ddd5d61b5c5
[92mINFO [0m:      Sent reply
[92mINFO [0m:      
[92mINFO [0m:      Received: train message 9689cebf-e3fa-4ddf-9219-0aa26bcefcdb
[92mINFO [0m:      Sent reply
[92mINFO [0m:      
[92mINFO [0m:      Received: evaluate message e57c58dd-476b-4621-934c-0d5dc619b34c
[92mINFO [0m:      Sent reply
[92mINFO [0m:      
[92mINFO [0m:      Received: train message c5984acb-c58e-46a1-a313-19e99d2fae55
[92mINFO [0m:      Sent reply
[92mINFO [0m:      
[92mINFO [0m:      Received: evaluate message 204631dc-6ac4-4b82-bd4a-767a52809146
[92mINFO [0m:      Sent reply
[92mINFO [0m:      
[92mINFO [0m:      Received: train message 1a248002-90f8-4aa0-954f-62af22bc56ea
[92mINFO [0m:      Sent reply
[92mINFO [0m:      
[92mINFO [0m:      Received: evaluate message b22a1eb7-a6b8-48c9-bb24-a4d56cc453f8
[92mINFO [0m:      Sent reply
[92mINFO [0m:      
[92mINFO [0m:      Received: train message b7ddd346-46a0-4f40-b166-22b1f59140e4
[92mINFO [0m:      Sent reply
[92mINFO [0m:      
[92mINFO [0m:      Received: evaluate message 1efb4746-9f23-4f78-98d6-5bdd183fd39c
[92mINFO [0m:      Sent reply
[92mINFO [0m:      
[92mINFO [0m:      Received: train message 54871698-5157-43c3-83b1-7843c60ba2b0
[92mINFO [0m:      Sent reply
[92mINFO [0m:      
[92mINFO [0m:      Received: evaluate message 6abeb70e-5cbd-4549-987d-924a72a0dd68
[92mINFO [0m:      Sent reply
[92mINFO [0m:      
[92mINFO [0m:      Received: train message 38af8413-5f60-4dcc-b9be-58d4eed6598b
[92mINFO [0m:      Sent reply
[92mINFO [0m:      
[92mINFO [0m:      Received: evaluate message 92257213-6356-4417-8b76-6f15593b082a
[92mINFO [0m:      Sent reply
[92mINFO [0m:      
[92mINFO [0m:      Received: train message 9cab45d6-885d-4ec6-8dc9-fe18de877181
[92mINFO [0m:      Sent reply
[92mINFO [0m:      
[92mINFO [0m:      Received: evaluate message 4fdd7f26-8e80-4872-b51f-a0a697ddb52f
[92mINFO [0m:      Sent reply
[92mINFO [0m:      
[92mINFO [0m:      Received: train message 40736107-53b4-4a67-84af-fecd1fbbb0c9
[92mINFO [0m:      Sent reply
[92mINFO [0m:      
[92mINFO [0m:      Received: evaluate message 99dd8672-d96a-48eb-a98e-9e3cb357cabb
[92mINFO [0m:      Sent reply
[92mINFO [0m:      
[92mINFO [0m:      Received: train message fd55a8c8-9ad6-4835-91b3-ce0caf891884
[92mINFO [0m:      Sent reply
[92mINFO [0m:      
[92mINFO [0m:      Received: evaluate message 54d2c214-da03-44cf-ab96-57c05811b4d9
[92mINFO [0m:      Sent reply
[92mINFO [0m:      
[92mINFO [0m:      Received: train message 6def3d17-017d-4938-bbc0-cfdd874e7603
[92mINFO [0m:      Sent reply
[92mINFO [0m:      
[92mINFO [0m:      Received: evaluate message e9e65782-6120-433a-8a43-a30fb5d2da24
[92mINFO [0m:      Sent reply
[92mINFO [0m:      
[92mINFO [0m:      Received: train message 455599b3-91c5-4854-af49-4339c926c58c
[92mINFO [0m:      Sent reply
[92mINFO [0m:      
[92mINFO [0m:      Received: evaluate message bd3e0f37-224f-42cc-a73b-9c85a46c5052
[92mINFO [0m:      Sent reply
[92mINFO [0m:      
[92mINFO [0m:      Received: train message 31abf44a-f412-4dca-9aa8-3ac04c9ecbff
[92mINFO [0m:      Sent reply
[92mINFO [0m:      
[92mINFO [0m:      Received: evaluate message c90d9160-ecaa-4344-9823-ed57164a659f
[92mINFO [0m:      Sent reply
[92mINFO [0m:      
[92mINFO [0m:      Received: train message d3490794-8aa9-4322-af5e-8e9719e8a928
[92mINFO [0m:      Sent reply
[92mINFO [0m:      
[92mINFO [0m:      Received: evaluate message 5f39748a-774a-406f-98e5-aa6eaac55af9
[92mINFO [0m:      Sent reply
[92mINFO [0m:      
[92mINFO [0m:      Received: train message 2ed2800c-0e85-4857-8533-78aab9fcc6ec
[92mINFO [0m:      Sent reply
[92mINFO [0m:      
[92mINFO [0m:      Received: evaluate message 768f2783-9b75-4f9f-87d5-43b48cb6e240
[92mINFO [0m:      Sent reply
[92mINFO [0m:      
[92mINFO [0m:      Received: train message f5fd6ea6-9e84-403d-a021-defe70c78be9
[92mINFO [0m:      Sent reply
[92mINFO [0m:      
[92mINFO [0m:      Received: evaluate message da70df12-74c9-406b-9fcf-549ce1f09b13
[92mINFO [0m:      Sent reply
[92mINFO [0m:      
[92mINFO [0m:      Received: train message 9c24d3cb-2d78-4e2f-9389-d6efa0268421
[92mINFO [0m:      Sent reply
[92mINFO [0m:      
[92mINFO [0m:      Received: evaluate message 72602151-dfd3-4c29-aae1-2978296c2437
[92mINFO [0m:      Sent reply
[92mINFO [0m:      
[92mINFO [0m:      Received: train message 8f1e02ba-b451-4c03-942e-1faa8d45178a
[92mINFO [0m:      Sent reply
[92mINFO [0m:      
[92mINFO [0m:      Received: evaluate message 5ff1f326-4ec5-47e0-943c-80010d770fe5
[92mINFO [0m:      Sent reply
[92mINFO [0m:      
[92mINFO [0m:      Received: train message e9ca003f-c30b-4a33-b562-5020fd564623
[92mINFO [0m:      Sent reply
[92mINFO [0m:      
[92mINFO [0m:      Received: evaluate message 7997217e-4308-4fb8-b631-e4016ad873c9
[92mINFO [0m:      Sent reply
[92mINFO [0m:      
[92mINFO [0m:      Received: train message 08dc1ee4-38e3-4947-bd98-085ff698d2cf
[92mINFO [0m:      Sent reply
[92mINFO [0m:      
[92mINFO [0m:      Received: evaluate message 92c39d72-d03f-4c79-81ec-5ff1d0d18f09
[92mINFO [0m:      Sent reply
[92mINFO [0m:      
[92mINFO [0m:      Received: train message 8205f0f0-4a4a-4a38-8757-332d151387c8
[92mINFO [0m:      Sent reply
[92mINFO [0m:      
[92mINFO [0m:      Received: evaluate message 11cfcdd2-f1bd-41e0-870e-a96a70dfd270
[92mINFO [0m:      Sent reply
[92mINFO [0m:      
[92mINFO [0m:      Received: reconnect message 02abc254-54f3-43fe-9e6a-605a0852d01b
[92mINFO [0m:      Disconnect and shut down
