[93mWARNING [0m:   DEPRECATED FEATURE: flwr.client.start_client() is deprecated.
	Instead, use the `flower-supernode` CLI command to start a SuperNode as shown below:

		$ flower-supernode --insecure --superlink='<IP>:<PORT>'

	To view all available options, run:

		$ flower-supernode --help

	Using `start_client()` is deprecated.

            This is a deprecated feature. It will be removed
            entirely in future versions of Flower.
        
[92mINFO [0m:      
[92mINFO [0m:      Received: train message d709fefd-3437-43cc-8c56-d2312974da4c
[92mINFO [0m:      Sent reply
[92mINFO [0m:      
[92mINFO [0m:      Received: evaluate message ac9da3ad-2a36-4ed6-887e-89b907568dec
[92mINFO [0m:      Sent reply
[92mINFO [0m:      
[92mINFO [0m:      Received: train message f2514cda-10c2-4547-8ed8-aabed9e0cde1
[92mINFO [0m:      Sent reply
[92mINFO [0m:      
[92mINFO [0m:      Received: evaluate message c81e9a5f-a76d-4828-a7ae-58f5f813329d
[92mINFO [0m:      Sent reply
[92mINFO [0m:      
[92mINFO [0m:      Received: train message 0dc716d7-a76f-405a-8f2e-81b6071091f7
[92mINFO [0m:      Sent reply
[92mINFO [0m:      
[92mINFO [0m:      Received: evaluate message 388bf6b5-150b-4a18-ab54-eee3c03a96d2
[92mINFO [0m:      Sent reply
[92mINFO [0m:      
[92mINFO [0m:      Received: train message d69325b3-8ae9-4e5e-a723-cc07af10c7bf
[92mINFO [0m:      Sent reply
[92mINFO [0m:      
[92mINFO [0m:      Received: evaluate message 15252ac6-ef0e-4921-90a6-07bcbf031c9f
[92mINFO [0m:      Sent reply
[92mINFO [0m:      
[92mINFO [0m:      Received: train message dab9b99a-6a5f-4a43-a3ea-e6d6a230072e
[92mINFO [0m:      Sent reply
[92mINFO [0m:      
[92mINFO [0m:      Received: evaluate message 26bc50af-707d-4564-b0b6-822a8580ed94
[92mINFO [0m:      Sent reply
[92mINFO [0m:      
[92mINFO [0m:      Received: train message 3a2adbf5-9818-40dd-a4b2-09a06f04fa34
[92mINFO [0m:      Sent reply
[92mINFO [0m:      
[92mINFO [0m:      Received: evaluate message 503cdcc7-e3c4-412a-9ba7-636e9885d035
[92mINFO [0m:      Sent reply
[92mINFO [0m:      
[92mINFO [0m:      Received: train message 2969ccfb-f46f-4ff6-bc40-a096eda83ee4
[92mINFO [0m:      Sent reply
[92mINFO [0m:      
[92mINFO [0m:      Received: evaluate message 71f9d6e7-f863-429c-afa5-b1168fa07e5d
[92mINFO [0m:      Sent reply
[92mINFO [0m:      
[92mINFO [0m:      Received: train message ef195ea3-2a94-4360-8cc1-a792cf1ba205
[92mINFO [0m:      Sent reply
[92mINFO [0m:      
[92mINFO [0m:      Received: evaluate message 8cfac47a-c786-4bea-aef1-644f7eff80fd
[92mINFO [0m:      Sent reply
[92mINFO [0m:      
[92mINFO [0m:      Received: train message 78d85189-228e-4271-ad24-772324e4444e
[92mINFO [0m:      Sent reply
[92mINFO [0m:      
[92mINFO [0m:      Received: evaluate message da763582-915c-4935-9c55-9e30abf6f956
[92mINFO [0m:      Sent reply
[92mINFO [0m:      
[92mINFO [0m:      Received: train message 40059450-e0a1-4a8b-b42d-4d06b28e4a13
[92mINFO [0m:      Sent reply
[92mINFO [0m:      
[92mINFO [0m:      Received: evaluate message d3e7f889-cba8-4834-bb1e-eb6b4fb5776e
[92mINFO [0m:      Sent reply
[92mINFO [0m:      
[92mINFO [0m:      Received: train message 5e7d2339-8faf-432c-8079-bacce13cb960
[92mINFO [0m:      Sent reply
[92mINFO [0m:      
[92mINFO [0m:      Received: evaluate message ab43fb71-0151-48ec-a6ab-4a7836cb715d
[92mINFO [0m:      Sent reply
[92mINFO [0m:      
[92mINFO [0m:      Received: train message ab8af47d-848f-459e-8585-23423595710d
[92mINFO [0m:      Sent reply
[92mINFO [0m:      
[92mINFO [0m:      Received: evaluate message 3807c3f9-b108-48a0-a013-fd84a8a06c93
[92mINFO [0m:      Sent reply
[92mINFO [0m:      
[92mINFO [0m:      Received: train message fd0b7d9f-5b99-49cd-ae86-2e1619aab598
[92mINFO [0m:      Sent reply
[92mINFO [0m:      
[92mINFO [0m:      Received: evaluate message 05b5bbb9-3b4d-47d7-8bf9-34f555e93740
[92mINFO [0m:      Sent reply
[92mINFO [0m:      
[92mINFO [0m:      Received: train message 14f53692-ab05-4e9d-a90d-dfc057148449
[92mINFO [0m:      Sent reply
[92mINFO [0m:      
[92mINFO [0m:      Received: evaluate message 69cd5fc0-97ea-4af8-97cf-cd21f3765d20
[92mINFO [0m:      Sent reply
[92mINFO [0m:      
[92mINFO [0m:      Received: train message 093ce8e6-d658-4c08-960b-02cbb88b2938
[92mINFO [0m:      Sent reply
[92mINFO [0m:      
[92mINFO [0m:      Received: evaluate message 88910137-6649-4a92-9be9-b26d5c32ce08
[92mINFO [0m:      Sent reply
[92mINFO [0m:      
[92mINFO [0m:      Received: train message daaae010-9560-42e1-b779-c00668505842
[92mINFO [0m:      Sent reply
[92mINFO [0m:      
[92mINFO [0m:      Received: evaluate message adb9ba88-de18-4729-96a1-e989e2602261
[92mINFO [0m:      Sent reply
[92mINFO [0m:      
[92mINFO [0m:      Received: train message ffb1787a-8165-4b21-ad9f-2c6a0edd819f
[92mINFO [0m:      Sent reply
[92mINFO [0m:      
[92mINFO [0m:      Received: evaluate message b85d27c8-73e8-40b7-982d-d28edbf0a1f0
[92mINFO [0m:      Sent reply
[92mINFO [0m:      
[92mINFO [0m:      Received: train message 9ed7010f-138b-4ed4-b4c7-747fb94abc9d
[92mINFO [0m:      Sent reply
[92mINFO [0m:      
[92mINFO [0m:      Received: evaluate message 57b7bb74-b49d-4fc4-8628-d7e78d0cf6b6
[92mINFO [0m:      Sent reply
[92mINFO [0m:      
[92mINFO [0m:      Received: train message 4f5c7568-19dc-4369-b65e-50f736dbf427
[92mINFO [0m:      Sent reply
[92mINFO [0m:      
[92mINFO [0m:      Received: evaluate message f221dce1-f0ef-4c3f-b657-9bd53b81ad0e
[92mINFO [0m:      Sent reply
[92mINFO [0m:      
[92mINFO [0m:      Received: train message 7ec80335-576e-446f-9ff4-c507f15e9815
[92mINFO [0m:      Sent reply
[92mINFO [0m:      
[92mINFO [0m:      Received: evaluate message e32ba184-b2ea-4819-ac0d-b8525d7a5762
[92mINFO [0m:      Sent reply
[92mINFO [0m:      
[92mINFO [0m:      Received: train message 3b770855-a263-45b4-a307-c269b72d6b52
[92mINFO [0m:      Sent reply
[92mINFO [0m:      
[92mINFO [0m:      Received: evaluate message b9596c18-d303-49b1-839d-dce9b9eb8cc1
[92mINFO [0m:      Sent reply
[92mINFO [0m:      
[92mINFO [0m:      Received: train message 0fd3f584-66ed-4bf7-a8ba-e92ae379ac45
[92mINFO [0m:      Sent reply
[92mINFO [0m:      
[92mINFO [0m:      Received: evaluate message 481d91d0-959c-4ed2-814e-4501787179e4
[92mINFO [0m:      Sent reply
[92mINFO [0m:      
[92mINFO [0m:      Received: train message 42d19eb1-5870-483a-8a62-75b7b5a1898f
[92mINFO [0m:      Sent reply
[92mINFO [0m:      
[92mINFO [0m:      Received: evaluate message 8f64b7ae-1956-4b15-a64f-23179b7f155f
[92mINFO [0m:      Sent reply
[92mINFO [0m:      
[92mINFO [0m:      Received: train message d27179d4-c7e3-49a5-9540-56ec80a77e06
[92mINFO [0m:      Sent reply
[92mINFO [0m:      
[92mINFO [0m:      Received: evaluate message 6e860f46-1b8e-4843-bf7b-c3c5f02b62e8
[92mINFO [0m:      Sent reply
[92mINFO [0m:      
[92mINFO [0m:      Received: train message ffa4d9f1-f206-473f-a2c2-ac93fd5b95b5
[92mINFO [0m:      Sent reply
[92mINFO [0m:      
[92mINFO [0m:      Received: evaluate message 85062633-fdc7-4381-9402-efcf6ec19084
[92mINFO [0m:      Sent reply
[92mINFO [0m:      
[92mINFO [0m:      Received: train message 54c39173-2604-456d-a978-3ea63de18cdc
[92mINFO [0m:      Sent reply
[92mINFO [0m:      
[92mINFO [0m:      Received: evaluate message 024abcdd-570d-4e53-b6a7-5c710a20dc85
[92mINFO [0m:      Sent reply
[92mINFO [0m:      
[92mINFO [0m:      Received: train message 14dea1f8-7506-4166-a902-b1c209914bbc
[92mINFO [0m:      Sent reply
[92mINFO [0m:      
[92mINFO [0m:      Received: evaluate message 29c53086-4481-4603-b055-ac5d213e16cb
[92mINFO [0m:      Sent reply
[92mINFO [0m:      
[92mINFO [0m:      Received: train message fa4ddec6-9f22-481f-a907-88da0f88a32f
[92mINFO [0m:      Sent reply
[92mINFO [0m:      
[92mINFO [0m:      Received: evaluate message 44701d4c-b3cd-4c1b-8e17-b0d27a2b9d04
[92mINFO [0m:      Sent reply
[92mINFO [0m:      
[92mINFO [0m:      Received: train message 0c8dd183-03c6-48b2-a58d-002c170db848
[92mINFO [0m:      Sent reply
[92mINFO [0m:      
[92mINFO [0m:      Received: evaluate message 521d922d-32a3-4570-bb86-419d2cf24f4b
[92mINFO [0m:      Sent reply
[92mINFO [0m:      
[92mINFO [0m:      Received: train message 51b39694-c552-4a6c-ba80-f9debb4c6de2
[92mINFO [0m:      Sent reply
[92mINFO [0m:      
[92mINFO [0m:      Received: evaluate message d0e8f578-72f1-4cf9-8f2c-77b185d1c753
[92mINFO [0m:      Sent reply
[92mINFO [0m:      
[92mINFO [0m:      Received: train message b3257e29-1cdc-4d73-8acc-5fbca2b4c1e8
[92mINFO [0m:      Sent reply
[92mINFO [0m:      
[92mINFO [0m:      Received: evaluate message 8988736d-dd6c-4204-bbb9-eccb9375c1b9
[92mINFO [0m:      Sent reply
[92mINFO [0m:      
[92mINFO [0m:      Received: train message 4a79ae87-18a1-44d8-acc8-60950d74cf53
[92mINFO [0m:      Sent reply
[92mINFO [0m:      
[92mINFO [0m:      Received: evaluate message f5b49d96-c42f-44d7-99c2-1ca85a5805c2
[92mINFO [0m:      Sent reply
[92mINFO [0m:      
[92mINFO [0m:      Received: train message 38a789cc-2ea4-49c5-b6bc-f403952b2d24
[92mINFO [0m:      Sent reply
[92mINFO [0m:      
[92mINFO [0m:      Received: evaluate message a52d33ef-a632-410a-bcf0-7495f68f9094
[92mINFO [0m:      Sent reply
[92mINFO [0m:      
[92mINFO [0m:      Received: train message 1b407c2b-e56b-4e47-81a3-62beb7bc3a7e
[92mINFO [0m:      Sent reply
[92mINFO [0m:      
[92mINFO [0m:      Received: evaluate message e9acb570-2a1c-4783-838f-e78a83c79911
[92mINFO [0m:      Sent reply
[92mINFO [0m:      
[92mINFO [0m:      Received: train message a38d0076-fbf0-4526-bbd8-116b43dc1387
[92mINFO [0m:      Sent reply
[92mINFO [0m:      
[92mINFO [0m:      Received: evaluate message 17cd43e8-ce21-4223-9646-7bfcdcdc330d
[92mINFO [0m:      Sent reply
[92mINFO [0m:      
[92mINFO [0m:      Received: train message 3b6c89cc-a70e-4417-9f3d-ef5b1f4010e8
[92mINFO [0m:      Sent reply
[92mINFO [0m:      
[92mINFO [0m:      Received: evaluate message 90ae26d9-52a3-452b-803f-778969553aa5
[92mINFO [0m:      Sent reply
[92mINFO [0m:      
[92mINFO [0m:      Received: train message b17cc1cc-8559-4eb7-9887-aed2a9ee7fb8
[92mINFO [0m:      Sent reply
[92mINFO [0m:      
[92mINFO [0m:      Received: evaluate message 6a759178-157d-47a7-a91e-f709bd626461
[92mINFO [0m:      Sent reply
[92mINFO [0m:      
[92mINFO [0m:      Received: train message 3bed52b2-6163-4d63-9865-d2ca161c5161
[92mINFO [0m:      Sent reply
[92mINFO [0m:      
[92mINFO [0m:      Received: evaluate message 3a96c426-e28a-4aed-9554-97ff464ecebb
[92mINFO [0m:      Sent reply
[92mINFO [0m:      
[92mINFO [0m:      Received: train message 84ce898c-296d-448b-8671-560b4a7f7089
[92mINFO [0m:      Sent reply
[92mINFO [0m:      
[92mINFO [0m:      Received: evaluate message ad956b2c-4b85-4f8f-892e-adecb45277b6
[92mINFO [0m:      Sent reply
[92mINFO [0m:      
[92mINFO [0m:      Received: train message 58153af5-2afd-42a4-bd62-6a5b07a63bf4
[92mINFO [0m:      Sent reply
[92mINFO [0m:      
[92mINFO [0m:      Received: evaluate message b8f0663f-b9f3-4053-bdd1-d6e0268c2bb1
[92mINFO [0m:      Sent reply
[92mINFO [0m:      
[92mINFO [0m:      Received: train message 97b0f477-9dd6-4b14-8b5e-64872983018c
[92mINFO [0m:      Sent reply
[92mINFO [0m:      
[92mINFO [0m:      Received: evaluate message f3656fcd-7bdc-4c34-a39e-072c46031584
[92mINFO [0m:      Sent reply
[92mINFO [0m:      
[92mINFO [0m:      Received: train message 09c1fb6b-d9a2-4b19-af0b-bc5df6f20830
[92mINFO [0m:      Sent reply
[92mINFO [0m:      
[92mINFO [0m:      Received: evaluate message 1248276e-1384-4882-a63a-9f87742c14a5
[92mINFO [0m:      Sent reply
[92mINFO [0m:      
[92mINFO [0m:      Received: train message ac1a1071-89b2-4113-aaae-0338ce332759
[92mINFO [0m:      Sent reply
[92mINFO [0m:      
[92mINFO [0m:      Received: evaluate message b30e0675-9b91-446e-b3b5-b41232455bfb
[92mINFO [0m:      Sent reply
[92mINFO [0m:      
[92mINFO [0m:      Received: train message 6ddd7d4c-c842-4336-9216-e2338d81a935
[92mINFO [0m:      Sent reply
[92mINFO [0m:      
[92mINFO [0m:      Received: evaluate message 1b923f0b-f336-48bc-95b6-b9ea42fe12e0
[92mINFO [0m:      Sent reply
[92mINFO [0m:      
[92mINFO [0m:      Received: train message 9706cc2b-1edc-4473-9c98-242379e7d3ca
[92mINFO [0m:      Sent reply
[92mINFO [0m:      
[92mINFO [0m:      Received: evaluate message 7d25bb25-2e35-40a7-a800-8deefbfdd5f4
[92mINFO [0m:      Sent reply
[92mINFO [0m:      
[92mINFO [0m:      Received: train message f3a26d45-5449-44e4-b546-3326a800b16c
[92mINFO [0m:      Sent reply
[92mINFO [0m:      
[92mINFO [0m:      Received: evaluate message 48bb7b49-2f8f-40a5-b0ef-621ef2009b7a
[92mINFO [0m:      Sent reply
[92mINFO [0m:      
[92mINFO [0m:      Received: train message 15275881-f8af-488c-9d53-54d56bc81e6d
[92mINFO [0m:      Sent reply
[92mINFO [0m:      
[92mINFO [0m:      Received: evaluate message 7a16b7e8-44a8-4e4a-a8ca-df03d8fdf202
[92mINFO [0m:      Sent reply
[92mINFO [0m:      
[92mINFO [0m:      Received: train message 88b38fed-99e9-4264-a609-cf515b0a0066
[92mINFO [0m:      Sent reply
[92mINFO [0m:      
[92mINFO [0m:      Received: evaluate message d582e8c3-3283-4c12-96c6-7532c1e1c9c5
[92mINFO [0m:      Sent reply
[92mINFO [0m:      
[92mINFO [0m:      Received: train message 73247612-7158-4d05-9fe6-a596e87ccd2f
[92mINFO [0m:      Sent reply
[92mINFO [0m:      
[92mINFO [0m:      Received: evaluate message dc308b77-807b-4714-8024-ff4e16560132
[92mINFO [0m:      Sent reply
[92mINFO [0m:      
[92mINFO [0m:      Received: train message b372f3de-c395-40ec-a316-c392a85a46f6
[92mINFO [0m:      Sent reply
[92mINFO [0m:      
[92mINFO [0m:      Received: evaluate message 45c206c8-e42f-4d57-9351-61515bd56a5d
[92mINFO [0m:      Sent reply
[92mINFO [0m:      
[92mINFO [0m:      Received: reconnect message e2668680-825a-48b7-a9cb-6403e5b0dbf3
[92mINFO [0m:      Disconnect and shut down
