[93mWARNING [0m:   DEPRECATED FEATURE: flwr.client.start_client() is deprecated.
	Instead, use the `flower-supernode` CLI command to start a SuperNode as shown below:

		$ flower-supernode --insecure --superlink='<IP>:<PORT>'

	To view all available options, run:

		$ flower-supernode --help

	Using `start_client()` is deprecated.

            This is a deprecated feature. It will be removed
            entirely in future versions of Flower.
        
[92mINFO [0m:      
[92mINFO [0m:      Received: train message da5232ab-03f9-46e1-bdfc-8d85b5fd1e17
[92mINFO [0m:      Sent reply
[92mINFO [0m:      
[92mINFO [0m:      Received: evaluate message af510c40-4feb-4923-8d88-6c7cd8d7cb0b
[92mINFO [0m:      Sent reply
[92mINFO [0m:      
[92mINFO [0m:      Received: train message 65fa9baf-144a-41b0-9b79-9d22acaefb6f
[92mINFO [0m:      Sent reply
[92mINFO [0m:      
[92mINFO [0m:      Received: evaluate message e25cff34-d6a4-4941-9044-82d6133b4fd0
[92mINFO [0m:      Sent reply
[92mINFO [0m:      
[92mINFO [0m:      Received: train message 7f0bfb43-450d-41a2-a6d1-543e3587af7c
[92mINFO [0m:      Sent reply
[92mINFO [0m:      
[92mINFO [0m:      Received: evaluate message 5bb84292-4ee1-4040-82c8-b322db29ca4b
[92mINFO [0m:      Sent reply
[92mINFO [0m:      
[92mINFO [0m:      Received: train message 3ea4029b-d9a7-4ded-bdfc-f4c68786ce45
[92mINFO [0m:      Sent reply
[92mINFO [0m:      
[92mINFO [0m:      Received: evaluate message ac53e74c-c8ac-46bc-ba90-1750ced7f961
[92mINFO [0m:      Sent reply
[92mINFO [0m:      
[92mINFO [0m:      Received: train message bd5d7df8-a363-42ed-944f-6870a41c2a7e
[92mINFO [0m:      Sent reply
[92mINFO [0m:      
[92mINFO [0m:      Received: evaluate message f6eacca1-fa81-4093-8b37-ac1ea2194b4d
[92mINFO [0m:      Sent reply
[92mINFO [0m:      
[92mINFO [0m:      Received: train message 42a604f2-1a5d-48d1-a940-ae137b50fd0f
[92mINFO [0m:      Sent reply
[92mINFO [0m:      
[92mINFO [0m:      Received: evaluate message 551b3ef8-6c33-41b1-a91b-12a57dfe67d9
[92mINFO [0m:      Sent reply
[92mINFO [0m:      
[92mINFO [0m:      Received: train message df2176c5-5333-4224-a41a-49713c8671d0
[92mINFO [0m:      Sent reply
[92mINFO [0m:      
[92mINFO [0m:      Received: evaluate message 74d6df8b-a3c7-4157-a7dc-d4355fa27bf0
[92mINFO [0m:      Sent reply
[92mINFO [0m:      
[92mINFO [0m:      Received: train message 797a5283-6055-45df-babf-3c42b3fe2593
[92mINFO [0m:      Sent reply
[92mINFO [0m:      
[92mINFO [0m:      Received: evaluate message 6939913d-dc74-4ab2-b357-9634c8c45303
[92mINFO [0m:      Sent reply
[92mINFO [0m:      
[92mINFO [0m:      Received: train message afa162cd-8a54-469f-8448-36623a5e1c18
[92mINFO [0m:      Sent reply
[92mINFO [0m:      
[92mINFO [0m:      Received: evaluate message 1f9d74fb-3bd3-4a99-90d5-6a15df7e1979
[92mINFO [0m:      Sent reply
[92mINFO [0m:      
[92mINFO [0m:      Received: train message 4a28c930-c782-44ff-8cb0-96c6cf226178
[92mINFO [0m:      Sent reply
[92mINFO [0m:      
[92mINFO [0m:      Received: evaluate message c010921f-4f16-42df-9319-84752280962e
[92mINFO [0m:      Sent reply
[92mINFO [0m:      
[92mINFO [0m:      Received: train message 59bdca75-71fb-4e21-b786-f32909d58378
[92mINFO [0m:      Sent reply
[92mINFO [0m:      
[92mINFO [0m:      Received: evaluate message 576a3e4a-fb8b-4639-a54f-d541af5f629f
[92mINFO [0m:      Sent reply
[92mINFO [0m:      
[92mINFO [0m:      Received: train message b10d72de-53fd-40db-8abc-59393bcea37e
[92mINFO [0m:      Sent reply
[92mINFO [0m:      
[92mINFO [0m:      Received: evaluate message 0d01c946-0ab2-4732-8620-bbcb97f1bc23
[92mINFO [0m:      Sent reply
[92mINFO [0m:      
[92mINFO [0m:      Received: train message 4a6bbd90-b14a-4cb2-99af-8a81ffd0d588
[92mINFO [0m:      Sent reply
[92mINFO [0m:      
[92mINFO [0m:      Received: evaluate message 9cd00a57-a00e-4cf5-a550-14501dc611cc
[92mINFO [0m:      Sent reply
[92mINFO [0m:      
[92mINFO [0m:      Received: train message 100a02fe-2af4-4478-a5f2-03c5ade4299e
[92mINFO [0m:      Sent reply
[92mINFO [0m:      
[92mINFO [0m:      Received: evaluate message 4f5bfbf6-8087-4a8d-b38e-007959e9efad
[92mINFO [0m:      Sent reply
[92mINFO [0m:      
[92mINFO [0m:      Received: train message ba15a552-1b19-4fea-8c69-873c0170d4d9
[92mINFO [0m:      Sent reply
[92mINFO [0m:      
[92mINFO [0m:      Received: evaluate message f0153a93-caf7-4c62-993e-4e2feca8d6e3
[92mINFO [0m:      Sent reply
[92mINFO [0m:      
[92mINFO [0m:      Received: train message 288653c6-1198-4df5-836c-e1109408cc47
[92mINFO [0m:      Sent reply
[92mINFO [0m:      
[92mINFO [0m:      Received: evaluate message 9f6ebedd-e504-4a19-8f80-9042ff8de342
[92mINFO [0m:      Sent reply
[92mINFO [0m:      
[92mINFO [0m:      Received: train message 7319e0e3-38f6-422d-8f3a-d1988de19372
[92mINFO [0m:      Sent reply
[92mINFO [0m:      
[92mINFO [0m:      Received: evaluate message beba3c1f-7af3-4891-a08f-1210e9fd59c5
[92mINFO [0m:      Sent reply
[92mINFO [0m:      
[92mINFO [0m:      Received: train message 9b73c7d4-3035-4e5d-b4d0-b3b6f88a0dee
[92mINFO [0m:      Sent reply
[92mINFO [0m:      
[92mINFO [0m:      Received: evaluate message 9bf57b75-bda9-47fa-ae2f-4011c9acdfd8
[92mINFO [0m:      Sent reply
[92mINFO [0m:      
[92mINFO [0m:      Received: train message a8ac288f-7301-4887-b8f0-683ddb64c640
[92mINFO [0m:      Sent reply
[92mINFO [0m:      
[92mINFO [0m:      Received: evaluate message 1c9948a0-dc07-4e19-a14c-d03be7de62dd
[92mINFO [0m:      Sent reply
[92mINFO [0m:      
[92mINFO [0m:      Received: train message 58e7241b-9c6d-4918-959b-7e1259288400
[92mINFO [0m:      Sent reply
[92mINFO [0m:      
[92mINFO [0m:      Received: evaluate message cae185ed-3b8f-41fa-9ab7-2b3f98147c04
[92mINFO [0m:      Sent reply
[92mINFO [0m:      
[92mINFO [0m:      Received: train message 5d610f8d-2547-4484-a4de-8abfd7e0dfce
[92mINFO [0m:      Sent reply
[92mINFO [0m:      
[92mINFO [0m:      Received: evaluate message 8745e7d9-7056-4b8e-acf9-5c135f12e260
[92mINFO [0m:      Sent reply
[92mINFO [0m:      
[92mINFO [0m:      Received: train message 5a882533-b2ef-4cbb-b94d-fc0dfd39d1d9
[92mINFO [0m:      Sent reply
[92mINFO [0m:      
[92mINFO [0m:      Received: evaluate message 665911fd-aacb-41b5-b140-745bbf259959
[92mINFO [0m:      Sent reply
[92mINFO [0m:      
[92mINFO [0m:      Received: train message a3500bc6-e95a-4121-b271-6baecfcbd424
[92mINFO [0m:      Sent reply
[92mINFO [0m:      
[92mINFO [0m:      Received: evaluate message c6660899-c465-433e-9b25-b18eb49b947c
[92mINFO [0m:      Sent reply
[92mINFO [0m:      
[92mINFO [0m:      Received: train message 2dea0d40-9dcd-4f46-aa3b-6f0367737325
[92mINFO [0m:      Sent reply
[92mINFO [0m:      
[92mINFO [0m:      Received: evaluate message 9f65001f-ba5a-466c-afe1-9e554e17983c
[92mINFO [0m:      Sent reply
[92mINFO [0m:      
[92mINFO [0m:      Received: train message dcdfff23-19a9-4551-b038-e5c2e286532c
[92mINFO [0m:      Sent reply
[92mINFO [0m:      
[92mINFO [0m:      Received: evaluate message d12031a4-af3b-4187-bac2-71171a30b123
[92mINFO [0m:      Sent reply
[92mINFO [0m:      
[92mINFO [0m:      Received: train message e12b65ca-68df-4b86-b851-d5b2c148dc60
[92mINFO [0m:      Sent reply
[92mINFO [0m:      
[92mINFO [0m:      Received: evaluate message 52fe26f2-c7ff-489e-a58e-7a10e648eba7
[92mINFO [0m:      Sent reply
[92mINFO [0m:      
[92mINFO [0m:      Received: train message 0e1a0b25-a199-44f3-9016-ff61500c020b
[92mINFO [0m:      Sent reply
[92mINFO [0m:      
[92mINFO [0m:      Received: evaluate message 53746c31-df94-4f63-95f2-b34fb0a1b494
[92mINFO [0m:      Sent reply
[92mINFO [0m:      
[92mINFO [0m:      Received: train message 5e92760b-dd04-4f3c-90c8-4deabd28fb78
[92mINFO [0m:      Sent reply
[92mINFO [0m:      
[92mINFO [0m:      Received: evaluate message 64befda9-3f83-4849-bbbc-d0437675de47
[92mINFO [0m:      Sent reply
[92mINFO [0m:      
[92mINFO [0m:      Received: train message 65a0b282-393e-4c67-a2fe-63babafc1e98
[92mINFO [0m:      Sent reply
[92mINFO [0m:      
[92mINFO [0m:      Received: evaluate message 63c8a84b-f05f-4b9a-a91b-c818dccc0129
[92mINFO [0m:      Sent reply
[92mINFO [0m:      
[92mINFO [0m:      Received: train message b219294a-b6e0-4488-9d44-24480704ab65
[92mINFO [0m:      Sent reply
[92mINFO [0m:      
[92mINFO [0m:      Received: evaluate message 055ea5ff-1d5a-41d5-bb93-649b47fc1de2
[92mINFO [0m:      Sent reply
[92mINFO [0m:      
[92mINFO [0m:      Received: train message 41b86c06-c7bb-47db-943c-89f3564b2c85
[92mINFO [0m:      Sent reply
[92mINFO [0m:      
[92mINFO [0m:      Received: evaluate message 0542081a-5a2b-44bf-81ec-bdb5967b2c33
[92mINFO [0m:      Sent reply
[92mINFO [0m:      
[92mINFO [0m:      Received: train message 404b2616-c3dc-46ab-acb1-1237aa92787a
[92mINFO [0m:      Sent reply
[92mINFO [0m:      
[92mINFO [0m:      Received: evaluate message b3569d8b-7d12-4b6b-9645-0044088f1412
[92mINFO [0m:      Sent reply
[92mINFO [0m:      
[92mINFO [0m:      Received: train message 0814f07f-9c06-45ce-99ed-599fb91bb1ad
[92mINFO [0m:      Sent reply
[92mINFO [0m:      
[92mINFO [0m:      Received: evaluate message 7f69fc11-da0b-49a0-bbc2-12a7ce6b3e46
[92mINFO [0m:      Sent reply
[92mINFO [0m:      
[92mINFO [0m:      Received: train message 9d41f84a-2e00-4763-8ee7-a727c9b45100
[92mINFO [0m:      Sent reply
[92mINFO [0m:      
[92mINFO [0m:      Received: evaluate message 3bf95391-82c4-44c8-8288-e55c8368b18d
[92mINFO [0m:      Sent reply
[92mINFO [0m:      
[92mINFO [0m:      Received: train message 6028c841-fca2-4a8b-8552-b4b8427a8bba
[92mINFO [0m:      Sent reply
[92mINFO [0m:      
[92mINFO [0m:      Received: evaluate message aabdc98c-3509-4bf2-8640-84c6bdd1e02b
[92mINFO [0m:      Sent reply
[92mINFO [0m:      
[92mINFO [0m:      Received: train message 7d12b7cf-c915-43bd-bda8-81ec9c8d0a78
[92mINFO [0m:      Sent reply
[92mINFO [0m:      
[92mINFO [0m:      Received: evaluate message c3887f1a-75cc-4af2-9249-7533e359cace
[92mINFO [0m:      Sent reply
[92mINFO [0m:      
[92mINFO [0m:      Received: train message f060a78c-f4ee-403b-ba22-790914d43e11
[92mINFO [0m:      Sent reply
[92mINFO [0m:      
[92mINFO [0m:      Received: evaluate message a7123b5e-2af7-4fab-91fd-0e5a7e759bee
[92mINFO [0m:      Sent reply
[92mINFO [0m:      
[92mINFO [0m:      Received: train message c951adcf-a3cb-46d8-8296-72e97c14e9aa
[92mINFO [0m:      Sent reply
[92mINFO [0m:      
[92mINFO [0m:      Received: evaluate message a5206bd0-41ac-4cb7-9ecb-784afe4b0b3f
[92mINFO [0m:      Sent reply
[92mINFO [0m:      
[92mINFO [0m:      Received: train message 978dba09-0685-4a90-88db-5c6b2e843e6c
[92mINFO [0m:      Sent reply
[92mINFO [0m:      
[92mINFO [0m:      Received: evaluate message 887e4180-216d-40de-ac87-49bd74ecd788
[92mINFO [0m:      Sent reply
[92mINFO [0m:      
[92mINFO [0m:      Received: train message d3376058-9819-4b57-a196-e7db877c50b2
[92mINFO [0m:      Sent reply
[92mINFO [0m:      
[92mINFO [0m:      Received: evaluate message 62d2a87a-3705-4703-9475-5eab1182642c
[92mINFO [0m:      Sent reply
[92mINFO [0m:      
[92mINFO [0m:      Received: train message 38f85e9f-0f9c-4c3e-b7a7-edd92914a689
[92mINFO [0m:      Sent reply
[92mINFO [0m:      
[92mINFO [0m:      Received: evaluate message 3fb4bd84-5369-4603-a93f-77a8b8d94498
[92mINFO [0m:      Sent reply
[92mINFO [0m:      
[92mINFO [0m:      Received: train message 7cbffe79-4a43-4e49-8361-95def6a4c1b2
[92mINFO [0m:      Sent reply
[92mINFO [0m:      
[92mINFO [0m:      Received: evaluate message a8df032e-051e-4aa9-aedb-726ead5b2196
[92mINFO [0m:      Sent reply
[92mINFO [0m:      
[92mINFO [0m:      Received: train message 47eaa435-d442-44c1-85ee-7581fff83ff3
[92mINFO [0m:      Sent reply
[92mINFO [0m:      
[92mINFO [0m:      Received: evaluate message c1d16854-5992-46ad-bdde-a8ac17162d36
[92mINFO [0m:      Sent reply
[92mINFO [0m:      
[92mINFO [0m:      Received: train message 28feaaad-9a8e-40be-a800-28562af93a6c
[92mINFO [0m:      Sent reply
[92mINFO [0m:      
[92mINFO [0m:      Received: evaluate message f18d0fd3-ea38-4d0f-b11d-3d9e9954fb3b
[92mINFO [0m:      Sent reply
[92mINFO [0m:      
[92mINFO [0m:      Received: train message 8d3ccebd-5f53-4f45-8ed7-cca9ec31cb95
[92mINFO [0m:      Sent reply
[92mINFO [0m:      
[92mINFO [0m:      Received: evaluate message df6a36dd-6f77-4b7c-b68d-255a3f31d0e0
[92mINFO [0m:      Sent reply
[92mINFO [0m:      
[92mINFO [0m:      Received: train message 53f6f32e-3d76-48de-8ae7-0160e4f689fb
[92mINFO [0m:      Sent reply
[92mINFO [0m:      
[92mINFO [0m:      Received: evaluate message ff9a0382-b165-4303-965b-7f3f6c5c044c
[92mINFO [0m:      Sent reply
[92mINFO [0m:      
[92mINFO [0m:      Received: train message c9692bb7-a830-4885-bdee-80e8b0c0b220
[92mINFO [0m:      Sent reply
[92mINFO [0m:      
[92mINFO [0m:      Received: evaluate message a225dc6e-9561-47ba-b55e-af8eca1492c7
[92mINFO [0m:      Sent reply
[92mINFO [0m:      
[92mINFO [0m:      Received: train message 19725336-89cf-430e-85ea-cce2e432dd30
[92mINFO [0m:      Sent reply
[92mINFO [0m:      
[92mINFO [0m:      Received: evaluate message 35e10f3b-181e-44a8-a0a5-db0542b0aef3
[92mINFO [0m:      Sent reply
[92mINFO [0m:      
[92mINFO [0m:      Received: train message c38bb131-c98c-488b-ae9b-b4461d47164a
[92mINFO [0m:      Sent reply
[92mINFO [0m:      
[92mINFO [0m:      Received: evaluate message cd26c357-e05c-47ae-a549-c8248c741729
[92mINFO [0m:      Sent reply
[92mINFO [0m:      
[92mINFO [0m:      Received: train message e6355d84-f799-469b-bd2a-ba43a09afa3f
[92mINFO [0m:      Sent reply
[92mINFO [0m:      
[92mINFO [0m:      Received: evaluate message b1e5fceb-96c2-4a60-94dd-e9cb03005a13
[92mINFO [0m:      Sent reply
[92mINFO [0m:      
[92mINFO [0m:      Received: reconnect message 3d2767e4-e3f5-4ab9-990f-6a39b1c51f48
[92mINFO [0m:      Disconnect and shut down
