[93mWARNING [0m:   DEPRECATED FEATURE: flwr.client.start_client() is deprecated.
	Instead, use the `flower-supernode` CLI command to start a SuperNode as shown below:

		$ flower-supernode --insecure --superlink='<IP>:<PORT>'

	To view all available options, run:

		$ flower-supernode --help

	Using `start_client()` is deprecated.

            This is a deprecated feature. It will be removed
            entirely in future versions of Flower.
        
[92mINFO [0m:      
[92mINFO [0m:      Received: train message 29c1da3e-a9e2-408f-b450-ae18fc67559b
[92mINFO [0m:      Sent reply
[92mINFO [0m:      
[92mINFO [0m:      Received: evaluate message 07df431a-bf33-41f2-921f-96a9be65d60d
[92mINFO [0m:      Sent reply
[92mINFO [0m:      
[92mINFO [0m:      Received: train message 633e213c-800e-412c-8929-b2bdf0d51bd3
[92mINFO [0m:      Sent reply
[92mINFO [0m:      
[92mINFO [0m:      Received: evaluate message 525f881b-cca9-4e7b-888d-042320c3960d
[92mINFO [0m:      Sent reply
[92mINFO [0m:      
[92mINFO [0m:      Received: train message 2d854b46-cc06-4b90-b9f5-07f65c0f3640
[92mINFO [0m:      Sent reply
[92mINFO [0m:      
[92mINFO [0m:      Received: evaluate message 499f1830-20b8-4942-960e-a0eac333a743
[92mINFO [0m:      Sent reply
[92mINFO [0m:      
[92mINFO [0m:      Received: train message bda44ecd-2817-4230-a964-ecff5cd66b0d
[92mINFO [0m:      Sent reply
[92mINFO [0m:      
[92mINFO [0m:      Received: evaluate message e5e379ad-bd7a-47b4-b209-b27df81bd51e
[92mINFO [0m:      Sent reply
[92mINFO [0m:      
[92mINFO [0m:      Received: train message cf21144a-dbcf-4a08-9f02-ca8c2212f6f1
[92mINFO [0m:      Sent reply
[92mINFO [0m:      
[92mINFO [0m:      Received: evaluate message be7bee7b-5287-406c-94c2-312f5cae4b04
[92mINFO [0m:      Sent reply
[92mINFO [0m:      
[92mINFO [0m:      Received: train message d6762968-572d-48e8-84e6-2388f992c2e9
[92mINFO [0m:      Sent reply
[92mINFO [0m:      
[92mINFO [0m:      Received: evaluate message 0371e5ab-43bd-42b6-b052-026f2c65e646
[92mINFO [0m:      Sent reply
[92mINFO [0m:      
[92mINFO [0m:      Received: train message ac58a1cc-e548-45f5-9529-f1b849914950
[92mINFO [0m:      Sent reply
[92mINFO [0m:      
[92mINFO [0m:      Received: evaluate message a907aa72-117b-4152-a15e-9f68308ea854
[92mINFO [0m:      Sent reply
[92mINFO [0m:      
[92mINFO [0m:      Received: train message 7e614293-f8a8-4cc2-8d1c-3a1af5f8c392
[92mINFO [0m:      Sent reply
[92mINFO [0m:      
[92mINFO [0m:      Received: evaluate message 30a7451c-a43b-4a52-a59a-39553b2e60f2
[92mINFO [0m:      Sent reply
[92mINFO [0m:      
[92mINFO [0m:      Received: train message 7054ee6e-83e6-4b9a-94c4-76e558967ef9
[92mINFO [0m:      Sent reply
[92mINFO [0m:      
[92mINFO [0m:      Received: evaluate message 0027ba6f-2daf-4ea7-9284-daae8815560f
[92mINFO [0m:      Sent reply
[92mINFO [0m:      
[92mINFO [0m:      Received: train message a3e72d67-d14b-4a85-8bf5-b442f91cc05c
[92mINFO [0m:      Sent reply
[92mINFO [0m:      
[92mINFO [0m:      Received: evaluate message 0aea048a-0a18-452d-a0b2-2f2d1d725382
[92mINFO [0m:      Sent reply
[92mINFO [0m:      
[92mINFO [0m:      Received: train message c2a2aec0-aac0-4ae2-a824-e00940c7737e
[92mINFO [0m:      Sent reply
[92mINFO [0m:      
[92mINFO [0m:      Received: evaluate message c9c30542-26ec-4f33-94b0-0e22e42a557a
[92mINFO [0m:      Sent reply
[92mINFO [0m:      
[92mINFO [0m:      Received: train message 59de4536-ff9b-4e8c-9cdd-1770961bcb71
[92mINFO [0m:      Sent reply
[92mINFO [0m:      
[92mINFO [0m:      Received: evaluate message efa5a552-2e3a-4975-a5a0-74a1c83fc2c1
[92mINFO [0m:      Sent reply
[92mINFO [0m:      
[92mINFO [0m:      Received: train message 74dc474e-2bea-4c4f-a5a3-6a9865fed1c2
[92mINFO [0m:      Sent reply
[92mINFO [0m:      
[92mINFO [0m:      Received: evaluate message 90585808-61ea-4dd7-b10d-225057365deb
[92mINFO [0m:      Sent reply
[92mINFO [0m:      
[92mINFO [0m:      Received: train message 983aee37-31e2-4d27-b040-c3416ba86770
[92mINFO [0m:      Sent reply
[92mINFO [0m:      
[92mINFO [0m:      Received: evaluate message a7fc0b17-7271-4188-a8df-cd271be51087
[92mINFO [0m:      Sent reply
[92mINFO [0m:      
[92mINFO [0m:      Received: train message 74ed7ef8-67e6-470e-af23-c4fcb545c0ac
[92mINFO [0m:      Sent reply
[92mINFO [0m:      
[92mINFO [0m:      Received: evaluate message 120e6386-9844-4dc0-bc61-a82782dcb9e1
[92mINFO [0m:      Sent reply
[92mINFO [0m:      
[92mINFO [0m:      Received: train message 6d8e16d2-d46b-4f70-a6cb-099f01645137
[92mINFO [0m:      Sent reply
[92mINFO [0m:      
[92mINFO [0m:      Received: evaluate message c1d93bef-e911-4148-9707-d8b0c7d31623
[92mINFO [0m:      Sent reply
[92mINFO [0m:      
[92mINFO [0m:      Received: train message 7dc1805a-18d4-4e82-8443-7572b06a2a27
[92mINFO [0m:      Sent reply
[92mINFO [0m:      
[92mINFO [0m:      Received: evaluate message 67c5f215-d62e-4e9e-ac6c-186f9fb0ebb1
[92mINFO [0m:      Sent reply
[92mINFO [0m:      
[92mINFO [0m:      Received: train message 1e32fc04-c68e-4e91-ab8e-f501723b4899
[92mINFO [0m:      Sent reply
[92mINFO [0m:      
[92mINFO [0m:      Received: evaluate message c4abb425-cf21-42a5-9445-a649a56f9335
[92mINFO [0m:      Sent reply
[92mINFO [0m:      
[92mINFO [0m:      Received: train message 076daa1c-df15-4fa4-83e4-faa50cfb7717
[92mINFO [0m:      Sent reply
[92mINFO [0m:      
[92mINFO [0m:      Received: evaluate message eaff5c65-d914-4dea-a26a-c5f8abe047fa
[92mINFO [0m:      Sent reply
[92mINFO [0m:      
[92mINFO [0m:      Received: train message 30537ebd-ab55-44ee-aba7-cbb18629f3b1
[92mINFO [0m:      Sent reply
[92mINFO [0m:      
[92mINFO [0m:      Received: evaluate message a872403a-31cf-4c59-8a76-5e6a6a857f68
[92mINFO [0m:      Sent reply
[92mINFO [0m:      
[92mINFO [0m:      Received: train message ce57e1a0-e54e-4666-a248-9a8fab630e6b
[92mINFO [0m:      Sent reply
[92mINFO [0m:      
[92mINFO [0m:      Received: evaluate message aaf3bc7c-c26a-413f-b062-dc03f8fcb21e
[92mINFO [0m:      Sent reply
[92mINFO [0m:      
[92mINFO [0m:      Received: train message 2b5deffd-d094-49b5-a541-6df399f3e0b1
[92mINFO [0m:      Sent reply
[92mINFO [0m:      
[92mINFO [0m:      Received: evaluate message 49a8750f-444d-4e06-9fff-c4b93b9c3420
[92mINFO [0m:      Sent reply
[92mINFO [0m:      
[92mINFO [0m:      Received: train message a15c9b6b-4a6c-4e57-839c-77415fa912e0
[92mINFO [0m:      Sent reply
[92mINFO [0m:      
[92mINFO [0m:      Received: evaluate message fbb96e90-d62b-4516-81a6-255739506ef8
[92mINFO [0m:      Sent reply
[92mINFO [0m:      
[92mINFO [0m:      Received: train message 995c921c-2544-46de-91f2-3c754886a504
[92mINFO [0m:      Sent reply
[92mINFO [0m:      
[92mINFO [0m:      Received: evaluate message 519d3aa3-1d87-4c99-8a6c-97f8e06fadc9
[92mINFO [0m:      Sent reply
[92mINFO [0m:      
[92mINFO [0m:      Received: train message f0ec5783-e4a7-4e1d-bb3f-6846559d40fa
[92mINFO [0m:      Sent reply
[92mINFO [0m:      
[92mINFO [0m:      Received: evaluate message 0fd7fdc8-45ac-4cc5-8440-c5278be243e2
[92mINFO [0m:      Sent reply
[92mINFO [0m:      
[92mINFO [0m:      Received: train message b9a32932-707e-4ff5-8876-07ab572c79c1
[92mINFO [0m:      Sent reply
[92mINFO [0m:      
[92mINFO [0m:      Received: evaluate message e8fbd773-dbfd-41b6-b9b5-d0bebda0d381
[92mINFO [0m:      Sent reply
[92mINFO [0m:      
[92mINFO [0m:      Received: train message 17fb2622-b884-43ae-9c55-6615ca883acc
[92mINFO [0m:      Sent reply
[92mINFO [0m:      
[92mINFO [0m:      Received: evaluate message 40c75e3d-6b3b-405e-8022-51c924737140
[92mINFO [0m:      Sent reply
[92mINFO [0m:      
[92mINFO [0m:      Received: train message 867db663-77ea-4a3d-87a3-af180d539464
[92mINFO [0m:      Sent reply
[92mINFO [0m:      
[92mINFO [0m:      Received: evaluate message 29fd8f43-999d-4808-a5f9-2bed24c47ab7
[92mINFO [0m:      Sent reply
[92mINFO [0m:      
[92mINFO [0m:      Received: train message 2d4d3e7d-ee83-4786-b2c3-7e3b796d7b5f
[92mINFO [0m:      Sent reply
[92mINFO [0m:      
[92mINFO [0m:      Received: evaluate message 774ed713-9759-4b8d-91d8-b1b823f39d9b
[92mINFO [0m:      Sent reply
[92mINFO [0m:      
[92mINFO [0m:      Received: train message a67b19cd-88d1-428f-b015-e1d7fe286c7c
[92mINFO [0m:      Sent reply
[92mINFO [0m:      
[92mINFO [0m:      Received: evaluate message 11dc8d01-2421-4cd5-ad48-27bcd56ae7b8
[92mINFO [0m:      Sent reply
[92mINFO [0m:      
[92mINFO [0m:      Received: train message 508b5d6c-d55d-41d4-84ce-88e153440705
[92mINFO [0m:      Sent reply
[92mINFO [0m:      
[92mINFO [0m:      Received: evaluate message 2a812ba8-6837-45f7-b7c4-3c58e74f1afd
[92mINFO [0m:      Sent reply
[92mINFO [0m:      
[92mINFO [0m:      Received: train message 0ca5a165-840d-421d-95bb-9079598224f6
[92mINFO [0m:      Sent reply
[92mINFO [0m:      
[92mINFO [0m:      Received: evaluate message 9b711847-ec6b-4d82-b229-0ae1419871fe
[92mINFO [0m:      Sent reply
[92mINFO [0m:      
[92mINFO [0m:      Received: train message 48669e0c-6e18-42df-b6f9-c61f7ed6373c
[92mINFO [0m:      Sent reply
[92mINFO [0m:      
[92mINFO [0m:      Received: evaluate message f116577e-f0b2-432c-856e-d4392310f3fd
[92mINFO [0m:      Sent reply
[92mINFO [0m:      
[92mINFO [0m:      Received: train message a8954859-0095-403a-95cf-75710ea90f0c
[92mINFO [0m:      Sent reply
[92mINFO [0m:      
[92mINFO [0m:      Received: evaluate message 00d42ce9-e2fd-442a-a789-1ca8d7efb129
[92mINFO [0m:      Sent reply
[92mINFO [0m:      
[92mINFO [0m:      Received: train message 4f7430fd-e57f-4188-9ba6-7173d423a9c8
[92mINFO [0m:      Sent reply
[92mINFO [0m:      
[92mINFO [0m:      Received: evaluate message 1e57f376-a042-4d4d-8df8-5fc7b966798c
[92mINFO [0m:      Sent reply
[92mINFO [0m:      
[92mINFO [0m:      Received: train message 705beb24-d65a-4b27-854a-c56851ab4720
[92mINFO [0m:      Sent reply
[92mINFO [0m:      
[92mINFO [0m:      Received: evaluate message b26221d3-3f00-4760-af11-72f7bd8c6197
[92mINFO [0m:      Sent reply
[92mINFO [0m:      
[92mINFO [0m:      Received: train message 849022fc-8ae5-4377-8591-e43c74d73c06
[92mINFO [0m:      Sent reply
[92mINFO [0m:      
[92mINFO [0m:      Received: evaluate message 7c0aafdd-a435-4111-a0bf-84e22c10339e
[92mINFO [0m:      Sent reply
[92mINFO [0m:      
[92mINFO [0m:      Received: train message 710600a5-f848-4ea9-88d0-e28199d5f20f
[92mINFO [0m:      Sent reply
[92mINFO [0m:      
[92mINFO [0m:      Received: evaluate message 5e3b8efe-3616-43ab-ae24-5b6bab5f3278
[92mINFO [0m:      Sent reply
[92mINFO [0m:      
[92mINFO [0m:      Received: train message 914ce179-eed0-479e-bc42-a4d6ff9c1c91
[92mINFO [0m:      Sent reply
[92mINFO [0m:      
[92mINFO [0m:      Received: evaluate message d722d486-78ed-4f97-a278-d4ffe7d9fff5
[92mINFO [0m:      Sent reply
[92mINFO [0m:      
[92mINFO [0m:      Received: train message 3c24a63d-0716-4b6e-8cc1-4e85bd9461a5
[92mINFO [0m:      Sent reply
[92mINFO [0m:      
[92mINFO [0m:      Received: evaluate message 337775f3-63c8-4488-8780-8eb6fef08f35
[92mINFO [0m:      Sent reply
[92mINFO [0m:      
[92mINFO [0m:      Received: train message 993f6393-8280-4a40-864f-a6715de5fe92
[92mINFO [0m:      Sent reply
[92mINFO [0m:      
[92mINFO [0m:      Received: evaluate message 9fcd38f5-84d7-482e-a3d8-2dd81b87cbc0
[92mINFO [0m:      Sent reply
[92mINFO [0m:      
[92mINFO [0m:      Received: train message 4cdb1898-29c6-410e-908b-d2246f553045
[92mINFO [0m:      Sent reply
[92mINFO [0m:      
[92mINFO [0m:      Received: evaluate message d16463a4-649a-4cd6-8db8-0eafa74c61f2
[92mINFO [0m:      Sent reply
[92mINFO [0m:      
[92mINFO [0m:      Received: train message dff3fd4d-aa94-4942-8bb6-20525dd465b4
[92mINFO [0m:      Sent reply
[92mINFO [0m:      
[92mINFO [0m:      Received: evaluate message 6cb8668b-8445-4979-84ea-9b2dedc2f0c3
[92mINFO [0m:      Sent reply
[92mINFO [0m:      
[92mINFO [0m:      Received: train message 463a9384-c214-44db-8bd3-b122282ac3ee
[92mINFO [0m:      Sent reply
[92mINFO [0m:      
[92mINFO [0m:      Received: evaluate message bb6b9593-3ca1-4e71-9ab4-a03b46e3ae26
[92mINFO [0m:      Sent reply
[92mINFO [0m:      
[92mINFO [0m:      Received: train message d6b75090-77db-4521-890b-011aa944af0a
[92mINFO [0m:      Sent reply
[92mINFO [0m:      
[92mINFO [0m:      Received: evaluate message 313a43df-fdb0-48b5-b123-a8e08b1d1e38
[92mINFO [0m:      Sent reply
[92mINFO [0m:      
[92mINFO [0m:      Received: train message 04d30b4d-f568-4a79-b0e8-b9b203782019
[92mINFO [0m:      Sent reply
[92mINFO [0m:      
[92mINFO [0m:      Received: evaluate message 874da33b-e609-4f0a-a389-859893e4997d
[92mINFO [0m:      Sent reply
[92mINFO [0m:      
[92mINFO [0m:      Received: train message 941f9d5c-b625-4f92-9cc3-58663fb45d70
[92mINFO [0m:      Sent reply
[92mINFO [0m:      
[92mINFO [0m:      Received: evaluate message 13d8483d-ba9e-43f3-8528-ab6a5bc4aa86
[92mINFO [0m:      Sent reply
[92mINFO [0m:      
[92mINFO [0m:      Received: train message 2e7a3bb3-4083-4f69-84ec-969b8567c0f5
[92mINFO [0m:      Sent reply
[92mINFO [0m:      
[92mINFO [0m:      Received: evaluate message 5602624d-8ee3-4974-9b83-dcdb9f247442
[92mINFO [0m:      Sent reply
[92mINFO [0m:      
[92mINFO [0m:      Received: train message b9340c1e-0c36-4a45-b682-08abbba0124f
[92mINFO [0m:      Sent reply
[92mINFO [0m:      
[92mINFO [0m:      Received: evaluate message 6ad2c69c-ea94-4ffe-80e7-3e301bee1312
[92mINFO [0m:      Sent reply
[92mINFO [0m:      
[92mINFO [0m:      Received: train message 340824a0-074a-4d39-970e-140827a62a39
[92mINFO [0m:      Sent reply
[92mINFO [0m:      
[92mINFO [0m:      Received: evaluate message bea8e56f-29f3-4848-9434-2490b7ebeb84
[92mINFO [0m:      Sent reply
[92mINFO [0m:      
[92mINFO [0m:      Received: reconnect message bce9d886-4c19-4036-8580-73d6dfddc344
[92mINFO [0m:      Disconnect and shut down
