[93mWARNING [0m:   DEPRECATED FEATURE: flwr.client.start_client() is deprecated.
	Instead, use the `flower-supernode` CLI command to start a SuperNode as shown below:

		$ flower-supernode --insecure --superlink='<IP>:<PORT>'

	To view all available options, run:

		$ flower-supernode --help

	Using `start_client()` is deprecated.

            This is a deprecated feature. It will be removed
            entirely in future versions of Flower.
        
[92mINFO [0m:      
[92mINFO [0m:      Received: train message e088635d-dc1b-46ac-94fe-ca2cc74b1f46
[92mINFO [0m:      Sent reply
[92mINFO [0m:      
[92mINFO [0m:      Received: evaluate message 152ac2da-a492-4b89-9f3c-fe29103e451b
[92mINFO [0m:      Sent reply
[92mINFO [0m:      
[92mINFO [0m:      Received: train message 35982cc7-330b-4161-931c-5abc9b6ee644
[92mINFO [0m:      Sent reply
[92mINFO [0m:      
[92mINFO [0m:      Received: evaluate message 70c99ce4-00c2-47f5-8783-3fc07302d29c
[92mINFO [0m:      Sent reply
[92mINFO [0m:      
[92mINFO [0m:      Received: train message d3ee3a8c-cf0a-43f8-b6cd-dc0b31a3e567
[92mINFO [0m:      Sent reply
[92mINFO [0m:      
[92mINFO [0m:      Received: evaluate message 8a20c655-d93d-4bfd-9ff5-ab0eead3838d
[92mINFO [0m:      Sent reply
[92mINFO [0m:      
[92mINFO [0m:      Received: train message 85c16a45-7ab1-4064-afa6-8459969b3527
[92mINFO [0m:      Sent reply
[92mINFO [0m:      
[92mINFO [0m:      Received: evaluate message b5ea287f-4352-4206-ba02-72b7f9636b51
[92mINFO [0m:      Sent reply
[92mINFO [0m:      
[92mINFO [0m:      Received: train message 872b54f8-5c84-4c16-b9c5-332ed95eb54a
[92mINFO [0m:      Sent reply
[92mINFO [0m:      
[92mINFO [0m:      Received: evaluate message ef959e66-2dcc-4e18-bf3e-46bef6b96fa7
[92mINFO [0m:      Sent reply
[92mINFO [0m:      
[92mINFO [0m:      Received: train message c3c65646-6253-4184-874f-e79a23edff50
[92mINFO [0m:      Sent reply
[92mINFO [0m:      
[92mINFO [0m:      Received: evaluate message 1ceab7f1-e5cb-49b2-ae73-8c344846791a
[92mINFO [0m:      Sent reply
[92mINFO [0m:      
[92mINFO [0m:      Received: train message 12dc835f-ffb7-4607-a80c-0e25a9c22d86
[92mINFO [0m:      Sent reply
[92mINFO [0m:      
[92mINFO [0m:      Received: evaluate message 7b0e9489-5113-439b-a487-0e312abc991b
[92mINFO [0m:      Sent reply
[92mINFO [0m:      
[92mINFO [0m:      Received: train message d89ab8a5-3f70-4bda-bf1f-882aacde52b0
[92mINFO [0m:      Sent reply
[92mINFO [0m:      
[92mINFO [0m:      Received: evaluate message d58e69d0-8a4a-447f-b20e-b75a7e22d866
[92mINFO [0m:      Sent reply
[92mINFO [0m:      
[92mINFO [0m:      Received: train message 26222e4b-0e5e-421e-a2f4-ba0a9646fa36
[92mINFO [0m:      Sent reply
[92mINFO [0m:      
[92mINFO [0m:      Received: evaluate message 6f795464-376c-4b07-99ef-e5c777eeb614
[92mINFO [0m:      Sent reply
[92mINFO [0m:      
[92mINFO [0m:      Received: train message 24c12fb8-11d9-4099-bc30-7c9d7e03e786
[92mINFO [0m:      Sent reply
[92mINFO [0m:      
[92mINFO [0m:      Received: evaluate message aa0f480b-a331-47a1-aa74-9c89eba1dfb4
[92mINFO [0m:      Sent reply
[92mINFO [0m:      
[92mINFO [0m:      Received: train message 1e820cbd-1c5f-46c7-9d45-9e651e440b4f
[92mINFO [0m:      Sent reply
[92mINFO [0m:      
[92mINFO [0m:      Received: evaluate message d0a8bb5d-6828-4030-898a-6d96998be317
[92mINFO [0m:      Sent reply
[92mINFO [0m:      
[92mINFO [0m:      Received: train message 50762d37-fe32-4b9d-8930-14a9032f68df
[92mINFO [0m:      Sent reply
[92mINFO [0m:      
[92mINFO [0m:      Received: evaluate message 99fdbaf6-5425-4dbe-b995-932bd8d8ef1f
[92mINFO [0m:      Sent reply
[92mINFO [0m:      
[92mINFO [0m:      Received: train message 1dd6fddb-2ba8-41d2-b15b-20d64befab6f
[92mINFO [0m:      Sent reply
[92mINFO [0m:      
[92mINFO [0m:      Received: evaluate message 2e841289-ddc3-4a23-8e53-d37ce383fbd5
[92mINFO [0m:      Sent reply
[92mINFO [0m:      
[92mINFO [0m:      Received: train message 3b4a5ebb-6aae-4243-ad2f-f6cceb4d6962
[92mINFO [0m:      Sent reply
[92mINFO [0m:      
[92mINFO [0m:      Received: evaluate message 7b268d4b-158a-4478-93fa-dc3d23c15b53
[92mINFO [0m:      Sent reply
[92mINFO [0m:      
[92mINFO [0m:      Received: train message e9e6be57-a374-4904-8b3e-f462bd6b766b
[92mINFO [0m:      Sent reply
[92mINFO [0m:      
[92mINFO [0m:      Received: evaluate message 36811438-0078-487c-a840-f8d4cac3658e
[92mINFO [0m:      Sent reply
[92mINFO [0m:      
[92mINFO [0m:      Received: train message 395d7db7-c9ec-43b9-b2dd-ab2a4ef28e84
[92mINFO [0m:      Sent reply
[92mINFO [0m:      
[92mINFO [0m:      Received: evaluate message f4c6086e-5cc6-49d1-815c-c26fed5720c7
[92mINFO [0m:      Sent reply
[92mINFO [0m:      
[92mINFO [0m:      Received: train message 0e1b550f-6e2d-4077-be98-87707accf788
[92mINFO [0m:      Sent reply
[92mINFO [0m:      
[92mINFO [0m:      Received: evaluate message 93fd0057-188d-42aa-91a0-d9cacb8c9256
[92mINFO [0m:      Sent reply
[92mINFO [0m:      
[92mINFO [0m:      Received: train message 83fa9f68-119c-4f1a-9648-9d95d9d15dcb
[92mINFO [0m:      Sent reply
[92mINFO [0m:      
[92mINFO [0m:      Received: evaluate message 16f79d82-a8b0-4787-90ec-bf7f363b092b
[92mINFO [0m:      Sent reply
[92mINFO [0m:      
[92mINFO [0m:      Received: train message 3f651d19-b343-4537-b1da-61b3be01fe80
[92mINFO [0m:      Sent reply
[92mINFO [0m:      
[92mINFO [0m:      Received: evaluate message becce019-2946-4304-adcd-497daba5fcd5
[92mINFO [0m:      Sent reply
[92mINFO [0m:      
[92mINFO [0m:      Received: train message 8c157c4e-d8c3-46bf-9587-f7b1e873aff7
[92mINFO [0m:      Sent reply
[92mINFO [0m:      
[92mINFO [0m:      Received: evaluate message 5ccad334-7670-43fb-81ee-b48d9cfd0e81
[92mINFO [0m:      Sent reply
[92mINFO [0m:      
[92mINFO [0m:      Received: train message 0dd84de7-8b09-4a81-a3f6-dd402c8f473c
[92mINFO [0m:      Sent reply
[92mINFO [0m:      
[92mINFO [0m:      Received: evaluate message 2c957550-11ac-4208-a8dc-82d799f63b25
[92mINFO [0m:      Sent reply
[92mINFO [0m:      
[92mINFO [0m:      Received: train message 5dbcb46a-5e3b-420d-ae4f-08c5ecdf0a71
[92mINFO [0m:      Sent reply
[92mINFO [0m:      
[92mINFO [0m:      Received: evaluate message 1b80b67e-290d-4347-b182-edc1fd5e411a
[92mINFO [0m:      Sent reply
[92mINFO [0m:      
[92mINFO [0m:      Received: train message cea40968-a93c-4465-a4ef-d09e0df2f2ed
[92mINFO [0m:      Sent reply
[92mINFO [0m:      
[92mINFO [0m:      Received: evaluate message b739a064-1366-4cb7-bd61-aa55190a1bf2
[92mINFO [0m:      Sent reply
[92mINFO [0m:      
[92mINFO [0m:      Received: train message 6b2b449c-666a-4eea-b564-70a98b6c7e8d
[92mINFO [0m:      Sent reply
[92mINFO [0m:      
[92mINFO [0m:      Received: evaluate message 9ccfc895-3868-4e49-8576-8c3cd1e0530e
[92mINFO [0m:      Sent reply
[92mINFO [0m:      
[92mINFO [0m:      Received: train message b8bc0315-a1ed-475d-a8ca-bcec4709aa3a
[92mINFO [0m:      Sent reply
[92mINFO [0m:      
[92mINFO [0m:      Received: evaluate message 132aa888-b7d8-42f0-bf54-c629650bd034
[92mINFO [0m:      Sent reply
[92mINFO [0m:      
[92mINFO [0m:      Received: train message 9ca34daa-4d54-475b-86a3-f20123e20d00
[92mINFO [0m:      Sent reply
[92mINFO [0m:      
[92mINFO [0m:      Received: evaluate message 3c2ecc1d-dfa9-4089-93e1-eca4adc140ba
[92mINFO [0m:      Sent reply
[92mINFO [0m:      
[92mINFO [0m:      Received: train message 09bb8deb-5582-40c1-97a1-553e5fb320ef
[92mINFO [0m:      Sent reply
[92mINFO [0m:      
[92mINFO [0m:      Received: evaluate message 4d473dbe-c96c-4023-b070-a48c900a5c5e
[92mINFO [0m:      Sent reply
[92mINFO [0m:      
[92mINFO [0m:      Received: train message fa03c781-64a2-46eb-82bb-0357055dc0f5
[92mINFO [0m:      Sent reply
[92mINFO [0m:      
[92mINFO [0m:      Received: evaluate message 3dca829d-b062-483a-ba78-2c41cd1e2676
[92mINFO [0m:      Sent reply
[92mINFO [0m:      
[92mINFO [0m:      Received: train message 9ccca890-e54d-4f4a-85e6-b903cbafde79
[92mINFO [0m:      Sent reply
[92mINFO [0m:      
[92mINFO [0m:      Received: evaluate message 2b40ee33-80a3-44f6-b6fd-178be0b94414
[92mINFO [0m:      Sent reply
[92mINFO [0m:      
[92mINFO [0m:      Received: train message 838cf207-5a2f-4498-abdf-1e566a1e4f37
[92mINFO [0m:      Sent reply
[92mINFO [0m:      
[92mINFO [0m:      Received: evaluate message 3f4f55f2-6a07-4fc4-af63-2cf708abf437
[92mINFO [0m:      Sent reply
[92mINFO [0m:      
[92mINFO [0m:      Received: train message e6b75696-d51f-4bc1-9b7d-ee35d38d6d64
[92mINFO [0m:      Sent reply
[92mINFO [0m:      
[92mINFO [0m:      Received: evaluate message ba60ed20-ea61-4b09-9532-6d39c8f35a3b
[92mINFO [0m:      Sent reply
[92mINFO [0m:      
[92mINFO [0m:      Received: train message b456b436-324a-44d0-a408-c7c20d2c37f1
[92mINFO [0m:      Sent reply
[92mINFO [0m:      
[92mINFO [0m:      Received: evaluate message 4ab6f3ae-11af-4b3b-a61e-89ea446d9d65
[92mINFO [0m:      Sent reply
[92mINFO [0m:      
[92mINFO [0m:      Received: train message 86a08919-e080-4274-b946-a9425e8cb784
[92mINFO [0m:      Sent reply
[92mINFO [0m:      
[92mINFO [0m:      Received: evaluate message 42a04a15-9272-4d17-8c4a-4e3ba7bd1df9
[92mINFO [0m:      Sent reply
[92mINFO [0m:      
[92mINFO [0m:      Received: train message 0ea61671-f852-4614-9023-c481cf9450e5
[92mINFO [0m:      Sent reply
[92mINFO [0m:      
[92mINFO [0m:      Received: evaluate message 54d98941-f157-451b-aa94-ba6a82e762d7
[92mINFO [0m:      Sent reply
[92mINFO [0m:      
[92mINFO [0m:      Received: train message 8a27c5b5-6039-4821-aa73-b195862541e0
[92mINFO [0m:      Sent reply
[92mINFO [0m:      
[92mINFO [0m:      Received: evaluate message 8822b88f-26d4-4239-ae10-f4879d7bc334
[92mINFO [0m:      Sent reply
[92mINFO [0m:      
[92mINFO [0m:      Received: train message cf8ddda7-ca3a-4ec1-bdf0-9c91412c37dd
[92mINFO [0m:      Sent reply
[92mINFO [0m:      
[92mINFO [0m:      Received: evaluate message 3c9279ff-36c0-4b87-a92b-4cd8ae74cd37
[92mINFO [0m:      Sent reply
[92mINFO [0m:      
[92mINFO [0m:      Received: train message b39d468c-fbd8-432b-bcdf-bc93a86f9f4d
[92mINFO [0m:      Sent reply
[92mINFO [0m:      
[92mINFO [0m:      Received: evaluate message 5adb9f1e-84bd-4f98-811d-930f0a8a431e
[92mINFO [0m:      Sent reply
[92mINFO [0m:      
[92mINFO [0m:      Received: train message 4ea14e4f-f4de-403f-aa75-db02739cc5a2
[92mINFO [0m:      Sent reply
[92mINFO [0m:      
[92mINFO [0m:      Received: evaluate message 91a3c1d4-3750-46d5-9856-548b8008e119
[92mINFO [0m:      Sent reply
[92mINFO [0m:      
[92mINFO [0m:      Received: train message 6f629982-e4d9-424c-8f80-80e68d4e450c
[92mINFO [0m:      Sent reply
[92mINFO [0m:      
[92mINFO [0m:      Received: evaluate message db82dd78-0fed-49b9-83ce-e5314398965a
[92mINFO [0m:      Sent reply
[92mINFO [0m:      
[92mINFO [0m:      Received: train message 7578c336-1d92-4273-94ee-de2146df48a7
[92mINFO [0m:      Sent reply
[92mINFO [0m:      
[92mINFO [0m:      Received: evaluate message 843f2c99-7487-41f1-8b4e-4e1b79d28f0d
[92mINFO [0m:      Sent reply
[92mINFO [0m:      
[92mINFO [0m:      Received: train message c4d334dc-4f0e-48f8-a461-00b101f41b97
[92mINFO [0m:      Sent reply
[92mINFO [0m:      
[92mINFO [0m:      Received: evaluate message 07807ad6-9f74-434c-a7d9-fef3ae33c37b
[92mINFO [0m:      Sent reply
[92mINFO [0m:      
[92mINFO [0m:      Received: train message 501acf66-68f9-49b3-b6fc-f44ad841c6e1
[92mINFO [0m:      Sent reply
[92mINFO [0m:      
[92mINFO [0m:      Received: evaluate message 60d62233-ede6-4a5d-90de-1d9ad4ec74a2
[92mINFO [0m:      Sent reply
[92mINFO [0m:      
[92mINFO [0m:      Received: train message 6bdb354e-a3d2-47e6-ad97-4e38c39694d4
[92mINFO [0m:      Sent reply
[92mINFO [0m:      
[92mINFO [0m:      Received: evaluate message ccbc284a-341f-4510-8dcd-82bb1facd935
[92mINFO [0m:      Sent reply
[92mINFO [0m:      
[92mINFO [0m:      Received: train message 074c45c7-c553-4c42-8a13-0d645d4d88d6
[92mINFO [0m:      Sent reply
[92mINFO [0m:      
[92mINFO [0m:      Received: evaluate message f2d9f12f-d365-4b7a-9be2-b02500491e5f
[92mINFO [0m:      Sent reply
[92mINFO [0m:      
[92mINFO [0m:      Received: train message 559b52c6-6041-4dbf-8add-4e91b1677e3d
[92mINFO [0m:      Sent reply
[92mINFO [0m:      
[92mINFO [0m:      Received: evaluate message 2d5e9217-f83a-4ce2-a228-2893c73ada76
[92mINFO [0m:      Sent reply
[92mINFO [0m:      
[92mINFO [0m:      Received: train message c8bf8a85-9480-4adc-b77a-a1226d42d131
[92mINFO [0m:      Sent reply
[92mINFO [0m:      
[92mINFO [0m:      Received: evaluate message 69acf66e-5453-42a6-aad0-c2aa90cb9820
[92mINFO [0m:      Sent reply
[92mINFO [0m:      
[92mINFO [0m:      Received: train message 0db1e85f-cc1a-48f9-b841-70af99d519aa
[92mINFO [0m:      Sent reply
[92mINFO [0m:      
[92mINFO [0m:      Received: evaluate message 6cf6ff23-01bf-4f14-8805-6467e7997113
[92mINFO [0m:      Sent reply
[92mINFO [0m:      
[92mINFO [0m:      Received: train message 1181e780-7657-4623-99ab-9bb512547720
[92mINFO [0m:      Sent reply
[92mINFO [0m:      
[92mINFO [0m:      Received: evaluate message b7923ca0-67fc-424b-8256-a8e8dce70c3e
[92mINFO [0m:      Sent reply
[92mINFO [0m:      
[92mINFO [0m:      Received: train message 5f06e849-b1d5-40b0-a6cc-d7e397cc6edd
[92mINFO [0m:      Sent reply
[92mINFO [0m:      
[92mINFO [0m:      Received: evaluate message 7c16aadc-3665-4315-9550-351e5c697e58
[92mINFO [0m:      Sent reply
[92mINFO [0m:      
[92mINFO [0m:      Received: train message 2949eb95-1515-4d5b-8d3b-fd70ca93348a
[92mINFO [0m:      Sent reply
[92mINFO [0m:      
[92mINFO [0m:      Received: evaluate message 0ad63f81-31fe-46c9-8587-58f9fc2ff744
[92mINFO [0m:      Sent reply
[92mINFO [0m:      
[92mINFO [0m:      Received: reconnect message 254b8540-3a7c-4c93-9f10-93fb7caa9382
[92mINFO [0m:      Disconnect and shut down
