[93mWARNING [0m:   DEPRECATED FEATURE: flwr.client.start_client() is deprecated.
	Instead, use the `flower-supernode` CLI command to start a SuperNode as shown below:

		$ flower-supernode --insecure --superlink='<IP>:<PORT>'

	To view all available options, run:

		$ flower-supernode --help

	Using `start_client()` is deprecated.

            This is a deprecated feature. It will be removed
            entirely in future versions of Flower.
        
[92mINFO [0m:      
[92mINFO [0m:      Received: train message 62b190ad-2ae7-40a4-9a65-d978507acd0e
[92mINFO [0m:      Sent reply
[92mINFO [0m:      
[92mINFO [0m:      Received: evaluate message cc8fca30-d337-48ae-a823-d9f7485893f6
[92mINFO [0m:      Sent reply
[92mINFO [0m:      
[92mINFO [0m:      Received: train message e1ed4cae-09d4-48db-8dca-05ad9dd7d420
[92mINFO [0m:      Sent reply
[92mINFO [0m:      
[92mINFO [0m:      Received: evaluate message b101c2f2-697e-4cd4-a95a-2f223a1bd416
[92mINFO [0m:      Sent reply
[92mINFO [0m:      
[92mINFO [0m:      Received: train message 5388e6a5-128a-4334-ab62-b0215da98735
[92mINFO [0m:      Sent reply
[92mINFO [0m:      
[92mINFO [0m:      Received: evaluate message 721a69e8-de4d-4097-b457-03218c904492
[92mINFO [0m:      Sent reply
[92mINFO [0m:      
[92mINFO [0m:      Received: train message 40aa38e3-90ba-40a8-b20e-297cc174da91
[92mINFO [0m:      Sent reply
[92mINFO [0m:      
[92mINFO [0m:      Received: evaluate message 98d68440-d4a4-4f57-8411-5f16b564a30c
[92mINFO [0m:      Sent reply
[92mINFO [0m:      
[92mINFO [0m:      Received: train message 56c1e3d8-9ce1-454d-8784-06d28684b06f
[92mINFO [0m:      Sent reply
[92mINFO [0m:      
[92mINFO [0m:      Received: evaluate message b4194366-35dd-41d1-adde-38fc4ef1dec9
[92mINFO [0m:      Sent reply
[92mINFO [0m:      
[92mINFO [0m:      Received: train message f5128350-be5c-445d-8c61-34705c0803be
[92mINFO [0m:      Sent reply
[92mINFO [0m:      
[92mINFO [0m:      Received: evaluate message 697a191b-e9db-476e-b077-dfcb5aa8a237
[92mINFO [0m:      Sent reply
[92mINFO [0m:      
[92mINFO [0m:      Received: train message 4f287c01-6ce2-4c60-9c86-fb1648ceb5f1
[92mINFO [0m:      Sent reply
[92mINFO [0m:      
[92mINFO [0m:      Received: evaluate message 65190809-e66f-4bb4-8b44-1c4c40b9bf7e
[92mINFO [0m:      Sent reply
[92mINFO [0m:      
[92mINFO [0m:      Received: train message e4499a29-4235-4d60-95e8-efe5af291d15
[92mINFO [0m:      Sent reply
[92mINFO [0m:      
[92mINFO [0m:      Received: evaluate message 9277e661-d558-4a92-9e12-5d27c1915236
[92mINFO [0m:      Sent reply
[92mINFO [0m:      
[92mINFO [0m:      Received: train message 9d9507d5-3b9a-4979-8872-4a933281e0dd
[92mINFO [0m:      Sent reply
[92mINFO [0m:      
[92mINFO [0m:      Received: evaluate message f2670ace-5432-42cb-a7a5-46db09b64243
[92mINFO [0m:      Sent reply
[92mINFO [0m:      
[92mINFO [0m:      Received: train message 8b1ad75f-e354-41da-8ddb-b2e52c2dcc05
[92mINFO [0m:      Sent reply
[92mINFO [0m:      
[92mINFO [0m:      Received: evaluate message 4146082b-d064-4264-b8c0-20428c24f9e2
[92mINFO [0m:      Sent reply
[92mINFO [0m:      
[92mINFO [0m:      Received: train message 950ab730-a1fd-476b-8286-d7de8fdf0857
[92mINFO [0m:      Sent reply
[92mINFO [0m:      
[92mINFO [0m:      Received: evaluate message e6a0b741-c001-496f-98fe-e22e8f2439ef
[92mINFO [0m:      Sent reply
[92mINFO [0m:      
[92mINFO [0m:      Received: train message 52fad68e-52c6-48b6-b7b6-e92fa527d69c
[92mINFO [0m:      Sent reply
[92mINFO [0m:      
[92mINFO [0m:      Received: evaluate message a8eea808-0033-4477-9879-c1817f3d67c7
[92mINFO [0m:      Sent reply
[92mINFO [0m:      
[92mINFO [0m:      Received: train message b2760a55-a023-4a16-a719-ad0e8a3b03f9
[92mINFO [0m:      Sent reply
[92mINFO [0m:      
[92mINFO [0m:      Received: evaluate message c932e7c3-1962-4928-ab82-8d5dd2d75dc6
[92mINFO [0m:      Sent reply
[92mINFO [0m:      
[92mINFO [0m:      Received: train message 6b6bbac4-b6bc-4a4b-9972-7cef88f220d5
[92mINFO [0m:      Sent reply
[92mINFO [0m:      
[92mINFO [0m:      Received: evaluate message 30a2e023-7fca-4aab-8170-c4f0bc82c407
[92mINFO [0m:      Sent reply
[92mINFO [0m:      
[92mINFO [0m:      Received: train message c3d2d6a1-cd70-461a-a4ee-a52cd1258349
[92mINFO [0m:      Sent reply
[92mINFO [0m:      
[92mINFO [0m:      Received: evaluate message 7a94f244-0026-4de9-9a56-eced20f94a89
[92mINFO [0m:      Sent reply
[92mINFO [0m:      
[92mINFO [0m:      Received: train message 7a06c098-5e93-4d0e-a472-767e93ba0de6
[92mINFO [0m:      Sent reply
[92mINFO [0m:      
[92mINFO [0m:      Received: evaluate message 17e76ef8-5be9-444b-88c2-bf84ea1c5e5e
[92mINFO [0m:      Sent reply
[92mINFO [0m:      
[92mINFO [0m:      Received: train message 4064b6de-d163-4982-970e-1df387d1b2f1
[92mINFO [0m:      Sent reply
[92mINFO [0m:      
[92mINFO [0m:      Received: evaluate message 257335d5-6a00-471a-af17-a358a05587ed
[92mINFO [0m:      Sent reply
[92mINFO [0m:      
[92mINFO [0m:      Received: train message b52dda8e-8f01-4a4f-ba81-64b4a3ab06de
[92mINFO [0m:      Sent reply
[92mINFO [0m:      
[92mINFO [0m:      Received: evaluate message fb40458f-3be5-4ad7-bca7-09cc323a9a62
[92mINFO [0m:      Sent reply
[92mINFO [0m:      
[92mINFO [0m:      Received: train message 2a8a0747-c20d-4bef-905a-339f7ed6c5fd
[92mINFO [0m:      Sent reply
[92mINFO [0m:      
[92mINFO [0m:      Received: evaluate message d4690d50-4d5d-4661-980c-7af833470ec3
[92mINFO [0m:      Sent reply
[92mINFO [0m:      
[92mINFO [0m:      Received: train message fa18f8cd-6a32-4a6f-876e-8ac563f36b10
[92mINFO [0m:      Sent reply
[92mINFO [0m:      
[92mINFO [0m:      Received: evaluate message 4a649bf3-7066-4973-8c86-14d155b416eb
[92mINFO [0m:      Sent reply
[92mINFO [0m:      
[92mINFO [0m:      Received: train message b45cfa28-b4da-4e22-9071-49490021a782
[92mINFO [0m:      Sent reply
[92mINFO [0m:      
[92mINFO [0m:      Received: evaluate message 7fb1c17d-e697-4465-9785-60e590c0d2fb
[92mINFO [0m:      Sent reply
[92mINFO [0m:      
[92mINFO [0m:      Received: train message 1c3459c8-4a7a-4127-ade3-92c94eb5586d
[92mINFO [0m:      Sent reply
[92mINFO [0m:      
[92mINFO [0m:      Received: evaluate message 7f836827-b350-4818-8776-158e6e27dc89
[92mINFO [0m:      Sent reply
[92mINFO [0m:      
[92mINFO [0m:      Received: train message e7016ddd-1f96-4e3b-bf85-3cf6550886a7
[92mINFO [0m:      Sent reply
[92mINFO [0m:      
[92mINFO [0m:      Received: evaluate message a3eaf6bc-7fc2-4a4a-a3e2-a39dbaefa62c
[92mINFO [0m:      Sent reply
[92mINFO [0m:      
[92mINFO [0m:      Received: train message 93759a61-2814-4dfd-a5af-bcfb046dbfe6
[92mINFO [0m:      Sent reply
[92mINFO [0m:      
[92mINFO [0m:      Received: evaluate message 62d61c2f-e52f-4764-b27b-02ba6b3c0b1c
[92mINFO [0m:      Sent reply
[92mINFO [0m:      
[92mINFO [0m:      Received: train message a03fa3d3-ccc9-4fdd-a9d0-f68664f8d8dc
[92mINFO [0m:      Sent reply
[92mINFO [0m:      
[92mINFO [0m:      Received: evaluate message a0d57d3e-5ecd-4f7e-8dc5-8f1ae63e70f8
[92mINFO [0m:      Sent reply
[92mINFO [0m:      
[92mINFO [0m:      Received: train message 98c41e49-29e5-461f-b877-c5af2e2c1654
[92mINFO [0m:      Sent reply
[92mINFO [0m:      
[92mINFO [0m:      Received: evaluate message 80a9ea20-2bac-4651-90e4-b3f56c560795
[92mINFO [0m:      Sent reply
[92mINFO [0m:      
[92mINFO [0m:      Received: train message 3a4cef32-c89b-4326-b7b8-cc23b51fccc6
[92mINFO [0m:      Sent reply
[92mINFO [0m:      
[92mINFO [0m:      Received: evaluate message 82fec793-9e26-4d5b-b439-9dab17a3db64
[92mINFO [0m:      Sent reply
[92mINFO [0m:      
[92mINFO [0m:      Received: train message a1593128-f70f-4372-9ab2-5b116071698a
[92mINFO [0m:      Sent reply
[92mINFO [0m:      
[92mINFO [0m:      Received: evaluate message fb57845d-b7a9-431e-9eae-9676d7876094
[92mINFO [0m:      Sent reply
[92mINFO [0m:      
[92mINFO [0m:      Received: train message a7c9601b-dd9b-4411-97fc-96d8e04a4e0c
[92mINFO [0m:      Sent reply
[92mINFO [0m:      
[92mINFO [0m:      Received: evaluate message 8f41625a-faf2-4456-a9d6-c1eb625131db
[92mINFO [0m:      Sent reply
[92mINFO [0m:      
[92mINFO [0m:      Received: train message 5b8ee1c9-21eb-4750-b3c6-7d82d08ec052
[92mINFO [0m:      Sent reply
[92mINFO [0m:      
[92mINFO [0m:      Received: evaluate message 0cec69b0-c259-46e0-ac0d-30072ea586fe
[92mINFO [0m:      Sent reply
[92mINFO [0m:      
[92mINFO [0m:      Received: train message b7f2258f-6de2-4d64-bcb9-23893e5bf25e
[92mINFO [0m:      Sent reply
[92mINFO [0m:      
[92mINFO [0m:      Received: evaluate message 8dcd98bd-831e-4da9-b76f-47e48684a9be
[92mINFO [0m:      Sent reply
[92mINFO [0m:      
[92mINFO [0m:      Received: train message 25c03546-bc8f-4481-8ec4-7063184cbf3f
[92mINFO [0m:      Sent reply
[92mINFO [0m:      
[92mINFO [0m:      Received: evaluate message 8b5d44ae-40c7-4646-a6e9-17c650ffbc76
[92mINFO [0m:      Sent reply
[92mINFO [0m:      
[92mINFO [0m:      Received: train message 61f9ac44-00c6-4776-ba28-b085adb8cdf0
[92mINFO [0m:      Sent reply
[92mINFO [0m:      
[92mINFO [0m:      Received: evaluate message 82412ff1-cb4b-4e73-903e-e7ba3f09ed22
[92mINFO [0m:      Sent reply
[92mINFO [0m:      
[92mINFO [0m:      Received: train message b65071fa-4fda-4a2d-b1e7-baf74d72d149
[92mINFO [0m:      Sent reply
[92mINFO [0m:      
[92mINFO [0m:      Received: evaluate message c1587ab8-8115-4760-a4c8-0d7ce39e2989
[92mINFO [0m:      Sent reply
[92mINFO [0m:      
[92mINFO [0m:      Received: train message 2eb3be46-b79f-43ea-a1e4-ce1d190df19c
[92mINFO [0m:      Sent reply
[92mINFO [0m:      
[92mINFO [0m:      Received: evaluate message 1516ebc3-3101-4bbf-978c-5e93469903eb
[92mINFO [0m:      Sent reply
[92mINFO [0m:      
[92mINFO [0m:      Received: train message 5091554f-4a45-4ed5-a482-f0f3349b638f
[92mINFO [0m:      Sent reply
[92mINFO [0m:      
[92mINFO [0m:      Received: evaluate message 23bdb1d1-9e8d-4461-a645-06e658c68f64
[92mINFO [0m:      Sent reply
[92mINFO [0m:      
[92mINFO [0m:      Received: train message b64c95ee-0eb3-453d-b258-4c5540b99f20
[92mINFO [0m:      Sent reply
[92mINFO [0m:      
[92mINFO [0m:      Received: evaluate message 41547f20-3b7d-4997-b318-77374daeafda
[92mINFO [0m:      Sent reply
[92mINFO [0m:      
[92mINFO [0m:      Received: train message 195b205b-9e7a-4f45-944e-ef2fbd86d183
[92mINFO [0m:      Sent reply
[92mINFO [0m:      
[92mINFO [0m:      Received: evaluate message 2ad91aa4-2b2e-4ab8-bf4b-cb4d6b712ced
[92mINFO [0m:      Sent reply
[92mINFO [0m:      
[92mINFO [0m:      Received: train message 0abf3048-e39d-41d3-a73f-95a8f6a071ac
[92mINFO [0m:      Sent reply
[92mINFO [0m:      
[92mINFO [0m:      Received: evaluate message 2970fd20-7677-4922-a911-158b06391d8d
[92mINFO [0m:      Sent reply
[92mINFO [0m:      
[92mINFO [0m:      Received: train message eddf89c0-16da-4303-85ae-263362c62bca
[92mINFO [0m:      Sent reply
[92mINFO [0m:      
[92mINFO [0m:      Received: evaluate message ec377dc5-ed8b-4d1c-b537-8fea5f10fbb3
[92mINFO [0m:      Sent reply
[92mINFO [0m:      
[92mINFO [0m:      Received: train message 91a06c0e-b9aa-4b45-b7e1-2e6daa8aab3f
[92mINFO [0m:      Sent reply
[92mINFO [0m:      
[92mINFO [0m:      Received: evaluate message 0c55b181-7cb9-4054-aeb0-36f5e089eadd
[92mINFO [0m:      Sent reply
[92mINFO [0m:      
[92mINFO [0m:      Received: train message 79c4a517-09e6-49f9-87b9-e7aab9726cc6
[92mINFO [0m:      Sent reply
[92mINFO [0m:      
[92mINFO [0m:      Received: evaluate message 8fba1453-54ab-4167-8174-9bb215aafaae
[92mINFO [0m:      Sent reply
[92mINFO [0m:      
[92mINFO [0m:      Received: train message 15e111ac-639e-4cd9-bddb-06424f1ff950
[92mINFO [0m:      Sent reply
[92mINFO [0m:      
[92mINFO [0m:      Received: evaluate message c39a319b-fb90-47dd-b4fe-b5765c4b4579
[92mINFO [0m:      Sent reply
[92mINFO [0m:      
[92mINFO [0m:      Received: train message 6ec2436a-71fd-4df5-ab99-8cf1651d84c8
[92mINFO [0m:      Sent reply
[92mINFO [0m:      
[92mINFO [0m:      Received: evaluate message afa1243b-4b55-4005-aa26-14eee795379f
[92mINFO [0m:      Sent reply
[92mINFO [0m:      
[92mINFO [0m:      Received: train message e03d33c3-801b-4960-bb97-3b652b446886
[92mINFO [0m:      Sent reply
[92mINFO [0m:      
[92mINFO [0m:      Received: evaluate message e9ab1ac1-6406-4dad-aefd-0c814f130101
[92mINFO [0m:      Sent reply
[92mINFO [0m:      
[92mINFO [0m:      Received: train message 2bc6ecd3-55ae-43ee-aaff-9f1b9f6cf3c0
[92mINFO [0m:      Sent reply
[92mINFO [0m:      
[92mINFO [0m:      Received: evaluate message f1de178f-a97b-4bbe-9571-4b34c5074e21
[92mINFO [0m:      Sent reply
[92mINFO [0m:      
[92mINFO [0m:      Received: train message 329f6372-1b7c-4b09-a808-6530b51f44af
[92mINFO [0m:      Sent reply
[92mINFO [0m:      
[92mINFO [0m:      Received: evaluate message c8a7f593-39f7-4a99-b2ad-89874d5b783e
[92mINFO [0m:      Sent reply
[92mINFO [0m:      
[92mINFO [0m:      Received: train message 3c440e3e-cc14-4ca2-82b5-ddc8381e9bfd
[92mINFO [0m:      Sent reply
[92mINFO [0m:      
[92mINFO [0m:      Received: evaluate message 44be4b07-0824-4c04-a8ca-9753bb584200
[92mINFO [0m:      Sent reply
[92mINFO [0m:      
[92mINFO [0m:      Received: train message 7ad6e570-98a2-40d0-9a1e-e7fda723b96c
[92mINFO [0m:      Sent reply
[92mINFO [0m:      
[92mINFO [0m:      Received: evaluate message aacc7414-2114-463e-839f-25d5e0b6fc94
[92mINFO [0m:      Sent reply
[92mINFO [0m:      
[92mINFO [0m:      Received: train message fe70f2d2-585b-42a8-9d49-9c655226eb90
[92mINFO [0m:      Sent reply
[92mINFO [0m:      
[92mINFO [0m:      Received: evaluate message 79f40dc7-4afb-4d2b-989f-536a7940a959
[92mINFO [0m:      Sent reply
[92mINFO [0m:      
[92mINFO [0m:      Received: reconnect message 648c945f-585f-42ea-a245-f8c518a5ba3e
[92mINFO [0m:      Disconnect and shut down
