[93mWARNING [0m:   DEPRECATED FEATURE: flwr.client.start_client() is deprecated.
	Instead, use the `flower-supernode` CLI command to start a SuperNode as shown below:

		$ flower-supernode --insecure --superlink='<IP>:<PORT>'

	To view all available options, run:

		$ flower-supernode --help

	Using `start_client()` is deprecated.

            This is a deprecated feature. It will be removed
            entirely in future versions of Flower.
        
[92mINFO [0m:      
[92mINFO [0m:      Received: train message e6015899-3bd1-49fc-95e1-cce5141bb7c1
[92mINFO [0m:      Sent reply
[92mINFO [0m:      
[92mINFO [0m:      Received: evaluate message ea78e17f-448f-407b-af79-1f2babe1b3f6
[92mINFO [0m:      Sent reply
[92mINFO [0m:      
[92mINFO [0m:      Received: train message 088b8863-f930-499a-9e9d-0bda718d11d7
[92mINFO [0m:      Sent reply
[92mINFO [0m:      
[92mINFO [0m:      Received: evaluate message d921a189-506a-4a30-a0ca-056519de9c23
[92mINFO [0m:      Sent reply
[92mINFO [0m:      
[92mINFO [0m:      Received: train message 524911aa-9bef-44eb-8a0a-2ea84241def2
[92mINFO [0m:      Sent reply
[92mINFO [0m:      
[92mINFO [0m:      Received: evaluate message d0a4c545-b935-42cf-b9d4-68d7f66fbeff
[92mINFO [0m:      Sent reply
[92mINFO [0m:      
[92mINFO [0m:      Received: train message e5e5d8ab-afc6-4dcf-a969-e8602b26bd77
[92mINFO [0m:      Sent reply
[92mINFO [0m:      
[92mINFO [0m:      Received: evaluate message c8fcf76a-521d-49b6-9cea-2d3b9930178c
[92mINFO [0m:      Sent reply
[92mINFO [0m:      
[92mINFO [0m:      Received: train message 60a34e01-de25-4bce-bb94-6b0b3846ccbc
[92mINFO [0m:      Sent reply
[92mINFO [0m:      
[92mINFO [0m:      Received: evaluate message b29fb8c7-867d-4b67-a77e-b027bc327b20
[92mINFO [0m:      Sent reply
[92mINFO [0m:      
[92mINFO [0m:      Received: train message 90700d8a-8837-4e72-a84c-26feb5dfe8c4
[92mINFO [0m:      Sent reply
[92mINFO [0m:      
[92mINFO [0m:      Received: evaluate message 77c0762c-5a15-41b4-b397-0b3ee5fcddae
[92mINFO [0m:      Sent reply
[92mINFO [0m:      
[92mINFO [0m:      Received: train message dc949245-1b10-4ef8-944d-8f4c3e08294e
[92mINFO [0m:      Sent reply
[92mINFO [0m:      
[92mINFO [0m:      Received: evaluate message 3d601c9e-fe8f-4b9e-a550-c2053dc82106
[92mINFO [0m:      Sent reply
[92mINFO [0m:      
[92mINFO [0m:      Received: train message 94bbc8e9-a48e-4886-8319-58c8ae43a504
[92mINFO [0m:      Sent reply
[92mINFO [0m:      
[92mINFO [0m:      Received: evaluate message dd52bd28-2b01-4cae-b116-cae9f0ccd3cd
[92mINFO [0m:      Sent reply
[92mINFO [0m:      
[92mINFO [0m:      Received: train message 9320c37f-88a8-41af-ab6c-334a6f1d5ef7
[92mINFO [0m:      Sent reply
[92mINFO [0m:      
[92mINFO [0m:      Received: evaluate message 48f8fd27-dd5f-4ff9-a6ee-53948f3ae92d
[92mINFO [0m:      Sent reply
[92mINFO [0m:      
[92mINFO [0m:      Received: train message 45fad5b8-3025-4fc5-884b-35296ad26fd9
[92mINFO [0m:      Sent reply
[92mINFO [0m:      
[92mINFO [0m:      Received: evaluate message bd08c52f-e537-475b-85a3-ed8a5e3ebb65
[92mINFO [0m:      Sent reply
[92mINFO [0m:      
[92mINFO [0m:      Received: train message b918e950-fdea-4645-acb5-a2ec60662cc4
[92mINFO [0m:      Sent reply
[92mINFO [0m:      
[92mINFO [0m:      Received: evaluate message fc91022e-a254-49f3-91ac-54728f681e20
[92mINFO [0m:      Sent reply
[92mINFO [0m:      
[92mINFO [0m:      Received: train message 6d0d9ba6-2fe9-4216-a9b8-0060dd973ab6
[92mINFO [0m:      Sent reply
[92mINFO [0m:      
[92mINFO [0m:      Received: evaluate message 9cfef5c9-fb5f-454b-8e64-cfdc9113ac89
[92mINFO [0m:      Sent reply
[92mINFO [0m:      
[92mINFO [0m:      Received: train message 8e74da32-12b2-4846-ba4f-c0ad31cd9fd7
[92mINFO [0m:      Sent reply
[92mINFO [0m:      
[92mINFO [0m:      Received: evaluate message 9c20a056-5ce0-4be4-aad2-157546c4d54a
[92mINFO [0m:      Sent reply
[92mINFO [0m:      
[92mINFO [0m:      Received: train message 7ee8faf3-b37e-49a7-9cfe-09dfbef0bfd7
[92mINFO [0m:      Sent reply
[92mINFO [0m:      
[92mINFO [0m:      Received: evaluate message 987fb653-1e4e-4ab7-93f5-5034051fd669
[92mINFO [0m:      Sent reply
[92mINFO [0m:      
[92mINFO [0m:      Received: train message f67c3ca2-649a-48d6-8b05-f8de36d908c3
[92mINFO [0m:      Sent reply
[92mINFO [0m:      
[92mINFO [0m:      Received: evaluate message 1fecaa23-15e8-4971-9046-d38d7f44bcf2
[92mINFO [0m:      Sent reply
[92mINFO [0m:      
[92mINFO [0m:      Received: train message 5a7781a0-a91a-47c0-8084-f52d1a34cec3
[92mINFO [0m:      Sent reply
[92mINFO [0m:      
[92mINFO [0m:      Received: evaluate message 0d65bfa7-512f-457a-85b3-065743aff00b
[92mINFO [0m:      Sent reply
[92mINFO [0m:      
[92mINFO [0m:      Received: train message 939cbda7-46ae-4efb-9763-9a7d1b6d0a13
[92mINFO [0m:      Sent reply
[92mINFO [0m:      
[92mINFO [0m:      Received: evaluate message abb8654c-9f0d-42bf-873d-f04cd79d3f3c
[92mINFO [0m:      Sent reply
[92mINFO [0m:      
[92mINFO [0m:      Received: train message 28004685-f753-452d-8b7c-cdb1a9567291
[92mINFO [0m:      Sent reply
[92mINFO [0m:      
[92mINFO [0m:      Received: evaluate message 46235081-2eb6-4c05-ae22-ff24e97d48fe
[92mINFO [0m:      Sent reply
[92mINFO [0m:      
[92mINFO [0m:      Received: train message f06a6e98-86af-487e-9ebd-121808463c08
[92mINFO [0m:      Sent reply
[92mINFO [0m:      
[92mINFO [0m:      Received: evaluate message fd122c62-92f4-4c39-a26a-4432c776968d
[92mINFO [0m:      Sent reply
[92mINFO [0m:      
[92mINFO [0m:      Received: train message 54faa60b-29fd-497c-8392-00e8ee6c74c3
[92mINFO [0m:      Sent reply
[92mINFO [0m:      
[92mINFO [0m:      Received: evaluate message 0c0922d1-aaaa-4483-98bc-9a184e20e074
[92mINFO [0m:      Sent reply
[92mINFO [0m:      
[92mINFO [0m:      Received: train message 3712d4da-8d81-4785-8e7a-c8d37fee8a65
[92mINFO [0m:      Sent reply
[92mINFO [0m:      
[92mINFO [0m:      Received: evaluate message fabbce31-59e2-4c9d-82bc-4297a5442415
[92mINFO [0m:      Sent reply
[92mINFO [0m:      
[92mINFO [0m:      Received: train message 05bd9a23-5e68-42c7-a9c9-4b01bca2d803
[92mINFO [0m:      Sent reply
[92mINFO [0m:      
[92mINFO [0m:      Received: evaluate message 902aac54-5298-44cd-918e-b96bd4d27ee4
[92mINFO [0m:      Sent reply
[92mINFO [0m:      
[92mINFO [0m:      Received: train message 9418b411-cd2d-4116-b6ca-a16438ce193b
[92mINFO [0m:      Sent reply
[92mINFO [0m:      
[92mINFO [0m:      Received: evaluate message 8d6bb9fd-b1c8-48b3-80a0-2c2e7971beed
[92mINFO [0m:      Sent reply
[92mINFO [0m:      
[92mINFO [0m:      Received: train message 18997391-0d8d-4dc9-907f-9bb24ab51113
[92mINFO [0m:      Sent reply
[92mINFO [0m:      
[92mINFO [0m:      Received: evaluate message 8652b989-aac9-453c-b281-4225a9933f4a
[92mINFO [0m:      Sent reply
[92mINFO [0m:      
[92mINFO [0m:      Received: train message fa37af51-2bf6-41a3-bd7a-407ff49f4eb2
[92mINFO [0m:      Sent reply
[92mINFO [0m:      
[92mINFO [0m:      Received: evaluate message 3d6f904b-b361-449d-897f-38110ea21d01
[92mINFO [0m:      Sent reply
[92mINFO [0m:      
[92mINFO [0m:      Received: train message 235215c5-1cc4-427d-ba29-6f87be71db58
[92mINFO [0m:      Sent reply
[92mINFO [0m:      
[92mINFO [0m:      Received: evaluate message 07386e27-fe55-43d5-95d2-1ca2aefb67f4
[92mINFO [0m:      Sent reply
[92mINFO [0m:      
[92mINFO [0m:      Received: train message cd0f30b8-579d-4433-be11-cc609db86790
[92mINFO [0m:      Sent reply
[92mINFO [0m:      
[92mINFO [0m:      Received: evaluate message 5935471c-dd86-4618-8de7-5d0fef0a5f84
[92mINFO [0m:      Sent reply
[92mINFO [0m:      
[92mINFO [0m:      Received: train message 897df8fb-dbb5-485a-a072-39292bd0f749
[92mINFO [0m:      Sent reply
[92mINFO [0m:      
[92mINFO [0m:      Received: evaluate message 23a5eefc-bb98-4586-938a-11d608fde892
[92mINFO [0m:      Sent reply
[92mINFO [0m:      
[92mINFO [0m:      Received: train message b5d95a64-ca12-4892-8882-2b91d63e3d62
[92mINFO [0m:      Sent reply
[92mINFO [0m:      
[92mINFO [0m:      Received: evaluate message d8c84731-2dff-42de-bb35-33bbebd01a83
[92mINFO [0m:      Sent reply
[92mINFO [0m:      
[92mINFO [0m:      Received: train message 0c66ead5-dcbe-46ce-95cf-8ecda5a38d55
[92mINFO [0m:      Sent reply
[92mINFO [0m:      
[92mINFO [0m:      Received: evaluate message 99476913-8151-4322-b4db-7e6dfa496305
[92mINFO [0m:      Sent reply
[92mINFO [0m:      
[92mINFO [0m:      Received: train message 117236ed-16f5-4cc6-a246-11ea51cafc53
[92mINFO [0m:      Sent reply
[92mINFO [0m:      
[92mINFO [0m:      Received: evaluate message ef8d78f5-c45a-45d6-9d13-317dd8e6f38e
[92mINFO [0m:      Sent reply
[92mINFO [0m:      
[92mINFO [0m:      Received: train message 8c6c3baf-a143-40a4-94bc-958e53afeff4
[92mINFO [0m:      Sent reply
[92mINFO [0m:      
[92mINFO [0m:      Received: evaluate message b31884c3-ebe7-410e-ac61-917995983d3e
[92mINFO [0m:      Sent reply
[92mINFO [0m:      
[92mINFO [0m:      Received: train message c1002215-48d0-45d6-ac7f-0a98494915d0
[92mINFO [0m:      Sent reply
[92mINFO [0m:      
[92mINFO [0m:      Received: evaluate message d88b1589-fd4b-43b6-a611-0ed5a36eb2f8
[92mINFO [0m:      Sent reply
[92mINFO [0m:      
[92mINFO [0m:      Received: train message 2b5cde1e-4018-4473-9e5d-2921c4385962
[92mINFO [0m:      Sent reply
[92mINFO [0m:      
[92mINFO [0m:      Received: evaluate message de84f22f-f6d6-403d-8d45-3c9c1c60e856
[92mINFO [0m:      Sent reply
[92mINFO [0m:      
[92mINFO [0m:      Received: train message 63d8fdb8-9cbe-4f88-8800-e5a6c46c343f
[92mINFO [0m:      Sent reply
[92mINFO [0m:      
[92mINFO [0m:      Received: evaluate message 6fda82d0-7d8e-4d8f-b68c-501514c2f1a0
[92mINFO [0m:      Sent reply
[92mINFO [0m:      
[92mINFO [0m:      Received: train message 459d7336-6c1a-4f52-8fe1-b518cf364523
[92mINFO [0m:      Sent reply
[92mINFO [0m:      
[92mINFO [0m:      Received: evaluate message 46f07897-5cd8-4448-a939-311585e22cff
[92mINFO [0m:      Sent reply
[92mINFO [0m:      
[92mINFO [0m:      Received: train message 93ee4653-4a8f-46e8-a259-e3483b2c8a97
[92mINFO [0m:      Sent reply
[92mINFO [0m:      
[92mINFO [0m:      Received: evaluate message 948a8521-6cd0-4e1e-a109-1c4c75de928a
[92mINFO [0m:      Sent reply
[92mINFO [0m:      
[92mINFO [0m:      Received: train message 8394094d-5e21-449f-a999-21b3f2a34795
[92mINFO [0m:      Sent reply
[92mINFO [0m:      
[92mINFO [0m:      Received: evaluate message 9bd0e20c-77e4-4ab9-873f-4bd97c656116
[92mINFO [0m:      Sent reply
[92mINFO [0m:      
[92mINFO [0m:      Received: train message 47b3a7a8-5ac2-49d3-bad0-a1cbb1fa3378
[92mINFO [0m:      Sent reply
[92mINFO [0m:      
[92mINFO [0m:      Received: evaluate message a3d078ff-641b-4ef6-a489-eac917bdce6a
[92mINFO [0m:      Sent reply
[92mINFO [0m:      
[92mINFO [0m:      Received: train message a879c6c9-5017-41e2-9000-0e706d26c5f9
[92mINFO [0m:      Sent reply
[92mINFO [0m:      
[92mINFO [0m:      Received: evaluate message 83f26db2-5475-4709-99b3-75189094961d
[92mINFO [0m:      Sent reply
[92mINFO [0m:      
[92mINFO [0m:      Received: train message 930e4d42-702e-42fd-9f91-faf8e69d791d
[92mINFO [0m:      Sent reply
[92mINFO [0m:      
[92mINFO [0m:      Received: evaluate message 34cabce5-a333-4ff7-93d3-93fd11da694e
[92mINFO [0m:      Sent reply
[92mINFO [0m:      
[92mINFO [0m:      Received: train message e71e8a1b-0e80-4641-8194-6345341b8042
[92mINFO [0m:      Sent reply
[92mINFO [0m:      
[92mINFO [0m:      Received: evaluate message b115f60e-4476-4cbd-96f1-d04006b25dc8
[92mINFO [0m:      Sent reply
[92mINFO [0m:      
[92mINFO [0m:      Received: train message 23dce46e-f3b7-4e01-bfa3-868bf6aaec1a
[92mINFO [0m:      Sent reply
[92mINFO [0m:      
[92mINFO [0m:      Received: evaluate message c1a76f16-badb-43f4-abe3-68b943f5b853
[92mINFO [0m:      Sent reply
[92mINFO [0m:      
[92mINFO [0m:      Received: train message bdb23983-c1c9-46e0-90ab-1a6cf667168b
[92mINFO [0m:      Sent reply
[92mINFO [0m:      
[92mINFO [0m:      Received: evaluate message 75aea71e-6702-4fa1-adba-44cecad73963
[92mINFO [0m:      Sent reply
[92mINFO [0m:      
[92mINFO [0m:      Received: train message 58ac2c6a-bb37-4e8f-bd70-ce82a9afdc3e
[92mINFO [0m:      Sent reply
[92mINFO [0m:      
[92mINFO [0m:      Received: evaluate message e3a3d443-9017-4d41-be2f-f840cb0ccb47
[92mINFO [0m:      Sent reply
[92mINFO [0m:      
[92mINFO [0m:      Received: train message 8c4df239-9a0d-403b-bba3-2b3c4db0b10c
[92mINFO [0m:      Sent reply
[92mINFO [0m:      
[92mINFO [0m:      Received: evaluate message af2d8869-1fde-44fe-a363-e6ddcf6bfb4e
[92mINFO [0m:      Sent reply
[92mINFO [0m:      
[92mINFO [0m:      Received: train message 1901ce36-1d41-40b6-9319-5c792334a1d6
[92mINFO [0m:      Sent reply
[92mINFO [0m:      
[92mINFO [0m:      Received: evaluate message a14bf015-161c-4474-9cd4-515beaf590ad
[92mINFO [0m:      Sent reply
[92mINFO [0m:      
[92mINFO [0m:      Received: train message b29858fa-5aa3-4667-80cf-e7a3e6dcde17
[92mINFO [0m:      Sent reply
[92mINFO [0m:      
[92mINFO [0m:      Received: evaluate message 00fd0114-5707-445d-be62-42dfedb62454
[92mINFO [0m:      Sent reply
[92mINFO [0m:      
[92mINFO [0m:      Received: train message b30bfe54-55a8-4abf-ba61-832df4bde1de
[92mINFO [0m:      Sent reply
[92mINFO [0m:      
[92mINFO [0m:      Received: evaluate message 904e102e-555d-45b6-aac3-bb460a2635c7
[92mINFO [0m:      Sent reply
[92mINFO [0m:      
[92mINFO [0m:      Received: train message cc1fdb3b-d114-4551-a446-563feffcc34d
[92mINFO [0m:      Sent reply
[92mINFO [0m:      
[92mINFO [0m:      Received: evaluate message 5ca50831-8251-4fce-8882-03d498985b18
[92mINFO [0m:      Sent reply
[92mINFO [0m:      
[92mINFO [0m:      Received: reconnect message dd7b544b-017c-404c-9232-b99aef5a0505
[92mINFO [0m:      Disconnect and shut down
