[93mWARNING [0m:   DEPRECATED FEATURE: flwr.client.start_client() is deprecated.
	Instead, use the `flower-supernode` CLI command to start a SuperNode as shown below:

		$ flower-supernode --insecure --superlink='<IP>:<PORT>'

	To view all available options, run:

		$ flower-supernode --help

	Using `start_client()` is deprecated.

            This is a deprecated feature. It will be removed
            entirely in future versions of Flower.
        
[92mINFO [0m:      
[92mINFO [0m:      Received: train message 26c1d730-ab82-4e2d-9724-196a619767e9
[92mINFO [0m:      Sent reply
[92mINFO [0m:      
[92mINFO [0m:      Received: evaluate message dc70c0a4-ed68-4148-83e2-4b71cb47d745
[92mINFO [0m:      Sent reply
[92mINFO [0m:      
[92mINFO [0m:      Received: train message 92da5c82-5b3d-4e77-a846-f99749e50746
[92mINFO [0m:      Sent reply
[92mINFO [0m:      
[92mINFO [0m:      Received: evaluate message 254b0776-0f34-4404-9bf5-5cc89ed7c587
[92mINFO [0m:      Sent reply
[92mINFO [0m:      
[92mINFO [0m:      Received: train message 119da5ae-eee4-4b23-8762-b4254176e3f9
[92mINFO [0m:      Sent reply
[92mINFO [0m:      
[92mINFO [0m:      Received: evaluate message 65167379-ebb9-46e5-afd4-f532a3bc738b
[92mINFO [0m:      Sent reply
[92mINFO [0m:      
[92mINFO [0m:      Received: train message 2116819d-1e02-422d-b569-5436b7f66263
[92mINFO [0m:      Sent reply
[92mINFO [0m:      
[92mINFO [0m:      Received: evaluate message 4ccb44b9-05ba-4c9b-a6ef-8f5419a3d062
[92mINFO [0m:      Sent reply
[92mINFO [0m:      
[92mINFO [0m:      Received: train message 1019b8b8-1272-4c99-a780-9776a94feb8f
[92mINFO [0m:      Sent reply
[92mINFO [0m:      
[92mINFO [0m:      Received: evaluate message 83746b4c-e5da-4333-a165-73664ca750f4
[92mINFO [0m:      Sent reply
[92mINFO [0m:      
[92mINFO [0m:      Received: train message 4976b33e-8482-49a5-8a10-4258b079d903
[92mINFO [0m:      Sent reply
[92mINFO [0m:      
[92mINFO [0m:      Received: evaluate message 3507ff74-8203-47d9-acd9-46ab283fc0d4
[92mINFO [0m:      Sent reply
[92mINFO [0m:      
[92mINFO [0m:      Received: train message 04151460-0656-4440-8cc8-43c6e117f0e1
[92mINFO [0m:      Sent reply
[92mINFO [0m:      
[92mINFO [0m:      Received: evaluate message 22479932-af5b-4d4a-8738-f9a44878c01f
[92mINFO [0m:      Sent reply
[92mINFO [0m:      
[92mINFO [0m:      Received: train message a097bcf5-3766-4a5c-86df-040634e59ec2
[92mINFO [0m:      Sent reply
[92mINFO [0m:      
[92mINFO [0m:      Received: evaluate message cb5fa1ae-3232-47ce-ab0f-cc28efbf2a6e
[92mINFO [0m:      Sent reply
[92mINFO [0m:      
[92mINFO [0m:      Received: train message b047fa7d-c660-4f8a-a3e6-0232df613ef5
[92mINFO [0m:      Sent reply
[92mINFO [0m:      
[92mINFO [0m:      Received: evaluate message ac30dee1-3f7e-4a15-b883-a935536d5456
[92mINFO [0m:      Sent reply
[92mINFO [0m:      
[92mINFO [0m:      Received: train message e08c63a6-3749-416f-8f9d-77d89206e801
[92mINFO [0m:      Sent reply
[92mINFO [0m:      
[92mINFO [0m:      Received: evaluate message df53c1b6-21d4-4e59-b565-1141bc35752a
[92mINFO [0m:      Sent reply
[92mINFO [0m:      
[92mINFO [0m:      Received: train message 1d518097-d870-4eea-a115-c735256df9c6
[92mINFO [0m:      Sent reply
[92mINFO [0m:      
[92mINFO [0m:      Received: evaluate message c6020985-6ca8-4c42-9c2a-3e7ee64e6312
[92mINFO [0m:      Sent reply
[92mINFO [0m:      
[92mINFO [0m:      Received: train message ab80459a-eeaf-48d5-b9a7-222fe6fb4740
[92mINFO [0m:      Sent reply
[92mINFO [0m:      
[92mINFO [0m:      Received: evaluate message 043694ed-fd37-4ad1-8632-defc7dfb96cf
[92mINFO [0m:      Sent reply
[92mINFO [0m:      
[92mINFO [0m:      Received: train message 600f13ae-3b1b-40e9-9a92-80a3e8220cae
[92mINFO [0m:      Sent reply
[92mINFO [0m:      
[92mINFO [0m:      Received: evaluate message 30fbf436-65f9-46c1-8377-2525beaf9f06
[92mINFO [0m:      Sent reply
[92mINFO [0m:      
[92mINFO [0m:      Received: train message 4f9d3c3a-3bb6-4143-8c63-adbcde0d03e0
[92mINFO [0m:      Sent reply
[92mINFO [0m:      
[92mINFO [0m:      Received: evaluate message f91b3449-8b38-4c60-8d73-c644cad2738b
[92mINFO [0m:      Sent reply
[92mINFO [0m:      
[92mINFO [0m:      Received: train message 09fb582d-e7b8-42a6-a392-f95925cdebaa
[92mINFO [0m:      Sent reply
[92mINFO [0m:      
[92mINFO [0m:      Received: evaluate message 680c268d-d38a-432d-ae9e-8f769d7bd43e
[92mINFO [0m:      Sent reply
[92mINFO [0m:      
[92mINFO [0m:      Received: train message 16ef39e1-094f-41b0-b9e6-1789da9079d2
[92mINFO [0m:      Sent reply
[92mINFO [0m:      
[92mINFO [0m:      Received: evaluate message 6997b9ba-3061-4ab7-ad62-bfdffd8d4592
[92mINFO [0m:      Sent reply
[92mINFO [0m:      
[92mINFO [0m:      Received: train message d45f0a1b-2976-4ba0-b694-be19ae0463fe
[92mINFO [0m:      Sent reply
[92mINFO [0m:      
[92mINFO [0m:      Received: evaluate message 9c7f8cbd-6c02-4cb5-89b7-8209e4d04b0d
[92mINFO [0m:      Sent reply
[92mINFO [0m:      
[92mINFO [0m:      Received: train message 454ef622-f276-4186-84be-77f6a72b7fb3
[92mINFO [0m:      Sent reply
[92mINFO [0m:      
[92mINFO [0m:      Received: evaluate message be694e9d-4b03-4338-ad78-8f0e3399d80f
[92mINFO [0m:      Sent reply
[92mINFO [0m:      
[92mINFO [0m:      Received: train message 8c51f77d-8992-4d9a-833a-6b7abe4a9dcf
[92mINFO [0m:      Sent reply
[92mINFO [0m:      
[92mINFO [0m:      Received: evaluate message 982de404-a75d-4d87-905b-7235e5cda88f
[92mINFO [0m:      Sent reply
[92mINFO [0m:      
[92mINFO [0m:      Received: train message b5922546-81b9-4497-83d5-14db874fb5f2
[92mINFO [0m:      Sent reply
[92mINFO [0m:      
[92mINFO [0m:      Received: evaluate message 96851f9c-45f3-497d-8553-76276c387f8f
[92mINFO [0m:      Sent reply
[92mINFO [0m:      
[92mINFO [0m:      Received: train message 57bb33d3-18a9-4888-b0d1-529440c2681c
[92mINFO [0m:      Sent reply
[92mINFO [0m:      
[92mINFO [0m:      Received: evaluate message 6ed726dc-adb3-495f-8542-d31b8e0083aa
[92mINFO [0m:      Sent reply
[92mINFO [0m:      
[92mINFO [0m:      Received: train message a9da2e1b-3d68-45a8-a3d0-45ee60ae5dc8
[92mINFO [0m:      Sent reply
[92mINFO [0m:      
[92mINFO [0m:      Received: evaluate message 4b70bd81-f6d4-4c69-9671-37b342faac04
[92mINFO [0m:      Sent reply
[92mINFO [0m:      
[92mINFO [0m:      Received: train message 8f6404e0-9883-48a6-b380-2f0e0a688edd
[92mINFO [0m:      Sent reply
[92mINFO [0m:      
[92mINFO [0m:      Received: evaluate message 8512da90-2522-4804-a582-e2a021b5a336
[92mINFO [0m:      Sent reply
[92mINFO [0m:      
[92mINFO [0m:      Received: train message a54d02e1-c3bb-47b4-a711-3251e87ccf86
[92mINFO [0m:      Sent reply
[92mINFO [0m:      
[92mINFO [0m:      Received: evaluate message d4073d9b-3178-4b57-9c0e-f39806c8c5d8
[92mINFO [0m:      Sent reply
[92mINFO [0m:      
[92mINFO [0m:      Received: train message 9f17d6cb-9906-4c09-846b-53ed572a31f5
[92mINFO [0m:      Sent reply
[92mINFO [0m:      
[92mINFO [0m:      Received: evaluate message a3dcb14b-6f0b-40ff-bdc9-c3a1db3f72f8
[92mINFO [0m:      Sent reply
[92mINFO [0m:      
[92mINFO [0m:      Received: train message 2924d78b-c7bd-46d3-ba37-37ecc457c1a7
[92mINFO [0m:      Sent reply
[92mINFO [0m:      
[92mINFO [0m:      Received: evaluate message ed71ed32-bbfb-4cf0-8e32-cc7e3ec6d282
[92mINFO [0m:      Sent reply
[92mINFO [0m:      
[92mINFO [0m:      Received: train message 49e1e0ce-409a-4759-9894-809d0d7f4872
[92mINFO [0m:      Sent reply
[92mINFO [0m:      
[92mINFO [0m:      Received: evaluate message b30852fe-0f8c-43c2-81f1-7522b0ed3a5a
[92mINFO [0m:      Sent reply
[92mINFO [0m:      
[92mINFO [0m:      Received: train message 30a43bf3-4c20-4cd2-b1a6-7aaef5540db0
[92mINFO [0m:      Sent reply
[92mINFO [0m:      
[92mINFO [0m:      Received: evaluate message 683bc019-1bc5-42b9-a493-dba221bb5069
[92mINFO [0m:      Sent reply
[92mINFO [0m:      
[92mINFO [0m:      Received: train message debbeef4-dd57-42d2-86bc-4399bdac2128
[92mINFO [0m:      Sent reply
[92mINFO [0m:      
[92mINFO [0m:      Received: evaluate message 266c77cc-4133-46b0-80ce-e188ab038c5d
[92mINFO [0m:      Sent reply
[92mINFO [0m:      
[92mINFO [0m:      Received: train message 5fb80660-7d0b-4e13-aae1-d552cf1f656b
[92mINFO [0m:      Sent reply
[92mINFO [0m:      
[92mINFO [0m:      Received: evaluate message bbd80ef5-ab81-4d3b-ae15-def3a704f02d
[92mINFO [0m:      Sent reply
[92mINFO [0m:      
[92mINFO [0m:      Received: train message 08fdb9f4-a7e0-44dd-ae90-ed4b591f2d0b
[92mINFO [0m:      Sent reply
[92mINFO [0m:      
[92mINFO [0m:      Received: evaluate message 7a812965-b73a-4df3-8272-cf35cad41fe6
[92mINFO [0m:      Sent reply
[92mINFO [0m:      
[92mINFO [0m:      Received: train message 64a497ad-bb9d-4cd7-a029-302b32ac2af4
[92mINFO [0m:      Sent reply
[92mINFO [0m:      
[92mINFO [0m:      Received: evaluate message 83a527ad-e1de-40e1-976c-373aa3e07c88
[92mINFO [0m:      Sent reply
[92mINFO [0m:      
[92mINFO [0m:      Received: train message 2ae5097f-0ad3-4a06-9e2a-c28558849ed9
[92mINFO [0m:      Sent reply
[92mINFO [0m:      
[92mINFO [0m:      Received: evaluate message 0dd5109d-652c-4422-92c9-cc3bd2f62aee
[92mINFO [0m:      Sent reply
[92mINFO [0m:      
[92mINFO [0m:      Received: train message b2f5f38c-48f8-4f8a-b1ca-083b6f77d795
[92mINFO [0m:      Sent reply
[92mINFO [0m:      
[92mINFO [0m:      Received: evaluate message 771cb888-317f-4f91-b173-3c4e5c667abd
[92mINFO [0m:      Sent reply
[92mINFO [0m:      
[92mINFO [0m:      Received: train message 3ca51e95-de69-407b-bb65-a8a78c60813e
[92mINFO [0m:      Sent reply
[92mINFO [0m:      
[92mINFO [0m:      Received: evaluate message 83d9fd39-c453-44de-8728-5a00d0318c06
[92mINFO [0m:      Sent reply
[92mINFO [0m:      
[92mINFO [0m:      Received: train message b7a2bfde-4c45-48f3-8544-d6f6be42b232
[92mINFO [0m:      Sent reply
[92mINFO [0m:      
[92mINFO [0m:      Received: evaluate message d399e734-572c-4dc2-b1d1-b8adce6f2d71
[92mINFO [0m:      Sent reply
[92mINFO [0m:      
[92mINFO [0m:      Received: train message ec5e5a56-2eed-48e7-aa22-0759492636ea
[92mINFO [0m:      Sent reply
[92mINFO [0m:      
[92mINFO [0m:      Received: evaluate message 7ba235e8-4dd2-4043-8bd8-448054e7bb9c
[92mINFO [0m:      Sent reply
[92mINFO [0m:      
[92mINFO [0m:      Received: train message 63e0872c-ac25-4af6-9e51-0e1450393385
[92mINFO [0m:      Sent reply
[92mINFO [0m:      
[92mINFO [0m:      Received: evaluate message 11e0506f-6b45-4bef-b89d-18b5f2b39b7c
[92mINFO [0m:      Sent reply
[92mINFO [0m:      
[92mINFO [0m:      Received: train message 8b11cc4a-b520-4d3a-815b-6c2341424be1
[92mINFO [0m:      Sent reply
[92mINFO [0m:      
[92mINFO [0m:      Received: evaluate message 55d26b29-510b-47ac-98a2-3c97cc0e186f
[92mINFO [0m:      Sent reply
[92mINFO [0m:      
[92mINFO [0m:      Received: train message 6e7cec85-cd46-4fda-8014-df38e416bdf7
[92mINFO [0m:      Sent reply
[92mINFO [0m:      
[92mINFO [0m:      Received: evaluate message 53104530-d345-4e19-8942-84df667957f7
[92mINFO [0m:      Sent reply
[92mINFO [0m:      
[92mINFO [0m:      Received: train message 69bec1cb-e96c-4270-ad4d-3e32f42305eb
[92mINFO [0m:      Sent reply
[92mINFO [0m:      
[92mINFO [0m:      Received: evaluate message 962bc087-057f-4a94-92e3-58729aa8e39f
[92mINFO [0m:      Sent reply
[92mINFO [0m:      
[92mINFO [0m:      Received: train message b177ffb3-9d98-4a3e-b13b-d6971d2c0636
[92mINFO [0m:      Sent reply
[92mINFO [0m:      
[92mINFO [0m:      Received: evaluate message 569cc4d7-a0b0-4edd-ad68-d02b54f4eb1d
[92mINFO [0m:      Sent reply
[92mINFO [0m:      
[92mINFO [0m:      Received: train message 4b3eac4b-bb46-4ef4-a936-fef4c2a46c11
[92mINFO [0m:      Sent reply
[92mINFO [0m:      
[92mINFO [0m:      Received: evaluate message b884790d-b8f1-49da-897c-c3922a89c3e4
[92mINFO [0m:      Sent reply
[92mINFO [0m:      
[92mINFO [0m:      Received: train message 5ea519c1-9b0c-4968-bf8b-aaeb877d285a
[92mINFO [0m:      Sent reply
[92mINFO [0m:      
[92mINFO [0m:      Received: evaluate message 2162e7b5-86fe-4457-b8c6-b7987e8d37d0
[92mINFO [0m:      Sent reply
[92mINFO [0m:      
[92mINFO [0m:      Received: train message cf2fe6cc-08a5-4f6b-ae88-8b814c9941e2
[92mINFO [0m:      Sent reply
[92mINFO [0m:      
[92mINFO [0m:      Received: evaluate message 5c65cc9c-d259-4b79-bcae-cfe0d54700ff
[92mINFO [0m:      Sent reply
[92mINFO [0m:      
[92mINFO [0m:      Received: train message 4348ab1c-c2e6-4039-8d3e-ee6c9b228b8b
[92mINFO [0m:      Sent reply
[92mINFO [0m:      
[92mINFO [0m:      Received: evaluate message 1a8ce966-c1aa-4fe5-bac7-d890140f2c6c
[92mINFO [0m:      Sent reply
[92mINFO [0m:      
[92mINFO [0m:      Received: train message 91efaaca-833c-43f6-99e0-28330db21a06
[92mINFO [0m:      Sent reply
[92mINFO [0m:      
[92mINFO [0m:      Received: evaluate message 1cd1b36e-79fc-4ac2-94cf-5c0b189a3ee4
[92mINFO [0m:      Sent reply
[92mINFO [0m:      
[92mINFO [0m:      Received: train message 727927f3-afba-41b7-a64d-0d1bd2afb13d
[92mINFO [0m:      Sent reply
[92mINFO [0m:      
[92mINFO [0m:      Received: evaluate message ef75fea5-937a-4a2e-867d-9f37b2e18cdc
[92mINFO [0m:      Sent reply
[92mINFO [0m:      
[92mINFO [0m:      Received: train message a84e2137-1ec0-44c1-a8a8-a1e6ce011b37
[92mINFO [0m:      Sent reply
[92mINFO [0m:      
[92mINFO [0m:      Received: evaluate message b34b1c09-95d1-46f2-9653-61bd512dc871
[92mINFO [0m:      Sent reply
[92mINFO [0m:      
[92mINFO [0m:      Received: train message 9057f560-c39a-4e8c-985e-f42f8f9f5494
[92mINFO [0m:      Sent reply
[92mINFO [0m:      
[92mINFO [0m:      Received: evaluate message 9de8234a-6476-4baf-b418-8c32621cd601
[92mINFO [0m:      Sent reply
[92mINFO [0m:      
[92mINFO [0m:      Received: reconnect message 62a356ce-1269-42e0-8cfe-54358d453e32
[92mINFO [0m:      Disconnect and shut down
