[93mWARNING [0m:   DEPRECATED FEATURE: flwr.client.start_client() is deprecated.
	Instead, use the `flower-supernode` CLI command to start a SuperNode as shown below:

		$ flower-supernode --insecure --superlink='<IP>:<PORT>'

	To view all available options, run:

		$ flower-supernode --help

	Using `start_client()` is deprecated.

            This is a deprecated feature. It will be removed
            entirely in future versions of Flower.
        
[92mINFO [0m:      
[92mINFO [0m:      Received: evaluate message cede6cad-4245-47f0-8215-41eb47892bfc
[92mINFO [0m:      Sent reply
[92mINFO [0m:      
[92mINFO [0m:      Received: evaluate message 010c0400-6fc6-42b8-bd91-d0a5bf3d0541
[92mINFO [0m:      Sent reply
[92mINFO [0m:      
[92mINFO [0m:      Received: evaluate message ae1b930d-7c06-4497-857d-3972b92d7001
[92mINFO [0m:      Sent reply
[92mINFO [0m:      
[92mINFO [0m:      Received: evaluate message cd33cfbb-c24a-4c91-972e-d62258215c2d
[92mINFO [0m:      Sent reply
[92mINFO [0m:      
[92mINFO [0m:      Received: train message fd404614-4aa9-4256-81db-32ac44e8ae03
[92mINFO [0m:      Sent reply
[92mINFO [0m:      
[92mINFO [0m:      Received: evaluate message 64884f9f-6fb6-41c9-a4d3-747dd5cac940
[92mINFO [0m:      Sent reply
[92mINFO [0m:      
[92mINFO [0m:      Received: train message 2c305e7f-bb8d-4596-8bb8-0021826222e6
[92mINFO [0m:      Sent reply
[92mINFO [0m:      
[92mINFO [0m:      Received: train message ec6ab5f3-253a-4999-b95f-a5928cab5420
[92mINFO [0m:      Sent reply
[92mINFO [0m:      
[92mINFO [0m:      Received: train message 93b0c08a-cb3a-40df-aeaf-262f67a1d4e9
[92mINFO [0m:      Sent reply
[92mINFO [0m:      
[92mINFO [0m:      Received: evaluate message f6670fc8-fd35-4a08-bc11-d1439be9b5c4
[92mINFO [0m:      Sent reply
[92mINFO [0m:      
[92mINFO [0m:      Received: evaluate message 4537f9b1-7400-47bb-8038-042bb0772213
[92mINFO [0m:      Sent reply
[92mINFO [0m:      
[92mINFO [0m:      Received: train message 33e32943-2d16-42ce-b35f-0f5bbeff275a
[92mINFO [0m:      Sent reply
[92mINFO [0m:      
[92mINFO [0m:      Received: evaluate message 7ce228b1-54f3-47d0-b0ff-f258ba2aa475
[92mINFO [0m:      Sent reply
[92mINFO [0m:      
[92mINFO [0m:      Received: evaluate message 58490d61-7f75-4843-a131-e339b8f4cf44
[92mINFO [0m:      Sent reply
[92mINFO [0m:      
[92mINFO [0m:      Received: train message 0fe0aba6-955d-4d54-b0ea-dfeb393801dc
[92mINFO [0m:      Sent reply
[92mINFO [0m:      
[92mINFO [0m:      Received: evaluate message 7566af6f-1d22-46e0-86f1-1264c44c534d
[92mINFO [0m:      Sent reply
[92mINFO [0m:      
[92mINFO [0m:      Received: train message f974fc97-d3a8-450d-a5d6-047fd00a9f77
[92mINFO [0m:      Sent reply
[92mINFO [0m:      
[92mINFO [0m:      Received: evaluate message 83657525-ec15-477b-a7cf-f183d44c13b6
[92mINFO [0m:      Sent reply
[92mINFO [0m:      
[92mINFO [0m:      Received: evaluate message 7f0cae3f-0627-4c72-a644-b81213eb6fab
[92mINFO [0m:      Sent reply
[92mINFO [0m:      
[92mINFO [0m:      Received: train message 9fff6702-8390-4719-a17c-f3e832cb3eae
[92mINFO [0m:      Sent reply
[92mINFO [0m:      
[92mINFO [0m:      Received: train message 1f6884cd-e1d2-4db4-8a10-eb64328de69a
[92mINFO [0m:      Sent reply
[92mINFO [0m:      
[92mINFO [0m:      Received: evaluate message d968484c-9faa-497e-a41e-f7606dea9cf8
[92mINFO [0m:      Sent reply
[92mINFO [0m:      
[92mINFO [0m:      Received: train message 1821d2b8-543c-42b9-a2cd-97841e6a7878
[92mINFO [0m:      Sent reply
[92mINFO [0m:      
[92mINFO [0m:      Received: evaluate message 6e48a6d0-5f04-4cd7-8f4a-b9ae2e604d68
[92mINFO [0m:      Sent reply
[92mINFO [0m:      
[92mINFO [0m:      Received: train message 9327b1d8-29a3-4a39-b1b5-bdc9dc7cadf3
[92mINFO [0m:      Sent reply
[92mINFO [0m:      
[92mINFO [0m:      Received: evaluate message 5d96cdf6-e3f5-4eb9-99e9-23bf30af135c
[92mINFO [0m:      Sent reply
[92mINFO [0m:      
[92mINFO [0m:      Received: train message a703043e-2bd0-4fca-b5fb-8f31e076caa3
[92mINFO [0m:      Sent reply
[92mINFO [0m:      
[92mINFO [0m:      Received: train message 7ba85d2e-eb31-42d6-83b0-cb7900041a35
[92mINFO [0m:      Sent reply
[92mINFO [0m:      
[92mINFO [0m:      Received: evaluate message afed856d-e5ff-4503-ab58-591fc85ed069
[92mINFO [0m:      Sent reply
[92mINFO [0m:      
[92mINFO [0m:      Received: evaluate message 44912c45-746d-4ee2-adba-b63150ad5faa
[92mINFO [0m:      Sent reply
[92mINFO [0m:      
[92mINFO [0m:      Received: reconnect message 863937a4-2f73-4cc6-a65e-e40bc6eb75d5
[92mINFO [0m:      Disconnect and shut down
