[93mWARNING [0m:   DEPRECATED FEATURE: flwr.client.start_client() is deprecated.
	Instead, use the `flower-supernode` CLI command to start a SuperNode as shown below:

		$ flower-supernode --insecure --superlink='<IP>:<PORT>'

	To view all available options, run:

		$ flower-supernode --help

	Using `start_client()` is deprecated.

            This is a deprecated feature. It will be removed
            entirely in future versions of Flower.
        
[92mINFO [0m:      
[92mINFO [0m:      Received: evaluate message 777450d1-d442-4881-b22e-7cc3e5f4651e
[92mINFO [0m:      Sent reply
[92mINFO [0m:      
[92mINFO [0m:      Received: train message 49958ca9-9112-4eec-80a2-77dc0ae3e5b8
[92mINFO [0m:      Sent reply
[92mINFO [0m:      
[92mINFO [0m:      Received: evaluate message 0b13dcd1-eb8b-4a4c-a680-a9aaab023b85
[92mINFO [0m:      Sent reply
[92mINFO [0m:      
[92mINFO [0m:      Received: train message ec03b2dc-73d5-4cab-aa79-27de92b18e76
[92mINFO [0m:      Sent reply
[92mINFO [0m:      
[92mINFO [0m:      Received: evaluate message 880c20b3-a0ca-4c0d-9a28-a054b7e0b5e4
[92mINFO [0m:      Sent reply
[92mINFO [0m:      
[92mINFO [0m:      Received: train message 1da63e0e-588a-47b6-817d-61cab5f3a027
[92mINFO [0m:      Sent reply
[92mINFO [0m:      
[92mINFO [0m:      Received: train message 4c998051-0f67-4fa0-a9fa-a6a81114be35
[92mINFO [0m:      Sent reply
[92mINFO [0m:      
[92mINFO [0m:      Received: evaluate message 6d59ef43-8621-45f1-8d99-c1b1bd4558d0
[92mINFO [0m:      Sent reply
[92mINFO [0m:      
[92mINFO [0m:      Received: train message aedd5a02-5454-4d3b-9551-e37835872466
[92mINFO [0m:      Sent reply
[92mINFO [0m:      
[92mINFO [0m:      Received: evaluate message 6a01515a-8db6-419b-a29d-fa9820ed7303
[92mINFO [0m:      Sent reply
[92mINFO [0m:      
[92mINFO [0m:      Received: train message 806da17f-e0c0-4c31-800c-c603373ce7b2
[92mINFO [0m:      Sent reply
[92mINFO [0m:      
[92mINFO [0m:      Received: train message a9e69af9-45a1-4998-9b3c-2825c1ce788e
[92mINFO [0m:      Sent reply
[92mINFO [0m:      
[92mINFO [0m:      Received: train message 60b01313-45ed-4c62-bef2-028d186a6776
[92mINFO [0m:      Sent reply
[92mINFO [0m:      
[92mINFO [0m:      Received: evaluate message ff381bd1-9c6e-40d2-948d-7803d8fe0a31
[92mINFO [0m:      Sent reply
[92mINFO [0m:      
[92mINFO [0m:      Received: evaluate message 78ee4a91-944f-4baf-8103-b687be01f374
[92mINFO [0m:      Sent reply
[92mINFO [0m:      
[92mINFO [0m:      Received: train message 47c88f8a-f182-4c85-9bc3-49f069efe0b2
[92mINFO [0m:      Sent reply
[92mINFO [0m:      
[92mINFO [0m:      Received: train message 5ae4eb7b-77c7-480a-9347-eea45c89e134
[92mINFO [0m:      Sent reply
[92mINFO [0m:      
[92mINFO [0m:      Received: evaluate message 6eab099d-6e1c-488f-9292-0e74786075c5
[92mINFO [0m:      Sent reply
[92mINFO [0m:      
[92mINFO [0m:      Received: evaluate message 2148249d-a83a-493a-b831-4d52c0197e15
[92mINFO [0m:      Sent reply
[92mINFO [0m:      
[92mINFO [0m:      Received: train message 2b5c687e-6dd9-4e3b-a23a-b28cf4c0bb45
[92mINFO [0m:      Sent reply
[92mINFO [0m:      
[92mINFO [0m:      Received: evaluate message 464b1349-b82e-4e1f-8b32-86994a6426c9
[92mINFO [0m:      Sent reply
[92mINFO [0m:      
[92mINFO [0m:      Received: train message d4c2ade8-a31e-4982-8c7e-43310d5f8486
[92mINFO [0m:      Sent reply
[92mINFO [0m:      
[92mINFO [0m:      Received: train message 722acbc5-b895-409c-9344-98087819ee8c
[92mINFO [0m:      Sent reply
[92mINFO [0m:      
[92mINFO [0m:      Received: evaluate message c2c0369b-2236-4be1-9c1c-a73e40496f40
[92mINFO [0m:      Sent reply
[92mINFO [0m:      
[92mINFO [0m:      Received: train message fe774aed-2393-42fa-b08e-e43c560864be
[92mINFO [0m:      Sent reply
[92mINFO [0m:      
[92mINFO [0m:      Received: train message 5ca7de94-0188-4e59-bd61-56f6e817d590
[92mINFO [0m:      Sent reply
[92mINFO [0m:      
[92mINFO [0m:      Received: evaluate message b0eaab96-bee7-46b1-a59c-11c0d857bad9
[92mINFO [0m:      Sent reply
[92mINFO [0m:      
[92mINFO [0m:      Received: train message dfe52bab-2fff-49a4-a787-d530cda3f1be
[92mINFO [0m:      Sent reply
[92mINFO [0m:      
[92mINFO [0m:      Received: train message 38fc8b20-bfa7-4d4a-a439-1ffebca90075
[92mINFO [0m:      Sent reply
[92mINFO [0m:      
[92mINFO [0m:      Received: train message 5fa55423-5d08-4a64-bc90-f41326e487ea
[92mINFO [0m:      Sent reply
[92mINFO [0m:      
[92mINFO [0m:      Received: evaluate message 1dd1e727-f76b-4a33-970f-63f9375104f1
[92mINFO [0m:      Sent reply
[92mINFO [0m:      
[92mINFO [0m:      Received: train message d8bee017-2a53-4f0a-9be3-0c44c6f4b3a2
[92mINFO [0m:      Sent reply
[92mINFO [0m:      
[92mINFO [0m:      Received: train message 9f0a0011-c653-4e58-a2fd-2cff892e7274
[92mINFO [0m:      Sent reply
[92mINFO [0m:      
[92mINFO [0m:      Received: evaluate message 7e3cafcc-abca-4ade-993e-22241cf65c88
[92mINFO [0m:      Sent reply
[92mINFO [0m:      
[92mINFO [0m:      Received: evaluate message 61a81010-4bdd-4d03-bd99-a5bf1b3c936e
[92mINFO [0m:      Sent reply
[92mINFO [0m:      
[92mINFO [0m:      Received: reconnect message 0d29f952-7ace-4c6a-9b52-218cfc7d3dd8
[92mINFO [0m:      Disconnect and shut down
