[93mWARNING [0m:   DEPRECATED FEATURE: flwr.client.start_client() is deprecated.
	Instead, use the `flower-supernode` CLI command to start a SuperNode as shown below:

		$ flower-supernode --insecure --superlink='<IP>:<PORT>'

	To view all available options, run:

		$ flower-supernode --help

	Using `start_client()` is deprecated.

            This is a deprecated feature. It will be removed
            entirely in future versions of Flower.
        
[92mINFO [0m:      
[92mINFO [0m:      Received: train message 641293f5-d1cc-4d94-bd53-26ce05679865
[92mINFO [0m:      Sent reply
[92mINFO [0m:      
[92mINFO [0m:      Received: evaluate message ffed19ca-a2a9-450e-945c-d8bef4bac3b6
[92mINFO [0m:      Sent reply
[92mINFO [0m:      
[92mINFO [0m:      Received: train message 5956ce1c-ac26-43ea-8b61-db698976f3f7
[92mINFO [0m:      Sent reply
[92mINFO [0m:      
[92mINFO [0m:      Received: evaluate message 7e18c553-6b60-4e8c-a0c7-6a2d219ced1e
[92mINFO [0m:      Sent reply
[92mINFO [0m:      
[92mINFO [0m:      Received: train message 889f788c-c0b2-45f8-9701-240e08f97339
[92mINFO [0m:      Sent reply
[92mINFO [0m:      
[92mINFO [0m:      Received: evaluate message 65fba79a-90ff-4ea7-b30f-9b5f12c0d1c2
[92mINFO [0m:      Sent reply
[92mINFO [0m:      
[92mINFO [0m:      Received: train message 68301bad-46d6-4142-8222-1ac8d7c0200a
[92mINFO [0m:      Sent reply
[92mINFO [0m:      
[92mINFO [0m:      Received: evaluate message ecb53245-7f11-4105-9b68-251d7bb66b47
[92mINFO [0m:      Sent reply
[92mINFO [0m:      
[92mINFO [0m:      Received: evaluate message c20937da-a7c7-4173-9611-7d0c992dbb94
[92mINFO [0m:      Sent reply
[92mINFO [0m:      
[92mINFO [0m:      Received: train message 4c57981c-37ad-4196-9d31-33cb874c42a2
[92mINFO [0m:      Sent reply
[92mINFO [0m:      
[92mINFO [0m:      Received: evaluate message b25a0414-306e-43fc-9c6f-58c55ab2e357
[92mINFO [0m:      Sent reply
[92mINFO [0m:      
[92mINFO [0m:      Received: train message ad7a4883-7d11-4695-99db-977e58d13a74
[92mINFO [0m:      Sent reply
[92mINFO [0m:      
[92mINFO [0m:      Received: evaluate message 7a0a9f68-f68d-4046-ba39-7300dab33642
[92mINFO [0m:      Sent reply
[92mINFO [0m:      
[92mINFO [0m:      Received: evaluate message bccd2ecf-cd6b-4e05-8f64-dd7c29eab66c
[92mINFO [0m:      Sent reply
[92mINFO [0m:      
[92mINFO [0m:      Received: evaluate message b08b57de-95fd-484c-90d0-28be6a184d6e
[92mINFO [0m:      Sent reply
[92mINFO [0m:      
[92mINFO [0m:      Received: evaluate message 40e59f5b-170b-455f-bc8e-a5121c2ee406
[92mINFO [0m:      Sent reply
[92mINFO [0m:      
[92mINFO [0m:      Received: train message 87e7e945-a89c-4bb2-9868-aa3e0708aec7
[92mINFO [0m:      Sent reply
[92mINFO [0m:      
[92mINFO [0m:      Received: evaluate message e27f77f0-0232-45c7-90bf-880e221c40ef
[92mINFO [0m:      Sent reply
[92mINFO [0m:      
[92mINFO [0m:      Received: train message 24d23efa-3f02-4c91-9015-9edb4d6ab550
[92mINFO [0m:      Sent reply
[92mINFO [0m:      
[92mINFO [0m:      Received: train message 3c4a5333-979a-4dda-9956-df89fe0f4c16
[92mINFO [0m:      Sent reply
[92mINFO [0m:      
[92mINFO [0m:      Received: train message 9678b7c0-a477-490c-8c4b-1e3b04b9eb89
[92mINFO [0m:      Sent reply
[92mINFO [0m:      
[92mINFO [0m:      Received: evaluate message 3ef7326d-2a58-48ec-84bc-a3ef301ec3d0
[92mINFO [0m:      Sent reply
[92mINFO [0m:      
[92mINFO [0m:      Received: evaluate message 9bc1cf03-b9ad-4134-8f1f-5e49e22efc46
[92mINFO [0m:      Sent reply
[92mINFO [0m:      
[92mINFO [0m:      Received: train message 26442b1c-9935-4872-9ddf-ce48b4494260
[92mINFO [0m:      Sent reply
[92mINFO [0m:      
[92mINFO [0m:      Received: evaluate message ebe6e4bf-935e-4c0f-9c46-170a03d80cdb
[92mINFO [0m:      Sent reply
[92mINFO [0m:      
[92mINFO [0m:      Received: train message 0c692466-4820-4387-95f2-8a09ba29c3d3
[92mINFO [0m:      Sent reply
[92mINFO [0m:      
[92mINFO [0m:      Received: evaluate message 8f025e67-8d29-4e35-9ef1-08d655a1b2f3
[92mINFO [0m:      Sent reply
[92mINFO [0m:      
[92mINFO [0m:      Received: train message f59ab6ac-d035-4b9c-ad48-c703c6ae89fe
[92mINFO [0m:      Sent reply
[92mINFO [0m:      
[92mINFO [0m:      Received: evaluate message 996c9459-1df4-4e6c-ae5a-4a5abb6350a5
[92mINFO [0m:      Sent reply
[92mINFO [0m:      
[92mINFO [0m:      Received: train message e26d9327-adfe-42fc-952c-610cd4ca6327
[92mINFO [0m:      Sent reply
[92mINFO [0m:      
[92mINFO [0m:      Received: evaluate message 91cd923c-a9b0-4839-b674-14a4b847bff7
[92mINFO [0m:      Sent reply
[92mINFO [0m:      
[92mINFO [0m:      Received: train message 5a7a03ae-b577-4a01-9308-cf58b410c7c7
[92mINFO [0m:      Sent reply
[92mINFO [0m:      
[92mINFO [0m:      Received: evaluate message 9b147632-7bb1-431e-aa60-304863ba86fa
[92mINFO [0m:      Sent reply
[92mINFO [0m:      
[92mINFO [0m:      Received: train message c74c7b52-0784-4103-a977-1c166240751f
[92mINFO [0m:      Sent reply
[92mINFO [0m:      
[92mINFO [0m:      Received: evaluate message 5d0370ed-8845-4714-89a8-13414f636d14
[92mINFO [0m:      Sent reply
[92mINFO [0m:      
[92mINFO [0m:      Received: train message 3be301a1-2041-4eef-8844-a22e450c887f
[92mINFO [0m:      Sent reply
[92mINFO [0m:      
[92mINFO [0m:      Received: reconnect message 163c2bf0-819f-426d-9b63-1a11e00521f1
[92mINFO [0m:      Disconnect and shut down
