/home/rohovyi/DFL/lab1/data_utils.py:28: DeprecationWarning: __array__ implementation doesn't accept a copy keyword, so passing copy=False failed. __array__ must implement 'dtype' and 'copy' keyword arguments.
  targets = np.array(full_dataset.targets)
Number of clients: 8
Client 0 has 7104 samples
Client 1 has 7568 samples
Client 2 has 7405 samples
Client 3 has 6888 samples
Client 4 has 7439 samples
Client 5 has 8117 samples
Client 6 has 6858 samples
Client 7 has 8621 samples
Generated datasets for 8 clients with alpha=10.0
Waiting for clients to connect before starting training...
Starting server on 127.0.0.1:8080 for 32 rounds
[93mWARNING [0m:   DEPRECATED FEATURE: flwr.server.start_server() is deprecated.
	Instead, use the `flower-superlink` CLI command to start a SuperLink as shown below:

		$ flower-superlink --insecure

	To view usage and all available options, run:

		$ flower-superlink --help

	Using `start_server()` is deprecated.

            This is a deprecated feature. It will be removed
            entirely in future versions of Flower.
        
[92mINFO [0m:      Starting Flower server, config: num_rounds=32, round_timeout=60s
[92mINFO [0m:      Flower ECE: gRPC server running (32 rounds), SSL is disabled
[92mINFO [0m:      [INIT]
[92mINFO [0m:      Using initial global parameters provided by strategy
[92mINFO [0m:      Starting evaluation of initial global parameters
[92mINFO [0m:      Evaluation returned no results (`None`)
[92mINFO [0m:      
[92mINFO [0m:      [ROUND 1]
Waiting for clients in round 1: 0/8 connected...
Waiting for clients in round 1: 0/8 connected...
Waiting for clients in round 1: 0/8 connected...
Waiting for clients in round 1: 0/8 connected...
Waiting for clients in round 1: 0/8 connected...
[CustomClientManager] Client 0d79919ca4b44f5381b99229a3a6782a registered.
[CustomClientManager] Client 48ac3fe3ad0343d0baf985dfbb2e8bf2 registered.
[CustomClientManager] Client 0defb2035eb34b99af051b9207fcfd7c registered.
[CustomClientManager] Client fc419f5123f146ebbb3fc59f7089f359 registered.
[CustomClientManager] Client f2c94ff7a47f42dab80cf0134976a5d7 registered.
[CustomClientManager] Client e22a3b1b0e994faf873f59dca5c1cfb4 registered.
Waiting for clients in round 1: 6/8 connected...
[CustomClientManager] Client c633b3a4ecc5408894301027c11d127c registered.
[CustomClientManager] Client 0b7ffb87f8314cec98c48f3a7b931022 registered.
[92mINFO [0m:      configure_fit: strategy sampled 4 clients (out of 8)
[92mINFO [0m:      aggregate_fit: received 4 results and 0 failures

[Round 1] Fit results from clients:
 - Client e22a3b1b0e994faf873f59dca5c1cfb4: Loss: 0.7461, Accuracy: 0.7471, Examples: 6493
 - Client 0d79919ca4b44f5381b99229a3a6782a: Loss: 0.7823, Accuracy: 0.7313, Examples: 5683
 - Client 0defb2035eb34b99af051b9207fcfd7c: Loss: 0.7244, Accuracy: 0.7598, Examples: 5924
 - Client 48ac3fe3ad0343d0baf985dfbb2e8bf2: Loss: 0.7697, Accuracy: 0.7390, Examples: 6054
[Round 1] Aggregated training metrics: {'loss': 0.7552124377495234, 'accuracy': 0.7444833153928956}

[92mINFO [0m:      configure_evaluate: strategy sampled 4 clients (out of 8)
[92mINFO [0m:      aggregate_evaluate: received 4 results and 0 failures

[Round 1] Evaluation results from clients:
 - Client 48ac3fe3ad0343d0baf985dfbb2e8bf2: Loss: 0.5356, Accuracy: 0.8025, Examples: 1514
 - Client fc419f5123f146ebbb3fc59f7089f359: Loss: 0.5184, Accuracy: 0.8142, Examples: 1378
 - Client c633b3a4ecc5408894301027c11d127c: Loss: 0.4437, Accuracy: 0.8433, Examples: 1372
 - Client 0d79919ca4b44f5381b99229a3a6782a: Loss: 0.5484, Accuracy: 0.8030, Examples: 1421
[Round 1] Aggregated evaluation metrics: {'loss': 0.512465239955127, 'accuracy': 0.8153034300791556}, Aggregated loss: 0.5125

[92mINFO [0m:      
[92mINFO [0m:      [ROUND 2]
[92mINFO [0m:      configure_fit: strategy sampled 4 clients (out of 8)
[92mINFO [0m:      aggregate_fit: received 4 results and 0 failures

[Round 2] Fit results from clients:
 - Client fc419f5123f146ebbb3fc59f7089f359: Loss: 0.4387, Accuracy: 0.8488, Examples: 5510
 - Client 0d79919ca4b44f5381b99229a3a6782a: Loss: 0.4600, Accuracy: 0.8369, Examples: 5683
 - Client f2c94ff7a47f42dab80cf0134976a5d7: Loss: 0.4534, Accuracy: 0.8408, Examples: 5951
 - Client 48ac3fe3ad0343d0baf985dfbb2e8bf2: Loss: 0.4656, Accuracy: 0.8355, Examples: 6054
[Round 2] Aggregated training metrics: {'loss': 0.4547069016188439, 'accuracy': 0.8403472282093284}

[92mINFO [0m:      configure_evaluate: strategy sampled 4 clients (out of 8)
[92mINFO [0m:      aggregate_evaluate: received 4 results and 0 failures

[Round 2] Evaluation results from clients:
 - Client e22a3b1b0e994faf873f59dca5c1cfb4: Loss: 0.4513, Accuracy: 0.8368, Examples: 1624
 - Client 0b7ffb87f8314cec98c48f3a7b931022: Loss: 0.4684, Accuracy: 0.8330, Examples: 1725
 - Client 48ac3fe3ad0343d0baf985dfbb2e8bf2: Loss: 0.4576, Accuracy: 0.8256, Examples: 1514
 - Client 0d79919ca4b44f5381b99229a3a6782a: Loss: 0.5123, Accuracy: 0.8163, Examples: 1421
[Round 2] Aggregated evaluation metrics: {'loss': 0.4712824695035199, 'accuracy': 0.828453214513049}, Aggregated loss: 0.4713

[92mINFO [0m:      
[92mINFO [0m:      [ROUND 3]
[92mINFO [0m:      configure_fit: strategy sampled 4 clients (out of 8)
[92mINFO [0m:      aggregate_fit: received 4 results and 0 failures

[Round 3] Fit results from clients:
 - Client c633b3a4ecc5408894301027c11d127c: Loss: 0.3933, Accuracy: 0.8655, Examples: 5486
 - Client 0d79919ca4b44f5381b99229a3a6782a: Loss: 0.4024, Accuracy: 0.8561, Examples: 5683
 - Client 48ac3fe3ad0343d0baf985dfbb2e8bf2: Loss: 0.4093, Accuracy: 0.8553, Examples: 6054
 - Client f2c94ff7a47f42dab80cf0134976a5d7: Loss: 0.3945, Accuracy: 0.8606, Examples: 5951
[Round 3] Aggregated training metrics: {'loss': 0.39999719851472587, 'accuracy': 0.8592657719858462}

[92mINFO [0m:      configure_evaluate: strategy sampled 4 clients (out of 8)
[92mINFO [0m:      aggregate_evaluate: received 4 results and 0 failures

[Round 3] Evaluation results from clients:
 - Client c633b3a4ecc5408894301027c11d127c: Loss: 0.3721, Accuracy: 0.8688, Examples: 1372
 - Client f2c94ff7a47f42dab80cf0134976a5d7: Loss: 0.4274, Accuracy: 0.8501, Examples: 1488
 - Client fc419f5123f146ebbb3fc59f7089f359: Loss: 0.4036, Accuracy: 0.8541, Examples: 1378
 - Client 48ac3fe3ad0343d0baf985dfbb2e8bf2: Loss: 0.4258, Accuracy: 0.8382, Examples: 1514
[Round 3] Aggregated evaluation metrics: {'loss': 0.4081046009884424, 'accuracy': 0.8523991655076495}, Aggregated loss: 0.4081

[92mINFO [0m:      
[92mINFO [0m:      [ROUND 4]
[92mINFO [0m:      configure_fit: strategy sampled 4 clients (out of 8)
[92mINFO [0m:      aggregate_fit: received 4 results and 0 failures

[Round 4] Fit results from clients:
 - Client 0d79919ca4b44f5381b99229a3a6782a: Loss: 0.3662, Accuracy: 0.8698, Examples: 5683
 - Client c633b3a4ecc5408894301027c11d127c: Loss: 0.3562, Accuracy: 0.8777, Examples: 5486
 - Client 48ac3fe3ad0343d0baf985dfbb2e8bf2: Loss: 0.3725, Accuracy: 0.8687, Examples: 6054
 - Client f2c94ff7a47f42dab80cf0134976a5d7: Loss: 0.3563, Accuracy: 0.8743, Examples: 5951
[Round 4] Aggregated training metrics: {'loss': 0.3629390005723733, 'accuracy': 0.8725457409165444}

[92mINFO [0m:      configure_evaluate: strategy sampled 4 clients (out of 8)
[92mINFO [0m:      aggregate_evaluate: received 4 results and 0 failures

[Round 4] Evaluation results from clients:
 - Client 48ac3fe3ad0343d0baf985dfbb2e8bf2: Loss: 0.4006, Accuracy: 0.8501, Examples: 1514
 - Client 0defb2035eb34b99af051b9207fcfd7c: Loss: 0.3233, Accuracy: 0.8832, Examples: 1481
 - Client 0b7ffb87f8314cec98c48f3a7b931022: Loss: 0.3995, Accuracy: 0.8510, Examples: 1725
 - Client c633b3a4ecc5408894301027c11d127c: Loss: 0.3436, Accuracy: 0.8776, Examples: 1372
[Round 4] Aggregated evaluation metrics: {'loss': 0.3686608993060011, 'accuracy': 0.8645764937623113}, Aggregated loss: 0.3687

[92mINFO [0m:      
[92mINFO [0m:      [ROUND 5]
[92mINFO [0m:      configure_fit: strategy sampled 4 clients (out of 8)
[92mINFO [0m:      aggregate_fit: received 4 results and 0 failures

[Round 5] Fit results from clients:
 - Client 0d79919ca4b44f5381b99229a3a6782a: Loss: 0.3369, Accuracy: 0.8795, Examples: 5683
 - Client fc419f5123f146ebbb3fc59f7089f359: Loss: 0.3355, Accuracy: 0.8844, Examples: 5510
 - Client 0defb2035eb34b99af051b9207fcfd7c: Loss: 0.3273, Accuracy: 0.8824, Examples: 5924
 - Client c633b3a4ecc5408894301027c11d127c: Loss: 0.3250, Accuracy: 0.8864, Examples: 5486
[Round 5] Aggregated training metrics: {'loss': 0.3311409035607179, 'accuracy': 0.8831349820820245}

[92mINFO [0m:      configure_evaluate: strategy sampled 4 clients (out of 8)
[92mINFO [0m:      aggregate_evaluate: received 4 results and 0 failures

[Round 5] Evaluation results from clients:
 - Client fc419f5123f146ebbb3fc59f7089f359: Loss: 0.3798, Accuracy: 0.8636, Examples: 1378
 - Client 0defb2035eb34b99af051b9207fcfd7c: Loss: 0.3113, Accuracy: 0.8859, Examples: 1481
 - Client 0d79919ca4b44f5381b99229a3a6782a: Loss: 0.4094, Accuracy: 0.8487, Examples: 1421
 - Client 48ac3fe3ad0343d0baf985dfbb2e8bf2: Loss: 0.4110, Accuracy: 0.8388, Examples: 1514
[Round 5] Aggregated evaluation metrics: {'loss': 0.3776989467274867, 'accuracy': 0.8591646530894028}, Aggregated loss: 0.3777

[92mINFO [0m:      
[92mINFO [0m:      [ROUND 6]
[92mINFO [0m:      configure_fit: strategy sampled 4 clients (out of 8)
[92mINFO [0m:      aggregate_fit: received 4 results and 0 failures

[Round 6] Fit results from clients:
 - Client 0d79919ca4b44f5381b99229a3a6782a: Loss: 0.3127, Accuracy: 0.8891, Examples: 5683
 - Client e22a3b1b0e994faf873f59dca5c1cfb4: Loss: 0.3417, Accuracy: 0.8770, Examples: 6493
 - Client f2c94ff7a47f42dab80cf0134976a5d7: Loss: 0.3151, Accuracy: 0.8866, Examples: 5951
 - Client 0defb2035eb34b99af051b9207fcfd7c: Loss: 0.2934, Accuracy: 0.8958, Examples: 5924
[Round 6] Aggregated training metrics: {'loss': 0.31637557666993643, 'accuracy': 0.8868758055798096}

[92mINFO [0m:      configure_evaluate: strategy sampled 4 clients (out of 8)
[92mINFO [0m:      aggregate_evaluate: received 4 results and 0 failures

[Round 6] Evaluation results from clients:
 - Client 0b7ffb87f8314cec98c48f3a7b931022: Loss: 0.3597, Accuracy: 0.8719, Examples: 1725
 - Client 0d79919ca4b44f5381b99229a3a6782a: Loss: 0.3924, Accuracy: 0.8543, Examples: 1421
 - Client fc419f5123f146ebbb3fc59f7089f359: Loss: 0.3507, Accuracy: 0.8737, Examples: 1378
 - Client f2c94ff7a47f42dab80cf0134976a5d7: Loss: 0.3863, Accuracy: 0.8642, Examples: 1488
[Round 6] Aggregated evaluation metrics: {'loss': 0.37194020373477826, 'accuracy': 0.8662674650698603}, Aggregated loss: 0.3719

[92mINFO [0m:      
[92mINFO [0m:      [ROUND 7]
[92mINFO [0m:      configure_fit: strategy sampled 4 clients (out of 8)
[92mINFO [0m:      aggregate_fit: received 4 results and 0 failures

[Round 7] Fit results from clients:
 - Client 0defb2035eb34b99af051b9207fcfd7c: Loss: 0.2683, Accuracy: 0.9041, Examples: 5924
 - Client f2c94ff7a47f42dab80cf0134976a5d7: Loss: 0.2905, Accuracy: 0.8965, Examples: 5951
 - Client c633b3a4ecc5408894301027c11d127c: Loss: 0.2924, Accuracy: 0.8981, Examples: 5486
 - Client 48ac3fe3ad0343d0baf985dfbb2e8bf2: Loss: 0.3205, Accuracy: 0.8855, Examples: 6054
[Round 7] Aggregated training metrics: {'loss': 0.2930731395008522, 'accuracy': 0.8959320948110185}

[92mINFO [0m:      configure_evaluate: strategy sampled 4 clients (out of 8)
[92mINFO [0m:      aggregate_evaluate: received 4 results and 0 failures

[Round 7] Evaluation results from clients:
 - Client e22a3b1b0e994faf873f59dca5c1cfb4: Loss: 0.3632, Accuracy: 0.8695, Examples: 1624
 - Client 0d79919ca4b44f5381b99229a3a6782a: Loss: 0.4029, Accuracy: 0.8529, Examples: 1421
 - Client f2c94ff7a47f42dab80cf0134976a5d7: Loss: 0.3661, Accuracy: 0.8703, Examples: 1488
 - Client 48ac3fe3ad0343d0baf985dfbb2e8bf2: Loss: 0.3660, Accuracy: 0.8547, Examples: 1514
[Round 7] Aggregated evaluation metrics: {'loss': 0.3739487744321976, 'accuracy': 0.862080370431619}, Aggregated loss: 0.3739

[92mINFO [0m:      
[92mINFO [0m:      [ROUND 8]
[92mINFO [0m:      configure_fit: strategy sampled 4 clients (out of 8)
[92mINFO [0m:      aggregate_fit: received 4 results and 0 failures

[Round 8] Fit results from clients:
 - Client e22a3b1b0e994faf873f59dca5c1cfb4: Loss: 0.3020, Accuracy: 0.8919, Examples: 6493
 - Client 48ac3fe3ad0343d0baf985dfbb2e8bf2: Loss: 0.2957, Accuracy: 0.8948, Examples: 6054
 - Client 0defb2035eb34b99af051b9207fcfd7c: Loss: 0.2479, Accuracy: 0.9110, Examples: 5924
 - Client 0d79919ca4b44f5381b99229a3a6782a: Loss: 0.2870, Accuracy: 0.8979, Examples: 5683
[Round 8] Aggregated training metrics: {'loss': 0.28361208858804865, 'accuracy': 0.8987227788358036}

[92mINFO [0m:      configure_evaluate: strategy sampled 4 clients (out of 8)
[92mINFO [0m:      aggregate_evaluate: received 4 results and 0 failures

[Round 8] Evaluation results from clients:
 - Client 48ac3fe3ad0343d0baf985dfbb2e8bf2: Loss: 0.3447, Accuracy: 0.8613, Examples: 1514
 - Client 0d79919ca4b44f5381b99229a3a6782a: Loss: 0.3833, Accuracy: 0.8593, Examples: 1421
 - Client c633b3a4ecc5408894301027c11d127c: Loss: 0.3108, Accuracy: 0.8907, Examples: 1372
 - Client 0b7ffb87f8314cec98c48f3a7b931022: Loss: 0.3637, Accuracy: 0.8713, Examples: 1725
[Round 8] Aggregated evaluation metrics: {'loss': 0.3514985963998644, 'accuracy': 0.8703580901856764}, Aggregated loss: 0.3515

[92mINFO [0m:      
[92mINFO [0m:      [ROUND 9]
[92mINFO [0m:      configure_fit: strategy sampled 4 clients (out of 8)
[92mINFO [0m:      aggregate_fit: received 4 results and 0 failures

[Round 9] Fit results from clients:
 - Client 0defb2035eb34b99af051b9207fcfd7c: Loss: 0.2268, Accuracy: 0.9196, Examples: 5924
 - Client fc419f5123f146ebbb3fc59f7089f359: Loss: 0.2766, Accuracy: 0.9017, Examples: 5510
 - Client 0b7ffb87f8314cec98c48f3a7b931022: Loss: 0.2877, Accuracy: 0.8957, Examples: 6896
 - Client c633b3a4ecc5408894301027c11d127c: Loss: 0.2653, Accuracy: 0.9071, Examples: 5486
[Round 9] Aggregated training metrics: {'loss': 0.2648163714602884, 'accuracy': 0.9056884027544508}

[92mINFO [0m:      configure_evaluate: strategy sampled 4 clients (out of 8)
[92mINFO [0m:      aggregate_evaluate: received 4 results and 0 failures

[Round 9] Evaluation results from clients:
 - Client 0defb2035eb34b99af051b9207fcfd7c: Loss: 0.2887, Accuracy: 0.8940, Examples: 1481
 - Client 48ac3fe3ad0343d0baf985dfbb2e8bf2: Loss: 0.3585, Accuracy: 0.8573, Examples: 1514
 - Client c633b3a4ecc5408894301027c11d127c: Loss: 0.3089, Accuracy: 0.8929, Examples: 1372
 - Client 0b7ffb87f8314cec98c48f3a7b931022: Loss: 0.3493, Accuracy: 0.8730, Examples: 1725
[Round 9] Aggregated evaluation metrics: {'loss': 0.3277644667424658, 'accuracy': 0.878693368351937}, Aggregated loss: 0.3278

[92mINFO [0m:      
[92mINFO [0m:      [ROUND 10]
[92mINFO [0m:      configure_fit: strategy sampled 4 clients (out of 8)
[92mINFO [0m:      aggregate_fit: received 4 results and 0 failures

[Round 10] Fit results from clients:
 - Client f2c94ff7a47f42dab80cf0134976a5d7: Loss: 0.2612, Accuracy: 0.9075, Examples: 5951
 - Client c633b3a4ecc5408894301027c11d127c: Loss: 0.2432, Accuracy: 0.9151, Examples: 5486
 - Client e22a3b1b0e994faf873f59dca5c1cfb4: Loss: 0.2689, Accuracy: 0.9039, Examples: 6493
 - Client 0d79919ca4b44f5381b99229a3a6782a: Loss: 0.2610, Accuracy: 0.9071, Examples: 5683
[Round 10] Aggregated training metrics: {'loss': 0.259082377466282, 'accuracy': 0.9081914623300724}

[92mINFO [0m:      configure_evaluate: strategy sampled 4 clients (out of 8)
[92mINFO [0m:      aggregate_evaluate: received 4 results and 0 failures

[Round 10] Evaluation results from clients:
 - Client 48ac3fe3ad0343d0baf985dfbb2e8bf2: Loss: 0.3611, Accuracy: 0.8593, Examples: 1514
 - Client f2c94ff7a47f42dab80cf0134976a5d7: Loss: 0.3520, Accuracy: 0.8757, Examples: 1488
 - Client 0defb2035eb34b99af051b9207fcfd7c: Loss: 0.2795, Accuracy: 0.8974, Examples: 1481
 - Client e22a3b1b0e994faf873f59dca5c1cfb4: Loss: 0.3366, Accuracy: 0.8879, Examples: 1624
[Round 10] Aggregated evaluation metrics: {'loss': 0.3325935300846468, 'accuracy': 0.8801375470771247}, Aggregated loss: 0.3326

[92mINFO [0m:      
[92mINFO [0m:      [ROUND 11]
[92mINFO [0m:      configure_fit: strategy sampled 4 clients (out of 8)
[92mINFO [0m:      aggregate_fit: received 4 results and 0 failures

[Round 11] Fit results from clients:
 - Client 0defb2035eb34b99af051b9207fcfd7c: Loss: 0.2086, Accuracy: 0.9258, Examples: 5924
 - Client 0b7ffb87f8314cec98c48f3a7b931022: Loss: 0.2524, Accuracy: 0.9091, Examples: 6896
 - Client fc419f5123f146ebbb3fc59f7089f359: Loss: 0.2462, Accuracy: 0.9138, Examples: 5510
 - Client c633b3a4ecc5408894301027c11d127c: Loss: 0.2244, Accuracy: 0.9226, Examples: 5486
[Round 11] Aggregated training metrics: {'loss': 0.23361936886865253, 'accuracy': 0.9174347077594894}

[92mINFO [0m:      configure_evaluate: strategy sampled 4 clients (out of 8)
[92mINFO [0m:      aggregate_evaluate: received 4 results and 0 failures

[Round 11] Evaluation results from clients:
 - Client 0d79919ca4b44f5381b99229a3a6782a: Loss: 0.3507, Accuracy: 0.8670, Examples: 1421
 - Client fc419f5123f146ebbb3fc59f7089f359: Loss: 0.3323, Accuracy: 0.8788, Examples: 1378
 - Client e22a3b1b0e994faf873f59dca5c1cfb4: Loss: 0.3434, Accuracy: 0.8818, Examples: 1624
 - Client 0defb2035eb34b99af051b9207fcfd7c: Loss: 0.2720, Accuracy: 0.8980, Examples: 1481
[Round 11] Aggregated evaluation metrics: {'loss': 0.32464857107699724, 'accuracy': 0.8816056910569106}, Aggregated loss: 0.3246

[92mINFO [0m:      
[92mINFO [0m:      [ROUND 12]
[92mINFO [0m:      configure_fit: strategy sampled 4 clients (out of 8)
[92mINFO [0m:      aggregate_fit: received 4 results and 0 failures

[Round 12] Fit results from clients:
 - Client fc419f5123f146ebbb3fc59f7089f359: Loss: 0.2223, Accuracy: 0.9221, Examples: 5510
 - Client 0defb2035eb34b99af051b9207fcfd7c: Loss: 0.1884, Accuracy: 0.9345, Examples: 5924
 - Client 0d79919ca4b44f5381b99229a3a6782a: Loss: 0.2407, Accuracy: 0.9139, Examples: 5683
 - Client c633b3a4ecc5408894301027c11d127c: Loss: 0.2095, Accuracy: 0.9280, Examples: 5486
[Round 12] Aggregated training metrics: {'loss': 0.21495366290379622, 'accuracy': 0.9247389727027385}

[92mINFO [0m:      configure_evaluate: strategy sampled 4 clients (out of 8)
[92mINFO [0m:      aggregate_evaluate: received 4 results and 0 failures

[Round 12] Evaluation results from clients:
 - Client c633b3a4ecc5408894301027c11d127c: Loss: 0.2914, Accuracy: 0.9038, Examples: 1372
 - Client 0defb2035eb34b99af051b9207fcfd7c: Loss: 0.2847, Accuracy: 0.9034, Examples: 1481
 - Client 48ac3fe3ad0343d0baf985dfbb2e8bf2: Loss: 0.3465, Accuracy: 0.8593, Examples: 1514
 - Client 0d79919ca4b44f5381b99229a3a6782a: Loss: 0.3715, Accuracy: 0.8642, Examples: 1421
[Round 12] Aggregated evaluation metrics: {'loss': 0.3237795276669032, 'accuracy': 0.8823427781617139}, Aggregated loss: 0.3238

[92mINFO [0m:      
[92mINFO [0m:      [ROUND 13]
[92mINFO [0m:      configure_fit: strategy sampled 4 clients (out of 8)
[92mINFO [0m:      aggregate_fit: received 4 results and 0 failures

[Round 13] Fit results from clients:
 - Client 48ac3fe3ad0343d0baf985dfbb2e8bf2: Loss: 0.2616, Accuracy: 0.9075, Examples: 6054
 - Client fc419f5123f146ebbb3fc59f7089f359: Loss: 0.2033, Accuracy: 0.9291, Examples: 5510
 - Client e22a3b1b0e994faf873f59dca5c1cfb4: Loss: 0.2395, Accuracy: 0.9144, Examples: 6493
 - Client 0b7ffb87f8314cec98c48f3a7b931022: Loss: 0.2276, Accuracy: 0.9175, Examples: 6896
[Round 13] Aggregated training metrics: {'loss': 0.23356275342694274, 'accuracy': 0.9168086001683164}

[92mINFO [0m:      configure_evaluate: strategy sampled 4 clients (out of 8)
[92mINFO [0m:      aggregate_evaluate: received 4 results and 0 failures

[Round 13] Evaluation results from clients:
 - Client c633b3a4ecc5408894301027c11d127c: Loss: 0.3056, Accuracy: 0.8943, Examples: 1372
 - Client 48ac3fe3ad0343d0baf985dfbb2e8bf2: Loss: 0.3708, Accuracy: 0.8534, Examples: 1514
 - Client e22a3b1b0e994faf873f59dca5c1cfb4: Loss: 0.3430, Accuracy: 0.8793, Examples: 1624
 - Client fc419f5123f146ebbb3fc59f7089f359: Loss: 0.3304, Accuracy: 0.8832, Examples: 1378
[Round 13] Aggregated evaluation metrics: {'loss': 0.3384456326172728, 'accuracy': 0.8770380434782609}, Aggregated loss: 0.3384

[92mINFO [0m:      
[92mINFO [0m:      [ROUND 14]
[92mINFO [0m:      configure_fit: strategy sampled 4 clients (out of 8)
[92mINFO [0m:      aggregate_fit: received 4 results and 0 failures

[Round 14] Fit results from clients:
 - Client 0b7ffb87f8314cec98c48f3a7b931022: Loss: 0.2031, Accuracy: 0.9274, Examples: 6896
 - Client f2c94ff7a47f42dab80cf0134976a5d7: Loss: 0.2319, Accuracy: 0.9172, Examples: 5951
 - Client c633b3a4ecc5408894301027c11d127c: Loss: 0.1971, Accuracy: 0.9325, Examples: 5486
 - Client 48ac3fe3ad0343d0baf985dfbb2e8bf2: Loss: 0.2389, Accuracy: 0.9146, Examples: 6054
[Round 14] Aggregated training metrics: {'loss': 0.2176659232643792, 'accuracy': 0.9228943699512036}

[92mINFO [0m:      configure_evaluate: strategy sampled 4 clients (out of 8)
[92mINFO [0m:      aggregate_evaluate: received 4 results and 0 failures

[Round 14] Evaluation results from clients:
 - Client f2c94ff7a47f42dab80cf0134976a5d7: Loss: 0.3437, Accuracy: 0.8858, Examples: 1488
 - Client 0b7ffb87f8314cec98c48f3a7b931022: Loss: 0.3357, Accuracy: 0.8812, Examples: 1725
 - Client fc419f5123f146ebbb3fc59f7089f359: Loss: 0.3188, Accuracy: 0.8846, Examples: 1378
 - Client e22a3b1b0e994faf873f59dca5c1cfb4: Loss: 0.3288, Accuracy: 0.8836, Examples: 1624
[Round 14] Aggregated evaluation metrics: {'loss': 0.33208350519067514, 'accuracy': 0.883668543845535}, Aggregated loss: 0.3321

[92mINFO [0m:      
[92mINFO [0m:      [ROUND 15]
[92mINFO [0m:      configure_fit: strategy sampled 4 clients (out of 8)
[92mINFO [0m:      aggregate_fit: received 4 results and 0 failures

[Round 15] Fit results from clients:
 - Client e22a3b1b0e994faf873f59dca5c1cfb4: Loss: 0.2165, Accuracy: 0.9224, Examples: 6493
 - Client c633b3a4ecc5408894301027c11d127c: Loss: 0.1798, Accuracy: 0.9401, Examples: 5486
 - Client 0defb2035eb34b99af051b9207fcfd7c: Loss: 0.1768, Accuracy: 0.9370, Examples: 5924
 - Client 48ac3fe3ad0343d0baf985dfbb2e8bf2: Loss: 0.2172, Accuracy: 0.9232, Examples: 6054
[Round 15] Aggregated training metrics: {'loss': 0.19849144914764585, 'accuracy': 0.9302761197144884}

[92mINFO [0m:      configure_evaluate: strategy sampled 4 clients (out of 8)
[92mINFO [0m:      aggregate_evaluate: received 4 results and 0 failures

[Round 15] Evaluation results from clients:
 - Client c633b3a4ecc5408894301027c11d127c: Loss: 0.2843, Accuracy: 0.9038, Examples: 1372
 - Client e22a3b1b0e994faf873f59dca5c1cfb4: Loss: 0.3290, Accuracy: 0.8836, Examples: 1624
 - Client 0d79919ca4b44f5381b99229a3a6782a: Loss: 0.3391, Accuracy: 0.8790, Examples: 1421
 - Client 0b7ffb87f8314cec98c48f3a7b931022: Loss: 0.3457, Accuracy: 0.8846, Examples: 1725
[Round 15] Aggregated evaluation metrics: {'loss': 0.3260371059383099, 'accuracy': 0.8873331162487789}, Aggregated loss: 0.3260

[92mINFO [0m:      
[92mINFO [0m:      [ROUND 16]
[92mINFO [0m:      configure_fit: strategy sampled 4 clients (out of 8)
[92mINFO [0m:      aggregate_fit: received 4 results and 0 failures

[Round 16] Fit results from clients:
 - Client fc419f5123f146ebbb3fc59f7089f359: Loss: 0.1876, Accuracy: 0.9339, Examples: 5510
 - Client 0defb2035eb34b99af051b9207fcfd7c: Loss: 0.1573, Accuracy: 0.9451, Examples: 5924
 - Client 48ac3fe3ad0343d0baf985dfbb2e8bf2: Loss: 0.1991, Accuracy: 0.9284, Examples: 6054
 - Client e22a3b1b0e994faf873f59dca5c1cfb4: Loss: 0.1930, Accuracy: 0.9318, Examples: 6493
[Round 16] Aggregated training metrics: {'loss': 0.18449920624174662, 'accuracy': 0.9346930903632042}

[92mINFO [0m:      configure_evaluate: strategy sampled 4 clients (out of 8)
[92mINFO [0m:      aggregate_evaluate: received 4 results and 0 failures

[Round 16] Evaluation results from clients:
 - Client 48ac3fe3ad0343d0baf985dfbb2e8bf2: Loss: 0.3262, Accuracy: 0.8725, Examples: 1514
 - Client f2c94ff7a47f42dab80cf0134976a5d7: Loss: 0.3556, Accuracy: 0.8784, Examples: 1488
 - Client c633b3a4ecc5408894301027c11d127c: Loss: 0.3166, Accuracy: 0.8841, Examples: 1372
 - Client fc419f5123f146ebbb3fc59f7089f359: Loss: 0.3224, Accuracy: 0.8926, Examples: 1378
[Round 16] Aggregated evaluation metrics: {'loss': 0.3305900021765759, 'accuracy': 0.8816063977746871}, Aggregated loss: 0.3306

[92mINFO [0m:      
[92mINFO [0m:      [ROUND 17]
[92mINFO [0m:      configure_fit: strategy sampled 4 clients (out of 8)
[92mINFO [0m:      aggregate_fit: received 4 results and 0 failures

[Round 17] Fit results from clients:
 - Client f2c94ff7a47f42dab80cf0134976a5d7: Loss: 0.2106, Accuracy: 0.9247, Examples: 5951
 - Client c633b3a4ecc5408894301027c11d127c: Loss: 0.1724, Accuracy: 0.9406, Examples: 5486
 - Client 0defb2035eb34b99af051b9207fcfd7c: Loss: 0.1425, Accuracy: 0.9520, Examples: 5924
 - Client 0b7ffb87f8314cec98c48f3a7b931022: Loss: 0.1880, Accuracy: 0.9331, Examples: 6896
[Round 17] Aggregated training metrics: {'loss': 0.1788997247998797, 'accuracy': 0.9373479820258069}

[92mINFO [0m:      configure_evaluate: strategy sampled 4 clients (out of 8)
[92mINFO [0m:      aggregate_evaluate: received 4 results and 0 failures

[Round 17] Evaluation results from clients:
 - Client 0b7ffb87f8314cec98c48f3a7b931022: Loss: 0.3275, Accuracy: 0.8864, Examples: 1725
 - Client e22a3b1b0e994faf873f59dca5c1cfb4: Loss: 0.3466, Accuracy: 0.8750, Examples: 1624
 - Client c633b3a4ecc5408894301027c11d127c: Loss: 0.2974, Accuracy: 0.9001, Examples: 1372
 - Client 0d79919ca4b44f5381b99229a3a6782a: Loss: 0.3404, Accuracy: 0.8761, Examples: 1421
[Round 17] Aggregated evaluation metrics: {'loss': 0.3287979895324825, 'accuracy': 0.8840768479322696}, Aggregated loss: 0.3288

[92mINFO [0m:      
[92mINFO [0m:      [ROUND 18]
[92mINFO [0m:      configure_fit: strategy sampled 4 clients (out of 8)
[92mINFO [0m:      aggregate_fit: received 4 results and 0 failures

[Round 18] Fit results from clients:
 - Client 0defb2035eb34b99af051b9207fcfd7c: Loss: 0.1303, Accuracy: 0.9564, Examples: 5924
 - Client c633b3a4ecc5408894301027c11d127c: Loss: 0.1563, Accuracy: 0.9468, Examples: 5486
 - Client f2c94ff7a47f42dab80cf0134976a5d7: Loss: 0.1872, Accuracy: 0.9353, Examples: 5951
 - Client e22a3b1b0e994faf873f59dca5c1cfb4: Loss: 0.1803, Accuracy: 0.9357, Examples: 6493
[Round 18] Aggregated training metrics: {'loss': 0.16410955355753226, 'accuracy': 0.9432956736815629}

[92mINFO [0m:      configure_evaluate: strategy sampled 4 clients (out of 8)
[92mINFO [0m:      aggregate_evaluate: received 4 results and 0 failures

[Round 18] Evaluation results from clients:
 - Client 0b7ffb87f8314cec98c48f3a7b931022: Loss: 0.3496, Accuracy: 0.8835, Examples: 1725
 - Client 48ac3fe3ad0343d0baf985dfbb2e8bf2: Loss: 0.3352, Accuracy: 0.8719, Examples: 1514
 - Client fc419f5123f146ebbb3fc59f7089f359: Loss: 0.3143, Accuracy: 0.8962, Examples: 1378
 - Client 0defb2035eb34b99af051b9207fcfd7c: Loss: 0.2636, Accuracy: 0.9088, Examples: 1481
[Round 18] Aggregated evaluation metrics: {'loss': 0.31714977432505426, 'accuracy': 0.8896359462118727}, Aggregated loss: 0.3171

[92mINFO [0m:      
[92mINFO [0m:      [ROUND 19]
[92mINFO [0m:      configure_fit: strategy sampled 4 clients (out of 8)
[92mINFO [0m:      aggregate_fit: received 4 results and 0 failures

[Round 19] Fit results from clients:
 - Client 0b7ffb87f8314cec98c48f3a7b931022: Loss: 0.1704, Accuracy: 0.9387, Examples: 6896
 - Client e22a3b1b0e994faf873f59dca5c1cfb4: Loss: 0.1597, Accuracy: 0.9436, Examples: 6493
 - Client 0defb2035eb34b99af051b9207fcfd7c: Loss: 0.1225, Accuracy: 0.9592, Examples: 5924
 - Client 0d79919ca4b44f5381b99229a3a6782a: Loss: 0.2176, Accuracy: 0.9216, Examples: 5683
[Round 19] Aggregated training metrics: {'loss': 0.16701146866759925, 'accuracy': 0.9409405504880781}

[92mINFO [0m:      configure_evaluate: strategy sampled 4 clients (out of 8)
[92mINFO [0m:      aggregate_evaluate: received 4 results and 0 failures

[Round 19] Evaluation results from clients:
 - Client f2c94ff7a47f42dab80cf0134976a5d7: Loss: 0.3467, Accuracy: 0.8884, Examples: 1488
 - Client 0d79919ca4b44f5381b99229a3a6782a: Loss: 0.3477, Accuracy: 0.8783, Examples: 1421
 - Client 0defb2035eb34b99af051b9207fcfd7c: Loss: 0.2681, Accuracy: 0.9068, Examples: 1481
 - Client 0b7ffb87f8314cec98c48f3a7b931022: Loss: 0.3593, Accuracy: 0.8794, Examples: 1725
[Round 19] Aggregated evaluation metrics: {'loss': 0.3314289388847663, 'accuracy': 0.8879803761242846}, Aggregated loss: 0.3314

[92mINFO [0m:      
[92mINFO [0m:      [ROUND 20]
[92mINFO [0m:      configure_fit: strategy sampled 4 clients (out of 8)
[92mINFO [0m:      aggregate_fit: received 4 results and 0 failures

[Round 20] Fit results from clients:
 - Client 48ac3fe3ad0343d0baf985dfbb2e8bf2: Loss: 0.1963, Accuracy: 0.9291, Examples: 6054
 - Client fc419f5123f146ebbb3fc59f7089f359: Loss: 0.1723, Accuracy: 0.9399, Examples: 5510
 - Client 0defb2035eb34b99af051b9207fcfd7c: Loss: 0.1108, Accuracy: 0.9638, Examples: 5924
 - Client c633b3a4ecc5408894301027c11d127c: Loss: 0.1502, Accuracy: 0.9485, Examples: 5486
[Round 20] Aggregated training metrics: {'loss': 0.1574848398643147, 'accuracy': 0.9452750935840515}

[92mINFO [0m:      configure_evaluate: strategy sampled 4 clients (out of 8)
[92mINFO [0m:      aggregate_evaluate: received 4 results and 0 failures

[Round 20] Evaluation results from clients:
 - Client fc419f5123f146ebbb3fc59f7089f359: Loss: 0.3384, Accuracy: 0.8868, Examples: 1378
 - Client 0d79919ca4b44f5381b99229a3a6782a: Loss: 0.3888, Accuracy: 0.8586, Examples: 1421
 - Client 0defb2035eb34b99af051b9207fcfd7c: Loss: 0.2799, Accuracy: 0.9088, Examples: 1481
 - Client f2c94ff7a47f42dab80cf0134976a5d7: Loss: 0.3909, Accuracy: 0.8750, Examples: 1488
[Round 20] Aggregated evaluation metrics: {'loss': 0.34933011784591556, 'accuracy': 0.8824549237170597}, Aggregated loss: 0.3493

[92mINFO [0m:      
[92mINFO [0m:      [ROUND 21]
[92mINFO [0m:      configure_fit: strategy sampled 4 clients (out of 8)
[92mINFO [0m:      aggregate_fit: received 4 results and 0 failures

[Round 21] Fit results from clients:
 - Client e22a3b1b0e994faf873f59dca5c1cfb4: Loss: 0.1503, Accuracy: 0.9468, Examples: 6493
 - Client 0b7ffb87f8314cec98c48f3a7b931022: Loss: 0.1538, Accuracy: 0.9451, Examples: 6896
 - Client 0d79919ca4b44f5381b99229a3a6782a: Loss: 0.1977, Accuracy: 0.9302, Examples: 5683
 - Client 0defb2035eb34b99af051b9207fcfd7c: Loss: 0.1016, Accuracy: 0.9682, Examples: 5924
[Round 21] Aggregated training metrics: {'loss': 0.15053725848230923, 'accuracy': 0.9476016162586014}

[92mINFO [0m:      configure_evaluate: strategy sampled 4 clients (out of 8)
[92mINFO [0m:      aggregate_evaluate: received 4 results and 0 failures

[Round 21] Evaluation results from clients:
 - Client fc419f5123f146ebbb3fc59f7089f359: Loss: 0.3354, Accuracy: 0.8868, Examples: 1378
 - Client f2c94ff7a47f42dab80cf0134976a5d7: Loss: 0.3622, Accuracy: 0.8878, Examples: 1488
 - Client 48ac3fe3ad0343d0baf985dfbb2e8bf2: Loss: 0.3845, Accuracy: 0.8639, Examples: 1514
 - Client 0d79919ca4b44f5381b99229a3a6782a: Loss: 0.3531, Accuracy: 0.8832, Examples: 1421
[Round 21] Aggregated evaluation metrics: {'loss': 0.3594202771153538, 'accuracy': 0.8801930701603172}, Aggregated loss: 0.3594

[92mINFO [0m:      
[92mINFO [0m:      [ROUND 22]
[92mINFO [0m:      configure_fit: strategy sampled 4 clients (out of 8)
[92mINFO [0m:      aggregate_fit: received 4 results and 0 failures

[Round 22] Fit results from clients:
 - Client 48ac3fe3ad0343d0baf985dfbb2e8bf2: Loss: 0.1765, Accuracy: 0.9371, Examples: 6054
 - Client 0d79919ca4b44f5381b99229a3a6782a: Loss: 0.1735, Accuracy: 0.9381, Examples: 5683
 - Client e22a3b1b0e994faf873f59dca5c1cfb4: Loss: 0.1338, Accuracy: 0.9532, Examples: 6493
 - Client fc419f5123f146ebbb3fc59f7089f359: Loss: 0.1544, Accuracy: 0.9459, Examples: 5510
[Round 22] Aggregated training metrics: {'loss': 0.15898379754482583, 'accuracy': 0.9438026537489469}

[92mINFO [0m:      configure_evaluate: strategy sampled 4 clients (out of 8)
[92mINFO [0m:      aggregate_evaluate: received 4 results and 0 failures

[Round 22] Evaluation results from clients:
 - Client 0b7ffb87f8314cec98c48f3a7b931022: Loss: 0.3642, Accuracy: 0.8887, Examples: 1725
 - Client c633b3a4ecc5408894301027c11d127c: Loss: 0.3102, Accuracy: 0.9052, Examples: 1372
 - Client f2c94ff7a47f42dab80cf0134976a5d7: Loss: 0.3703, Accuracy: 0.8938, Examples: 1488
 - Client 48ac3fe3ad0343d0baf985dfbb2e8bf2: Loss: 0.3765, Accuracy: 0.8705, Examples: 1514
[Round 22] Aggregated evaluation metrics: {'loss': 0.35659479128862914, 'accuracy': 0.8891621577307756}, Aggregated loss: 0.3566

[92mINFO [0m:      
[92mINFO [0m:      [ROUND 23]
[92mINFO [0m:      configure_fit: strategy sampled 4 clients (out of 8)
[92mINFO [0m:      aggregate_fit: received 4 results and 0 failures

[Round 23] Fit results from clients:
 - Client fc419f5123f146ebbb3fc59f7089f359: Loss: 0.1356, Accuracy: 0.9532, Examples: 5510
 - Client e22a3b1b0e994faf873f59dca5c1cfb4: Loss: 0.1203, Accuracy: 0.9581, Examples: 6493
 - Client f2c94ff7a47f42dab80cf0134976a5d7: Loss: 0.1800, Accuracy: 0.9354, Examples: 5951
 - Client 0defb2035eb34b99af051b9207fcfd7c: Loss: 0.1031, Accuracy: 0.9660, Examples: 5924
[Round 23] Aggregated training metrics: {'loss': 0.13441746222834053, 'accuracy': 0.9532676522321802}

[92mINFO [0m:      configure_evaluate: strategy sampled 4 clients (out of 8)
[92mINFO [0m:      aggregate_evaluate: received 4 results and 0 failures

[Round 23] Evaluation results from clients:
 - Client 0b7ffb87f8314cec98c48f3a7b931022: Loss: 0.3547, Accuracy: 0.8887, Examples: 1725
 - Client e22a3b1b0e994faf873f59dca5c1cfb4: Loss: 0.3552, Accuracy: 0.8818, Examples: 1624
 - Client f2c94ff7a47f42dab80cf0134976a5d7: Loss: 0.3712, Accuracy: 0.8958, Examples: 1488
 - Client 0defb2035eb34b99af051b9207fcfd7c: Loss: 0.2850, Accuracy: 0.9028, Examples: 1481
[Round 23] Aggregated evaluation metrics: {'loss': 0.3423790016405263, 'accuracy': 0.8918961696739475}, Aggregated loss: 0.3424

[92mINFO [0m:      
[92mINFO [0m:      [ROUND 24]
[92mINFO [0m:      configure_fit: strategy sampled 4 clients (out of 8)
[92mINFO [0m:      aggregate_fit: received 4 results and 0 failures

[Round 24] Fit results from clients:
 - Client 0b7ffb87f8314cec98c48f3a7b931022: Loss: 0.1445, Accuracy: 0.9488, Examples: 6896
 - Client 48ac3fe3ad0343d0baf985dfbb2e8bf2: Loss: 0.1619, Accuracy: 0.9423, Examples: 6054
 - Client f2c94ff7a47f42dab80cf0134976a5d7: Loss: 0.1554, Accuracy: 0.9455, Examples: 5951
 - Client c633b3a4ecc5408894301027c11d127c: Loss: 0.1467, Accuracy: 0.9491, Examples: 5486
[Round 24] Aggregated training metrics: {'loss': 0.15199132018979647, 'accuracy': 0.9464520031164145}

[92mINFO [0m:      configure_evaluate: strategy sampled 4 clients (out of 8)
[92mINFO [0m:      aggregate_evaluate: received 4 results and 0 failures

[Round 24] Evaluation results from clients:
 - Client 0defb2035eb34b99af051b9207fcfd7c: Loss: 0.2790, Accuracy: 0.9068, Examples: 1481
 - Client e22a3b1b0e994faf873f59dca5c1cfb4: Loss: 0.3466, Accuracy: 0.8836, Examples: 1624
 - Client fc419f5123f146ebbb3fc59f7089f359: Loss: 0.3238, Accuracy: 0.8999, Examples: 1378
 - Client f2c94ff7a47f42dab80cf0134976a5d7: Loss: 0.3558, Accuracy: 0.8878, Examples: 1488
[Round 24] Aggregated evaluation metrics: {'loss': 0.3268828480123096, 'accuracy': 0.8941550829006867}, Aggregated loss: 0.3269

[92mINFO [0m:      
[92mINFO [0m:      [ROUND 25]
[92mINFO [0m:      configure_fit: strategy sampled 4 clients (out of 8)
[92mINFO [0m:      aggregate_fit: received 4 results and 0 failures

[Round 25] Fit results from clients:
 - Client fc419f5123f146ebbb3fc59f7089f359: Loss: 0.1260, Accuracy: 0.9569, Examples: 5510
 - Client f2c94ff7a47f42dab80cf0134976a5d7: Loss: 0.1384, Accuracy: 0.9525, Examples: 5951
 - Client 0d79919ca4b44f5381b99229a3a6782a: Loss: 0.1688, Accuracy: 0.9403, Examples: 5683
 - Client 0b7ffb87f8314cec98c48f3a7b931022: Loss: 0.1222, Accuracy: 0.9565, Examples: 6896
[Round 25] Aggregated training metrics: {'loss': 0.1380791970399971, 'accuracy': 0.9517470881863561}

[92mINFO [0m:      configure_evaluate: strategy sampled 4 clients (out of 8)
[92mINFO [0m:      aggregate_evaluate: received 4 results and 0 failures

[Round 25] Evaluation results from clients:
 - Client 48ac3fe3ad0343d0baf985dfbb2e8bf2: Loss: 0.3603, Accuracy: 0.8738, Examples: 1514
 - Client 0defb2035eb34b99af051b9207fcfd7c: Loss: 0.2760, Accuracy: 0.9061, Examples: 1481
 - Client 0d79919ca4b44f5381b99229a3a6782a: Loss: 0.3499, Accuracy: 0.8776, Examples: 1421
 - Client fc419f5123f146ebbb3fc59f7089f359: Loss: 0.3326, Accuracy: 0.8940, Examples: 1378
[Round 25] Aggregated evaluation metrics: {'loss': 0.32963660204044326, 'accuracy': 0.8878149810148429}, Aggregated loss: 0.3296

[92mINFO [0m:      
[92mINFO [0m:      [ROUND 26]
[92mINFO [0m:      configure_fit: strategy sampled 4 clients (out of 8)
[92mINFO [0m:      aggregate_fit: received 4 results and 0 failures

[Round 26] Fit results from clients:
 - Client 48ac3fe3ad0343d0baf985dfbb2e8bf2: Loss: 0.1497, Accuracy: 0.9464, Examples: 6054
 - Client f2c94ff7a47f42dab80cf0134976a5d7: Loss: 0.1241, Accuracy: 0.9597, Examples: 5951
 - Client 0d79919ca4b44f5381b99229a3a6782a: Loss: 0.1459, Accuracy: 0.9486, Examples: 5683
 - Client c633b3a4ecc5408894301027c11d127c: Loss: 0.1337, Accuracy: 0.9546, Examples: 5486
[Round 26] Aggregated training metrics: {'loss': 0.13841915465369065, 'accuracy': 0.9522794942608095}

[92mINFO [0m:      configure_evaluate: strategy sampled 4 clients (out of 8)
[92mINFO [0m:      aggregate_evaluate: received 4 results and 0 failures

[Round 26] Evaluation results from clients:
 - Client c633b3a4ecc5408894301027c11d127c: Loss: 0.3193, Accuracy: 0.8972, Examples: 1372
 - Client e22a3b1b0e994faf873f59dca5c1cfb4: Loss: 0.3511, Accuracy: 0.8805, Examples: 1624
 - Client fc419f5123f146ebbb3fc59f7089f359: Loss: 0.3312, Accuracy: 0.8977, Examples: 1378
 - Client 0d79919ca4b44f5381b99229a3a6782a: Loss: 0.3660, Accuracy: 0.8684, Examples: 1421
[Round 26] Aggregated evaluation metrics: {'loss': 0.34249564794963344, 'accuracy': 0.8855910267471958}, Aggregated loss: 0.3425

[92mINFO [0m:      
[92mINFO [0m:      [ROUND 27]
[92mINFO [0m:      configure_fit: strategy sampled 4 clients (out of 8)
[92mINFO [0m:      aggregate_fit: received 4 results and 0 failures

[Round 27] Fit results from clients:
 - Client 0d79919ca4b44f5381b99229a3a6782a: Loss: 0.1287, Accuracy: 0.9546, Examples: 5683
 - Client 0defb2035eb34b99af051b9207fcfd7c: Loss: 0.1101, Accuracy: 0.9622, Examples: 5924
 - Client fc419f5123f146ebbb3fc59f7089f359: Loss: 0.1181, Accuracy: 0.9602, Examples: 5510
 - Client c633b3a4ecc5408894301027c11d127c: Loss: 0.1185, Accuracy: 0.9599, Examples: 5486
[Round 27] Aggregated training metrics: {'loss': 0.11876978643297813, 'accuracy': 0.959242135999646}

[92mINFO [0m:      configure_evaluate: strategy sampled 4 clients (out of 8)
[92mINFO [0m:      aggregate_evaluate: received 4 results and 0 failures

[Round 27] Evaluation results from clients:
 - Client f2c94ff7a47f42dab80cf0134976a5d7: Loss: 0.4442, Accuracy: 0.8730, Examples: 1488
 - Client 0defb2035eb34b99af051b9207fcfd7c: Loss: 0.3061, Accuracy: 0.9034, Examples: 1481
 - Client 0b7ffb87f8314cec98c48f3a7b931022: Loss: 0.3862, Accuracy: 0.8858, Examples: 1725
 - Client 48ac3fe3ad0343d0baf985dfbb2e8bf2: Loss: 0.3965, Accuracy: 0.8719, Examples: 1514
[Round 27] Aggregated evaluation metrics: {'loss': 0.38351299951678697, 'accuracy': 0.8835373711340206}, Aggregated loss: 0.3835

[92mINFO [0m:      
[92mINFO [0m:      [ROUND 28]
[92mINFO [0m:      configure_fit: strategy sampled 4 clients (out of 8)
[92mINFO [0m:      aggregate_fit: received 4 results and 0 failures

[Round 28] Fit results from clients:
 - Client f2c94ff7a47f42dab80cf0134976a5d7: Loss: 0.1216, Accuracy: 0.9594, Examples: 5951
 - Client 48ac3fe3ad0343d0baf985dfbb2e8bf2: Loss: 0.1373, Accuracy: 0.9521, Examples: 6054
 - Client c633b3a4ecc5408894301027c11d127c: Loss: 0.1025, Accuracy: 0.9659, Examples: 5486
 - Client 0b7ffb87f8314cec98c48f3a7b931022: Loss: 0.1187, Accuracy: 0.9584, Examples: 6896
[Round 28] Aggregated training metrics: {'loss': 0.12036623058940364, 'accuracy': 0.9587485135523025}

[92mINFO [0m:      configure_evaluate: strategy sampled 4 clients (out of 8)
[92mINFO [0m:      aggregate_evaluate: received 4 results and 0 failures

[Round 28] Evaluation results from clients:
 - Client 48ac3fe3ad0343d0baf985dfbb2e8bf2: Loss: 0.3900, Accuracy: 0.8679, Examples: 1514
 - Client 0b7ffb87f8314cec98c48f3a7b931022: Loss: 0.3655, Accuracy: 0.8870, Examples: 1725
 - Client e22a3b1b0e994faf873f59dca5c1cfb4: Loss: 0.3699, Accuracy: 0.8732, Examples: 1624
 - Client fc419f5123f146ebbb3fc59f7089f359: Loss: 0.3442, Accuracy: 0.8962, Examples: 1378
[Round 28] Aggregated evaluation metrics: {'loss': 0.3678832091528375, 'accuracy': 0.8807883352026918}, Aggregated loss: 0.3679

[92mINFO [0m:      
[92mINFO [0m:      [ROUND 29]
[92mINFO [0m:      configure_fit: strategy sampled 4 clients (out of 8)
[92mINFO [0m:      aggregate_fit: received 4 results and 0 failures

[Round 29] Fit results from clients:
 - Client fc419f5123f146ebbb3fc59f7089f359: Loss: 0.1102, Accuracy: 0.9625, Examples: 5510
 - Client 0d79919ca4b44f5381b99229a3a6782a: Loss: 0.1256, Accuracy: 0.9553, Examples: 5683
 - Client c633b3a4ecc5408894301027c11d127c: Loss: 0.0955, Accuracy: 0.9694, Examples: 5486
 - Client 0b7ffb87f8314cec98c48f3a7b931022: Loss: 0.0999, Accuracy: 0.9657, Examples: 6896
[Round 29] Aggregated training metrics: {'loss': 0.10747801577732469, 'accuracy': 0.9632979851537646}

[92mINFO [0m:      configure_evaluate: strategy sampled 4 clients (out of 8)
[92mINFO [0m:      aggregate_evaluate: received 4 results and 0 failures

[Round 29] Evaluation results from clients:
 - Client 0b7ffb87f8314cec98c48f3a7b931022: Loss: 0.3792, Accuracy: 0.8893, Examples: 1725
 - Client e22a3b1b0e994faf873f59dca5c1cfb4: Loss: 0.3735, Accuracy: 0.8861, Examples: 1624
 - Client fc419f5123f146ebbb3fc59f7089f359: Loss: 0.3544, Accuracy: 0.8940, Examples: 1378
 - Client c633b3a4ecc5408894301027c11d127c: Loss: 0.3550, Accuracy: 0.9038, Examples: 1372
[Round 29] Aggregated evaluation metrics: {'loss': 0.3666302407446563, 'accuracy': 0.8927693064436792}, Aggregated loss: 0.3666

[92mINFO [0m:      
[92mINFO [0m:      [ROUND 30]
[92mINFO [0m:      configure_fit: strategy sampled 4 clients (out of 8)
[92mINFO [0m:      aggregate_fit: received 4 results and 0 failures

[Round 30] Fit results from clients:
 - Client c633b3a4ecc5408894301027c11d127c: Loss: 0.0844, Accuracy: 0.9730, Examples: 5486
 - Client 0d79919ca4b44f5381b99229a3a6782a: Loss: 0.1073, Accuracy: 0.9628, Examples: 5683
 - Client e22a3b1b0e994faf873f59dca5c1cfb4: Loss: 0.1367, Accuracy: 0.9506, Examples: 6493
 - Client 0b7ffb87f8314cec98c48f3a7b931022: Loss: 0.0872, Accuracy: 0.9710, Examples: 6896
[Round 30] Aggregated training metrics: {'loss': 0.10430953378601178, 'accuracy': 0.9641613730759834}

[92mINFO [0m:      configure_evaluate: strategy sampled 4 clients (out of 8)
[92mINFO [0m:      aggregate_evaluate: received 4 results and 0 failures

[Round 30] Evaluation results from clients:
 - Client 0defb2035eb34b99af051b9207fcfd7c: Loss: 0.3084, Accuracy: 0.9075, Examples: 1481
 - Client 0d79919ca4b44f5381b99229a3a6782a: Loss: 0.3685, Accuracy: 0.8811, Examples: 1421
 - Client fc419f5123f146ebbb3fc59f7089f359: Loss: 0.3631, Accuracy: 0.8919, Examples: 1378
 - Client e22a3b1b0e994faf873f59dca5c1cfb4: Loss: 0.3795, Accuracy: 0.8824, Examples: 1624
[Round 30] Aggregated evaluation metrics: {'loss': 0.3551950025798748, 'accuracy': 0.8905826558265583}, Aggregated loss: 0.3552

[92mINFO [0m:      
[92mINFO [0m:      [ROUND 31]
[92mINFO [0m:      configure_fit: strategy sampled 4 clients (out of 8)
[92mINFO [0m:      aggregate_fit: received 4 results and 0 failures

[Round 31] Fit results from clients:
 - Client e22a3b1b0e994faf873f59dca5c1cfb4: Loss: 0.1120, Accuracy: 0.9612, Examples: 6493
 - Client 48ac3fe3ad0343d0baf985dfbb2e8bf2: Loss: 0.1327, Accuracy: 0.9538, Examples: 6054
 - Client c633b3a4ecc5408894301027c11d127c: Loss: 0.0796, Accuracy: 0.9741, Examples: 5486
 - Client 0b7ffb87f8314cec98c48f3a7b931022: Loss: 0.0776, Accuracy: 0.9752, Examples: 6896
[Round 31] Aggregated training metrics: {'loss': 0.1003938237351978, 'accuracy': 0.9661137630871676}

[92mINFO [0m:      configure_evaluate: strategy sampled 4 clients (out of 8)
[92mINFO [0m:      aggregate_evaluate: received 4 results and 0 failures

[Round 31] Evaluation results from clients:
 - Client 48ac3fe3ad0343d0baf985dfbb2e8bf2: Loss: 0.3838, Accuracy: 0.8864, Examples: 1514
 - Client fc419f5123f146ebbb3fc59f7089f359: Loss: 0.3430, Accuracy: 0.8970, Examples: 1378
 - Client c633b3a4ecc5408894301027c11d127c: Loss: 0.3451, Accuracy: 0.9038, Examples: 1372
 - Client 0b7ffb87f8314cec98c48f3a7b931022: Loss: 0.4061, Accuracy: 0.8846, Examples: 1725
[Round 31] Aggregated evaluation metrics: {'loss': 0.37198150158426085, 'accuracy': 0.8923025546835865}, Aggregated loss: 0.3720

[92mINFO [0m:      
[92mINFO [0m:      [ROUND 32]
[92mINFO [0m:      configure_fit: strategy sampled 4 clients (out of 8)
[92mINFO [0m:      aggregate_fit: received 4 results and 0 failures

[Round 32] Fit results from clients:
 - Client fc419f5123f146ebbb3fc59f7089f359: Loss: 0.1073, Accuracy: 0.9633, Examples: 5510
 - Client 48ac3fe3ad0343d0baf985dfbb2e8bf2: Loss: 0.1122, Accuracy: 0.9615, Examples: 6054
 - Client f2c94ff7a47f42dab80cf0134976a5d7: Loss: 0.1263, Accuracy: 0.9565, Examples: 5951
 - Client 0d79919ca4b44f5381b99229a3a6782a: Loss: 0.1075, Accuracy: 0.9640, Examples: 5683
[Round 32] Aggregated training metrics: {'loss': 0.11349770861117263, 'accuracy': 0.9612628243814122}

[92mINFO [0m:      configure_evaluate: strategy sampled 4 clients (out of 8)
[92mINFO [0m:      aggregate_evaluate: received 4 results and 0 failures

[Round 32] Evaluation results from clients:
 - Client 0d79919ca4b44f5381b99229a3a6782a: Loss: 0.3762, Accuracy: 0.8761, Examples: 1421
 - Client 0b7ffb87f8314cec98c48f3a7b931022: Loss: 0.3945, Accuracy: 0.8881, Examples: 1725
 - Client f2c94ff7a47f42dab80cf0134976a5d7: Loss: 0.4211, Accuracy: 0.8898, Examples: 1488
 - Client c633b3a4ecc5408894301027c11d127c: Loss: 0.3588, Accuracy: 0.8950, Examples: 1372
[Round 32] Aggregated evaluation metrics: {'loss': 0.3886151044340162, 'accuracy': 0.8872793872793873}, Aggregated loss: 0.3886

[92mINFO [0m:      
[92mINFO [0m:      [SUMMARY]
[92mINFO [0m:      Run finished 32 round(s) in 431.00s
[92mINFO [0m:      	History (loss, distributed):
[92mINFO [0m:      		round 1: 0.512465239955127
[92mINFO [0m:      		round 2: 0.4712824695035199
[92mINFO [0m:      		round 3: 0.4081046009884424
[92mINFO [0m:      		round 4: 0.3686608993060011
[92mINFO [0m:      		round 5: 0.3776989467274867
[92mINFO [0m:      		round 6: 0.37194020373477826
[92mINFO [0m:      		round 7: 0.3739487744321976
[92mINFO [0m:      		round 8: 0.3514985963998644
[92mINFO [0m:      		round 9: 0.3277644667424658
[92mINFO [0m:      		round 10: 0.3325935300846468
[92mINFO [0m:      		round 11: 0.32464857107699724
[92mINFO [0m:      		round 12: 0.3237795276669032
[92mINFO [0m:      		round 13: 0.3384456326172728
[92mINFO [0m:      		round 14: 0.33208350519067514
[92mINFO [0m:      		round 15: 0.3260371059383099
[92mINFO [0m:      		round 16: 0.3305900021765759
[92mINFO [0m:      		round 17: 0.3287979895324825
[92mINFO [0m:      		round 18: 0.31714977432505426
[92mINFO [0m:      		round 19: 0.3314289388847663
[92mINFO [0m:      		round 20: 0.34933011784591556
[92mINFO [0m:      		round 21: 0.3594202771153538
[92mINFO [0m:      		round 22: 0.35659479128862914
[92mINFO [0m:      		round 23: 0.3423790016405263
[92mINFO [0m:      		round 24: 0.3268828480123096
[92mINFO [0m:      		round 25: 0.32963660204044326
[92mINFO [0m:      		round 26: 0.34249564794963344
[92mINFO [0m:      		round 27: 0.38351299951678697
[92mINFO [0m:      		round 28: 0.3678832091528375
[92mINFO [0m:      		round 29: 0.3666302407446563
[92mINFO [0m:      		round 30: 0.3551950025798748
[92mINFO [0m:      		round 31: 0.37198150158426085
[92mINFO [0m:      		round 32: 0.3886151044340162
[92mINFO [0m:      	History (metrics, distributed, fit):
[92mINFO [0m:      	{'accuracy': [(1, 0.7444833153928956),
[92mINFO [0m:      	              (2, 0.8403472282093284),
[92mINFO [0m:      	              (3, 0.8592657719858462),
[92mINFO [0m:      	              (4, 0.8725457409165444),
[92mINFO [0m:      	              (5, 0.8831349820820245),
[92mINFO [0m:      	              (6, 0.8868758055798096),
[92mINFO [0m:      	              (7, 0.8959320948110185),
[92mINFO [0m:      	              (8, 0.8987227788358036),
[92mINFO [0m:      	              (9, 0.9056884027544508),
[92mINFO [0m:      	              (10, 0.9081914623300724),
[92mINFO [0m:      	              (11, 0.9174347077594894),
[92mINFO [0m:      	              (12, 0.9247389727027385),
[92mINFO [0m:      	              (13, 0.9168086001683164),
[92mINFO [0m:      	              (14, 0.9228943699512036),
[92mINFO [0m:      	              (15, 0.9302761197144884),
[92mINFO [0m:      	              (16, 0.9346930903632042),
[92mINFO [0m:      	              (17, 0.9373479820258069),
[92mINFO [0m:      	              (18, 0.9432956736815629),
[92mINFO [0m:      	              (19, 0.9409405504880781),
[92mINFO [0m:      	              (20, 0.9452750935840515),
[92mINFO [0m:      	              (21, 0.9476016162586014),
[92mINFO [0m:      	              (22, 0.9438026537489469),
[92mINFO [0m:      	              (23, 0.9532676522321802),
[92mINFO [0m:      	              (24, 0.9464520031164145),
[92mINFO [0m:      	              (25, 0.9517470881863561),
[92mINFO [0m:      	              (26, 0.9522794942608095),
[92mINFO [0m:      	              (27, 0.959242135999646),
[92mINFO [0m:      	              (28, 0.9587485135523025),
[92mINFO [0m:      	              (29, 0.9632979851537646),
[92mINFO [0m:      	              (30, 0.9641613730759834),
[92mINFO [0m:      	              (31, 0.9661137630871676),
[92mINFO [0m:      	              (32, 0.9612628243814122)],
[92mINFO [0m:      	 'loss': [(1, 0.7552124377495234),
[92mINFO [0m:      	          (2, 0.4547069016188439),
[92mINFO [0m:      	          (3, 0.39999719851472587),
[92mINFO [0m:      	          (4, 0.3629390005723733),
[92mINFO [0m:      	          (5, 0.3311409035607179),
[92mINFO [0m:      	          (6, 0.31637557666993643),
[92mINFO [0m:      	          (7, 0.2930731395008522),
[92mINFO [0m:      	          (8, 0.28361208858804865),
[92mINFO [0m:      	          (9, 0.2648163714602884),
[92mINFO [0m:      	          (10, 0.259082377466282),
[92mINFO [0m:      	          (11, 0.23361936886865253),
[92mINFO [0m:      	          (12, 0.21495366290379622),
[92mINFO [0m:      	          (13, 0.23356275342694274),
[92mINFO [0m:      	          (14, 0.2176659232643792),
[92mINFO [0m:      	          (15, 0.19849144914764585),
[92mINFO [0m:      	          (16, 0.18449920624174662),
[92mINFO [0m:      	          (17, 0.1788997247998797),
[92mINFO [0m:      	          (18, 0.16410955355753226),
[92mINFO [0m:      	          (19, 0.16701146866759925),
[92mINFO [0m:      	          (20, 0.1574848398643147),
[92mINFO [0m:      	          (21, 0.15053725848230923),
[92mINFO [0m:      	          (22, 0.15898379754482583),
[92mINFO [0m:      	          (23, 0.13441746222834053),
[92mINFO [0m:      	          (24, 0.15199132018979647),
[92mINFO [0m:      	          (25, 0.1380791970399971),
[92mINFO [0m:      	          (26, 0.13841915465369065),
[92mINFO [0m:      	          (27, 0.11876978643297813),
[92mINFO [0m:      	          (28, 0.12036623058940364),
[92mINFO [0m:      	          (29, 0.10747801577732469),
[92mINFO [0m:      	          (30, 0.10430953378601178),
[92mINFO [0m:      	          (31, 0.1003938237351978),
[92mINFO [0m:      	          (32, 0.11349770861117263)]}
[92mINFO [0m:      	History (metrics, distributed, evaluate):
[92mINFO [0m:      	{'accuracy': [(1, 0.8153034300791556),
[92mINFO [0m:      	              (2, 0.828453214513049),
[92mINFO [0m:      	              (3, 0.8523991655076495),
[92mINFO [0m:      	              (4, 0.8645764937623113),
[92mINFO [0m:      	              (5, 0.8591646530894028),
[92mINFO [0m:      	              (6, 0.8662674650698603),
[92mINFO [0m:      	              (7, 0.862080370431619),
[92mINFO [0m:      	              (8, 0.8703580901856764),
[92mINFO [0m:      	              (9, 0.878693368351937),
[92mINFO [0m:      	              (10, 0.8801375470771247),
[92mINFO [0m:      	              (11, 0.8816056910569106),
[92mINFO [0m:      	              (12, 0.8823427781617139),
[92mINFO [0m:      	              (13, 0.8770380434782609),
[92mINFO [0m:      	              (14, 0.883668543845535),
[92mINFO [0m:      	              (15, 0.8873331162487789),
[92mINFO [0m:      	              (16, 0.8816063977746871),
[92mINFO [0m:      	              (17, 0.8840768479322696),
[92mINFO [0m:      	              (18, 0.8896359462118727),
[92mINFO [0m:      	              (19, 0.8879803761242846),
[92mINFO [0m:      	              (20, 0.8824549237170597),
[92mINFO [0m:      	              (21, 0.8801930701603172),
[92mINFO [0m:      	              (22, 0.8891621577307756),
[92mINFO [0m:      	              (23, 0.8918961696739475),
[92mINFO [0m:      	              (24, 0.8941550829006867),
[92mINFO [0m:      	              (25, 0.8878149810148429),
[92mINFO [0m:      	              (26, 0.8855910267471958),
[92mINFO [0m:      	              (27, 0.8835373711340206),
[92mINFO [0m:      	              (28, 0.8807883352026918),
[92mINFO [0m:      	              (29, 0.8927693064436792),
[92mINFO [0m:      	              (30, 0.8905826558265583),
[92mINFO [0m:      	              (31, 0.8923025546835865),
[92mINFO [0m:      	              (32, 0.8872793872793873)],
[92mINFO [0m:      	 'loss': [(1, 0.512465239955127),
[92mINFO [0m:      	          (2, 0.4712824695035199),
[92mINFO [0m:      	          (3, 0.4081046009884424),
[92mINFO [0m:      	          (4, 0.3686608993060011),
[92mINFO [0m:      	          (5, 0.3776989467274867),
[92mINFO [0m:      	          (6, 0.37194020373477826),
[92mINFO [0m:      	          (7, 0.3739487744321976),
[92mINFO [0m:      	          (8, 0.3514985963998644),
[92mINFO [0m:      	          (9, 0.3277644667424658),
[92mINFO [0m:      	          (10, 0.3325935300846468),
[92mINFO [0m:      	          (11, 0.32464857107699724),
[92mINFO [0m:      	          (12, 0.3237795276669032),
[92mINFO [0m:      	          (13, 0.3384456326172728),
[92mINFO [0m:      	          (14, 0.33208350519067514),
[92mINFO [0m:      	          (15, 0.3260371059383099),
[92mINFO [0m:      	          (16, 0.3305900021765759),
[92mINFO [0m:      	          (17, 0.3287979895324825),
[92mINFO [0m:      	          (18, 0.31714977432505426),
[92mINFO [0m:      	          (19, 0.3314289388847663),
[92mINFO [0m:      	          (20, 0.34933011784591556),
[92mINFO [0m:      	          (21, 0.3594202771153538),
[92mINFO [0m:      	          (22, 0.35659479128862914),
[92mINFO [0m:      	          (23, 0.3423790016405263),
[92mINFO [0m:      	          (24, 0.3268828480123096),
[92mINFO [0m:      	          (25, 0.32963660204044326),
[92mINFO [0m:      	          (26, 0.34249564794963344),
[92mINFO [0m:      	          (27, 0.38351299951678697),
[92mINFO [0m:      	          (28, 0.3678832091528375),
[92mINFO [0m:      	          (29, 0.3666302407446563),
[92mINFO [0m:      	          (30, 0.3551950025798748),
[92mINFO [0m:      	          (31, 0.37198150158426085),
[92mINFO [0m:      	          (32, 0.3886151044340162)]}
[92mINFO [0m:      
[CustomClientManager] Client 48ac3fe3ad0343d0baf985dfbb2e8bf2 unregistered.
[CustomClientManager] Client 0d79919ca4b44f5381b99229a3a6782a unregistered.
[CustomClientManager] Client fc419f5123f146ebbb3fc59f7089f359 unregistered.
[CustomClientManager] Client 0defb2035eb34b99af051b9207fcfd7c unregistered.
[CustomClientManager] Client f2c94ff7a47f42dab80cf0134976a5d7 unregistered.
[CustomClientManager] Client e22a3b1b0e994faf873f59dca5c1cfb4 unregistered.
[CustomClientManager] Client c633b3a4ecc5408894301027c11d127c unregistered.
[CustomClientManager] Client 0b7ffb87f8314cec98c48f3a7b931022 unregistered.
Saved training history to fl_history.json
Appended metadata and full eval loss list to plot1.json
Appended metadata and results to plot2.json
