[93mWARNING [0m:   DEPRECATED FEATURE: flwr.client.start_client() is deprecated.
	Instead, use the `flower-supernode` CLI command to start a SuperNode as shown below:

		$ flower-supernode --insecure --superlink='<IP>:<PORT>'

	To view all available options, run:

		$ flower-supernode --help

	Using `start_client()` is deprecated.

            This is a deprecated feature. It will be removed
            entirely in future versions of Flower.
        
[92mINFO [0m:      
[92mINFO [0m:      Received: train message f9ede89b-a2e6-49f6-8683-58ffbc0c70e0
[92mINFO [0m:      Sent reply
[92mINFO [0m:      
[92mINFO [0m:      Received: evaluate message 11cc23be-701a-4fc9-8a94-4cd69dd05171
[92mINFO [0m:      Sent reply
[92mINFO [0m:      
[92mINFO [0m:      Received: train message 162214b5-82bd-4b78-aa38-ddad34c3557e
[92mINFO [0m:      Sent reply
[92mINFO [0m:      
[92mINFO [0m:      Received: evaluate message 978d3ab0-6da1-4d12-9279-f6fa985f4610
[92mINFO [0m:      Sent reply
[92mINFO [0m:      
[92mINFO [0m:      Received: train message 23d4a6b1-dc9d-4c19-bc99-b3ec8cbd6b9d
[92mINFO [0m:      Sent reply
[92mINFO [0m:      
[92mINFO [0m:      Received: evaluate message 8f4eb808-20d4-4c3f-91f7-c42c494ba9d1
[92mINFO [0m:      Sent reply
[92mINFO [0m:      
[92mINFO [0m:      Received: train message 9a554897-d757-4ca0-af37-9e9285c13591
[92mINFO [0m:      Sent reply
[92mINFO [0m:      
[92mINFO [0m:      Received: evaluate message ec116c79-6b67-44f2-84cc-611c73f7ec3c
[92mINFO [0m:      Sent reply
[92mINFO [0m:      
[92mINFO [0m:      Received: train message 1a30637a-59b8-404d-8391-2f0117fdd985
[92mINFO [0m:      Sent reply
[92mINFO [0m:      
[92mINFO [0m:      Received: evaluate message 6307c71a-d064-425b-b205-6bffa995d13f
[92mINFO [0m:      Sent reply
[92mINFO [0m:      
[92mINFO [0m:      Received: train message 725da5ea-8d37-4808-8f7d-7a442dba2676
[92mINFO [0m:      Sent reply
[92mINFO [0m:      
[92mINFO [0m:      Received: evaluate message 52cb059e-d5a6-4596-8bea-fec13e2cb58f
[92mINFO [0m:      Sent reply
[92mINFO [0m:      
[92mINFO [0m:      Received: train message 2f7e14f9-a013-4ebd-999a-f6fc0f3422b9
[92mINFO [0m:      Sent reply
[92mINFO [0m:      
[92mINFO [0m:      Received: evaluate message 44ef13ac-305d-4b22-964b-200cfa5b890f
[92mINFO [0m:      Sent reply
[92mINFO [0m:      
[92mINFO [0m:      Received: train message d8c2d0fb-ad8f-4070-a34f-42c201d02e5c
[92mINFO [0m:      Sent reply
[92mINFO [0m:      
[92mINFO [0m:      Received: evaluate message a9f90efb-d930-4082-8560-865c1aa71eb2
[92mINFO [0m:      Sent reply
[92mINFO [0m:      
[92mINFO [0m:      Received: train message 3bff79ae-b1ad-4642-bced-d0ed1ce6e808
[92mINFO [0m:      Sent reply
[92mINFO [0m:      
[92mINFO [0m:      Received: evaluate message b764710b-c589-44a6-9d7b-0e72e75fdab3
[92mINFO [0m:      Sent reply
[92mINFO [0m:      
[92mINFO [0m:      Received: train message bc6a0c29-07bc-4ff8-9c93-8d7c3219accd
[92mINFO [0m:      Sent reply
[92mINFO [0m:      
[92mINFO [0m:      Received: evaluate message 0bd0fe23-6b84-4bde-89b7-b4ea12406205
[92mINFO [0m:      Sent reply
[92mINFO [0m:      
[92mINFO [0m:      Received: train message 010929d6-4ea3-4d2f-9633-af999827a776
[92mINFO [0m:      Sent reply
[92mINFO [0m:      
[92mINFO [0m:      Received: evaluate message 32cc6a24-4c84-4959-bef0-4d751c62e3a9
[92mINFO [0m:      Sent reply
[92mINFO [0m:      
[92mINFO [0m:      Received: train message 34ebb6a7-b04f-4ff3-bea1-bc432a5edcae
[92mINFO [0m:      Sent reply
[92mINFO [0m:      
[92mINFO [0m:      Received: evaluate message 0f88805a-372f-4ec1-b792-3866087c4be5
[92mINFO [0m:      Sent reply
[92mINFO [0m:      
[92mINFO [0m:      Received: train message 2596ce5b-cf4e-4c43-a05d-390f870a5a3a
[92mINFO [0m:      Sent reply
[92mINFO [0m:      
[92mINFO [0m:      Received: evaluate message faad4c30-cc64-41c6-817a-fa54c488f790
[92mINFO [0m:      Sent reply
[92mINFO [0m:      
[92mINFO [0m:      Received: train message bda414ff-fa61-4a1b-b6ae-1614fa1c4bde
[92mINFO [0m:      Sent reply
[92mINFO [0m:      
[92mINFO [0m:      Received: evaluate message 474b84b6-3f3d-44a3-9230-a005148a6488
[92mINFO [0m:      Sent reply
[92mINFO [0m:      
[92mINFO [0m:      Received: train message 3d80fefe-6df0-4a76-814f-0087f6c1918f
[92mINFO [0m:      Sent reply
[92mINFO [0m:      
[92mINFO [0m:      Received: evaluate message 9b046ac1-6e41-449c-8697-8c692cbefcbe
[92mINFO [0m:      Sent reply
[92mINFO [0m:      
[92mINFO [0m:      Received: train message b80170f0-3a0f-4fe8-b510-1dcb355c892d
[92mINFO [0m:      Sent reply
[92mINFO [0m:      
[92mINFO [0m:      Received: evaluate message fba5a2d8-8391-43bb-a83a-e6080e59fde8
[92mINFO [0m:      Sent reply
[92mINFO [0m:      
[92mINFO [0m:      Received: train message 4eb9136e-9eb6-44fc-b120-c9277d3ea2ad
[92mINFO [0m:      Sent reply
[92mINFO [0m:      
[92mINFO [0m:      Received: evaluate message a3b0ee7d-2781-4e1c-9064-ca7fd38664ac
[92mINFO [0m:      Sent reply
[92mINFO [0m:      
[92mINFO [0m:      Received: train message 2b82d81b-5cad-46d2-81ac-43774e16504d
[92mINFO [0m:      Sent reply
[92mINFO [0m:      
[92mINFO [0m:      Received: evaluate message 01bd1f85-118d-41a6-8f30-dcd6dbdf5fb1
[92mINFO [0m:      Sent reply
[92mINFO [0m:      
[92mINFO [0m:      Received: train message 5a330a48-0592-4477-a923-1556f0aa3cb3
[92mINFO [0m:      Sent reply
[92mINFO [0m:      
[92mINFO [0m:      Received: evaluate message 348d6afc-deef-4ad0-8a2a-76c54f5a3583
[92mINFO [0m:      Sent reply
[92mINFO [0m:      
[92mINFO [0m:      Received: train message c7322bae-0b2c-481d-b68f-b343e71698f3
[92mINFO [0m:      Sent reply
[92mINFO [0m:      
[92mINFO [0m:      Received: evaluate message 8868b5c2-f5d3-4bc1-81b1-f0896f2c803d
[92mINFO [0m:      Sent reply
[92mINFO [0m:      
[92mINFO [0m:      Received: train message 12232d2a-ea09-41d8-a104-abfc17b99444
[92mINFO [0m:      Sent reply
[92mINFO [0m:      
[92mINFO [0m:      Received: evaluate message ccf7f47c-9e31-49cc-bb1b-59e887a893cb
[92mINFO [0m:      Sent reply
[92mINFO [0m:      
[92mINFO [0m:      Received: train message c09cd6ad-6aad-4d39-8cd4-cca20544c078
[92mINFO [0m:      Sent reply
[92mINFO [0m:      
[92mINFO [0m:      Received: evaluate message 3c525f63-9352-43fe-b528-051653f5bce5
[92mINFO [0m:      Sent reply
[92mINFO [0m:      
[92mINFO [0m:      Received: train message 8f1e8368-a109-45a9-8974-e7144947353b
[92mINFO [0m:      Sent reply
[92mINFO [0m:      
[92mINFO [0m:      Received: evaluate message 871d67ad-cb7e-43bf-ac7b-12dd667ad65a
[92mINFO [0m:      Sent reply
[92mINFO [0m:      
[92mINFO [0m:      Received: train message fc4cdd93-635d-45bb-8919-36c5b868cc29
[92mINFO [0m:      Sent reply
[92mINFO [0m:      
[92mINFO [0m:      Received: evaluate message 99017032-5356-4751-a1c7-1a95d26062c7
[92mINFO [0m:      Sent reply
[92mINFO [0m:      
[92mINFO [0m:      Received: train message c87c6428-fcbd-45d2-8114-0c5cfe789e5e
[92mINFO [0m:      Sent reply
[92mINFO [0m:      
[92mINFO [0m:      Received: evaluate message 9f88c5e6-324b-4f4c-ab2a-b69bc83f262d
[92mINFO [0m:      Sent reply
[92mINFO [0m:      
[92mINFO [0m:      Received: train message bf954a04-0738-4cd2-b6ba-3c504fc28c7a
[92mINFO [0m:      Sent reply
[92mINFO [0m:      
[92mINFO [0m:      Received: evaluate message 0d480f5b-ca14-4646-98eb-18a63dd6d237
[92mINFO [0m:      Sent reply
[92mINFO [0m:      
[92mINFO [0m:      Received: train message ed762efa-c093-40bd-919f-afae981de3fa
[92mINFO [0m:      Sent reply
[92mINFO [0m:      
[92mINFO [0m:      Received: evaluate message b6528e74-0e7b-4ae6-bc29-2cfd26e545a8
[92mINFO [0m:      Sent reply
[92mINFO [0m:      
[92mINFO [0m:      Received: train message 68f27405-acc4-4313-8c80-bc00d2ee5b7e
[92mINFO [0m:      Sent reply
[92mINFO [0m:      
[92mINFO [0m:      Received: evaluate message f170c8e8-9d3f-4715-a668-aeb84a11b2aa
[92mINFO [0m:      Sent reply
[92mINFO [0m:      
[92mINFO [0m:      Received: train message d5549795-92ec-4fef-9fd5-44c05afaf644
[92mINFO [0m:      Sent reply
[92mINFO [0m:      
[92mINFO [0m:      Received: evaluate message 689e633e-87d5-4523-b9e8-213936f37ca5
[92mINFO [0m:      Sent reply
[92mINFO [0m:      
[92mINFO [0m:      Received: train message de70e614-bda4-4eca-bbf1-d2c33260b79f
[92mINFO [0m:      Sent reply
[92mINFO [0m:      
[92mINFO [0m:      Received: evaluate message e6fc6e54-3ff2-46de-b4b9-642de04c6a2a
[92mINFO [0m:      Sent reply
[92mINFO [0m:      
[92mINFO [0m:      Received: train message 70c950fd-bddf-4c2b-b4f7-a227fe8db46c
[92mINFO [0m:      Sent reply
[92mINFO [0m:      
[92mINFO [0m:      Received: evaluate message dd48c2ea-0afb-4bd9-b050-77854eceda15
[92mINFO [0m:      Sent reply
[92mINFO [0m:      
[92mINFO [0m:      Received: train message b69b1c75-bb43-4ad8-9f68-e7d528af71ca
[92mINFO [0m:      Sent reply
[92mINFO [0m:      
[92mINFO [0m:      Received: evaluate message 195c5480-da1c-4acf-ac92-3c0f51a92b09
[92mINFO [0m:      Sent reply
[92mINFO [0m:      
[92mINFO [0m:      Received: train message df463918-4d3b-49a0-ac43-78e7c4de72a7
[92mINFO [0m:      Sent reply
[92mINFO [0m:      
[92mINFO [0m:      Received: evaluate message 8190d747-80c5-46c6-ac81-0a1d90570dac
[92mINFO [0m:      Sent reply
[92mINFO [0m:      
[92mINFO [0m:      Received: train message c921fe80-be1a-4760-beff-174626d35b45
[92mINFO [0m:      Sent reply
[92mINFO [0m:      
[92mINFO [0m:      Received: evaluate message fa94d677-2229-4b80-ba0b-17d925e16434
[92mINFO [0m:      Sent reply
[92mINFO [0m:      
[92mINFO [0m:      Received: train message 00332d7e-90f8-4676-9b0d-2edd0867ff36
[92mINFO [0m:      Sent reply
[92mINFO [0m:      
[92mINFO [0m:      Received: evaluate message 5be207e4-3a46-4f4d-bd26-dee21d312de7
[92mINFO [0m:      Sent reply
[92mINFO [0m:      
[92mINFO [0m:      Received: train message b9a06087-b108-48d7-b9da-a39e95a1ce09
[92mINFO [0m:      Sent reply
[92mINFO [0m:      
[92mINFO [0m:      Received: evaluate message d356113a-4a7b-4d32-9027-7fb3be532d97
[92mINFO [0m:      Sent reply
[92mINFO [0m:      
[92mINFO [0m:      Received: train message 3b0d544d-6a91-4702-babb-4bbccbe9e25b
[92mINFO [0m:      Sent reply
[92mINFO [0m:      
[92mINFO [0m:      Received: evaluate message de28e093-d8fb-4203-97ab-b9babfd8d2e7
[92mINFO [0m:      Sent reply
[92mINFO [0m:      
[92mINFO [0m:      Received: train message 3eda2f2a-a9d2-43db-9ac7-9e0a5d3828f2
[92mINFO [0m:      Sent reply
[92mINFO [0m:      
[92mINFO [0m:      Received: evaluate message c86787a2-6898-44b0-a347-9eb8d6c30bce
[92mINFO [0m:      Sent reply
[92mINFO [0m:      
[92mINFO [0m:      Received: train message 531ca3bf-cfe3-4495-b49e-45a0158237a8
[92mINFO [0m:      Sent reply
[92mINFO [0m:      
[92mINFO [0m:      Received: evaluate message 0d01a130-d95a-4e08-aa5d-be9111fb7391
[92mINFO [0m:      Sent reply
[92mINFO [0m:      
[92mINFO [0m:      Received: train message ff324ea0-e504-4859-8313-2819bfde55e4
[92mINFO [0m:      Sent reply
[92mINFO [0m:      
[92mINFO [0m:      Received: evaluate message 23940c5d-d7ec-492e-94d5-f4ead63cc228
[92mINFO [0m:      Sent reply
[92mINFO [0m:      
[92mINFO [0m:      Received: train message 40d3aecd-81b2-407e-b1e1-b3e65a4bcf69
[92mINFO [0m:      Sent reply
[92mINFO [0m:      
[92mINFO [0m:      Received: evaluate message 03cceca8-6d34-4bfb-bf80-eade87a754c5
[92mINFO [0m:      Sent reply
[92mINFO [0m:      
[92mINFO [0m:      Received: train message 89b6938e-60d7-42da-8314-8afc327b48a2
[92mINFO [0m:      Sent reply
[92mINFO [0m:      
[92mINFO [0m:      Received: evaluate message 29517ae5-8756-4abc-ab3f-97c2dac8edf6
[92mINFO [0m:      Sent reply
[92mINFO [0m:      
[92mINFO [0m:      Received: train message b7148347-512e-40ac-85cc-d75494ab3d6c
[92mINFO [0m:      Sent reply
[92mINFO [0m:      
[92mINFO [0m:      Received: evaluate message 6a5ca8a8-4400-4299-a76f-5d6d9c804d6c
[92mINFO [0m:      Sent reply
[92mINFO [0m:      
[92mINFO [0m:      Received: train message 2bf7a531-3aca-48bb-b8fa-59213acc5547
[92mINFO [0m:      Sent reply
[92mINFO [0m:      
[92mINFO [0m:      Received: evaluate message 127924c2-a010-4a6e-9ced-8b50ca56b21d
[92mINFO [0m:      Sent reply
[92mINFO [0m:      
[92mINFO [0m:      Received: train message c1d25191-faa8-4409-91ec-62722523ab9a
[92mINFO [0m:      Sent reply
[92mINFO [0m:      
[92mINFO [0m:      Received: evaluate message 92eac1ce-6592-4f63-a4de-563e05c91799
[92mINFO [0m:      Sent reply
[92mINFO [0m:      
[92mINFO [0m:      Received: train message edfae603-e471-42b0-8774-a6191e6d2968
[92mINFO [0m:      Sent reply
[92mINFO [0m:      
[92mINFO [0m:      Received: evaluate message 16f8f782-ede5-4bc2-818c-18698c858a8c
[92mINFO [0m:      Sent reply
[92mINFO [0m:      
[92mINFO [0m:      Received: train message eaa90f9c-6546-4e7a-8884-3a892a66411a
[92mINFO [0m:      Sent reply
[92mINFO [0m:      
[92mINFO [0m:      Received: evaluate message 89e4b750-c657-4dc2-acd4-32b9d7fc9bdc
[92mINFO [0m:      Sent reply
[92mINFO [0m:      
[92mINFO [0m:      Received: train message 47affef2-4bed-433b-8139-1f05d815cec6
[92mINFO [0m:      Sent reply
[92mINFO [0m:      
[92mINFO [0m:      Received: evaluate message 9420ebf4-96cc-4942-b9d1-34f5808fca50
[92mINFO [0m:      Sent reply
[92mINFO [0m:      
[92mINFO [0m:      Received: train message 5d52d7a6-0c18-4318-98dc-4dcd893905eb
[92mINFO [0m:      Sent reply
[92mINFO [0m:      
[92mINFO [0m:      Received: evaluate message a343fe61-d59a-48f3-a778-5a22d752a156
[92mINFO [0m:      Sent reply
[92mINFO [0m:      
[92mINFO [0m:      Received: train message d16bc210-4bd9-415b-b617-f58b48431f80
[92mINFO [0m:      Sent reply
[92mINFO [0m:      
[92mINFO [0m:      Received: evaluate message 60bb2992-e024-4540-b178-b377f86eb856
[92mINFO [0m:      Sent reply
[92mINFO [0m:      
[92mINFO [0m:      Received: reconnect message 62cbfac4-00c5-4ba8-a403-885a4dc46476
[92mINFO [0m:      Disconnect and shut down
