[93mWARNING [0m:   DEPRECATED FEATURE: flwr.client.start_client() is deprecated.
	Instead, use the `flower-supernode` CLI command to start a SuperNode as shown below:

		$ flower-supernode --insecure --superlink='<IP>:<PORT>'

	To view all available options, run:

		$ flower-supernode --help

	Using `start_client()` is deprecated.

            This is a deprecated feature. It will be removed
            entirely in future versions of Flower.
        
[92mINFO [0m:      
[92mINFO [0m:      Received: train message 745d8f74-6f5a-428f-83e8-01b27140ddab
[92mINFO [0m:      Sent reply
[92mINFO [0m:      
[92mINFO [0m:      Received: evaluate message 192cf1ae-2ad6-4c64-9442-41799a58ed45
[92mINFO [0m:      Sent reply
[92mINFO [0m:      
[92mINFO [0m:      Received: train message f82fb595-cb73-4414-9e41-c9451ca0a37f
[92mINFO [0m:      Sent reply
[92mINFO [0m:      
[92mINFO [0m:      Received: evaluate message a2cfe60a-e349-4032-a4e5-0fa57735bfc3
[92mINFO [0m:      Sent reply
[92mINFO [0m:      
[92mINFO [0m:      Received: train message b9544984-b84c-43f4-947a-f3c5e175ae35
[92mINFO [0m:      Sent reply
[92mINFO [0m:      
[92mINFO [0m:      Received: evaluate message 03302a5a-418d-4b96-9da1-94272fd30738
[92mINFO [0m:      Sent reply
[92mINFO [0m:      
[92mINFO [0m:      Received: train message 11564885-8aaa-4ffa-b85c-639c9e88e36e
[92mINFO [0m:      Sent reply
[92mINFO [0m:      
[92mINFO [0m:      Received: evaluate message 2db5252e-b848-4885-851f-17ec85d603e0
[92mINFO [0m:      Sent reply
[92mINFO [0m:      
[92mINFO [0m:      Received: train message f2f41960-d8e9-4159-bb38-4355cc29647c
[92mINFO [0m:      Sent reply
[92mINFO [0m:      
[92mINFO [0m:      Received: evaluate message 76241325-581a-4668-85af-4217fc2ef6c7
[92mINFO [0m:      Sent reply
[92mINFO [0m:      
[92mINFO [0m:      Received: train message 12bd0dad-29b5-409d-a670-3b0fa7869b71
[92mINFO [0m:      Sent reply
[92mINFO [0m:      
[92mINFO [0m:      Received: evaluate message 34fd174f-2ffc-48bf-a6c8-54726d80b440
[92mINFO [0m:      Sent reply
[92mINFO [0m:      
[92mINFO [0m:      Received: train message 2ee63b5a-3277-4c2b-9985-9f81292e0647
[92mINFO [0m:      Sent reply
[92mINFO [0m:      
[92mINFO [0m:      Received: evaluate message 28507bb5-6c2a-4e99-a813-d53641da446f
[92mINFO [0m:      Sent reply
[92mINFO [0m:      
[92mINFO [0m:      Received: train message 675df404-2d57-4cd5-bb5f-de570292b680
[92mINFO [0m:      Sent reply
[92mINFO [0m:      
[92mINFO [0m:      Received: evaluate message 9d203996-15d2-4f22-a854-d4e03f85af5b
[92mINFO [0m:      Sent reply
[92mINFO [0m:      
[92mINFO [0m:      Received: train message c7960311-e069-4f1e-a863-559e49f7b305
[92mINFO [0m:      Sent reply
[92mINFO [0m:      
[92mINFO [0m:      Received: evaluate message 3f4310f0-60db-429b-90bd-4efad65a95c8
[92mINFO [0m:      Sent reply
[92mINFO [0m:      
[92mINFO [0m:      Received: train message e8846a84-4d98-4712-8c1a-8d966a4dbbb7
[92mINFO [0m:      Sent reply
[92mINFO [0m:      
[92mINFO [0m:      Received: evaluate message 21c6d8ba-50e1-4594-941d-9fe51d94232d
[92mINFO [0m:      Sent reply
[92mINFO [0m:      
[92mINFO [0m:      Received: train message 60937563-2efa-4615-8b3c-56ca4fbae0ab
[92mINFO [0m:      Sent reply
[92mINFO [0m:      
[92mINFO [0m:      Received: evaluate message 851e9cfa-2d5c-4bf5-a5d0-cea971d72d66
[92mINFO [0m:      Sent reply
[92mINFO [0m:      
[92mINFO [0m:      Received: train message 983c73a4-d598-4a00-86df-f4c2d541b8a7
[92mINFO [0m:      Sent reply
[92mINFO [0m:      
[92mINFO [0m:      Received: evaluate message 3ff0e42f-72ec-4ac8-bd6e-8d83106e82ae
[92mINFO [0m:      Sent reply
[92mINFO [0m:      
[92mINFO [0m:      Received: train message 9d2f1700-8960-41cc-a1a5-e804f59b75d0
[92mINFO [0m:      Sent reply
[92mINFO [0m:      
[92mINFO [0m:      Received: evaluate message 4d190963-5e4c-4117-8303-f199b5826b91
[92mINFO [0m:      Sent reply
[92mINFO [0m:      
[92mINFO [0m:      Received: train message 7ef8d8f8-12ea-49b0-9e6c-e8a736026a28
[92mINFO [0m:      Sent reply
[92mINFO [0m:      
[92mINFO [0m:      Received: evaluate message 9e8bf68a-4045-4dcf-b2aa-42e663f7f240
[92mINFO [0m:      Sent reply
[92mINFO [0m:      
[92mINFO [0m:      Received: train message b2cffa15-04d3-4805-a869-db6dd5189753
[92mINFO [0m:      Sent reply
[92mINFO [0m:      
[92mINFO [0m:      Received: evaluate message 5feded38-dfd9-4512-accb-d1180dd6aebc
[92mINFO [0m:      Sent reply
[92mINFO [0m:      
[92mINFO [0m:      Received: train message 697e7ed6-a004-47eb-9353-2d3eefa2d04e
[92mINFO [0m:      Sent reply
[92mINFO [0m:      
[92mINFO [0m:      Received: evaluate message 1c058549-df8a-443c-8413-d976060ab047
[92mINFO [0m:      Sent reply
[92mINFO [0m:      
[92mINFO [0m:      Received: train message c526b0d4-9be3-440d-bdc3-19d54f543a2d
[92mINFO [0m:      Sent reply
[92mINFO [0m:      
[92mINFO [0m:      Received: evaluate message 28ada906-5065-43d3-9f54-a97efe4e7d04
[92mINFO [0m:      Sent reply
[92mINFO [0m:      
[92mINFO [0m:      Received: train message befeee7e-89aa-4c91-a2c6-adfa1ab058e5
[92mINFO [0m:      Sent reply
[92mINFO [0m:      
[92mINFO [0m:      Received: evaluate message 7a6c9d9e-cecd-490b-a687-d34934f28325
[92mINFO [0m:      Sent reply
[92mINFO [0m:      
[92mINFO [0m:      Received: train message 46060125-759e-4f3d-9a73-198192fbe155
[92mINFO [0m:      Sent reply
[92mINFO [0m:      
[92mINFO [0m:      Received: evaluate message 68c5bae2-6861-4d39-a273-e90639b6610e
[92mINFO [0m:      Sent reply
[92mINFO [0m:      
[92mINFO [0m:      Received: train message 8def1669-1707-49db-9eb3-a32bdd77617d
[92mINFO [0m:      Sent reply
[92mINFO [0m:      
[92mINFO [0m:      Received: evaluate message d2e6b583-7b93-40d4-932e-2c29dcbd8141
[92mINFO [0m:      Sent reply
[92mINFO [0m:      
[92mINFO [0m:      Received: train message f2eae2f5-2a1d-45e3-aac7-0d43ac2cf6ca
[92mINFO [0m:      Sent reply
[92mINFO [0m:      
[92mINFO [0m:      Received: evaluate message d0cff4ce-76a6-4bd8-aa1d-727a6d080253
[92mINFO [0m:      Sent reply
[92mINFO [0m:      
[92mINFO [0m:      Received: train message 31f787bc-0a96-4f61-bd73-e3fe6c3f583c
[92mINFO [0m:      Sent reply
[92mINFO [0m:      
[92mINFO [0m:      Received: evaluate message d5de6083-a5b7-49f3-8844-ad928bdc582a
[92mINFO [0m:      Sent reply
[92mINFO [0m:      
[92mINFO [0m:      Received: train message 9301356a-87d4-44a8-a6e8-8d4435da0293
[92mINFO [0m:      Sent reply
[92mINFO [0m:      
[92mINFO [0m:      Received: evaluate message 89122374-6664-4031-a306-c840a8f22762
[92mINFO [0m:      Sent reply
[92mINFO [0m:      
[92mINFO [0m:      Received: train message 7befd1e9-10d5-4c0a-8044-0a9ef6e8b33f
[92mINFO [0m:      Sent reply
[92mINFO [0m:      
[92mINFO [0m:      Received: evaluate message 9c0d4732-3749-440b-b9e1-eb65346d11ef
[92mINFO [0m:      Sent reply
[92mINFO [0m:      
[92mINFO [0m:      Received: train message 9518c14c-9d6f-40a6-9def-8c3839068513
[92mINFO [0m:      Sent reply
[92mINFO [0m:      
[92mINFO [0m:      Received: evaluate message 4bd7acdf-b5c3-4fc9-af99-861471fefec3
[92mINFO [0m:      Sent reply
[92mINFO [0m:      
[92mINFO [0m:      Received: train message dee85b96-548e-43fa-9cf3-d339689a325e
[92mINFO [0m:      Sent reply
[92mINFO [0m:      
[92mINFO [0m:      Received: evaluate message 600cf923-81c7-4bd6-a1e8-656da6663fdc
[92mINFO [0m:      Sent reply
[92mINFO [0m:      
[92mINFO [0m:      Received: train message bfe9aede-e348-4542-96e6-ce7ef8dc60f6
[92mINFO [0m:      Sent reply
[92mINFO [0m:      
[92mINFO [0m:      Received: evaluate message e1fc1ffb-69e8-4c3b-8d07-709ae0e8ff4c
[92mINFO [0m:      Sent reply
[92mINFO [0m:      
[92mINFO [0m:      Received: train message cb851ec9-8ff9-4dd4-b0d3-bd525f37ecee
[92mINFO [0m:      Sent reply
[92mINFO [0m:      
[92mINFO [0m:      Received: evaluate message 499f6788-7af5-41b1-9ac5-a01cb9566cba
[92mINFO [0m:      Sent reply
[92mINFO [0m:      
[92mINFO [0m:      Received: train message 3b64e002-477f-4049-b974-2c7f0e5b3d4f
[92mINFO [0m:      Sent reply
[92mINFO [0m:      
[92mINFO [0m:      Received: evaluate message 50a435b9-0897-4de4-a0b5-d33e496912f4
[92mINFO [0m:      Sent reply
[92mINFO [0m:      
[92mINFO [0m:      Received: train message 4a31ce0b-f170-4a5b-a47c-57c17bc0bd2e
[92mINFO [0m:      Sent reply
[92mINFO [0m:      
[92mINFO [0m:      Received: evaluate message ac55b9d2-eedb-42e7-b063-b8524d051e26
[92mINFO [0m:      Sent reply
[92mINFO [0m:      
[92mINFO [0m:      Received: train message a4a8550a-010b-45ce-af9b-e8484dcce45d
[92mINFO [0m:      Sent reply
[92mINFO [0m:      
[92mINFO [0m:      Received: evaluate message 822d13da-6e20-46e5-9542-5bd83e19328c
[92mINFO [0m:      Sent reply
[92mINFO [0m:      
[92mINFO [0m:      Received: train message 16768e42-3d52-4b49-aeca-ed7f0baf1531
[92mINFO [0m:      Sent reply
[92mINFO [0m:      
[92mINFO [0m:      Received: evaluate message 0ef05188-400f-4f9d-9968-71d15bca2c0a
[92mINFO [0m:      Sent reply
[92mINFO [0m:      
[92mINFO [0m:      Received: train message 6fc319be-0ac4-4f87-810a-9d57a20edfef
[92mINFO [0m:      Sent reply
[92mINFO [0m:      
[92mINFO [0m:      Received: evaluate message 1272e169-8b9b-4f29-a06f-05aa1e438e0f
[92mINFO [0m:      Sent reply
[92mINFO [0m:      
[92mINFO [0m:      Received: train message b0938723-a9f3-485f-a161-a6d0c0bd8516
[92mINFO [0m:      Sent reply
[92mINFO [0m:      
[92mINFO [0m:      Received: evaluate message 41406013-4e11-4f13-b1d1-dc4273da4b85
[92mINFO [0m:      Sent reply
[92mINFO [0m:      
[92mINFO [0m:      Received: train message 78ba599a-9bb9-4f91-9502-b3942663442c
[92mINFO [0m:      Sent reply
[92mINFO [0m:      
[92mINFO [0m:      Received: evaluate message 7fb6ffc5-c5d3-4e58-a8ff-37a17fa96c1e
[92mINFO [0m:      Sent reply
[92mINFO [0m:      
[92mINFO [0m:      Received: train message e326ee4f-3462-4c07-84dd-ff363be18b00
[92mINFO [0m:      Sent reply
[92mINFO [0m:      
[92mINFO [0m:      Received: evaluate message a38e382a-105f-449f-8561-19043cd8087a
[92mINFO [0m:      Sent reply
[92mINFO [0m:      
[92mINFO [0m:      Received: train message 1e4e3e7f-6876-4f9c-bc0a-1fe5aba9d938
[92mINFO [0m:      Sent reply
[92mINFO [0m:      
[92mINFO [0m:      Received: evaluate message bf908f64-145e-492e-804a-68db7a1e235c
[92mINFO [0m:      Sent reply
[92mINFO [0m:      
[92mINFO [0m:      Received: train message 87b85e03-3c99-4c7d-8fbb-c3aac8112293
[92mINFO [0m:      Sent reply
[92mINFO [0m:      
[92mINFO [0m:      Received: evaluate message 18aa9f5b-7a1a-4b46-86b0-cc62a4a1207c
[92mINFO [0m:      Sent reply
[92mINFO [0m:      
[92mINFO [0m:      Received: train message ecde1c06-ed38-450b-a727-7107f21c152d
[92mINFO [0m:      Sent reply
[92mINFO [0m:      
[92mINFO [0m:      Received: evaluate message c0a1857e-2dca-4f0a-a6b4-71931c0bf694
[92mINFO [0m:      Sent reply
[92mINFO [0m:      
[92mINFO [0m:      Received: train message 93ccdcc3-e4ca-44bf-8044-3e06cd20fbe4
[92mINFO [0m:      Sent reply
[92mINFO [0m:      
[92mINFO [0m:      Received: evaluate message 2c892c3d-8b1e-4ec3-9412-d9252d120d8f
[92mINFO [0m:      Sent reply
[92mINFO [0m:      
[92mINFO [0m:      Received: train message bcf6d601-7632-451f-a1be-38ae0eba7b94
[92mINFO [0m:      Sent reply
[92mINFO [0m:      
[92mINFO [0m:      Received: evaluate message 0ce0c422-34a4-4593-a2b1-ddd9ef4fa5e7
[92mINFO [0m:      Sent reply
[92mINFO [0m:      
[92mINFO [0m:      Received: train message f1f831cd-dca6-4e65-9a60-d9dcd0463cb5
[92mINFO [0m:      Sent reply
[92mINFO [0m:      
[92mINFO [0m:      Received: evaluate message 25cccb7b-ba1d-4b6c-9ec4-da8dc416a264
[92mINFO [0m:      Sent reply
[92mINFO [0m:      
[92mINFO [0m:      Received: train message e4902e01-2a71-4cce-a925-dc61d1edb7f6
[92mINFO [0m:      Sent reply
[92mINFO [0m:      
[92mINFO [0m:      Received: evaluate message 20af38ab-f1e9-4d63-a755-0f73cb836fa4
[92mINFO [0m:      Sent reply
[92mINFO [0m:      
[92mINFO [0m:      Received: train message e80c12be-6900-4f14-ba08-5ec0f68ac73a
[92mINFO [0m:      Sent reply
[92mINFO [0m:      
[92mINFO [0m:      Received: evaluate message aa5216f0-dcb9-458c-be4b-28bd6a45e37d
[92mINFO [0m:      Sent reply
[92mINFO [0m:      
[92mINFO [0m:      Received: train message 66aa6a9d-5ebc-449c-a066-3e71c64eb533
[92mINFO [0m:      Sent reply
[92mINFO [0m:      
[92mINFO [0m:      Received: evaluate message 18afcf88-dabf-48e1-995a-aef30e0c4824
[92mINFO [0m:      Sent reply
[92mINFO [0m:      
[92mINFO [0m:      Received: train message 6acee6af-ead2-4cf8-907f-3aab8b28c4ae
[92mINFO [0m:      Sent reply
[92mINFO [0m:      
[92mINFO [0m:      Received: evaluate message ccad411c-253f-4963-8fbf-1c9aaab37a3f
[92mINFO [0m:      Sent reply
[92mINFO [0m:      
[92mINFO [0m:      Received: train message 76a9e3fb-7689-4f88-93eb-0453b7485067
[92mINFO [0m:      Sent reply
[92mINFO [0m:      
[92mINFO [0m:      Received: evaluate message 7fa648f0-cbc9-4dab-b616-4a0f8d48d07b
[92mINFO [0m:      Sent reply
[92mINFO [0m:      
[92mINFO [0m:      Received: train message e331f640-94df-402f-bea5-9d1b55a6b26b
[92mINFO [0m:      Sent reply
[92mINFO [0m:      
[92mINFO [0m:      Received: evaluate message c42f0288-bb68-49a4-b28c-0fe0fc397a98
[92mINFO [0m:      Sent reply
[92mINFO [0m:      
[92mINFO [0m:      Received: train message 5f480ff1-8f33-4a86-99bc-0022d7dd13dd
[92mINFO [0m:      Sent reply
[92mINFO [0m:      
[92mINFO [0m:      Received: evaluate message 550e6bca-564d-4591-8d64-10dc271cd02f
[92mINFO [0m:      Sent reply
[92mINFO [0m:      
[92mINFO [0m:      Received: train message 8369b2ea-a281-4c4b-af38-52d41b6e8048
[92mINFO [0m:      Sent reply
[92mINFO [0m:      
[92mINFO [0m:      Received: evaluate message ce09b754-12d2-40cc-8ad1-b6eb7789a774
[92mINFO [0m:      Sent reply
[92mINFO [0m:      
[92mINFO [0m:      Received: reconnect message 2b01939a-f33a-408c-8b50-b580c6a0c5ba
[92mINFO [0m:      Disconnect and shut down
