[93mWARNING [0m:   DEPRECATED FEATURE: flwr.client.start_client() is deprecated.
	Instead, use the `flower-supernode` CLI command to start a SuperNode as shown below:

		$ flower-supernode --insecure --superlink='<IP>:<PORT>'

	To view all available options, run:

		$ flower-supernode --help

	Using `start_client()` is deprecated.

            This is a deprecated feature. It will be removed
            entirely in future versions of Flower.
        
[92mINFO [0m:      
[92mINFO [0m:      Received: train message 91dfbdb2-1912-4f7e-80b7-0103357874e2
[92mINFO [0m:      Sent reply
[92mINFO [0m:      
[92mINFO [0m:      Received: evaluate message 27683539-f577-4517-af03-2f1620ef25d4
[92mINFO [0m:      Sent reply
[92mINFO [0m:      
[92mINFO [0m:      Received: train message 57f69a61-a0b3-4b97-bc41-1aec01267b97
[92mINFO [0m:      Sent reply
[92mINFO [0m:      
[92mINFO [0m:      Received: evaluate message d3354d60-f573-4de9-94a9-06012d9beecf
[92mINFO [0m:      Sent reply
[92mINFO [0m:      
[92mINFO [0m:      Received: train message 68fb0ce4-9a93-483f-b92c-8d52d6027736
[92mINFO [0m:      Sent reply
[92mINFO [0m:      
[92mINFO [0m:      Received: evaluate message bc0c36b2-df45-4f24-9671-41431debd98d
[92mINFO [0m:      Sent reply
[92mINFO [0m:      
[92mINFO [0m:      Received: train message 9217e5f2-7733-41e8-ae28-b7e0b3130814
[92mINFO [0m:      Sent reply
[92mINFO [0m:      
[92mINFO [0m:      Received: evaluate message fc63e79e-8086-43f5-bf82-f0498d32431f
[92mINFO [0m:      Sent reply
[92mINFO [0m:      
[92mINFO [0m:      Received: train message cbab7915-1f49-455d-a8d7-6bae578bd947
[92mINFO [0m:      Sent reply
[92mINFO [0m:      
[92mINFO [0m:      Received: evaluate message 7b859ed4-2872-496b-a94a-dfdb037eb755
[92mINFO [0m:      Sent reply
[92mINFO [0m:      
[92mINFO [0m:      Received: train message 68a6bc6a-e46a-43f8-b280-91dba1d9e3f3
[92mINFO [0m:      Sent reply
[92mINFO [0m:      
[92mINFO [0m:      Received: evaluate message 875743ba-d097-4d76-9b5e-cd31047bd9dd
[92mINFO [0m:      Sent reply
[92mINFO [0m:      
[92mINFO [0m:      Received: train message 82cfb380-8deb-45f7-8cc2-53d31b18b486
[92mINFO [0m:      Sent reply
[92mINFO [0m:      
[92mINFO [0m:      Received: evaluate message 6976b69a-1891-4ded-a61c-04cd0d53127b
[92mINFO [0m:      Sent reply
[92mINFO [0m:      
[92mINFO [0m:      Received: train message d8f13258-ff0b-448c-b4ac-a9402d2c328b
[92mINFO [0m:      Sent reply
[92mINFO [0m:      
[92mINFO [0m:      Received: evaluate message 03f1aba4-44a0-4207-8169-413fb9991b07
[92mINFO [0m:      Sent reply
[92mINFO [0m:      
[92mINFO [0m:      Received: train message 71515444-20ac-47a1-8bbd-c3fc2a0cf9c6
[92mINFO [0m:      Sent reply
[92mINFO [0m:      
[92mINFO [0m:      Received: evaluate message 69834ccf-1ddd-4a7e-8d58-3c57aaa49405
[92mINFO [0m:      Sent reply
[92mINFO [0m:      
[92mINFO [0m:      Received: train message 6f987b36-f149-4c14-b9d8-a9deacce0652
[92mINFO [0m:      Sent reply
[92mINFO [0m:      
[92mINFO [0m:      Received: evaluate message 36eafcef-c1a2-47dc-95c7-2558e8923210
[92mINFO [0m:      Sent reply
[92mINFO [0m:      
[92mINFO [0m:      Received: train message 2190719e-f047-47fb-afdb-0728d58f3894
[92mINFO [0m:      Sent reply
[92mINFO [0m:      
[92mINFO [0m:      Received: evaluate message 3b144210-c067-4ee4-92fb-4170ad34980a
[92mINFO [0m:      Sent reply
[92mINFO [0m:      
[92mINFO [0m:      Received: train message 4910fac2-a78c-4b51-8dc7-18d1053a48df
[92mINFO [0m:      Sent reply
[92mINFO [0m:      
[92mINFO [0m:      Received: evaluate message f930f975-a53d-484f-a162-2b56b81e9865
[92mINFO [0m:      Sent reply
[92mINFO [0m:      
[92mINFO [0m:      Received: train message a6b019ff-9217-4fbe-8658-8bcf88551ce0
[92mINFO [0m:      Sent reply
[92mINFO [0m:      
[92mINFO [0m:      Received: evaluate message 130f41a5-383e-4eb3-bdaf-13bd08ea3080
[92mINFO [0m:      Sent reply
[92mINFO [0m:      
[92mINFO [0m:      Received: train message 1d23f631-b11a-45bd-9f79-7f883dbff5e5
[92mINFO [0m:      Sent reply
[92mINFO [0m:      
[92mINFO [0m:      Received: evaluate message 2d7e9b27-b070-4687-b8cb-8785c73603b0
[92mINFO [0m:      Sent reply
[92mINFO [0m:      
[92mINFO [0m:      Received: train message acb3ce7c-7fd0-4da1-9d0e-db0940f3e6fd
[92mINFO [0m:      Sent reply
[92mINFO [0m:      
[92mINFO [0m:      Received: evaluate message 6103db59-a708-4d46-8c6a-f57f95a73ec0
[92mINFO [0m:      Sent reply
[92mINFO [0m:      
[92mINFO [0m:      Received: train message 25a3a310-e9f1-41d5-878f-8f2659ccc2b6
[92mINFO [0m:      Sent reply
[92mINFO [0m:      
[92mINFO [0m:      Received: evaluate message 5324c503-a5ff-48c4-8a52-c4c18bd4182f
[92mINFO [0m:      Sent reply
[92mINFO [0m:      
[92mINFO [0m:      Received: train message 7659abba-72fe-4849-a990-092d8891357e
[92mINFO [0m:      Sent reply
[92mINFO [0m:      
[92mINFO [0m:      Received: evaluate message e8fb4a4a-4e5f-45e9-9385-5ec93c8b421c
[92mINFO [0m:      Sent reply
[92mINFO [0m:      
[92mINFO [0m:      Received: train message 19a1959d-16b5-4bd2-b5f9-0d6593bf9405
[92mINFO [0m:      Sent reply
[92mINFO [0m:      
[92mINFO [0m:      Received: evaluate message 4553b00d-8d17-44ce-bc6c-bee466945b7c
[92mINFO [0m:      Sent reply
[92mINFO [0m:      
[92mINFO [0m:      Received: train message 68760fa9-484c-42de-850f-8b09316bf905
[92mINFO [0m:      Sent reply
[92mINFO [0m:      
[92mINFO [0m:      Received: evaluate message 2ebb1e33-897f-4c8e-a5c3-90d36a07ceb7
[92mINFO [0m:      Sent reply
[92mINFO [0m:      
[92mINFO [0m:      Received: train message 07dc0dcc-6e89-4fc3-b89e-5be529483a19
[92mINFO [0m:      Sent reply
[92mINFO [0m:      
[92mINFO [0m:      Received: evaluate message 1dbf4a88-8cb8-4541-a671-6826bcaca35f
[92mINFO [0m:      Sent reply
[92mINFO [0m:      
[92mINFO [0m:      Received: train message c301cd77-574b-4b12-b8ea-f9558076058b
[92mINFO [0m:      Sent reply
[92mINFO [0m:      
[92mINFO [0m:      Received: evaluate message ed90d15d-c8fe-4c43-8cf0-c8c940c863b8
[92mINFO [0m:      Sent reply
[92mINFO [0m:      
[92mINFO [0m:      Received: train message 608e683f-1a1e-4299-bccf-1c0411b4868d
[92mINFO [0m:      Sent reply
[92mINFO [0m:      
[92mINFO [0m:      Received: evaluate message 25516d3b-b552-4dba-a47d-e5dfda238fe3
[92mINFO [0m:      Sent reply
[92mINFO [0m:      
[92mINFO [0m:      Received: train message 5e04afe6-25b5-4fed-b220-000be83ea2f6
[92mINFO [0m:      Sent reply
[92mINFO [0m:      
[92mINFO [0m:      Received: evaluate message a629a808-d6a4-4678-8ab5-c4044a6a6193
[92mINFO [0m:      Sent reply
[92mINFO [0m:      
[92mINFO [0m:      Received: train message 00afd343-f09c-4fe3-9e4d-e58062c2cc0f
[92mINFO [0m:      Sent reply
[92mINFO [0m:      
[92mINFO [0m:      Received: evaluate message 89bd8b21-f3f4-4b33-98bd-689312615792
[92mINFO [0m:      Sent reply
[92mINFO [0m:      
[92mINFO [0m:      Received: train message 24446fef-8b0d-4a4f-8b90-92ee2977de1b
[92mINFO [0m:      Sent reply
[92mINFO [0m:      
[92mINFO [0m:      Received: evaluate message ea8ff15e-72ed-441d-96ab-07f34d1a432f
[92mINFO [0m:      Sent reply
[92mINFO [0m:      
[92mINFO [0m:      Received: train message 4b09c309-a899-4928-ae50-338bfd7281b6
[92mINFO [0m:      Sent reply
[92mINFO [0m:      
[92mINFO [0m:      Received: evaluate message f6b71ea6-8b69-4160-a45b-95343e2c9e4c
[92mINFO [0m:      Sent reply
[92mINFO [0m:      
[92mINFO [0m:      Received: train message 6a087037-0898-4174-af18-54f98988ffab
[92mINFO [0m:      Sent reply
[92mINFO [0m:      
[92mINFO [0m:      Received: evaluate message 9a6be6a7-53b9-4e5e-9a42-1dc0f40e30d2
[92mINFO [0m:      Sent reply
[92mINFO [0m:      
[92mINFO [0m:      Received: train message a2a0937a-9cab-464f-a406-bc4399823a48
[92mINFO [0m:      Sent reply
[92mINFO [0m:      
[92mINFO [0m:      Received: evaluate message 88dbaa22-cedb-4775-9abd-b77cd78c6d87
[92mINFO [0m:      Sent reply
[92mINFO [0m:      
[92mINFO [0m:      Received: train message 65a6b05e-6797-4802-acce-b4ca73416d54
[92mINFO [0m:      Sent reply
[92mINFO [0m:      
[92mINFO [0m:      Received: evaluate message 2b7558a2-748c-47a3-adf8-9dc5df057ed5
[92mINFO [0m:      Sent reply
[92mINFO [0m:      
[92mINFO [0m:      Received: train message 91a6b5db-d9fe-428c-8589-26039508e750
[92mINFO [0m:      Sent reply
[92mINFO [0m:      
[92mINFO [0m:      Received: evaluate message b5f6f293-e5ff-41c6-933a-7c147fd32ed5
[92mINFO [0m:      Sent reply
[92mINFO [0m:      
[92mINFO [0m:      Received: train message a703d989-fb31-4072-a16b-becfbed7991d
[92mINFO [0m:      Sent reply
[92mINFO [0m:      
[92mINFO [0m:      Received: evaluate message c47eced6-b71a-4306-ab01-1ffc23c50299
[92mINFO [0m:      Sent reply
[92mINFO [0m:      
[92mINFO [0m:      Received: train message f2c790eb-c878-42d4-a923-97133330a42b
[92mINFO [0m:      Sent reply
[92mINFO [0m:      
[92mINFO [0m:      Received: evaluate message 46848a55-7f29-4016-a1be-9d38f3378414
[92mINFO [0m:      Sent reply
[92mINFO [0m:      
[92mINFO [0m:      Received: train message 1d79c48f-b307-4816-a738-f024715e0d61
[92mINFO [0m:      Sent reply
[92mINFO [0m:      
[92mINFO [0m:      Received: evaluate message edd55586-e6ec-4fff-99d2-b9b4ae57db16
[92mINFO [0m:      Sent reply
[92mINFO [0m:      
[92mINFO [0m:      Received: train message af72a858-019e-406b-805b-30b7b20405f7
[92mINFO [0m:      Sent reply
[92mINFO [0m:      
[92mINFO [0m:      Received: evaluate message 823e59a7-8a32-44bb-9a91-0fd346285514
[92mINFO [0m:      Sent reply
[92mINFO [0m:      
[92mINFO [0m:      Received: train message 279a8f15-d8ae-4f93-aaef-a035bd25f0e7
[92mINFO [0m:      Sent reply
[92mINFO [0m:      
[92mINFO [0m:      Received: evaluate message c1725102-9c77-4aa6-bf30-1a7d4b8c5a5f
[92mINFO [0m:      Sent reply
[92mINFO [0m:      
[92mINFO [0m:      Received: train message 99f0f811-549a-477f-8c12-b75eb5ab9781
[92mINFO [0m:      Sent reply
[92mINFO [0m:      
[92mINFO [0m:      Received: evaluate message 90378b58-ee1c-4f4d-af64-fad5c67c9bc6
[92mINFO [0m:      Sent reply
[92mINFO [0m:      
[92mINFO [0m:      Received: train message 00ecf6c6-7f81-475e-b12c-cad32b6a1893
[92mINFO [0m:      Sent reply
[92mINFO [0m:      
[92mINFO [0m:      Received: evaluate message 502575d7-bbe2-4c16-8992-75eedf05e39a
[92mINFO [0m:      Sent reply
[92mINFO [0m:      
[92mINFO [0m:      Received: train message 0d35a280-4764-4927-8841-7ac31ada860c
[92mINFO [0m:      Sent reply
[92mINFO [0m:      
[92mINFO [0m:      Received: evaluate message ce9a2f7c-6508-4768-90c7-9c333cff6df9
[92mINFO [0m:      Sent reply
[92mINFO [0m:      
[92mINFO [0m:      Received: train message c0c38e57-df75-47ae-ac61-169096686579
[92mINFO [0m:      Sent reply
[92mINFO [0m:      
[92mINFO [0m:      Received: evaluate message 28258bac-9b46-44cd-9d53-716d683d02c7
[92mINFO [0m:      Sent reply
[92mINFO [0m:      
[92mINFO [0m:      Received: train message 63e194c8-a07c-4a75-a539-931a07f7f546
[92mINFO [0m:      Sent reply
[92mINFO [0m:      
[92mINFO [0m:      Received: evaluate message 50d0b959-a67a-4e24-bd92-c5caf0ee1e90
[92mINFO [0m:      Sent reply
[92mINFO [0m:      
[92mINFO [0m:      Received: train message fd0687cc-5143-46ce-96ef-724101c7bb30
[92mINFO [0m:      Sent reply
[92mINFO [0m:      
[92mINFO [0m:      Received: evaluate message 89776d4f-96c0-4317-b982-45d99b58025f
[92mINFO [0m:      Sent reply
[92mINFO [0m:      
[92mINFO [0m:      Received: train message 1ce5ad12-91b8-4ca3-abe4-15fc3ccc1470
[92mINFO [0m:      Sent reply
[92mINFO [0m:      
[92mINFO [0m:      Received: evaluate message e94d138b-eeea-4615-83ed-051e08a9ba8d
[92mINFO [0m:      Sent reply
[92mINFO [0m:      
[92mINFO [0m:      Received: train message e95bf97f-16d3-4ad7-b98b-09856fe2d931
[92mINFO [0m:      Sent reply
[92mINFO [0m:      
[92mINFO [0m:      Received: evaluate message 3fb8ce58-6801-4caf-b2d3-7d03be6e03a7
[92mINFO [0m:      Sent reply
[92mINFO [0m:      
[92mINFO [0m:      Received: train message 8886f814-8eaf-4260-b09f-8f2fd485896c
[92mINFO [0m:      Sent reply
[92mINFO [0m:      
[92mINFO [0m:      Received: evaluate message 98b39577-6df6-4db7-869b-15f2e2adada7
[92mINFO [0m:      Sent reply
[92mINFO [0m:      
[92mINFO [0m:      Received: train message b5969f91-1fa6-40e6-b40a-432a64fbca44
[92mINFO [0m:      Sent reply
[92mINFO [0m:      
[92mINFO [0m:      Received: evaluate message 07617f95-3f82-4530-9af1-4c4844c321a0
[92mINFO [0m:      Sent reply
[92mINFO [0m:      
[92mINFO [0m:      Received: train message 0a5ff718-c531-43d5-a541-57b400734214
[92mINFO [0m:      Sent reply
[92mINFO [0m:      
[92mINFO [0m:      Received: evaluate message 04233ce9-2886-45d7-a7cf-8a8e2fb9e0a8
[92mINFO [0m:      Sent reply
[92mINFO [0m:      
[92mINFO [0m:      Received: train message 9285be33-b90a-4035-be02-18a4cc5bc5da
[92mINFO [0m:      Sent reply
[92mINFO [0m:      
[92mINFO [0m:      Received: evaluate message fd10b33f-cce9-4721-8527-3451ce3b279b
[92mINFO [0m:      Sent reply
[92mINFO [0m:      
[92mINFO [0m:      Received: train message 08a5605f-7268-4e54-a730-df0f88a270ea
[92mINFO [0m:      Sent reply
[92mINFO [0m:      
[92mINFO [0m:      Received: evaluate message c3d74755-78cc-40f4-9391-3fd3564d8587
[92mINFO [0m:      Sent reply
[92mINFO [0m:      
[92mINFO [0m:      Received: train message 34a3bda1-dec6-4ca3-b400-098a7aa98d96
[92mINFO [0m:      Sent reply
[92mINFO [0m:      
[92mINFO [0m:      Received: evaluate message fe766194-02e9-4b44-acfe-b062b2338e8b
[92mINFO [0m:      Sent reply
[92mINFO [0m:      
[92mINFO [0m:      Received: train message 9a8ae77b-3bc6-4047-a1ef-b0872fbac48e
[92mINFO [0m:      Sent reply
[92mINFO [0m:      
[92mINFO [0m:      Received: evaluate message 5731ab37-7c35-4189-9694-b7f47d3d1ca9
[92mINFO [0m:      Sent reply
[92mINFO [0m:      
[92mINFO [0m:      Received: reconnect message 9bf3be75-c78e-436d-80d4-f3fa3a73816c
[92mINFO [0m:      Disconnect and shut down
