[93mWARNING [0m:   DEPRECATED FEATURE: flwr.client.start_client() is deprecated.
	Instead, use the `flower-supernode` CLI command to start a SuperNode as shown below:

		$ flower-supernode --insecure --superlink='<IP>:<PORT>'

	To view all available options, run:

		$ flower-supernode --help

	Using `start_client()` is deprecated.

            This is a deprecated feature. It will be removed
            entirely in future versions of Flower.
        
[92mINFO [0m:      
[92mINFO [0m:      Received: train message 463b124e-ca87-47bc-93e4-a13820e58faf
[92mINFO [0m:      Sent reply
[92mINFO [0m:      
[92mINFO [0m:      Received: evaluate message 0d41cfc6-f326-47ed-b844-32c8db251f8b
[92mINFO [0m:      Sent reply
[92mINFO [0m:      
[92mINFO [0m:      Received: train message d8b1be84-26f7-4a9f-9824-01c6f36c93b2
[92mINFO [0m:      Sent reply
[92mINFO [0m:      
[92mINFO [0m:      Received: evaluate message d63a3ff8-c44c-4bae-ab35-ebbe5d3626dc
[92mINFO [0m:      Sent reply
[92mINFO [0m:      
[92mINFO [0m:      Received: train message 22a42b66-4712-45e1-af1c-1350bd24e881
[92mINFO [0m:      Sent reply
[92mINFO [0m:      
[92mINFO [0m:      Received: train message f93783ad-76ea-452b-a799-e9136c8e149b
[92mINFO [0m:      Sent reply
[92mINFO [0m:      
[92mINFO [0m:      Received: evaluate message 3b3c35cc-86e1-4248-8d2c-1893bee7b674
[92mINFO [0m:      Sent reply
[92mINFO [0m:      
[92mINFO [0m:      Received: evaluate message ae9b1da3-6812-45bf-8cdc-e1201f156959
[92mINFO [0m:      Sent reply
[92mINFO [0m:      
[92mINFO [0m:      Received: train message c541ec51-0548-43cf-a819-404142c24a23
[92mINFO [0m:      Sent reply
[92mINFO [0m:      
[92mINFO [0m:      Received: evaluate message efe2c237-817f-4168-959b-691f25536696
[92mINFO [0m:      Sent reply
[92mINFO [0m:      
[92mINFO [0m:      Received: evaluate message fadd3528-f23b-4020-86fc-2649a6c5ee5f
[92mINFO [0m:      Sent reply
[92mINFO [0m:      
[92mINFO [0m:      Received: train message aadfa041-ac34-4fe3-b102-03bb1a867dd2
[92mINFO [0m:      Sent reply
[92mINFO [0m:      
[92mINFO [0m:      Received: evaluate message 015d493a-8ee9-4b5e-b233-635fc84c1651
[92mINFO [0m:      Sent reply
[92mINFO [0m:      
[92mINFO [0m:      Received: train message 5cdc72ad-4a4b-43a3-b233-60a81292d9b4
[92mINFO [0m:      Sent reply
[92mINFO [0m:      
[92mINFO [0m:      Received: evaluate message 0abdc400-88d1-400b-b6c5-1e91649bd1f3
[92mINFO [0m:      Sent reply
[92mINFO [0m:      
[92mINFO [0m:      Received: train message 533ca0f1-e102-4588-be11-ed2c13ea305f
[92mINFO [0m:      Sent reply
[92mINFO [0m:      
[92mINFO [0m:      Received: train message df02b0ed-e746-4513-bb51-dd3535858e9f
[92mINFO [0m:      Sent reply
[92mINFO [0m:      
[92mINFO [0m:      Received: train message 8bb53d76-407f-4fc9-8dfb-5d87b71221da
[92mINFO [0m:      Sent reply
[92mINFO [0m:      
[92mINFO [0m:      Received: train message b59bd920-e54e-4d9e-8fbf-8c63c57a47a0
[92mINFO [0m:      Sent reply
[92mINFO [0m:      
[92mINFO [0m:      Received: train message 994766d2-cf33-411b-8b3e-300fb162be9c
[92mINFO [0m:      Sent reply
[92mINFO [0m:      
[92mINFO [0m:      Received: evaluate message 0f0c78c4-1794-4603-b30e-bea01ae65c99
[92mINFO [0m:      Sent reply
[92mINFO [0m:      
[92mINFO [0m:      Received: evaluate message e35c2490-fe86-4f66-958a-56a4ca33cb47
[92mINFO [0m:      Sent reply
[92mINFO [0m:      
[92mINFO [0m:      Received: evaluate message 4c876f27-7fc5-4c91-b41e-ba29d86f59b7
[92mINFO [0m:      Sent reply
[92mINFO [0m:      
[92mINFO [0m:      Received: evaluate message c3158f78-833b-4ac7-820d-9af2bd1d42c0
[92mINFO [0m:      Sent reply
[92mINFO [0m:      
[92mINFO [0m:      Received: evaluate message b5fb4118-b8b1-41f0-a2c3-a18cb7838345
[92mINFO [0m:      Sent reply
[92mINFO [0m:      
[92mINFO [0m:      Received: train message 141df365-9996-4d9a-97ef-b66e05cbd87c
[92mINFO [0m:      Sent reply
[92mINFO [0m:      
[92mINFO [0m:      Received: evaluate message 9b547937-0a24-4242-960e-1767ae2fe60b
[92mINFO [0m:      Sent reply
[92mINFO [0m:      
[92mINFO [0m:      Received: train message 816625de-7982-4650-9fbb-6435df41cdcf
[92mINFO [0m:      Sent reply
[92mINFO [0m:      
[92mINFO [0m:      Received: train message cbacd1f3-ee10-47c8-a4dd-465c321562c6
[92mINFO [0m:      Sent reply
[92mINFO [0m:      
[92mINFO [0m:      Received: evaluate message 9d46361c-d185-4f4e-ad78-fcc8f7584f55
[92mINFO [0m:      Sent reply
[92mINFO [0m:      
[92mINFO [0m:      Received: evaluate message 4dfd5bad-e25a-4b13-9b30-8e7501c3242e
[92mINFO [0m:      Sent reply
[92mINFO [0m:      
[92mINFO [0m:      Received: evaluate message 9fa054be-8113-4024-ae79-e0a216b6e74a
[92mINFO [0m:      Sent reply
[92mINFO [0m:      
[92mINFO [0m:      Received: train message 85b51314-6761-4f1f-b478-5107d4216e0a
[92mINFO [0m:      Sent reply
[92mINFO [0m:      
[92mINFO [0m:      Received: train message e0635c34-c85b-4406-a142-4dd1a711cd69
[92mINFO [0m:      Sent reply
[92mINFO [0m:      
[92mINFO [0m:      Received: evaluate message 6a87b1d6-8890-4f84-af7d-669dc5ac3695
[92mINFO [0m:      Sent reply
[92mINFO [0m:      
[92mINFO [0m:      Received: train message 5f703591-d70b-4b79-8979-d44224fcfb0b
[92mINFO [0m:      Sent reply
[92mINFO [0m:      
[92mINFO [0m:      Received: evaluate message d45a73d6-3ab5-44aa-b4b6-82f2878ff5fb
[92mINFO [0m:      Sent reply
[92mINFO [0m:      
[92mINFO [0m:      Received: evaluate message 5ac36f67-2faa-4438-a1e4-c3f13dd48c79
[92mINFO [0m:      Sent reply
[92mINFO [0m:      
[92mINFO [0m:      Received: evaluate message 27967983-74f0-4be9-995b-c0aa2f864b30
[92mINFO [0m:      Sent reply
[92mINFO [0m:      
[92mINFO [0m:      Received: train message 259c1a3c-df01-40ab-abff-5531a638b9d0
[92mINFO [0m:      Sent reply
[92mINFO [0m:      
[92mINFO [0m:      Received: evaluate message 169fe13f-4a19-4e73-9440-cbfe84ab2f5e
[92mINFO [0m:      Sent reply
[92mINFO [0m:      
[92mINFO [0m:      Received: train message bb6ad436-2cdd-4e05-9f3c-216aa0fc7f3c
[92mINFO [0m:      Sent reply
[92mINFO [0m:      
[92mINFO [0m:      Received: evaluate message a9d5b03d-e43a-45c0-a069-6ed7b10ea213
[92mINFO [0m:      Sent reply
[92mINFO [0m:      
[92mINFO [0m:      Received: evaluate message 4aa55c83-ca66-4040-97c5-d5250b103bbb
[92mINFO [0m:      Sent reply
[92mINFO [0m:      
[92mINFO [0m:      Received: train message 332b7454-a5ee-4ee6-a9b4-38bdca3238b3
[92mINFO [0m:      Sent reply
[92mINFO [0m:      
[92mINFO [0m:      Received: evaluate message 0f1a6f63-28f1-4b8f-8568-cdcbaa4cd03d
[92mINFO [0m:      Sent reply
[92mINFO [0m:      
[92mINFO [0m:      Received: evaluate message 075e3a76-2721-4901-9762-ddfd13fda128
[92mINFO [0m:      Sent reply
[92mINFO [0m:      
[92mINFO [0m:      Received: train message 7de01692-778d-4e6f-a721-9565fe209857
[92mINFO [0m:      Sent reply
[92mINFO [0m:      
[92mINFO [0m:      Received: evaluate message d77baa22-ad63-4f43-8bf5-549f93d45875
[92mINFO [0m:      Sent reply
[92mINFO [0m:      
[92mINFO [0m:      Received: train message 052eaea9-afea-4fb4-9726-efd5f8bbe795
[92mINFO [0m:      Sent reply
[92mINFO [0m:      
[92mINFO [0m:      Received: evaluate message 639cf6dd-521c-4df9-82e0-1865933970b4
[92mINFO [0m:      Sent reply
[92mINFO [0m:      
[92mINFO [0m:      Received: train message 8466238b-4ef9-4c94-93dd-4242c3dc4ee5
[92mINFO [0m:      Sent reply
[92mINFO [0m:      
[92mINFO [0m:      Received: evaluate message adb71a01-c14e-4287-bd81-8fe6efbe8865
[92mINFO [0m:      Sent reply
[92mINFO [0m:      
[92mINFO [0m:      Received: train message d1f73a63-e538-4609-a62b-e1bb7d09dc53
[92mINFO [0m:      Sent reply
[92mINFO [0m:      
[92mINFO [0m:      Received: train message 50c283b8-43d6-45c9-a59f-a1d21dff8d7e
[92mINFO [0m:      Sent reply
[92mINFO [0m:      
[92mINFO [0m:      Received: train message 197fd362-b9c8-4f99-9496-28b271143567
[92mINFO [0m:      Sent reply
[92mINFO [0m:      
[92mINFO [0m:      Received: evaluate message 0eaa65bb-58b8-45e9-a5bb-c6688e4cc3b8
[92mINFO [0m:      Sent reply
[92mINFO [0m:      
[92mINFO [0m:      Received: train message a37dade5-b54f-4c14-806a-4c1847b9e76c
[92mINFO [0m:      Sent reply
[92mINFO [0m:      
[92mINFO [0m:      Received: evaluate message 511a1233-945b-4f95-803b-46cac81841fd
[92mINFO [0m:      Sent reply
[92mINFO [0m:      
[92mINFO [0m:      Received: train message 365035ef-1fa3-4f97-b3ae-690bcae875ca
[92mINFO [0m:      Sent reply
[92mINFO [0m:      
[92mINFO [0m:      Received: train message 1b456b97-ea27-45fe-9c3d-564fc0c0ac8b
[92mINFO [0m:      Sent reply
[92mINFO [0m:      
[92mINFO [0m:      Received: train message 91618a86-1007-4446-8f65-7113311e6519
[92mINFO [0m:      Sent reply
[92mINFO [0m:      
[92mINFO [0m:      Received: evaluate message 47feb561-849c-499d-8078-4f99fb3dc16e
[92mINFO [0m:      Sent reply
[92mINFO [0m:      
[92mINFO [0m:      Received: train message d1c2de70-5fe3-4c56-b6fa-350b9ee58e29
[92mINFO [0m:      Sent reply
[92mINFO [0m:      
[92mINFO [0m:      Received: evaluate message 77952d1d-e03c-4156-be9f-803b9e6d2a1d
[92mINFO [0m:      Sent reply
[92mINFO [0m:      
[92mINFO [0m:      Received: train message 51fa3c54-eb0f-4863-8eec-3c3ebe5672ab
[92mINFO [0m:      Sent reply
[92mINFO [0m:      
[92mINFO [0m:      Received: train message 125a2371-32c8-4e3e-b0e7-83ffb58a4210
[92mINFO [0m:      Sent reply
[92mINFO [0m:      
[92mINFO [0m:      Received: evaluate message ac37f046-0289-4d89-8d7c-65ccd9cd3e89
[92mINFO [0m:      Sent reply
[92mINFO [0m:      
[92mINFO [0m:      Received: evaluate message 9b0ab3e7-93f7-4bf1-8023-ef226a824beb
[92mINFO [0m:      Sent reply
[92mINFO [0m:      
[92mINFO [0m:      Received: evaluate message 2693aa29-0e2b-4539-ace8-6aa201500b4e
[92mINFO [0m:      Sent reply
[92mINFO [0m:      
[92mINFO [0m:      Received: train message 3f59b161-6547-44d7-a537-cbefba347487
[92mINFO [0m:      Sent reply
[92mINFO [0m:      
[92mINFO [0m:      Received: evaluate message 603ee440-ccd8-4889-b9c5-a2e952219193
[92mINFO [0m:      Sent reply
[92mINFO [0m:      
[92mINFO [0m:      Received: train message a4e0d436-671b-41f4-84ec-4218de91343d
[92mINFO [0m:      Sent reply
[92mINFO [0m:      
[92mINFO [0m:      Received: evaluate message 08d1d474-b795-45f2-a288-febdb7e6a3d8
[92mINFO [0m:      Sent reply
[92mINFO [0m:      
[92mINFO [0m:      Received: train message 31073647-1de6-47c3-897d-aa8aab0f5a57
[92mINFO [0m:      Sent reply
[92mINFO [0m:      
[92mINFO [0m:      Received: evaluate message 2d5fafdb-79c7-4d93-a81a-07525a40b9ff
[92mINFO [0m:      Sent reply
[92mINFO [0m:      
[92mINFO [0m:      Received: evaluate message ac639256-ef70-456f-80ba-06406805d34b
[92mINFO [0m:      Sent reply
[92mINFO [0m:      
[92mINFO [0m:      Received: train message 0180d021-c64f-4779-ac63-dd814e906647
[92mINFO [0m:      Sent reply
[92mINFO [0m:      
[92mINFO [0m:      Received: evaluate message 4309f1fb-b38d-45ac-a2a4-9ae72890b099
[92mINFO [0m:      Sent reply
[92mINFO [0m:      
[92mINFO [0m:      Received: train message 2fc03d19-bfe8-4b8e-9f91-31c2df62d9d9
[92mINFO [0m:      Sent reply
[92mINFO [0m:      
[92mINFO [0m:      Received: evaluate message e7de6819-5e2e-4cc3-bfc8-37dae942b775
[92mINFO [0m:      Sent reply
[92mINFO [0m:      
[92mINFO [0m:      Received: train message 7c257a88-1cac-4cc8-8eab-e21ef569870d
[92mINFO [0m:      Sent reply
[92mINFO [0m:      
[92mINFO [0m:      Received: train message b4ebba64-b8d6-40ff-b492-db012a1b199e
[92mINFO [0m:      Sent reply
[92mINFO [0m:      
[92mINFO [0m:      Received: evaluate message 69783898-ccaa-4f2a-9c5a-6e81e3c5ed53
[92mINFO [0m:      Sent reply
[92mINFO [0m:      
[92mINFO [0m:      Received: train message 50ede067-3c68-4b9a-99aa-e39a7e3b5e65
[92mINFO [0m:      Sent reply
[92mINFO [0m:      
[92mINFO [0m:      Received: train message c0d57854-c3c7-4d17-8ad6-fef2fc9f74eb
[92mINFO [0m:      Sent reply
[92mINFO [0m:      
[92mINFO [0m:      Received: train message 23637f1a-e968-44f9-83a9-c1980a2bb9a4
[92mINFO [0m:      Sent reply
[92mINFO [0m:      
[92mINFO [0m:      Received: evaluate message f57bc2a9-ec98-4558-a998-09431e4ece00
[92mINFO [0m:      Sent reply
[92mINFO [0m:      
[92mINFO [0m:      Received: train message 5fffa69d-85ac-4014-9e5d-a5c582adc318
[92mINFO [0m:      Sent reply
[92mINFO [0m:      
[92mINFO [0m:      Received: train message a8b3c8a0-d49d-4dfc-b1da-43ea3bc45f8c
[92mINFO [0m:      Sent reply
[92mINFO [0m:      
[92mINFO [0m:      Received: evaluate message f5fdfdec-e4a7-4a9e-92a0-d032bdfeb61d
[92mINFO [0m:      Sent reply
[92mINFO [0m:      
[92mINFO [0m:      Received: train message 846dad04-6368-4297-8a5b-a3927f51b357
[92mINFO [0m:      Sent reply
[92mINFO [0m:      
[92mINFO [0m:      Received: train message b16300af-4df4-4d25-ad73-41a0171f5775
[92mINFO [0m:      Sent reply
[92mINFO [0m:      
[92mINFO [0m:      Received: train message 85a93350-c32e-4dd6-9d36-9ba5c39856a4
[92mINFO [0m:      Sent reply
[92mINFO [0m:      
[92mINFO [0m:      Received: evaluate message 2d284565-b811-4e17-a004-8580fa1feb88
[92mINFO [0m:      Sent reply
[92mINFO [0m:      
[92mINFO [0m:      Received: evaluate message 6cf68502-9cb3-4e79-b71c-9c7ba875ce62
[92mINFO [0m:      Sent reply
[92mINFO [0m:      
[92mINFO [0m:      Received: train message 51f4aeee-ab63-4c6e-937f-e8e8b0d857cb
[92mINFO [0m:      Sent reply
[92mINFO [0m:      
[92mINFO [0m:      Received: train message 628ac9c2-3af8-4dc2-b097-ebf54f564a25
[92mINFO [0m:      Sent reply
[92mINFO [0m:      
[92mINFO [0m:      Received: train message 6f331a73-dc3b-4d0d-a4dd-b0db3cdb3153
[92mINFO [0m:      Sent reply
[92mINFO [0m:      
[92mINFO [0m:      Received: evaluate message 1f6f5c26-605d-490e-bdfd-5277b314f179
[92mINFO [0m:      Sent reply
[92mINFO [0m:      
[92mINFO [0m:      Received: train message e741514f-352d-4242-81cb-62f2869f9d9a
[92mINFO [0m:      Sent reply
[92mINFO [0m:      
[92mINFO [0m:      Received: evaluate message 29e78af4-1b2b-4006-8722-b5a23129c981
[92mINFO [0m:      Sent reply
[92mINFO [0m:      
[92mINFO [0m:      Received: train message c9d234f3-eabf-4721-8482-615bd62ea9cd
[92mINFO [0m:      Sent reply
[92mINFO [0m:      
[92mINFO [0m:      Received: evaluate message b7b7ba82-41f7-4a59-ab10-b7a813eb046e
[92mINFO [0m:      Sent reply
[92mINFO [0m:      
[92mINFO [0m:      Received: train message 1e778535-4a53-41cd-9f50-016dab4af524
[92mINFO [0m:      Sent reply
[92mINFO [0m:      
[92mINFO [0m:      Received: train message 3d1229fe-6caa-45f7-b4ba-6713517b0cb6
[92mINFO [0m:      Sent reply
[92mINFO [0m:      
[92mINFO [0m:      Received: train message 56e78578-ebea-41b5-a25d-2e28fb77480d
[92mINFO [0m:      Sent reply
[92mINFO [0m:      
[92mINFO [0m:      Received: evaluate message a4f3a9f6-bff1-48f8-bb05-6d9c2662c03c
[92mINFO [0m:      Sent reply
[92mINFO [0m:      
[92mINFO [0m:      Received: evaluate message 02c9381d-a384-42fb-ab56-3a952f7e18f5
[92mINFO [0m:      Sent reply
[92mINFO [0m:      
[92mINFO [0m:      Received: evaluate message 16b1be55-ea83-4322-8dcc-9986d01544fd
[92mINFO [0m:      Sent reply
[92mINFO [0m:      
[92mINFO [0m:      Received: evaluate message e63facb7-3724-4153-9b14-49ef8e52c504
[92mINFO [0m:      Sent reply
[92mINFO [0m:      
[92mINFO [0m:      Received: evaluate message 72369210-1f2f-4c70-84c8-bea05e4f6129
[92mINFO [0m:      Sent reply
[92mINFO [0m:      
[92mINFO [0m:      Received: evaluate message 91da8133-01f9-4f60-b405-5ee320d62ee5
[92mINFO [0m:      Sent reply
[92mINFO [0m:      
[92mINFO [0m:      Received: train message f2499520-e891-4307-bec9-ed32e8ce4158
[92mINFO [0m:      Sent reply
[92mINFO [0m:      
[92mINFO [0m:      Received: train message 996dda23-a961-401c-9417-2162cc0a9fc3
[92mINFO [0m:      Sent reply
[92mINFO [0m:      
[92mINFO [0m:      Received: evaluate message 236a6781-de5b-45e5-ac87-32c17905e628
[92mINFO [0m:      Sent reply
[92mINFO [0m:      
[92mINFO [0m:      Received: train message 04798f2e-804c-496d-8458-a85d8fdda096
[92mINFO [0m:      Sent reply
[92mINFO [0m:      
[92mINFO [0m:      Received: evaluate message 7a19a8b2-f4d5-4257-af68-13262939bf9d
[92mINFO [0m:      Sent reply
[92mINFO [0m:      
[92mINFO [0m:      Received: evaluate message d61e605a-0a34-4b6d-99a7-1b3feb64946d
[92mINFO [0m:      Sent reply
[92mINFO [0m:      
[92mINFO [0m:      Received: evaluate message 9c812628-8e07-4e9c-9d5d-2dc6639eee22
[92mINFO [0m:      Sent reply
[92mINFO [0m:      
[92mINFO [0m:      Received: train message 02feb446-a32f-4bee-a8c0-6e9c30baaadf
[92mINFO [0m:      Sent reply
[92mINFO [0m:      
[92mINFO [0m:      Received: evaluate message 4fc3a2f3-03d7-487b-952a-f5544c912435
[92mINFO [0m:      Sent reply
[92mINFO [0m:      
[92mINFO [0m:      Received: reconnect message e1d0ad97-32d7-4f11-bc49-b186e25d089c
[92mINFO [0m:      Disconnect and shut down
