[93mWARNING [0m:   DEPRECATED FEATURE: flwr.client.start_client() is deprecated.
	Instead, use the `flower-supernode` CLI command to start a SuperNode as shown below:

		$ flower-supernode --insecure --superlink='<IP>:<PORT>'

	To view all available options, run:

		$ flower-supernode --help

	Using `start_client()` is deprecated.

            This is a deprecated feature. It will be removed
            entirely in future versions of Flower.
        
[92mINFO [0m:      
[92mINFO [0m:      Received: evaluate message c0022ed1-9521-4dbc-96b9-744fef1ad413
[92mINFO [0m:      Sent reply
[92mINFO [0m:      
[92mINFO [0m:      Received: evaluate message 51df9ea8-c315-4c89-b6f9-faf4de97e94a
[92mINFO [0m:      Sent reply
[92mINFO [0m:      
[92mINFO [0m:      Received: evaluate message eb313f95-1f6d-4257-9fb7-5287c7eec7d0
[92mINFO [0m:      Sent reply
[92mINFO [0m:      
[92mINFO [0m:      Received: evaluate message 721cff52-e6cd-4830-8d25-d2444f37f013
[92mINFO [0m:      Sent reply
[92mINFO [0m:      
[92mINFO [0m:      Received: train message e4166eab-8869-4896-b0f2-fcfb45688773
[92mINFO [0m:      Sent reply
[92mINFO [0m:      
[92mINFO [0m:      Received: evaluate message 1fa0caaf-d8f9-4472-bf70-f6ed2fa95649
[92mINFO [0m:      Sent reply
[92mINFO [0m:      
[92mINFO [0m:      Received: train message 82f568a6-7c88-4427-95fb-540ff755a499
[92mINFO [0m:      Sent reply
[92mINFO [0m:      
[92mINFO [0m:      Received: train message 2e1eec07-6270-4044-8a25-000830103d2e
[92mINFO [0m:      Sent reply
[92mINFO [0m:      
[92mINFO [0m:      Received: train message 18888cd3-7aab-4636-92c3-81ec1fb62312
[92mINFO [0m:      Sent reply
[92mINFO [0m:      
[92mINFO [0m:      Received: evaluate message e08ff5fb-f93c-402d-a414-0dabd476d458
[92mINFO [0m:      Sent reply
[92mINFO [0m:      
[92mINFO [0m:      Received: evaluate message 13cca982-3b3d-4349-9800-005eff009bf3
[92mINFO [0m:      Sent reply
[92mINFO [0m:      
[92mINFO [0m:      Received: train message 45c6a67c-d5d4-47c0-8faf-319be453794e
[92mINFO [0m:      Sent reply
[92mINFO [0m:      
[92mINFO [0m:      Received: evaluate message e470cf23-0db4-4009-a2a0-0f3ac9755fbd
[92mINFO [0m:      Sent reply
[92mINFO [0m:      
[92mINFO [0m:      Received: evaluate message 31475a02-9a17-4d0c-a887-42324ae86110
[92mINFO [0m:      Sent reply
[92mINFO [0m:      
[92mINFO [0m:      Received: train message 67ab9b27-9bbb-439e-af85-41a2a1c84117
[92mINFO [0m:      Sent reply
[92mINFO [0m:      
[92mINFO [0m:      Received: evaluate message 65b405a2-cfd1-4d75-9840-5c39a40937e5
[92mINFO [0m:      Sent reply
[92mINFO [0m:      
[92mINFO [0m:      Received: train message 1e9ba1b5-2b03-48ce-a4bf-3cf6807b52d7
[92mINFO [0m:      Sent reply
[92mINFO [0m:      
[92mINFO [0m:      Received: evaluate message 29bee2ce-c7ae-4572-ba30-a0167936d9b3
[92mINFO [0m:      Sent reply
[92mINFO [0m:      
[92mINFO [0m:      Received: evaluate message fde8ca81-ea67-41f4-98a0-004afe6dab83
[92mINFO [0m:      Sent reply
[92mINFO [0m:      
[92mINFO [0m:      Received: train message b0686f4f-d5cb-4532-beb5-138bdae1ef51
[92mINFO [0m:      Sent reply
[92mINFO [0m:      
[92mINFO [0m:      Received: train message 434a7520-2743-414f-9fd9-f391a1d8fdd2
[92mINFO [0m:      Sent reply
[92mINFO [0m:      
[92mINFO [0m:      Received: evaluate message 9a52060b-9586-4d1b-b011-3d8691efacff
[92mINFO [0m:      Sent reply
[92mINFO [0m:      
[92mINFO [0m:      Received: train message d73d42e3-f971-47de-b195-fefb6e9fe792
[92mINFO [0m:      Sent reply
[92mINFO [0m:      
[92mINFO [0m:      Received: evaluate message 5c1aafda-f681-41af-a247-223de4eafb71
[92mINFO [0m:      Sent reply
[92mINFO [0m:      
[92mINFO [0m:      Received: train message 40e52ffc-303f-42bc-b171-cd27d39b2cb0
[92mINFO [0m:      Sent reply
[92mINFO [0m:      
[92mINFO [0m:      Received: evaluate message 64b0cb37-7cc4-4be5-9470-1d583732f27b
[92mINFO [0m:      Sent reply
[92mINFO [0m:      
[92mINFO [0m:      Received: train message bd2dc1b0-815c-4a1c-9b26-32166453969b
[92mINFO [0m:      Sent reply
[92mINFO [0m:      
[92mINFO [0m:      Received: train message 9f621256-7089-4309-8ba7-f406e4e50774
[92mINFO [0m:      Sent reply
[92mINFO [0m:      
[92mINFO [0m:      Received: evaluate message da77cdb2-ddae-40c4-b6c2-a46b9b47c93c
[92mINFO [0m:      Sent reply
[92mINFO [0m:      
[92mINFO [0m:      Received: evaluate message e10c8dc6-dc99-4154-aedb-52bcde2f5417
[92mINFO [0m:      Sent reply
[92mINFO [0m:      
[92mINFO [0m:      Received: train message 1ec721bd-d4df-424f-95e2-61f931568aab
[92mINFO [0m:      Sent reply
[92mINFO [0m:      
[92mINFO [0m:      Received: evaluate message dba86fe1-40d3-4d6b-896a-ac281a8233fb
[92mINFO [0m:      Sent reply
[92mINFO [0m:      
[92mINFO [0m:      Received: train message 4badb708-9e55-4fa3-9490-ac18b5502e80
[92mINFO [0m:      Sent reply
[92mINFO [0m:      
[92mINFO [0m:      Received: evaluate message c3f66028-7f23-46e0-bc65-a382e5d02136
[92mINFO [0m:      Sent reply
[92mINFO [0m:      
[92mINFO [0m:      Received: train message ff84ba66-eaa6-4a93-b7ba-8085600153c1
[92mINFO [0m:      Sent reply
[92mINFO [0m:      
[92mINFO [0m:      Received: train message 2c7a870e-a1f0-412f-bd52-7bbfe59033ff
[92mINFO [0m:      Sent reply
[92mINFO [0m:      
[92mINFO [0m:      Received: train message 826c353f-a5cd-4ef2-ab8e-a65af0ec5bf8
[92mINFO [0m:      Sent reply
[92mINFO [0m:      
[92mINFO [0m:      Received: train message e569c105-ec97-4dcb-82fc-38e8e466bfa7
[92mINFO [0m:      Sent reply
[92mINFO [0m:      
[92mINFO [0m:      Received: evaluate message 6fb2043f-5225-4bcc-9a22-5b8124d3473f
[92mINFO [0m:      Sent reply
[92mINFO [0m:      
[92mINFO [0m:      Received: train message 6ce6a148-ba2e-4049-8fe7-855195afc7cd
[92mINFO [0m:      Sent reply
[92mINFO [0m:      
[92mINFO [0m:      Received: train message 824afc51-3e52-4e2c-8890-6954b4ae793a
[92mINFO [0m:      Sent reply
[92mINFO [0m:      
[92mINFO [0m:      Received: evaluate message 9b762b23-268c-4197-87b9-9fe06ed4fbec
[92mINFO [0m:      Sent reply
[92mINFO [0m:      
[92mINFO [0m:      Received: train message 0dbeb300-da66-4ed8-b82f-ab22b37bfe33
[92mINFO [0m:      Sent reply
[92mINFO [0m:      
[92mINFO [0m:      Received: evaluate message b36f113e-17ed-4430-b06e-0ed1a88a44a2
[92mINFO [0m:      Sent reply
[92mINFO [0m:      
[92mINFO [0m:      Received: train message d14f90a1-ef23-4e01-832f-ee8d2f9d28ca
[92mINFO [0m:      Sent reply
[92mINFO [0m:      
[92mINFO [0m:      Received: evaluate message 63f997ee-ce93-4d9d-bc89-8c8a52f1eee6
[92mINFO [0m:      Sent reply
[92mINFO [0m:      
[92mINFO [0m:      Received: evaluate message ccd21ea5-522f-47ad-9609-53d2fce10e3c
[92mINFO [0m:      Sent reply
[92mINFO [0m:      
[92mINFO [0m:      Received: evaluate message b3dd7a76-4007-4493-a6e4-c29702455c82
[92mINFO [0m:      Sent reply
[92mINFO [0m:      
[92mINFO [0m:      Received: evaluate message 6cd601fa-14f9-4916-8dc9-77764f3caad1
[92mINFO [0m:      Sent reply
[92mINFO [0m:      
[92mINFO [0m:      Received: train message bbe684cc-5ff3-49ef-943a-eb13c7fc0255
[92mINFO [0m:      Sent reply
[92mINFO [0m:      
[92mINFO [0m:      Received: train message f70db49e-4f19-45c0-aba6-83d0b05e6f15
[92mINFO [0m:      Sent reply
[92mINFO [0m:      
[92mINFO [0m:      Received: train message a296f2e6-0b68-43a6-bdec-389ac48e180d
[92mINFO [0m:      Sent reply
[92mINFO [0m:      
[92mINFO [0m:      Received: train message 6cd4d976-5c71-402c-9692-6b76bc0c3dc3
[92mINFO [0m:      Sent reply
[92mINFO [0m:      
[92mINFO [0m:      Received: evaluate message 129440f7-be94-4a03-966d-d45b7cd6aecb
[92mINFO [0m:      Sent reply
[92mINFO [0m:      
[92mINFO [0m:      Received: evaluate message f218b781-2fe5-49c5-96e3-8f97346d5e71
[92mINFO [0m:      Sent reply
[92mINFO [0m:      
[92mINFO [0m:      Received: evaluate message 01c0dcc1-1c59-4462-899c-b83f3675b021
[92mINFO [0m:      Sent reply
[92mINFO [0m:      
[92mINFO [0m:      Received: evaluate message 544c7ea8-c8fd-4465-8986-5cc97387aff1
[92mINFO [0m:      Sent reply
[92mINFO [0m:      
[92mINFO [0m:      Received: train message 2fe68e24-4e2f-4e6e-a21c-71c3f50877d1
[92mINFO [0m:      Sent reply
[92mINFO [0m:      
[92mINFO [0m:      Received: evaluate message 6648a6aa-d377-49cb-a82d-f446e4462924
[92mINFO [0m:      Sent reply
[92mINFO [0m:      
[92mINFO [0m:      Received: evaluate message 104493b8-9d2c-4890-ba9a-5728815e7aca
[92mINFO [0m:      Sent reply
[92mINFO [0m:      
[92mINFO [0m:      Received: evaluate message 8cdcb8ca-f5b4-4758-be14-74903b673daf
[92mINFO [0m:      Sent reply
[92mINFO [0m:      
[92mINFO [0m:      Received: train message 7f62ef58-3156-4155-8917-ec23b19dfa14
[92mINFO [0m:      Sent reply
[92mINFO [0m:      
[92mINFO [0m:      Received: evaluate message 2c4f72b0-8719-4665-850c-a055d8b7b292
[92mINFO [0m:      Sent reply
[92mINFO [0m:      
[92mINFO [0m:      Received: evaluate message fe5699cc-c196-4aa5-b19b-61e1eb4f5ceb
[92mINFO [0m:      Sent reply
[92mINFO [0m:      
[92mINFO [0m:      Received: train message ad6f5df3-7319-4b6b-b646-dcdf32a05cd3
[92mINFO [0m:      Sent reply
[92mINFO [0m:      
[92mINFO [0m:      Received: train message 90e3d2c5-faf2-47e1-be20-7f97856af29c
[92mINFO [0m:      Sent reply
[92mINFO [0m:      
[92mINFO [0m:      Received: evaluate message 90f87c46-890d-4379-9d92-8b4f660a248b
[92mINFO [0m:      Sent reply
[92mINFO [0m:      
[92mINFO [0m:      Received: train message 177b2251-7dda-4d02-8415-5909e2f3f4e2
[92mINFO [0m:      Sent reply
[92mINFO [0m:      
[92mINFO [0m:      Received: train message 8841d814-355b-4318-961b-ef6ac48e8b04
[92mINFO [0m:      Sent reply
[92mINFO [0m:      
[92mINFO [0m:      Received: evaluate message ed553692-48b7-441b-a2f7-6abe2ae41329
[92mINFO [0m:      Sent reply
[92mINFO [0m:      
[92mINFO [0m:      Received: evaluate message 6ff7f9dc-d782-4546-8ff4-5141c3f35702
[92mINFO [0m:      Sent reply
[92mINFO [0m:      
[92mINFO [0m:      Received: evaluate message 371db84c-db8a-4129-ab50-c8ee9bbca16f
[92mINFO [0m:      Sent reply
[92mINFO [0m:      
[92mINFO [0m:      Received: train message 777b3646-6eb0-4f31-a1e9-d10e04298db9
[92mINFO [0m:      Sent reply
[92mINFO [0m:      
[92mINFO [0m:      Received: evaluate message 82e2b877-5b27-47fc-beac-c81da89334da
[92mINFO [0m:      Sent reply
[92mINFO [0m:      
[92mINFO [0m:      Received: train message c72ec083-df10-4268-b35d-4aa4b2280027
[92mINFO [0m:      Sent reply
[92mINFO [0m:      
[92mINFO [0m:      Received: evaluate message cdb322c4-93d0-4f27-b2c3-689a241af82f
[92mINFO [0m:      Sent reply
[92mINFO [0m:      
[92mINFO [0m:      Received: train message 8e1d20ac-b6f9-454c-bb25-efa125b66bb1
[92mINFO [0m:      Sent reply
[92mINFO [0m:      
[92mINFO [0m:      Received: train message 19d33da8-c1ea-4b8d-8adc-41bb628cf33a
[92mINFO [0m:      Sent reply
[92mINFO [0m:      
[92mINFO [0m:      Received: evaluate message cff6b846-e60b-42e0-aebe-1e0d0cd32526
[92mINFO [0m:      Sent reply
[92mINFO [0m:      
[92mINFO [0m:      Received: train message 85d5df53-2d40-4009-b973-68ef05260ed6
[92mINFO [0m:      Sent reply
[92mINFO [0m:      
[92mINFO [0m:      Received: train message 3d9d6bc1-6a1e-4260-a15e-e77c82e7546a
[92mINFO [0m:      Sent reply
[92mINFO [0m:      
[92mINFO [0m:      Received: evaluate message c1647d0c-ce3f-4520-ab0d-e5f7f99337e0
[92mINFO [0m:      Sent reply
[92mINFO [0m:      
[92mINFO [0m:      Received: evaluate message f02b8d9f-90c6-45fa-bef2-71a45acfe400
[92mINFO [0m:      Sent reply
[92mINFO [0m:      
[92mINFO [0m:      Received: train message 3c2da45d-0396-4c3f-bcc4-a02dd859350d
[92mINFO [0m:      Sent reply
[92mINFO [0m:      
[92mINFO [0m:      Received: evaluate message 63781444-78c8-495a-9b05-a55bf5e750f5
[92mINFO [0m:      Sent reply
[92mINFO [0m:      
[92mINFO [0m:      Received: train message 899f74ec-11ac-4c01-a05f-59b25b1b9fde
[92mINFO [0m:      Sent reply
[92mINFO [0m:      
[92mINFO [0m:      Received: evaluate message 25dcd4fe-af18-459b-9cae-69de66d158c6
[92mINFO [0m:      Sent reply
[92mINFO [0m:      
[92mINFO [0m:      Received: train message 212adde3-f95f-49df-a945-26cb2a0866d2
[92mINFO [0m:      Sent reply
[92mINFO [0m:      
[92mINFO [0m:      Received: evaluate message 3edc3da9-5ad3-4a36-a103-4ed452b448b5
[92mINFO [0m:      Sent reply
[92mINFO [0m:      
[92mINFO [0m:      Received: train message a8b1cd7b-08d5-482c-8712-6db638e7579f
[92mINFO [0m:      Sent reply
[92mINFO [0m:      
[92mINFO [0m:      Received: train message f020c9a2-fba8-4e06-bc2a-04652b925f6a
[92mINFO [0m:      Sent reply
[92mINFO [0m:      
[92mINFO [0m:      Received: evaluate message 1f970a9e-29ff-4d21-b83a-2fad9abe31ad
[92mINFO [0m:      Sent reply
[92mINFO [0m:      
[92mINFO [0m:      Received: evaluate message 0120c5f9-dc4c-4b0b-ba53-cdbf8b846e43
[92mINFO [0m:      Sent reply
[92mINFO [0m:      
[92mINFO [0m:      Received: evaluate message 75fbd050-3583-4078-9c15-b64b08dee510
[92mINFO [0m:      Sent reply
[92mINFO [0m:      
[92mINFO [0m:      Received: evaluate message e53a8338-7b22-4356-9f4c-e796d048a72e
[92mINFO [0m:      Sent reply
[92mINFO [0m:      
[92mINFO [0m:      Received: train message 19e36e5a-e381-4480-a802-b7f65fde86ca
[92mINFO [0m:      Sent reply
[92mINFO [0m:      
[92mINFO [0m:      Received: evaluate message 03367c93-53de-44d8-b5a4-ecd092fc9f5a
[92mINFO [0m:      Sent reply
[92mINFO [0m:      
[92mINFO [0m:      Received: train message b28aef2b-7dd3-48ee-9497-e2d918ba9f1d
[92mINFO [0m:      Sent reply
[92mINFO [0m:      
[92mINFO [0m:      Received: evaluate message 3b154cee-24ab-4c2d-b234-7ac6939c1fc7
[92mINFO [0m:      Sent reply
[92mINFO [0m:      
[92mINFO [0m:      Received: train message 7a0b17d7-ec3d-4cc0-b268-d8b3a8ec50b7
[92mINFO [0m:      Sent reply
[92mINFO [0m:      
[92mINFO [0m:      Received: evaluate message b64b78ae-52de-49eb-99f4-261fcbc0a7ac
[92mINFO [0m:      Sent reply
[92mINFO [0m:      
[92mINFO [0m:      Received: train message b168319c-bda4-40f7-9917-c8ac5cd31ee5
[92mINFO [0m:      Sent reply
[92mINFO [0m:      
[92mINFO [0m:      Received: train message c4d210a1-2d0b-4c4d-abce-b48399a56179
[92mINFO [0m:      Sent reply
[92mINFO [0m:      
[92mINFO [0m:      Received: train message 5dd72573-5f9b-40b1-86a8-11544966ef70
[92mINFO [0m:      Sent reply
[92mINFO [0m:      
[92mINFO [0m:      Received: evaluate message d1e5c3a1-12e8-44db-a8fd-ce5ae9ca1923
[92mINFO [0m:      Sent reply
[92mINFO [0m:      
[92mINFO [0m:      Received: train message 4e528549-6585-4688-8ee0-aa7b6741bb1c
[92mINFO [0m:      Sent reply
[92mINFO [0m:      
[92mINFO [0m:      Received: train message 9d34f937-4b2a-4401-aae8-1c9657e6fbf3
[92mINFO [0m:      Sent reply
[92mINFO [0m:      
[92mINFO [0m:      Received: evaluate message 5dd9c158-c293-4f00-8557-3cb8d3c068d0
[92mINFO [0m:      Sent reply
[92mINFO [0m:      
[92mINFO [0m:      Received: train message 27b3f4cd-a02a-4479-b4ec-0c0aaad68ced
[92mINFO [0m:      Sent reply
[92mINFO [0m:      
[92mINFO [0m:      Received: evaluate message 530b9ebf-043b-4933-af29-2a591c14d099
[92mINFO [0m:      Sent reply
[92mINFO [0m:      
[92mINFO [0m:      Received: evaluate message 716c3daf-f7a3-4491-a834-18f01934403b
[92mINFO [0m:      Sent reply
[92mINFO [0m:      
[92mINFO [0m:      Received: train message 815c819f-8e3a-4692-9ef8-32d6aa5e5374
[92mINFO [0m:      Sent reply
[92mINFO [0m:      
[92mINFO [0m:      Received: evaluate message 14bc5da5-6574-4729-b360-c1f7a51e2ba4
[92mINFO [0m:      Sent reply
[92mINFO [0m:      
[92mINFO [0m:      Received: train message f77814d8-ab82-4605-8d75-44a586eaace3
[92mINFO [0m:      Sent reply
[92mINFO [0m:      
[92mINFO [0m:      Received: evaluate message 100183e5-7c34-4752-aeff-2e2190da1a14
[92mINFO [0m:      Sent reply
[92mINFO [0m:      
[92mINFO [0m:      Received: evaluate message 62819fc2-efc6-4481-af67-8c9b3cb8d5e9
[92mINFO [0m:      Sent reply
[92mINFO [0m:      
[92mINFO [0m:      Received: evaluate message efce89bf-d0bd-43fe-acb5-332532651cdf
[92mINFO [0m:      Sent reply
[92mINFO [0m:      
[92mINFO [0m:      Received: train message da390256-1f5a-4135-bc10-7eb7c4f011fc
[92mINFO [0m:      Sent reply
[92mINFO [0m:      
[92mINFO [0m:      Received: evaluate message 6b3fe2dc-de1b-4c12-a19d-e357a89cbf96
[92mINFO [0m:      Sent reply
[92mINFO [0m:      
[92mINFO [0m:      Received: reconnect message fdb5e632-38a7-4d9f-a6bf-0d78a5a78294
[92mINFO [0m:      Disconnect and shut down
