[93mWARNING [0m:   DEPRECATED FEATURE: flwr.client.start_client() is deprecated.
	Instead, use the `flower-supernode` CLI command to start a SuperNode as shown below:

		$ flower-supernode --insecure --superlink='<IP>:<PORT>'

	To view all available options, run:

		$ flower-supernode --help

	Using `start_client()` is deprecated.

            This is a deprecated feature. It will be removed
            entirely in future versions of Flower.
        
[92mINFO [0m:      
[92mINFO [0m:      Received: evaluate message 20f5e9b4-2cc6-4953-bf09-932907939a30
[92mINFO [0m:      Sent reply
[92mINFO [0m:      
[92mINFO [0m:      Received: evaluate message c888dbd6-68fe-4fbf-a5bf-6ba439844f1d
[92mINFO [0m:      Sent reply
[92mINFO [0m:      
[92mINFO [0m:      Received: evaluate message a1568de6-8560-4377-baad-0777a39b81db
[92mINFO [0m:      Sent reply
[92mINFO [0m:      
[92mINFO [0m:      Received: evaluate message 663b219f-55ec-4803-a43f-e6a685abab70
[92mINFO [0m:      Sent reply
[92mINFO [0m:      
[92mINFO [0m:      Received: train message c4cb69cd-127c-4aa4-b8c3-b0fcf8ac83a5
[92mINFO [0m:      Sent reply
[92mINFO [0m:      
[92mINFO [0m:      Received: evaluate message 42cceb8d-e95a-4293-aaee-c9b0d551b83e
[92mINFO [0m:      Sent reply
[92mINFO [0m:      
[92mINFO [0m:      Received: train message 6116e62a-540e-4794-a1db-a9daa4dea718
[92mINFO [0m:      Sent reply
[92mINFO [0m:      
[92mINFO [0m:      Received: train message 1c3fb2d6-b2d5-4251-9a77-76946d9719dd
[92mINFO [0m:      Sent reply
[92mINFO [0m:      
[92mINFO [0m:      Received: train message 8f8385f7-9ceb-4428-8efe-730b90e350a8
[92mINFO [0m:      Sent reply
[92mINFO [0m:      
[92mINFO [0m:      Received: evaluate message bada6c59-43bf-4d94-ad9b-bac1d4447c55
[92mINFO [0m:      Sent reply
[92mINFO [0m:      
[92mINFO [0m:      Received: evaluate message 9eb2cce8-2f67-4e3c-8657-60553d5e8e40
[92mINFO [0m:      Sent reply
[92mINFO [0m:      
[92mINFO [0m:      Received: train message 27a4d0c7-9f0b-4e24-877c-0e054576d0cc
[92mINFO [0m:      Sent reply
[92mINFO [0m:      
[92mINFO [0m:      Received: evaluate message e9299286-f5d7-45c4-9a8d-b05f3268ffd3
[92mINFO [0m:      Sent reply
[92mINFO [0m:      
[92mINFO [0m:      Received: evaluate message 58474357-f59d-425c-8c70-edef84bb03ab
[92mINFO [0m:      Sent reply
[92mINFO [0m:      
[92mINFO [0m:      Received: train message f6b54150-6add-491b-b8ea-8cc3a4a577b8
[92mINFO [0m:      Sent reply
[92mINFO [0m:      
[92mINFO [0m:      Received: evaluate message c5ed59a1-d2f7-4999-9c29-bbb5bc73dcbb
[92mINFO [0m:      Sent reply
[92mINFO [0m:      
[92mINFO [0m:      Received: train message 7a8fbaea-96e2-4e4d-afed-fa6316cdeee0
[92mINFO [0m:      Sent reply
[92mINFO [0m:      
[92mINFO [0m:      Received: evaluate message 7b2aca48-a565-4e08-ba83-5eed9c932437
[92mINFO [0m:      Sent reply
[92mINFO [0m:      
[92mINFO [0m:      Received: evaluate message 350db9ba-629a-473f-941f-fdd5e180de2c
[92mINFO [0m:      Sent reply
[92mINFO [0m:      
[92mINFO [0m:      Received: train message 5dc5a9c5-569f-4093-81df-3423b1a20cdc
[92mINFO [0m:      Sent reply
[92mINFO [0m:      
[92mINFO [0m:      Received: train message 6631fd1c-74cd-4024-a4c6-4d51cf1a6e78
[92mINFO [0m:      Sent reply
[92mINFO [0m:      
[92mINFO [0m:      Received: evaluate message c9c36e2f-5e5b-41cc-81bd-af7464ea3c14
[92mINFO [0m:      Sent reply
[92mINFO [0m:      
[92mINFO [0m:      Received: train message e218d073-ff64-4352-9a88-0a470a21968c
[92mINFO [0m:      Sent reply
[92mINFO [0m:      
[92mINFO [0m:      Received: evaluate message 890da903-8a11-4f4f-a03b-79689353c627
[92mINFO [0m:      Sent reply
[92mINFO [0m:      
[92mINFO [0m:      Received: train message 636864d7-2b6b-4145-9eb5-2628207298ca
[92mINFO [0m:      Sent reply
[92mINFO [0m:      
[92mINFO [0m:      Received: evaluate message 206f06c6-8bad-4fe0-98e2-f0173550e73b
[92mINFO [0m:      Sent reply
[92mINFO [0m:      
[92mINFO [0m:      Received: train message 1bad7b8d-90a5-4fe4-b04d-77330c2134a6
[92mINFO [0m:      Sent reply
[92mINFO [0m:      
[92mINFO [0m:      Received: train message af8aeeb3-cef9-4857-9f95-987d0bc1ca68
[92mINFO [0m:      Sent reply
[92mINFO [0m:      
[92mINFO [0m:      Received: evaluate message a0477ca3-63da-4509-b0db-6999c09975c8
[92mINFO [0m:      Sent reply
[92mINFO [0m:      
[92mINFO [0m:      Received: evaluate message 4c13bcec-bbbb-4e0b-83bd-d1808320c846
[92mINFO [0m:      Sent reply
[92mINFO [0m:      
[92mINFO [0m:      Received: train message 99c7c564-e929-491d-a21c-4fae63650d9f
[92mINFO [0m:      Sent reply
[92mINFO [0m:      
[92mINFO [0m:      Received: evaluate message 3b3910ed-b847-4f45-87de-b2a335577a3f
[92mINFO [0m:      Sent reply
[92mINFO [0m:      
[92mINFO [0m:      Received: train message 1f7c04a1-eeaf-4aa3-9ad6-4d9d25177fcd
[92mINFO [0m:      Sent reply
[92mINFO [0m:      
[92mINFO [0m:      Received: evaluate message f6d3564e-b9f2-4fec-9c6a-014e98dcb6c7
[92mINFO [0m:      Sent reply
[92mINFO [0m:      
[92mINFO [0m:      Received: train message 4d7d81cb-d6bf-42da-b6ff-1f0034a018e5
[92mINFO [0m:      Sent reply
[92mINFO [0m:      
[92mINFO [0m:      Received: train message 5e5cb458-1662-47f1-b6f8-1e5efc91e037
[92mINFO [0m:      Sent reply
[92mINFO [0m:      
[92mINFO [0m:      Received: train message 342b60bd-eb16-4e1b-9d58-e9ff4f65e8fb
[92mINFO [0m:      Sent reply
[92mINFO [0m:      
[92mINFO [0m:      Received: train message c0159e05-d980-45b2-a866-daef8c71151f
[92mINFO [0m:      Sent reply
[92mINFO [0m:      
[92mINFO [0m:      Received: evaluate message 056e5567-ffb6-4484-9ec9-63908e91219c
[92mINFO [0m:      Sent reply
[92mINFO [0m:      
[92mINFO [0m:      Received: train message 1c7906de-745a-44bf-9a7e-3a0961cd6d3f
[92mINFO [0m:      Sent reply
[92mINFO [0m:      
[92mINFO [0m:      Received: train message 60e4a2e7-b9dc-451d-a9de-4ba4c11ac6e9
[92mINFO [0m:      Sent reply
[92mINFO [0m:      
[92mINFO [0m:      Received: evaluate message c7851c8f-a72f-418a-a7e9-8459f49ac920
[92mINFO [0m:      Sent reply
[92mINFO [0m:      
[92mINFO [0m:      Received: train message fee04097-1c34-477b-8cb3-cd2619732809
[92mINFO [0m:      Sent reply
[92mINFO [0m:      
[92mINFO [0m:      Received: evaluate message c6b57786-6de8-49a7-b966-6d394b1d5c87
[92mINFO [0m:      Sent reply
[92mINFO [0m:      
[92mINFO [0m:      Received: train message 0899e1ae-20a3-4f4e-88fc-fe6d74ac5d89
[92mINFO [0m:      Sent reply
[92mINFO [0m:      
[92mINFO [0m:      Received: evaluate message 9e83cf9a-16e5-48df-a131-8a86eaecf79f
[92mINFO [0m:      Sent reply
[92mINFO [0m:      
[92mINFO [0m:      Received: evaluate message 242578da-e2b1-4672-83de-159897133fe2
[92mINFO [0m:      Sent reply
[92mINFO [0m:      
[92mINFO [0m:      Received: evaluate message 3c9c22cd-7351-49b6-a6f0-04d0fcf692dd
[92mINFO [0m:      Sent reply
[92mINFO [0m:      
[92mINFO [0m:      Received: evaluate message a34ed94b-bbd3-4f60-a632-ae8ccd5878be
[92mINFO [0m:      Sent reply
[92mINFO [0m:      
[92mINFO [0m:      Received: train message c7472bd3-10bf-4739-b576-88163642c0d9
[92mINFO [0m:      Sent reply
[92mINFO [0m:      
[92mINFO [0m:      Received: train message 62645357-1404-4176-9efe-580e1b661488
[92mINFO [0m:      Sent reply
[92mINFO [0m:      
[92mINFO [0m:      Received: train message b9e48ebb-54b7-4457-851a-a9fbfe82a435
[92mINFO [0m:      Sent reply
[92mINFO [0m:      
[92mINFO [0m:      Received: train message 71f489e1-6f79-4bd5-8f28-036a56e70839
[92mINFO [0m:      Sent reply
[92mINFO [0m:      
[92mINFO [0m:      Received: evaluate message 69a5fa02-6b86-45cf-9536-5ced681e2215
[92mINFO [0m:      Sent reply
[92mINFO [0m:      
[92mINFO [0m:      Received: evaluate message d7eef0cc-0e24-4d3d-93df-dbbf3729824f
[92mINFO [0m:      Sent reply
[92mINFO [0m:      
[92mINFO [0m:      Received: evaluate message 4ba5c5e5-3215-44d8-a8f9-e6e9aa89dac8
[92mINFO [0m:      Sent reply
[92mINFO [0m:      
[92mINFO [0m:      Received: evaluate message a0e8ef7b-e295-4acb-a8f6-c6458757f861
[92mINFO [0m:      Sent reply
[92mINFO [0m:      
[92mINFO [0m:      Received: train message aaa30132-0811-4b1c-b2f5-d7bcd1afc022
[92mINFO [0m:      Sent reply
[92mINFO [0m:      
[92mINFO [0m:      Received: evaluate message 012bb85d-dc8c-478f-987b-750bcc064a55
[92mINFO [0m:      Sent reply
[92mINFO [0m:      
[92mINFO [0m:      Received: evaluate message 2012998c-bd01-4772-887f-58fc53a1a91f
[92mINFO [0m:      Sent reply
[92mINFO [0m:      
[92mINFO [0m:      Received: evaluate message 42acccb9-1e27-4bce-bc9e-94059b110f0d
[92mINFO [0m:      Sent reply
[92mINFO [0m:      
[92mINFO [0m:      Received: train message 61784256-650b-48db-8934-6a38c77749f6
[92mINFO [0m:      Sent reply
[92mINFO [0m:      
[92mINFO [0m:      Received: evaluate message da9f5057-d249-4fcd-b4f2-c1c364b3f59b
[92mINFO [0m:      Sent reply
[92mINFO [0m:      
[92mINFO [0m:      Received: evaluate message 05a25433-8015-4a8b-816d-df0fa5c27d7f
[92mINFO [0m:      Sent reply
[92mINFO [0m:      
[92mINFO [0m:      Received: train message be0b9b4f-4192-425b-b98b-2f6631d71bce
[92mINFO [0m:      Sent reply
[92mINFO [0m:      
[92mINFO [0m:      Received: train message 9adf831a-febe-4e13-9f47-9d721c9a2dfc
[92mINFO [0m:      Sent reply
[92mINFO [0m:      
[92mINFO [0m:      Received: evaluate message f56b439d-c4af-4a3d-be22-c88defee3229
[92mINFO [0m:      Sent reply
[92mINFO [0m:      
[92mINFO [0m:      Received: train message 3b6631d9-e806-478a-bbd0-b8c66ff4467f
[92mINFO [0m:      Sent reply
[92mINFO [0m:      
[92mINFO [0m:      Received: train message df515773-0833-4ecc-8464-cd811b0d4c0b
[92mINFO [0m:      Sent reply
[92mINFO [0m:      
[92mINFO [0m:      Received: evaluate message 9428ce24-6eb6-47d3-8d60-497c1cb5a8e3
[92mINFO [0m:      Sent reply
[92mINFO [0m:      
[92mINFO [0m:      Received: evaluate message 7785f2bd-5675-4854-9f1b-048a82bb5dbf
[92mINFO [0m:      Sent reply
[92mINFO [0m:      
[92mINFO [0m:      Received: evaluate message 402388ef-2fb3-46e9-8a05-32ab022901c9
[92mINFO [0m:      Sent reply
[92mINFO [0m:      
[92mINFO [0m:      Received: train message c1561729-7360-43b3-bf93-e2a7d085b0ad
[92mINFO [0m:      Sent reply
[92mINFO [0m:      
[92mINFO [0m:      Received: evaluate message 510169e7-ad4d-4c4a-bdd6-63d9525e35fb
[92mINFO [0m:      Sent reply
[92mINFO [0m:      
[92mINFO [0m:      Received: train message 1f99e832-da66-44fd-b373-bbcb4d480fee
[92mINFO [0m:      Sent reply
[92mINFO [0m:      
[92mINFO [0m:      Received: evaluate message a8da56d4-fc36-4502-9d64-ab8594a9263b
[92mINFO [0m:      Sent reply
[92mINFO [0m:      
[92mINFO [0m:      Received: train message 71db4a60-f7d2-43b2-a67c-492315155da9
[92mINFO [0m:      Sent reply
[92mINFO [0m:      
[92mINFO [0m:      Received: train message 33209588-3c29-490b-bd9d-90b459184db4
[92mINFO [0m:      Sent reply
[92mINFO [0m:      
[92mINFO [0m:      Received: evaluate message 268de4e1-c988-45ad-9587-23df39edf434
[92mINFO [0m:      Sent reply
[92mINFO [0m:      
[92mINFO [0m:      Received: train message 4c55b200-5968-446b-9fcd-e7d89e42a13e
[92mINFO [0m:      Sent reply
[92mINFO [0m:      
[92mINFO [0m:      Received: train message 1c21f17c-9268-4187-b06c-309bc240aa7b
[92mINFO [0m:      Sent reply
[92mINFO [0m:      
[92mINFO [0m:      Received: evaluate message 2af73f77-e7df-4f24-85b7-a9085b08f533
[92mINFO [0m:      Sent reply
[92mINFO [0m:      
[92mINFO [0m:      Received: evaluate message 5d18558d-c2f2-424e-b2ee-fc5e99adc8a9
[92mINFO [0m:      Sent reply
[92mINFO [0m:      
[92mINFO [0m:      Received: train message 89570b03-0977-495a-88dc-dd5f90994d97
[92mINFO [0m:      Sent reply
[92mINFO [0m:      
[92mINFO [0m:      Received: evaluate message fb59e6df-1dea-42d4-97a5-0bb6eff2e729
[92mINFO [0m:      Sent reply
[92mINFO [0m:      
[92mINFO [0m:      Received: train message 2a03fb54-e032-44d3-8950-dce9967d23f0
[92mINFO [0m:      Sent reply
[92mINFO [0m:      
[92mINFO [0m:      Received: evaluate message de5c79fb-060d-4774-92f8-6d84e3fce209
[92mINFO [0m:      Sent reply
[92mINFO [0m:      
[92mINFO [0m:      Received: train message 98eaa89b-bd31-4796-bb85-f95ce7048e22
[92mINFO [0m:      Sent reply
[92mINFO [0m:      
[92mINFO [0m:      Received: evaluate message c27b113d-ac1e-4dbb-b31e-c81e8eb61daf
[92mINFO [0m:      Sent reply
[92mINFO [0m:      
[92mINFO [0m:      Received: train message 816e3390-aa9f-404f-9003-8d6e445e45ed
[92mINFO [0m:      Sent reply
[92mINFO [0m:      
[92mINFO [0m:      Received: train message 73aea082-13de-4cd0-8c46-acd31d06f510
[92mINFO [0m:      Sent reply
[92mINFO [0m:      
[92mINFO [0m:      Received: evaluate message 8b0c118a-a0d0-42df-a82d-470bcadf4298
[92mINFO [0m:      Sent reply
[92mINFO [0m:      
[92mINFO [0m:      Received: evaluate message 2d1af703-713a-4d1a-a0e5-e39bf302fec7
[92mINFO [0m:      Sent reply
[92mINFO [0m:      
[92mINFO [0m:      Received: evaluate message 4a3af3db-1901-4f09-8f10-f6eb3cffc486
[92mINFO [0m:      Sent reply
[92mINFO [0m:      
[92mINFO [0m:      Received: evaluate message fd6a7991-ee98-4873-9baa-446b5c2a485d
[92mINFO [0m:      Sent reply
[92mINFO [0m:      
[92mINFO [0m:      Received: train message 398d0c54-8aa7-4ed2-b9d6-e091cdf09140
[92mINFO [0m:      Sent reply
[92mINFO [0m:      
[92mINFO [0m:      Received: evaluate message d035d188-0683-4786-b25a-c941171a1574
[92mINFO [0m:      Sent reply
[92mINFO [0m:      
[92mINFO [0m:      Received: train message c89e66db-1266-4bc6-99fa-bfe05ce2ef43
[92mINFO [0m:      Sent reply
[92mINFO [0m:      
[92mINFO [0m:      Received: evaluate message e757ac36-1262-4f9f-a134-900d6e884b3e
[92mINFO [0m:      Sent reply
[92mINFO [0m:      
[92mINFO [0m:      Received: train message 3a8e1326-cdaa-4a61-b5a9-ab26831a1011
[92mINFO [0m:      Sent reply
[92mINFO [0m:      
[92mINFO [0m:      Received: evaluate message 9ac36fc2-e5bc-4c42-a432-77dd7ed10010
[92mINFO [0m:      Sent reply
[92mINFO [0m:      
[92mINFO [0m:      Received: train message d3d733bd-d553-4f2d-9268-3ea8c1ad2dff
[92mINFO [0m:      Sent reply
[92mINFO [0m:      
[92mINFO [0m:      Received: train message 40b9310a-a257-41ef-b243-2f0a8b37a089
[92mINFO [0m:      Sent reply
[92mINFO [0m:      
[92mINFO [0m:      Received: train message 964c15ab-506c-4709-8b8f-5d45e005604f
[92mINFO [0m:      Sent reply
[92mINFO [0m:      
[92mINFO [0m:      Received: evaluate message 44b199d5-2560-4644-8b16-244ad8ed1250
[92mINFO [0m:      Sent reply
[92mINFO [0m:      
[92mINFO [0m:      Received: train message c1c2949a-b159-4937-b3e0-405f324713b0
[92mINFO [0m:      Sent reply
[92mINFO [0m:      
[92mINFO [0m:      Received: train message c9e0e0d2-f35f-4c8d-9b9e-2848f81456ba
[92mINFO [0m:      Sent reply
[92mINFO [0m:      
[92mINFO [0m:      Received: evaluate message 62fb8482-96d3-4e7a-92f7-e45391292b64
[92mINFO [0m:      Sent reply
[92mINFO [0m:      
[92mINFO [0m:      Received: train message 89461c72-8a11-481d-a7e2-9283ef8f4b76
[92mINFO [0m:      Sent reply
[92mINFO [0m:      
[92mINFO [0m:      Received: evaluate message 3e52aff1-9ccd-4a7e-9eb7-8bcb3d455320
[92mINFO [0m:      Sent reply
[92mINFO [0m:      
[92mINFO [0m:      Received: evaluate message 68f0b8d1-2ab7-4d25-a776-55486ae10c89
[92mINFO [0m:      Sent reply
[92mINFO [0m:      
[92mINFO [0m:      Received: train message 9eb7238f-9265-4b14-858c-da769ca432b4
[92mINFO [0m:      Sent reply
[92mINFO [0m:      
[92mINFO [0m:      Received: evaluate message 970f8dc4-483b-4d0a-8cfa-11616d9aa882
[92mINFO [0m:      Sent reply
[92mINFO [0m:      
[92mINFO [0m:      Received: train message fc83cf3a-c91c-44b3-99e1-ec56d622ccf4
[92mINFO [0m:      Sent reply
[92mINFO [0m:      
[92mINFO [0m:      Received: evaluate message 89898a52-de49-408d-8664-327155bc1349
[92mINFO [0m:      Sent reply
[92mINFO [0m:      
[92mINFO [0m:      Received: evaluate message 82f72ebb-7df9-47d1-a90e-a384d9323411
[92mINFO [0m:      Sent reply
[92mINFO [0m:      
[92mINFO [0m:      Received: evaluate message de244c34-f39f-4184-a679-430f5fa885ea
[92mINFO [0m:      Sent reply
[92mINFO [0m:      
[92mINFO [0m:      Received: train message d690259d-eeda-4329-b861-b3e71c4e1b78
[92mINFO [0m:      Sent reply
[92mINFO [0m:      
[92mINFO [0m:      Received: evaluate message f609b18e-10a7-4894-9dc6-09ad614ddadd
[92mINFO [0m:      Sent reply
[92mINFO [0m:      
[92mINFO [0m:      Received: reconnect message e3d933f6-cb61-42e5-8ecc-ee113c9c1757
[92mINFO [0m:      Disconnect and shut down
