[93mWARNING [0m:   DEPRECATED FEATURE: flwr.client.start_client() is deprecated.
	Instead, use the `flower-supernode` CLI command to start a SuperNode as shown below:

		$ flower-supernode --insecure --superlink='<IP>:<PORT>'

	To view all available options, run:

		$ flower-supernode --help

	Using `start_client()` is deprecated.

            This is a deprecated feature. It will be removed
            entirely in future versions of Flower.
        
[92mINFO [0m:      
[92mINFO [0m:      Received: train message 43a142ed-a726-4788-a2f0-0b3b5283cc6f
Data poisoning
Data poisoned successfully
[92mINFO [0m:      Sent reply
[92mINFO [0m:      
[92mINFO [0m:      Received: evaluate message 7c47c916-a983-4b74-bff9-32a3664de8f5
[92mINFO [0m:      Sent reply
[92mINFO [0m:      
[92mINFO [0m:      Received: train message c24d08b6-a39e-4b93-b3ee-1f74e5c8f3e5
Data poisoning
Data poisoned successfully
[92mINFO [0m:      Sent reply
[92mINFO [0m:      
[92mINFO [0m:      Received: evaluate message 13a38bf3-9325-4d14-8e21-03be4a716e1c
[92mINFO [0m:      Sent reply
[92mINFO [0m:      
[92mINFO [0m:      Received: train message 1ba1dace-55a9-4542-96d9-86b5f81288f3
Data poisoning
Data poisoned successfully
[92mINFO [0m:      Sent reply
[92mINFO [0m:      
[92mINFO [0m:      Received: evaluate message 51283cf9-cdb3-4fe1-a803-d78659cd7460
[92mINFO [0m:      Sent reply
[92mINFO [0m:      
[92mINFO [0m:      Received: train message 22cdcec0-825e-484a-83a1-a0f5b68fe698
Data poisoning
Data poisoned successfully
[92mINFO [0m:      Sent reply
[92mINFO [0m:      
[92mINFO [0m:      Received: evaluate message 8e226637-80a1-45d8-b191-e67467c51b75
[92mINFO [0m:      Sent reply
[92mINFO [0m:      
[92mINFO [0m:      Received: train message ae777302-38d6-4817-9879-12d64e7aefe1
Data poisoning
Data poisoned successfully
[92mINFO [0m:      Sent reply
[92mINFO [0m:      
[92mINFO [0m:      Received: evaluate message 1d2b698f-904e-4290-ac46-cbfc8c038844
[92mINFO [0m:      Sent reply
[92mINFO [0m:      
[92mINFO [0m:      Received: train message 66f5c019-d62a-4bbd-85f9-18c42805adfd
Data poisoning
Data poisoned successfully
[92mINFO [0m:      Sent reply
[92mINFO [0m:      
[92mINFO [0m:      Received: evaluate message abb51dde-d907-4d12-8102-67d0841fb649
[92mINFO [0m:      Sent reply
[92mINFO [0m:      
[92mINFO [0m:      Received: train message a8bca784-d22d-46b7-a5bd-48cc4c26db49
Data poisoning
Data poisoned successfully
[92mINFO [0m:      Sent reply
[92mINFO [0m:      
[92mINFO [0m:      Received: evaluate message 3ff4ab62-ba84-41c3-a8d3-8e2f8cb894ff
[92mINFO [0m:      Sent reply
[92mINFO [0m:      
[92mINFO [0m:      Received: train message 0cbcf59d-b4bf-4d13-98fb-33069e8d0562
Data poisoning
Data poisoned successfully
[92mINFO [0m:      Sent reply
[92mINFO [0m:      
[92mINFO [0m:      Received: evaluate message 7f264afd-70e9-4af2-829a-0afee4544bfd
[92mINFO [0m:      Sent reply
[92mINFO [0m:      
[92mINFO [0m:      Received: train message 44d3766c-f77f-4f1a-94f5-eba5b44d4a53
Data poisoning
Data poisoned successfully
[92mINFO [0m:      Sent reply
[92mINFO [0m:      
[92mINFO [0m:      Received: evaluate message 683f49b8-842d-4785-b8cd-ec5867e8ffac
[92mINFO [0m:      Sent reply
[92mINFO [0m:      
[92mINFO [0m:      Received: train message 701c71a3-ad25-45dc-8dfd-b4e7b58d2580
Data poisoning
Data poisoned successfully
[92mINFO [0m:      Sent reply
[92mINFO [0m:      
[92mINFO [0m:      Received: evaluate message 3fb0273d-d04c-4184-94fa-ea8e78bf6fbf
[92mINFO [0m:      Sent reply
[92mINFO [0m:      
[92mINFO [0m:      Received: train message b4461801-907c-4987-877c-bdeeace73539
Data poisoning
Data poisoned successfully
[92mINFO [0m:      Sent reply
[92mINFO [0m:      
[92mINFO [0m:      Received: evaluate message 6eec42b2-53da-4592-a64c-2de448fac07d
[92mINFO [0m:      Sent reply
[92mINFO [0m:      
[92mINFO [0m:      Received: train message cf9af1a5-ca1b-477f-9672-36b1fcade211
Data poisoning
Data poisoned successfully
[92mINFO [0m:      Sent reply
[92mINFO [0m:      
[92mINFO [0m:      Received: evaluate message c4d1a54e-0503-4320-b427-f1042c4a5803
[92mINFO [0m:      Sent reply
[92mINFO [0m:      
[92mINFO [0m:      Received: train message 1230a34b-28dc-46e0-809a-cb8aa31647ff
Data poisoning
Data poisoned successfully
[92mINFO [0m:      Sent reply
[92mINFO [0m:      
[92mINFO [0m:      Received: evaluate message b92499e5-3d2f-456f-901b-7e1e5ec43d1f
[92mINFO [0m:      Sent reply
[92mINFO [0m:      
[92mINFO [0m:      Received: train message abd71f0f-d877-4095-8cef-6be2c12b257f
Data poisoning
Data poisoned successfully
[92mINFO [0m:      Sent reply
[92mINFO [0m:      
[92mINFO [0m:      Received: evaluate message c7d09f77-b858-4f6e-92a2-fed1b8d35b1b
[92mINFO [0m:      Sent reply
[92mINFO [0m:      
[92mINFO [0m:      Received: train message 29ce581b-4844-4b48-9564-9ea0a4275cc3
Data poisoning
Data poisoned successfully
[92mINFO [0m:      Sent reply
[92mINFO [0m:      
[92mINFO [0m:      Received: evaluate message c45dd682-e60c-4548-bd8a-b5aea1fbde34
[92mINFO [0m:      Sent reply
[92mINFO [0m:      
[92mINFO [0m:      Received: train message 91236696-fc21-425e-9baa-65a1ccdcd93c
Data poisoning
Data poisoned successfully
[92mINFO [0m:      Sent reply
[92mINFO [0m:      
[92mINFO [0m:      Received: evaluate message ccededf6-bae1-4269-b1fb-cf6468a91427
[92mINFO [0m:      Sent reply
[92mINFO [0m:      
[92mINFO [0m:      Received: train message ef6c2a28-80b3-49bc-9ea1-a65a05471178
Data poisoning
Data poisoned successfully
[92mINFO [0m:      Sent reply
[92mINFO [0m:      
[92mINFO [0m:      Received: evaluate message f738e019-ef80-4cb6-863f-13b2b485deb3
[92mINFO [0m:      Sent reply
[92mINFO [0m:      
[92mINFO [0m:      Received: train message 76b95057-78bd-419a-aef1-f8a5a6e712cd
Data poisoning
Data poisoned successfully
[92mINFO [0m:      Sent reply
[92mINFO [0m:      
[92mINFO [0m:      Received: evaluate message c0b12345-521b-47f2-885c-c234f5a9fa19
[92mINFO [0m:      Sent reply
[92mINFO [0m:      
[92mINFO [0m:      Received: train message 531cb2a1-c010-41b8-b876-edbec9d7ccbb
Data poisoning
Data poisoned successfully
[92mINFO [0m:      Sent reply
[92mINFO [0m:      
[92mINFO [0m:      Received: evaluate message fc280613-2cf3-4211-b70d-dcef438b9ff3
[92mINFO [0m:      Sent reply
[92mINFO [0m:      
[92mINFO [0m:      Received: train message 5ef56b37-2b54-4a15-aebc-bf80188b8de0
Data poisoning
Data poisoned successfully
[92mINFO [0m:      Sent reply
[92mINFO [0m:      
[92mINFO [0m:      Received: evaluate message 0987f7c1-c80b-45ae-9dda-aa2f005e3b38
[92mINFO [0m:      Sent reply
[92mINFO [0m:      
[92mINFO [0m:      Received: train message a1efc238-84f6-419f-9e1e-4dd6d73f03ae
Data poisoning
Data poisoned successfully
[92mINFO [0m:      Sent reply
[92mINFO [0m:      
[92mINFO [0m:      Received: evaluate message 58e7f12a-e81d-4b91-a635-418ed1183ce1
[92mINFO [0m:      Sent reply
[92mINFO [0m:      
[92mINFO [0m:      Received: train message b1c21673-956c-4fbf-9815-57d284e3e252
Data poisoning
Data poisoned successfully
[92mINFO [0m:      Sent reply
[92mINFO [0m:      
[92mINFO [0m:      Received: evaluate message 64463379-64e0-4cc4-bdb9-56080bc4c723
[92mINFO [0m:      Sent reply
[92mINFO [0m:      
[92mINFO [0m:      Received: train message 8a5a3aeb-5621-4818-83b9-3603d5fe978e
Data poisoning
Data poisoned successfully
[92mINFO [0m:      Sent reply
[92mINFO [0m:      
[92mINFO [0m:      Received: evaluate message 828a3a98-9cb3-479c-bf1f-b88a4dbfdde1
[92mINFO [0m:      Sent reply
[92mINFO [0m:      
[92mINFO [0m:      Received: train message 2ef197dc-4ec3-43be-ad86-fcbe0f0a3449
Data poisoning
Data poisoned successfully
[92mINFO [0m:      Sent reply
[92mINFO [0m:      
[92mINFO [0m:      Received: evaluate message 72b6646c-f81c-4662-ba92-7929eeedb143
[92mINFO [0m:      Sent reply
[92mINFO [0m:      
[92mINFO [0m:      Received: train message f4fd9c61-e23e-4442-9968-dbe357ca18f1
Data poisoning
Data poisoned successfully
[92mINFO [0m:      Sent reply
[92mINFO [0m:      
[92mINFO [0m:      Received: evaluate message 5cde734b-8a4b-4c07-9e1d-64baec8d2901
[92mINFO [0m:      Sent reply
[92mINFO [0m:      
[92mINFO [0m:      Received: train message b9988f4c-e074-4aa9-8efe-d4b38cdef2af
Data poisoning
Data poisoned successfully
[92mINFO [0m:      Sent reply
[92mINFO [0m:      
[92mINFO [0m:      Received: evaluate message 4e837cad-0f1d-4b86-9d0e-e5e2aa7422f6
[92mINFO [0m:      Sent reply
[92mINFO [0m:      
[92mINFO [0m:      Received: train message ad22497f-6dfc-4527-bbee-3860151d5787
Data poisoning
Data poisoned successfully
[92mINFO [0m:      Sent reply
[92mINFO [0m:      
[92mINFO [0m:      Received: evaluate message cfcdde54-8e1f-4eff-b237-7e9a9231c983
[92mINFO [0m:      Sent reply
[92mINFO [0m:      
[92mINFO [0m:      Received: train message 765bd45c-20f1-475a-ac09-2e5233658150
Data poisoning
Data poisoned successfully
[92mINFO [0m:      Sent reply
[92mINFO [0m:      
[92mINFO [0m:      Received: evaluate message 0fda2bde-2ed0-47b6-9b90-023ec0106df3
[92mINFO [0m:      Sent reply
[92mINFO [0m:      
[92mINFO [0m:      Received: train message 6fa3bb24-c769-4d06-a7b2-654a1948dd00
Data poisoning
Data poisoned successfully
[92mINFO [0m:      Sent reply
[92mINFO [0m:      
[92mINFO [0m:      Received: evaluate message 3db8e00e-d5d0-4d6c-9978-90c70a9effc8
[92mINFO [0m:      Sent reply
[92mINFO [0m:      
[92mINFO [0m:      Received: train message e6a8fb27-8edd-4123-968d-2cc2aea49f25
Data poisoning
Data poisoned successfully
[92mINFO [0m:      Sent reply
[92mINFO [0m:      
[92mINFO [0m:      Received: evaluate message ce9d48c5-197b-4ada-a439-f6e70feab2a6
[92mINFO [0m:      Sent reply
[92mINFO [0m:      
[92mINFO [0m:      Received: train message 440f0335-2bd5-4991-a673-42201fc48b58
Data poisoning
Data poisoned successfully
[92mINFO [0m:      Sent reply
[92mINFO [0m:      
[92mINFO [0m:      Received: evaluate message 80469229-e8e9-4e1f-a9ca-7be71e552ac7
[92mINFO [0m:      Sent reply
[92mINFO [0m:      
[92mINFO [0m:      Received: train message a9ece213-b829-4f8f-9f17-f06a574b74c7
Data poisoning
Data poisoned successfully
[92mINFO [0m:      Sent reply
[92mINFO [0m:      
[92mINFO [0m:      Received: evaluate message a90f17ec-0b1a-4733-9488-270d665d74ce
[92mINFO [0m:      Sent reply
[92mINFO [0m:      
[92mINFO [0m:      Received: train message 4c980cbe-96c2-4856-a1d9-bb8a059b30eb
Data poisoning
Data poisoned successfully
[92mINFO [0m:      Sent reply
[92mINFO [0m:      
[92mINFO [0m:      Received: evaluate message 1653f9d6-ba46-4859-867a-1d0727a5ad88
[92mINFO [0m:      Sent reply
[92mINFO [0m:      
[92mINFO [0m:      Received: train message 21783c8b-6ac5-43eb-80ef-eee8e3dd4dc7
Data poisoning
Data poisoned successfully
[92mINFO [0m:      Sent reply
[92mINFO [0m:      
[92mINFO [0m:      Received: evaluate message 2219d8e0-d411-4ba3-b27b-d652835c390c
[92mINFO [0m:      Sent reply
[92mINFO [0m:      
[92mINFO [0m:      Received: train message f0ed3af8-d50b-40c1-9180-05d01d3cfad5
Data poisoning
Data poisoned successfully
[92mINFO [0m:      Sent reply
[92mINFO [0m:      
[92mINFO [0m:      Received: evaluate message a526cf1f-e636-4374-8c77-fe8b2c197b32
[92mINFO [0m:      Sent reply
[92mINFO [0m:      
[92mINFO [0m:      Received: train message 1667d068-fff3-48f0-8d8c-efc7816cbc4f
Data poisoning
Data poisoned successfully
[92mINFO [0m:      Sent reply
[92mINFO [0m:      
[92mINFO [0m:      Received: evaluate message 92b3ec26-738f-4907-a5ee-be35fd7d095b
[92mINFO [0m:      Sent reply
[92mINFO [0m:      
[92mINFO [0m:      Received: train message b18ced84-9ec1-44f7-9567-b5cf774a723a
Data poisoning
Data poisoned successfully
[92mINFO [0m:      Sent reply
[92mINFO [0m:      
[92mINFO [0m:      Received: evaluate message d5bc8ec1-219b-4e87-909d-4925f1d061b1
[92mINFO [0m:      Sent reply
[92mINFO [0m:      
[92mINFO [0m:      Received: train message 265636bd-c049-47e1-b644-24f10e692b3b
Data poisoning
Data poisoned successfully
[92mINFO [0m:      Sent reply
[92mINFO [0m:      
[92mINFO [0m:      Received: evaluate message 01180aac-9db5-4274-a124-fef520373e98
[92mINFO [0m:      Sent reply
[92mINFO [0m:      
[92mINFO [0m:      Received: train message 47259f54-9d85-4be4-8b9f-76317c2c9140
Data poisoning
Data poisoned successfully
[92mINFO [0m:      Sent reply
[92mINFO [0m:      
[92mINFO [0m:      Received: evaluate message f920806f-45f2-4bf0-841d-47eef3325a10
[92mINFO [0m:      Sent reply
[92mINFO [0m:      
[92mINFO [0m:      Received: train message 2061ed82-44c3-46bb-bb38-8e0803881ca7
Data poisoning
Data poisoned successfully
[92mINFO [0m:      Sent reply
[92mINFO [0m:      
[92mINFO [0m:      Received: evaluate message 4f716f97-07dd-4d79-b661-22d23b2f174a
[92mINFO [0m:      Sent reply
[92mINFO [0m:      
[92mINFO [0m:      Received: train message 165740e8-7d32-4c5b-9e9a-762425ce965f
Data poisoning
Data poisoned successfully
[92mINFO [0m:      Sent reply
[92mINFO [0m:      
[92mINFO [0m:      Received: evaluate message 13d21737-0362-4576-bb12-648a4c3af665
[92mINFO [0m:      Sent reply
[92mINFO [0m:      
[92mINFO [0m:      Received: train message 8f662de2-30d5-4e4d-b4be-89eae5a1acd7
Data poisoning
Data poisoned successfully
[92mINFO [0m:      Sent reply
[92mINFO [0m:      
[92mINFO [0m:      Received: evaluate message 742b56f3-4d03-4896-a4c5-df69397c1a8f
[92mINFO [0m:      Sent reply
[92mINFO [0m:      
[92mINFO [0m:      Received: train message 1ba317ad-a249-422e-9db9-fc59c6ca98d7
Data poisoning
Data poisoned successfully
[92mINFO [0m:      Sent reply
[92mINFO [0m:      
[92mINFO [0m:      Received: evaluate message cb994542-077e-4480-a7df-f6924296981c
[92mINFO [0m:      Sent reply
[92mINFO [0m:      
[92mINFO [0m:      Received: train message c5ebb5be-e156-44a5-83b9-655960d2d6f5
Data poisoning
Data poisoned successfully
[92mINFO [0m:      Sent reply
[92mINFO [0m:      
[92mINFO [0m:      Received: evaluate message e73018e3-fb22-41e1-900f-555b0276e5f4
[92mINFO [0m:      Sent reply
[92mINFO [0m:      
[92mINFO [0m:      Received: train message 540c9e39-14ce-4754-954f-88496a024b42
Data poisoning
Data poisoned successfully
[92mINFO [0m:      Sent reply
[92mINFO [0m:      
[92mINFO [0m:      Received: evaluate message 8b79b0e7-4e19-48f6-910a-06c22ba2edc9
[92mINFO [0m:      Sent reply
[92mINFO [0m:      
[92mINFO [0m:      Received: train message 9c0f2cfe-c4b9-40c7-9e94-60a4a437c36a
Data poisoning
Data poisoned successfully
[92mINFO [0m:      Sent reply
[92mINFO [0m:      
[92mINFO [0m:      Received: evaluate message 082c9e7e-024a-462c-a9f0-623651616db1
[92mINFO [0m:      Sent reply
[92mINFO [0m:      
[92mINFO [0m:      Received: train message 3f0506c4-17aa-4aeb-862a-c7e735e4d023
Data poisoning
Data poisoned successfully
[92mINFO [0m:      Sent reply
[92mINFO [0m:      
[92mINFO [0m:      Received: evaluate message c1214368-34cb-4bd9-b37a-812df802ac00
[92mINFO [0m:      Sent reply
[92mINFO [0m:      
[92mINFO [0m:      Received: train message f6bff0b7-8c5d-4146-9551-4b07da16c37e
Data poisoning
Data poisoned successfully
[92mINFO [0m:      Sent reply
[92mINFO [0m:      
[92mINFO [0m:      Received: evaluate message 06177927-d689-4fe6-961c-761fc1c41203
[92mINFO [0m:      Sent reply
[92mINFO [0m:      
[92mINFO [0m:      Received: train message f7cd330d-72b3-4756-84ed-fb7d84d63e4a
Data poisoning
Data poisoned successfully
[92mINFO [0m:      Sent reply
[92mINFO [0m:      
[92mINFO [0m:      Received: evaluate message 4042b03c-ecf0-4552-bcdf-1cda2381b573
[92mINFO [0m:      Sent reply
[92mINFO [0m:      
[92mINFO [0m:      Received: train message 88b2c257-cc6a-42c7-8d30-a9a7e7b1b499
Data poisoning
Data poisoned successfully
[92mINFO [0m:      Sent reply
[92mINFO [0m:      
[92mINFO [0m:      Received: evaluate message e103cdbd-5c93-42d2-87d9-52aa3eeabe35
[92mINFO [0m:      Sent reply
[92mINFO [0m:      
[92mINFO [0m:      Received: reconnect message 4b127f87-47bd-4b1a-b7d3-8b2e50f144ee
[92mINFO [0m:      Disconnect and shut down
