[93mWARNING [0m:   DEPRECATED FEATURE: flwr.client.start_client() is deprecated.
	Instead, use the `flower-supernode` CLI command to start a SuperNode as shown below:

		$ flower-supernode --insecure --superlink='<IP>:<PORT>'

	To view all available options, run:

		$ flower-supernode --help

	Using `start_client()` is deprecated.

            This is a deprecated feature. It will be removed
            entirely in future versions of Flower.
        
[92mINFO [0m:      
[92mINFO [0m:      Received: train message 721acc85-bd73-4793-b0f6-b1522c7fae79
[92mINFO [0m:      Sent reply
[92mINFO [0m:      
[92mINFO [0m:      Received: evaluate message a7cdd9fa-28cd-40f8-8c30-98042ebbf537
[92mINFO [0m:      Sent reply
[92mINFO [0m:      
[92mINFO [0m:      Received: train message 6d72ff4d-be6f-4a73-9400-d67ebd4284c1
[92mINFO [0m:      Sent reply
[92mINFO [0m:      
[92mINFO [0m:      Received: evaluate message ac367713-5689-4e82-9cf0-cbe4092e6180
[92mINFO [0m:      Sent reply
[92mINFO [0m:      
[92mINFO [0m:      Received: train message 77e28b8d-d4ef-48ce-95d7-1e555678fed2
[92mINFO [0m:      Sent reply
[92mINFO [0m:      
[92mINFO [0m:      Received: evaluate message c2c147ee-6b59-4675-8a92-b7d40b8db701
[92mINFO [0m:      Sent reply
[92mINFO [0m:      
[92mINFO [0m:      Received: train message a50450b0-47bb-470a-af10-23bd15279015
[92mINFO [0m:      Sent reply
[92mINFO [0m:      
[92mINFO [0m:      Received: evaluate message 65e9c1e7-f27c-4b60-995b-63dcf43a9474
[92mINFO [0m:      Sent reply
[92mINFO [0m:      
[92mINFO [0m:      Received: evaluate message 6064751e-02bd-41aa-9490-8a52af276c4c
[92mINFO [0m:      Sent reply
[92mINFO [0m:      
[92mINFO [0m:      Received: train message 4020ac85-fcf3-41f5-9f2b-1a1615b92533
[92mINFO [0m:      Sent reply
[92mINFO [0m:      
[92mINFO [0m:      Received: evaluate message 1c675c7b-26b7-40b6-a133-1fa7ac1d31d6
[92mINFO [0m:      Sent reply
[92mINFO [0m:      
[92mINFO [0m:      Received: train message 78ff7eef-1065-449f-bd7f-91362077d480
[92mINFO [0m:      Sent reply
[92mINFO [0m:      
[92mINFO [0m:      Received: evaluate message febb4076-45f6-43cb-a570-2be3074e8ce0
[92mINFO [0m:      Sent reply
[92mINFO [0m:      
[92mINFO [0m:      Received: evaluate message b99b3db7-0a1d-49c5-b683-2ad08d469b2e
[92mINFO [0m:      Sent reply
[92mINFO [0m:      
[92mINFO [0m:      Received: evaluate message b4c01d53-0506-49bb-8d9b-00a549e291bf
[92mINFO [0m:      Sent reply
[92mINFO [0m:      
[92mINFO [0m:      Received: evaluate message 872dfb4a-1b29-41e1-94f0-21132f23bb30
[92mINFO [0m:      Sent reply
[92mINFO [0m:      
[92mINFO [0m:      Received: train message 5c449c65-5144-4358-bf8a-2c623163f03b
[92mINFO [0m:      Sent reply
[92mINFO [0m:      
[92mINFO [0m:      Received: evaluate message 4688f0b5-8ad9-4fb0-9a11-f8bbd25c0d42
[92mINFO [0m:      Sent reply
[92mINFO [0m:      
[92mINFO [0m:      Received: train message 1bfa5ff8-5915-4b36-9cb6-a0868a0e04d6
[92mINFO [0m:      Sent reply
[92mINFO [0m:      
[92mINFO [0m:      Received: train message 79c947e7-48a9-4163-be66-41b17f7d3705
[92mINFO [0m:      Sent reply
[92mINFO [0m:      
[92mINFO [0m:      Received: train message c6bd9d62-08e8-449c-8028-deec7d675acb
[92mINFO [0m:      Sent reply
[92mINFO [0m:      
[92mINFO [0m:      Received: evaluate message 5fd1a4fd-e4cc-478b-b9e8-84f8a04458a6
[92mINFO [0m:      Sent reply
[92mINFO [0m:      
[92mINFO [0m:      Received: evaluate message 7acd0c2c-7b79-4135-9054-a11c98b2b8d6
[92mINFO [0m:      Sent reply
[92mINFO [0m:      
[92mINFO [0m:      Received: train message 23094658-e5d5-4b21-8d72-7d5bf3e5e2fb
[92mINFO [0m:      Sent reply
[92mINFO [0m:      
[92mINFO [0m:      Received: evaluate message 9a8effe4-bc23-48eb-a023-4e69e89cbcae
[92mINFO [0m:      Sent reply
[92mINFO [0m:      
[92mINFO [0m:      Received: train message e82dc8bd-d306-4973-9dfd-dd5bfd52391c
[92mINFO [0m:      Sent reply
[92mINFO [0m:      
[92mINFO [0m:      Received: evaluate message b3dcdf84-2a61-4f73-a487-f440b7010450
[92mINFO [0m:      Sent reply
[92mINFO [0m:      
[92mINFO [0m:      Received: train message 8ae9d7ad-42e4-4447-b585-2e8c83cf6f00
[92mINFO [0m:      Sent reply
[92mINFO [0m:      
[92mINFO [0m:      Received: evaluate message e95181a8-932b-4cb3-92c7-22941bf87c81
[92mINFO [0m:      Sent reply
[92mINFO [0m:      
[92mINFO [0m:      Received: train message 17d5abd4-b09d-40d2-9819-3a1f7f21c81f
[92mINFO [0m:      Sent reply
[92mINFO [0m:      
[92mINFO [0m:      Received: evaluate message 2d9f0fda-f184-43b5-9418-762ad93fa55f
[92mINFO [0m:      Sent reply
[92mINFO [0m:      
[92mINFO [0m:      Received: train message d1d70493-7740-4320-a885-0419865f8960
[92mINFO [0m:      Sent reply
[92mINFO [0m:      
[92mINFO [0m:      Received: evaluate message 1848234d-2c37-4248-8da8-92f190bbedb5
[92mINFO [0m:      Sent reply
[92mINFO [0m:      
[92mINFO [0m:      Received: train message 613bde3d-ebcf-47a9-9d79-8f8909621276
[92mINFO [0m:      Sent reply
[92mINFO [0m:      
[92mINFO [0m:      Received: evaluate message d1ea9cbd-f6c8-44f3-9d90-d8f3845034af
[92mINFO [0m:      Sent reply
[92mINFO [0m:      
[92mINFO [0m:      Received: train message 748018ae-0cb8-499c-9823-6b57f55969da
[92mINFO [0m:      Sent reply
[92mINFO [0m:      
[92mINFO [0m:      Received: reconnect message 7e81c7b0-2420-437f-a76e-12fa7b95bd3b
[92mINFO [0m:      Disconnect and shut down
