/home/rohovyi/DFL/lab1/data_utils.py:28: DeprecationWarning: __array__ implementation doesn't accept a copy keyword, so passing copy=False failed. __array__ must implement 'dtype' and 'copy' keyword arguments.
  targets = np.array(full_dataset.targets)
Number of clients: 8
Client 0 has 3179 samples
Client 1 has 10820 samples
Client 2 has 8101 samples
Client 3 has 7891 samples
Client 4 has 6485 samples
Client 5 has 8367 samples
Client 6 has 7825 samples
Client 7 has 7332 samples
Generated datasets for 8 clients with alpha=1
Waiting for clients to connect before starting training...
Starting server on 127.0.0.1:8080 for 32 rounds
[93mWARNING [0m:   DEPRECATED FEATURE: flwr.server.start_server() is deprecated.
	Instead, use the `flower-superlink` CLI command to start a SuperLink as shown below:

		$ flower-superlink --insecure

	To view usage and all available options, run:

		$ flower-superlink --help

	Using `start_server()` is deprecated.

            This is a deprecated feature. It will be removed
            entirely in future versions of Flower.
        
[92mINFO [0m:      Starting Flower server, config: num_rounds=32, round_timeout=60s
[92mINFO [0m:      Flower ECE: gRPC server running (32 rounds), SSL is disabled
[92mINFO [0m:      [INIT]
[92mINFO [0m:      Using initial global parameters provided by strategy
[92mINFO [0m:      Starting evaluation of initial global parameters
[92mINFO [0m:      Evaluation returned no results (`None`)
[92mINFO [0m:      
[92mINFO [0m:      [ROUND 1]
Waiting for clients in round 1: 0/8 connected...
Waiting for clients in round 1: 0/8 connected...
Waiting for clients in round 1: 0/8 connected...
Waiting for clients in round 1: 0/8 connected...
[CustomClientManager] Client 4c3560312c4346be8fd1b7797c1df6fd registered.
[CustomClientManager] Client a58fbe6162ee497796e4f4ca5dd96210 registered.
Waiting for clients in round 1: 2/8 connected...
[CustomClientManager] Client 97bc367543ec44d9af43d5411044ad8f registered.
[CustomClientManager] Client f7f847d829274073a44880c34f89445c registered.
[CustomClientManager] Client b877223dff564fe2a8d5a3d426736863 registered.
[CustomClientManager] Client 45b2758ff95149ae8b89fa4595717279 registered.
[CustomClientManager] Client 47346f84c185499db9732e0c29f2f124 registered.
[CustomClientManager] Client 1ff2cbd7679c4723a18f6494a5c8cc0c registered.
[92mINFO [0m:      configure_fit: strategy sampled 4 clients (out of 8)
[92mINFO [0m:      aggregate_fit: received 4 results and 0 failures

[Round 1] Fit results from clients:
 - Client 97bc367543ec44d9af43d5411044ad8f: Loss: 2.3537, Accuracy: 0.0541, Examples: 6480
 - Client a58fbe6162ee497796e4f4ca5dd96210: Loss: 2.2689, Accuracy: 0.1392, Examples: 2543
 - Client 4c3560312c4346be8fd1b7797c1df6fd: Loss: 2.3024, Accuracy: 0.1147, Examples: 8656
 - Client 45b2758ff95149ae8b89fa4595717279: Loss: 2.3338, Accuracy: 0.0769, Examples: 6693
[Round 1] Aggregated training metrics: {'loss': 2.3211516857186347, 'accuracy': 0.09073937305104218}

[92mINFO [0m:      configure_evaluate: strategy sampled 4 clients (out of 8)
[92mINFO [0m:      aggregate_evaluate: received 4 results and 0 failures

[Round 1] Evaluation results from clients:
 - Client 47346f84c185499db9732e0c29f2f124: Loss: 2.2520, Accuracy: 0.1987, Examples: 1565
 - Client 4c3560312c4346be8fd1b7797c1df6fd: Loss: 2.3011, Accuracy: 0.1169, Examples: 2164
 - Client f7f847d829274073a44880c34f89445c: Loss: 2.2805, Accuracy: 0.0760, Examples: 1579
 - Client a58fbe6162ee497796e4f4ca5dd96210: Loss: 2.2644, Accuracy: 0.1604, Examples: 636
[Round 1] Aggregated evaluation metrics: {'loss': 2.278768211723497, 'accuracy': 0.13223418573351278}, Aggregated loss: 2.2788

[92mINFO [0m:      
[92mINFO [0m:      [ROUND 2]
[92mINFO [0m:      configure_fit: strategy sampled 4 clients (out of 8)
[92mINFO [0m:      aggregate_fit: received 4 results and 0 failures

[Round 2] Fit results from clients:
 - Client b877223dff564fe2a8d5a3d426736863: Loss: 2.3660, Accuracy: 0.0747, Examples: 5188
 - Client f7f847d829274073a44880c34f89445c: Loss: 2.2779, Accuracy: 0.0768, Examples: 6312
 - Client 4c3560312c4346be8fd1b7797c1df6fd: Loss: 2.3002, Accuracy: 0.1174, Examples: 8656
 - Client a58fbe6162ee497796e4f4ca5dd96210: Loss: 2.2670, Accuracy: 0.1418, Examples: 2543
[Round 2] Aggregated training metrics: {'loss': 2.305323072769415, 'accuracy': 0.09907925459271334}

[92mINFO [0m:      configure_evaluate: strategy sampled 4 clients (out of 8)
[92mINFO [0m:      aggregate_evaluate: received 4 results and 0 failures

[Round 2] Evaluation results from clients:
 - Client 45b2758ff95149ae8b89fa4595717279: Loss: 2.3299, Accuracy: 0.0789, Examples: 1674
 - Client 4c3560312c4346be8fd1b7797c1df6fd: Loss: 2.2993, Accuracy: 0.1211, Examples: 2164
 - Client 1ff2cbd7679c4723a18f6494a5c8cc0c: Loss: 2.2813, Accuracy: 0.0784, Examples: 1467
 - Client a58fbe6162ee497796e4f4ca5dd96210: Loss: 2.2629, Accuracy: 0.1651, Examples: 636
[Round 2] Aggregated evaluation metrics: {'loss': 2.299585512121445, 'accuracy': 0.10334960444369634}, Aggregated loss: 2.2996

[92mINFO [0m:      
[92mINFO [0m:      [ROUND 3]
[92mINFO [0m:      configure_fit: strategy sampled 4 clients (out of 8)
[92mINFO [0m:      aggregate_fit: received 4 results and 0 failures

[Round 3] Fit results from clients:
 - Client a58fbe6162ee497796e4f4ca5dd96210: Loss: 2.2655, Accuracy: 0.1447, Examples: 2543
 - Client 47346f84c185499db9732e0c29f2f124: Loss: 2.2420, Accuracy: 0.2350, Examples: 6260
 - Client b877223dff564fe2a8d5a3d426736863: Loss: 2.3648, Accuracy: 0.0765, Examples: 5188
 - Client 4c3560312c4346be8fd1b7797c1df6fd: Loss: 2.2983, Accuracy: 0.1204, Examples: 8656
[Round 3] Aggregated training metrics: {'loss': 2.294293900128205, 'accuracy': 0.14476531107873009}

[92mINFO [0m:      configure_evaluate: strategy sampled 4 clients (out of 8)
[92mINFO [0m:      aggregate_evaluate: received 4 results and 0 failures

[Round 3] Evaluation results from clients:
 - Client a58fbe6162ee497796e4f4ca5dd96210: Loss: 2.2617, Accuracy: 0.1682, Examples: 636
 - Client b877223dff564fe2a8d5a3d426736863: Loss: 2.3658, Accuracy: 0.0732, Examples: 1297
 - Client f7f847d829274073a44880c34f89445c: Loss: 2.2780, Accuracy: 0.0804, Examples: 1579
 - Client 47346f84c185499db9732e0c29f2f124: Loss: 2.2489, Accuracy: 0.2083, Examples: 1565
[Round 3] Aggregated evaluation metrics: {'loss': 2.2894290959198735, 'accuracy': 0.1290131967697459}, Aggregated loss: 2.2894

[92mINFO [0m:      
[92mINFO [0m:      [ROUND 4]
[92mINFO [0m:      configure_fit: strategy sampled 4 clients (out of 8)
[92mINFO [0m:      aggregate_fit: received 4 results and 0 failures

[Round 4] Fit results from clients:
 - Client 4c3560312c4346be8fd1b7797c1df6fd: Loss: 2.2964, Accuracy: 0.1241, Examples: 8656
 - Client a58fbe6162ee497796e4f4ca5dd96210: Loss: 2.2644, Accuracy: 0.1496, Examples: 2543
 - Client b877223dff564fe2a8d5a3d426736863: Loss: 2.3635, Accuracy: 0.0797, Examples: 5188
 - Client 47346f84c185499db9732e0c29f2f124: Loss: 2.2400, Accuracy: 0.2423, Examples: 6260
[Round 4] Aggregated training metrics: {'loss': 2.29258171392023, 'accuracy': 0.1494679206958979}

[92mINFO [0m:      configure_evaluate: strategy sampled 4 clients (out of 8)
[92mINFO [0m:      aggregate_evaluate: received 4 results and 0 failures

[Round 4] Evaluation results from clients:
 - Client 47346f84c185499db9732e0c29f2f124: Loss: 2.2469, Accuracy: 0.2160, Examples: 1565
 - Client a58fbe6162ee497796e4f4ca5dd96210: Loss: 2.2604, Accuracy: 0.1730, Examples: 636
 - Client 1ff2cbd7679c4723a18f6494a5c8cc0c: Loss: 2.2788, Accuracy: 0.0818, Examples: 1467
 - Client 97bc367543ec44d9af43d5411044ad8f: Loss: 2.3495, Accuracy: 0.0463, Examples: 1621
[Round 4] Aggregated evaluation metrics: {'loss': 2.2888275430657323, 'accuracy': 0.12157307619587823}, Aggregated loss: 2.2888

[92mINFO [0m:      
[92mINFO [0m:      [ROUND 5]
[92mINFO [0m:      configure_fit: strategy sampled 4 clients (out of 8)
[92mINFO [0m:      aggregate_fit: received 4 results and 0 failures

[Round 5] Fit results from clients:
 - Client 47346f84c185499db9732e0c29f2f124: Loss: 2.2381, Accuracy: 0.2492, Examples: 6260
 - Client 4c3560312c4346be8fd1b7797c1df6fd: Loss: 2.2944, Accuracy: 0.1280, Examples: 8656
 - Client 97bc367543ec44d9af43d5411044ad8f: Loss: 2.3469, Accuracy: 0.0585, Examples: 6480
 - Client f7f847d829274073a44880c34f89445c: Loss: 2.2746, Accuracy: 0.0857, Examples: 6312
[Round 5] Aggregated training metrics: {'loss': 2.2894359246913845, 'accuracy': 0.12949328713728886}

[92mINFO [0m:      configure_evaluate: strategy sampled 4 clients (out of 8)
[92mINFO [0m:      aggregate_evaluate: received 4 results and 0 failures

[Round 5] Evaluation results from clients:
 - Client 97bc367543ec44d9af43d5411044ad8f: Loss: 2.3471, Accuracy: 0.0481, Examples: 1621
 - Client a58fbe6162ee497796e4f4ca5dd96210: Loss: 2.2584, Accuracy: 0.1745, Examples: 636
 - Client f7f847d829274073a44880c34f89445c: Loss: 2.2752, Accuracy: 0.0849, Examples: 1579
 - Client 4c3560312c4346be8fd1b7797c1df6fd: Loss: 2.2933, Accuracy: 0.1303, Examples: 2164
[Round 5] Aggregated evaluation metrics: {'loss': 2.2993675518433254, 'accuracy': 0.10083333333333333}, Aggregated loss: 2.2994

[92mINFO [0m:      
[92mINFO [0m:      [ROUND 6]
[92mINFO [0m:      configure_fit: strategy sampled 4 clients (out of 8)
[92mINFO [0m:      aggregate_fit: received 4 results and 0 failures

[Round 6] Fit results from clients:
 - Client 4c3560312c4346be8fd1b7797c1df6fd: Loss: 2.2923, Accuracy: 0.1319, Examples: 8656
 - Client 97bc367543ec44d9af43d5411044ad8f: Loss: 2.3446, Accuracy: 0.0597, Examples: 6480
 - Client b877223dff564fe2a8d5a3d426736863: Loss: 2.3617, Accuracy: 0.0834, Examples: 5188
 - Client 45b2758ff95149ae8b89fa4595717279: Loss: 2.3259, Accuracy: 0.0879, Examples: 6693
[Round 6] Aggregated training metrics: {'loss': 2.326466678103736, 'accuracy': 0.09434800310915349}

[92mINFO [0m:      configure_evaluate: strategy sampled 4 clients (out of 8)
[92mINFO [0m:      aggregate_evaluate: received 4 results and 0 failures

[Round 6] Evaluation results from clients:
 - Client 1ff2cbd7679c4723a18f6494a5c8cc0c: Loss: 2.2757, Accuracy: 0.0893, Examples: 1467
 - Client f7f847d829274073a44880c34f89445c: Loss: 2.2736, Accuracy: 0.0880, Examples: 1579
 - Client 4c3560312c4346be8fd1b7797c1df6fd: Loss: 2.2915, Accuracy: 0.1331, Examples: 2164
 - Client b877223dff564fe2a8d5a3d426736863: Loss: 2.3619, Accuracy: 0.0779, Examples: 1297
[Round 6] Aggregated evaluation metrics: {'loss': 2.297641799034786, 'accuracy': 0.10127554940832949}, Aggregated loss: 2.2976

[92mINFO [0m:      
[92mINFO [0m:      [ROUND 7]
[92mINFO [0m:      configure_fit: strategy sampled 4 clients (out of 8)
[92mINFO [0m:      aggregate_fit: received 4 results and 0 failures

[Round 7] Fit results from clients:
 - Client 47346f84c185499db9732e0c29f2f124: Loss: 2.2353, Accuracy: 0.2584, Examples: 6260
 - Client b877223dff564fe2a8d5a3d426736863: Loss: 2.3596, Accuracy: 0.0842, Examples: 5188
 - Client 97bc367543ec44d9af43d5411044ad8f: Loss: 2.3422, Accuracy: 0.0620, Examples: 6480
 - Client a58fbe6162ee497796e4f4ca5dd96210: Loss: 2.2596, Accuracy: 0.1606, Examples: 2543
[Round 7] Aggregated training metrics: {'loss': 2.30368769209617, 'accuracy': 0.1399296565873675}

[92mINFO [0m:      configure_evaluate: strategy sampled 4 clients (out of 8)
[92mINFO [0m:      aggregate_evaluate: received 4 results and 0 failures

[Round 7] Evaluation results from clients:
 - Client b877223dff564fe2a8d5a3d426736863: Loss: 2.3596, Accuracy: 0.0779, Examples: 1297
 - Client 45b2758ff95149ae8b89fa4595717279: Loss: 2.3218, Accuracy: 0.0836, Examples: 1674
 - Client 4c3560312c4346be8fd1b7797c1df6fd: Loss: 2.2908, Accuracy: 0.1349, Examples: 2164
 - Client a58fbe6162ee497796e4f4ca5dd96210: Loss: 2.2552, Accuracy: 0.1761, Examples: 636
[Round 7] Aggregated evaluation metrics: {'loss': 2.311332869872624, 'accuracy': 0.1117657251776122}, Aggregated loss: 2.3113

[92mINFO [0m:      
[92mINFO [0m:      [ROUND 8]
[92mINFO [0m:      configure_fit: strategy sampled 4 clients (out of 8)
[92mINFO [0m:      aggregate_fit: received 4 results and 0 failures

[Round 8] Fit results from clients:
 - Client 45b2758ff95149ae8b89fa4595717279: Loss: 2.3221, Accuracy: 0.0901, Examples: 6693
 - Client 97bc367543ec44d9af43d5411044ad8f: Loss: 2.3401, Accuracy: 0.0628, Examples: 6480
 - Client 4c3560312c4346be8fd1b7797c1df6fd: Loss: 2.2897, Accuracy: 0.1372, Examples: 8656
 - Client a58fbe6162ee497796e4f4ca5dd96210: Loss: 2.2581, Accuracy: 0.1628, Examples: 2543
[Round 8] Aggregated training metrics: {'loss': 2.3087016358744155, 'accuracy': 0.10717216477925488}

[92mINFO [0m:      configure_evaluate: strategy sampled 4 clients (out of 8)
[92mINFO [0m:      aggregate_evaluate: received 4 results and 0 failures

[Round 8] Evaluation results from clients:
 - Client a58fbe6162ee497796e4f4ca5dd96210: Loss: 2.2533, Accuracy: 0.1777, Examples: 636
 - Client 4c3560312c4346be8fd1b7797c1df6fd: Loss: 2.2887, Accuracy: 0.1377, Examples: 2164
 - Client 47346f84c185499db9732e0c29f2f124: Loss: 2.2415, Accuracy: 0.2371, Examples: 1565
 - Client 1ff2cbd7679c4723a18f6494a5c8cc0c: Loss: 2.2735, Accuracy: 0.0941, Examples: 1467
[Round 8] Aggregated evaluation metrics: {'loss': 2.268344127142544, 'accuracy': 0.15775034293552812}, Aggregated loss: 2.2683

[92mINFO [0m:      
[92mINFO [0m:      [ROUND 9]
[92mINFO [0m:      configure_fit: strategy sampled 4 clients (out of 8)
[92mINFO [0m:      aggregate_fit: received 4 results and 0 failures

[Round 9] Fit results from clients:
 - Client 97bc367543ec44d9af43d5411044ad8f: Loss: 2.3378, Accuracy: 0.0658, Examples: 6480
 - Client 1ff2cbd7679c4723a18f6494a5c8cc0c: Loss: 2.2758, Accuracy: 0.0845, Examples: 5865
 - Client f7f847d829274073a44880c34f89445c: Loss: 2.2680, Accuracy: 0.0955, Examples: 6312
 - Client 47346f84c185499db9732e0c29f2f124: Loss: 2.2327, Accuracy: 0.2651, Examples: 6260
[Round 9] Aggregated training metrics: {'loss': 2.279121306125581, 'accuracy': 0.12780431031022996}

[92mINFO [0m:      configure_evaluate: strategy sampled 4 clients (out of 8)
[92mINFO [0m:      aggregate_evaluate: received 4 results and 0 failures

[Round 9] Evaluation results from clients:
 - Client 47346f84c185499db9732e0c29f2f124: Loss: 2.2403, Accuracy: 0.2454, Examples: 1565
 - Client a58fbe6162ee497796e4f4ca5dd96210: Loss: 2.2515, Accuracy: 0.1792, Examples: 636
 - Client 1ff2cbd7679c4723a18f6494a5c8cc0c: Loss: 2.2720, Accuracy: 0.1002, Examples: 1467
 - Client 97bc367543ec44d9af43d5411044ad8f: Loss: 2.3381, Accuracy: 0.0537, Examples: 1621
[Round 9] Aggregated evaluation metrics: {'loss': 2.2804171822656643, 'accuracy': 0.13840045377197957}, Aggregated loss: 2.2804

[92mINFO [0m:      
[92mINFO [0m:      [ROUND 10]
[92mINFO [0m:      configure_fit: strategy sampled 4 clients (out of 8)
[92mINFO [0m:      aggregate_fit: received 4 results and 0 failures

[Round 10] Fit results from clients:
 - Client 45b2758ff95149ae8b89fa4595717279: Loss: 2.3188, Accuracy: 0.0929, Examples: 6693
 - Client 47346f84c185499db9732e0c29f2f124: Loss: 2.2315, Accuracy: 0.2695, Examples: 6260
 - Client 4c3560312c4346be8fd1b7797c1df6fd: Loss: 2.2862, Accuracy: 0.1431, Examples: 8656
 - Client b877223dff564fe2a8d5a3d426736863: Loss: 2.3553, Accuracy: 0.0896, Examples: 5188
[Round 10] Aggregated training metrics: {'loss': 2.2949412821050714, 'accuracy': 0.1497369108482293}

[92mINFO [0m:      configure_evaluate: strategy sampled 4 clients (out of 8)
[92mINFO [0m:      aggregate_evaluate: received 4 results and 0 failures

[Round 10] Evaluation results from clients:
 - Client a58fbe6162ee497796e4f4ca5dd96210: Loss: 2.2502, Accuracy: 0.1840, Examples: 636
 - Client 45b2758ff95149ae8b89fa4595717279: Loss: 2.3158, Accuracy: 0.0896, Examples: 1674
 - Client b877223dff564fe2a8d5a3d426736863: Loss: 2.3558, Accuracy: 0.0802, Examples: 1297
 - Client 97bc367543ec44d9af43d5411044ad8f: Loss: 2.3371, Accuracy: 0.0543, Examples: 1621
[Round 10] Aggregated evaluation metrics: {'loss': 2.3243749615064355, 'accuracy': 0.08779648048967101}, Aggregated loss: 2.3244

[92mINFO [0m:      
[92mINFO [0m:      [ROUND 11]
[92mINFO [0m:      configure_fit: strategy sampled 4 clients (out of 8)
[92mINFO [0m:      aggregate_fit: received 4 results and 0 failures

[Round 11] Fit results from clients:
 - Client f7f847d829274073a44880c34f89445c: Loss: 2.2648, Accuracy: 0.1027, Examples: 6312
 - Client 47346f84c185499db9732e0c29f2f124: Loss: 2.2294, Accuracy: 0.2746, Examples: 6260
 - Client 97bc367543ec44d9af43d5411044ad8f: Loss: 2.3345, Accuracy: 0.0684, Examples: 6480
 - Client 1ff2cbd7679c4723a18f6494a5c8cc0c: Loss: 2.2730, Accuracy: 0.0915, Examples: 5865
[Round 11] Aggregated training metrics: {'loss': 2.2759746209563807, 'accuracy': 0.1343259621944857}

[92mINFO [0m:      configure_evaluate: strategy sampled 4 clients (out of 8)
[92mINFO [0m:      aggregate_evaluate: received 4 results and 0 failures

[Round 11] Evaluation results from clients:
 - Client 97bc367543ec44d9af43d5411044ad8f: Loss: 2.3349, Accuracy: 0.0549, Examples: 1621
 - Client f7f847d829274073a44880c34f89445c: Loss: 2.2649, Accuracy: 0.1058, Examples: 1579
 - Client 45b2758ff95149ae8b89fa4595717279: Loss: 2.3146, Accuracy: 0.0920, Examples: 1674
 - Client 4c3560312c4346be8fd1b7797c1df6fd: Loss: 2.2844, Accuracy: 0.1451, Examples: 2164
[Round 11] Aggregated evaluation metrics: {'loss': 2.2988365053215905, 'accuracy': 0.10287013356067065}, Aggregated loss: 2.2988

[92mINFO [0m:      
[92mINFO [0m:      [ROUND 12]
[92mINFO [0m:      configure_fit: strategy sampled 4 clients (out of 8)
[92mINFO [0m:      aggregate_fit: received 4 results and 0 failures

[Round 12] Fit results from clients:
 - Client 4c3560312c4346be8fd1b7797c1df6fd: Loss: 2.2831, Accuracy: 0.1505, Examples: 8656
 - Client f7f847d829274073a44880c34f89445c: Loss: 2.2625, Accuracy: 0.1058, Examples: 6312
 - Client 47346f84c185499db9732e0c29f2f124: Loss: 2.2282, Accuracy: 0.2810, Examples: 6260
 - Client 97bc367543ec44d9af43d5411044ad8f: Loss: 2.3323, Accuracy: 0.0701, Examples: 6480
[Round 12] Aggregated training metrics: {'loss': 2.2775370218166286, 'accuracy': 0.15096722968095858}

[92mINFO [0m:      configure_evaluate: strategy sampled 4 clients (out of 8)
[92mINFO [0m:      aggregate_evaluate: received 4 results and 0 failures

[Round 12] Evaluation results from clients:
 - Client 97bc367543ec44d9af43d5411044ad8f: Loss: 2.3325, Accuracy: 0.0568, Examples: 1621
 - Client 4c3560312c4346be8fd1b7797c1df6fd: Loss: 2.2823, Accuracy: 0.1479, Examples: 2164
 - Client 47346f84c185499db9732e0c29f2f124: Loss: 2.2354, Accuracy: 0.2633, Examples: 1565
 - Client a58fbe6162ee497796e4f4ca5dd96210: Loss: 2.2463, Accuracy: 0.1855, Examples: 636
[Round 12] Aggregated evaluation metrics: {'loss': 2.2798172098077583, 'accuracy': 0.15736719011025727}, Aggregated loss: 2.2798

[92mINFO [0m:      
[92mINFO [0m:      [ROUND 13]
[92mINFO [0m:      configure_fit: strategy sampled 4 clients (out of 8)
[92mINFO [0m:      aggregate_fit: received 4 results and 0 failures

[Round 13] Fit results from clients:
 - Client 45b2758ff95149ae8b89fa4595717279: Loss: 2.3137, Accuracy: 0.0991, Examples: 6693
 - Client f7f847d829274073a44880c34f89445c: Loss: 2.2605, Accuracy: 0.1098, Examples: 6312
 - Client 1ff2cbd7679c4723a18f6494a5c8cc0c: Loss: 2.2699, Accuracy: 0.1003, Examples: 5865
 - Client a58fbe6162ee497796e4f4ca5dd96210: Loss: 2.2494, Accuracy: 0.1781, Examples: 2543
[Round 13] Aggregated training metrics: {'loss': 2.2783970528413184, 'accuracy': 0.11196469434455704}

[92mINFO [0m:      configure_evaluate: strategy sampled 4 clients (out of 8)
[92mINFO [0m:      aggregate_evaluate: received 4 results and 0 failures

[Round 13] Evaluation results from clients:
 - Client 45b2758ff95149ae8b89fa4595717279: Loss: 2.3110, Accuracy: 0.0938, Examples: 1674
 - Client 47346f84c185499db9732e0c29f2f124: Loss: 2.2345, Accuracy: 0.2671, Examples: 1565
 - Client a58fbe6162ee497796e4f4ca5dd96210: Loss: 2.2449, Accuracy: 0.1903, Examples: 636
 - Client f7f847d829274073a44880c34f89445c: Loss: 2.2608, Accuracy: 0.1134, Examples: 1579
[Round 13] Aggregated evaluation metrics: {'loss': 2.266802299752706, 'accuracy': 0.16043270993766043}, Aggregated loss: 2.2668

[92mINFO [0m:      
[92mINFO [0m:      [ROUND 14]
[92mINFO [0m:      configure_fit: strategy sampled 4 clients (out of 8)
[92mINFO [0m:      aggregate_fit: received 4 results and 0 failures

[Round 14] Fit results from clients:
 - Client 1ff2cbd7679c4723a18f6494a5c8cc0c: Loss: 2.2683, Accuracy: 0.1051, Examples: 5865
 - Client 47346f84c185499db9732e0c29f2f124: Loss: 2.2257, Accuracy: 0.2923, Examples: 6260
 - Client a58fbe6162ee497796e4f4ca5dd96210: Loss: 2.2480, Accuracy: 0.1787, Examples: 2543
 - Client b877223dff564fe2a8d5a3d426736863: Loss: 2.3508, Accuracy: 0.0961, Examples: 5188
[Round 14] Aggregated training metrics: {'loss': 2.27380318567457, 'accuracy': 0.1712076954069299}

[92mINFO [0m:      configure_evaluate: strategy sampled 4 clients (out of 8)
[92mINFO [0m:      aggregate_evaluate: received 4 results and 0 failures

[Round 14] Evaluation results from clients:
 - Client f7f847d829274073a44880c34f89445c: Loss: 2.2598, Accuracy: 0.1184, Examples: 1579
 - Client 45b2758ff95149ae8b89fa4595717279: Loss: 2.3095, Accuracy: 0.0950, Examples: 1674
 - Client 1ff2cbd7679c4723a18f6494a5c8cc0c: Loss: 2.2649, Accuracy: 0.1172, Examples: 1467
 - Client b877223dff564fe2a8d5a3d426736863: Loss: 2.3512, Accuracy: 0.0848, Examples: 1297
[Round 14] Aggregated evaluation metrics: {'loss': 2.2945852190904965, 'accuracy': 0.10437094897789596}, Aggregated loss: 2.2946

[92mINFO [0m:      
[92mINFO [0m:      [ROUND 15]
[92mINFO [0m:      configure_fit: strategy sampled 4 clients (out of 8)
[92mINFO [0m:      aggregate_fit: received 4 results and 0 failures

[Round 15] Fit results from clients:
 - Client 45b2758ff95149ae8b89fa4595717279: Loss: 2.3099, Accuracy: 0.1007, Examples: 6693
 - Client 97bc367543ec44d9af43d5411044ad8f: Loss: 2.3277, Accuracy: 0.0735, Examples: 6480
 - Client 47346f84c185499db9732e0c29f2f124: Loss: 2.2242, Accuracy: 0.2990, Examples: 6260
 - Client a58fbe6162ee497796e4f4ca5dd96210: Loss: 2.2471, Accuracy: 0.1819, Examples: 2543
[Round 15] Aggregated training metrics: {'loss': 2.283444345035378, 'accuracy': 0.15853658536585366}

[92mINFO [0m:      configure_evaluate: strategy sampled 4 clients (out of 8)
[92mINFO [0m:      aggregate_evaluate: received 4 results and 0 failures

[Round 15] Evaluation results from clients:
 - Client 4c3560312c4346be8fd1b7797c1df6fd: Loss: 2.2795, Accuracy: 0.1539, Examples: 2164
 - Client 45b2758ff95149ae8b89fa4595717279: Loss: 2.3071, Accuracy: 0.0962, Examples: 1674
 - Client 47346f84c185499db9732e0c29f2f124: Loss: 2.2311, Accuracy: 0.2792, Examples: 1565
 - Client 1ff2cbd7679c4723a18f6494a5c8cc0c: Loss: 2.2642, Accuracy: 0.1186, Examples: 1467
[Round 15] Aggregated evaluation metrics: {'loss': 2.2719184492352746, 'accuracy': 0.16084425036390101}, Aggregated loss: 2.2719

[92mINFO [0m:      
[92mINFO [0m:      [ROUND 16]
[92mINFO [0m:      configure_fit: strategy sampled 4 clients (out of 8)
[92mINFO [0m:      aggregate_fit: received 4 results and 0 failures

[Round 16] Fit results from clients:
 - Client a58fbe6162ee497796e4f4ca5dd96210: Loss: 2.2453, Accuracy: 0.1848, Examples: 2543
 - Client f7f847d829274073a44880c34f89445c: Loss: 2.2558, Accuracy: 0.1200, Examples: 6312
 - Client 97bc367543ec44d9af43d5411044ad8f: Loss: 2.3259, Accuracy: 0.0738, Examples: 6480
 - Client 45b2758ff95149ae8b89fa4595717279: Loss: 2.3074, Accuracy: 0.1028, Examples: 6693
[Round 16] Aggregated training metrics: {'loss': 2.290881473712443, 'accuracy': 0.10865716360995097}

[92mINFO [0m:      configure_evaluate: strategy sampled 4 clients (out of 8)
[92mINFO [0m:      aggregate_evaluate: received 4 results and 0 failures

[Round 16] Evaluation results from clients:
 - Client b877223dff564fe2a8d5a3d426736863: Loss: 2.3480, Accuracy: 0.0879, Examples: 1297
 - Client 47346f84c185499db9732e0c29f2f124: Loss: 2.2303, Accuracy: 0.2812, Examples: 1565
 - Client f7f847d829274073a44880c34f89445c: Loss: 2.2557, Accuracy: 0.1229, Examples: 1579
 - Client a58fbe6162ee497796e4f4ca5dd96210: Loss: 2.2402, Accuracy: 0.1918, Examples: 636
[Round 16] Aggregated evaluation metrics: {'loss': 2.2694914801655637, 'accuracy': 0.17136103998424265}, Aggregated loss: 2.2695

[92mINFO [0m:      
[92mINFO [0m:      [ROUND 17]
[92mINFO [0m:      configure_fit: strategy sampled 4 clients (out of 8)
[92mINFO [0m:      aggregate_fit: received 4 results and 0 failures

[Round 17] Fit results from clients:
 - Client 97bc367543ec44d9af43d5411044ad8f: Loss: 2.3232, Accuracy: 0.0754, Examples: 6480
 - Client 1ff2cbd7679c4723a18f6494a5c8cc0c: Loss: 2.2654, Accuracy: 0.1136, Examples: 5865
 - Client b877223dff564fe2a8d5a3d426736863: Loss: 2.3457, Accuracy: 0.0999, Examples: 5188
 - Client 47346f84c185499db9732e0c29f2f124: Loss: 2.2215, Accuracy: 0.3083, Examples: 6260
[Round 17] Aggregated training metrics: {'loss': 2.2871060184515954, 'accuracy': 0.15145210776278736}

[92mINFO [0m:      configure_evaluate: strategy sampled 4 clients (out of 8)
[92mINFO [0m:      aggregate_evaluate: received 4 results and 0 failures

[Round 17] Evaluation results from clients:
 - Client 45b2758ff95149ae8b89fa4595717279: Loss: 2.3034, Accuracy: 0.0986, Examples: 1674
 - Client 1ff2cbd7679c4723a18f6494a5c8cc0c: Loss: 2.2619, Accuracy: 0.1275, Examples: 1467
 - Client 47346f84c185499db9732e0c29f2f124: Loss: 2.2290, Accuracy: 0.2882, Examples: 1565
 - Client 4c3560312c4346be8fd1b7797c1df6fd: Loss: 2.2775, Accuracy: 0.1562, Examples: 2164
[Round 17] Aggregated evaluation metrics: {'loss': 2.269450233874536, 'accuracy': 0.1660844250363901}, Aggregated loss: 2.2695

[92mINFO [0m:      
[92mINFO [0m:      [ROUND 18]
[92mINFO [0m:      configure_fit: strategy sampled 4 clients (out of 8)
[92mINFO [0m:      aggregate_fit: received 4 results and 0 failures

[Round 18] Fit results from clients:
 - Client 45b2758ff95149ae8b89fa4595717279: Loss: 2.3038, Accuracy: 0.1052, Examples: 6693
 - Client 47346f84c185499db9732e0c29f2f124: Loss: 2.2203, Accuracy: 0.3133, Examples: 6260
 - Client b877223dff564fe2a8d5a3d426736863: Loss: 2.3437, Accuracy: 0.1016, Examples: 5188
 - Client 97bc367543ec44d9af43d5411044ad8f: Loss: 2.3213, Accuracy: 0.0780, Examples: 6480
[Round 18] Aggregated training metrics: {'loss': 2.295575868666528, 'accuracy': 0.1501766784452297}

[92mINFO [0m:      configure_evaluate: strategy sampled 4 clients (out of 8)
[92mINFO [0m:      aggregate_evaluate: received 4 results and 0 failures

[Round 18] Evaluation results from clients:
 - Client f7f847d829274073a44880c34f89445c: Loss: 2.2527, Accuracy: 0.1279, Examples: 1579
 - Client 1ff2cbd7679c4723a18f6494a5c8cc0c: Loss: 2.2612, Accuracy: 0.1302, Examples: 1467
 - Client 97bc367543ec44d9af43d5411044ad8f: Loss: 2.3221, Accuracy: 0.0629, Examples: 1621
 - Client a58fbe6162ee497796e4f4ca5dd96210: Loss: 2.2374, Accuracy: 0.1965, Examples: 636
[Round 18] Aggregated evaluation metrics: {'loss': 2.2744294828723874, 'accuracy': 0.116914953799736}, Aggregated loss: 2.2744

[92mINFO [0m:      
[92mINFO [0m:      [ROUND 19]
[92mINFO [0m:      configure_fit: strategy sampled 4 clients (out of 8)
[92mINFO [0m:      aggregate_fit: received 4 results and 0 failures

[Round 19] Fit results from clients:
 - Client 1ff2cbd7679c4723a18f6494a5c8cc0c: Loss: 2.2636, Accuracy: 0.1187, Examples: 5865
 - Client 4c3560312c4346be8fd1b7797c1df6fd: Loss: 2.2754, Accuracy: 0.1721, Examples: 8656
 - Client 45b2758ff95149ae8b89fa4595717279: Loss: 2.3012, Accuracy: 0.1068, Examples: 6693
 - Client 97bc367543ec44d9af43d5411044ad8f: Loss: 2.3195, Accuracy: 0.0782, Examples: 6480
[Round 19] Aggregated training metrics: {'loss': 2.2894520245020575, 'accuracy': 0.12304109193327074}

[92mINFO [0m:      configure_evaluate: strategy sampled 4 clients (out of 8)
[92mINFO [0m:      aggregate_evaluate: received 4 results and 0 failures

[Round 19] Evaluation results from clients:
 - Client 1ff2cbd7679c4723a18f6494a5c8cc0c: Loss: 2.2592, Accuracy: 0.1322, Examples: 1467
 - Client 97bc367543ec44d9af43d5411044ad8f: Loss: 2.3200, Accuracy: 0.0679, Examples: 1621
 - Client 4c3560312c4346be8fd1b7797c1df6fd: Loss: 2.2746, Accuracy: 0.1622, Examples: 2164
 - Client b877223dff564fe2a8d5a3d426736863: Loss: 2.3425, Accuracy: 0.0918, Examples: 1297
[Round 19] Aggregated evaluation metrics: {'loss': 2.2958388051143546, 'accuracy': 0.11818598259276225}, Aggregated loss: 2.2958

[92mINFO [0m:      
[92mINFO [0m:      [ROUND 20]
[92mINFO [0m:      configure_fit: strategy sampled 4 clients (out of 8)
[92mINFO [0m:      aggregate_fit: received 4 results and 0 failures

[Round 20] Fit results from clients:
 - Client a58fbe6162ee497796e4f4ca5dd96210: Loss: 2.2387, Accuracy: 0.1990, Examples: 2543
 - Client 47346f84c185499db9732e0c29f2f124: Loss: 2.2176, Accuracy: 0.3224, Examples: 6260
 - Client 97bc367543ec44d9af43d5411044ad8f: Loss: 2.3174, Accuracy: 0.0815, Examples: 6480
 - Client f7f847d829274073a44880c34f89445c: Loss: 2.2487, Accuracy: 0.1347, Examples: 6312
[Round 20] Aggregated training metrics: {'loss': 2.2591022651265633, 'accuracy': 0.18073628154665433}

[92mINFO [0m:      configure_evaluate: strategy sampled 4 clients (out of 8)
[92mINFO [0m:      aggregate_evaluate: received 4 results and 0 failures

[Round 20] Evaluation results from clients:
 - Client 97bc367543ec44d9af43d5411044ad8f: Loss: 2.3176, Accuracy: 0.0679, Examples: 1621
 - Client b877223dff564fe2a8d5a3d426736863: Loss: 2.3415, Accuracy: 0.0925, Examples: 1297
 - Client 4c3560312c4346be8fd1b7797c1df6fd: Loss: 2.2736, Accuracy: 0.1645, Examples: 2164
 - Client f7f847d829274073a44880c34f89445c: Loss: 2.2486, Accuracy: 0.1355, Examples: 1579
[Round 20] Aggregated evaluation metrics: {'loss': 2.291610480858173, 'accuracy': 0.1201020867737577}, Aggregated loss: 2.2916

[92mINFO [0m:      
[92mINFO [0m:      [ROUND 21]
[92mINFO [0m:      configure_fit: strategy sampled 4 clients (out of 8)
[92mINFO [0m:      aggregate_fit: received 4 results and 0 failures

[Round 21] Fit results from clients:
 - Client 45b2758ff95149ae8b89fa4595717279: Loss: 2.2980, Accuracy: 0.1093, Examples: 6693
 - Client 1ff2cbd7679c4723a18f6494a5c8cc0c: Loss: 2.2606, Accuracy: 0.1259, Examples: 5865
 - Client 97bc367543ec44d9af43d5411044ad8f: Loss: 2.3150, Accuracy: 0.0827, Examples: 6480
 - Client 4c3560312c4346be8fd1b7797c1df6fd: Loss: 2.2721, Accuracy: 0.1796, Examples: 8656
[Round 21] Aggregated training metrics: {'loss': 2.285977337018948, 'accuracy': 0.128583808767242}

[92mINFO [0m:      configure_evaluate: strategy sampled 4 clients (out of 8)
[92mINFO [0m:      aggregate_evaluate: received 4 results and 0 failures

[Round 21] Evaluation results from clients:
 - Client 4c3560312c4346be8fd1b7797c1df6fd: Loss: 2.2714, Accuracy: 0.1714, Examples: 2164
 - Client a58fbe6162ee497796e4f4ca5dd96210: Loss: 2.2319, Accuracy: 0.2044, Examples: 636
 - Client f7f847d829274073a44880c34f89445c: Loss: 2.2468, Accuracy: 0.1374, Examples: 1579
 - Client b877223dff564fe2a8d5a3d426736863: Loss: 2.3406, Accuracy: 0.0933, Examples: 1297
[Round 21] Aggregated evaluation metrics: {'loss': 2.2759499231470226, 'accuracy': 0.147815362931642}, Aggregated loss: 2.2759

[92mINFO [0m:      
[92mINFO [0m:      [ROUND 22]
[92mINFO [0m:      configure_fit: strategy sampled 4 clients (out of 8)
[92mINFO [0m:      aggregate_fit: received 4 results and 0 failures

[Round 22] Fit results from clients:
 - Client f7f847d829274073a44880c34f89445c: Loss: 2.2447, Accuracy: 0.1414, Examples: 6312
 - Client 45b2758ff95149ae8b89fa4595717279: Loss: 2.2961, Accuracy: 0.1104, Examples: 6693
 - Client a58fbe6162ee497796e4f4ca5dd96210: Loss: 2.2350, Accuracy: 0.2088, Examples: 2543
 - Client 4c3560312c4346be8fd1b7797c1df6fd: Loss: 2.2698, Accuracy: 0.1847, Examples: 8656
[Round 22] Aggregated training metrics: {'loss': 2.2668830204642405, 'accuracy': 0.1553875392497108}

[92mINFO [0m:      configure_evaluate: strategy sampled 4 clients (out of 8)
[92mINFO [0m:      aggregate_evaluate: received 4 results and 0 failures

[Round 22] Evaluation results from clients:
 - Client a58fbe6162ee497796e4f4ca5dd96210: Loss: 2.2302, Accuracy: 0.2138, Examples: 636
 - Client 1ff2cbd7679c4723a18f6494a5c8cc0c: Loss: 2.2544, Accuracy: 0.1452, Examples: 1467
 - Client 47346f84c185499db9732e0c29f2f124: Loss: 2.2224, Accuracy: 0.3112, Examples: 1565
 - Client b877223dff564fe2a8d5a3d426736863: Loss: 2.3400, Accuracy: 0.0933, Examples: 1297
[Round 22] Aggregated evaluation metrics: {'loss': 2.263583074235484, 'accuracy': 0.19274924471299093}, Aggregated loss: 2.2636

[92mINFO [0m:      
[92mINFO [0m:      [ROUND 23]
[92mINFO [0m:      configure_fit: strategy sampled 4 clients (out of 8)
[92mINFO [0m:      aggregate_fit: received 4 results and 0 failures

[Round 23] Fit results from clients:
 - Client 97bc367543ec44d9af43d5411044ad8f: Loss: 2.3113, Accuracy: 0.0890, Examples: 6480
 - Client f7f847d829274073a44880c34f89445c: Loss: 2.2428, Accuracy: 0.1454, Examples: 6312
 - Client b877223dff564fe2a8d5a3d426736863: Loss: 2.3378, Accuracy: 0.1081, Examples: 5188
 - Client 45b2758ff95149ae8b89fa4595717279: Loss: 2.2939, Accuracy: 0.1117, Examples: 6693
[Round 23] Aggregated training metrics: {'loss': 2.294611397891342, 'accuracy': 0.11358570096867021}

[92mINFO [0m:      configure_evaluate: strategy sampled 4 clients (out of 8)
[92mINFO [0m:      aggregate_evaluate: received 4 results and 0 failures

[Round 23] Evaluation results from clients:
 - Client 1ff2cbd7679c4723a18f6494a5c8cc0c: Loss: 2.2533, Accuracy: 0.1472, Examples: 1467
 - Client b877223dff564fe2a8d5a3d426736863: Loss: 2.3375, Accuracy: 0.0941, Examples: 1297
 - Client 45b2758ff95149ae8b89fa4595717279: Loss: 2.2911, Accuracy: 0.1087, Examples: 1674
 - Client 97bc367543ec44d9af43d5411044ad8f: Loss: 2.3113, Accuracy: 0.0753, Examples: 1621
[Round 23] Aggregated evaluation metrics: {'loss': 2.297288741268996, 'accuracy': 0.1059580788909061}, Aggregated loss: 2.2973

[92mINFO [0m:      
[92mINFO [0m:      [ROUND 24]
[92mINFO [0m:      configure_fit: strategy sampled 4 clients (out of 8)
[92mINFO [0m:      aggregate_fit: received 4 results and 0 failures

[Round 24] Fit results from clients:
 - Client a58fbe6162ee497796e4f4ca5dd96210: Loss: 2.2316, Accuracy: 0.2161, Examples: 2543
 - Client 47346f84c185499db9732e0c29f2f124: Loss: 2.2129, Accuracy: 0.3388, Examples: 6260
 - Client b877223dff564fe2a8d5a3d426736863: Loss: 2.3353, Accuracy: 0.1094, Examples: 5188
 - Client 1ff2cbd7679c4723a18f6494a5c8cc0c: Loss: 2.2558, Accuracy: 0.1407, Examples: 5865
[Round 24] Aggregated training metrics: {'loss': 2.2599433930193005, 'accuracy': 0.2046232876712329}

[92mINFO [0m:      configure_evaluate: strategy sampled 4 clients (out of 8)
[92mINFO [0m:      aggregate_evaluate: received 4 results and 0 failures

[Round 24] Evaluation results from clients:
 - Client b877223dff564fe2a8d5a3d426736863: Loss: 2.3358, Accuracy: 0.0964, Examples: 1297
 - Client 45b2758ff95149ae8b89fa4595717279: Loss: 2.2897, Accuracy: 0.1099, Examples: 1674
 - Client 97bc367543ec44d9af43d5411044ad8f: Loss: 2.3105, Accuracy: 0.0759, Examples: 1621
 - Client f7f847d829274073a44880c34f89445c: Loss: 2.2417, Accuracy: 0.1533, Examples: 1579
[Round 24] Aggregated evaluation metrics: {'loss': 2.292574321831515, 'accuracy': 0.10922054772322153}, Aggregated loss: 2.2926

[92mINFO [0m:      
[92mINFO [0m:      [ROUND 25]
[92mINFO [0m:      configure_fit: strategy sampled 4 clients (out of 8)
[92mINFO [0m:      aggregate_fit: received 4 results and 0 failures

[Round 25] Fit results from clients:
 - Client b877223dff564fe2a8d5a3d426736863: Loss: 2.3336, Accuracy: 0.1114, Examples: 5188
 - Client 1ff2cbd7679c4723a18f6494a5c8cc0c: Loss: 2.2548, Accuracy: 0.1450, Examples: 5865
 - Client f7f847d829274073a44880c34f89445c: Loss: 2.2395, Accuracy: 0.1538, Examples: 6312
 - Client 4c3560312c4346be8fd1b7797c1df6fd: Loss: 2.2663, Accuracy: 0.1948, Examples: 8656
[Round 25] Aggregated training metrics: {'loss': 2.270634357103043, 'accuracy': 0.15698858614196226}

[92mINFO [0m:      configure_evaluate: strategy sampled 4 clients (out of 8)
[92mINFO [0m:      aggregate_evaluate: received 4 results and 0 failures

[Round 25] Evaluation results from clients:
 - Client a58fbe6162ee497796e4f4ca5dd96210: Loss: 2.2264, Accuracy: 0.2343, Examples: 636
 - Client 97bc367543ec44d9af43d5411044ad8f: Loss: 2.3087, Accuracy: 0.0802, Examples: 1621
 - Client 4c3560312c4346be8fd1b7797c1df6fd: Loss: 2.2660, Accuracy: 0.1844, Examples: 2164
 - Client f7f847d829274073a44880c34f89445c: Loss: 2.2399, Accuracy: 0.1583, Examples: 1579
[Round 25] Aggregated evaluation metrics: {'loss': 2.2664699086348215, 'accuracy': 0.15466666666666667}, Aggregated loss: 2.2665

[92mINFO [0m:      
[92mINFO [0m:      [ROUND 26]
[92mINFO [0m:      configure_fit: strategy sampled 4 clients (out of 8)
[92mINFO [0m:      aggregate_fit: received 4 results and 0 failures

[Round 26] Fit results from clients:
 - Client b877223dff564fe2a8d5a3d426736863: Loss: 2.3326, Accuracy: 0.1131, Examples: 5188
 - Client 4c3560312c4346be8fd1b7797c1df6fd: Loss: 2.2644, Accuracy: 0.2011, Examples: 8656
 - Client a58fbe6162ee497796e4f4ca5dd96210: Loss: 2.2295, Accuracy: 0.2212, Examples: 2543
 - Client 47346f84c185499db9732e0c29f2f124: Loss: 2.2105, Accuracy: 0.3490, Examples: 6260
[Round 26] Aggregated training metrics: {'loss': 2.2611855984723723, 'accuracy': 0.22406941316730694}

[92mINFO [0m:      configure_evaluate: strategy sampled 4 clients (out of 8)
[92mINFO [0m:      aggregate_evaluate: received 4 results and 0 failures

[Round 26] Evaluation results from clients:
 - Client 47346f84c185499db9732e0c29f2f124: Loss: 2.2171, Accuracy: 0.3265, Examples: 1565
 - Client f7f847d829274073a44880c34f89445c: Loss: 2.2391, Accuracy: 0.1628, Examples: 1579
 - Client 4c3560312c4346be8fd1b7797c1df6fd: Loss: 2.2642, Accuracy: 0.1890, Examples: 2164
 - Client 45b2758ff95149ae8b89fa4595717279: Loss: 2.2871, Accuracy: 0.1147, Examples: 1674
[Round 26] Aggregated evaluation metrics: {'loss': 2.253428657189443, 'accuracy': 0.19607562303065024}, Aggregated loss: 2.2534

[92mINFO [0m:      
[92mINFO [0m:      [ROUND 27]
[92mINFO [0m:      configure_fit: strategy sampled 4 clients (out of 8)
[92mINFO [0m:      aggregate_fit: received 4 results and 0 failures

[Round 27] Fit results from clients:
 - Client 97bc367543ec44d9af43d5411044ad8f: Loss: 2.3051, Accuracy: 0.0970, Examples: 6480
 - Client f7f847d829274073a44880c34f89445c: Loss: 2.2369, Accuracy: 0.1630, Examples: 6312
 - Client 47346f84c185499db9732e0c29f2f124: Loss: 2.2085, Accuracy: 0.3554, Examples: 6260
 - Client 4c3560312c4346be8fd1b7797c1df6fd: Loss: 2.2625, Accuracy: 0.2043, Examples: 8656
[Round 27] Aggregated training metrics: {'loss': 2.254422332088514, 'accuracy': 0.20393027284538762}

[92mINFO [0m:      configure_evaluate: strategy sampled 4 clients (out of 8)
[92mINFO [0m:      aggregate_evaluate: received 4 results and 0 failures

[Round 27] Evaluation results from clients:
 - Client a58fbe6162ee497796e4f4ca5dd96210: Loss: 2.2231, Accuracy: 0.2390, Examples: 636
 - Client 1ff2cbd7679c4723a18f6494a5c8cc0c: Loss: 2.2472, Accuracy: 0.1697, Examples: 1467
 - Client b877223dff564fe2a8d5a3d426736863: Loss: 2.3332, Accuracy: 0.1056, Examples: 1297
 - Client 97bc367543ec44d9af43d5411044ad8f: Loss: 2.3054, Accuracy: 0.0814, Examples: 1621
[Round 27] Aggregated evaluation metrics: {'loss': 2.285153723503816, 'accuracy': 0.13343955387373033}, Aggregated loss: 2.2852

[92mINFO [0m:      
[92mINFO [0m:      [ROUND 28]
[92mINFO [0m:      configure_fit: strategy sampled 4 clients (out of 8)
[92mINFO [0m:      aggregate_fit: received 4 results and 0 failures

[Round 28] Fit results from clients:
 - Client 47346f84c185499db9732e0c29f2f124: Loss: 2.2069, Accuracy: 0.3605, Examples: 6260
 - Client b877223dff564fe2a8d5a3d426736863: Loss: 2.3310, Accuracy: 0.1175, Examples: 5188
 - Client 1ff2cbd7679c4723a18f6494a5c8cc0c: Loss: 2.2497, Accuracy: 0.1614, Examples: 5865
 - Client a58fbe6162ee497796e4f4ca5dd96210: Loss: 2.2264, Accuracy: 0.2295, Examples: 2543
[Round 28] Aggregated training metrics: {'loss': 2.2544590327693608, 'accuracy': 0.22141921837228043}

[92mINFO [0m:      configure_evaluate: strategy sampled 4 clients (out of 8)
[92mINFO [0m:      aggregate_evaluate: received 4 results and 0 failures

[Round 28] Evaluation results from clients:
 - Client a58fbe6162ee497796e4f4ca5dd96210: Loss: 2.2223, Accuracy: 0.2406, Examples: 636
 - Client 1ff2cbd7679c4723a18f6494a5c8cc0c: Loss: 2.2462, Accuracy: 0.1745, Examples: 1467
 - Client f7f847d829274073a44880c34f89445c: Loss: 2.2360, Accuracy: 0.1723, Examples: 1579
 - Client 45b2758ff95149ae8b89fa4595717279: Loss: 2.2844, Accuracy: 0.1189, Examples: 1674
[Round 28] Aggregated evaluation metrics: {'loss': 2.2523027849874007, 'accuracy': 0.16430171769977595}, Aggregated loss: 2.2523

[92mINFO [0m:      
[92mINFO [0m:      [ROUND 29]
[92mINFO [0m:      configure_fit: strategy sampled 4 clients (out of 8)
[92mINFO [0m:      aggregate_fit: received 4 results and 0 failures

[Round 29] Fit results from clients:
 - Client 47346f84c185499db9732e0c29f2f124: Loss: 2.2053, Accuracy: 0.3655, Examples: 6260
 - Client 4c3560312c4346be8fd1b7797c1df6fd: Loss: 2.2595, Accuracy: 0.2097, Examples: 8656
 - Client 1ff2cbd7679c4723a18f6494a5c8cc0c: Loss: 2.2487, Accuracy: 0.1649, Examples: 5865
 - Client f7f847d829274073a44880c34f89445c: Loss: 2.2338, Accuracy: 0.1715, Examples: 6312
[Round 29] Aggregated training metrics: {'loss': 2.238662478201581, 'accuracy': 0.2270881777580925}

[92mINFO [0m:      configure_evaluate: strategy sampled 4 clients (out of 8)
[92mINFO [0m:      aggregate_evaluate: received 4 results and 0 failures

[Round 29] Evaluation results from clients:
 - Client 45b2758ff95149ae8b89fa4595717279: Loss: 2.2832, Accuracy: 0.1189, Examples: 1674
 - Client f7f847d829274073a44880c34f89445c: Loss: 2.2342, Accuracy: 0.1811, Examples: 1579
 - Client 1ff2cbd7679c4723a18f6494a5c8cc0c: Loss: 2.2441, Accuracy: 0.1779, Examples: 1467
 - Client 47346f84c185499db9732e0c29f2f124: Loss: 2.2122, Accuracy: 0.3482, Examples: 1565
[Round 29] Aggregated evaluation metrics: {'loss': 2.2440889186677047, 'accuracy': 0.20540970564836913}, Aggregated loss: 2.2441

[92mINFO [0m:      
[92mINFO [0m:      [ROUND 30]
[92mINFO [0m:      configure_fit: strategy sampled 4 clients (out of 8)
[92mINFO [0m:      aggregate_fit: received 4 results and 0 failures

[Round 30] Fit results from clients:
 - Client 4c3560312c4346be8fd1b7797c1df6fd: Loss: 2.2573, Accuracy: 0.2151, Examples: 8656
 - Client 47346f84c185499db9732e0c29f2f124: Loss: 2.2036, Accuracy: 0.3724, Examples: 6260
 - Client 1ff2cbd7679c4723a18f6494a5c8cc0c: Loss: 2.2467, Accuracy: 0.1732, Examples: 5865
 - Client 45b2758ff95149ae8b89fa4595717279: Loss: 2.2836, Accuracy: 0.1221, Examples: 6693
[Round 30] Aggregated training metrics: {'loss': 2.249200438302426, 'accuracy': 0.21937104171216423}

[92mINFO [0m:      configure_evaluate: strategy sampled 4 clients (out of 8)
[92mINFO [0m:      aggregate_evaluate: received 4 results and 0 failures

[Round 30] Evaluation results from clients:
 - Client 4c3560312c4346be8fd1b7797c1df6fd: Loss: 2.2569, Accuracy: 0.2061, Examples: 2164
 - Client 97bc367543ec44d9af43d5411044ad8f: Loss: 2.3024, Accuracy: 0.0876, Examples: 1621
 - Client 45b2758ff95149ae8b89fa4595717279: Loss: 2.2810, Accuracy: 0.1189, Examples: 1674
 - Client f7f847d829274073a44880c34f89445c: Loss: 2.2330, Accuracy: 0.1881, Examples: 1579
[Round 30] Aggregated evaluation metrics: {'loss': 2.267757744875846, 'accuracy': 0.1540210287013356}, Aggregated loss: 2.2678

[92mINFO [0m:      
[92mINFO [0m:      [ROUND 31]
[92mINFO [0m:      configure_fit: strategy sampled 4 clients (out of 8)
[92mINFO [0m:      aggregate_fit: received 4 results and 0 failures

[Round 31] Fit results from clients:
 - Client 45b2758ff95149ae8b89fa4595717279: Loss: 2.2814, Accuracy: 0.1237, Examples: 6693
 - Client 47346f84c185499db9732e0c29f2f124: Loss: 2.2016, Accuracy: 0.3779, Examples: 6260
 - Client 1ff2cbd7679c4723a18f6494a5c8cc0c: Loss: 2.2450, Accuracy: 0.1780, Examples: 5865
 - Client a58fbe6162ee497796e4f4ca5dd96210: Loss: 2.2227, Accuracy: 0.2395, Examples: 2543
[Round 31] Aggregated training metrics: {'loss': 2.241023518386101, 'accuracy': 0.22688544543794767}

[92mINFO [0m:      configure_evaluate: strategy sampled 4 clients (out of 8)
[92mINFO [0m:      aggregate_evaluate: received 4 results and 0 failures

[Round 31] Evaluation results from clients:
 - Client 1ff2cbd7679c4723a18f6494a5c8cc0c: Loss: 2.2413, Accuracy: 0.1888, Examples: 1467
 - Client 47346f84c185499db9732e0c29f2f124: Loss: 2.2082, Accuracy: 0.3578, Examples: 1565
 - Client f7f847d829274073a44880c34f89445c: Loss: 2.2318, Accuracy: 0.1906, Examples: 1579
 - Client a58fbe6162ee497796e4f4ca5dd96210: Loss: 2.2180, Accuracy: 0.2484, Examples: 636
[Round 31] Aggregated evaluation metrics: {'loss': 2.225718531400471, 'accuracy': 0.2469982847341338}, Aggregated loss: 2.2257

[92mINFO [0m:      
[92mINFO [0m:      [ROUND 32]
[92mINFO [0m:      configure_fit: strategy sampled 4 clients (out of 8)
[92mINFO [0m:      aggregate_fit: received 4 results and 0 failures

[Round 32] Fit results from clients:
 - Client a58fbe6162ee497796e4f4ca5dd96210: Loss: 2.2215, Accuracy: 0.2399, Examples: 2543
 - Client f7f847d829274073a44880c34f89445c: Loss: 2.2294, Accuracy: 0.1830, Examples: 6312
 - Client b877223dff564fe2a8d5a3d426736863: Loss: 2.3275, Accuracy: 0.1258, Examples: 5188
 - Client 4c3560312c4346be8fd1b7797c1df6fd: Loss: 2.2540, Accuracy: 0.2208, Examples: 8656
[Round 32] Aggregated training metrics: {'loss': 2.2602960626124977, 'accuracy': 0.19071324727961583}

[92mINFO [0m:      configure_evaluate: strategy sampled 4 clients (out of 8)
[92mINFO [0m:      aggregate_evaluate: received 4 results and 0 failures

[Round 32] Evaluation results from clients:
 - Client 1ff2cbd7679c4723a18f6494a5c8cc0c: Loss: 2.2395, Accuracy: 0.1970, Examples: 1467
 - Client 4c3560312c4346be8fd1b7797c1df6fd: Loss: 2.2541, Accuracy: 0.2140, Examples: 2164
 - Client b877223dff564fe2a8d5a3d426736863: Loss: 2.3286, Accuracy: 0.1187, Examples: 1297
 - Client 47346f84c185499db9732e0c29f2f124: Loss: 2.2071, Accuracy: 0.3604, Examples: 1565
[Round 32] Aggregated evaluation metrics: {'loss': 2.254350487227141, 'accuracy': 0.22639765901740336}, Aggregated loss: 2.2544

[92mINFO [0m:      
[92mINFO [0m:      [SUMMARY]
[92mINFO [0m:      Run finished 32 round(s) in 137.90s
[92mINFO [0m:      	History (loss, distributed):
[92mINFO [0m:      		round 1: 2.278768211723497
[92mINFO [0m:      		round 2: 2.299585512121445
[92mINFO [0m:      		round 3: 2.2894290959198735
[92mINFO [0m:      		round 4: 2.2888275430657323
[92mINFO [0m:      		round 5: 2.2993675518433254
[92mINFO [0m:      		round 6: 2.297641799034786
[92mINFO [0m:      		round 7: 2.311332869872624
[92mINFO [0m:      		round 8: 2.268344127142544
[92mINFO [0m:      		round 9: 2.2804171822656643
[92mINFO [0m:      		round 10: 2.3243749615064355
[92mINFO [0m:      		round 11: 2.2988365053215905
[92mINFO [0m:      		round 12: 2.2798172098077583
[92mINFO [0m:      		round 13: 2.266802299752706
[92mINFO [0m:      		round 14: 2.2945852190904965
[92mINFO [0m:      		round 15: 2.2719184492352746
[92mINFO [0m:      		round 16: 2.2694914801655637
[92mINFO [0m:      		round 17: 2.269450233874536
[92mINFO [0m:      		round 18: 2.2744294828723874
[92mINFO [0m:      		round 19: 2.2958388051143546
[92mINFO [0m:      		round 20: 2.291610480858173
[92mINFO [0m:      		round 21: 2.2759499231470226
[92mINFO [0m:      		round 22: 2.263583074235484
[92mINFO [0m:      		round 23: 2.297288741268996
[92mINFO [0m:      		round 24: 2.292574321831515
[92mINFO [0m:      		round 25: 2.2664699086348215
[92mINFO [0m:      		round 26: 2.253428657189443
[92mINFO [0m:      		round 27: 2.285153723503816
[92mINFO [0m:      		round 28: 2.2523027849874007
[92mINFO [0m:      		round 29: 2.2440889186677047
[92mINFO [0m:      		round 30: 2.267757744875846
[92mINFO [0m:      		round 31: 2.225718531400471
[92mINFO [0m:      		round 32: 2.254350487227141
[92mINFO [0m:      	History (metrics, distributed, fit):
[92mINFO [0m:      	{'accuracy': [(1, 0.09073937305104218),
[92mINFO [0m:      	              (2, 0.09907925459271334),
[92mINFO [0m:      	              (3, 0.14476531107873009),
[92mINFO [0m:      	              (4, 0.1494679206958979),
[92mINFO [0m:      	              (5, 0.12949328713728886),
[92mINFO [0m:      	              (6, 0.09434800310915349),
[92mINFO [0m:      	              (7, 0.1399296565873675),
[92mINFO [0m:      	              (8, 0.10717216477925488),
[92mINFO [0m:      	              (9, 0.12780431031022996),
[92mINFO [0m:      	              (10, 0.1497369108482293),
[92mINFO [0m:      	              (11, 0.1343259621944857),
[92mINFO [0m:      	              (12, 0.15096722968095858),
[92mINFO [0m:      	              (13, 0.11196469434455704),
[92mINFO [0m:      	              (14, 0.1712076954069299),
[92mINFO [0m:      	              (15, 0.15853658536585366),
[92mINFO [0m:      	              (16, 0.10865716360995097),
[92mINFO [0m:      	              (17, 0.15145210776278736),
[92mINFO [0m:      	              (18, 0.1501766784452297),
[92mINFO [0m:      	              (19, 0.12304109193327074),
[92mINFO [0m:      	              (20, 0.18073628154665433),
[92mINFO [0m:      	              (21, 0.128583808767242),
[92mINFO [0m:      	              (22, 0.1553875392497108),
[92mINFO [0m:      	              (23, 0.11358570096867021),
[92mINFO [0m:      	              (24, 0.2046232876712329),
[92mINFO [0m:      	              (25, 0.15698858614196226),
[92mINFO [0m:      	              (26, 0.22406941316730694),
[92mINFO [0m:      	              (27, 0.20393027284538762),
[92mINFO [0m:      	              (28, 0.22141921837228043),
[92mINFO [0m:      	              (29, 0.2270881777580925),
[92mINFO [0m:      	              (30, 0.21937104171216423),
[92mINFO [0m:      	              (31, 0.22688544543794767),
[92mINFO [0m:      	              (32, 0.19071324727961583)],
[92mINFO [0m:      	 'loss': [(1, 2.3211516857186347),
[92mINFO [0m:      	          (2, 2.305323072769415),
[92mINFO [0m:      	          (3, 2.294293900128205),
[92mINFO [0m:      	          (4, 2.29258171392023),
[92mINFO [0m:      	          (5, 2.2894359246913845),
[92mINFO [0m:      	          (6, 2.326466678103736),
[92mINFO [0m:      	          (7, 2.30368769209617),
[92mINFO [0m:      	          (8, 2.3087016358744155),
[92mINFO [0m:      	          (9, 2.279121306125581),
[92mINFO [0m:      	          (10, 2.2949412821050714),
[92mINFO [0m:      	          (11, 2.2759746209563807),
[92mINFO [0m:      	          (12, 2.2775370218166286),
[92mINFO [0m:      	          (13, 2.2783970528413184),
[92mINFO [0m:      	          (14, 2.27380318567457),
[92mINFO [0m:      	          (15, 2.283444345035378),
[92mINFO [0m:      	          (16, 2.290881473712443),
[92mINFO [0m:      	          (17, 2.2871060184515954),
[92mINFO [0m:      	          (18, 2.295575868666528),
[92mINFO [0m:      	          (19, 2.2894520245020575),
[92mINFO [0m:      	          (20, 2.2591022651265633),
[92mINFO [0m:      	          (21, 2.285977337018948),
[92mINFO [0m:      	          (22, 2.2668830204642405),
[92mINFO [0m:      	          (23, 2.294611397891342),
[92mINFO [0m:      	          (24, 2.2599433930193005),
[92mINFO [0m:      	          (25, 2.270634357103043),
[92mINFO [0m:      	          (26, 2.2611855984723723),
[92mINFO [0m:      	          (27, 2.254422332088514),
[92mINFO [0m:      	          (28, 2.2544590327693608),
[92mINFO [0m:      	          (29, 2.238662478201581),
[92mINFO [0m:      	          (30, 2.249200438302426),
[92mINFO [0m:      	          (31, 2.241023518386101),
[92mINFO [0m:      	          (32, 2.2602960626124977)]}
[92mINFO [0m:      	History (metrics, distributed, evaluate):
[92mINFO [0m:      	{'accuracy': [(1, 0.13223418573351278),
[92mINFO [0m:      	              (2, 0.10334960444369634),
[92mINFO [0m:      	              (3, 0.1290131967697459),
[92mINFO [0m:      	              (4, 0.12157307619587823),
[92mINFO [0m:      	              (5, 0.10083333333333333),
[92mINFO [0m:      	              (6, 0.10127554940832949),
[92mINFO [0m:      	              (7, 0.1117657251776122),
[92mINFO [0m:      	              (8, 0.15775034293552812),
[92mINFO [0m:      	              (9, 0.13840045377197957),
[92mINFO [0m:      	              (10, 0.08779648048967101),
[92mINFO [0m:      	              (11, 0.10287013356067065),
[92mINFO [0m:      	              (12, 0.15736719011025727),
[92mINFO [0m:      	              (13, 0.16043270993766043),
[92mINFO [0m:      	              (14, 0.10437094897789596),
[92mINFO [0m:      	              (15, 0.16084425036390101),
[92mINFO [0m:      	              (16, 0.17136103998424265),
[92mINFO [0m:      	              (17, 0.1660844250363901),
[92mINFO [0m:      	              (18, 0.116914953799736),
[92mINFO [0m:      	              (19, 0.11818598259276225),
[92mINFO [0m:      	              (20, 0.1201020867737577),
[92mINFO [0m:      	              (21, 0.147815362931642),
[92mINFO [0m:      	              (22, 0.19274924471299093),
[92mINFO [0m:      	              (23, 0.1059580788909061),
[92mINFO [0m:      	              (24, 0.10922054772322153),
[92mINFO [0m:      	              (25, 0.15466666666666667),
[92mINFO [0m:      	              (26, 0.19607562303065024),
[92mINFO [0m:      	              (27, 0.13343955387373033),
[92mINFO [0m:      	              (28, 0.16430171769977595),
[92mINFO [0m:      	              (29, 0.20540970564836913),
[92mINFO [0m:      	              (30, 0.1540210287013356),
[92mINFO [0m:      	              (31, 0.2469982847341338),
[92mINFO [0m:      	              (32, 0.22639765901740336)],
[92mINFO [0m:      	 'loss': [(1, 2.278768211723497),
[92mINFO [0m:      	          (2, 2.299585512121445),
[92mINFO [0m:      	          (3, 2.2894290959198735),
[92mINFO [0m:      	          (4, 2.2888275430657323),
[92mINFO [0m:      	          (5, 2.2993675518433254),
[92mINFO [0m:      	          (6, 2.297641799034786),
[92mINFO [0m:      	          (7, 2.311332869872624),
[92mINFO [0m:      	          (8, 2.268344127142544),
[92mINFO [0m:      	          (9, 2.2804171822656643),
[92mINFO [0m:      	          (10, 2.3243749615064355),
[92mINFO [0m:      	          (11, 2.2988365053215905),
[92mINFO [0m:      	          (12, 2.2798172098077583),
[92mINFO [0m:      	          (13, 2.266802299752706),
[92mINFO [0m:      	          (14, 2.2945852190904965),
[92mINFO [0m:      	          (15, 2.2719184492352746),
[92mINFO [0m:      	          (16, 2.2694914801655637),
[92mINFO [0m:      	          (17, 2.269450233874536),
[92mINFO [0m:      	          (18, 2.2744294828723874),
[92mINFO [0m:      	          (19, 2.2958388051143546),
[92mINFO [0m:      	          (20, 2.291610480858173),
[92mINFO [0m:      	          (21, 2.2759499231470226),
[92mINFO [0m:      	          (22, 2.263583074235484),
[92mINFO [0m:      	          (23, 2.297288741268996),
[92mINFO [0m:      	          (24, 2.292574321831515),
[92mINFO [0m:      	          (25, 2.2664699086348215),
[92mINFO [0m:      	          (26, 2.253428657189443),
[92mINFO [0m:      	          (27, 2.285153723503816),
[92mINFO [0m:      	          (28, 2.2523027849874007),
[92mINFO [0m:      	          (29, 2.2440889186677047),
[92mINFO [0m:      	          (30, 2.267757744875846),
[92mINFO [0m:      	          (31, 2.225718531400471),
[92mINFO [0m:      	          (32, 2.254350487227141)]}
[92mINFO [0m:      
[CustomClientManager] Client 4c3560312c4346be8fd1b7797c1df6fd unregistered.
[CustomClientManager] Client a58fbe6162ee497796e4f4ca5dd96210 unregistered.
[CustomClientManager] Client 97bc367543ec44d9af43d5411044ad8f unregistered.
[CustomClientManager] Client f7f847d829274073a44880c34f89445c unregistered.
[CustomClientManager] Client b877223dff564fe2a8d5a3d426736863 unregistered.
[CustomClientManager] Client 45b2758ff95149ae8b89fa4595717279 unregistered.
[CustomClientManager] Client 47346f84c185499db9732e0c29f2f124 unregistered.
[CustomClientManager] Client 1ff2cbd7679c4723a18f6494a5c8cc0c unregistered.
Saved training history to fl_history.json
Appended metadata and full eval loss list to plot1.json
Appended metadata and results to plot2.json
