[93mWARNING [0m:   DEPRECATED FEATURE: flwr.client.start_client() is deprecated.
	Instead, use the `flower-supernode` CLI command to start a SuperNode as shown below:

		$ flower-supernode --insecure --superlink='<IP>:<PORT>'

	To view all available options, run:

		$ flower-supernode --help

	Using `start_client()` is deprecated.

            This is a deprecated feature. It will be removed
            entirely in future versions of Flower.
        
[92mINFO [0m:      
[92mINFO [0m:      Received: train message 1f286b17-c86e-488b-9a0a-4e3de266a955
[92mINFO [0m:      Sent reply
[92mINFO [0m:      
[92mINFO [0m:      Received: evaluate message 280c8ff7-63f9-4af4-a2bc-33ce5daae67f
[92mINFO [0m:      Sent reply
[92mINFO [0m:      
[92mINFO [0m:      Received: train message f9014c30-dc10-4207-bf83-83d821134eda
[92mINFO [0m:      Sent reply
[92mINFO [0m:      
[92mINFO [0m:      Received: train message 3c93f498-d9f3-48cd-ad72-539a798c9c36
[92mINFO [0m:      Sent reply
[92mINFO [0m:      
[92mINFO [0m:      Received: evaluate message 826a2239-a36d-41e2-85c4-52c89705d931
[92mINFO [0m:      Sent reply
[92mINFO [0m:      
[92mINFO [0m:      Received: evaluate message 335d076b-b503-4abe-88a8-24171fe02622
[92mINFO [0m:      Sent reply
[92mINFO [0m:      
[92mINFO [0m:      Received: evaluate message 733dca78-ff51-4369-8cdb-5439b5baef44
[92mINFO [0m:      Sent reply
[92mINFO [0m:      
[92mINFO [0m:      Received: train message 8657f175-0cab-48e0-b468-9b377bf5f140
[92mINFO [0m:      Sent reply
[92mINFO [0m:      
[92mINFO [0m:      Received: evaluate message 6b434e8a-4b88-4591-a42d-de63523751f0
[92mINFO [0m:      Sent reply
[92mINFO [0m:      
[92mINFO [0m:      Received: train message 9869a5cc-67f7-4473-909f-81a0bbec393b
[92mINFO [0m:      Sent reply
[92mINFO [0m:      
[92mINFO [0m:      Received: train message 8759b802-39db-416e-8327-9011562c1781
[92mINFO [0m:      Sent reply
[92mINFO [0m:      
[92mINFO [0m:      Received: evaluate message 026c13a2-e593-40be-8959-71d00556a9f6
[92mINFO [0m:      Sent reply
[92mINFO [0m:      
[92mINFO [0m:      Received: evaluate message 2966cda9-68f0-42ff-b798-8cbda3f9656e
[92mINFO [0m:      Sent reply
[92mINFO [0m:      
[92mINFO [0m:      Received: train message a07d2095-f914-453b-bec8-3a04a38c9b61
[92mINFO [0m:      Sent reply
[92mINFO [0m:      
[92mINFO [0m:      Received: evaluate message 642c4aa3-56c2-42d1-b138-a1e5582ee2ba
[92mINFO [0m:      Sent reply
[92mINFO [0m:      
[92mINFO [0m:      Received: train message d811bcc7-9ae6-4f73-9c55-a8852bc744bd
[92mINFO [0m:      Sent reply
[92mINFO [0m:      
[92mINFO [0m:      Received: train message 5a922d8c-fc67-4385-9d15-04385c2a1b07
[92mINFO [0m:      Sent reply
[92mINFO [0m:      
[92mINFO [0m:      Received: evaluate message 689e5d3f-51ff-4deb-bc88-0e310031e9c2
[92mINFO [0m:      Sent reply
[92mINFO [0m:      
[92mINFO [0m:      Received: train message b6c0d030-7578-4d16-9a4d-2e1fad5b60da
[92mINFO [0m:      Sent reply
[92mINFO [0m:      
[92mINFO [0m:      Received: evaluate message a670d240-0893-4a0e-af82-bdb6cbde269e
[92mINFO [0m:      Sent reply
[92mINFO [0m:      
[92mINFO [0m:      Received: train message f2cb5bbc-5e89-4131-922d-e069ad07bc59
[92mINFO [0m:      Sent reply
[92mINFO [0m:      
[92mINFO [0m:      Received: train message 27a5b7f3-7d52-4a49-9e67-c3e8dfed7246
[92mINFO [0m:      Sent reply
[92mINFO [0m:      
[92mINFO [0m:      Received: train message 376a74df-7754-4cfa-9df6-5dcbd83963d8
[92mINFO [0m:      Sent reply
[92mINFO [0m:      
[92mINFO [0m:      Received: evaluate message b82f241d-8f9a-4a72-b31e-9a785d0c9d96
[92mINFO [0m:      Sent reply
[92mINFO [0m:      
[92mINFO [0m:      Received: train message 8557f5ae-fe92-42de-81d6-2d4d74d94dc3
[92mINFO [0m:      Sent reply
[92mINFO [0m:      
[92mINFO [0m:      Received: train message 1152701b-eda6-4d7d-a61d-cc2686e96c6d
[92mINFO [0m:      Sent reply
[92mINFO [0m:      
[92mINFO [0m:      Received: evaluate message a23018ba-0b64-47b4-8a6b-874057d6fcc4
[92mINFO [0m:      Sent reply
[92mINFO [0m:      
[92mINFO [0m:      Received: evaluate message 93fb7f93-3fee-4e25-94df-43dcc709e579
[92mINFO [0m:      Sent reply
[92mINFO [0m:      
[92mINFO [0m:      Received: train message 60717454-551a-4d2f-811e-1822dfbfd8e3
[92mINFO [0m:      Sent reply
[92mINFO [0m:      
[92mINFO [0m:      Received: evaluate message f3840f62-023d-47f4-8053-e85c93603627
[92mINFO [0m:      Sent reply
[92mINFO [0m:      
[92mINFO [0m:      Received: evaluate message 8a482609-749a-43c2-b62e-c3488bb6bc51
[92mINFO [0m:      Sent reply
[92mINFO [0m:      
[92mINFO [0m:      Received: train message b97bb880-0856-4403-acd7-a3d191092ac0
[92mINFO [0m:      Sent reply
[92mINFO [0m:      
[92mINFO [0m:      Received: evaluate message b3cf6ff1-350a-454b-838c-db9b7964baaa
[92mINFO [0m:      Sent reply
[92mINFO [0m:      
[92mINFO [0m:      Received: evaluate message 3197a97d-0fb3-4b74-a487-15969933edf1
[92mINFO [0m:      Sent reply
[92mINFO [0m:      
[92mINFO [0m:      Received: train message f160c34f-b41e-413e-8c37-6c166684680e
[92mINFO [0m:      Sent reply
[92mINFO [0m:      
[92mINFO [0m:      Received: evaluate message 805b0eea-0fa6-4e10-8c0c-65d314111199
[92mINFO [0m:      Sent reply
[92mINFO [0m:      
[92mINFO [0m:      Received: train message dbff5684-9959-452a-b2bb-7f59c3aae21b
[92mINFO [0m:      Sent reply
[92mINFO [0m:      
[92mINFO [0m:      Received: evaluate message 1274c6a6-853f-463c-847b-7b2e0fd28da4
[92mINFO [0m:      Sent reply
[92mINFO [0m:      
[92mINFO [0m:      Received: train message 5155a093-5f30-4436-b28f-0b885f868c8f
[92mINFO [0m:      Sent reply
[92mINFO [0m:      
[92mINFO [0m:      Received: train message deae0e2e-1957-46c4-9d9a-f457b5a5e183
[92mINFO [0m:      Sent reply
[92mINFO [0m:      
[92mINFO [0m:      Received: evaluate message 53ce9df4-9a48-4b5a-98d3-664e4fa6417c
[92mINFO [0m:      Sent reply
[92mINFO [0m:      
[92mINFO [0m:      Received: evaluate message 3b60505d-8c1e-4ff3-99db-3c3ceaa3a5b1
[92mINFO [0m:      Sent reply
[92mINFO [0m:      
[92mINFO [0m:      Received: train message e612efdf-3e40-4592-8722-6ecf7e979b57
[92mINFO [0m:      Sent reply
[92mINFO [0m:      
[92mINFO [0m:      Received: evaluate message 1680dfc9-71ea-4e40-abc5-46e34ccae86a
[92mINFO [0m:      Sent reply
[92mINFO [0m:      
[92mINFO [0m:      Received: train message 86671f99-fbd5-4e80-9ef1-d55e9aceb4b0
[92mINFO [0m:      Sent reply
[92mINFO [0m:      
[92mINFO [0m:      Received: train message a71dbed3-8fb6-45b2-b9e5-9625011bb3cf
[92mINFO [0m:      Sent reply
[92mINFO [0m:      
[92mINFO [0m:      Received: evaluate message 0360d41a-fbca-4861-affe-43e13d5b1f96
[92mINFO [0m:      Sent reply
[92mINFO [0m:      
[92mINFO [0m:      Received: evaluate message f74f08d0-a203-4d8e-af81-6c92b8680464
[92mINFO [0m:      Sent reply
[92mINFO [0m:      
[92mINFO [0m:      Received: train message cd0391f5-eb95-4da9-8b93-599f4fa9283d
[92mINFO [0m:      Sent reply
[92mINFO [0m:      
[92mINFO [0m:      Received: train message 9d62d024-b12c-4176-aebf-aab2fce4a7a1
[92mINFO [0m:      Sent reply
[92mINFO [0m:      
[92mINFO [0m:      Received: train message 702062c3-7306-4544-84b5-cf28829728bc
[92mINFO [0m:      Sent reply
[92mINFO [0m:      
[92mINFO [0m:      Received: evaluate message 53e7d1aa-63d3-4141-8627-6edf342b6b78
[92mINFO [0m:      Sent reply
[92mINFO [0m:      
[92mINFO [0m:      Received: evaluate message 1fb6df5b-de95-43c4-9d1b-230ae21aff68
[92mINFO [0m:      Sent reply
[92mINFO [0m:      
[92mINFO [0m:      Received: train message 6db7a767-3627-4bec-b4bd-8152fec77acd
[92mINFO [0m:      Sent reply
[92mINFO [0m:      
[92mINFO [0m:      Received: evaluate message 9ca61fce-ee0f-45e1-a984-4911554ae46f
[92mINFO [0m:      Sent reply
[92mINFO [0m:      
[92mINFO [0m:      Received: train message d277c7b7-6a13-4ef9-b3b1-89b6ff2f6655
[92mINFO [0m:      Sent reply
[92mINFO [0m:      
[92mINFO [0m:      Received: train message 06789352-b4ec-4784-b6e4-e9978006a77a
[92mINFO [0m:      Sent reply
[92mINFO [0m:      
[92mINFO [0m:      Received: train message af28fd6e-c11a-4f26-ab25-ea34f4ea8c22
[92mINFO [0m:      Sent reply
[92mINFO [0m:      
[92mINFO [0m:      Received: evaluate message 25a99b4f-88b9-4de1-ac52-f7bfeed8a3c4
[92mINFO [0m:      Sent reply
[92mINFO [0m:      
[92mINFO [0m:      Received: train message 3fc37908-c2ab-4509-a63a-9e9b989795a6
[92mINFO [0m:      Sent reply
[92mINFO [0m:      
[92mINFO [0m:      Received: evaluate message f7c3c304-4558-426f-9c0f-19eb7b50e539
[92mINFO [0m:      Sent reply
[92mINFO [0m:      
[92mINFO [0m:      Received: train message 59726b11-2893-4faa-9579-ae6e9d6a3e37
[92mINFO [0m:      Sent reply
[92mINFO [0m:      
[92mINFO [0m:      Received: evaluate message 3830f812-6beb-4001-94a5-5a2ebde00066
[92mINFO [0m:      Sent reply
[92mINFO [0m:      
[92mINFO [0m:      Received: train message e0f2a90d-dad2-4cec-8bba-120a75f3980b
[92mINFO [0m:      Sent reply
[92mINFO [0m:      
[92mINFO [0m:      Received: evaluate message defea5df-8080-434d-b089-118b2daeabab
[92mINFO [0m:      Sent reply
[92mINFO [0m:      
[92mINFO [0m:      Received: evaluate message 92357242-30c9-4161-95b5-8fbabbd2c66a
[92mINFO [0m:      Sent reply
[92mINFO [0m:      
[92mINFO [0m:      Received: train message e30fd78b-94b2-403d-9c12-3a33bd1e564f
[92mINFO [0m:      Sent reply
[92mINFO [0m:      
[92mINFO [0m:      Received: train message 9ecbc5be-8a36-4a89-ad06-58eb6d8a68ea
[92mINFO [0m:      Sent reply
[92mINFO [0m:      
[92mINFO [0m:      Received: evaluate message 235e6d25-741a-4e6c-ae1e-128f17982c0c
[92mINFO [0m:      Sent reply
[92mINFO [0m:      
[92mINFO [0m:      Received: train message 43335936-a9a0-45e0-b12b-c619804a488b
[92mINFO [0m:      Sent reply
[92mINFO [0m:      
[92mINFO [0m:      Received: train message ec4d551d-9e2a-43ea-a339-70d817344d1f
[92mINFO [0m:      Sent reply
[92mINFO [0m:      
[92mINFO [0m:      Received: train message b98c0d45-21da-4d97-9164-428d34a1342f
[92mINFO [0m:      Sent reply
[92mINFO [0m:      
[92mINFO [0m:      Received: train message 1a9acc43-2ce3-4843-a170-b4818f29eb8f
[92mINFO [0m:      Sent reply
[92mINFO [0m:      
[92mINFO [0m:      Received: evaluate message 49b97bc9-9e28-4101-bf1c-e825dcfbbbe7
[92mINFO [0m:      Sent reply
[92mINFO [0m:      
[92mINFO [0m:      Received: train message 40e967dc-4468-49e0-93f1-2ebcf4b53855
[92mINFO [0m:      Sent reply
[92mINFO [0m:      
[92mINFO [0m:      Received: evaluate message a0a3fa12-ab24-438a-a064-ed6a890c1e95
[92mINFO [0m:      Sent reply
[92mINFO [0m:      
[92mINFO [0m:      Received: train message 081e9fd5-6e20-4ea0-a998-50b87d72f80a
[92mINFO [0m:      Sent reply
[92mINFO [0m:      
[92mINFO [0m:      Received: evaluate message 0d12ca43-5dd5-4fe5-a469-9bab6e700d11
[92mINFO [0m:      Sent reply
[92mINFO [0m:      
[92mINFO [0m:      Received: evaluate message af8965e3-d32e-4299-9507-ac00137a8aaa
[92mINFO [0m:      Sent reply
[92mINFO [0m:      
[92mINFO [0m:      Received: train message 505b51e0-0891-47e6-ac27-1ce22cf5fd03
[92mINFO [0m:      Sent reply
[92mINFO [0m:      
[92mINFO [0m:      Received: evaluate message 3c1161ba-671d-46f5-8454-60a89b71390d
[92mINFO [0m:      Sent reply
[92mINFO [0m:      
[92mINFO [0m:      Received: evaluate message 70f6a1f3-621f-4463-b3b1-467375490c0e
[92mINFO [0m:      Sent reply
[92mINFO [0m:      
[92mINFO [0m:      Received: train message a4d65047-de06-43f0-9e2f-48b42cea29c8
[92mINFO [0m:      Sent reply
[92mINFO [0m:      
[92mINFO [0m:      Received: evaluate message 75d2c647-6983-4f59-90e7-5aed25d5043c
[92mINFO [0m:      Sent reply
[92mINFO [0m:      
[92mINFO [0m:      Received: evaluate message 2ab6e8db-fe27-4869-adc5-301162613368
[92mINFO [0m:      Sent reply
[92mINFO [0m:      
[92mINFO [0m:      Received: evaluate message 8eb32c22-0cf5-4764-be81-e4253b770f8c
[92mINFO [0m:      Sent reply
[92mINFO [0m:      
[92mINFO [0m:      Received: train message c876c226-590f-4cf3-806f-896a08fa8ad8
[92mINFO [0m:      Sent reply
[92mINFO [0m:      
[92mINFO [0m:      Received: train message e6df0407-2403-45e7-997d-2e89a4c1f751
[92mINFO [0m:      Sent reply
[92mINFO [0m:      
[92mINFO [0m:      Received: train message be466159-2532-4523-b097-41e99adcab2d
[92mINFO [0m:      Sent reply
[92mINFO [0m:      
[92mINFO [0m:      Received: evaluate message 78567d61-f49c-4d71-94d4-6fda3ab7295c
[92mINFO [0m:      Sent reply
[92mINFO [0m:      
[92mINFO [0m:      Received: train message d10adad9-de8e-4258-846d-929e1a2b919a
[92mINFO [0m:      Sent reply
[92mINFO [0m:      
[92mINFO [0m:      Received: evaluate message 3581e267-864a-476d-847b-cd56f19ec33e
[92mINFO [0m:      Sent reply
[92mINFO [0m:      
[92mINFO [0m:      Received: evaluate message ea215370-843e-43e5-82d5-d7cd8b24fee8
[92mINFO [0m:      Sent reply
[92mINFO [0m:      
[92mINFO [0m:      Received: train message eb498ab2-01c4-4cec-9010-6a560a03811c
[92mINFO [0m:      Sent reply
[92mINFO [0m:      
[92mINFO [0m:      Received: evaluate message 89590c37-68c1-47bf-b973-b688d91b6de2
[92mINFO [0m:      Sent reply
[92mINFO [0m:      
[92mINFO [0m:      Received: evaluate message c893ed17-c5dc-4f52-a83b-1bf8401b81c7
[92mINFO [0m:      Sent reply
[92mINFO [0m:      
[92mINFO [0m:      Received: evaluate message 300e0d9e-efa7-4143-96df-5876e5e534c9
[92mINFO [0m:      Sent reply
[92mINFO [0m:      
[92mINFO [0m:      Received: train message c83b2544-2063-46b2-a2d4-9032f8b6c4d6
[92mINFO [0m:      Sent reply
[92mINFO [0m:      
[92mINFO [0m:      Received: evaluate message adabf180-f4e8-4246-b83c-3b946218de1f
[92mINFO [0m:      Sent reply
[92mINFO [0m:      
[92mINFO [0m:      Received: train message f245738c-e5ea-4071-aef6-2a07149b6ba8
[92mINFO [0m:      Sent reply
[92mINFO [0m:      
[92mINFO [0m:      Received: evaluate message 6cabccca-2408-4da9-97c1-95ef17a72081
[92mINFO [0m:      Sent reply
[92mINFO [0m:      
[92mINFO [0m:      Received: train message 91ac18e7-efe6-472d-b459-3c9bce3187fe
[92mINFO [0m:      Sent reply
[92mINFO [0m:      
[92mINFO [0m:      Received: evaluate message 043f64e4-c867-4037-810b-cf3de8e60c68
[92mINFO [0m:      Sent reply
[92mINFO [0m:      
[92mINFO [0m:      Received: train message 04597c63-a5f0-4623-93ae-24eb6b34b404
[92mINFO [0m:      Sent reply
[92mINFO [0m:      
[92mINFO [0m:      Received: evaluate message 38bbcbd3-669f-454a-81c9-dbab590afb1b
[92mINFO [0m:      Sent reply
[92mINFO [0m:      
[92mINFO [0m:      Received: train message 05ab571e-471e-4dcd-ab8b-98936e52747d
[92mINFO [0m:      Sent reply
[92mINFO [0m:      
[92mINFO [0m:      Received: train message 1462af9b-4db2-44e5-a507-ea85777f6198
[92mINFO [0m:      Sent reply
[92mINFO [0m:      
[92mINFO [0m:      Received: evaluate message f3750374-b82a-4f57-9511-cdd1026aeaea
[92mINFO [0m:      Sent reply
[92mINFO [0m:      
[92mINFO [0m:      Received: train message 76662007-a214-4e48-81a8-3cbf61367301
[92mINFO [0m:      Sent reply
[92mINFO [0m:      
[92mINFO [0m:      Received: train message 1e7aedcb-ed43-4e2f-98b3-15e1ad52336c
[92mINFO [0m:      Sent reply
[92mINFO [0m:      
[92mINFO [0m:      Received: train message 6d02fae0-7c7e-4aee-8252-57b4eccdffff
[92mINFO [0m:      Sent reply
[92mINFO [0m:      
[92mINFO [0m:      Received: evaluate message 95fe5033-dc06-4aaf-80f5-0e011bd3e52b
[92mINFO [0m:      Sent reply
[92mINFO [0m:      
[92mINFO [0m:      Received: evaluate message a11cd2f8-cbff-4b21-bef7-3257c2829979
[92mINFO [0m:      Sent reply
[92mINFO [0m:      
[92mINFO [0m:      Received: train message 66a289b0-6ec3-4ace-b933-19d40f5a43c4
[92mINFO [0m:      Sent reply
[92mINFO [0m:      
[92mINFO [0m:      Received: evaluate message ed02fb97-92ae-4b89-b832-62706d874e6a
[92mINFO [0m:      Sent reply
[92mINFO [0m:      
[92mINFO [0m:      Received: train message 0c4395a9-6566-4f2e-ae5f-b35389b0e121
[92mINFO [0m:      Sent reply
[92mINFO [0m:      
[92mINFO [0m:      Received: train message ad79fcb9-558c-46cc-821e-d018f2fbf09f
[92mINFO [0m:      Sent reply
[92mINFO [0m:      
[92mINFO [0m:      Received: train message 48ad7c95-85e9-400b-80d1-1c72e173a5ed
[92mINFO [0m:      Sent reply
[92mINFO [0m:      
[92mINFO [0m:      Received: evaluate message cb7686c5-7a4f-4bbe-ba31-06307a52cb6a
[92mINFO [0m:      Sent reply
[92mINFO [0m:      
[92mINFO [0m:      Received: train message c3307f6c-432f-4f4f-89d5-1c2a12211c03
[92mINFO [0m:      Sent reply
[92mINFO [0m:      
[92mINFO [0m:      Received: train message 9549f7a7-1d4b-45cc-a23f-5b3de0c285ca
[92mINFO [0m:      Sent reply
[92mINFO [0m:      
[92mINFO [0m:      Received: evaluate message 5f3fa0bc-c30f-4d1e-8064-f6cddd7d0272
[92mINFO [0m:      Sent reply
[92mINFO [0m:      
[92mINFO [0m:      Received: train message b4bbf086-afaa-4daf-9333-713978d9dec7
[92mINFO [0m:      Sent reply
[92mINFO [0m:      
[92mINFO [0m:      Received: evaluate message 4e143bd9-d081-4e49-b968-085297f51129
[92mINFO [0m:      Sent reply
[92mINFO [0m:      
[92mINFO [0m:      Received: train message ef94981b-bfc5-4830-9329-a3672712e82d
[92mINFO [0m:      Sent reply
[92mINFO [0m:      
[92mINFO [0m:      Received: evaluate message 4b4d52f9-a234-4c2e-9049-605ef90c6155
[92mINFO [0m:      Sent reply
[92mINFO [0m:      
[92mINFO [0m:      Received: evaluate message b6ca93ed-051a-4f7a-8f57-a00f5f948ff6
[92mINFO [0m:      Sent reply
[92mINFO [0m:      
[92mINFO [0m:      Received: evaluate message d264a0d3-0913-4999-a44c-245023427f05
[92mINFO [0m:      Sent reply
[92mINFO [0m:      
[92mINFO [0m:      Received: train message c9dcaf44-946c-49a4-bcb4-085e3edbc8ac
[92mINFO [0m:      Sent reply
[92mINFO [0m:      
[92mINFO [0m:      Received: evaluate message 36bf0fbc-c3f0-4077-8541-65aba00cb8b5
[92mINFO [0m:      Sent reply
[92mINFO [0m:      
[92mINFO [0m:      Received: evaluate message 91aa3de9-cf04-46cd-9b4a-70a5a822a5be
[92mINFO [0m:      Sent reply
[92mINFO [0m:      
[92mINFO [0m:      Received: evaluate message 67b348ff-16ac-4c6d-a693-48a40e2a8d99
[92mINFO [0m:      Sent reply
[92mINFO [0m:      
[92mINFO [0m:      Received: train message b76318cd-1163-4945-a3b6-a0ecd3e7a800
[92mINFO [0m:      Sent reply
[92mINFO [0m:      
[92mINFO [0m:      Received: evaluate message 2737247c-d131-4d8e-ab49-4b9dc0974aa3
[92mINFO [0m:      Sent reply
[92mINFO [0m:      
[92mINFO [0m:      Received: train message 003b4b3e-e218-4caf-9b35-2e24e634d3c9
[92mINFO [0m:      Sent reply
[92mINFO [0m:      
[92mINFO [0m:      Received: evaluate message 7496fa30-51c7-4044-8112-6f35f334f52b
[92mINFO [0m:      Sent reply
[92mINFO [0m:      
[92mINFO [0m:      Received: train message c41f925b-3ea6-43a3-ac4f-eae7febbb26f
[92mINFO [0m:      Sent reply
[92mINFO [0m:      
[92mINFO [0m:      Received: evaluate message cbc27ff4-c049-4d33-a0ea-ba9276e4be14
[92mINFO [0m:      Sent reply
[92mINFO [0m:      
[92mINFO [0m:      Received: train message 8304dabf-21c0-4048-ae73-7f5c09d3f626
[92mINFO [0m:      Sent reply
[92mINFO [0m:      
[92mINFO [0m:      Received: evaluate message d3ae4a7d-ef40-4d36-a05e-95e0ba43c2d5
[92mINFO [0m:      Sent reply
[92mINFO [0m:      
[92mINFO [0m:      Received: evaluate message 9445345a-5b6e-4fdc-9554-d112e49cf936
[92mINFO [0m:      Sent reply
[92mINFO [0m:      
[92mINFO [0m:      Received: train message 2ccbb6bb-fb81-42fe-b9c1-f9c0363926b7
[92mINFO [0m:      Sent reply
[92mINFO [0m:      
[92mINFO [0m:      Received: evaluate message 457fd945-cd15-4889-85eb-aaf48c0af70b
[92mINFO [0m:      Sent reply
[92mINFO [0m:      
[92mINFO [0m:      Received: train message db1aaf8b-d2bc-46e5-92bc-d460d0c36ac2
[92mINFO [0m:      Sent reply
[92mINFO [0m:      
[92mINFO [0m:      Received: evaluate message 9150faca-7b9c-4464-ae77-d613ae692fe0
[92mINFO [0m:      Sent reply
[92mINFO [0m:      
[92mINFO [0m:      Received: train message bfaa00a6-a1a1-46ff-a79c-ef74f17e21bf
[92mINFO [0m:      Sent reply
[92mINFO [0m:      
[92mINFO [0m:      Received: evaluate message 55144767-8be0-4b4f-b3c1-250c4ee84d1d
[92mINFO [0m:      Sent reply
[92mINFO [0m:      
[92mINFO [0m:      Received: evaluate message 583f91ea-4c2a-4e45-8666-2804488c023b
[92mINFO [0m:      Sent reply
[92mINFO [0m:      
[92mINFO [0m:      Received: evaluate message 15c911b8-ab09-4069-8e93-97338c0e5f07
[92mINFO [0m:      Sent reply
[92mINFO [0m:      
[92mINFO [0m:      Received: train message 64c8a711-4e9e-4096-bffd-36df3e90dbaa
[92mINFO [0m:      Sent reply
[92mINFO [0m:      
[92mINFO [0m:      Received: train message 3f4846ee-2242-4bbf-b168-c9ffd426faa4
[92mINFO [0m:      Sent reply
[92mINFO [0m:      
[92mINFO [0m:      Received: evaluate message fda005bc-1b4a-45f4-a9e1-854aa4b84eb2
[92mINFO [0m:      Sent reply
[92mINFO [0m:      
[92mINFO [0m:      Received: train message beabc594-4de6-432d-88a9-1a00fbe075d3
[92mINFO [0m:      Sent reply
[92mINFO [0m:      
[92mINFO [0m:      Received: evaluate message 97be6275-3fad-4020-9d3b-f8bb41a475de
[92mINFO [0m:      Sent reply
[92mINFO [0m:      
[92mINFO [0m:      Received: train message 234f60f5-1c8c-4147-b67f-119672828211
[92mINFO [0m:      Sent reply
[92mINFO [0m:      
[92mINFO [0m:      Received: evaluate message 0854a59b-a261-45ed-89ba-d80bacebd6fb
[92mINFO [0m:      Sent reply
[92mINFO [0m:      
[92mINFO [0m:      Received: evaluate message ff856401-1f8f-4c32-9680-9f81bdbfe0ac
[92mINFO [0m:      Sent reply
[92mINFO [0m:      
[92mINFO [0m:      Received: train message 6355e00d-64d7-4977-bd5d-3cb63f6978c6
[92mINFO [0m:      Sent reply
[92mINFO [0m:      
[92mINFO [0m:      Received: train message b55a3150-c0f6-4cfb-9ed4-5c48535b8eea
[92mINFO [0m:      Sent reply
[92mINFO [0m:      
[92mINFO [0m:      Received: evaluate message 0bc7f64c-048a-4f5c-ac9c-b9e42c9a97db
[92mINFO [0m:      Sent reply
[92mINFO [0m:      
[92mINFO [0m:      Received: evaluate message 7900b2a3-2262-4e57-8c28-a72be395db70
[92mINFO [0m:      Sent reply
[92mINFO [0m:      
[92mINFO [0m:      Received: evaluate message 3250b296-b2f5-4c95-b313-264f765a29fa
[92mINFO [0m:      Sent reply
[92mINFO [0m:      
[92mINFO [0m:      Received: evaluate message 835f94b0-1686-4523-9a9f-15f7e4751745
[92mINFO [0m:      Sent reply
[92mINFO [0m:      
[92mINFO [0m:      Received: train message 2cbb57ca-d5e6-4846-9cff-ddd3ad688c9b
[92mINFO [0m:      Sent reply
[92mINFO [0m:      
[92mINFO [0m:      Received: train message 45c037b0-f06d-455f-9e4a-7c08b0662823
[92mINFO [0m:      Sent reply
[92mINFO [0m:      
[92mINFO [0m:      Received: train message ad94bc1d-05b1-40e2-9c8c-b85fc5bc208c
[92mINFO [0m:      Sent reply
[92mINFO [0m:      
[92mINFO [0m:      Received: evaluate message eafd956a-06df-43a0-9153-5dabda16e0cb
[92mINFO [0m:      Sent reply
[92mINFO [0m:      
[92mINFO [0m:      Received: evaluate message e68682f3-ce8c-4328-947f-a12df23e1172
[92mINFO [0m:      Sent reply
[92mINFO [0m:      
[92mINFO [0m:      Received: evaluate message b088a591-02d4-4024-92c6-08a8006d3c2e
[92mINFO [0m:      Sent reply
[92mINFO [0m:      
[92mINFO [0m:      Received: evaluate message 5166a19d-0301-4000-8f4f-c4937479f149
[92mINFO [0m:      Sent reply
[92mINFO [0m:      
[92mINFO [0m:      Received: evaluate message 4d84a019-45bd-4e87-9a1c-ec5bda81a9c8
[92mINFO [0m:      Sent reply
[92mINFO [0m:      
[92mINFO [0m:      Received: evaluate message feb80bac-d7f5-4e87-8647-46ee1285b5f6
[92mINFO [0m:      Sent reply
[92mINFO [0m:      
[92mINFO [0m:      Received: train message b57f6106-537d-4fe8-90c9-85a8861be339
[92mINFO [0m:      Sent reply
[92mINFO [0m:      
[92mINFO [0m:      Received: evaluate message fb2c4c44-25ea-4698-a4b2-3892fd56b4eb
[92mINFO [0m:      Sent reply
[92mINFO [0m:      
[92mINFO [0m:      Received: evaluate message 0a2bc96c-4924-4ff6-9268-06e31c9e5440
[92mINFO [0m:      Sent reply
[92mINFO [0m:      
[92mINFO [0m:      Received: train message e4b7d95f-2fd7-4748-84a2-49eae7fae438
[92mINFO [0m:      Sent reply
[92mINFO [0m:      
[92mINFO [0m:      Received: train message 6a802c32-0add-4045-88b2-173255bf7d80
[92mINFO [0m:      Sent reply
[92mINFO [0m:      
[92mINFO [0m:      Received: evaluate message e06c1890-ad28-4650-9982-9849e655234e
[92mINFO [0m:      Sent reply
[92mINFO [0m:      
[92mINFO [0m:      Received: train message c86b4a3a-2d93-4928-9d1c-89b62567c5ce
[92mINFO [0m:      Sent reply
[92mINFO [0m:      
[92mINFO [0m:      Received: evaluate message 9e93db71-342d-43a0-b16f-5d3b1c1c66cd
[92mINFO [0m:      Sent reply
[92mINFO [0m:      
[92mINFO [0m:      Received: evaluate message 6db8d53c-76ba-495a-8c6f-4b4446ccbb0b
[92mINFO [0m:      Sent reply
[92mINFO [0m:      
[92mINFO [0m:      Received: train message 4baaf1f2-3763-4282-8610-aca2678cec46
[92mINFO [0m:      Sent reply
[92mINFO [0m:      
[92mINFO [0m:      Received: train message ff234608-6bb9-45aa-946a-09960a3be581
[92mINFO [0m:      Sent reply
[92mINFO [0m:      
[92mINFO [0m:      Received: evaluate message 2199f82b-195f-4769-83f7-e79eb4893fd1
[92mINFO [0m:      Sent reply
[92mINFO [0m:      
[92mINFO [0m:      Received: evaluate message d5b185b1-bd46-4ee4-a4a1-37ab90d8c8fe
[92mINFO [0m:      Sent reply
[92mINFO [0m:      
[92mINFO [0m:      Received: evaluate message 364d0eb4-5697-4c5e-a9c5-3161940d2721
[92mINFO [0m:      Sent reply
[92mINFO [0m:      
[92mINFO [0m:      Received: train message a020d6b8-3efa-4d1d-8ed7-7c9ae449904f
[92mINFO [0m:      Sent reply
[92mINFO [0m:      
[92mINFO [0m:      Received: evaluate message 7899ea0d-e485-4b3a-920b-03606364db32
[92mINFO [0m:      Sent reply
[92mINFO [0m:      
[92mINFO [0m:      Received: evaluate message 90e80535-7f9b-46ea-a465-3a6b4b3119ed
[92mINFO [0m:      Sent reply
[92mINFO [0m:      
[92mINFO [0m:      Received: train message 027be1bb-2983-4462-b54a-aeae12e2f22a
[92mINFO [0m:      Sent reply
[92mINFO [0m:      
[92mINFO [0m:      Received: train message 19551c8b-d321-401c-a584-ed30412cbdaf
[92mINFO [0m:      Sent reply
[92mINFO [0m:      
[92mINFO [0m:      Received: evaluate message 25b6ed84-c347-4ede-9bd4-584322f39b0e
[92mINFO [0m:      Sent reply
[92mINFO [0m:      
[92mINFO [0m:      Received: train message 22d77108-a17f-4198-a4bb-54bbaa0b7077
[92mINFO [0m:      Sent reply
[92mINFO [0m:      
[92mINFO [0m:      Received: train message 4fc8333c-5dcb-449f-b0c2-8dc0487d5078
[92mINFO [0m:      Sent reply
[92mINFO [0m:      
[92mINFO [0m:      Received: evaluate message dd882f37-2216-46a7-bdb7-f3bd5dfdfd9d
[92mINFO [0m:      Sent reply
[92mINFO [0m:      
[92mINFO [0m:      Received: evaluate message e6df56d1-277a-42f3-8e29-9de6f704b4a6
[92mINFO [0m:      Sent reply
[92mINFO [0m:      
[92mINFO [0m:      Received: train message 1d798923-8063-457a-8a33-d314d06a7c51
[92mINFO [0m:      Sent reply
[92mINFO [0m:      
[92mINFO [0m:      Received: train message b56fcfe9-84c6-44e9-a5ea-81d48ba2fd8b
[92mINFO [0m:      Sent reply
[92mINFO [0m:      
[92mINFO [0m:      Received: train message 48157bbe-9369-4b6e-b603-7c1fd83a55fd
[92mINFO [0m:      Sent reply
[92mINFO [0m:      
[92mINFO [0m:      Received: train message bf1fb263-a18d-494b-9276-018ffa865808
[92mINFO [0m:      Sent reply
[92mINFO [0m:      
[92mINFO [0m:      Received: evaluate message fbb4cd63-de67-4e73-86c9-cf1402cfebe1
[92mINFO [0m:      Sent reply
[92mINFO [0m:      
[92mINFO [0m:      Received: train message 2a04c264-62f5-4b2f-b75b-f73e24ab0bfe
[92mINFO [0m:      Sent reply
[92mINFO [0m:      
[92mINFO [0m:      Received: train message 02e62eb4-18c9-49f4-bcde-2ba13a0205a9
[92mINFO [0m:      Sent reply
[92mINFO [0m:      
[92mINFO [0m:      Received: train message 63109102-6587-4617-b545-06a7d164390f
[92mINFO [0m:      Sent reply
[92mINFO [0m:      
[92mINFO [0m:      Received: train message 9ff0cb74-3702-43ec-85a8-b825ada4b465
[92mINFO [0m:      Sent reply
[92mINFO [0m:      
[92mINFO [0m:      Received: train message 65bae46a-f5c9-432b-b4d2-808e22f62e8d
[92mINFO [0m:      Sent reply
[92mINFO [0m:      
[92mINFO [0m:      Received: evaluate message 1d34a59b-d9f4-47f3-9abc-27d4ec17bfb4
[92mINFO [0m:      Sent reply
[92mINFO [0m:      
[92mINFO [0m:      Received: evaluate message 41ed75a7-5425-4015-a569-0d38c4a2d02a
[92mINFO [0m:      Sent reply
[92mINFO [0m:      
[92mINFO [0m:      Received: train message ce8d0611-1792-4d13-bba8-3826a46ca895
[92mINFO [0m:      Sent reply
[92mINFO [0m:      
[92mINFO [0m:      Received: evaluate message c0909f51-69f2-442c-a101-ff63838c3b15
[92mINFO [0m:      Sent reply
[92mINFO [0m:      
[92mINFO [0m:      Received: evaluate message 035f0415-db24-4fe4-8a50-4c99f75da7ce
[92mINFO [0m:      Sent reply
[92mINFO [0m:      
[92mINFO [0m:      Received: evaluate message 4d6887b3-4262-4942-91cd-c64b2a23ee81
[92mINFO [0m:      Sent reply
[92mINFO [0m:      
[92mINFO [0m:      Received: evaluate message 4a4eb1f1-e940-48fd-b17d-0ed7a6e7b078
[92mINFO [0m:      Sent reply
[92mINFO [0m:      
[92mINFO [0m:      Received: evaluate message 304e5fb5-9b80-4efe-b27a-c418038e5404
[92mINFO [0m:      Sent reply
[92mINFO [0m:      
[92mINFO [0m:      Received: train message 2a2babf3-93c6-457e-9879-df0cb3349fc4
[92mINFO [0m:      Sent reply
[92mINFO [0m:      
[92mINFO [0m:      Received: evaluate message 51c49870-1967-4e76-bbf2-7ca108546aa7
[92mINFO [0m:      Sent reply
[92mINFO [0m:      
[92mINFO [0m:      Received: train message 8accee7d-eadd-40e3-b0aa-8361d41e0721
[92mINFO [0m:      Sent reply
[92mINFO [0m:      
[92mINFO [0m:      Received: evaluate message 22bb632e-fc3d-48ae-bf6e-20913b718313
[92mINFO [0m:      Sent reply
[92mINFO [0m:      
[92mINFO [0m:      Received: train message c3b22aa3-e77e-49f7-83ab-c231dd7b86e3
[92mINFO [0m:      Sent reply
[92mINFO [0m:      
[92mINFO [0m:      Received: evaluate message dc620425-358f-499f-8450-9d5c1c36add0
[92mINFO [0m:      Sent reply
[92mINFO [0m:      
[92mINFO [0m:      Received: train message 5991b377-1864-4924-96c9-69cf361e07d8
[92mINFO [0m:      Sent reply
[92mINFO [0m:      
[92mINFO [0m:      Received: evaluate message 4787ec38-3518-4167-9d97-a2d20bb73e66
[92mINFO [0m:      Sent reply
[92mINFO [0m:      
[92mINFO [0m:      Received: evaluate message 0bdb169e-6407-4df6-8203-e08e50a6da62
[92mINFO [0m:      Sent reply
[92mINFO [0m:      
[92mINFO [0m:      Received: train message 21f9d008-27e5-47c9-b634-36b7fd609479
[92mINFO [0m:      Sent reply
[92mINFO [0m:      
[92mINFO [0m:      Received: evaluate message 9dbe5c91-114e-405d-9072-44af11ec9253
[92mINFO [0m:      Sent reply
[92mINFO [0m:      
[92mINFO [0m:      Received: evaluate message 5f9bffa5-2ddc-4b01-92f7-8e312a0472c5
[92mINFO [0m:      Sent reply
[92mINFO [0m:      
[92mINFO [0m:      Received: train message 1335d0ea-3c26-46d7-bfc2-565c458332af
[92mINFO [0m:      Sent reply
[92mINFO [0m:      
[92mINFO [0m:      Received: evaluate message 91320695-5713-4003-9d20-671122161fcf
[92mINFO [0m:      Sent reply
[92mINFO [0m:      
[92mINFO [0m:      Received: train message 7718c27e-de7b-406a-8bd9-75048f038631
[92mINFO [0m:      Sent reply
[92mINFO [0m:      
[92mINFO [0m:      Received: evaluate message c71d9afe-ab0a-4272-98e0-0ba83f3b409e
[92mINFO [0m:      Sent reply
[92mINFO [0m:      
[92mINFO [0m:      Received: train message c8942fbb-c163-4b8e-9d6e-3063cd0c957e
[92mINFO [0m:      Sent reply
[92mINFO [0m:      
[92mINFO [0m:      Received: train message 5135398f-f27f-4095-ba81-27c8fe70fda3
[92mINFO [0m:      Sent reply
[92mINFO [0m:      
[92mINFO [0m:      Received: train message 33fb9893-e83b-4089-806c-c27a740a5e2a
[92mINFO [0m:      Sent reply
[92mINFO [0m:      
[92mINFO [0m:      Received: train message b99b3469-be1e-4095-b0f9-5fc8d67cae66
[92mINFO [0m:      Sent reply
[92mINFO [0m:      
[92mINFO [0m:      Received: evaluate message 09a633a4-6dad-4d11-9b25-c978e9d19a6f
[92mINFO [0m:      Sent reply
[92mINFO [0m:      
[92mINFO [0m:      Received: train message 0c29a70f-b771-4119-b3e7-8e9fd23f5fa4
[92mINFO [0m:      Sent reply
[92mINFO [0m:      
[92mINFO [0m:      Received: evaluate message 707bf060-82c1-40a8-86ba-04c0f6a73197
[92mINFO [0m:      Sent reply
[92mINFO [0m:      
[92mINFO [0m:      Received: evaluate message fd2240fa-4aa1-471d-86e3-b1ac143a9668
[92mINFO [0m:      Sent reply
[92mINFO [0m:      
[92mINFO [0m:      Received: train message 05e7e3e3-f65d-4fa5-a0de-2ceb4189cce7
[92mINFO [0m:      Sent reply
[92mINFO [0m:      
[92mINFO [0m:      Received: evaluate message 746f79f6-0dd6-4027-a51f-98e58d26f11e
[92mINFO [0m:      Sent reply
[92mINFO [0m:      
[92mINFO [0m:      Received: evaluate message 72bced78-f780-4649-a94e-78a69e0fbc7e
[92mINFO [0m:      Sent reply
[92mINFO [0m:      
[92mINFO [0m:      Received: train message 13c1af6b-76ac-44dc-bba7-7a54eafea679
[92mINFO [0m:      Sent reply
[92mINFO [0m:      
[92mINFO [0m:      Received: evaluate message 4e1804ad-8354-43f2-87b5-3bb6e7cf1f24
[92mINFO [0m:      Sent reply
[92mINFO [0m:      
[92mINFO [0m:      Received: train message 750bd52c-6e5f-4ab1-82f4-667f9a87b9ec
[92mINFO [0m:      Sent reply
[92mINFO [0m:      
[92mINFO [0m:      Received: evaluate message 5566dad6-f04d-409c-bb75-977ecab147c9
[92mINFO [0m:      Sent reply
[92mINFO [0m:      
[92mINFO [0m:      Received: evaluate message b2740975-2c03-4850-a327-3624bde912cc
[92mINFO [0m:      Sent reply
[92mINFO [0m:      
[92mINFO [0m:      Received: train message 08857f2c-1876-4ce5-914b-6126650655ac
[92mINFO [0m:      Sent reply
[92mINFO [0m:      
[92mINFO [0m:      Received: evaluate message 6aeba01e-a6a8-42b8-8972-866a57f32a02
[92mINFO [0m:      Sent reply
[92mINFO [0m:      
[92mINFO [0m:      Received: evaluate message 9f91a085-fa7a-4f3a-ae11-9699cd3f5587
[92mINFO [0m:      Sent reply
[92mINFO [0m:      
[92mINFO [0m:      Received: train message ed7a4bdd-49fd-4cd0-bc2c-94d62e0f5f94
[92mINFO [0m:      Sent reply
[92mINFO [0m:      
[92mINFO [0m:      Received: train message 6aa37390-aef9-49df-90e7-f44463a75e80
[92mINFO [0m:      Sent reply
[92mINFO [0m:      
[92mINFO [0m:      Received: evaluate message 5b81d712-4f44-49fb-9f84-1e2aa675e724
[92mINFO [0m:      Sent reply
[92mINFO [0m:      
[92mINFO [0m:      Received: train message 115e651d-5d10-45dd-b161-5ea203f5de61
[92mINFO [0m:      Sent reply
[92mINFO [0m:      
[92mINFO [0m:      Received: evaluate message f946b4f2-2966-4240-ada3-51ade76676aa
[92mINFO [0m:      Sent reply
[92mINFO [0m:      
[92mINFO [0m:      Received: train message 72d306fe-8632-4f9a-afe9-0d484b38681c
[92mINFO [0m:      Sent reply
[92mINFO [0m:      
[92mINFO [0m:      Received: evaluate message 489b4093-39cd-4221-b4e8-c19c188bd55a
[92mINFO [0m:      Sent reply
[92mINFO [0m:      
[92mINFO [0m:      Received: train message f1cc43d0-e64a-4d9f-8387-3be130659fd3
[92mINFO [0m:      Sent reply
[92mINFO [0m:      
[92mINFO [0m:      Received: reconnect message 78d9e21e-7f71-49c0-b565-c2e9ae496d11
[92mINFO [0m:      Disconnect and shut down
