[93mWARNING [0m:   DEPRECATED FEATURE: flwr.client.start_client() is deprecated.
	Instead, use the `flower-supernode` CLI command to start a SuperNode as shown below:

		$ flower-supernode --insecure --superlink='<IP>:<PORT>'

	To view all available options, run:

		$ flower-supernode --help

	Using `start_client()` is deprecated.

            This is a deprecated feature. It will be removed
            entirely in future versions of Flower.
        
[92mINFO [0m:      
[92mINFO [0m:      Received: evaluate message dc437768-69cc-463c-9894-1f8a9ecb128a
[92mINFO [0m:      Sent reply
[92mINFO [0m:      
[92mINFO [0m:      Received: evaluate message 0b116d6e-79e0-4a08-9e42-0ec9117e78af
[92mINFO [0m:      Sent reply
[92mINFO [0m:      
[92mINFO [0m:      Received: train message 6273c72d-4d9d-4711-9ee8-71218befcb0a
[92mINFO [0m:      Sent reply
[92mINFO [0m:      
[92mINFO [0m:      Received: evaluate message 89263583-c6d2-4f52-894e-befcca311215
[92mINFO [0m:      Sent reply
[92mINFO [0m:      
[92mINFO [0m:      Received: train message 54402fe0-8da3-4f42-bdbf-c2537fbda3db
[92mINFO [0m:      Sent reply
[92mINFO [0m:      
[92mINFO [0m:      Received: evaluate message 01bdce8a-a8c0-48ae-9df1-615b42d39c66
[92mINFO [0m:      Sent reply
[92mINFO [0m:      
[92mINFO [0m:      Received: evaluate message cf5c9531-7af9-4fe7-bb83-6bb3762d4286
[92mINFO [0m:      Sent reply
[92mINFO [0m:      
[92mINFO [0m:      Received: train message 1d01451b-2c87-458c-8750-77333ddc386c
[92mINFO [0m:      Sent reply
[92mINFO [0m:      
[92mINFO [0m:      Received: evaluate message bc528d0f-45ab-497e-aa04-25f9533bf8a1
[92mINFO [0m:      Sent reply
[92mINFO [0m:      
[92mINFO [0m:      Received: train message a6d9c00c-841b-43d4-8501-d881f02eddde
[92mINFO [0m:      Sent reply
[92mINFO [0m:      
[92mINFO [0m:      Received: evaluate message d9ac4852-6c5d-46b8-b2f8-5a7ad7848005
[92mINFO [0m:      Sent reply
[92mINFO [0m:      
[92mINFO [0m:      Received: evaluate message dcffb611-17b2-4d9f-a6a2-c707207b8a28
[92mINFO [0m:      Sent reply
[92mINFO [0m:      
[92mINFO [0m:      Received: train message ab7c6326-8a55-48a3-8ffd-27da2fe94b55
[92mINFO [0m:      Sent reply
[92mINFO [0m:      
[92mINFO [0m:      Received: evaluate message 011ef9f8-ed17-4a10-b4e9-648b7f4746c4
[92mINFO [0m:      Sent reply
[92mINFO [0m:      
[92mINFO [0m:      Received: evaluate message af4b7044-afd5-4ee9-bba0-32a2abc514d1
[92mINFO [0m:      Sent reply
[92mINFO [0m:      
[92mINFO [0m:      Received: train message d2ca2ea9-bb58-4778-94d0-e9a3e5778b78
[92mINFO [0m:      Sent reply
[92mINFO [0m:      
[92mINFO [0m:      Received: evaluate message 9f5845d3-221a-4728-8284-2e3be5e51f0e
[92mINFO [0m:      Sent reply
[92mINFO [0m:      
[92mINFO [0m:      Received: evaluate message bb5487b4-af62-49f4-88c7-2959a59be01d
[92mINFO [0m:      Sent reply
[92mINFO [0m:      
[92mINFO [0m:      Received: train message c1c4bc8f-19c4-4390-8837-cff55bbb8397
[92mINFO [0m:      Sent reply
[92mINFO [0m:      
[92mINFO [0m:      Received: train message dbe4c944-e455-4433-a36e-f5712a248752
[92mINFO [0m:      Sent reply
[92mINFO [0m:      
[92mINFO [0m:      Received: train message af5434aa-ef05-45e7-8bf8-3ce28c70c789
[92mINFO [0m:      Sent reply
[92mINFO [0m:      
[92mINFO [0m:      Received: train message d7a7c238-715c-4012-a9d3-710a31837504
[92mINFO [0m:      Sent reply
[92mINFO [0m:      
[92mINFO [0m:      Received: train message bb640b43-80fa-4d28-9a20-fdd745a641ab
[92mINFO [0m:      Sent reply
[92mINFO [0m:      
[92mINFO [0m:      Received: train message c1e67693-8ae3-4b5c-a9fa-036aaf193b14
[92mINFO [0m:      Sent reply
[92mINFO [0m:      
[92mINFO [0m:      Received: evaluate message 4e46bb04-bbcb-4abf-94e6-7297d01f599b
[92mINFO [0m:      Sent reply
[92mINFO [0m:      
[92mINFO [0m:      Received: evaluate message 71ee81a9-90c9-40b3-9bff-4439e1749e8d
[92mINFO [0m:      Sent reply
[92mINFO [0m:      
[92mINFO [0m:      Received: train message bcd14ed0-1767-4277-bcaa-522420423436
[92mINFO [0m:      Sent reply
[92mINFO [0m:      
[92mINFO [0m:      Received: train message 41be7f7a-2fd0-43ae-9642-e707ed3d1ac7
[92mINFO [0m:      Sent reply
[92mINFO [0m:      
[92mINFO [0m:      Received: train message 13814764-c01d-426e-a511-62ff0cb786d9
[92mINFO [0m:      Sent reply
[92mINFO [0m:      
[92mINFO [0m:      Received: evaluate message 59d7d5d0-161a-45fd-bfc6-1cb09b76cc54
[92mINFO [0m:      Sent reply
[92mINFO [0m:      
[92mINFO [0m:      Received: train message efbc7ae0-2657-49e4-898a-ff6f430075d2
[92mINFO [0m:      Sent reply
[92mINFO [0m:      
[92mINFO [0m:      Received: evaluate message 1b074865-415c-4274-8a39-d2cd650c1c76
[92mINFO [0m:      Sent reply
[92mINFO [0m:      
[92mINFO [0m:      Received: train message 3e98bc96-2bb9-4aaa-ac34-97a255ddf082
[92mINFO [0m:      Sent reply
[92mINFO [0m:      
[92mINFO [0m:      Received: train message 98524029-4483-49ff-b6ab-efc9d04f2c3e
[92mINFO [0m:      Sent reply
[92mINFO [0m:      
[92mINFO [0m:      Received: evaluate message 6a63eac1-3892-4765-9854-3f0b06f84dad
[92mINFO [0m:      Sent reply
[92mINFO [0m:      
[92mINFO [0m:      Received: evaluate message 2a41ab7c-949b-4c7a-b52b-41f670964e98
[92mINFO [0m:      Sent reply
[92mINFO [0m:      
[92mINFO [0m:      Received: train message ca807f52-eb0d-444f-b4e8-94b86e9d7588
[92mINFO [0m:      Sent reply
[92mINFO [0m:      
[92mINFO [0m:      Received: evaluate message ed32db26-4967-458b-bfdd-b836f80917e2
[92mINFO [0m:      Sent reply
[92mINFO [0m:      
[92mINFO [0m:      Received: train message 4274001f-1434-4821-9718-97d1749bd4f9
[92mINFO [0m:      Sent reply
[92mINFO [0m:      
[92mINFO [0m:      Received: train message c9729f61-3b11-461e-9b6b-a563541a34b7
[92mINFO [0m:      Sent reply
[92mINFO [0m:      
[92mINFO [0m:      Received: train message f7b400e5-0eab-41d0-a837-88ae3a89781a
[92mINFO [0m:      Sent reply
[92mINFO [0m:      
[92mINFO [0m:      Received: train message d7be1347-8375-4410-8265-d3e8a00ee7ae
[92mINFO [0m:      Sent reply
[92mINFO [0m:      
[92mINFO [0m:      Received: evaluate message 10e36b98-d4dd-420a-b240-cfa0d60e19ec
[92mINFO [0m:      Sent reply
[92mINFO [0m:      
[92mINFO [0m:      Received: evaluate message a0f8222e-dd74-4df9-87cf-6dd73720616e
[92mINFO [0m:      Sent reply
[92mINFO [0m:      
[92mINFO [0m:      Received: evaluate message c0ec3613-8103-4fd4-b923-0a55c799521d
[92mINFO [0m:      Sent reply
[92mINFO [0m:      
[92mINFO [0m:      Received: evaluate message 037d1d7a-6618-440b-9b5b-d860fefdac26
[92mINFO [0m:      Sent reply
[92mINFO [0m:      
[92mINFO [0m:      Received: train message 1284cf49-1b56-4540-b12e-160b47a75cbf
[92mINFO [0m:      Sent reply
[92mINFO [0m:      
[92mINFO [0m:      Received: evaluate message 7fba6c73-b864-4d7b-8ba8-610b1a49119b
[92mINFO [0m:      Sent reply
[92mINFO [0m:      
[92mINFO [0m:      Received: train message 35a79e50-c8ed-476e-b852-0d4e127f6f3b
[92mINFO [0m:      Sent reply
[92mINFO [0m:      
[92mINFO [0m:      Received: evaluate message 3b4a5d53-12f6-4972-92d9-9c9300f84d92
[92mINFO [0m:      Sent reply
[92mINFO [0m:      
[92mINFO [0m:      Received: train message 6f3ea193-68f6-45e4-906f-027ece5aca52
[92mINFO [0m:      Sent reply
[92mINFO [0m:      
[92mINFO [0m:      Received: evaluate message 22fe790a-9a80-4b76-bea9-42a16c52b597
[92mINFO [0m:      Sent reply
[92mINFO [0m:      
[92mINFO [0m:      Received: train message 3fc4e387-96a2-4794-a2d4-012fd5d8fd11
[92mINFO [0m:      Sent reply
[92mINFO [0m:      
[92mINFO [0m:      Received: train message 13dc9032-396c-4d9d-9aa1-5394bb1156ff
[92mINFO [0m:      Sent reply
[92mINFO [0m:      
[92mINFO [0m:      Received: train message e984a5f9-b5d7-4770-9b33-37260bf7ce2c
[92mINFO [0m:      Sent reply
[92mINFO [0m:      
[92mINFO [0m:      Received: evaluate message 964acced-af9a-469a-84c5-46b06a0334be
[92mINFO [0m:      Sent reply
[92mINFO [0m:      
[92mINFO [0m:      Received: evaluate message e55b8f92-fe30-46b3-b14f-d5820fded684
[92mINFO [0m:      Sent reply
[92mINFO [0m:      
[92mINFO [0m:      Received: train message 043f2fb2-6879-4345-a623-96aee77742f5
[92mINFO [0m:      Sent reply
[92mINFO [0m:      
[92mINFO [0m:      Received: evaluate message 27b55187-b236-46d8-bea9-b0e3f9094740
[92mINFO [0m:      Sent reply
[92mINFO [0m:      
[92mINFO [0m:      Received: train message 165c77bf-92ce-43d7-a221-dcef567999c0
[92mINFO [0m:      Sent reply
[92mINFO [0m:      
[92mINFO [0m:      Received: train message fb3a5be5-6be4-4fc3-a27e-20ee0c51f3a7
[92mINFO [0m:      Sent reply
[92mINFO [0m:      
[92mINFO [0m:      Received: evaluate message beb027cc-1b26-40ee-a65e-9addb50821e5
[92mINFO [0m:      Sent reply
[92mINFO [0m:      
[92mINFO [0m:      Received: train message 6d59960a-0217-40cc-9c84-eeb87810e74f
[92mINFO [0m:      Sent reply
[92mINFO [0m:      
[92mINFO [0m:      Received: evaluate message e100b7e0-9751-4e83-a0cf-14e2f2a6529f
[92mINFO [0m:      Sent reply
[92mINFO [0m:      
[92mINFO [0m:      Received: train message f1d96454-b305-4fb2-8f62-69450b621f25
[92mINFO [0m:      Sent reply
[92mINFO [0m:      
[92mINFO [0m:      Received: evaluate message 14746ef7-8504-422e-a476-cce3ca16a633
[92mINFO [0m:      Sent reply
[92mINFO [0m:      
[92mINFO [0m:      Received: train message fadd5bf8-c795-4a04-8b0e-342bbc07e44a
[92mINFO [0m:      Sent reply
[92mINFO [0m:      
[92mINFO [0m:      Received: evaluate message a438076a-843f-4ae0-b820-0d30691548c8
[92mINFO [0m:      Sent reply
[92mINFO [0m:      
[92mINFO [0m:      Received: evaluate message f3021ede-135d-4a47-a695-26e68abcc90d
[92mINFO [0m:      Sent reply
[92mINFO [0m:      
[92mINFO [0m:      Received: train message f7e45936-cf84-4785-a0f3-7ce57e5b7e50
[92mINFO [0m:      Sent reply
[92mINFO [0m:      
[92mINFO [0m:      Received: evaluate message 053de8a7-af64-4dc3-ad55-6190e36d317e
[92mINFO [0m:      Sent reply
[92mINFO [0m:      
[92mINFO [0m:      Received: train message 6d41a507-6582-4627-a55b-7b2f3f166c7a
[92mINFO [0m:      Sent reply
[92mINFO [0m:      
[92mINFO [0m:      Received: evaluate message d58610c5-e842-4d9a-bd1a-39328698ae24
[92mINFO [0m:      Sent reply
[92mINFO [0m:      
[92mINFO [0m:      Received: train message eee54a4d-1693-4d51-ad55-0e7bd221400b
[92mINFO [0m:      Sent reply
[92mINFO [0m:      
[92mINFO [0m:      Received: evaluate message f79d5822-8d2f-49cb-8f1a-fc8770820c82
[92mINFO [0m:      Sent reply
[92mINFO [0m:      
[92mINFO [0m:      Received: evaluate message b7dde8fc-f83e-4754-9c2c-e51dd79968ef
[92mINFO [0m:      Sent reply
[92mINFO [0m:      
[92mINFO [0m:      Received: evaluate message 1452814e-5263-4d95-8fa7-35d0855a056f
[92mINFO [0m:      Sent reply
[92mINFO [0m:      
[92mINFO [0m:      Received: evaluate message afce287b-6739-4bf2-a43f-f10f73e53c0c
[92mINFO [0m:      Sent reply
[92mINFO [0m:      
[92mINFO [0m:      Received: train message 2032287e-cac7-4175-8c02-ed2374083cf6
[92mINFO [0m:      Sent reply
[92mINFO [0m:      
[92mINFO [0m:      Received: evaluate message 673d9ffb-0ea3-464f-a977-2e3bbfea9282
[92mINFO [0m:      Sent reply
[92mINFO [0m:      
[92mINFO [0m:      Received: train message faaa66ec-6ff9-486d-bedc-ccfcb8ff68ec
[92mINFO [0m:      Sent reply
[92mINFO [0m:      
[92mINFO [0m:      Received: evaluate message a00996f9-c567-4567-95c4-49f1f2c8ed6d
[92mINFO [0m:      Sent reply
[92mINFO [0m:      
[92mINFO [0m:      Received: evaluate message 9767406c-fe03-46cc-b541-0b224386cf4d
[92mINFO [0m:      Sent reply
[92mINFO [0m:      
[92mINFO [0m:      Received: train message cac58f8e-e95a-4cff-a61b-05438de8681a
[92mINFO [0m:      Sent reply
[92mINFO [0m:      
[92mINFO [0m:      Received: evaluate message 15e24b10-694f-4d6c-9d55-778d3469b7d2
[92mINFO [0m:      Sent reply
[92mINFO [0m:      
[92mINFO [0m:      Received: train message f0a4a584-b012-47fe-8691-080bbad064a4
[92mINFO [0m:      Sent reply
[92mINFO [0m:      
[92mINFO [0m:      Received: train message e8f4f107-c3ff-48d1-ae2e-ab6d721d0605
[92mINFO [0m:      Sent reply
[92mINFO [0m:      
[92mINFO [0m:      Received: evaluate message 4981dcca-4bb6-4142-b442-47ae5c6af2e4
[92mINFO [0m:      Sent reply
[92mINFO [0m:      
[92mINFO [0m:      Received: evaluate message 7c594e80-f1d5-4f0d-8fb6-77c7c84af12f
[92mINFO [0m:      Sent reply
[92mINFO [0m:      
[92mINFO [0m:      Received: train message 8e2ac8fe-ab0f-49a9-a44c-89f811f91f6f
[92mINFO [0m:      Sent reply
[92mINFO [0m:      
[92mINFO [0m:      Received: train message 70800f46-eb3f-493e-b460-d75f86224e73
[92mINFO [0m:      Sent reply
[92mINFO [0m:      
[92mINFO [0m:      Received: evaluate message 73c3a615-4e29-4eb7-8049-119eef0679d5
[92mINFO [0m:      Sent reply
[92mINFO [0m:      
[92mINFO [0m:      Received: train message 4ba40505-87ae-48cc-b97b-8dd8ca564744
[92mINFO [0m:      Sent reply
[92mINFO [0m:      
[92mINFO [0m:      Received: evaluate message d848c0a2-75cc-4f7f-95c3-42cb02d8d942
[92mINFO [0m:      Sent reply
[92mINFO [0m:      
[92mINFO [0m:      Received: train message 5fecb501-23a4-4556-926e-778d212886c2
[92mINFO [0m:      Sent reply
[92mINFO [0m:      
[92mINFO [0m:      Received: train message e14f2251-7745-4636-8a39-4252bf8eb878
[92mINFO [0m:      Sent reply
[92mINFO [0m:      
[92mINFO [0m:      Received: evaluate message 61450ad7-9331-433c-b2c0-5799125ee9cf
[92mINFO [0m:      Sent reply
[92mINFO [0m:      
[92mINFO [0m:      Received: train message 5eb94e30-c708-4ac0-a485-0cbc509386d8
[92mINFO [0m:      Sent reply
[92mINFO [0m:      
[92mINFO [0m:      Received: evaluate message daccfba0-b9b6-4223-92d9-ec51966ed785
[92mINFO [0m:      Sent reply
[92mINFO [0m:      
[92mINFO [0m:      Received: evaluate message eb6172e4-7b56-4b37-8bfa-a1a83c5bb8f7
[92mINFO [0m:      Sent reply
[92mINFO [0m:      
[92mINFO [0m:      Received: train message ee2467cd-e2ad-4cfe-87fa-620603067ea7
[92mINFO [0m:      Sent reply
[92mINFO [0m:      
[92mINFO [0m:      Received: evaluate message 82b856f7-c30d-48e2-9245-11fd082ceaa7
[92mINFO [0m:      Sent reply
[92mINFO [0m:      
[92mINFO [0m:      Received: evaluate message 17002511-2fcd-4b4d-9a97-2ddb1fcdb901
[92mINFO [0m:      Sent reply
[92mINFO [0m:      
[92mINFO [0m:      Received: train message 25c57a65-3ad5-44da-8867-0c2804c8a3fd
[92mINFO [0m:      Sent reply
[92mINFO [0m:      
[92mINFO [0m:      Received: evaluate message 8353658f-1140-437f-a6ce-4bca54f51d89
[92mINFO [0m:      Sent reply
[92mINFO [0m:      
[92mINFO [0m:      Received: evaluate message 904f65d2-b633-428a-909f-f71842b07304
[92mINFO [0m:      Sent reply
[92mINFO [0m:      
[92mINFO [0m:      Received: train message 8847ead5-1970-413e-b8b1-d880394ed802
[92mINFO [0m:      Sent reply
[92mINFO [0m:      
[92mINFO [0m:      Received: evaluate message f8febe6a-d20c-493b-80e1-67c917a26dfb
[92mINFO [0m:      Sent reply
[92mINFO [0m:      
[92mINFO [0m:      Received: train message bc2988ee-3d0f-4712-8886-a50f5ba7d818
[92mINFO [0m:      Sent reply
[92mINFO [0m:      
[92mINFO [0m:      Received: train message dee84407-28cb-4cac-9966-219a4be2de94
[92mINFO [0m:      Sent reply
[92mINFO [0m:      
[92mINFO [0m:      Received: evaluate message 297b1fa3-9210-4784-975d-bf8f0d8e9c75
[92mINFO [0m:      Sent reply
[92mINFO [0m:      
[92mINFO [0m:      Received: evaluate message e965f4ad-9362-4173-9128-409a4209e5ce
[92mINFO [0m:      Sent reply
[92mINFO [0m:      
[92mINFO [0m:      Received: train message 2b72c444-2d36-4e56-b20a-4fbe9f90ad05
[92mINFO [0m:      Sent reply
[92mINFO [0m:      
[92mINFO [0m:      Received: train message 000a805d-8a1d-4c09-a7c9-738b9be43ed8
[92mINFO [0m:      Sent reply
[92mINFO [0m:      
[92mINFO [0m:      Received: evaluate message 9a7e2f64-d084-4684-9f0d-e1327aa755c2
[92mINFO [0m:      Sent reply
[92mINFO [0m:      
[92mINFO [0m:      Received: train message 57abb347-2d0e-40c4-90e5-9a506b104469
[92mINFO [0m:      Sent reply
[92mINFO [0m:      
[92mINFO [0m:      Received: train message 80c63fdf-0294-49cf-ab36-07720e5c208d
[92mINFO [0m:      Sent reply
[92mINFO [0m:      
[92mINFO [0m:      Received: evaluate message cfc63d52-9a72-4a37-8bd6-120c02925724
[92mINFO [0m:      Sent reply
[92mINFO [0m:      
[92mINFO [0m:      Received: train message 34104ce9-5656-425b-8c0f-c9d44f7c5a50
[92mINFO [0m:      Sent reply
[92mINFO [0m:      
[92mINFO [0m:      Received: evaluate message e0ce26fb-574e-4712-8d7c-3e87a3f73fe8
[92mINFO [0m:      Sent reply
[92mINFO [0m:      
[92mINFO [0m:      Received: train message 10ba032b-1d99-4d40-87fe-6a50ba14011c
[92mINFO [0m:      Sent reply
[92mINFO [0m:      
[92mINFO [0m:      Received: evaluate message f65797a1-3681-4d0b-b9ea-582689782866
[92mINFO [0m:      Sent reply
[92mINFO [0m:      
[92mINFO [0m:      Received: evaluate message 6968c51e-9c7e-479b-b2d4-a28c03c3438e
[92mINFO [0m:      Sent reply
[92mINFO [0m:      
[92mINFO [0m:      Received: train message bdd858ee-42a2-4fbb-b95b-87ee7b35a8ac
[92mINFO [0m:      Sent reply
[92mINFO [0m:      
[92mINFO [0m:      Received: train message 3647e343-5f30-409c-8747-e8246e84c349
[92mINFO [0m:      Sent reply
[92mINFO [0m:      
[92mINFO [0m:      Received: evaluate message 829692ba-1c81-4927-b456-e51e2c661e96
[92mINFO [0m:      Sent reply
[92mINFO [0m:      
[92mINFO [0m:      Received: evaluate message 9bd871d2-b50a-4ff6-bba4-fdb91b069864
[92mINFO [0m:      Sent reply
[92mINFO [0m:      
[92mINFO [0m:      Received: evaluate message adfd281f-f272-4af5-ba68-c60b89d3c664
[92mINFO [0m:      Sent reply
[92mINFO [0m:      
[92mINFO [0m:      Received: train message 578c46e6-c98b-4143-a140-517242b9140c
[92mINFO [0m:      Sent reply
[92mINFO [0m:      
[92mINFO [0m:      Received: train message 44bdc947-e049-40e3-8627-6fe839ee8f42
[92mINFO [0m:      Sent reply
[92mINFO [0m:      
[92mINFO [0m:      Received: evaluate message de5b1e8b-481c-4eb7-8ed5-7eeff09bf1da
[92mINFO [0m:      Sent reply
[92mINFO [0m:      
[92mINFO [0m:      Received: train message 167855b5-2b7d-4030-805b-a7378d8edf46
[92mINFO [0m:      Sent reply
[92mINFO [0m:      
[92mINFO [0m:      Received: evaluate message 2d556dbe-341e-467d-b8ee-3d06dc1c783b
[92mINFO [0m:      Sent reply
[92mINFO [0m:      
[92mINFO [0m:      Received: evaluate message 2eaf4d5f-16b2-41ed-9e3c-44445096f608
[92mINFO [0m:      Sent reply
[92mINFO [0m:      
[92mINFO [0m:      Received: train message 05a66cbc-4588-4909-b794-3083e187016a
[92mINFO [0m:      Sent reply
[92mINFO [0m:      
[92mINFO [0m:      Received: evaluate message 89bc1c9b-8f79-4f2e-9fa1-6e6b2e16d9d1
[92mINFO [0m:      Sent reply
[92mINFO [0m:      
[92mINFO [0m:      Received: evaluate message 3732734a-b81c-4284-a91e-8159678c3898
[92mINFO [0m:      Sent reply
[92mINFO [0m:      
[92mINFO [0m:      Received: evaluate message 10b2b61d-632c-4ffa-99dc-3bbd8ba5fcd2
[92mINFO [0m:      Sent reply
[92mINFO [0m:      
[92mINFO [0m:      Received: train message b9cb7e16-0e36-464c-94cf-4a174bae62a9
[92mINFO [0m:      Sent reply
[92mINFO [0m:      
[92mINFO [0m:      Received: evaluate message a3035b57-fb6c-489d-b0ff-3e61676f6877
[92mINFO [0m:      Sent reply
[92mINFO [0m:      
[92mINFO [0m:      Received: train message 2ae63654-13bc-44dd-bef7-f8ccfaf93723
[92mINFO [0m:      Sent reply
[92mINFO [0m:      
[92mINFO [0m:      Received: train message 494337bb-f494-4e84-82a8-aaf9788d8a27
[92mINFO [0m:      Sent reply
[92mINFO [0m:      
[92mINFO [0m:      Received: train message 776e2ab7-63de-46f7-9c75-854d4d1606e0
[92mINFO [0m:      Sent reply
[92mINFO [0m:      
[92mINFO [0m:      Received: evaluate message 9a302051-55d5-4a77-b771-d25d5fff08b2
[92mINFO [0m:      Sent reply
[92mINFO [0m:      
[92mINFO [0m:      Received: train message 217401c7-e957-414b-8a1a-95f30118cd08
[92mINFO [0m:      Sent reply
[92mINFO [0m:      
[92mINFO [0m:      Received: evaluate message 3eacbd41-95d0-4142-b9cd-411c31f8f5f2
[92mINFO [0m:      Sent reply
[92mINFO [0m:      
[92mINFO [0m:      Received: evaluate message 4feda7ba-0ed3-4c0b-b146-f26f5030e54d
[92mINFO [0m:      Sent reply
[92mINFO [0m:      
[92mINFO [0m:      Received: train message 97efe9a2-b134-4fbd-ab1a-be00c948416f
[92mINFO [0m:      Sent reply
[92mINFO [0m:      
[92mINFO [0m:      Received: evaluate message 7a900455-49f1-4109-a5bf-fb5d4bbddc4a
[92mINFO [0m:      Sent reply
[92mINFO [0m:      
[92mINFO [0m:      Received: evaluate message be503b7f-ba64-4fb2-bee9-79cc859a43a9
[92mINFO [0m:      Sent reply
[92mINFO [0m:      
[92mINFO [0m:      Received: train message 1218a4f7-8d44-474f-b940-5c0dab4ded37
[92mINFO [0m:      Sent reply
[92mINFO [0m:      
[92mINFO [0m:      Received: evaluate message c4c90df1-57b7-470e-9bf3-9cd817812c64
[92mINFO [0m:      Sent reply
[92mINFO [0m:      
[92mINFO [0m:      Received: train message 5728df45-f2a2-4c33-b7be-16023d2ffa7a
[92mINFO [0m:      Sent reply
[92mINFO [0m:      
[92mINFO [0m:      Received: train message e51dd715-e325-4046-88a4-3bec1f2b3304
[92mINFO [0m:      Sent reply
[92mINFO [0m:      
[92mINFO [0m:      Received: evaluate message 5554487a-4921-482d-83c4-b9fd02104018
[92mINFO [0m:      Sent reply
[92mINFO [0m:      
[92mINFO [0m:      Received: evaluate message 230045d8-dea9-424d-9c92-a85986f35f05
[92mINFO [0m:      Sent reply
[92mINFO [0m:      
[92mINFO [0m:      Received: evaluate message 8d856542-ce13-43cf-a13d-bed06c69172b
[92mINFO [0m:      Sent reply
[92mINFO [0m:      
[92mINFO [0m:      Received: evaluate message 910466ba-1261-45a7-b561-f04cda6f3fce
[92mINFO [0m:      Sent reply
[92mINFO [0m:      
[92mINFO [0m:      Received: train message 9f695e24-4a96-4df3-a6fc-5e212a539e41
[92mINFO [0m:      Sent reply
[92mINFO [0m:      
[92mINFO [0m:      Received: evaluate message 1c119b8f-a6d5-4568-ab2b-7e85c024165f
[92mINFO [0m:      Sent reply
[92mINFO [0m:      
[92mINFO [0m:      Received: train message ce46ad82-0757-4f43-8cd0-bdb03073c1f0
[92mINFO [0m:      Sent reply
[92mINFO [0m:      
[92mINFO [0m:      Received: evaluate message 5368dca6-5279-49bc-a36b-c753f2ebcbe8
[92mINFO [0m:      Sent reply
[92mINFO [0m:      
[92mINFO [0m:      Received: train message e7f66ae8-efb5-4eb2-833f-4e819e774bfe
[92mINFO [0m:      Sent reply
[92mINFO [0m:      
[92mINFO [0m:      Received: evaluate message 41348fe2-6b03-4430-b80a-6bcbb4c837b2
[92mINFO [0m:      Sent reply
[92mINFO [0m:      
[92mINFO [0m:      Received: evaluate message 7dd574cf-1155-46b4-916a-2d93417e1af2
[92mINFO [0m:      Sent reply
[92mINFO [0m:      
[92mINFO [0m:      Received: evaluate message 58e8c2e6-4fa1-4cdb-ae53-834f57ba63d8
[92mINFO [0m:      Sent reply
[92mINFO [0m:      
[92mINFO [0m:      Received: train message 316603dc-e42c-40ac-b101-dc3132e5f27c
[92mINFO [0m:      Sent reply
[92mINFO [0m:      
[92mINFO [0m:      Received: train message 14d04d1c-2a50-4c93-b458-c96bf7451d0e
[92mINFO [0m:      Sent reply
[92mINFO [0m:      
[92mINFO [0m:      Received: train message bb95b18c-274c-4c95-ac9e-26f03d28c440
[92mINFO [0m:      Sent reply
[92mINFO [0m:      
[92mINFO [0m:      Received: train message 07c1818b-1196-4f26-b68f-6e2caee89d41
[92mINFO [0m:      Sent reply
[92mINFO [0m:      
[92mINFO [0m:      Received: evaluate message 76f01870-ff64-4cbb-82db-7dc989bdc9ee
[92mINFO [0m:      Sent reply
[92mINFO [0m:      
[92mINFO [0m:      Received: train message 5810ae1d-46a2-45b4-80ec-b8e94bcce21e
[92mINFO [0m:      Sent reply
[92mINFO [0m:      
[92mINFO [0m:      Received: train message 045f29d7-47ce-4bee-aeac-3aa2cc5473a8
[92mINFO [0m:      Sent reply
[92mINFO [0m:      
[92mINFO [0m:      Received: evaluate message 50d3e7f3-f428-4e05-8f50-ef14ea1f93df
[92mINFO [0m:      Sent reply
[92mINFO [0m:      
[92mINFO [0m:      Received: train message 744c75e4-7aab-4713-9ffd-774c9bf1d120
[92mINFO [0m:      Sent reply
[92mINFO [0m:      
[92mINFO [0m:      Received: evaluate message 4095882b-ddc7-4c5f-b7dd-6b4630277c06
[92mINFO [0m:      Sent reply
[92mINFO [0m:      
[92mINFO [0m:      Received: train message 4d2f78b1-4511-4dd4-bf6c-f06f34d6e52b
[92mINFO [0m:      Sent reply
[92mINFO [0m:      
[92mINFO [0m:      Received: evaluate message acee3afc-02be-46e1-b432-00bd2e1af232
[92mINFO [0m:      Sent reply
[92mINFO [0m:      
[92mINFO [0m:      Received: evaluate message 64d79666-b6ae-44ae-9bbe-d75820af4dfd
[92mINFO [0m:      Sent reply
[92mINFO [0m:      
[92mINFO [0m:      Received: train message d219c320-d757-4f68-894d-e45d89f728f4
[92mINFO [0m:      Sent reply
[92mINFO [0m:      
[92mINFO [0m:      Received: evaluate message 9279081c-f055-4cdd-90fb-fc0d6cc415b6
[92mINFO [0m:      Sent reply
[92mINFO [0m:      
[92mINFO [0m:      Received: train message f921fda3-6074-47e7-aad3-786a56fd73ec
[92mINFO [0m:      Sent reply
[92mINFO [0m:      
[92mINFO [0m:      Received: train message ed67bbfd-ca77-4371-a34c-ab54dcc8467a
[92mINFO [0m:      Sent reply
[92mINFO [0m:      
[92mINFO [0m:      Received: train message 5ae0ec34-c8a7-48cb-b0a8-70303507763f
[92mINFO [0m:      Sent reply
[92mINFO [0m:      
[92mINFO [0m:      Received: train message 9e8c962a-dcaf-46e5-9206-e9f0246f1d50
[92mINFO [0m:      Sent reply
[92mINFO [0m:      
[92mINFO [0m:      Received: train message 7133a6d8-22d1-4bd0-853e-925efea5ca32
[92mINFO [0m:      Sent reply
[92mINFO [0m:      
[92mINFO [0m:      Received: train message 43f8e417-98fa-4d77-a20b-8d9cdae938f1
[92mINFO [0m:      Sent reply
[92mINFO [0m:      
[92mINFO [0m:      Received: evaluate message 312d7860-cfcf-43c3-8129-8afc600bfe1f
[92mINFO [0m:      Sent reply
[92mINFO [0m:      
[92mINFO [0m:      Received: evaluate message 62c1270c-bd1c-4b0d-a8b2-3e35305a9f8e
[92mINFO [0m:      Sent reply
[92mINFO [0m:      
[92mINFO [0m:      Received: train message ae839f96-e5de-4f9b-933b-9175a6bc7f51
[92mINFO [0m:      Sent reply
[92mINFO [0m:      
[92mINFO [0m:      Received: evaluate message 31043859-f088-401d-8aba-83db1785100a
[92mINFO [0m:      Sent reply
[92mINFO [0m:      
[92mINFO [0m:      Received: train message 5ff47661-27ff-47e8-9326-7d5d7bd82899
[92mINFO [0m:      Sent reply
[92mINFO [0m:      
[92mINFO [0m:      Received: evaluate message f95a482d-19fc-495c-b44d-adf478738417
[92mINFO [0m:      Sent reply
[92mINFO [0m:      
[92mINFO [0m:      Received: evaluate message 8ad684be-30a6-4506-a519-98e5957d0f0a
[92mINFO [0m:      Sent reply
[92mINFO [0m:      
[92mINFO [0m:      Received: evaluate message 27c7c932-d6b5-4de4-a63c-324beff12287
[92mINFO [0m:      Sent reply
[92mINFO [0m:      
[92mINFO [0m:      Received: evaluate message 8e8b070a-6ad0-44a4-be1f-c86bd474be32
[92mINFO [0m:      Sent reply
[92mINFO [0m:      
[92mINFO [0m:      Received: evaluate message 38caa243-83c3-43b8-a0fe-36134ebea7c8
[92mINFO [0m:      Sent reply
[92mINFO [0m:      
[92mINFO [0m:      Received: train message b091dd2a-be95-4a61-afc7-e4461747c0d0
[92mINFO [0m:      Sent reply
[92mINFO [0m:      
[92mINFO [0m:      Received: train message f5becc29-4a17-426b-8730-f6f853c8a0fb
[92mINFO [0m:      Sent reply
[92mINFO [0m:      
[92mINFO [0m:      Received: train message 89793681-6fe2-4f11-b662-971b87986276
[92mINFO [0m:      Sent reply
[92mINFO [0m:      
[92mINFO [0m:      Received: evaluate message 9d97ce07-ab0a-4bc4-b983-d85744ecc5b7
[92mINFO [0m:      Sent reply
[92mINFO [0m:      
[92mINFO [0m:      Received: train message 7312807d-7a99-43c9-91c2-5c67f491b3ed
[92mINFO [0m:      Sent reply
[92mINFO [0m:      
[92mINFO [0m:      Received: evaluate message eb09000e-ff3c-490c-b65c-56509d438f0d
[92mINFO [0m:      Sent reply
[92mINFO [0m:      
[92mINFO [0m:      Received: train message e88d1630-57fa-4ced-b667-793254bbd0fa
[92mINFO [0m:      Sent reply
[92mINFO [0m:      
[92mINFO [0m:      Received: train message ba0540fb-9832-4344-9a2a-9f852d778e87
[92mINFO [0m:      Sent reply
[92mINFO [0m:      
[92mINFO [0m:      Received: evaluate message 3e36719a-ae0a-4497-aad5-75cae798a14e
[92mINFO [0m:      Sent reply
[92mINFO [0m:      
[92mINFO [0m:      Received: train message 525aabd4-2dfa-474c-9fe1-d4a0841712c3
[92mINFO [0m:      Sent reply
[92mINFO [0m:      
[92mINFO [0m:      Received: evaluate message 15afe4d2-c067-4e61-986b-3a66a184affe
[92mINFO [0m:      Sent reply
[92mINFO [0m:      
[92mINFO [0m:      Received: evaluate message a3a34e44-c2f3-457d-a8d1-e8e78e457f76
[92mINFO [0m:      Sent reply
[92mINFO [0m:      
[92mINFO [0m:      Received: evaluate message e4472d92-cbd3-429d-93c5-a3b9eaad6d9f
[92mINFO [0m:      Sent reply
[92mINFO [0m:      
[92mINFO [0m:      Received: evaluate message 47af78bc-7858-489e-b1ec-7551c6b6c240
[92mINFO [0m:      Sent reply
[92mINFO [0m:      
[92mINFO [0m:      Received: train message 1e8632f7-867a-415c-8548-7f35216bdccd
[92mINFO [0m:      Sent reply
[92mINFO [0m:      
[92mINFO [0m:      Received: train message e12ab7a0-dca8-493a-8469-2b8a52ccf417
[92mINFO [0m:      Sent reply
[92mINFO [0m:      
[92mINFO [0m:      Received: evaluate message 754ca1bb-dead-4a61-a24b-ed06f289c9c9
[92mINFO [0m:      Sent reply
[92mINFO [0m:      
[92mINFO [0m:      Received: train message 051805d6-7be0-4004-8ead-dd772e98ae30
[92mINFO [0m:      Sent reply
[92mINFO [0m:      
[92mINFO [0m:      Received: train message 90546fc5-4b2d-4420-a8ac-ecdf6cbac2c3
[92mINFO [0m:      Sent reply
[92mINFO [0m:      
[92mINFO [0m:      Received: train message 0fc01172-71da-4887-9fff-7f719e91f900
[92mINFO [0m:      Sent reply
[92mINFO [0m:      
[92mINFO [0m:      Received: train message 21ecf7e2-286d-4662-9fee-d3e11155533a
[92mINFO [0m:      Sent reply
[92mINFO [0m:      
[92mINFO [0m:      Received: evaluate message 0f4fae35-fd38-4838-9100-4a515b2b4f82
[92mINFO [0m:      Sent reply
[92mINFO [0m:      
[92mINFO [0m:      Received: evaluate message 0969f999-40fa-4677-a80a-8b4c19dcea68
[92mINFO [0m:      Sent reply
[92mINFO [0m:      
[92mINFO [0m:      Received: evaluate message 218fc144-a836-4cea-bf13-8c0ced23b32a
[92mINFO [0m:      Sent reply
[92mINFO [0m:      
[92mINFO [0m:      Received: train message 47c5bc28-e972-44ec-bd19-0d6a6ff91721
[92mINFO [0m:      Sent reply
[92mINFO [0m:      
[92mINFO [0m:      Received: evaluate message 0a992caa-8920-4bb3-bb96-d736659b8a0a
[92mINFO [0m:      Sent reply
[92mINFO [0m:      
[92mINFO [0m:      Received: train message 2b04d18f-3ff0-4a1b-aa9b-ebe9b01dcfa1
[92mINFO [0m:      Sent reply
[92mINFO [0m:      
[92mINFO [0m:      Received: train message 4bf9b391-9c8d-42bf-9be0-2175c29b4641
[92mINFO [0m:      Sent reply
[92mINFO [0m:      
[92mINFO [0m:      Received: train message edcdb9ef-b877-4dbf-8e26-ce97cd558e1f
[92mINFO [0m:      Sent reply
[92mINFO [0m:      
[92mINFO [0m:      Received: evaluate message 4300335f-8e7c-4451-b78d-1537879fc33c
[92mINFO [0m:      Sent reply
[92mINFO [0m:      
[92mINFO [0m:      Received: train message 8ddbd327-e628-4e7b-b042-da93a7642d22
[92mINFO [0m:      Sent reply
[92mINFO [0m:      
[92mINFO [0m:      Received: evaluate message 717da529-e498-4ac2-a387-7808de698385
[92mINFO [0m:      Sent reply
[92mINFO [0m:      
[92mINFO [0m:      Received: train message 3f056368-c3a4-4bce-a2e9-f18a4c995a01
[92mINFO [0m:      Sent reply
[92mINFO [0m:      
[92mINFO [0m:      Received: train message 02b77e5b-9f73-4c1a-9a53-fa0b9bec5d75
[92mINFO [0m:      Sent reply
[92mINFO [0m:      
[92mINFO [0m:      Received: evaluate message 2038ac58-b546-4097-82b3-af5d61b6461e
[92mINFO [0m:      Sent reply
[92mINFO [0m:      
[92mINFO [0m:      Received: train message d76a4591-be6b-4f2e-abd3-f502ee12d8b3
[92mINFO [0m:      Sent reply
[92mINFO [0m:      
[92mINFO [0m:      Received: evaluate message cba797a7-6f64-4e48-9581-b27a03276e40
[92mINFO [0m:      Sent reply
[92mINFO [0m:      
[92mINFO [0m:      Received: evaluate message e7590768-24fc-48a8-ac91-b7881ebe44eb
[92mINFO [0m:      Sent reply
[92mINFO [0m:      
[92mINFO [0m:      Received: evaluate message f29983fb-3ae9-4571-8fc9-2877bcb9ee1c
[92mINFO [0m:      Sent reply
[92mINFO [0m:      
[92mINFO [0m:      Received: train message caf3c8b3-d19f-4fd5-9ef8-8081e0cecc64
[92mINFO [0m:      Sent reply
[92mINFO [0m:      
[92mINFO [0m:      Received: train message 7328fa97-99b8-4c71-bbca-3a42403bd881
[92mINFO [0m:      Sent reply
[92mINFO [0m:      
[92mINFO [0m:      Received: evaluate message 63824e96-7542-4218-bd68-7071d773eb28
[92mINFO [0m:      Sent reply
[92mINFO [0m:      
[92mINFO [0m:      Received: train message edda5f2c-de0a-480a-9803-c47e84b2ceec
[92mINFO [0m:      Sent reply
[92mINFO [0m:      
[92mINFO [0m:      Received: evaluate message 84cf497f-2ab9-4fca-9616-baaf0f0ee13e
[92mINFO [0m:      Sent reply
[92mINFO [0m:      
[92mINFO [0m:      Received: train message d0f1ff2f-61cd-46d0-b184-37e7e141c450
[92mINFO [0m:      Sent reply
[92mINFO [0m:      
[92mINFO [0m:      Received: evaluate message e6f2b589-754b-4b6c-b170-0b52c684a0de
[92mINFO [0m:      Sent reply
[92mINFO [0m:      
[92mINFO [0m:      Received: evaluate message 4d9f9952-e267-41f5-a46a-1f84b170d532
[92mINFO [0m:      Sent reply
[92mINFO [0m:      
[92mINFO [0m:      Received: evaluate message 7cbb5cc2-f20f-4ea8-b547-4483e396b805
[92mINFO [0m:      Sent reply
[92mINFO [0m:      
[92mINFO [0m:      Received: evaluate message d50d4a34-ba5a-4281-b4e0-c1cf6599808b
[92mINFO [0m:      Sent reply
[92mINFO [0m:      
[92mINFO [0m:      Received: evaluate message 930b172f-8bfb-41b2-94af-a63f9d5c9b3d
[92mINFO [0m:      Sent reply
[92mINFO [0m:      
[92mINFO [0m:      Received: evaluate message 5274e38f-e300-4809-9095-47f826f36310
[92mINFO [0m:      Sent reply
[92mINFO [0m:      
[92mINFO [0m:      Received: evaluate message e00ca656-5a46-443c-92b0-450deb458211
[92mINFO [0m:      Sent reply
[92mINFO [0m:      
[92mINFO [0m:      Received: train message 97e40712-2bd9-425d-80c1-00eab40baf0b
[92mINFO [0m:      Sent reply
[92mINFO [0m:      
[92mINFO [0m:      Received: evaluate message 0c079628-ad75-402d-a2c7-b0703a058613
[92mINFO [0m:      Sent reply
[92mINFO [0m:      
[92mINFO [0m:      Received: train message 2845a6a2-8d1b-4eeb-b227-e4d55342de88
[92mINFO [0m:      Sent reply
[92mINFO [0m:      
[92mINFO [0m:      Received: evaluate message 65947da2-0a73-436a-99aa-cc251938c6aa
[92mINFO [0m:      Sent reply
[92mINFO [0m:      
[92mINFO [0m:      Received: train message a7e22e03-58d7-43c7-94de-5073f5546418
[92mINFO [0m:      Sent reply
[92mINFO [0m:      
[92mINFO [0m:      Received: train message a2d4c5d1-7e6b-4e31-9896-97e68826223c
[92mINFO [0m:      Sent reply
[92mINFO [0m:      
[92mINFO [0m:      Received: evaluate message 4443a313-cebd-4095-a375-fa11f8fd9197
[92mINFO [0m:      Sent reply
[92mINFO [0m:      
[92mINFO [0m:      Received: train message 7fc9f581-91d9-4d80-9160-8c96f994bcad
[92mINFO [0m:      Sent reply
[92mINFO [0m:      
[92mINFO [0m:      Received: evaluate message 0349aa2a-70d3-4a9f-b24f-4b32c65a8a3f
[92mINFO [0m:      Sent reply
[92mINFO [0m:      
[92mINFO [0m:      Received: evaluate message 19468aad-39e7-4eaa-8652-42bbccefc902
[92mINFO [0m:      Sent reply
[92mINFO [0m:      
[92mINFO [0m:      Received: train message ba87688e-cff9-4291-b2ab-477f20ea8661
[92mINFO [0m:      Sent reply
[92mINFO [0m:      
[92mINFO [0m:      Received: evaluate message 9e531315-592a-46cc-a111-f90bcd88d8ab
[92mINFO [0m:      Sent reply
[92mINFO [0m:      
[92mINFO [0m:      Received: train message 810e018a-3faf-4cd9-9f28-f829f8a5aa9c
[92mINFO [0m:      Sent reply
[92mINFO [0m:      
[92mINFO [0m:      Received: evaluate message 72a0b90a-c6b3-4d82-99d9-5d8de2ae2485
[92mINFO [0m:      Sent reply
[92mINFO [0m:      
[92mINFO [0m:      Received: evaluate message 219de6ac-0dcc-460a-bc07-f413af4dc556
[92mINFO [0m:      Sent reply
[92mINFO [0m:      
[92mINFO [0m:      Received: reconnect message 89bf1a96-9a01-494a-8250-8bee27f0cbe7
[92mINFO [0m:      Disconnect and shut down
