[93mWARNING [0m:   DEPRECATED FEATURE: flwr.client.start_client() is deprecated.
	Instead, use the `flower-supernode` CLI command to start a SuperNode as shown below:

		$ flower-supernode --insecure --superlink='<IP>:<PORT>'

	To view all available options, run:

		$ flower-supernode --help

	Using `start_client()` is deprecated.

            This is a deprecated feature. It will be removed
            entirely in future versions of Flower.
        
[92mINFO [0m:      
[92mINFO [0m:      Received: evaluate message ed26b3ee-77b2-4cf0-87c7-63f9821709f6
[92mINFO [0m:      Sent reply
[92mINFO [0m:      
[92mINFO [0m:      Received: evaluate message ec19d578-1aeb-4db7-ad41-9f500fdb8d60
[92mINFO [0m:      Sent reply
[92mINFO [0m:      
[92mINFO [0m:      Received: train message f8bfe5d2-24e9-450a-bce8-03927b2a0af5
[92mINFO [0m:      Sent reply
[92mINFO [0m:      
[92mINFO [0m:      Received: evaluate message 51cac601-da05-494f-a311-d2e62a090450
[92mINFO [0m:      Sent reply
[92mINFO [0m:      
[92mINFO [0m:      Received: evaluate message e5d86c48-c4cf-469a-98ef-b25a3ef8e374
[92mINFO [0m:      Sent reply
[92mINFO [0m:      
[92mINFO [0m:      Received: train message e3f69126-391d-4b7a-8a75-eaec45c8f11d
[92mINFO [0m:      Sent reply
[92mINFO [0m:      
[92mINFO [0m:      Received: evaluate message cd895eb3-b571-451a-a9bd-461d78c8b7f4
[92mINFO [0m:      Sent reply
[92mINFO [0m:      
[92mINFO [0m:      Received: evaluate message 49e31ed0-bf50-400f-a394-054073ac95d4
[92mINFO [0m:      Sent reply
[92mINFO [0m:      
[92mINFO [0m:      Received: evaluate message 1af73dcc-d902-4130-a32c-b22bbdb4d63e
[92mINFO [0m:      Sent reply
[92mINFO [0m:      
[92mINFO [0m:      Received: train message 19ddd3b5-87d8-47cc-b558-e4a060396ea4
[92mINFO [0m:      Sent reply
[92mINFO [0m:      
[92mINFO [0m:      Received: evaluate message 0bb98407-fa4c-4522-b679-21852380968d
[92mINFO [0m:      Sent reply
[92mINFO [0m:      
[92mINFO [0m:      Received: train message 770b44a8-d0c6-480f-9759-d2ee8238e620
[92mINFO [0m:      Sent reply
[92mINFO [0m:      
[92mINFO [0m:      Received: evaluate message 832ae126-9b4f-4dc6-a9c4-44685c9e6bb5
[92mINFO [0m:      Sent reply
[92mINFO [0m:      
[92mINFO [0m:      Received: train message 5380c164-198c-4feb-abb4-39ffb648c459
[92mINFO [0m:      Sent reply
[92mINFO [0m:      
[92mINFO [0m:      Received: evaluate message 5cdfcf7e-847e-4f9f-acd6-12f8f573d390
[92mINFO [0m:      Sent reply
[92mINFO [0m:      
[92mINFO [0m:      Received: evaluate message 6d3b8423-ac18-496b-bed3-db3a3af9f938
[92mINFO [0m:      Sent reply
[92mINFO [0m:      
[92mINFO [0m:      Received: train message 996c0381-32c9-4cef-94df-8073155fa0e2
[92mINFO [0m:      Sent reply
[92mINFO [0m:      
[92mINFO [0m:      Received: evaluate message 54d742ec-e89f-4633-8f1d-e93bff6e7028
[92mINFO [0m:      Sent reply
[92mINFO [0m:      
[92mINFO [0m:      Received: evaluate message 057ecfa5-c9e5-4ade-ab38-425d77f612eb
[92mINFO [0m:      Sent reply
[92mINFO [0m:      
[92mINFO [0m:      Received: evaluate message e21ffa5f-869c-4d76-982a-4448ffed33ac
[92mINFO [0m:      Sent reply
[92mINFO [0m:      
[92mINFO [0m:      Received: train message 0017bae8-7b8e-425d-b924-804502d5178c
[92mINFO [0m:      Sent reply
[92mINFO [0m:      
[92mINFO [0m:      Received: evaluate message 8d4d9eba-eb08-48e9-90e5-b04fe9ce6f7e
[92mINFO [0m:      Sent reply
[92mINFO [0m:      
[92mINFO [0m:      Received: train message d1957e68-20e2-43ed-a2bd-a9ba6cffb279
[92mINFO [0m:      Sent reply
[92mINFO [0m:      
[92mINFO [0m:      Received: evaluate message 9926ad8e-35ec-4662-876c-9e8fc863e2b1
[92mINFO [0m:      Sent reply
[92mINFO [0m:      
[92mINFO [0m:      Received: evaluate message 8b5f9623-b36b-4e95-b857-1eb72b6e250e
[92mINFO [0m:      Sent reply
[92mINFO [0m:      
[92mINFO [0m:      Received: train message bc232800-f41c-4540-94d4-be1501452b02
[92mINFO [0m:      Sent reply
[92mINFO [0m:      
[92mINFO [0m:      Received: train message 2d140ede-d6fc-4a3e-90a8-1cb22b077ce6
[92mINFO [0m:      Sent reply
[92mINFO [0m:      
[92mINFO [0m:      Received: evaluate message 5752bada-842b-40bb-8a3d-58176c7ad1ad
[92mINFO [0m:      Sent reply
[92mINFO [0m:      
[92mINFO [0m:      Received: train message 36137461-a8c6-413d-a76e-14ad7c270188
[92mINFO [0m:      Sent reply
[92mINFO [0m:      
[92mINFO [0m:      Received: evaluate message 3083e055-377e-4345-bbfe-ee46a8107574
[92mINFO [0m:      Sent reply
[92mINFO [0m:      
[92mINFO [0m:      Received: evaluate message dd124856-418a-4eb0-9904-8d31fbd773d6
[92mINFO [0m:      Sent reply
[92mINFO [0m:      
[92mINFO [0m:      Received: evaluate message b4491939-22b7-4221-b4ea-31d1f8c35ccb
[92mINFO [0m:      Sent reply
[92mINFO [0m:      
[92mINFO [0m:      Received: evaluate message 36a0460a-6f38-40f7-bc5f-4f71debe37bb
[92mINFO [0m:      Sent reply
[92mINFO [0m:      
[92mINFO [0m:      Received: train message 231a5e33-25b0-4fbb-8141-363bcf8f4ae1
[92mINFO [0m:      Sent reply
[92mINFO [0m:      
[92mINFO [0m:      Received: train message 7fa980d6-2098-443a-9862-7ff21d273e20
[92mINFO [0m:      Sent reply
[92mINFO [0m:      
[92mINFO [0m:      Received: evaluate message 88105282-4610-40a3-b743-dfbae6656b15
[92mINFO [0m:      Sent reply
[92mINFO [0m:      
[92mINFO [0m:      Received: train message 49e9161c-f450-405c-a15b-e7e5a0b67526
[92mINFO [0m:      Sent reply
[92mINFO [0m:      
[92mINFO [0m:      Received: train message 8d9b4275-d74e-42d4-b49a-8fcdee7d7959
[92mINFO [0m:      Sent reply
[92mINFO [0m:      
[92mINFO [0m:      Received: train message 3c4e39d8-58bf-408c-9f09-6ca9dc8e677c
[92mINFO [0m:      Sent reply
[92mINFO [0m:      
[92mINFO [0m:      Received: evaluate message c444dad9-8191-4bdc-88ee-dbc0abc763b1
[92mINFO [0m:      Sent reply
[92mINFO [0m:      
[92mINFO [0m:      Received: train message c1bd384c-3aae-40e4-9f28-f07228d02638
[92mINFO [0m:      Sent reply
[92mINFO [0m:      
[92mINFO [0m:      Received: evaluate message 2d36283a-0e10-4f64-ba0e-8812779e6f92
[92mINFO [0m:      Sent reply
[92mINFO [0m:      
[92mINFO [0m:      Received: evaluate message d48f42a9-8de7-4bc6-86c5-858d356ca7d6
[92mINFO [0m:      Sent reply
[92mINFO [0m:      
[92mINFO [0m:      Received: evaluate message e90aab41-5b6a-4083-b960-b8d3b3ec2474
[92mINFO [0m:      Sent reply
[92mINFO [0m:      
[92mINFO [0m:      Received: train message 6f70e63c-d26a-449f-8022-111b77f76f98
[92mINFO [0m:      Sent reply
[92mINFO [0m:      
[92mINFO [0m:      Received: train message 4c07c57f-9adc-4ccc-99bf-718126f06fd0
[92mINFO [0m:      Sent reply
[92mINFO [0m:      
[92mINFO [0m:      Received: evaluate message fe815ace-6792-4e6d-a52d-76d48309934a
[92mINFO [0m:      Sent reply
[92mINFO [0m:      
[92mINFO [0m:      Received: train message 6f254fe7-25bc-4419-ac55-a02c23cb0390
[92mINFO [0m:      Sent reply
[92mINFO [0m:      
[92mINFO [0m:      Received: evaluate message a25ed4f7-de4f-46f5-8ca3-7df80ff23020
[92mINFO [0m:      Sent reply
[92mINFO [0m:      
[92mINFO [0m:      Received: train message a661525f-a431-43d6-8720-996c3f2784e6
[92mINFO [0m:      Sent reply
[92mINFO [0m:      
[92mINFO [0m:      Received: train message 462ecef8-e122-4ac7-bd92-63d87ee006ae
[92mINFO [0m:      Sent reply
[92mINFO [0m:      
[92mINFO [0m:      Received: evaluate message 5acc53c3-c8ce-442b-bdbd-00a5b13adcf4
[92mINFO [0m:      Sent reply
[92mINFO [0m:      
[92mINFO [0m:      Received: train message c4c64154-6ca5-456f-a2fb-b2d180e0b343
[92mINFO [0m:      Sent reply
[92mINFO [0m:      
[92mINFO [0m:      Received: evaluate message bc5ba5ab-7197-4f74-8fe5-1da286a72184
[92mINFO [0m:      Sent reply
[92mINFO [0m:      
[92mINFO [0m:      Received: train message 5e56d1e0-de20-4d90-a4b1-0ffa2a3e6bb6
[92mINFO [0m:      Sent reply
[92mINFO [0m:      
[92mINFO [0m:      Received: train message 072a1b75-2358-4d9e-8180-b3d2e6455aee
[92mINFO [0m:      Sent reply
[92mINFO [0m:      
[92mINFO [0m:      Received: train message 2995e7b2-b3f7-4e27-9223-82a72a0da188
[92mINFO [0m:      Sent reply
[92mINFO [0m:      
[92mINFO [0m:      Received: evaluate message 4526c71f-b84e-428b-b351-2f9e7ac8d4d7
[92mINFO [0m:      Sent reply
[92mINFO [0m:      
[92mINFO [0m:      Received: train message 2585549e-5a8a-4bdc-bc3e-bd7c740d3ef6
[92mINFO [0m:      Sent reply
[92mINFO [0m:      
[92mINFO [0m:      Received: evaluate message 7ace9be1-31f5-4aca-a80f-4ba4385b37db
[92mINFO [0m:      Sent reply
[92mINFO [0m:      
[92mINFO [0m:      Received: train message 28152474-bdfb-40e7-843d-1f5dea6e0765
[92mINFO [0m:      Sent reply
[92mINFO [0m:      
[92mINFO [0m:      Received: train message ecaeb0fe-b609-49bd-8c71-4d4e17cf0879
[92mINFO [0m:      Sent reply
[92mINFO [0m:      
[92mINFO [0m:      Received: evaluate message 6a39a501-26c2-440b-b826-3251ea750184
[92mINFO [0m:      Sent reply
[92mINFO [0m:      
[92mINFO [0m:      Received: evaluate message 594f8d03-7a91-4dfd-8927-6bc31863c858
[92mINFO [0m:      Sent reply
[92mINFO [0m:      
[92mINFO [0m:      Received: evaluate message ab7551ab-e35f-4732-b5b5-330c96867968
[92mINFO [0m:      Sent reply
[92mINFO [0m:      
[92mINFO [0m:      Received: evaluate message 4287e857-28c7-4122-aefa-3fdd7e9444e0
[92mINFO [0m:      Sent reply
[92mINFO [0m:      
[92mINFO [0m:      Received: train message effabcb3-c65e-49bb-89ae-d2e71b5db865
[92mINFO [0m:      Sent reply
[92mINFO [0m:      
[92mINFO [0m:      Received: train message e045fbc4-75dc-41d6-873c-efeb98063037
[92mINFO [0m:      Sent reply
[92mINFO [0m:      
[92mINFO [0m:      Received: evaluate message 9f572ab0-9822-4440-be02-a98aad904581
[92mINFO [0m:      Sent reply
[92mINFO [0m:      
[92mINFO [0m:      Received: train message d733cbd4-fa63-4df1-a8cc-b70a6bddda9e
[92mINFO [0m:      Sent reply
[92mINFO [0m:      
[92mINFO [0m:      Received: evaluate message 1574e602-fad0-44a1-8b4d-618e44268e16
[92mINFO [0m:      Sent reply
[92mINFO [0m:      
[92mINFO [0m:      Received: train message bb4fd7d3-3b18-4050-b60d-77ba82435db5
[92mINFO [0m:      Sent reply
[92mINFO [0m:      
[92mINFO [0m:      Received: train message e4817820-1c65-4e59-af54-af461e07308d
[92mINFO [0m:      Sent reply
[92mINFO [0m:      
[92mINFO [0m:      Received: evaluate message 843b0683-158b-446b-a845-4ce613cad003
[92mINFO [0m:      Sent reply
[92mINFO [0m:      
[92mINFO [0m:      Received: evaluate message 69e2bce5-72c6-4977-9a54-88fe3d9d2c7c
[92mINFO [0m:      Sent reply
[92mINFO [0m:      
[92mINFO [0m:      Received: evaluate message 7ff9c92e-bb3b-4408-bea3-5853e13d8e41
[92mINFO [0m:      Sent reply
[92mINFO [0m:      
[92mINFO [0m:      Received: train message 79509ccf-e63a-4423-8553-349669f460cc
[92mINFO [0m:      Sent reply
[92mINFO [0m:      
[92mINFO [0m:      Received: train message 996aae25-053b-4e29-b284-df2f1038f6ae
[92mINFO [0m:      Sent reply
[92mINFO [0m:      
[92mINFO [0m:      Received: train message 7d24db92-fac1-42cc-b58d-c1128bcb1961
[92mINFO [0m:      Sent reply
[92mINFO [0m:      
[92mINFO [0m:      Received: evaluate message baed5205-abeb-4a1e-813a-3d9a99bdd4e3
[92mINFO [0m:      Sent reply
[92mINFO [0m:      
[92mINFO [0m:      Received: evaluate message 60a8dced-14cb-4000-853b-5e423f3f2008
[92mINFO [0m:      Sent reply
[92mINFO [0m:      
[92mINFO [0m:      Received: evaluate message 49a4a059-5fe4-4a33-b5d8-600136523c87
[92mINFO [0m:      Sent reply
[92mINFO [0m:      
[92mINFO [0m:      Received: train message fb487517-21a1-472d-86bf-99b83a292ea4
[92mINFO [0m:      Sent reply
[92mINFO [0m:      
[92mINFO [0m:      Received: train message b2e8c720-c26c-499a-9db5-5f7005657ba9
[92mINFO [0m:      Sent reply
[92mINFO [0m:      
[92mINFO [0m:      Received: evaluate message e0156120-ad2e-4a97-8fbb-7d3848533021
[92mINFO [0m:      Sent reply
[92mINFO [0m:      
[92mINFO [0m:      Received: train message bd52dd5d-12e9-41ec-955e-b79728a83eb6
[92mINFO [0m:      Sent reply
[92mINFO [0m:      
[92mINFO [0m:      Received: evaluate message 10265a9e-46f2-4441-befc-366320141f1c
[92mINFO [0m:      Sent reply
[92mINFO [0m:      
[92mINFO [0m:      Received: evaluate message db655c6c-d0e9-4728-b7ca-cb945e50031a
[92mINFO [0m:      Sent reply
[92mINFO [0m:      
[92mINFO [0m:      Received: evaluate message 9034d241-5f4f-4534-a268-6ca1c773d477
[92mINFO [0m:      Sent reply
[92mINFO [0m:      
[92mINFO [0m:      Received: train message 4ea5f7e4-d24f-4bf9-9993-c50f24f1d283
[92mINFO [0m:      Sent reply
[92mINFO [0m:      
[92mINFO [0m:      Received: train message 19628538-5a65-49bd-94ae-2874d31bcbbf
[92mINFO [0m:      Sent reply
[92mINFO [0m:      
[92mINFO [0m:      Received: train message 0871d906-ab8c-42ad-8da9-168b992adc45
[92mINFO [0m:      Sent reply
[92mINFO [0m:      
[92mINFO [0m:      Received: evaluate message c4d6d793-58ee-410b-ac8a-c7f376aabcbd
[92mINFO [0m:      Sent reply
[92mINFO [0m:      
[92mINFO [0m:      Received: evaluate message 2ca2aa0f-a4a3-46cb-b8f5-39a6938544fe
[92mINFO [0m:      Sent reply
[92mINFO [0m:      
[92mINFO [0m:      Received: evaluate message 9bda649f-f80b-4fea-a7b8-f718f6e953c8
[92mINFO [0m:      Sent reply
[92mINFO [0m:      
[92mINFO [0m:      Received: evaluate message ada8541b-cfa4-44e7-8f47-060a189f3fc5
[92mINFO [0m:      Sent reply
[92mINFO [0m:      
[92mINFO [0m:      Received: train message 388cb149-b413-4f28-914b-d9139d73f395
[92mINFO [0m:      Sent reply
[92mINFO [0m:      
[92mINFO [0m:      Received: train message 84b860bb-6fd9-459f-b6ff-0d29879d4c96
[92mINFO [0m:      Sent reply
[92mINFO [0m:      
[92mINFO [0m:      Received: evaluate message ab282eb0-bc44-455d-8e6c-30c9856479a0
[92mINFO [0m:      Sent reply
[92mINFO [0m:      
[92mINFO [0m:      Received: evaluate message ef4a3ae0-0984-4872-b411-991a23571c7a
[92mINFO [0m:      Sent reply
[92mINFO [0m:      
[92mINFO [0m:      Received: evaluate message cf1f242f-b0f1-484f-83aa-d5b46c519bb0
[92mINFO [0m:      Sent reply
[92mINFO [0m:      
[92mINFO [0m:      Received: evaluate message 7de3aa03-a7f8-4064-86b0-1f6bd5623b16
[92mINFO [0m:      Sent reply
[92mINFO [0m:      
[92mINFO [0m:      Received: evaluate message 1324a90a-1bc6-413f-93c7-afe6ba34993b
[92mINFO [0m:      Sent reply
[92mINFO [0m:      
[92mINFO [0m:      Received: train message a4865e39-b013-463e-8b76-208d22569a07
[92mINFO [0m:      Sent reply
[92mINFO [0m:      
[92mINFO [0m:      Received: evaluate message a7f2a751-6a81-4a06-b801-960a4edfefd5
[92mINFO [0m:      Sent reply
[92mINFO [0m:      
[92mINFO [0m:      Received: evaluate message 94e67df5-2ab1-4629-a025-968863412ebd
[92mINFO [0m:      Sent reply
[92mINFO [0m:      
[92mINFO [0m:      Received: train message ca68e108-3af6-410c-9ce6-6673abc3c37d
[92mINFO [0m:      Sent reply
[92mINFO [0m:      
[92mINFO [0m:      Received: evaluate message d7792aed-f183-40e9-97f9-954a1d856388
[92mINFO [0m:      Sent reply
[92mINFO [0m:      
[92mINFO [0m:      Received: train message 53e6b0e5-527f-455d-9d9c-2f9cc95fb653
[92mINFO [0m:      Sent reply
[92mINFO [0m:      
[92mINFO [0m:      Received: evaluate message 92178bcd-e9ea-4713-a850-a20289870c3e
[92mINFO [0m:      Sent reply
[92mINFO [0m:      
[92mINFO [0m:      Received: evaluate message 10682665-dcab-458b-b1ba-6051d5cf1c80
[92mINFO [0m:      Sent reply
[92mINFO [0m:      
[92mINFO [0m:      Received: evaluate message f7a8c4a1-95ca-4f42-82be-5e11b23f3b53
[92mINFO [0m:      Sent reply
[92mINFO [0m:      
[92mINFO [0m:      Received: train message 540657dc-4ceb-44f0-806b-1a092f5b90cc
[92mINFO [0m:      Sent reply
[92mINFO [0m:      
[92mINFO [0m:      Received: train message 5e31962d-5974-499b-a3e8-c29a0d31e065
[92mINFO [0m:      Sent reply
[92mINFO [0m:      
[92mINFO [0m:      Received: evaluate message ad0d4207-60c9-4449-8a35-8fd1a4ef3b28
[92mINFO [0m:      Sent reply
[92mINFO [0m:      
[92mINFO [0m:      Received: evaluate message 4d2ad767-615b-4489-a22f-fb6ad28c2638
[92mINFO [0m:      Sent reply
[92mINFO [0m:      
[92mINFO [0m:      Received: train message 5d62c4b9-0ee6-41e7-98dd-f1906ca2c5ac
[92mINFO [0m:      Sent reply
[92mINFO [0m:      
[92mINFO [0m:      Received: train message 44150cd2-988d-4098-a247-4f51468e46be
[92mINFO [0m:      Sent reply
[92mINFO [0m:      
[92mINFO [0m:      Received: train message 647a7968-d4ee-4715-8c09-50aff852c534
[92mINFO [0m:      Sent reply
[92mINFO [0m:      
[92mINFO [0m:      Received: train message 998a567c-c426-4c13-8bd2-34fa7d8f5acb
[92mINFO [0m:      Sent reply
[92mINFO [0m:      
[92mINFO [0m:      Received: evaluate message d81ce0ff-da5a-4186-b6e5-428c7ef08597
[92mINFO [0m:      Sent reply
[92mINFO [0m:      
[92mINFO [0m:      Received: train message 6f09158b-b180-4fa4-aa37-e6020804b372
[92mINFO [0m:      Sent reply
[92mINFO [0m:      
[92mINFO [0m:      Received: evaluate message eecc017c-875e-4dc2-939c-b06059e3ebd8
[92mINFO [0m:      Sent reply
[92mINFO [0m:      
[92mINFO [0m:      Received: train message 546804db-ab82-4e5c-bf3d-0324e73440be
[92mINFO [0m:      Sent reply
[92mINFO [0m:      
[92mINFO [0m:      Received: evaluate message 46030ce7-51e3-4035-9885-7310e4723807
[92mINFO [0m:      Sent reply
[92mINFO [0m:      
[92mINFO [0m:      Received: train message cb05ce2a-9a9b-4c25-b5a3-a7424d69010c
[92mINFO [0m:      Sent reply
[92mINFO [0m:      
[92mINFO [0m:      Received: evaluate message c149ea1f-1c01-4971-bc8d-a2ad73b4453f
[92mINFO [0m:      Sent reply
[92mINFO [0m:      
[92mINFO [0m:      Received: evaluate message feaecaf2-dbb4-4eca-867b-b229baca7b0b
[92mINFO [0m:      Sent reply
[92mINFO [0m:      
[92mINFO [0m:      Received: train message 03e551c3-b4cd-4c30-bd82-f8cec9a12813
[92mINFO [0m:      Sent reply
[92mINFO [0m:      
[92mINFO [0m:      Received: evaluate message af79cf77-ce1b-42c1-bfe2-b5cce1ada65e
[92mINFO [0m:      Sent reply
[92mINFO [0m:      
[92mINFO [0m:      Received: evaluate message 7acdac45-fcd6-47e2-bd56-20cf785df7d2
[92mINFO [0m:      Sent reply
[92mINFO [0m:      
[92mINFO [0m:      Received: evaluate message 0b79f017-0a1d-434e-9255-b21a0fcd00f0
[92mINFO [0m:      Sent reply
[92mINFO [0m:      
[92mINFO [0m:      Received: train message 0af5beba-f73b-4ff1-aed1-ca23317d0589
[92mINFO [0m:      Sent reply
[92mINFO [0m:      
[92mINFO [0m:      Received: train message 8e0488d9-d820-4fac-99f3-00e505741793
[92mINFO [0m:      Sent reply
[92mINFO [0m:      
[92mINFO [0m:      Received: evaluate message 55120e98-be7c-4094-a640-773fa7be0a46
[92mINFO [0m:      Sent reply
[92mINFO [0m:      
[92mINFO [0m:      Received: train message 6f563caa-cdc9-47bb-83de-2750882b1d3e
[92mINFO [0m:      Sent reply
[92mINFO [0m:      
[92mINFO [0m:      Received: evaluate message c8443905-94f2-46f1-9eb9-8c9c613cdc25
[92mINFO [0m:      Sent reply
[92mINFO [0m:      
[92mINFO [0m:      Received: train message 749fdf02-c176-4e39-aa23-4f350fc70833
[92mINFO [0m:      Sent reply
[92mINFO [0m:      
[92mINFO [0m:      Received: evaluate message 298cb974-9edd-4b3d-a758-dca77d7410a0
[92mINFO [0m:      Sent reply
[92mINFO [0m:      
[92mINFO [0m:      Received: train message 315ff8d8-68c4-43a8-8eab-10df39290c0b
[92mINFO [0m:      Sent reply
[92mINFO [0m:      
[92mINFO [0m:      Received: evaluate message f30d800f-03c4-409c-9481-c0d7f66f4fb4
[92mINFO [0m:      Sent reply
[92mINFO [0m:      
[92mINFO [0m:      Received: train message 585eac97-747c-4be4-aee0-94a6d9e65f66
[92mINFO [0m:      Sent reply
[92mINFO [0m:      
[92mINFO [0m:      Received: evaluate message 98d37aa7-0f04-4643-92b5-8d81ed3d8662
[92mINFO [0m:      Sent reply
[92mINFO [0m:      
[92mINFO [0m:      Received: train message 4845bf84-62ce-4ec8-89b0-df2cb9054968
[92mINFO [0m:      Sent reply
[92mINFO [0m:      
[92mINFO [0m:      Received: evaluate message 38212ca1-d261-4d7a-a2cc-a7347609f69a
[92mINFO [0m:      Sent reply
[92mINFO [0m:      
[92mINFO [0m:      Received: train message cbe5ea45-912b-4424-a246-8b2e6596c891
[92mINFO [0m:      Sent reply
[92mINFO [0m:      
[92mINFO [0m:      Received: evaluate message c3a04200-9d22-43fe-a8cd-6022311880ce
[92mINFO [0m:      Sent reply
[92mINFO [0m:      
[92mINFO [0m:      Received: train message a8768da2-88df-416c-9693-f6f77f01fb52
[92mINFO [0m:      Sent reply
[92mINFO [0m:      
[92mINFO [0m:      Received: evaluate message fc45f9e1-35aa-43d9-8293-fc28b4878775
[92mINFO [0m:      Sent reply
[92mINFO [0m:      
[92mINFO [0m:      Received: train message b17a9f0f-6adf-4377-89f5-541b4ee4669b
[92mINFO [0m:      Sent reply
[92mINFO [0m:      
[92mINFO [0m:      Received: evaluate message ec09bb77-9c8e-4a50-a20e-50683e37e495
[92mINFO [0m:      Sent reply
[92mINFO [0m:      
[92mINFO [0m:      Received: evaluate message f3579289-352f-48aa-99b8-1dd69f5b2f1b
[92mINFO [0m:      Sent reply
[92mINFO [0m:      
[92mINFO [0m:      Received: train message 09c4f43d-eb2a-4f7a-9347-1093920c041c
[92mINFO [0m:      Sent reply
[92mINFO [0m:      
[92mINFO [0m:      Received: evaluate message 1c6c3a6f-d83a-4542-986f-1ebb29b9eede
[92mINFO [0m:      Sent reply
[92mINFO [0m:      
[92mINFO [0m:      Received: train message 46998f0b-1c33-48f8-9391-1d7314434f57
[92mINFO [0m:      Sent reply
[92mINFO [0m:      
[92mINFO [0m:      Received: evaluate message 744a396c-d8da-4fd3-a7ff-90cf2915987b
[92mINFO [0m:      Sent reply
[92mINFO [0m:      
[92mINFO [0m:      Received: evaluate message 2e432958-07e4-47d6-a6bd-3726b9fc6ce8
[92mINFO [0m:      Sent reply
[92mINFO [0m:      
[92mINFO [0m:      Received: train message 9330830d-f4c7-48c4-a958-906f6c90ebde
[92mINFO [0m:      Sent reply
[92mINFO [0m:      
[92mINFO [0m:      Received: evaluate message 10ae0d9f-86ee-455e-a0c7-935964646869
[92mINFO [0m:      Sent reply
[92mINFO [0m:      
[92mINFO [0m:      Received: train message c1c0366e-0af4-4059-b79a-a967cda536de
[92mINFO [0m:      Sent reply
[92mINFO [0m:      
[92mINFO [0m:      Received: train message 0983808d-957c-45a2-9f60-32a7f5a3853c
[92mINFO [0m:      Sent reply
[92mINFO [0m:      
[92mINFO [0m:      Received: train message 8e3f951d-0186-4c3e-ae63-6aa9bbf1a70f
[92mINFO [0m:      Sent reply
[92mINFO [0m:      
[92mINFO [0m:      Received: train message 69496a7d-5db4-43f4-b813-bc7ffbcc598c
[92mINFO [0m:      Sent reply
[92mINFO [0m:      
[92mINFO [0m:      Received: evaluate message 43e025c2-781a-4766-99e9-8c211473c00d
[92mINFO [0m:      Sent reply
[92mINFO [0m:      
[92mINFO [0m:      Received: train message a4012e49-984b-4033-8858-be159bef4882
[92mINFO [0m:      Sent reply
[92mINFO [0m:      
[92mINFO [0m:      Received: evaluate message 89ba4a79-eb99-459e-997b-1a50f346ea54
[92mINFO [0m:      Sent reply
[92mINFO [0m:      
[92mINFO [0m:      Received: train message 5af8babe-5e91-4546-9d6f-bfb197526d92
[92mINFO [0m:      Sent reply
[92mINFO [0m:      
[92mINFO [0m:      Received: evaluate message 58c696ea-df2d-45a1-a7f1-38810d4f3478
[92mINFO [0m:      Sent reply
[92mINFO [0m:      
[92mINFO [0m:      Received: train message 571c4090-a5ca-474c-af4b-95a8eabec61d
[92mINFO [0m:      Sent reply
[92mINFO [0m:      
[92mINFO [0m:      Received: evaluate message d01bc553-e7e0-441f-a745-6a04ffc6a0a3
[92mINFO [0m:      Sent reply
[92mINFO [0m:      
[92mINFO [0m:      Received: evaluate message 483e5350-2714-443b-8c77-e7114398a8bb
[92mINFO [0m:      Sent reply
[92mINFO [0m:      
[92mINFO [0m:      Received: train message 3826ce1f-3bb7-4c84-a2f9-8064176061ac
[92mINFO [0m:      Sent reply
[92mINFO [0m:      
[92mINFO [0m:      Received: evaluate message 52f5351e-beea-481a-a2aa-91720f90a3d7
[92mINFO [0m:      Sent reply
[92mINFO [0m:      
[92mINFO [0m:      Received: evaluate message e1dd3afa-5279-455f-8bd2-74d9ecff908f
[92mINFO [0m:      Sent reply
[92mINFO [0m:      
[92mINFO [0m:      Received: train message b1632ed3-007d-48af-baf4-f5bd85aae2f9
[92mINFO [0m:      Sent reply
[92mINFO [0m:      
[92mINFO [0m:      Received: evaluate message 71b45e2c-5a69-43fb-b69e-a4e747e66453
[92mINFO [0m:      Sent reply
[92mINFO [0m:      
[92mINFO [0m:      Received: train message 8c4da3d1-89f9-452d-a0c9-b6db12df7840
[92mINFO [0m:      Sent reply
[92mINFO [0m:      
[92mINFO [0m:      Received: evaluate message 76a1e1f0-b280-46bc-9f8d-f0f4a0367fec
[92mINFO [0m:      Sent reply
[92mINFO [0m:      
[92mINFO [0m:      Received: train message 6ea712b4-c2be-454e-877e-447ef362f313
[92mINFO [0m:      Sent reply
[92mINFO [0m:      
[92mINFO [0m:      Received: train message 72acf589-b286-4be1-9453-fd37105c38bd
[92mINFO [0m:      Sent reply
[92mINFO [0m:      
[92mINFO [0m:      Received: evaluate message 8fd7b370-55c1-42a1-aff0-6d3f64c89e76
[92mINFO [0m:      Sent reply
[92mINFO [0m:      
[92mINFO [0m:      Received: evaluate message 4786d85b-fb04-4a9e-bf49-5250d5eff49c
[92mINFO [0m:      Sent reply
[92mINFO [0m:      
[92mINFO [0m:      Received: train message c1b9e4a2-5ea3-4e8b-a839-170fcf91bf11
[92mINFO [0m:      Sent reply
[92mINFO [0m:      
[92mINFO [0m:      Received: train message 015f8902-a5d3-4e25-8413-11999ad21319
[92mINFO [0m:      Sent reply
[92mINFO [0m:      
[92mINFO [0m:      Received: evaluate message cab55202-46f0-4d91-b536-394587591c67
[92mINFO [0m:      Sent reply
[92mINFO [0m:      
[92mINFO [0m:      Received: evaluate message 846f986d-0b5d-4e20-ba52-38a627ae6601
[92mINFO [0m:      Sent reply
[92mINFO [0m:      
[92mINFO [0m:      Received: train message 974453df-9b3b-4b8d-b30a-6581ce2b9d1a
[92mINFO [0m:      Sent reply
[92mINFO [0m:      
[92mINFO [0m:      Received: evaluate message bb28f118-a454-4883-9b4f-69e546fe7318
[92mINFO [0m:      Sent reply
[92mINFO [0m:      
[92mINFO [0m:      Received: evaluate message ac01c511-a2bf-42e0-953b-51a6aa8580a0
[92mINFO [0m:      Sent reply
[92mINFO [0m:      
[92mINFO [0m:      Received: evaluate message 131dd660-d0a5-490f-ba82-fae45e645294
[92mINFO [0m:      Sent reply
[92mINFO [0m:      
[92mINFO [0m:      Received: evaluate message 22bdb390-866f-4949-89e1-5dc1771c9025
[92mINFO [0m:      Sent reply
[92mINFO [0m:      
[92mINFO [0m:      Received: evaluate message 53aab66f-f519-4008-bd71-6d60eb5a6e33
[92mINFO [0m:      Sent reply
[92mINFO [0m:      
[92mINFO [0m:      Received: train message 4f51b3a3-5c09-495a-b057-d058a2b45e82
[92mINFO [0m:      Sent reply
[92mINFO [0m:      
[92mINFO [0m:      Received: train message 7ad3b579-9018-4e6a-beb2-956a63f9ff6d
[92mINFO [0m:      Sent reply
[92mINFO [0m:      
[92mINFO [0m:      Received: evaluate message 8a78636d-723b-4d56-b116-69b0802d7a6c
[92mINFO [0m:      Sent reply
[92mINFO [0m:      
[92mINFO [0m:      Received: train message d095a7d0-6144-4421-9f28-3d03b71504fe
[92mINFO [0m:      Sent reply
[92mINFO [0m:      
[92mINFO [0m:      Received: train message d19547ae-ad69-43d6-a007-59dc28e47669
[92mINFO [0m:      Sent reply
[92mINFO [0m:      
[92mINFO [0m:      Received: evaluate message 575ed005-dc78-45ea-b8de-a9a1fc6de1d5
[92mINFO [0m:      Sent reply
[92mINFO [0m:      
[92mINFO [0m:      Received: evaluate message 730b5a85-3ac3-46e4-a2e5-f97b636355e1
[92mINFO [0m:      Sent reply
[92mINFO [0m:      
[92mINFO [0m:      Received: train message f5666d41-6788-4679-9354-86f25eb8288a
[92mINFO [0m:      Sent reply
[92mINFO [0m:      
[92mINFO [0m:      Received: train message 91df9663-9222-469f-8d2e-2b69a95b9d13
[92mINFO [0m:      Sent reply
[92mINFO [0m:      
[92mINFO [0m:      Received: evaluate message 541778c4-704a-4a06-90cc-71c42786a989
[92mINFO [0m:      Sent reply
[92mINFO [0m:      
[92mINFO [0m:      Received: evaluate message 80206dcf-3ddc-4f36-99c2-541e861cb8cf
[92mINFO [0m:      Sent reply
[92mINFO [0m:      
[92mINFO [0m:      Received: train message b2d3628e-b052-49eb-9f1b-e8a2518cb69e
[92mINFO [0m:      Sent reply
[92mINFO [0m:      
[92mINFO [0m:      Received: evaluate message 85bde166-ae92-46c3-a07d-c7cda25dc00f
[92mINFO [0m:      Sent reply
[92mINFO [0m:      
[92mINFO [0m:      Received: train message 2d0b9d92-39da-4383-bb53-875b3175769a
[92mINFO [0m:      Sent reply
[92mINFO [0m:      
[92mINFO [0m:      Received: train message c6ab47bc-f43b-4950-982c-37e01e8b2079
[92mINFO [0m:      Sent reply
[92mINFO [0m:      
[92mINFO [0m:      Received: evaluate message 63d049a8-240d-4ddd-a04e-9f6173bce7a8
[92mINFO [0m:      Sent reply
[92mINFO [0m:      
[92mINFO [0m:      Received: evaluate message 249bebcd-6d97-428e-91db-8f448c01f625
[92mINFO [0m:      Sent reply
[92mINFO [0m:      
[92mINFO [0m:      Received: evaluate message 8790f37d-3fbe-4f1e-b10b-b32e4fe9a48a
[92mINFO [0m:      Sent reply
[92mINFO [0m:      
[92mINFO [0m:      Received: evaluate message 51029715-8607-4c2f-8631-457c31687fff
[92mINFO [0m:      Sent reply
[92mINFO [0m:      
[92mINFO [0m:      Received: train message 973928f9-f2da-4461-b7f8-eed1245fe15d
[92mINFO [0m:      Sent reply
[92mINFO [0m:      
[92mINFO [0m:      Received: evaluate message acb2abb7-47af-4c0f-87c8-cc6583e34457
[92mINFO [0m:      Sent reply
[92mINFO [0m:      
[92mINFO [0m:      Received: train message de6402fa-62cc-4e49-ad3b-0ce2b4bd2367
[92mINFO [0m:      Sent reply
[92mINFO [0m:      
[92mINFO [0m:      Received: evaluate message 42b0b383-0289-42e3-b1e9-5c6ecfa8d915
[92mINFO [0m:      Sent reply
[92mINFO [0m:      
[92mINFO [0m:      Received: train message 65ea8b29-1afd-4754-b82b-d4c9f4330f6f
[92mINFO [0m:      Sent reply
[92mINFO [0m:      
[92mINFO [0m:      Received: train message 7df87c68-7084-4865-9de3-efa99165e640
[92mINFO [0m:      Sent reply
[92mINFO [0m:      
[92mINFO [0m:      Received: evaluate message 1debc2c3-5908-4da0-bae6-0687a614383a
[92mINFO [0m:      Sent reply
[92mINFO [0m:      
[92mINFO [0m:      Received: train message 3d3dd883-1cc2-4d2f-bded-c72a1dfc7121
[92mINFO [0m:      Sent reply
[92mINFO [0m:      
[92mINFO [0m:      Received: train message e26ad19b-e1db-4011-b5c3-1e9e16d6f3ab
[92mINFO [0m:      Sent reply
[92mINFO [0m:      
[92mINFO [0m:      Received: evaluate message a12a5a4f-29a3-47ec-a2ad-e7b892870c9a
[92mINFO [0m:      Sent reply
[92mINFO [0m:      
[92mINFO [0m:      Received: train message 50e8b63e-7d8f-4ef3-9639-00ef073ca866
[92mINFO [0m:      Sent reply
[92mINFO [0m:      
[92mINFO [0m:      Received: evaluate message ea32dd38-c3c6-4b86-b3f2-030400d16d45
[92mINFO [0m:      Sent reply
[92mINFO [0m:      
[92mINFO [0m:      Received: train message f60bff31-bf55-48f4-a130-a8aa0bc39776
[92mINFO [0m:      Sent reply
[92mINFO [0m:      
[92mINFO [0m:      Received: evaluate message 7b8e0db3-a9cb-4af5-9b71-07cde722cbf8
[92mINFO [0m:      Sent reply
[92mINFO [0m:      
[92mINFO [0m:      Received: train message fb2c2f5f-cd67-4ef0-81b9-eefe42fecd43
[92mINFO [0m:      Sent reply
[92mINFO [0m:      
[92mINFO [0m:      Received: evaluate message a491be80-0b1a-4471-ade3-f00a5d24de94
[92mINFO [0m:      Sent reply
[92mINFO [0m:      
[92mINFO [0m:      Received: evaluate message 65bf1c96-c22c-4923-8857-688a3075a21a
[92mINFO [0m:      Sent reply
[92mINFO [0m:      
[92mINFO [0m:      Received: evaluate message e4e78dc7-2dd6-4d3a-bc61-65baf046b086
[92mINFO [0m:      Sent reply
[92mINFO [0m:      
[92mINFO [0m:      Received: train message 1fa023f8-9253-434b-bc1f-ddb993f8b6a6
[92mINFO [0m:      Sent reply
[92mINFO [0m:      
[92mINFO [0m:      Received: evaluate message 5efdf03c-20e6-480b-9eec-881c44964f66
[92mINFO [0m:      Sent reply
[92mINFO [0m:      
[92mINFO [0m:      Received: train message 3aa4a9d0-cd92-477e-b445-782074022eba
[92mINFO [0m:      Sent reply
[92mINFO [0m:      
[92mINFO [0m:      Received: train message f300a645-e14f-4d5a-8ecd-875b2f094461
[92mINFO [0m:      Sent reply
[92mINFO [0m:      
[92mINFO [0m:      Received: evaluate message 717ad777-d185-4466-817f-e1aa59fc30e8
[92mINFO [0m:      Sent reply
[92mINFO [0m:      
[92mINFO [0m:      Received: train message 6a551191-ce40-4c35-aad4-1449750b8eb1
[92mINFO [0m:      Sent reply
[92mINFO [0m:      
[92mINFO [0m:      Received: evaluate message d4f93e5e-6366-4bcf-b3d9-a69f233c5894
[92mINFO [0m:      Sent reply
[92mINFO [0m:      
[92mINFO [0m:      Received: evaluate message a5c187f4-3cac-4c97-b2d5-341b16ed3dcb
[92mINFO [0m:      Sent reply
[92mINFO [0m:      
[92mINFO [0m:      Received: evaluate message bc36b8e3-e76e-4db5-ab0a-a871529be0b5
[92mINFO [0m:      Sent reply
[92mINFO [0m:      
[92mINFO [0m:      Received: train message 3435687b-e467-4fb0-b01d-56ba5747d24a
[92mINFO [0m:      Sent reply
[92mINFO [0m:      
[92mINFO [0m:      Received: evaluate message 8df6aadf-f20a-4f47-990d-483c4468336f
[92mINFO [0m:      Sent reply
[92mINFO [0m:      
[92mINFO [0m:      Received: evaluate message 0554d9a6-3041-4561-bfd1-f0ce1d9b439f
[92mINFO [0m:      Sent reply
[92mINFO [0m:      
[92mINFO [0m:      Received: evaluate message bc2a62ce-18a3-40f3-9073-0da9117847c5
[92mINFO [0m:      Sent reply
[92mINFO [0m:      
[92mINFO [0m:      Received: train message d5e5f118-c2a2-4a1f-8778-8f1628a19e05
[92mINFO [0m:      Sent reply
[92mINFO [0m:      
[92mINFO [0m:      Received: evaluate message 51766185-df14-4f96-b8fe-84358abde380
[92mINFO [0m:      Sent reply
[92mINFO [0m:      
[92mINFO [0m:      Received: train message f0696fb6-cf83-405a-a3d6-db67c8fd5652
[92mINFO [0m:      Sent reply
[92mINFO [0m:      
[92mINFO [0m:      Received: evaluate message 3a64a2fa-a49c-4055-b496-cd1d0b31c1d3
[92mINFO [0m:      Sent reply
[92mINFO [0m:      
[92mINFO [0m:      Received: reconnect message fb947015-74df-431f-a4e5-06de5897209f
[92mINFO [0m:      Disconnect and shut down
