[93mWARNING [0m:   DEPRECATED FEATURE: flwr.client.start_client() is deprecated.
	Instead, use the `flower-supernode` CLI command to start a SuperNode as shown below:

		$ flower-supernode --insecure --superlink='<IP>:<PORT>'

	To view all available options, run:

		$ flower-supernode --help

	Using `start_client()` is deprecated.

            This is a deprecated feature. It will be removed
            entirely in future versions of Flower.
        
[92mINFO [0m:      
[92mINFO [0m:      Received: train message 2dc7b90c-7959-4244-a6a0-2c9bfa03a299
[92mINFO [0m:      Sent reply
[92mINFO [0m:      
[92mINFO [0m:      Received: evaluate message 306a974b-0601-41ae-9b03-b4941569c8c9
[92mINFO [0m:      Sent reply
[92mINFO [0m:      
[92mINFO [0m:      Received: train message f8380295-2b11-4ff6-a24e-a7528f1b1e06
[92mINFO [0m:      Sent reply
[92mINFO [0m:      
[92mINFO [0m:      Received: evaluate message 947925a0-ce62-4cac-8251-3bce1a924738
[92mINFO [0m:      Sent reply
[92mINFO [0m:      
[92mINFO [0m:      Received: train message 3c624fe7-73ac-48bf-8af7-be75290de875
[92mINFO [0m:      Sent reply
[92mINFO [0m:      
[92mINFO [0m:      Received: evaluate message 5300588b-ea01-45d0-a651-0ba545c631f3
[92mINFO [0m:      Sent reply
[92mINFO [0m:      
[92mINFO [0m:      Received: train message 6306db04-0a39-4858-a170-1cc9c9a4dedf
[92mINFO [0m:      Sent reply
[92mINFO [0m:      
[92mINFO [0m:      Received: evaluate message b309a652-4a34-4ca5-a046-6ef4bba348eb
[92mINFO [0m:      Sent reply
[92mINFO [0m:      
[92mINFO [0m:      Received: train message 59e8ac2c-43c1-4b58-ab35-1eaeb719bd90
[92mINFO [0m:      Sent reply
[92mINFO [0m:      
[92mINFO [0m:      Received: evaluate message d80ab39a-816e-4e84-aec7-84495cd4b5b7
[92mINFO [0m:      Sent reply
[92mINFO [0m:      
[92mINFO [0m:      Received: train message e3055124-50a6-46b7-9a96-64ec039656b3
[92mINFO [0m:      Sent reply
[92mINFO [0m:      
[92mINFO [0m:      Received: evaluate message 838e5cf6-db80-4dd3-8c76-a0e702e5d6e3
[92mINFO [0m:      Sent reply
[92mINFO [0m:      
[92mINFO [0m:      Received: train message f68a3b4f-8366-425c-a44b-8f73e9e1ec32
[92mINFO [0m:      Sent reply
[92mINFO [0m:      
[92mINFO [0m:      Received: evaluate message 00070fec-8d34-4a74-a203-e87a480b0a57
[92mINFO [0m:      Sent reply
[92mINFO [0m:      
[92mINFO [0m:      Received: train message 0d861029-48f5-40bc-886e-2d587dee048c
[92mINFO [0m:      Sent reply
[92mINFO [0m:      
[92mINFO [0m:      Received: evaluate message 00aced72-24d1-43af-bbba-a7a99a3a82c0
[92mINFO [0m:      Sent reply
[92mINFO [0m:      
[92mINFO [0m:      Received: train message 9972580f-e6d5-453f-85ae-96c208faa736
[92mINFO [0m:      Sent reply
[92mINFO [0m:      
[92mINFO [0m:      Received: evaluate message a8e8d0d6-01d2-4e57-ac1c-ac160350ab8a
[92mINFO [0m:      Sent reply
[92mINFO [0m:      
[92mINFO [0m:      Received: train message 3cc57a14-243b-407e-97e8-760861d74708
[92mINFO [0m:      Sent reply
[92mINFO [0m:      
[92mINFO [0m:      Received: evaluate message 6fc21d4d-0c4d-463e-a9fe-1438da6b9558
[92mINFO [0m:      Sent reply
[92mINFO [0m:      
[92mINFO [0m:      Received: train message d7dde458-3d03-4e13-a57c-2a26bede4f31
[92mINFO [0m:      Sent reply
[92mINFO [0m:      
[92mINFO [0m:      Received: evaluate message 933116cb-5eb6-40c9-8972-f643f08ffb35
[92mINFO [0m:      Sent reply
[92mINFO [0m:      
[92mINFO [0m:      Received: train message e2c75c78-618e-4bd7-ad24-ffcd1ad000d2
[92mINFO [0m:      Sent reply
[92mINFO [0m:      
[92mINFO [0m:      Received: evaluate message ecdf5acf-4735-4d46-b891-1e04cc6c72d2
[92mINFO [0m:      Sent reply
[92mINFO [0m:      
[92mINFO [0m:      Received: train message 88e16721-a4c7-4bdb-b293-ba684476dba2
[92mINFO [0m:      Sent reply
[92mINFO [0m:      
[92mINFO [0m:      Received: evaluate message 2caf2484-9cd7-497e-a94e-7dae576642e4
[92mINFO [0m:      Sent reply
[92mINFO [0m:      
[92mINFO [0m:      Received: train message daa8f0fa-d086-4c38-88e3-cb57b97b732c
[92mINFO [0m:      Sent reply
[92mINFO [0m:      
[92mINFO [0m:      Received: evaluate message 146e10d4-b68b-4944-ae30-b6f17512870a
[92mINFO [0m:      Sent reply
[92mINFO [0m:      
[92mINFO [0m:      Received: train message 80b66b21-1a94-4dae-84a0-a934d959203b
[92mINFO [0m:      Sent reply
[92mINFO [0m:      
[92mINFO [0m:      Received: evaluate message 87391f43-df12-419b-8833-a50476c440d1
[92mINFO [0m:      Sent reply
[92mINFO [0m:      
[92mINFO [0m:      Received: train message 1b9028a6-ff1d-459b-a388-6c1755d266f5
[92mINFO [0m:      Sent reply
[92mINFO [0m:      
[92mINFO [0m:      Received: evaluate message 750184cf-e4c0-4d53-ae4b-7aac872683ea
[92mINFO [0m:      Sent reply
[92mINFO [0m:      
[92mINFO [0m:      Received: train message c7af10a0-6406-4a83-b0db-d30309bf4d03
[92mINFO [0m:      Sent reply
[92mINFO [0m:      
[92mINFO [0m:      Received: evaluate message fc8f40ee-af4b-4485-84d8-aece4ac8d2f1
[92mINFO [0m:      Sent reply
[92mINFO [0m:      
[92mINFO [0m:      Received: train message b7b6331f-5aa1-4a40-a271-0eba36e66990
[92mINFO [0m:      Sent reply
[92mINFO [0m:      
[92mINFO [0m:      Received: evaluate message fbe5fef6-c518-4a8e-ba79-0d10bb0a2c0f
[92mINFO [0m:      Sent reply
[92mINFO [0m:      
[92mINFO [0m:      Received: train message ae9cda8a-bc82-411d-8b7e-8ae9cabcd4aa
[92mINFO [0m:      Sent reply
[92mINFO [0m:      
[92mINFO [0m:      Received: evaluate message 40d8d862-4ade-4da8-9900-6ecba23ee7c5
[92mINFO [0m:      Sent reply
[92mINFO [0m:      
[92mINFO [0m:      Received: train message 5256d062-7b61-4583-92d4-bfcc6b258fb2
[92mINFO [0m:      Sent reply
[92mINFO [0m:      
[92mINFO [0m:      Received: evaluate message 8370caef-c7fa-42e1-9563-67f05538bee6
[92mINFO [0m:      Sent reply
[92mINFO [0m:      
[92mINFO [0m:      Received: train message 29ecdf43-d8b6-4dd9-8ba2-9c96a21f0c28
[92mINFO [0m:      Sent reply
[92mINFO [0m:      
[92mINFO [0m:      Received: evaluate message 81e60dbc-d838-4394-ba1a-f6511283391f
[92mINFO [0m:      Sent reply
[92mINFO [0m:      
[92mINFO [0m:      Received: train message 94cb0db1-2918-42ea-a718-51654f201f32
[92mINFO [0m:      Sent reply
[92mINFO [0m:      
[92mINFO [0m:      Received: evaluate message e33f48ac-a3f7-4d9d-8669-0ab1e511d5bf
[92mINFO [0m:      Sent reply
[92mINFO [0m:      
[92mINFO [0m:      Received: train message 5c6c1b9a-8f44-4437-aae6-64bd5fb1c127
[92mINFO [0m:      Sent reply
[92mINFO [0m:      
[92mINFO [0m:      Received: evaluate message b701a400-c1c8-4894-a632-4a416718c2de
[92mINFO [0m:      Sent reply
[92mINFO [0m:      
[92mINFO [0m:      Received: train message b54e02b6-04aa-44e0-b62d-ebd9c2f5621c
[92mINFO [0m:      Sent reply
[92mINFO [0m:      
[92mINFO [0m:      Received: evaluate message 393a32e0-857d-49ca-a2f0-2f2ca36e5c2e
[92mINFO [0m:      Sent reply
[92mINFO [0m:      
[92mINFO [0m:      Received: train message 382a2d26-b51c-4a9c-ac72-786ecaf498a1
[92mINFO [0m:      Sent reply
[92mINFO [0m:      
[92mINFO [0m:      Received: evaluate message 2b556fff-a8ff-447d-ac39-e75218c71cf3
[92mINFO [0m:      Sent reply
[92mINFO [0m:      
[92mINFO [0m:      Received: train message 889939c1-9bcc-49a7-a298-5a4f1027d869
[92mINFO [0m:      Sent reply
[92mINFO [0m:      
[92mINFO [0m:      Received: evaluate message 224a3437-1abd-4b8f-9779-ee6eda3c38d7
[92mINFO [0m:      Sent reply
[92mINFO [0m:      
[92mINFO [0m:      Received: train message b130a97b-efc6-4290-91da-6c42bde016b7
[92mINFO [0m:      Sent reply
[92mINFO [0m:      
[92mINFO [0m:      Received: evaluate message 5ce33f5d-6f90-4f2d-a087-0fef7d5aeac1
[92mINFO [0m:      Sent reply
[92mINFO [0m:      
[92mINFO [0m:      Received: train message 947aa54a-274b-4b8e-883d-8764698dd294
[92mINFO [0m:      Sent reply
[92mINFO [0m:      
[92mINFO [0m:      Received: evaluate message 31dadbda-ea5d-442c-91ba-774afa908f5d
[92mINFO [0m:      Sent reply
[92mINFO [0m:      
[92mINFO [0m:      Received: train message 56b285ae-7a4e-4556-aa99-f604606f6695
[92mINFO [0m:      Sent reply
[92mINFO [0m:      
[92mINFO [0m:      Received: evaluate message c8a2f8a7-083b-453b-9ad6-b9c70efa84de
[92mINFO [0m:      Sent reply
[92mINFO [0m:      
[92mINFO [0m:      Received: train message 9a49d97f-cf4c-485e-8b0b-b912921b08f1
[92mINFO [0m:      Sent reply
[92mINFO [0m:      
[92mINFO [0m:      Received: evaluate message 717969d6-3e8d-4fdc-9abb-de48fb1bb1d2
[92mINFO [0m:      Sent reply
[92mINFO [0m:      
[92mINFO [0m:      Received: train message 4d08a33d-68ff-488e-9fe6-2ea06a197c26
[92mINFO [0m:      Sent reply
[92mINFO [0m:      
[92mINFO [0m:      Received: evaluate message 22655e13-df87-4e73-99f2-33f836e16b8d
[92mINFO [0m:      Sent reply
[92mINFO [0m:      
[92mINFO [0m:      Received: train message 0acb7d5d-17be-4102-9858-f5d1e7c370e8
[92mINFO [0m:      Sent reply
[92mINFO [0m:      
[92mINFO [0m:      Received: evaluate message 512347f7-32cc-4b76-9f53-e2bb7cff43b0
[92mINFO [0m:      Sent reply
[92mINFO [0m:      
[92mINFO [0m:      Received: train message 6aeb7f82-6c7b-4efc-a9aa-74a3812d6033
[92mINFO [0m:      Sent reply
[92mINFO [0m:      
[92mINFO [0m:      Received: evaluate message 4c25dcb1-a1b4-4eab-a2df-1ecff48cd465
[92mINFO [0m:      Sent reply
[92mINFO [0m:      
[92mINFO [0m:      Received: train message 3f231d49-d4b2-4586-a5bd-339980a7854d
[92mINFO [0m:      Sent reply
[92mINFO [0m:      
[92mINFO [0m:      Received: evaluate message e01b4618-c089-403d-ad63-680a1f217b46
[92mINFO [0m:      Sent reply
[92mINFO [0m:      
[92mINFO [0m:      Received: train message fce2ffc8-a0ed-422a-a798-b84076df92fe
[92mINFO [0m:      Sent reply
[92mINFO [0m:      
[92mINFO [0m:      Received: evaluate message 7c202d36-d34a-4bc0-8696-0e5ef26f3bbf
[92mINFO [0m:      Sent reply
[92mINFO [0m:      
[92mINFO [0m:      Received: train message cb2bef27-5b4e-46f1-bb4f-bf6a47c8d080
[92mINFO [0m:      Sent reply
[92mINFO [0m:      
[92mINFO [0m:      Received: evaluate message e130370c-1c28-4d28-826f-7dadeddfbb88
[92mINFO [0m:      Sent reply
[92mINFO [0m:      
[92mINFO [0m:      Received: train message f25d5af5-9f3c-4a1e-9f74-1692a60cf257
[92mINFO [0m:      Sent reply
[92mINFO [0m:      
[92mINFO [0m:      Received: evaluate message 613dad31-43a4-435b-8667-49a338f62766
[92mINFO [0m:      Sent reply
[92mINFO [0m:      
[92mINFO [0m:      Received: train message 7ddaf183-8848-4d78-afbc-397b3237156d
[92mINFO [0m:      Sent reply
[92mINFO [0m:      
[92mINFO [0m:      Received: evaluate message 60ce8c2d-10f2-4a3c-ba68-af1b326e49a5
[92mINFO [0m:      Sent reply
[92mINFO [0m:      
[92mINFO [0m:      Received: train message 5a080e4c-458a-41a5-b5c9-8a9356ecc3c6
[92mINFO [0m:      Sent reply
[92mINFO [0m:      
[92mINFO [0m:      Received: evaluate message 08ab0196-df41-47bc-97f7-f82c777d4cd2
[92mINFO [0m:      Sent reply
[92mINFO [0m:      
[92mINFO [0m:      Received: train message c60cb026-0fb7-497c-910b-f6b5ae466284
[92mINFO [0m:      Sent reply
[92mINFO [0m:      
[92mINFO [0m:      Received: evaluate message 4aa068f4-4509-4465-b864-0d095954b184
[92mINFO [0m:      Sent reply
[92mINFO [0m:      
[92mINFO [0m:      Received: train message be818068-3d6f-407c-9c1f-6997bd2fa352
[92mINFO [0m:      Sent reply
[92mINFO [0m:      
[92mINFO [0m:      Received: evaluate message b646d275-7915-4b36-9944-b3e9242e6295
[92mINFO [0m:      Sent reply
[92mINFO [0m:      
[92mINFO [0m:      Received: train message 6270961e-410f-4a6d-a91a-ca75f5aee065
[92mINFO [0m:      Sent reply
[92mINFO [0m:      
[92mINFO [0m:      Received: evaluate message 6645ec37-838c-4a95-a3a2-89dc4325f7d7
[92mINFO [0m:      Sent reply
[92mINFO [0m:      
[92mINFO [0m:      Received: train message 39b6ed15-ca4e-4c54-85c4-b53c4ce724d7
[92mINFO [0m:      Sent reply
[92mINFO [0m:      
[92mINFO [0m:      Received: evaluate message 55ddd60b-7652-4f86-8a92-4f3a49654966
[92mINFO [0m:      Sent reply
[92mINFO [0m:      
[92mINFO [0m:      Received: train message e1f6e293-4206-46ce-ae4b-96ed0c16414d
[92mINFO [0m:      Sent reply
[92mINFO [0m:      
[92mINFO [0m:      Received: evaluate message 797781cd-5e8f-407c-86d2-28b883c91ad9
[92mINFO [0m:      Sent reply
[92mINFO [0m:      
[92mINFO [0m:      Received: train message 3337442b-b098-46a1-b161-49cbe645565a
[92mINFO [0m:      Sent reply
[92mINFO [0m:      
[92mINFO [0m:      Received: evaluate message cf054ecf-d10e-48d2-9245-7cb2bd5451a1
[92mINFO [0m:      Sent reply
[92mINFO [0m:      
[92mINFO [0m:      Received: train message 68a2b07c-3c50-4117-8b33-d53bb2cd5bcd
[92mINFO [0m:      Sent reply
[92mINFO [0m:      
[92mINFO [0m:      Received: evaluate message 7437ada2-f996-4346-956f-5ba1f998d7b8
[92mINFO [0m:      Sent reply
[92mINFO [0m:      
[92mINFO [0m:      Received: train message f825e822-7226-4f7c-9d0d-e6461d3eea30
[92mINFO [0m:      Sent reply
[92mINFO [0m:      
[92mINFO [0m:      Received: evaluate message bfd0b950-9df6-4f2d-830b-20f868a5092f
[92mINFO [0m:      Sent reply
[92mINFO [0m:      
[92mINFO [0m:      Received: train message 9d446f72-5026-4eeb-85b1-3c2ad5255fb5
[92mINFO [0m:      Sent reply
[92mINFO [0m:      
[92mINFO [0m:      Received: evaluate message b0878e2a-51c2-4242-bc9a-ea5cfb7cc330
[92mINFO [0m:      Sent reply
[92mINFO [0m:      
[92mINFO [0m:      Received: train message 70b37ee5-3e3f-4bcd-8fa8-c8e212dabf64
[92mINFO [0m:      Sent reply
[92mINFO [0m:      
[92mINFO [0m:      Received: evaluate message 5abd8e62-ac15-40a8-92d8-3c2c3073fae9
[92mINFO [0m:      Sent reply
[92mINFO [0m:      
[92mINFO [0m:      Received: train message 686ddb3c-fc96-4cfa-8543-185d9cf1519a
[92mINFO [0m:      Sent reply
[92mINFO [0m:      
[92mINFO [0m:      Received: evaluate message e943b4ed-bb4c-4585-8e47-dfa25ab71dee
[92mINFO [0m:      Sent reply
[92mINFO [0m:      
[92mINFO [0m:      Received: reconnect message 506c9be4-b07d-4d95-8efb-ef371c7c10be
[92mINFO [0m:      Disconnect and shut down
