[93mWARNING [0m:   DEPRECATED FEATURE: flwr.client.start_client() is deprecated.
	Instead, use the `flower-supernode` CLI command to start a SuperNode as shown below:

		$ flower-supernode --insecure --superlink='<IP>:<PORT>'

	To view all available options, run:

		$ flower-supernode --help

	Using `start_client()` is deprecated.

            This is a deprecated feature. It will be removed
            entirely in future versions of Flower.
        
[92mINFO [0m:      
[92mINFO [0m:      Received: train message 14645a29-50b4-4027-a24a-2d5dd2c71b03
[92mINFO [0m:      Sent reply
[92mINFO [0m:      
[92mINFO [0m:      Received: evaluate message a1246741-5ea5-4ed1-a60b-8af60fdcc073
[92mINFO [0m:      Sent reply
[92mINFO [0m:      
[92mINFO [0m:      Received: train message f1f4dea4-42d0-476b-8750-b8fd9fbc86f8
[92mINFO [0m:      Sent reply
[92mINFO [0m:      
[92mINFO [0m:      Received: evaluate message b7ac558a-8412-400b-8ec9-941c1c959797
[92mINFO [0m:      Sent reply
[92mINFO [0m:      
[92mINFO [0m:      Received: train message 2131548c-60a7-4684-a6d5-ea0bafbb75fe
[92mINFO [0m:      Sent reply
[92mINFO [0m:      
[92mINFO [0m:      Received: evaluate message 752b1454-d9af-42fe-8b61-8174e94af4c1
[92mINFO [0m:      Sent reply
[92mINFO [0m:      
[92mINFO [0m:      Received: train message c3c3060b-d4bd-47ef-9ce5-f54b824a9636
[92mINFO [0m:      Sent reply
[92mINFO [0m:      
[92mINFO [0m:      Received: evaluate message 16e3856d-5cf2-4aad-b306-017498f0828e
[92mINFO [0m:      Sent reply
[92mINFO [0m:      
[92mINFO [0m:      Received: train message 50fee468-2e42-42aa-98cd-c92285163cb0
[92mINFO [0m:      Sent reply
[92mINFO [0m:      
[92mINFO [0m:      Received: evaluate message 45fcaaec-3ba3-4164-9468-741ae88bf9bd
[92mINFO [0m:      Sent reply
[92mINFO [0m:      
[92mINFO [0m:      Received: train message 66835e8d-68f8-465b-b2ad-0e579de482e1
[92mINFO [0m:      Sent reply
[92mINFO [0m:      
[92mINFO [0m:      Received: evaluate message 4e9d2550-17a2-4f3f-80f7-2557d07ddc98
[92mINFO [0m:      Sent reply
[92mINFO [0m:      
[92mINFO [0m:      Received: train message c27b0c91-c72c-4edf-b7f8-4c1c24f1870f
[92mINFO [0m:      Sent reply
[92mINFO [0m:      
[92mINFO [0m:      Received: evaluate message 9a8f4a36-1cb3-4aa4-b294-c280146293a1
[92mINFO [0m:      Sent reply
[92mINFO [0m:      
[92mINFO [0m:      Received: train message ee34f7ab-53d6-45ff-8801-f985ae47a8d9
[92mINFO [0m:      Sent reply
[92mINFO [0m:      
[92mINFO [0m:      Received: evaluate message 263695fd-3892-4399-b640-7a3c46d0f716
[92mINFO [0m:      Sent reply
[92mINFO [0m:      
[92mINFO [0m:      Received: train message f516fb43-cb7e-4940-847f-a2b4d79fb894
[92mINFO [0m:      Sent reply
[92mINFO [0m:      
[92mINFO [0m:      Received: evaluate message 723437c4-1d0b-4cc7-8912-2ca7be950962
[92mINFO [0m:      Sent reply
[92mINFO [0m:      
[92mINFO [0m:      Received: train message 933c26bd-23b4-4090-b5e8-d84b05a5324a
[92mINFO [0m:      Sent reply
[92mINFO [0m:      
[92mINFO [0m:      Received: evaluate message b4097e58-e774-413b-a419-4f45069a7b96
[92mINFO [0m:      Sent reply
[92mINFO [0m:      
[92mINFO [0m:      Received: train message c969b07d-ce70-496c-8d30-e70b2ac1a9c9
[92mINFO [0m:      Sent reply
[92mINFO [0m:      
[92mINFO [0m:      Received: evaluate message b7506065-05fd-4968-b482-9eb3b7d7741e
[92mINFO [0m:      Sent reply
[92mINFO [0m:      
[92mINFO [0m:      Received: train message 2621f4fb-e2f6-4012-955d-61d808f0528d
[92mINFO [0m:      Sent reply
[92mINFO [0m:      
[92mINFO [0m:      Received: evaluate message 5530826c-7004-4525-a8f8-ce8216c1d716
[92mINFO [0m:      Sent reply
[92mINFO [0m:      
[92mINFO [0m:      Received: train message 780754c1-0ecb-4a24-b30d-7c94c0f563a4
[92mINFO [0m:      Sent reply
[92mINFO [0m:      
[92mINFO [0m:      Received: evaluate message 3259496f-0dc8-4b05-ace4-a88f76c264bd
[92mINFO [0m:      Sent reply
[92mINFO [0m:      
[92mINFO [0m:      Received: train message 02797ac7-d48a-4425-a716-2229e8568f26
[92mINFO [0m:      Sent reply
[92mINFO [0m:      
[92mINFO [0m:      Received: evaluate message 6e990991-6127-48e8-8d1a-cc12ae2e1cdb
[92mINFO [0m:      Sent reply
[92mINFO [0m:      
[92mINFO [0m:      Received: train message 2ce27e6b-7197-4d53-a4de-f729890d6c9d
[92mINFO [0m:      Sent reply
[92mINFO [0m:      
[92mINFO [0m:      Received: evaluate message 49997632-9df3-46f2-9bbf-23a25b327c5b
[92mINFO [0m:      Sent reply
[92mINFO [0m:      
[92mINFO [0m:      Received: train message ab1836c6-ba31-45a5-8d65-19f77daab518
[92mINFO [0m:      Sent reply
[92mINFO [0m:      
[92mINFO [0m:      Received: evaluate message cc973bdd-a6a4-4444-9c69-71e9c333ec12
[92mINFO [0m:      Sent reply
[92mINFO [0m:      
[92mINFO [0m:      Received: train message 427d1cfc-67f4-48d5-a18e-990bdafb87fc
[92mINFO [0m:      Sent reply
[92mINFO [0m:      
[92mINFO [0m:      Received: evaluate message 4c1a5a39-ec36-4248-8b8f-ea62661babe3
[92mINFO [0m:      Sent reply
[92mINFO [0m:      
[92mINFO [0m:      Received: train message 882dcd2f-db1e-4bad-ab82-143fd67d47ea
[92mINFO [0m:      Sent reply
[92mINFO [0m:      
[92mINFO [0m:      Received: evaluate message b4379c39-43e8-4810-9821-18a666483518
[92mINFO [0m:      Sent reply
[92mINFO [0m:      
[92mINFO [0m:      Received: train message 26ad0867-887e-4d33-82fe-9b994b0cbe73
[92mINFO [0m:      Sent reply
[92mINFO [0m:      
[92mINFO [0m:      Received: evaluate message 3e60c6a4-f6f7-4f5b-9e8b-63ef3eac7f22
[92mINFO [0m:      Sent reply
[92mINFO [0m:      
[92mINFO [0m:      Received: train message 2cd8ef78-fb0e-444f-9a52-9f7b1d1c3518
[92mINFO [0m:      Sent reply
[92mINFO [0m:      
[92mINFO [0m:      Received: evaluate message fb31507d-f797-4e39-89ac-86f006801789
[92mINFO [0m:      Sent reply
[92mINFO [0m:      
[92mINFO [0m:      Received: train message 5c328f9a-da16-4bd8-9ccc-d72c953a221d
[92mINFO [0m:      Sent reply
[92mINFO [0m:      
[92mINFO [0m:      Received: evaluate message 5c21e5df-c94c-4538-a540-d51b2f127660
[92mINFO [0m:      Sent reply
[92mINFO [0m:      
[92mINFO [0m:      Received: train message cb02a015-abbf-470c-a41c-546a994a68b0
[92mINFO [0m:      Sent reply
[92mINFO [0m:      
[92mINFO [0m:      Received: evaluate message 906379a0-c8ee-4a4e-84d9-4dbd391ed968
[92mINFO [0m:      Sent reply
[92mINFO [0m:      
[92mINFO [0m:      Received: train message 67e2ef22-c162-4902-b442-3bd57b4951e7
[92mINFO [0m:      Sent reply
[92mINFO [0m:      
[92mINFO [0m:      Received: evaluate message 5b1965c4-3832-4d7e-8eac-538a19135cb8
[92mINFO [0m:      Sent reply
[92mINFO [0m:      
[92mINFO [0m:      Received: train message 48402e22-7884-48b5-8fdd-ee24be9bb155
[92mINFO [0m:      Sent reply
[92mINFO [0m:      
[92mINFO [0m:      Received: evaluate message 9865ae42-9102-4a2f-849e-66870ffcd3c0
[92mINFO [0m:      Sent reply
[92mINFO [0m:      
[92mINFO [0m:      Received: train message f263b847-adb4-48da-a0f6-f65d0172b959
[92mINFO [0m:      Sent reply
[92mINFO [0m:      
[92mINFO [0m:      Received: evaluate message b4a12003-3218-447e-a6a2-633ec329dde7
[92mINFO [0m:      Sent reply
[92mINFO [0m:      
[92mINFO [0m:      Received: train message 23bd32b7-d6af-4446-935d-adf1f8cfca8b
[92mINFO [0m:      Sent reply
[92mINFO [0m:      
[92mINFO [0m:      Received: evaluate message d46ce1ae-dd94-4c45-b78c-4eccd91cd35d
[92mINFO [0m:      Sent reply
[92mINFO [0m:      
[92mINFO [0m:      Received: train message 3e3063bc-934d-4b6c-8d5e-f7eb83bba086
[92mINFO [0m:      Sent reply
[92mINFO [0m:      
[92mINFO [0m:      Received: evaluate message db55572b-493d-4278-9dea-aeb081521973
[92mINFO [0m:      Sent reply
[92mINFO [0m:      
[92mINFO [0m:      Received: train message d21b7adf-5ecf-4fd1-99ab-9dee7e4f5d00
[92mINFO [0m:      Sent reply
[92mINFO [0m:      
[92mINFO [0m:      Received: evaluate message e0ab6f02-6e7b-4970-9ac6-dc7b760a033e
[92mINFO [0m:      Sent reply
[92mINFO [0m:      
[92mINFO [0m:      Received: train message 28215260-c879-42c9-8f4f-eb189e9eaaf2
[92mINFO [0m:      Sent reply
[92mINFO [0m:      
[92mINFO [0m:      Received: evaluate message 3639f8bf-1d0d-4f4a-8598-e8fbf467d062
[92mINFO [0m:      Sent reply
[92mINFO [0m:      
[92mINFO [0m:      Received: train message 920cedd2-066d-44dc-ae13-5c3bd791ffb3
[92mINFO [0m:      Sent reply
[92mINFO [0m:      
[92mINFO [0m:      Received: evaluate message 93e66826-ef0c-420c-8be6-8515530e2020
[92mINFO [0m:      Sent reply
[92mINFO [0m:      
[92mINFO [0m:      Received: train message a1b5ed37-6bdc-46d3-a31b-1a8121611799
[92mINFO [0m:      Sent reply
[92mINFO [0m:      
[92mINFO [0m:      Received: evaluate message 9937b658-1984-4daf-a875-f3c50349dbf1
[92mINFO [0m:      Sent reply
[92mINFO [0m:      
[92mINFO [0m:      Received: train message 7d9827ac-c7d0-4a08-bdbc-56a642430376
[92mINFO [0m:      Sent reply
[92mINFO [0m:      
[92mINFO [0m:      Received: evaluate message aaa6722e-c246-4bd9-bf76-4fbdf607ce68
[92mINFO [0m:      Sent reply
[92mINFO [0m:      
[92mINFO [0m:      Received: train message 313f8b0c-a56d-460e-b6af-4bc1c2cf7ac1
[92mINFO [0m:      Sent reply
[92mINFO [0m:      
[92mINFO [0m:      Received: evaluate message 9f81c7b2-8888-4c36-8c74-a3238501e117
[92mINFO [0m:      Sent reply
[92mINFO [0m:      
[92mINFO [0m:      Received: train message aa67f6f0-63d6-4e1a-8f76-d56206797b09
[92mINFO [0m:      Sent reply
[92mINFO [0m:      
[92mINFO [0m:      Received: evaluate message bb6fddd2-a903-4cc7-8635-c761debd91b0
[92mINFO [0m:      Sent reply
[92mINFO [0m:      
[92mINFO [0m:      Received: train message 734bcbf8-4bbf-4a04-b039-d55c2dda1bea
[92mINFO [0m:      Sent reply
[92mINFO [0m:      
[92mINFO [0m:      Received: evaluate message e76536e0-0265-4496-a047-adb2597e01ea
[92mINFO [0m:      Sent reply
[92mINFO [0m:      
[92mINFO [0m:      Received: train message 7c1438f9-dd35-4c88-94c2-636576b5dc9e
[92mINFO [0m:      Sent reply
[92mINFO [0m:      
[92mINFO [0m:      Received: evaluate message 719fafee-bb78-4387-b5f8-82fb6a477ab4
[92mINFO [0m:      Sent reply
[92mINFO [0m:      
[92mINFO [0m:      Received: train message cefe00bb-0feb-46b4-b25e-3e009fa0c28c
[92mINFO [0m:      Sent reply
[92mINFO [0m:      
[92mINFO [0m:      Received: evaluate message a94719e9-7d47-4a9f-b98c-b0e957255dea
[92mINFO [0m:      Sent reply
[92mINFO [0m:      
[92mINFO [0m:      Received: train message 2b2394d1-c53e-4fba-af28-6cbe83e85c7f
[92mINFO [0m:      Sent reply
[92mINFO [0m:      
[92mINFO [0m:      Received: evaluate message 14aa5421-df07-4889-b4e5-fb0cd00de915
[92mINFO [0m:      Sent reply
[92mINFO [0m:      
[92mINFO [0m:      Received: train message 15ea8d6e-8f77-47b6-8c62-9a34e31d19a6
[92mINFO [0m:      Sent reply
[92mINFO [0m:      
[92mINFO [0m:      Received: evaluate message 5ebcffb1-d0ca-4d85-9966-2c593ead63d1
[92mINFO [0m:      Sent reply
[92mINFO [0m:      
[92mINFO [0m:      Received: train message 74646418-99dc-4a25-99c7-b2d3a4c6a82c
[92mINFO [0m:      Sent reply
[92mINFO [0m:      
[92mINFO [0m:      Received: evaluate message 8536d24f-1f02-49fd-aa4b-1218437e44bf
[92mINFO [0m:      Sent reply
[92mINFO [0m:      
[92mINFO [0m:      Received: train message ca5859d3-cef9-41bf-ba56-cdcbf9f1df2e
[92mINFO [0m:      Sent reply
[92mINFO [0m:      
[92mINFO [0m:      Received: evaluate message c338c3ae-1658-4330-ab2a-5c2f1366da3a
[92mINFO [0m:      Sent reply
[92mINFO [0m:      
[92mINFO [0m:      Received: train message f9270f5c-1b0a-4ef2-af61-8dbc8bdac23a
[92mINFO [0m:      Sent reply
[92mINFO [0m:      
[92mINFO [0m:      Received: evaluate message f86c897e-bd31-4d20-91be-21381dc7d0a9
[92mINFO [0m:      Sent reply
[92mINFO [0m:      
[92mINFO [0m:      Received: train message 88a44105-067e-4b95-8b2a-28717aa6505f
[92mINFO [0m:      Sent reply
[92mINFO [0m:      
[92mINFO [0m:      Received: evaluate message 1a47ca7e-17c5-426c-a137-6d44c0c99fdf
[92mINFO [0m:      Sent reply
[92mINFO [0m:      
[92mINFO [0m:      Received: train message 71eeaeb2-bc1e-43fc-83c2-2447ccf81ae9
[92mINFO [0m:      Sent reply
[92mINFO [0m:      
[92mINFO [0m:      Received: evaluate message be116215-e094-469b-8a52-e46606f40112
[92mINFO [0m:      Sent reply
[92mINFO [0m:      
[92mINFO [0m:      Received: train message c35b0c1e-98d7-4561-be7c-c8b211c7be42
[92mINFO [0m:      Sent reply
[92mINFO [0m:      
[92mINFO [0m:      Received: evaluate message 299e915b-bb00-4cf6-8731-7aac62901bf7
[92mINFO [0m:      Sent reply
[92mINFO [0m:      
[92mINFO [0m:      Received: train message 7493ffe9-1b1d-4307-9f2a-9efbb46abbde
[92mINFO [0m:      Sent reply
[92mINFO [0m:      
[92mINFO [0m:      Received: evaluate message 8e09add0-a074-4e80-9a57-5f64c8891289
[92mINFO [0m:      Sent reply
[92mINFO [0m:      
[92mINFO [0m:      Received: train message 3b14f850-55f2-4602-bde9-7552702ec736
[92mINFO [0m:      Sent reply
[92mINFO [0m:      
[92mINFO [0m:      Received: evaluate message a6c178f5-d919-4bcb-8d2e-51502fe587d7
[92mINFO [0m:      Sent reply
[92mINFO [0m:      
[92mINFO [0m:      Received: train message 8b8796bc-001f-4394-9c9c-0cb078f2a6a9
[92mINFO [0m:      Sent reply
[92mINFO [0m:      
[92mINFO [0m:      Received: evaluate message a4b32a2b-5bf3-4dec-be31-1c47769b61b2
[92mINFO [0m:      Sent reply
[92mINFO [0m:      
[92mINFO [0m:      Received: train message a5c3bc7c-05f6-477b-8a62-d7df7a1a02b1
[92mINFO [0m:      Sent reply
[92mINFO [0m:      
[92mINFO [0m:      Received: evaluate message 2c9a8220-bcb2-415c-8f88-16b41a020097
[92mINFO [0m:      Sent reply
[92mINFO [0m:      
[92mINFO [0m:      Received: train message a39a725f-62d2-4f3a-a34f-830542ebfe68
[92mINFO [0m:      Sent reply
[92mINFO [0m:      
[92mINFO [0m:      Received: evaluate message 37af7e51-9907-48c2-9519-c0c908f332ca
[92mINFO [0m:      Sent reply
[92mINFO [0m:      
[92mINFO [0m:      Received: reconnect message 65f1e996-93f8-41c1-bb3f-8ea28b6f9a7f
[92mINFO [0m:      Disconnect and shut down
