[93mWARNING [0m:   DEPRECATED FEATURE: flwr.client.start_client() is deprecated.
	Instead, use the `flower-supernode` CLI command to start a SuperNode as shown below:

		$ flower-supernode --insecure --superlink='<IP>:<PORT>'

	To view all available options, run:

		$ flower-supernode --help

	Using `start_client()` is deprecated.

            This is a deprecated feature. It will be removed
            entirely in future versions of Flower.
        
[92mINFO [0m:      
[92mINFO [0m:      Received: train message 5d5ba45d-84d7-4b1b-be9a-1dc7d2502aa4
[92mINFO [0m:      Sent reply
[92mINFO [0m:      
[92mINFO [0m:      Received: evaluate message 5ad82802-3d39-49c3-b492-0ff74ecaa81f
[92mINFO [0m:      Sent reply
[92mINFO [0m:      
[92mINFO [0m:      Received: train message 8581f471-3b67-4002-bc83-68370d7e2cc8
[92mINFO [0m:      Sent reply
[92mINFO [0m:      
[92mINFO [0m:      Received: evaluate message 1b912363-366a-4a92-a47f-26c75afc6942
[92mINFO [0m:      Sent reply
[92mINFO [0m:      
[92mINFO [0m:      Received: train message f11628ba-7056-4bed-9321-18fdd3a6ff9d
[92mINFO [0m:      Sent reply
[92mINFO [0m:      
[92mINFO [0m:      Received: evaluate message cb5dfbfc-906f-4282-92b9-da1ab4ac1ce7
[92mINFO [0m:      Sent reply
[92mINFO [0m:      
[92mINFO [0m:      Received: train message c7555c59-e5ce-40ed-966e-d7a7365d60ee
[92mINFO [0m:      Sent reply
[92mINFO [0m:      
[92mINFO [0m:      Received: evaluate message 32fb7b4b-ce4a-4fa0-af6c-b8ba4d2962c4
[92mINFO [0m:      Sent reply
[92mINFO [0m:      
[92mINFO [0m:      Received: train message 4e1895b1-c475-431b-bc2e-05570709facd
[92mINFO [0m:      Sent reply
[92mINFO [0m:      
[92mINFO [0m:      Received: evaluate message 213387d9-4ccc-4a04-b158-1045e4c2eb7e
[92mINFO [0m:      Sent reply
[92mINFO [0m:      
[92mINFO [0m:      Received: train message 73db3328-37f3-4754-9e0b-a694314061bb
[92mINFO [0m:      Sent reply
[92mINFO [0m:      
[92mINFO [0m:      Received: evaluate message 0e8d24f0-76fb-4c8f-871e-d05f08747295
[92mINFO [0m:      Sent reply
[92mINFO [0m:      
[92mINFO [0m:      Received: train message 63e08171-a8f4-4bcf-958c-229137f94bd8
[92mINFO [0m:      Sent reply
[92mINFO [0m:      
[92mINFO [0m:      Received: evaluate message a1e81c7d-ba4b-4700-975d-4b335c6cf78e
[92mINFO [0m:      Sent reply
[92mINFO [0m:      
[92mINFO [0m:      Received: train message eaea69d1-a495-4699-b2a3-1d8ce74a4d4c
[92mINFO [0m:      Sent reply
[92mINFO [0m:      
[92mINFO [0m:      Received: evaluate message 2a98c19e-08fe-4c1c-9563-3f66912114cc
[92mINFO [0m:      Sent reply
[92mINFO [0m:      
[92mINFO [0m:      Received: train message 57bc3611-2ced-4a9c-b97b-2d9783c8ba98
[92mINFO [0m:      Sent reply
[92mINFO [0m:      
[92mINFO [0m:      Received: evaluate message bc087664-82c3-4d00-9cba-d23c2b400c7b
[92mINFO [0m:      Sent reply
[92mINFO [0m:      
[92mINFO [0m:      Received: train message 169f399f-fe6e-4639-b71f-b85c4f9f942d
[92mINFO [0m:      Sent reply
[92mINFO [0m:      
[92mINFO [0m:      Received: evaluate message 38a2fb26-7ad8-4c2a-b056-e37ab81da003
[92mINFO [0m:      Sent reply
[92mINFO [0m:      
[92mINFO [0m:      Received: train message f885cf6e-c894-48ba-949d-58463618bece
[92mINFO [0m:      Sent reply
[92mINFO [0m:      
[92mINFO [0m:      Received: evaluate message 453ed551-7381-431d-bfd7-3f5952750021
[92mINFO [0m:      Sent reply
[92mINFO [0m:      
[92mINFO [0m:      Received: train message f1884287-381a-46af-8b91-0574907d5b4d
[92mINFO [0m:      Sent reply
[92mINFO [0m:      
[92mINFO [0m:      Received: evaluate message 6c42ac58-bca1-4672-b62f-a5e379e8abab
[92mINFO [0m:      Sent reply
[92mINFO [0m:      
[92mINFO [0m:      Received: train message 69f3f173-a0a1-486c-b01c-298f33cf92a4
[92mINFO [0m:      Sent reply
[92mINFO [0m:      
[92mINFO [0m:      Received: evaluate message 7907c9e9-8047-487b-9101-1afb5538154a
[92mINFO [0m:      Sent reply
[92mINFO [0m:      
[92mINFO [0m:      Received: train message 9fee215d-b513-4ed3-9d2e-493b04cc1416
[92mINFO [0m:      Sent reply
[92mINFO [0m:      
[92mINFO [0m:      Received: evaluate message 8266c711-7095-441a-986c-1edd18844213
[92mINFO [0m:      Sent reply
[92mINFO [0m:      
[92mINFO [0m:      Received: train message da5838eb-e55a-4c99-8cb8-36e4a4706e0c
[92mINFO [0m:      Sent reply
[92mINFO [0m:      
[92mINFO [0m:      Received: evaluate message 0ff5004f-2c2a-499d-801f-449535644b22
[92mINFO [0m:      Sent reply
[92mINFO [0m:      
[92mINFO [0m:      Received: train message 693c8f31-5d69-4e60-9a1c-59f77e5a5abf
[92mINFO [0m:      Sent reply
[92mINFO [0m:      
[92mINFO [0m:      Received: evaluate message 75c3fdf4-90f3-47b5-98ea-5b307c6dd09d
[92mINFO [0m:      Sent reply
[92mINFO [0m:      
[92mINFO [0m:      Received: train message 4f2f8e0d-f568-4ea4-84d2-eb728344aac9
[92mINFO [0m:      Sent reply
[92mINFO [0m:      
[92mINFO [0m:      Received: evaluate message 239bbdc3-c5ee-41df-91b9-159dbdda71b8
[92mINFO [0m:      Sent reply
[92mINFO [0m:      
[92mINFO [0m:      Received: train message 4e436e11-77b6-4df6-8a5c-9b644e8a6112
[92mINFO [0m:      Sent reply
[92mINFO [0m:      
[92mINFO [0m:      Received: evaluate message c9749416-4925-4749-8a30-0fbc13f8a281
[92mINFO [0m:      Sent reply
[92mINFO [0m:      
[92mINFO [0m:      Received: train message 2f978b5c-3d70-4e53-b65d-c84727e713f3
[92mINFO [0m:      Sent reply
[92mINFO [0m:      
[92mINFO [0m:      Received: evaluate message 3dbc1019-1379-408e-be76-0e369f6e0d21
[92mINFO [0m:      Sent reply
[92mINFO [0m:      
[92mINFO [0m:      Received: train message 36b7361d-7fc2-42c2-879c-ddd5adfda1e0
[92mINFO [0m:      Sent reply
[92mINFO [0m:      
[92mINFO [0m:      Received: evaluate message a13d3451-61e0-4185-9576-f897bbcb0999
[92mINFO [0m:      Sent reply
[92mINFO [0m:      
[92mINFO [0m:      Received: train message c84ed797-42ca-41b1-bab4-50553a77ba14
[92mINFO [0m:      Sent reply
[92mINFO [0m:      
[92mINFO [0m:      Received: evaluate message 4f0150e4-d573-4a99-8d08-77e03f70775b
[92mINFO [0m:      Sent reply
[92mINFO [0m:      
[92mINFO [0m:      Received: train message f77e71e7-5222-43ca-b4e4-58259906404f
[92mINFO [0m:      Sent reply
[92mINFO [0m:      
[92mINFO [0m:      Received: evaluate message 54c139a3-149c-4f89-95ee-b5185d7fb04b
[92mINFO [0m:      Sent reply
[92mINFO [0m:      
[92mINFO [0m:      Received: train message 683f520e-6eeb-4b03-8a31-9e121b2b285f
[92mINFO [0m:      Sent reply
[92mINFO [0m:      
[92mINFO [0m:      Received: evaluate message 28c20f94-10f5-47f9-9933-45c064dc435f
[92mINFO [0m:      Sent reply
[92mINFO [0m:      
[92mINFO [0m:      Received: train message d72817ff-56b1-4b9c-ac33-d42ad6a685c1
[92mINFO [0m:      Sent reply
[92mINFO [0m:      
[92mINFO [0m:      Received: evaluate message da4df3a8-97c7-4a3c-8db6-c8b2633c8c9c
[92mINFO [0m:      Sent reply
[92mINFO [0m:      
[92mINFO [0m:      Received: train message 961faaca-5373-44d8-9753-1ccc5c1167e5
[92mINFO [0m:      Sent reply
[92mINFO [0m:      
[92mINFO [0m:      Received: evaluate message 1f78e250-1165-4196-a564-fcd3f6ee34a8
[92mINFO [0m:      Sent reply
[92mINFO [0m:      
[92mINFO [0m:      Received: train message b570fc90-e3b5-4cb7-8b79-eaf8735cb8a5
[92mINFO [0m:      Sent reply
[92mINFO [0m:      
[92mINFO [0m:      Received: evaluate message 305e6c7a-4cf6-4b02-9646-4649b6777869
[92mINFO [0m:      Sent reply
[92mINFO [0m:      
[92mINFO [0m:      Received: train message 40921dd4-da0d-4da5-8848-c3b6f3898a70
[92mINFO [0m:      Sent reply
[92mINFO [0m:      
[92mINFO [0m:      Received: evaluate message a74dff63-f29f-4e02-a5b5-6747c66c46de
[92mINFO [0m:      Sent reply
[92mINFO [0m:      
[92mINFO [0m:      Received: train message 562f5828-734a-4ac8-9057-b9ddc38d2451
[92mINFO [0m:      Sent reply
[92mINFO [0m:      
[92mINFO [0m:      Received: evaluate message 86d7cf6e-eb4a-4e56-9a55-02cb9899d6b9
[92mINFO [0m:      Sent reply
[92mINFO [0m:      
[92mINFO [0m:      Received: train message 7c702350-0478-4646-b096-9dff817e512d
[92mINFO [0m:      Sent reply
[92mINFO [0m:      
[92mINFO [0m:      Received: evaluate message d901ab78-df49-4713-a8b3-6d0365c3003c
[92mINFO [0m:      Sent reply
[92mINFO [0m:      
[92mINFO [0m:      Received: train message e01ca072-c559-4859-8ca1-683b36eeff94
[92mINFO [0m:      Sent reply
[92mINFO [0m:      
[92mINFO [0m:      Received: evaluate message 68591721-0f16-4b81-849f-06c56080bdc5
[92mINFO [0m:      Sent reply
[92mINFO [0m:      
[92mINFO [0m:      Received: train message 6c5b858e-a896-44cb-9971-8ae3297161a9
[92mINFO [0m:      Sent reply
[92mINFO [0m:      
[92mINFO [0m:      Received: evaluate message b2111e5a-a390-43e5-8579-ea32e5eb44c2
[92mINFO [0m:      Sent reply
[92mINFO [0m:      
[92mINFO [0m:      Received: train message 13ebf131-5d0d-4aff-bbe3-a28052f457cc
[92mINFO [0m:      Sent reply
[92mINFO [0m:      
[92mINFO [0m:      Received: evaluate message d564825f-a592-45a2-8262-5fbae31496d4
[92mINFO [0m:      Sent reply
[92mINFO [0m:      
[92mINFO [0m:      Received: train message 83f3a6e1-baa3-423b-90c9-6ed48c4c4e60
[92mINFO [0m:      Sent reply
[92mINFO [0m:      
[92mINFO [0m:      Received: evaluate message f1447fe2-725a-40fb-80d1-dea90e80cc18
[92mINFO [0m:      Sent reply
[92mINFO [0m:      
[92mINFO [0m:      Received: train message 8db06bd0-e8cd-4dff-94f5-16aaf0d275a2
[92mINFO [0m:      Sent reply
[92mINFO [0m:      
[92mINFO [0m:      Received: evaluate message f024518a-3113-48bd-a4f4-a2dd185317fd
[92mINFO [0m:      Sent reply
[92mINFO [0m:      
[92mINFO [0m:      Received: train message 6e88d441-d63c-45d8-8366-3fa5bb0cf920
[92mINFO [0m:      Sent reply
[92mINFO [0m:      
[92mINFO [0m:      Received: evaluate message 6ef933ce-8a1a-46a2-a961-beaadfd70d70
[92mINFO [0m:      Sent reply
[92mINFO [0m:      
[92mINFO [0m:      Received: train message 6171b8f8-cba2-42dc-8df9-14ede71933b1
[92mINFO [0m:      Sent reply
[92mINFO [0m:      
[92mINFO [0m:      Received: evaluate message 4b84394a-a5d1-46a6-9fb2-1f1bc35be0e0
[92mINFO [0m:      Sent reply
[92mINFO [0m:      
[92mINFO [0m:      Received: train message 23a550e3-f52a-4e72-8b34-074738bc0a6a
[92mINFO [0m:      Sent reply
[92mINFO [0m:      
[92mINFO [0m:      Received: evaluate message 7cdc1b33-73d4-42b5-bf60-86fb14f692af
[92mINFO [0m:      Sent reply
[92mINFO [0m:      
[92mINFO [0m:      Received: train message cc737a64-fdcc-401b-91c2-7cdde696b4f7
[92mINFO [0m:      Sent reply
[92mINFO [0m:      
[92mINFO [0m:      Received: evaluate message 8c93f790-b41d-4872-94ad-4daa15bfe3ba
[92mINFO [0m:      Sent reply
[92mINFO [0m:      
[92mINFO [0m:      Received: train message a1ac48d9-df6e-4b23-ac9f-81ce5876a4d9
[92mINFO [0m:      Sent reply
[92mINFO [0m:      
[92mINFO [0m:      Received: evaluate message b2570ecd-5614-499b-8e6b-02c25ecbb4a7
[92mINFO [0m:      Sent reply
[92mINFO [0m:      
[92mINFO [0m:      Received: train message 1c0dad3d-08b9-408f-ad62-8db643016daf
[92mINFO [0m:      Sent reply
[92mINFO [0m:      
[92mINFO [0m:      Received: evaluate message 2ecd8d79-44eb-4034-84f7-513754368fd1
[92mINFO [0m:      Sent reply
[92mINFO [0m:      
[92mINFO [0m:      Received: train message f5458fe8-545a-41c0-ae5d-5bf4377ce6ce
[92mINFO [0m:      Sent reply
[92mINFO [0m:      
[92mINFO [0m:      Received: evaluate message 1d0f6001-6137-400f-a5d5-d35c89c1e976
[92mINFO [0m:      Sent reply
[92mINFO [0m:      
[92mINFO [0m:      Received: train message 25147814-fff7-4136-8498-43ae41261833
[92mINFO [0m:      Sent reply
[92mINFO [0m:      
[92mINFO [0m:      Received: evaluate message 08e468b2-88aa-41e2-af74-07a65597e426
[92mINFO [0m:      Sent reply
[92mINFO [0m:      
[92mINFO [0m:      Received: train message 8cc92c52-f884-4f14-a44e-e206db53660e
[92mINFO [0m:      Sent reply
[92mINFO [0m:      
[92mINFO [0m:      Received: evaluate message a27eefd2-d134-4da6-a33f-c7b40983b299
[92mINFO [0m:      Sent reply
[92mINFO [0m:      
[92mINFO [0m:      Received: train message 91992f53-14e6-458c-86be-8ffaaff5af75
[92mINFO [0m:      Sent reply
[92mINFO [0m:      
[92mINFO [0m:      Received: evaluate message 489c064a-be75-488e-8e12-e5c4ff290a89
[92mINFO [0m:      Sent reply
[92mINFO [0m:      
[92mINFO [0m:      Received: train message 666544b2-c89c-453d-9fb3-cc5a1d840c77
[92mINFO [0m:      Sent reply
[92mINFO [0m:      
[92mINFO [0m:      Received: evaluate message 7225fd9b-99e9-4fd1-b347-7c0060aa4562
[92mINFO [0m:      Sent reply
[92mINFO [0m:      
[92mINFO [0m:      Received: train message 149fb70e-deea-4dfc-835a-1bb0ac7545ad
[92mINFO [0m:      Sent reply
[92mINFO [0m:      
[92mINFO [0m:      Received: evaluate message 91626472-2a2b-4c52-9db4-5736a114a62a
[92mINFO [0m:      Sent reply
[92mINFO [0m:      
[92mINFO [0m:      Received: train message c11e1d82-b12e-4be1-9895-751707351487
[92mINFO [0m:      Sent reply
[92mINFO [0m:      
[92mINFO [0m:      Received: evaluate message 5852f624-b29a-40c5-b08c-2f2133530e3a
[92mINFO [0m:      Sent reply
[92mINFO [0m:      
[92mINFO [0m:      Received: train message 69bc0e32-f1d0-4744-bd9e-b37af60820d6
[92mINFO [0m:      Sent reply
[92mINFO [0m:      
[92mINFO [0m:      Received: evaluate message c40338d6-787a-4ff4-a512-d48ef565688d
[92mINFO [0m:      Sent reply
[92mINFO [0m:      
[92mINFO [0m:      Received: train message 73143a05-82c9-4f01-a6eb-9fac809c41a0
[92mINFO [0m:      Sent reply
[92mINFO [0m:      
[92mINFO [0m:      Received: evaluate message 4de1ecd9-ee20-405a-b338-621f5208756f
[92mINFO [0m:      Sent reply
[92mINFO [0m:      
[92mINFO [0m:      Received: train message 7ace3581-bbd9-408f-9dfe-6182b8f3a71f
[92mINFO [0m:      Sent reply
[92mINFO [0m:      
[92mINFO [0m:      Received: evaluate message 4b7a1448-67f8-4e61-9132-d587b370039d
[92mINFO [0m:      Sent reply
[92mINFO [0m:      
[92mINFO [0m:      Received: reconnect message 1b58e0ca-0162-4773-91a8-627e8588b1e7
[92mINFO [0m:      Disconnect and shut down
