[93mWARNING [0m:   DEPRECATED FEATURE: flwr.client.start_client() is deprecated.
	Instead, use the `flower-supernode` CLI command to start a SuperNode as shown below:

		$ flower-supernode --insecure --superlink='<IP>:<PORT>'

	To view all available options, run:

		$ flower-supernode --help

	Using `start_client()` is deprecated.

            This is a deprecated feature. It will be removed
            entirely in future versions of Flower.
        
[92mINFO [0m:      
[92mINFO [0m:      Received: train message d9687cf5-5c33-405d-8ac9-800c0c3342e5
[92mINFO [0m:      Sent reply
[92mINFO [0m:      
[92mINFO [0m:      Received: evaluate message ae2cf5c0-3778-45f1-8467-aaf1f2961739
[92mINFO [0m:      Sent reply
[92mINFO [0m:      
[92mINFO [0m:      Received: train message 7c6d2cd1-7379-4582-ac18-93b79f9d3e2c
[92mINFO [0m:      Sent reply
[92mINFO [0m:      
[92mINFO [0m:      Received: evaluate message 441e63a9-0fc5-4d91-85a5-61e975f59e92
[92mINFO [0m:      Sent reply
[92mINFO [0m:      
[92mINFO [0m:      Received: train message ea370374-b423-4a3d-a248-a8f71f5553ac
[92mINFO [0m:      Sent reply
[92mINFO [0m:      
[92mINFO [0m:      Received: evaluate message b7d68f80-47d5-464c-ab3a-fea3708232b3
[92mINFO [0m:      Sent reply
[92mINFO [0m:      
[92mINFO [0m:      Received: train message af454527-aa11-4273-9da4-6fe30e519f14
[92mINFO [0m:      Sent reply
[92mINFO [0m:      
[92mINFO [0m:      Received: evaluate message 830a8b85-2317-4266-81ee-09897f03e91f
[92mINFO [0m:      Sent reply
[92mINFO [0m:      
[92mINFO [0m:      Received: train message 2e8b008c-d0cd-49c2-87b2-d0a1fc3ebd74
[92mINFO [0m:      Sent reply
[92mINFO [0m:      
[92mINFO [0m:      Received: evaluate message e9e6e81e-40f2-4463-81c3-caa033447ab1
[92mINFO [0m:      Sent reply
[92mINFO [0m:      
[92mINFO [0m:      Received: train message ab41498b-2f2b-4054-999a-756832685149
[92mINFO [0m:      Sent reply
[92mINFO [0m:      
[92mINFO [0m:      Received: evaluate message a63bd53c-f142-480e-8ef1-56e4f99c9547
[92mINFO [0m:      Sent reply
[92mINFO [0m:      
[92mINFO [0m:      Received: train message e065398e-538f-483f-a35d-4237aeae9688
[92mINFO [0m:      Sent reply
[92mINFO [0m:      
[92mINFO [0m:      Received: evaluate message 54576082-df32-45c9-935a-78ecd054b38c
[92mINFO [0m:      Sent reply
[92mINFO [0m:      
[92mINFO [0m:      Received: train message 8cd56e7f-66a3-4515-83c4-5a6ce2fcefec
[92mINFO [0m:      Sent reply
[92mINFO [0m:      
[92mINFO [0m:      Received: evaluate message 65ab2fbf-e5e7-480d-bf29-4f8b53349219
[92mINFO [0m:      Sent reply
[92mINFO [0m:      
[92mINFO [0m:      Received: train message 49d95ead-703f-4dd3-a7da-5851b80af3a8
[92mINFO [0m:      Sent reply
[92mINFO [0m:      
[92mINFO [0m:      Received: evaluate message 7ca02902-4b75-43ea-9730-68fdc926eea4
[92mINFO [0m:      Sent reply
[92mINFO [0m:      
[92mINFO [0m:      Received: train message 444ff07c-87ae-4d3a-b131-c0c47091863f
[92mINFO [0m:      Sent reply
[92mINFO [0m:      
[92mINFO [0m:      Received: evaluate message e71faae0-dc58-47d5-9ee2-4ba0f0fdb560
[92mINFO [0m:      Sent reply
[92mINFO [0m:      
[92mINFO [0m:      Received: train message 985aecac-1dfa-40e9-b11e-c6a2a6032c94
[92mINFO [0m:      Sent reply
[92mINFO [0m:      
[92mINFO [0m:      Received: evaluate message 09e274a9-7001-4bcf-aa20-7de286df2b04
[92mINFO [0m:      Sent reply
[92mINFO [0m:      
[92mINFO [0m:      Received: train message 7691a86a-29b0-4407-b22e-a75d0e1178b8
[92mINFO [0m:      Sent reply
[92mINFO [0m:      
[92mINFO [0m:      Received: evaluate message c4b63bea-6687-4021-8e36-85dd8b5598dd
[92mINFO [0m:      Sent reply
[92mINFO [0m:      
[92mINFO [0m:      Received: train message 9e0bc919-41c0-480f-86c8-2b53fbb51338
[92mINFO [0m:      Sent reply
[92mINFO [0m:      
[92mINFO [0m:      Received: evaluate message 9f90856b-686e-4c43-ad15-09f636048fcd
[92mINFO [0m:      Sent reply
[92mINFO [0m:      
[92mINFO [0m:      Received: train message 957840c7-eddb-4b55-818a-78abeba32a3a
[92mINFO [0m:      Sent reply
[92mINFO [0m:      
[92mINFO [0m:      Received: evaluate message 452d8f44-878b-4e19-959b-2203eb406f5e
[92mINFO [0m:      Sent reply
[92mINFO [0m:      
[92mINFO [0m:      Received: train message dcaca8ee-c32f-4617-9362-b9ad504194f6
[92mINFO [0m:      Sent reply
[92mINFO [0m:      
[92mINFO [0m:      Received: evaluate message b7869ef0-30d2-4424-a79c-26a89adbebb0
[92mINFO [0m:      Sent reply
[92mINFO [0m:      
[92mINFO [0m:      Received: train message 0594a99e-d4c6-4c18-995c-209021612fc3
[92mINFO [0m:      Sent reply
[92mINFO [0m:      
[92mINFO [0m:      Received: evaluate message 2a4071a6-4874-4cf5-b111-9cdf57fec800
[92mINFO [0m:      Sent reply
[92mINFO [0m:      
[92mINFO [0m:      Received: train message 5df7e4e0-21cb-4546-9d4a-fc3326be1833
[92mINFO [0m:      Sent reply
[92mINFO [0m:      
[92mINFO [0m:      Received: evaluate message b4ff459a-2ad3-4b4c-bc02-2649fb88ebef
[92mINFO [0m:      Sent reply
[92mINFO [0m:      
[92mINFO [0m:      Received: train message bf45ad77-b306-4029-b42d-dffb51a98508
[92mINFO [0m:      Sent reply
[92mINFO [0m:      
[92mINFO [0m:      Received: evaluate message c1e16649-7f7b-42a1-9292-18a5c05b17ec
[92mINFO [0m:      Sent reply
[92mINFO [0m:      
[92mINFO [0m:      Received: train message e520e1f0-e3d0-4eab-98bb-1b81a959fee7
[92mINFO [0m:      Sent reply
[92mINFO [0m:      
[92mINFO [0m:      Received: evaluate message 5f77c2fe-ae66-4563-bd2a-5a7419d6dcfd
[92mINFO [0m:      Sent reply
[92mINFO [0m:      
[92mINFO [0m:      Received: train message 5b8016c0-c21d-456f-bcb0-2ab53d4e1734
[92mINFO [0m:      Sent reply
[92mINFO [0m:      
[92mINFO [0m:      Received: evaluate message 4d59c83c-96d6-414d-a7f4-4dac38991cf2
[92mINFO [0m:      Sent reply
[92mINFO [0m:      
[92mINFO [0m:      Received: train message 7e9abb9d-62c2-47e5-aba5-8a9152b4c058
[92mINFO [0m:      Sent reply
[92mINFO [0m:      
[92mINFO [0m:      Received: evaluate message 4169cd53-3426-4dd3-9336-190e06afbb88
[92mINFO [0m:      Sent reply
[92mINFO [0m:      
[92mINFO [0m:      Received: train message d6f5eef8-4fe7-4508-b63b-ff3104bee360
[92mINFO [0m:      Sent reply
[92mINFO [0m:      
[92mINFO [0m:      Received: evaluate message d8e2f976-b38b-4f21-8e40-1e0d984a2bf7
[92mINFO [0m:      Sent reply
[92mINFO [0m:      
[92mINFO [0m:      Received: train message 7a3e0898-51f5-41aa-8f01-c08a29af2639
[92mINFO [0m:      Sent reply
[92mINFO [0m:      
[92mINFO [0m:      Received: evaluate message 9d23283b-ed40-4c16-a683-8f1f3ce9594d
[92mINFO [0m:      Sent reply
[92mINFO [0m:      
[92mINFO [0m:      Received: train message 3d4a41c5-743a-4ff4-a723-378247191ea1
[92mINFO [0m:      Sent reply
[92mINFO [0m:      
[92mINFO [0m:      Received: evaluate message 18404a91-6105-450e-8609-df183bb14b14
[92mINFO [0m:      Sent reply
[92mINFO [0m:      
[92mINFO [0m:      Received: train message ab68bf96-b34f-46e3-8266-bb4991f5bf23
[92mINFO [0m:      Sent reply
[92mINFO [0m:      
[92mINFO [0m:      Received: evaluate message 934ba413-8d53-44bf-a990-1659331117ae
[92mINFO [0m:      Sent reply
[92mINFO [0m:      
[92mINFO [0m:      Received: train message 08c26108-6186-4764-af07-c2ba8385b97f
[92mINFO [0m:      Sent reply
[92mINFO [0m:      
[92mINFO [0m:      Received: evaluate message c77085ae-ae34-4671-a027-0569f262dbf6
[92mINFO [0m:      Sent reply
[92mINFO [0m:      
[92mINFO [0m:      Received: train message 6c16420c-7506-4767-9873-6f500800a92f
[92mINFO [0m:      Sent reply
[92mINFO [0m:      
[92mINFO [0m:      Received: evaluate message 368d8219-ceef-4820-80b8-8d7fe7625526
[92mINFO [0m:      Sent reply
[92mINFO [0m:      
[92mINFO [0m:      Received: train message a92644ef-68de-4cca-a15f-9d86e7a6d742
[92mINFO [0m:      Sent reply
[92mINFO [0m:      
[92mINFO [0m:      Received: evaluate message 75ec78de-ce6a-4b42-82f3-bf5b676b7715
[92mINFO [0m:      Sent reply
[92mINFO [0m:      
[92mINFO [0m:      Received: train message 540a85ef-275d-4e78-b844-e8218b485447
[92mINFO [0m:      Sent reply
[92mINFO [0m:      
[92mINFO [0m:      Received: evaluate message d8760e99-b56b-410c-bcec-740c4935d63a
[92mINFO [0m:      Sent reply
[92mINFO [0m:      
[92mINFO [0m:      Received: train message 3f790f90-e8a3-446f-8e5e-255bddf2d1bb
[92mINFO [0m:      Sent reply
[92mINFO [0m:      
[92mINFO [0m:      Received: evaluate message f3640c8f-3b00-4e6c-8e32-45abf6943af2
[92mINFO [0m:      Sent reply
[92mINFO [0m:      
[92mINFO [0m:      Received: train message ebefaea6-734a-435f-a8c2-00278a93c620
[92mINFO [0m:      Sent reply
[92mINFO [0m:      
[92mINFO [0m:      Received: evaluate message 13255291-b9cd-4b83-9bcc-c323862fff9a
[92mINFO [0m:      Sent reply
[92mINFO [0m:      
[92mINFO [0m:      Received: train message 365a8c85-8695-4445-9fb6-996c8c87600d
[92mINFO [0m:      Sent reply
[92mINFO [0m:      
[92mINFO [0m:      Received: evaluate message 82ad61d1-797a-46a4-9674-8254cae82b62
[92mINFO [0m:      Sent reply
[92mINFO [0m:      
[92mINFO [0m:      Received: train message dd9b3023-428e-431f-8b67-012a9ddb6f0a
[92mINFO [0m:      Sent reply
[92mINFO [0m:      
[92mINFO [0m:      Received: evaluate message 9f21f382-6332-4c77-8ca6-1b8dfb6b2e64
[92mINFO [0m:      Sent reply
[92mINFO [0m:      
[92mINFO [0m:      Received: train message b26d6de5-60f1-42e8-b554-d0d7caa18a75
[92mINFO [0m:      Sent reply
[92mINFO [0m:      
[92mINFO [0m:      Received: evaluate message 1374671a-95e6-4747-be68-90f63f2ea10b
[92mINFO [0m:      Sent reply
[92mINFO [0m:      
[92mINFO [0m:      Received: train message 90a27c65-859b-4935-9531-ebc185b9750f
[92mINFO [0m:      Sent reply
[92mINFO [0m:      
[92mINFO [0m:      Received: evaluate message 6324e740-6600-4f2c-b2c9-f2079961c467
[92mINFO [0m:      Sent reply
[92mINFO [0m:      
[92mINFO [0m:      Received: train message 9f3b57df-f98a-47e0-9b74-2032a840e868
[92mINFO [0m:      Sent reply
[92mINFO [0m:      
[92mINFO [0m:      Received: evaluate message 5c3ac906-f933-470e-9ad5-cd6295c4c5ee
[92mINFO [0m:      Sent reply
[92mINFO [0m:      
[92mINFO [0m:      Received: train message c06b4117-1a0c-40a7-a17a-0b20b6329f9d
[92mINFO [0m:      Sent reply
[92mINFO [0m:      
[92mINFO [0m:      Received: evaluate message 3fbf48b6-203d-4344-86b0-e46c3ec9913c
[92mINFO [0m:      Sent reply
[92mINFO [0m:      
[92mINFO [0m:      Received: train message a4cb5c7a-a2f6-4ad5-9a30-dce4ab809831
[92mINFO [0m:      Sent reply
[92mINFO [0m:      
[92mINFO [0m:      Received: evaluate message f58b2fcd-8b26-4850-98fb-e91c4a0f33a4
[92mINFO [0m:      Sent reply
[92mINFO [0m:      
[92mINFO [0m:      Received: train message 70e6ff15-cff2-4335-8652-d8aa04467029
[92mINFO [0m:      Sent reply
[92mINFO [0m:      
[92mINFO [0m:      Received: evaluate message cdf3c55b-af58-4d93-90fc-ee3ead8a096b
[92mINFO [0m:      Sent reply
[92mINFO [0m:      
[92mINFO [0m:      Received: train message be19127f-b1da-46ca-a3d8-10fcbdc7b268
[92mINFO [0m:      Sent reply
[92mINFO [0m:      
[92mINFO [0m:      Received: evaluate message 259932da-0b98-4e85-ac34-c80b3bbedcdb
[92mINFO [0m:      Sent reply
[92mINFO [0m:      
[92mINFO [0m:      Received: train message 58bcda06-f760-4c76-9102-8762b3014c76
[92mINFO [0m:      Sent reply
[92mINFO [0m:      
[92mINFO [0m:      Received: evaluate message 9d5378a6-7917-422c-be1b-e1da730d59b6
[92mINFO [0m:      Sent reply
[92mINFO [0m:      
[92mINFO [0m:      Received: train message bda4f24c-6cfb-48a3-832c-d75cf22420ce
[92mINFO [0m:      Sent reply
[92mINFO [0m:      
[92mINFO [0m:      Received: evaluate message e12fc70d-daea-4d2a-9da2-94b4a26eb6a2
[92mINFO [0m:      Sent reply
[92mINFO [0m:      
[92mINFO [0m:      Received: train message ac82a277-817c-49f3-9b87-fd6ea0eeb518
[92mINFO [0m:      Sent reply
[92mINFO [0m:      
[92mINFO [0m:      Received: evaluate message 422832a9-12e6-4ad1-867e-6a86d452e835
[92mINFO [0m:      Sent reply
[92mINFO [0m:      
[92mINFO [0m:      Received: train message 8e70f36f-d705-45ad-89df-e2821bc56b2a
[92mINFO [0m:      Sent reply
[92mINFO [0m:      
[92mINFO [0m:      Received: evaluate message 947d6cc9-336d-4199-896b-6bcc4f87805c
[92mINFO [0m:      Sent reply
[92mINFO [0m:      
[92mINFO [0m:      Received: train message 88bf0556-fc80-4c16-ad02-7b79913d98f2
[92mINFO [0m:      Sent reply
[92mINFO [0m:      
[92mINFO [0m:      Received: evaluate message 268ee95c-3159-4f3c-8114-ef56b669523c
[92mINFO [0m:      Sent reply
[92mINFO [0m:      
[92mINFO [0m:      Received: train message 8f8e9705-261b-4e1b-bd35-104da30a9f6a
[92mINFO [0m:      Sent reply
[92mINFO [0m:      
[92mINFO [0m:      Received: evaluate message 172f862a-1a88-47e8-8eb6-a87ffedd726f
[92mINFO [0m:      Sent reply
[92mINFO [0m:      
[92mINFO [0m:      Received: train message b156ee14-495e-484e-b47a-dd09732b7345
[92mINFO [0m:      Sent reply
[92mINFO [0m:      
[92mINFO [0m:      Received: evaluate message 20cba9d5-0f41-4096-a42f-00b3a4a82120
[92mINFO [0m:      Sent reply
[92mINFO [0m:      
[92mINFO [0m:      Received: train message 9fe67cc7-f2b1-4c5d-9ebb-0a32a9d2a321
[92mINFO [0m:      Sent reply
[92mINFO [0m:      
[92mINFO [0m:      Received: evaluate message 209c9b87-0190-4574-9a6f-e2a6407bf6e3
[92mINFO [0m:      Sent reply
[92mINFO [0m:      
[92mINFO [0m:      Received: train message 3df71734-c03d-46cd-89f2-47ba3da2fbb7
[92mINFO [0m:      Sent reply
[92mINFO [0m:      
[92mINFO [0m:      Received: evaluate message 6d22f1cb-84a4-45f2-9e3f-91ba1a16d9a6
[92mINFO [0m:      Sent reply
[92mINFO [0m:      
[92mINFO [0m:      Received: train message 10594384-67b6-4011-a160-702f5c38c926
[92mINFO [0m:      Sent reply
[92mINFO [0m:      
[92mINFO [0m:      Received: evaluate message f3a7c6a3-09f9-44cd-b164-97b0e9dd167d
[92mINFO [0m:      Sent reply
[92mINFO [0m:      
[92mINFO [0m:      Received: reconnect message e4ffee6d-ed77-40a5-9444-54b8dc2816cd
[92mINFO [0m:      Disconnect and shut down
