[93mWARNING [0m:   DEPRECATED FEATURE: flwr.client.start_client() is deprecated.
	Instead, use the `flower-supernode` CLI command to start a SuperNode as shown below:

		$ flower-supernode --insecure --superlink='<IP>:<PORT>'

	To view all available options, run:

		$ flower-supernode --help

	Using `start_client()` is deprecated.

            This is a deprecated feature. It will be removed
            entirely in future versions of Flower.
        
[92mINFO [0m:      
[92mINFO [0m:      Received: train message c4b8a95a-0e4b-401b-9f8c-f41fa1c85071
[92mINFO [0m:      Sent reply
[92mINFO [0m:      
[92mINFO [0m:      Received: evaluate message 6e503ab5-1464-42c5-909b-3325e1d0effc
[92mINFO [0m:      Sent reply
[92mINFO [0m:      
[92mINFO [0m:      Received: train message 4adb5ad7-ae0c-43ed-bb2e-544147858950
[92mINFO [0m:      Sent reply
[92mINFO [0m:      
[92mINFO [0m:      Received: evaluate message 59edc270-95b3-438a-a1bc-7f1b8a429c12
[92mINFO [0m:      Sent reply
[92mINFO [0m:      
[92mINFO [0m:      Received: train message 0c8c852e-e9ed-4437-b511-442b60f10194
[92mINFO [0m:      Sent reply
[92mINFO [0m:      
[92mINFO [0m:      Received: evaluate message b928d012-1574-4d03-947e-aca637e505ad
[92mINFO [0m:      Sent reply
[92mINFO [0m:      
[92mINFO [0m:      Received: train message d24f074d-a69f-4a12-9ee0-bb8743228e7d
[92mINFO [0m:      Sent reply
[92mINFO [0m:      
[92mINFO [0m:      Received: evaluate message aac66715-3e18-4992-8b3a-c76292fa977a
[92mINFO [0m:      Sent reply
[92mINFO [0m:      
[92mINFO [0m:      Received: train message 71ae128e-f0ba-41ed-8c5d-2c5350d9ada8
[92mINFO [0m:      Sent reply
[92mINFO [0m:      
[92mINFO [0m:      Received: evaluate message 94caadcf-c687-4c3d-8bfb-b888bc63f2df
[92mINFO [0m:      Sent reply
[92mINFO [0m:      
[92mINFO [0m:      Received: train message 04b53caa-4b9e-4dc2-8e30-c2c7bb067d58
[92mINFO [0m:      Sent reply
[92mINFO [0m:      
[92mINFO [0m:      Received: evaluate message 36817ac6-bbaa-4ae6-bd4d-ccbca1b67145
[92mINFO [0m:      Sent reply
[92mINFO [0m:      
[92mINFO [0m:      Received: train message 0a3db269-4b97-448b-8e4f-07dc7a39a77f
[92mINFO [0m:      Sent reply
[92mINFO [0m:      
[92mINFO [0m:      Received: evaluate message 633f532e-e73a-4525-9c37-1fc14e9fb789
[92mINFO [0m:      Sent reply
[92mINFO [0m:      
[92mINFO [0m:      Received: train message c4fefc8e-e399-469d-94dd-4e27c294c6c5
[92mINFO [0m:      Sent reply
[92mINFO [0m:      
[92mINFO [0m:      Received: evaluate message cbfb657a-c1c4-491e-9f86-4a249a8691d7
[92mINFO [0m:      Sent reply
[92mINFO [0m:      
[92mINFO [0m:      Received: train message 892279d8-26f5-440f-be5a-c68cad662dca
[92mINFO [0m:      Sent reply
[92mINFO [0m:      
[92mINFO [0m:      Received: evaluate message 0ac87958-a11e-472a-9f65-94b63cf6343f
[92mINFO [0m:      Sent reply
[92mINFO [0m:      
[92mINFO [0m:      Received: train message a6ba65dc-77a7-4f04-95cb-214529c8dfe8
[92mINFO [0m:      Sent reply
[92mINFO [0m:      
[92mINFO [0m:      Received: evaluate message 6fcff7e0-f613-4256-832f-b798ef70b307
[92mINFO [0m:      Sent reply
[92mINFO [0m:      
[92mINFO [0m:      Received: train message 1e7c2f69-7c0f-4bd9-a521-a3db15240681
[92mINFO [0m:      Sent reply
[92mINFO [0m:      
[92mINFO [0m:      Received: evaluate message e7e8eda1-9370-4173-a04f-dddb8f5037de
[92mINFO [0m:      Sent reply
[92mINFO [0m:      
[92mINFO [0m:      Received: train message 46a6b7da-db7a-4a45-b105-19ab512e6fbb
[92mINFO [0m:      Sent reply
[92mINFO [0m:      
[92mINFO [0m:      Received: evaluate message 4690f0a9-8a89-4e63-8e02-a3a3defc90ea
[92mINFO [0m:      Sent reply
[92mINFO [0m:      
[92mINFO [0m:      Received: train message eac4772e-ccb1-4793-9e11-7261afd3199c
[92mINFO [0m:      Sent reply
[92mINFO [0m:      
[92mINFO [0m:      Received: evaluate message 3fba088d-1b95-49e1-b285-7f4bd99c6704
[92mINFO [0m:      Sent reply
[92mINFO [0m:      
[92mINFO [0m:      Received: train message b1197ac8-ae0f-4d5a-a11e-d883f9bba365
[92mINFO [0m:      Sent reply
[92mINFO [0m:      
[92mINFO [0m:      Received: evaluate message 4bf361c0-cf4a-4c8b-ac48-5fd03609cf43
[92mINFO [0m:      Sent reply
[92mINFO [0m:      
[92mINFO [0m:      Received: train message 9f73e43d-5f79-4c8d-abc8-7857c615090b
[92mINFO [0m:      Sent reply
[92mINFO [0m:      
[92mINFO [0m:      Received: evaluate message 016a0104-2717-4932-b7ed-b8b7d5a2f06b
[92mINFO [0m:      Sent reply
[92mINFO [0m:      
[92mINFO [0m:      Received: train message 6ba2962f-cb4d-4f5c-9fd2-99cb66c48645
[92mINFO [0m:      Sent reply
[92mINFO [0m:      
[92mINFO [0m:      Received: evaluate message e9bea5f3-70b3-4a0c-b341-6f61797b468b
[92mINFO [0m:      Sent reply
[92mINFO [0m:      
[92mINFO [0m:      Received: train message 1a58c8f4-83e6-4c91-967c-b3509bb53d50
[92mINFO [0m:      Sent reply
[92mINFO [0m:      
[92mINFO [0m:      Received: evaluate message 2ecaeb1f-c15c-469b-bb30-a96a6f7becba
[92mINFO [0m:      Sent reply
[92mINFO [0m:      
[92mINFO [0m:      Received: train message db5af37d-d5f1-432e-b894-1dbb8d2b7d7f
[92mINFO [0m:      Sent reply
[92mINFO [0m:      
[92mINFO [0m:      Received: evaluate message b11b3a6f-47cf-4cd6-84da-ffa91d473967
[92mINFO [0m:      Sent reply
[92mINFO [0m:      
[92mINFO [0m:      Received: train message 7bbe64ed-4150-4602-ba6b-3270cfeefd99
[92mINFO [0m:      Sent reply
[92mINFO [0m:      
[92mINFO [0m:      Received: evaluate message 06edf191-0c3a-4f85-911f-4c62298594cc
[92mINFO [0m:      Sent reply
[92mINFO [0m:      
[92mINFO [0m:      Received: train message c7a62386-17c0-481d-b456-48d4d269d3ba
[92mINFO [0m:      Sent reply
[92mINFO [0m:      
[92mINFO [0m:      Received: evaluate message 0afbf973-4a0b-4b05-a0b1-3fc48ebfb641
[92mINFO [0m:      Sent reply
[92mINFO [0m:      
[92mINFO [0m:      Received: train message dd3617d1-31e9-4c1f-b7b9-7a4f53036083
[92mINFO [0m:      Sent reply
[92mINFO [0m:      
[92mINFO [0m:      Received: evaluate message 6c26fc0e-b2bf-4215-be44-611816c65e55
[92mINFO [0m:      Sent reply
[92mINFO [0m:      
[92mINFO [0m:      Received: train message 6c1d4590-444c-4c87-a27f-75e15bc84239
[92mINFO [0m:      Sent reply
[92mINFO [0m:      
[92mINFO [0m:      Received: evaluate message 63efa8de-b14b-44f8-9d4b-9f3948bc9a71
[92mINFO [0m:      Sent reply
[92mINFO [0m:      
[92mINFO [0m:      Received: train message 6f2afb3b-466d-4406-8bb4-5bce0dee82ba
[92mINFO [0m:      Sent reply
[92mINFO [0m:      
[92mINFO [0m:      Received: evaluate message 88c48e3f-cdc8-4bd4-9f6f-b34eabd9a664
[92mINFO [0m:      Sent reply
[92mINFO [0m:      
[92mINFO [0m:      Received: train message 7c5d5b87-9763-4f4b-9c66-f46d33efcc4e
[92mINFO [0m:      Sent reply
[92mINFO [0m:      
[92mINFO [0m:      Received: evaluate message 7faf87e4-2d38-4d40-ac37-28f1b29f263a
[92mINFO [0m:      Sent reply
[92mINFO [0m:      
[92mINFO [0m:      Received: train message dc5507b0-4211-4169-b80e-d11a2054c55f
[92mINFO [0m:      Sent reply
[92mINFO [0m:      
[92mINFO [0m:      Received: evaluate message 995f1ef9-07eb-46d5-9210-31ea102b5020
[92mINFO [0m:      Sent reply
[92mINFO [0m:      
[92mINFO [0m:      Received: train message bbf91673-7520-41a1-a6b5-30fa20942fab
[92mINFO [0m:      Sent reply
[92mINFO [0m:      
[92mINFO [0m:      Received: evaluate message 9404ba4b-82a7-43d4-86cf-bf814c23bdbf
[92mINFO [0m:      Sent reply
[92mINFO [0m:      
[92mINFO [0m:      Received: train message 4114e64b-1e31-4c20-b75d-b563daf0902c
[92mINFO [0m:      Sent reply
[92mINFO [0m:      
[92mINFO [0m:      Received: evaluate message 1aede1a8-d93f-4434-bc3c-835a46c2ac33
[92mINFO [0m:      Sent reply
[92mINFO [0m:      
[92mINFO [0m:      Received: train message ef997ffb-777d-43bc-bd2c-7c0a903e3e32
[92mINFO [0m:      Sent reply
[92mINFO [0m:      
[92mINFO [0m:      Received: evaluate message d1149009-236f-43a8-8289-edceb1a6d236
[92mINFO [0m:      Sent reply
[92mINFO [0m:      
[92mINFO [0m:      Received: train message ff75ff4b-6d22-488a-bda6-2a9e1c2bb2a4
[92mINFO [0m:      Sent reply
[92mINFO [0m:      
[92mINFO [0m:      Received: evaluate message 3837e42a-6e45-4c1f-b954-108b749e0b45
[92mINFO [0m:      Sent reply
[92mINFO [0m:      
[92mINFO [0m:      Received: train message 1bc841cd-358d-46fa-8847-89b39bce9dd1
[92mINFO [0m:      Sent reply
[92mINFO [0m:      
[92mINFO [0m:      Received: evaluate message 9f2c37d5-df94-4804-98e3-161b92d8171e
[92mINFO [0m:      Sent reply
[92mINFO [0m:      
[92mINFO [0m:      Received: train message 20748529-72eb-44fd-92ce-c933d7ed5eb7
[92mINFO [0m:      Sent reply
[92mINFO [0m:      
[92mINFO [0m:      Received: evaluate message 21a86dbc-e489-478f-8215-ee1725383ebf
[92mINFO [0m:      Sent reply
[92mINFO [0m:      
[92mINFO [0m:      Received: train message 75fd787f-5293-4322-af65-38c9cf24248c
[92mINFO [0m:      Sent reply
[92mINFO [0m:      
[92mINFO [0m:      Received: evaluate message 73ff9080-ebb8-4334-819c-77fa67d77747
[92mINFO [0m:      Sent reply
[92mINFO [0m:      
[92mINFO [0m:      Received: train message 6522771f-3367-43d9-b924-43091029048f
[92mINFO [0m:      Sent reply
[92mINFO [0m:      
[92mINFO [0m:      Received: evaluate message 22b2825c-1189-44ca-a1b7-1d530f4b084e
[92mINFO [0m:      Sent reply
[92mINFO [0m:      
[92mINFO [0m:      Received: train message 1900ab71-45cb-4e8d-ab56-d57aa30669f1
[92mINFO [0m:      Sent reply
[92mINFO [0m:      
[92mINFO [0m:      Received: evaluate message 14cfabd1-78c6-4faa-bcee-25af9a23ec9f
[92mINFO [0m:      Sent reply
[92mINFO [0m:      
[92mINFO [0m:      Received: train message 233dc10e-3bec-451f-a9f3-6a871151a34f
[92mINFO [0m:      Sent reply
[92mINFO [0m:      
[92mINFO [0m:      Received: evaluate message fe9e2a41-7f0a-479f-b788-cbf5ca7a398c
[92mINFO [0m:      Sent reply
[92mINFO [0m:      
[92mINFO [0m:      Received: train message e49f1da1-cd7d-4108-8d46-17d61fdbaf04
[92mINFO [0m:      Sent reply
[92mINFO [0m:      
[92mINFO [0m:      Received: evaluate message 0d47352e-05d1-4194-ac59-2fa3657319af
[92mINFO [0m:      Sent reply
[92mINFO [0m:      
[92mINFO [0m:      Received: train message 2a5190e7-ef05-4ec1-a59b-752856fb6f16
[92mINFO [0m:      Sent reply
[92mINFO [0m:      
[92mINFO [0m:      Received: evaluate message c9bc8bf5-f924-48f7-8a14-d92b03e58171
[92mINFO [0m:      Sent reply
[92mINFO [0m:      
[92mINFO [0m:      Received: train message eb818b0d-d837-435a-a2c3-e1d378368923
[92mINFO [0m:      Sent reply
[92mINFO [0m:      
[92mINFO [0m:      Received: evaluate message d801cd6a-59c2-43c7-b84f-38676346db64
[92mINFO [0m:      Sent reply
[92mINFO [0m:      
[92mINFO [0m:      Received: train message 3acf7a37-cd29-4b38-a2e7-afc92869dad8
[92mINFO [0m:      Sent reply
[92mINFO [0m:      
[92mINFO [0m:      Received: evaluate message f74348cd-6b00-4d00-8978-c9456e2fa126
[92mINFO [0m:      Sent reply
[92mINFO [0m:      
[92mINFO [0m:      Received: train message 5dca7fbb-a401-42ff-a9e2-48fd703c9eb8
[92mINFO [0m:      Sent reply
[92mINFO [0m:      
[92mINFO [0m:      Received: evaluate message 74be8a95-b553-471d-8429-89a37366422a
[92mINFO [0m:      Sent reply
[92mINFO [0m:      
[92mINFO [0m:      Received: train message d09c298d-d64b-4146-a71b-691af10bb59f
[92mINFO [0m:      Sent reply
[92mINFO [0m:      
[92mINFO [0m:      Received: evaluate message 6c05e548-4af9-4470-a427-db53182162be
[92mINFO [0m:      Sent reply
[92mINFO [0m:      
[92mINFO [0m:      Received: train message 29919599-43ec-4d0c-a523-6ae15c745562
[92mINFO [0m:      Sent reply
[92mINFO [0m:      
[92mINFO [0m:      Received: evaluate message c197c0c5-6df5-4664-8f63-af89cf795e1f
[92mINFO [0m:      Sent reply
[92mINFO [0m:      
[92mINFO [0m:      Received: train message 0a8cb2e5-8ea6-4ef4-a8fd-9fb8d463dcd0
[92mINFO [0m:      Sent reply
[92mINFO [0m:      
[92mINFO [0m:      Received: evaluate message c107de4e-85bb-4ba0-b167-1233627579fe
[92mINFO [0m:      Sent reply
[92mINFO [0m:      
[92mINFO [0m:      Received: train message ec7e7b1e-9969-44a5-8782-93ef84590b9a
[92mINFO [0m:      Sent reply
[92mINFO [0m:      
[92mINFO [0m:      Received: evaluate message 10930440-3f21-4a52-a52e-052d897498c8
[92mINFO [0m:      Sent reply
[92mINFO [0m:      
[92mINFO [0m:      Received: train message 468a7452-d4a2-4bcb-a11e-0f6041e12f4e
[92mINFO [0m:      Sent reply
[92mINFO [0m:      
[92mINFO [0m:      Received: evaluate message 4f2cf529-c8f1-4514-989c-31786c69affc
[92mINFO [0m:      Sent reply
[92mINFO [0m:      
[92mINFO [0m:      Received: train message b138c740-2205-44ab-8fd8-5649c0b5816a
[92mINFO [0m:      Sent reply
[92mINFO [0m:      
[92mINFO [0m:      Received: evaluate message 9ac36f76-6ac6-4816-8d9d-1e79bb3de454
[92mINFO [0m:      Sent reply
[92mINFO [0m:      
[92mINFO [0m:      Received: train message 9c641793-210f-4093-8237-ac77747c62fd
[92mINFO [0m:      Sent reply
[92mINFO [0m:      
[92mINFO [0m:      Received: evaluate message 6b93eb08-e7d7-4770-b034-b4f1d2aaa6e4
[92mINFO [0m:      Sent reply
[92mINFO [0m:      
[92mINFO [0m:      Received: train message 2ec721cd-7db9-4628-9340-4a6e1c6e35f6
[92mINFO [0m:      Sent reply
[92mINFO [0m:      
[92mINFO [0m:      Received: evaluate message 1a88248f-e56a-4fff-8ef8-767c2f6b0973
[92mINFO [0m:      Sent reply
[92mINFO [0m:      
[92mINFO [0m:      Received: train message 0f733e33-aede-47f8-880f-abd7eac418dc
[92mINFO [0m:      Sent reply
[92mINFO [0m:      
[92mINFO [0m:      Received: evaluate message 7f01c5c9-3c71-416c-a1b3-f39787421cca
[92mINFO [0m:      Sent reply
[92mINFO [0m:      
[92mINFO [0m:      Received: train message 97d4d877-9f9d-43f7-8acb-45cb06221df1
[92mINFO [0m:      Sent reply
[92mINFO [0m:      
[92mINFO [0m:      Received: evaluate message e5c232b7-6bfa-42df-b938-71904b78a6f6
[92mINFO [0m:      Sent reply
[92mINFO [0m:      
[92mINFO [0m:      Received: reconnect message f18fab25-2705-4833-9684-198d5ba659a2
[92mINFO [0m:      Disconnect and shut down
