[93mWARNING [0m:   DEPRECATED FEATURE: flwr.client.start_client() is deprecated.
	Instead, use the `flower-supernode` CLI command to start a SuperNode as shown below:

		$ flower-supernode --insecure --superlink='<IP>:<PORT>'

	To view all available options, run:

		$ flower-supernode --help

	Using `start_client()` is deprecated.

            This is a deprecated feature. It will be removed
            entirely in future versions of Flower.
        
[92mINFO [0m:      
[92mINFO [0m:      Received: train message e930aed9-d6ad-4301-9273-dcaa8b0df615
[92mINFO [0m:      Sent reply
[92mINFO [0m:      
[92mINFO [0m:      Received: evaluate message 1d0302d0-d0d9-4f0c-aa55-af023d0f2d64
[92mINFO [0m:      Sent reply
[92mINFO [0m:      
[92mINFO [0m:      Received: train message 37362fd5-791b-44ba-b337-98cf55c95e5f
[92mINFO [0m:      Sent reply
[92mINFO [0m:      
[92mINFO [0m:      Received: evaluate message acb004d8-18e2-4e89-a6c9-805c3b8b6711
[92mINFO [0m:      Sent reply
[92mINFO [0m:      
[92mINFO [0m:      Received: train message de471d8e-04e4-4a8a-827d-cb1dede3e64a
[92mINFO [0m:      Sent reply
[92mINFO [0m:      
[92mINFO [0m:      Received: evaluate message 58795e52-c263-4c23-9676-0ad10eb332ac
[92mINFO [0m:      Sent reply
[92mINFO [0m:      
[92mINFO [0m:      Received: train message f4f073e9-89bf-46ca-b557-2c6be6b6eb8a
[92mINFO [0m:      Sent reply
[92mINFO [0m:      
[92mINFO [0m:      Received: evaluate message e5ccaac8-ea22-49c9-b41b-bd642d97457d
[92mINFO [0m:      Sent reply
[92mINFO [0m:      
[92mINFO [0m:      Received: train message 86da77bd-486a-4f48-972c-8771fedb6b32
[92mINFO [0m:      Sent reply
[92mINFO [0m:      
[92mINFO [0m:      Received: evaluate message 4a3b5595-193c-439d-9086-78ea931b2c62
[92mINFO [0m:      Sent reply
[92mINFO [0m:      
[92mINFO [0m:      Received: train message b8b16ac3-26ce-4514-bc0f-40505bbd35ae
[92mINFO [0m:      Sent reply
[92mINFO [0m:      
[92mINFO [0m:      Received: evaluate message f2a2b5a2-4d1e-4322-b670-81551691cd28
[92mINFO [0m:      Sent reply
[92mINFO [0m:      
[92mINFO [0m:      Received: train message e1047eb9-b760-4477-832b-6ba53f6e6bb4
[92mINFO [0m:      Sent reply
[92mINFO [0m:      
[92mINFO [0m:      Received: evaluate message 4adf9fc2-5e6d-4fdc-8c45-27a4a4aac1cc
[92mINFO [0m:      Sent reply
[92mINFO [0m:      
[92mINFO [0m:      Received: train message 3fe10bc3-6d6d-48bb-b562-c1e90d466f4d
[92mINFO [0m:      Sent reply
[92mINFO [0m:      
[92mINFO [0m:      Received: evaluate message aa8575d7-c0b8-4c6a-b4cb-88ca35ad5ae0
[92mINFO [0m:      Sent reply
[92mINFO [0m:      
[92mINFO [0m:      Received: train message 8791955a-9b65-4589-96f9-fb53d1772785
[92mINFO [0m:      Sent reply
[92mINFO [0m:      
[92mINFO [0m:      Received: evaluate message 69f7d61d-4a5e-40b3-be1d-33bb366c6f0d
[92mINFO [0m:      Sent reply
[92mINFO [0m:      
[92mINFO [0m:      Received: train message cd5af29e-b345-47af-a2a6-fd2d582f2cec
[92mINFO [0m:      Sent reply
[92mINFO [0m:      
[92mINFO [0m:      Received: evaluate message 2a1ee2c1-7834-4c8e-9d2c-8ebb722f3375
[92mINFO [0m:      Sent reply
[92mINFO [0m:      
[92mINFO [0m:      Received: train message 1c509b21-6d90-4246-a822-7c14c7b3d529
[92mINFO [0m:      Sent reply
[92mINFO [0m:      
[92mINFO [0m:      Received: evaluate message 5e80a851-676b-4947-92a5-96bcf335f62c
[92mINFO [0m:      Sent reply
[92mINFO [0m:      
[92mINFO [0m:      Received: train message 3e0d8ec1-9031-4e0c-8eeb-8134074f9ed4
[92mINFO [0m:      Sent reply
[92mINFO [0m:      
[92mINFO [0m:      Received: evaluate message 10fbfb55-fcf5-49af-8215-75a70c57bea6
[92mINFO [0m:      Sent reply
[92mINFO [0m:      
[92mINFO [0m:      Received: train message 82ec5be4-4083-4447-90ec-7e3db6720cda
[92mINFO [0m:      Sent reply
[92mINFO [0m:      
[92mINFO [0m:      Received: evaluate message 81a6b382-31e6-446f-a003-16b06f794860
[92mINFO [0m:      Sent reply
[92mINFO [0m:      
[92mINFO [0m:      Received: train message 6d386f82-fe99-4474-8550-44f329d91ea5
[92mINFO [0m:      Sent reply
[92mINFO [0m:      
[92mINFO [0m:      Received: evaluate message a2dd8bf7-f273-4f0a-b400-a0d9b51ee20f
[92mINFO [0m:      Sent reply
[92mINFO [0m:      
[92mINFO [0m:      Received: train message a244b4e1-5e87-4b4c-a8b2-d80c65143452
[92mINFO [0m:      Sent reply
[92mINFO [0m:      
[92mINFO [0m:      Received: evaluate message afba55e9-e51a-4dfc-9b7a-fec5b96f45b6
[92mINFO [0m:      Sent reply
[92mINFO [0m:      
[92mINFO [0m:      Received: train message 5712819a-2e85-4e66-8de3-51a1e68dc1d4
[92mINFO [0m:      Sent reply
[92mINFO [0m:      
[92mINFO [0m:      Received: evaluate message f99d2a67-3fc2-4360-9385-1735e445b22d
[92mINFO [0m:      Sent reply
[92mINFO [0m:      
[92mINFO [0m:      Received: train message 1fda95bf-9622-4b84-a246-13be3d78d19f
[92mINFO [0m:      Sent reply
[92mINFO [0m:      
[92mINFO [0m:      Received: evaluate message 076579fc-ac87-410f-bd97-b507b3e8a68a
[92mINFO [0m:      Sent reply
[92mINFO [0m:      
[92mINFO [0m:      Received: train message 73b4afdc-1022-41cf-aca9-c26c9032f8c8
[92mINFO [0m:      Sent reply
[92mINFO [0m:      
[92mINFO [0m:      Received: evaluate message fdf81577-a95b-4797-9c9e-3b1952a996dc
[92mINFO [0m:      Sent reply
[92mINFO [0m:      
[92mINFO [0m:      Received: train message 8fde86b3-27fe-4f03-81e9-07a7b8e57307
[92mINFO [0m:      Sent reply
[92mINFO [0m:      
[92mINFO [0m:      Received: evaluate message 4453c0fc-05c6-41d9-9a3b-ae177f73db51
[92mINFO [0m:      Sent reply
[92mINFO [0m:      
[92mINFO [0m:      Received: train message 7211675f-1c17-41a0-9f00-b6b280335ec5
[92mINFO [0m:      Sent reply
[92mINFO [0m:      
[92mINFO [0m:      Received: evaluate message 566b12b0-75c4-49ea-a334-b360aa59fbf1
[92mINFO [0m:      Sent reply
[92mINFO [0m:      
[92mINFO [0m:      Received: train message 53b0165e-ced3-4570-84f7-fe8440b0090f
[92mINFO [0m:      Sent reply
[92mINFO [0m:      
[92mINFO [0m:      Received: evaluate message 9dbebfd4-cac2-4b1d-951e-879ee24121ae
[92mINFO [0m:      Sent reply
[92mINFO [0m:      
[92mINFO [0m:      Received: train message 36ff07e4-5344-43fd-93ef-1a7542e238c4
[92mINFO [0m:      Sent reply
[92mINFO [0m:      
[92mINFO [0m:      Received: evaluate message 8b02fba9-9558-467d-ac1d-66de8a4189b2
[92mINFO [0m:      Sent reply
[92mINFO [0m:      
[92mINFO [0m:      Received: train message 80d86438-8b74-4138-880a-59d51e0cd295
[92mINFO [0m:      Sent reply
[92mINFO [0m:      
[92mINFO [0m:      Received: evaluate message 378264d2-f862-466c-8ba2-6e515b4d6961
[92mINFO [0m:      Sent reply
[92mINFO [0m:      
[92mINFO [0m:      Received: train message 7432d994-66f1-45f1-b9d0-242aa2383fe0
[92mINFO [0m:      Sent reply
[92mINFO [0m:      
[92mINFO [0m:      Received: evaluate message 5de8345d-9207-4c0a-b8e5-4ba42689794e
[92mINFO [0m:      Sent reply
[92mINFO [0m:      
[92mINFO [0m:      Received: train message 058579d5-3ab2-4c80-9b46-318377d0fe9b
[92mINFO [0m:      Sent reply
[92mINFO [0m:      
[92mINFO [0m:      Received: evaluate message 920d9fa5-68a1-4cfa-b553-b25135820818
[92mINFO [0m:      Sent reply
[92mINFO [0m:      
[92mINFO [0m:      Received: train message 1eefa569-ddcb-4467-95c6-43dcdcda284d
[92mINFO [0m:      Sent reply
[92mINFO [0m:      
[92mINFO [0m:      Received: evaluate message c6bcd589-0949-4929-b1d5-1d9365bd6569
[92mINFO [0m:      Sent reply
[92mINFO [0m:      
[92mINFO [0m:      Received: train message 8072196f-53ee-420b-afeb-a9b7de3e33cb
[92mINFO [0m:      Sent reply
[92mINFO [0m:      
[92mINFO [0m:      Received: evaluate message db21ecd8-0e1f-48f4-9353-198baa7b1b2a
[92mINFO [0m:      Sent reply
[92mINFO [0m:      
[92mINFO [0m:      Received: train message 56069943-e150-481b-b9bf-703e98e992e1
[92mINFO [0m:      Sent reply
[92mINFO [0m:      
[92mINFO [0m:      Received: evaluate message 69566877-570b-47df-8c0b-ad12e3586d29
[92mINFO [0m:      Sent reply
[92mINFO [0m:      
[92mINFO [0m:      Received: train message cf25cbef-a133-4cb8-9475-135b907ca2cc
[92mINFO [0m:      Sent reply
[92mINFO [0m:      
[92mINFO [0m:      Received: evaluate message 297aeaa2-a437-4011-a6a1-6efe4f2bff9f
[92mINFO [0m:      Sent reply
[92mINFO [0m:      
[92mINFO [0m:      Received: train message ab98762e-8fec-4096-bc3d-3ad1655a1227
[92mINFO [0m:      Sent reply
[92mINFO [0m:      
[92mINFO [0m:      Received: evaluate message c30a3b18-6341-4410-8622-17e1598e3509
[92mINFO [0m:      Sent reply
[92mINFO [0m:      
[92mINFO [0m:      Received: train message e139eebb-088a-4dc5-94f5-eb8d73be6322
[92mINFO [0m:      Sent reply
[92mINFO [0m:      
[92mINFO [0m:      Received: evaluate message b55fa418-5936-407d-b12c-4286748fbc0d
[92mINFO [0m:      Sent reply
[92mINFO [0m:      
[92mINFO [0m:      Received: train message 0eaa0dfc-adb4-4efe-8feb-24668495cad1
[92mINFO [0m:      Sent reply
[92mINFO [0m:      
[92mINFO [0m:      Received: evaluate message d0775332-32ba-4684-8210-9e97158ef886
[92mINFO [0m:      Sent reply
[92mINFO [0m:      
[92mINFO [0m:      Received: train message 2e497604-36df-40de-b77a-5f5068200c1f
[92mINFO [0m:      Sent reply
[92mINFO [0m:      
[92mINFO [0m:      Received: evaluate message 7d6faa51-63d6-4989-9d98-81750921ee6a
[92mINFO [0m:      Sent reply
[92mINFO [0m:      
[92mINFO [0m:      Received: train message 19e90f6e-0223-41c2-aa97-66f6f10db0c6
[92mINFO [0m:      Sent reply
[92mINFO [0m:      
[92mINFO [0m:      Received: evaluate message 8e4c2fdd-cd70-49f0-be1f-744b746554c1
[92mINFO [0m:      Sent reply
[92mINFO [0m:      
[92mINFO [0m:      Received: train message 14613d1c-c20a-43eb-a560-66fdb16fa687
[92mINFO [0m:      Sent reply
[92mINFO [0m:      
[92mINFO [0m:      Received: evaluate message 6c9bc829-a0ed-4e40-9ab2-9fdbe82da53d
[92mINFO [0m:      Sent reply
[92mINFO [0m:      
[92mINFO [0m:      Received: train message df09f6e4-36e0-4d8e-8281-513ae539f4ac
[92mINFO [0m:      Sent reply
[92mINFO [0m:      
[92mINFO [0m:      Received: evaluate message df658a36-8821-4e27-928b-dc3212b347f9
[92mINFO [0m:      Sent reply
[92mINFO [0m:      
[92mINFO [0m:      Received: train message 2ae00238-4d67-486b-a13d-b82a51fa0dcc
[92mINFO [0m:      Sent reply
[92mINFO [0m:      
[92mINFO [0m:      Received: evaluate message ea62b6ab-a4b1-4c0b-85c2-a895d7c67b4e
[92mINFO [0m:      Sent reply
[92mINFO [0m:      
[92mINFO [0m:      Received: train message 4843f950-b5da-4c9c-9966-04d91fb65094
[92mINFO [0m:      Sent reply
[92mINFO [0m:      
[92mINFO [0m:      Received: evaluate message 587b55c4-1c35-4cc3-a80a-dbf6964f6fb7
[92mINFO [0m:      Sent reply
[92mINFO [0m:      
[92mINFO [0m:      Received: train message de97d90a-4831-4e3f-9d60-46fa8708a6c8
[92mINFO [0m:      Sent reply
[92mINFO [0m:      
[92mINFO [0m:      Received: evaluate message bce5bbba-8162-444a-ac12-d52246b120b1
[92mINFO [0m:      Sent reply
[92mINFO [0m:      
[92mINFO [0m:      Received: train message 8df4fbf1-a837-4d7a-8c27-0363fbffb19a
[92mINFO [0m:      Sent reply
[92mINFO [0m:      
[92mINFO [0m:      Received: evaluate message 3d47a1be-fe01-4023-b7d6-9b2cd0e2d74d
[92mINFO [0m:      Sent reply
[92mINFO [0m:      
[92mINFO [0m:      Received: train message 6412057a-4eef-44e3-aa54-8d70d2256b07
[92mINFO [0m:      Sent reply
[92mINFO [0m:      
[92mINFO [0m:      Received: evaluate message 4a5540d1-de96-4c8c-af79-13582bdd51cc
[92mINFO [0m:      Sent reply
[92mINFO [0m:      
[92mINFO [0m:      Received: train message de62b3a7-df51-48ad-bb33-8cf9f18b27f5
[92mINFO [0m:      Sent reply
[92mINFO [0m:      
[92mINFO [0m:      Received: evaluate message f9e14334-0575-47be-8ad7-45715fc408f2
[92mINFO [0m:      Sent reply
[92mINFO [0m:      
[92mINFO [0m:      Received: train message 4348c8d2-7905-427a-89e7-67eaa1d60caa
[92mINFO [0m:      Sent reply
[92mINFO [0m:      
[92mINFO [0m:      Received: evaluate message cdb597f0-ee76-436b-9aba-0257e60b6275
[92mINFO [0m:      Sent reply
[92mINFO [0m:      
[92mINFO [0m:      Received: train message 7ccb0a04-ccb1-44eb-a9ee-efc20f4a242a
[92mINFO [0m:      Sent reply
[92mINFO [0m:      
[92mINFO [0m:      Received: evaluate message 1ecaf05a-4cee-4f9e-9cd1-f251ea3f273b
[92mINFO [0m:      Sent reply
[92mINFO [0m:      
[92mINFO [0m:      Received: train message 3f548ebc-375e-4edb-b7cb-05c6d9f8ce88
[92mINFO [0m:      Sent reply
[92mINFO [0m:      
[92mINFO [0m:      Received: evaluate message d30fe9a9-c232-43bd-b95b-2a518f2e14c9
[92mINFO [0m:      Sent reply
[92mINFO [0m:      
[92mINFO [0m:      Received: train message 50da6c87-0622-41ef-ac05-a50d99abdb93
[92mINFO [0m:      Sent reply
[92mINFO [0m:      
[92mINFO [0m:      Received: evaluate message a1320569-3227-4e71-8350-c2c7c9bc14e9
[92mINFO [0m:      Sent reply
[92mINFO [0m:      
[92mINFO [0m:      Received: train message df61b79a-347c-4ff2-9453-86a4eec230f4
[92mINFO [0m:      Sent reply
[92mINFO [0m:      
[92mINFO [0m:      Received: evaluate message 4acae5f6-19a2-4f6d-9c21-6cc085baf671
[92mINFO [0m:      Sent reply
[92mINFO [0m:      
[92mINFO [0m:      Received: train message b38d0465-11d1-461f-9207-cf088ee82151
[92mINFO [0m:      Sent reply
[92mINFO [0m:      
[92mINFO [0m:      Received: evaluate message d919da8a-afde-472d-b9c8-5a7aa6e079ea
[92mINFO [0m:      Sent reply
[92mINFO [0m:      
[92mINFO [0m:      Received: train message b55b24cc-6073-4f60-93ab-fbd3c595f80a
[92mINFO [0m:      Sent reply
[92mINFO [0m:      
[92mINFO [0m:      Received: evaluate message 3450c077-d365-40f2-926a-14a204077b42
[92mINFO [0m:      Sent reply
[92mINFO [0m:      
[92mINFO [0m:      Received: train message 125fe985-80d5-4dca-996f-defda4a2a915
[92mINFO [0m:      Sent reply
[92mINFO [0m:      
[92mINFO [0m:      Received: evaluate message ced5accb-177a-4ed3-abd8-cc9b6ab7774c
[92mINFO [0m:      Sent reply
[92mINFO [0m:      
[92mINFO [0m:      Received: reconnect message a2615187-7142-4cdc-9c61-cd17cf5bca13
[92mINFO [0m:      Disconnect and shut down
