[93mWARNING [0m:   DEPRECATED FEATURE: flwr.client.start_client() is deprecated.
	Instead, use the `flower-supernode` CLI command to start a SuperNode as shown below:

		$ flower-supernode --insecure --superlink='<IP>:<PORT>'

	To view all available options, run:

		$ flower-supernode --help

	Using `start_client()` is deprecated.

            This is a deprecated feature. It will be removed
            entirely in future versions of Flower.
        
[92mINFO [0m:      
[92mINFO [0m:      Received: train message 70c6651a-1524-4ce9-843a-572f83a1d02c
[92mINFO [0m:      Sent reply
[92mINFO [0m:      
[92mINFO [0m:      Received: evaluate message e0fff1ba-8b42-40dc-a10e-f37477c0b2ff
[92mINFO [0m:      Sent reply
[92mINFO [0m:      
[92mINFO [0m:      Received: train message e980706b-849d-46da-99af-f2cd6131d3a3
[92mINFO [0m:      Sent reply
[92mINFO [0m:      
[92mINFO [0m:      Received: evaluate message a698e163-a00b-44ca-af1b-4b1ba6726c2b
[92mINFO [0m:      Sent reply
[92mINFO [0m:      
[92mINFO [0m:      Received: train message 7abb8862-7839-4c73-af24-eb2fe1e8795e
[92mINFO [0m:      Sent reply
[92mINFO [0m:      
[92mINFO [0m:      Received: evaluate message fd476b62-14c8-4415-a8ff-a99cbe72aca9
[92mINFO [0m:      Sent reply
[92mINFO [0m:      
[92mINFO [0m:      Received: train message 4858e279-c54f-4ef1-9e50-316ef34ff6ee
[92mINFO [0m:      Sent reply
[92mINFO [0m:      
[92mINFO [0m:      Received: evaluate message bbe75f2c-6459-471a-bd68-3bc9d629367e
[92mINFO [0m:      Sent reply
[92mINFO [0m:      
[92mINFO [0m:      Received: train message 685d7aa4-34c8-41af-b382-7e75588bbba1
[92mINFO [0m:      Sent reply
[92mINFO [0m:      
[92mINFO [0m:      Received: evaluate message b4ef6188-a590-45fc-83f7-83cad84e7eed
[92mINFO [0m:      Sent reply
[92mINFO [0m:      
[92mINFO [0m:      Received: train message 807449ce-5164-4608-9a5c-6a447191a41d
[92mINFO [0m:      Sent reply
[92mINFO [0m:      
[92mINFO [0m:      Received: evaluate message c56a33d8-d402-48ce-a3f7-af859a305be0
[92mINFO [0m:      Sent reply
[92mINFO [0m:      
[92mINFO [0m:      Received: train message 54c669bb-1fd9-406b-a06f-15f8c0bb7b4d
[92mINFO [0m:      Sent reply
[92mINFO [0m:      
[92mINFO [0m:      Received: evaluate message 6014856d-473d-4c71-85d0-29af82400742
[92mINFO [0m:      Sent reply
[92mINFO [0m:      
[92mINFO [0m:      Received: train message 7b184e16-029c-434c-a107-1779f4f7c513
[92mINFO [0m:      Sent reply
[92mINFO [0m:      
[92mINFO [0m:      Received: evaluate message b84b1e5b-4d83-41bd-ac3d-ab2a5ddaf5c4
[92mINFO [0m:      Sent reply
[92mINFO [0m:      
[92mINFO [0m:      Received: train message c6b54275-af74-4307-b63c-28fa9beffd72
[92mINFO [0m:      Sent reply
[92mINFO [0m:      
[92mINFO [0m:      Received: evaluate message e95be9b3-e77b-4870-8fa8-76c334cd9b4e
[92mINFO [0m:      Sent reply
[92mINFO [0m:      
[92mINFO [0m:      Received: train message 04325b0e-7d4c-40ec-8335-fd3103f6a8f2
[92mINFO [0m:      Sent reply
[92mINFO [0m:      
[92mINFO [0m:      Received: evaluate message d493331b-e9ac-4d72-93d8-813475942054
[92mINFO [0m:      Sent reply
[92mINFO [0m:      
[92mINFO [0m:      Received: train message d266674d-90e1-4925-8308-dc9bbaff8f09
[92mINFO [0m:      Sent reply
[92mINFO [0m:      
[92mINFO [0m:      Received: evaluate message 0a96b9d6-ba83-4f0a-bfd8-9cabb7605997
[92mINFO [0m:      Sent reply
[92mINFO [0m:      
[92mINFO [0m:      Received: train message 5647d837-5bbb-48b9-8b13-1184449fa082
[92mINFO [0m:      Sent reply
[92mINFO [0m:      
[92mINFO [0m:      Received: evaluate message dc83573c-4711-460a-9be6-e7b505a980a8
[92mINFO [0m:      Sent reply
[92mINFO [0m:      
[92mINFO [0m:      Received: train message dc002568-a80b-4425-ae72-2bf5a79ecbc6
[92mINFO [0m:      Sent reply
[92mINFO [0m:      
[92mINFO [0m:      Received: evaluate message 93c5f92d-876d-47d9-9815-1a1366b794fd
[92mINFO [0m:      Sent reply
[92mINFO [0m:      
[92mINFO [0m:      Received: train message 0772ebb4-3e60-4afc-af96-3832193a1a24
[92mINFO [0m:      Sent reply
[92mINFO [0m:      
[92mINFO [0m:      Received: evaluate message 8279a635-1c35-44e7-aa7a-f63f873129d3
[92mINFO [0m:      Sent reply
[92mINFO [0m:      
[92mINFO [0m:      Received: train message 9937cfe1-ec38-41ef-8c38-453a63e9c1f4
[92mINFO [0m:      Sent reply
[92mINFO [0m:      
[92mINFO [0m:      Received: evaluate message 95cc66b5-e7ff-4e7f-9e7b-4e16b3a8069a
[92mINFO [0m:      Sent reply
[92mINFO [0m:      
[92mINFO [0m:      Received: train message 59fcec88-4b5d-475a-94e5-2bdcc7ab3712
[92mINFO [0m:      Sent reply
[92mINFO [0m:      
[92mINFO [0m:      Received: evaluate message 4ead9c0b-7d9f-427b-82e3-95889f6dba6f
[92mINFO [0m:      Sent reply
[92mINFO [0m:      
[92mINFO [0m:      Received: train message 8494aa5d-a3d8-4f21-b492-c1a306d8056c
[92mINFO [0m:      Sent reply
[92mINFO [0m:      
[92mINFO [0m:      Received: evaluate message c9fae420-9cc5-4b2f-b7ff-0f5d2ca9254a
[92mINFO [0m:      Sent reply
[92mINFO [0m:      
[92mINFO [0m:      Received: train message 9b5dac4b-6bb6-4d1c-8623-39ff8b6eb7f0
[92mINFO [0m:      Sent reply
[92mINFO [0m:      
[92mINFO [0m:      Received: evaluate message 64136bcf-7b2e-483e-b637-51682c3c5f58
[92mINFO [0m:      Sent reply
[92mINFO [0m:      
[92mINFO [0m:      Received: train message 3e52b5de-8e8d-4284-8c2b-fcfdd61ec7e3
[92mINFO [0m:      Sent reply
[92mINFO [0m:      
[92mINFO [0m:      Received: evaluate message 8652d216-cde5-45ad-8c3f-068ed3175499
[92mINFO [0m:      Sent reply
[92mINFO [0m:      
[92mINFO [0m:      Received: train message f507b03f-75d9-4c0f-b5c4-1e438eb86b34
[92mINFO [0m:      Sent reply
[92mINFO [0m:      
[92mINFO [0m:      Received: evaluate message 5111ddf0-ba94-425c-8dae-464f9280a04e
[92mINFO [0m:      Sent reply
[92mINFO [0m:      
[92mINFO [0m:      Received: train message d1fec1ef-e2ab-402b-9a9d-f305d37bf752
[92mINFO [0m:      Sent reply
[92mINFO [0m:      
[92mINFO [0m:      Received: evaluate message ceffcc96-6d3b-47d3-89b6-b3234598e73c
[92mINFO [0m:      Sent reply
[92mINFO [0m:      
[92mINFO [0m:      Received: train message a96288a7-f4a6-4e1f-8cca-945bcb9f9e98
[92mINFO [0m:      Sent reply
[92mINFO [0m:      
[92mINFO [0m:      Received: evaluate message ef2ee4ad-9dac-4ca8-90eb-e0f48c926262
[92mINFO [0m:      Sent reply
[92mINFO [0m:      
[92mINFO [0m:      Received: train message 2a3a0237-18f4-4bb2-8b70-b662da6e9109
[92mINFO [0m:      Sent reply
[92mINFO [0m:      
[92mINFO [0m:      Received: evaluate message 813bd821-4aa2-4843-8362-5b39ee0d6b65
[92mINFO [0m:      Sent reply
[92mINFO [0m:      
[92mINFO [0m:      Received: train message 39d8cdab-ba2a-484c-b776-416a1107e5bf
[92mINFO [0m:      Sent reply
[92mINFO [0m:      
[92mINFO [0m:      Received: evaluate message cfbac09f-f173-4e0f-9f3b-7f14b4848fd1
[92mINFO [0m:      Sent reply
[92mINFO [0m:      
[92mINFO [0m:      Received: train message ffa421b4-98d9-40a8-a47f-d64c8c1136a1
[92mINFO [0m:      Sent reply
[92mINFO [0m:      
[92mINFO [0m:      Received: evaluate message b63d7e3d-e62c-4122-b6e2-668144724531
[92mINFO [0m:      Sent reply
[92mINFO [0m:      
[92mINFO [0m:      Received: train message 3e8e5bcf-4c0f-4f24-b5fb-f382e6632ae4
[92mINFO [0m:      Sent reply
[92mINFO [0m:      
[92mINFO [0m:      Received: evaluate message acd9a82e-0aff-490d-b83e-9df1b2f64d4e
[92mINFO [0m:      Sent reply
[92mINFO [0m:      
[92mINFO [0m:      Received: train message 35b0b851-fff9-4002-85c8-0d1fa58d7de1
[92mINFO [0m:      Sent reply
[92mINFO [0m:      
[92mINFO [0m:      Received: evaluate message 72a66261-bf04-49a4-a78f-bcd76d9cb543
[92mINFO [0m:      Sent reply
[92mINFO [0m:      
[92mINFO [0m:      Received: train message b1740daa-cb15-46fa-b039-5074583fd596
[92mINFO [0m:      Sent reply
[92mINFO [0m:      
[92mINFO [0m:      Received: evaluate message 6ba4dcc3-ede0-4844-99cd-b00ced51b98d
[92mINFO [0m:      Sent reply
[92mINFO [0m:      
[92mINFO [0m:      Received: train message 15ccfbc7-beb9-4d2a-ab1b-217d29315d30
[92mINFO [0m:      Sent reply
[92mINFO [0m:      
[92mINFO [0m:      Received: evaluate message 120aa8c0-ff24-4df2-ad80-58bfc6ac68a4
[92mINFO [0m:      Sent reply
[92mINFO [0m:      
[92mINFO [0m:      Received: train message c3a70cbe-39e4-4c56-afc4-759e163c354b
[92mINFO [0m:      Sent reply
[92mINFO [0m:      
[92mINFO [0m:      Received: evaluate message df152936-f6b3-4166-83df-2f2672d036e9
[92mINFO [0m:      Sent reply
[92mINFO [0m:      
[92mINFO [0m:      Received: train message 9d419bd9-9f85-4e4b-92db-037dcc1da08b
[92mINFO [0m:      Sent reply
[92mINFO [0m:      
[92mINFO [0m:      Received: evaluate message 47c131d3-36e2-423f-bb82-52bb01f92fcc
[92mINFO [0m:      Sent reply
[92mINFO [0m:      
[92mINFO [0m:      Received: train message d8a4844d-8fbe-4df8-9fdf-cb8825e4e94d
[92mINFO [0m:      Sent reply
[92mINFO [0m:      
[92mINFO [0m:      Received: evaluate message b881cd40-29d9-4ef3-9ac3-d15de5e29f7e
[92mINFO [0m:      Sent reply
[92mINFO [0m:      
[92mINFO [0m:      Received: train message 8fc0c24f-cca2-479c-a845-110d17196d7b
[92mINFO [0m:      Sent reply
[92mINFO [0m:      
[92mINFO [0m:      Received: evaluate message 2b0fdfd7-74ae-4221-aa6e-953e134b5080
[92mINFO [0m:      Sent reply
[92mINFO [0m:      
[92mINFO [0m:      Received: train message 5b0ffaa4-ed4d-4fe0-8f1f-f733f1f98682
[92mINFO [0m:      Sent reply
[92mINFO [0m:      
[92mINFO [0m:      Received: evaluate message 412fe941-8ac7-4c61-ab74-2d3668cd6143
[92mINFO [0m:      Sent reply
[92mINFO [0m:      
[92mINFO [0m:      Received: train message 880ef4c0-c9da-488a-9f1b-72ef089d555d
[92mINFO [0m:      Sent reply
[92mINFO [0m:      
[92mINFO [0m:      Received: evaluate message a94888ca-f92c-4797-81e4-77eabcc0aecb
[92mINFO [0m:      Sent reply
[92mINFO [0m:      
[92mINFO [0m:      Received: train message b0a13ed9-9773-4490-8e7b-ec94f3c6511c
[92mINFO [0m:      Sent reply
[92mINFO [0m:      
[92mINFO [0m:      Received: evaluate message bc6bbcab-7cc2-49ef-833b-9c58825ace21
[92mINFO [0m:      Sent reply
[92mINFO [0m:      
[92mINFO [0m:      Received: train message dbffdd97-7578-4fa4-ae35-6933c1286b15
[92mINFO [0m:      Sent reply
[92mINFO [0m:      
[92mINFO [0m:      Received: evaluate message 589f3412-5448-41d3-a5b6-0ed508d75eb4
[92mINFO [0m:      Sent reply
[92mINFO [0m:      
[92mINFO [0m:      Received: train message d7539cfb-0f88-48ed-8910-6580328b36fd
[92mINFO [0m:      Sent reply
[92mINFO [0m:      
[92mINFO [0m:      Received: evaluate message ddc8f941-b827-4029-8d9d-c52ec78ccf5a
[92mINFO [0m:      Sent reply
[92mINFO [0m:      
[92mINFO [0m:      Received: train message 6189144f-ac40-4a74-b99a-cf7dd283ffb5
[92mINFO [0m:      Sent reply
[92mINFO [0m:      
[92mINFO [0m:      Received: evaluate message 1a49fb06-952b-42ba-8b65-6eb2299960df
[92mINFO [0m:      Sent reply
[92mINFO [0m:      
[92mINFO [0m:      Received: train message 305e3f34-768b-416b-b3b6-ca5d563a24ac
[92mINFO [0m:      Sent reply
[92mINFO [0m:      
[92mINFO [0m:      Received: evaluate message b0808a8a-14cc-47fd-b321-1ee780c5a70c
[92mINFO [0m:      Sent reply
[92mINFO [0m:      
[92mINFO [0m:      Received: train message a9bc6640-0a4b-4d1f-bc4a-f7f710e1ca3e
[92mINFO [0m:      Sent reply
[92mINFO [0m:      
[92mINFO [0m:      Received: evaluate message 4e4645b1-f577-4bb9-b91f-acb7eac62638
[92mINFO [0m:      Sent reply
[92mINFO [0m:      
[92mINFO [0m:      Received: train message 0a6b100f-07a3-42ba-9773-e9500605194e
[92mINFO [0m:      Sent reply
[92mINFO [0m:      
[92mINFO [0m:      Received: evaluate message b484cd93-d103-4a8f-8c37-7f125c89298b
[92mINFO [0m:      Sent reply
[92mINFO [0m:      
[92mINFO [0m:      Received: train message bf11f788-c698-4db1-8593-463de8be2837
[92mINFO [0m:      Sent reply
[92mINFO [0m:      
[92mINFO [0m:      Received: evaluate message 163e8799-2b45-4447-97dd-32485776e6dc
[92mINFO [0m:      Sent reply
[92mINFO [0m:      
[92mINFO [0m:      Received: train message 26282750-2d42-46cc-9c93-6ecb44d65e36
[92mINFO [0m:      Sent reply
[92mINFO [0m:      
[92mINFO [0m:      Received: evaluate message b807fee3-10ed-437b-b4a2-b4ebbf4eb0a0
[92mINFO [0m:      Sent reply
[92mINFO [0m:      
[92mINFO [0m:      Received: train message cc06ad49-d240-42f1-848a-c4f54f0239ac
[92mINFO [0m:      Sent reply
[92mINFO [0m:      
[92mINFO [0m:      Received: evaluate message 611eb5a9-c7d0-4a38-8d45-c16dff4f0d2b
[92mINFO [0m:      Sent reply
[92mINFO [0m:      
[92mINFO [0m:      Received: train message a53f0d5a-f116-4d63-9e22-123860384b59
[92mINFO [0m:      Sent reply
[92mINFO [0m:      
[92mINFO [0m:      Received: evaluate message 4f4fdce8-bee0-402a-b489-ef4ba4b0e18c
[92mINFO [0m:      Sent reply
[92mINFO [0m:      
[92mINFO [0m:      Received: train message 6240edd5-7d65-4803-a4c9-a56b5628c4eb
[92mINFO [0m:      Sent reply
[92mINFO [0m:      
[92mINFO [0m:      Received: evaluate message 3f2179df-0fe8-4305-841a-a959bb6ad3c7
[92mINFO [0m:      Sent reply
[92mINFO [0m:      
[92mINFO [0m:      Received: train message ed8382e0-02c8-485a-a2a3-805d34c894b6
[92mINFO [0m:      Sent reply
[92mINFO [0m:      
[92mINFO [0m:      Received: evaluate message ca851001-0042-49eb-bfa4-6c25de5d4525
[92mINFO [0m:      Sent reply
[92mINFO [0m:      
[92mINFO [0m:      Received: train message ae631624-a8c6-4c28-980f-568f5bbdd00b
[92mINFO [0m:      Sent reply
[92mINFO [0m:      
[92mINFO [0m:      Received: evaluate message 9cae0dc2-c65d-46d1-9f4b-5ad9934657f2
[92mINFO [0m:      Sent reply
[92mINFO [0m:      
[92mINFO [0m:      Received: train message 838d2e90-4917-4435-a648-db125589f7d0
[92mINFO [0m:      Sent reply
[92mINFO [0m:      
[92mINFO [0m:      Received: evaluate message 12ba80f9-ec7d-4c23-811e-90515cc7198f
[92mINFO [0m:      Sent reply
[92mINFO [0m:      
[92mINFO [0m:      Received: reconnect message 704a39eb-e2de-42f1-8110-4cded32b2d4d
[92mINFO [0m:      Disconnect and shut down
