[93mWARNING [0m:   DEPRECATED FEATURE: flwr.client.start_client() is deprecated.
	Instead, use the `flower-supernode` CLI command to start a SuperNode as shown below:

		$ flower-supernode --insecure --superlink='<IP>:<PORT>'

	To view all available options, run:

		$ flower-supernode --help

	Using `start_client()` is deprecated.

            This is a deprecated feature. It will be removed
            entirely in future versions of Flower.
        
[92mINFO [0m:      
[92mINFO [0m:      Received: train message e80e9122-3a7d-4b01-a9dd-4f930ff14e2c
[92mINFO [0m:      Sent reply
[92mINFO [0m:      
[92mINFO [0m:      Received: evaluate message 7cebdfaf-aafa-4741-8c91-ce636eaf4d05
[92mINFO [0m:      Sent reply
[92mINFO [0m:      
[92mINFO [0m:      Received: train message 09a18179-df96-4ec1-8a3c-f877c0d50f8e
[92mINFO [0m:      Sent reply
[92mINFO [0m:      
[92mINFO [0m:      Received: evaluate message 3a82b3ed-a897-4e8e-a97d-042f3d5a006b
[92mINFO [0m:      Sent reply
[92mINFO [0m:      
[92mINFO [0m:      Received: train message e34a452f-519f-41da-afe1-e6c94971d671
[92mINFO [0m:      Sent reply
[92mINFO [0m:      
[92mINFO [0m:      Received: evaluate message a34a2707-f5bb-486e-a003-ba1a1bedbf50
[92mINFO [0m:      Sent reply
[92mINFO [0m:      
[92mINFO [0m:      Received: train message 7992e04f-9b3e-45b0-ac0c-2f7f33f56c73
[92mINFO [0m:      Sent reply
[92mINFO [0m:      
[92mINFO [0m:      Received: evaluate message aaa0f5b7-c135-43e5-a32a-2eddbf8b5219
[92mINFO [0m:      Sent reply
[92mINFO [0m:      
[92mINFO [0m:      Received: train message 5a68879d-9d42-4f64-8cc7-a1ba551710ad
[92mINFO [0m:      Sent reply
[92mINFO [0m:      
[92mINFO [0m:      Received: evaluate message d3001008-e3a5-4e65-9f03-41c59fe34115
[92mINFO [0m:      Sent reply
[92mINFO [0m:      
[92mINFO [0m:      Received: train message 364d2ff0-cf79-4839-a978-80cae22d99b3
[92mINFO [0m:      Sent reply
[92mINFO [0m:      
[92mINFO [0m:      Received: evaluate message 1eedb595-962a-4ac2-a6fc-d80d8be4067c
[92mINFO [0m:      Sent reply
[92mINFO [0m:      
[92mINFO [0m:      Received: train message 290942ff-c4c1-4eb4-96a2-b494f8ce7cc3
[92mINFO [0m:      Sent reply
[92mINFO [0m:      
[92mINFO [0m:      Received: evaluate message 1e56c4b8-b4ac-4c33-87ee-b64e4a11b08f
[92mINFO [0m:      Sent reply
[92mINFO [0m:      
[92mINFO [0m:      Received: train message c0b8d8f9-c534-4a92-abfa-2e4d9c014d87
[92mINFO [0m:      Sent reply
[92mINFO [0m:      
[92mINFO [0m:      Received: evaluate message 5d5aa779-fbd3-44eb-88ca-fd1336bd19aa
[92mINFO [0m:      Sent reply
[92mINFO [0m:      
[92mINFO [0m:      Received: train message f0a249f0-a4c6-4b52-ac2e-6c4a45d40beb
[92mINFO [0m:      Sent reply
[92mINFO [0m:      
[92mINFO [0m:      Received: evaluate message 233d9f34-2212-44a9-b6d1-0a8330048b58
[92mINFO [0m:      Sent reply
[92mINFO [0m:      
[92mINFO [0m:      Received: train message bf0e9041-b467-4aea-97a6-8c38fb5baaf0
[92mINFO [0m:      Sent reply
[92mINFO [0m:      
[92mINFO [0m:      Received: evaluate message 7ebf13d7-0409-4a06-8301-4f971e9565b7
[92mINFO [0m:      Sent reply
[92mINFO [0m:      
[92mINFO [0m:      Received: train message d30f953f-8f92-43cc-9c93-31430ccb6024
[92mINFO [0m:      Sent reply
[92mINFO [0m:      
[92mINFO [0m:      Received: evaluate message 986379e4-2540-4d4b-a65d-a577ed235eb8
[92mINFO [0m:      Sent reply
[92mINFO [0m:      
[92mINFO [0m:      Received: train message e692ff58-e81c-43ee-8744-1991ff14728b
[92mINFO [0m:      Sent reply
[92mINFO [0m:      
[92mINFO [0m:      Received: evaluate message 2008e031-bb44-4252-9f50-66e1dc4c187d
[92mINFO [0m:      Sent reply
[92mINFO [0m:      
[92mINFO [0m:      Received: train message 3ffb5960-93ec-4dfe-8470-0db048d352e2
[92mINFO [0m:      Sent reply
[92mINFO [0m:      
[92mINFO [0m:      Received: evaluate message f6072a32-ad91-442f-9a56-d92d51b2f2cb
[92mINFO [0m:      Sent reply
[92mINFO [0m:      
[92mINFO [0m:      Received: train message d02a16e9-e75a-4d65-975b-cdd832be0a5a
[92mINFO [0m:      Sent reply
[92mINFO [0m:      
[92mINFO [0m:      Received: evaluate message fe14183c-227f-42e9-8262-2e08de240b09
[92mINFO [0m:      Sent reply
[92mINFO [0m:      
[92mINFO [0m:      Received: train message 0a77d952-de2a-4ddc-ab5a-54f1c0f4641e
[92mINFO [0m:      Sent reply
[92mINFO [0m:      
[92mINFO [0m:      Received: evaluate message 6270115d-d24f-4d05-bb2a-92ad41675744
[92mINFO [0m:      Sent reply
[92mINFO [0m:      
[92mINFO [0m:      Received: train message 924e8004-4812-40cf-bb7a-d513af39d0dc
[92mINFO [0m:      Sent reply
[92mINFO [0m:      
[92mINFO [0m:      Received: evaluate message f208535a-d2aa-40ae-aeda-697e5327303d
[92mINFO [0m:      Sent reply
[92mINFO [0m:      
[92mINFO [0m:      Received: train message 8b4f5907-319d-4755-9e8b-cad487ea7074
[92mINFO [0m:      Sent reply
[92mINFO [0m:      
[92mINFO [0m:      Received: evaluate message 10bd3c0c-8286-42e7-bf30-a2164a357812
[92mINFO [0m:      Sent reply
[92mINFO [0m:      
[92mINFO [0m:      Received: train message fc0b59b5-8c8c-4232-a130-5364a9f5fcb7
[92mINFO [0m:      Sent reply
[92mINFO [0m:      
[92mINFO [0m:      Received: evaluate message a7f28005-416a-4b04-860a-8c450fc66b8b
[92mINFO [0m:      Sent reply
[92mINFO [0m:      
[92mINFO [0m:      Received: train message 2303c6a6-ced3-4d7a-90a9-643480c41123
[92mINFO [0m:      Sent reply
[92mINFO [0m:      
[92mINFO [0m:      Received: evaluate message 8d757ec1-4d98-42c7-84d2-5c3e21eee0e7
[92mINFO [0m:      Sent reply
[92mINFO [0m:      
[92mINFO [0m:      Received: train message 2e67c4cf-4461-456f-bc52-f913fef419c7
[92mINFO [0m:      Sent reply
[92mINFO [0m:      
[92mINFO [0m:      Received: evaluate message ff18520c-9a78-43a2-bf36-ed341926ca94
[92mINFO [0m:      Sent reply
[92mINFO [0m:      
[92mINFO [0m:      Received: train message a35fcbf8-e978-4adb-9cfd-f49e3855eef6
[92mINFO [0m:      Sent reply
[92mINFO [0m:      
[92mINFO [0m:      Received: evaluate message cec8f41a-3e1e-4ddc-b390-b80d9842995b
[92mINFO [0m:      Sent reply
[92mINFO [0m:      
[92mINFO [0m:      Received: train message 27a96517-3fa4-4d53-9baa-605199de3741
[92mINFO [0m:      Sent reply
[92mINFO [0m:      
[92mINFO [0m:      Received: evaluate message 844597fe-991f-4741-9dc6-3f2ae881eadb
[92mINFO [0m:      Sent reply
[92mINFO [0m:      
[92mINFO [0m:      Received: train message f1fb3ec0-0a6c-4971-a27f-3321f078fb3d
[92mINFO [0m:      Sent reply
[92mINFO [0m:      
[92mINFO [0m:      Received: evaluate message f95c107e-447f-4d40-87ac-d4a15ad8786d
[92mINFO [0m:      Sent reply
[92mINFO [0m:      
[92mINFO [0m:      Received: train message 279b0605-70d6-4045-8daf-21da3e0212c4
[92mINFO [0m:      Sent reply
[92mINFO [0m:      
[92mINFO [0m:      Received: evaluate message 81401499-12f4-4130-b2bb-d2b53a89d373
[92mINFO [0m:      Sent reply
[92mINFO [0m:      
[92mINFO [0m:      Received: train message 9fdf3a6c-0df6-49cd-9414-b0c2885ddc7b
[92mINFO [0m:      Sent reply
[92mINFO [0m:      
[92mINFO [0m:      Received: evaluate message 4a74ec1e-c829-4a7a-bc65-9690b5bd448f
[92mINFO [0m:      Sent reply
[92mINFO [0m:      
[92mINFO [0m:      Received: train message ba0bfcab-10ae-4e5b-9bc3-71d61c4350fd
[92mINFO [0m:      Sent reply
[92mINFO [0m:      
[92mINFO [0m:      Received: evaluate message a9e71696-d7bd-49e6-8d21-d77d40210c9b
[92mINFO [0m:      Sent reply
[92mINFO [0m:      
[92mINFO [0m:      Received: train message f773d642-2626-413e-a6a5-266269dd1f07
[92mINFO [0m:      Sent reply
[92mINFO [0m:      
[92mINFO [0m:      Received: evaluate message f40301b8-7227-48d0-b4e4-d76f1925eb05
[92mINFO [0m:      Sent reply
[92mINFO [0m:      
[92mINFO [0m:      Received: train message 6dd560e9-efe2-45aa-b959-524ee44410f4
[92mINFO [0m:      Sent reply
[92mINFO [0m:      
[92mINFO [0m:      Received: evaluate message 066a966d-87f6-4ee6-a0e1-32ea2dc4fd41
[92mINFO [0m:      Sent reply
[92mINFO [0m:      
[92mINFO [0m:      Received: train message 65e91294-154a-4c14-b23b-ab4c5860aae1
[92mINFO [0m:      Sent reply
[92mINFO [0m:      
[92mINFO [0m:      Received: evaluate message 99e278e4-a5c0-4205-bc50-5ac61f339f7d
[92mINFO [0m:      Sent reply
[92mINFO [0m:      
[92mINFO [0m:      Received: train message b3199333-a45d-4e87-9a86-cd7378d4e422
[92mINFO [0m:      Sent reply
[92mINFO [0m:      
[92mINFO [0m:      Received: evaluate message d6a4061c-f4ff-4744-8403-7314b6670aac
[92mINFO [0m:      Sent reply
[92mINFO [0m:      
[92mINFO [0m:      Received: train message 44c9516c-b516-4638-a72c-5238d09efb93
[92mINFO [0m:      Sent reply
[92mINFO [0m:      
[92mINFO [0m:      Received: evaluate message af297259-25f5-4936-96f4-615c17501312
[92mINFO [0m:      Sent reply
[92mINFO [0m:      
[92mINFO [0m:      Received: train message 56194c5c-b3e0-4d95-be72-f727aaf301bb
[92mINFO [0m:      Sent reply
[92mINFO [0m:      
[92mINFO [0m:      Received: evaluate message e57cc616-4b44-4ea9-9937-ba09bbd10e93
[92mINFO [0m:      Sent reply
[92mINFO [0m:      
[92mINFO [0m:      Received: train message a940cb6e-d44d-42b4-b50b-00469cd769cb
[92mINFO [0m:      Sent reply
[92mINFO [0m:      
[92mINFO [0m:      Received: evaluate message cfe7f051-d7c8-4a35-bf22-ac1b9508c76d
[92mINFO [0m:      Sent reply
[92mINFO [0m:      
[92mINFO [0m:      Received: train message ee568e12-65c6-4adc-87f4-e0995b8e99c4
[92mINFO [0m:      Sent reply
[92mINFO [0m:      
[92mINFO [0m:      Received: evaluate message 831ba733-9d20-42b3-a6d0-927dcb7d0740
[92mINFO [0m:      Sent reply
[92mINFO [0m:      
[92mINFO [0m:      Received: train message e07346c7-562c-4e64-aae6-84be642c120f
[92mINFO [0m:      Sent reply
[92mINFO [0m:      
[92mINFO [0m:      Received: evaluate message a0cb1d32-1f65-4235-ba61-2cee2405672f
[92mINFO [0m:      Sent reply
[92mINFO [0m:      
[92mINFO [0m:      Received: train message e0cf8220-68c8-43c4-a7eb-3b0e091c805a
[92mINFO [0m:      Sent reply
[92mINFO [0m:      
[92mINFO [0m:      Received: evaluate message 9d232ca2-d730-4839-949c-99582c1d40d1
[92mINFO [0m:      Sent reply
[92mINFO [0m:      
[92mINFO [0m:      Received: train message 886ad3f2-3c4e-4d03-8b75-d0ac19e4a6f3
[92mINFO [0m:      Sent reply
[92mINFO [0m:      
[92mINFO [0m:      Received: evaluate message 9ea0aacc-6a2d-4c37-b917-9863a89bb7b0
[92mINFO [0m:      Sent reply
[92mINFO [0m:      
[92mINFO [0m:      Received: train message 60066044-d668-4bd8-a404-eb9a32377837
[92mINFO [0m:      Sent reply
[92mINFO [0m:      
[92mINFO [0m:      Received: evaluate message 745c5aa4-6433-4d98-b296-8d15b14f1820
[92mINFO [0m:      Sent reply
[92mINFO [0m:      
[92mINFO [0m:      Received: train message 698b8928-d737-4b66-8e79-8dc5359f2eb5
[92mINFO [0m:      Sent reply
[92mINFO [0m:      
[92mINFO [0m:      Received: evaluate message 8b7fa998-b04a-42ee-bad5-5adb5805cf41
[92mINFO [0m:      Sent reply
[92mINFO [0m:      
[92mINFO [0m:      Received: train message d22b69f6-01a5-4a19-a7b9-f6b21efa46ef
[92mINFO [0m:      Sent reply
[92mINFO [0m:      
[92mINFO [0m:      Received: evaluate message ccfa75da-4f2d-474d-b471-bd51898bd676
[92mINFO [0m:      Sent reply
[92mINFO [0m:      
[92mINFO [0m:      Received: train message f905e253-5134-4551-a42c-1acbb41192d0
[92mINFO [0m:      Sent reply
[92mINFO [0m:      
[92mINFO [0m:      Received: evaluate message d1f37254-89c7-4769-baa7-b483de76db75
[92mINFO [0m:      Sent reply
[92mINFO [0m:      
[92mINFO [0m:      Received: train message 337ae984-866c-4461-9a94-ab662b55a02b
[92mINFO [0m:      Sent reply
[92mINFO [0m:      
[92mINFO [0m:      Received: evaluate message 67e759e2-5575-4746-a519-5413506a47e1
[92mINFO [0m:      Sent reply
[92mINFO [0m:      
[92mINFO [0m:      Received: train message 1fad8b76-0033-42e2-a33f-364e09689057
[92mINFO [0m:      Sent reply
[92mINFO [0m:      
[92mINFO [0m:      Received: evaluate message 04e5cb5a-1673-45d1-9342-b59d7d96b00e
[92mINFO [0m:      Sent reply
[92mINFO [0m:      
[92mINFO [0m:      Received: train message b804b6b2-1e1c-46f4-9be6-42af557c216e
[92mINFO [0m:      Sent reply
[92mINFO [0m:      
[92mINFO [0m:      Received: evaluate message efe394b9-1a73-4322-aa59-6a7c60f52eeb
[92mINFO [0m:      Sent reply
[92mINFO [0m:      
[92mINFO [0m:      Received: train message 1517398e-8796-4bbc-b475-a43f5e520a53
[92mINFO [0m:      Sent reply
[92mINFO [0m:      
[92mINFO [0m:      Received: evaluate message 70b0f062-ced4-4c8d-ac53-6bc6c91316e7
[92mINFO [0m:      Sent reply
[92mINFO [0m:      
[92mINFO [0m:      Received: train message 4913fb46-3ec6-471d-b4b6-82d9014e07ba
[92mINFO [0m:      Sent reply
[92mINFO [0m:      
[92mINFO [0m:      Received: evaluate message 6a3cfff5-456e-45ca-8b44-b7f88237c3df
[92mINFO [0m:      Sent reply
[92mINFO [0m:      
[92mINFO [0m:      Received: train message 0b352777-7751-417b-9bec-b52082828dfe
[92mINFO [0m:      Sent reply
[92mINFO [0m:      
[92mINFO [0m:      Received: evaluate message a673010d-693e-4772-aa13-1983771c9566
[92mINFO [0m:      Sent reply
[92mINFO [0m:      
[92mINFO [0m:      Received: train message cb7c2cc9-4aec-489f-9cfc-14626ce6ea0d
[92mINFO [0m:      Sent reply
[92mINFO [0m:      
[92mINFO [0m:      Received: evaluate message 0c45b9b7-3ef3-4bbe-a751-c6d5ea297ba0
[92mINFO [0m:      Sent reply
[92mINFO [0m:      
[92mINFO [0m:      Received: train message 90e236bb-9821-435b-bc3f-36ef84ea80ae
[92mINFO [0m:      Sent reply
[92mINFO [0m:      
[92mINFO [0m:      Received: evaluate message 33c79fc7-bec4-4c9a-a6f4-a22214771934
[92mINFO [0m:      Sent reply
[92mINFO [0m:      
[92mINFO [0m:      Received: train message 7c061bdd-dcfe-439c-8ce0-f33b724cdaaa
[92mINFO [0m:      Sent reply
[92mINFO [0m:      
[92mINFO [0m:      Received: evaluate message 09346269-0b2e-4f3c-90d7-df4ccc779908
[92mINFO [0m:      Sent reply
[92mINFO [0m:      
[92mINFO [0m:      Received: reconnect message 880ed89d-25ed-4341-a4b3-a68c8150442a
[92mINFO [0m:      Disconnect and shut down
