[93mWARNING [0m:   DEPRECATED FEATURE: flwr.client.start_client() is deprecated.
	Instead, use the `flower-supernode` CLI command to start a SuperNode as shown below:

		$ flower-supernode --insecure --superlink='<IP>:<PORT>'

	To view all available options, run:

		$ flower-supernode --help

	Using `start_client()` is deprecated.

            This is a deprecated feature. It will be removed
            entirely in future versions of Flower.
        
[92mINFO [0m:      
[92mINFO [0m:      Received: train message 3f74d206-8cb2-4b4e-b091-4208dec67548
[92mINFO [0m:      Sent reply
[92mINFO [0m:      
[92mINFO [0m:      Received: evaluate message 96e48bf5-d630-4f15-8736-d955fbf592a3
[92mINFO [0m:      Sent reply
[92mINFO [0m:      
[92mINFO [0m:      Received: train message fdf00246-63fb-4be5-908d-246f038ca7ae
[92mINFO [0m:      Sent reply
[92mINFO [0m:      
[92mINFO [0m:      Received: evaluate message dbdbf41c-8272-40c2-b2a3-18a1ad1206b2
[92mINFO [0m:      Sent reply
[92mINFO [0m:      
[92mINFO [0m:      Received: train message 6ce24b8e-bfad-43e4-9a59-0a7f31c3969f
[92mINFO [0m:      Sent reply
[92mINFO [0m:      
[92mINFO [0m:      Received: evaluate message 42860b65-3a4e-4505-81e3-a541a4a24262
[92mINFO [0m:      Sent reply
[92mINFO [0m:      
[92mINFO [0m:      Received: train message 5665011e-4acd-4d62-9036-8fc871e3d5f8
[92mINFO [0m:      Sent reply
[92mINFO [0m:      
[92mINFO [0m:      Received: evaluate message 7598e0a7-0d3d-41a4-bc48-1a52fbfdda4f
[92mINFO [0m:      Sent reply
[92mINFO [0m:      
[92mINFO [0m:      Received: train message 27b32571-e7aa-44d3-93e5-05cbfb0d372e
[92mINFO [0m:      Sent reply
[92mINFO [0m:      
[92mINFO [0m:      Received: evaluate message d2adb3dd-4fc7-4c64-8c08-c1987c453ca4
[92mINFO [0m:      Sent reply
[92mINFO [0m:      
[92mINFO [0m:      Received: train message 89d597ac-5dd9-4585-a76d-dd4bee88eb78
[92mINFO [0m:      Sent reply
[92mINFO [0m:      
[92mINFO [0m:      Received: evaluate message 02df9851-3419-4a67-8f1b-f28e0853f2a2
[92mINFO [0m:      Sent reply
[92mINFO [0m:      
[92mINFO [0m:      Received: train message 9fcc24cc-120c-44e0-8a49-f8240e40dcb0
[92mINFO [0m:      Sent reply
[92mINFO [0m:      
[92mINFO [0m:      Received: evaluate message f3381ab5-be8b-4a23-b6b6-d63979d40a8e
[92mINFO [0m:      Sent reply
[92mINFO [0m:      
[92mINFO [0m:      Received: train message b7b386c2-29c7-4ea1-96ce-3b525bc9807a
[92mINFO [0m:      Sent reply
[92mINFO [0m:      
[92mINFO [0m:      Received: evaluate message 04c3dd08-aa3f-4f1c-9072-32a600087001
[92mINFO [0m:      Sent reply
[92mINFO [0m:      
[92mINFO [0m:      Received: train message 4225a6da-8b32-4f13-b4e9-bdd39b8c3ecb
[92mINFO [0m:      Sent reply
[92mINFO [0m:      
[92mINFO [0m:      Received: evaluate message 119b9259-8810-48be-9e44-99e26e6aebba
[92mINFO [0m:      Sent reply
[92mINFO [0m:      
[92mINFO [0m:      Received: train message 07ee3e4d-6dfa-4584-8a7e-38de5879ef87
[92mINFO [0m:      Sent reply
[92mINFO [0m:      
[92mINFO [0m:      Received: evaluate message f8f84cd9-ec70-4c25-bb10-c72cee48e586
[92mINFO [0m:      Sent reply
[92mINFO [0m:      
[92mINFO [0m:      Received: train message 1265a31c-8c01-425c-b32f-b4ca099e4c66
[92mINFO [0m:      Sent reply
[92mINFO [0m:      
[92mINFO [0m:      Received: evaluate message db10a916-06ca-4835-8c61-d67159b67a33
[92mINFO [0m:      Sent reply
[92mINFO [0m:      
[92mINFO [0m:      Received: train message 0ed4b431-44aa-4f4c-9254-3b7ab39fbe49
[92mINFO [0m:      Sent reply
[92mINFO [0m:      
[92mINFO [0m:      Received: evaluate message 814a675d-273e-4d4c-a509-2de84bc93c2a
[92mINFO [0m:      Sent reply
[92mINFO [0m:      
[92mINFO [0m:      Received: train message ed21c6e7-23f9-42de-8758-efcdfd06d59e
[92mINFO [0m:      Sent reply
[92mINFO [0m:      
[92mINFO [0m:      Received: evaluate message 805d374b-a677-464f-97b4-b1a370cdbbc5
[92mINFO [0m:      Sent reply
[92mINFO [0m:      
[92mINFO [0m:      Received: train message fd4e5d8d-efed-4a7a-b337-4e8f5c579c51
[92mINFO [0m:      Sent reply
[92mINFO [0m:      
[92mINFO [0m:      Received: evaluate message 727274cd-80e0-4508-9adf-aa0c27c33c04
[92mINFO [0m:      Sent reply
[92mINFO [0m:      
[92mINFO [0m:      Received: train message 8c7b096e-6088-4a89-a20f-01a511d18dae
[92mINFO [0m:      Sent reply
[92mINFO [0m:      
[92mINFO [0m:      Received: evaluate message fcd9f401-15ad-4c7f-92a6-f912cf80a719
[92mINFO [0m:      Sent reply
[92mINFO [0m:      
[92mINFO [0m:      Received: train message 5cbbff02-4d74-4b13-8c68-809163aa7cc2
[92mINFO [0m:      Sent reply
[92mINFO [0m:      
[92mINFO [0m:      Received: evaluate message 2f12a67b-95c7-442b-ab5c-3cca1b823889
[92mINFO [0m:      Sent reply
[92mINFO [0m:      
[92mINFO [0m:      Received: train message 5866a92a-49a9-47a2-8bc6-760a7d0b623c
[92mINFO [0m:      Sent reply
[92mINFO [0m:      
[92mINFO [0m:      Received: evaluate message 8983e1f8-2457-46f5-8b0f-604738005129
[92mINFO [0m:      Sent reply
[92mINFO [0m:      
[92mINFO [0m:      Received: train message 7738f823-3915-4938-9617-6de1417e614f
[92mINFO [0m:      Sent reply
[92mINFO [0m:      
[92mINFO [0m:      Received: evaluate message 52ccc2b9-dfff-476a-9a0c-7bbb79cd48e7
[92mINFO [0m:      Sent reply
[92mINFO [0m:      
[92mINFO [0m:      Received: train message 9730b3c6-8d1c-47c7-b1be-21a03b948947
[92mINFO [0m:      Sent reply
[92mINFO [0m:      
[92mINFO [0m:      Received: evaluate message 923e1dfd-1d39-4554-8f6e-9d41d430ba90
[92mINFO [0m:      Sent reply
[92mINFO [0m:      
[92mINFO [0m:      Received: train message 7214011e-0720-4b78-bd15-61f66f8d20be
[92mINFO [0m:      Sent reply
[92mINFO [0m:      
[92mINFO [0m:      Received: evaluate message fc2347c2-a3e0-4a72-8caf-2ed0ca944c36
[92mINFO [0m:      Sent reply
[92mINFO [0m:      
[92mINFO [0m:      Received: train message c1dcefde-a13b-4f7c-9d6c-df5d8e86f847
[92mINFO [0m:      Sent reply
[92mINFO [0m:      
[92mINFO [0m:      Received: evaluate message 207c0801-6d5c-4da3-a3e2-d674f0f9a3f4
[92mINFO [0m:      Sent reply
[92mINFO [0m:      
[92mINFO [0m:      Received: train message e4d7dabc-e6d5-4afd-a76a-ba041301db9e
[92mINFO [0m:      Sent reply
[92mINFO [0m:      
[92mINFO [0m:      Received: evaluate message eb14fa95-5f99-4058-a923-4804ff274ca6
[92mINFO [0m:      Sent reply
[92mINFO [0m:      
[92mINFO [0m:      Received: train message c5919965-1163-41f0-a6d9-fde9b39cbc4c
[92mINFO [0m:      Sent reply
[92mINFO [0m:      
[92mINFO [0m:      Received: evaluate message f0d63562-1965-4648-9d28-fd450c8b23d3
[92mINFO [0m:      Sent reply
[92mINFO [0m:      
[92mINFO [0m:      Received: train message 28adfdd9-bd40-4558-be68-ec5537b47118
[92mINFO [0m:      Sent reply
[92mINFO [0m:      
[92mINFO [0m:      Received: evaluate message 92cda0eb-31cf-46a5-a8da-c9f181182b0d
[92mINFO [0m:      Sent reply
[92mINFO [0m:      
[92mINFO [0m:      Received: train message 29f0fa29-5dfb-4bc2-893d-031da3d01109
[92mINFO [0m:      Sent reply
[92mINFO [0m:      
[92mINFO [0m:      Received: evaluate message 33c50273-4270-4916-8ab8-9a9ff1cc2de5
[92mINFO [0m:      Sent reply
[92mINFO [0m:      
[92mINFO [0m:      Received: train message 700fea01-c81e-4e87-b108-f60b7259eef0
[92mINFO [0m:      Sent reply
[92mINFO [0m:      
[92mINFO [0m:      Received: evaluate message f38ab1da-93f5-401c-827c-096d1599e950
[92mINFO [0m:      Sent reply
[92mINFO [0m:      
[92mINFO [0m:      Received: train message 9645631c-e46c-48c4-aa48-2125d6291c04
[92mINFO [0m:      Sent reply
[92mINFO [0m:      
[92mINFO [0m:      Received: evaluate message 1fe1c52b-f3a1-4292-b7e9-530307d3679c
[92mINFO [0m:      Sent reply
[92mINFO [0m:      
[92mINFO [0m:      Received: train message 74fa4293-196d-4ac1-8157-78f95c6a9ad7
[92mINFO [0m:      Sent reply
[92mINFO [0m:      
[92mINFO [0m:      Received: evaluate message a96c4423-6121-4251-9c57-967c89b891b2
[92mINFO [0m:      Sent reply
[92mINFO [0m:      
[92mINFO [0m:      Received: train message 6d7e5e78-b140-45d6-b6f1-196f123f8fa0
[92mINFO [0m:      Sent reply
[92mINFO [0m:      
[92mINFO [0m:      Received: evaluate message 248bbe73-1eaa-4bcd-84fc-9b78c02be5b8
[92mINFO [0m:      Sent reply
[92mINFO [0m:      
[92mINFO [0m:      Received: train message 4735f730-ee5b-48d2-adb8-e75fc4bdce48
[92mINFO [0m:      Sent reply
[92mINFO [0m:      
[92mINFO [0m:      Received: evaluate message cf330f93-ede3-4ce7-b906-93bcc46af20b
[92mINFO [0m:      Sent reply
[92mINFO [0m:      
[92mINFO [0m:      Received: train message e9745479-3a08-4c85-a33a-9abcad663ac9
[92mINFO [0m:      Sent reply
[92mINFO [0m:      
[92mINFO [0m:      Received: evaluate message 42a7ed16-e58e-4a24-80f2-bbc22ff47a18
[92mINFO [0m:      Sent reply
[92mINFO [0m:      
[92mINFO [0m:      Received: train message 9266f744-5bdf-42da-9a37-df806d1248b7
[92mINFO [0m:      Sent reply
[92mINFO [0m:      
[92mINFO [0m:      Received: evaluate message b99461cf-df8c-428e-a82c-39d7e7e21d1f
[92mINFO [0m:      Sent reply
[92mINFO [0m:      
[92mINFO [0m:      Received: train message cd0c1b49-1b81-406a-bfcf-0533f704682b
[92mINFO [0m:      Sent reply
[92mINFO [0m:      
[92mINFO [0m:      Received: evaluate message ce278ec9-c389-44b3-bd2b-3cd72e519148
[92mINFO [0m:      Sent reply
[92mINFO [0m:      
[92mINFO [0m:      Received: train message 90e01871-5788-4e8c-a74c-3b705939b6ea
[92mINFO [0m:      Sent reply
[92mINFO [0m:      
[92mINFO [0m:      Received: evaluate message bf2f312a-9a80-4b05-8b61-570edfad5b10
[92mINFO [0m:      Sent reply
[92mINFO [0m:      
[92mINFO [0m:      Received: train message 7aec51f9-f626-4590-a9c6-b376171da45f
[92mINFO [0m:      Sent reply
[92mINFO [0m:      
[92mINFO [0m:      Received: evaluate message 4c1230d3-1d7b-48d5-86da-2facc9fbca66
[92mINFO [0m:      Sent reply
[92mINFO [0m:      
[92mINFO [0m:      Received: train message 3ef11f7e-c416-4e61-885d-41840a6a843c
[92mINFO [0m:      Sent reply
[92mINFO [0m:      
[92mINFO [0m:      Received: evaluate message e9b5e236-0a7e-4c93-9d49-6ba454092e0c
[92mINFO [0m:      Sent reply
[92mINFO [0m:      
[92mINFO [0m:      Received: train message e84bed57-56fa-4fdd-a9fb-bb03a48c9373
[92mINFO [0m:      Sent reply
[92mINFO [0m:      
[92mINFO [0m:      Received: evaluate message ce58f993-6116-4cc2-b5d3-135d1ad79cf9
[92mINFO [0m:      Sent reply
[92mINFO [0m:      
[92mINFO [0m:      Received: train message 7b8a8e2f-140b-45f7-a86f-509cfa083b76
[92mINFO [0m:      Sent reply
[92mINFO [0m:      
[92mINFO [0m:      Received: evaluate message 7a7bd8a8-ee4b-4957-9ae1-f6cd24a95c58
[92mINFO [0m:      Sent reply
[92mINFO [0m:      
[92mINFO [0m:      Received: train message a4417422-be85-489a-a687-18d6e3ed142b
[92mINFO [0m:      Sent reply
[92mINFO [0m:      
[92mINFO [0m:      Received: evaluate message 1fe5cadd-d969-4bfd-ba70-32c8b814d880
[92mINFO [0m:      Sent reply
[92mINFO [0m:      
[92mINFO [0m:      Received: train message 71d9238f-92fb-4db3-b606-ff28226874fe
[92mINFO [0m:      Sent reply
[92mINFO [0m:      
[92mINFO [0m:      Received: evaluate message d214dd2f-3028-4713-b7fc-21180df8e22d
[92mINFO [0m:      Sent reply
[92mINFO [0m:      
[92mINFO [0m:      Received: train message dcccb356-cb44-45f1-a997-d80f47df6317
[92mINFO [0m:      Sent reply
[92mINFO [0m:      
[92mINFO [0m:      Received: evaluate message b7351e0a-900b-4cff-95cf-c91f189de226
[92mINFO [0m:      Sent reply
[92mINFO [0m:      
[92mINFO [0m:      Received: train message 9324f707-a633-43f3-9509-ab07ccd10217
[92mINFO [0m:      Sent reply
[92mINFO [0m:      
[92mINFO [0m:      Received: evaluate message 126fb96e-ac79-4604-b3a6-cfd5b786d27c
[92mINFO [0m:      Sent reply
[92mINFO [0m:      
[92mINFO [0m:      Received: train message cb86f47b-2f4a-4d26-a4de-64fe0e8fbe60
[92mINFO [0m:      Sent reply
[92mINFO [0m:      
[92mINFO [0m:      Received: evaluate message 0584ec1d-6dbe-4fb4-bfab-12af0b9adf54
[92mINFO [0m:      Sent reply
[92mINFO [0m:      
[92mINFO [0m:      Received: train message fa1996fd-2a64-4484-81bb-6c4495dcd7b8
[92mINFO [0m:      Sent reply
[92mINFO [0m:      
[92mINFO [0m:      Received: evaluate message 4225432e-5971-419f-8cd8-407c9a9da54d
[92mINFO [0m:      Sent reply
[92mINFO [0m:      
[92mINFO [0m:      Received: train message eb58f5ff-7f4d-428d-8abb-0be9b3b082d7
[92mINFO [0m:      Sent reply
[92mINFO [0m:      
[92mINFO [0m:      Received: evaluate message 660d7835-1eb4-4d35-809b-6a234a70e2f9
[92mINFO [0m:      Sent reply
[92mINFO [0m:      
[92mINFO [0m:      Received: train message 12b93697-1d05-42d9-a28a-3ea70d645a25
[92mINFO [0m:      Sent reply
[92mINFO [0m:      
[92mINFO [0m:      Received: evaluate message 25daadf0-ae21-4d9a-a9a8-9b6329cde438
[92mINFO [0m:      Sent reply
[92mINFO [0m:      
[92mINFO [0m:      Received: train message abe154da-8e69-4b09-8217-f6b83518c1d9
[92mINFO [0m:      Sent reply
[92mINFO [0m:      
[92mINFO [0m:      Received: evaluate message 3a860178-7d19-4909-8351-1ae52a889d61
[92mINFO [0m:      Sent reply
[92mINFO [0m:      
[92mINFO [0m:      Received: train message 1834930c-6101-4ad0-8340-466f206b700d
[92mINFO [0m:      Sent reply
[92mINFO [0m:      
[92mINFO [0m:      Received: evaluate message 2eca3827-105e-4f1f-b442-7e34ba38ebd6
[92mINFO [0m:      Sent reply
[92mINFO [0m:      
[92mINFO [0m:      Received: train message 13532777-8340-4620-9947-a56e078a6975
[92mINFO [0m:      Sent reply
[92mINFO [0m:      
[92mINFO [0m:      Received: evaluate message f4a91779-7c4f-43ed-a384-7aa082e45863
[92mINFO [0m:      Sent reply
[92mINFO [0m:      
[92mINFO [0m:      Received: train message 7beb2064-e297-4b59-9c22-e4e13c6ac6ee
[92mINFO [0m:      Sent reply
[92mINFO [0m:      
[92mINFO [0m:      Received: evaluate message 9dd29355-e34a-49e5-a64f-abd1c1e3649e
[92mINFO [0m:      Sent reply
[92mINFO [0m:      
[92mINFO [0m:      Received: reconnect message 3afb51b8-9b40-4081-8dd0-7eda4734e09e
[92mINFO [0m:      Disconnect and shut down
