[93mWARNING [0m:   DEPRECATED FEATURE: flwr.client.start_client() is deprecated.
	Instead, use the `flower-supernode` CLI command to start a SuperNode as shown below:

		$ flower-supernode --insecure --superlink='<IP>:<PORT>'

	To view all available options, run:

		$ flower-supernode --help

	Using `start_client()` is deprecated.

            This is a deprecated feature. It will be removed
            entirely in future versions of Flower.
        
[92mINFO [0m:      
[92mINFO [0m:      Received: train message 8e838fe0-1c07-457f-81a7-46756468566a
[92mINFO [0m:      Sent reply
[92mINFO [0m:      
[92mINFO [0m:      Received: evaluate message 2d04560d-6b6e-4028-96fb-62ea22c4be45
[92mINFO [0m:      Sent reply
[92mINFO [0m:      
[92mINFO [0m:      Received: train message 403d8c9d-d01a-4bcb-9072-cacbacfe6b49
[92mINFO [0m:      Sent reply
[92mINFO [0m:      
[92mINFO [0m:      Received: evaluate message bfe832d1-d518-42e4-8ab5-36c85d1aee3d
[92mINFO [0m:      Sent reply
[92mINFO [0m:      
[92mINFO [0m:      Received: train message 13fedbcf-6a68-4f19-930b-930528ce1b00
[92mINFO [0m:      Sent reply
[92mINFO [0m:      
[92mINFO [0m:      Received: evaluate message f35dda8b-501b-4773-a596-d23fe4084fae
[92mINFO [0m:      Sent reply
[92mINFO [0m:      
[92mINFO [0m:      Received: train message 65925612-3b40-45b5-bd43-31dfc16dc360
[92mINFO [0m:      Sent reply
[92mINFO [0m:      
[92mINFO [0m:      Received: evaluate message 91f3f597-4461-4e3a-8aa4-deaddb848da4
[92mINFO [0m:      Sent reply
[92mINFO [0m:      
[92mINFO [0m:      Received: train message 0ddfe365-a2d6-4528-a25f-3d1d64ddf8a3
[92mINFO [0m:      Sent reply
[92mINFO [0m:      
[92mINFO [0m:      Received: evaluate message 08197c64-d4a4-4598-83db-1813c70561b4
[92mINFO [0m:      Sent reply
[92mINFO [0m:      
[92mINFO [0m:      Received: train message d5f338e3-ed8e-4e55-b15d-9b1ff734afac
[92mINFO [0m:      Sent reply
[92mINFO [0m:      
[92mINFO [0m:      Received: evaluate message 2cd6ff16-ecae-412a-9dda-917b46c551c7
[92mINFO [0m:      Sent reply
[92mINFO [0m:      
[92mINFO [0m:      Received: train message 5bf8cc69-603a-4d4d-99c6-9d990e82ed0f
[92mINFO [0m:      Sent reply
[92mINFO [0m:      
[92mINFO [0m:      Received: evaluate message b3e0359b-8ea5-45ff-8136-a7c07f0481b8
[92mINFO [0m:      Sent reply
[92mINFO [0m:      
[92mINFO [0m:      Received: train message 62333015-a32b-4e50-8778-86fb9f6838ad
[92mINFO [0m:      Sent reply
[92mINFO [0m:      
[92mINFO [0m:      Received: evaluate message 1178506c-9f70-4d42-9bb8-e71321b2b60f
[92mINFO [0m:      Sent reply
[92mINFO [0m:      
[92mINFO [0m:      Received: train message 5128a2f6-e41b-4cfe-9e77-13fda87956de
[92mINFO [0m:      Sent reply
[92mINFO [0m:      
[92mINFO [0m:      Received: evaluate message fc3a35e4-d200-4ac6-8d01-d690fcffad72
[92mINFO [0m:      Sent reply
[92mINFO [0m:      
[92mINFO [0m:      Received: train message 92964c0d-8467-4dfa-ae38-79c4198795df
[92mINFO [0m:      Sent reply
[92mINFO [0m:      
[92mINFO [0m:      Received: evaluate message 7b5bf877-9915-467c-a902-de16769041f8
[92mINFO [0m:      Sent reply
[92mINFO [0m:      
[92mINFO [0m:      Received: train message 7e0f78d4-d426-4797-ba60-2a82701ccef7
[92mINFO [0m:      Sent reply
[92mINFO [0m:      
[92mINFO [0m:      Received: evaluate message 3b99dea4-ef42-4b8e-9be0-30370315abc6
[92mINFO [0m:      Sent reply
[92mINFO [0m:      
[92mINFO [0m:      Received: train message edcb8383-27f6-46b5-8932-b4eeab623cf6
[92mINFO [0m:      Sent reply
[92mINFO [0m:      
[92mINFO [0m:      Received: evaluate message dfdd0ecf-e114-4af0-b8ce-af4fcdafe65d
[92mINFO [0m:      Sent reply
[92mINFO [0m:      
[92mINFO [0m:      Received: train message 3a477e41-d791-4107-b714-8cd733cccf89
[92mINFO [0m:      Sent reply
[92mINFO [0m:      
[92mINFO [0m:      Received: evaluate message 53c03e4f-1f57-4223-ad9b-1c7ffa138df3
[92mINFO [0m:      Sent reply
[92mINFO [0m:      
[92mINFO [0m:      Received: train message 5acac4d5-459c-409c-bc40-27e653434426
[92mINFO [0m:      Sent reply
[92mINFO [0m:      
[92mINFO [0m:      Received: evaluate message 57f34f35-6f2b-40e6-af11-bda728e246c8
[92mINFO [0m:      Sent reply
[92mINFO [0m:      
[92mINFO [0m:      Received: train message a4ab2f42-1e94-4d79-9667-ad30a4c95f57
[92mINFO [0m:      Sent reply
[92mINFO [0m:      
[92mINFO [0m:      Received: evaluate message 0e2839c9-e101-4bc7-a1d3-6acc80b43c74
[92mINFO [0m:      Sent reply
[92mINFO [0m:      
[92mINFO [0m:      Received: train message 5c0afd49-b009-4570-b3a5-a9716c1f2558
[92mINFO [0m:      Sent reply
[92mINFO [0m:      
[92mINFO [0m:      Received: evaluate message 7cbc2725-6286-40ff-9dc6-ad97d4f2ab09
[92mINFO [0m:      Sent reply
[92mINFO [0m:      
[92mINFO [0m:      Received: train message 0a144e95-e926-4f06-be0f-5ae523716d2a
[92mINFO [0m:      Sent reply
[92mINFO [0m:      
[92mINFO [0m:      Received: evaluate message 45c51db8-4afd-4b86-a82b-eb918f103469
[92mINFO [0m:      Sent reply
[92mINFO [0m:      
[92mINFO [0m:      Received: train message 9c2f3e2e-3ff8-4395-8ef0-4a3ab1cbee9d
[92mINFO [0m:      Sent reply
[92mINFO [0m:      
[92mINFO [0m:      Received: evaluate message 4a4cffbe-c1e8-424c-ad00-75607bd7fef0
[92mINFO [0m:      Sent reply
[92mINFO [0m:      
[92mINFO [0m:      Received: train message 7b62f76d-7306-4242-b612-48737929a39e
[92mINFO [0m:      Sent reply
[92mINFO [0m:      
[92mINFO [0m:      Received: evaluate message 10b2c71f-f4d9-4a8a-9e08-596147ca9622
[92mINFO [0m:      Sent reply
[92mINFO [0m:      
[92mINFO [0m:      Received: train message 6193c48d-bdca-4301-ac79-b2d41e56aacd
[92mINFO [0m:      Sent reply
[92mINFO [0m:      
[92mINFO [0m:      Received: evaluate message eb24f69e-0ff3-4d3f-9380-b39e5e4688c9
[92mINFO [0m:      Sent reply
[92mINFO [0m:      
[92mINFO [0m:      Received: train message ec2f7080-1476-46e3-8d87-515689677af6
[92mINFO [0m:      Sent reply
[92mINFO [0m:      
[92mINFO [0m:      Received: evaluate message 2bb69f8a-1185-4e92-a217-f7eb34aa9b1c
[92mINFO [0m:      Sent reply
[92mINFO [0m:      
[92mINFO [0m:      Received: train message e15ee16f-c74f-4ebf-935b-2cbe5d9daafb
[92mINFO [0m:      Sent reply
[92mINFO [0m:      
[92mINFO [0m:      Received: evaluate message 4f136770-60ff-4996-8706-6b9fbd41e4a0
[92mINFO [0m:      Sent reply
[92mINFO [0m:      
[92mINFO [0m:      Received: train message a4cc0fb9-e808-4631-b221-ac7f52f75eb5
[92mINFO [0m:      Sent reply
[92mINFO [0m:      
[92mINFO [0m:      Received: evaluate message 2effb356-1c9c-4cbf-93e9-93dfa18441e5
[92mINFO [0m:      Sent reply
[92mINFO [0m:      
[92mINFO [0m:      Received: train message 01ddf621-c62c-4bda-8f47-50a945b78cee
[92mINFO [0m:      Sent reply
[92mINFO [0m:      
[92mINFO [0m:      Received: evaluate message f8f02986-1dcc-4025-b0e3-d6b495085468
[92mINFO [0m:      Sent reply
[92mINFO [0m:      
[92mINFO [0m:      Received: train message c73d512b-4a37-48c4-b6c3-212bfdaaa2b3
[92mINFO [0m:      Sent reply
[92mINFO [0m:      
[92mINFO [0m:      Received: evaluate message 13c4f6d7-60bd-403b-9b8b-dfe42a88309c
[92mINFO [0m:      Sent reply
[92mINFO [0m:      
[92mINFO [0m:      Received: train message 5817a220-4945-49ef-99e3-c7380f3c9538
[92mINFO [0m:      Sent reply
[92mINFO [0m:      
[92mINFO [0m:      Received: evaluate message 4bdc4718-dda5-49ed-b16e-1ab5f315ba9b
[92mINFO [0m:      Sent reply
[92mINFO [0m:      
[92mINFO [0m:      Received: train message fb3c18ba-0518-463a-8f14-e5004552d1e5
[92mINFO [0m:      Sent reply
[92mINFO [0m:      
[92mINFO [0m:      Received: evaluate message da332871-a9d4-4c82-b58a-080db4801264
[92mINFO [0m:      Sent reply
[92mINFO [0m:      
[92mINFO [0m:      Received: train message 0235d6a8-c80b-483e-b3d3-8c03f0897486
[92mINFO [0m:      Sent reply
[92mINFO [0m:      
[92mINFO [0m:      Received: evaluate message dfc99688-a90b-4fc1-b3b9-96e13c2c3d00
[92mINFO [0m:      Sent reply
[92mINFO [0m:      
[92mINFO [0m:      Received: train message f8e781fe-9aba-4ba4-82c9-e23b5a19ffcb
[92mINFO [0m:      Sent reply
[92mINFO [0m:      
[92mINFO [0m:      Received: evaluate message e5b0897a-8168-4330-a2ef-ad1bbb85fbd4
[92mINFO [0m:      Sent reply
[92mINFO [0m:      
[92mINFO [0m:      Received: train message 0edb7942-0796-4d56-bbcb-966f460d654e
[92mINFO [0m:      Sent reply
[92mINFO [0m:      
[92mINFO [0m:      Received: evaluate message 325ede38-c906-4ae0-8ccf-f4a5d338cf49
[92mINFO [0m:      Sent reply
[92mINFO [0m:      
[92mINFO [0m:      Received: train message 3f7349d4-0f28-4c1e-8e67-5d5854780019
[92mINFO [0m:      Sent reply
[92mINFO [0m:      
[92mINFO [0m:      Received: evaluate message a380c905-8c18-43a6-ad74-3234a7e07b58
[92mINFO [0m:      Sent reply
[92mINFO [0m:      
[92mINFO [0m:      Received: train message fe424d05-a8ae-446f-9950-1a1b11a8185b
[92mINFO [0m:      Sent reply
[92mINFO [0m:      
[92mINFO [0m:      Received: evaluate message 6720fa1f-7fd3-4c37-935a-50c264da6cb5
[92mINFO [0m:      Sent reply
[92mINFO [0m:      
[92mINFO [0m:      Received: train message 634b0361-6993-4e71-9f3c-e8f970bec9a0
[92mINFO [0m:      Sent reply
[92mINFO [0m:      
[92mINFO [0m:      Received: evaluate message 2a9795a0-b71a-4e4f-bb76-bdf20bfa9f38
[92mINFO [0m:      Sent reply
[92mINFO [0m:      
[92mINFO [0m:      Received: train message 80f7ee47-9cb6-4b9c-b0f7-a858450519dc
[92mINFO [0m:      Sent reply
[92mINFO [0m:      
[92mINFO [0m:      Received: evaluate message 087c2a52-bdbb-4986-9bcf-bb379174e3c1
[92mINFO [0m:      Sent reply
[92mINFO [0m:      
[92mINFO [0m:      Received: train message 41bc23b3-cdcd-409f-bf81-ae013f317149
[92mINFO [0m:      Sent reply
[92mINFO [0m:      
[92mINFO [0m:      Received: evaluate message c79228f4-7d39-482b-b4e2-6206f9cc7bec
[92mINFO [0m:      Sent reply
[92mINFO [0m:      
[92mINFO [0m:      Received: train message 56afeb9a-cafe-4bbc-b5d0-82e870359201
[92mINFO [0m:      Sent reply
[92mINFO [0m:      
[92mINFO [0m:      Received: evaluate message 6797899f-dd8d-476e-9aaf-7a4f1ed478b3
[92mINFO [0m:      Sent reply
[92mINFO [0m:      
[92mINFO [0m:      Received: train message 5b379863-da4a-4410-88b0-c937c9be9424
[92mINFO [0m:      Sent reply
[92mINFO [0m:      
[92mINFO [0m:      Received: evaluate message 79861892-b36d-436a-a1aa-f331e187f4b5
[92mINFO [0m:      Sent reply
[92mINFO [0m:      
[92mINFO [0m:      Received: train message ba548c2e-f129-4386-a6ef-fc317552a1a3
[92mINFO [0m:      Sent reply
[92mINFO [0m:      
[92mINFO [0m:      Received: evaluate message e7ff817e-3db6-47ad-8a91-0b6a4911067f
[92mINFO [0m:      Sent reply
[92mINFO [0m:      
[92mINFO [0m:      Received: train message 613f7847-2a12-4455-991b-3f97a2535ab5
[92mINFO [0m:      Sent reply
[92mINFO [0m:      
[92mINFO [0m:      Received: evaluate message 41349851-ea46-4ac9-89cf-67aac013d5c3
[92mINFO [0m:      Sent reply
[92mINFO [0m:      
[92mINFO [0m:      Received: train message 254fa76d-bfd8-4782-875f-b2347a864e55
[92mINFO [0m:      Sent reply
[92mINFO [0m:      
[92mINFO [0m:      Received: evaluate message 63804698-bb04-4150-bbb1-5a95ed6da37f
[92mINFO [0m:      Sent reply
[92mINFO [0m:      
[92mINFO [0m:      Received: train message c83146e0-469d-4770-900c-b7ff5e2add70
[92mINFO [0m:      Sent reply
[92mINFO [0m:      
[92mINFO [0m:      Received: evaluate message a0a7afb8-fa53-4056-9cec-0174464dba2e
[92mINFO [0m:      Sent reply
[92mINFO [0m:      
[92mINFO [0m:      Received: train message a4be9994-1483-4ace-8028-06df767deacc
[92mINFO [0m:      Sent reply
[92mINFO [0m:      
[92mINFO [0m:      Received: evaluate message 2687194e-667b-425d-96e2-c85eb8d55ed5
[92mINFO [0m:      Sent reply
[92mINFO [0m:      
[92mINFO [0m:      Received: train message 31f5daf3-d8f1-4b58-a263-3ae20b74eb35
[92mINFO [0m:      Sent reply
[92mINFO [0m:      
[92mINFO [0m:      Received: evaluate message 4a37afab-5f2e-441a-b36d-3b55f3877ffd
[92mINFO [0m:      Sent reply
[92mINFO [0m:      
[92mINFO [0m:      Received: train message 4328cc2a-6fcb-431a-8352-86e5e9ce0cae
[92mINFO [0m:      Sent reply
[92mINFO [0m:      
[92mINFO [0m:      Received: evaluate message 9524f260-410d-4557-bc54-56363ffd2790
[92mINFO [0m:      Sent reply
[92mINFO [0m:      
[92mINFO [0m:      Received: train message 0821b266-636d-4451-953f-ebb9bbdf2c95
[92mINFO [0m:      Sent reply
[92mINFO [0m:      
[92mINFO [0m:      Received: evaluate message 12de78db-cdc0-4fa4-b75a-d841aa851c4c
[92mINFO [0m:      Sent reply
[92mINFO [0m:      
[92mINFO [0m:      Received: train message 4db2f572-0cdb-47d8-8e0a-b3529f8537af
[92mINFO [0m:      Sent reply
[92mINFO [0m:      
[92mINFO [0m:      Received: evaluate message dcb6d28f-29a1-4da4-a9bd-b02650e810ab
[92mINFO [0m:      Sent reply
[92mINFO [0m:      
[92mINFO [0m:      Received: train message df2da520-9166-4f92-8f20-30eaa05a5e65
[92mINFO [0m:      Sent reply
[92mINFO [0m:      
[92mINFO [0m:      Received: evaluate message 97e754dc-dc98-4ab3-a2de-d7cbbccbb4b7
[92mINFO [0m:      Sent reply
[92mINFO [0m:      
[92mINFO [0m:      Received: train message aa7f2489-fcb5-4cd4-b99a-e481e86ca7e1
[92mINFO [0m:      Sent reply
[92mINFO [0m:      
[92mINFO [0m:      Received: evaluate message 5f78fd66-1d77-474f-82e1-6a9201534f9c
[92mINFO [0m:      Sent reply
[92mINFO [0m:      
[92mINFO [0m:      Received: train message 06c47f2b-3bee-42ed-ba64-07595c44bcf1
[92mINFO [0m:      Sent reply
[92mINFO [0m:      
[92mINFO [0m:      Received: evaluate message 93890faf-52b5-4626-a22d-0670984ab7a5
[92mINFO [0m:      Sent reply
[92mINFO [0m:      
[92mINFO [0m:      Received: train message c870734e-1932-473a-9aae-b7f30961b13d
[92mINFO [0m:      Sent reply
[92mINFO [0m:      
[92mINFO [0m:      Received: evaluate message 2d75c708-d76b-47be-8373-ccb98c090214
[92mINFO [0m:      Sent reply
[92mINFO [0m:      
[92mINFO [0m:      Received: reconnect message 4f10f473-1b66-4ca7-a912-6b375897b1c6
[92mINFO [0m:      Disconnect and shut down
