[93mWARNING [0m:   DEPRECATED FEATURE: flwr.client.start_client() is deprecated.
	Instead, use the `flower-supernode` CLI command to start a SuperNode as shown below:

		$ flower-supernode --insecure --superlink='<IP>:<PORT>'

	To view all available options, run:

		$ flower-supernode --help

	Using `start_client()` is deprecated.

            This is a deprecated feature. It will be removed
            entirely in future versions of Flower.
        
[92mINFO [0m:      
[92mINFO [0m:      Received: train message e139c5e6-ee1c-4fa5-85dd-c1dba47ca371
[92mINFO [0m:      Sent reply
[92mINFO [0m:      
[92mINFO [0m:      Received: evaluate message 9bcf5f5c-53a9-4030-8cb7-894f3ff0c322
[92mINFO [0m:      Sent reply
[92mINFO [0m:      
[92mINFO [0m:      Received: train message 8156d650-201c-47f1-a05a-8dc024d74877
[92mINFO [0m:      Sent reply
[92mINFO [0m:      
[92mINFO [0m:      Received: evaluate message c3d0258d-369a-43d4-b50e-b1a19c41a36b
[92mINFO [0m:      Sent reply
[92mINFO [0m:      
[92mINFO [0m:      Received: train message 436ab3be-ff8e-4834-85d2-00c51b2ce031
[92mINFO [0m:      Sent reply
[92mINFO [0m:      
[92mINFO [0m:      Received: evaluate message 997078a9-f2a0-4129-a7bf-b79593416fdc
[92mINFO [0m:      Sent reply
[92mINFO [0m:      
[92mINFO [0m:      Received: train message f8b8570a-24ae-4392-a4b2-aa015f117d01
[92mINFO [0m:      Sent reply
[92mINFO [0m:      
[92mINFO [0m:      Received: evaluate message 7e46c336-bf0b-4fa2-884f-dc12669828be
[92mINFO [0m:      Sent reply
[92mINFO [0m:      
[92mINFO [0m:      Received: train message 34242491-0e3b-4717-a4f5-45881c5807f1
[92mINFO [0m:      Sent reply
[92mINFO [0m:      
[92mINFO [0m:      Received: evaluate message d254fab3-b6a4-4f3f-9c55-3b0e4ec5d2d3
[92mINFO [0m:      Sent reply
[92mINFO [0m:      
[92mINFO [0m:      Received: train message 96759de6-a24b-40ae-a570-b1e71e476866
[92mINFO [0m:      Sent reply
[92mINFO [0m:      
[92mINFO [0m:      Received: evaluate message 0f4e7629-8ba8-434e-9930-cf8ff86ca1af
[92mINFO [0m:      Sent reply
[92mINFO [0m:      
[92mINFO [0m:      Received: train message 67ba5ba8-63a6-44ae-a52b-584510b3d50b
[92mINFO [0m:      Sent reply
[92mINFO [0m:      
[92mINFO [0m:      Received: evaluate message 9695ac8f-8521-421c-9174-c82a41777042
[92mINFO [0m:      Sent reply
[92mINFO [0m:      
[92mINFO [0m:      Received: train message 1f5e3eba-fa44-4364-bc39-a74789b212e9
[92mINFO [0m:      Sent reply
[92mINFO [0m:      
[92mINFO [0m:      Received: evaluate message d75d6bd6-11aa-467a-81f1-539075f7fa04
[92mINFO [0m:      Sent reply
[92mINFO [0m:      
[92mINFO [0m:      Received: train message 882aacc3-8c68-4a4e-a2cd-633c87ef90d9
[92mINFO [0m:      Sent reply
[92mINFO [0m:      
[92mINFO [0m:      Received: evaluate message 058f35e5-9746-4807-b998-c3d0addedb6e
[92mINFO [0m:      Sent reply
[92mINFO [0m:      
[92mINFO [0m:      Received: train message 883dcea7-236f-4e85-b7f7-ff9357cb0015
[92mINFO [0m:      Sent reply
[92mINFO [0m:      
[92mINFO [0m:      Received: evaluate message 448e6c1b-2fc2-4a86-b714-d4838a4f9474
[92mINFO [0m:      Sent reply
[92mINFO [0m:      
[92mINFO [0m:      Received: train message 9af22a8b-05c5-4019-a29b-81a2ffb532ab
[92mINFO [0m:      Sent reply
[92mINFO [0m:      
[92mINFO [0m:      Received: evaluate message 20d8bf4d-e051-4a78-95e1-b7c25efa7004
[92mINFO [0m:      Sent reply
[92mINFO [0m:      
[92mINFO [0m:      Received: train message 51ba7392-b024-4af6-a66c-e62d13d1e465
[92mINFO [0m:      Sent reply
[92mINFO [0m:      
[92mINFO [0m:      Received: evaluate message d77c2d2e-82ca-49d0-ab48-fdd03ca7418a
[92mINFO [0m:      Sent reply
[92mINFO [0m:      
[92mINFO [0m:      Received: train message 05cc3986-8992-41f1-8303-4276020f98d8
[92mINFO [0m:      Sent reply
[92mINFO [0m:      
[92mINFO [0m:      Received: evaluate message 52103dfc-17c2-478e-8f0b-d9643ed6815a
[92mINFO [0m:      Sent reply
[92mINFO [0m:      
[92mINFO [0m:      Received: train message c7d09cb6-89a4-4b92-b2dd-110ea8abca36
[92mINFO [0m:      Sent reply
[92mINFO [0m:      
[92mINFO [0m:      Received: evaluate message 98c6bbf5-c2ea-444c-98c1-ea2b2f982d73
[92mINFO [0m:      Sent reply
[92mINFO [0m:      
[92mINFO [0m:      Received: train message 24dd7558-4f85-4dc0-aa40-2896800ca195
[92mINFO [0m:      Sent reply
[92mINFO [0m:      
[92mINFO [0m:      Received: evaluate message 607a3c06-b741-4381-9cca-1dd2ae52b7bc
[92mINFO [0m:      Sent reply
[92mINFO [0m:      
[92mINFO [0m:      Received: train message 19ba0767-c5d2-4f3f-9779-ee908f2794c5
[92mINFO [0m:      Sent reply
[92mINFO [0m:      
[92mINFO [0m:      Received: evaluate message 9837ec52-75c1-49e8-91d0-92d2ef00c56e
[92mINFO [0m:      Sent reply
[92mINFO [0m:      
[92mINFO [0m:      Received: train message 4446ada6-1c18-44ab-bf24-0b2484d96f83
[92mINFO [0m:      Sent reply
[92mINFO [0m:      
[92mINFO [0m:      Received: evaluate message 1436996c-92ea-4220-b32f-72240ee8286b
[92mINFO [0m:      Sent reply
[92mINFO [0m:      
[92mINFO [0m:      Received: train message deef67f3-97dc-4b70-95cc-cc26e7908bc8
[92mINFO [0m:      Sent reply
[92mINFO [0m:      
[92mINFO [0m:      Received: evaluate message 6e40df14-6acf-4b80-8b4c-4ab2af2a85f9
[92mINFO [0m:      Sent reply
[92mINFO [0m:      
[92mINFO [0m:      Received: train message ed4f11c7-5297-4640-983b-a8948b6e81d9
[92mINFO [0m:      Sent reply
[92mINFO [0m:      
[92mINFO [0m:      Received: evaluate message b6323249-660e-4314-84cf-bdad4562bf46
[92mINFO [0m:      Sent reply
[92mINFO [0m:      
[92mINFO [0m:      Received: train message c578485e-e3e7-43cb-a3ff-db60ee62b2af
[92mINFO [0m:      Sent reply
[92mINFO [0m:      
[92mINFO [0m:      Received: evaluate message 869efdb6-c8ef-444a-aa87-fd222acee3e8
[92mINFO [0m:      Sent reply
[92mINFO [0m:      
[92mINFO [0m:      Received: train message a2ad5e12-3b9e-4b42-8d95-4308908d8b6d
[92mINFO [0m:      Sent reply
[92mINFO [0m:      
[92mINFO [0m:      Received: evaluate message 4934386f-3b00-4ee8-bbd7-be11675f2386
[92mINFO [0m:      Sent reply
[92mINFO [0m:      
[92mINFO [0m:      Received: train message aced4ba1-d7ce-490e-b48c-6738186225dd
[92mINFO [0m:      Sent reply
[92mINFO [0m:      
[92mINFO [0m:      Received: evaluate message 5122efdf-a299-4d0a-b5a3-b6aec59c3470
[92mINFO [0m:      Sent reply
[92mINFO [0m:      
[92mINFO [0m:      Received: train message c27b5bc4-f93e-4b77-bed1-58e9a756252f
[92mINFO [0m:      Sent reply
[92mINFO [0m:      
[92mINFO [0m:      Received: evaluate message d962a376-1372-4031-b021-7237ac4c8f3e
[92mINFO [0m:      Sent reply
[92mINFO [0m:      
[92mINFO [0m:      Received: train message 44fa267c-7a0f-435e-ac4d-b965f8b1576d
[92mINFO [0m:      Sent reply
[92mINFO [0m:      
[92mINFO [0m:      Received: evaluate message 377480b8-5ed5-4959-b7d2-f345bbe1b67c
[92mINFO [0m:      Sent reply
[92mINFO [0m:      
[92mINFO [0m:      Received: train message dd9b9e14-3846-4ac9-aeab-bd43dd005e6d
[92mINFO [0m:      Sent reply
[92mINFO [0m:      
[92mINFO [0m:      Received: evaluate message caaa73e0-c895-42a2-a1a5-be4d4c758c25
[92mINFO [0m:      Sent reply
[92mINFO [0m:      
[92mINFO [0m:      Received: train message a17551ea-49e8-4cd4-9ab3-18066bb4f779
[92mINFO [0m:      Sent reply
[92mINFO [0m:      
[92mINFO [0m:      Received: evaluate message fbabf890-ab52-48b7-9fa1-1e1099872ab8
[92mINFO [0m:      Sent reply
[92mINFO [0m:      
[92mINFO [0m:      Received: train message 631bf539-76b5-4d58-ba9b-29887faab3d2
[92mINFO [0m:      Sent reply
[92mINFO [0m:      
[92mINFO [0m:      Received: evaluate message 6d6a6107-1925-4e5a-a713-fb4c963d8cf6
[92mINFO [0m:      Sent reply
[92mINFO [0m:      
[92mINFO [0m:      Received: train message f5ebfac5-56b9-4290-ba84-e265c3a73016
[92mINFO [0m:      Sent reply
[92mINFO [0m:      
[92mINFO [0m:      Received: evaluate message abfd33aa-6cb6-49bf-a1be-2da7ab84f9cb
[92mINFO [0m:      Sent reply
[92mINFO [0m:      
[92mINFO [0m:      Received: train message b97d0d8b-e8e7-4836-a376-9f71a7dc7751
[92mINFO [0m:      Sent reply
[92mINFO [0m:      
[92mINFO [0m:      Received: evaluate message 935123aa-79e0-4817-8b8f-697538b9fb51
[92mINFO [0m:      Sent reply
[92mINFO [0m:      
[92mINFO [0m:      Received: train message 034f8c6c-bcba-4e48-ab4b-03d50d8cbb15
[92mINFO [0m:      Sent reply
[92mINFO [0m:      
[92mINFO [0m:      Received: evaluate message 71ef0668-334f-4d76-a500-87a5ed6471fe
[92mINFO [0m:      Sent reply
[92mINFO [0m:      
[92mINFO [0m:      Received: train message 9d4da218-e670-487e-87b0-98ce49d50711
[92mINFO [0m:      Sent reply
[92mINFO [0m:      
[92mINFO [0m:      Received: evaluate message d578822b-93d6-4e55-975b-bcab31234259
[92mINFO [0m:      Sent reply
[92mINFO [0m:      
[92mINFO [0m:      Received: train message 55111a96-c08d-4554-b0dd-75198a56a760
[92mINFO [0m:      Sent reply
[92mINFO [0m:      
[92mINFO [0m:      Received: evaluate message ae1525a0-c778-4e3c-92c0-b99fc6e664a9
[92mINFO [0m:      Sent reply
[92mINFO [0m:      
[92mINFO [0m:      Received: train message cf4bd75a-0cbb-4805-9e55-572fcae867c2
[92mINFO [0m:      Sent reply
[92mINFO [0m:      
[92mINFO [0m:      Received: evaluate message 85cf346b-0780-4935-8f38-a6b619c51325
[92mINFO [0m:      Sent reply
[92mINFO [0m:      
[92mINFO [0m:      Received: train message e4f18f85-1e2f-4712-860d-011bda503030
[92mINFO [0m:      Sent reply
[92mINFO [0m:      
[92mINFO [0m:      Received: evaluate message ec0cea1b-a1bb-4602-a60d-6ea5c0160590
[92mINFO [0m:      Sent reply
[92mINFO [0m:      
[92mINFO [0m:      Received: train message 660b5427-4434-4eee-ba01-bb0321f4c1e0
[92mINFO [0m:      Sent reply
[92mINFO [0m:      
[92mINFO [0m:      Received: evaluate message b65591d3-e50b-4632-a7cf-db5952f4d43b
[92mINFO [0m:      Sent reply
[92mINFO [0m:      
[92mINFO [0m:      Received: train message 5424064c-162b-4928-8cd3-0e867f09809b
[92mINFO [0m:      Sent reply
[92mINFO [0m:      
[92mINFO [0m:      Received: evaluate message 0f036454-f467-4128-bafb-8f1be55ebb8b
[92mINFO [0m:      Sent reply
[92mINFO [0m:      
[92mINFO [0m:      Received: train message f7ee8f7b-5be9-458c-a16e-2ddf5a336381
[92mINFO [0m:      Sent reply
[92mINFO [0m:      
[92mINFO [0m:      Received: evaluate message f06f87bd-8d81-4d2a-9656-41208fb10675
[92mINFO [0m:      Sent reply
[92mINFO [0m:      
[92mINFO [0m:      Received: train message 062d9cab-1d5d-4bcf-b580-805fcfee13cf
[92mINFO [0m:      Sent reply
[92mINFO [0m:      
[92mINFO [0m:      Received: evaluate message dcd574a5-f5c1-4b02-abca-1fb52492c8e0
[92mINFO [0m:      Sent reply
[92mINFO [0m:      
[92mINFO [0m:      Received: train message 41946920-ab19-4a9c-b734-1e187f7bec95
[92mINFO [0m:      Sent reply
[92mINFO [0m:      
[92mINFO [0m:      Received: evaluate message 7be96015-a529-4e02-9193-42be16f8ea60
[92mINFO [0m:      Sent reply
[92mINFO [0m:      
[92mINFO [0m:      Received: train message 1d8fb19e-32c3-4f12-b8d5-cada51dc5a8f
[92mINFO [0m:      Sent reply
[92mINFO [0m:      
[92mINFO [0m:      Received: evaluate message 8175dbf4-0a76-4b71-8dfd-61f420f89dbf
[92mINFO [0m:      Sent reply
[92mINFO [0m:      
[92mINFO [0m:      Received: train message 9fc8a9fb-5cc3-4d27-91fa-540de8a14751
[92mINFO [0m:      Sent reply
[92mINFO [0m:      
[92mINFO [0m:      Received: evaluate message 755b55e9-72cb-4c8f-bbe3-0089f943ea42
[92mINFO [0m:      Sent reply
[92mINFO [0m:      
[92mINFO [0m:      Received: train message 86edf97d-f560-4fbf-ad36-2a84ef74ea02
[92mINFO [0m:      Sent reply
[92mINFO [0m:      
[92mINFO [0m:      Received: evaluate message 5e9b8eba-dcb0-4f04-94cf-4d6539cb30ca
[92mINFO [0m:      Sent reply
[92mINFO [0m:      
[92mINFO [0m:      Received: train message c4f8e21a-f970-41cc-9368-6a3ad365f336
[92mINFO [0m:      Sent reply
[92mINFO [0m:      
[92mINFO [0m:      Received: evaluate message 448c0d3e-bc02-4bbb-b778-d0f1ff6b7367
[92mINFO [0m:      Sent reply
[92mINFO [0m:      
[92mINFO [0m:      Received: train message 897564d8-4fd5-4457-84c1-5d1a78cf8974
[92mINFO [0m:      Sent reply
[92mINFO [0m:      
[92mINFO [0m:      Received: evaluate message 9be2858e-25e4-43f4-930f-c58ef89b6a15
[92mINFO [0m:      Sent reply
[92mINFO [0m:      
[92mINFO [0m:      Received: train message eb123bef-d4b3-44a5-b0fa-9442b3bfec48
[92mINFO [0m:      Sent reply
[92mINFO [0m:      
[92mINFO [0m:      Received: evaluate message 1b37a893-a545-4fe7-b174-878d98030cbe
[92mINFO [0m:      Sent reply
[92mINFO [0m:      
[92mINFO [0m:      Received: train message d857cd7a-5d0b-4986-8feb-127850eaaed3
[92mINFO [0m:      Sent reply
[92mINFO [0m:      
[92mINFO [0m:      Received: evaluate message 2660f2be-adde-46aa-b989-70c84b72b18b
[92mINFO [0m:      Sent reply
[92mINFO [0m:      
[92mINFO [0m:      Received: train message 568f97ea-aab1-4704-85e2-466bfd68e1ea
[92mINFO [0m:      Sent reply
[92mINFO [0m:      
[92mINFO [0m:      Received: evaluate message b12dcaa7-8f8b-4fbf-bc1f-b4f20a0acc93
[92mINFO [0m:      Sent reply
[92mINFO [0m:      
[92mINFO [0m:      Received: train message 9005ef80-868c-4434-9b57-be57a0951658
[92mINFO [0m:      Sent reply
[92mINFO [0m:      
[92mINFO [0m:      Received: evaluate message daa555ab-de45-4b60-a0cc-e4d590998fa1
[92mINFO [0m:      Sent reply
[92mINFO [0m:      
[92mINFO [0m:      Received: train message 3a601a03-b522-4931-a718-ba939d95568d
[92mINFO [0m:      Sent reply
[92mINFO [0m:      
[92mINFO [0m:      Received: evaluate message 0dca59f4-7485-4375-973c-904a4400bc28
[92mINFO [0m:      Sent reply
[92mINFO [0m:      
[92mINFO [0m:      Received: train message b8e855d2-65a2-4fa5-8f6f-2f858169028e
[92mINFO [0m:      Sent reply
[92mINFO [0m:      
[92mINFO [0m:      Received: evaluate message 1731982f-c261-4799-ac8a-c1229e9caa24
[92mINFO [0m:      Sent reply
[92mINFO [0m:      
[92mINFO [0m:      Received: reconnect message 38b274d0-651f-493f-843f-b9a582a1d83c
[92mINFO [0m:      Disconnect and shut down
