[93mWARNING [0m:   DEPRECATED FEATURE: flwr.client.start_client() is deprecated.
	Instead, use the `flower-supernode` CLI command to start a SuperNode as shown below:

		$ flower-supernode --insecure --superlink='<IP>:<PORT>'

	To view all available options, run:

		$ flower-supernode --help

	Using `start_client()` is deprecated.

            This is a deprecated feature. It will be removed
            entirely in future versions of Flower.
        
[92mINFO [0m:      
[92mINFO [0m:      Received: train message a826c1ec-f1f9-4df9-a0ad-e686bc361df1
[92mINFO [0m:      Sent reply
[92mINFO [0m:      
[92mINFO [0m:      Received: evaluate message 25ba4568-7047-472b-9118-85ac4b957dec
[92mINFO [0m:      Sent reply
[92mINFO [0m:      
[92mINFO [0m:      Received: train message ea17e4ac-979a-4eb2-8293-ef199dfc13ad
[92mINFO [0m:      Sent reply
[92mINFO [0m:      
[92mINFO [0m:      Received: evaluate message c8d0b49e-7634-4a88-aca6-9cb257d766a6
[92mINFO [0m:      Sent reply
[92mINFO [0m:      
[92mINFO [0m:      Received: train message c12e3acd-4a75-44b5-bb36-bece870b3956
[92mINFO [0m:      Sent reply
[92mINFO [0m:      
[92mINFO [0m:      Received: train message d064e66f-bad1-4ea0-ab56-84decca03e59
[92mINFO [0m:      Sent reply
[92mINFO [0m:      
[92mINFO [0m:      Received: train message 89c5bdf5-2878-40eb-a404-8df415357445
[92mINFO [0m:      Sent reply
[92mINFO [0m:      
[92mINFO [0m:      Received: train message 1794061f-5955-4f2f-863e-f978404ef99a
[92mINFO [0m:      Sent reply
[92mINFO [0m:      
[92mINFO [0m:      Received: evaluate message 3dbab0e3-e9cf-4463-9467-beef055b7774
[92mINFO [0m:      Sent reply
[92mINFO [0m:      
[92mINFO [0m:      Received: evaluate message 37905e9f-bcc2-43df-ae6a-4eece4df4bfb
[92mINFO [0m:      Sent reply
[92mINFO [0m:      
[92mINFO [0m:      Received: train message 0797929d-055a-49c6-b7e3-dd6c313d8a7a
[92mINFO [0m:      Sent reply
[92mINFO [0m:      
[92mINFO [0m:      Received: evaluate message d38d5335-1055-4501-8c09-cf8eb4c95a4b
[92mINFO [0m:      Sent reply
[92mINFO [0m:      
[92mINFO [0m:      Received: train message e0bd84b7-0759-4631-9ea5-ffe3cb67133a
[92mINFO [0m:      Sent reply
[92mINFO [0m:      
[92mINFO [0m:      Received: evaluate message 18f01c33-b97e-475b-8ce5-515489235ba5
[92mINFO [0m:      Sent reply
[92mINFO [0m:      
[92mINFO [0m:      Received: train message 7048d26c-6410-4c86-bc88-0f554fb4a81c
[92mINFO [0m:      Sent reply
[92mINFO [0m:      
[92mINFO [0m:      Received: train message 1991297f-e9b5-42b8-b155-90498b002707
[92mINFO [0m:      Sent reply
[92mINFO [0m:      
[92mINFO [0m:      Received: train message eb4fa1c3-e23a-48de-966c-05b1169026fe
[92mINFO [0m:      Sent reply
[92mINFO [0m:      
[92mINFO [0m:      Received: train message 3b5153ff-c279-431a-a5b1-d8b6ed2e0bf5
[92mINFO [0m:      Sent reply
[92mINFO [0m:      
[92mINFO [0m:      Received: evaluate message 517c5234-d46e-4755-b65e-fe4b2de168b2
[92mINFO [0m:      Sent reply
[92mINFO [0m:      
[92mINFO [0m:      Received: train message 859dc6d2-26ef-45fb-a910-5d73dba2e5e6
[92mINFO [0m:      Sent reply
[92mINFO [0m:      
[92mINFO [0m:      Received: evaluate message 04fa727f-e6c7-46c7-8fbe-f328c67a18ee
[92mINFO [0m:      Sent reply
[92mINFO [0m:      
[92mINFO [0m:      Received: train message bb73903c-daa2-4547-ad3a-d0f970a30bab
[92mINFO [0m:      Sent reply
[92mINFO [0m:      
[92mINFO [0m:      Received: evaluate message 0db59821-181a-4df7-b6ea-8ce935ffdd7c
[92mINFO [0m:      Sent reply
[92mINFO [0m:      
[92mINFO [0m:      Received: train message 2b0f011d-24cd-4251-a6d4-11fd79558fa3
[92mINFO [0m:      Sent reply
[92mINFO [0m:      
[92mINFO [0m:      Received: train message 3f1ebb0c-5eba-4f60-aefc-e44cc4b9d2e1
[92mINFO [0m:      Sent reply
[92mINFO [0m:      
[92mINFO [0m:      Received: evaluate message 6678eb81-a15c-4ea3-98bf-d6186981e682
[92mINFO [0m:      Sent reply
[92mINFO [0m:      
[92mINFO [0m:      Received: evaluate message 1a51ec86-cefd-43eb-8d1a-ef79ef016ca9
[92mINFO [0m:      Sent reply
[92mINFO [0m:      
[92mINFO [0m:      Received: evaluate message d24775d8-d5f1-4bd2-a49d-c397092f321d
[92mINFO [0m:      Sent reply
[92mINFO [0m:      
[92mINFO [0m:      Received: train message a33ada1d-2089-4cd0-bcd6-73be42167e16
[92mINFO [0m:      Sent reply
[92mINFO [0m:      
[92mINFO [0m:      Received: evaluate message 3b106193-96d5-4f99-868c-df1db98be0ae
[92mINFO [0m:      Sent reply
[92mINFO [0m:      
[92mINFO [0m:      Received: evaluate message 33a674b2-e1e0-452d-9eba-f74977ee3b7f
[92mINFO [0m:      Sent reply
[92mINFO [0m:      
[92mINFO [0m:      Received: train message abf7ccaf-fa78-4eff-aae6-9d7ac028b75d
[92mINFO [0m:      Sent reply
[92mINFO [0m:      
[92mINFO [0m:      Received: train message 07642e74-2c9f-4d88-b363-782326a3cbd8
[92mINFO [0m:      Sent reply
[92mINFO [0m:      
[92mINFO [0m:      Received: train message ab62bbef-4ff7-4eb7-a6db-bc27ef4f11e2
[92mINFO [0m:      Sent reply
[92mINFO [0m:      
[92mINFO [0m:      Received: train message e702605f-71a1-4b0f-bfd3-c43e2be6c90c
[92mINFO [0m:      Sent reply
[92mINFO [0m:      
[92mINFO [0m:      Received: evaluate message df29d31f-3e24-45c5-999e-1fe89918ed47
[92mINFO [0m:      Sent reply
[92mINFO [0m:      
[92mINFO [0m:      Received: evaluate message edd6e748-5cdd-4b0d-9592-6375df7dac68
[92mINFO [0m:      Sent reply
[92mINFO [0m:      
[92mINFO [0m:      Received: train message b288b19a-a66e-4f1a-8eed-8fa307672616
[92mINFO [0m:      Sent reply
[92mINFO [0m:      
[92mINFO [0m:      Received: evaluate message a80ab96c-e734-4464-be0f-c68bd7ddd33e
[92mINFO [0m:      Sent reply
[92mINFO [0m:      
[92mINFO [0m:      Received: train message 39a3ce12-eb2f-4655-9a64-c636d49e1157
[92mINFO [0m:      Sent reply
[92mINFO [0m:      
[92mINFO [0m:      Received: evaluate message 85a0a63f-fe4d-4c71-af43-d4112f7b826a
[92mINFO [0m:      Sent reply
[92mINFO [0m:      
[92mINFO [0m:      Received: train message 6be3fb47-5762-4663-b3ed-36b76bea9233
[92mINFO [0m:      Sent reply
[92mINFO [0m:      
[92mINFO [0m:      Received: evaluate message 03934a64-1a88-4791-94f8-88f9ba4e640d
[92mINFO [0m:      Sent reply
[92mINFO [0m:      
[92mINFO [0m:      Received: train message 0c06ee2c-89a5-4808-8114-6411828064ce
[92mINFO [0m:      Sent reply
[92mINFO [0m:      
[92mINFO [0m:      Received: train message 525c5a17-af78-4bf2-b597-05cc0fa5a65f
[92mINFO [0m:      Sent reply
[92mINFO [0m:      
[92mINFO [0m:      Received: evaluate message b5be5db4-c362-476f-88b1-cc0f5392db2e
[92mINFO [0m:      Sent reply
[92mINFO [0m:      
[92mINFO [0m:      Received: train message 85cb661f-b825-4bd4-bb96-2d8239c1a2d4
[92mINFO [0m:      Sent reply
[92mINFO [0m:      
[92mINFO [0m:      Received: evaluate message 91fea6d5-8337-4b12-a54c-c48aa847160e
[92mINFO [0m:      Sent reply
[92mINFO [0m:      
[92mINFO [0m:      Received: train message 5f55c5c4-1c6c-4933-a180-8804d4ca54d1
[92mINFO [0m:      Sent reply
[92mINFO [0m:      
[92mINFO [0m:      Received: evaluate message 899977b1-32a3-4aea-86e8-78727c706e1a
[92mINFO [0m:      Sent reply
[92mINFO [0m:      
[92mINFO [0m:      Received: train message 7ee549a0-3f71-4ae7-b243-289301ac8ec8
[92mINFO [0m:      Sent reply
[92mINFO [0m:      
[92mINFO [0m:      Received: evaluate message ded3d8b6-eca1-45b7-90c8-31401a942214
[92mINFO [0m:      Sent reply
[92mINFO [0m:      
[92mINFO [0m:      Received: train message 09b55a64-47af-4ef0-aaaa-c89f3d7abd11
[92mINFO [0m:      Sent reply
[92mINFO [0m:      
[92mINFO [0m:      Received: evaluate message 143ab83b-5ed7-4057-ac98-a834d7865ba0
[92mINFO [0m:      Sent reply
[92mINFO [0m:      
[92mINFO [0m:      Received: train message c081e0d6-aef7-4b28-a072-449cc0cf8203
[92mINFO [0m:      Sent reply
[92mINFO [0m:      
[92mINFO [0m:      Received: train message bd7cf0cb-953c-428f-a709-52468357164b
[92mINFO [0m:      Sent reply
[92mINFO [0m:      
[92mINFO [0m:      Received: evaluate message e1d2a7ef-7d50-4cda-8db4-7c8a34f000b0
[92mINFO [0m:      Sent reply
[92mINFO [0m:      
[92mINFO [0m:      Received: evaluate message 6ed30261-b9f8-4fbc-ae73-31502b88b2b6
[92mINFO [0m:      Sent reply
[92mINFO [0m:      
[92mINFO [0m:      Received: train message cb9b0432-5e36-4faa-89a3-4d804110828b
[92mINFO [0m:      Sent reply
[92mINFO [0m:      
[92mINFO [0m:      Received: evaluate message 62638ff1-9a46-4839-ab55-5c39bf75a0d3
[92mINFO [0m:      Sent reply
[92mINFO [0m:      
[92mINFO [0m:      Received: train message b0f54596-952d-4520-a6f8-0b4d3426efc3
[92mINFO [0m:      Sent reply
[92mINFO [0m:      
[92mINFO [0m:      Received: evaluate message 28501654-0708-4d14-b34e-eefeda82f2d7
[92mINFO [0m:      Sent reply
[92mINFO [0m:      
[92mINFO [0m:      Received: train message f37f6875-76cc-447e-9557-6268af3df289
[92mINFO [0m:      Sent reply
[92mINFO [0m:      
[92mINFO [0m:      Received: evaluate message f00046d1-87ee-4acc-b4a5-d6f79dd7357c
[92mINFO [0m:      Sent reply
[92mINFO [0m:      
[92mINFO [0m:      Received: train message c1f4a548-c7b4-4862-a004-ea37a3774d98
[92mINFO [0m:      Sent reply
[92mINFO [0m:      
[92mINFO [0m:      Received: evaluate message 5212e6f6-d191-42e6-8f40-c881b9a01dc6
[92mINFO [0m:      Sent reply
[92mINFO [0m:      
[92mINFO [0m:      Received: train message b89d7d35-acba-4d02-8e04-3b6423ca4f98
[92mINFO [0m:      Sent reply
[92mINFO [0m:      
[92mINFO [0m:      Received: train message c7fecab5-24db-4238-99c9-96fda4b9cc0f
[92mINFO [0m:      Sent reply
[92mINFO [0m:      
[92mINFO [0m:      Received: evaluate message d0227db1-3b25-49a7-89e4-c67b9fc3054b
[92mINFO [0m:      Sent reply
[92mINFO [0m:      
[92mINFO [0m:      Received: evaluate message be711efe-1500-4c63-adf7-8c0875abc772
[92mINFO [0m:      Sent reply
[92mINFO [0m:      
[92mINFO [0m:      Received: train message 4208090b-b077-4a3f-8492-caa989c97e58
[92mINFO [0m:      Sent reply
[92mINFO [0m:      
[92mINFO [0m:      Received: evaluate message fa98466b-1d77-4bb7-a01c-36cdae0a0214
[92mINFO [0m:      Sent reply
[92mINFO [0m:      
[92mINFO [0m:      Received: train message f2d0fd38-1db7-4d23-ac0e-16e6d4f3059b
[92mINFO [0m:      Sent reply
[92mINFO [0m:      
[92mINFO [0m:      Received: evaluate message d15b2c96-da22-4705-bafd-f35a766b2366
[92mINFO [0m:      Sent reply
[92mINFO [0m:      
[92mINFO [0m:      Received: train message 12e42da5-b067-4159-a2c1-b384ac2dd64f
[92mINFO [0m:      Sent reply
[92mINFO [0m:      
[92mINFO [0m:      Received: evaluate message a2986d50-9499-4849-b6f1-a2dce0851b27
[92mINFO [0m:      Sent reply
[92mINFO [0m:      
[92mINFO [0m:      Received: evaluate message 813178f0-9662-4ee7-8329-2ed5ca99f8f7
[92mINFO [0m:      Sent reply
[92mINFO [0m:      
[92mINFO [0m:      Received: train message 576fb394-07d1-443d-b3a3-ba22de914713
[92mINFO [0m:      Sent reply
[92mINFO [0m:      
[92mINFO [0m:      Received: evaluate message ac270486-26f6-4667-9a32-16f1c4514d14
[92mINFO [0m:      Sent reply
[92mINFO [0m:      
[92mINFO [0m:      Received: train message 9d5cdbb7-d69a-4771-b286-2309e5e59d0a
[92mINFO [0m:      Sent reply
[92mINFO [0m:      
[92mINFO [0m:      Received: evaluate message acb08bbf-11c1-42e0-a624-6f6a73059268
[92mINFO [0m:      Sent reply
[92mINFO [0m:      
[92mINFO [0m:      Received: train message 96b29385-9e06-451c-b8e0-72db1f795a4e
[92mINFO [0m:      Sent reply
[92mINFO [0m:      
[92mINFO [0m:      Received: train message cca022fd-8459-4f2e-b86e-d04ec16bf0d0
[92mINFO [0m:      Sent reply
[92mINFO [0m:      
[92mINFO [0m:      Received: evaluate message a9fae15f-91cd-4e44-a066-3c12c2324de8
[92mINFO [0m:      Sent reply
[92mINFO [0m:      
[92mINFO [0m:      Received: evaluate message cca794c0-bda6-45ee-b485-c62ef44129c0
[92mINFO [0m:      Sent reply
[92mINFO [0m:      
[92mINFO [0m:      Received: train message 63e4643c-4f3f-4c8f-b6a8-929f000ecdb7
[92mINFO [0m:      Sent reply
[92mINFO [0m:      
[92mINFO [0m:      Received: evaluate message b7e5cd0c-6ae8-4365-baca-2371782ccf73
[92mINFO [0m:      Sent reply
[92mINFO [0m:      
[92mINFO [0m:      Received: train message ad58b0a6-801a-4764-8aa9-e73240ecafe6
[92mINFO [0m:      Sent reply
[92mINFO [0m:      
[92mINFO [0m:      Received: train message b6429626-6759-47ad-95fa-8ae8adff7d86
[92mINFO [0m:      Sent reply
[92mINFO [0m:      
[92mINFO [0m:      Received: evaluate message a0843013-9cc5-4b12-ad28-2ed15cda9536
[92mINFO [0m:      Sent reply
[92mINFO [0m:      
[92mINFO [0m:      Received: evaluate message 2b365054-557d-45e2-9863-67f390c77ce8
[92mINFO [0m:      Sent reply
[92mINFO [0m:      
[92mINFO [0m:      Received: train message bcca55ad-83b8-4391-86fb-49fe509002a4
[92mINFO [0m:      Sent reply
[92mINFO [0m:      
[92mINFO [0m:      Received: evaluate message f96410c9-3f8a-4ef2-b9b8-f5e3335fd94d
[92mINFO [0m:      Sent reply
[92mINFO [0m:      
[92mINFO [0m:      Received: evaluate message 2d1bd4cc-4d78-4232-9d54-28601bdb9ec0
[92mINFO [0m:      Sent reply
[92mINFO [0m:      
[92mINFO [0m:      Received: evaluate message 0ada7107-dc29-44a9-94a6-f6a26daa48ad
[92mINFO [0m:      Sent reply
[92mINFO [0m:      
[92mINFO [0m:      Received: train message 24ee465c-4750-47ce-acc2-1e8dd7ac5660
[92mINFO [0m:      Sent reply
[92mINFO [0m:      
[92mINFO [0m:      Received: train message 0828234b-e1f3-4592-a8d5-7ca262e9e8e4
[92mINFO [0m:      Sent reply
[92mINFO [0m:      
[92mINFO [0m:      Received: evaluate message 7430661d-42d4-4671-a47f-77cc18239f86
[92mINFO [0m:      Sent reply
[92mINFO [0m:      
[92mINFO [0m:      Received: train message 7561bac3-d73d-4075-827c-f0371e6adcd7
[92mINFO [0m:      Sent reply
[92mINFO [0m:      
[92mINFO [0m:      Received: evaluate message f24b87ce-5682-4133-9bd5-a5bbe626862c
[92mINFO [0m:      Sent reply
[92mINFO [0m:      
[92mINFO [0m:      Received: train message 5f8b1160-e3c8-4ece-b326-69aac7132f3f
[92mINFO [0m:      Sent reply
[92mINFO [0m:      
[92mINFO [0m:      Received: evaluate message cc675c7b-9c28-46f9-bbc0-e249510f540c
[92mINFO [0m:      Sent reply
[92mINFO [0m:      
[92mINFO [0m:      Received: train message ab51b047-9b1a-4764-992d-d48910452ec9
[92mINFO [0m:      Sent reply
[92mINFO [0m:      
[92mINFO [0m:      Received: train message 75304289-347f-4b39-8e86-d0578c46604c
[92mINFO [0m:      Sent reply
[92mINFO [0m:      
[92mINFO [0m:      Received: evaluate message 8844cf7b-798a-4512-9bb9-473da03ba920
[92mINFO [0m:      Sent reply
[92mINFO [0m:      
[92mINFO [0m:      Received: evaluate message 2a671955-13c4-4a37-bc74-dfb90b09d3cb
[92mINFO [0m:      Sent reply
[92mINFO [0m:      
[92mINFO [0m:      Received: train message 09b99a5b-0b35-45e3-a3df-fed47359352d
[92mINFO [0m:      Sent reply
[92mINFO [0m:      
[92mINFO [0m:      Received: train message ac3ba8d3-f90d-4601-a3f8-97e74839e379
[92mINFO [0m:      Sent reply
[92mINFO [0m:      
[92mINFO [0m:      Received: evaluate message 70e292ee-1bf8-46fc-be8d-f0b791922756
[92mINFO [0m:      Sent reply
[92mINFO [0m:      
[92mINFO [0m:      Received: evaluate message eb9da65b-ba2f-4118-81b5-599c3928c6cc
[92mINFO [0m:      Sent reply
[92mINFO [0m:      
[92mINFO [0m:      Received: evaluate message 9418f6c7-f482-41a8-ac20-65c92a82401e
[92mINFO [0m:      Sent reply
[92mINFO [0m:      
[92mINFO [0m:      Received: evaluate message 3a8b694e-3bcb-424c-92b2-fda0cd045fe0
[92mINFO [0m:      Sent reply
[92mINFO [0m:      
[92mINFO [0m:      Received: evaluate message 914a93f0-d4d5-4a84-9979-f22d529e5525
[92mINFO [0m:      Sent reply
[92mINFO [0m:      
[92mINFO [0m:      Received: train message 9c64286f-f23a-4d9d-bfda-e8dcb250efad
[92mINFO [0m:      Sent reply
[92mINFO [0m:      
[92mINFO [0m:      Received: evaluate message c3e15e21-8714-4308-86ca-dbda4e871d4d
[92mINFO [0m:      Sent reply
[92mINFO [0m:      
[92mINFO [0m:      Received: evaluate message 6c320b6d-9f39-4b12-8803-78890c122952
[92mINFO [0m:      Sent reply
[92mINFO [0m:      
[92mINFO [0m:      Received: evaluate message 9a6e5409-9006-4072-a2c5-be9219230d2e
[92mINFO [0m:      Sent reply
[92mINFO [0m:      
[92mINFO [0m:      Received: evaluate message c450ceea-56be-4367-829d-834977568f20
[92mINFO [0m:      Sent reply
[92mINFO [0m:      
[92mINFO [0m:      Received: evaluate message 3cf027e5-7619-41fb-980e-b277c9d65e55
[92mINFO [0m:      Sent reply
[92mINFO [0m:      
[92mINFO [0m:      Received: evaluate message fbc3cc0d-267c-42cc-aa44-9110a124a102
[92mINFO [0m:      Sent reply
[92mINFO [0m:      
[92mINFO [0m:      Received: train message e0dfeaea-efd7-4879-b6d8-6515ecb0929e
[92mINFO [0m:      Sent reply
[92mINFO [0m:      
[92mINFO [0m:      Received: train message af8820d6-7238-4471-914d-9ff107ac11cc
[92mINFO [0m:      Sent reply
[92mINFO [0m:      
[92mINFO [0m:      Received: evaluate message e9ac0d16-56ea-4e90-890a-6f64b711d0db
[92mINFO [0m:      Sent reply
[92mINFO [0m:      
[92mINFO [0m:      Received: evaluate message e1a3f0db-d710-4c35-9db2-1837b275016e
[92mINFO [0m:      Sent reply
[92mINFO [0m:      
[92mINFO [0m:      Received: reconnect message e22a25d8-dec6-4f49-81a8-31ac71cbf99d
[92mINFO [0m:      Disconnect and shut down
