[93mWARNING [0m:   DEPRECATED FEATURE: flwr.client.start_client() is deprecated.
	Instead, use the `flower-supernode` CLI command to start a SuperNode as shown below:

		$ flower-supernode --insecure --superlink='<IP>:<PORT>'

	To view all available options, run:

		$ flower-supernode --help

	Using `start_client()` is deprecated.

            This is a deprecated feature. It will be removed
            entirely in future versions of Flower.
        
[92mINFO [0m:      
[92mINFO [0m:      Received: train message b4ab7e22-dd09-45c2-a581-905619a261e5
[92mINFO [0m:      Sent reply
[92mINFO [0m:      
[92mINFO [0m:      Received: evaluate message 799aba8e-6e8f-4b77-8d28-4a03b14e7428
[92mINFO [0m:      Sent reply
[92mINFO [0m:      
[92mINFO [0m:      Received: train message 0b98e8bf-fe61-4254-ba88-079e389f9d26
[92mINFO [0m:      Sent reply
[92mINFO [0m:      
[92mINFO [0m:      Received: evaluate message bb59ebaf-0a55-41bc-b614-0e5d931d9066
[92mINFO [0m:      Sent reply
[92mINFO [0m:      
[92mINFO [0m:      Received: train message ae5cc81b-2c3a-4a9e-92cc-7f57489ff4f6
[92mINFO [0m:      Sent reply
[92mINFO [0m:      
[92mINFO [0m:      Received: evaluate message 892dbe4e-26a2-4a8c-baef-7543691045ea
[92mINFO [0m:      Sent reply
[92mINFO [0m:      
[92mINFO [0m:      Received: train message a04f1d9d-8390-4ed3-817e-2a030aafc5e3
[92mINFO [0m:      Sent reply
[92mINFO [0m:      
[92mINFO [0m:      Received: evaluate message 6e33e4f5-63de-4e2a-956d-8a16a5960fa4
[92mINFO [0m:      Sent reply
[92mINFO [0m:      
[92mINFO [0m:      Received: evaluate message ffc1b00c-65e1-4c2c-ba33-8dc8d4fa31ba
[92mINFO [0m:      Sent reply
[92mINFO [0m:      
[92mINFO [0m:      Received: train message 6e74aada-ad8e-4a31-93f6-e2180a0eb779
[92mINFO [0m:      Sent reply
[92mINFO [0m:      
[92mINFO [0m:      Received: evaluate message ff2158d2-3dc4-4b08-9fd3-72da1a246e61
[92mINFO [0m:      Sent reply
[92mINFO [0m:      
[92mINFO [0m:      Received: train message 90d8f922-a756-416e-b8f8-7759e73f82a6
[92mINFO [0m:      Sent reply
[92mINFO [0m:      
[92mINFO [0m:      Received: evaluate message a1ec6baf-dd39-4835-8cdd-8af78b10f6e3
[92mINFO [0m:      Sent reply
[92mINFO [0m:      
[92mINFO [0m:      Received: evaluate message fb909457-2e6b-4565-b32d-699a1240399b
[92mINFO [0m:      Sent reply
[92mINFO [0m:      
[92mINFO [0m:      Received: evaluate message 6eaca7a5-e91b-492f-86a3-b4e12dd574e1
[92mINFO [0m:      Sent reply
[92mINFO [0m:      
[92mINFO [0m:      Received: evaluate message db2525ab-3a17-42e5-8c73-a20d0ac2f1f2
[92mINFO [0m:      Sent reply
[92mINFO [0m:      
[92mINFO [0m:      Received: train message 55c8abcf-97f6-4c40-8c58-5a085d9f103b
[92mINFO [0m:      Sent reply
[92mINFO [0m:      
[92mINFO [0m:      Received: evaluate message e7f63560-6d6d-426b-95c3-a71cfea796de
[92mINFO [0m:      Sent reply
[92mINFO [0m:      
[92mINFO [0m:      Received: train message aee98740-85ee-4e33-bb4b-ce00b5e3e20f
[92mINFO [0m:      Sent reply
[92mINFO [0m:      
[92mINFO [0m:      Received: train message bf8c490a-2fd2-460e-8260-a47c24065eb7
[92mINFO [0m:      Sent reply
[92mINFO [0m:      
[92mINFO [0m:      Received: train message e25c6e7d-1c05-4813-8879-ff9c19aaa0ee
[92mINFO [0m:      Sent reply
[92mINFO [0m:      
[92mINFO [0m:      Received: evaluate message e714c15c-a29a-4515-9df1-28a20fa2c55d
[92mINFO [0m:      Sent reply
[92mINFO [0m:      
[92mINFO [0m:      Received: evaluate message 0bc80df3-2a20-4b68-bede-2219897a20bd
[92mINFO [0m:      Sent reply
[92mINFO [0m:      
[92mINFO [0m:      Received: train message ac05af98-3728-43bb-83cf-005ec72e9021
[92mINFO [0m:      Sent reply
[92mINFO [0m:      
[92mINFO [0m:      Received: evaluate message 7fe02d58-1bf9-42a2-b27a-aac6c06aff23
[92mINFO [0m:      Sent reply
[92mINFO [0m:      
[92mINFO [0m:      Received: train message f5bbebd4-c69f-4bd4-a8f3-e7b7c52e2d8f
[92mINFO [0m:      Sent reply
[92mINFO [0m:      
[92mINFO [0m:      Received: evaluate message cc87f753-fab8-4f6c-ac36-a58a66f55bfc
[92mINFO [0m:      Sent reply
[92mINFO [0m:      
[92mINFO [0m:      Received: train message 66e0bd2b-5147-4534-9c84-1cdf40a4d846
[92mINFO [0m:      Sent reply
[92mINFO [0m:      
[92mINFO [0m:      Received: evaluate message 3c0bb19d-1a86-4b67-af30-93375cc6607a
[92mINFO [0m:      Sent reply
[92mINFO [0m:      
[92mINFO [0m:      Received: train message e6efe655-9ebb-4e6e-81ff-50629f9fd0b3
[92mINFO [0m:      Sent reply
[92mINFO [0m:      
[92mINFO [0m:      Received: evaluate message 7b21591d-2d63-464b-b8af-8420a2c3bf0b
[92mINFO [0m:      Sent reply
[92mINFO [0m:      
[92mINFO [0m:      Received: train message e1be25fe-3045-408c-9670-ca056ac9c73c
[92mINFO [0m:      Sent reply
[92mINFO [0m:      
[92mINFO [0m:      Received: evaluate message b01f629c-b5cf-4018-89ea-8c8a69daf3dc
[92mINFO [0m:      Sent reply
[92mINFO [0m:      
[92mINFO [0m:      Received: train message f8d5c5a9-40fe-418b-9b73-d853717a6be0
[92mINFO [0m:      Sent reply
[92mINFO [0m:      
[92mINFO [0m:      Received: evaluate message 9f6361af-041e-459d-afab-8e7290bdac1c
[92mINFO [0m:      Sent reply
[92mINFO [0m:      
[92mINFO [0m:      Received: train message 2e0331a2-3947-4f3d-bac6-bcf771cb2ba2
[92mINFO [0m:      Sent reply
[92mINFO [0m:      
[92mINFO [0m:      Received: evaluate message 848f9e7c-65a9-4d04-9084-34b235639a5a
[92mINFO [0m:      Sent reply
[92mINFO [0m:      
[92mINFO [0m:      Received: train message 6ba478fd-31ec-417c-a30d-2498a9c1e1a3
[92mINFO [0m:      Sent reply
[92mINFO [0m:      
[92mINFO [0m:      Received: evaluate message f1dc95c3-2168-451a-a4a4-6e9f0d8c869a
[92mINFO [0m:      Sent reply
[92mINFO [0m:      
[92mINFO [0m:      Received: train message 94ccfa58-0af4-4afa-a2b3-87b01888df07
[92mINFO [0m:      Sent reply
[92mINFO [0m:      
[92mINFO [0m:      Received: train message f9440c87-6c1a-4569-bad6-2ddb8a76d761
[92mINFO [0m:      Sent reply
[92mINFO [0m:      
[92mINFO [0m:      Received: evaluate message 27b2f6b6-619e-4708-a9da-1739fb8174cf
[92mINFO [0m:      Sent reply
[92mINFO [0m:      
[92mINFO [0m:      Received: train message f38479e4-9d9f-4de9-a3b4-0e5a3ef2ec9a
[92mINFO [0m:      Sent reply
[92mINFO [0m:      
[92mINFO [0m:      Received: evaluate message 3268be59-c9da-4be7-9907-de8327d01cc0
[92mINFO [0m:      Sent reply
[92mINFO [0m:      
[92mINFO [0m:      Received: train message 1e67b93f-910b-4da1-8336-b43128828a3c
[92mINFO [0m:      Sent reply
[92mINFO [0m:      
[92mINFO [0m:      Received: evaluate message 464b50c7-71e5-41ab-8609-a64345a738e8
[92mINFO [0m:      Sent reply
[92mINFO [0m:      
[92mINFO [0m:      Received: train message 5f8f2b62-0fb4-4e15-86dc-3f462bf7d45a
[92mINFO [0m:      Sent reply
[92mINFO [0m:      
[92mINFO [0m:      Received: evaluate message 5fc9b471-aa47-4f48-ba29-5f42afae09c3
[92mINFO [0m:      Sent reply
[92mINFO [0m:      
[92mINFO [0m:      Received: train message f839ac3a-d2c3-472b-b6d8-652615174d00
[92mINFO [0m:      Sent reply
[92mINFO [0m:      
[92mINFO [0m:      Received: evaluate message 5d8d7e47-d47d-4942-9462-bed81c13c365
[92mINFO [0m:      Sent reply
[92mINFO [0m:      
[92mINFO [0m:      Received: train message 803c24b5-ea1d-4eea-9ce2-c732a2026eec
[92mINFO [0m:      Sent reply
[92mINFO [0m:      
[92mINFO [0m:      Received: evaluate message d445f096-6ae2-4f82-b7b9-c152be7091f2
[92mINFO [0m:      Sent reply
[92mINFO [0m:      
[92mINFO [0m:      Received: evaluate message b449c88f-886e-4055-ae6f-245ca855d802
[92mINFO [0m:      Sent reply
[92mINFO [0m:      
[92mINFO [0m:      Received: evaluate message 3d8d47a6-a55d-41c1-abc4-98b0a95a4d4e
[92mINFO [0m:      Sent reply
[92mINFO [0m:      
[92mINFO [0m:      Received: evaluate message 04c27ef5-fc58-47e2-acbe-82ae06659f80
[92mINFO [0m:      Sent reply
[92mINFO [0m:      
[92mINFO [0m:      Received: train message 35ebaa6f-4d0a-47d7-bb27-ddcccd53d9c9
[92mINFO [0m:      Sent reply
[92mINFO [0m:      
[92mINFO [0m:      Received: evaluate message e3200d9a-5fc2-4681-9173-db91ed287ce7
[92mINFO [0m:      Sent reply
[92mINFO [0m:      
[92mINFO [0m:      Received: train message 2570d3eb-fb72-47c9-9820-9486f7a8463c
[92mINFO [0m:      Sent reply
[92mINFO [0m:      
[92mINFO [0m:      Received: train message d8d0f829-5179-433b-bd34-3b82ffde1f77
[92mINFO [0m:      Sent reply
[92mINFO [0m:      
[92mINFO [0m:      Received: evaluate message fb84e53c-b717-4243-8324-d251a7ba5d20
[92mINFO [0m:      Sent reply
[92mINFO [0m:      
[92mINFO [0m:      Received: train message bc7a94f9-2e69-45f3-9e9f-de6072340cd7
[92mINFO [0m:      Sent reply
[92mINFO [0m:      
[92mINFO [0m:      Received: evaluate message 416b0d56-9bb0-42a9-900d-5d15b6c2929b
[92mINFO [0m:      Sent reply
[92mINFO [0m:      
[92mINFO [0m:      Received: evaluate message ab121653-e399-4c42-b008-e499012da3b5
[92mINFO [0m:      Sent reply
[92mINFO [0m:      
[92mINFO [0m:      Received: evaluate message 37656b92-fb6c-4884-93ac-9e35518d9c0f
[92mINFO [0m:      Sent reply
[92mINFO [0m:      
[92mINFO [0m:      Received: train message 542c57ad-1101-452c-9b46-ff888eb510be
[92mINFO [0m:      Sent reply
[92mINFO [0m:      
[92mINFO [0m:      Received: evaluate message 43a1bcfe-fd92-469b-a4a3-2fef3e85a8dd
[92mINFO [0m:      Sent reply
[92mINFO [0m:      
[92mINFO [0m:      Received: evaluate message 9af11042-9cf1-463d-a062-2abbcac27f7c
[92mINFO [0m:      Sent reply
[92mINFO [0m:      
[92mINFO [0m:      Received: train message 6d0389dd-cd06-43a3-b137-704ec31af3dc
[92mINFO [0m:      Sent reply
[92mINFO [0m:      
[92mINFO [0m:      Received: evaluate message 433d2f7c-1000-40cb-b31e-e27024642fbb
[92mINFO [0m:      Sent reply
[92mINFO [0m:      
[92mINFO [0m:      Received: train message c032a307-3561-421d-b7bc-675ca68ab26d
[92mINFO [0m:      Sent reply
[92mINFO [0m:      
[92mINFO [0m:      Received: evaluate message 08ed86d0-a9bd-49fd-a49a-336f6428d773
[92mINFO [0m:      Sent reply
[92mINFO [0m:      
[92mINFO [0m:      Received: train message b9682512-1fa8-4b62-9fdd-091b1c97d4c7
[92mINFO [0m:      Sent reply
[92mINFO [0m:      
[92mINFO [0m:      Received: train message e9afd0f1-7236-4d61-bcb8-239c4b14b022
[92mINFO [0m:      Sent reply
[92mINFO [0m:      
[92mINFO [0m:      Received: train message 8010cff8-a229-4031-8c0e-518d0f514a59
[92mINFO [0m:      Sent reply
[92mINFO [0m:      
[92mINFO [0m:      Received: evaluate message 857f37a5-ecd1-49dc-9139-df3e9e9caade
[92mINFO [0m:      Sent reply
[92mINFO [0m:      
[92mINFO [0m:      Received: train message b720b88b-8f92-4082-a3a7-7cc875a341e5
[92mINFO [0m:      Sent reply
[92mINFO [0m:      
[92mINFO [0m:      Received: train message b69fe894-e3e5-4afb-aad3-a9fe5ec2998b
[92mINFO [0m:      Sent reply
[92mINFO [0m:      
[92mINFO [0m:      Received: evaluate message 8d412859-cd7d-4200-a307-3063484814d8
[92mINFO [0m:      Sent reply
[92mINFO [0m:      
[92mINFO [0m:      Received: train message 599c032a-f3ec-431d-9c86-253fa32a1331
[92mINFO [0m:      Sent reply
[92mINFO [0m:      
[92mINFO [0m:      Received: evaluate message 6d602930-eb9b-44fc-be00-0f6bae0ccd25
[92mINFO [0m:      Sent reply
[92mINFO [0m:      
[92mINFO [0m:      Received: train message 64c2985a-d9ab-42e7-84bc-84a412579cdf
[92mINFO [0m:      Sent reply
[92mINFO [0m:      
[92mINFO [0m:      Received: evaluate message 21a6f0af-229b-4462-96d1-e2d7515fd481
[92mINFO [0m:      Sent reply
[92mINFO [0m:      
[92mINFO [0m:      Received: evaluate message fa2ec26a-a251-4715-abcb-d94df5b2755e
[92mINFO [0m:      Sent reply
[92mINFO [0m:      
[92mINFO [0m:      Received: train message 64c868df-9195-4cf3-9d01-99b946a0b29e
[92mINFO [0m:      Sent reply
[92mINFO [0m:      
[92mINFO [0m:      Received: evaluate message f3361cd0-9fda-43c7-a495-ebc721e30067
[92mINFO [0m:      Sent reply
[92mINFO [0m:      
[92mINFO [0m:      Received: evaluate message e6e57732-58e1-4035-b47d-237a766c4330
[92mINFO [0m:      Sent reply
[92mINFO [0m:      
[92mINFO [0m:      Received: train message 45f5d9ec-b3b4-4e0c-8f2b-8869d7446acd
[92mINFO [0m:      Sent reply
[92mINFO [0m:      
[92mINFO [0m:      Received: evaluate message 6843bd7c-9a00-4c6b-9826-cc42af8f21a3
[92mINFO [0m:      Sent reply
[92mINFO [0m:      
[92mINFO [0m:      Received: evaluate message e7b5b587-32af-4858-83b4-36833dcaae21
[92mINFO [0m:      Sent reply
[92mINFO [0m:      
[92mINFO [0m:      Received: train message 79810072-1f8a-46e4-92cf-4a19f8724fa5
[92mINFO [0m:      Sent reply
[92mINFO [0m:      
[92mINFO [0m:      Received: evaluate message aa4687ad-6410-4c07-b23b-a7742a6a011f
[92mINFO [0m:      Sent reply
[92mINFO [0m:      
[92mINFO [0m:      Received: train message bad533ae-4ef5-469d-8fa7-5601797405f6
[92mINFO [0m:      Sent reply
[92mINFO [0m:      
[92mINFO [0m:      Received: evaluate message c7af9005-beb2-4953-b3d6-9545994bbe3d
[92mINFO [0m:      Sent reply
[92mINFO [0m:      
[92mINFO [0m:      Received: train message 65987040-86f6-49c4-afda-2dafc0361976
[92mINFO [0m:      Sent reply
[92mINFO [0m:      
[92mINFO [0m:      Received: evaluate message 421d8ad7-b7d5-47bb-8ec9-70703f7c86cf
[92mINFO [0m:      Sent reply
[92mINFO [0m:      
[92mINFO [0m:      Received: train message 8cc84286-3034-4aaf-9c3e-b9181c0368cd
[92mINFO [0m:      Sent reply
[92mINFO [0m:      
[92mINFO [0m:      Received: evaluate message 7754ccd4-64dc-44de-bc88-0510d32899ec
[92mINFO [0m:      Sent reply
[92mINFO [0m:      
[92mINFO [0m:      Received: evaluate message 893beb7f-9836-4847-8612-ef426be7621b
[92mINFO [0m:      Sent reply
[92mINFO [0m:      
[92mINFO [0m:      Received: evaluate message 6d7593be-70bf-464e-88e8-e03f6be98cd2
[92mINFO [0m:      Sent reply
[92mINFO [0m:      
[92mINFO [0m:      Received: train message 159b7d61-ba5c-4499-8964-86547e33fda2
[92mINFO [0m:      Sent reply
[92mINFO [0m:      
[92mINFO [0m:      Received: evaluate message f8e6ce67-e2b6-41ec-b9dd-f454e3e0787b
[92mINFO [0m:      Sent reply
[92mINFO [0m:      
[92mINFO [0m:      Received: train message ae6c374e-fc48-40ac-9cda-21c734ce2ebd
[92mINFO [0m:      Sent reply
[92mINFO [0m:      
[92mINFO [0m:      Received: train message fcd9a3e5-45a1-406e-a83b-5e9e71b70345
[92mINFO [0m:      Sent reply
[92mINFO [0m:      
[92mINFO [0m:      Received: evaluate message edd17633-ab28-435f-a44d-42373400d7e4
[92mINFO [0m:      Sent reply
[92mINFO [0m:      
[92mINFO [0m:      Received: evaluate message 0288e92c-7fcf-4a0d-8067-b93770b37973
[92mINFO [0m:      Sent reply
[92mINFO [0m:      
[92mINFO [0m:      Received: train message 500a8bf0-f980-4db0-b5bc-3d0cac4c19fd
[92mINFO [0m:      Sent reply
[92mINFO [0m:      
[92mINFO [0m:      Received: train message d3b2f717-555e-4018-9f5b-77edb459a51f
[92mINFO [0m:      Sent reply
[92mINFO [0m:      
[92mINFO [0m:      Received: train message 4b68a67d-bb12-4e32-ad83-32a6ad8fb8c3
[92mINFO [0m:      Sent reply
[92mINFO [0m:      
[92mINFO [0m:      Received: evaluate message 15bbb95e-9a1f-418d-8c54-5f3e405e56f8
[92mINFO [0m:      Sent reply
[92mINFO [0m:      
[92mINFO [0m:      Received: train message 6c10efb1-2208-4ac5-9535-a34108c05f89
[92mINFO [0m:      Sent reply
[92mINFO [0m:      
[92mINFO [0m:      Received: train message 27512014-1e3e-4252-b691-bd4cd53e7762
[92mINFO [0m:      Sent reply
[92mINFO [0m:      
[92mINFO [0m:      Received: evaluate message c7e5fe70-7dca-4918-8512-81f2f9fc07cd
[92mINFO [0m:      Sent reply
[92mINFO [0m:      
[92mINFO [0m:      Received: evaluate message c5aea58a-3aee-437f-99d7-bd7457a4ffba
[92mINFO [0m:      Sent reply
[92mINFO [0m:      
[92mINFO [0m:      Received: train message bdb78548-60a7-472a-966f-9992df3cd761
[92mINFO [0m:      Sent reply
[92mINFO [0m:      
[92mINFO [0m:      Received: evaluate message ef28e57d-4e37-40f9-85db-c5b9996e68a7
[92mINFO [0m:      Sent reply
[92mINFO [0m:      
[92mINFO [0m:      Received: evaluate message ffa2619d-94f7-40c2-8144-5bfb92c863a4
[92mINFO [0m:      Sent reply
[92mINFO [0m:      
[92mINFO [0m:      Received: train message 71155d97-1663-4a0b-a44c-1a5e5ab89776
[92mINFO [0m:      Sent reply
[92mINFO [0m:      
[92mINFO [0m:      Received: evaluate message a23361bb-546a-4a6f-90e5-c8963351e1b1
[92mINFO [0m:      Sent reply
[92mINFO [0m:      
[92mINFO [0m:      Received: evaluate message e6822dfd-bb52-4f11-b2c9-39557fc94ef4
[92mINFO [0m:      Sent reply
[92mINFO [0m:      
[92mINFO [0m:      Received: evaluate message 6f366f77-4138-4702-80b0-fc148bd06bbd
[92mINFO [0m:      Sent reply
[92mINFO [0m:      
[92mINFO [0m:      Received: train message ac47ec30-d71e-4a25-acf0-225e3451f2f2
[92mINFO [0m:      Sent reply
[92mINFO [0m:      
[92mINFO [0m:      Received: train message 05e56473-bd69-4adf-88fd-f226e02d8840
[92mINFO [0m:      Sent reply
[92mINFO [0m:      
[92mINFO [0m:      Received: train message a19179a6-fce2-45df-8fd0-a54bc9a5f382
[92mINFO [0m:      Sent reply
[92mINFO [0m:      
[92mINFO [0m:      Received: evaluate message 2d9f50d8-0632-499c-8cd1-a0059d1c1546
[92mINFO [0m:      Sent reply
[92mINFO [0m:      
[92mINFO [0m:      Received: train message d0bb2a3f-d1a3-4be4-b738-f8012a976c4f
[92mINFO [0m:      Sent reply
[92mINFO [0m:      
[92mINFO [0m:      Received: train message 02cbbdb6-4dde-43df-ab12-8e012f34a2b5
[92mINFO [0m:      Sent reply
[92mINFO [0m:      
[92mINFO [0m:      Received: train message bf1a8825-59d6-4898-8dbb-b82c4e108f46
[92mINFO [0m:      Sent reply
[92mINFO [0m:      
[92mINFO [0m:      Received: train message 0d555764-40df-4068-a8de-1ef45e22a14d
[92mINFO [0m:      Sent reply
[92mINFO [0m:      
[92mINFO [0m:      Received: evaluate message 0eee0cea-6975-415c-9b3b-66fecbc698ec
[92mINFO [0m:      Sent reply
[92mINFO [0m:      
[92mINFO [0m:      Received: reconnect message 1585665d-cb6e-4e30-9f02-fe1d287d34e2
[92mINFO [0m:      Disconnect and shut down
