[93mWARNING [0m:   DEPRECATED FEATURE: flwr.client.start_client() is deprecated.
	Instead, use the `flower-supernode` CLI command to start a SuperNode as shown below:

		$ flower-supernode --insecure --superlink='<IP>:<PORT>'

	To view all available options, run:

		$ flower-supernode --help

	Using `start_client()` is deprecated.

            This is a deprecated feature. It will be removed
            entirely in future versions of Flower.
        
[92mINFO [0m:      
[92mINFO [0m:      Received: train message bd64717a-5fd0-44ef-a487-2c49cecdcc40
[92mINFO [0m:      Sent reply
[92mINFO [0m:      
[92mINFO [0m:      Received: evaluate message cda59d5b-eea5-476c-8317-ab0578beea4c
[92mINFO [0m:      Sent reply
[92mINFO [0m:      
[92mINFO [0m:      Received: train message 6c538a94-704d-4d1f-9e3c-1d20c3dfc6f4
[92mINFO [0m:      Sent reply
[92mINFO [0m:      
[92mINFO [0m:      Received: evaluate message fa7fc11d-c3c8-471c-bedc-0c93b6cfa40b
[92mINFO [0m:      Sent reply
[92mINFO [0m:      
[92mINFO [0m:      Received: train message ba8a5602-90d0-4cdd-b593-01db6a925812
[92mINFO [0m:      Sent reply
[92mINFO [0m:      
[92mINFO [0m:      Received: evaluate message 31a1f5e2-0306-40aa-ba67-6a43dc6df6c3
[92mINFO [0m:      Sent reply
[92mINFO [0m:      
[92mINFO [0m:      Received: train message aeb7b53c-6a26-4e19-b7e8-cb33ab9d3d78
[92mINFO [0m:      Sent reply
[92mINFO [0m:      
[92mINFO [0m:      Received: evaluate message d4812f84-65c6-4454-a808-b72ffc40dfa2
[92mINFO [0m:      Sent reply
[92mINFO [0m:      
[92mINFO [0m:      Received: train message a784962c-939f-4e5f-a099-aaa4fa0ef020
[92mINFO [0m:      Sent reply
[92mINFO [0m:      
[92mINFO [0m:      Received: evaluate message af187925-4e8b-468c-9f61-593e75d7f370
[92mINFO [0m:      Sent reply
[92mINFO [0m:      
[92mINFO [0m:      Received: train message 45ecdb91-a78f-49d3-81b4-139a70dc0b37
[92mINFO [0m:      Sent reply
[92mINFO [0m:      
[92mINFO [0m:      Received: evaluate message c3180a8a-d578-4982-9b42-eb6f7e364c6d
[92mINFO [0m:      Sent reply
[92mINFO [0m:      
[92mINFO [0m:      Received: train message 835c038c-16ca-42af-95fc-cfd978be7e2d
[92mINFO [0m:      Sent reply
[92mINFO [0m:      
[92mINFO [0m:      Received: evaluate message 215b1ae0-bf43-4ce2-90b3-1bb5a7b4a4cc
[92mINFO [0m:      Sent reply
[92mINFO [0m:      
[92mINFO [0m:      Received: train message 331e4814-1b32-41e3-bc78-f3fcf7a21fa4
[92mINFO [0m:      Sent reply
[92mINFO [0m:      
[92mINFO [0m:      Received: evaluate message 253df1e6-7df3-474e-990c-69a0e0b654a7
[92mINFO [0m:      Sent reply
[92mINFO [0m:      
[92mINFO [0m:      Received: train message 3000a371-fbf7-425f-9fd2-a2eaff5bbb0a
[92mINFO [0m:      Sent reply
[92mINFO [0m:      
[92mINFO [0m:      Received: evaluate message 322b30b4-51f3-4ffd-afb1-c5290ecfacf7
[92mINFO [0m:      Sent reply
[92mINFO [0m:      
[92mINFO [0m:      Received: train message 449532dc-0e8c-4d82-ae51-e76c9ac281c5
[92mINFO [0m:      Sent reply
[92mINFO [0m:      
[92mINFO [0m:      Received: evaluate message eeae7479-a3ad-4430-8195-b5389ee73ae3
[92mINFO [0m:      Sent reply
[92mINFO [0m:      
[92mINFO [0m:      Received: train message ac1df851-0542-4ffb-8e0c-45379b56cb8d
[92mINFO [0m:      Sent reply
[92mINFO [0m:      
[92mINFO [0m:      Received: evaluate message 91900fe3-19f6-46a1-9aff-3f25e0a591c5
[92mINFO [0m:      Sent reply
[92mINFO [0m:      
[92mINFO [0m:      Received: train message 0230bf24-cb7c-4364-8970-58aca3bc6b94
[92mINFO [0m:      Sent reply
[92mINFO [0m:      
[92mINFO [0m:      Received: evaluate message 67139746-327e-44d0-be37-fd25cf0b2048
[92mINFO [0m:      Sent reply
[92mINFO [0m:      
[92mINFO [0m:      Received: train message a28229cd-99a7-49c4-8dfc-be4cdd76ebfb
[92mINFO [0m:      Sent reply
[92mINFO [0m:      
[92mINFO [0m:      Received: evaluate message bf96c749-eb0c-4bd8-9c2c-c37887adc7ba
[92mINFO [0m:      Sent reply
[92mINFO [0m:      
[92mINFO [0m:      Received: train message ec1f465b-8edb-4e58-adc7-73e68e677d5d
[92mINFO [0m:      Sent reply
[92mINFO [0m:      
[92mINFO [0m:      Received: evaluate message 9f6b5649-8d3e-4bcb-8522-70262712d079
[92mINFO [0m:      Sent reply
[92mINFO [0m:      
[92mINFO [0m:      Received: train message 1dcc65ff-6493-4d08-bd38-632c5ecb2782
[92mINFO [0m:      Sent reply
[92mINFO [0m:      
[92mINFO [0m:      Received: evaluate message 7cec9be7-3365-4256-ab4d-3a6604450ab8
[92mINFO [0m:      Sent reply
[92mINFO [0m:      
[92mINFO [0m:      Received: train message a6770d82-1c9f-4360-90b9-1fabaa27b3d4
[92mINFO [0m:      Sent reply
[92mINFO [0m:      
[92mINFO [0m:      Received: evaluate message 4cdf6204-0819-4c9a-baf9-bfc6a8c9e39a
[92mINFO [0m:      Sent reply
[92mINFO [0m:      
[92mINFO [0m:      Received: train message b46acaba-8030-46d7-ac66-353790c04833
[92mINFO [0m:      Sent reply
[92mINFO [0m:      
[92mINFO [0m:      Received: evaluate message 311290c8-4706-4109-b9ea-7abed0efaa55
[92mINFO [0m:      Sent reply
[92mINFO [0m:      
[92mINFO [0m:      Received: train message 96f06c9b-6aca-40a0-a56a-50806b5943df
[92mINFO [0m:      Sent reply
[92mINFO [0m:      
[92mINFO [0m:      Received: evaluate message a22ce714-545b-4ad3-b298-233c1dc29c89
[92mINFO [0m:      Sent reply
[92mINFO [0m:      
[92mINFO [0m:      Received: train message 8773cee1-3ccd-49a1-977d-c5194f87e8a3
[92mINFO [0m:      Sent reply
[92mINFO [0m:      
[92mINFO [0m:      Received: evaluate message eed4c437-2bc6-4c03-b148-2d2e2102a2dd
[92mINFO [0m:      Sent reply
[92mINFO [0m:      
[92mINFO [0m:      Received: train message cb206d2c-84fd-417e-bb74-4ae53c878b64
[92mINFO [0m:      Sent reply
[92mINFO [0m:      
[92mINFO [0m:      Received: evaluate message 05336a61-4b1c-4656-8142-f6945e2e66a8
[92mINFO [0m:      Sent reply
[92mINFO [0m:      
[92mINFO [0m:      Received: train message 33c1c430-5ac9-4f3f-acc4-f765d5344d81
[92mINFO [0m:      Sent reply
[92mINFO [0m:      
[92mINFO [0m:      Received: evaluate message c1eb6c9f-9905-41ea-98a2-22af872b796b
[92mINFO [0m:      Sent reply
[92mINFO [0m:      
[92mINFO [0m:      Received: train message 2caae54f-609b-49c0-91bd-51bc92b0c25e
[92mINFO [0m:      Sent reply
[92mINFO [0m:      
[92mINFO [0m:      Received: evaluate message 5aa83fef-8631-447a-9e57-87469d728d0f
[92mINFO [0m:      Sent reply
[92mINFO [0m:      
[92mINFO [0m:      Received: train message e8de7a16-11ae-481d-b2f0-1b6184d3a59f
[92mINFO [0m:      Sent reply
[92mINFO [0m:      
[92mINFO [0m:      Received: evaluate message 67828239-41e0-4155-9e71-d807c95090ed
[92mINFO [0m:      Sent reply
[92mINFO [0m:      
[92mINFO [0m:      Received: train message ffad00ec-1864-469e-9e54-8236e0cfa26f
[92mINFO [0m:      Sent reply
[92mINFO [0m:      
[92mINFO [0m:      Received: evaluate message c33eeb3b-ad76-443c-8675-b04e0ebf9cb9
[92mINFO [0m:      Sent reply
[92mINFO [0m:      
[92mINFO [0m:      Received: train message 683ad2a8-3e52-49e7-8a29-4ce56b49462c
[92mINFO [0m:      Sent reply
[92mINFO [0m:      
[92mINFO [0m:      Received: evaluate message 39691c79-acb7-4724-a592-f24052163036
[92mINFO [0m:      Sent reply
[92mINFO [0m:      
[92mINFO [0m:      Received: train message 4bfd9c6b-f363-43d5-8570-baa3ed214da0
[92mINFO [0m:      Sent reply
[92mINFO [0m:      
[92mINFO [0m:      Received: evaluate message b13999cb-6f96-41ba-8303-fac59776de49
[92mINFO [0m:      Sent reply
[92mINFO [0m:      
[92mINFO [0m:      Received: train message b1759f66-ff5b-48da-a21d-d1ad83fa8615
[92mINFO [0m:      Sent reply
[92mINFO [0m:      
[92mINFO [0m:      Received: evaluate message 913b7a7c-1ade-48c1-bd6a-77b650928e94
[92mINFO [0m:      Sent reply
[92mINFO [0m:      
[92mINFO [0m:      Received: train message 5ba097b2-d7a9-4c1a-b7b3-7a0f5d1a530f
[92mINFO [0m:      Sent reply
[92mINFO [0m:      
[92mINFO [0m:      Received: evaluate message 0f853fa3-27f6-4b84-abe7-98f6f62ec4c8
[92mINFO [0m:      Sent reply
[92mINFO [0m:      
[92mINFO [0m:      Received: train message f95b7da8-1bf7-4339-a594-2b5fca36e1d3
[92mINFO [0m:      Sent reply
[92mINFO [0m:      
[92mINFO [0m:      Received: evaluate message 24aee06a-6de8-44a8-b035-5b08cc29f7b0
[92mINFO [0m:      Sent reply
[92mINFO [0m:      
[92mINFO [0m:      Received: train message 7d5bf83d-788c-4c5f-9d1d-66839d84906b
[92mINFO [0m:      Sent reply
[92mINFO [0m:      
[92mINFO [0m:      Received: evaluate message 32897381-4663-4f4e-b1de-2e8d52080711
[92mINFO [0m:      Sent reply
[92mINFO [0m:      
[92mINFO [0m:      Received: train message b767334b-0ea4-4ff2-80af-5cb81f8d848d
[92mINFO [0m:      Sent reply
[92mINFO [0m:      
[92mINFO [0m:      Received: evaluate message cea4a289-21de-4bea-a087-2788b9537ad5
[92mINFO [0m:      Sent reply
[92mINFO [0m:      
[92mINFO [0m:      Received: train message aad6b5e3-7cd9-437f-8bb4-52fa29464a95
[92mINFO [0m:      Sent reply
[92mINFO [0m:      
[92mINFO [0m:      Received: evaluate message 79b1c245-ec38-4427-bddf-03315c254a11
[92mINFO [0m:      Sent reply
[92mINFO [0m:      
[92mINFO [0m:      Received: train message d32078ea-4f50-4f6d-aab5-84e80aec7d2f
[92mINFO [0m:      Sent reply
[92mINFO [0m:      
[92mINFO [0m:      Received: evaluate message 0767d8b2-940d-430b-b763-10785fe6200f
[92mINFO [0m:      Sent reply
[92mINFO [0m:      
[92mINFO [0m:      Received: train message 50f56009-8cea-451d-9008-345169879742
[92mINFO [0m:      Sent reply
[92mINFO [0m:      
[92mINFO [0m:      Received: evaluate message 2751570f-e718-42bf-9fa3-8f2fb52d1629
[92mINFO [0m:      Sent reply
[92mINFO [0m:      
[92mINFO [0m:      Received: train message fe842afe-0b58-4781-8518-804961c10d77
[92mINFO [0m:      Sent reply
[92mINFO [0m:      
[92mINFO [0m:      Received: evaluate message ee208bc7-311f-4e64-b506-e6ac3030cd49
[92mINFO [0m:      Sent reply
[92mINFO [0m:      
[92mINFO [0m:      Received: train message bbcef9b9-dc69-4d01-b04e-d30f859ffb8c
[92mINFO [0m:      Sent reply
[92mINFO [0m:      
[92mINFO [0m:      Received: evaluate message 084ddb16-d3e3-4710-905e-83872ae49288
[92mINFO [0m:      Sent reply
[92mINFO [0m:      
[92mINFO [0m:      Received: train message 1e856a5d-56cc-4421-ae9b-6af4b2f4831c
[92mINFO [0m:      Sent reply
[92mINFO [0m:      
[92mINFO [0m:      Received: evaluate message fc713a13-5656-44b1-8c40-142de9176b91
[92mINFO [0m:      Sent reply
[92mINFO [0m:      
[92mINFO [0m:      Received: train message 1611c649-5939-48c3-9706-b9aa3018b7c8
[92mINFO [0m:      Sent reply
[92mINFO [0m:      
[92mINFO [0m:      Received: evaluate message ac33a954-8aac-4758-adf2-4cdfd3a4dc6c
[92mINFO [0m:      Sent reply
[92mINFO [0m:      
[92mINFO [0m:      Received: train message 75a78c08-51d2-4670-b70c-146a83d56808
[92mINFO [0m:      Sent reply
[92mINFO [0m:      
[92mINFO [0m:      Received: evaluate message b86cfd9e-b890-4cf1-bbda-954b376f9067
[92mINFO [0m:      Sent reply
[92mINFO [0m:      
[92mINFO [0m:      Received: train message 1f4a444f-392d-4aea-8fa2-4824f6f73704
[92mINFO [0m:      Sent reply
[92mINFO [0m:      
[92mINFO [0m:      Received: evaluate message 0938ab9a-f27d-4371-84e7-3a77a9249bf2
[92mINFO [0m:      Sent reply
[92mINFO [0m:      
[92mINFO [0m:      Received: train message cf11e1ef-13ed-479b-8f8b-785b02944298
[92mINFO [0m:      Sent reply
[92mINFO [0m:      
[92mINFO [0m:      Received: evaluate message b90da395-d521-4db5-8fb1-3cb48c0a45cd
[92mINFO [0m:      Sent reply
[92mINFO [0m:      
[92mINFO [0m:      Received: train message c7e25a0a-cc83-4e1a-aea7-9a52692d64ff
[92mINFO [0m:      Sent reply
[92mINFO [0m:      
[92mINFO [0m:      Received: evaluate message 9ef2a32d-e101-40d3-a6f7-49942ea3d353
[92mINFO [0m:      Sent reply
[92mINFO [0m:      
[92mINFO [0m:      Received: train message ea35ecd7-ee34-4528-ade9-2889b50be89f
[92mINFO [0m:      Sent reply
[92mINFO [0m:      
[92mINFO [0m:      Received: evaluate message 5348bf25-c41c-4089-a681-b51049ffbdfc
[92mINFO [0m:      Sent reply
[92mINFO [0m:      
[92mINFO [0m:      Received: train message 5605bda6-e183-4170-94ab-41eef910c118
[92mINFO [0m:      Sent reply
[92mINFO [0m:      
[92mINFO [0m:      Received: evaluate message 86efac0e-7007-41ef-8b82-05bdb69ffa63
[92mINFO [0m:      Sent reply
[92mINFO [0m:      
[92mINFO [0m:      Received: train message 95a33f0c-76c6-45f4-a674-d6cac2302ad0
[92mINFO [0m:      Sent reply
[92mINFO [0m:      
[92mINFO [0m:      Received: evaluate message 285b89a6-a620-426e-a683-0a1eed022cf9
[92mINFO [0m:      Sent reply
[92mINFO [0m:      
[92mINFO [0m:      Received: train message 95185f89-2b83-4571-82c3-ce33d77b875d
[92mINFO [0m:      Sent reply
[92mINFO [0m:      
[92mINFO [0m:      Received: evaluate message e201549a-8081-49b8-8b01-a33544dad91e
[92mINFO [0m:      Sent reply
[92mINFO [0m:      
[92mINFO [0m:      Received: train message 5cf76275-9d11-48e8-8d1c-279a7cb7553a
[92mINFO [0m:      Sent reply
[92mINFO [0m:      
[92mINFO [0m:      Received: evaluate message 407fb170-b0b0-4c1b-9aa6-c5465bff8703
[92mINFO [0m:      Sent reply
[92mINFO [0m:      
[92mINFO [0m:      Received: train message 26ae584c-301e-48f3-a392-e15d22410343
[92mINFO [0m:      Sent reply
[92mINFO [0m:      
[92mINFO [0m:      Received: evaluate message a395ff56-042f-434c-9e47-92c78a429657
[92mINFO [0m:      Sent reply
[92mINFO [0m:      
[92mINFO [0m:      Received: train message bee23212-7911-46e6-9cc0-654e7b7645df
[92mINFO [0m:      Sent reply
[92mINFO [0m:      
[92mINFO [0m:      Received: evaluate message 3071ae66-b1bc-4478-bc26-5a1f6b3f34b9
[92mINFO [0m:      Sent reply
[92mINFO [0m:      
[92mINFO [0m:      Received: train message f3a358a7-578c-4546-bcbd-932378d07367
[92mINFO [0m:      Sent reply
[92mINFO [0m:      
[92mINFO [0m:      Received: evaluate message dda7fd78-3715-4147-9d01-b3f86b9e8b82
[92mINFO [0m:      Sent reply
[92mINFO [0m:      
[92mINFO [0m:      Received: reconnect message c223f336-bd85-4ba5-8399-62cfa9ee374c
[92mINFO [0m:      Disconnect and shut down
