[93mWARNING [0m:   DEPRECATED FEATURE: flwr.client.start_client() is deprecated.
	Instead, use the `flower-supernode` CLI command to start a SuperNode as shown below:

		$ flower-supernode --insecure --superlink='<IP>:<PORT>'

	To view all available options, run:

		$ flower-supernode --help

	Using `start_client()` is deprecated.

            This is a deprecated feature. It will be removed
            entirely in future versions of Flower.
        
[92mINFO [0m:      
[92mINFO [0m:      Received: train message 1affc57d-5530-44e0-9052-101a5d6a05fd
[92mINFO [0m:      Sent reply
[92mINFO [0m:      
[92mINFO [0m:      Received: evaluate message a12e17fa-5271-47f7-aae6-1a7bb53b79a3
[92mINFO [0m:      Sent reply
[92mINFO [0m:      
[92mINFO [0m:      Received: train message fd3e28c9-3dd2-465e-8d55-acd686454d5c
[92mINFO [0m:      Sent reply
[92mINFO [0m:      
[92mINFO [0m:      Received: evaluate message 11178cb3-8249-458d-9a97-e552cd5aa9c5
[92mINFO [0m:      Sent reply
[92mINFO [0m:      
[92mINFO [0m:      Received: train message 7170d3a6-db37-4a1a-88e9-2e25ff69aa53
[92mINFO [0m:      Sent reply
[92mINFO [0m:      
[92mINFO [0m:      Received: evaluate message c4504a4a-e14e-45b6-b3f3-9385ede4d18c
[92mINFO [0m:      Sent reply
[92mINFO [0m:      
[92mINFO [0m:      Received: train message ed55c4b8-7928-40f3-bb31-7378e46cef20
[92mINFO [0m:      Sent reply
[92mINFO [0m:      
[92mINFO [0m:      Received: evaluate message ad9c5a98-ff10-45ec-86bc-0465b171a918
[92mINFO [0m:      Sent reply
[92mINFO [0m:      
[92mINFO [0m:      Received: train message cc844c8a-67c8-4d0a-93be-f34ea675b6ed
[92mINFO [0m:      Sent reply
[92mINFO [0m:      
[92mINFO [0m:      Received: evaluate message aba577f1-96ea-415d-905b-951177f7964c
[92mINFO [0m:      Sent reply
[92mINFO [0m:      
[92mINFO [0m:      Received: train message d550242e-fd07-4ddb-aea6-3b53a76d5119
[92mINFO [0m:      Sent reply
[92mINFO [0m:      
[92mINFO [0m:      Received: evaluate message 3bcce620-d539-43ce-a352-fe1025d2c8b0
[92mINFO [0m:      Sent reply
[92mINFO [0m:      
[92mINFO [0m:      Received: train message 293d98d6-b3b5-4899-b888-d1d956d8cc64
[92mINFO [0m:      Sent reply
[92mINFO [0m:      
[92mINFO [0m:      Received: evaluate message 2b07f5ca-3927-429a-83ac-eec6274901e2
[92mINFO [0m:      Sent reply
[92mINFO [0m:      
[92mINFO [0m:      Received: train message 390506a9-9460-4330-ad4b-180f41b5b308
[92mINFO [0m:      Sent reply
[92mINFO [0m:      
[92mINFO [0m:      Received: evaluate message 0d92c263-12c8-435a-9d79-51ee419df3bd
[92mINFO [0m:      Sent reply
[92mINFO [0m:      
[92mINFO [0m:      Received: train message 78efa184-777d-4015-8774-136cf594b3c6
[92mINFO [0m:      Sent reply
[92mINFO [0m:      
[92mINFO [0m:      Received: evaluate message d5e52ebd-1452-408b-bb3b-ee0d4e9cc1f4
[92mINFO [0m:      Sent reply
[92mINFO [0m:      
[92mINFO [0m:      Received: train message 3628c627-a29d-4a56-99a7-99359c08f940
[92mINFO [0m:      Sent reply
[92mINFO [0m:      
[92mINFO [0m:      Received: evaluate message 20943bd8-0ae6-4ce1-9ce4-4ef6804730b4
[92mINFO [0m:      Sent reply
[92mINFO [0m:      
[92mINFO [0m:      Received: train message 694aaf9c-3d25-4519-b510-32aee6d6a354
[92mINFO [0m:      Sent reply
[92mINFO [0m:      
[92mINFO [0m:      Received: evaluate message f5ec8b6a-3e21-4845-bfd9-91c12b1d88ad
[92mINFO [0m:      Sent reply
[92mINFO [0m:      
[92mINFO [0m:      Received: train message 2ad94479-6afa-4ea6-808c-276f3f2a2935
[92mINFO [0m:      Sent reply
[92mINFO [0m:      
[92mINFO [0m:      Received: evaluate message bdbc64ba-4a01-4e81-9f47-95c16337f039
[92mINFO [0m:      Sent reply
[92mINFO [0m:      
[92mINFO [0m:      Received: train message a72e151a-ac92-4126-a2bd-9a7409294560
[92mINFO [0m:      Sent reply
[92mINFO [0m:      
[92mINFO [0m:      Received: evaluate message 4e17009f-4797-4199-a2b7-17d47072e66b
[92mINFO [0m:      Sent reply
[92mINFO [0m:      
[92mINFO [0m:      Received: train message b1758199-20d0-4739-8ab2-a7a2709cd8bb
[92mINFO [0m:      Sent reply
[92mINFO [0m:      
[92mINFO [0m:      Received: evaluate message b096f43a-df31-4d29-925e-e8b7ae03a43c
[92mINFO [0m:      Sent reply
[92mINFO [0m:      
[92mINFO [0m:      Received: train message 1c7ab071-524d-4e84-bbe7-2b5543a4836f
[92mINFO [0m:      Sent reply
[92mINFO [0m:      
[92mINFO [0m:      Received: evaluate message bd57eb40-af8c-4de9-a9cd-6d520684a20f
[92mINFO [0m:      Sent reply
[92mINFO [0m:      
[92mINFO [0m:      Received: train message 8de75bd9-ab56-42f7-813c-f7cd106e8841
[92mINFO [0m:      Sent reply
[92mINFO [0m:      
[92mINFO [0m:      Received: evaluate message 30c1b028-6750-4d31-b946-f39de6611c67
[92mINFO [0m:      Sent reply
[92mINFO [0m:      
[92mINFO [0m:      Received: train message 9abd130c-8c42-4ffe-a8b5-92ba66af04ee
[92mINFO [0m:      Sent reply
[92mINFO [0m:      
[92mINFO [0m:      Received: evaluate message 1269663f-0ae8-4b24-917f-f16d55e00f74
[92mINFO [0m:      Sent reply
[92mINFO [0m:      
[92mINFO [0m:      Received: train message e7fbabdb-9fdf-4951-8a5d-aed690bb5d0f
[92mINFO [0m:      Sent reply
[92mINFO [0m:      
[92mINFO [0m:      Received: evaluate message 63877d44-108a-427a-8559-1ae2369e962b
[92mINFO [0m:      Sent reply
[92mINFO [0m:      
[92mINFO [0m:      Received: train message 03470371-3329-425b-aedc-5ce2be03c9d2
[92mINFO [0m:      Sent reply
[92mINFO [0m:      
[92mINFO [0m:      Received: evaluate message 9c661817-b82d-431e-9ca4-e7f3c5b54f84
[92mINFO [0m:      Sent reply
[92mINFO [0m:      
[92mINFO [0m:      Received: train message cb48f864-18fa-42ac-94f1-e117a80dc208
[92mINFO [0m:      Sent reply
[92mINFO [0m:      
[92mINFO [0m:      Received: evaluate message 8ad0a351-6945-4329-88b0-bf8f65a2072e
[92mINFO [0m:      Sent reply
[92mINFO [0m:      
[92mINFO [0m:      Received: train message 4581f81d-1e18-486e-8225-fa2066f4923c
[92mINFO [0m:      Sent reply
[92mINFO [0m:      
[92mINFO [0m:      Received: evaluate message a14ca2b8-9748-44fc-b0fb-7c10b045fb97
[92mINFO [0m:      Sent reply
[92mINFO [0m:      
[92mINFO [0m:      Received: train message c87d1d07-1fe2-4931-9fab-cb5cda807d09
[92mINFO [0m:      Sent reply
[92mINFO [0m:      
[92mINFO [0m:      Received: evaluate message 19ecdc6b-8da1-4212-9bd6-f04a8baab7ae
[92mINFO [0m:      Sent reply
[92mINFO [0m:      
[92mINFO [0m:      Received: train message 1d1f4a2b-1815-40df-b42b-ebb8e3c846c4
[92mINFO [0m:      Sent reply
[92mINFO [0m:      
[92mINFO [0m:      Received: evaluate message 1682ecbd-c6b1-41ab-b469-62863a473e7d
[92mINFO [0m:      Sent reply
[92mINFO [0m:      
[92mINFO [0m:      Received: train message 5008c003-cab9-4773-826d-cae164236528
[92mINFO [0m:      Sent reply
[92mINFO [0m:      
[92mINFO [0m:      Received: evaluate message 0c51f4f9-3f36-4e54-aa91-8e3c4c7aa36c
[92mINFO [0m:      Sent reply
[92mINFO [0m:      
[92mINFO [0m:      Received: train message 3820f96a-76e3-41f4-955b-e5f987f7456d
[92mINFO [0m:      Sent reply
[92mINFO [0m:      
[92mINFO [0m:      Received: evaluate message d4abdcf3-65bb-42e9-b8fb-d3022267600c
[92mINFO [0m:      Sent reply
[92mINFO [0m:      
[92mINFO [0m:      Received: train message ca5af716-bc9a-431f-abc3-eae780dcab0b
[92mINFO [0m:      Sent reply
[92mINFO [0m:      
[92mINFO [0m:      Received: evaluate message 0bc68ed3-afd4-407b-bd31-37cb3c299887
[92mINFO [0m:      Sent reply
[92mINFO [0m:      
[92mINFO [0m:      Received: train message d36227d6-0120-4e33-9a8d-7d34352e76dd
[92mINFO [0m:      Sent reply
[92mINFO [0m:      
[92mINFO [0m:      Received: evaluate message 3bd59f0f-6820-41fa-96af-92e8a6cd3726
[92mINFO [0m:      Sent reply
[92mINFO [0m:      
[92mINFO [0m:      Received: train message b548a7f0-ff10-4eb7-b2f3-ebbe9c239a73
[92mINFO [0m:      Sent reply
[92mINFO [0m:      
[92mINFO [0m:      Received: evaluate message b6ab31ab-f819-4d86-b532-f3fc14ba5424
[92mINFO [0m:      Sent reply
[92mINFO [0m:      
[92mINFO [0m:      Received: train message b70f2961-ba9f-4f75-bfbf-86be32a11653
[92mINFO [0m:      Sent reply
[92mINFO [0m:      
[92mINFO [0m:      Received: evaluate message 49123f0d-b2df-42a4-8967-574ea41e2cf3
[92mINFO [0m:      Sent reply
[92mINFO [0m:      
[92mINFO [0m:      Received: train message 0c792a3e-3a9b-4e26-9290-0c962f998742
[92mINFO [0m:      Sent reply
[92mINFO [0m:      
[92mINFO [0m:      Received: evaluate message 7414900b-9507-49f2-a60c-f0088fc0e8d8
[92mINFO [0m:      Sent reply
[92mINFO [0m:      
[92mINFO [0m:      Received: train message 209a1923-2901-4345-aeb8-30df14b970ea
[92mINFO [0m:      Sent reply
[92mINFO [0m:      
[92mINFO [0m:      Received: evaluate message 0e6f158b-570e-4aa3-8fb8-b85e825f806d
[92mINFO [0m:      Sent reply
[92mINFO [0m:      
[92mINFO [0m:      Received: train message bc607e94-e45a-4940-9d16-6be57ce8828d
[92mINFO [0m:      Sent reply
[92mINFO [0m:      
[92mINFO [0m:      Received: evaluate message 94d9e504-0907-462e-8272-f6e4ccebde2e
[92mINFO [0m:      Sent reply
[92mINFO [0m:      
[92mINFO [0m:      Received: train message b33dd3dd-fba5-4863-8cad-ea12fb23ae43
[92mINFO [0m:      Sent reply
[92mINFO [0m:      
[92mINFO [0m:      Received: evaluate message 54a72bee-65d6-4a99-9bd2-0670f95e2c2e
[92mINFO [0m:      Sent reply
[92mINFO [0m:      
[92mINFO [0m:      Received: train message 6b6e3c51-5998-49b7-ab6e-477f2b7db67e
[92mINFO [0m:      Sent reply
[92mINFO [0m:      
[92mINFO [0m:      Received: evaluate message 7690f5b9-c35f-4ef8-96bd-ebbbfe1c096d
[92mINFO [0m:      Sent reply
[92mINFO [0m:      
[92mINFO [0m:      Received: train message 9c99013f-b1d7-4362-ac34-380352cb4756
[92mINFO [0m:      Sent reply
[92mINFO [0m:      
[92mINFO [0m:      Received: evaluate message 871ea3b2-64a6-44a7-8d49-d9c656370e72
[92mINFO [0m:      Sent reply
[92mINFO [0m:      
[92mINFO [0m:      Received: train message 8b67f6d0-bc74-428d-9aa7-88381c33df0d
[92mINFO [0m:      Sent reply
[92mINFO [0m:      
[92mINFO [0m:      Received: evaluate message 77236046-8201-4a41-a2a4-6ede323aeffe
[92mINFO [0m:      Sent reply
[92mINFO [0m:      
[92mINFO [0m:      Received: train message d860e63e-21b2-4772-bc58-0daf4fb7aa2c
[92mINFO [0m:      Sent reply
[92mINFO [0m:      
[92mINFO [0m:      Received: evaluate message ff32dad6-fc25-4092-81e3-ee57b0c5d6d0
[92mINFO [0m:      Sent reply
[92mINFO [0m:      
[92mINFO [0m:      Received: train message c2044414-bcb3-4618-8b92-d18a2b760345
[92mINFO [0m:      Sent reply
[92mINFO [0m:      
[92mINFO [0m:      Received: evaluate message 6bacd33c-08cc-4520-bd1f-07442e60ca3a
[92mINFO [0m:      Sent reply
[92mINFO [0m:      
[92mINFO [0m:      Received: train message 69bb47e4-5a5b-41ad-8d20-43e3f850c59b
[92mINFO [0m:      Sent reply
[92mINFO [0m:      
[92mINFO [0m:      Received: evaluate message e381cf9b-57a4-48cd-9a0f-ba4bdc8a9156
[92mINFO [0m:      Sent reply
[92mINFO [0m:      
[92mINFO [0m:      Received: train message 8ce25aea-d92e-41c0-837d-49ee653c6492
[92mINFO [0m:      Sent reply
[92mINFO [0m:      
[92mINFO [0m:      Received: evaluate message e48324a2-00b4-4be4-a273-5f18013dde4c
[92mINFO [0m:      Sent reply
[92mINFO [0m:      
[92mINFO [0m:      Received: train message 8b9a40d8-4db5-4498-bdf1-3d59927a088e
[92mINFO [0m:      Sent reply
[92mINFO [0m:      
[92mINFO [0m:      Received: evaluate message bab627f5-047d-4fb5-bbd0-239b9887fd88
[92mINFO [0m:      Sent reply
[92mINFO [0m:      
[92mINFO [0m:      Received: train message 3be39edf-babc-4d16-91f1-df1dcab84f93
[92mINFO [0m:      Sent reply
[92mINFO [0m:      
[92mINFO [0m:      Received: evaluate message b4aa93b3-1010-4807-9fca-9a8b182676d2
[92mINFO [0m:      Sent reply
[92mINFO [0m:      
[92mINFO [0m:      Received: train message fd9fc148-3fd2-49e7-bab4-85e1828f7fed
[92mINFO [0m:      Sent reply
[92mINFO [0m:      
[92mINFO [0m:      Received: evaluate message 9f408aef-c640-4256-ad02-2bdb1e3a3357
[92mINFO [0m:      Sent reply
[92mINFO [0m:      
[92mINFO [0m:      Received: train message 3022650b-ed5f-4676-a701-6277c9c0754d
[92mINFO [0m:      Sent reply
[92mINFO [0m:      
[92mINFO [0m:      Received: evaluate message aa8368e8-1c9b-451d-af91-9e6c2a9e1018
[92mINFO [0m:      Sent reply
[92mINFO [0m:      
[92mINFO [0m:      Received: train message 3768a6ae-9537-4990-88fb-0a1476d0119d
[92mINFO [0m:      Sent reply
[92mINFO [0m:      
[92mINFO [0m:      Received: evaluate message 746d4e2b-6ac9-4745-8b8a-5d22461a39b7
[92mINFO [0m:      Sent reply
[92mINFO [0m:      
[92mINFO [0m:      Received: train message f35c45c4-b4f1-49d8-bb5e-ec0dde866e85
[92mINFO [0m:      Sent reply
[92mINFO [0m:      
[92mINFO [0m:      Received: evaluate message 58c72049-d579-453f-975c-e689858be2e7
[92mINFO [0m:      Sent reply
[92mINFO [0m:      
[92mINFO [0m:      Received: train message 2b1c1829-d376-4a46-bd47-d2026de13331
[92mINFO [0m:      Sent reply
[92mINFO [0m:      
[92mINFO [0m:      Received: evaluate message 609d728d-8f3b-47c4-a339-f6e50136d657
[92mINFO [0m:      Sent reply
[92mINFO [0m:      
[92mINFO [0m:      Received: train message 90f9c612-175a-410a-bdf7-5c3cc813eea6
[92mINFO [0m:      Sent reply
[92mINFO [0m:      
[92mINFO [0m:      Received: evaluate message 8896bb38-2c88-4018-9c02-f3929eac48a5
[92mINFO [0m:      Sent reply
[92mINFO [0m:      
[92mINFO [0m:      Received: train message 84f748e9-8a75-43f6-a256-73ed09c29892
[92mINFO [0m:      Sent reply
[92mINFO [0m:      
[92mINFO [0m:      Received: evaluate message 9fba1e95-6887-4666-82fe-1510c2558a9c
[92mINFO [0m:      Sent reply
[92mINFO [0m:      
[92mINFO [0m:      Received: train message 80324fc9-85bb-43f3-ae5b-5a2fab752ebe
[92mINFO [0m:      Sent reply
[92mINFO [0m:      
[92mINFO [0m:      Received: evaluate message b321dc2b-f582-47f8-b2e4-71b800af3b8c
[92mINFO [0m:      Sent reply
[92mINFO [0m:      
[92mINFO [0m:      Received: reconnect message 671d15d1-3355-4c82-9d67-c10b93068320
[92mINFO [0m:      Disconnect and shut down
