[93mWARNING [0m:   DEPRECATED FEATURE: flwr.client.start_client() is deprecated.
	Instead, use the `flower-supernode` CLI command to start a SuperNode as shown below:

		$ flower-supernode --insecure --superlink='<IP>:<PORT>'

	To view all available options, run:

		$ flower-supernode --help

	Using `start_client()` is deprecated.

            This is a deprecated feature. It will be removed
            entirely in future versions of Flower.
        
[92mINFO [0m:      
[92mINFO [0m:      Received: train message 080f11f7-4f3e-4c5f-9388-27b0d7331c86
[92mINFO [0m:      Sent reply
[92mINFO [0m:      
[92mINFO [0m:      Received: evaluate message 7d3523b4-c9b8-4893-9a1c-c21639ed4d23
[92mINFO [0m:      Sent reply
[92mINFO [0m:      
[92mINFO [0m:      Received: train message 2969eef5-45ff-4ae9-98dc-a06f68adacb3
[92mINFO [0m:      Sent reply
[92mINFO [0m:      
[92mINFO [0m:      Received: evaluate message 571f71b6-5cbd-4843-aeab-12bde3da6325
[92mINFO [0m:      Sent reply
[92mINFO [0m:      
[92mINFO [0m:      Received: train message 9ffd799d-627f-4a97-b40f-64360691f1ec
[92mINFO [0m:      Sent reply
[92mINFO [0m:      
[92mINFO [0m:      Received: evaluate message 91ce0dd4-7b26-481e-a2a0-81f7ada818f6
[92mINFO [0m:      Sent reply
[92mINFO [0m:      
[92mINFO [0m:      Received: train message 56c56a00-afa7-40af-b597-b8ab6867511b
[92mINFO [0m:      Sent reply
[92mINFO [0m:      
[92mINFO [0m:      Received: evaluate message ea48888c-dd22-47fc-98c7-5c16349f356c
[92mINFO [0m:      Sent reply
[92mINFO [0m:      
[92mINFO [0m:      Received: train message beb4c955-53f5-4c4e-9606-d9b75756788f
[92mINFO [0m:      Sent reply
[92mINFO [0m:      
[92mINFO [0m:      Received: evaluate message 8df9543d-3afd-42e5-9c64-e6c1350e2af4
[92mINFO [0m:      Sent reply
[92mINFO [0m:      
[92mINFO [0m:      Received: train message 9dc67948-68db-4926-8b7d-3da73bbd3533
[92mINFO [0m:      Sent reply
[92mINFO [0m:      
[92mINFO [0m:      Received: evaluate message 20a01457-e6de-4336-b7f1-2a9d06cbd7d5
[92mINFO [0m:      Sent reply
[92mINFO [0m:      
[92mINFO [0m:      Received: train message 990fc3c1-1b90-479f-abab-4756c916d90d
[92mINFO [0m:      Sent reply
[92mINFO [0m:      
[92mINFO [0m:      Received: evaluate message 5cf25e90-5dfe-47e9-b666-8cecdab8e535
[92mINFO [0m:      Sent reply
[92mINFO [0m:      
[92mINFO [0m:      Received: train message 4e4cc0ed-1e6e-43b4-8bcb-47f3ddc495e8
[92mINFO [0m:      Sent reply
[92mINFO [0m:      
[92mINFO [0m:      Received: evaluate message 28eb4e86-91da-48ab-ad4b-3326105ce01d
[92mINFO [0m:      Sent reply
[92mINFO [0m:      
[92mINFO [0m:      Received: train message 3517b5c0-b515-4cca-802d-201a2a033228
[92mINFO [0m:      Sent reply
[92mINFO [0m:      
[92mINFO [0m:      Received: evaluate message 72e5a320-1421-4982-9abb-2dacce7c2185
[92mINFO [0m:      Sent reply
[92mINFO [0m:      
[92mINFO [0m:      Received: train message 5a7b1cbc-52bc-4e55-a56d-7d2a45dded51
[92mINFO [0m:      Sent reply
[92mINFO [0m:      
[92mINFO [0m:      Received: evaluate message 5a36c0fa-2bb2-41d8-9b01-90521de5db8f
[92mINFO [0m:      Sent reply
[92mINFO [0m:      
[92mINFO [0m:      Received: train message 2f6ebdf2-b69a-4e21-901d-379be54858e7
[92mINFO [0m:      Sent reply
[92mINFO [0m:      
[92mINFO [0m:      Received: evaluate message 8cb18926-c79a-405b-8a1f-7fa5e2cd9590
[92mINFO [0m:      Sent reply
[92mINFO [0m:      
[92mINFO [0m:      Received: train message c4ac99e7-533d-450c-abb0-7df74c23756c
[92mINFO [0m:      Sent reply
[92mINFO [0m:      
[92mINFO [0m:      Received: evaluate message 38f0c7e6-f91e-40ed-b4f7-6c1126c3ad4c
[92mINFO [0m:      Sent reply
[92mINFO [0m:      
[92mINFO [0m:      Received: train message f2c039f9-3cab-46d0-85aa-c7849f4b7b75
[92mINFO [0m:      Sent reply
[92mINFO [0m:      
[92mINFO [0m:      Received: evaluate message f4e38d6c-70b2-4af1-b68a-428035bbe14a
[92mINFO [0m:      Sent reply
[92mINFO [0m:      
[92mINFO [0m:      Received: train message eb11a506-171a-4c02-898e-f221ea202fe6
[92mINFO [0m:      Sent reply
[92mINFO [0m:      
[92mINFO [0m:      Received: evaluate message 624fc108-4eb1-492f-9db0-190f0a70675e
[92mINFO [0m:      Sent reply
[92mINFO [0m:      
[92mINFO [0m:      Received: train message 686e0ed8-61f7-4bb3-84e7-da2e362a978a
[92mINFO [0m:      Sent reply
[92mINFO [0m:      
[92mINFO [0m:      Received: evaluate message 024888dd-a81e-4bf8-821b-307a3f0c5396
[92mINFO [0m:      Sent reply
[92mINFO [0m:      
[92mINFO [0m:      Received: train message 587a2040-d695-46c2-b3c9-28a9d7df86b5
[92mINFO [0m:      Sent reply
[92mINFO [0m:      
[92mINFO [0m:      Received: evaluate message 52c8704d-0b7c-443a-9510-70133313c099
[92mINFO [0m:      Sent reply
[92mINFO [0m:      
[92mINFO [0m:      Received: train message 2ef2a166-f137-4156-b6c0-273720d06291
[92mINFO [0m:      Sent reply
[92mINFO [0m:      
[92mINFO [0m:      Received: evaluate message 2eba0bf5-396f-4747-bee7-1ec929139df3
[92mINFO [0m:      Sent reply
[92mINFO [0m:      
[92mINFO [0m:      Received: train message 7304e952-4757-4df8-83f4-fae5cfe3da42
[92mINFO [0m:      Sent reply
[92mINFO [0m:      
[92mINFO [0m:      Received: evaluate message 598c4225-e8fe-429b-ba18-9a3f6458050a
[92mINFO [0m:      Sent reply
[92mINFO [0m:      
[92mINFO [0m:      Received: train message d7653012-409e-4dd4-9fd7-c4c909baf4cb
[92mINFO [0m:      Sent reply
[92mINFO [0m:      
[92mINFO [0m:      Received: evaluate message 5638ec9a-898d-46f9-a564-95c84dfffd62
[92mINFO [0m:      Sent reply
[92mINFO [0m:      
[92mINFO [0m:      Received: train message 8e2e9100-6d70-4b0a-9794-f32630de00cd
[92mINFO [0m:      Sent reply
[92mINFO [0m:      
[92mINFO [0m:      Received: evaluate message bcbc8191-26be-4f55-beb4-2dd70d6518ab
[92mINFO [0m:      Sent reply
[92mINFO [0m:      
[92mINFO [0m:      Received: train message 7bb681fd-ecc2-4cb8-8fef-c03223bd3a86
[92mINFO [0m:      Sent reply
[92mINFO [0m:      
[92mINFO [0m:      Received: evaluate message 27e0152e-1004-4ceb-9a64-aab287c8bc17
[92mINFO [0m:      Sent reply
[92mINFO [0m:      
[92mINFO [0m:      Received: train message 5d300cce-0877-4f2c-83b8-8d8eb7676728
[92mINFO [0m:      Sent reply
[92mINFO [0m:      
[92mINFO [0m:      Received: evaluate message 2a074c7e-4ee7-4b7d-b61d-5249f2093f15
[92mINFO [0m:      Sent reply
[92mINFO [0m:      
[92mINFO [0m:      Received: train message c7310849-59ba-4a0e-a714-c2608fd40c98
[92mINFO [0m:      Sent reply
[92mINFO [0m:      
[92mINFO [0m:      Received: evaluate message 863ce6aa-c227-4c07-8d5e-51fa3988bf9d
[92mINFO [0m:      Sent reply
[92mINFO [0m:      
[92mINFO [0m:      Received: train message be14fb09-fc9d-4b48-b14c-879ebd8c3840
[92mINFO [0m:      Sent reply
[92mINFO [0m:      
[92mINFO [0m:      Received: evaluate message 291a3669-2e44-417a-ba71-e02f292839e9
[92mINFO [0m:      Sent reply
[92mINFO [0m:      
[92mINFO [0m:      Received: train message 4854beb4-19f6-4bae-a6bb-5be4dd70813f
[92mINFO [0m:      Sent reply
[92mINFO [0m:      
[92mINFO [0m:      Received: evaluate message dcd3bb6e-eb0d-43ed-a9ac-6cc8272c5a9d
[92mINFO [0m:      Sent reply
[92mINFO [0m:      
[92mINFO [0m:      Received: train message 9b405f37-ac87-48f5-9275-3743004b1359
[92mINFO [0m:      Sent reply
[92mINFO [0m:      
[92mINFO [0m:      Received: evaluate message 4459736c-bf87-4756-bb7d-e81d66889cbf
[92mINFO [0m:      Sent reply
[92mINFO [0m:      
[92mINFO [0m:      Received: train message b00dc347-2e42-4325-89ba-63f12c509582
[92mINFO [0m:      Sent reply
[92mINFO [0m:      
[92mINFO [0m:      Received: evaluate message 99a473d2-669f-46d5-a785-de3097051c33
[92mINFO [0m:      Sent reply
[92mINFO [0m:      
[92mINFO [0m:      Received: train message 7b5caf43-3893-4a6f-8d83-11806261e351
[92mINFO [0m:      Sent reply
[92mINFO [0m:      
[92mINFO [0m:      Received: evaluate message af14e3f2-e8f7-4572-b42d-b05fd97ed5d5
[92mINFO [0m:      Sent reply
[92mINFO [0m:      
[92mINFO [0m:      Received: train message ea9d7990-8886-4567-aa74-fb68b5751615
[92mINFO [0m:      Sent reply
[92mINFO [0m:      
[92mINFO [0m:      Received: evaluate message 2c55e94e-9ace-4618-b6b0-aa957a89fe03
[92mINFO [0m:      Sent reply
[92mINFO [0m:      
[92mINFO [0m:      Received: train message d948e9a1-ef3f-4353-967c-932a5acac681
[92mINFO [0m:      Sent reply
[92mINFO [0m:      
[92mINFO [0m:      Received: evaluate message 6eb7208e-172e-4968-a553-991b5826a77a
[92mINFO [0m:      Sent reply
[92mINFO [0m:      
[92mINFO [0m:      Received: train message 33fbc44d-284c-4e34-a8e4-3f923a218d0f
[92mINFO [0m:      Sent reply
[92mINFO [0m:      
[92mINFO [0m:      Received: evaluate message 0c1c8052-5009-4f50-9fee-044b5b84b26f
[92mINFO [0m:      Sent reply
[92mINFO [0m:      
[92mINFO [0m:      Received: train message cc945e97-0e85-4513-92da-455929d07b06
[92mINFO [0m:      Sent reply
[92mINFO [0m:      
[92mINFO [0m:      Received: evaluate message 60d9c0e9-83d9-4f2c-bdcd-1d9095b2738f
[92mINFO [0m:      Sent reply
[92mINFO [0m:      
[92mINFO [0m:      Received: train message d29f83cb-b138-4065-a1ac-e44bd2f9d6c3
[92mINFO [0m:      Sent reply
[92mINFO [0m:      
[92mINFO [0m:      Received: evaluate message 92b61a28-a09d-40f8-a7ab-20848bc3a92b
[92mINFO [0m:      Sent reply
[92mINFO [0m:      
[92mINFO [0m:      Received: train message 5d739535-cc1f-4488-b5f4-c3af3f7f619b
[92mINFO [0m:      Sent reply
[92mINFO [0m:      
[92mINFO [0m:      Received: evaluate message 98f8d56a-6b04-4a3b-99fa-76d5beaa3db2
[92mINFO [0m:      Sent reply
[92mINFO [0m:      
[92mINFO [0m:      Received: train message 78f1eb8e-d19c-475c-887a-c3c06a07c849
[92mINFO [0m:      Sent reply
[92mINFO [0m:      
[92mINFO [0m:      Received: evaluate message f33f7114-496a-427c-95a5-e80a7d25375a
[92mINFO [0m:      Sent reply
[92mINFO [0m:      
[92mINFO [0m:      Received: train message fd377e01-e9c3-415d-b637-2027153198ee
[92mINFO [0m:      Sent reply
[92mINFO [0m:      
[92mINFO [0m:      Received: evaluate message 4b4dd62c-ba96-47a4-9c8f-1cfb0de8807c
[92mINFO [0m:      Sent reply
[92mINFO [0m:      
[92mINFO [0m:      Received: train message 1139f900-b70d-43ba-aa30-a1c2babf4444
[92mINFO [0m:      Sent reply
[92mINFO [0m:      
[92mINFO [0m:      Received: evaluate message cdfb828e-e0c3-4a58-be0f-1d7f8e177d4d
[92mINFO [0m:      Sent reply
[92mINFO [0m:      
[92mINFO [0m:      Received: train message fd61dac9-d9b5-47df-8dba-22f6edb02256
[92mINFO [0m:      Sent reply
[92mINFO [0m:      
[92mINFO [0m:      Received: evaluate message 00552079-87c0-4c0b-9ad5-36846a4cf003
[92mINFO [0m:      Sent reply
[92mINFO [0m:      
[92mINFO [0m:      Received: train message 819e9fff-c121-4dda-9a11-82019072bb97
[92mINFO [0m:      Sent reply
[92mINFO [0m:      
[92mINFO [0m:      Received: evaluate message cb26b69c-aaf9-4a5f-b833-7875a753df41
[92mINFO [0m:      Sent reply
[92mINFO [0m:      
[92mINFO [0m:      Received: train message dfdc0c6d-74b6-411d-98db-a84619e29aad
[92mINFO [0m:      Sent reply
[92mINFO [0m:      
[92mINFO [0m:      Received: evaluate message 97ff1252-116f-4a7b-a481-6d53ef521891
[92mINFO [0m:      Sent reply
[92mINFO [0m:      
[92mINFO [0m:      Received: train message 3b56d6e0-9733-478e-a17e-f2358d279e5b
[92mINFO [0m:      Sent reply
[92mINFO [0m:      
[92mINFO [0m:      Received: evaluate message 6cb90762-3b89-477b-bc75-6b11a1184535
[92mINFO [0m:      Sent reply
[92mINFO [0m:      
[92mINFO [0m:      Received: train message 64325dd9-29a0-45a7-86c7-70425e13c662
[92mINFO [0m:      Sent reply
[92mINFO [0m:      
[92mINFO [0m:      Received: evaluate message 6da004ed-7615-4a7d-9936-191dc5605cb7
[92mINFO [0m:      Sent reply
[92mINFO [0m:      
[92mINFO [0m:      Received: train message 1ea77bb8-7310-4fd1-9d64-7966a0b8a9fc
[92mINFO [0m:      Sent reply
[92mINFO [0m:      
[92mINFO [0m:      Received: evaluate message 9ce1aa1f-d7a7-4ec5-a767-90e284790a7b
[92mINFO [0m:      Sent reply
[92mINFO [0m:      
[92mINFO [0m:      Received: train message c67d7b31-ecde-4fb3-a30b-823ac5848084
[92mINFO [0m:      Sent reply
[92mINFO [0m:      
[92mINFO [0m:      Received: evaluate message 83075196-57d9-4296-9d6d-4c0231e4054e
[92mINFO [0m:      Sent reply
[92mINFO [0m:      
[92mINFO [0m:      Received: train message 86f22ae4-968a-4e3d-9eef-31f4db24be3d
[92mINFO [0m:      Sent reply
[92mINFO [0m:      
[92mINFO [0m:      Received: evaluate message 2248bd45-858f-4b92-a0a7-c290f92594ee
[92mINFO [0m:      Sent reply
[92mINFO [0m:      
[92mINFO [0m:      Received: train message 40347992-2ac8-410c-b311-c926320cad9e
[92mINFO [0m:      Sent reply
[92mINFO [0m:      
[92mINFO [0m:      Received: evaluate message c82143d3-4fb6-48bc-ac1c-0311d64f55d0
[92mINFO [0m:      Sent reply
[92mINFO [0m:      
[92mINFO [0m:      Received: train message 6209dce3-5017-4a1f-8e1d-1560b3e5b8b2
[92mINFO [0m:      Sent reply
[92mINFO [0m:      
[92mINFO [0m:      Received: evaluate message 5811ade4-30b3-4811-9a43-f6094ff6ce18
[92mINFO [0m:      Sent reply
[92mINFO [0m:      
[92mINFO [0m:      Received: train message 68e8beeb-4ea4-4497-97ce-ccfc3c1de813
[92mINFO [0m:      Sent reply
[92mINFO [0m:      
[92mINFO [0m:      Received: evaluate message 40911ca1-00ea-4344-85e6-6cef5cee3558
[92mINFO [0m:      Sent reply
[92mINFO [0m:      
[92mINFO [0m:      Received: train message f5efa085-bc8d-4da0-858c-8e210acae1fb
[92mINFO [0m:      Sent reply
[92mINFO [0m:      
[92mINFO [0m:      Received: evaluate message de6eeaec-5e44-4b8b-82e7-6b59df5a0054
[92mINFO [0m:      Sent reply
[92mINFO [0m:      
[92mINFO [0m:      Received: train message 42665013-18e8-4d33-9320-608fa1c11951
[92mINFO [0m:      Sent reply
[92mINFO [0m:      
[92mINFO [0m:      Received: evaluate message e28082c6-e3c9-4182-80f4-99f53da051bf
[92mINFO [0m:      Sent reply
[92mINFO [0m:      
[92mINFO [0m:      Received: reconnect message 3223943f-6bc4-47b6-9ebe-fe3f4e11c7f2
[92mINFO [0m:      Disconnect and shut down
